ARM GAS  /tmp/cc3H7CyJ.s 			page 1


   1              		.cpu cortex-m4
   2              		.eabi_attribute 27, 1
   3              		.eabi_attribute 20, 1
   4              		.eabi_attribute 21, 1
   5              		.eabi_attribute 23, 3
   6              		.eabi_attribute 24, 1
   7              		.eabi_attribute 25, 1
   8              		.eabi_attribute 26, 1
   9              		.eabi_attribute 30, 2
  10              		.eabi_attribute 34, 1
  11              		.eabi_attribute 18, 4
  12              		.file	"chtm.c"
  13              		.section	.gnu.lto_.profile.e91014ecdbebfb4e,"e",%progbits
  14 0000 789CE360 		.ascii	"x\234\343``\004B \000\000\000]\000\013"
  14      60044220 
  14      0000005D 
  14      000B
  15              		.text
  16              		.section	.gnu.lto_.icf.e91014ecdbebfb4e,"e",%progbits
  17 0000 789CE360 		.ascii	"x\234\343``d\220b@\000\026\206\336\346\231k9\031W\335"
  17      60649062 
  17      40001686 
  17      DEE6996B 
  17      391957DD 
  18 0014 FFFF9695 		.ascii	"\377\377\226\225i\355\341\231w9Y\276=y\272\230\235\001"
  18      69EDE199 
  18      773959BE 
  18      3D79BA98 
  18      9D01
  19 0026 00A25A0C 		.ascii	"\000\242Z\014`"
  19      60
  20              		.text
  21              		.section	.gnu.lto_.jmpfuncs.e91014ecdbebfb4e,"e",%progbits
  22 0000 789CE360 		.ascii	"x\234\343``dPg@\000\026\006FF\306\372\371\314 \012L"
  22      60645067 
  22      40001606 
  22      4646C6FA 
  22      F9CC200A 
  23 0015 33416916 		.ascii	"3Ai\026 \203\031\304\000a\006\000p\365\005\361"
  23      208319C4 
  23      00610600 
  23      70F505F1 
  24              		.text
  25              		.section	.gnu.lto_.inline.e91014ecdbebfb4e,"e",%progbits
  26 0000 789C7D8F 		.ascii	"x\234}\217\313\021\3020\014DWk\007\314L\016\031N\300"
  26      CB11C230 
  26      0C44576B 
  26      07CC4C0E 
  26      194EC0
  27 0013 C95D7075 		.ascii	"\311]pu)\031\362\241\215\224@\011\224B)\224@\011\310"
  27      2919F2A1 
  27      8D944009 
  27      94422994 
  27      4009C8
  28 0026 32896FE8 		.ascii	"2\211o\350 k\327o\254u\200\340*\330\312\003\207E\213"
  28      206BD76F 
  28      AC7580E0 
ARM GAS  /tmp/cc3H7CyJ.s 			page 2


  28      2AD8CA03 
  28      87458B
  29 0039 B380BB3C 		.ascii	"\263\200\273<\271\021h\365|q\"\230\031Ac\310\004\320"
  29      B91168F5 
  29      7C712298 
  29      194163C8 
  29      04D0
  30 004b 1932007B 		.ascii	"\0312\000{C\306\037B\234U\177xG\203(p\275\365\204\244"
  30      43C61F42 
  30      9C557F78 
  30      47832870 
  30      BDF584A4 
  31 005f 7D1113D1 		.ascii	"}\021\023\321:\332\223\201sY\362,K\304\336\277\021\236"
  31      3ADA9381 
  31      7359F22C 
  31      4BC4DEBF 
  31      119E
  32 0071 5837F8EA 		.ascii	"X7\370\352\206\215@\000m\032\210\216\353\214\256\262"
  32      868D4000 
  32      6D1A888E 
  32      EB8CAEB2 
  33 0081 B1B2B1BA 		.ascii	"\261\262\261\272\251\272\251|;\307xk\336\022\256\367"
  33      A9BAA97C 
  33      3BC7786B 
  33      DE12AEF7 
  34 0091 17D50FA7 		.ascii	"\027\325\017\247\261\216\371\302\375\211\225\353\013"
  34      B18EF9C2 
  34      FD8995EB 
  34      0B
  35 009e 442740C7 		.ascii	"D'@\307"
  36              		.text
  37              		.section	.gnu.lto_.pureconst.e91014ecdbebfb4e,"e",%progbits
  38 0000 789CE360 		.ascii	"x\234\343``d\340e```a\230\305\3028\213\205i\026\013"
  38      6064E065 
  38      60606061 
  38      98C5C238 
  38      8B856916 
  39 0015 CB2C1600 		.ascii	"\313,\026\000\021\376\002\232"
  39      11FE029A 
  40              		.text
  41              		.section	.gnu.lto_chTMObjectInit.e91014ecdbebfb4e,"e",%progbits
  42 0000 789C9D92 		.ascii	"x\234\235\222\337K\024Q\024\307\317w\3168;\231\332\253"
  42      DF4B1451 
  42      14C7CF77 
  42      CE383B99 
  42      DAAB
  43 0012 24C13E44 		.ascii	"$\301>D\262\020;\373'\004B\257>\364\037\270,\254\224"
  43      B2103BFB 
  43      270442AF 
  43      3EF41FB8 
  43      2CAC94
  44 0025 15EBBE7B 		.ascii	"\025\353\276{wC}0\015$\331|\220\021b\020\363WAD\265"
  44      77437D30 
  44      0D24D97C 
  44      90116210 
  44      F3574144 
  45 003a DB3699BF 		.ascii	"\3336\231\277\323\027\361EC\205\202\020\241\204\360"
ARM GAS  /tmp/cc3H7CyJ.s 			page 3


  45      D317F145 
  45      43858210 
  45      A184F0
  46 0049 C197B473 		.ascii	"\301\227\264s\357Z\332c{\230\013\367\314=\347\363\375"
  46      EF5ADA63 
  46      7B980BF7 
  46      CC3DE7F3 
  46      FD
  47 005a 9E99EB12 		.ascii	"\236\231\353\022\250d\021]'\242+\262\300\004K)u#\222"
  47      A864115D 
  47      27A22BB2 
  47      C0044B29 
  47      752392
  48 006d 732DC0EC 		.ascii	"s-\300\354\224\013\352\262\320\205G\\`\314\366~{c\305"
  48      940BEAB2 
  48      D085475C 
  48      60CCF67E 
  48      7B63C5
  49 0080 C6E44485 		.ascii	"\306\344D\205\205\262\323\243\272\033}&\032\226U\011"
  49      85B2D3A3 
  49      BA1B7D26 
  49      1A965509 
  50 0090 BC454CEA 		.ascii	"\274EL\352v\362#Gu\003\3543`K\372x\345\345r\255N-D%"
  50      76F22347 
  50      7503EC33 
  50      604BFA78 
  50      E5E572AD 
  51 00a8 DDDFFAFC 		.ascii	"\335\337\372\374\352\"\307@\262\337(\014\316\3245\007"
  51      EA22C740 
  51      B2DF280C 
  51      CED43507 
  52 00b8 4AE555B8 		.ascii	"J\345U\270\032\260\272\3523\343\035X\220(\241\011E4"
  52      1AB0BAEA 
  52      33E31D58 
  52      9028A109 
  52      4534
  53 00ca 11C93B41 		.ascii	"\021\311;A\227\321L\272\345\313\213\343\241z\307>U\305"
  53      97D14CBA 
  53      E5CB8BE3 
  53      A17AC73E 
  53      55C5
  54 00dc 7B383207 		.ascii	"{82\007\321\314zM\250\216OzUx\030`\373\246\236\300t"
  54      D1CC7A4D 
  54      A88E4F7A 
  54      55781860 
  54      FBA69EC0 
  55 00f1 F43169BF 		.ascii	"\3641i\2776TH\364\220\255J\222\223d\037\371\237{\343"
  55      365448F4 
  55      90AD4A92 
  55      93641FF9 
  55      9F7BE3
  56 0104 5F6B3542 		.ascii	"_k5B\270\003\017\016v\\\355\222\215\263p\353\371fC\200"
  56      B8030F0E 
  56      765CED92 
  56      8DB370EB 
  56      F9664380 
  57 0118 A739A91F 		.ascii	"\2479\251\037\275\354\263=\"\366CmG\016s\376\356k'1"
ARM GAS  /tmp/cc3H7CyJ.s 			page 4


  57      BDECB33D 
  57      22F6436D 
  57      470E73FE 
  57      EE6B2731 
  58 012c AD59519F 		.ascii	"\255YQ\237k\360\001\001\236T\374\314\"!\005\245\236"
  58      6BF00101 
  58      9E54FCCC 
  58      222105A5 
  58      9E
  59 013d 5FE58886 		.ascii	"_\345\210\20698\221\270\204\217\322i\004\237\375\025"
  59      393891B8 
  59      848FD269 
  59      049FFD15 
  60 014d FC2F8539 		.ascii	"\374/\2059\243\240\007\305\274QX<\370\276\201\212\002"
  60      A3A007C5 
  60      BC51583C 
  60      F8BE818A 
  60      02
  61 015e 61E10F7D 		.ascii	"a\341\017}\242:\372\242\241[\232\276\204\304\031n\262"
  61      A23AFAA2 
  61      A15B9ABE 
  61      84C4196E 
  61      B2
  62 016f 1A5C04CB 		.ascii	"\032\\\004\313\006\247\277\007V\316\343\246\252\301"
  62      06A7BF07 
  62      56CEE3A6 
  62      AAC1
  63 017d B9F86470 		.ascii	"\271\370dp\266\306\255\376;\373\005\231}M\272~ ?Z\354"
  63      B6C6ADFE 
  63      3BFB0599 
  63      7D4DBA7E 
  63      203F5AEC 
  64 0191 87B90C3A 		.ascii	"\207\271\014:\372\030g?\235\350Z<\356\311s;\225\271"
  64      FA18673F 
  64      9DE85A3C 
  64      EEC9733B 
  64      95B9
  65 01a3 9BBAE3B5 		.ascii	"\233\272\343\265\244\333\333\332[oy\367:\275L\326\353"
  65      A4DBDBDA 
  65      5B6F79F7 
  65      3ABD4CD6 
  65      EB
  66 01b4 CC24BD64 		.ascii	"\314$\275d:\333\021O\022g;\356\377\006w\017\3711"
  66      3ADB114F 
  66      12673BEE 
  66      FF06770F 
  66      F931
  67              		.text
  68              		.section	.gnu.lto_chTMStartMeasurementX.e91014ecdbebfb4e,"e",%progbits
  69 0000 789C7550 		.ascii	"x\234uP\317k\023Q\020\236og\263\331j\233\253`\021{\020"
  69      CF6B1351 
  69      109E6F67 
  69      B3D96A9B 
  69      AB60117B 
  70 0015 4B0E6673 		.ascii	"K\016fsR\360\244x\360T\004\375\017\\\002)\232\246$\301"
  70      52F0A478 
  70      F05404FD 
ARM GAS  /tmp/cc3H7CyJ.s 			page 5


  70      0F5C0229 
  70      9AA624C1 
  71 0029 6B5FB685 		.ascii	"k_\266\205\202\221\370\003%z\210\033\320\260=\031\305"
  71      8291F803 
  71      257A881B 
  71      D0B03D19 
  71      C5
  72 003a A256AB6E 		.ascii	"\242V\253n\343\317\026\017*^\254\030\203\007\017=\350"
  72      E3CF160F 
  72      2A5EAC18 
  72      83070F3D 
  72      E8
  73 004b A552F550 		.ascii	"\245R\365P\235\267)R\017\016\357\301\373\336\314|\337"
  73      9DB72952 
  73      0F0EEFC1 
  73      FBDECC7C 
  73      DF
  74 005c 7C631368 		.ascii	"|c\023h\300 r\211h\207\\0\301PJ\035\210\227m\003\210"
  74      C0207289 
  74      68875C30 
  74      C1504A1D 
  74      88976D03 
  75 0071 5ECA064D 		.ascii	"^\312\006M\030\230\300Y\2561\332\323_\346\214d \031"
  75      1898C059 
  75      AE31DAD3 
  75      5FE68C64 
  75      2019
  76 0083 15D6CEC5 		.ascii	"\025\326\316\305}\365Z\261\317DW\344\366\002\367\221"
  76      7DF55AB1 
  76      CF4457E4 
  76      F602F791 
  77 0093 94C28E57 		.ascii	"\224\302\216W\377\321_\225\034`\012\274\2704\273\270"
  77      FFD15F95 
  77      1C600ABC 
  77      B834BBB8 
  78 00a3 45430343 		.ascii	"EC\003C\002W\226?\334\331\312I\220\274\337\325.\264"
  78      0257963F 
  78      DCD9CA49 
  78      90BCDFD5 
  78      2EB4
  79 00b5 FA879B4A 		.ascii	"\372\207\233Jy*|\025\260\332\3453\343!X(1\217A<\300"
  79      792A7C15 
  79      B0DAE533 
  79      E3215828 
  79      318F413C 
  80 00ca 2091FC09 		.ascii	" \221\374\011\365#\014\223n\371|k\375\322\200en\250"
  80      F5230C93 
  80      6EF97C6B 
  80      FDD28065 
  80      6EA8
  81 00dc E2312C31 		.ascii	"\3421,1B\324z\033\013\325\372\357i\025\256\006\250\035"
  81      42D47A1B 
  81      0BD5FAEF 
  81      6915AE06 
  81      A81D
  82 00ee 8E8905E9 		.ascii	"\216\211\005\3510\245\331$\2520\351\251M\250\220\350"
  82      30A5D924 
ARM GAS  /tmp/cc3H7CyJ.s 			page 6


  82      AA30E9A9 
  82      4DA890E8 
  83 00fe 0C1B3D30 		.ascii	"\014\033=0)`\005\355\371\237\037\273\337\337\360?\324"
  83      296005ED 
  83      F99F1FBB 
  83      DFDFF03F 
  83      D4
  84 010f 9AF1EFC7 		.ascii	"\232\361\357\307\224.\357V\226xg$\027e7Uc\001\026B\031"
  84      942EEF56 
  84      96786724 
  84      17653755 
  84      63011642 
  85 0124 83D08655 		.ascii	"\203\320\206Ugm\271:\371\255ck\313\261\310\346l\353"
  85      676DB93A 
  85      F9AD636B 
  85      CBB1C8E6 
  85      6CEB
  86 0136 FC5DB307 		.ascii	"\374]\263\007UC\251\204|\255\315U~%\232\270\006\237"
  86      5543A984 
  86      7CADCD55 
  86      7E259AB8 
  86      069F
  87 0148 2D3C15AB 		.ascii	"-<\025\253O\264UI\334\276>\023\364\245o\250\251\262"
  87      4FB45549 
  87      DCBE3E13 
  87      F4A56FA8 
  87      A9B2
  88 015a EAAE79DB 		.ascii	"\352\256y\333\256\356\3679\216gh\342\262\336\302\202"
  88      AEEEF739 
  88      8E6768E2 
  88      B2DEC282 
  89 016a B6FB1C69 		.ascii	"\266\373\034i\031\334\353\234\016f\022z\242\315\202"
  89      19DCEB9C 
  89      0E66127A 
  89      A2CD82
  90 0179 1C0986CB 		.ascii	"\034\011\206\3137\337k\366\262L\336\330\356\263]\227"
  90      37DF6BF6 
  90      B24CDED8 
  90      EEB35D97 
  91 0189 E5BFD850 		.ascii	"\345\277\330P(\373\237\356Y\242 1\344s\037^F\344\332"
  91      28FB9FEE 
  91      59A22031 
  91      E4731F5E 
  91      46E4DA
  92 019c 32169116 		.ascii	"2\026\221\026\003\364\025^\243UE\264\\\035\025Foe^\250"
  92      03F4155E 
  92      A35545B4 
  92      5C1D1546 
  92      6F655EA8 
  93 01b0 E1EE54CA 		.ascii	"\341\356T\312\221s\"S\030\313\234t\016eG\217\217\036"
  93      91732253 
  93      18CB9C74 
  93      0E65478F 
  93      8F1E
  94 01c2 39E6E48B 		.ascii	"9\346\344\213N\241\344\024\013\256\343fK\271\224K\\"
  94      4EA1E414 
  94      0BAEE366 
ARM GAS  /tmp/cc3H7CyJ.s 			page 7


  94      4BB9944B 
  94      5C
  95 01d3 CA8DEFFD 		.ascii	"\312\215\357\375_\251\233\317\345\362c\316x\276P*:\007"
  95      5FA99BCF 
  95      E5F263CE 
  95      78BE502A 
  95      3A07
  96 01e5 8F8E9CDA 		.ascii	"\217\216\234\332\267gD\032\335|!\223\312\322\037\036"
  96      B767441A 
  96      DD7C2193 
  96      CAD21F1E 
  97 01f5 8DCA9C   		.ascii	"\215\312\234"
  98              		.text
  99              		.section	.gnu.lto_chTMStopMeasurementX.e91014ecdbebfb4e,"e",%progbits
 100 0000 789C9554 		.ascii	"x\234\225TKlTU\030>\337\375\357\275\363\350\235a\247"
 100      4B6C5455 
 100      183EDFFD 
 100      EFBDF3E8 
 100      9D61A7
 101 0013 46365D18 		.ascii	"F6]\030\241\013f\232H0a\245q\301\212\230Hbb\342\212"
 101      A10B669A 
 101      483061A5 
 101      71C18A98 
 101      486262E2 
 102 0028 4993122D 		.ascii	"I\223\022-C\246\215+\223\236\231N(Xl#\301\024\022\207"
 102      43A68D2B 
 102      939E994E 
 102      28586C23 
 102      C1141287 
 103 003c DBA43685 		.ascii	"\333\2446\205\215\205@\212-U\207\362\320\"j\213\274"
 103      8D85408A 
 103      2D5587F2 
 103      D0226A8B 
 103      BC
 104 004d DADA8715 		.ascii	"\332\332\207\025T\210\217\225\251EB\375\317C\230\301"
 104      54888F95 
 104      A94542FD 
 104      CF4398C1 
 105 005d 18999B99 		.ascii	"\030\231\233\231\177\356\371\377s\276\327\235\334\250"
 105      7FEEF9FF 
 105      73BED79D 
 105      DCA8
 106 006b 80D8E30B 		.ascii	"\200\330\343\013\221\021B\274\306_D\004\034)\345\013"
 106      911142BC 
 106      C65F4404 
 106      1C29E50B 
 107 007b 917CD471 		.ascii	"\221|\324q\210\357\352]\031w\315o@p\355\314u<;\363\355"
 107      88EFEA5D 
 107      1977CD6F 
 107      4070EDCC 
 107      753C3BF3 
 108 0090 CC836F67 		.ascii	"\314\203og>\240\357d\024\242\335!\327\363\321\216\036"
 108      3EA0EF64 
 108      14A2DD21 
 108      D7F3D18E 
 108      1E
 109 00a1 EA258C77 		.ascii	"\352%\214w\3768\3424\014\362T\226{G#\241\234\224\024"
ARM GAS  /tmp/cc3H7CyJ.s 			page 8


 109      FE38E234 
 109      0CF25496 
 109      7B4723A1 
 109      9C9414
 110 00b4 921087F8 		.ascii	"\222\020\207\370k.\214\242\2017\316\027J\177\006\335"
 110      6B2E8CA2 
 110      8137CE17 
 110      4A7F06DD 
 111 00c4 3C035C5E 		.ascii	"<\003\\^\036\270xr\"\256\226\016\352yygfv\270\216\032"
 111      1EB87872 
 111      22AE960E 
 111      EA797967 
 111      6676B88E 
 112 00d9 20F8FE4A 		.ascii	" \370\376J\357\376\241`\335\200\224\005Y>7H\362\231"
 112      EFFEA160 
 112      DD809405 
 112      593E3748 
 112      F299
 113 00eb 90089F80 		.ascii	"\220\010\237\200\030\022cX\213\323X+\004\367\030\372"
 113      18126358 
 113      8BD3582B 
 113      04F718FA 
 114 00fb 53AC13EA 		.ascii	"S\254\023\352\310\322\361\373\357'|\327\262\3423\370"
 114      C8D2F1FB 
 114      EF277CD7 
 114      B2E233F8 
 115 010b 1C821043 		.ascii	"\034\202\020C\227\275\262\274\277\332)\313\277\014b"
 115      97BDB2BC 
 115      BFDA29CB 
 115      BF0C62
 116 011a 6ACB13E0 		.ascii	"j\313\023\340c.\013\340c\256\272\365T\361U\211\250\022"
 116      632E0BE0 
 116      63AEBAF5 
 116      54F15589 
 116      A812
 117 012c 5525A64A 		.ascii	"U%\246J\234\213W\247J\240JB\365\222\252\010\321EB\231"
 117      9C8B57A7 
 117      4AA04A42 
 117      F592AA08 
 117      D1454299 
 118 0140 7521CB42 		.ascii	"u!\313B\354#\307,:xq\007\343c+s\213\177LQ\225\"%\344"
 118      EC23C72C 
 118      3A787107 
 118      E3632B73 
 118      8B7F4C51 
 119 0158 41A3A8B6 		.ascii	"A\243\250\266/v-\320z\255RO+v\343\014|\224Y\275\300"
 119      2F762DD0 
 119      7AAD524F 
 119      2B76E30C 
 119      7C9459BD 
 120 016d 38FC12A9 		.ascii	"8\374\022\251\244\272;~\237\217\252\244|\235\316\311"
 120      A4BA3B7E 
 120      9F8FAAA4 
 120      7C9DCEC9 
 121 017d A1F74EB9 		.ascii	"\241\367N\271f)\373\244Lrky\244\353nr\000\375\010)\202"
 121      6629FBA4 
 121      4C726B79 
ARM GAS  /tmp/cc3H7CyJ.s 			page 9


 121      A4EB6E72 
 121      00FD0829 
 122 0192 739CD059 		.ascii	"s\234\320Y\225\020\017N|xd0\326\370\221,\346\345\342"
 122      95100F4E 
 122      7C786430 
 122      D6F8912C 
 122      E6E5E2
 123 01a5 72E1C9C3 		.ascii	"r\341\311\303\233C\212\342<\006pP\205wF\245t\001\215"
 123      9B438AE2 
 123      3C067050 
 123      857746A5 
 123      74018D
 124 01b8 2CBC30B6 		.ascii	",\2740\266\262\264\374\224RT\"Tr\3064g\351\310\245\325"
 124      B2B4FC94 
 124      52542254 
 124      72C63467 
 124      E9C8A5D5 
 125 01cc 5811857C 		.ascii	"X\021\205|\224;\375d\014]\233\2750\011\303\032\307\027"
 125      943BFD64 
 125      0C5D9BBD 
 125      3009C31A 
 125      C717
 126 01de 28029F5B 		.ascii	"(\002\237[\332\321\375{\216\371L\313W\3370\203\324a"
 126      DAD1FD7B 
 126      8EF94CCB 
 126      57DF3083 
 126      D461
 127 01f0 4273DA24 		.ascii	"Bs\332$\212?\037\235\211\333q2\244\000\027\321x\220"
 127      8A3F1F9D 
 127      89DB7132 
 127      A40017D1 
 127      7890
 128 0202 1CF5E0BE 		.ascii	"\034\365\340\276\264jn\257\004U\031:\377\312\260o\265"
 128      B46A6EAF 
 128      0455193A 
 128      FFCAB06F 
 128      B5
 129 0213 9B6C844E 		.ascii	"\233l\204Nu\204_q\204\227t\204_+;^\245\035\322v\312"
 129      75845F71 
 129      84977484 
 129      5F2B3B5E 
 129      A51DD276 
 130 0228 33C7A66D 		.ascii	"3\307\246m^\211\022\367\276\261\272\363\341\302\307"
 130      5E8912F7 
 130      BEB1BAF3 
 130      E1C2C7
 131 0237 FFE8FEE9 		.ascii	"\377\350\376\351\271\220\222\230\324\272I\203\012Li"
 131      B9909298 
 131      D4BA4983 
 131      0A4C69
 132 0246 751D1FEC 		.ascii	"u\035\037\354\346\307\246\261-\374\360\336_\217\306"
 132      E6C7A6B1 
 132      2DFCF0DE 
 132      5F8FC6
 133 0255 147C12C0 		.ascii	"\024|\022\300e\006c\013\363\357@\355yL\266\247\325\331"
 133      6506630B 
 133      F3EF40ED 
ARM GAS  /tmp/cc3H7CyJ.s 			page 10


 133      794CB6A7 
 133      D5D9
 134 0267 6FABC8AE 		.ascii	"o\253\310\256\240\221\011L\032ws\206/\362xp\365*\324"
 134      A091094C 
 134      1A777386 
 134      2FF27870 
 134      F52AD4
 135 027a AB1ACDB5 		.ascii	"\253\032\315\265h\327\214\364\303\273'<\003\025\345"
 135      68D78CF4 
 135      C3BB273C 
 135      0315E5
 136 0289 3F17039A 		.ascii	"?\027\003\232\346\241\230i\306t\037F\3774\325f \300"
 136      E6A19869 
 136      C6741F46 
 136      FF34D566 
 136      20C0
 137 029b F52ACA1B 		.ascii	"\365*\312\033\312@\314\030\370\353UC\020\377_\270TH"
 137      CA40CC18 
 137      F8EB5543 
 137      10FF5FB8 
 137      5448
 138 02ad 6B30AD81 		.ascii	"k0\255\201<\0134c\376\024\367:o[\355u\006\227\037\304"
 138      3C0B3463 
 138      FE14F73A 
 138      6F5BED75 
 138      06971FC4 
 139 02c1 88ED040C 		.ascii	"\210\355\004\014\315\375Z\202\327D\263UD\337)\305\201"
 139      CDFD5A82 
 139      D744B355 
 139      44DF29C5 
 139      81
 140 02d2 517CEF75 		.ascii	"Q|\357u\203\234\250!\3629\215\346[\264y\226}\013\305"
 140      839CA821 
 140      F2398DE6 
 140      5BB47996 
 140      7D0BC5
 141 02e5 B9B31B1F 		.ascii	"\271\263\033\037\204\233\320/\304}Dy>\342\330\227\006"
 141      849BD02F 
 141      C47D4479 
 141      3EE2D897 
 141      06
 142 02f6 2B9EEB89 		.ascii	"+\236\353\211\327\220\365v\305\265P\305\265h\262V\330"
 142      D790F576 
 142      C5B550C5 
 142      B568B256 
 142      D8
 143 0307 6EE50B89 		.ascii	"n\345\013\211\215\254Z#\311\032\214|\257\301#\026|\311"
 143      8DAC5A23 
 143      C91A8C7C 
 143      AFC12316 
 143      7CC9
 144 0319 1899AD30 		.ascii	"\030\231\2550\222\264F\274G\214\274{\374\355Z\215\374"
 144      92B446BC 
 144      478CBC7B 
 144      FCED5A8D 
 144      FC
 145 032a 50C575F3 		.ascii	"P\305u\363\241\021\377\241\221\337P\350\353\357\201"
ARM GAS  /tmp/cc3H7CyJ.s 			page 11


 145      A111FFA1 
 145      91DF50E8 
 145      EBEF81
 146 0339 7EAFABAB 		.ascii	"~\257\253\253\213`\206\205\262Z>\233J\245\371\363FS"
 146      8B608685 
 146      B25A3E9B 
 146      4AA5F9F3 
 146      4653
 147 034b 6E67D39B 		.ascii	"ng\323\233\351\227\232wl\337\361\362\266t\2665\235k"
 147      E9979A77 
 147      6CDFF1F2 
 147      B674B635 
 147      9D6B
 148 035d 4BB7E632 		.ascii	"K\267\3462\351Ls[K*#\250\255e\327\246\377\332\232\311"
 148      E94C735B 
 148      4B2A23A8 
 148      AD65D7A6 
 148      FFDA9AC9 
 149 0371 B6B46477 		.ascii	"\266\264dw\246wesm\255\351\027_\331\372\326\363\033"
 149      A6776573 
 149      6DADE917 
 149      5FD9FAD6 
 149      F31B
 150 0383 B6F2C14C 		.ascii	"\266\362\301L6\327\224j\026\177\003,I5+"
 150      36D7946A 
 150      167F032C 
 150      49352B
 151              		.text
 152              		.section	.gnu.lto_chTMChainMeasurementToX.e91014ecdbebfb4e,"e",%progbits
 153 0000 789C9554 		.ascii	"x\234\225T[HTQ\024=\373\236{\357<\034\347\263\"\241"
 153      5B485451 
 153      143DFB9E 
 153      7BEF3C1C 
 153      E7B322A1 
 154 0014 FC88CC8F 		.ascii	"\374\210\314\217f\354AA_E\337\021\024\004A_\015\202"
 154      66EC4141 
 154      5F45DF11 
 154      1404415F 
 154      0D82
 155 0026 523A314A 		.ascii	"R:1J_AgFQ\312\036\004\366$\273\003%Z\037M\221X\246\325"
 155      5F416746 
 155      51CA1E04 
 155      F624BB03 
 155      255A1F4D 
 156 003e 4D7BD95B 		.ascii	"M{\331[{j\276**L\252\257\250L\254\275\3179\324L\017"
 156      7B6ABE2A 
 156      2A4CAAAF 
 156      A84CACBD 
 156      CF39D44C 
 157 0053 6A2E73F7 		.ascii	"j.s\367\334}\366\331k\257\265\346\314\3652`\3456c\245"
 157      DC7DF6D9 
 157      6BAFB5E6 
 157      CCF53260 
 157      E53663A5 
 158 0067 8CB1B578 		.ascii	"\214\261\265x\203\207\201!\204X\352\211{\015\203\343"
 158      83878121 
 158      8458EA89 
ARM GAS  /tmp/cc3H7CyJ.s 			page 12


 158      7B0D83E3 
 159 0077 53BE29FC 		.ascii	"S\276)\374\246\372\016p0u\3154,]\263u\315\002[\327l"
 159      A6FA0E70 
 159      3075CD34 
 159      2C5DB375 
 159      CD025BD7 
 160 008c 00F924BC 		.ascii	"\000\371$\274\300\266\032\334\264l\330\012\273\371~"
 160      C0B61ADC 
 160      B46CD80A 
 160      BBF97E
 161 009b 0E9DB5AF 		.ascii	"\016\235\265\257\333\214\302&\254\012w\377\204\307\021"
 161      DB8CC226 
 161      AC0A77FF 
 161      84C711
 162 00aa F7057738 		.ascii	"\367\005w8c\007\361V\027\234\207B\3348\224h\370\034"
 162      6307F156 
 162      179C8742 
 162      DC389468 
 162      F81C
 163 00bc D8853500 		.ascii	"\330\2055\000\023\323\372\233-\335~J\015\310\307\264"
 163      13D3FA9B 
 163      2DDD7E4A 
 163      0DC8C7B4 
 164 00cc B5FDDA98 		.ascii	"\265\375\332\230\207\027\002\303\347\236\203\355W\355"
 164      871702C3 
 164      E79E83ED 
 164      57ED
 165 00da 82462112 		.ascii	"\202F!\022\302\035h\342b\226\3039\\\000\216\220\320"
 165      C21D68E2 
 165      6296C339 
 165      5C008E90 
 165      D0
 166 00eb 0179D00E 		.ascii	"\001y\320\016y\214\341\032B_\204\002l\330wk\364\265"
 166      798CE11A 
 166      425F8402 
 166      6CD8776B 
 166      F4B5
 167 00fd 8F8764F3 		.ascii	"\217\207d\363\371\023o\306\002\272y|\346!\341\232\324"
 167      F9136FC6 
 167      02BA797C 
 167      E621E19A 
 167      D4
 168 010e 7DE98FDD 		.ascii	"}\351\217\335.\0240\352yqzro\256mj\316p\031l\264\220"
 168      2E1430EA 
 168      79717A72 
 168      6FAE6D6A 
 168      CE70196C 
 169 0124 B154AFE5 		.ascii	"\261T\257\345\212\311o\265\302\275=\255\377\250o\212"
 169      8AC96FB5 
 169      C2BD3DAD 
 169      FFA86F8A 
 170 0134 01D46102 		.ascii	"\001\324a\002M\265\020\302\264)x(x)\370(\3701X9\024"
 170      4DB510C2 
 170      B4297828 
 170      7829F828 
 170      F8315839 
 171 0149 02147269 		.ascii	"\002\024ri-H\201\261:\316\310&\023\204\313\330\016n"
ARM GAS  /tmp/cc3H7CyJ.s 			page 13


 171      2D4881B1 
 171      3ACEC826 
 171      1384CBD8 
 171      0E6E
 172 015b A8A40A93 		.ascii	"\250\244\012\223\267\320\331\361el\344c\017\317`C$~"
 172      B7D0D9F1 
 172      656CE463 
 172      0FCF6043 
 172      247E
 173 016d 2C54D3F6 		.ascii	",T\323\366\221\272\355\326\034\311PV\323vC\027\330\320"
 173      91BAEDD6 
 173      1CC95056 
 173      D3764317 
 173      D8D0
 174 017f 89CC195C 		.ascii	"\211\314\031\\\001\273\201[X\333U\365a\310K\036\333"
 174      01BB815B 
 174      58DB55F5 
 174      61C84B1E 
 174      DB
 175 0190 D29A96D4 		.ascii	"\322\232\226\324\236\263\246JER\210 .}j\253\033\017"
 175      9EB3A64A 
 175      45528820 
 175      2E7D6AAB 
 175      1B0F
 176 01a2 36C25170 		.ascii	"6\302Qp\270\007\256\241;W\311\035,\2349\326\334\344"
 176      B807AEA1 
 176      3B57C91D 
 176      2C9C39D6 
 176      DCE4
 177 01b4 2B3A29AA 		.ascii	"+:)\252\343b$U5\365\310\022\207{\341:4\302\0012\256"
 177      E3622455 
 177      35F5C812 
 177      877BE13A 
 177      34C20132 
 178 01c9 8B1CBA01 		.ascii	"\213\034\272\001EH<1\264=\325\\?\203(\245O\344r\242"
 178      45483C31 
 178      B43DD55C 
 178      3F8328A5 
 178      4FE472A2 
 179 01dd DB7FAA8F 		.ascii	"\333\177\252\217\340\343H=9\303\341\276\006\374\271"
 179      E0E3483D 
 179      39C3E1BE 
 179      06FCB9
 180 01ec BBF588B8 		.ascii	"\273\365\210\2703|\316\306\021t\330\034\356\207\233"
 180      337CCEC6 
 180      1174D81C 
 180      EE879B
 181 01fb 129D34C3 		.ascii	"\022\2354\303-(B\005\204\3361\372%\220\341\211\361\233"
 181      2D284205 
 181      84DE31FA 
 181      2590E189 
 181      F19B
 182 020d 27C9B3F5 		.ascii	"'\311\263\365\\[bdZr\007-\271--\271K\226\330i\214@\222"
 182      5C5B6264 
 182      5A72072D 
 182      B92D2DB9 
 182      4B96D869 
ARM GAS  /tmp/cc3H7CyJ.s 			page 14


 183 0224 31FF4426 		.ascii	"1\377D&\371f\201\303s\340\236\244cH\024\006\367\245"
 183      F96681C3 
 183      73E09EA4 
 183      63481406 
 183      F7A5
 184 0236 D8AAC335 		.ascii	"\330\252\3035\350\273\004\363(\274\326m\357\216\373"
 184      E8BB04F3 
 184      28BCD66D 
 184      EF8EFB
 185 0245 48700E00 		.ascii	"Hp\016\000\364 \230t\004h\317\177N\233N\275\275\031"
 185      F4209874 
 185      0468CF7F 
 185      4E9B4EBD 
 185      BD19
 186 0257 C31E907C 		.ascii	"\303\036\220|\217\222?\036S\363\274\377\007'\235|\250"
 186      8F923F1E 
 186      53F3BCFF 
 186      07279D7C 
 186      A8
 187 0268 9D54688F 		.ascii	"\235Th\217\024\365#5\335\226\202\302^\013\001\025\325"
 187      14F52335 
 187      DD9682C2 
 187      5E0B0115 
 187      D5
 188 0279 3E9E1D57 		.ascii	">\236\035W?<\316@\177B\\}\212\353\3275j\200\377\237"
 188      3F3CCE40 
 188      7F425C7D 
 188      8AEBD735 
 188      6A80FF9F 
 189 028d 70218707 		.ascii	"p!\207\007\340\251\004\342\032\250O\035\247\211\332"
 189      E0A904E2 
 189      1AA84F1D 
 189      A789DA
 190 029c 514D3347 		.ascii	"QM3G\341\242\347mz%\200\320\270\236\215\307rP\177\306"
 190      E1A2E76D 
 190      7A2580D0 
 190      B89E8DC7 
 190      72507FC6 
 191 02b0 A067C438 		.ascii	"\240g\3048\240\030O\254S\310\271Y\270; \321L\2156\210"
 191      A0184FAC 
 191      53C8B959 
 191      B83B20D1 
 191      4C8D3688 
 192 02c4 B45F41F5 		.ascii	"\264_A\365`\327\302\037\346\346\312\327\336\016\316"
 192      60D7C21F 
 192      E6E6CAD7 
 192      DE0ECE
 193 02d3 E9D81BFA 		.ascii	"\351\330\033\372\017\216\214\007w\373\263\360z=\315"
 193      0F8E8C07 
 193      77FBB3F0 
 193      7A3DCD
 194 02e2 1ACA9835 		.ascii	"\032\312\2305\254\274&l3\375\345\201B\276i!\301,\204"
 194      ACBC266C 
 194      33FDE581 
 194      42BE6921 
 194      C12C84
 195 02f5 8C48704B 		.ascii	"\214HpK\203?WB\236\245\011\011j!\326/Bv\236\336\222"
ARM GAS  /tmp/cc3H7CyJ.s 			page 15


 195      833F5742 
 195      9EA50909 
 195      6A21D62F 
 195      42769EDE 
 196 030a AD901719 		.ascii	"\255\220\027\031\263^\376\024b\377\024\362\036\022\311"
 196      B35EFE14 
 196      62FF14F2 
 196      1E12C9
 197 0319 F67A90EF 		.ascii	"\366z\220\357_\272\3528\250b\302\245tv(\024\306\317"
 197      5FBAEA38 
 197      A862C2A5 
 197      74762814 
 197      C6CF
 198 032b 86E25879 		.ascii	"\206\342Xy\361\306\360\362\222\322\365\245+W\207\243"
 198      F1C6F0F2 
 198      92D2F5A5 
 198      2B5787A3 
 199 033b 15E15865 		.ascii	"\025\341Xe\270\"\026\011GJ*\313B\021fV\226m\232Ga\376"
 199      B8221609 
 199      474A2ACB 
 199      42116656 
 199      966D9A47 
 200 0351 A2BF3544 		.ascii	"\242\2775D\242ee\321\362\360\246h\254\262\"\274l\325"
 200      A26565D1 
 200      F2F0A668 
 200      ACB222BC 
 200      6CD5
 201 0363 8ACD8BE7 		.ascii	"\212\315\213\347\256\300\366H4V\034*a\337\001\212\307"
 201      AEC0F648 
 201      34561C2A 
 201      61DF018A 
 201      C7
 202 0374 2F13     		.ascii	"/\023"
 203              		.text
 204              		.section	.gnu.lto_.symbol_nodes.e91014ecdbebfb4e,"e",%progbits
 205 0000 789CE360 		.ascii	"x\234\343``d(c\000\002\246f\246z\206\006 `a\234p\216"
 205      60642863 
 205      0002A666 
 205      A67A8606 
 205      2060619C 
 206 0016 81A19E81 		.ascii	"\201\241\236\201aW\203#P\022$\325\302T\317\210C\252"
 206      61578323 
 206      501224D5 
 206      C254CF88 
 206      43AA
 207 0028 95A99E09 		.ascii	"\225\251\236\011\273\024k;\023\203\002HI\033S=3v%\014"
 207      BB146B3B 
 207      13830248 
 207      491B533D 
 207      3376250C 
 208 003c 00BEAB1A 		.ascii	"\000\276\253\032\312"
 208      CA
 209              		.text
 210              		.section	.gnu.lto_.refs.e91014ecdbebfb4e,"e",%progbits
 211 0000 789CE360 		.ascii	"x\234\343``d`c```db`fb\000\000\000\343\000\030"
 211      60646063 
 211      60606064 
ARM GAS  /tmp/cc3H7CyJ.s 			page 16


 211      62606662 
 211      000000E3 
 212              		.text
 213              		.section	.gnu.lto_.decls.e91014ecdbebfb4e,"e",%progbits
 214 0000 789CBD3A 		.ascii	"x\234\275:iTT\331\231u\353\276*\252\212\002:b\247;1"
 214      695454D9 
 214      9975EBBE 
 214      2AAA8A02 
 214      3A62A73B 
 215 0015 93E9C931 		.ascii	"\223\351\3111\223\236I:\330m\237\311tN2\223\034\333"
 215      939E493A 
 215      D86D9FC9 
 215      744E3293 
 215      1CDB
 216 0027 243D69BB 		.ascii	"$=i\273{Z\223\351\316\2319\004\261T\322l\251*\\f\316"
 216      7B5A93E9 
 216      CE993904 
 216      B154D26C 
 216      A92A5C66 
 217 003c 9C148B28 		.ascii	"\234\024\213(\202\202,\312\252 \270\260\212\212\240"
 217      82822CCA 
 217      AA20B8B0 
 217      8A8AA0
 218 004b 02CAA6EC 		.ascii	"\002\312\246\354\213 ( \012(*\010\242 \253\010\363\335"
 218      8B202820 
 218      0A282A08 
 218      A220AB08 
 218      F3DD
 219 005d 7B5F55BD 		.ascii	"{_U\275\252\367\312v~\314\224~\324\373\356\373\366\373"
 219      AAF7CA76 
 219      7ECC947E 
 219      D4FBEEFB 
 219      F6FB
 220 006f DDEF7EEF 		.ascii	"\335\357~\357\326S\311\220lq\265Lv\322I&[@2\331\022"
 220      D653C990 
 220      6C71B54C 
 220      76D24926 
 220      5B4032D9 
 221 0084 7C143299 		.ascii	"|\0242\231\354\032\000\240\262\036\031\373p\000C\000"
 221      EC1A00A0 
 221      B21E19FB 
 221      70004300 
 222 0094 C300A300 		.ascii	"\303\000\243\000\023\374}\215\\f\363i\204A\015|o\005"
 222      13FC7D8D 
 222      5C66F369 
 222      84410D7C 
 222      6F05
 223 00a6 5806B09C 		.ascii	"X\006\260\234\227\321\015P\007\360\003\200+\274\374"
 223      97D10D50 
 223      07F00380 
 223      2BBCFC
 224 00b5 B70188AE 		.ascii	"\267\001\210\256\016\200\353\0007\000:\001\332y\331"
 224      0E80EB00 
 224      37003A01 
 224      DA79D9
 225 00c4 4332F1A7 		.ascii	"C2\361\247\303\201|\"w-\330\362!\200\233\334\252\217"
 225      C3817C22 
ARM GAS  /tmp/cc3H7CyJ.s 			page 17


 225      772DD8F2 
 225      21809BDC 
 225      AA8F
 226 00d6 98F77339 		.ascii	"\230\367s9\223-\347\355\377\027\271Xn7\310}\315\201"
 226      932DE7ED 
 226      FF17B958 
 226      6E37C87D 
 226      CD81
 227 00e8 DCB7ED64 		.ascii	"\334\267\355d\377\026@\0150\317\353\350\026\370\244"
 227      FF16400D 
 227      30CFEBE8 
 227      16F8A4
 228 00f7 E2F52901 		.ascii	"\342\365)\001fx\177n\360>]\347}\305|\014\211\035\377"
 228      66787F6E 
 228      F03E5DE7 
 228      7DC57C0C 
 228      891DFF
 229 010a 2A978EE3 		.ascii	"*\227\216\343\020\014\272\274\242=f_\3156(\005>wJ\350"
 229      100CBABC 
 229      A23D665F 
 229      CD362805 
 229      3E774AE8 
 230 011e 9E10E8B6 		.ascii	"\236\020\350\266\377\034\302\350vH\332\254v?F\3134\210"
 230      FF1CC2E8 
 230      7648DAAC 
 230      763F46CB 
 230      3488
 231 0130 0334BEA1 		.ascii	"\0034\276\241\250^\003\350r\015z\013\320\214\316\266"
 231      A85E03E8 
 231      720D7A0B 
 231      D08CCEB6 
 232 0140 10C4EEBE 		.ascii	"\020\304\356\276\006\350\345\245\203\2279\206\252\000"
 232      06E8E5A5 
 232      83973986 
 232      AA00
 233 014e 4DC8A95C 		.ascii	"M\310\251\\\3202\342\012\"\353\205)\376\240+\226#r]"
 233      D032E20A 
 233      22EB8529 
 233      FEA02B96 
 233      23725D
 234 0161 16FEE292 		.ascii	"\026\376\342\222\023\334\373\201\006\221,s\203\241\332"
 234      13DCFB81 
 234      06912C73 
 234      83A1DA
 235 0170 F1B1EB88 		.ascii	"\361\261\353\210\015\021\212\347!\247bU\230\243\327"
 235      0D118AE7 
 235      21A76255 
 235      98A3D7
 236 017f 95D3F906 		.ascii	"\225\323\371\006\217|\023\373\250\376 CU\010[mlM\352"
 236      8F7C13FB 
 236      A8FE2043 
 236      55085B6D 
 236      6C4DEA
 237 0192 DFEF8257 		.ascii	"\337\357\202WS\312\260c\347g\221f\217\311\024bJ\017"
 237      53CAB063 
 237      E7679166 
 237      8FC91462 
ARM GAS  /tmp/cc3H7CyJ.s 			page 18


 237      4A0F
 238 01a4 35A97F23 		.ascii	"5\251\177#C\245h\005\272\210V\310P\015\242\262\253\221"
 238      43A56805 
 238      BA8856C8 
 238      500DA2B2 
 238      AB91
 239 01b6 07AA84B1 		.ascii	"\007\252\204\261\012\030\003\206\340\324\216\273r\374"
 239      0A180386 
 239      E0D48EBB 
 239      72FC
 240 01c4 53CA3C9C 		.ascii	"S\312<\234\337\321\201\361?\323\353\305\0235\301JiA"
 240      DFD181F1 
 240      3FD3EBC5 
 240      1335C14A 
 240      6941
 241 01d6 B59282D2 		.ascii	"\265\222\202\322B\017\025b\374k\312\374\244ji\030\343"
 241      420F1562 
 241      FC6BCAFC 
 241      A46A6918 
 241      E3
 242 01e7 75F43ABF 		.ascii	"u\364:\2778*\305\211\005\345M@\033\332&\236\230\203"
 242      382AC589 
 242      05E54D40 
 242      1BDA269E 
 242      9883
 243 01f9 82008FE9 		.ascii	"\202\000\217\351m\235\320\342\317)i\336\370T)!}[\203"
 243      6D9DD0E2 
 243      CF2969DE 
 243      F8542921 
 243      7D5B83
 244 020c FE2208C8 		.ascii	"\376\"\010\310\333, iG\263\276\300\377A/\333z\203\023"
 244      DB2C2069 
 244      47B3BEC0 
 244      FF412FDB 
 244      7A8313
 245 021f 5D997185 		.ascii	"]\231q\205\241\246o\004\277+C\227\300\222rb]\033\242"
 245      A1A66F04 
 245      BF2B4397 
 245      C0927262 
 245      5D1BA2
 246 0232 1CC4BA56 		.ascii	"\034\304\272V\030k\241\326)\027\017\246\235\226\243"
 246      186BA1D6 
 246      29170FA6 
 246      9D96A3
 247 0241 95F0715F 		.ascii	"\225\360q_y\224\360U\314\244\256J\236\0305\231\006M"
 247      7994F055 
 247      CCA4AE4A 
 247      9E183599 
 247      064D
 248 0253 185D431A 		.ascii	"\030]C\032\324\014|]\310\335\"H\206\312\350\337w\341"
 248      D40C7C5D 
 248      C8DD2248 
 248      86CAE8DF 
 248      77E1
 249 0265 0FE3A8FA 		.ascii	"\017\343\250\372v\262\251\"L\211\352\200\272\201\247"
 249      76B2A922 
 249      4C89EA80 
ARM GAS  /tmp/cc3H7CyJ.s 			page 19


 249      BA81A7
 250 0274 36074586 		.ascii	"6\007E\206<l\211\033\004\304\365\322\304\245\310B\335"
 250      3C6C891B 
 250      04C4F5D2 
 250      C4A5C842 
 250      DD
 251 0285 C3535F01 		.ascii	"\303S_\001\352\313\"jf\016%?@2 \006\000\275)CM@\321"
 251      EACB226A 
 251      660E253F 
 251      40322006 
 251      00BD2943 
 252 029c 48EF117A 		.ascii	"H\357\021z\342q\007Z\211\256\003\334\000\350\004hG+"
 252      E271075A 
 252      89AE03DC 
 252      00E80468 
 252      472B
 253 02ae 49923025 		.ascii	"I\2220%\355\002\223\256:PB\034 \241?3\220\344\212\017"
 253      ED0293AE 
 253      3A50421C 
 253      20A13F33 
 253      90E48A0F 
 254 02c2 201AEDEA 		.ascii	" \032\355\352\343\315G\344\356\222\232\321M^\316K\224"
 254      E3CD47E4 
 254      EE929AD1 
 254      4D5ECE4B 
 254      94
 255 02d3 8384C692 		.ascii	"\203\204\306\222\201`\225v\257%\231P\267\215\352\036"
 255      81609576 
 255      AF259950 
 255      B78DEA1E 
 256 02e3 A495B12F 		.ascii	"\244\225\261/\262\246\372\372/\253\007\320\035D\026"
 256      B2A6FAFA 
 256      2FAB07D0 
 256      1D4416
 257 02f2 24424D0A 		.ascii	"$BM\012$#\377\310\037R\033\3307\"\327\210/\321\364\203"
 257      2423FFC8 
 257      1F521BD8 
 257      3722D788 
 257      2FD1F483 
 258 0306 C887A763 		.ascii	"\310\207\247c_\204\200\215\261/\363\0376&\347\245\230"
 258      5F84808D 
 258      B12FF31F 
 258      3626E7A5 
 258      98
 259 0317 973D623C 		.ascii	"\227=b<L:E\005\242\331}\304\3377\013a\014\314*+#?$\347"
 259      4C3A4505 
 259      A2D97DC4 
 259      DF370B61 
 259      0CCC2A2B 
 260 032f D5093990 		.ascii	"\325\0119\220\310b\253@\231E\250\371\203,\013|\351z"
 260      C862AB40 
 260      9945A8F9 
 260      832C0B7C 
 260      E97A
 261 0341 559D7A10 		.ascii	"U\235z\020\365\007C\364\237t\027\276!C\2561o\311\350"
 261      F50743F4 
 261      9F7417BE 
ARM GAS  /tmp/cc3H7CyJ.s 			page 20


 261      2143AE31 
 261      6FC9E8
 262 0354 DC8C1FAB 		.ascii	"\334\214\037\253\\p\302\227\331D\365\356:\275\037\261"
 262      5C70C297 
 262      D944F5EE 
 262      3ABD1FB1 
 263 0364 89221FB3 		.ascii	"\211\"\037\263e\267\331\374\360\302\236\\\032\235\341"
 263      65B7D9FC 
 263      F0C29E5C 
 263      1A9DE1
 264 0373 EC89E83C 		.ascii	"\354\211\350<\332\322\355jo\354u\021\316\331\035\233"
 264      DAD2ED6A 
 264      6FEC7511 
 264      CED91D9B 
 265 0383 39EBA773 		.ascii	"9\353\247s\006t\347s\023\236\273rr6\204\20282\026~%"
 265      0674E773 
 265      139EBB72 
 265      72368482 
 265      3832167E 
 266 0398 A6D485AD 		.ascii	"\246\324\205\255y\271\240L.ge2\245\2639Q\363F\002\315"
 266      79B9A04C 
 266      2E676532 
 266      A5B33951 
 266      F34602CD 
 267 03ac A750D36B 		.ascii	"\247P\323kr\264\365\233\350.\010\036\244\202\357!\360"
 267      72B4F59B 
 267      E82E081E 
 267      A482EF21 
 267      F0
 268 03bd 6F00714C 		.ascii	"o\000qLzhWo\271\352{\351\246\376~X\261\027~\226\324"
 268      7A68576F 
 268      B9EA7BE9 
 268      A6FE7E58 
 268      B1177E96 
 269 03d2 146E6A03 		.ascii	"\024nj\003\276_P:\324\007V\363\026\223k\031\272\005"
 269      BE5F503A 
 269      D40756F3 
 269      16936B19 
 269      BA05
 270 03e4 42502FB0 		.ascii	"BP/\260\303\300\020\372\036\010\350\314\252\234\325"
 270      C3C010FA 
 270      1E08E8CC 
 270      AA9CD5
 271 03f3 E02916A0 		.ascii	"\340)\026\240\320\343\375m\012\034\311J\360\301\313"
 271      D0E3FD6D 
 271      0A1CC94A 
 271      F0C1CB
 272 0402 15A96E60 		.ascii	"\025\251n`8z@\213)\214\224\2444\267q\274\262\253\251"
 272      387A408B 
 272      298C94A4 
 272      34B771BC 
 272      B2ABA9
 273 0415 DFCD0835 		.ascii	"\337\315\0105\2354\231\366\274EU\3357\253B\017\3016"
 273      9D3499F6 
 273      BC4555DD 
 273      37AB420F 
 273      C136
ARM GAS  /tmp/cc3H7CyJ.s 			page 21


 274 0427 82DA6A1B 		.ascii	"\202\332j\033\246\332\352\027\272\213\2248\336\221\202"
 274      A6DAEA17 
 274      BA8B9438 
 274      DE9182
 275 0436 F4DD5D45 		.ascii	"\364\335]E\210W0\362W\260\032aU\232\344T\376\210E\376"
 275      885730F2 
 275      57B01A61 
 275      559AE454 
 275      FE8845FE 
 276 044a 23227FC4 		.ascii	"#\"\177\304^\376(\225\237\334X\371\3378\333\221x\251"
 276      5EFE2895 
 276      9FDC58F9 
 276      DF38DB91 
 276      78A9
 277 045c A9E8BC79 		.ascii	"\251\350\274y\345\212\33426\216\350`r\332\205\002W\207"
 277      E58ADC32 
 277      368EE860 
 277      72DA8502 
 277      5787
 278 046e 33F094CC 		.ascii	"3\360\224\314\300\023\363\014\034\034N\270#\347m\236"
 278      C013F30C 
 278      1C1C4EB8 
 278      23E76D9E 
 279 047e F86B8BCD 		.ascii	"\370k\213\315@\204\306,6?&6\217\331\333<Amn{\226\031"
 279      4084C62C 
 279      363F2636 
 279      8FD9DB3C 
 279      416D6E7B 
 280 0494 A1C495CC 		.ascii	"\241\304\225\314\350\374\245\007)n,\025L\244\374\347"
 280      E8FCA507 
 280      296E2C15 
 280      4CA4FCE7 
 281 04a4 352E3C54 		.ascii	"5.<T\343Fv\363Y\\\317\035W\334J\021\371\243\231\373"
 281      E34676F3 
 281      595CCF1D 
 281      57DC4A11 
 281      F9A399FB 
 282 04b8 6D2E68A5 		.ascii	"m.h\245\273\271Z\377(q\342\241\311\024\373&-_\323\240"
 282      BBB95AFF 
 282      2871E2A1 
 282      C914FB26 
 282      2D5FD3A0 
 283 04cc 7956BAFC 		.ascii	"yV\272\374\322\314\206\2145\021\223\254\367g\371\"5"
 283      D2CC868C 
 283      351193AC 
 283      F767F922 
 283      35
 284 04dd 63294A4F 		.ascii	"c)JO3\037v*q\027S\035\372\264\244\330\331]\222\027\315"
 284      331F762A 
 284      7117531D 
 284      FAB4A4D8 
 284      D95D9217 
 285 04f2 F1CA6CD9 		.ascii	"\361\312l\331\313\016'\317h\360\003\306^R\336\023M7"
 285      CB0E27CF 
 285      68F003C6 
 285      5E52DE13 
 285      4D37
ARM GAS  /tmp/cc3H7CyJ.s 			page 22


 286 0504 2413BF58 		.ascii	"$\023\277X \363\255\272\027\220\206\030Hl$\013\253\353"
 286      20F3ADBA 
 286      17908618 
 286      486C240B 
 286      ABEB
 287 0516 4EB89A2D 		.ascii	"N\270\232-\216\223$\004\327\300k\036\377G\022\256\314"
 287      8E932404 
 287      D7C06B1E 
 287      FF4712AE 
 287      CC
 288 0527 F8DD4EFC 		.ascii	"\370\335N\374\006\211\311\246<z\244\317\225\335N$\344"
 288      0689C9A6 
 288      3C7AA4CF 
 288      95DD4E24 
 288      E4
 289 0538 D953FB53 		.ascii	"\331S\373S4\014'\345\362bg\343QWF\336O\013\302@h\226"
 289      340C27E5 
 289      F26267E3 
 289      515746DE 
 289      4F0BC240 
 290 054e 1B7ECACC 		.ascii	"\033~\312\314zq1\245\011\222\237!S\225\251m\244;Q\262"
 290      7A7131A5 
 290      09929F21 
 290      5395A96D 
 290      A43B51B2 
 291 0562 96C30986 		.ascii	"\226\303\011\206\272\016\325\376\204\215\020\313w\300"
 291      BA0ED5FE 
 291      848D10CB 
 291      77C0
 292 0570 C880E979 		.ascii	"\310\200\351y\222\026\277`\034O\317\026\344\010\275"
 292      9216BF60 
 292      1C4FCF16 
 292      E408BD
 293 057f 12C464B7 		.ascii	"\022\304d\267\234\262\221\220\204\313W\240]r\352ZaL"
 293      9CB29190 
 293      84CB57A0 
 293      5D72EA5A 
 293      614C
 294 0591 7030C6A1 		.ascii	"p0\306\241\230rw\316\226\317k\361>\212\340\340\275\363"
 294      987277CE 
 294      96CF6BF1 
 294      3E8AE0E0 
 294      BDF3
 295 05a3 DD186956 		.ascii	"\335\030iV \020\200\350\306m\3124a\330IV\257@\253@\336"
 295      201080E8 
 295      C66DCA34 
 295      61D84956 
 295      AF40AB40 
 296 05b8 5E901729 		.ascii	"^\220\027)\2070E\201\264} -\311\244\242\003I&\240~\362"
 296      87304581 
 296      B47D202D 
 296      C9A4A203 
 296      4926A07E 
 297 05cd 177A0D42 		.ascii	"\027z\015B\367\334\233*w\326\360\002\302^&\000\210\373"
 297      F7DC9B2A 
 297      77D6F002 
 297      C25E2600 
ARM GAS  /tmp/cc3H7CyJ.s 			page 23


 297      88FB
 298 05df 1F57C560 		.ascii	"\037W\305`a\011\333/\027NK\264\234/a=\027J\326\022\262"
 298      6109DB2F 
 298      174E4BB4 
 298      9C2F613D 
 298      174AD612 
 299 05f4 D09793A5 		.ascii	"\320\227\223\2457\356iQ\343X\346]S\306\\\264\033>J\021"
 299      37EE6951 
 299      E358E65D 
 299      53C65CB4 
 299      1B3E4A11 
 300 0608 6E74A07C 		.ascii	"nt\240|\277\212t\027$[M\246\212\336\261\237%\025\231"
 300      BF8A7417 
 300      245B4DA6 
 300      8ADEB19F 
 300      251599
 301 061b 4C115AB4 		.ascii	"L\021Z\264\007D\305\202i\007\345\322{-\243\357\371\026"
 301      0744C582 
 301      6907E5D2 
 301      7B2DA3EF 
 301      F916
 302 062d DB990975 		.ascii	"\333\231\011u\230\210Z\330,\204\205\232*\246\023\337"
 302      98885AD8 
 302      2C84859A 
 302      2AA613DF 
 303 063d CC0A35D5 		.ascii	"\314\0125\325\375\021\305\310\265(B\232\374]\233^\001"
 303      FD11C5C8 
 303      B528429A 
 303      FC5D9B5E 
 303      01
 304 064e B23904C2 		.ascii	"\2629\004\302\022\014aA\007x\0062u\011\362\225(\036"
 304      120C6141 
 304      07780632 
 304      7509F295 
 304      281E
 305 0660 204E6ECE 		.ascii	" Nn\316\352\201\210\251S\034\356f>v\314\\,\320\270K"
 305      EA8188A9 
 305      531CEE66 
 305      3E76CC5C 
 305      2CD0B84B 
 306 0674 8B39F452 		.ascii	"\2139\364R1\346\254\\\306g\345\265\242\262x\025\277"
 306      31E6AC5C 
 306      C667E5B5 
 306      A2B27815 
 306      BF
 307 0685 EC95A4A8 		.ascii	"\354\225\244\250\334o\236P\343\207LMcJ[0\237\321u2A"
 307      DC6F9E50 
 307      E3874C4D 
 307      634A5B30 
 307      9FD17532 
 308 069a DFBC8CEF 		.ascii	"\337\274\214\357\233\257\267\335>\206\361$#6\305??\342"
 308      9BAFB7DD 
 308      3E86F124 
 308      2336C53F 
 308      3FE2
 309 06ac 82171852 		.ascii	"\202\027\030R<3\320\243\226nR\217\310\245\232\324[g"
 309      3C33D0A3 
ARM GAS  /tmp/cc3H7CyJ.s 			page 24


 309      966E528F 
 309      C8A59AD4 
 309      5B67
 310 06be F755AB70 		.ascii	"\367U\253p\030\353\252\027\216\265\336T\341(\206\334"
 310      18EBAA17 
 310      8EB5DE54 
 310      E12886DC 
 311 06ce 9BCC7BE6 		.ascii	"\233\314{\346&\332\026\217\202\224L\271p[\314k(\210"
 311      26DA168F 
 311      82944CB9 
 311      705BCC6B 
 311      2888
 312 06e0 D708732A 		.ascii	"\327\010s*\323&\370Y\346d\011\275\2276\340\212\023\230"
 312      D326F859 
 312      E66409BD 
 312      9736E08A 
 312      1398
 313 06f2 F0ABD161 		.ascii	"\360\253\321aQ\032|\230!\335\223\307\317;K\033}\\\322"
 313      511A7C98 
 313      21DD93C7 
 313      CF3B4B1B 
 313      7D5CD2
 314 0705 E8C1A5C5 		.ascii	"\350\301\245\305?\341\034\306\374t\354t\263\033>\303"
 314      3FE11CC6 
 314      FC74EC74 
 314      B31B3EC3 
 315 0715 90985B73 		.ascii	"\220\230[se\316\370\"Cj\262fG\260\310\201l\220\230k"
 315      65CEF822 
 315      436AB266 
 315      47B0C881 
 315      6C90986B 
 316 0729 E340F9C8 		.ascii	"\343@\371\310\300>\350\030\030Sv\341\2638'\021S\236"
 316      C03EE818 
 316      185376E1 
 316      B3382711 
 316      539E
 317 073b 8829F778 		.ascii	"\210)\367x\351\020\022z\235o\343u\001\357\265<\366\316"
 317      E910127A 
 317      9D6FE375 
 317      01EFB53C 
 317      F6CE
 318 074d DE6C0572 		.ascii	"\336l\005r_)]H\2111\247\370\234)\224\013:\323\326$<"
 318      5F295D48 
 318      8931A7F8 
 318      9C29940B 
 318      3AD3D624 
 319 0762 F78C5577 		.ascii	"\367\214Uw\020\205rx:\211\234&\266<;\320\357\342\240"
 319      10857278 
 319      3A899C26 
 319      B63C3BD0 
 319      EFE2A0
 320 0775 54E78935 		.ascii	"T\347\2115\220\006\266\244wX\316\022j\025\240'G\356"
 320      9006B6A4 
 320      7758CE12 
 320      6A15A027 
 320      47EE
 321 0787 2C603CC3 		.ascii	",`<\303\"0p\253\266\320\025\3171\244t&\245\324\015\233"
ARM GAS  /tmp/cc3H7CyJ.s 			page 25


 321      223070AB 
 321      B6D015CF 
 321      31A47426 
 321      A5D40D9B 
 322 079b 141469BE 		.ascii	"\024\024i\276\2734\241\301\273\031\022\2310v\334\025"
 322      BB34A1C1 
 322      BB191299 
 322      3076DC15 
 323 07ab EF6748CD 		.ascii	"\357gH\315PG\214B\024\265\022\320}\336&j\265\351\355"
 323      50478C42 
 323      14B512D0 
 323      7DDE266A 
 323      B5E9ED
 324 07be 495A61D4 		.ascii	"IZa\324\316\3338u\301\234+W[\323'U8\205"
 324      CEDB3875 
 324      C19C2B57 
 324      5BD32755 
 324      3885
 325 07d0 097F743F 		.ascii	"\011\177t?\267K\2163\030\022\266;\251^.\322T\012\232"
 325      B74B8E33 
 325      1812B63B 
 325      A95E2ED2 
 325      540A9A
 326 07e3 CA6C349D 		.ascii	"\312l4\235]\312\016\3078\227g\232:2-6\257\\\304t0\267"
 326      5DCA0EC7 
 326      3897679A 
 326      3A322D36 
 326      AF5CC474 
 327 07f9 39CDA62B 		.ascii	"9\315\246+\277dc\336e\263y\027\016\304\216\251p\021"
 327      BF6463DE 
 327      65B37917 
 327      0EC48EA9 
 327      7011
 328 080b 137EAFB5 		.ascii	"\023~\257\265\250R\351\210\011U\200\022\013\337\343"
 328      A852E988 
 328      09558012 
 328      0BDFE3
 329 081a A8F4164E 		.ascii	"\250\364\026NHZ\011sk\225_e\246\273\235\030Y\352\214"
 329      485A0973 
 329      6B955F65 
 329      A6BB9D18 
 329      59EA8C
 330 082d 6B99FC4B 		.ascii	"k\231\374K\321\023\347\325\270\205!7\242:z\225\370\006"
 330      D113E7D5 
 330      B8852137 
 330      A23A7A95 
 330      F806
 331 083f 43E69316 		.ascii	"C\346\223\026N;K\357FW$w\243\335\263\203\205n\270\217"
 331      4E3B4BEF 
 331      46572477 
 331      A3DDB383 
 331      856EB88F 
 332 0853 72AB1E1D 		.ascii	"r\253\036\0359\005\305z%\373,ge\367A\031N\316\216\335"
 332      3905C57A 
 332      25FB2C67 
 332      65F74119 
 332      4ECE8EDD 
ARM GAS  /tmp/cc3H7CyJ.s 			page 26


 333 0867 674A0F81 		.ascii	"gJ\017\2019\200\322[\003bZ\345\313\035<\324\221:\375"
 333      3980D25B 
 333      03625AE5 
 333      CB1D3CD4 
 333      913AFD
 334 087a 1B56A709 		.ascii	"\033V\247\011q\355K\211!\251[\032\226\2632\275E\213"
 334      71ED4B89 
 334      21A95B1A 
 334      96B332BD 
 334      458B
 335 088c AABF8E78 		.ascii	"\252\277\216x\261e\031#>\001\242\213\276\216z\272\211"
 335      B1651923 
 335      3E01A28B 
 335      BE8E7ABA 
 335      89
 336 089d 170D2984 		.ascii	"\027\015)\204\212\277\216\272\352\267\314j\0108\272"
 336      8ABF8EBA 
 336      EAB7CC6A 
 336      0838BA
 337 08ac F875C4F3 		.ascii	"\370u\304\363\353\0301\0242t\3161q\254t\227E\250\311"
 337      EB183114 
 337      3274CE31 
 337      71AC7497 
 337      45A8C9
 338 08bf 2CD4C36E 		.ascii	",\324\303nP\007\320\000\320\014\320\004\320\002\320"
 338      5007D000 
 338      D00CD004 
 338      D002D0
 339 08ce 685993E3 		.ascii	"hY\223\3435M\321.8^I\247v\350\350\350\353l}\276\015"
 339      354DD12E 
 339      385E49A7 
 339      76E8E8E8 
 339      EB6C7DBE 
 340 08e3 D8CDF903 		.ascii	"\330\315\371\003\221\032\234\312n=\310)=\245\304\307"
 340      911A9CCA 
 340      6E3DC829 
 340      3DA5C4C7 
 341 08f3 18625EC8 		.ascii	"\030b^\310\313\331B6\237\306,c\2471#\241\025\003\034"
 341      CBD94236 
 341      9FC62C63 
 341      A73123A1 
 341      15031C
 342 0906 CE63A415 		.ascii	"\316c\244\025\375\373\3460\334\373\016t;Hp\230\360\035"
 342      FDFBE630 
 342      DCFB0E74 
 342      3B487098 
 342      F01D
 343 0918 76981012 		.ascii	"v\230\020\022\327\221\247\306\247\031\355`\330\221u"
 343      D791A7C6 
 343      A719ED60 
 343      D89175
 344 0927 1A89A6A4 		.ascii	"\032\211\246\244[N\351\211C7!\255n\260\264\342\215]"
 344      5B4EE989 
 344      433721AD 
 344      6EB0B4E2 
 344      8D5D
 345 0939 CE8C4D48 		.ascii	"\316\214MH\276\377&\276\300\344DF-\236\302\370\262\222"
ARM GAS  /tmp/cc3H7CyJ.s 			page 27


 345      BEFF26BE 
 345      C0E44446 
 345      2D9EC2F8 
 345      B292
 346 094b 2FF319B7 		.ascii	"/\363\031\267\264RR\373$\245\366\245\215Or\270\226\361"
 346      B45252FB 
 346      24A5F6A5 
 346      8D4F72B8 
 346      96F1
 347 095d 66559FBA 		.ascii	"fU\237\272\346\204\233\031R_\234\237\254\226\022\324"
 347      E6849B19 
 347      525F9C9F 
 347      AC9612D4 
 348 096d 2F29683E 		.ascii	"/)h>>q5\356b\254\267O\365\326p\270\217!-c\273b\235\035"
 348      3E7135EE 
 348      62ACB74F 
 348      F5D670B8 
 348      8F212D63 
 349 0985 1C9ADC95 		.ascii	"\034\232\334\225K\034\232\240\236\373]9\316\302\005"
 349      4B1C9AA0 
 349      9EFB5D39 
 349      CEC205
 350 0994 7CCFA631 		.ascii	"|\317\2461\0322/\340\220\301\342.\204\03725\2713a\347"
 350      1A322FE0 
 350      90C1E22E 
 350      841F3235 
 350      B93361E7 
 351 09a8 DCF01843 		.ascii	"\334\360\030C2\217\316\206px\222!y\305QY\342'\317\207"
 351      328FCE86 
 351      70789221 
 351      79C55159 
 351      E227CF87 
 352 09bc A07AD8A6 		.ascii	"\240z\330\246.\215\336\235\232P\341\020'\312\224^]\332"
 352      2E8DDE9D 
 352      9A50E110 
 352      27CA945E 
 352      5DDA
 353 09ce 22DED646 		.ascii	"\"\336\326FDL\015\273K\236:\011m}dS\314F\315\2666-\336"
 353      444C0DBB 
 353      4B9E3A09 
 353      6D7D6453 
 353      CC46CDB6 
 354 09e5 48453886 		.ascii	"HE8\206\011om\034\324\341C\354z\360Y\376\011q\251}\014"
 354      096F6D1C 
 354      D4E143EC 
 354      7AF059FE 
 354      0971A97D 
 355 09fa 8AC66D14 		.ascii	"\212\306m\024M\264\036\332\214\323\031O\\C\304#\215"
 355      4DB41EDA 
 355      8CD3194F 
 355      5C43C423 
 355      8D
 356 0a0b 88E78988 		.ascii	"\210\347\211\210\247=\261\356\015\241mOml\233\2604\230"
 356      A73DB1EE 
 356      0DA16D4F 
 356      6D6C9BB0 
 356      3498
ARM GAS  /tmp/cc3H7CyJ.s 			page 28


 357 0a1d 5503EFE0 		.ascii	"U\003\357\340\\*\032\207>\277\377{\330HW\332t_\226\371"
 357      5C2A1A87 
 357      3EBFFF7B 
 357      D84857DA 
 357      745F96F9 
 358 0a31 22663DE3 		.ascii	"\"f=\343\367\271iXWSv\273it\365~V\326@6\232\344\211"
 358      F7B96958 
 358      575376BB 
 358      6974F57E 
 358      56D64036 
 359 0a48 1D1F3F4D 		.ascii	"\035\037?M\274\311\026\375\004\277\371JP\363\233oB\\"
 359      BCC916FD 
 359      04BFF94A 
 359      50F39B6F 
 359      425C
 360 0a5a E2107697 		.ascii	"\342\020v\2276\352\211\264Q\3005\233X\237\345\202\013"
 360      36EA89B4 
 360      51C0359B 
 360      589FE582 
 360      0B
 361 0a6b 59D062F3 		.ascii	"Y\320b\363\332n(q\021Cr\227&\243\265\270\204!\021\343"
 361      DA6E2871 
 361      11437297 
 361      26A3B5B8 
 361      842111E3 
 362 0a7f 8FBE2D8A 		.ascii	"\217\276-\212\346<H}n\023\315\223#5!ja8\237\333\230"
 362      E63C487D 
 362      6E13CD93 
 362      2335216A 
 362      61389FDB 
 363 0a94 BB60D957 		.ascii	"\273`\331W\312\216\316\270\340j*[^\3266\374X\356\260"
 363      CA8ECEB8 
 363      E06A2A5B 
 363      5ED636FC 
 363      58EEB0
 364 0aa7 3379014A 		.ascii	"3y\001J\026y\323\227\204\261\254\236\307)\247Yg\002"
 364      1679D397 
 364      84B1AC9E 
 364      C729A759 
 364      6702
 365 0ab9 72D11C4F 		.ascii	"r\321\034O'\035\234\352\311\306\033Nx\267\212\025\203"
 365      271D9CEA 
 365      C9C61B4E 
 365      78B78A15 
 365      83
 366 0aca AEC7D7B5 		.ascii	"\256\307\327\2658\222!5\013\247\217\251p,CR\312GM\342"
 366      38922135 
 366      0BA78FA9 
 366      702C4352 
 366      CA474DE2 
 367 0ade A62B0443 		.ascii	"\246+\004C\323\210\205~\206\037?\021\241\306Y\214\351"
 367      D388857E 
 367      861F3F11 
 367      A1C6598C 
 367      E9
 368 0aef 7ECED551 		.ascii	"~\316\325Q\321\331\016\012\0231\015\265\275h\264Y\263"
 368      D1D90E0A 
ARM GAS  /tmp/cc3H7CyJ.s 			page 29


 368      13310DB5 
 368      BD68B459 
 368      B3
 369 0b00 BBB0D0DC 		.ascii	"\273\260\320\334p\314\007'7\344\301\030\306\347\251"
 369      70CC0727 
 369      37E4C118 
 369      C6E7A9
 370 0b0f 70AEF864 		.ascii	"p\256\370d\357\264+\311\266\225\322\315>\261m\017S\203"
 370      EFB42BC9 
 370      B695D2CD 
 370      3EB16D0F 
 370      5383
 371 0b21 22F14A14 		.ascii	"\"\361J\024\001\260\027\013\302\324\230\204OU\207\233"
 371      01B0170B 
 371      C2D49884 
 371      4F55879B 
 372 0b31 622A11D1 		.ascii	"b*\021\321@3n\017~Y\306]MY\226Iw\260t()\273\261=\271"
 372      40336E0F 
 372      7E59C65D 
 372      4D599649 
 372      77B07428 
 373 0b4a CD0312D9 		.ascii	"\315\003\022\331\360\222\2273r\"=GZ:?\011/\226\362\246"
 373      F0929733 
 373      72223D47 
 373      5A3A3F09 
 373      2F96F2A6 
 374 0b5e 5D1C3CB4 		.ascii	"]\034<\264\2049\366\203T\316\270\013\347\234q9\213\367"
 374      8439F683 
 374      54CEB80B 
 374      E79C7139 
 374      8BF7
 375 0b70 89CEE07B 		.ascii	"\211\316\340{r\\\315\342s;\267}L\215l\032\207\246c|"
 375      725CCDE2 
 375      733BB77D 
 375      4C8D6C1A 
 375      87A6637C 
 376 0b84 E3701AD2 		.ascii	"\343p\032\322a?\310\215\305/i\034\252\336\011\246\013"
 376      613FC88D 
 376      C52F691C 
 376      AADE09A6 
 376      0B
 377 0b95 6C0688F7 		.ascii	"l\006\210\367\361\304\326\203f;\342A\2368\012,\015\346"
 377      F1C4D683 
 377      663BE241 
 377      9E380A2C 
 377      0DE6
 378 0ba7 89CD2ED8 		.ascii	"\211\315.\330o\301\366.\312(5\361/\032|\213\0018`\361"
 378      6FC1F62E 
 378      CA2835F1 
 378      2F1A7C8B 
 378      013860F1 
 379 0bbb 6F6F6E7A 		.ascii	"oonz\273\032\327Q\227\334\233z\307\256;\231\373!\301"
 379      BB1AD751 
 379      97DC9B7A 
 379      C7AE3B99 
 379      FB21C1
 380 0bce 877F829D 		.ascii	"\207\177\202\235\370\224U\004\342\335I\210\367q\233"
ARM GAS  /tmp/cc3H7CyJ.s 			page 30


 380      F8945504 
 380      E2DD4988 
 380      F7719B
 381 0bdd 782FDA3D 		.ascii	"x/\332=\277\266\377;X\234\370Gz\254\033\207\031\265"
 381      BFB6FF3B 
 381      589CF847 
 381      7AAC1B87 
 381      19B5
 382 0bef F5703A55 		.ascii	"\365p:Un;\231\355?M4U\004+\321m\230\372[\274l\266\245"
 382      6E3B99ED 
 382      3F4D3455 
 382      042BD16D 
 382      98FA5BBC 
 383 0c06 C95027A5 		.ascii	"\311P'\245\355\225[K\323\007\214x\000\210\357H\022\013"
 383      ED955B4B 
 383      D3078C78 
 383      0088EF48 
 383      120B
 384 0c18 B2EAF629 		.ascii	"\262\352\366)\276/\202r\217\036\210\314n\2643\273\245"
 384      BE2F8272 
 384      8F1E88CC 
 384      6EB433BB 
 384      A5
 385 0c29 956FBA48 		.ascii	"\225o\272H\333rVD~\306^|\373\227,(\244G;\346 (\002\362"
 385      DB725644 
 385      7EC65E7C 
 385      FB972C28 
 385      A4473BE6 
 386 0c41 913F3072 		.ascii	"\221?0r\222\342\207E\344i6\322\301\232\307\371\0326"
 386      92E28745 
 386      E46936D2 
 386      C19AC7F9 
 386      1A36
 387 0c53 EF64064D 		.ascii	"\357d\006M|\024%\346\235\357.{xWI\243\226\341@\272\325"
 387      7C1425E6 
 387      9DEF2E7B 
 387      785749A3 
 387      96E140BA 
 388 0c68 D5E98265 		.ascii	"\325\351\202e\361&BN2p\214'w\374S\307\325\363\274\364"
 388      F126424E 
 388      32708C27 
 388      77FC53C7 
 388      D5F3BCF4 
 389 0c7c 68907EDF 		.ascii	"h\220~\337A \005\256V\375\234\271\012\275?js\020HA\263"
 389      412005AE 
 389      56FD9CB9 
 389      0ABD3F6A 
 389      73104841 
 390 0c91 7B715958 		.ascii	"{qYX\250\011\362\245\007\"\323%9\251\327\255\0310]\312"
 390      A809F2A5 
 390      0722D325 
 390      39A9D7AD 
 390      19305DCA 
 391 0ca5 DB428477 		.ascii	"\333B\204w\210\204_\263\023\336\360\0013\005\272\023"
 391      88845FB3 
 391      13DEF001 
 391      3305BA13 
ARM GAS  /tmp/cc3H7CyJ.s 			page 31


 392 0cb5 3428A2EE 		.ascii	"4(\242\356\264\213KK\001\237\002\244\252\317\212\310"
 392      B48B4B4B 
 392      019F02A4 
 392      AACF8AC8 
 393 0cc5 CBED1DBD 		.ascii	"\313\355\035\275]&0\246\335\2011\342_j\222a\032\223"
 393      5D2630A6 
 393      DD8131E2 
 393      5F6A9261 
 393      1A93
 394 0cd7 48052AE5 		.ascii	"H\005*\345Y\310\012M\205\325\231\005p\030 \021\340\010"
 394      59C80A4D 
 394      85D59905 
 394      70182011 
 394      E008
 395 0ce9 4026C021 		.ascii	"@&\300!\200\203\000\031\000G\001\216\001\244\003$\001"
 395      80830019 
 395      0047018E 
 395      01A40324 
 395      01
 396 0cfa C4032403 		.ascii	"\304\003$\003\244\001\244\000$XVw\370\371\306\025\356"
 396      A401A400 
 396      24585677 
 396      F8F9C615 
 396      EE
 397 0d0b D24ACBFF 		.ascii	"\322J\313\377\317\224\016/\236z\300\341\026V2\213z."
 397      CF940E2F 
 397      9E7AC0E1 
 397      1656328B 
 397      7A2E
 398 0d1d DE55E04E 		.ascii	"\336U\340N\206\334<\330\221*\336\257\262!\255sl\366"
 398      86DC3CD8 
 398      912ADEAF 
 398      B221AD73 
 398      6CF6
 399 0d2f AB909AA3 		.ascii	"\253\220\232\243o\343G\214\347vT\343\222\263\231'\314"
 399      6FE3478C 
 399      E77654E3 
 399      92B39927 
 399      CC
 400 0d40 CC932BE2 		.ascii	"\314\223+\342)\273\030\372\300\346\3015\317f\022\362"
 400      29BB18FA 
 400      C0E6C135 
 400      CF6612F2 
 401 0d50 CD7BDC64 		.ascii	"\315{\334d\344\256456\251\331\301Q\361\275l9\336\305"
 401      E4AE3435 
 401      36A9D9C1 
 401      51F1BD6C 
 401      39DEC5
 402 0d63 90A5E385 		.ascii	"\220\245\343\205\021*\274\217!\335q\365\327\234q,C\312"
 402      112ABC8F 
 402      21DD71F5 
 402      D79C712C 
 402      43CA
 403 0d75 1E253C56 		.ascii	"\036%<VH\237\316\234\306\022\2473\362\252\346\242\022"
 403      489FCE9C 
 403      C612A733 
 403      F2AAE6A2 
ARM GAS  /tmp/cc3H7CyJ.s 			page 32


 403      12
 404 0d86 8DF59C3A 		.ascii	"\215\365\234:W\221\230\311\357\014g\260\006\025\002"
 404      579198C9 
 404      EF0C67B0 
 404      061502
 405 0d95 4F91F45E 		.ascii	"O\221\364^%\335\211\234\342\031\210\226\263\2268\227"
 405      25DD899C 
 405      E2198896 
 405      B3963897 
 406 0da5 7646B73A 		.ascii	"vF\267:\343FfbQLQ\241\332\301\001\3109I\366\375w\256"
 406      E3466662 
 406      514C51A1 
 406      DAC101C8 
 406      3949F6FD 
 407 0dbb FF0D6E57 		.ascii	"\377\015nW\333\374\362\374\245\370\227\347/\331\263"
 407      DBFCF2FC 
 407      A5F897E7 
 407      2FD9B3
 408 0dca 51E26C48 		.ascii	"Q\342lH\037\306=\214<\252\2402\313M:\036\0271e!\252"
 408      1FC63D8C 
 408      3CAAA032 
 408      CB4D3A1E 
 408      17316521 
 409 0ddf 2EE015E8 		.ascii	".\340\025\350<\246\017\015Y%\221)j|\217q?o=\375!\036"
 409      3CA60F0D 
 409      59259129 
 409      6A7C8F71 
 409      3F6F3DFD 
 410 0df5 A5D7F2A7 		.ascii	"\245\327\362\247!9E\316\346\016L\324<\226\203\260K\274"
 410      213945CE 
 410      E60E4CD4 
 410      3C9683B0 
 410      4BBC
 411 0e07 E1972DAD 		.ascii	"\341\227-\255\005\254\320\273e8\352\230\211\266\026"
 411      05ACD0BB 
 411      6538EA98 
 411      89B616
 412 0e16 E6DDF392 		.ascii	"\346\335\363\222M\355\022n\376%\031\005ir<\313\224\357"
 412      4DED126E 
 412      FE251905 
 412      69723CCB 
 412      94EF
 413 0e28 693FD7E5 		.ascii	"i?\327\345\352\240W\255\020\253\003\216\271\304\341"
 413      EAA057AD 
 413      10AB038E 
 413      B9C4E1
 414 0e37 08171CCA 		.ascii	"\010\027\034\312\3020\332\023Y\202\360^\206\204\337"
 414      C230DA13 
 414      5982F05E 
 414      8684DF
 415 0e46 CB7F8171 		.ascii	"\313\177\201q\014C\256\266\327O\210s\273\006D^\261\311"
 415      0C43AEB6 
 415      D74F8873 
 415      BB06445E 
 415      B1C9
 416 0e58 D3884B05 		.ascii	"\323\210K\005\276\3700\3439;RR\253\024\361\\\025\361"
 416      BEF830E3 
ARM GAS  /tmp/cc3H7CyJ.s 			page 33


 416      393B5252 
 416      AB14F15C 
 416      15F1
 417 0e6a F49F5B48 		.ascii	"\364\237[H\2669i\253\265\311\236:sn?\254\233\036R\341"
 417      B63969AB 
 417      B5C99E3A 
 417      736E3FAC 
 417      9B1E52E1 
 418 0e7e 02267CBA 		.ascii	"\002&|\272\376P\256\013.bHT\344@\226\223\364\2145He"
 418      FE50AE0B 
 418      2E624854 
 418      E4409693 
 418      F48C3548 
 419 0e93 30577778 		.ascii	"0Wwx\340\237\220\365\207qx|h1?>\324\361\315\\\313K\233"
 419      E09F90F5 
 419      8771787C 
 419      68313F3E 
 419      D4F1CD5C 
 420 0eaa B9C554BE 		.ascii	"\271\305T\276\231k\204\214\257\307\366\344\326fN\272"
 420      996B848C 
 420      AFC7F6E4 
 420      D6664EBA 
 421 0eba 2BABE139 		.ascii	"+\253\3419\350\323'\224\227&\200faw\3718\225\357\376"
 421      E8D32794 
 421      97268066 
 421      6177F938 
 421      95EFFE
 422 0ecd EAF8EE4F 		.ascii	"\352\370\356O\302\034>\001\246\366\225\367i\035t\177"
 422      C21C3E01 
 422      A6F695F7 
 422      691D747F 
 423 0edd 571DEB01 		.ascii	"W\035\353\001\316c\225\323\025\032\\\305b\270p&\177"
 423      CE6395D3 
 423      151A5CC5 
 423      62B87026 
 423      7F
 424 0eee 4189BB19 		.ascii	"A\211\273\031\022}\256w\301\015\0172d\251\361t\252\203"
 424      127DAE77 
 424      C10D0F32 
 424      64A9F174 
 424      AA83
 425 0f00 FAD02115 		.ascii	"\372\320!\025]\374\274\341\\\017\351\035\335-\255\343"
 425      5DFCBCE1 
 425      5C0FE91D 
 425      DD2DADE3 
 426 0f10 CDCC7613 		.ascii	"\315\314v\023\215n\0331\006\230n\274l\243\357\371.\333"
 426      8D6E1B31 
 426      06986EBC 
 426      6CA3EFF9 
 426      2EDB
 427 0f22 CFAE436C 		.ascii	"\317\256Cl\333y\342\257y5\000\234~\006\024dSG\327x\026"
 427      DB79E2AF 
 427      7935009C 
 427      7E061464 
 427      5347D778 
 428 0f37 62552738 		.ascii	"bU'8\334eq8\256\341\314\210\023\036en\005\327W7\252"
 428      DC657138 
ARM GAS  /tmp/cc3H7CyJ.s 			page 34


 428      AEE1CC88 
 428      131E656E 
 428      05D75737 
 429 0f4c DDA545DC 		.ascii	"\335\245E\334t(\242\260e\177\252\013\016qf?\355\035"
 429      7428A2B0 
 429      657FAA0B 
 429      0E71663F 
 429      ED1D
 430 0f5e 088E93E3 		.ascii	"\010\216\223\343=\014\351\336\375\254A\201\017R\004"
 430      3D0CE9DE 
 430      FDAC4181 
 430      0F5204
 431 0f6d EF5EBCD6 		.ascii	"\357^\274\326\241\021=\314Z\344\367\202\374>^\376\035"
 431      A1113DCC 
 431      5AE4F782 
 431      FC3E5EFE 
 431      1D
 432 0f7e 907F5B38 		.ascii	"\220\177[8\367\323\267\005\033\356-\236\322\321\006"
 432      F7D3B705 
 432      1BEE2D9E 
 432      D2D106
 433 0f8d 0DF1EDBA 		.ascii	"\015\361\355\272\3157:\346\356\271O:\270\344(s\374\340"
 433      CD373AE6 
 433      EEB94F3A 
 433      B8E42873 
 433      FCE0
 434 0f9f 30       		.ascii	"0"
 435 0fa0 870F3383 		.ascii	"\207\0173\203\347\356\336\271\342(\000\375\322\006\222"
 435      E7EEDEB9 
 435      E22800FD 
 435      D20692
 436 0faf D38485CA 		.ascii	"\323\204\205\312K\374O\025\375\344\224\351\340pC\245"
 436      4BFC4F15 
 436      FDE494E9 
 436      E07043A5 
 437 0fbf 33FF3B87 		.ascii	"3\377;\207+\340i\373\223\213\2658\227\251H\034\233\230"
 437      2BE069FB 
 437      938BB538 
 437      97A9481C 
 437      9B98
 438 0fd1 D1E2F30C 		.ascii	"\321\342\363\0149\327\226\177\201\303\325\014\211\256"
 438      39D7967F 
 438      81C3D50C 
 438      89AE
 439 0fdf 3CB10337 		.ascii	"<\261\0037\261\353G\371qG\224\270\235\"\212\376\251"
 439      B1EB47F9 
 439      714794B8 
 439      9D228AFE 
 439      A9
 440 0ff0 A1190512 		.ascii	"\241\031\005\022\274\2652\376\\1\307\377\016J\336\025"
 440      BCB532FE 
 440      5C31C7FF 
 440      0E4ADE15 
 441 1000 7900968D 		.ascii	"y\000\226\215J/\006\276e=\201MY\253(\355}iZA\354F\336"
 441      4A2F06BE 
 441      653D814D 
 441      59AB28ED 
ARM GAS  /tmp/cc3H7CyJ.s 			page 35


 441      7D695A41 
 442 1017 30D540AB 		.ascii	"0\325@\253M\272\370\207<\261\265\213\267vN6M\306\022"
 442      4DBAF887 
 442      3CB1B58B 
 442      B7764E36 
 442      4DC612
 443 102a 10B0CE77 		.ascii	"\020\260\316w\224\217\3200Dh\004`\014\340\221\260\222"
 443      948FD030 
 443      44680460 
 443      0CE091B0 
 443      92
 444 103b F758C50F 		.ascii	"\367X\305\017\211\304\333\274~R\260'\264\\\205#\265"
 444      89C4DBBC 
 444      7E52B027 
 444      B45C8523 
 444      B5
 445 104c 3420850F 		.ascii	"4 \205\017\232\357\"wI\245\3501/\307\201\336CX3}5\374"
 445      9AEF2277 
 445      49A5E831 
 445      2FC781DE 
 445      4358337D 
 446 1062 22F919D9 		.ascii	"\"\371\031\331\374|cY\205\215\371\374*\354\006\376*"
 446      FC7C6359 
 446      858DF9FC 
 446      2AEC06FE 
 446      2A
 447 1073 90F314BE 		.ascii	"\220\363\024\276\315S.\354\210m4\337\205\215n\0206:"
 447      CD532EEC 
 447      886D34DF 
 447      858D6E10 
 447      363A
 448 1085 7A6CF594 		.ascii	"zl\365\224\327<\005\032\237\000L\003\314\002<\003\230"
 448      D73C051A 
 448      9F004C03 
 448      CC023C03 
 448      98
 449 1096 00980498 		.ascii	"\000\230\004\230\003\230\021&t\3278\237\320\320\246"
 449      03981126 
 449      74D7389F 
 449      D0D0A6
 450 10a5 A093BC5E 		.ascii	"\240\223\274^\007\2752i\334\307I>\357\011\325\242\023"
 450      07BD3269 
 450      DCC7493E 
 450      EF09D5A2 
 450      13
 451 10b6 4097C26B 		.ascii	"@\227\302k5\267v\342G\261\021\177V.\212\201\252@$\375"
 451      35B776E2 
 451      47B1117F 
 451      562E8A81 
 451      AA4024FD 
 452 10ca 9AFD43C7 		.ascii	"\232\375C\307\374W\354\231c\000\310zDA\260{0m\367c\304"
 452      FC57EC99 
 452      6300C87A 
 452      4441B07B 
 452      306DF763 
 453 10df 954054C6 		.ascii	"\225@T\306\023[\367a\373\326zd'{(\034\007\252{<\265"
 453      135BF761 
ARM GAS  /tmp/cc3H7CyJ.s 			page 36


 453      FBD67A64 
 453      277B281C 
 453      07AA7B3C 
 454 10f4 355B5ED8 		.ascii	"5[^\330=q\314\3731\273K\241\314\2258\260[`\311\016f"
 454      3D71CCFB 
 454      31BB4BA1 
 454      CC9538B0 
 454      5B60C90E 
 455 1109 49227404 		.ascii	"I\"t\004\241|L\254\213\334$\027\344Rm\333\360c\225\273"
 455      A17C4CAC 
 455      8BDC2417 
 455      E4526DDB 
 455      F06395BB 
 456 111d F4248EFC 		.ascii	"\364$\216\374\357'\221\224\212\264\271`\271p\213\236"
 456      EF279194 
 456      8AB4B960 
 456      B9708B9E 
 457 112d B7B1F5B9 		.ascii	"\267\261\365\271y\213\016>u\270\001-\213\341\373\264"
 457      798B0E3E 
 457      75B8012D 
 457      8BE1FBB4 
 458 113d 5F70E48E 		.ascii	"_p\344\216\360\234\012/c\257\006\260N\272\242\363\221"
 458      F09C0A2F 
 458      63AF06B0 
 458      4EBAA2F3 
 458      91
 459 114e 4A154E4F 		.ascii	"J\025NOy\253\005\247\274\020)\254\242\375\201\360\220"
 459      79AB05A7 
 459      BC1029AC 
 459      A2FD81F0 
 459      90
 460 115f B76A774D 		.ascii	"\267jwM\203\033Nf\013\344lWr\274F\202\025-B\034\245"
 460      831B4E66 
 460      0BE46C57 
 460      72BC4682 
 460      152D421C 
 461 1174 B80B63FB 		.ascii	"\270\013c\373+\335p6\343\316\232\033/\321\342s\014\351"
 461      2BDD7036 
 461      E3CE9A1B 
 461      2FD1E273 
 461      0CE9
 462 1186 1C3FB45B 		.ascii	"\034?\264[.\275\273\005s\022\335\236b \373\326\220\222"
 462      2EBDBB05 
 462      7312DD9E 
 462      6220FBD6 
 462      9092
 463 1198 9E1C3928 		.ascii	"\236\0349(\356\223\010\243P\216\2058\214[\211v\001\204"
 463      EE9308A3 
 463      508E8538 
 463      8C5B8976 
 463      0184
 464 11aa 03ECE604 		.ascii	"\003\354\346\004kb\342\277\330C\376\022\030K\036\362"
 464      6B62E2BF 
 464      D843FE12 
 464      184B1EF2 
 465 11ba 0983D97D 		.ascii	"\011\203\331}\273\034\354Z\340\227\017\204\017=\347"
 465      BB1CEC5A 
ARM GAS  /tmp/cc3H7CyJ.s 			page 37


 465      E0970F84 
 465      0F3DE7
 466 11c9 853B2E69 		.ascii	"\205;.i\213\013\374\363\335<T\235)\021\271\3759\323"
 466      8B0BFCF3 
 466      DD3C549D 
 466      2911B9FD 
 466      39D3
 467 11db E325254B 		.ascii	"\343%%K\303\020\016*8'MN\305C\260\312w\205M\273\340"
 467      C3100E2A 
 467      38274D4E 
 467      C543B0CA 
 467      77854DBB 
 468 11f0 3216B9E9 		.ascii	"2\026\271\351]c&G\373\307\036\356\2451 \005/=#\307\351"
 468      5D632647 
 468      FBC71EEE 
 468      A5312005 
 468      2F3D23C7 
 469 1205 FB99A67E 		.ascii	"\373\231\246~0\2716\311i1\242\321d\312\220\243\010`"
 469      30B936C9 
 469      6931A2D1 
 469      64CA90A3 
 469      0860
 470 1217 9A642FD9 		.ascii	"\232d/\331\010V\345$}\337\007\355\345\276O\216\273\036"
 470      0856E524 
 470      7DDF07ED 
 470      E5BE4F8E 
 470      BB1E
 471 1229 541528D8 		.ascii	"T\025(\330\016t\223H*\216)\011\347\337Am#\370\314\345"
 471      0E749348 
 471      2A8E2909 
 471      E7DF416D 
 471      23F8CCE5 
 472 123d 94540E3F 		.ascii	"\224T\016?cFfg\0358\252\304\363\014\251_\270RK\177\240"
 472      63466667 
 472      1D38AAC4 
 472      F30CA95F 
 472      B8524B7F 
 473 1252 0815CDF5 		.ascii	"\010\025\315\365~N\352w\350\343\207n%\270\341P\027\326"
 473      7E4EEA77 
 473      E8E3876E 
 473      25B8E150 
 473      17D6
 474 1264 07A53C49 		.ascii	"\007\245<I\323\342\010\206$\367\347fh\245\323FZT\317"
 474      D3E20886 
 474      24F7E766 
 474      68A5D346 
 474      5A54CF
 475 1277 95A26E67 		.ascii	"\225\242ng\341\322\210\345\204\277,\304q\302\2451\325"
 475      E1D288E5 
 475      84BF2CC4 
 475      71C2A531 
 475      D5
 476 1288 74A95A81 		.ascii	"t\251Z\201\343\230\252\222\374[\275.8\215!{&\256\014"
 476      E398AA92 
 476      FC5BBD2E 
 476      388D217B 
 476      26AE0C
ARM GAS  /tmp/cc3H7CyJ.s 			page 38


 477 129b 28702643 		.ascii	"(p&C\312\232\347\362\\q6C\362F\032.;\343\263\014y\376"
 477      CA9AE7F2 
 477      5C713643 
 477      F2461A2E 
 477      3BE3B30C 
 478 12b1 A2FA9A02 		.ascii	"\242\372\232\002\2273\244\2743o\321\031W3d\240\357\301"
 478      9733A4BC 
 478      336FD119 
 478      573364A0 
 478      EFC1
 479 12c3 5E575CCF 		.ascii	"^W\\\317\220;\205\013\271\012\334\301\220\204\203}\321"
 479      903B850B 
 479      B90ADCC1 
 479      9084837D 
 479      D1
 480 12d4 72DCC70B 		.ascii	"r\334\307\013\310x6\345\204\3572\2446\366\364\021\214"
 480      C87836E5 
 480      84EF32A4 
 480      36F6F411 
 480      8C
 481 12e5 87197220 		.ascii	"\207\031r \363\331\234\322\034\304\260W\360\374\360"
 481      F3D99CD2 
 481      1CC4B057 
 481      F0FCF0
 482 12f4 8D813E84 		.ascii	"\215\201>\204\0373\356\312\353\213\215\032<\315\220"
 482      1F33EECA 
 482      EB8B8D1A 
 482      3CCD90
 483 1303 9EA2C2DB 		.ascii	"\236\242\302\333\012\374\202!\211\273\252{\335p\270"
 483      0AFC8221 
 483      89BBAA7B 
 483      DD70B8
 484 1312 2B3B8B0C 		.ascii	"+;\213\014\256\036\225\343}\014\311\336\027\355\217"
 484      AE1E95E3 
 484      7D0CC9DE 
 484      17ED8F
 485 1321 E3D9F599 		.ascii	"\343\331\365\231\245\373m*\234\302\220\372\252\373\213"
 485      A5FB6D2A 
 485      9CC290FA 
 485      AAFB8B
 486 1330 FCCCDFA2 		.ascii	"\374\314\337\242g\316\207\216e\250\3717\203\024\200"
 486      67CE878E 
 486      65A8F937 
 486      831480
 487 133f 871EAEDE 		.ascii	"\207\036\256\336\247\301\351\224\370\315\262\373\355"
 487      A7C1E994 
 487      F8CDB2FB 
 487      ED
 488 134c 93A2E33F 		.ascii	"\223\242\343?\301&I\3363\271\321\354T^~\362Z0i \242"
 488      C12649DE 
 488      33B9D1EC 
 488      545E7EF2 
 488      5A306920 
 489 1361 617ED2C0 		.ascii	"a~\322\300\241\213\234\3704E\360j\312\304#\314\326\017"
 489      A18B9CF8 
 489      3445F06A 
 489      CAC423CC 
ARM GAS  /tmp/cc3H7CyJ.s 			page 39


 489      D60F
 490 1373 A14F15D1 		.ascii	"\241O\025\321\013\3138%\037\021\220\037\023\221\013"
 490      0BCB3825 
 490      1F11901F 
 490      13910B
 491 1382 5727216F 		.ascii	"W'!o\030\025\220'\211\310\317\330[\323.\244O\024\321"
 491      18159027 
 491      89C8CFD8 
 491      5BD32EA4 
 491      4F14D1
 492 1395 2FDA89AF 		.ascii	"/\332\211\257\022\222';\020o\255D\363fr\310Vt@D\236"
 492      1292273B 
 492      106FAD44 
 492      F36672C8 
 492      56744044 
 493 13aa 6A6FCDA0 		.ascii	"jo\315\240\320\331\023\"z\017;c\204\221\314\024Q\333"
 493      D0D91322 
 493      7A0F3B63 
 493      8491CC14 
 493      51DB
 494 13bc 1CD81163 		.ascii	"\034\330\021c\036\011\214Iq\020xah\306\004\342sD\364"
 494      1E098C49 
 494      71107861 
 494      68C604E2 
 494      7344F4
 495 13cf 919CDD44 		.ascii	"\221\234\335D\011C\023\357\300W+\371\274\320\325,\007"
 495      094313EF 
 495      C0572BF9 
 495      BCD0D52C 
 495      07
 496 13e0 F32AB0A6 		.ascii	"\363*\260\246JhM\214\210>\312\316\232\006!\371>\007"
 496      4A684D8C 
 496      883ECACE 
 496      9A0621F9 
 496      3E07
 497 13f2 E4E267A2 		.ascii	"\344\342g\242ln\005:I\357]\344\213\361\031(\302\345"
 497      6C6E053A 
 497      49EF5DE4 
 497      8BF11928 
 497      C2E5
 498 1404 00F90025 		.ascii	"\000\371\000%\000g\001\312\000*\001J\001.\001\344\002"
 498      006701CA 
 498      002A014A 
 498      012E01E4 
 498      02
 499 1415 E4011401 		.ascii	"\344\001\024\001\024\002\024\000\234\002\250\002\270"
 499      14021400 
 499      9C02A802 
 499      B8
 500 1422 0C500150 		.ascii	"\014P\001P\014p\032\340<\300\005\200s\346\315-\036\254"
 500      0C701AE0 
 500      3CC00580 
 500      73E6CD2D 
 500      1EAC
 501 1434 ED314F4D 		.ascii	"\3551OM:X{Ddm\243}0\032\2043\177\324\301\314\013\350"
 501      3A587B44 
 501      646DA37D 
ARM GAS  /tmp/cc3H7CyJ.s 			page 40


 501      301A8433 
 501      7FD4C1CC 
 502 144a 4784C13E 		.ascii	"G\204\301>.\235W\3024\024\212?\354`I[c=(\234\371\203"
 502      2E9D57C2 
 502      34148A3F 
 502      EC60495B 
 502      633D289C 
 503 1460 22F2343B 		.ascii	"\"\3624;\362\021!y\202\003ra\036\012\255\311p\020\034"
 503      F2112179 
 503      82037261 
 503      1E0AADC9 
 503      70101C
 504 1473 C10B18C2 		.ascii	"\301\013\030\3025w\310\301\2126\357\317\307\223\256"
 504      3577C8C1 
 504      8A36EFCF 
 504      C793AE
 505 1482 3F46F809 		.ascii	"?F\370\011\253\216\2139\0115v?\\\232\363\001U\363\202"
 505      AB8E8B39 
 505      0935763F 
 505      5C9AF301 
 505      55F382
 506 1495 FE1F5282 		.ascii	"\376\037R\202\354\037Y\231=6'<56>\\\341\350\313\360"
 506      EC1F5999 
 506      3D36273C 
 506      35363E5C 
 506      E1E8CBF0 
 507 14a9 F0456A78 		.ascii	"\360Ejxw\361.\214\347\230\0139\371\207\013]q\234\033"
 507      77F12E8C 
 507      E7980B39 
 507      F9870B5D 
 507      719C1B
 508 14bc FB79B1AA 		.ascii	"\373y\261\252:UI\336\376\255\345\370\267\177\357\025"
 508      3A5549DE 
 508      FEADE5F8 
 508      B77FEF15 
 509 14cc 0FCDB909 		.ascii	"\017\315\271\011_\352%/\312Z\337\352\255\347\336\220"
 509      5FEA252F 
 509      CA5ADFEA 
 509      ADE7DE90 
 510 14dc 91778229 		.ascii	"\221w\202)m\315\321p\372ZuE?\364\033\363\270\240|\026"
 510      6DCDD170 
 510      FA5A7545 
 510      3FF41BF3 
 510      B8A07C16 
 511 14f0 CAFCF2B0 		.ascii	"\312\374\362\260\277#T\350*g~\255\267\216\2030\001j"
 511      BF2354E8 
 511      2A677EAD 
 511      B78E8330 
 511      016A
 512 1502 FB5A6F03 		.ascii	"\373Zo\003G^\353\255\271\221u\315U\350F\204\355\314"
 512      475EEBAD 
 512      B99175CD 
 512      55E84684 
 512      EDCC
 513 1514 31371AA9 		.ascii	"17\032\251\033\015u\227_hp\006\263|\344L\177\265\226"
 513      1B0D7597 
 513      5F687006 
ARM GAS  /tmp/cc3H7CyJ.s 			page 41


 513      B37CE44C 
 513      7FB596
 514 1527 BE914C0C 		.ascii	"\276\221L\014do)_\210\252>\243\264\2145st\360|dj\262"
 514      646F295F 
 514      88AA3EA3 
 514      B48C3573 
 514      74F07C64 
 515 153d B3E5D5E5 		.ascii	"\263\345\325\345\02668}44\307\361\253\313m\304\311V"
 515      1636387D 
 515      3434C7F1 
 515      ABCB6DC4 
 515      C956
 516 154f 8EF77226 		.ascii	"\216\367r&\351N\202\226\367r\346\302\373W\257\320\227"
 516      E94E8296 
 516      F772E6C2 
 516      FB57AFD0 
 516      97
 517 1560 C7D37F43 		.ascii	"\307\323\177C\351P\023g}y\274\311\336\307k\334\367d"
 517      E9501367 
 517      7D79BCC9 
 517      DEC76BDC 
 517      F764
 518 1572 C8FFFB3F 		.ascii	"\310\377\373?\376\261\007\374\377J\247\367\327\371z"
 518      FEB107FC 
 518      FF4AA7F7 
 518      D7F97A
 519 1581 ACD9EAB3 		.ascii	"\254\331\352\263\321\347\323\365\036\001\006\017\275"
 519      D1E7D3F5 
 519      1E01060F 
 519      BD
 520 158e D1C3A0F7 		.ascii	"\321\303\240\367\366\360\336j\364\373\261\267\352\327"
 520      F6F0DE6A 
 520      F4FBB1B7 
 520      EAD7
 521 159c 9FFCEEAD 		.ascii	"\237\374\356\2555\037| S\006y\373\033=\215\234\257\227"
 521      351F7C20 
 521      530679FB 
 521      1B3D8D9C 
 521      AF97
 522 15ae C1E8A437 		.ascii	"\301\350\2447RD\261=@o0r\033u\006\243\306;\310/\310"
 522      5244B13D 
 522      406F3072 
 522      1B7506A3 
 522      C63BC82F 
 523 15c3 D7CBE8B3 		.ascii	"\327\313\350\263M\247\322\033\215>~:O\343\337\277D\203"
 523      4DA7D21B 
 523      8D3E7E3A 
 523      4FE3DFBF 
 523      4483
 524 15d5 8FBFB76F 		.ascii	"\217\277\267o\320&\035\323\262U\266\214r\370\351\274"
 524      D0261DD3 
 524      B255B68C 
 524      72F8E9BC 
 525 15e5 0C417A9D 		.ascii	"\014Az\235\237\216\010\227\277/\323z\351\375\266\375"
 525      9F8E0897 
 525      BF2FD37A 
 525      E9FDB6FD 
ARM GAS  /tmp/cc3H7CyJ.s 			page 42


 526 15f5 44F78EDF 		.ascii	"D\367\216\337\0177\007\3124\336\001z\243n\307;~\357"
 526      0F3707CA 
 526      34DE017A 
 526      A36EC73B 
 526      7EEF
 527 1607 CB5CBDB7 		.ascii	"\313\\\275\267nX\367\351\306?\351\274\215\037\371\373"
 527      6E58F7E9 
 527      C63FE9BC 
 527      8D1FF9FB 
 528 1617 18FFF695 		.ascii	"\030\377\366\225<\221\275N\270\326\033\275\364\306u"
 528      3C91BD4E 
 528      B8D61BBD 
 528      F4C675
 529 1626 563D5FA8 		.ascii	"V=_\250\374\003|\374}}\374u\313\331\355\200@\341\335"
 529      FC037CFC 
 529      7D7DFC75 
 529      CBD9ED80 
 529      40E1DD
 530 1639 37C8E09A 		.ascii	"7\310\340\232\255^>\376\202\321\015\001_\250\275\267"
 530      AD5E3EFE 
 530      82D10D01 
 530      5FA8BDB7 
 531 1649 7A1A761A 		.ascii	"z\032v\032\214:?l\364\363V\006l\336l\320\031_3\372y"
 531      8C3A3F6C 
 531      F4F35606 
 531      6CDE6CD0 
 531      195F33FA 
 532 165e 7A7BF9FA 		.ascii	"z{\371\372l\324C\034\002\374=\215j\037\177\203\321\313"
 532      6CD4431C 
 532      02FC3D8D 
 532      6A1F7F83 
 532      D1CB
 533 1670 DF5B67C0 		.ascii	"\337[g\300\2336nq\3621\350=!n\012\032;u\240\227\277"
 533      9B366E71 
 533      F231E83D 
 533      216E0A1A 
 533      3B75A097 
 534 1685 8FB7A79F 		.ascii	"\217\267\247\237a\013\347\275\325K\357f\021\350\271"
 534      610BE7BD 
 534      D54BEF66 
 534      11E8B9
 535 1694 49B73168 		.ascii	"I\2671h\213\3127\300\373+B\375\316+\005\221\362@\034"
 535      8BCA37C0 
 535      FB2B42FD 
 535      CE2B0591 
 535      F2401C
 536 16a7 5D85323C 		.ascii	"]\2052<\215\032?\260\334\270U\257\363\332\244\202?\276"
 536      8D1A3FB0 
 536      DCB855AF 
 536      F3DAA482 
 536      3FBE
 537 16b9 817A9F00 		.ascii	"\201z\237\000'#\371\353it\3623\356\360\3651\030U\240"
 537      2723F9EB 
 537      6974F233 
 537      EEF0F531 
 537      1855A0
 538 16cc D92F0822 		.ascii	"\331/\010\"\253\322\005\352\3747\371\370oq\326m\003"
ARM GAS  /tmp/cc3H7CyJ.s 			page 43


 538      ABD205EA 
 538      FC37F9F8 
 538      6F71D66D 
 538      03
 539 16dd 2FFDBC0C 		.ascii	"/\375\274\014_\001\325v/\037#\2149\001\025\241\346\374"
 539      5F01D576 
 539      2F1F238C 
 539      390115A1 
 539      E6FC
 540 16ef 753B8C6A 		.ascii	"u;\214j\036\361|E\353\010\255\001\254CAJ\335v\"W\271"
 540      1EF17C45 
 540      EB08AD01 
 540      AC43414A 
 540      DD762257 
 541 1704 DD08DA03 		.ascii	"\335\010\332\003\341\313\240\363\013\324\022\337u~^"
 541      E1CBA0F3 
 541      0BD412DF 
 541      757E5E
 542 1713 815B03F4 		.ascii	"\201[\003\364:\305v\243Q\037H4\360v\263/O\3432\376B"
 542      3AC576A3 
 542      511F4834 
 542      F076B32F 
 542      4FE332FE 
 543 1728 AFDBACD3 		.ascii	"\257\333\254\323\353 \250\236F\340\017\330\370\247@"
 543      EB20A89E 
 543      46E00FD8 
 543      F8A740
 544 1737 956E878F 		.ascii	"\225n\207\217\321;`\223N\001\321\204Q\375\246\235p\341"
 544      D13B6093 
 544      4E01D184 
 544      51FDA69D 
 544      70E1
 545 1749 F14AA605 		.ascii	"\361J\246\005\320,\"\3069\031|6B\036l\201x\370\370n"
 545      D02C22C6 
 545      39197C36 
 545      421E6C81 
 545      78F8F86E 
 546 175d 020DCA40 		.ascii	"\002\015\312@/\370k\344@\241\301\311H\376B\306o\366"
 546      2FF86BE4 
 546      40A1C1C9 
 546      48FE42C6 
 546      6FF6
 547 176f F5DA0298 		.ascii	"\365\332\002\230\037h\003\014f\327\250S\031\351\027"
 547      1F68030C 
 547      66D7A853 
 547      19E917
 548 177e 31C76BA3 		.ascii	"1\307k\243\227A\2471\030\277\202,\330\002\011\300\371"
 548      9741A731 
 548      18BF822C 
 548      D80209C0 
 548      F9
 549 178f 7BF9E914 		.ascii	"{\371\351\024\001\333\375uz\310Y\317\000\203\2479#\\"
 549      01DBFD75 
 549      7AC859CF 
 549      0083A739 
 549      235C
 550 17a1 04D7C4E4 		.ascii	"\004\327\304\344?\007\351\202td*\350\205\306|\001\""
ARM GAS  /tmp/cc3H7CyJ.s 			page 44


 550      3F07E982 
 550      74642AE8 
 550      85C67C01 
 550      22
 551 17b2 02F5BA6D 		.ascii	"\002\365\272m\330\333\270Cn\010t\016\204%\000lF@\265"
 551      D8DBB843 
 551      6E08740E 
 551      8425006C 
 551      4640B5
 552 17c5 F4DA3BC0 		.ascii	"\364\332;\300\037f\316\370\017\216|"
 552      1F66CEF8 
 552      0F8E7C
 553 17d0 F50EF0F3 		.ascii	"\365\016\360\363\013\360\367 \264\006\217_~\276n\333"
 553      0BF0F720 
 553      B4068F5F 
 553      7EBE6EDB 
 554 17e0 4FDE5907 		.ascii	"O\336Y\007^\303R\322\201\313x\353&\2752\220*\372\006"
 554      5EC352D2 
 554      81CB78EB 
 554      26BD3290 
 554      2AFA06
 555 17f3 682479A1 		.ascii	"h$y\241\3671\356d\252\335E#\324\030\237\000\005E82\251"
 555      F731EE64 
 555      AADD4523 
 555      D4189F00 
 555      05453832 
 556 1808 34000625 		.ascii	"4\000\006%X\261\331g\313\353\266\036z\262\321\345\342"
 556      58B1D967 
 556      CBEBB61E 
 556      7AB2D1E5 
 556      E2
 557 1819 2190A3DF 		.ascii	"!\220\243\337\354\035DR\212|s$#\234\311\225'\313\271"
 557      EC1D4452 
 557      8A7C7324 
 557      239CC995 
 557      27CBB9
 558 182c 1FBDD2CC 		.ascii	"\037\275\322\314\021\006\360AI\031\215N\304%O\237Mj"
 558      1106F041 
 558      49198D4E 
 558      C4254F9F 
 558      4D6A
 559 183e FE1B46F4 		.ascii	"\376\033F\364\272-\304Fg\242F\267\005\256\364;5\346"
 559      BA2DC446 
 559      67A246B7 
 559      05AEF43B 
 559      35E6
 560 1850 0B08F936 		.ascii	"\013\010\3716#\365`\023\371\353\0024\233t\276F/\232"
 560      23F56013 
 560      F9EB0234 
 560      9B74BE46 
 560      2F9A
 561 1862 D66E3618 		.ascii	"\326n6\030L3E\\`iA\350u\372m^\276\236\306o\002\3156"
 561      4C33455C 
 561      606941E8 
 561      75FA6D5E 
 561      BE9EC66F 
 562 1879 1FBD3188 		.ascii	"\037\2751\210 P\273\364\006J\254\"\345\221\340j\262"
ARM GAS  /tmp/cc3H7CyJ.s 			page 45


 562      2050BBF4 
 562      064AAC22 
 562      E591E06A 
 562      B2
 563 188a 1069157C 		.ascii	"\020i\025|]\202\014d\352\315zIR\357\244\243N\336Az\222"
 563      5D820C64 
 563      EACD7A49 
 563      52EFA4A3 
 563      4EDE417A 
 564 189f 715AEB90 		.ascii	"qZ\353\220\247Q\313\302\340I#\255\201\002\003\363\001"
 564      A751CBC2 
 564      E04923AD 
 564      810203F3 
 564      01
 565 18b0 4B6393CA 		.ascii	"Kc\223\312\337\023\262\300\260\335[\341\357\351\243"
 565      DF13B2C0 
 565      B0DD5BE1 
 565      EFE9A3
 566 18bf FFB3F90E 		.ascii	"\377\263\371\016\324\230W[\223T\036\251\030B\371\236"
 566      D498575B 
 566      93541EA9 
 566      1842F99E 
 567 18cf 467301E1 		.ascii	"Fs\001\341S\332\231-:\357\200 \177\243\322\340\363\237"
 567      53DA992D 
 567      3AEF8020 
 567      7FA3D2E0 
 567      F39F
 568 18e1 64C85AA9 		.ascii	"d\310Z\251\214?|5U;\211\"\305\272_\256\377\355jU\020"
 568      8C3F7C35 
 568      553B8922 
 568      C5BA5FAE 
 568      FFED6A55 
 569 18f6 C470F57B 		.ascii	"\304p\365{\020\2005\237\256\373l\265\372\363\265\353"
 569      1080359F 
 569      AEFB6CB5 
 569      FAF3B5EB 
 570 1906 D77EFEFB 		.ascii	"\327~\376\373\265\037\276\247\376\325\357>Y\263\341"
 570      B51FBEA7 
 570      FED5EF3E 
 570      59B3E1
 571 1915 A34F3F79 		.ascii	"\243O?y\217\022\276G\357\277g\271\377\256\345\376\273"
 571      8F12BE47 
 571      EFBF67B9 
 571      FFAEE5FE 
 571      BB
 572 1926 F4FEBBF4 		.ascii	"\364\376\273\364\376\273\226\373\253,\367W\321\373\253"
 572      FEBB96FB 
 572      AB2CF757 
 572      D1FBAB
 573 1935 E8FD55DC 		.ascii	"\350\375U\334gk\326\177\356\364\253O?\376p\315'\033"
 573      676BD67F 
 573      EEF4AB4F 
 573      3FFE70CD 
 573      271B
 574 1947 941FAFFF 		.ascii	"\224\037\257\377\035|\251\326\177\274v\355g\004_\373"
 574      1D7CA9D6 
 574      7FBC76ED 
ARM GAS  /tmp/cc3H7CyJ.s 			page 46


 574      67045FFB 
 575 1957 C51AF2B5 		.ascii	"\305\032\362\265\346\263\217\350\327\227\004\343\326"
 575      E6B38FE8 
 575      D79704E3 
 575      D6
 576 1964 6CF8FC63 		.ascii	"l\370\374c\213\260\325k\277fe\301\342#\353\312c\315"
 576      8BB0D56B 
 576      BF6665C1 
 576      E223EBCA 
 576      63CD
 577 1976 BAF51FAD 		.ascii	"\272\365\037\255\367X\003\311\347\361\221\331q\222\211"
 577      F75803C9 
 577      E7F191D9 
 577      719289
 578 1985 DE7EEF83 		.ascii	"\336~\357\203\357\252\017\377m\203\347\206\235\201\272"
 578      EFAA0FFF 
 578      6D83E786 
 578      9D81BA
 579 1994 6FD1550B 		.ascii	"o\321U\013\377\267\350\310\342\015\"\371\344\011\011"
 579      FFB7E8C8 
 579      E20D22F9 
 579      E40909
 580 19a3 15A473F1 		.ascii	"\025\244s\361\362\335\356\265\223\254\025\262\031A\205"
 580      F2DDEEB5 
 580      93AC15B2 
 580      194185
 581 19b2 81290808 		.ascii	"\201)\010\010\374\037\203\304\206\273"
 581      FC1F83C4 
 581      86BB
 582              		.text
 583              		.section	.gnu.lto_.symtab.e91014ecdbebfb4e,"e",%progbits
 584 0000 6368544D 		.ascii	"chTMObjectInit\000"
 584      4F626A65 
 584      6374496E 
 584      697400
 585 000f 00       		.ascii	"\000"
 586 0010 00       		.ascii	"\000"
 587 0011 00       		.ascii	"\000"
 588 0012 00000000 		.ascii	"\000\000\000\000\000\000\000\000"
 588      00000000 
 589 001a E5000000 		.ascii	"\345\000\000\000"
 590 001e 6368544D 		.ascii	"chTMStartMeasurementX\000"
 590      53746172 
 590      744D6561 
 590      73757265 
 590      6D656E74 
 591 0034 00       		.ascii	"\000"
 592 0035 00       		.ascii	"\000"
 593 0036 00       		.ascii	"\000"
 594 0037 00000000 		.ascii	"\000\000\000\000\000\000\000\000"
 594      00000000 
 595 003f E9000000 		.ascii	"\351\000\000\000"
 596 0043 6368544D 		.ascii	"chTMStopMeasurementX\000"
 596      53746F70 
 596      4D656173 
 596      7572656D 
 596      656E7458 
ARM GAS  /tmp/cc3H7CyJ.s 			page 47


 597 0058 00       		.ascii	"\000"
 598 0059 00       		.ascii	"\000"
 599 005a 00       		.ascii	"\000"
 600 005b 00000000 		.ascii	"\000\000\000\000\000\000\000\000"
 600      00000000 
 601 0063 EC000000 		.ascii	"\354\000\000\000"
 602 0067 6368544D 		.ascii	"chTMChainMeasurementToX\000"
 602      43686169 
 602      6E4D6561 
 602      73757265 
 602      6D656E74 
 603 007f 00       		.ascii	"\000"
 604 0080 00       		.ascii	"\000"
 605 0081 00       		.ascii	"\000"
 606 0082 00000000 		.ascii	"\000\000\000\000\000\000\000\000"
 606      00000000 
 607 008a F2000000 		.ascii	"\362\000\000\000"
 608 008e 63685F73 		.ascii	"ch_system\000"
 608      79737465 
 608      6D00
 609 0098 00       		.ascii	"\000"
 610 0099 02       		.ascii	"\002"
 611 009a 00       		.ascii	"\000"
 612 009b 00000000 		.ascii	"\000\000\000\000\000\000\000\000"
 612      00000000 
 613 00a3 0A020000 		.ascii	"\012\002\000\000"
 614              		.text
 615              		.section	.gnu.lto_.opts,"e",%progbits
 616 0000 272D666E 		.ascii	"'-fno-openmp' '-fno-openacc' '-fno-pie' '-mcpu=cort"
 616      6F2D6F70 
 616      656E6D70 
 616      2720272D 
 616      666E6F2D 
 617 0033 65782D6D 		.ascii	"ex-m4' '-mthumb' '-mfloat-abi=softfp' '-mfpu=fpv4-s"
 617      34272027 
 617      2D6D7468 
 617      756D6227 
 617      20272D6D 
 618 0066 702D6431 		.ascii	"p-d16' '-march=armv7e-m+fp' '-O2' '-fstack-usage' '"
 618      36272027 
 618      2D6D6172 
 618      63683D61 
 618      726D7637 
 619 0099 2D666675 		.ascii	"-ffunction-sections' '-fdata-sections' '-fno-common"
 619      6E637469 
 619      6F6E2D73 
 619      65637469 
 619      6F6E7327 
 620 00cc 2720272D 		.ascii	"' '-flto' '-fshort-enums'\000"
 620      666C746F 
 620      2720272D 
 620      6673686F 
 620      72742D65 
 621              		.text
 622              		.comm	__gnu_lto_v1,1,1
 623              		.comm	__gnu_lto_slim,1,1
 624              		.ident	"GCC: (GNU Arm Embedded Toolchain 9-2020-q2-update) 9.3.1 20200408 (release)"
ARM GAS  /tmp/cc3H7CyJ.s 			page 48


ARM GAS  /tmp/cc3H7CyJ.s 			page 49


DEFINED SYMBOLS
                            *ABS*:0000000000000000 chtm.c
                            *COM*:0000000000000001 __gnu_lto_v1
                            *COM*:0000000000000001 __gnu_lto_slim

NO UNDEFINED SYMBOLS
