ARM GAS  /tmp/cc78V6tg.s 			page 1


   1              		.cpu cortex-m4
   2              		.eabi_attribute 27, 1
   3              		.eabi_attribute 20, 1
   4              		.eabi_attribute 21, 1
   5              		.eabi_attribute 23, 3
   6              		.eabi_attribute 24, 1
   7              		.eabi_attribute 25, 1
   8              		.eabi_attribute 26, 1
   9              		.eabi_attribute 30, 2
  10              		.eabi_attribute 34, 1
  11              		.eabi_attribute 18, 4
  12              		.file	"hal_flash.c"
  13              		.section	.gnu.lto_.profile.1bc0760ba2efe17d,"e",%progbits
  14 0000 789CE360 		.ascii	"x\234\343``\004B \000\000\000]\000\013"
  14      60044220 
  14      0000005D 
  14      000B
  15              		.text
  16              		.section	.gnu.lto_.icf.1bc0760ba2efe17d,"e",%progbits
  17 0000 789CE360 		.ascii	"x\234\343``d\220c@\000V\206\035K'o\340b\354\237\270"
  17      60649063 
  17      40005686 
  17      1D4B276F 
  17      E062EC9F 
  18 0015 610A13D3 		.ascii	"a\012\023\323\317\351\373\345\230\327\257\271\323\314"
  18      CFE9FBE5 
  18      98D7AFB9 
  18      D3CC
  19 0023 C7F2E6C3 		.ascii	"\307\362\346\303\023?\006\000\311\335\015\212"
  19      133F0600 
  19      C9DD0D8A 
  20              		.text
  21              		.section	.gnu.lto_.jmpfuncs.1bc0760ba2efe17d,"e",%progbits
  22 0000 789C8D8E 		.ascii	"x\234\215\216\261\015\302P\014D\357\331\277H\307\000"
  22      B10DC250 
  22      0C44EFD9 
  22      BF48C700 
  23 0010 BFC92EEC 		.ascii	"\277\311.\354E\012Z\224\2262\005[\000Bt\0244\024\324"
  23      450A5A94 
  23      9632055B 
  23      00427414 
  23      3414D4
  24 0023 6C80B200 		.ascii	"l\200\262\000\022\370\013\221H\241\211\245+|\266\237"
  24      12F80B91 
  24      48A189A5 
  24      2B7CB69F 
  25 0033 AF125AA2 		.ascii	"\257\022Z\242\241\\@\323\271L\342\234P\350\035\265P"
  25      A15C40D3 
  25      B94CE29C 
  25      50E81DB5 
  25      50
  26 0044 4A2B4DBD 		.ascii	"J+M\275\261\177\225\036\337:\355\272\177T\255w\016b"
  26      B17F951E 
  26      DF3AEDBA 
  26      7F54AD77 
  26      0E62
  27 0056 4F2E6A6A 		.ascii	"O.jj\014\274pCf\276\363\277\323\337n\032'`\001\274\364"
ARM GAS  /tmp/cc78V6tg.s 			page 2


  27      0CBC7043 
  27      66BEF3BF 
  27      D3DF6E1A 
  27      276001BC 
  28 006b CF3B05E8 		.ascii	"\317;\005\350\001<\220\303:mnW\377Zp$[\361\2073\311"
  28      013C90C3 
  28      3A6D6E57 
  28      FF5A7024 
  28      5BF18733 
  29 0080 222B93AC 		.ascii	"\"+\223\254M\355\323\014\314\313P\340\363\277\350\003"
  29      4DEDD30C 
  29      CCCB50E0 
  29      F3BFE803 
  30 0090 91C85109 		.ascii	"\221\310Q\011"
  31              		.text
  32              		.section	.gnu.lto_.inline.1bc0760ba2efe17d,"e",%progbits
  33 0000 789CE360 		.ascii	"x\234\343``d`bd\200\003f\006\026\341\267G\327\035f\312"
  33      60646062 
  33      64800366 
  33      0616E1B7 
  33      47D71D66 
  34 0015 068AF35F 		.ascii	"\006\212\363_\355\276\333\300\224\311\300\300~f\335"
  34      EDBEDBC0 
  34      94C9C0C0 
  34      7E66DD
  35 0024 9745CCA9 		.ascii	"\227E\314\251L\014L 5L\334@\015\214\023\374\330\204"
  35      4C0C4C20 
  35      354CDC40 
  35      0D8C13FC 
  35      D884
  36 0036 8034D369 		.ascii	"\2004\323i\016\240\021\342\2636?{\303\234\316\310\304"
  36      0EA011E2 
  36      B3363F7B 
  36      C39CCEC8 
  36      C4
  37 0047 A0C00834 		.ascii	"\240\300\0104\203\021H2\260\212544,`Jc``\0032\032\230"
  37      83114832 
  37      B08A3534 
  37      342C604A 
  37      63606003 
  38 005e 5240DA19 		.ascii	"R@\332\031\301\314$&\006\0268\233\201\205\201\351\354"
  38      C1CC2426 
  38      0616389B 
  38      818581E9 
  38      EC
  39 006f CCCDCF80 		.ascii	"\314\315\317\200,\016\210\361@\002\352$\246\011~\014"
  39      2C0E88F1 
  39      4002EA24 
  39      A6097E0C 
  40 007f AC820C60 		.ascii	"\254\202\014`\353\230\031@\006\276@\267E\004\250w\032"
  40      EB981940 
  40      06BE40B7 
  40      4504A877 
  40      1A
  41 0090 F56C6100 		.ascii	"\365la\000\000\316\2762l"
  41      00CEBE32 
  41      6C
ARM GAS  /tmp/cc78V6tg.s 			page 3


  42              		.text
  43              		.section	.gnu.lto_.pureconst.1bc0760ba2efe17d,"e",%progbits
  44 0000 789CE360 		.ascii	"x\234\343``d\340b```f\330\311\3028\223\205y&\013\000"
  44      6064E062 
  44      60606066 
  44      D8C9C238 
  44      93857926 
  45 0016 0B920212 		.ascii	"\013\222\002\022"
  46              		.text
  47              		.section	.gnu.lto_flashWaitErase.1bc0760ba2efe17d,"e",%progbits
  48 0000 789C7D53 		.ascii	"x\234}S[KTQ\024\336\337\331\3476\352$\364\024\370\342"
  48      5B4B5451 
  48      14DEDFD9 
  48      E736EA24 
  48      F414F8E2 
  49 0014 43124139 		.ascii	"C\022A9B=\344\203\020\364\003\"\372\001Q6\241e\027f"
  49      423DE483 
  49      10F40322 
  49      FA015136 
  49      A1651766 
  50 0028 A2D7F65C 		.ascii	"\242\327\366\\\354:\245\017Y\026\331D2t!\254 2\262\313"
  50      EC3AA50F 
  50      5916D944 
  50      327421AC 
  50      2032B2CB 
  51 003c 314BD3EC 		.ascii	"1K\323\354f\367\240)\2220\273Z\221E\204\265\326>\307"
  51      66F7A029 
  51      9230BB5A 
  51      914584B5 
  51      D63EC7
  52 004f B2A88699 		.ascii	"\262\250\206\2315k\257\375}\337Z\347\333\373\270\002"
  52      356BAFFD 
  52      7DDF5AE7 
  52      DBFBB802 
  53 005f 62B92944 		.ascii	"b\271)D\235\020b\001\375`\013\030J\251\271N\3025 \203"
  53      9D106201 
  53      FD600B18 
  53      4AA9B94E 
  53      C2352083 
  54 0073 4C1A665B 		.ascii	"L\032f[C\275c\252\002k`\344\353\034S\025\231\200\336"
  54      43BD63AA 
  54      026B60E4 
  54      EB1C5315 
  54      9980DE
  55 0086 53AE15A0 		.ascii	"S\256\025\240:]\210\365\2064-P\024??\015r\227D\323\346"
  55      3A5D88F5 
  55      86342D50 
  55      143F3F0D 
  55      729744D3 
  56 009b 8EFBE1E9 		.ascii	"\216\373\341\351\007\225J*o\327hU\"U?%K\230\335R`V\011"
  56      07954A2A 
  56      6FD76855 
  56      22553F25 
  56      4B98DD52 
  57 00b2 2A4A3412 		.ascii	"*J4\022g0\235\260\371d\313\227\242\3552+\001\223\226"
  57      67309DB0 
  57      F964CB97 
ARM GAS  /tmp/cc78V6tg.s 			page 4


  57      A2ED322B 
  57      019396
  58 00c5 3BFA4EF6 		.ascii	";\372N\366\026\360\322@)-\033\357\275=*e\004\202\362"
  58      16F0D240 
  58      292D1BEF 
  58      BD3D2A65 
  58      0482F2
  59 00d8 DE8F8D7B 		.ascii	"\336\217\215{C\323rZ\265?'\325\324\254\2248\007\311"
  59      43D3725A 
  59      B53F27D5 
  59      D4AC9438 
  59      07C9
  60 00ea B2675182 		.ascii	"\262gQ\202\016\2200\325H\372<\246\011\246<;1\326\024"
  60      0E9030D5 
  60      48FA3CA6 
  60      09A63C3B 
  60      31D614
  61 00fd B64DEECC 		.ascii	"\266M\356\314\035/\300\306oU\010\015;p\270\365#\344"
  61      1D2FC0C6 
  61      6F55080D 
  61      3B70B8F5 
  61      23E4
  62 010f 6CDD65DB 		.ascii	"l\335e\333\343w\237\254\262V\345Q\227\261!\271Gy\351"
  62      E3779FAC 
  62      B256E551 
  62      97B121B9 
  62      4779E9
  63 0122 D2AC34D1 		.ascii	"\322\2544\321\371G#\341S\273\367\367\3649\262RSG\357"
  63      F94723E1 
  63      53BBF7F7 
  63      F439B252 
  63      5347EF
  64 0135 ED7BC854 		.ascii	"\355{\310T\036p\264\335jV^\202\250\002]>\365\327\243"
  64      1E70B4DD 
  64      6A565E82 
  64      A8025D3E 
  64      F5D7A3
  65 0148 4F180D97 		.ascii	"O\030\015\227P\206\213(\323\303M\334I\223\313j\377`"
  65      50868B28 
  65      D3C34DDC 
  65      4993CB6A 
  65      FF60
  66 015a C612B80C 		.ascii	"\306\022\270\014[\217:att\323\243x\314@\017eB\030\343"
  66      5B8F3A61 
  66      7474D3A3 
  66      78CC400F 
  66      654218E3 
  67 016e 42C7062C 		.ascii	"B\307\006,O\215}\337\250\274\374g\344^e0\031d\212eP"
  67      4F8D7DDF 
  67      A8BCFC67 
  67      E45E6530 
  67      19648A65 
  68 0183 B02505C7 		.ascii	"\260%\005\307\244\340Z\034l\016\016\007\2277\012\301"
  68      A4E05A1C 
  68      6C0E0E07 
  68      97370AC1 
  69 0193 BE85052B 		.ascii	"\276\205\005+\025\353(\304V)F\276\036\232\003\345qn"
ARM GAS  /tmp/cc78V6tg.s 			page 5


  69      15EB28C4 
  69      562946BE 
  69      1E9A03E5 
  69      716E
  70 01a5 E83C4179 		.ascii	"\350<AyF\362-P&R\264x\211\344\331\341-\2036\017\332"
  70      46F22D50 
  70      2652B478 
  70      89E4D9E1 
  70      2D83360F 
  71 01ba 22D9E1ED 		.ascii	"\"\331\341\355\251wy\227OQjc\274G\307\037N\312\2415"
  71      A9777997 
  71      4F516A63 
  71      BC47C71F 
  71      4ECAA135 
  72 01ce 41147224 		.ascii	"A\024r$\324\"\013q\205M\244\275D\366\311i\273\242M\371"
  72      D4220B71 
  72      854DA4BD 
  72      44F6C969 
  72      BBA24DF9 
  73 01e2 5B167A91 		.ascii	"[\026z\221C\263\177\\}\250\320\332!_\330\230(l\375M"
  73      43B37F5C 
  73      7DA8D0DA 
  73      215FD898 
  73      286CFD4D 
  74 01f6 B880BAE3 		.ascii	"\270\200\272\343j \334\326~\360F\230\204\033\365V!\372"
  74      6A20DCD6 
  74      7EF04698 
  74      841BF556 
  74      21FA
  75 0208 B5309F38 		.ascii	"\2650\2378\256\221\360k\324\227\372\272a\222\0264\022"
  75      AE91F06B 
  75      D497FABA 
  75      61921634 
  75      12
  76 0219 713A1247 		.ascii	"q:\022G\336\333i$\003\275\"6\224A\002\327\221FV\206"
  76      DEDB6924 
  76      03BD2236 
  76      944102D7 
  76      91465686 
  77 022d C573A45F 		.ascii	"\305s\244_t\345\233+\002*qNm~s8\304#\011\0007\202\253"
  77      74E59B2B 
  77      022A714E 
  77      6D7E7338 
  77      C4230900 
  78 0244 9191E67B 		.ascii	"\221\221\346{\366\312\267\347b~8\323\3450\205\005\211"
  78      F6CAB7E7 
  78      627E38D3 
  78      E5308505 
  78      89
  79 0255 33F46130 		.ascii	"3\364a0_X\331\2566\221&\035\346MT\212\267H\006\363\024"
  79      5F58D9AE 
  79      3691261D 
  79      E64D548A 
  79      B74806F3 
  80 026a 137F14C5 		.ascii	"\023\177\024\305\244.\037={\000\322\262\032\352\357"
  80      A42E1F3D 
  80      7B00D2B2 
ARM GAS  /tmp/cc78V6tg.s 			page 6


  80      1AEAEF
  81 0279 F7C871AF 		.ascii	"\367\310q\257w\0167\267\302\207J}u\250\366mcP1\251H"
  81      770E37B7 
  81      C2874A7D 
  81      75A8F66D 
  81      635031A9 
  82 028e 85D4F10D 		.ascii	"\205\324\361\015A\301\242\032u\274\266o\317\003\375"
  82      41C1A21A 
  82      75BCB66F 
  82      CF03FD
  83 029d 9AB9F0D2 		.ascii	"\232\271\360\322U\270Es\022j\3578\212\201\204\032\356"
  83      55B84573 
  83      126AEF38 
  83      8A81841A 
  83      EE
  84 02ae BC7D3740 		.ascii	"\274}7@\0159\030\360A\247\307A\016\341\0104ryg\225\217"
  84      0D3918F0 
  84      41A7C741 
  84      0EE10834 
  84      72796795 
  85 02c3 79E1E0B6 		.ascii	"y\341\340\266\306\374\352\357\022\214\274M?\375\234"
  85      C6FCEAEF 
  85      128CBC4D 
  85      3FFD9C
  86 02d2 6AEA015F 		.ascii	"j\352\001_N>\213\226C\375\337C\354\253\233\225\223v"
  86      4E3E8B96 
  86      43FDDF43 
  86      ECAB9B95 
  86      9376
  87 02e4 D3BBDDCD 		.ascii	"\323\273\335\315\236\336!O\311x\252\025k\223\360o\207"
  87      9EDE214F 
  87      C978AA15 
  87      6B93F06F 
  87      87
  88 02f5 EE92437C 		.ascii	"\356\222C|\003\241]Mz\354\361\214\362\362\010}WDc\253"
  88      03A15D4D 
  88      7AECF18C 
  88      F2F2087D 
  88      574463AB 
  89 0309 A2759179 		.ascii	"\242u\221y5\265Kj\347/\214\254\216Gj\026\327E\342\261"
  89      35B54B6A 
  89      E72F8CAC 
  89      8E476A16 
  89      D745E2B1 
  90 031d 6AFE5FB4 		.ascii	"j\376_\264\254nq\274\246\274Z\230K\243\353\326\230+"
  90      AC6E71BC 
  90      A6BC5A98 
  90      4BA3EBD6 
  90      982B
  91 032f E3D16A19 		.ascii	"\343\321j\031\215\305\"\377\243\256\216S\210\255\235"
  91      8DC522FF 
  91      A3AE8E53 
  91      88AD9D
  92 033e B9AAD6CF 		.ascii	"\271\252\326\317\313k\304\017\267\250\216\243"
  92      CB6BC40F 
  92      B7A88EA3 
  93              		.text
ARM GAS  /tmp/cc78V6tg.s 			page 7


  94              		.section	.gnu.lto_flashGetSectorOffset.1bc0760ba2efe17d,"e",%progbits
  95 0000 789C9554 		.ascii	"x\234\225T\335O\\E\024\237s\317\334\273w\027XA\240\""
  95      DD4F5C45 
  95      149F73CF 
  95      DCBB7717 
  95      5841A022 
  96 0014 F8C08384 		.ascii	"\370\300\203\2044i\330&\366\305\370b\322\304\370`\342"
  96      3469D826 
  96      F6C5F862 
  96      D2C4F860 
  96      E2
  97 0025 837F8069 		.ascii	"\203\177\200i\227%\020\2114l\343kg?\24416H\242\246\335"
  97      97251089 
  97      346CE36B 
  97      673FA431 
  97      3648A2A6 
  98 003a 8DEB25AE 		.ascii	"\215\353%\256\320&5-Jc\213\364c\225\326v[\260\037V\244"
  98      D026352D 
  98      4A638BF4 
  98      6395D676 
  98      5BB01F56 
  99 004f A8C53476 		.ascii	"\250\3054vU\242\220\024\322hB\300sf.\037E^z\263;;3\347"
  99      55A29014 
  99      D26842C0 
  99      73662E1F 
  99      455E7AB3 
 100 0067 FC7EE777 		.ascii	"\374~\347w~3{]\001b\321\026\342\025!D+}\301\025`)\245"
 100      7E337B5D 
 100      0162D116 
 100      E2152144 
 100      2B7DC115 
 101 007e 5E0C245C 		.ascii	"^\014$\\\313\302\211\314\260#UH\016\227\306\237\227"
 101      CBC289CC 
 101      B0235548 
 101      0E97C69F 
 101      97
 102 008f AA1C41FA 		.ascii	"\252\034A\3721i\331\331\341\322\016\2129\245\361L5\305"
 102      3169D9D9 
 102      E1D20E8A 
 102      39A5F14C 
 102      35C5
 103 00a1 6C08F831 		.ascii	"l\010\3701gm\026\000\3203\345\2028`\241\264\235\000"
 103      676D1600 
 103      D033E582 
 103      3860A1B4 
 103      9D00
 104 00b3 1C80F7F0 		.ascii	"\034\200\367\3600\302\335d\356\237\362^\364P\200\244"
 104      30C2DD64 
 104      EE9FF25E 
 104      F45080A4 
 105 00c3 E507574F 		.ascii	"\345\007WO\025C\274\004h\244ez\362\343\021\271\375\250"
 105      1543BC04 
 105      68A4657A 
 105      F2E311B9 
 105      FDA8
 106 00d5 52495538 		.ascii	"RIU8<\345\034;uC\005=\264D\206\322G\241\001\276\202"
 106      3CE51C3B 
ARM GAS  /tmp/cc78V6tg.s 			page 8


 106      7543053D 
 106      B44486D2 
 106      47A101BE 
 107 00ea 06C10F9C 		.ascii	"\006\301\017\234\205\355\224\33679\367\031b\004\004"
 107      85ED94DE 
 107      3739F719 
 107      620404
 108 00f9 CD8B0B7D 		.ascii	"\315\213\013}\037\005\233\0074\364\342 \252g=D8\007"
 108      1F059B07 
 108      34F4E220 
 108      AA673D44 
 108      3807
 109 010b F80894F6 		.ascii	"\370\010\224\366\010|\036\232\0110SH\246%\356\322\340"
 109      087C1E9A 
 109      09305348 
 109      A625EED2 
 109      E0
 110 011c E30BC99B 		.ascii	"\343\013\311\233\025>x.[7\230R/{(\341\302\377\340\222"
 110      153E782E 
 110      5B379852 
 110      2F7B28E1 
 110      C2FFE092 
 111 0130 E0056816 		.ascii	"\340\005h\026\014\372\262poD\342\013\232\340\267\376"
 111      0CFAB270 
 111      6F44E20B 
 111      9AE0B7FE 
 112 0140 BEA5F2A6 		.ascii	"\276\245\362\246\274&X\316\326\347S\352\212\222\036"
 112      BC2658CE 
 112      D6E753EA 
 112      8A921E
 113 014f DAF0F526 		.ascii	"\332\360\365&\012~(\177\361\375\351\2310\276\244\261"
 113      0A7E287F 
 113      F1FDE999 
 113      30BEA4B1 
 114 015f 0F16DE19 		.ascii	"\017\026\336\031\226>\366a\266\346\023\037k\301\330"
 114      963EF661 
 114      B6E6131F 
 114      6BC1D8
 115 016e D6D87B9F 		.ascii	"\326\330{\237/\177X\341H\270\010M\360\0154\2619l\311"
 115      2F7F58E1 
 115      48B8084D 
 115      F00D34B1 
 115      396CC9
 116 0181 2570E850 		.ascii	"%p\350P\005\256\356\347Q\234\274e\027\324\362\312Aj"
 116      05AEEEE7 
 116      519CBC65 
 116      17D4F2CA 
 116      416A
 117 0193 AA7E69F1 		.ascii	"\252~i\361~U-P\013\216EC\000ip%\015A\233\206\220\303"
 117      7E552D50 
 117      0B8E4543 
 117      00697025 
 117      0D419B86 
 118 01a9 43808632 		.ascii	"C\200\2062\227\003A\236\205xV&\230/\014lZ\245`\336*"
 118      9703419E 
 118      85785626 
 118      982F0C6C 
ARM GAS  /tmp/cc78V6tg.s 			page 9


 118      5AA560DE 
 119 01be 6007AAF5 		.ascii	"`\007\252\365~\215\036\205x\027\005\035\270\222\240"
 119      7E8D1E85 
 119      7817051D 
 119      B892A0
 120 01cd 0A421C42 		.ascii	"\012B\034B\313,\022\264\230\205\344\331?O\216mcy9\004"
 120      CB2C12B4 
 120      9885E4D9 
 120      3F4F8E6D 
 120      63793904 
 121 01e1 92DF9B9A 		.ascii	"\222\337\233\232\277\353\362\221\243\356\2760=t'<\000"
 121      BFEBF291 
 121      A3EEBE30 
 121      3D74273C 
 121      00
 122 01f2 F904411A 		.ascii	"\371\004A\032=,\317a\030\276\345n)\226\360f\3168;O("
 122      3D2CCF61 
 122      18BEE56E 
 122      2996F066 
 122      CE383B4F 
 123 0207 1372E032 		.ascii	"\023r\3402\014\300\021\323\355\025\330\251\271\203\206"
 123      0CC011D3 
 123      ED15D8A9 
 123      B98386
 124 0216 D8DA48EC 		.ascii	"\330\332H\354lE\\A\325\241\350\023\2378}\364z\005\021"
 124      6C455C41 
 124      D5A1E813 
 124      9F387DF4 
 124      7A0511
 125 0229 F7E95018 		.ascii	"\367\351P\030\256jb`\342kD\374\027\244\033\015o%Q\013"
 125      AE6A6260 
 125      E26B44FC 
 125      17A41B0D 
 125      6F25510B 
 126 023d 92E4E113 		.ascii	"\222\344\341\023\246\225\221\250\011\340\306\202\366"
 126      A69591A8 
 126      09E0C682 
 126      F6
 127 024a 5605095A 		.ascii	"V\005\011Z\011\343[\026\254\202\011]\320\342\202\337"
 127      09E35B16 
 127      AC82095D 
 127      D0E282DF 
 128 025a E94E5267 		.ascii	"\351NRg\016\202a\226D\236\303*.\267\264\272g\3236\251"
 128      0E826196 
 128      449EC32A 
 128      2EB7B4BA 
 128      67D336A9 
 129 026e 7ADB57E5 		.ascii	"z\333W\345\020\343\350\342\271\331`\032\222\211:\017"
 129      10E3E8E2 
 129      B9D9601A 
 129      92893A0F 
 130 027e 9FCCB076 		.ascii	"\237\314\260v\270\016i \2616E/\317\377}\033XZ\010\004"
 130      B80E6920 
 130      B136452F 
 130      CFFF7D1B 
 130      585A0804 
 131 0292 DC80060F 		.ascii	"\334\200\006\017\253\305}H\377\261\333'\340=}\237\016"
ARM GAS  /tmp/cc78V6tg.s 			page 10


 131      ABC57D48 
 131      FFB1DB27 
 131      E03D7D9F 
 131      0E
 132 02a3 21D21FF9 		.ascii	"!\322\037\3719>+k\265m\026\234;6\276\242\351]\017k2"
 132      393E2B6B 
 132      B56D169C 
 132      3B36BEA2 
 132      E95D0F6B 
 133 02b8 AC146E32 		.ascii	"\254\024n2\375\306\266k\365r\243\220\332<\232;:\243"
 133      FDC6B66B 
 133      F572A390 
 133      DA3C9A3B 
 133      3AA3
 134 02ca 1E4C84D8 		.ascii	"\036L\204\330\213J\017\267\301\367\204\204[\276\025"
 134      8B4A0FB7 
 134      C1F78484 
 134      5BBE15
 135 02d9 0BBF5F3A 		.ascii	"\013\277_:\357r\376\021\355E-\334&/\314\355\375\201"
 135      EF72FE11 
 135      ED452DDC 
 135      262FCCED 
 135      FD81
 136 02eb F23C7C4A 		.ascii	"\362<|J\313\222\233\356\320h>d\264\007\036\313\352:"
 136      CB929BEE 
 136      D0683E64 
 136      B4071ECB 
 136      EA3A
 137 02fd 98D456B3 		.ascii	"\230\324V\263.\370\221\254f\027\306v\255S\255uSGNM\255"
 137      2EF891AC 
 137      6617C676 
 137      AD53AD75 
 137      53474E4D 
 138 0312 B962D32B 		.ascii	"\271b\323+\260d\371\345SC=\023\247?\265\014\310\245"
 138      B064F9E5 
 138      53433D13 
 138      A73FB50C 
 138      C8A5
 139 0324 C321DCBF 		.ascii	"\303!\334\277s\003S\3108\011.\334!\034\245}\321\343"
 139      730353C8 
 139      38092EDC 
 139      211CA57D 
 139      D1E3
 140 0336 9F5790B8 		.ascii	"\237W\220\270)S+/>c\366j6\351\356\037\344?\342\323\224"
 140      29532B2F 
 140      3E63F66A 
 140      36E9EE1F 
 140      E43FE2D3 
 141 034b 6CCA3E2A 		.ascii	"l\312>*\275\277dyX\017\323Z\274d\361?\221xV\346\320"
 141      BDBF6479 
 141      580FD35A 
 141      BC64F13F 
 141      917856E6 
 142 0360 4B3903EB 		.ascii	"K9\003\353\306\\\310\3575\005B\217eL\003\374\254\271"
 142      C65CC8EF 
 142      3505428F 
 142      654C03FC 
ARM GAS  /tmp/cc78V6tg.s 			page 11


 142      ACB9
 143 0372 6DE6FEC5 		.ascii	"m\346\376\305\334\301\241\236\"\032\256j\242\343K\310"
 143      DCC1A19E 
 143      221AAE6A 
 143      A2E34BC8 
 144 0382 0503EB27 		.ascii	"\005\003\353'1\007\311\376\343\275\365&\247\214\242"
 144      3107C9FE 
 144      E3BDF526 
 144      A78CA2
 145 0391 0FA18C3A 		.ascii	"\017\241\214:\263\263\363\277\002\201\234\331.z\025"
 145      B3B3F3BF 
 145      02819CD9 
 145      2E7A15
 146 03a0 C00A3DA8 		.ascii	"\300\012=\250_\005B\354hi\211\320\347\215X\367\233\261"
 146      5F0542EC 
 146      686989D0 
 146      E78D58F7 
 146      9BB1
 147 03b2 CEC8EEF6 		.ascii	"\316\310\356\366\216\275\035\257\276\026\351\212G\332"
 147      8EBD1DAF 
 147      BE16E98A 
 147      47DA
 148 03c0 F77446E2 		.ascii	"\367tF\342\335Q\376}\275\255sO\274\275%*dk\354\255}"
 148      DD51FE7D 
 148      BDAD734F 
 148      BCBD252A 
 148      646BECAD 
 149 03d5 4E3C16DD 		.ascii	"N<\026\335\337\325\035j\215\305\243\335\035\373h\352"
 149      DFD51D6A 
 149      8DC5A3DD 
 149      1DFB68EA 
 150 03e5 74B5B5C5 		.ascii	"t\265\265\305c\373\377\003\323{\007="
 150      63FBFF03 
 150      D37B073D 
 151              		.text
 152              		.section	.gnu.lto_flashGetSectorSize.1bc0760ba2efe17d,"e",%progbits
 153 0000 789C9554 		.ascii	"x\234\225T\337o\024U\024\276\337\234;\263\263c\227\226"
 153      DF6F1455 
 153      14BEDF9C 
 153      3BB3B363 
 153      9796
 154 0012 96E2DAC6 		.ascii	"\226\342\332\306\244\0176\015\011\351\222\300\213\361"
 154      A40F360D 
 154      09E992C0 
 154      8BF1
 155 0020 C584C418 		.ascii	"\305\204\304\030_|\360\0170\270]\323\306FH\327\370 "
 155      5F7CF00F 
 155      30B85DD3 
 155      C64648D7 
 155      F820
 156 0032 09CCFE00 		.ascii	"\011\314\376\000\022%\320\007\014,q\231\352f\203Q\203"
 156      1225D007 
 156      0C2C7199 
 156      EA668351 
 156      83
 157 0043 681B8542 		.ascii	"h\033\205B\353j\371Uh\005*T~\010M\210Vhj\033\255!\220"
 157      EB6AF955 
ARM GAS  /tmp/cc78V6tg.s 			page 12


 157      68052A54 
 157      7E084D88 
 157      56686A1B 
 158 005a 345BCFBD 		.ascii	"4[\317\2753\375AmL\234\354\336\275\367\236\363}\347"
 158      33FD416D 
 158      4C9CECDE 
 158      BDF79EF3 
 158      7DE7
 159 006c 3BDFBDB3 		.ascii	";\337\275\263\266\200\270m\012\361\212\020\242\205\277"
 159      B680B86D 
 159      0AF18A10 
 159      A285BF
 160 007b B0050CD7 		.ascii	"\260\005\014\327u_\014\245l\303\240\341\\\267%]Gv\217"
 160      755F0CA5 
 160      6CC3A0E1 
 160      5CB7255D 
 160      47768F
 161 008e 0F3D2FDD 		.ascii	"\017=/\335\012\202\014b\3220\017w\217\257\347\2305>"
 161      0A820C62 
 161      D2300F77 
 161      8FAFE798 
 161      353E
 162 00a0 94ABE198 		.ascii	"\224\253\341\230\211P\020\263\026f!@\317\\\033b\247"
 162      895010B3 
 162      16662140 
 162      CF5C1B62 
 162      A7
 163 00b1 41D2B442 		.ascii	"A\322\264B\330\211\375t\220p7\235\177T\261\217<\022"
 163      D889FD74 
 163      9070379D 
 163      7F54B18F 
 163      3C12
 164 00c3 90BC3C70 		.ascii	"\220\274<p\261g\320QK\240\201\227\331\321#'\345\272"
 164      B167D051 
 164      4BA08197 
 164      D9D12327 
 164      E5BA
 165 00d5 A3AE9B76 		.ascii	"\243\256\233vK\007{C\207{\256\270a\217\014\221\343\364"
 165      4B077B43 
 165      877BAEB8 
 165      618F0C91 
 165      E3F4
 166 00e7 53A8472F 		.ascii	"S\250G/\352\205zp\032\3538\275st\352\013\242\030\004"
 166      EA857A70 
 166      1AEB38BD 
 166      7374EA0B 
 166      A21804
 167 00fa CF07673A 		.ascii	"\317\007g:?\0127\0255\364L\221\334\347<\"\364\201\236"
 167      3F0A3715 
 167      35F44C91 
 167      DCE73C22 
 167      F4819E
 168 010d 80F21E83 		.ascii	"\200\362\036\203\373\321\304\200\261R:+i\223\006\177"
 168      FBD1C480 
 168      B1523A2B 
 168      6993067F 
 169 011d 3E93BE1A 		.ascii	">\223\276\032\011\300\017\363\321b\306}\331#\211\357"
ARM GAS  /tmp/cc78V6tg.s 			page 13


 169      09C00FF3 
 169      D162C67D 
 169      D92389EF 
 170 012d FE05970C 		.ascii	"\376\005\227\014/\241I(\3207\245{'%\275\240\011~\355"
 170      2FA14928 
 170      D037A57B 
 170      2725BDA0 
 170      097EED
 171 0140 EA9CAD68 		.ascii	"\352\234\255h,h\202sG\352\012\031\367\202+=2\361\375"
 171      2C688273 
 171      47EA0A19 
 171      F7822B3D 
 171      32F1FD
 172 0153 320AF570 		.ascii	"2\012\365p\376'\251\353\227\"\364\222\306\376\271\253"
 172      FE27A9EB 
 172      9722F492 
 172      C6FEB9AB 
 173 0163 7F241260 		.ascii	"\177$\022`\313\371\350\307\001\326\300\300\312\330{"
 173      CBF9E8C7 
 173      01D6C0C0 
 173      CAD87B
 174 0172 5F953F8C 		.ascii	"_\225?\214X\022g\320\210\037\320\250\314Q\226\234\205"
 174      581267D0 
 174      881FD0A8 
 174      CC51969C 
 174      85
 175 0183 C5872A68 		.ascii	"\305\207*h~\277@\342\313\021\263\344\226\347\366pS\317"
 175      7EBF40E2 
 175      CB11B3E4 
 175      96E7F670 
 175      53CF
 176 0195 4EF69457 		.ascii	"N\366\224W\257\001\267`\031<\204\210\007[\362\0206y"
 176      AF01B760 
 176      193C8488 
 176      075BF210 
 176      3679
 177 01a7 702C3584 		.ascii	"p,5\204xx\312V\201\260\2329BQE\240\374\252\024\212\262"
 177      7878CA56 
 177      81B09A39 
 177      425145A0 
 177      FCAA148A 
 178 01bc 0AAAF96A 		.ascii	"\012\252\371j\275_\243G!> \301g\355J\270%!\366\222\341"
 178      BD5FA347 
 178      213E20C1 
 178      67ED4AB8 
 178      2521F692 
 179 01d1 2F52BC98 		.ascii	"/R\274\230@\372\364\203\373\003k\225\262<\201\225\357"
 179      40FAF483 
 179      FB036B95 
 179      B23C8195 
 179      EF
 180 01e2 CB4CDFB5 		.ascii	"\313L\337\265\325i\223n\274t\353\370\315UE\024R\014"
 180      D569936E 
 180      BC74EBF8 
 180      CD554514 
 180      520C
 181 01f4 69F0A822 		.ascii	"i\360\250\"O\021\234S\215r,\345\215\235\2606\034s\375"
ARM GAS  /tmp/cc78V6tg.s 			page 14


 181      4F119C53 
 181      8D722CE5 
 181      8D9DB036 
 181      1C73FD
 182 0207 9085F328 		.ascii	"\220\205\363(\342\220\337\350\005l\320\334a\237\330"
 182      E290DFE8 
 182      056CD0DC 
 182      619FD8
 183 0216 584A6CAD 		.ascii	"XJl\255D\034\341\352\030\014\210\217}{\364r\204\211"
 183      441CE1EA 
 183      180C888F 
 183      7D7BF472 
 183      8489
 184 0228 3B756815 		.ascii	";uh\025.jb(\342KL<\211l\203\317[\311\324\202%yT\351"
 184      2E6A6228 
 184      E24B4C3C 
 184      896C83CF 
 184      5BC9D482 
 185 0240 B73211F7 		.ascii	"\2672\021\367\003\264\264\240\271R\301*Fch\305\202\253"
 185      03B4B4A0 
 185      B952C12A 
 185      466368C5 
 185      82AB
 186 0252 31AC0B1A 		.ascii	"1\254\013\032\252\340\217\272\223\314\211=\360\231%"
 186      AAE08FBA 
 186      93CC893D 
 186      F09925
 187 0261 93E7A94A 		.ascii	"\223\347\251J\225\233\235\3373y\233U\355\012TY\314x"
 187      959B9DDF 
 187      33799B55 
 187      ED0A5459 
 187      CC78
 188 0273 EAEFBE89 		.ascii	"\352\357\276\211p\026\351T\324\243\352\234\322\216\313"
 188      7016E954 
 188      D4A3EA9C 
 188      D28ECB
 189 0282 C882C59A 		.ascii	"\310\202\305\232\034=?\375\3075(i\016\004\256\240\336"
 189      1C3D3FFD 
 189      C7352869 
 189      0E04AEA0 
 189      DE
 190 0293 A31AF11B 		.ascii	"\243\032\361\033\262\3677\007\004jO_\245\275D\374\016"
 190      B2F73707 
 190      046A4F5F 
 190      A5BD44FC 
 190      0E
 191 02a4 6F546765 		.ascii	"oTge\314\267\255\004\347?\035\232\323\364\266GkrJ)\256"
 191      CCB7AD04 
 191      E73F1D9A 
 191      D3F4B647 
 191      6B724A29 
 192 02b9 2AFAA56D 		.ascii	"*\372\245m\327\352\345R!\265\005\362\257\347\230\373"
 192      D7EAE552 
 192      21B505F2 
 192      AFE798FB 
 193 02c9 D7B0A3BC 		.ascii	"\327\260\243\274\250\362h-~b$F\002+f~?\333o\253\374"
 193      A8F2682D 
ARM GAS  /tmp/cc78V6tg.s 			page 15


 193      7E622446 
 193      022B667E 
 193      3FDB6FAB 
 194 02de 43DA8B5A 		.ascii	"C\332\213Z\\c/\374\213{\235\363<zZ\313\222\313\356\320"
 194      5C632FFC 
 194      8B7B9DF3 
 194      3C7A5ACB 
 194      92CBEED0 
 195 02f2 64C1F1B5 		.ascii	"d\301\361\265\207\376\227\325Q\214j\253\225.\374\314"
 195      87FE97D5 
 195      518C6AAB 
 195      952EFCCC 
 196 0302 562B1706 		.ascii	"V+\027\0066-R-t\023e\247n,\270b\362\277\337\270\021"
 196      362D522D 
 196      741365A7 
 196      6E2CB862 
 196      F2BFDFB8 
 197 0317 94CF1CDF 		.ascii	"\224\317\034\337}\247o68\013\233\017\207q\217\247\212"
 197      7DA76F36 
 197      380B9B0F 
 197      87718FA7 
 197      8A
 198 0328 3748E124 		.ascii	"7H\341$l\334d\034\247}\275;\310\01137gj\345\203u\376"
 198      6CDC641C 
 198      A77DBD3B 
 198      C8093337 
 198      676AE583 
 199 033e 5ECD32DD 		.ascii	"^\3152\335]e\365\">\303\311~\331'\245w\365\033\036\325"
 199      5D65F522 
 199      3EC3C97E 
 199      D927A577 
 199      F51B1ED5 
 200 0352 E196162F 		.ascii	"\341\226\026/\225\370\333,^)\263\370\3778\207Ec\036"
 200      95F8DB2C 
 200      5E29B3F8 
 200      FF388745 
 200      631E
 201 0364 0D587E81 		.ascii	"\015X~\201\352\345\005zU\201\377\360\246\016\277hzS"
 201      EAE5057A 
 201      5581FFF0 
 201      A60EBF68 
 201      7A53
 202 0376 D1DF09E8 		.ascii	"\321\337\011\350C\213\276O!\3355\275?\220\357p\364!"
 202      438BBE4F 
 202      21DD35BD 
 202      3F90EF70 
 202      F421
 203 0388 1CEEC3FC 		.ascii	"\034\356\303\374l;\027\263\336\337\301\257=\346\370"
 203      6C3B17B3 
 203      DEDFC1AF 
 203      3DE6F8
 204 0397 21FDDA0B 		.ascii	"!\375\332\013\261\276\2719\306\237\267\022\035o'\332"
 204      B1BEB939 
 204      C69FB712 
 204      1D6F27DA 
 205 03a7 639B5BDB 		.ascii	"c\233[\333\336h{\365\265\330\326d\254uK{,\331\021W\277"
 205      DE687BF5 
ARM GAS  /tmp/cc78V6tg.s 			page 16


 205      B5D8D664 
 205      AC754B7B 
 205      2CD91157 
 206 03bc AFBFD9BE 		.ascii	"\257\277\331\276%\331\332\034\027\262%\361\3566+\231"
 206      25D9DA1C 
 206      17B225F1 
 206      EE362B99 
 207 03cc 88BFB3B5 		.ascii	"\210\277\263\265\303iI$\343\035m\333x*\223m\357%\376"
 207      C3694924 
 207      E31D6DDB 
 207      782A936D 
 207      EF25FE
 208 03df 013A0EFF 		.ascii	"\001:\016\377Q"
 208      51
 209              		.text
 210              		.section	.gnu.lto_.symbol_nodes.1bc0760ba2efe17d,"e",%progbits
 211 0000 789C75CD 		.ascii	"x\234u\3151\022\301`\024\004\340\335}\371\023\2670\343"
 211      3112C160 
 211      1404E0DD 
 211      7DF913B7 
 211      30E3
 212 0012 0A1A2587 		.ascii	"\012\032%\207R\277\277Q\323\352\025\316\240\025\202"
 212      52BFBF51 
 212      D3EA15CE 
 212      A01582
 213 0021 315A1730 		.ascii	"1Z\0270j\265\206H\210Bl\2653\337\316l\007D \000\255"
 213      6AB58648 
 213      88426CB5 
 213      33DFCE6C 
 213      07442000 
 214 0036 E5B8DD97 		.ascii	"\345\270\335\227\003\316N\200\003\2538\302\013\240\\"
 214      03CE4E80 
 214      03AB38C2 
 214      0BA05C
 215 0045 CE5826F9 		.ascii	"\316X&\371\241\260\027b\0170m\344\372\2639\210\325\206"
 215      A1B01762 
 215      0F306DE4 
 215      FAB33988 
 215      D586
 216 0057 5BB93DDE 		.ascii	"[\271=\336\351V; \306!\300\235<i\227B\036Z\305\020\246"
 216      E9563B20 
 216      C621C09D 
 216      3C699742 
 216      1E5AC510 
 217 006c 937361CC 		.ascii	"\223sa\314\263\004\365\363\270\374\310\352z\2411\275"
 217      B304F5F3 
 217      B8FCC8EA 
 217      7AA131BD 
 218 007c 1EE77D2E 		.ascii	"\036\347}.\322\204\015\333\227\255a\3730\236\331\220"
 218      D2840DDB 
 218      97AD61FB 
 218      309ED990 
 219 008c 5318     		.ascii	"S\030"
 220              		.text
 221              		.section	.gnu.lto_.refs.1bc0760ba2efe17d,"e",%progbits
 222 0000 789CE360 		.ascii	"x\234\343``d\340f```ddb\342ddfb\341d\000\000\002\022"
 222      6064E066 
ARM GAS  /tmp/cc78V6tg.s 			page 17


 222      60606064 
 222      6462E264 
 222      646662E1 
 223 0019 0037     		.ascii	"\0007"
 224              		.text
 225              		.section	.gnu.lto_.decls.1bc0760ba2efe17d,"e",%progbits
 226 0000 789CAD58 		.ascii	"x\234\255XkT\024\327\035\237;w\331\205u\027,\232\306"
 226      6B5414D7 
 226      1D9F3B77 
 226      D9857517 
 226      2C9AC6
 227 0013 1E735A93 		.ascii	"\036sZ\223Cj\332D\211\211=mN\373!'9m\363\245\311\007"
 227      436ADA44 
 227      89893D6D 
 227      4EFB2127 
 227      396DF3A5 
 228 0029 D3F6A439 		.ascii	"\323\366\2449\355f\305Uh\021\354\356bc\373\241\003\254"
 228      ED66C555 
 228      6811ECEE 
 228      6263FBA1 
 228      03AC
 229 003b C84B058D 		.ascii	"\310K\005\215<U\036\242\202\370\000A| \260\"O\037\260"
 229      3C551EA2 
 229      82F80041 
 229      7C20B022 
 229      4F1FB0
 230 004e 22A88820 		.ascii	"\"\250\210 >Ay*\010\262\250\364\177\357\235Yf`\327\244"
 230      3E41792A 
 230      08B2A8F4 
 230      7FEF9D59 
 230      6660D7A4 
 231 0062 A71DF8EF 		.ascii	"\247\035\370\357\314\275\363\177\374\376\277\373\234"
 231      CCBDF37F 
 231      FCFEBFFB 
 231      9C
 232 006f EBCD21EE 		.ascii	"\353\315!\356{\0139n\003\346\270\345<\307M\301\245\342"
 232      7B0B396E 
 232      03E6B8E5 
 232      3CC74DC1 
 232      A5E2
 233 0081 38EE1208 		.ascii	"8\356\022\010\271;@n\200t\203\2509v\221\373 \310\023"
 233      B93B406E 
 233      807483A8 
 233      397691FB 
 233      20C813
 234 0094 9067203C 		.ascii	"\220g <\3428\015\210?\010\270\340^\203\373\217\020\247"
 234      E2380D88 
 234      3F08B8E0 
 234      5E83FB8F 
 234      10A7
 235 00a6 B83AA13C 		.ascii	"\270:\241<\027\356\375 \376 \363E\337N\220\277\300\273"
 235      17EEFD20 
 235      FE20F345 
 235      DF4E90BF 
 235      C0BB
 236 00b8 1F832C86 		.ascii	"\037\203,\206\347\267@\232A\376\014e\003\310\033 o\202"
 236      E7B7409A 
ARM GAS  /tmp/cc78V6tg.s 			page 18


 236      41FE0C65 
 236      03C81B20 
 236      6F82
 237 00ca 7C058244 		.ascii	"|\005\202D\377\027@\376\004\317X\304\261\0221\0143\257"
 237      FF1740FE 
 237      04CF58C4 
 237      B112310C 
 237      33AF
 238 00dc 3EA87B4D 		.ascii	">\250{M\026oD\214Ir\331\200X\334\317\304\270\377B,\257"
 238      166F448C 
 238      4972D980 
 238      58DCCFC4 
 238      B8FF422C 
 239 00f1 68341DDF 		.ascii	"h4\035\337\006\362)\310\327 \033Ab@6\201\304\202\304"
 239      06F229C8 
 239      D7201B41 
 239      62403681 
 239      C482C4
 240 0104 812C2036 		.ascii	"\201, 6 \361 Q \011 \211\242\037\202\361Kx\266\200D"
 240      20F12051 
 240      20092089 
 240      A21F82F1 
 240      4B78B680 
 241 0119 800820EB 		.ascii	"\200\010 \353D\314\2047\177\2213$\362%\277&\240\274"
 241      44CC8437 
 241      7F913324 
 241      F225BF26 
 241      A0BC
 242 012b 5086DBF9 		.ascii	"P\206\333\371\177\304M\332\262\203S\342\366\2049R\206"
 242      7FC44DDA 
 242      B28353E2 
 242      F6843952 
 242      86
 243 013c F9D90CCC 		.ascii	"\371\331\014\3143\3337\025\243\256\250]Ou[0\362\327"
 243      33DB3715 
 243      A3AEA85D 
 243      4F755B30 
 243      F2D7
 244 014e 221514BF 		.ascii	"\"\025\024\2779W\332\250\205\342|-Z\004\305\344\251"
 244      3957DAA8 
 244      85E27C2D 
 244      5A04C5E4 
 244      A9
 245 015f BC561F0C 		.ascii	"\274V\037\014\315\004\317\211\316\214\002\037\254\246"
 245      CD04CF89 
 245      CE8C021F 
 245      ACA6
 246 016d CFA3EDE9 		.ascii	"\317\243\355\351i\332\300C\002\273\274\377\312\241\012"
 246      69DAC043 
 246      02BBBCFF 
 246      CAA10A
 247 017c 84A79D16 		.ascii	"\204\247\235\026\\\350\334\217\360/\251jf~\365\230\357"
 247      5CE8DC8F 
 247      F02FA96A 
 247      667EF598 
 247      EF
 248 018d BC645155 		.ascii	"\274dQU@\024\002\252B\030\331\321<T\211\002E\233\254"
ARM GAS  /tmp/cc78V6tg.s 			page 19


 248      401402AA 
 248      4218D9D1 
 248      3C548902 
 248      459BAC
 249 01a0 92A8A439 		.ascii	"\222\250\2449\222\236\315\263^a\307d\262J\027/\010Q"
 249      929ECDB3 
 249      5E61C764 
 249      B24A172F 
 249      0851
 250 01b2 4276B4E0 		.ascii	"Bv\264\340\363\011:\003\257\313\321Bt\012\001\375\250"
 250      F3093A03 
 250      AFCBD142 
 250      740A01FD 
 250      A8
 251 01c3 1AE9985E 		.ascii	"\032\351\230^\325TJ\225\212%\346\015\305\035\007\316"
 251      D5544A95 
 251      8A25E60D 
 251      C51D07CE 
 252 01d3 3CD3B1C4 		.ascii	"<\323\261\304\354\344u\347\256\241\021\025\376\204B"
 252      ECE475E7 
 252      AEA11115 
 252      FE8442
 253 01e2 B4776F9E 		.ascii	"\264wo\236\300\360\3565-\232BP\256\037\032hE\254L^?"
 253      C0F0EE35 
 253      2D9A4250 
 253      AE1F1A68 
 253      45AC4C5E 
 254 01f7 B0B7F579 		.ascii	"\260\267\365y{\307\220\210\302Y\001/\340\320\373\013"
 254      7BC79088 
 254      C259012F 
 254      E0D0FB0B 
 255 0207 D1BB2458 		.ascii	"\321\273$X\003\362\246\310P=\304\257\203\370\204\301"
 255      03F2A6C8 
 255      503DC4AF 
 255      83F884C1 
 256 0217 139B1E68 		.ascii	"\023\233\036h\361\247\324rK\345P\271\227\033K\324\010"
 256      F1A7D472 
 256      4BE550B9 
 256      971B4BD4 
 256      08
 257 0228 69B931C6 		.ascii	"i\2711\306\347\237\266\217\372\240y\001\001\224\207"
 257      E79FB68F 
 257      FAA07901 
 257      019487
 258 0237 24C2978A 		.ascii	"$\302\227\212C5\240p\226fw\236Q\201.\240\000t\021\005"
 258      4335A070 
 258      9666779E 
 258      51812EA0 
 258      00741105 
 259 024b 104A7289 		.ascii	"\020Jr\211w{O\346\257\312\237\365\012\302\266\005\204"
 259      777B4FE6 
 259      AFCA9FF5 
 259      0AC2B605 
 259      84
 260 025c 01741AFC 		.ascii	"\001t\032\374\237W\360\022H~\226-\224\364\353N\253\323"
 260      9F57F012 
 260      487E962D 
ARM GAS  /tmp/cc78V6tg.s 			page 20


 260      94F4EB4E 
 260      ABD3
 261 026e 047BA41A 		.ascii	"\004{\244\032\235\003\024\265\242\266\224\026\325-'"
 261      9D0314B5 
 261      A2B69416 
 261      D52D27
 262 027d 6690836D 		.ascii	"f\220\203m\2548r\016\336\214hB\255E\345\307\320<\267"
 262      AC38720E 
 262      DE8C6842 
 262      AD45E5C7 
 262      D03CB7
 263 0290 E05093E8 		.ascii	"\340P\223\350e\006>\260:X\023W\215\345M\326\254\200"
 263      65063EB0 
 263      3A581357 
 263      8DE54DD6 
 263      AC80
 264 02a2 E6A04D46 		.ascii	"\346\240MFn\240\033[^X\206X\263\371C\261\354pZ\205V"
 264      6EA01B5B 
 264      5E588658 
 264      B3F943B1 
 264      EC705A85 
 265 02b7 1B4B0232 		.ascii	"\033K\0022S\250\237\266lAZ\202\026]b\324\237O\334T\341"
 265      53A89FB6 
 265      6C415A82 
 265      165D62D4 
 265      9F4FDC54 
 266 02cc C76CE791 		.ascii	"\307l\347\221v\353\317\352\364eM\236F\232\265\355i\205"
 266      76EBCFEA 
 266      F4654D9E 
 266      469AB5ED 
 266      6985
 267 02de 53875369 		.ascii	"S\207Si&82\336\331\216\221v!\002g(\226\266\320\036y"
 267      263832DE 
 267      D98E9176 
 267      21026728 
 267      96B6D01E 
 268 02f3 0BB54136 		.ascii	"\013\265A6W\210\373\253\240p\015\374\247\013\336\264"
 268      5788FBAB 
 268      A0700DFC 
 268      A70BDEB4 
 269 0303 225D00ED 		.ascii	"\"]\000\355\341\177\323gpZT28\246\362O\022\031\371\020"
 269      E17FD367 
 269      705A5432 
 269      38A6F24F 
 269      1219F910 
 270 0317 917AD40A 		.ascii	"\221z\324\0126\227)\302v\344\317`R\"b\357>\251\230\243"
 270      369729C2 
 270      76E4CF60 
 270      522262EF 
 270      3EA998A3 
 271 032b 15A3D95E 		.ascii	"\025\243\331^\026\015\224\037\267\344^\304r\317\327"
 271      160D941F 
 271      B7E45EC4 
 271      72CFD7
 272 033a 5FE279BC 		.ascii	"_\342y\274x\357b9\303\035\310_\306\323\015\306\360\015"
 272      78EF6239 
 272      C31DC85F 
ARM GAS  /tmp/cc78V6tg.s 			page 21


 272      C6D30DC6 
 272      F00D
 273 034c CAF0E998 		.ascii	"\312\360\351\230\347\225\032\240e1\364v\270\374d\035"
 273      E7951AA0 
 273      6531F476 
 273      B8FC641D 
 274 035c 7E31EBF0 		.ascii	"~1\353\360\223\307\207\323\324x'k\362'\267\243\372\374"
 274      93C787D3 
 274      D478276B 
 274      F227B7A3 
 274      FAFC
 275 036e 1866EA9A 		.ascii	"\030f\352\232s\371E7\0215!\015\336\005u\235\244\256"
 275      73F94537 
 275      1135210D 
 275      DE05759D 
 275      A4AE
 276 0380 1B69C128 		.ascii	"\033i\301(\247\263\273\312\347\026(\220\231\037\241"
 276      A7B3BBCA 
 276      E7162890 
 276      991FA1
 277 038f 0E2FC491 		.ascii	"\016/\304\221?\362\303\3065\271#$.\017S\322\205\310"
 277      3FF2C3C6 
 277      35B92324 
 277      2E0F53D2 
 277      85C8
 278 03a1 25EA71E2 		.ascii	"%\352q\342\234%\325\261\233\364\303\352x\321\013/N="
 278      9C25D5B1 
 278      9BF4C3EA 
 278      78D10B2F 
 278      4E3D
 279 03b3 88D930EF 		.ascii	"\210\3310\357\264(s\315\336#\361\275\344\204\0310T\323"
 279      B42873CD 
 279      DE23F1BD 
 279      E4841930 
 279      54D3
 280 03c5 8662152F 		.ascii	"\206b\025/\206\223[\240Y\210\247\035r.\247\322\205\\"
 280      86935BA0 
 280      5988A71D 
 280      722EA7D2 
 280      855C
 281 03d7 73E2546B 		.ascii	"s\342Tku\203\317m\324\035\011\355\331\335\321\377*\207"
 281      7583CF6D 
 281      D41D09ED 
 281      D9DDD1FF 
 281      2A87
 282 03e9 7C931671 		.ascii	"|\223\026q\224\342\032g\275\340\215\353\030\337\035"
 282      94E21A67 
 282      BDE08DEB 
 282      18DF1D
 283 03f8 1B8BB7A0 		.ascii	"\033\213\267\240\231\363%\207\356*&\301\362\276\344"
 283      99F32587 
 283      EE2A26C1 
 283      F2BEE4
 284 0407 617ED6A4 		.ascii	"a~\326\244JF\240RoGA\316n\235\274_\334S\214\274\373"
 284      4A46A052 
 284      6F4741CE 
 284      6E9DBC5F 
ARM GAS  /tmp/cc78V6tg.s 			page 22


 284      DC538CBC 
 285 041c D26479B9 		.ascii	"\322dy\271\265\307\311\253xV\205\"T\244.\2466\251\\"
 285      B5C7C9AB 
 285      78568522 
 285      54A42EA6 
 285      36A95C
 286 042f CF46134F 		.ascii	"\317F\023O\232\264\315\021\205\330h\232\373\322I\361"
 286      9AB4CD11 
 286      85D8689A 
 286      FBD249F1 
 287 043f A19B49F1 		.ascii	"\241\233I\361\352\221g\265\032\334\3062\214kO\355Q\273"
 287      EA9167B5 
 287      1ADCC632 
 287      8C6B4FED 
 287      51BB
 288 0451 9B15FB00 		.ascii	"\233\025\373\000\277;\353\230\263\316\022\364\352\016"
 288      BF3BEB98 
 288      B3CE12F4 
 288      EA0E
 289 045f 3A12A285 		.ascii	":\022\242\205\271<\352\007\245\007\360\276\227f1\200"
 289      B93CEA07 
 289      A507F0BE 
 289      97663180 
 290 046f 80CC1EA4 		.ascii	"\200\314\036\244\022S9\233\320\340\367F\266\320\335"
 290      1253399B 
 290      D0E0F746 
 290      B6D0DD
 291 047e 2DD86F9E 		.ascii	"-\330o\236~g\374l\214\340\000\303\017\251\036\272\003"
 291      7E67FC6C 
 291      8CE000C3 
 291      0FA91EBA 
 291      03
 292 048f 21447AC8 		.ascii	"!Dz\3103\207n\303\037\272\005\177P1\210\336 \203t\347"
 292      33876EC3 
 292      1FBA057F 
 292      503188DE 
 292      208374E7 
 293 04a3 F51C3D4E 		.ascii	"\365\034=Nb\213\336\321\035\375\202\206\022\003\035"
 293      628BDED1 
 293      1DFD8286 
 293      12031D
 294 04b2 5B24A6FF 		.ascii	"[$\246\377\3247\321:\027Y\303\210V\226\227\244\237P"
 294      D437D13A 
 294      1759C388 
 294      569697A4 
 294      9F50
 295 04c4 E1BDCC6A 		.ascii	"\341\275\314jod\234C\357~\314<\236=f\300`W\313\350 "
 295      6F649C43 
 295      EF7ECC3C 
 295      9E3D66C0 
 295      6057CBE8 
 296 04d9 2FCF7004 		.ascii	"/\317p\004\242Mg8J2|$eX\274\255\242\021\213\031\336"
 296      A24D6738 
 296      4A327C24 
 296      6558BCAD 
 296      A2118B19 
 297 04ee CF989B1B 		.ascii	"\317\230\233\033-\344\203\335\"\242\205\206d\371\015"
ARM GAS  /tmp/cc78V6tg.s 			page 23


 297      2DE483DD 
 297      22A28586 
 297      64F90D
 298 04fd CDCCEF09 		.ascii	"\315\314\357\011\315/\341PF\2017.\375\256\371\215\263"
 298      CD2FE150 
 298      4681372E 
 298      FDAEF98D 
 298      B3
 299 050e FC0AF292 		.ascii	"\374\012\362\222s\325\270\236Yet\027\346\350\334\347"
 299      73D5B89E 
 299      59657417 
 299      E6E8DCE7 
 300 051e 37E136BF 		.ascii	"7\3416\277\222\354c\027\274\345\3719\025\371M\222\374"
 300      92EC6317 
 300      BCE5F939 
 300      15F94D92 
 300      FC
 301 052f 9E4AF955 		.ascii	"\236J\371U\235K\331\251\027\363\033\3345?G\312\017\264"
 301      9D4BD9A9 
 301      17F31BDC 
 301      353F47CA 
 301      0FB4
 302 0541 D0982CBF 		.ascii	"\320\230,\277\261\231\371=\243\371e$\3055\370b\007C"
 302      B199F93D 
 302      A3F96524 
 302      C535F862 
 302      0743
 303 0553 3AD6985A 		.ascii	":\326\230Z\250\307\035\342\016&\341V\236\306=\354\027"
 303      A8C71DE2 
 303      0E26E156 
 303      9EC63DEC 
 303      17
 304 0564 6E6127E6 		.ascii	"na'\346\356\253D\224\211)\027;\335w\307\267h\345\251"
 304      EEAB4494 
 304      8929173B 
 304      DD77C7B7 
 304      68E5A9
 305 0577 047F5F96 		.ascii	"\004\177_\226I$\017\231\010\274\230I\327\256\336qD2"
 305      49240F99 
 305      08BC9849 
 305      D7AEDE71 
 305      4432
 306 0589 11047B73 		.ascii	"\021\004{s\347[\327\212z\205X-UB\317e\211<\027\367N"
 306      E75BD78A 
 306      7A85582D 
 306      5542CF65 
 306      893C17F7 
 307 059e 288A2709 		.ascii	"(\212'\011\330\207\363\3220N\307\024s\367`u\222b\355"
 307      D887F3D2 
 307      304EC714 
 307      73F76075 
 307      9262ED
 308 05b1 24ABC0F4 		.ascii	"$\253\300\364\010\266\361\342\010>W\266\375\264\236"
 308      08B6F1E2 
 308      083E57B6 
 308      FDB49E
 309 05c0 42852A11 		.ascii	"B\205*\021j]I\321>\344\021j\014\201\272Q\202Z\340p\\"
ARM GAS  /tmp/cc78V6tg.s 			page 24


 309      6A5D49D1 
 309      3EE4116A 
 309      0C81BA51 
 309      825AE070 
 310 05d5 F212A176 		.ascii	"\362\022\241v\364\007\224\227\0126/\242\202\242\371"
 310      F4079497 
 310      0A362FA2 
 310      82A2F9
 311 05e4 69A0F0CC 		.ascii	"i\240\360\314\200n\242@'\332\263\234z|\211\001=\024"
 311      806EA240 
 311      27DAB39C 
 311      7A7C8901 
 311      3D14
 312 05f6 3559EB8D 		.ascii	"5Y\353\215o\263\302\343\256\033\371\244\013\2418j\001"
 312      6FB3C2E3 
 312      AE1BF9A4 
 312      0BA1386A 
 312      01
 313 0607 35178F3C 		.ascii	"5\027\217<HP\343^\366\272\264o{\246\027y\235\000\257"
 313      4850E35E 
 313      F6BAB46F 
 313      7BA61779 
 313      9D00AF
 314 061a 513C4FD1 		.ascii	"Q<O\321\026E\332\367\353\361\000\323\250\356\270\327"
 314      1645DAF7 
 314      EBF100D3 
 314      A8EEB8D7 
 315 062a 43FA25DA 		.ascii	"C\372%\332L4\022\231\306\341\203\223EZ\232\243Zj\215"
 315      4C341299 
 315      C6E18393 
 315      455A9AA3 
 315      5A6A8D
 316 063d 5BFBEF45 		.ascii	"[\373\357EH5[\231VJsu?\226g\255\226w\265d\222u\222\224"
 316      48355B99 
 316      564A7375 
 316      3F9667AD 
 316      9677B564 
 317 0655 B550991D 		.ascii	"\265P\231\035\245\203\254\207\263\205\354\014\341\243"
 317      A583AC87 
 317      B385EC0C 
 317      E1A3
 318 0663 282151B0 		.ascii	"(!Q\260\227\360D\011\305Jy\243-\240M\212,\365m4\365"
 318      97F04409 
 318      C54A79A3 
 318      2DA04D8A 
 318      2CF56D34 
 319 0678 1B530377 		.ascii	"\033S\003w}\331\3448\237\314\206\005O\337\363\270K\371"
 319      7DD9E438 
 319      9FCC8605 
 319      4FDFF3B8 
 319      4BF9
 320 068a 8667BB94 		.ascii	"\206g\273\224\355<\355T\023\267\252\207\275\230\351"
 320      ED3CED54 
 320      13B7AA87 
 320      BD98E9
 321 0699 2B50DC78 		.ascii	"+P\334x\345f\214\017\233W\363\311.\305\2212T\250\237"
 321      E5668C0F 
ARM GAS  /tmp/cc78V6tg.s 			page 25


 321      9B57F3C9 
 321      2EC59132 
 321      54A89F
 322 06ac B9A148E1 		.ascii	"\271\241H\341\027\242\035<q\226\312\3733\217\024\377"
 322      17A21D3C 
 322      7196CAFB 
 322      338F14FF 
 323 06bc 2E5B5494 		.ascii	".[T\224f\346\036\301\223\362\355S7\262}_\177\202\263"
 323      66E61EC1 
 323      93F2ED53 
 323      37B27D5F 
 323      7F82B3
 324 06cf 60279306 		.ascii	"`'\223\006o\010\347Q\266\014\204\023T\224\363\234\213"
 324      6F08E751 
 324      B60C8413 
 324      5494F39C 
 324      8B
 325 06e0 23295A9C 		.ascii	"#)Z\234\316\012\207\332\213\237\353\336\334#8\354d\032"
 325      CE0A87DA 
 325      8B9FEBDE 
 325      DC2338EC 
 325      641A
 326 06f2 0DC8DC27 		.ascii	"\015\310\334'\304&ER;\224\011\314\300T\"\213\223\001"
 326      C4264552 
 326      3B9409CC 
 326      C054228B 
 326      9301
 327 0704 35E9FCEB 		.ascii	"5\351\374\353\360\264\223\177\023\214O\010\315\317\365"
 327      F0B4937F 
 327      138C4F08 
 327      CDCFF5
 328 0713 AFE7AA48 		.ascii	"\257\347\252H$\330\211\020\177\373\266\306\217\373\341"
 328      24D88910 
 328      7FFBB6C6 
 328      8FFBE1
 329 0722 32E6DCD9 		.ascii	"2\346\334\331\266+G%:o\371ad\266\335\266\210\356X\210"
 329      B62B4725 
 329      3A6FF961 
 329      64B6DDB6 
 329      88EE5888 
 330 0736 6718C4B2 		.ascii	"g\030\304\262]\316n\250\331E=gQ\317\207\312\02235\214"
 330      5DCE6EA8 
 330      D9453D67 
 330      51CF87CA 
 330      1233358C 
 331 074a BC05647D 		.ascii	"\274\005d}+{~\323\007\3270\2571\343\365\376\362\221"
 331      2B7B7ED3 
 331      07D730AF 
 331      31E3F5FE 
 331      F291
 332 075c E2548C94 		.ascii	"\342T\214\224\\i\244L%\244\266\252h\237\311u\215\224"
 332      5C69A44C 
 332      25A4B6AA 
 332      689FC975 
 332      8D94
 333 076e 83F1DBEF 		.ascii	"\203\361\333\357\262\365o\215\016\355a\375\250\343\372"
 333      B2F56F8D 
ARM GAS  /tmp/cc78V6tg.s 			page 26


 333      0EED61FD 
 333      A8E3FA
 334 077d A3937E9E 		.ascii	"\243\223~\236W\235\275\244#\345I\035)\362\322\315|$"
 334      579DBDA4 
 334      23E5491D 
 334      29F2D2CD 
 334      7C24
 335 078f 0F0EAF65 		.ascii	"\017\016\257e\301\367I\301\245U\324\237\255\242'\235"
 335      C1F749C1 
 335      A555D49F 
 335      ADA2279D 
 336 079f 557BB5D8 		.ascii	"U{\265\330\241\3628\027o\353Ik\361\223\200\0250`\023"
 336      A1F23817 
 336      6FEB496B 
 336      F1938015 
 336      306013
 337 07b2 F5D915D8 		.ascii	"\365\331\025\3303\260B\002\354\200\004\354\371\261\003"
 337      33B04202 
 337      EC8004EC 
 337      F9B103
 338 07c1 F50A6085 		.ascii	"\365\012`\205\012`\007%`\025\315\355\325j|"
 338      0A600725 
 338      6015CDED 
 338      D56A7C
 339 07d0 8721991E 		.ascii	"\207!\231\036hk$\206n\026\237\234\320x\016z\204\004"
 339      686B2486 
 339      6E169F9C 
 339      D0780E7A 
 339      8404
 340 07e2 3D2C057D 		.ascii	"=,\005}\370h\333\300\034y\320#\212\240ER\320=\235w\033"
 340      F868DBC0 
 340      1C79D023 
 340      8AA04552 
 340      D03D9D77 
 341 07f7 F5788405 		.ascii	"\365x\204\005-\310\312\257\321\343I\261\220w\366\202"
 341      2DC8CAAF 
 341      D1E349B1 
 341      9077F682 
 342 0807 DB9DF251 		.ascii	"\333\235\362Q\236~\227\221\211Z\266C\270?~r\222\227"
 342      9E7E9791 
 342      895AB643 
 342      B83F7E72 
 342      9297
 343 0819 072CE1E5 		.ascii	"\007,\341\345m_\352\312rsq\207/M\254\324\325\366\322"
 343      6D5FEACA 
 343      72737187 
 343      2F4DACD4 
 343      D5F6D2
 344 082c 7EF88BD9 		.ascii	"~\370\213\331\373\341/\330~8ob\350\270\016G{\321B\333"
 344      FBE12FD8 
 344      7E386F62 
 344      E8B80E47 
 344      7BD142DB 
 345 0840 50EA26DE 		.ascii	"P\352&\336\375\"r\202\247&\004\333q\030\033el\274\347"
 345      FD227282 
 345      A72604DB 
 345      71181B65 
ARM GAS  /tmp/cc78V6tg.s 			page 27


 345      6CBCE7
 346 0853 27E79D67 		.ascii	"'\347\235g}\353$\200:\306\332pcW\334$[c\311J\177\212"
 346      7DEB2480 
 346      3AC6DA70 
 346      6357DC24 
 346      5B63C94A 
 347 0869 55E63775 		.ascii	"U\3467u6\270\032\273\234\325\215\331\3664\372x\346\275"
 347      36B81ABB 
 347      9CD58DD9 
 347      F634FA78 
 347      E6BD
 348 087b 82F07E5A 		.ascii	"\202\360~Z\342\375\250\355\312\220ZNC\205\202\367J\211"
 348      E2FDA8ED 
 348      CA905A4E 
 348      438582F7 
 348      4A89
 349 088d 86C19853 		.ascii	"\206\301\230S\235\2768\236%\324\327l/qQ-|+\325/\216"
 349      9DBE389E 
 349      25D4D76C 
 349      2F71512D 
 349      7C2BD52F 
 350 08a2 65E42BBE 		.ascii	"e\344+\276\277\355\012\252\317H1R\357eu\262\264\317"
 350      BFED0AAA 
 350      CF483152 
 350      EF6575B2 
 350      B4CF
 351 08b4 B8A8EEA9 		.ascii	"\270\250\356\251r\326\252\\TT\263\014\367n\216?\243"
 351      72D6AA5C 
 351      5454B30C 
 351      F76E8E3F 
 351      A3
 352 08c5 71517196 		.ascii	"qQq\226U\356\031\235\330\352%QQ\303\352ND\215\364{{"
 352      55EE199D 
 352      D8EA2551 
 352      51C3EA4E 
 352      448DF47B 
 353 08da A6A28E50 		.ascii	"\246\242\216PQ\353\232\331\023\037\334\362\222\303\254"
 353      51EB9AD9 
 353      131FDCF2 
 353      92C3AC
 354 08e9 5350512F 		.ascii	"SPQ/\301L\273tgT\217\267zy\352\367\036\266\343\347x"
 354      C14CBB74 
 354      67548FB7 
 354      7A79EAF7 
 354      1EB6E3E7 
 355 08fe F936BB69 		.ascii	"\3716\273i\240n#\217w3')\225\307r\365\263\0162\316\003"
 355      A06E238F 
 355      77332729 
 355      95C772F5 
 355      B30E32CE 
 356 0913 994AA36B 		.ascii	"\231J\243k\243\305_\312\001^\340\345[\363\213\022\300"
 356      A3C55FCA 
 356      015EE0E5 
 356      5BF38B12 
 356      C0
 357 0924 23C3ED27 		.ascii	"#\303\355'\025\003\017\336\310\262n\"Y7JY\227N\324\037"
 357      15030FDE 
ARM GAS  /tmp/cc78V6tg.s 			page 28


 357      C8B26E22 
 357      59374A59 
 357      974ED41F 
 358 0938 550CBC26 		.ascii	"U\014\274&E\326\315\222\323\303-\275Ox\\\314\000Kg>"
 358      45D6CD92 
 358      D3C32DBD 
 358      4F785CCC 
 358      004B673E 
 359 094c FEECCCE7 		.ascii	"\376\354\314\347@\371\2034\236-H\002\331\370\267f75"
 359      40F98334 
 359      9E2D4802 
 359      D9F8B766 
 359      3735
 360 095e 637C86EA 		.ascii	"c|\206\352\372t\275\020\206\265(\000\256y\344\207\035"
 360      FA74BD10 
 360      86B52800 
 360      AE79E487 
 360      1D
 361 096f 26DCC95C 		.ascii	"&\334\311\\~\262T\020\342td:A\371\220\3515E.\373y\327"
 361      7EB25410 
 361      E274643A 
 361      41F990E9 
 361      35452EFB 
 362 0985 81023370 		.ascii	"\201\0023p\240\206\257HoD\305\263t\3319\307L]\2301\320"
 362      A086AF48 
 362      6F44C5B3 
 362      74D939C7 
 362      4C5D9831 
 363 099a 210F7E97 		.ascii	"!\017~\227)UI\317r\314Ru\035\177(\316.Z`\224^\002'\364"
 363      295549CF 
 363      72CC5275 
 363      1D7F28CE 
 363      2E5A6094 
 364 09b2 98E91A6B 		.ascii	"\230\351\032k\035t\225\017@\035 7@\332@\256\200\264"
 364      1D74950F 
 364      401D2037 
 364      40DA40AE 
 364      80B4
 365 09c4 825C0769 		.ascii	"\202\\\007i\347eg.4\034\311\370\362\254p\331n3\206U"
 365      E765672E 
 365      341CC9F8 
 365      F2AC70D9 
 365      6E338655 
 366 09d8 00E578D0 		.ascii	"\000\345x\320\235\221\005\264\024jp\237\305L\257\320"
 366      9D9105B4 
 366      146A709F 
 366      C54CAFD0 
 367 09e8 95519507 		.ascii	"\225Q\225\007\036\227\2613\234\262\376\256\003^\322"
 367      1E97B133 
 367      9CB2FEAE 
 367      035ED2
 368 09f7 B18DED7F 		.ascii	"\261\215\355\177J\035\274%W\354OS|Tv*\"w\321NFnd/\337"
 368      4A1DBC25 
 368      57EC4F53 
 368      7C54762A 
 368      2277D14E 
 369 0a10 9E7E4E23 		.ascii	"\236~N#\351\332<\254\213\350&\325\265\325\226O(f\226"
ARM GAS  /tmp/cc78V6tg.s 			page 29


 369      E9DA3CAC 
 369      8BE826D5 
 369      B5D5964F 
 369      286696
 370 0a23 48856E37 		.ascii	"H\205n7\323\355\246\272\361\031\351g\275p\023\353\300"
 370      D3EDA6BA 
 370      F119E967 
 370      BD7013EB 
 370      C0
 371 0a34 1D8DDB92 		.ascii	"\035\215\333\222T\260\213\263\303\007\303x9\336}\262"
 371      54B08BB3 
 371      C307C378 
 371      39DE7DB2 
 372 0a44 E852A430 		.ascii	"\350R\2440\337\346C\035\334\222\355_o\3613\276\030n"
 372      DFE6431D 
 372      DC92ED5F 
 372      6FF133BE 
 372      186E
 373 0a56 D3CD5C6B 		.ascii	"\323\315\\k\361P\023\217\267\260\243\315\246\201\234"
 373      F150138F 
 373      B7B0A3CD 
 373      A6819C
 374 0a65 5538853D 		.ascii	"U8\205=\217\024\354M\366\303{\324/\3730\277\257\030"
 374      8F14EC4D 
 374      F6C37BD4 
 374      2FFB30BF 
 374      AF18
 375 0a77 D4DDD72A 		.ascii	"\324\335\327*j\374p!\263\210\252\353{\242\2325\023\364"
 375      6AFC7021 
 375      B388AAEB 
 375      7BA29A35 
 375      13F4
 376 0a89 0020A5D1 		.ascii	"\000 \245\321\303\012\207C/O\274WA\350\003i\324\266"
 376      C30A8743 
 376      2F4FBC57 
 376      41E80369 
 376      D4B6
 377 0a9b 35648E6B 		.ascii	"5d\216kp-s~\336\226{g\016\276\314\012\303q\035\3330"
 377      702D737E 
 377      DE967B67 
 377      0EBECC0A 
 377      C3711DDB 
 378 0ab0 EE64859E 		.ascii	"\356d\205\236\230\013/\304=\322kP\274\360\354L\245x"
 378      980B2FC4 
 378      3DD26B50 
 378      BCF0EC4C 
 378      A578
 379 0ac2 F2D94D36 		.ascii	"\362\331M6\230\271\221m\347\365\270\227\352z\217\226"
 379      98B9916D 
 379      E7F5B897 
 379      EA7A8F96 
 380 0ad2 8CB6CC41 		.ascii	"\214\266\314Al0K\303\271'3\340\340cv\226H\266Pw\001"
 380      6C304BC3 
 380      B92733E0 
 380      E0637696 
 380      48B65077 
 381 0ae7 EF230FE3 		.ascii	"\357#\017\343N1\232\006\241K\015\320W\217\304\3764\012"
ARM GAS  /tmp/cc78V6tg.s 			page 30


 381      4E319A06 
 381      A14B0DD0 
 381      578FC4FE 
 381      340A
 382 0af9 FD660C64 		.ascii	"\375f\014d\004\344\011\3100\3108\310c\3710jY\222!\330"
 382      04E409C8 
 382      30C838C8 
 382      63F9306A 
 382      599221D8 
 383 0b0d 6D6A1A6B 		.ascii	"mj\032khV\254\231\243\343\341O\2316\331\"=\234\245="
 383      6856AC99 
 383      A3E3E14F 
 383      9936D922 
 383      3D9CA53D 
 384 0b21 DDEB45ED 		.ascii	"\335\353E\355\237L\373\356\237\245=\343L\264\253pA^"
 384      9F4CFBEE 
 384      9FA53DE3 
 384      4CB4AB70 
 384      415E
 385 0b33 B400230A 		.ascii	"\264\000#\012\010G\367<\370\226\215\276\246\003\376"
 385      0847F73C 
 385      F8968DBE 
 385      A603FE
 386 0b42 7BA83EF1 		.ascii	"{\250>\361\336\347\336\273L}\354\340|\246N\326\303;"
 386      DEE7DEBB 
 386      4C7DECE0 
 386      7CA64ED6 
 386      C33B
 387 0b54 1E48954E 		.ascii	"\036H\225N]s\266\214=V)G\254D/]J\276#\303\344sx\353"
 387      5D73B68C 
 387      3D562947 
 387      AC442F5D 
 387      4ABE23C3 
 388 0b6c 8132ADBC 		.ascii	"\2012\255\274s=U\204\235`\243j\202\216\252\213\265\227"
 388      733D5584 
 388      9D60A36A 
 388      828EAA8B 
 388      B597
 389 0b7e D3347880 		.ascii	"\3234x\200v\015|&\357j\211\017\362a'\244\233\350\366"
 389      760D7C26 
 389      EF6A890F 
 389      F26127A4 
 389      9BE8F6
 390 0b91 203A692E 		.ascii	" :i.rm\017\234\000c\222\367\201\317n\000\366\234g'\244"
 390      726D0F9C 
 390      006392F7 
 390      81CF6E00 
 390      F69C6727 
 391 0ba6 A4829E90 		.ascii	"\244\202\236\220\316e\357\340\007\374\216n\277~\323"
 391      CE65EFE0 
 391      07FC8E6E 
 391      BF7ED3
 392 0bb5 178F30BF 		.ascii	"\027\2170\277E\31766\353^r\306=%\246&\340\000\024\211"
 392      45CF3636 
 392      EB5E72C6 
 392      3D25A626 
 392      E0001489 
ARM GAS  /tmp/cc78V6tg.s 			page 31


 393 0bc9 651DE545 		.ascii	"e\035\345E\226\3107\331'\274\200\350S/k\315\353o)\273"
 393      96C837D9 
 393      27BC80E8 
 393      532F6BCD 
 393      EB6F29BB 
 394 0bdd 951B6589 		.ascii	"\225\033e\211\354k\327kzuJ\262]\247\332=\242\351\014"
 394      EC6BD76B 
 394      7A754AB2 
 394      5DA7DA3D 
 394      A2E90C
 395 0bf0 44E470A0 		.ascii	"D\344p\240i\344\251\342\313<\012\313#DcJ,\334\310\244"
 395      69E4A9E2 
 395      CB3C0ACB 
 395      2344634A 
 395      2CDCC8A4 
 396 0c04 525DE1D4 		.ascii	"R]\341\324\311\247Aw\3532\262Q\335\343\245\333\306\325"
 396      C9A74177 
 396      EB32B251 
 396      DDE3A5DB 
 396      C6D5
 397 0c16 D206D3F6 		.ascii	"\322\006\323\366\255\007\256\03319p\215\253}\334\254"
 397      AD07AE1B 
 397      3139708D 
 397      AB7DDCAC 
 398 0c26 0093AC08 		.ascii	"\000\223\254\010\020\303\300\30400W\235\016\327>\312"
 398      10C3C0C4 
 398      3030579D 
 398      0ED73ECA 
 399 0c36 F6920F64 		.ascii	"\366\222\017d\264\011\277J6hc{\005_\271\357\030\205"
 399      B409BF4A 
 399      3668637B 
 399      055FB9EF 
 399      1885
 400 0c48 EF58E63B 		.ascii	"\357X\346;\226\372\356\273\273?U\2616\220\017\306i\335"
 400      96FAEEBB 
 400      BB3F55B1 
 400      36900FC6 
 400      69DD
 401 0c5a 38A61BC7 		.ascii	"8\246\033\307p\354w\344\352\345\244\270%0\236\352\246"
 401      70EC77E4 
 401      EAE5A4B8 
 401      25309EEA 
 401      A6
 402 0c6b 668D6FF5 		.ascii	"f\215o\365@\212\233\0235\224@I\031\337\336;8\307\275"
 402      408A9B13 
 402      35944049 
 402      19DFDE3B 
 402      38C7BD
 403 0c7e 919B632A 		.ascii	"\221\233c*\224\210\265\034^\277\326\372\366\322\245"
 403      9488B51C 
 403      5EBFD6FA 
 403      F6D2A5
 404 0c8d 81F0FF37 		.ascii	"\201\360\3777\2239\314\024\032\370qp\310\312\220\317"
 404      9339CC14 
 404      1AF87170 
 404      C8CA90CF 
 405 0c9d 5604865B 		.ascii	"V\004\206[\002\203\215\241\201\026s\020\271\033V\207"
ARM GAS  /tmp/cc78V6tg.s 			page 32


 405      02838DA1 
 405      81167310 
 405      B91B5687 
 406 0cad 1A2DC14B 		.ascii	"\032-\301K\203\274\177\373\351\357\027}\374\301\007"
 406      83BC7FFB 
 406      E9EF177D 
 406      FCC107
 407 0cbc 9CEE23A3 		.ascii	"\234\356#\243\305\364\033R\371\207\337}\356e\261\032"
 407      C5F41B52 
 407      F987DF7D 
 407      EE65B11A 
 408 0ccc AD263DD5 		.ascii	"\255&=\3251\320g\203\365\335\227y\015\011\013\012\215"
 408      31D06783 
 408      F5DD9779 
 408      0D090B0A 
 408      8D
 409 0cdd 58659279 		.ascii	"Xe\222y\016\346|\\\036UA\301F\263\257\350\315\024d\015"
 409      0EE67C5C 
 409      1E5541C1 
 409      46B3AFE8 
 409      CD14640D 
 410 0cf1 371BACFC 		.ascii	"7\033\254\374rNg4\257]\377s\323\222\265o\257^\307i\203"
 410      724E6734 
 410      AF5DFF73 
 410      D392B56F 
 410      AF5EC769 
 411 0d06 C2CD56D3 		.ascii	"\302\315V\323\327K\326.\347\230\346\037\215!\326_\233"
 411      D74BD62E 
 411      E798E61F 
 411      8D21D65F 
 411      9B
 412 0d17 C18508C3 		.ascii	"\301\205\010\303d6\023\273w\376\213\344\270\371\364"
 412      643613BB 
 412      77FE8BE4 
 412      B8F9F4
 413 0d26 E1B726EB 		.ascii	"\341\267&\353\012\032\365\263\325\253-&\253\010$\234"
 413      0A1AF5B3 
 413      D5AB2D26 
 413      AB08249C 
 414 0d36 160C567F 		.ascii	"\026\014V\177\245\316\212\220\177\232\274#B\302\254"
 414      A5CE8A90 
 414      7F9ABC23 
 414      42C2AC
 415 0d45 EFBF67B0 		.ascii	"\357\277g\260j\203\202?\017^\265\"\324dZ\247\267l\260"
 415      6A83823F 
 415      0F5EB522 
 415      D4645AA7 
 415      B76CB0
 416 0d58 40ADC9BC 		.ascii	"@\255\311\274\036\374[\003=\2410[]\\\004\005[\203\315"
 416      1EFC5B03 
 416      3DA1305B 
 416      5D5C0405 
 416      5B83CD
 417 0d6b 26E32A0B 		.ascii	"&\343*\013\341\"(x\305\006\313'\306P\353\222\357di2"
 417      E1222878 
 417      C506CB27 
 417      C650EB92 
ARM GAS  /tmp/cc78V6tg.s 			page 33


 417      EF646932 
 418 0d7f 9A433780 		.ascii	"\232C7\200\335\\\203aeDH\2505$\314`\372z\035\000\364"
 418      DD5C8361 
 418      654448A8 
 418      3524CC60 
 418      FA7A1D00 
 419 0d94 0A0A0FB3 		.ascii	"\012\012\017\263XU\241&\343jMX8\004\010\377\307+\356"
 419      5855A126 
 419      E36A4D58 
 419      380408FF 
 419      C72BEE
 420 0da7 92E4F406 		.ascii	"\222\344\364\006\303\352\210\260 \203a\351\007?{\177"
 420      C3EA88B0 
 420      208361E9 
 420      073F7B7F 
 421 0db7 B9B7549A 		.ascii	"\271\267T\2327;[\205\352\362es\376\036a2o\000\272\201"
 421      373B5B85 
 421      EAF26573 
 421      FE1E6132 
 421      6F00BA81 
 422 0dcb 7A7F687B 		.ascii	"z\177h{\263\225=\213-\347'\2572\206\206j\326\231\303"
 422      B3953D8B 
 422      2DE727AF 
 422      3286866A 
 422      D699C3
 423 0dde D7988D6B 		.ascii	"\327\230\215k5\204\263_\030\254j\013\2704XU$s\3375@"
 423      3584B35F 
 423      18AC6A0B 
 423      B8345855 
 423      2473DF35 
 424 0df3 F02A9325 		.ascii	"\360*\223%\310\034\262\016L\031\323\262\012\203\325"
 424      C81CB20E 
 424      4C19D3B2 
 424      0A83D5
 425 0e02 2F04B231 		.ascii	"/\004\2621\206\005\231\304\346\320\2557\231CV\213\321"
 425      860599C4 
 425      E6D0AD37 
 425      9943568B 
 425      D1
 426 0e13 FDC22DC6 		.ascii	"\375\302-\306\320\317)\207\264\011<\222N\232\236\350"
 426      D0CF2987 
 426      B4093C92 
 426      4E9A9EE8 
 427 0e23 02874BC2 		.ascii	"\002\207K\302B\3303\220\2471\256Ze6Y,:\206\334b \320"
 427      42D83390 
 427      A731AE5A 
 427      6536592C 
 427      3A86DC62 
 428 0e39 3462E107 		.ascii	"4b\341\007\212\356(\307\244\227\324\203\302#\302\254"
 428      8AEE28C7 
 428      A497D483 
 428      C223C2AC 
 429 0e49 3EEB8C6B 		.ascii	">\353\214kL\324Rk\264Z\315!+#\254&\213\212\224\275\014"
 429      4CD4526B 
 429      B45ACD21 
 429      2B23AC26 
 429      8B8A94BD 
ARM GAS  /tmp/cc78V6tg.s 			page 34


 430 0e5e 1F858787 		.ascii	"\037\205\207\207\252\031\360\377\000\030\247\372\304"
 430      AA19F0FF 
 430      0018A7FA 
 430      C4
 431              		.text
 432              		.section	.gnu.lto_.symtab.1bc0760ba2efe17d,"e",%progbits
 433 0000 666C6173 		.ascii	"flashWaitErase\000"
 433      68576169 
 433      74457261 
 433      736500
 434 000f 00       		.ascii	"\000"
 435 0010 00       		.ascii	"\000"
 436 0011 00       		.ascii	"\000"
 437 0012 00000000 		.ascii	"\000\000\000\000\000\000\000\000"
 437      00000000 
 438 001a EE000000 		.ascii	"\356\000\000\000"
 439 001e 666C6173 		.ascii	"flashGetSectorOffset\000"
 439      68476574 
 439      53656374 
 439      6F724F66 
 439      66736574 
 440 0033 00       		.ascii	"\000"
 441 0034 00       		.ascii	"\000"
 442 0035 00       		.ascii	"\000"
 443 0036 00000000 		.ascii	"\000\000\000\000\000\000\000\000"
 443      00000000 
 444 003e F5000000 		.ascii	"\365\000\000\000"
 445 0042 666C6173 		.ascii	"flashGetSectorSize\000"
 445      68476574 
 445      53656374 
 445      6F725369 
 445      7A6500
 446 0055 00       		.ascii	"\000"
 447 0056 00       		.ascii	"\000"
 448 0057 00       		.ascii	"\000"
 449 0058 00000000 		.ascii	"\000\000\000\000\000\000\000\000"
 449      00000000 
 450 0060 FC000000 		.ascii	"\374\000\000\000"
 451 0064 63685468 		.ascii	"chThdSleep\000"
 451      64536C65 
 451      657000
 452 006f 00       		.ascii	"\000"
 453 0070 02       		.ascii	"\002"
 454 0071 00       		.ascii	"\000"
 455 0072 00000000 		.ascii	"\000\000\000\000\000\000\000\000"
 455      00000000 
 456 007a 02010000 		.ascii	"\002\001\000\000"
 457 007e 63685379 		.ascii	"chSysHalt\000"
 457      7348616C 
 457      7400
 458 0088 00       		.ascii	"\000"
 459 0089 02       		.ascii	"\002"
 460 008a 00       		.ascii	"\000"
 461 008b 00000000 		.ascii	"\000\000\000\000\000\000\000\000"
 461      00000000 
 462 0093 07010000 		.ascii	"\007\001\000\000"
 463              		.text
ARM GAS  /tmp/cc78V6tg.s 			page 35


 464              		.section	.gnu.lto_.opts,"e",%progbits
 465 0000 272D666E 		.ascii	"'-fno-openmp' '-fno-openacc' '-fno-pie' '-mcpu=cort"
 465      6F2D6F70 
 465      656E6D70 
 465      2720272D 
 465      666E6F2D 
 466 0033 65782D6D 		.ascii	"ex-m4' '-mthumb' '-mfloat-abi=softfp' '-mfpu=fpv4-s"
 466      34272027 
 466      2D6D7468 
 466      756D6227 
 466      20272D6D 
 467 0066 702D6431 		.ascii	"p-d16' '-march=armv7e-m+fp' '-O2' '-fstack-usage' '"
 467      36272027 
 467      2D6D6172 
 467      63683D61 
 467      726D7637 
 468 0099 2D666675 		.ascii	"-ffunction-sections' '-fdata-sections' '-fno-common"
 468      6E637469 
 468      6F6E2D73 
 468      65637469 
 468      6F6E7327 
 469 00cc 2720272D 		.ascii	"' '-flto' '-fshort-enums'\000"
 469      666C746F 
 469      2720272D 
 469      6673686F 
 469      72742D65 
 470              		.text
 471              		.comm	__gnu_lto_v1,1,1
 472              		.comm	__gnu_lto_slim,1,1
 473              		.ident	"GCC: (GNU Arm Embedded Toolchain 9-2020-q2-update) 9.3.1 20200408 (release)"
ARM GAS  /tmp/cc78V6tg.s 			page 36


DEFINED SYMBOLS
                            *ABS*:0000000000000000 hal_flash.c
                            *COM*:0000000000000001 __gnu_lto_v1
                            *COM*:0000000000000001 __gnu_lto_slim

NO UNDEFINED SYMBOLS
