ARM GAS  /tmp/ccRPK4Jg.s 			page 1


   1              		.cpu cortex-m4
   2              		.eabi_attribute 27, 1
   3              		.eabi_attribute 20, 1
   4              		.eabi_attribute 21, 1
   5              		.eabi_attribute 23, 3
   6              		.eabi_attribute 24, 1
   7              		.eabi_attribute 25, 1
   8              		.eabi_attribute 26, 1
   9              		.eabi_attribute 30, 2
  10              		.eabi_attribute 34, 1
  11              		.eabi_attribute 18, 4
  12              		.file	"hal_st.c"
  13              		.section	.gnu.lto_.profile.824930f7e5272584,"e",%progbits
  14 0000 789CE360 		.ascii	"x\234\343``\004B \000\000\000]\000\013"
  14      60044220 
  14      0000005D 
  14      000B
  15              		.text
  16              		.section	.gnu.lto_.icf.824930f7e5272584,"e",%progbits
  17 0000 789CE360 		.ascii	"x\234\343``d\260c@\000.\206g-\263\217q0N\330\365g\002"
  17      6064B063 
  17      40002E86 
  17      672DB38F 
  17      71304ED8 
  18 0017 1753FBDF 		.ascii	"\027S\373\337\267\007\270\230\017\277\273t\223\231e"
  18      B707B898 
  18      0FBFBB74 
  18      939965
  19 0026 EDBB0727 		.ascii	"\355\273\007'yXw\354\271v\220\227\355\373\234\243[\031"
  19      795877EC 
  19      B9769097 
  19      EDFB9CA3 
  19      5B19
  20 0038 D9A7BC7B 		.ascii	"\331\247\274{0\223\211c\353\256/\035\374\234o\216,}"
  20      30938963 
  20      EBAE2F1D 
  20      FC9C6F8E 
  20      2C7D
  21 004a CAC50000 		.ascii	"\312\305\000\000\344\023\037}"
  21      E4131F7D 
  22              		.text
  23              		.section	.gnu.lto_.jmpfuncs.824930f7e5272584,"e",%progbits
  24 0000 789CE360 		.ascii	"x\234\343``d\220`d\200\003v\020\001\3443122\326\317"
  24      60649060 
  24      64800376 
  24      1001E433 
  24      313232D6 
  25 0015 67666062 		.ascii	"gf`b^\314\014\0248\300\302\310\000\304\177\376\377\377"
  25      5ECC0C14 
  25      38C0C2C8 
  25      00C47FFE 
  25      FFFF
  26 0027 CFCFC83C 		.ascii	"\317\317\310<\235\231\261\257\371\375=\216>\346\371"
  26      9D99B1AF 
  26      F9FD3D8E 
  26      3EE6F9
  27 0036 CC8C8C0C 		.ascii	"\314\214\214\014\214\273\030\245A\230\005\241\220\221"
ARM GAS  /tmp/ccRPK4Jg.s 			page 2


  27      8CBB18A5 
  27      419805A1 
  27      9091
  28 0044 9109A8E8 		.ascii	"\221\011\250\350\370\373\267W\030A\212\230\200\212v"
  28      F8FBB757 
  28      18418A98 
  28      808A76
  29 0053 334A0385 		.ascii	"3J\003\205\366\365\\8\315\014\021bd\334\303(\315\004"
  29      F6F55C38 
  29      CD0C1162 
  29      64DCC328 
  29      CD04
  30 0065 12876B63 		.ascii	"\022\207kc`\000\232\301\212d5#\272\325\330\355\002\031"
  30      60009AC1 
  30      8A643523 
  30      BAD5D8ED 
  30      0219
  31 0077 82CD34A0 		.ascii	"\202\3154\240o@\2460Qf\012'0H\000\316V:\025"
  31      6F40A630 
  31      51660A27 
  31      304800CE 
  31      563A15
  32              		.text
  33              		.section	.gnu.lto_.inline.824930f7e5272584,"e",%progbits
  34 0000 789CE360 		.ascii	"x\234\343``d\320ed\200\003v\006\006\226\006 `Ncd`b`"
  34      6064D065 
  34      64800376 
  34      06069606 
  34      20604E63 
  35 0018 680432EB 		.ascii	"h\0042\353\030\030\330@BL)L !\006\006F.0\011U\230\002"
  35      1818D840 
  35      424C294C 
  35      20210606 
  35      462E3009 
  36 002f 54C80496 		.ascii	"T\310\004\226OFW\310\304\300\363\354\314\314\303L \263"
  36      4F4657C8 
  36      C4C0F3EC 
  36      CCCCC34C 
  36      20B3
  37 0041 F8801207 		.ascii	"\370\200\022\007\230S1\224p\203\215\002\003\246\011"
  37      98533194 
  37      70838D02 
  37      03A609
  38 0050 7E0C2C84 		.ascii	"~\014,\204Mee\340\002\232\332\0146\225\013d*\023AS\331"
  38      4D6565E0 
  38      029ADA0C 
  38      36950B64 
  38      2A134153 
  39 0065 49D7C209 		.ascii	"I\327\302\011\226\007*\004ja\2038\011]\013\003\000c"
  39      96072A04 
  39      6A618338 
  39      095D0B03 
  39      0063
  40 0077 0D3A19   		.ascii	"\015:\031"
  41              		.text
  42              		.section	.gnu.lto_.pureconst.824930f7e5272584,"e",%progbits
  43 0000 789C05C1 		.ascii	"x\234\005\301\201\015\000 \014\303\260\014\005\215="
ARM GAS  /tmp/ccRPK4Jg.s 			page 3


  43      810D0020 
  43      0CC3B00C 
  43      058D3D
  44 000f C0EDA8D7 		.ascii	"\300\355\250\327b\037\212\0134\317\212+\032w\3548\361"
  44      621F8A0B 
  44      34CF8A2B 
  44      1A77EC38 
  44      F1
  45 0020 03341404 		.ascii	"\0034\024\004\223"
  45      93
  46              		.text
  47              		.section	.gnu.lto_stInit.824930f7e5272584,"e",%progbits
  48 0000 789CE360 		.ascii	"x\234\343``d\330\315\300\300\240\015\304\262@\314\310"
  48      6064D8CD 
  48      C0C0A00D 
  48      C4B240CC 
  48      C8
  49 0011 CCC0C8D4 		.ascii	"\314\300\310\324\320\320\340\300\336\310\301\304\310"
  49      D0D0E0C0 
  49      DEC8C1C4 
  49      C8
  50 001e 08663570 		.ascii	"\010f5p02\32431\3263\3663Ogf<\324\376l'\223\346r\240"
  50      3032D433 
  50      31D633F6 
  50      334F6766 
  50      3CD4FE6C 
  51 0037 4CC381E9 		.ascii	"L\303\201\351\263\330\332\032Z%\346330\314\004b\010"
  51      B3D8DA1A 
  51      5A25E633 
  51      3330CC04 
  51      6208
  52 0049 60DCC5A8 		.ascii	"`\334\305\250\311\300\000T\371h\343\277\251\274l,P)"
  52      C9C00054 
  52      F968E3BF 
  52      A9BC6C2C 
  52      5029
  53 005b C6DD8C6C 		.ascii	"\306\335\214l@\313\030\030\326_b=\320\360\357\177{\303"
  53      40CB1818 
  53      D65F623D 
  53      D0F0EF7F 
  53      7BC3
  54 006d 813B8B18 		.ascii	"\201;\213\030\367\272\001%\273\231\031@\306\26106\034"
  54      F7BA0125 
  54      BB991940 
  54      C6B13036 
  54      1C
  55 007e 6060E861 		.ascii	"``\350af\202p\032\201\2347\214\315\013\276\3670\203"
  55      6682701A 
  55      819C378C 
  55      CD0BBEF7 
  55      3083
  56 0090 F5024D9C 		.ascii	"\365\002M\234\273\342\314\177\316\026\306\246F\216\371"
  56      BBE2CC7F 
  56      CE16C6A6 
  56      468EF9
  57 009f CC8C3399 		.ascii	"\314\2143\231\201\2461\356alad\230\317\314\304\360\216"
  57      81A631EE 
ARM GAS  /tmp/ccRPK4Jg.s 			page 4


  57      616C6164 
  57      98CFCCC4 
  57      F08E
  58 00b1 B169C1EF 		.ascii	"\261i\301\357\036F\260R\020\350ffD\030\312\300\240\251"
  58      1E46B052 
  58      10E86666 
  58      4418CAC0 
  58      A0A9
  59 00c3 A7A70F44 		.ascii	"\247\247\017D\331\251Ey\2519\372\316\031\231I\231\376"
  59      D9A94579 
  59      A939FACE 
  59      19994999 
  59      FE
  60 00d4 C1FAF9C5 		.ascii	"\301\372\371\305\372\031\2119\372\305E\311 :\276\270"
  60      FA198939 
  60      FAC545C9 
  60      203ABEB8 
  61 00e4 442F9901 		.ascii	"D/\231\001\000\036\206K\332"
  61      001E864B 
  61      DA
  62              		.text
  63              		.section	.gnu.lto_stGetCounter.824930f7e5272584,"e",%progbits
  64 0000 789C7D90 		.ascii	"x\234}\220\315+Da\024\306\317s\337\353\316\020\371\003"
  64      CD2B4461 
  64      14C6CF73 
  64      DFEBCE10 
  64      F903
  65 0012 24B6B399 		.ascii	"$\266\263\231\353\343\037P\243$d16V\223\257\032\231"
  65      EBE31F50 
  65      A3246431 
  65      365693AF 
  65      1A99
  66 0024 8C66265B 		.ascii	"\214f&[\2571%\215(\021Fc0Mv\244X\370\276flX\311\202"
  66      AF31258D 
  66      28114663 
  66      304D76A4 
  66      58F8BE66 
  67 003c 94342925 		.ascii	"\2244)%\013\022\01368\357\214\304\306\333}\273\3679"
  67      0B120B36 
  67      38EF8CC4 
  67      C6DB7DBB 
  67      F739
  68 004e E777CE73 		.ascii	"\347w\316s\316\265\023h\020D~\"*\347\013A\320\244\224"
  68      CEB51368 
  68      10447E22 
  68      2AE70B41 
  68      D0A494
  69 0061 75B661BB 		.ascii	"u\266a\273\006\344\276\244\0354\244a\010\223bV\340&"
  69      06E4BEA4 
  69      1D34A461 
  69      08936256 
  69      E026
  70 0073 1C7F2B9E 		.ascii	"\034\177+\236\020\011\006u\226\323\247\233'EJ\002\225"
  70      10090675 
  70      96D3A79B 
  70      27454A02 
  70      95
ARM GAS  /tmp/ccRPK4Jg.s 			page 5


  71 0084 2C23178B 		.ascii	",#\027\213\333\272cU\312\260\264f\027m\013\233g\262"
  71      DBBA6355 
  71      CAB0B466 
  71      176D0B9B 
  71      67B2
  72 0096 3021349A 		.ascii	"0!4\232g|\027e\330A\031\251\203=8\210\270\340v\343c"
  72      677C1765 
  72      D84119A9 
  72      833D3888 
  72      B8E076E3 
  73 00ab A6C4D015 		.ascii	"\246\304\320\025\240\302\3730x\"\242\365\363\002K~|"
  73      A0C2FB30 
  73      7822A2F5 
  73      F3024B7E 
  73      7C
  74 00bc 8E4AEB35 		.ascii	"\216J\3535\211\255\006\356\220\020LD\005\361HR\207\264"
  74      89AD06EE 
  74      90104C44 
  74      05F14852 
  74      87B4
  75 00ce 88C68596 		.ascii	"\210\306\205\226\027#,\036\220\336{\277\276\277\\\026"
  75      17232C1E 
  75      90DE7BBF 
  75      BEBF5C16 
  76 00de 7F9AAA5E 		.ascii	"\177\232\252^?\201\210\302\263cW\"\347\223K\376\202"
  76      3F8188C2 
  76      B3635722 
  76      E7934BFE 
  76      82
  77 00ef 71080307 		.ascii	"q\010\003\007\354O\260`\304\205\306\271\211\221\247"
  77      EC4FB060 
  77      C485C6B9 
  77      8991A7
  78 00fe 1BBBDA4E 		.ascii	"\033\273\332N\207B\237\357\222\223\245y\231s\346\320"
  78      87429FEF 
  78      9293A579 
  78      9973E6D0 
  79 010e 52EC2559 		.ascii	"R\354%Y\222B\022\011Q\2004ox\2446\344\304\301\365\375"
  79      92421209 
  79      5180346F 
  79      78A436E4 
  79      C4C1F5FD 
  80 0122 AAAD6A4D 		.ascii	"\252\255jMF\206e\366e\245\"6\305\204\201\014R\230\343"
  80      468665F6 
  80      65A52236 
  80      C584810C 
  80      5298E3
  81 0135 459419E1 		.ascii	"E\224\031\341\030U\364\210p6z\2251\324Hl\252\376BT\344"
  81      1855F488 
  81      70367A95 
  81      31D4486C 
  81      AAFE4254 
  82 014a DB236C29 		.ascii	"\333#l)\351p:M~\372z\002\375=>\323\345\355\355\354m"
  82      E9703A4D 
  82      7EFA7A02 
  82      FD3D3ED3 
  82      E5EDEDEC 
ARM GAS  /tmp/ccRPK4Jg.s 			page 6


  83 015f 759BFEA0 		.ascii	"u\233\376\240\351\355\360\231\301@\227z{\202!g\027\271"
  83      E9EDF099 
  83      C140977A 
  83      7B822167 
  83      17B9
  84 0171 FE2307FC 		.ascii	"\376#\007\374\201P\320t\267\265\324\326\230\315\315"
  84      8150D074 
  84      B7B5D4D6 
  84      98CDCD
  85 0180 F5A6BBDD 		.ascii	"\365\246\273\335\335\326\350j\032\254\376\256\367\370"
  85      DDD6E86A 
  85      1AACFEAE 
  85      F7F8
  86 018e 7CDD4E2F 		.ascii	"|\335N/}\001m\037\240\360"
  86      7D016D1F 
  86      A0F0
  87              		.text
  88              		.section	.gnu.lto_stStartAlarm.824930f7e5272584,"e",%progbits
  89 0000 789C9D52 		.ascii	"x\234\235RKhSA\024\235\363\356K\362\022\033\253\270"
  89      4B685341 
  89      149DF3EE 
  89      4BF2121B 
  89      ABB8
  90 0012 11BB2928 		.ascii	"\021\273)(HE\232ZW\"\210PAD\305E\335\270\022?\205\026"
  90      48459A5A 
  90      57228850 
  90      4144C545 
  90      DDB8123F 
  91 0028 EB87A6E8 		.ascii	"\353\207\246\350Ft\222F\263\210X\027\376\242\206W\214"
  91      46749246 
  91      B3885817 
  91      FEA28657 
  91      8C
  92 0039 C5CFC25F 		.ascii	"\305\317\302_\005\321j\215\325\372m\375\324\372\251"
  92      05D16A8D 
  92      D5FA6DFD 
  92      D4FAA9
  93 0048 961A456B 		.ascii	"\226\032Ek)\321\342ga\261X\357\314\213\230\202\210:"
  93      29D1E267 
  93      61B158EF 
  93      CC8B9882 
  93      883A
  94 005a E44DE6CE 		.ascii	"\344M\346\316\234{\356\2353\307\022\020\273M!6\011!"
  94      9C7BEE9D 
  94      33C71210 
  94      BB4D2136 
  94      0921
  95 006c 66F30797 		.ascii	"f\363\007\227\200!\245\234\353\011Y\206A\035\361&\267"
  95      8021A59C 
  95      EB095986 
  95      411DF126 
  95      B7
  96 007d 297D6653 		.ascii	")}fS_\373,S\346\021\314\354\231\011\350\225\264 \266"
  96      5FFB2C53 
  96      E611CCEC 
  96      9909E895 
  96      B420B6
ARM GAS  /tmp/ccRPK4Jg.s 			page 7


  97 0090 1A64622B 		.ascii	"\032db+\352i\037\2415\332w\301(:\312g2\265\257\327\263"
  97      EA691FA1 
  97      35DA77C1 
  97      283ACA67 
  97      32B5AFD7 
  98 00a5 5D6E9B68 		.ascii	"]n\233h\223\020q\376\234\201\213(b\\o8\3615o'\331\004"
  98      931071FE 
  98      9C818B28 
  98      625C6F38 
  98      F1356F27 
  99 00bb 981CEEBE 		.ascii	"\230\034\356\276s\356\266O\205\006\0129\374v\342tO>"
  99      73EEB64F 
  99      85060A39 
  99      FC76E274 
  99      4F3E
 100 00cd 4D87E0F5 		.ascii	"M\207\340\365\265\356\216\201\374\251\215R\206e*\223"
 100      B5EE8E81 
 100      FCA98D52 
 100      86652A93 
 101 00dd 2439C526 		.ascii	"$9\305&\302e\020S\342\022\012\320\214\002!x\217\251"
 101      C2651053 
 101      E2120AD0 
 101      8C022178 
 101      8FA9
 102 00ef 5B3055A8 		.ascii	"[0U\250\224\327g\276\357\361\273\315lU\\\201\233o)\220"
 102      94D767BE 
 102      EFF1BBCD 
 102      6C555C81 
 102      9B6F2990 
 103 0103 2471AAD3 		.ascii	"$q\252\323\225\222\337G\2422\365\345\010\206\346\373"
 103      9592DF47 
 103      A232F5E5 
 103      0886E6FB 
 104 0113 C199A6A1 		.ascii	"\301\231\246\241&7T\272\207\227.KM^\236\334B\304H\250"
 104      263754BA 
 104      87972E4B 
 104      4D5E9EDC 
 104      42C448A8 
 105 0127 BB989029 		.ascii	"\273\230\220)!v\220\341\004u\034\014\240\365\322P\346"
 105      217690E1 
 105      04751C0C 
 105      A0F5D250 
 105      E6
 106 0138 D89B579E 		.ascii	"\330\233W\236Q\025\271\320\257\026\"\012\236\216\275"
 106      5115B9D0 
 106      AF16220A 
 106      9E8EBD
 107 0147 774DD25D 		.ascii	"wM\322]\350\323\0344\256\302\215\024w'\320\012w\202"
 107      E8D31C34 
 107      AEC28D14 
 107      7727D00A 
 107      7782
 108 0159 14D3CEBA 		.ascii	"\024\323\316\272\301^K)\341\321\267\377\3706Y\237\357"
 108      C15E4B29 
 108      E1D1B7FF 
 108      F836599F 
 108      EF
ARM GAS  /tmp/ccRPK4Jg.s 			page 8


 109 016a 84BA346F 		.ascii	"\204\2724o5\034\370\234\3647\"\011\233,\\g\005\256)"
 109      351CF89C 
 109      F4372209 
 109      9B2C5C67 
 109      05AE29
 110 017d 05F8A0A5 		.ascii	"\005\370\240\245\247\377\250\247\344\244\214\204d\272"
 110      A7FFA8A7 
 110      E4A48C84 
 110      64BA
 111 018b 2939FED0 		.ascii	")9\376\320f\233\274hC#\366+q\256*\025n\240\204\033\257"
 111      669BBC68 
 111      4323F62B 
 111      71AE2A15 
 111      6EA0841B 
 112 01a0 DB1BEDF6 		.ascii	"\333\033\355\366:%-\247\352\366\266]\315~U\306\005\003"
 112      3A252DA7 
 112      EAF6B65D 
 112      CD7E55C6 
 112      0503
 113 01b2 37998F41 		.ascii	"7\231\217A\017\242\307\311\001y\031\307\240\233\203"
 113      0FA2C7C9 
 113      017919C7 
 113      A09B83
 114 01c1 EFBBE080 		.ascii	"\357\273\340\200\004niPx8z\352M=\251\313%\010\214\024"
 114      046E6950 
 114      78387AEA 
 114      4D3DA9CB 
 114      25088C14 
 115 01d5 196C2B74 		.ascii	"\031l+tB\203S\232\277\\\036\360F\020\016\261\013|q2"
 115      4283539A 
 115      BF5C1EF0 
 115      46100EB1 
 115      0B7C7132 
 116 01e9 B88FDB88 		.ascii	"\270\217\333\210@08\227\320d\302;(\260i\214x\213H\177"
 116      40303897 
 116      D064C23B 
 116      28B0698C 
 116      788B487F 
 117 01fd 599640ED 		.ascii	"Y\226@\355i\323\354 \352k\217\317T\272\033\031Dt\001"
 117      69D3EC20 
 117      EA6B8FCF 
 117      54BA1B19 
 117      447401
 118 0210 75E3C4B1 		.ascii	"u\343\304\261\366\021Mo\331\224\027\327\036\270\253"
 118      F6114D6F 
 118      D99417D7 
 118      1EB8AB
 119 021f E87375F4 		.ascii	"\350su\364\3530\267\021\177\222\234Gz)?u\370X\311\320"
 119      EB30B711 
 119      7F929C47 
 119      7A293F75 
 119      F858C9D0 
 120 0233 389BC6A2 		.ascii	"8\233\306\242\2033\321\236\325\362\363\273\266\026K"
 120      8333D19E 
 120      D5F2F3BB 
 120      B6164B
 121 0242 E1F74B59 		.ascii	"\341\367KY\250H\356\261\216\216\223\3563\316\246|\335"
ARM GAS  /tmp/ccRPK4Jg.s 			page 9


 121      A848EEB1 
 121      8E8E93EE 
 121      33CEA67C 
 121      DD
 122 0253 9639CA0F 		.ascii	"\2269\312\017\007\2062\351\236\320h?\230\277\361\303"
 122      078632E9 
 122      9ED0683F 
 122      98BFF1C3 
 123 0263 37EED4F1 		.ascii	"7\356\324\361\2039\332\017\017\331\017\017\264\037:"
 123      8339DA0F 
 123      0FD90F0F 
 123      B41F3A
 124 0272 E1FEEBA7 		.ascii	"\341\376\353\247\256\233pp\216M\343\360H?54\215\002"
 124      AE9B7070 
 124      8E4DE3F0 
 124      483F3534 
 124      8D02
 125 0284 0DBFBA3F 		.ascii	"\015\277\272?\350+=\255@\015g\241\314\320\205\022Lc"
 125      E82B3DAD 
 125      400D67A1 
 125      CCD08512 
 125      4C63
 126 0296 068DC063 		.ascii	"\006\215\300c\224&\330\343\334\370\247\376\370\3714"
 126      9426D8E3 
 126      DCF8A7FE 
 126      F8F934
 127 02a5 FEA168C3 		.ascii	"\376\241h\303\026E\367D\0274\262tOQ\222\253\273\227"
 127      1645F744 
 127      1734B274 
 127      4F5192AB 
 127      BB97
 128 02b7 1B79A64D 		.ascii	"\033y\246M\302\364\007\377\207\276\373\247u5\375sM\337"
 128      C2F407FF 
 128      87BEFBA7 
 128      7535FD73 
 128      4DDF
 129 02c9 183BEC18 		.ascii	"\030;\354\030\325\313F}\301\231\037\020N\307\206'\353"
 129      D5CB467D 
 129      C1991F10 
 129      4EC78627 
 129      EB
 130 02da A7512346 		.ascii	"\247Q#F\030\341A\010\247TXT\\\034\340\337\232\212\232"
 130      18E14108 
 130      A7545854 
 130      5C1CE0DF 
 130      9A8A9A
 131 02ed 7515D581 		.ascii	"u\025\325\201\262\312\252\225UK\312\003\353\203\201"
 131      B2CAAA95 
 131      554BCA03 
 131      EB8381
 132 02fc CA15D581 		.ascii	"\312\025\325\201`\315*\365\277<X[\274JxV\254\014\326"
 132      60CD2AF5 
 132      BF3C585B 
 132      BC4A7856 
 132      AC0CD6
 133 030f 56ADAD28 		.ascii	"V\255\255(\373S\306\206\3655\265\301@\371\322\3053K"
 133      FB53C686 
ARM GAS  /tmp/ccRPK4Jg.s 			page 10


 133      F535B5C1 
 133      40F9D2C5 
 133      334B
 134 0321 038B16CD 		.ascii	"\003\213\026\315\013\224/+_\272\240l\341\306\031Y\236"
 134      0B942F2B 
 134      5FBAA06C 
 134      E1C61959 
 134      9E
 135 0332 E5D5D5AB 		.ascii	"\345\325\325\253\213+\305\017f\030\247y"
 135      8B2BC50F 
 135      6618A779 
 136              		.text
 137              		.section	.gnu.lto_stStopAlarm.824930f7e5272584,"e",%progbits
 138 0000 789C7D50 		.ascii	"x\234}P\277K\202Q\024\275\347{\376\"\220\306\002ilp"
 138      BF4B8251 
 138      14BDE77B 
 138      FE2290C6 
 138      02696C70 
 139 0014 F1B3DA23 		.ascii	"\361\263\332#\260\2452\032tq\2222AI2TZ}\376\250\006"
 139      B0A5321A 
 139      74719232 
 139      41493254 
 139      5A7DFEA8 
 140 0029 432108CD 		.ascii	"C!\010\315\006\003\021\267\302\261_\366e\375\005\315"
 140      060311B7 
 140      C2B15FF6 
 140      65FD05CD 
 141 0039 161615D1 		.ascii	"\026\026\025\321P\224K\223\365\276O\011[\272\274\313"
 141      50944B93 
 141      F5BE4F09 
 141      5BBABCCB 
 142 0049 7BE79E73 		.ascii	"{\347\236s\357y\357\231\010\344\001Q\230\210FD\202\021"
 142      EF79EF99 
 142      08E40151 
 142      98884644 
 142      8211
 143 005b 24CEF994 		.ascii	"$\316\371\2241a\222\000\355\304M\240\270\2048r,\317"
 143      31619200 
 143      EDC44DA0 
 143      B8843872 
 143      2CCF
 144 006d D0D87A3E 		.ascii	"\320\330z>\226\254U\301p%_\034\330\344\033\303%F\264"
 144      96AC55C1 
 144      70255F1C 
 144      D8E41BC3 
 144      2546B4
 145 0080 27B21B38 		.ascii	"'\262\0338\201\225H(\037j\235]\263A\327\243p\012\203"
 145      81954828 
 145      1F6A9D5D 
 145      B341D7A3 
 145      700A83
 146 0093 30233ABA 		.ascii	"0#:\272\321+\274\363\275\305\225\3532j\263\202\3140"
 146      D12BBCF3 
 146      BDC595EB 
 146      326AB382 
 146      CC30
 147 00a5 52C7E9C0 		.ascii	"R\307\351\300\025\242m&uAJ\200W4>\277\232\217\267\367"
ARM GAS  /tmp/ccRPK4Jg.s 			page 11


 147      15A26D26 
 147      75414A80 
 147      57343EBF 
 147      9A8FB7F7 
 148 00b9 FA3FF3D4 		.ascii	"\372?\363\3241\277\205\264*oerz\246yhl\237\032\3470"
 148      31BF85B4 
 148      2A6F6572 
 148      7AA67968 
 148      6C9F1AE7 
 149 00ce E04C7813 		.ascii	"\340Lx\023\3520\010\"\233z\2773eY\211\001\252\356\343"
 149      EA300822 
 149      9B7ABF33 
 149      65598901 
 149      AAEEE3
 150 00e1 A99C1BEC 		.ascii	"\251\234\033\354B\315W\224\016\212\355\262\271\2022"
 150      42CD5794 
 150      0E8AEDB2 
 150      B98232
 151 00f0 4A4C8202 		.ascii	"JL\202\002\013.`\321f\326\233/U\243\375\220\247\023"
 151      0B2E60D1 
 151      66D69B2F 
 151      55A3FD90 
 151      A713
 152 0102 BCD5DE19 		.ascii	"\274\325\336\031\332\237,1\206KTP\020\257P\215\010\015"
 152      DA9F2C31 
 152      864B5450 
 152      10AF508D 
 152      080D
 153 0114 D8FB3DC4 		.ascii	"\330\373=\304ep%\272\337\220le\012\243\332'\250\221"
 153      657025BA 
 153      DF906C65 
 153      0AA3DA27 
 153      A891
 154 0126 615D3724 		.ascii	"a]7$\025\025Zm6Y\254\025\177d\325\037\222\035\201\340"
 154      15155A6D 
 154      3659AC15 
 154      7F64D51F 
 154      921D81E0 
 155 013a 5270C125 		.ascii	"Rp\301%\207\243r`1$G#>u\367Fc6\0379\376S\256\205#\261"
 155      87A37260 
 155      31244723 
 155      3E75F746 
 155      63361F39 
 156 0154 A8EC72CF 		.ascii	"\250\354r\317O\214\313N\347\264\354\362\270\3343\216"
 156      4F8CCB4E 
 156      E7B4ECF2 
 156      B8DC338E 
 157 0164 B9F5B15E 		.ascii	"\271\365\261^\2777\024Z\266\005\350\007O\332\226\343"
 157      BF37145A 
 157      B605E807 
 157      4FDA96E3 
 158              		.text
 159              		.section	.gnu.lto_stSetAlarm.824930f7e5272584,"e",%progbits
 160 0000 789C8D52 		.ascii	"x\234\215RMHTQ\024\276\337;of\336\214N\332.r\343\242"
 160      4D485451 
 160      14BEDF3B 
 160      6F66DE8C 
ARM GAS  /tmp/ccRPK4Jg.s 			page 12


 160      4EDA2E72 
 161 0016 10231CD3 		.ascii	"\020#\034\323U\004\021\330\2462Z\350\246U\250\011J\366"
 161      550411D8 
 161      A6325AE8 
 161      A655A809 
 161      4AF6
 162 0028 8323B509 		.ascii	"\203#\265\011\2743\216\316\302\310\026\375\2155\274"
 162      BC338ECE 
 162      C2C816FD 
 162      8D35BC
 163 0037 6012A345 		.ascii	"`\022\243EZ\266\250L\033-\373u\262\354\007\0041\213"
 163      5AB6A84C 
 163      1B2DFB75 
 163      B2EC0704 
 163      318B
 164 0049 B2104DAC 		.ascii	"\262\020M\254\026I\221\235{\337@\012\021]\346\335\271"
 164      1649919D 
 164      7BDF400A 
 164      115DE6DD 
 164      B9
 165 005a E79EEF7E 		.ascii	"\347\236\357~\347\334\357~\226\200xEB\034\021Bl\342"
 165      E7DCEF7E 
 165      96807845 
 165      421C1142 
 165      6CE2
 166 006c 0F2E0143 		.ascii	"\017.\001CJ\271\305\023\262\014\203R\261\036\267)}f"
 166      4AB9C513 
 166      B20C8352 
 166      B11EB729 
 166      7D66
 167 007e CFD4F046 		.ascii	"\317\324\360FSf\022\314t\316\004\364JZ\020\215\006\231"
 167      536612CC 
 167      74CE04F4 
 167      4A5A108D 
 167      0699
 168 0090 68441B9D 		.ascii	"hD\033\235!\014F\247n\032\371\235\234\223\3113\257}"
 168      210C46A7 
 168      6E1AF99D 
 168      9C93C933 
 168      AF7D
 169 00a2 2DB27995 		.ascii	"-\262y\225\315\3641\376\234\201[\310g\334D8\376=\363"
 169      CDF431FE 
 169      9C815BC8 
 169      67DC4438 
 169      FE3DF3
 170 00b5 38D90498 		.ascii	"8\331\004\230\034\236||\375\221O\205\006r9\374q\271"
 170      1C9E7C7C 
 170      FD914F85 
 170      067239FC 
 170      71B9
 171 00c7 7B3C8BD6 		.ascii	"{<\213\326C\360\372\356Xj:+\257C\312\260L\216'H\256"
 171      43F0FAEE 
 171      586A3A2B 
 171      AF43CAB0 
 171      4C8E2748 
 172 00dc B189D007 		.ascii	"\261\211\320\007bJ\334F\016z\221#\004\3571u?\362\204"
 172      624ADC46 
ARM GAS  /tmp/ccRPK4Jg.s 			page 13


 172      0E7A9123 
 172      04EF3175 
 172      3FF284
 173 00ef 3AF2EEEA 		.ascii	":\362\356\352\257S~\267\231\256\212;p\363-\005\022$"
 173      AF537EB7 
 173      99AE8A3B 
 173      70F32D05 
 173      1224
 174 0101 BA465D49 		.ascii	"\272F]I\371k1*\223\357/b~{\006\370\244i\360\344\"5y"
 174      F96B312A 
 174      93EF2F62 
 174      7E7B06F8 
 174      A469F0E4 
 175 0118 A0382C5E 		.ascii	"\2408,^\272\275j\022\242\225\204\272\213\011\231\024"
 175      BABD6A12 
 175      A29584BA 
 175      8B099914 
 176 0128 E218194E 		.ascii	"\342\030\031N\320\304\3014\006o/\314\\z\377\326\263"
 176      D0C4C134 
 176      066F2FCC 
 176      5C7AFFD6 
 176      B3
 177 0139 AC2217FA 		.ascii	"\254\"\027\372\323BD\301'[g]\253u\027:\273\004\215\001"
 177      D34244C1 
 177      275B675D 
 177      AB75173A 
 177      BB048D01 
 178 014d B891E4EE 		.ascii	"\270\221\344\356\004\006\341\216\223\305\271\343Ms\023"
 178      0406E18E 
 178      93C5B9E3 
 178      4D7313
 179 015c 9652C2A3 		.ascii	"\226R\302\243o?\377!\321\226\345\204\2724o]h\377\232"
 179      6F3FFF21 
 179      D196E584 
 179      BA346F5D 
 179      68FF9A
 180 016f F0772001 		.ascii	"\360w \001\233,\334c\005\356*\0058\321?\376\251\323"
 180      9B2CDC63 
 180      05EE2A05 
 180      38D13FFE 
 180      A9D3
 181 0181 53784546 		.ascii	"SxEFBr\262'\261\362\374Q\233\274\030B\007\316*q\006"
 181      4272B227 
 181      B1F2FC51 
 181      9BBC1842 
 181      07CE2A71 
 182 0196 940AF751 		.ascii	"\224\012\367Q\310\2157\235\216\216y\235\222^\247j\313"
 182      C88D379D 
 182      8E8E799D 
 182      925EA76A 
 182      CB
 183 01a7 D0895EBF 		.ascii	"\320\211^\277*\343\206\201\007\314\307\240\376h\327"
 183      2AE38681 
 183      07CCC7A0 
 183      FE68D7
 184 01b6 F553A4FA 		.ascii	"\365S\244\372\216\023\030\311\260\007s\263/\341\300"
 184      8E1318C9 
ARM GAS  /tmp/ccRPK4Jg.s 			page 14


 184      B00773B3 
 184      2FE1C0
 185 01c5 041E6A58 		.ascii	"\004\036jX\370g\024\016\306`\230\230As\256\023*7\364"
 185      F867140E 
 185      C6609898 
 185      4173AE13 
 185      2A37F4
 186 01d8 7EEB9BF6 		.ascii	"~\353\233\366F\020\016\261\011|12\270\215G\210@0x)\233"
 186      46100EB1 
 186      097C3132 
 186      B88D4788 
 186      40307829 
 187 01ed 8BD91E23 		.ascii	"\213\331\036#\307\246\014\361\001\221O%i\002\265\247"
 187      C7A60CF1 
 187      01914F25 
 187      6902B5A7 
 188 01fd 3D738C68 		.ascii	"=s\214hj8V\254d7f\020\321\005\324\205\343\227\206\027"
 188      6A3856AC 
 188      64376610 
 188      D105D485 
 188      E3978617 
 189 0211 35BD6553 		.ascii	"5\275eSfL[\340\211\242_*\243_\207K\033\361'\310y\243"
 189      664C5BE0 
 189      89A25F2A 
 189      A35F874B 
 189      1BF127C8 
 190 0227 37F24BCA 		.ascii	"7\362K\312\307B\206\262mZ\201\024\237\304pZ\312\257"
 190      C74286B2 
 190      6D5A8114 
 190      9FC4705A 
 190      CAAF
 191 0239 1F87FA2D 		.ascii	"\037\207\372-\205?+e\256\"y\3122:F\032a\234MY\272-s"
 191      853F2B65 
 191      AE2279CA 
 191      323A461A 
 191      619C4D59 
 192 0250 991DDA17 		.ascii	"\231\035\332\027f&'B\313\355`\376\305\016]l6\307\016"
 192      66262742 
 192      CBED60FE 
 192      C50E5D6C 
 192      36C70E
 193 0263 E6723B3C 		.ascii	"\346r;<g;<\323v\030\205\373\277_\272)\347\334f\233\262"
 193      673B3CD3 
 193      761885FB 
 193      BF5FBA29 
 193      E7DC669B 
 194 0278 F142BF34 		.ascii	"\361B\27744\215\002\375|;2\347+\352V\240\013\327\240"
 194      348D02FD 
 194      7C3B32E7 
 194      2BEA56A0 
 194      0BD7A0
 195 028b BCF01285 		.ascii	"\274\360\022\205X\307\014\032\201W(\212\223G|Fx\262"
 195      58C70C1A 
 195      8157288A 
 195      93477C46 
 195      78B2
 196 029d F5C65A7D 		.ascii	"\365\306Z}95Z\011\213<\010\341\244\012\363\013\012\002"
ARM GAS  /tmp/ccRPK4Jg.s 			page 15


 196      39355A09 
 196      8B3C08E1 
 196      A40AF30B 
 196      0A02
 197 02af FCDB575D 		.ascii	"\374\333W]\177\240\272.PRS[Y\273\253,p0\030\250\251"
 197      7FA0BA2E 
 197      5052535B 
 197      59BBAB2C 
 197      703018A8 
 198 02c4 A80B04EB 		.ascii	"\250\013\004\353\253\324\377\236`CA\225\360TT\006\033"
 198      ABD4FF9E 
 198      60434195 
 198      F0545406 
 198      1B
 199 02d5 6AF75797 		.ascii	"j\367W\227\374\353\304\241\203\365\015\301@Y\371\316"
 199      FCEBC4A1 
 199      83F50DC1 
 199      4059F9CE 
 200 02e5 E2A24069 		.ascii	"\342\242@i\351\326@\331\356\262\362m%;\016oH\363\354"
 200      E9D640D9 
 200      EEB2F26D 
 200      253B0E6F 
 200      48F3EC
 201 02f8 A9ABDB5B 		.ascii	"\251\253\333[P#~\003\214\205f\221"
 201      50237E03 
 201      8C856691 
 202              		.text
 203              		.section	.gnu.lto_stGetAlarm.824930f7e5272584,"e",%progbits
 204 0000 789C8D92 		.ascii	"x\234\215\222_HSq\024\307\317\271\347n\273\233.\353"
 204      5F485371 
 204      14C7CFB9 
 204      E76EBB9B 
 204      2EEB
 205 0012 2D92C057 		.ascii	"-\222\300W{\330L\237\242\227`\275\204F\017\363\245'"
 205      7BD84C9F 
 205      A29760BD 
 205      84460FF3 
 205      A527
 206 0024 29139446 		.ascii	")\023\224F\206JO\201\277\315\325\210\211F\224\272l]"
 206      864A4F81 
 206      BFCDD588 
 206      894694BA 
 206      6C5D
 207 0036 6D883EA5 		.ascii	"m\210>\245\242/\371g-k\2316\233Y\004\201\370'\324D4"
 207      A22FF967 
 207      2D6B9936 
 207      9B590481 
 207      F827D444 
 208 004b 297B4810 		.ascii	"){H\020\355\374\356\035\244\004\321e\367\267{~\277\317"
 208      EDFCEE1D 
 208      A404D165 
 208      F7B77B7E 
 208      BFCF
 209 005d EF7BFE6A 		.ascii	"\357{\376j\200\320I\000\325\000p\232_\264\000*B\210"
 209      80D04900 
 209      D500709A 
 209      5FB4002A 
ARM GAS  /tmp/ccRPK4Jg.s 			page 16


 209      4288
 210 006f 3336BFA6 		.ascii	"36\277\246(4\025\031\260\252\302\241\016\254\244N\251"
 210      28341519 
 210      B0AAC2A1 
 210      0EACA44E 
 210      A9
 211 0080 229B50CD 		.ascii	"\"\233P\315\234\251\210\306\227\320\020\352\025R\261"
 211      9CA988C6 
 211      97D010EA 
 211      1552B1
 212 008f 1E9BA995 		.ascii	"\036\233\251\225p.\020\375\225\335D:\001\252l\336\237"
 212      702E10FD 
 212      95DD443A 
 212      01AA6CDE 
 212      9F
 213 00a0 1C9C7048 		.ascii	"\034\234pH\0231\217\315\340\247\307\317\324\374n!\002"
 213      13318FCD 
 213      E0A7C7CF 
 213      D4FC6E21 
 213      02
 214 00b1 22D1DA92 		.ascii	"\"\321\332\222\325>8-\354:)\020a|\030sq\010sA>8\202"
 214      D53E382D 
 214      EC3A2910 
 214      617C1873 
 214      71087341 
 215 00c8 F9007CE1 		.ascii	"\371\000|\341K\377\356\003\247U\225\200\334\036E+\307"
 215      4BFFEE03 
 215      A7559580 
 215      DC1E452B 
 215      C7
 216 00d9 0B1823E8 		.ascii	"\013\030#\350\235\261$\304\356^H$\226b\330_\354@\320"
 216      9DB124C4 
 216      EE5E4824 
 216      9662D85F 
 216      EC40D0
 217 00ec 89957452 		.ascii	"\211\225tRI.6^,\232\\\354r\001\010\023p\300BE\221\000"
 217      492E365E 
 217      2C9A5CEC 
 217      72010813 
 217      70C04245 
 218 0102 6824C534 		.ascii	"h$\3054\032\330X\303\261\221\355\331\236\245E\333\001"
 218      1AD858C3 
 218      B191EDD9 
 218      9EA545DB 
 218      01
 219 0113 87ECE74F 		.ascii	"\207\354\347O\004A\211/\2047,\307\214 \214\323}4>G+"
 219      0441892F 
 219      84372CC7 
 219      8C208CD3 
 219      7D343E47 
 220 0128 C63938C0 		.ascii	"\30698\300\004Z\243$\225\232\0326\3474\231\272\025%"
 220      045AA324 
 220      959A1A36 
 220      E73499BA 
 220      1525
 221 013a FA7D39D6 		.ascii	"\372}9\326\234c\232\206k\336\352x\270\025sva\014u\262"
 221      9C639A86 
ARM GAS  /tmp/ccRPK4Jg.s 			page 17


 221      6BDEEA78 
 221      B8157376 
 221      610C75B2 
 222 014e E118A7FF 		.ascii	"\341\030\247\377B\246\317\007\361\331\325n[\301S\021"
 222      42A6CF07 
 222      F1D9D56E 
 222      5BC15311 
 223 015e F48B85AD 		.ascii	"\364\213\205\255'G\036\335\324I\303\227\330\205m\\\006"
 223      27471EDD 
 223      D449C397 
 223      D8856D5C 
 223      06
 224 016f E90BF015 		.ascii	"\351\013\360\025\026p\340\015-\241\317v\323\245fz\275"
 224      1670E00D 
 224      2DA1CF76 
 224      D3A5667A 
 224      BD
 225 0180 9DBC3BEC 		.ascii	"\235\274;\354\224n,\250`\222\365\030\212\207z\007[H"
 225      946E2CA8 
 225      6092F518 
 225      8A877A07 
 225      5B48
 226 0192 C61D2564 		.ascii	"\306\035%d\222\261\361\315\215\217hb\200\257\015,\260"
 226      92B1F1CD 
 226      8D8F6862 
 226      80AF0D2C 
 226      B0
 227 01a3 13429351 		.ascii	"\023B\223Q\030\203u\274\225g\232\262\255\303?G\327\354"
 227      188375BC 
 227      95679AB2 
 227      ADC33F47 
 227      D7EC
 228 01b5 410CF88F 		.ascii	"A\014\370\217\352d\217p\235\001\3071\210\300\360~5\225"
 228      EA648F70 
 228      9D01C731 
 228      88C0F07E 
 228      3595
 229 01c7 D5DE60AE 		.ascii	"\325\336`\256N\016X\306\340\252'# \367\214\2766\022"
 229      4E0E58C6 
 229      E0AA2723 
 229      20F78CBE 
 229      3612
 230 01d9 ADA42245 		.ascii	"\255\244\"E\262\354\312:\006\015\0072\341hOj\317\220"
 230      B2ECCA3A 
 230      060D0732 
 230      E1684F6A 
 230      CF90
 231 01eb D774CA8A 		.ascii	"\327t\312\212\220\314rB\312\357/c\266a\356\017$;Ff\217"
 231      90CC7242 
 231      CAEF2F63 
 231      B661EE0F 
 231      243B4666 
 232 0200 E6C58F29 		.ascii	"\346\305\217)\007\027\322\177X''\276\345\2338\231)\345"
 232      0717D27F 
 232      582727BE 
 232      E59B3899 
 232      29E5
ARM GAS  /tmp/ccRPK4Jg.s 			page 18


 233 0212 D6D7645C 		.ascii	"\326\327d\\\223|\233\020yR$\305e4\347h\2129\235\016"
 233      937C9B10 
 233      795224C5 
 233      6534E768 
 233      8A399D0E 
 234 0226 1961A907 		.ascii	"\031a\251\007\306az{\266o\276\223\016\214\203\372\367"
 234      C6617A7B 
 234      B66FBE93 
 234      0E8C83FA 
 234      F7
 235 0237 38DC495B 		.ascii	"8\334I[2\323\240\036\234\2064O\303;c\032\246e\376\366"
 235      32D3A01E 
 235      9C86344F 
 235      C33B631A 
 235      A665FEF6 
 236 024b FFEEF5D8 		.ascii	"\377\356\365\330\361\366{L\344\340{\243\331hHIjg1\275"
 236      F1F67B4C 
 236      E4E07BA3 
 236      D9684849 
 236      6A6731BD 
 237 025f E928EC93 		.ascii	"\351(\354\223T\307\220\"\307a\006\013\360\004K\030\004"
 237      54C79022 
 237      C761060B 
 237      F0044B18 
 237      04
 238 0270 7EC042F8 		.ascii	"~\300B\370\206\201\205p:i5\213n\227\365\016\023\356"
 238      86818570 
 238      3A69358B 
 238      6E97F50E 
 238      13EE
 239 0282 F1431848 		.ascii	"\361C\030HH3\337\345r\363\357jE\315\265\012\237\333"
 239      4833DFE5 
 239      72F3EF6A 
 239      45CDB50A 
 239      9FDB
 240 0294 535975B9 		.ascii	"SYu\271\352\202\327]]\353\256\274\344s\327\326\224\313"
 240      EA82D75D 
 240      5DEBAEBC 
 240      E473D7D6 
 240      94CB
 241 02a6 FFB2DA3A 		.ascii	"\377\262\332:W9x\376E^\257\256\251\253u{K\317\027\025"
 241      573978FE 
 241      455EAFAE 
 241      A9AB757B 
 241      4BCF1715 
 242 02ba BA4B4ACE 		.ascii	"\272KJ\316\272\275\027\275\245\347<\3057Nf\356\227\371"
 242      BABD17BD 
 242      A5E73CC5 
 242      374E66EE 
 242      97F9
 243 02cc 7C575C95 		.ascii	"|W\\\225\360\033\305\270Tk"
 243      F01BC5B8 
 243      546B
 244              		.text
 245              		.section	.gnu.lto_stIsAlarmActive.824930f7e5272584,"e",%progbits
 246 0000 789C7D90 		.ascii	"x\234}\220MK\033Q\024\206\317;w\362!%\024w\305\320\037"
 246      4D4B1B51 
ARM GAS  /tmp/ccRPK4Jg.s 			page 19


 246      1486CF3B 
 246      77F22125 
 246      1477C5D0 
 247 0015 904D269A 		.ascii	"\220M&\232?P\210\033\321\322E\334\270\012\032\205H\203"
 247      3F50881B 
 247      D1D245DC 
 247      B80A1A85 
 247      4883
 248 0027 91247425 		.ascii	"\221$t%x\363\321\004\261\250\033\277J\313\210A\324M"
 248      78F3D104 
 248      B1A81BBF 
 248      4ACB8841 
 248      D44D
 249 0039 8BDBC6DA 		.ascii	"\213\333\306\332\251\255\270-E\024AK\224\010\"\304 "
 249      A9ADB82D 
 249      4514414B 
 249      940822C4 
 249      20
 250 004a AEBA893D 		.ascii	"\256\272\211=wFJ\335\3642wf\3169\317y\337s\257\227@"
 250      77464ADD 
 250      F4327766 
 250      CE39CF79 
 250      DF73AF97 
 251 005f 1B204A11 		.ascii	"\033 J\021\321S\336\020\004MJ\371\314\223\363j\200\375"
 251      D153DE10 
 251      044D4AF9 
 251      CC93F36A 
 251      80FD
 252 0071 27BDA049 		.ascii	"'\275\240I\015\223\230\025\213\002\363S\325#_`]\312"
 252      0D939815 
 252      8B02F353 
 252      D5235F60 
 252      5DCA
 253 0083 BCB4160F 		.ascii	"\274\264\026\017\037\225\012\257\237\230\202h\231\033"
 253      1F950AAF 
 253      9F988268 
 253      991B
 254 0091 C37E84FC 		.ascii	"\303~\204\374\244\026>!@\304\364\371Vk\336\347\326U"
 254      A4163E21 
 254      40C4F4F9 
 254      566BDEE7 
 254      D655
 255 00a3 59A5AB70 		.ascii	"Y\245\253p\263!\321\307\237.K\266\356\312\322\252Wp"
 255      B321D1C7 
 255      9F2E4BB6 
 255      EECAD2AA 
 255      5770
 256 00b5 DAEBD2C8 		.ascii	"\332\353\322\310\024l\315/\235\224\032M\013bo\251CZ"
 256      146CCD2F 
 256      9D941A4D 
 256      0B626FA9 
 256      435A
 257 00c7 446F84E6 		.ascii	"Do\204\346\004\005\016\256\260\273\375\373d\243~\346"
 257      04050EAE 
 257      B0BBFDFB 
 257      64A37EE6 
 258 00d7 7920AF54 		.ascii	"y \257T\377&\212\012\257M7\\\035\266\245]\375\207\306"
ARM GAS  /tmp/ccRPK4Jg.s 			page 20


 258      FF268A0A 
 258      AF4D375C 
 258      1DB6A55D 
 258      FD87C6
 259 00ea 67B8B1CD 		.ascii	"g\270\261\315\243\020v\340~/4\256\315\024\232\277\274"
 259      A31076E0 
 259      7E2F34AE 
 259      CD149ABF 
 259      BC
 260 00fb 33C2141A 		.ascii	"3\302\024\032\024zsQ\231}\354\204\2665\247V\336\336"
 260      147A7351 
 260      997DEC84 
 260      B635A756 
 260      DEDE
 261 010d 567C6BA8 		.ascii	"V|k\250\300\024\002\026\374\370\002\277-\273sr\271\356"
 261      C0140216 
 261      FCF802BF 
 261      2DBB7372 
 261      B9EE
 262 011f 097D90C5 		.ascii	"\011}\220\305\234\254\335\256\266\277\2330\205\216\257"
 262      9CACDDAE 
 262      B6BF9B30 
 262      858EAF
 263 012e 58C3129F 		.ascii	"X\303\022\237Dy\021v\021\342\301\013\013\345\3436\307"
 263      44791176 
 263      11E2C10B 
 263      0BE5E336 
 263      C7
 264 013f 5238AEA5 		.ascii	"R8\256\245\275\271\252O\331\000\032\276\261\036C?\312"
 264      BDB9AA4F 
 264      D9001ABE 
 264      B11E433F 
 264      CA
 265 0150 9BC28174 		.ascii	"\233\302\201t\346\030\332o6\016\340@\204\357\014]#_"
 265      E618DA6F 
 265      360EE040 
 265      84EF0C5D 
 265      235F
 266 0162 9B6AB8D4 		.ascii	"\233j\270\324\321\030\"\373\272\2341\221\267T\030\010"
 266      D11822FB 
 266      BA9C3191 
 266      B7541808 
 267 0172 060D7E5E 		.ascii	"\006\015~^\216\244\307F\222F$1:4\372\"j\2442Fb0id\322"
 267      8EA4C746 
 267      92462431 
 267      3A34FA22 
 267      6AA43246 
 268 018b 71F58D65 		.ascii	"q\365\215e\262\3018E\376G\216\247\322\331\214\021\355"
 268      B2C13845 
 268      FE478EA7 
 268      D2D98C11 
 268      ED
 269 019c 7F1EEE32 		.ascii	"\177\036\3562\372\372\272\215\350@\264\277'\322\373"
 269      FAFABA8D 
 269      E840B4BF 
 269      27D2FB
 270 01ab AAF3BE3F 		.ascii	"\252\363\276?\226L\016\007\023\364\007#,\254\321"
ARM GAS  /tmp/ccRPK4Jg.s 			page 21


 270      964C0E07 
 270      13F40723 
 270      2CACD1
 271              		.text
 272              		.section	.gnu.lto_.symbol_nodes.824930f7e5272584,"e",%progbits
 273 0000 789C758F 		.ascii	"x\234u\217\313\015\0021\014D\307\343\015Y>= !:\240\001"
 273      CB0D0231 
 273      0C44C7E3 
 273      0D593E3D 
 273      20213AA0 
 274 0015 28890ABC 		.ascii	"(\211\012\274%p\345N\025\\\371\303\2624\201h\003\002"
 274      2570E54E 
 274      155CF9C3 
 274      B2348168 
 274      0302
 275 0027 01F692F8 		.ascii	"\001\366\222\370d\2757#\313%\004s\001\300\015\015U\230"
 275      64BD3723 
 275      CB250473 
 275      01C00D0D 
 275      5598
 276 0039 42160D60 		.ascii	"B\026\015`\300\272\232\341m\300-M2jGcZ\271+Q\215\000"
 276      C0BA9AE1 
 276      6DC02D4D 
 276      326A4763 
 276      5AB92B51 
 277 004f E59EA699 		.ascii	"\345\236\246\231\372\201Vd\352\015%\326\2174\227\311"
 277      FA815664 
 277      EA0D25D6 
 277      8F3497C9 
 278 005f DCC89839 		.ascii	"\334\310\2309\321:\351\214\234i\376\371\235\341G#\374"
 278      D13AE98C 
 278      9C69FEF9 
 278      9DE14723 
 278      FC
 279 0070 390DA6A6 		.ascii	"9\015\246\246\225is\241u\223F\321\213g\306\312A\334"
 279      956973A1 
 279      759346D1 
 279      8B67C6CA 
 279      41DC
 280 0082 56A2EC3F 		.ascii	"V\242\354?\352\345D\356\242\256\205\356\017}\013\375"
 280      EAE544EE 
 280      A2AE85EE 
 280      0F7D0BFD 
 281 0092 0FE205CC 		.ascii	"\017\342\005\314\006l\207"
 281      066C87
 282              		.text
 283              		.section	.gnu.lto_.refs.824930f7e5272584,"e",%progbits
 284 0000 789CE360 		.ascii	"x\234\343``d\020````dbbfgdebcgdg\342`g\000\000\003\372"
 284      60641060 
 284      60606064 
 284      62626667 
 284      64656263 
 285 001e 0057     		.ascii	"\000W"
 286              		.text
 287              		.section	.gnu.lto_.decls.824930f7e5272584,"e",%progbits
 288 0000 789CB558 		.ascii	"x\234\265XkPTG\026\276}{\006f\006F\015yV\371GS\246\314"
 288      6B505447 
ARM GAS  /tmp/ccRPK4Jg.s 			page 22


 288      16BE7D7B 
 288      06660646 
 288      0D7956F9 
 289 0018 6637E26B 		.ascii	"f7\342kk7\373\303\212\216)\2656&\273\203\251\335Tjw"
 289      6B37FBC3 
 289      8A8E29B5 
 289      3626BB83 
 289      A9DD546A 
 290 002d 8A9049A0 		.ascii	"\212\220I\240\026\301\202!\233\374\331\\\036\"!F\361"
 290      16C18221 
 290      9BFCD95C 
 290      1E222146 
 290      F1
 291 003e 8D680414 		.ascii	"\215h\004\024\024\024ED\005E`\000A\344!\017y\011\212"
 291      14144544 
 291      05456000 
 291      41E4210F 
 291      79098A
 292 0051 80A8088A 		.ascii	"\200\250\010\212F%*\240\354\351\3070=w\034k\367G.\236"
 292      46252AA0 
 292      ECE9C730 
 292      3D771C6B 
 292      F7472E9E 
 293 0065 B97DBABF 		.ascii	"\271}\272\277\376\372\234\323\347\366C\235\204\244E"
 293      FEFA9CD3 
 293      E7F6439D 
 293      84A445
 294 0074 AF4A9206 		.ascii	"\257J\222\006K\322\200,I\023\360\350$Ij\002\201*\251"
 294      4BD2802C 
 294      4913F0E8 
 294      24496A02 
 294      812AA9
 295 0087 0CA41EC4 		.ascii	"\014\244\036\304Kb\217\001\244\005\244\035\244\013\344"
 295      4B628F01 
 295      A405A41D 
 295      A40BE4
 296 0096 0AC85590 		.ascii	"\012\310U\220^\220\001\220A\220\273 \243\274\277\006"
 296      5E900190 
 296      4190BB20 
 296      A3BCBF06 
 297 00a6 49923788 		.ascii	"I\2227\210\001I.O6b\355\301 >P\276\310\353e\316?(\271"
 297      01492E4F 
 297      3662EDC1 
 297      203E50BE 
 297      C8EB65CE 
 298 00bd 3FB9840B 		.ascii	"?\271\204\013\336~ \257p\333f\203|\014\365\037\201\370"
 298      DE7E20AF 
 298      70DB6683 
 298      7C0CF51F 
 298      81F8
 299 00cf 81906196 		.ascii	"\201\220a\226#\306Cl\374+r\347)\200\272\227\370\330"
 299      23C6436C 
 299      FC2B72E7 
 299      2980BA97 
 299      F8D8
 300 00e1 229717E7 		.ascii	"\"\227\027\347\353Wq\232A\002@V\201|B\370@\206\3415"
 300      EB57719A 
ARM GAS  /tmp/ccRPK4Jg.s 			page 23


 300      41024056 
 300      817C42F8 
 300      4086E135 
 301 00f5 93FBB00C 		.ascii	"\223\373\260\014\336\177\002Y\014\242\345q\371\033b"
 301      DE7F0259 
 301      0CA2E571 
 301      F91B62
 302 0104 3120B1F8 		.ascii	"1 \261\370\224\333\245Q\331R\004\272\206\333\241\366"
 302      94DBA551 
 302      D95204BA 
 302      86DBA1F6 
 303 0114 6119F781 		.ascii	"a\031\367\201\304\367\263\347\370P\352\301\207~\301"
 303      C4F7B3E7 
 303      F850EAC1 
 303      877EC1
 304 0123 0F4F3E90 		.ascii	"\017O>\220\371\254\223\234>\310\202\017\304\376\253"
 304      F9AC939C 
 304      3EC8820F 
 304      C4FEAB
 305 0132 2AFBFFC1 		.ascii	"*\373\377\301m\362V\331Q\001\372\264_a\374^\325\370"
 305      6DF256D9 
 305      5101FAB4 
 305      5F61FC5E 
 305      D5F8
 306 0144 163EBE3A 		.ascii	"\026>\276:\207\2328\276\337C\0368b8\300\371\324\317"
 306      879A38BE 
 306      DF431E38 
 306      6238C0F9 
 306      D4CF
 307 0156 0E8CCEC4 		.ascii	"\016\214\316\304?-\361\336\200\321l\003\"\231?\025\252"
 307      3F2DF1DE 
 307      80D16C03 
 307      22993F15 
 307      AA
 308 0167 CEDDBDD3 		.ascii	"\316\335\275\323\202X\025A\234\273\221t`*\226i\371\312"
 308      82581541 
 308      9CBB9174 
 308      602A9669 
 308      F9CA
 309 0179 21A557EF 		.ascii	"!\245W\357\177Xa\217\3563\011\235A\330I\266\361D\327"
 309      7F58618F 
 309      EE33099D 
 309      41D849B6 
 309      F144D7
 310 018c F854BC90 		.ascii	"\370T\274\220B\273c~z\354\013,~\006\244\001uk\315\361"
 310      42BB637E 
 310      7AEC0B2C 
 310      7E06A401 
 310      756BCDF1 
 311 01a0 F306505F 		.ascii	"\363\006P_1\240\031\240N\324\346\355\326\032\022\024"
 311      31A019A0 
 311      4ED4E6ED 
 311      D61A1214 
 312 01b0 2546498B 		.ascii	"%FI\213U\364\313%dG\323Q)\232.\241\022D\207.F\376\250"
 312      55F4CB25 
 312      6447D351 
 312      299A2EA1 
ARM GAS  /tmp/ccRPK4Jg.s 			page 24


 312      1244872E 
 313 01c7 08EA4E93 		.ascii	"\010\352N\223\2722d\200Ne\025\233\333\020\243$j[nV\216"
 313      BA326480 
 313      4E65159B 
 313      DB10A324 
 313      6A5B6E56 
 314 01dc 9170288C 		.ascii	"\221p(\214\203\324;X$T\201\014\022\362\237\216\312A"
 314      83D43B58 
 314      2454810C 
 314      12F29F8E 
 314      CA41
 315 01ee 03706DD5 		.ascii	"\003pm\325\315\024\314\372\372\200\372\364f\371\021"
 315      CD14CCFA 
 315      FA80FAF4 
 315      66F911
 316 01fd 2D33A783 		.ascii	"-3\247\2034\267>.\036\365\305\213\210\3458:q\364\022"
 316      34B73E2E 
 316      1EF5C58B 
 316      88E5383A 
 316      71F412
 317 0210 4686E908 		.ascii	"F\206\351\010\270\0205Q\331\247\3407$\264`:\232\013"
 317      B8103551 
 317      D9A7E037 
 317      24B4603A 
 317      9A0B
 318 0222 C6548181 		.ascii	"\306T\201\201\347\010{5\000\316\003\375NEG+v*\200\276"
 318      E7087B35 
 318      00CE03FD 
 318      4E45472B 
 318      762A80BE 
 319 0236 F71D2D03 		.ascii	"\367\035-\003\347\203\015\217\202\374\222\210y\360\363"
 319      E7830D8F 
 319      82FC9288 
 319      79F0F3
 320 0245 3E22D5A8 		.ascii	">\"\325\250\022\272\234\245\366\325 ?f$\215\\B\377H"
 320      12BA9CA5 
 320      F6D5203F 
 320      66248D5C 
 320      42FF48
 321 0258 B18F810F 		.ascii	"\261\217\201\017\026\367\242\301\000\334\271\266\256"
 321      16F7A2C1 
 321      00DCB9B6 
 321      AE
 322 0265 492B32D7 		.ascii	"I+2\327\276\200\271\360\304\225\343z\337\304\311H\243"
 322      BE80B9F0 
 322      C495E37A 
 322      DFC4C948 
 322      A3
 323 0276 3AE42784 		.ascii	":\344'\204\251\036\371J\354\005\330\364+=\245\372^t"
 323      A91EF94A 
 323      EC05D8F4 
 323      2B3DA5FA 
 323      5E74
 324 0288 1591A441 		.ascii	"\025\221\244A\350\007\214$\362G~h\366\3207\"e\"\023"
 324      E8078C24 
 324      F2477E68 
 324      F6D03722 
ARM GAS  /tmp/ccRPK4Jg.s 			page 25


 324      652213
 325 029b 8E079187 		.ascii	"\216\007\221\207\343$\236z\216:\366r\374\260:\231\263"
 325      E3249E7A 
 325      8E3AF672 
 325      FCB03A99 
 325      B3
 326 02ac C83C7310 		.ascii	"\310<s\020\353\303\330\251*P\263v\304\333\035$\254\003"
 326      EBC3D8A9 
 326      2A50B376 
 326      C4DB1D24 
 326      AC03
 327 02be B3CAD991 		.ascii	"\263\312\331\221W\311|8\261\007r\263\330I(M\222:\036"
 327      57C97C38 
 327      B10772B3 
 327      D849284D 
 327      923A1E
 328 02d1 3499D213 		.ascii	"4\231\322\023-\345\325\372>\324\023\015\301\356\311"
 328      2DE5D5FA 
 328      3ED4130D 
 328      C1EEC9
 329 02e0 CB314A68 		.ascii	"\3131JhJ\322\014\211f\370\272c\303W\265\370\237\264"
 329      4AD20C89 
 329      66F8BA63 
 329      C357B5F8 
 329      9FB4
 330 02f2 1C5F9954 		.ascii	"\034_\231Tdd\351%\223@\2666\306 \226^\323@\335\266\367"
 330      6464E925 
 330      9340B636 
 330      C620965E 
 330      D340DDB6 
 331 0307 6C8BFEF5 		.ascii	"l\213\376\365mt\302b\225i2\012~\0155\303\0244\321)\270"
 331      6D74C262 
 331      9569320A 
 331      7E0D35C3 
 331      1434D129 
 332 031c 885E9750 		.ascii	"\210^\227P\224\206\215W\332TwP~3M\351\351Q\354ww/L\256"
 332      94868D57 
 332      DA547750 
 332      7E334DE9 
 332      E951EC77 
 333 0334 8B571AA1 		.ascii	"\213W\032\241\333\373\024\206\032!\033\340\303\240&"
 333      DBFB1486 
 333      1A211BE0 
 333      C3A026
 334 0343 4259420D 		.ascii	"BYB\015\250\017\241\013\250\227x\323\202\336\004\202"
 334      A80FA10B 
 334      A89778D3 
 334      82DE0482 
 335 0353 531D6371 		.ascii	"S\035cq\336x#\242fm\034-\354\321\211\003\303\207$\214"
 335      DE7823A2 
 335      666D1C2D 
 335      ECD18903 
 335      C387248C 
 336 0367 DC268E3C 		.ascii	"\334&\216<\334\361 \037\363\221\237\355~-=V\311\202"
 336      DCF1201F 
 336      F3919FED 
 336      7E2D3D56 
ARM GAS  /tmp/ccRPK4Jg.s 			page 26


 336      C982
 337 0379 6E330808 		.ascii	"n3\010\010\265\012\343\266\252\307m\247\343\306\346"
 337      B50AE3B6 
 337      AAC76DA7 
 337      E3C6E6
 338 0388 74266AF1 		.ascii	"t&j\361n6\356`lS\006\326\300\374\322\001a\004\362\311"
 338      6E36EE60 
 338      6C5306D6 
 338      C0FCD201 
 338      6104F2C9 
 339 039c 8DF4F4CB 		.ascii	"\215\364\364\313\036\203\320IL\271\204\270-=\225\003"
 339      1E83D049 
 339      4CB984B8 
 339      2D3D9503 
 340 03ac F71C5178 		.ascii	"\367\034Qx\266\3077E\261\303w\241\310\004\205:\004["
 340      B6C73745 
 340      B1C377A1 
 340      C804853A 
 340      045B
 341 03be 3AD4B674 		.ascii	":\324\266tQ[\316\217\035\233\202\263\231)\275\203\003"
 341      515BCE8F 
 341      1D9B82B3 
 341      9929BD83 
 341      03
 342 03cf 4F759C6A 		.ascii	"Ou\234j\360\355I&\022\315\313\002\323e5\323\025\312"
 342      F0ED4926 
 342      12CDCB02 
 342      D36535D3 
 342      15CA
 343 03e1 B439FF51 		.ascii	"\2649\377Q\252\026\237`T\311\3617\012\364\234\252\363"
 343      AA169F60 
 343      54C9F137 
 343      0AF49CAA 
 343      F3
 344 03f2 1D17A3BA 		.ascii	"\035\027\243\272\005\252n5\325UJ\225\363\260\361\230"
 344      05AA6E35 
 344      D5554A95 
 344      F3B0F198 
 345 0402 11DB39D5 		.ascii	"\021\3339\325\236\206\202\251\234\252;\3075\330=\002"
 345      9E8682A9 
 345      9CAA3BC7 
 345      35D83D02 
 346 0412 578F9AAB 		.ascii	"W\217\232\253\227r%\\\032\264kp-\343\252\257\274\230"
 346      9772255C 
 346      1AB46B70 
 346      2DE3AAAF 
 346      BC98
 347 0424 EC8DBBA8 		.ascii	"\354\215\273\250\202\3132\332\363\365H\317\026\257u"
 347      82CB32DA 
 347      F3F548CF 
 347      16AF75
 348 0433 743D894D 		.ascii	"t=\211M\232\206&\327\223k@\336\217\364\022\272\016\200"
 348      9A8626D7 
 348      936B40DE 
 348      8FF412BA 
 348      0E80
 349 0445 1B7CF122 		.ascii	"\033|\361\"\025t\361\232F\213d=\254\277\264\007\213"
ARM GAS  /tmp/ccRPK4Jg.s 			page 27


 349      1574F19A 
 349      468B643D 
 349      ACBFB407 
 349      8B
 350 0456 9305F5C2 		.ascii	"\223\005\365\302l\335\024\023\347bK\356\235I_\216\360"
 350      6CDD1413 
 350      E7624BEE 
 350      9D495F8E 
 350      F0
 351 0467 C98A9609 		.ascii	"\311\212\226\011\010\014w\372\322\247\366e\200\372\362"
 351      080C77FA 
 351      D2A7F665 
 351      80FAF2
 352 0476 F3FABB69 		.ascii	"\363\372\273iSq/\363\245\255\351h\206\206p)\220\376"
 352      53712FF3 
 352      A5ADE968 
 352      86867029 
 352      90FE
 353 0488 C50B7362 		.ascii	"\305\013sb\343\177T\322\021K\376[\002\327-\276\355\240"
 353      E37F54D2 
 353      114BFE5B 
 353      02D72DBE 
 353      EDA0
 354 049a 41CA61BF 		.ascii	"A\312a\277\227\221\214q\036\333\244z\206\313\223\260"
 354      97918C71 
 354      1EDBA47A 
 354      86CB93B0 
 355 04aa B8E291E5 		.ascii	"\270\342\221\345\321\271\342\335\246+\036\340jNn9c\244"
 355      D1B9E2DD 
 355      A62B1EE0 
 355      6A4E6E39 
 355      63A4
 356 04bc 490A553C 		.ascii	"I\012U<I\253\362\217\356G\036\223t\230\270}\307\221"
 356      49ABF28F 
 356      EE471E93 
 356      7498B87D 
 356      C791
 357 04ce A4D98D8D 		.ascii	"\244\331\215\215MZnkW\303\254\242\343J\234\226@\320"
 357      4D5A6E6B 
 357      57C3ACA2 
 357      E34A9C96 
 357      40D0
 358 04e0 9060E890 		.ascii	"\220`\350\220\303\320\273\324\320'\227RG\215\370\026"
 358      C3D0BBD4 
 358      D0279752 
 358      478DF816 
 359 04f0 33F470CC 		.ascii	"3\364p\314X\245\016\2172\345~\367\345,_\260\006\375"
 359      58A50E8F 
 359      32E57EF7 
 359      E52C5FB0 
 359      06FD
 360 0502 4C7B9079 		.ascii	"L{\220y\315\275\365\203\027V0m>>\264e\227\2264? Q\274"
 360      CDBDF583 
 360      1756306D 
 360      3E3EB465 
 360      9796343F 
 361 0519 8FA8B547 		.ascii	"\217\250\265G\243\355\007\214x-C\224w]\277\351M\020"
ARM GAS  /tmp/ccRPK4Jg.s 			page 28


 361      A3ED078C 
 361      782D4394 
 361      775DBFE9 
 361      4D10
 362 052b 2304F190 		.ascii	"#\004\361\220!\216\344\214\0355P\037\275\034\337a\357"
 362      218EE48C 
 362      1D35501F 
 362      BD1CDF61 
 362      EF
 363 053c 81EB518E 		.ascii	"\201\353Q\216\232G\014\265\275\241\374\266\313l{\211"
 363      9A470CB5 
 363      BDA1FCB6 
 363      CB6C7B89 
 364 054c ABC413E2 		.ascii	"\253\304\023\342\365c\207\327JIZ\214/x}/MIKQ\226\304"
 364      F56387D7 
 364      4A495A8C 
 364      2F787D2F 
 364      4D494B51 
 365 0562 28EB157B 		.ascii	"(\353\025{\276L@\350\236\303o\364\013\240\211\312\\"
 365      BE4C40E8 
 365      9EC36FF4 
 365      0BA089CA 
 365      5C
 366 0573 1FA5AE67 		.ascii	"\037\245\256g\217l\330e`K$\331kR\327\365{\336\274\307"
 366      8F6CD865 
 366      604B24D9 
 366      6B52D7F5 
 366      7BDEBCC7 
 367 0587 F9E63DC6 		.ascii	"\371\346=\3066\274\202\252\201L~\2260\202Z\221d/\363"
 367      36BC82AA 
 367      814C7E96 
 367      30825A91 
 367      642FF3
 368 059a 62ABEB00 		.ascii	"b\253\353\000i\356\313+\214\361Q\357\264\317\200\354"
 368      69EECB2B 
 368      8CF151EF 
 368      B4CF80EC 
 369 05aa 29259B20 		.ascii	")%\233 \373\341\270c?\334\274\255\375(Vo\236\236\300"
 369      FBE1B863 
 369      3FDCBCAD 
 369      FD28566F 
 369      9E9EC0
 370 05bd 2D5BE3EF 		.ascii	"-[\343\357\350g\376\210S\341#Qd?Ru\267l\274\305\033"
 370      E867FE88 
 370      53E12351 
 370      643F5275 
 370      B76CBCC5 
 371 05d2 EF62314F 		.ascii	"\357b1O\257\177\260\335\200\263\231\222\375$/\023\277"
 371      AF7FB0DD 
 371      80B39992 
 371      FD242F13 
 371      BF
 372 05e3 B54F69B4 		.ascii	"\265Oi\264\223\245{V\352~%!)\232\366C\2612&K\2230N\014"
 372      93A57B56 
 372      EA7E2521 
 372      299AF643 
 372      B132264B 
ARM GAS  /tmp/ccRPK4Jg.s 			page 29


 373 05fb D444CB33 		.ascii	"\324D\3133\241\024'\277E\022\377XQ1\236y\214\216\004"
 373      A11427BF 
 373      4512FF58 
 373      51319E79 
 373      8C8E04
 374 060e 3B34DD5F 		.ascii	";4\335_\016\216\301\332S\302\310\363\262\222\021\347"
 374      0E8EC1DA 
 374      53C2C8F3 
 374      B29211E7 
 375 061e 1E7C273A 		.ascii	"\036|':\315\0367\203n\344\204\030\226\027a\367\217\207"
 375      CD1E3783 
 375      6EE48418 
 375      961761F7 
 375      8F87
 376 0630 9AB59478 		.ascii	"\232\265\224x\035%\036J\273\235'\317\254\023\211\307"
 376      1D251E4A 
 376      BB9D27CF 
 376      AC1389C7 
 377 0640 D393B718 		.ascii	"\323\223\267\030p\007#\276\220\333\336lp0\377\316\225"
 377      700723BE 
 377      90DBDE6C 
 377      7030FFCE 
 377      95
 378 0651 B9D785F9 		.ascii	"\271\327\205\371{\250I\240\314\211\224\371Z\345\360"
 378      7BA849A0 
 378      CC8994F9 
 378      5AE5F0
 379 0660 03A3F89D 		.ascii	"\003\243\370\235\221\217\3249\207?\310\364d\001/\341"
 379      918FD439 
 379      873FC8F4 
 379      64012FE1 
 380 0670 BCE5C7CF 		.ascii	"\274\345\307\317[\245\023\333K5L\327\221\015\362`\331"
 380      5BA513DB 
 380      4B354CD7 
 380      910DF260 
 380      D9
 381 0681 B82F9B51 		.ascii	"\270/\233Q;i>\231T\020\317\233\033\211^\321v\356\236"
 381      3B693E99 
 381      5410CF9B 
 381      1B895ED1 
 381      76EE9E
 382 0694 06DFE071 		.ascii	"\006\337\340q\316\330\264\327\013\337f\312\371\361\312"
 382      CED8B4D7 
 382      0BDF66CA 
 382      F9F1CA
 383 06a3 73BE248F 		.ascii	"s\276$\217b\335\016\222\233d\267\203$t\250\253\033\253"
 383      62DD0E92 
 383      9B64B783 
 383      2474A8AB 
 383      1BAB
 384 06b5 D7E211D6 		.ascii	"\327\342\021\326\273vWc4\317\311j\242o=]Q\344\203\037"
 384      BB765763 
 384      34CFC96A 
 384      A26F3D5D 
 384      51E4831F 
 385 06c9 B3C66B89 		.ascii	"\263\306k\211}\025^\370)S\034\026\372q\013S\273Fj\020"
 385      7D155EF8 
ARM GAS  /tmp/ccRPK4Jg.s 			page 30


 385      29531C16 
 385      FA710B53 
 385      BB466A10 
 386 06dd 8ED6D0C6 		.ascii	"\216\326\320\306\212\202\256[2k\234+\354\376~l\367?"
 386      8A82AE5B 
 386      326B9C2B 
 386      ECFE7E6C 
 386      F73F
 387 06ef 3C7173D7 		.ascii	"<qs\327T\346\234\202@/n\276\374>\216g=cZs\012\2460("
 387      54E69C82 
 387      402F6EBE 
 387      FC3E8E67 
 387      3D635A73 
 388 0707 26CB4F5B 		.ascii	"&\313O[U\215\316\343W\261Gf_\305O2\365$\245\347P\272"
 388      558DCEE3 
 388      57B14766 
 388      5FC54F32 
 388      F524A5E7 
 389 071d EFF3CFD0 		.ascii	"\357\363\317\320\317w}\357\235\335\212\336\231\372\032"
 389      CF777DEF 
 389      9DDD8ADE 
 389      99FA1A
 390 072c 942A1BD0 		.ascii	"\224*\033\320.y:J\221\011}\032$8\035\203\246\376\310"
 390      2E793A4A 
 390      91097D1A 
 390      24381D83 
 390      A6FEC8
 391 073f F98E6C1F 		.ascii	"\371\216l\037\021\274\371\005\340#\3732w\030p\"\363"
 391      11BCF905 
 391      E023FB32 
 391      77187022 
 391      F3
 392 0750 E9FADEDB 		.ascii	"\351\372\336\333\2572\227\336\006m\377/E\261:\274\201"
 392      AF3297DE 
 392      066DFF2F 
 392      45B13ABC 
 392      81
 393 0761 356D29F9 		.ascii	"5m)\371\251\336\033of\212\343J\340\307\256\0041\355"
 393      A9DE1B6F 
 393      668AE34A 
 393      E0C7AE04 
 393      31ED
 394 0773 4BF076D6 		.ascii	"K\360v\326R\272i\363\025\204S\230r\370\344\372]\336"
 394      52BA69F3 
 394      15845398 
 394      72F8E4FA 
 394      5DDE
 395 0785 0CF60699 		.ascii	"\014\366\006\231\210\332\241\3318\2255=\253\256\230"
 395      88DAA1D9 
 395      3895353D 
 395      ABAE98
 396 0794 8D3359B9 		.ascii	"\2153Y\271\352d\326\001\204\0171\345~J\325\220\001\347"
 396      EA64D601 
 396      840F31E5 
 396      7E4AD590 
 396      01E7
 397 07a6 3225AD79 		.ascii	"2%\255yw\241\016\037c\312\376\307\333\367\373\342\002"
ARM GAS  /tmp/ccRPK4Jg.s 			page 31


 397      77A10E1F 
 397      63CAFEC7 
 397      DBF7FBE2 
 397      02
 398 07b7 A6B49C6A 		.ascii	"\246\264\234jM\360\301g\230\222\220\227\227\354\203"
 398      4DF0C167 
 398      98929097 
 398      97EC83
 399 07c6 ED4C39DD 		.ascii	"\355L9\335Z\273\227\317K\017"
 399      5ABB97CF 
 399      4B0F
 400 07d0 D19B8E9F 		.ascii	"\321\233\216\237\331\252\343s\350\005zbs\335#\204\317"
 400      D9AAE373 
 400      E8057A62 
 400      73DD2384 
 400      CF
 401 07e1 32704171 		.ascii	"2pAq\347\306)\036g\355\004\237\265\271t\016\022\206"
 401      E7C6291E 
 401      67ED049F 
 401      B5B9740E 
 401      1286
 402 07f3 33EDBEEA 		.ascii	"3\355\276\3529\330\000a\375\221\206\365$\011\353\011"
 402      39D80061 
 402      FD9186F5 
 402      2409EB09 
 403 0803 47580F77 		.ascii	"GX\017w\374|\035\253\347\300\003\370\325\3573\362N\351"
 403      FC7C1DAB 
 403      E7C003F8 
 403      D5EF33F2 
 403      4EE9
 404 0815 D12CF7E7 		.ascii	"\321,\367\347\345Y{\225\270X\305\336\260\023\037\311"
 404      E5597B95 
 404      B858C5DE 
 404      B0131FC9 
 405 0825 EB6F8A56 		.ascii	"\353o\212V2\346R\242$H\222Z\371e\301\324\215\224\326"
 405      32E652A2 
 405      2448925A 
 405      F965C1D4 
 405      8D94D6
 406 0838 4ECAAC4B 		.ascii	"N\312\254K\315w\260\233\307yQx\256\033\234Y1\217\241"
 406      CD77B09B 
 406      C7795178 
 406      AE1B9C59 
 406      318FA1
 407 084b A3157B5F 		.ascii	"\243\025{_\002\216\246\360tX\362vs\2703ev\252\331\233"
 407      028EA6F0 
 407      7458F276 
 407      73B83365 
 407      76AAD99B 
 408 085f 13B0933E 		.ascii	"\023\260\223>\303\215~\237\032\177_\260\346\240\033"
 408      C38D7E9F 
 408      1A7F5FB0 
 408      E6A01B
 409 086e 3C5B0D2F 		.ascii	"<[\015/\027\340G\335\340\376*\364\350\177\234\350\274"
 409      17E047DD 
 409      E0FE2AF4 
 409      E87F9CE8 
ARM GAS  /tmp/ccRPK4Jg.s 			page 32


 409      BC
 410 087f E7A3E74D 		.ascii	"\347\243\347M\202;E\313\367\272\241w\312*x\242\000\337"
 410      823B45CB 
 410      F7BAA177 
 410      CA2A78A2 
 410      00DF
 411 0891 EE06DFAA 		.ascii	"\356\006\337\252\206\013\206\037vC\247\250\320\203\002"
 411      860B861F 
 411      7643A7A8 
 411      D08302
 412 08a0 FA9087A8 		.ascii	"\372\220\207\2508\347h4\221\317Q\001\314\321q\016w\246"
 412      38E76834 
 412      91CF5101 
 412      CCD1710E 
 412      77A6
 413 08b2 D47A1579 		.ascii	"\324z\025y\237h\3716\017\226\213Q\024\214\311r\203\357"
 413      9F68F936 
 413      0F968B51 
 413      148CC972 
 413      83EF
 414 08c4 57B1D788 		.ascii	"W\261\327\210a\314\364\220\000Nx\263@~\304C6\212\363"
 414      61CCF490 
 414      004E78B3 
 414      407EC443 
 414      368AF3
 415 08d7 2FB21FF0 		.ascii	"/\262\037\360`\214\200\037\024}\335\342\341\343\020"
 415      608C801F 
 415      147DDDE2 
 415      E1E310
 416 08e6 E22ED227 		.ascii	"\342.\322'\273\301w8\3517\361\017X!\247\242|\210\365"
 416      BBC17738 
 416      E937F10F 
 416      5821A7A2 
 416      7C88F5
 417 08f9 31DA46F0 		.ascii	"1\332F\360d\205.\221g\241b\220S \347@\312@\352@\312"
 417      64852E91 
 417      67A16290 
 417      5320E740 
 417      CA40EA40 
 418 090e 41CE8054 		.ascii	"A\316\200T\202T\203T\201\024\201\224\202\234\006\251"
 418      82548354 
 418      81148194 
 418      829C06A9 
 419 091e 01B1839C 		.ascii	"\001\261\203\234\0059\017R\010R!\317\"G.>yB\274r<\344"
 419      05390F52 
 419      085221CF 
 419      22472E3E 
 419      7942BC72 
 420 0934 113590FC 		.ascii	"\0215\220\374\317N][\326\024\234\240e\333bKa\276\361"
 420      CF4E5D5B 
 420      D6149CA0 
 420      65DB624B 
 420      61BEF1
 421 0947 E5E79A8D 		.ascii	"\345\347\232\215\3529\321\257d9\271\301V\026T\373\210"
 421      EA39D1AF 
 421      6439B9C1 
 421      561654FB 
ARM GAS  /tmp/ccRPK4Jg.s 			page 33


 421      88
 422 0958 E78A0B2E 		.ascii	"\347\212\013.v7\260sE\003=W<I=8n\304[\231\331\247G\267"
 422      7637B073 
 422      45033D57 
 422      3C493D38 
 422      6EC45B99 
 423 0970 9D239707 		.ascii	"\235#\227\007;\\D\206\212g\344V\320\273s\332rz\321E"
 423      3B5C4486 
 423      8A67E456 
 423      D0BB73DA 
 423      727AD145 
 424 0984 8DB27077 		.ascii	"\215\262pw\226UW\221&\231\034Q\277\257\274\337\340r"
 424      96555791 
 424      26991C51 
 424      BFAFBCDF 
 424      E072
 425 0996 7378E272 		.ascii	"sx\342r\242if#7\323\221/\264\2176N^\255\343^pfF\027"
 425      A2696623 
 425      37D3912F 
 425      B48F364E 
 425      5EADE35E 
 426 09ae E5D7019F 		.ascii	"\345\327\001\237\371K\2462E\344\036v\341na\334-\224"
 426      F94BA632 
 426      45E41E76 
 426      E16E61DC 
 426      2D94
 427 09c0 BBF8567F 		.ascii	"\273\370V\177\243\013\226\234!\235\330V\206mev\214W"
 427      A30B969C 
 427      219DD856 
 427      866D6576 
 427      8C57
 428 09d2 E779E103 		.ascii	"\347y\341\003,\002\015\027G\232}x\004\252\252q\316q"
 428      2C020D17 
 428      479A7D78 
 428      04AAAA71 
 428      CE71
 429 09e4 4559AB28 		.ascii	"EY\253(\345\032z\027k\023\002\320\246\016@;\015@z\376"
 429      E51A7A17 
 429      6B1302D0 
 429      A60E403B 
 429      0D407AFE 
 430 09f8 C314232E 		.ascii	"\303\024#.ad\003Yu\245^\234\354~!f\367\272t~\011\027"
 430      61640359 
 430      75A55E9C 
 430      EC7E2166 
 430      F7BA747E 
 431 0a0e B83AD45C 		.ascii	"\270:\324\\\227(W\327\304\2514#nb\\=\366\211!\203\203"
 431      972857D7 
 431      C4A93423 
 431      6E625C3D 
 431      F6892183 
 432 0a23 EBB4938B 		.ascii	"\353\264\223\213\034\031;\005\256N5W\027\345*\275\225"
 432      1C193B05 
 432      AE4E3557 
 432      17E52ABD 
 432      95
 433 0a34 91A2C1D7 		.ascii	"\221\242\301\327\030Wa\336@\003vp\235q\265\353\262\300"
ARM GAS  /tmp/ccRPK4Jg.s 			page 34


 433      185761DE 
 433      40037670 
 433      9D71B5EB 
 433      B2C0
 434 0a46 7559CD75 		.ascii	"uY\315u\205r\235\334\261m\021~\310\250\312\267\035N"
 434      85729DDC 
 434      B16D117E 
 434      C8A8CAB7 
 434      1D4E
 435 0a58 3572AAB6 		.ascii	"5r\252\266\022|j2^$a\272\005\256n5\327U\371M\351\355"
 435      127C6A32 
 435      5E2461BA 
 435      05AE6E35 
 435      D755F94D 
 436 0a6e 3973FCE1 		.ascii	"9s\374\341\337\277\254\021a\326P\177Sp\310\347!\037"
 436      DFBFAC11 
 436      61D6507F 
 436      5370C8E7 
 436      211F
 437 0a80 07F88747 		.ascii	"\007\370\207G\372\007\007\206\372GF\004\221\267%\322"
 437      FA070786 
 437      FA474604 
 437      91B725D2 
 438 0a90 362748B7 		.ascii	"6'H\267\354\243Of\230\336{O\322G~\033i\013Ym\265\330"
 438      ECA34F66 
 438      98DE7B4F 
 438      D2477E1B 
 438      690B596D 
 439 0aa6 3441C181 		.ascii	"4A\301\201\021\362B\31170b\365\327\177\260\276\273\372"
 439      11F242C9 
 439      373062F5 
 439      D77FB0BE 
 439      BBFA
 440 0ab8 B75FAE91 		.ascii	"\267_\256\221\014A\341\0216\3537\357\256^(yE\332V\204"
 440      0C41E111 
 440      36EB37EF 
 440      AE5E2879 
 440      45DA5684 
 441 0acc 85D87EF3 		.ascii	"\205\330~\363\277\016!\371F\332\226Ym\246\360\2500\233"
 441      BF0E21F9 
 441      46DA9659 
 441      6DA6F0A8 
 441      309B
 442 0ade 35029400 		.ascii	"5\002\224\000[`\204mq(\320\373\020%|\015-\033\240l\265"
 442      5B60846D 
 442      7128D0FB 
 442      10257C0D 
 442      2D1BA06C 
 443 0af3 398ACB78 		.ascii	"9\212\313xq*\014\026IK\213\203l!_[\265\226%\341\341"
 443      712A0C16 
 443      494B8B83 
 443      6C215F5B 
 443      B59625E1 
 444 0b08 A1D0CF12 		.ascii	"\241\320\317\022\032\372\205%\004\3540\275\310\2165"
 444      1AFA8525 
 444      04EC30BD 
 444      C88E35
ARM GAS  /tmp/ccRPK4Jg.s 			page 35


 445 0b17 6075A47F 		.ascii	"`u\244\177\300\252\225\013\346\373\177\370\341R\377"
 445      C0AA950B 
 445      E6FB7FF8 
 445      E152FF
 446 0b26 804F0356 		.ascii	"\200O\003V\2550\375\371\353y\334:\3022'X\322\007\005"
 446      AD30FDF9 
 446      EB79DC3A 
 446      C2322758 
 446      D20705
 447 0b39 077C1BB9 		.ascii	"\007|\033\271<0\324\366\256'\266\010\233\177HXPh\324"
 447      3C30D4F6 
 447      AE27B608 
 447      9B7F4858 
 447      5068D4
 448 0b4c 1756FFA0 		.ascii	"\027V\377\240`k`D\350\267\320o\232\305\362yTH\250-$"
 448      606B6044 
 448      E8B7D06F 
 448      9AC5F279 
 448      5448A82D 
 449 0b61 CC62FD66 		.ascii	"\314b\375f\2155\310\246\015\012\017\213\264iB\255\201"
 449      8D35C8A6 
 449      0D0A0F8B 
 449      B46942AD 
 449      81
 450 0b72 5F7A8785 		.ascii	"_z\207\205\333\202#\302\377m\024\035\226\214\026\313"
 450      DB8223C2 
 450      FF6D141D 
 450      968C16CB 
 451 0b82 97516141 		.ascii	"\227QaA\026\313\234\367~\277`\236\316\241\3718\235w"
 451      16CB9CF7 
 451      7EBF609E 
 451      CEA1F938 
 451      9D77
 452 0b94 85FCD1C7 		.ascii	"\205\374\321\307\031\013\227\226\205\363\265&\323J\363"
 452      190B9796 
 452      85F3B526 
 452      D34AF3
 453 0ba3 025D5448 		.ascii	"\002]TH\230m\301|\213M\376\330\254Y\272r\261\031/5\231"
 453      986DC17C 
 453      8B4DFED8 
 453      AC59BA72 
 453      B1192F35 
 454 0bb8 354B96AE 		.ascii	"5K\226\2562c\223\311\214\315 \213\315f\374\227\000\023"
 454      326393C9 
 454      8CCD208B 
 454      CD66FC97 
 454      0013
 455 0bca 367DB44A 		.ascii	"6}\264Jc2}`\246\035Y\367y\370\203ef9\000z\256\370\300"
 455      63327D60 
 455      A61D59F7 
 455      79F88365 
 455      6639007A 
 456 0be1 AC095809 		.ascii	"\254\011X\011h\223y>\310<@\376\335\274\350\377\211\355"
 456      6893793E 
 456      C83C40FE 
 456      DDBCE8FF 
 456      89ED
ARM GAS  /tmp/ccRPK4Jg.s 			page 36


 457 0bf3 AA152B21 		.ascii	"\252\025+!\256\221\266\325\304\232\220\325\020\036\237"
 457      AE91B6D5 
 457      C49A90D5 
 457      101E9F
 458 0c02 49C562F3 		.ascii	"I\305b\363\343S\366\225\325f\011b\251\360\232c\026#"
 458      E353F695 
 458      D5660962 
 458      A9F09A63 
 458      1623
 459 0c14 2D81C43F 		.ascii	"-\201\304?K \235b\0072\222D\215\265\2744Y\025\276\206"
 459      4B209D62 
 459      07329244 
 459      8DB5BC34 
 459      5915BE86 
 460 0c28 D54C73D4 		.ascii	"\325Ls\324Xm\256\025_9*\376\013\345\237No"
 460      586DAE15 
 460      5F392AFE 
 460      0BE59F4E 
 460      6F
 461              		.text
 462              		.section	.gnu.lto_.symtab.824930f7e5272584,"e",%progbits
 463 0000 7374496E 		.ascii	"stInit\000"
 463      697400
 464 0007 00       		.ascii	"\000"
 465 0008 00       		.ascii	"\000"
 466 0009 00       		.ascii	"\000"
 467 000a 00000000 		.ascii	"\000\000\000\000\000\000\000\000"
 467      00000000 
 468 0012 D4000000 		.ascii	"\324\000\000\000"
 469 0016 73744765 		.ascii	"stGetCounter\000"
 469      74436F75 
 469      6E746572 
 469      00
 470 0023 00       		.ascii	"\000"
 471 0024 00       		.ascii	"\000"
 472 0025 00       		.ascii	"\000"
 473 0026 00000000 		.ascii	"\000\000\000\000\000\000\000\000"
 473      00000000 
 474 002e D7000000 		.ascii	"\327\000\000\000"
 475 0032 73745374 		.ascii	"stStartAlarm\000"
 475      61727441 
 475      6C61726D 
 475      00
 476 003f 00       		.ascii	"\000"
 477 0040 00       		.ascii	"\000"
 478 0041 00       		.ascii	"\000"
 479 0042 00000000 		.ascii	"\000\000\000\000\000\000\000\000"
 479      00000000 
 480 004a DB000000 		.ascii	"\333\000\000\000"
 481 004e 73745374 		.ascii	"stStopAlarm\000"
 481      6F70416C 
 481      61726D00 
 482 005a 00       		.ascii	"\000"
 483 005b 00       		.ascii	"\000"
 484 005c 00       		.ascii	"\000"
 485 005d 00000000 		.ascii	"\000\000\000\000\000\000\000\000"
 485      00000000 
ARM GAS  /tmp/ccRPK4Jg.s 			page 37


 486 0065 DD000000 		.ascii	"\335\000\000\000"
 487 0069 73745365 		.ascii	"stSetAlarm\000"
 487      74416C61 
 487      726D00
 488 0074 00       		.ascii	"\000"
 489 0075 00       		.ascii	"\000"
 490 0076 00       		.ascii	"\000"
 491 0077 00000000 		.ascii	"\000\000\000\000\000\000\000\000"
 491      00000000 
 492 007f DF000000 		.ascii	"\337\000\000\000"
 493 0083 73744765 		.ascii	"stGetAlarm\000"
 493      74416C61 
 493      726D00
 494 008e 00       		.ascii	"\000"
 495 008f 00       		.ascii	"\000"
 496 0090 00       		.ascii	"\000"
 497 0091 00000000 		.ascii	"\000\000\000\000\000\000\000\000"
 497      00000000 
 498 0099 E1000000 		.ascii	"\341\000\000\000"
 499 009d 73744973 		.ascii	"stIsAlarmActive\000"
 499      416C6172 
 499      6D416374 
 499      69766500 
 500 00ad 00       		.ascii	"\000"
 501 00ae 00       		.ascii	"\000"
 502 00af 00       		.ascii	"\000"
 503 00b0 00000000 		.ascii	"\000\000\000\000\000\000\000\000"
 503      00000000 
 504 00b8 E8000000 		.ascii	"\350\000\000\000"
 505 00bc 73745F6C 		.ascii	"st_lld_init\000"
 505      6C645F69 
 505      6E697400 
 506 00c8 00       		.ascii	"\000"
 507 00c9 02       		.ascii	"\002"
 508 00ca 00       		.ascii	"\000"
 509 00cb 00000000 		.ascii	"\000\000\000\000\000\000\000\000"
 509      00000000 
 510 00d3 EA000000 		.ascii	"\352\000\000\000"
 511 00d7 63685379 		.ascii	"chSysHalt\000"
 511      7348616C 
 511      7400
 512 00e1 00       		.ascii	"\000"
 513 00e2 02       		.ascii	"\002"
 514 00e3 00       		.ascii	"\000"
 515 00e4 00000000 		.ascii	"\000\000\000\000\000\000\000\000"
 515      00000000 
 516 00ec EF000000 		.ascii	"\357\000\000\000"
 517              		.text
 518              		.section	.gnu.lto_.opts,"e",%progbits
 519 0000 272D666E 		.ascii	"'-fno-openmp' '-fno-openacc' '-fno-pie' '-mcpu=cort"
 519      6F2D6F70 
 519      656E6D70 
 519      2720272D 
 519      666E6F2D 
 520 0033 65782D6D 		.ascii	"ex-m4' '-mthumb' '-mfloat-abi=softfp' '-mfpu=fpv4-s"
 520      34272027 
 520      2D6D7468 
ARM GAS  /tmp/ccRPK4Jg.s 			page 38


 520      756D6227 
 520      20272D6D 
 521 0066 702D6431 		.ascii	"p-d16' '-march=armv7e-m+fp' '-O2' '-fstack-usage' '"
 521      36272027 
 521      2D6D6172 
 521      63683D61 
 521      726D7637 
 522 0099 2D666675 		.ascii	"-ffunction-sections' '-fdata-sections' '-fno-common"
 522      6E637469 
 522      6F6E2D73 
 522      65637469 
 522      6F6E7327 
 523 00cc 2720272D 		.ascii	"' '-flto' '-fshort-enums'\000"
 523      666C746F 
 523      2720272D 
 523      6673686F 
 523      72742D65 
 524              		.text
 525              		.comm	__gnu_lto_v1,1,1
 526              		.comm	__gnu_lto_slim,1,1
 527              		.ident	"GCC: (GNU Arm Embedded Toolchain 9-2020-q2-update) 9.3.1 20200408 (release)"
ARM GAS  /tmp/ccRPK4Jg.s 			page 39


DEFINED SYMBOLS
                            *ABS*:0000000000000000 hal_st.c
                            *COM*:0000000000000001 __gnu_lto_v1
                            *COM*:0000000000000001 __gnu_lto_slim

NO UNDEFINED SYMBOLS
