ARM GAS  /tmp/ccAnbutU.s 			page 1


   1              		.cpu cortex-m3
   2              		.eabi_attribute 20, 1
   3              		.eabi_attribute 21, 1
   4              		.eabi_attribute 23, 3
   5              		.eabi_attribute 24, 1
   6              		.eabi_attribute 25, 1
   7              		.eabi_attribute 26, 1
   8              		.eabi_attribute 30, 2
   9              		.eabi_attribute 34, 1
  10              		.eabi_attribute 18, 4
  11              		.file	"aos_time.c"
  12              		.section	.gnu.lto_.profile.9818efa3060888bd,"e",%progbits
  13 0000 789CE360 		.ascii	"x\234\343``\004B \000\000\000]\000\013"
  13      60044220 
  13      0000005D 
  13      000B
  14              		.text
  15              		.section	.gnu.lto_.icf.9818efa3060888bd,"e",%progbits
  16 0000 789CE360 		.ascii	"x\234\343``d\340`@\000F\206\336\251g\25633\000\000\015"
  16      6064E060 
  16      40004686 
  16      DEA967AE 
  16      33330000 
  17 0015 8802DB   		.ascii	"\210\002\333"
  18              		.text
  19              		.section	.gnu.lto_.jmpfuncs.9818efa3060888bd,"e",%progbits
  20 0000 789CE360 		.ascii	"x\234\343``d\320ef`0g\200\000F\006fFFF\366\372\371\314"
  20      6064D065 
  20      66603067 
  20      80004606 
  20      66464646 
  21 0018 0C40CC08 		.ascii	"\014@\314\010\242\231\230\24633N\\sK\257\217y>3\023"
  21      A29998A6 
  21      33334E5C 
  21      734BAF8F 
  21      793E3313 
  22 002c 631DE32E 		.ascii	"c\035\343.Fi\006\306\003,\214u@\314\300\300\301\014"
  22      466906C6 
  22      032C8C75 
  22      40CCC0C0 
  22      C10C
  23 003e 946E6A5E 		.ascii	"\224nj^\277\210\327@o>3\363bf\206\031\314`\223v3\032"
  23      BF88D740 
  23      6F3E33F3 
  23      62668619 
  23      CC609376 
  24 0054 80953100 		.ascii	"\200\2251\000\361\217\377\377\377\3633\202T\3665\277"
  24      F18FFFFF 
  24      FFF33382 
  24      54F635BF 
  25 0064 BFC70132 		.ascii	"\277\307\0012\011(\301\270\207Q\032\204A\342\037\356"
  25      0928C1B8 
  25      87511A84 
  25      41E21FEE 
  26 0074 AFFCC8AE 		.ascii	"\257\374\310\256\3108\277a\206\302|fV\006\306\275\214"
  26      C838BF61 
  26      86C27C66 
ARM GAS  /tmp/ccAnbutU.s 			page 2


  26      5606C6BD 
  26      8C
  27 0085 8A70DD7F 		.ascii	"\212p\335\177 \272\221\225\277~xv\013\207\242,D9\033"
  27      20BA9195 
  27      BF7E7876 
  27      0B87A22C 
  27      44391B
  28 0098 03E33EDC 		.ascii	"\003\343>\334\312A\316\377\367q\367<N\220\255\354\214"
  28      CA41CEFF 
  28      F771F73C 
  28      4E90ADEC 
  28      8C
  29 00a9 871918F7 		.ascii	"\207\031\030\367C=p\230\001\213\0178\300>\000\0123\000"
  29      433D7098 
  29      018B0F38 
  29      C03E000A 
  29      3300
  30 00bb 45379F9B 		.ascii	"E7\237\233}\207\015$\312\311x\200\321`\0063\023\310"
  30      7D870D24 
  30      CAC97880 
  30      D1600633 
  30      13C8
  31 00cd 6307A11E 		.ascii	"c\007\241\036cAx\014\237O\016\221\346\223\303x|\202"
  31      6341780C 
  31      9F4F0E91 
  31      E693C378 
  31      7C82
  32 00df EE722626 		.ascii	"\356r&&b#\343\010fd\340s\363Q\322\334|\014\177\350/"
  32      6223E308 
  32      6664E073 
  32      F351D2DC 
  32      7C0C7FE8 
  33 00f4 6E393899 		.ascii	"n98\231\007\022\372\207\030\030\217C]|\210\224\320?"
  33      0712FA87 
  33      18188F43 
  33      5D7C8894 
  33      D03F
  34 0106 010FFD93 		.ascii	"\001\017\375\223\244\205\376)\322|r\032_\350\243\271"
  34      A485FE29 
  34      D27C721A 
  34      5FE8A3B9 
  35 0116 9C415AB5 		.ascii	"\234AZ\265XC\265T\323J!1\277\330%)\3359#59[!-13'5\205"
  35      5843B554 
  35      D34A2131 
  35      BFD82529 
  35      DD392335 
  36 0133 414A4F4F 		.ascii	"AJOO\037\210\222\363\213R\365\213\213\222\365\201J\342"
  36      1F8892F3 
  36      8B52F58B 
  36      8B92F581 
  36      4AE2
  37 0145 4B327353 		.ascii	"K2sS\365\222\031\000\323I\365Z"
  37      F5921900 
  37      D349F55A 
  38              		.text
  39              		.section	.gnu.lto_.inline.9818efa3060888bd,"e",%progbits
  40 0000 789C7D8E 		.ascii	"x\234}\216=\012\302P\020\204g\366\031Y\374\343\3656"
ARM GAS  /tmp/ccAnbutU.s 			page 3


  40      3D0AC250 
  40      108467F6 
  40      1959FCE3 
  40      F536
  41 0012 39427A1B 		.ascii	"9Bz\033\317\242Q,\024<\302\006\313\200\255e@\360\022"
  41      CFA2512C 
  41      143CC206 
  41      CB80AD65 
  41      40F012
  42 0025 6A61E7B5 		.ascii	"ja\347\265\334\367\004\323\271\305\316\307\314\024\243"
  42      DCF704D3 
  42      B9C5CEC7 
  42      CC14A3
  43 0034 20DEE88F 		.ascii	" \336\350\217\300\2421{\206\035\013\352\341\022xk\257"
  43      C0A2317B 
  43      861D0BEA 
  43      E112786B 
  43      AF
  44 0045 8FE93974 		.ascii	"\217\3519t\201\024\3369\007u\237\025\321\313T\177\222"
  44      8114DE39 
  44      07759F15 
  44      D1CB547F 
  44      92
  45 0056 48272733 		.ascii	"H''3\01350t5\251\005\362E\367\"b6\267(!M\242\225\242"
  45      0B353074 
  45      35A905F2 
  45      45F72262 
  45      36B72821 
  46 006e 548C1C5F 		.ascii	"T\214\034_\262\301\022\222\3635\252_\363\230\366\310"
  46      B2C11292 
  46      F335AA5F 
  46      F398F6C8 
  47 007e 388F2A66 		.ascii	"8\217*f.\203d\364\364'\302\007\005i p"
  47      2E8364F4 
  47      F427C207 
  47      05692070 
  48              		.text
  49              		.section	.gnu.lto_.pureconst.9818efa3060888bd,"e",%progbits
  50 0000 789CE360 		.ascii	"x\234\343``d`a`\000\2223X\000\001\316\000\253"
  50      60646061 
  50      60009233 
  50      580001CE 
  50      00AB
  51              		.text
  52              		.section	.gnu.lto_aosTimeDayOfWeekFromDate.9818efa3060888bd,"e",%progbits
  53 0000 789C8D56 		.ascii	"x\234\215V\333W\224U\024?\373;\337\334o\210 *\326\202"
  53      DB579455 
  53      143FFB3B 
  53      DFDC6F88 
  53      202AD682 
  54 0014 87115143 		.ascii	"\207\021QCJ\237zj-{\251\036\372\023Z\204\224\2562Wj"
  54      4A9F7A6A 
  54      2D7BA91E 
  54      FA135A84 
  54      94AE3257 
  55 0029 6BE54B7E 		.ascii	"k\345K~\014\343 \202@\"\312\250\210J\224t1]x\007m\220"
  55      0CE32082 
ARM GAS  /tmp/ccAnbutU.s 			page 4


  55      4022CAA8 
  55      884A9474 
  55      315D7807 
  56 003f 34115142 		.ascii	"4\021QB@E\021E\274!\250\204\267\024\241}.\337\314\240"
  56      40451145 
  56      BC21A884 
  56      B714A17D 
  56      2EDFCCA0 
  57 0053 388DCBD9 		.ascii	"8\215\313\331\234o\357\337o\237}~g\357o\306L\200|\340"
  57      9C6FEFDF 
  57      6F9F7D7E 
  57      67EF6FC6 
  57      4C807CE0 
  58 0067 20E46342 		.ascii	" \344cBH\033~ \206\200\242i\332{\246l\263\242P\\%\251"
  58      481B7E20 
  58      8680A269 
  58      DA7BA66C 
  58      B3A2505C 
  59 007d 9AD524FE 		.ascii	"\232\325$\376\332\251\242\366W^\213G\217a\375\345\255"
  59      DAA9A2F6 
  59      575E8B47 
  59      8F61FDE5 
  59      AD
  60 008e 33D1A382 		.ascii	"3\321\243\202Q\242\015\301\225\021LreR\3142\203]f0+"
  60      51A20DC1 
  60      95114C72 
  60      6552CC32 
  60      835D6630 
  61 00a3 1699C12A 		.ascii	"\026\231\301*3X\300&\321\326\340\312\006v\271\262+\016"
  61      3358C026 
  61      D1D6E0CA 
  61      0676B9B2 
  61      2B0E
  62 00b5 99C12933 		.ascii	"\231\301)38\300%c\316\340\312\005\300W\232\031\310J"
  62      38C02563 
  62      CEE0CA05 
  62      C0579A19 
  62      C84A
  63 00c7 85AA06A3 		.ascii	"\205\252\006\243\311l\261\332\354\016\247\013VB\021"
  63      C96CB1DA 
  63      EC0EA70B 
  63      564211
  64 00d6 DD48A134 		.ascii	"\335H\2414\257\366\274#\365'M\363h\201\215\305F\377"
  64      AFF6BC23 
  64      F5274DF3 
  64      68818DC5 
  64      46FF
  65 00e8 EE168D56 		.ascii	"\356\026\215VPB\374\224\300\334DHO$\354\037\034\206"
  65      5042FC94 
  65      C0DC4448 
  65      4F24EC1F 
  65      1C86
  66 00fa 5404FB8E 		.ascii	"T\004\373\216\027\327:\0121\016\240\340\343\366\366"
  66      17D73A0A 
  66      310EA0E0 
  66      E3F6F6
  67 0109 160FB047 		.ascii	"\026\017\260G\005b\360q\260\377\352E\023}\003\010\256"
ARM GAS  /tmp/ccAnbutU.s 			page 5


  67      0562F071 
  67      B0FFEA45 
  67      137D0308 
  67      AE
  68 011a AFDFD4EE 		.ascii	"\257\337\324\356\332R\252\264bL{z\003\325\342*(\205"
  68      DA52AAB4 
  68      624C7B7A 
  68      03D5E22A 
  68      2885
  69 012c 234059DA 		.ascii	"#@Y\332:H\204Z\300\304\350\303\324G!\005\011\353\032"
  69      3A48845A 
  69      C0C4E8C3 
  69      D4472105 
  69      09EB1A
  70 013f 86CED969 		.ascii	"\206\316\331i2'7\226T\326*\222\334;\271L\013@\005U\341"
  70      32273796 
  70      54D62A92 
  70      DC3BB94C 
  70      0B400555 
  71 0154 0FC19645 		.ascii	"\017\301\226E\241\007\271\001\316\335t\240\272\031h"
  71      A107B901 
  71      CEDD74A0 
  71      BA1968
  72 0163 0AE7AEDD 		.ascii	"\012\347\256\335\277\355\211\316mK\364k\001\205\355"
  72      BFED89CE 
  72      6D4BF46B 
  72      0185ED
  73 0172 5C3FEECE 		.ascii	"\\?\356\316\307 \2050\316\025O\371S\2738\226\212\217"
  73      C7208530 
  73      CE154FF9 
  73      53BB3896 
  73      8A8F
  74 0184 EB4FED6D 		.ascii	"\353O\355m\264\212c%\341\343\231\241\274R\033\235\315"
  74      B48A6325 
  74      E1E399A1 
  74      BC521B9D 
  74      CD
  75 0195 B3D7D53F 		.ascii	"\263\327\325?|frW\362\354\217\375q;r\264\223\232ZA\015"
  75      7C667257 
  75      F2EC8FFD 
  75      713B72B4 
  75      939A5A41 
  76 01aa 705C6CF0 		.ascii	"p\\l\360'n\320\000B3\206/-\251;k\241i\234\273\247\250"
  76      276ED000 
  76      4233862F 
  76      2DA93B6B 
  76      A1699CBB 
  77 01c0 67C02AB9 		.ascii	"g\300*\271=S6i\001o\022c\3765>\263\251\376\271\327D"
  77      3D533669 
  77      016F1263 
  77      FE353EB3 
  77      A9FEB9D7 
  78 01d5 D339F3E7 		.ascii	"\3239\363\347\256\332|\233dv\206\230\215\3433\037vo"
  78      AEDA7C9B 
  78      64768698 
  78      8DE3331F 
  78      766F
ARM GAS  /tmp/ccAnbutU.s 			page 6


  79 01e7 F628F41D 		.ascii	"\366(\364\035\316<wf\363\220*\231\247B\314\246\361\231"
  79      CE3C7766 
  79      F3902A99 
  79      A742CCA6 
  79      F199
  80 01f9 3D7B464A 		.ascii	"={FJ\035F\025N\203\033N\341\347$~N\200\233\365\002\353"
  80      1D46154E 
  80      831B4EE1 
  80      E7247E4E 
  80      809BF502 
  81 020e 816630E2 		.ascii	"\201f0\342T\220W\342\277\267\032\002\332\310h\256\026"
  81      549057E2 
  81      BFB71A02 
  81      DAC868AE 
  81      16
  82 021f 3833797B 		.ascii	"83y{\225\343-@y\215\012\032\023EcV\331\312\200\306b"
  82      95E32D40 
  82      798D0A1A 
  82      13456356 
  82      D9CA80C6 
  83 0234 64C6C4A2 		.ascii	"d\306\304\242ff,h\254Vfl\314\330\231q0\343d\306\305"
  83      66662C68 
  83      AC56666C 
  83      CCD89971 
  83      30E364C6 
  84 0249 4C0C3313 		.ascii	"L\0143\023\230\211ef\"3q\314\30433\211\245O@c\230\006"
  84      98896566 
  84      223371CC 
  84      C4333389 
  84      A54F4063 
  85 025f AC8D9281 		.ascii	"\254\215\222\2015\204\233\260\002\2473w\01233\200]t"
  85      35849BB0 
  85      02A73377 
  85      0A333380 
  85      5D74
  86 0271 2A6125CF 		.ascii	"*a%\317$\254\350Y\204\225=\233\260>'\371\224\340\214"
  86      24ACE859 
  86      84953D9B 
  86      B03E27F9 
  86      94E08C
  87 0284 682A6801 		.ascii	"h*h\001B\012\250\"\036\262\361\241\017r\266\370~\333"
  87      420AA822 
  87      1EB2F1A1 
  87      0F72B6F8 
  87      7EDB
  88 0296 6367072F 		.ascii	"cg\007/\247PN\247\241F\327~\354\233\307z\203\302\350"
  88      A7504EA7 
  88      A146D77E 
  88      EC9BC77A 
  88      83C2E8
  89 02a9 28F606AA 		.ascii	"(\366\006\252w\003\274]\363%\006\001m\332\255\021\233"
  89      7703BC5D 
  89      F3250601 
  89      6DDAAD11 
  89      9B
  90 02ba 40BC0967 		.ascii	"@\274\011g\245\272\005\224fc^\205\345\205>\360\324Y"
  90      A5BA0594 
ARM GAS  /tmp/ccAnbutU.s 			page 7


  90      66635E85 
  90      E5853EF0 
  90      D459
  91 02cc 04814D51 		.ascii	"\004\201MQa\316\375+fF\260\361++\337yz\324\342\005O"
  91      61CEFD2B 
  91      6646B0F1 
  91      2B2BDF79 
  91      7AD4E205 
  92 02e1 B6193D95 		.ascii	"\266\031=\225T\334L\307\245\023-P\005\2258\010v\370"
  92      54DC4CC7 
  92      A5132D50 
  92      05953808 
  92      76F8
  93 02f3 1BBC002D 		.ascii	"\033\274\000-,3F\016\257[\275\333\230\276\213U\215W"
  93      2C33460E 
  93      AF5BBDDB 
  93      98BE8B55 
  93      8D57
  94 0305 EB805684 		.ascii	"\353\200V\204\225Qy\241\336\333\325\235\326`\320\011"
  94      955179A1 
  94      DEDBD59D 
  94      D660D009 
  95 0315 E720BD8C 		.ascii	"\347 \275\214\002\273\3136Hg\205w\317\017\325Q\225\277"
  95      02BBCB36 
  95      48678577 
  95      CF0FD551 
  95      95BF
  96 0327 430CB713 		.ascii	"C\014\267\023\024h\017\026\256\356*Zu\236\260\302\225"
  96      14680F16 
  96      AEEE2A5A 
  96      759EB0C2 
  96      95
  97 0338 7EC84DE2 		.ascii	"~\310M\342]\360R\231.?K\012\035XWt'8\037\351\004\027"
  97      5DF05299 
  97      2E3F4B0A 
  97      1D585774 
  97      27381FE9 
  98 034e 5E7F8218 		.ascii	"^\177\202\030\270\310N\240\210X}{g\011e\373\254\346"
  98      B8C84EA0 
  98      88587D7B 
  98      670965FB 
  98      ACE6
  99 0360 C109D009 		.ascii	"\301\011\320\011\351\242I/a~\004<\350\256\0364%\317"
  99      E9A2492F 
  99      617E043C 
  99      E8AE1E34 
  99      25CF
 100 0372 ABD0CA30 		.ascii	"\253\320\3120\034\313\337,;\2336\360\322\3128e\"\\\206"
 100      1CCBDF2C 
 100      3B9B36F0 
 100      D2CA3865 
 100      225C86
 101 0385 6441E912 		.ascii	"dA\351\022\224\273\327\232\367\232\223\025A\211\343"
 101      94BBD79A 
 101      F79A9315 
 101      4189E3
 102 0394 85B7F765 		.ascii	"\205\267\367e\233C\224x\270\242S\272\005\245\322[_\302"
ARM GAS  /tmp/ccAnbutU.s 			page 8


 102      9B439478 
 102      B8A253BA 
 102      05A5D25B 
 102      5FC2
 103 03a6 DF1E1638 		.ascii	"\337\036\0268F\340*$V\320I\\9C\353\203g;\201)G\377G"
 103      46E02A24 
 103      56D0495C 
 103      3943EB83 
 103      673B8129 
 104 03bd B96B512B 		.ascii	"\271kQ+\327\363z\345\022\340:WN\322\216\255\361uXC\352"
 104      D7F37AE5 
 104      12E03A57 
 104      4ED28EAD 
 104      F1755843 
 105 03d2 4C865E5D 		.ascii	"L\206^]\235\033Q\253sS?\352\255\250\325\271\255S\356"
 105      9D1B51AB 
 105      73533FEA 
 105      ADA8D5B9 
 105      AD53EE
 106 03e5 B04AC3D4 		.ascii	"\260J\303\3240\006\007\300\320\017\336q\325\230\342"
 106      300607C0 
 106      D00FDE71 
 106      D598E2
 107 03f4 67578BF3 		.ascii	"gW\213\363!\324\370\376\327\3164\246\353T\370\016\356"
 107      21D4F8FE 
 107      D7CE34A6 
 107      EB54F80E 
 107      EE
 108 0405 B244893C 		.ascii	"\262D\211<\221\351\245\011\335\367\266\350aZN\223\221"
 108      91E9A509 
 108      DDF7B6E8 
 108      615A4E93 
 108      91
 109 0416 F5E2E42F 		.ascii	"\365\342\344/\235\374\355\255\302(@\377\330\001e\337"
 109      9DFCEDAD 
 109      C22840FF 
 109      D80165DF 
 110 0426 7835BDAD 		.ascii	"x5\275\255\353\215\002`\203\201`\237\233\307\035P5\252"
 110      EB8D0260 
 110      8381609F 
 110      9BC71D50 
 110      35AA
 111 0438 5BB917A9 		.ascii	"[\271\027\251\237\357G\232\310\007\301\211\034\034;"
 111      9FEF479A 
 111      C807C189 
 111      1C1C3B
 112 0447 916AD808 		.ascii	"\221j\330\010Z\242\036\301\177\242n\244\241H%?\2144"
 112      5AA21EC1 
 112      7FA26EA4 
 112      A148253F 
 112      8C34
 113 0459 828F228D 		.ascii	"\202\217\"\215\340c\275\311\236D\335dO\365\216\3717"
 113      E063BDC9 
 113      9E44DD64 
 113      4FF58EF9 
 113      37
 114 046a EA267BA6 		.ascii	"\352&{\246S\236\013\312\310`\355V\213\030\301\006\002"
ARM GAS  /tmp/ccAnbutU.s 			page 9


 114      539E0BCA 
 114      C860ED56 
 114      8B18C106 
 114      02
 115 047b C3A1A6B3 		.ascii	"\303\241\246\263F=\202/\242Vn$\322\010\216F\034AM\221"
 115      463D822F 
 115      A2566E24 
 115      D2088E46 
 115      1C414D91 
 116 048f EA642BD1 		.ascii	"\352d+\321\252\343Q\344Qs\224h\325\361\352\224UH\011"
 116      AAE351E4 
 116      51739468 
 116      D5F1EA94 
 116      554809
 117 04a2 57C316F5 		.ascii	"W\303\026\365\010\372\220I\302\207\316\036>t\236\341"
 117      08FA9049 
 117      C287CE1E 
 117      3E749EE1 
 118 04b2 DCF21A94 		.ascii	"\334\362\032\224\2257\252\033\277\027\371\2105t\370"
 118      9537AA1B 
 118      BF17F988 
 118      3574F8
 119 04c1 F74B5F72 		.ascii	"\367K_r\370\327\211\212_'\271\212\336\313\2161c6\234"
 119      F8D7898A 
 119      5F27B98A 
 119      DECB8E31 
 119      63369C
 120 04d4 2B192948 		.ascii	"+\031)H\342qg0\256\360\370!\207\000\030\030\200\317"
 120      E2716730 
 120      AEF0F821 
 120      87001818 
 120      80CF
 121 04e6 BB64301F 		.ascii	"\273d0\037nS\375\250p\263U\\\275\035V\3436\202e\023"
 121      6E53FDA8 
 121      70B3555C 
 121      BD1D56E3 
 121      36826513 
 122 04fa A0E988E3 		.ascii	"\240\351\210\343i]\301\372UL\322\342;R\323/\363\230"
 122      695DC1FA 
 122      554CD2E2 
 122      3B52D32F 
 122      F398
 123 050c CAE90CCC 		.ascii	"\312\351\014\314s\241th\230\3471B/\201<=Q\265A\240R"
 123      73A17468 
 123      98E73142 
 123      2F813C3D 
 123      51B541A0 
 124 0521 11C8B63F 		.ascii	"\021\310\266?\350k\0162\315\310|\0259\023\003\242\320"
 124      E86B0E32 
 124      CDC87C15 
 124      391303A2 
 124      D0
 125 0532 819A6D8A 		.ascii	"\201\232m\212\360Y\312i\002\356q\264\240\245\211\262"
 125      F059CA69 
 125      02EE71B4 
 125      A0A589B2 
 126 0542 3DAC00B0 		.ascii	"=\254\000\260\206\023sv\353\347\261\"\0141\007N\334"
ARM GAS  /tmp/ccAnbutU.s 			page 10


 126      86137376 
 126      EBE7B122 
 126      0C31074E 
 126      DC
 127 0553 AEB20B8C 		.ascii	"\256\262\013\214\003\362\005\346\240O?\217\015q\354"
 127      03F205E6 
 127      A04F3F8F 
 127      0D71EC
 128 0562 CABB2AB7 		.ascii	"\312\273*\267\201\000\031\240@\200\266\370\374&\001"
 128      810019A0 
 128      4080B6F8 
 128      FC2601
 129 0571 B2739C5B 		.ascii	"\262s\234[8\363\244~\016\356Oe\316a\237\337%\234N\364"
 129      38F3A47E 
 129      0EEE4F65 
 129      CE619FDF 
 129      259C4EF4 
 130 0585 84FFACB7 		.ascii	"\204\377\254\267\340U\255\325\3235J\246\213\223\235"
 130      E055ADD5 
 130      D3354AA6 
 130      8B939D
 131 0594 827948BE 		.ascii	"\202yH\276lc\360\240!\350\035\231o\002G\307\210s]\234"
 131      6C63F0A0 
 131      21E81D99 
 131      6F0247C7 
 131      88735D9C 
 132 05a8 2B9CB108 		.ascii	"+\234\261\010\015\337\304\212\233\024\012\346V_\236"
 132      0DDFC48A 
 132      9B140AE6 
 132      565F9E
 133 05b7 044DE4E4 		.ascii	"\004M\344\344X\302/G\227r\026\372\221y\325\377\303\006"
 133      58C22F47 
 133      977216FA 
 133      9179D5FF 
 133      C306
 134 05c9 A3609AA0 		.ascii	"\243`\232\240H\337s\355\276o\005*\016\201\272\010-\276"
 134      48DF73ED 
 134      BE6F052A 
 134      0E81BA08 
 134      2DBE
 135 05db 43921B8F 		.ascii	"C\222\033\217\001\011\306\313\311\223\322L\302\300\230"
 135      0109C6CB 
 135      C993D24C 
 135      C2C098
 136 05ea 2E9A8D3E 		.ascii	".\232\215>\334b\177\336@5\177\201\020\274\231bd\335"
 136      DC627FDE 
 136      40357F81 
 136      10BC9962 
 136      64DD
 137 05fc 034F9244 		.ascii	"\003O\222D`\377<\206\004lQG\347\315\013\330\206\323"
 137      60FF3C86 
 137      046C5147 
 137      E7CD0BD8 
 137      86D3
 138 060e 9D0AFE68 		.ascii	"\235\012\376h\204\320\217FB\246\246\245\315\301\377"
 138      84D08F46 
 138      42A6A6A5 
ARM GAS  /tmp/ccAnbutU.s 			page 11


 138      CDC1FF
 139 061d 994B9666 		.ascii	"\231K\226f\315Y\2664sN\306\222e\237,_\2648+-\223\320"
 139      CD59B634 
 139      734EC692 
 139      659F2C5F 
 139      B4382B2D 
 140 0633 05192B0C 		.ascii	"\005\031+\014\213\227|\265|\241\272\"+c),\204\017\341"
 140      8B977CB5 
 140      7CA1BA22 
 140      2B63292C 
 140      840FE1
 141 0646 23F83AD1 		.ascii	"#\370:\321\275l\206\373\233\324w\223\020\372\376\247"
 141      BD6C86FB 
 141      9BD47793 
 141      10FAFEA7 
 142 0656 9FCF5F98 		.ascii	"\237\317_\230\225\371E\322g\031\213\276\314Z@\376\003"
 142      95F945D2 
 142      67198BBE 
 142      CC5A40FE 
 142      03
 143 0667 93CC4C95 		.ascii	"\223\314L\225"
 144              		.text
 145              		.section	.gnu.lto_.symbol_nodes.9818efa3060888bd,"e",%progbits
 146 0000 789CE360 		.ascii	"x\234\343``d\230\315\000\004L\023\230\352\031\032\200"
 146      606498CD 
 146      00044C13 
 146      98EA191A 
 146      80
 147 0011 808571C2 		.ascii	"\200\205q\3029\006\206z\006\206]\015\216@I `\235\310"
 147      3906867A 
 147      06865D0D 
 147      8E404920 
 147      609DC8
 148 0024 C4A000A4 		.ascii	"\304\240\000\244\031'3\3253\376\207\002y\2602\006\240"
 148      192733D5 
 148      33FE8702 
 148      79B03206 
 148      A0
 149 0035 1607A0CC 		.ascii	"\026\007\240\314$\246z&\2542\314\014\314\353\372[\257"
 149      24A67A26 
 149      AC32CC0C 
 149      CCEBFA5B 
 149      AF
 150 0046 33302E61 		.ascii	"30.a\0042/}\370\265\202\221\361\010\220\311\324\010"
 150      04322F7D 
 150      F8B58291 
 150      F10890C9 
 150      D408
 151 0058 B48A89F1 		.ascii	"\264\212\211\361\011#\\A\013;\\\301\022v\270\202#\354"
 151      09235C41 
 151      0B3B5CC1 
 151      1276B882 
 151      23EC
 152 006a 0C00FA56 		.ascii	"\014\000\372V3\340"
 152      33E0
 153              		.text
 154              		.section	.gnu.lto_.refs.9818efa3060888bd,"e",%progbits
ARM GAS  /tmp/ccAnbutU.s 			page 12


 155 0000 789C05C1 		.ascii	"x\234\005\301\301\015\000 \014\304\260\344**\204\350"
 155      C10D0020 
 155      0CC4B0E4 
 155      2A2A84E8 
 156 0010 93FD57C5 		.ascii	"\223\375W\305\336\310\003\032\254\270b\343\2117\016"
 156      DEC8031A 
 156      ACB862E3 
 156      89370E
 157 001f 1F059B00 		.ascii	"\037\005\233\000d"
 157      64
 158              		.text
 159              		.section	.gnu.lto_.decls.9818efa3060888bd,"e",%progbits
 160 0000 789C9D3A 		.ascii	"x\234\235:\013PT\331\225}\3736M\323\3200\203fb\242\233"
 160      0B5054D9 
 160      957DFB36 
 160      4DD3D030 
 160      836662A2 
 161 0015 4AA54C66 		.ascii	"J\245Lfv\267Ff2\251|\266\266\266\222Mv\223T\355\356"
 161      76B74666 
 161      32A97CB6 
 161      B6B6924D 
 161      769354ED 
 162 002a 6CD5CC6E 		.ascii	"l\325\314n*\251\335\"\010\255\220\341c\272[\243[\273"
 162      2AA9DD22 
 162      08AD90E1 
 162      63BA5BA3 
 162      5BBB
 163 003c 9546908F 		.ascii	"\225F\220\217\002\202\242\374\177\212\010\"?AD\004E"
 163      0282A2FC 
 163      7F8A0822 
 163      3F414404 
 163      45
 164 004d 41BE0AF8 		.ascii	"A\276\012\370C>\202\200\210\240\002*\202\240\002{\356"
 164      433E8280 
 164      88A0022A 
 164      82A0027B 
 164      EE
 165 005e 3DB7E9F7 		.ascii	"=\267\351\367\350\327\223T\230\271\366;\357\235\377"
 165      E8D79354 
 165      98B9F63B 
 165      EF9DFF
 166 006d 39F7DC73 		.ascii	"9\367\334s\357{:\025Q\215nQ\251NhU\252\015D\245Z\201"
 166      EF7B3A15 
 166      518D6E51 
 166      A94E6855 
 166      AA0D44A5 
 167 0083 3FB54AA5 		.ascii	"?\265J\245\272\001C\017\3432\214\2530\340\261\252\037"
 167      BA01430F 
 167      E3328CAB 
 167      30E0B1AA 
 167      1F
 168 0094 C6008C31 		.ascii	"\306\000\2141\030\0230~\003\3431\320\374/\014\312\360"
 168      1813307E 
 168      03E331D0 
 168      FC2F0CCA 
 168      F0
 169 00a5 81D00DC6 		.ascii	"\201\320\015\306#\001\277\007\327\337\200\361>\014\270"
ARM GAS  /tmp/ccAnbutU.s 			page 13


 169      2301BF07 
 169      D7DF80F1 
 169      3E0CB8
 170 00b4 A5FA5BC6 		.ascii	"\245\372[\306X\362\367\241F\245\332\004\277\231\360"
 170      58F2F7A1 
 170      46A5DA04 
 170      BF99F0
 171 00c3 D01B7ED7 		.ascii	"\320\033~\327K\344}\010\270\337\201\337\030\2028L\326"
 171      4BE47D08 
 171      B8DF81DF 
 171      1882384C 
 171      D6
 172 00d4 FB30B6C0 		.ascii	"\3730\266\300\375\277Q\243\334\3750|\324(\377#5\352"
 172      FDBF51A3 
 172      DCFD307C 
 172      D428FF23 
 172      35EA
 173 00e6 F5B11A75 		.ascii	"\365\261\032u\373.\243W\333u\376D\2156\374\025\374\202"
 173      FB2EA357 
 173      DB75FE44 
 173      8D36FC15 
 173      FC82
 174 00f8 58AEE704 		.ascii	"X\256\347\004A]\231\3366}\337\027:+\351\233B\311\361"
 174      415D99DE 
 174      367DDF17 
 174      3A2BE99B 
 174      42C9F1
 175 010b B325855E 		.ascii	"\263%\205^\011\224|GOVV(\334h\231\231\272M\360\006{"
 175      09947C47 
 175      4F565628 
 175      DC689999 
 175      BA4DF006 
 176 0120 1EF9B632 		.ascii	"\036\371\2662WM\325\374\272\2601v\334\313\247\304\212"
 176      574DD5FC 
 176      BAB03176 
 176      DCCBA7C4 
 176      8A
 177 0131 7FBABF57 		.ascii	"\177\272\277W\221:B\355\254.&\015\214\353\351\2679j"
 177      913A42ED 
 177      AC2E260D 
 177      8CEBE9B7 
 177      396A
 178 0143 D4D5C40B 		.ascii	"\324\325\304\013\006\340\342\255'j\000\363\356t\357"
 178      06E0E2AD 
 178      276A00F3 
 178      EE74EF
 179 0152 654CD7EB 		.ascii	"eL\327\353\311;\000\306\026\365f\022}\214\325\272\327"
 179      C93B00C6 
 179      16F56612 
 179      7D8CD5BA 
 179      D7
 180 0163 9A1811E9 		.ascii	"\232\030\021\351\362\201\2124\220\215\344\022\331\250"
 180      F2818A34 
 180      908DE412 
 180      D9A8
 181 0171 22170917 		.ascii	"\"\027\011\027]O|\310\005\270W\313\356]&z j\030\216"
 181      5D4F7CC8 
ARM GAS  /tmp/ccAnbutU.s 			page 14


 181      05B857CB 
 181      EE5D267A 
 181      206A188E 
 182 0185 5FA4C063 		.ascii	"_\244\300c\023hJ$\212nBE\213r\012\233\014t\013^\347"
 182      13684A24 
 182      8A6E4245 
 182      8B720A9B 
 182      0C740B5E 
 183 019a 375E7347 		.ascii	"7^sG\376\326\343\221t\203\212|\262\221|\004\234\232"
 183      FED6E391 
 183      74838A7C 
 183      B2917C04 
 183      9C9A
 184 01ac 08C767DC 		.ascii	"\010\307g\334\033\201\373\025\306\375*\347\236\334^"
 184      1B81FB15 
 184      C6FD2AE7 
 184      9EDC5E
 185 01bb D5A6470D 		.ascii	"\325\246G\015\277\011\340\320\336\254\005\017\324_\003"
 185      BF09E0D0 
 185      DEAC050F 
 185      D45F03
 186 01ca 60D24AFE 		.ascii	"`\322J\376m7\372}\316\374l}\376q-\375;~}z\260\351\240"
 186      6D37FA7D 
 186      CEFC6C7D 
 186      FE712DFD 
 186      3B7E7D7A 
 187 01e1 6E5D92F0 		.ascii	"n]\222\360\210\2250'\253H\033Hi'\353\230\030\341\232"
 187      88953027 
 187      AB481B48 
 187      6927EB98 
 187      18E19A
 188 01f4 F2A69CDA 		.ascii	"\362\246\234\332U\274H\347xq\023\331y\006\217\375L\361"
 188      55BC48E7 
 188      787113D9 
 188      79068FFD 
 188      4CF1
 189 0206 DC08ABDB 		.ascii	"\334\010\253\333/H\007<n\006M[@S\025\271F<\020\257\247"
 189      2F48073C 
 189      6E064D5B 
 189      405315B9 
 189      463C10AF 
 190 021b 6838C183 		.ascii	"h8\301\203\376\202\353pi\345\350%\015\252\252\003\360"
 190      FE82EB70 
 190      69E5E825 
 190      0DAAAA03 
 190      F0
 191 022c C8A9CB6F 		.ascii	"\310\251\313o=\320\220\006\256\342\275\306!-\375\234"
 191      3DD09006 
 191      AEE2BDC6 
 191      212DFD9C 
 192 023c A356BFAC 		.ascii	"\243V\277\254*p\241\377\305\257_\23794\354\346\240\372"
 192      2A70A1FF 
 192      C5AF5F9F 
 192      3934ECE6 
 192      A0FA
 193 024e 0D50E9A6 		.ascii	"\015P\351\246L\245\204\212\2327n\364w\234f!\177\332"
 193      4CA5848A 
ARM GAS  /tmp/ccAnbutU.s 			page 15


 193      9A376EF4 
 193      779C6621 
 193      7FDA
 194 0260 AA75A0B9 		.ascii	"\252u\240\271\345@\363&\273\344\274\314\214\33323\356"
 194      E540F326 
 194      BBE4BCCC 
 194      8CDB3233 
 194      EE
 195 0271 0833686D 		.ascii	"\0103hmqM\207\007\331\274n\3631\206\332\260\222\375"
 195      714D8707 
 195      D9BC6EF3 
 195      3186DAB0 
 195      92FD
 196 0283 51C9F284 		.ascii	"Q\311\362\204\325zh\003\263\224\264\002\337\2732B\037"
 196      D57A6803 
 196      B394B402 
 196      DFBB3242 
 196      1F
 197 0294 F6CFC7F0 		.ascii	"\366\317\307\360\017W!\221\251\240Q\221.x\336\311\""
 197      0F572191 
 197      A9A05191 
 197      2E78DEC9 
 197      22
 198 02a5 795D10B0 		.ascii	"y]\020\260\360\366\220\315\244\227lf\012!\363\351\022"
 198      F0F690CD 
 198      A4976C66 
 198      0A21F3E9 
 198      12
 199 02b6 6DBAB521 		.ascii	"m\272\265!R\313\244\223ne\326\315\354\022\364?\034\375"
 199      52CBA493 
 199      6E65D6CD 
 199      EC12F43F 
 199      1CFD
 200 02c8 E49C3B3D 		.ascii	"\344\234;=J\270\321\367\006\372\206\350:e\211}\312\022"
 200      4AB8D1F7 
 200      06FA86E8 
 200      3A65897D 
 200      CA12
 201 02da 493F5907 		.ascii	"I?Y\007\224\361/\352c\275\244n\350\227\211\034\340n"
 201      94F12FEA 
 201      63BDA46E 
 201      E897891C 
 201      E06E
 202 02ec 603F809B 		.ascii	"`?\200\233\323zoH\207Q\374:\200\363\323]\203^,\203\255"
 202      D37A6F48 
 202      8751FC3A 
 202      80F3D35D 
 202      835E2C83 
 203 0301 8214EEDB 		.ascii	"\202\024\356\333)\007\211\236iL\356\001\004\310c\005"
 203      2907899E 
 203      694CEE01 
 203      04C86305 
 204 0311 ED7B9074 		.ascii	"\355{\220t#K\200\364\270\026\003&@/\233'w\026\352_{"
 204      234B80F4 
 204      B8160326 
 204      402F9B27 
 204      7716EA5F 
ARM GAS  /tmp/ccAnbutU.s 			page 16


 205 0326 D03C6E0C 		.ascii	"\320<n\014\015\337\377\272\217\022\375F\002\274\210"
 205      0DDFFFBA 
 205      8F12FD46 
 205      02BC88
 206 0335 982056C9 		.ascii	"\230 V\311\004\031\006\203F\030\367Q@x\000\354\323\254"
 206      04190683 
 206      4618F751 
 206      407800EC 
 206      D3AC
 207 0347 3A7E23CD 		.ascii	":~#\315\012\330\317\376\310\257\201\351\323\201\310"
 207      0AD8CFFE 
 207      C8AF81E9 
 207      D381C8
 208 0356 26E29D28 		.ascii	"&\342\235(\234\362c\302\356\223\373@3\304\025\034#\336"
 208      9CF263C2 
 208      EE93FB40 
 208      33C4151C 
 208      23DE
 209 0368 A8255E03 		.ascii	"\250%^\003A\356L\3313\221\245_\0030\375\371\330m\255"
 209      41EE4CD9 
 209      3391A55F 
 209      0330FDF9 
 209      D86DAD
 210 037b 53FBC685 		.ascii	"S\373\306\205}\017\321\276'm\017\316\272\240E\335\314"
 210      7D0FD1BE 
 210      276D0FCE 
 210      BAA045DD 
 210      CC
 211 038c A2BCA7D3 		.ascii	"\242\274\247\323\355\232\265\302\037\021\364\207\212"
 211      ED9AB5C2 
 211      1F11F487 
 211      8A
 212 0399 4C30E1E3 		.ascii	"L0\341\343(|\202\013\237;?\325\255E\3411\006\200\333"
 212      287C820B 
 212      9F3B3FD5 
 212      AD45E131 
 212      0680DB
 213 03ac AE8C2F0B 		.ascii	"\256\214/\013e\3561\001M)'\362\334P\300\260\013\300"
 213      65EE3101 
 213      4D2927F2 
 213      DC50C0B0 
 213      0BC0
 214 03be 5D5D4573 		.ascii	"]]Esz\201\357\016\360\251\013\223\251j\204\255\254\234"
 214      7A81EF0E 
 214      F0A90B93 
 214      A96A84AD 
 214      AC9C
 215 03d0 85F7C79D 		.ascii	"\205\367\307\235pE|+\253g'#/\364\271\321\002\314\027"
 215      70457C2B 
 215      AB672723 
 215      2FF4B9D1 
 215      02CC17
 216 03e3 5B9DF216 		.ascii	"[\235\362\026u\252\247\353M\236\306\251\251\317\205"
 216      75AAA7EB 
 216      4D9EC6A9 
 216      A9CF85
 217 03f2 A9CFD0D4 		.ascii	"\251\317\320\324\251\375K)^kM\233\006\354)\216\375\202"
ARM GAS  /tmp/ccAnbutU.s 			page 17


 217      A9FD4B29 
 217      5E6B4D9B 
 217      06EC298E 
 217      FD82
 218 0404 99F69C9B 		.ascii	"\231\366\234\233\306\312ht\331n\024T\303JXu\342\271"
 218      C6CA6874 
 218      D96E1454 
 218      C34A5875 
 218      E2B9
 219 0416 28615537 		.ascii	"(aU7{\334\365\364\342>\3416+\263\252\365LV\216+-A-o"
 219      7BDCF5F4 
 219      E23EE136 
 219      2BB3AAF5 
 219      4C568E2B 
 220 042e 1CEEBFEF 		.ascii	"\034\356\277\357\206\310?dI\27625\346\211\340z\000'"
 220      86C83F64 
 220      49BE3235 
 220      E689E07A 
 220      0027
 221 0440 9B33C645 		.ascii	"\2333\306E\016\3452\033\036'u\324\032h\025\222\332\212"
 221      0EE5321B 
 221      1E2775D4 
 221      1A681592 
 221      DA8A
 222 0452 B93716F3 		.ascii	"\2717\026\363#\351\343\033h\003>\252\213Z\272\310\034"
 222      23E9E31B 
 222      68033EAA 
 222      8B5ABAC8 
 222      1C
 223 0463 F33E5B4D 		.ascii	"\363>[MVV\274$e\372},\323\305\261\267\366\320f\304>"
 223      5656BC24 
 223      65FA7D2C 
 223      D3C5B1B7 
 223      F6D066C4 
 224 0478 56D653E1 		.ascii	"V\326S\341\202e\232{F\265\352\027\360\034\247`\363j"
 224      82659A7B 
 224      46B5EA17 
 224      F01CA760 
 224      F36A
 225 048a 19EE2DA1 		.ascii	"\031\356-\241w\322N.uSz\013\251\233\017F\306\351i?\002"
 225      77D24E2E 
 225      75537A0B 
 225      A99B0F46 
 225      C6E9693F 
 226 049f 7DB30535 		.ascii	"}\263\0055\356\312\254\366\252\225X\325\317\327]\365"
 226      EECAACF6 
 226      AA9558D5 
 226      CFD75DF5 
 227 04af A4E348FD 		.ascii	"\244\343H\375d\274\270GMg\020\210\214NkS;\024\271}\300"
 227      64BCB847 
 227      4D671088 
 227      8C4E6B53 
 227      3B14B97D 
 228 04c4 254A2D2D 		.ascii	"%J--r\225+EQ\224.\012\242\271\234y\027\007\242h\007"
 228      72952B45 
 228      51942E0A 
 228      A2B99C79 
ARM GAS  /tmp/ccAnbutU.s 			page 18


 228      1707A268 
 229 04d9 A2A3C5D7 		.ascii	"\242\243\305\327\263t\322\222\020\243\226\226\204X\265"
 229      B374D292 
 229      10A39696 
 229      8458B5
 230 04e8 28F089F7 		.ascii	"(\360\211\367\026\353\334\351^\\w+\222o\254hi4\002\013"
 230      16EBDCE9 
 230      5E5C772B 
 230      926FAC68 
 230      6934020B 
 231 04fc 83F9D71D 		.ascii	"\203\371\327\035\353\366\001\220\024'\223\324Uq+\334"
 231      EBF60190 
 231      142793D4 
 231      55712BDC 
 232 050c 931E45A2 		.ascii	"\223\036E\242\222\266;\303\324\201(\336\201\250b\251"
 232      92B63BC3 
 232      D48128DE 
 232      81A862A9 
 233 051c A64756B1 		.ascii	"\246GV\261\022d\352\035\264\251\227w8\355\204\007=\311"
 233      1264EA1D 
 233      B4A99777 
 233      38ED8407 
 233      3DC9
 234 052e 996B939F 		.ascii	"\231k\223\237Mv\252\311\272\315\354OV&\027\201p\201"
 234      4D76AAC9 
 234      BACDEC4F 
 234      56261781 
 234      7081
 235 0540 85806997 		.ascii	"\205\200i\227\204\202H\262z39\002\3430\214C0\216\252"
 235      848248B2 
 235      7A333902 
 235      E3308C43 
 235      308EAA
 236 0553 2545FAD5 		.ascii	"%E\372\325\365\315\251/p\005\260\252\365\344-A:\273"
 236      F5CDA92F 
 236      7005B0AA 
 236      F5E42D41 
 236      3ABB
 237 0565 069D64B5 		.ascii	"\006\235d\265N#\305\353\223\324\232\377\021\211\000"
 237      4E23C5EB 
 237      93D49AFF 
 237      118900
 238 0574 EC70B532 		.ascii	"\354p\2652\366\307\253\310=']q\015\000C\310~\007t\037"
 238      F6C7ABC8 
 238      3D275D71 
 238      0D0043C8 
 238      7E07741F 
 239 0588 39F66364 		.ascii	"9\366cd\0151!\221\312\270\022=\206R\275\217GX[\177\313"
 239      0D312191 
 239      CAB8123D 
 239      8652BD8F 
 239      47585B7F 
 240 059d F54E7440 		.ascii	"\365Nt@\177\263\252\011\233\250%\351\273\327){*\376"
 240      7FB3AA09 
 240      9BA825E9 
 240      BBD7297B 
 240      2AFE
ARM GAS  /tmp/ccAnbutU.s 			page 19


 241 05af 4F7B0A18 		.ascii	"O{\012\030\\\253\312\034\365\244\203\030\333\306\311"
 241      5CABCA1C 
 241      F5A48318 
 241      DBC6C9
 242 05be B1183D7D 		.ascii	"\261\030=}\304\001\365\213\302\371z5\254\250B\251\264"
 242      C401F58B 
 242      C2F97A35 
 242      ACA842A9 
 242      B4
 243 05cf F5A894CD 		.ascii	"\365\250\224\315\336\014e{\223Dq\342\272\254N\2344A"
 243      DE0C657B 
 243      934471E2 
 243      BAAC4E9C 
 243      3441
 244 05e1 C074495F 		.ascii	"\300tI_\225=\360\372\352^/\372\022eG\346U\236v]\247"
 244      953DF0FA 
 244      EA5E2FFA 
 244      126547E6 
 244      559E765D 
 245 05f6 4C9EA948 		.ascii	"L\236\251H\336xn`R\224\322\217X\333u\266\257G\264]V"
 245      DE786E60 
 245      5294D28F 
 245      58DB75B6 
 245      AF47B45D 
 246 060b D67D0E1F 		.ascii	"\326}\016\037\237\257!4\202r\356\017\217=\375\012\242"
 246      9FAF2134 
 246      8272EE0F 
 246      8F3DFD0A 
 246      A2
 247 061c 7EC026E9 		.ascii	"~\300&\351\251\376\333\2364\026\037\225\236~S\256\327"
 247      A9FEDB9E 
 247      34161F95 
 247      9E7E53AE 
 247      D7
 248 062d B0B676BB 		.ascii	"\260\266v\273\007\331\251\341u\267\252\266\322\203\036"
 248      07D9A9E1 
 248      75B7AAB6 
 248      D2831E
 249 063c C2E7F1C3 		.ascii	"\302\347\361\303\371\247\035gI>\250tB\226\360\015oj"
 249      F9A71D67 
 249      493EA874 
 249      4296F00D 
 249      6F6A
 250 064e 063CE871 		.ascii	"\006<\350q$\252\214\251\033\366p *p \352\272[w\333M"
 250      24AA8CA9 
 250      1BF67020 
 250      2A7020EA 
 250      BA5B77DB 
 251 0663 3A4B4ECA 		.ascii	":KN\312\334Zh\233%\203\325\035'\015\\I\270E\216\253"
 251      DC5A689B 
 251      2583D51D 
 251      270D5C49 
 251      B8458EAB 
 252 0677 B99A993D 		.ascii	"\271\232\231=e\355\272\257\036\341\321\217\260\276\243"
 252      65EDBAAF 
 252      1EE1D18F 
 252      B0BEA3
ARM GAS  /tmp/ccAnbutU.s 			page 20


 253 0686 2681EFAD 		.ascii	"&\201\357\255v\277*rJ\375U\025)Rk\220A\373\333\267\331"
 253      76BF2A72 
 253      4AFD5515 
 253      29526B90 
 253      41FBDBB7 
 254 069b 1AA92078 		.ascii	"\032\251 x,\021T\014\\\271V\2547?\227\\\354N+\321\220"
 254      2C11540C 
 254      5CB956AC 
 254      373F975C 
 254      EC4E2BD1 
 255 06b0 579D1D13 		.ascii	"W\235\035\023N\351\310i0HJjk}\275\261\365\035\334W\333"
 255      4EE9C869 
 255      30484A6A 
 255      6B7DBDB1 
 255      F51DDC57 
 256 06c5 A4A375C8 		.ascii	"\244\243u\310\351\364\314\334\005V\320?\320\223?J\212"
 256      E9F4CCDC 
 256      0556D03F 
 256      D0933F4A 
 256      8A
 257 06d6 F90758CC 		.ascii	"\371\007X\314\333G\253\267\322\253\2109~&\242H\207\025"
 257      DB47ABB7 
 257      D2AB8839 
 257      7E26A248 
 257      8715
 258 06e8 B83CC2FA 		.ascii	"\270<\302\372n\370\307\2226\351\214\232\223\260L\250"
 258      6EF8C792 
 258      36E98C9A 
 258      93B04CA8 
 259 06f8 506F24E5 		.ascii	"Po$\345j^\202K\252\3432\\Q\356\006\000\253\006\012/"
 259      6A5E824B 
 259      AAE3325C 
 259      51EE0600 
 259      AB060A2F 
 260 070c B8D35EE4 		.ascii	"\270\323^\344\226\222\222R\251\243c\010\3046\354o\322"
 260      96929252 
 260      A9A36308 
 260      C436EC6F 
 260      D2
 261 071d D3170844 		.ascii	"\323\027\010DG\026\036t\247\257\020\030N\216m\324:\021"
 261      47161E74 
 261      A7AF1018 
 261      4E8E6DD4 
 261      3A11
 262 072f 5AA32454 		.ascii	"Z\243$T}\251\"&C\273:AZbh}tK\27457\356#r\036&\3569\240"
 262      7DA92226 
 262      43BB3A41 
 262      5A62687D 
 262      744BBC35 
 263 074c B900C1B4 		.ascii	"\271\000\301\2641Y;G\312Y\222o\220\010\251\026\004L"
 263      31593B47 
 263      CA59926F 
 263      9008A916 
 263      044C
 264 075e 4AED6A92 		.ascii	"J\355j\222\267\345\225M\033h\206\206\353x\267\373U\207"
 264      B7E5954D 
 264      1B688686 
ARM GAS  /tmp/ccAnbutU.s 			page 21


 264      EB78B7FB 
 264      5587
 265 0770 C82A07F2 		.ascii	"\310*\007\362:E\362\366\356\027\317l-<[}_6=\207\026"
 265      3A45F2F6 
 265      EE17CF6C 
 265      2D3C5B7D 
 265      5F363D87 
 266 0785 BC18D995 		.ascii	"\274\030\331\225\344\316fQZ\212\300\310\351+\261Zz\006"
 266      E4CE6651 
 266      5A8AC0C8 
 266      E92BB15A 
 266      7A06
 267 0797 81A2B984 		.ascii	"\201\242\271\204\014\021G\326Q\326\336\3518\346)\232"
 267      0C1147D6 
 267      51D6DEE9 
 267      38E6299A 
 268 07a7 1ADEB2F5 		.ascii	"\032\336\262\365\0378G\3509\304\315\2752\362!\255\307"
 268      1F3847E8 
 268      39C4CDBD 
 268      32F221AD 
 268      C7
 269 07b8 EBA8B192 		.ascii	"\353\250\261\222%J\257 \320|\263\355\005q\230\003\315"
 269      254AAF20 
 269      D07CB3ED 
 269      05719803 
 269      CD
 270 07c9 A0678B6C 		.ascii	"\240g\213l\016\304^"
 270      0EC45E
 271 07d0 2C0DA6DD 		.ascii	",\015\246\335HS\371\370\\\213\343\266\240\325\201f\370"
 271      4853F9F8 
 271      5C8BE3B6 
 271      A0D58166 
 271      F8
 272 07e1 ECDB7422 		.ascii	"\354\333t\"M\3136\331\274i\267\315\233\211\326\371\207"
 272      4DCB36D9 
 272      BC69B7CD 
 272      9B89D6F9 
 272      87
 273 07f2 3A3A8CCC 		.ascii	"::\214\314\347\333R\212\015t\034\201\270\003#\371\256"
 273      E7DB528A 
 273      0D741C81 
 273      B80323F9 
 273      AE
 274 0803 CACBFC35 		.ascii	"\312\313\3745\245e^\323\232=\362\017d\363\352\016\343"
 274      A5655ED3 
 274      9A3DF20F 
 274      64F3EA0E 
 274      E3
 275 0814 5136ED6C 		.ascii	"Q6\355lL\200x\357\245L\034\271\012D\335_Z\327\2273E"
 275      4C8078EF 
 275      A54C1CB9 
 275      0A44DD5F 
 275      5AD79733 
 276 0829 5DBF0EE9 		.ascii	"]\277\016\351\321\341\200n_ad\365\274\021\022\356\012"
 276      D1E1806E 
 276      5F6164F5 
 276      BC1112EE 
ARM GAS  /tmp/ccAnbutU.s 			page 22


 276      0A
 277 083a 241C775C 		.ascii	"$\034w\\\267\010\360\015\250\341\2350\272\244+\336t"
 277      B708F00D 
 277      A8E19D30 
 277      BAA42BDE 
 277      74
 278 084b A628D1ED 		.ascii	"\246(\321\355\242D+\250#\226\215\271\370\372A\217u\312"
 278      A2442BA8 
 278      23968DB9 
 278      F8FA418F 
 278      75CA
 279 085d 725A9DCB 		.ascii	"rZ\235\313a\315^]\346\224\201\036sa>t91\365\032\232"
 279      61CD5E5D 
 279      E694811E 
 279      73613E74 
 279      3931F51A 
 280 0872 96CD6CBD 		.ascii	"\226\315l\275>\306x5t\225\320\234\3437\255\334)7\201"
 280      3EC67835 
 280      7495D09C 
 280      E337ADDC 
 280      293781
 281 0885 4713F0BA 		.ascii	"G\023\360\272\003\2776\346\316\366]\027\341y\025\023"
 281      03BF36E6 
 281      CEF65D17 
 281      E1791513 
 282 0895 9E2F0898 		.ascii	"\236/\010\230\360\333 \370.\214\036\030\275RC\227\323"
 282      F0DB20F8 
 282      2E8C1E18 
 282      BD524397 
 282      D3
 283 08a6 D7E77343 		.ascii	"\327\347sC\241`7\010\002\245\365Q\254\\\351\336\210"
 283      A1603708 
 283      02A5F551 
 283      AC5CE9DE 
 283      88
 284 08b7 5D026EB9 		.ascii	"]\002n\271\354\200\356\320\006\364o\304\205\235E\351"
 284      EC80EED0 
 284      06F46FC4 
 284      859D45E9 
 285 08c7 9613EEB6 		.ascii	"\226\023\356\266\335]yB\332\015\303:eS\012\276\334\024"
 285      DD5D7942 
 285      DA0DC33A 
 285      65530ABE 
 285      DC14
 286 08d9 A03EB194 		.ascii	"\240>\261\2241k\240}.\330\012w\325CC\372\200\003\332"
 286      316BA07D 
 286      2ED80A77 
 286      D54343FA 
 286      8003DA
 287 08ec EB55770F 		.ascii	"\353Uw\0178\366A0\335s\200{6\343\336\017\334\357\011"
 287      38F64130 
 287      DD73807B 
 287      36E3DE0F 
 287      DCEF09
 288 08ff EE23C075 		.ascii	"\356#\300u\020\306\020\214\3730\206W\235\005!\271_O"
 288      10C6108C 
 288      FB308657 
ARM GAS  /tmp/ccAnbutU.s 			page 23


 288      9D0521B9 
 288      5F4F
 289 0911 4B1FB463 		.ascii	"K\037\264c]\252\007\202\263\202\320^\227\252\324r\207"
 289      5DAA0782 
 289      B382D05E 
 289      97AAD472 
 289      87
 290 0922 8D676C3A 		.ascii	"\215gl:\023a\215\211\360 \225\340\2022\007\374\3225"
 290      13618D89 
 290      F02095E0 
 290      823207FC 
 290      D235
 291 0934 F89D991B 		.ascii	"\370\235\231\033\362V\035|L\240\333=\226\267\006}>\323"
 291      F2561D7C 
 291      4CA0DB3D 
 291      96B7067D 
 291      3ED3
 292 0946 3BCF16BD 		.ascii	";\317\026\275\001'\330\266p\200\376\235\351\357\035"
 292      0127D8B6 
 292      7080FE9D 
 292      E9EF1D
 293 0955 B232F43E 		.ascii	"\2622\364>\300\273$\360mN\226guU\375\362Y/\032\255\305"
 293      C0BB24F0 
 293      6D4E9667 
 293      7555FDF2 
 293      592F1AAD 
 294 096a BDF64A55 		.ascii	"\275\366JU\265\313:e\347\215\376i\347\261\336\352d\374"
 294      B5CB3A65 
 294      E78DFE69 
 294      E7B1DEEA 
 294      64FC
 295 097c 634A0F23 		.ascii	"cJ\017#\273\213K\257\233u\364(\002\205\307g/Q\345\332"
 295      BB8B4BAF 
 295      9B75F428 
 295      0285C767 
 295      2F51E5DA 
 296 0990 F150A976 		.ascii	"\361P\251v\270T\237JY\366\344\305CL\224\273\327\351"
 296      B8549F4A 
 296      59F6E4C5 
 296      434C94BB 
 296      D7E9
 297 09a2 60657EAC 		.ascii	"`e~\254\325\332\024\256%\017@\225\\\240\233\204_\233"
 297      D5DA14AE 
 297      250F4095 
 297      5CA09B84 
 297      5F9B
 298 09b4 8E6B3A4E 		.ascii	"\216k:N Y\316\246\245\260\307\216\365 )\200\367\232"
 298      2059CEA6 
 298      A5B0C78E 
 298      F5202980 
 298      F79A
 299 09c6 20BEADDD 		.ascii	" \276\255\335S\221W\366\314\224Y=\007\030/\371\263I"
 299      539157F6 
 299      CC94593D 
 299      07182FF9 
 299      B349
 300 09d8 61F26330 		.ascii	"a\362c0\363\021\214'0&\244\023\2539\213\236\257\342"
ARM GAS  /tmp/ccAnbutU.s 			page 24


 300      F3118C27 
 300      3026A413 
 300      AB398B9E 
 300      AFE2
 301 09ea 22C621F2 		.ascii	"\"\306!\362cB%\345\256\0264\352\311\246\247\021=\013"
 301      634225E5 
 301      AE1634EA 
 301      C9A6A711 
 301      3D0B
 302 09fc D0521DD0 		.ascii	"\320R\035\320_I;\325^\353d\273\350\326\012\331\026\363"
 302      5F493BD5 
 302      5EEB64BB 
 302      E8D60AD9 
 302      16F3
 303 0a0e FCE387BB 		.ascii	"\374\343\207\273h3\372s_\352\354Y7z\035\201\344\276"
 303      6833FA73 
 303      5FEAEC59 
 303      377A1D81 
 303      E4BE
 304 0a20 E6064F87 		.ascii	"\346\006O\207%`\032\270\317\310\226\200\231\204}\005"
 304      25601AB8 
 304      CFC89680 
 304      99847D05 
 305 0a30 AE0E0761 		.ascii	"\256\016\007a\216xy\251\007.\312:\230g2%\237\333\226"
 305      8E7879A9 
 305      072ECA3A 
 305      98673225 
 305      9FDB96
 306 0a43 8A91D132 		.ascii	"\212\221\3212\350\315\357\243\022\027\232\366U\033\350"
 306      E8CDEFA3 
 306      12179AF6 
 306      551BE8
 307 0a52 3402B919 		.ascii	"4\002\271\031\275\347\365\016\032\315\202\244\227r\215"
 307      BDE7F50E 
 307      1ACD82A4 
 307      97728D
 308 0a61 1AB30A5C 		.ascii	"\032\263\012\\\351\012\022\335\317\231\210w\\\311\346"
 308      E90A12DD 
 308      CF998877 
 308      5CC9E6
 309 0a70 1C88AACE 		.ascii	"\034\210\252\316\234M\224u\200\363r\037\012\365hB\312"
 309      9C4D9475 
 309      80F3721F 
 309      0AF56842 
 309      CA
 310 0a81 D2733756 		.ascii	"\322s7V\022\224\217\217^\000\343\005\021\337\327\020"
 310      12948F8F 
 310      5E00E305 
 310      11DFD710 
 311 0a91 D745595C 		.ascii	"\327EY\\\027\304\201\025p\343\007V\013_\276P\315\274"
 311      17C48115 
 311      70E30756 
 311      0B5FBE50 
 311      CDBC
 312 0aa3 8715137C 		.ascii	"\207\025\023|\303\217\316\024\320ETg\372\3666x\321\203"
 312      C38FCE14 
 312      D0455467 
ARM GAS  /tmp/ccAnbutU.s 			page 25


 312      FAF63678 
 312      D183
 313 0ab5 AE787CD8 		.ascii	"\256x|\330S\371P\353\344x\353\215\262~@\225\360\266"
 313      53F950EB 
 313      E478EB8D 
 313      B27E4095 
 313      F0B6
 314 0ac7 E6B9382F 		.ascii	"\346\2718/Hd\211\361\250\355e\231\033\315F\226\371\267"
 314      486489F1 
 314      A8ED6599 
 314      1BCD4696 
 314      F9B7
 315 0ad9 6A07B4B4 		.ascii	"j\007\264\264\210\003\264 }\357Sw6\2130\375\206\322"
 315      8803B420 
 315      7DEF5377 
 315      368B30FD 
 315      86D2
 316 0aeb A5E9B702 		.ascii	"\245\351\267\002\002\366\322/\311\326\346\014\351\374"
 316      02F6D22F 
 316      C9D6E60C 
 316      E9FC
 317 0af9 5916E8F6 		.ascii	"Y\026\350\366\371\343\2430}$\365\\\305\321\231\372V"
 317      F9E3A330 
 317      7D24F55C 
 317      C5D199FA 
 317      56
 318 0b0a BA998453 		.ascii	"\272\231\204S\233\372\223\313e\2174\264\034\325\275"
 318      9BFA93CB 
 318      658F34B4 
 318      1CD5BD
 319 0b19 D9FB3847 		.ascii	"\331\3738GM\317!\360t\177q\232\213^\341d,\222:\034\035"
 319      4DCF21F0 
 319      747F719A 
 319      8B5EE164 
 319      2C923A1C 
 320 0b2e B366396B 		.ascii	"\263f9kfVC\333\220\266\367~s\033\241]\010\234\031\332"
 320      665643DB 
 320      90B6F77E 
 320      731BA15D 
 320      089C19DA 
 321 0b42 DF4A7551 		.ascii	"\337JuQ\234Q\243\224Q40\212\241:\236MRV\341'\302\177"
 321      9C51A394 
 321      5134308A 
 321      A13A9E4D 
 321      5256E127 
 322 0b58 45879038 		.ascii	"E\207\2208u\026:@%\342X'\304/\322F\036\213^:\206\305"
 322      75163A40 
 322      25E25827 
 322      C42FD246 
 322      1E8B5E3A 
 323 0b6e E358776F 		.ascii	"\343Xwo\256'\235An1cs\365\212\307\341\016\247}\254I"
 323      AE279D41 
 323      6E316373 
 323      F58AC7E1 
 323      0EA77DAC 
 324 0b83 9BBE9248 		.ascii	"\233\276\222H\245\251\035O\245\347U\011T\314\274\275"
 324      A5A91D4F 
ARM GAS  /tmp/ccAnbutU.s 			page 26


 324      A5E75509 
 324      54CCBCBD 
 325 0b93 A3D53D84 		.ascii	"\243\325=\204\316\243\204c\321\005\275:\321\261\362"
 325      CEA38463 
 325      D105BD3A 
 325      D1B1F2
 326 0ba2 B3A7A5B4 		.ascii	"\263\247\245\264\216XW\372\006\237\332N\223\274\305"
 326      8E5857FA 
 326      069FDA4E 
 326      93BCC5
 327 0bb1 6952E7CB 		.ascii	"iR\347\313#\263\316\0177\017S<\021;D\271>Ce\003M\032"
 327      23B3CE0F 
 327      370F533C 
 327      113B44B9 
 327      3E436503 
 328 0bc7 BA4FC739 		.ascii	"\272O\3079uN\355;\344\356\244\337O\246J\233\214\322"
 328      754EED3B 
 328      E4EEA4DF 
 328      4FA64A9B 
 328      8CD2
 329 0bd9 A4852683 		.ascii	"\244\205&\203\375@m\0039\002\346$\322\215\344\000e\302"
 329      FD406D03 
 329      3902E624 
 329      D28DE400 
 329      65C2
 330 0beb 8E526F94 		.ascii	"\216Ro\224\310mjI\236\206\2256\021e\335<P\376H\034\032"
 330      C86D6A49 
 330      9E869536 
 330      1165DD3C 
 330      50FE481C 
 331 0c00 4EB043C3 		.ascii	"N\260C\303\221\302\316Hq\234\3260\315\020zR\256wz\322"
 331      91C2CE48 
 331      719CD630 
 331      CD107A52 
 331      AE777AD2 
 332 0c14 74C45E7A 		.ascii	"t\304^zt\245\324\005\261{\371\221RWC\245\273R\036)\274"
 332      74A5D405 
 332      B17BF991 
 332      525743A5 
 332      BB521E29 
 333 0c29 82603DC9 		.ascii	"\202`=\311\374\355l\015\315G^\341\305\311\345zZ\206"
 333      FCED6C0D 
 333      CD475EE1 
 333      C5C9E57A 
 333      5A86
 334 0c3b 40DDEDDA 		.ascii	"@\335\355\332\203\204V#p\255\346\332\0037z\021\201\321"
 334      83845623 
 334      70ADE6DA 
 334      03377A11 
 334      81D1
 335 0c4d 93518F34 		.ascii	"\223Q\2174\016\305*\027\334\220G\245\305*\245\372P\265"
 335      0EC52A17 
 335      DC9047A5 
 335      C52AA5FA 
 335      50B5
 336 0c5f 9E7621D1 		.ascii	"\236v!\321\363\246\3706\215C\001>\346@tzi4Y/M\203\343"
 336      F3A6F836 
ARM GAS  /tmp/ccAnbutU.s 			page 27


 336      8D43013E 
 336      E640747A 
 336      6934592F 
 337 0c76 B2699A2F 		.ascii	"\262i\232/\322\2006\364\305\366j\234V8\0259!\346_\001"
 337      D28036F4 
 337      C5F66A9C 
 337      56381539 
 337      21E65F01 
 338 0c8a CCBF9354 		.ascii	"\314\277\223T\332\017\326\3236,\004\300\213\344\200"
 338      DA0FD6D3 
 338      362C04C0 
 338      8BE480
 339 0c99 0227BEAC 		.ascii	"\002'\276\254\020\214_\244\031\210\376\033=\311V\306"
 339      108C5FA4 
 339      1988FE1B 
 339      3DC956C6 
 340 0ca9 B635781D 		.ascii	"\2665x\035\031\335\341b#\324\312\267\246e\007?\246\243"
 340      19DDE162 
 340      23D4CAB7 
 340      A665073F 
 340      A6A3
 341 0cbb DC7E7AA8 		.ascii	"\334~z\250)5\322yE\206\015\270\320\3674\350[,\325w\274"
 341      2935D279 
 341      45860DB8 
 341      D0F734E8 
 341      5B2CD577 
 342 0cd0 8ED6A002 		.ascii	"\216\326\240\002\266z|\312\211\006\242\261\277@/\330"
 342      B67A7CCA 
 342      8906A2B1 
 342      BF402FD8 
 343 0ce0 97E522AA 		.ascii	"\227\345\"\252\210/\012\262\355\235\215\267xgS\273\230"
 343      882F0AB2 
 343      ED9D8DB7 
 343      786753BB 
 343      98
 344 0cf1 96A4A34F 		.ascii	"\226\244\243Oubw5SK\350+\004R\367\026\306y*\025\206"
 344      75627735 
 344      534BE82B 
 344      0452F716 
 344      C6792A15 
 345 0d06 321050AE 		.ascii	"2\020P\256P\030\322/\245\236p\245\321n\234:\373\301"
 345      5018D22F 
 345      A59E70A5 
 345      D16E9C3A 
 345      FBC1
 346 0d18 F1588D12 		.ascii	"\361X\215\022u\205\023\352\370\236W\275n4\015\251oV"
 346      758513EA 
 346      F89E57BD 
 346      6E340DA9 
 346      6F56
 347 0d2a 55A41A68 		.ascii	"U\244\032h\236\233\354\244\367\327\216'\275\277\306"
 347      9E9BECA4 
 347      F7D78E27 
 347      BDBFC6
 348 0d39 C381FCC5 		.ascii	"\303\201\374\305\231s\036\264\020\321\357\314\244D\253"
 348      99731EB4 
 348      10D1EFCC 
ARM GAS  /tmp/ccAnbutU.s 			page 28


 348      A444AB
 349 0d48 959BAF73 		.ascii	"\225\233\257s\224\2230\247W\303\274<\213\323~*\376\305"
 349      949330A7 
 349      57C3BC3C 
 349      8BD37E2A 
 349      FEC5
 350 0d5a B22B2D43 		.ascii	"\262+-C\352\276\350\227\355.\264\206\003\232\267\017"
 350      EABEE897 
 350      ED2EB486 
 350      039AB70F 
 351 0d6a E6577444 		.ascii	"\346WtDte\254\223\255\241\331\350\350\032\230\332\347"
 351      7465AC93 
 351      ADA1D9E8 
 351      E81A98DA 
 351      E7
 352 0d7b 815B9D93 		.ascii	"\201[\235\223\300(n\235T\034\235I\277\010!\277\000\243"
 352      C0286E9D 
 352      541C9D49 
 352      BF0821BF 
 352      00A3
 353 0d8d 5E1AF6C7 		.ascii	"^\032\366\307\347)\256\302\214y\225\003\363\265'\214"
 353      E729AEC2 
 353      8C799503 
 353      F3B5278C 
 354 0d9d 8F4B25E8 		.ascii	"\217K%\350\265\312\272\210\240\027u\237o\024K\350\367"
 354      B5CABA88 
 354      A017759F 
 354      6F144BE8 
 354      F7
 355 0dae 00CC8A6D 		.ascii	"\000\314\212m8-\336A\344\262\223\260\371\256\266}\236"
 355      382DDE41 
 355      E4B293B0 
 355      F9AEB67D 
 355      9E
 356 0dbf B4011D60 		.ascii	"\264\001\035`{\001\261^\274\200\350\230\333\017Kg3>"
 356      7B01B15E 
 356      BC80E898 
 356      DB0F4B67 
 356      333E
 357 0dd1 1C4ECB3F 		.ascii	"\034N\313?*\012\225+\200\255oS\217\250\235V\327\253"
 357      2A0A952B 
 357      80AD6F53 
 357      8FA89D56 
 357      D7AB
 358 0de3 A2BA36A1 		.ascii	"\242\2726\241\233S\342\213\037\310\372,\366\276\301"
 358      9B53E28B 
 358      1FC8FA2C 
 358      F6BEC1
 359 0df2 8EDD4CED 		.ascii	"\216\335L\355\307DE\375c\243\324^I5\374\341\025\210"
 359      C74445FD 
 359      63A3D45E 
 359      4935FCE1 
 359      1588
 360 0e04 186E2D5A 		.ascii	"\030n-ZX%\275j\253\244\325m)M.\364\272\233\354]\303"
 360      5825BD6A 
 360      ABA4D56D 
 360      294D2EF4 
ARM GAS  /tmp/ccAnbutU.s 			page 29


 360      BA9BEC5D 
 361 0e19 7A7CD730 		.ascii	"z|\3270\265\360\362\211'\275\215\317\316u\245\245\010"
 361      B5F0F289 
 361      27BD8DCF 
 361      CE75A5A5 
 361      08
 362 0e2a E5B50036 		.ascii	"\345\265\0006,\016M\350\234*\177M(\337\201\312\017\226"
 362      2C0E4DE8 
 362      9C2A7F4D 
 362      28DF81CA 
 362      0F96
 363 0e3c 760EBAAC 		.ascii	"v\016\272\254}Y\322F\3218\025\271\3164\272f\323\250"
 363      7D59D246 
 363      D13815B9 
 363      CE34BA66 
 363      D3A8
 364 0e4e BBF3C2A8 		.ascii	"\273\363\302\250\201\016\240\324{q\263u\204>\344\200"
 364      810EA0D4 
 364      7B71B375 
 364      843EE480 
 365 0e5e F6EC62F7 		.ascii	"\366\354b\367K=\366\371\242\321o.\241Y\330u\200U\244"
 365      4B3DF6F9 
 365      A2D16F2E 
 365      A159D875 
 365      8055A4
 366 0e71 11C27813 		.ascii	"\021\302x\023\302h\267U\262\237\024\333\325\323\322"
 366      C268B755 
 366      B29F14DB 
 366      D5D3D2
 367 0e80 1C6C1504 		.ascii	"\034l\025\004J\333[Y\0166\000\307K\\\327\233\"\007\357"
 367      4ADB5B59 
 367      0E3600C7 
 367      4B5CD79B 
 367      2207EF
 368 0e93 40FEDD82 		.ascii	"@\376\335\202q\033\306\015\030\335\322\\|}J\222\\\235"
 368      711BC60D 
 368      18DDD25C 
 368      7C7D4A92 
 368      5C9D
 369 0ea5 0E426415 		.ascii	"\016Bd\025\210\225\314b\232\011V\300\226\020<A\332\005"
 369      8895CC62 
 369      9A0956C0 
 369      96103C41 
 369      DA05
 370 0eb7 BEDD3F0E 		.ascii	"\276\335?\016\247\343\247\244Ft)\363\307\344\325\215"
 370      A7E3A7A4 
 370      467429F3 
 370      C7E4D58D 
 371 0ec7 F6D65FD6 		.ascii	"\366\326_\326\022\276\325\305\303\025\2207}\221\246"
 371      12BED5C5 
 371      C3159037 
 371      7D91A6
 372 0ed6 F04D1F2B 		.ascii	"\360M\037+\315Y@~\217Jw\240/\327n\361kiY9W\357\014T"
 372      CD59407E 
 372      8F4A77A0 
 372      2FD76EF1 
 372      6B695939 
ARM GAS  /tmp/ccAnbutU.s 			page 30


 373 0eee 9E52818F 		.ascii	"\236R\201\217\005IEJ\350\032k\246\353\004wVF\347\311"
 373      0549454A 
 373      E81A6BA6 
 373      EB047756 
 373      46E7C9
 374 0f01 5AEE8574 		.ascii	"Z\356\205t\315\376\266\210\226\312\313\365=\247\313"
 374      CDFEB688 
 374      96CACBF5 
 374      3DA7CB
 375 0f10 0BB3FD12 		.ascii	"\013\263\375\022\315Be2)\276w\220*\223!e\016\272\314"
 375      CD426532 
 375      29BE7790 
 375      2A932165 
 375      0EBACC
 376 0f23 9F17BAB0 		.ascii	"\237\027\272\260\331])4\267\027\224W\312\321~\002\302"
 376      D95D2934 
 376      B7179457 
 376      CAD17E02 
 376      C2
 377 0f34 1FF347F7 		.ascii	"\037\363G\367D\264\373 \302\2030\006`\334\205\321\013"
 377      44B4FB20 
 377      C2833006 
 377      60DC85D1 
 377      0B
 378 0f45 A307463F 		.ascii	"\243\007F?\225\234\005\264\227\320p\036u\026\215\313"
 378      959C05B4 
 378      97D0701E 
 378      75168DCB 
 379 0f55 42983D73 		.ascii	"B\230=s\244+\237\373bA\3739\203\010\213-\237\231\253"
 379      A42B9FFB 
 379      6241FB39 
 379      83088B2D 
 379      9F99AB
 380 0f68 0FD21C74 		.ascii	"\017\322\034t\006\264o\344 \360x(s\306\2015\366uf\320"
 380      06B46FE4 
 380      20F07828 
 380      73C68135 
 380      F67566D0 
 381 0f7c 23DC3ED6 		.ascii	"#\334>\326=\263\327*\014\335\336S/\311\266\373\314{"
 381      3DB3D72A 
 381      0CDDDE53 
 381      2FC9B6FB 
 381      CC7B
 382 0f8e 69B404BD 		.ascii	"i\264\004\275\267\017\274\027!\370\333\274\207\350\237"
 382      B70FBC17 
 382      21F8DBBC 
 382      87E89F
 383 0f9d D87BFA   		.ascii	"\330{\372"
 384 0fa0 1CC69D1D 		.ascii	"\034\306\235\035U\260\235'\013%\303\266\357xg\327\354"
 384      55B09D27 
 384      0B25C3B6 
 384      EF7867D7 
 384      EC
 385 0fb1 A1FB2F09 		.ascii	"\241\373/\011\0070\303\323\005s\2733'\327\240\317'\320"
 385      0730C3D3 
 385      0573BB33 
 385      27D7A0CF 
ARM GAS  /tmp/ccAnbutU.s 			page 31


 385      27D0
 386 0fc3 C3C81E9A 		.ascii	"\303\310\036\232;\222$\360\355-\337\232\3107\247J}\023"
 386      3B9224F0 
 386      ED2DDF9A 
 386      C837A74A 
 386      7D13
 387 0fd5 E7C4378E 		.ascii	"\347\3047\216;\3644`\230\012\317\240\241E\022\026\320"
 387      3BF43460 
 387      980ACFA0 
 387      A1451216 
 387      D0
 388 0fe6 0710BC21 		.ascii	"\007\020\274!\030c0&`\014\303\270\017\343\021\214\021"
 388      18633026 
 388      600CC3B8 
 388      0FE3118C 
 388      11
 389 0ff7 18E33046 		.ascii	"\030\3430F\245\301m.\244"
 389      A5C16D2E 
 389      A4
 390 1000 A938475F 		.ascii	"\2518G_\020o2#|a\177\341\373t\255q\031\364\024V\246"
 390      106F3223 
 390      7C617FE1 
 390      FB74AD71 
 390      19F41456 
 391 1015 B7E0BB29 		.ascii	"\267\340\273)\021\032\3734x\27264\323\251\3644\206f"
 391      111AFB34 
 391      78BA3634 
 391      D3A9F434 
 391      8666
 392 1027 3FCCB228 		.ascii	"?\314\262(\305\320\210\005\251\377j\371\254\236>\025"
 392      C5D08805 
 392      A9FF6AF9 
 392      AC9E3E15 
 393 1037 EB7BCE70 		.ascii	"\353{\316p\264f\235\262\305\223\177\231\305\3441e_E"
 393      B4669DB2 
 393      C5937F99 
 393      C5E43165 
 393      5F45
 394 1049 8C145F4B 		.ascii	"\214\024_K\023\235\362\002\353\253\323*f\236\030\350"
 394      139DF202 
 394      EBABD32A 
 394      669E18E8 
 395 1059 028AB5BD 		.ascii	"\002\212\265\275\036Z\217\257\207N\265\266\366\031\350"
 395      1E5A8FAF 
 395      874EB5B6 
 395      F619E8
 396 1068 123E6B7A 		.ascii	"\022>kz\335\037\345Nc\261\273\210-\271\371\314\313\366"
 396      DD1FE54E 
 396      63B1BB88 
 396      2DB9F9CC 
 396      CBF6
 397 107a 099155F6 		.ascii	"\011\221U\366\011\321\014u\370\204\010\010\216\227\216"
 397      09D10C75 
 397      F8840808 
 397      8E978E
 398 1089 161A6826 		.ascii	"\026\032h&R_9\230<\340EO \260\267\251\377\225\330l\345"
 398      525F3998 
ARM GAS  /tmp/ccAnbutU.s 			page 32


 398      3CE0454F 
 398      20B0B7A9 
 398      FF95D86C 
 399 109e 36CA7A13 		.ascii	"6\312z\023\310E[S$iMbGK\226=h1\022g\266\317\365\023"
 399      C8455B53 
 399      24694D62 
 399      474B963D 
 399      68311267 
 400 10b6 4562F212 		.ascii	"Eb\362\022\364P\242\357>y\250YO/pz\227\347\267Z\352"
 400      F450A2EF 
 400      3E79A859 
 400      4F2F707A 
 400      97E7B75A 
 401 10cb ED874CEC 		.ascii	"\355\207L\354\025h\257\313\364\325\2168kn8%\317`6=\007"
 401      1568AFCB 
 401      F4D58E38 
 401      6B6E3825 
 401      CF60363D 
 402 10e0 2E8B6CC6 		.ascii	".\213l\306\257\276#r\330\371\227\274w\214\357\374\347"
 402      AFBE2372 
 402      D8F997BC 
 402      778CEFFC 
 402      E7
 403 10f1 40D80B81 		.ascii	"@\330\013\201\376\247>\232\261W\253E\021\311\005\210"
 403      FEA73E9A 
 403      B157AB45 
 403      11C90588 
 404 1101 D42B186F 		.ascii	"\324+\030o`\274\226\346\350|\315z\344\317v\354\363\016"
 404      60BC96E6 
 404      E87CCD7A 
 404      E4CF76EC 
 404      F30E
 405 1113 FCD72E23 		.ascii	"\374\327.#\313e\233\016EX\013\177\313\265\237V\326~"
 405      CB659B0E 
 405      45580B7F 
 405      CBB59F56 
 405      D67E
 406 1125 8A62CA5D 		.ascii	"\212b\312]=QyYMG\320\2251\215\215\211Z'\347\333o\005"
 406      3D517959 
 406      4D47D095 
 406      318D8D89 
 406      5A27E7DB 
 407 113b 1F278AB2 		.ascii	"\037'\212\262\264ji\215\322\321g\310\352\362\364\363"
 407      B46A698D 
 407      D2D167C8 
 407      EAF2F4F3 
 408 114b 331A3A8F 		.ascii	"3\032:\217@|x\306O\350\"\277\246c}\343O\\\277\244\375"
 408      407C78C6 
 408      4FE822BF 
 408      A6637DE3 
 408      4F5CBFA4 
 409 1160 0FD7A08C 		.ascii	"\017\327\240\214\275\232\315$B#q\302\253\373.\007\367"
 409      BD9ACD24 
 409      422371C2 
 409      ABFB2E07 
 409      F7
 410 1171 1DC03707 		.ascii	"\035\3007\007\314\017V\015\345\310N7,\243\177\215k5"
ARM GAS  /tmp/ccAnbutU.s 			page 33


 410      CC0F560D 
 410      E5C84E37 
 410      2CA37F8D 
 410      6B35
 411 1183 3FE6A08A 		.ascii	"?\346\240\212\310\266\375\312\303\310\003\311^4\303"
 411      C8B6FDCA 
 411      C3C803C9 
 411      5E34C3
 412 1192 1D5B9385 		.ascii	"\035[\223\205\264\347\266oO<Y\357{nj\314\266\355|\306"
 412      B4E7B66F 
 412      4F3C59EF 
 412      7B6E6ACC 
 412      B6ED7CC6 
 413 11a6 4F6F16F6 		.ascii	"Oo\026\366?\367\242\005\034\333\245!v(\301\200g\316"
 413      3FF7A205 
 413      1CDBA521 
 413      7628C180 
 413      67CE
 414 11b8 B2B91AA5 		.ascii	"\262\271\032\245\331H\366i\330\261\005\350\031#\214"
 414      D948F669 
 414      D8B105E8 
 414      19238C
 415 11c7 DA0F46C5 		.ascii	"\332\017F\305\301\210\205q@j\334\370\251o$a\311\204"
 415      C1888571 
 415      406ADCF8 
 415      A96F2461 
 415      C984
 416 11d9 294A9629 		.ascii	")J\226)\222\330\346\373\232\323y\266\026\347lJ\342\353"
 416      92D8E6FB 
 416      9AD379B6 
 416      16E76C4A 
 416      E2EB
 417 11eb 03FBA029 		.ascii	"\003\373\240)ZHPxg&\260\213\327\343a\360\0220\177*\230"
 417      5A485078 
 417      6726B08B 
 417      D7E361F0 
 417      12307F2A 
 418 1200 DBF3EFC9 		.ascii	"\333\363\357\311\232\305g\272H\217\345\236y\214->r\346"
 418      9AC567BA 
 418      488FE59E 
 418      798C2D3E 
 418      72E6
 419 1212 F67463F6 		.ascii	"\366tc\366\260\243\302\301\341Kn#\344>a\0377\022r\377"
 419      B0A3C2C1 
 419      E14B6E23 
 419      E43E611F 
 419      371272FF 
 420 1226 BF898AFD 		.ascii	"\277\211\212\375\307\376\301\315-\373%\354\232\210\317"
 420      C7FEC1CD 
 420      2DFB25EC 
 420      9A88CF
 421 1235 41F91F61 		.ascii	"A\371\037a\177\002\017\177\030\002\336\303\037\333?"
 421      7F020F7F 
 421      1802DEC3 
 421      1FDB3F
 422 1244 784F2DB8 		.ascii	"xO-\270\330>\241$H\203\3349(a\215\317\211xnc\202\004"
 422      D83EA124 
ARM GAS  /tmp/ccAnbutU.s 			page 34


 422      4883DC39 
 422      28618DCF 
 422      89786E63 
 423 125a A8959D50 		.ascii	"\250\225\235P\334R\013qR\012\342\240\261\235\241j\225"
 423      DC520B71 
 423      520AE2A0 
 423      B19DA16A 
 423      95
 424 126b A9ED4F5C 		.ascii	"\251\355O\\\263}\336R|\216\347(\031\016gm\364`\307\377"
 424      B37DDE52 
 424      7C8EE728 
 424      190E676D 
 424      F460C7FF 
 425 127f 6D215F49 		.ascii	"m!_I\374\246\012'\303\3717\257)m\306\\\273\2217\027"
 425      FCA60A27 
 425      C3F937AF 
 425      296DC65C 
 425      BB913717 
 426 1293 E3A4882A 		.ascii	"\343\244\210*|\207\311\226\210\206\210,|\355\236\250"
 426      7C87C996 
 426      8886882C 
 426      7CED9EA8 
 427 12a3 D18BF7EE 		.ascii	"\321\213\367\356\235S\011ij~\217\265NI\032\315_\304"
 427      9D530969 
 427      6A7E8FB5 
 427      4E491ACD 
 427      5FC4
 428 12b5 39F1C664 		.ascii	"9\361\306d\036\345\\\016\003\347C\310\245t\372\312c"
 428      1EE55C0E 
 428      03E743C8 
 428      A574FACA 
 428      63
 429 12c6 D9BB7226 		.ascii	"\331\273r&\301^J\216h\276\252\"\311\032\361\262<j\362"
 429      C15E4A8E 
 429      68BEAA22 
 429      C91AF1B2 
 429      3C6AF2
 430 12d9 4DB5E7B7 		.ascii	"M\265\347\267r\255\303\303\326\206\2257.1\307\243`\266"
 430      72ADC3C3 
 430      D6869537 
 430      2E31C7A3 
 430      60B6
 431 12eb 921F332C 		.ascii	"\222\0373,r\020rT\234m\260k\025I\320\214\022\022\257"
 431      72107254 
 431      9C6DB06B 
 431      1549D08C 
 431      1212AF
 432 12fe 19610E3D 		.ascii	"\031a\016=\252\371\026\220O\334h\311\244\3645:f\356"
 432      AAF91690 
 432      4FDC68C9 
 432      A4F4353A 
 432      66EE
 433 1310 726637FB 		.ascii	"rf7\373\224J\213\273[W~\332\323\362\003\274\303\324"
 433      944A8BBB 
 433      5B577EDA 
 433      D3F203BC 
 433      C3D4
ARM GAS  /tmp/ccAnbutU.s 			page 35


 434 1322 D90D77EE 		.ascii	"\331\015w\356\306\335\032\320\322H\017\374\2342\355"
 434      C6DD1AD0 
 434      D2480FFC 
 434      9C32ED
 435 1331 6D85BB64 		.ascii	"m\205\273d\343\"Y\007\3225\234\214\031\234\006\3232"
 435      E3225907 
 435      D2359C8C 
 435      199C06D3 
 435      32
 436 1342 55C30D5E 		.ascii	"U\303\015^\234,\277\342\306\015\316Xu\345\323}\267_"
 436      9C2CBFE2 
 436      C60DCE58 
 436      75E5D37D 
 436      B75F
 437 1354 783AFD36 		.ascii	"x:\3756 \213\231\233i37<\372a\243\0073\227\275\230\210"
 437      208B999B 
 437      6933373C 
 437      FA61A307 
 437      3397BD98 
 438 1369 757D120B 		.ascii	"u}\022\013\346\346\021\216ER$\346\3025fG673o*\253\333"
 438      E6E6118E 
 438      455224E6 
 438      C2356647 
 438      3637336F 
 439 1380 406B51E9 		.ascii	"@kQ\351\366\352\303u\370\201\002?\326\203;\003\373*"
 439      F6EAC375 
 439      F881023F 
 439      D6833B03 
 439      FB2A
 440 1392 121C5EFF 		.ascii	"\022\034^\377\252H\236Fz6\224Vv\276\322@\033\221\307"
 440      AA489E46 
 440      7A369456 
 440      76BED240 
 440      1B91C7
 441 13a5 644F499F 		.ascii	"dOI\237\343)\3241\320@N\324|\362\260\217\354<IV\017"
 441      E329D431 
 441      D0404ED4 
 441      7CF2B08F 
 441      EC3C4956 
 442 13ba F335E258 		.ascii	"\3635\342X1)|\266\300\225\253\004\267H.\346\301\362"
 442      31297CB6 
 442      C095AB04 
 442      B7482EE6 
 442      C1F2
 443 13cc 99FE6622 		.ascii	"\231\376f\"\365\313o\244iP\300\374r\302\346\227\251"
 443      F5CB6FA4 
 443      6950C0FC 
 443      72C2E697 
 443      A9
 444 13dd 6B1D036A 		.ascii	"k\035\003j\341\227\226\014\327\211\316\250\206\177\347"
 444      E197960C 
 444      D789CEA8 
 444      867FE7
 445 13ec 382447E2 		.ascii	"8$G\342\225\034\233WNr\257L\035JK\367\244q\006\234\""
 445      951C9B57 
 445      4E72AF4C 
 445      1D4A4BF7 
ARM GAS  /tmp/ccAnbutU.s 			page 36


 445      A471069C 
 446 1401 E32D5D5E 		.ascii	"\343-]^4\021\201\362\341\221#\372u\312\265\265\350\313"
 446      341181F2 
 446      E19123FA 
 446      75CAB5B5 
 446      E8CB
 447 1413 6B2B4B91 		.ascii	"k+K\221\306\331\012\365\267\217se`\005\271w\262\303"
 447      C6D90AF5 
 447      B78F7365 
 447      6005B977 
 447      B2C3
 448 1425 6ACDF320 		.ascii	"j\315\363 \247\200\250\020\265Y\345\246bw\230F\305\232"
 448      A780A810 
 448      B559E5A6 
 448      62779846 
 448      C59A
 449 1437 6FB3DD76 		.ascii	"o\263\335v~\3221-\315B%^\035\236\230^\375\272-R\226"
 449      7ED2312D 
 449      CD42255E 
 449      1D9E985E 
 449      FDBA2D52 
 450 144c 5CA7350E 		.ascii	"\\\2475\016\257\256H\211\206\177/]\2648\352*\373\010"
 450      AFAE4889 
 450      867F2F5D 
 450      B438EA2A 
 450      FB08
 451 145e 44E6F152 		.ascii	"D\346\361R\356q\366\003\270/\207\356$xJq\231\277\354"
 451      EE71F603 
 451      B82F87EE 
 451      24784A71 
 451      99BFEC
 452 1471 B865885B 		.ascii	"\270e\210[\306q_\015\245\235u\221\342\276\225\275h("
 452      C6715F0D 
 452      A59D7591 
 452      E2BE95BD 
 452      6828
 453 1483 47DC728E 		.ascii	"G\334r\216{\347|R\237\354xa\014\272\\;n\005\342Vp\334"
 453      7BE77C52 
 453      9FEC7861 
 453      0CBA5C3B 
 453      6E05E256 
 454 1499 E4C2832B 		.ascii	"\344\302\203+\262w*\0232\3343\210{\206\343\226_\235"
 454      B2772A13 
 454      32DC3388 
 454      7B86E396 
 454      5F9D
 455 14ab CCF490E2 		.ascii	"\314\364\220\342f\311\364\255D\\\366\363\265-[|\340"
 455      66C9F4AD 
 455      445CF6F3 
 455      B52D5B7C 
 455      E0
 456 14bc 7FFF3093 		.ascii	"\177\3770\223\321\307l\362\367\361\0133\373Z\202B\214"
 456      D1C76CF2 
 456      F7F10B33 
 456      FB5A8242 
 456      8C
 457 14cd 5BFC753F 		.ascii	"[\374u?\377\267\377\370\346O\177\364#\225ngP\250\345"
ARM GAS  /tmp/ccAnbutU.s 			page 37


 457      FFB7FFF8 
 457      E64F7FF4 
 457      23956E67 
 457      50A8E5
 458 14e0 E3EFFB5A 		.ascii	"\343\357\373Z\\\331\305\017}-tW\210\305\360\2230\363"
 458      5CD9C50F 
 458      7D2D7457 
 458      88C5F093 
 458      30F3
 459 14f2 A79F594C 		.ascii	"\247\237YLF\277\220\377\374\327\317\335\031Y\230\231"
 459      46BF90FF 
 459      FCD7CFDD 
 459      19599899 
 460 1502 83AEFE81 		.ascii	"\203\256\376\201~\241\241\306`\003\273\027\024& \017"
 460      7EA1A1C6 
 460      6003BB17 
 460      1426200F 
 461 1512 C0FFE5A7 		.ascii	"\300\377\345\247?E\340\033\022\241A\241(4H\220o\011"
 461      3F45E01B 
 461      12A141A1 
 461      28344890 
 461      6F09
 462 1524 54E9EDBC 		.ascii	"T\351\355\2745@n\322n\335\271m\233\321\2445\031C\302"
 462      35406ED2 
 462      6EDDB96D 
 462      9BD1A435 
 462      1943C2
 463 1537 2C4677E3 		.ascii	",Fw\343.\313\277\004\231-\306P\243\311e[\260\337v\263"
 463      2ECBBF04 
 463      992DC650 
 463      A3C9655B 
 463      B0DF76B3 
 464 154b 87719731 		.ascii	"\207q\2271\324\302/}-Z\016\230\335\371O\210\237\371"
 464      D4C22F7D 
 464      2D5A0E98 
 464      DDF94F88 
 464      9FF9
 465 155d 0B5F8B2E 		.ascii	"\013_\213.X\240\273\371\007\372Z\002\201o\200\016\177"
 465      58A0BBF9 
 465      07FA5A02 
 465      816F800E 
 465      7F
 466 156e 7C2D9A50 		.ascii	"|-\232P\343n\213'G\366\265\241\275#\007\201\347\037"
 466      E36E8B27 
 466      47F6B5A1 
 466      BD230781 
 466      E71F
 467 1580 38F32DA8 		.ascii	"8\363-\250\366\027F\023\330\340\363\323\300\240\255"
 467      F6174613 
 467      D8E0F3D3 
 467      C0A0AD
 468 158f 419F7EE6 		.ascii	"A\237~\346\023f\3661Y\230\031\301;\003\214>\376\201"
 468      1366F631 
 468      599819C1 
 468      3B038C3E 
 468      FE81
 469 15a1 281FCC70 		.ascii	"(\037\314p\003E?\013\333i\3627\242\202\276f\016xJ\001"
ARM GAS  /tmp/ccAnbutU.s 			page 38


 469      03453F0B 
 469      DB69F237 
 469      A282BE66 
 469      0E784A01 
 470 15b5 5F8B0BF3 		.ascii	"_\213\013\363\266I\347\357\027\034\274\325\317\377\213"
 470      B649E7EF 
 470      171CBCD5 
 470      CFFF8B
 471 15c4 7740C55D 		.ascii	"w@\305]A&\313N\277`\036\007\223\227\014\002cvY\266\355"
 471      4126CB4E 
 471      BF601E07 
 471      93970C02 
 471      637659B6 
 472 15d9 0CF5870B 		.ascii	"\014\365\207\013\010\206\321\264\313/\330\233\271/8"
 472      0886D1B4 
 472      CB2FD89B 
 472      B92F38
 473 15e8 2C74BBED 		.ascii	",t\273\355\206\257\305\335b\012\332\276\335hb4\006["
 473      86AFC5DD 
 473      620ADABE 
 473      DD686234 
 473      065B
 474 15fa 48CD16BF 		.ascii	"H\315\026\277\220\035\032v\305#\372\375\357\371Z\276"
 474      901D1A76 
 474      C523FAFD 
 474      EFF95ABE 
 475 160a AE10081E 		.ascii	"\256\020\010\036\375@\225\227\214\314\327\242\336e\241"
 475      FD409597 
 475      8CCCD7A2 
 475      DE65A1
 476 1619 3BFC4C1A 		.ascii	";\374L\032&\334%\200\371F\263\303d\334e\000}\003\214"
 476      26DC2580 
 476      F946B3C3 
 476      64DC6500 
 476      7D038C
 477 162c C1163FEE 		.ascii	"\301\026?\356./\031\004\306q\300`\336c\266\353\366\341"
 477      2E2F1904 
 477      C671C060 
 477      DE63B6EB 
 477      F6E1
 478 163e 9FE54546 		.ascii	"\237\345EF\317\234\010A\017\016\363\013\360\371\263"
 478      CF9C0841 
 478      0F0EF30B 
 478      F0F9B3
 479 164d 88C2B6FE 		.ascii	"\210\302\266\376\316\350\217\276\267ior\365\337\012"
 479      CEE88FBE 
 479      B7696F72 
 479      F5DF0A
 480 165c 6AFB856C 		.ascii	"j\373\205ltb\252\011\260\335W\001\2603(`\035\003\315"
 480      7462AA09 
 480      B0DD5701 
 480      B0332860 
 480      1D03CD
 481 166f 81C6E060 		.ascii	"\201\306\340`\314\270 \310\023%r\216\302t\304\314}\027"
 481      CCB820C8 
 481      1325728E 
 481      C274C4CC 
ARM GAS  /tmp/ccAnbutU.s 			page 39


 481      7D17
 482 1681 D2F63376 		.ascii	"\322\3663vkuZx\002\026GB\204wV\211\304\244\360\262Q"
 482      6B755A78 
 482      02164742 
 482      84775689 
 482      C4A4F0B2 
 483 1696 8879E129 		.ascii	"\210y\341)\347\240\0173\333\022]\213\351\242\365\017"
 483      E7A00F33 
 483      DB125D8B 
 483      E9A2F50F 
 484 16a6 0BDD16B4 		.ascii	"\013\335\026\264\375];#\016\203\243!J\026\243\347\352"
 484      FD5D3B23 
 484      0E83A321 
 484      4A16A3E7 
 484      EA
 485 16b7 7D0EBE23 		.ascii	"}\016\276#\007!\217w\230\302Bv@\316\373\205\030\335"
 485      07218F77 
 485      98C24276 
 485      40CEFB85 
 485      18DD
 486 16c9 C40CF883 		.ascii	"\304\014\370\203\237\336l\371\302/8h{\250\257\305m\225"
 486      9FDE6CF9 
 486      C22F3868 
 486      7BA8AFC5 
 486      6D95
 487 16db C22D6C87 		.ascii	"\302-l\207\321\344g\011\012\013\325\033w\033\375\031"
 487      D1E46709 
 487      0A0BD51B 
 487      771BFD19 
 488 16eb 839D6608 		.ascii	"\203\235f\010\206\005b\350\352\037\026\022\342\027\032"
 488      860562E8 
 488      EA1F1612 
 488      E2171A
 489 16fa 20B1076F 		.ascii	" \261\007ox\257\275\001\034M\306\337\357\204\0342\006"
 489      78AFBD01 
 489      1C4DC6DF 
 489      EF841C32 
 489      06
 490 170b E883FD80 		.ascii	"\350\203\375\200\213?c\351\265\212\207\360\273k`(5\201"
 490      8B3F63E9 
 490      B58A87F0 
 490      BB6B6028 
 490      3581
 491 171d 60789869 		.ascii	"`x\230i\217\326\030\020\004\264Zs\320\377\200\376:\263"
 491      8FD61810 
 491      04B45A73 
 491      D0FF80FE 
 491      3AB3
 492 172f 3118026C 		.ascii	"1\030\002l\014p\365\337i2\301,r\011\012\335\261\323"
 492      0C70F5DF 
 492      6932C12C 
 492      72090ADD 
 492      B1D3
 493 1741 A2F5336D 		.ascii	"\242\3653m\207\022\2415\033\177\037l\014e?\000\271\001"
 493      8712A135 
 493      1B7F1F6C 
 493      0C653F00 
ARM GAS  /tmp/ccAnbutU.s 			page 40


 493      B901
 494 1753 8A39CCB4 		.ascii	"\2129\314\264#\314\254\205\233\333-\201\356\253B`\326"
 494      23CCAC85 
 494      9BDB2D81 
 494      EEAB4260 
 494      D6
 495 1764 9BCDE61D 		.ascii	"\233\315\346\035\356!a\001;\201_\330\316P\013j\0167"
 495      EE216101 
 495      3B815FD8 
 495      CE500B6A 
 495      0E37
 496 1776 F11E8BB8 		.ascii	"\361\036\213\270\016/\177\031\300|\273\335\350e\303"
 496      0E2F7F19 
 496      C07CBBDD 
 496      E865C3
 497 1785 E090AF45 		.ascii	"\340\220\257Eo\336\023\352\217QQ\232E\014\023R\303\323"
 497      6FDE13EA 
 497      8F51519A 
 497      450C1352 
 497      C3D3
 498 1797 761DE007 		.ascii	"v\035\340\007\223\002\302\304\344\253\303\314\232\355"
 498      9302C2C4 
 498      E4ABC3CC 
 498      9AED
 499 17a5 3B82C236 		.ascii	";\202\3026)\321\355\001_\361\"h\207t\266\332\250\376"
 499      29D1ED01 
 499      5FF12268 
 499      8774B6DA 
 499      A8FE
 500 17b7 9E4AE767 		.ascii	"\236J\347g\012\331\365\203\017CTz \263\030w\177\030"
 500      0AD9F583 
 500      0F43547A 
 500      20B31877 
 500      7F18
 501 17c9 F2896A03 		.ascii	"\362\211j\003\240~\016"
 501      A07E0E
 502 17d0 D9FB33BF 		.ascii	"\331\3733\277=\237n\373\225\321\370\305?C\230\177\006"
 502      3D9F6EFB 
 502      95D1F8C5 
 502      3F43987F 
 502      06
 503 17e1 11FFBAD3 		.ascii	"\021\377\272\323\342\256\202R\370y`\300?\355\016\262"
 503      E2AE8252 
 503      F87960C0 
 503      3FED0EB2 
 504 17f1 B8849821 		.ascii	"\270\204\230!\201\376\274\011\2069\303&\230\316?p\207"
 504      81FEBC09 
 504      8639C326 
 504      98CE3F70 
 504      87
 505 1802 0926F5B6 		.ascii	"\011&\365\266\365\377\350g6~\306\202\034j\011\362\023"
 505      F5FFE867 
 505      367EC682 
 505      1C6A09F2 
 505      13
 506 1813 99FB8933 		.ascii	"\231\373\2113n\201~\301>\301A[}\320\036\263\217\215"
 506      6E817EC1 
ARM GAS  /tmp/ccAnbutU.s 			page 41


 506      3EC1415B 
 506      7DD01EB3 
 506      8F8D
 507 1825 0B70A4A0 		.ascii	"\013p\244\240\235\207\335h\010\000\253R\237|\327\327"
 507      9D87DD68 
 507      0800AB52 
 507      9F7CD7D7 
 508 1835 F2FFF7D5 		.ascii	"\362\377\367\325\274\344"
 508      BCE4
 509              		.text
 510              		.section	.gnu.lto_.symtab.9818efa3060888bd,"e",%progbits
 511 0000 616F7354 		.ascii	"aosTimeDayOfWeekFromDate\000"
 511      696D6544 
 511      61794F66 
 511      5765656B 
 511      46726F6D 
 512 0019 00       		.ascii	"\000"
 513 001a 00       		.ascii	"\000"
 514 001b 00       		.ascii	"\000"
 515 001c 00000000 		.ascii	"\000\000\000\000\000\000\000\000"
 515      00000000 
 516 0024 16020000 		.ascii	"\026\002\000\000"
 517 0028 616F7300 		.ascii	"aos\000"
 518 002c 00       		.ascii	"\000"
 519 002d 02       		.ascii	"\002"
 520 002e 00       		.ascii	"\000"
 521 002f 00000000 		.ascii	"\000\000\000\000\000\000\000\000"
 521      00000000 
 522 0037 2B020000 		.ascii	"+\002\000\000"
 523 003b 63685468 		.ascii	"chThdExit\000"
 523      64457869 
 523      7400
 524 0045 00       		.ascii	"\000"
 525 0046 02       		.ascii	"\002"
 526 0047 00       		.ascii	"\000"
 527 0048 00000000 		.ascii	"\000\000\000\000\000\000\000\000"
 527      00000000 
 528 0050 1E020000 		.ascii	"\036\002\000\000"
 529 0054 63687072 		.ascii	"chprintf\000"
 529      696E7466 
 529      00
 530 005d 00       		.ascii	"\000"
 531 005e 02       		.ascii	"\002"
 532 005f 00       		.ascii	"\000"
 533 0060 00000000 		.ascii	"\000\000\000\000\000\000\000\000"
 533      00000000 
 534 0068 27020000 		.ascii	"'\002\000\000"
 535              		.text
 536              		.section	.gnu.lto_.opts,"e",%progbits
 537 0000 272D666E 		.ascii	"'-fno-openmp' '-fno-openacc' '-fno-pie' '-mcpu=cort"
 537      6F2D6F70 
 537      656E6D70 
 537      2720272D 
 537      666E6F2D 
 538 0033 65782D6D 		.ascii	"ex-m3' '-mthumb' '-mfloat-abi=soft' '-march=armv7-m"
 538      33272027 
 538      2D6D7468 
ARM GAS  /tmp/ccAnbutU.s 			page 42


 538      756D6227 
 538      20272D6D 
 539 0066 2720272D 		.ascii	"' '-O2' '-fstack-usage' '-ffunction-sections' '-fda"
 539      4F322720 
 539      272D6673 
 539      7461636B 
 539      2D757361 
 540 0099 74612D73 		.ascii	"ta-sections' '-fno-common' '-flto' '-fshort-enums'\000"
 540      65637469 
 540      6F6E7327 
 540      20272D66 
 540      6E6F2D63 
 541              		.text
 542              		.comm	__gnu_lto_v1,1,1
 543              		.comm	__gnu_lto_slim,1,1
 544              		.ident	"GCC: (GNU Arm Embedded Toolchain 9-2020-q2-update) 9.3.1 20200408 (release)"
ARM GAS  /tmp/ccAnbutU.s 			page 43


DEFINED SYMBOLS
                            *ABS*:0000000000000000 aos_time.c
                            *COM*:0000000000000001 __gnu_lto_v1
                            *COM*:0000000000000001 __gnu_lto_slim

NO UNDEFINED SYMBOLS
