ARM GAS  /tmp/ccUHGug7.s 			page 1


   1              		.cpu cortex-m3
   2              		.eabi_attribute 20, 1
   3              		.eabi_attribute 21, 1
   4              		.eabi_attribute 23, 3
   5              		.eabi_attribute 24, 1
   6              		.eabi_attribute 25, 1
   7              		.eabi_attribute 26, 1
   8              		.eabi_attribute 30, 2
   9              		.eabi_attribute 34, 1
  10              		.eabi_attribute 18, 4
  11              		.file	"hal_pal.c"
  12              		.section	.gnu.lto_.profile.e9510184cafd2d9b,"e",%progbits
  13 0000 789CE360 		.ascii	"x\234\343``\004B \000\000\000]\000\013"
  13      60044220 
  13      0000005D 
  13      000B
  14              		.text
  15              		.section	.gnu.lto_.icf.e9510184cafd2d9b,"e",%progbits
  16 0000 789CE360 		.ascii	"x\234\343``d0b@\000\016\206\256\323\247\257\3612\316"
  16      60643062 
  16      40000E86 
  16      AED3A7AF 
  16      F132CE
  17 0013 7EB4E21A 		.ascii	"~\264\342\032\017\323\245?\255\347\331\231\317O\371"
  17      0FD3A53F 
  17      ADE7D999 
  17      CF4FF9
  18 0022 D0CEC8F2 		.ascii	"\320\316\310\362p\335\265\357\274\254G\017N\276\312"
  18      70DDB5EF 
  18      BCAC470F 
  18      4EBECA
  19 0031 CEF671F3 		.ascii	"\316\366q\363\212\313l\034\223>>8\312\311\000\000\203"
  19      8ACB6C1C 
  19      933E3E38 
  19      CAC90000 
  19      83
  20 0042 4B1923   		.ascii	"K\031#"
  21              		.text
  22              		.section	.gnu.lto_.jmpfuncs.e9510184cafd2d9b,"e",%progbits
  23 0000 789CBD91 		.ascii	"x\234\275\221\261\012\0021\020Dg\262\27136\372\001\367"
  23      B10A0231 
  23      104467B2 
  23      B93336FA 
  23      01F7
  24 0012 AF5AD8CA 		.ascii	"\257Z\330\312\265\226)\374\013\025\261\263\260\261\260"
  24      B59629FC 
  24      0B15B1B3 
  24      B0B1B0
  25 0021 B6BF42EE 		.ascii	"\266\277B\356\007\204\270\213\334\035\206\023\254\014"
  25      0784B88B 
  25      DC1D8613 
  25      AC0C
  26 002f 0C24B3B3 		.ascii	"\014$\263\263\273\017\022@4D\177\012\220\\F\201\223"
  26      BB0F1240 
  26      34447F0A 
  26      905C4681 
  26      93
ARM GAS  /tmp/ccUHGug7.s 			page 2


  27 0040 AD003C79 		.ascii	"\255\000<yB\365L)\315)\033a\275j\357\241\226($\270c"
  27      42F54C29 
  27      CD291B61 
  27      BD6AEFA1 
  27      962824B8 
  28 0055 65F24390 		.ascii	"e\362C\220t\032:\267\217\033-\3444\264g\245\326q}\275"
  28      741A3AB7 
  28      8F1B2DE4 
  28      34B467A5 
  28      D6717DBD 
  29 0069 C8DB220F 		.ascii	"\310\333\"\017\254\234\371}\033\3609\303\212c)\247\335"
  29      AC9CF97D 
  29      1BF039C3 
  29      8A6329A7 
  29      DD
  30 007a 62782A31 		.ascii	"bx*1D\346\210\343L\337\346\375\230\352\2662\212/\207"
  30      44E688E3 
  30      4CDFE6FD 
  30      98EAB632 
  30      8A2F87
  31 008d 96642B91 		.ascii	"\226d+\221\277\375\202\271e\244\356\037\244\245U9C\224"
  31      BFFD82B9 
  31      65A4EE1F 
  31      A4A55539 
  31      4394
  32 009f 42794BD5 		.ascii	"ByK\325D\025\202\376\026\3556\355\034\274\000\307\252"
  32      441582FE 
  32      16ED36ED 
  32      1CBC00C7 
  32      AA
  33 00b0 67D6     		.ascii	"g\326"
  34              		.text
  35              		.section	.gnu.lto_.inline.e9510184cafd2d9b,"e",%progbits
  36 0000 789C958F 		.ascii	"x\234\225\217=\012\002A\014\205\337$3\313\212\010\253"
  36      3D0A0241 
  36      0C85DF24 
  36      33CB8A08 
  36      AB
  37 0011 60EF513C 		.ascii	"`\357Q<\301\336A\334\237k\2147\330Z,\004\033{[\213\005"
  37      C1DE41DC 
  37      9F6B8C37 
  37      D85A2C04 
  37      1B7B5B8B 
  38 0026 5B1B4B5B 		.ascii	"[\033K[\013\033k{\223\321\365\007T\330\014<\336\220"
  38      0B1B6B7B 
  38      93D1F507 
  38      54D80C3C 
  38      DE90
  39 0038 F0BE2486 		.ascii	"\360\276$\206\301\332\340Y\016Hv\227\325\221\013C\030"
  39      C1DAE059 
  39      0E487697 
  39      D5910B43 
  39      18
  40 0049 694384C7 		.ascii	"iC\204\307\256\343\275_R\016\250\2519#\020\254XO\031"
  40      AEE3BD5F 
  40      520EA8A9 
  40      392310AC 
ARM GAS  /tmp/ccUHGug7.s 			page 3


  40      584F19
  41 005c 2CCC7C73 		.ascii	",\314|s\336\363\204\020\023\334L'3\304\032G]\221G<U"
  41      DEF38410 
  41      13DC4C27 
  41      33C41A47 
  41      5D91473C 
  42 0071 E9CB1086 		.ascii	"\351\313\020\206\247\353aK\245\3417\214Q\033\365%\266"
  42      A7EB614B 
  42      A5E1378C 
  42      511BF525 
  42      B6
  43 0082 A2A2158B 		.ascii	"\242\242\025\213B\177\212\344/\325b \324\005\227\237"
  43      427F8AE4 
  43      2FD56220 
  43      D405979F 
  44 0092 C739E548 		.ascii	"\3079\345HL\313\343lO\204\253T\337Od\004\027\222r\003"
  44      4CCBE36C 
  44      4F84AB54 
  44      DF4F6404 
  44      17927203 
  45 00a6 6A3211DD 		.ascii	"j2\021\335\215r\244\342\360\257e\304\204\255\370\333"
  45      8D72A4E2 
  45      F0AF65C4 
  45      84ADF8DB 
  46 00b6 5C73A055 		.ascii	"\\s\240U0p\003\3722S\006"
  46      307003FA 
  46      325306
  47              		.text
  48              		.section	.gnu.lto_.pureconst.e9510184cafd2d9b,"e",%progbits
  49 0000 789CE360 		.ascii	"x\234\343``d\020````e\230\305\3024\213\205e&\013\333"
  49      60641060 
  49      60606065 
  49      98C5C234 
  49      8B856526 
  50 0016 2C168E59 		.ascii	",\026\216Y,\000\033\212\003H"
  50      2C001B8A 
  50      0348
  51              		.text
  52              		.section	.gnu.lto_palReadBus.e9510184cafd2d9b,"e",%progbits
  53 0000 789C9553 		.ascii	"x\234\225S\315KTQ\024\277\347\235\367\336\274\031\237"
  53      CD4B5451 
  53      14BFE79D 
  53      F7DEBC19 
  53      9F
  54 0011 A3630581 		.ascii	"\243c\005\201\033\027\201\030\344\270m\027\010-k\321"
  54      1B178118 
  54      E4B86D17 
  54      082D6BD1 
  55 0021 1F102A82 		.ascii	"\037\020*\202\222T(\255\2753\216\271\360\243\210R\247"
  55      925428AD 
  55      BD338EB9 
  55      F0A38852 
  55      A7
  56 0032 185F300D 		.ascii	"\030_0\015\272\262D!\362\253I3\363+?\222\240\010\243"
  56      BAB24421 
  56      F2AB4933 
  56      F32B3F92 
ARM GAS  /tmp/ccUHGug7.s 			page 4


  56      A008A3
  57 0045 202BB384 		.ascii	" +\263\204r\321B\264s\356{\332$n|\314\234w\317\271\347"
  57      72D142B4 
  57      73EE7BDA 
  57      246E7CCC 
  57      9C77CFB9 
  58 005a FCEEF9FD 		.ascii	"\374\356\371\375\356y\226\000q_\027\242D\010q\216\376"
  58      EE799600 
  58      715F17A2 
  58      4408718E 
  58      FE
  59 006b 600AD0A4 		.ascii	"`\012\320\244\224g|\021K\323\364\271x\277\251\313\000"
  59      94677C11 
  59      4BD3F4B9 
  59      78BFA9CB 
  59      00
  60 007c F6AFCE9E 		.ascii	"\366\257\316\236\326\245\215{\021\303\213\350`x\331"
  60      D6A58D7B 
  60      11C38BE8 
  60      6078D9
  61 008b 06805A49 		.ascii	"\006\200ZI\013D\275\206\272\001\365p\003;\020V\242\211"
  61      0B44BD86 
  61      BA01F570 
  61      033B1056 
  61      A289
  62 009d 3F761B3A 		.ascii	"?v\033:(@'\367\366\364\300T\200]\200\002rco\272\236"
  62      284027F7 
  62      F6F4C054 
  62      805D8002 
  62      72636FBA 
  63 00b2 E845DD52 		.ascii	"\350E\335RFe\272\343\226\3315\260 \375\016j\"N\351C"
  63      4665BAE3 
  63      96D935B0 
  63      20FD0E6A 
  63      224EE943 
  64 00c6 900F8390 		.ascii	"\220\017\203\220/\370\201a(\242\364\306\305\216\353"
  64      2FF88161 
  64      28A2F4C6 
  64      C58EEB
  65 00d5 88A740D0 		.ascii	"\210\247@\320\272\241\253\275'\2530\245J7\037\240<\341"
  65      BAA1ABBD 
  65      27AB30A5 
  65      4A371FA0 
  65      3CE1
  66 00e7 20C208E0 		.ascii	" \302\010\340\177\245\024\243\342Q(\024\\\362\251o\373"
  66      7FA514A3 
  66      E2512814 
  66      5CF2A96F 
  66      FB
  67 00f8 4EB6A933 		.ascii	"N\266\2513:c>e\272\364N\242x\270d\244\345\366N\223L"
  67      3A633E65 
  67      BAF44EA2 
  67      78B864A4 
  67      E5F64E93 
  68 010d BF4F41E2 		.ascii	"\277OA\342l\036P\245\256\2211\220\215N\30648f\262\353"
  68      6C1E50A5 
  68      AE913190 
ARM GAS  /tmp/ccUHGug7.s 			page 5


  68      8D4EC634 
  68      3866B2EB 
  69 0121 636391F1 		.ascii	"cc\221\361\371\311X\001\336\315\342\225\315&\010|`H"
  69      F9C95801 
  69      DECDE295 
  69      CD26087C 
  69      6048
  70 0133 300FD18C 		.ascii	"0\017\321\214\202t\221:\310\264\020-\250\271N\204\234"
  70      8274913A 
  70      C8B4102D 
  70      A8B94E84 
  70      9C
  71 0144 3568186D 		.ascii	"5h\030m\032\351\263\271\215\004B\002\203\324a[\303\306"
  71      1AE9B3B9 
  71      8D044202 
  71      83D4615B 
  71      C3C6
  72 0156 8AC5F220 		.ascii	"\212\305\362 \010H\023\2035\210n5\201\233\243Q\232X"
  72      08481383 
  72      35886E35 
  72      819BA351 
  72      9A58
  73 0168 87C602D7 		.ascii	"\207\306\002\327eu\2076G\326\3741\210F\216;\350\217"
  73      65758736 
  73      47D6FC31 
  73      88468E3B 
  73      E88F
  74 017a 23B37906 		.ascii	"#\263y\0061\020\224L\273\223\033?\226\201\321\014B\033"
  74      3110944C 
  74      BB931B3F 
  74      9681D10C 
  74      421B
  75 018c 837C0703 		.ascii	"\203|\007\003\3423\304\276\226z\000\034S\362\266 \336"
  75      E233C4BE 
  75      967A001C 
  75      53F2B620 
  75      DE
  76 019d A52B456E 		.ascii	"\245+En\014\351\310a\277\233\3017\226~\367\350m0\005"
  76      0CE9C861 
  76      BF9BC137 
  76      967EF7E8 
  76      6D3005
  77 01b0 C908755E 		.ascii	"\311\010u^\340`\0265\252:cA{\037w\317g\227\364\312\233"
  77      E0601635 
  77      AA3A6341 
  77      7B1F77CF 
  77      6797F4CA 
  78 01c5 6ACB8671 		.ascii	"j\313\206qHA\247+\356s(a\212\203\273\315\033.ZR\316"
  78      4841A72B 
  78      EE732861 
  78      8A83BBCD 
  78      1B2E5A52 
  79 01da 749ADC92 		.ascii	"t\232\334\222\01590\261\217 \247e\020\364\035L\360\205"
  79      0D3930B1 
  79      8F20A765 
  79      10F41D4C 
  79      F085
ARM GAS  /tmp/ccUHGug7.s 			page 6


  80 01ec 4BD03C80 		.ascii	"K\320<\200\221/\203\221>\376=\371Q0#}\035b\012\222["
  80      912F8391 
  80      3EFE3DF9 
  80      5130237D 
  80      1D620A92 
  81 0201 4EF4CCEE 		.ascii	"N\364\314\356(@\313\301\3548_\021L2`\246\370A\345f\036"
  81      2840CBC1 
  81      EC385F11 
  81      4C3260A6 
  81      F841E566 
  82 0216 1D4C322B 		.ascii	"\035L2+\012~\220\277\346\002\254F\256\20390E\225\360"
  82      0A7E90BF 
  82      E602AC46 
  82      AE833930 
  82      4595F0
  83 0229 D213E3F7 		.ascii	"\322\023\343\367\227\211Q\213\363;\225\032A\230&5\334"
  83      9789518B 
  83      F33B951A 
  83      41982635 
  83      DC
  84 023a 219BA13C 		.ascii	"!\233\241<\007sU_F\346\010D\207\277\265\216\233n\363"
  84      0773555F 
  84      46E60844 
  84      87BFB58E 
  84      9B6EF3
  85 024d D6A1C40E 		.ascii	"\326\241\304\016\301\254\022\033X\3549%\366\330\356"
  85      C1AC121B 
  85      58EC3925 
  85      F6D8EE
  86 025c B5F933C9 		.ascii	"\265\3713\311\344)2\373\200\217\320q\360\312\003N\264"
  86      E42932FB 
  86      808FD071 
  86      F0CA034E 
  86      B4
  87 026d DE5B4502 		.ascii	"\336[E\002\216Ex\353(\314+`\215\201\027\024\360\336"
  87      8E4578EB 
  87      28CC2B60 
  87      8D811714 
  87      F0DE
  88 027f 3C040E39 		.ascii	"<\004\0169\017\213\377\346a\311\235\207\255\353\336"
  88      0F8BFFE6 
  88      61C99D87 
  88      ADEBDE
  89 028e 5D539D9F 		.ascii	"]S\235\237\0003\321\355C\241\037\203\327\012\235\341"
  89      0033D1ED 
  89      43A11F83 
  89      D70A9DE1 
  90 029e 61D9456F 		.ascii	"a\331Eo\337\235\244\220:\300\026?!\352\015S\210\273"
  90      DF9DA490 
  90      3AC0163F 
  90      21EA0D53 
  90      88BB
  91 02b0 6846D8A1 		.ascii	"hF\330\241\007\325\327(\304\311\342\3420\375.U\326^"
  91      07D5D728 
  91      C4C9E2E2 
  91      30FD2E55 
  91      D65E
ARM GAS  /tmp/ccUHGug7.s 			page 7


  92 02c2 AEAC0997 		.ascii	"\256\254\011\227VU\227W\237\277\020\276R\027\256*\253"
  92      56559757 
  92      9FBF10BE 
  92      5217AE2A 
  92      AB
  93 02d3 09D7D556 		.ascii	"\011\327\325V\360\373\342\325\262\232\342\012\201\345"
  93      F0FBE2D5 
  93      B29AE20A 
  93      81E5
  94 02e1 D7EAFE02 		.ascii	"\327\352\376\002\276\313\200\320"
  94      BECB80D0 
  95              		.text
  96              		.section	.gnu.lto_palWriteBus.e9510184cafd2d9b,"e",%progbits
  97 0000 789C9554 		.ascii	"x\234\225T\337o\024U\024>\337\234\231\331\331\337K\265"
  97      DF6F1455 
  97      143EDF9C 
  97      99D9D9DF 
  97      4BB5
  98 0012 48D2973E 		.ascii	"H\322\227>H\032L\354\326\027\211o&\274\353\203\177\200"
  98      481A4CEC 
  98      D617896F 
  98      26BCEB83 
  98      7F80
  99 0024 A18484C6 		.ascii	"\241\204\204\306F\015\325\370\310\335\355\266\373\300"
  99      460DD5F8 
  99      C8DDEDB6 
  99      FBC0
 100 0032 0F8DD176 		.ascii	"\017\215\321v\013.\253n*\370\002\030L\210\024\352Z\304"
 100      0B2EAB6E 
 100      2AF80218 
 100      4C8814EA 
 100      5AC4
 101 0044 0AB45010 		.ascii	"\012\264P\020\220\362\000\201\204j*\332D\033c\014i="
 101      90F20081 
 101      846A2ADA 
 101      441B630C 
 101      693D
 102 0056 E7CED4AE 		.ascii	"\347\316\324\256\225\227Nv\316\3169\367\234\357~\347"
 102      95974E76 
 102      CECE39F7 
 102      9CEF7EE7 
 103 0066 3B772620 		.ascii	";w& \320\230G\264\225\210^\222\033>\3011\306\274\030"
 103      D09847B4 
 103      95885E92 
 103      1B3EC131 
 103      C6BC18
 104 0079 2B048EE3 		.ascii	"+\004\216\343N\217\234\364]\223\340\223sS/\270&\305"
 104      4E8F9CF4 
 104      5D93E093 
 104      73532FB8 
 104      26C5
 105 008b FF46BC28 		.ascii	"\377F\274(\342\302\213\262=\300>\231\000\264\307a\327"
 105      E2C28BB2 
 105      3DC03E99 
 105      00B4C761 
 105      D7
 106 009c C31EBCCB 		.ascii	"\303\036\274\313\303\214\211\362\334W\316\226#\262h"
ARM GAS  /tmp/ccUHGug7.s 			page 8


 106      C38C89F2 
 106      DC57CE96 
 106      23B268
 107 00ab 1AC38BFE 		.ascii	"\032\303\213\376\240\031\330Tc\242\021\271\303\013\247"
 107      A019D854 
 107      63A211B9 
 107      C30BA7
 108 00ba B145F2EE 		.ascii	"\261E\362\356\024\253\177\245\016p\215\001W\334\017"
 108      14AB7FA5 
 108      0E708D01 
 108      57DC0F
 109 00c9 2E7E7921 		.ascii	".~y!\241\256\203vq\007\256\016\0172?\013\222\347\376"
 109      A1AE8376 
 109      7107AE0E 
 109      0F323F0B 
 109      92E7FE
 110 00dc C3434793 		.ascii	"\303CG\223\035\243\306\024M\343Q\235\315\3235f\234\005"
 110      1DA3C614 
 110      4DE3519D 
 110      CDD33566 
 110      9C05
 111 00ee 0B24CEA0 		.ascii	"\013$\316\240\015ch#\222\230@\217\243C\012\252K\237"
 111      0D636823 
 111      9298408F 
 111      A3430AAA 
 111      4B9F
 112 0100 4E26F939 		.ascii	"N&\3719[\274p\257\3629\242\342\251\317l\261\213\257"
 112      5BBC70AF 
 112      F239A2E2 
 112      A9CF6CB1 
 112      8BAF
 113 0112 FF57EC4A 		.ascii	"\377W\354Jq\003\035\244%\367\277X\3720\355\273\021e"
 113      71031DA4 
 113      25F7BF58 
 113      FA30EDBB 
 113      1165
 114 0124 7C031F12 		.ascii	"|\003\037\022\235\2359\2617\303\317[\320\343f\354p|"
 114      9D9D39B1 
 114      37C3CF5B 
 114      D0E366EC 
 114      707C
 115 0136 73DD82FE 		.ascii	"s\335\202\376y\310?h\032\245\366\032{\230X\203\253\327"
 115      79C83F68 
 115      1AA5F61A 
 115      7B985883 
 115      ABD7
 116 0148 2A20CE61 		.ascii	"* \316a\263\205S\324o\005\225\310\251K\272\204\217_"
 116      B38553D4 
 116      6F0595C8 
 116      A94BBA84 
 116      8F5F
 117 015a F31A6669 		.ascii	"\363\032fi\271l\0327\333\026\026\357n\330\004\341\344"
 117      B96C1A37 
 117      DB1616EF 
 117      6ED804E1 
 117      E4
 118 016b 3B6262AC 		.ascii	";bb\254\306\025\023x\032\363\325\215\251\011\304\304"
ARM GAS  /tmp/ccUHGug7.s 			page 9


 118      C6151378 
 118      1AF3D58D 
 118      A909C4C4 
 119 017b E36A126A 		.ascii	"\343j\022j\222\232\222R\223V7\243&\253&'&\321\002\325"
 119      929A9252 
 119      935637A3 
 119      26AB2627 
 119      26D102D5 
 120 018f A615DAE4 		.ascii	"\246\025\332\344F\273%\321^&\235\222\013\323 \332\307"
 120      46BB25D1 
 120      5E269D92 
 120      0BD320DA 
 120      C7
 121 01a0 4EE814C4 		.ascii	"N\350\024\304\231G\377xy\372TJ\311VEOn\221.\016\364"
 121      9947FF78 
 121      79FA544A 
 121      C956454F 
 121      6E912E0E 
 122 01b5 2FDC0974 		.ascii	"/\334\011tB\014\302yio\036\305Ge\2049\216\244\321C\014"
 122      420CC279 
 122      696F1EC5 
 122      47658439 
 122      8EA4D143 
 123 01ca B487AE1E 		.ascii	"\264\207\256\036\204\261\305\263\363\361\022\212\005"
 123      84B1C5B3 
 123      F3F1128A 
 123      05
 124 01d7 997F7244 		.ascii	"\231\177rD\226\011\337\241\004\222dY\235\\\370\365:"
 124      9609DFA1 
 124      04926459 
 124      9D5CF8F5 
 124      3A
 125 01e8 142D2668 		.ascii	"\024-&h\223h\253q\212\036\240\364\363\266\010@cV\277"
 125      9368AB71 
 125      8A1EA0F4 
 125      F3B60840 
 125      6356BF
 126 01fb 7DCC07E5 		.ascii	"}\314\007\345\364\261\022c\331\362L<\314\320C\323\270"
 126      F4B11263 
 126      D9F24C3C 
 126      CCD043D3 
 126      B8
 127 020c 7D623633 		.ascii	"}b63\212zA\230\313\000\322B\3242S\321\217\235:r%\335"
 127      8A7A4198 
 127      CB00D242 
 127      D43253D1 
 127      8F9D3A72 
 128 0222 75CCBC67 		.ascii	"u\314\274g\2272\370\036\243\250\204\023\275\200.m\361"
 128      9732F81E 
 128      A3A88413 
 128      BD802E6D 
 128      F1
 129 0233 F40A792F 		.ascii	"\364\012y/D\253\233K\025_)e\220\305\3055\015jZS\203"
 129      44AB9B4B 
 129      155F2965 
 129      90C5C535 
 129      0D6A5A53 
ARM GAS  /tmp/ccUHGug7.s 			page 10


 130 0248 B1C73778 		.ascii	"\261\3077x)l\320\177LG\261\246\216\334s\277\324\357"
 130      296CD07F 
 130      4C47B1A6 
 130      8EDC73BF 
 130      D4EF
 131 025a 9176E43E 		.ascii	"\221v\344>D\311B*\345\352\321\251e\013\030\3248;\302"
 131      44C9422A 
 131      E5EAD1A9 
 131      650B18D4 
 131      383BC2
 132 026d 8E004E29 		.ascii	"\216\000N)`\263\3709\3536o\235\253sx\314\356\232\337"
 132      60B3F839 
 132      EB366F9D 
 132      AB7378CC 
 132      EE9ADF
 133 0280 A713AA46 		.ascii	"\247\023\252F\256\306\033pY*1\035\211\361\307O\347\307"
 133      AEC61B70 
 133      592A311D 
 133      89F1C74F 
 133      E7C7
 134 0292 03CDAF58 		.ascii	"\003\315\257X5r\270\"j\330m1#y5n\261\274\274\346#P\254"
 134      3572B822 
 134      6AD86D31 
 134      2379356E 
 134      B1BCBCE6 
 135 02a9 941F6CD5 		.ascii	"\224\037l\325sZ\345\240\312\255\024jo\375\370\272\264"
 135      735AE5A0 
 135      CAAD146A 
 135      6FFDF8BA 
 135      B4
 136 02ba 7F0257AD 		.ascii	"\177\002W\255\366P\355\257\205\332\017\211\256\026*"
 136      F650EDAF 
 136      85DA0F89 
 136      AE162A
 137 02c9 61D1E3CD 		.ascii	"a\321\343\315\350\311uN\366\207\325\311^\017\321?\032"
 137      E8C9754E 
 137      F687D5C9 
 137      5E0FD13F 
 137      1A
 138 02da 8CD05321 		.ascii	"\214\320S!\332'7f\212\366\260\005\310\341\206\235l\377"
 138      DA273766 
 138      8AF6B005 
 138      C8E1869D 
 138      6CFF
 139 02ec DF2B3969 		.ascii	"\337+9iK\"\365\037V\031\241\024\366\274\232\227\265"
 139      4B22F51F 
 139      5619A114 
 139      F6BC9A97 
 139      B5
 140 02fd E1A4C6DE 		.ascii	"\341\244\306\336_\311\333h\313\263\315\354s\353b\377"
 140      5FC9DB68 
 140      CBB3CDEC 
 140      73EB62FF 
 141 030d 246E5AF6 		.ascii	"$nZ\366\216\262\377\321\262\237\030\262H\315Co\265C"
 141      8EB2FFD1 
 141      B29F18B2 
 141      48CD436F 
ARM GAS  /tmp/ccUHGug7.s 			page 11


 141      B543
 142 031f 5F832A7B 		.ascii	"_\203*{\347p+B\255\356?4\307\202Z*\350\322S\230\265"
 142      E7702B42 
 142      ADEE3F34 
 142      C7825A2A 
 142      E8D25398 
 143 0334 A82A0A6E 		.ascii	"\250*\012n\243K\210\322o(~\274\274\037\321\367G\337"
 143      A34B88D2 
 143      6F287EBC 
 143      BC1FD1F7 
 143      47DF
 144 0346 7E2CCBC5 		.ascii	"~,\313\305\366\355'z\246\2633/\277\327v\356~}go~\333"
 144      F6ED277A 
 144      A6B3332F 
 144      BFD776EE 
 144      7E7D676F 
 145 035c AE9EEE9E 		.ascii	"\256\236\356\236\227_\311\277\321\227\337\265\2757\337"
 145      975FC9BF 
 145      D197DFB5 
 145      BD37DF
 146 036b B77B87FE 		.ascii	"\267{\207\376\277\372\346\366\336\316\035\304\335o\367"
 146      BFFAE6F6 
 146      DECE1DC4 
 146      DD6FF7
 147 037a B9DD3D6F 		.ascii	"\271\335=o\365\341\235\177\000at\323\243"
 147      F5E19D7F 
 147      006174D3 
 147      A3
 148              		.text
 149              		.section	.gnu.lto_palSetBusMode.e9510184cafd2d9b,"e",%progbits
 150 0000 789C9553 		.ascii	"x\234\225S\317KTQ\024\276\347\235\367\336\274\371\325"
 150      CF4B5451 
 150      14BEE79D 
 150      F7DEBCF9 
 150      D5
 151 0011 9815046E 		.ascii	"\230\025\004n\\\004b\220c\213\026\355\002\027\355j\321"
 151      5C046290 
 151      638B16ED 
 151      0217ED6A 
 151      D1
 152 0022 1F106A82 		.ascii	"\037\020j\202\222e(\255\2753\2163\013E\203J\235\300"
 152      926528AD 
 152      BD338E33 
 152      0B45834A 
 152      9DC0
 153 0034 5E304DDA 		.ascii	"^0M\332\306\012\203H\035\23343u\31447\005\031\005Y\230"
 153      C60A8348 
 153      1D9B3433 
 153      75CC3437 
 153      05190559 
 154 0049 26648B10 		.ascii	"&d\213\020\321\316\271o\262\251\334xy\357\276{\316="
 154      D1CEB96F 
 154      B2A9DC78 
 154      79EFBE7B 
 154      CE3D
 155 005b E7BBDFF9 		.ascii	"\347\273\337\371\316}\226\000\321\241\013qL\010q\212"
 155      CE7D9600 
ARM GAS  /tmp/ccUHGug7.s 			page 12


 155      D1A10B71 
 155      4C08718A 
 156 006b 5E300568 		.ascii	"^0\005hR\312\023\256\220\245i\372t\274\337\324\245\007"
 156      52CA13AE 
 156      90A569FA 
 156      74BCDFD4 
 156      A507
 157 007d FB1733C7 		.ascii	"\373\0273\307u\351\303m\217\221\365\350`d\243\015\000"
 157      75E9C36D 
 157      8F91F5E8 
 157      6064A30D 
 157      00
 158 008e B5921688 		.ascii	"\265\222\026\210F\015u\003\032\241\035;\021Fb\213\217"
 158      460D7503 
 158      1AA11D3B 
 158      1146628B 
 158      8F
 159 009f B5E21EDA 		.ascii	"\265\342\036\332\224\351\3169WT6\037\264Q\2108\275\316"
 159      94E9CE39 
 159      5754361F 
 159      B4518838 
 159      BDCE
 160 00b1 800128A6 		.ascii	"\200\001(\246\270\205p\367O_\033\332\010\240\223ym\362"
 160      B88570F7 
 160      4F5F1BDA 
 160      08A09379 
 160      6DF2
 161 00c3 E184874D 		.ascii	"\341\204\207M\015\012\311l\236\355\214\"\036\001A\353"
 161      0D0AC96C 
 161      9EED8C22 
 161      1E0141EB 
 162 00d3 A69B1DBD 		.ascii	"\246\233\035\275\336\242\244\224a\231\316\334Fy\310"
 162      DEA2A494 
 162      6199CEDC 
 162      4679C8
 163 00e2 46841420 		.ascii	"F\204\024 A\302\020\024\300 \024\010A>\202\036\206\""
 163      41C21014 
 163      C0201408 
 163      413E821E 
 163      8622
 164 00f4 4A58EB4F 		.ascii	"JX\353O^\365\342Q\225\334\275\336\323\356\312&o$U\262"
 164      5EF5E251 
 164      95DCBDDE 
 164      D3EECA26 
 164      6F2455B2 
 165 0108 0E4FFE4B 		.ascii	"\016O\376K&M \015E\202S>>\330\274\3567\365,ex\312\""
 165      264D200D 
 165      4582533E 
 165      3ED8BCEE 
 165      37F52C65 
 166 011f D13781E2 		.ascii	"\3217\201\342\336\234\221\226\233[1\231^\276\003\357"
 166      DE9C9196 
 166      9B5B3199 
 166      5EBE03EF 
 167 012f 4EE60365 		.ascii	"N\346\003e\032\032M&\362\244\323\3442\330g\262\351\342"
 167      1A1A4D26 
 167      F2A4D3E4 
ARM GAS  /tmp/ccUHGug7.s 			page 13


 167      32D867B2 
 167      E9E2
 168 0141 C9A2C972 		.ascii	"\311\242\311r\323\344\366\360\256\227W~`\242y\340\234"
 168      D3E4F6F0 
 168      AE97577E 
 168      60A279E0 
 168      9C
 169 0152 D88282C5 		.ascii	"\330\202\202\305\322A\246\205hE\3151Bd,A\323p,\225\362"
 169      D241A685 
 169      6845CD31 
 169      42642C41 
 169      D3702C95 
 170 0167 31856E2A 		.ascii	"1\205n*\005\375\304\256\255iu\301b\241\020\004\214\020"
 170      05FDC4AE 
 170      AD6975C1 
 170      62A11004 
 170      8C10
 171 0179 FB25086F 		.ascii	"\373%\010o\304\300\211\321(L,Cs\241cr?\006\177\244\226"
 171      C4C089D1 
 171      284C2C43 
 171      73A16372 
 171      3F067FA4 
 172 018e DC110887 		.ascii	"\334\021\010\207\250\015\2368r%\243\020\001A\301\264"
 172      A80D9E38 
 172      7225A310 
 172      0141C1B4 
 173 019e 3BBEBA32 		.ascii	";\276\2722\017\214f\022\3323(\260\321+>A\344KY\026\200"
 173      0F8C6612 
 173      DA3328B0 
 173      D12B3E41 
 173      E44B5916 
 174 01b3 7DAA6BAD 		.ascii	"}\252k\255\2107\350\022 \023C:r\310\355Dp\357\322o\357"
 174      8837E812 
 174      2013433A 
 174      72C8ED44 
 174      70EFD26F 
 175 01c8 BFD99384 		.ascii	"\277\331\223\204D\210\230\027\332\350#\242\212\031\213"
 175      44889817 
 175      DAE823A2 
 175      8A198B
 176 01d7 D9F7A867 		.ascii	"\331\367\250g\306_\332'\257\250-?\214A\022\272\034a"
 176      C65FDA27 
 176      AFA82D3F 
 176      8C4112BA 
 176      1C61
 177 01e9 9F432997 		.ascii	"\237C)\2278\360\233\274\341\240%\344T\227\311\224\374"
 177      38F09BBC 
 177      E1A025E4 
 177      5497C994 
 177      FC
 178 01fa 1080F17F 		.ascii	"\020\200\361\177\012\344\260\234\002];\027\370\302)"
 178      0AE4B09C 
 178      025D3B17 
 178      F8C229
 179 0209 D0DCA122 		.ascii	"\320\334\241\"WNE\372\350\327\304\007\301\025\351\313"
 179      574E45FA 
 179      E8D7C407 
ARM GAS  /tmp/ccUHGug7.s 			page 14


 179      C115E9CB 
 180 0219 105190EA 		.ascii	"\020Q\220\352\312\364f\266\024\240e\343\2368j\0048\301"
 180      CAF466B6 
 180      14A065E3 
 180      9E386A04 
 180      38C1
 181 022b 80B9E207 		.ascii	"\200\271\342\007\224\231{t \301U\221\363\275\374>\355"
 181      94997B74 
 181      20C15591 
 181      F3BDFC3E 
 181      ED
 182 023c 6135F26C 		.ascii	"a5\362l\314\203)\312\204\311\254\030k\237\307\206-\216"
 182      CC8329CA 
 182      84C9AC18 
 182      6B9FC786 
 182      2D8E
 183 024e EF526A04 		.ascii	"\357Rj\004 Cj8\027l\232\342l\334\253x\031\271W <tw\005"
 183      20436A38 
 183      176C9AE2 
 183      6CDCAB78 
 183      19B95720 
 184 0266 1DEED6AE 		.ascii	"\035\356\326\256\264\316\207\227Jk`\255g\224\326\333"
 184      B4CE8797 
 184      4A6B60AD 
 184      6794D6DB 
 185 0276 5D73EF0A 		.ascii	"]s\357\012i\037\274RH\032#\315\376\215\344\331e\377"
 185      691FBC52 
 185      481A23CD 
 185      FE8DE4D9 
 185      65FF
 186 0288 E7FEF4FF 		.ascii	"\347\376\364\377\265\323\377\365h\266\267^\342E\200"
 186      B5D3FFF5 
 186      68B6B75E 
 186      E24580
 187 0297 D4DEE88E 		.ascii	"\324\336\350\216\275\330\037W\377\370\274\323\\K%\220"
 187      BDD81F57 
 187      FFF8BCD3 
 187      5C4B2590 
 188 02a7 C607C437 		.ascii	"\306\007\3047\010\337\032lw\204\344\321\202\260E\003"
 188      08DF1A6C 
 188      7784E4D1 
 188      82B04503 
 189 02b7 D51F25C4 		.ascii	"\325\037%\304\341\222\222 =\347\253\352/V\325\006\313"
 189      E1929220 
 189      3DE7ABEA 
 189      2F56D506 
 189      CB
 190 02c8 AA6B2A6A 		.ascii	"\252k*jN\237\011\3265\004\253\313k\203\015\365\225\374"
 190      4E9F09D6 
 190      3504ABCB 
 190      6B830DF5 
 190      95FC
 191 02da 3D7BA9BC 		.ascii	"={\251\274\266\244R`\305\345\006\375B\335\271\252_\233"
 191      B6A45260 
 191      C5E506FD 
 191      42DDB9AA 
 191      5F9B
ARM GAS  /tmp/ccUHGug7.s 			page 15


 192 02ec 517E76   		.ascii	"Q~v"
 193              		.text
 194              		.section	.gnu.lto_palSetPadCallbackI.e9510184cafd2d9b,"e",%progbits
 195 0000 789C8591 		.ascii	"x\234\205\221\317O\023Q\020\307\347\273o\273]\012h\342"
 195      CF4F1351 
 195      10C7E7BB 
 195      6FBB5D0A 
 195      68E2
 196 0012 C984683C 		.ascii	"\311\204h<\2304\230\320\222\036LL<\230x1^<\370\007\230"
 196      983498D0 
 196      921E4C4C 
 196      3C987831 
 196      5E3CF807 
 197 0027 5289101B 		.ascii	"R\211\020\033i\212w^K\001M\015\\V@\223f1\224\312\301"
 197      698A775E 
 197      4B014D0D 
 197      5C564093 
 197      663194CA 
 198 003c A0460E2A 		.ascii	"\240F\016**kA\260\245\"r\360\240\011\007Q\014\342\217"
 198      2A6B41B0 
 198      A52272F0 
 198      A0090751 
 198      0CE28F
 199 004f C478D083 		.ascii	"\304x\320\203\324y\333\032cz\340e_\366\315\233\371\314"
 199      D479DB1A 
 199      637AE065 
 199      5FF6CD9B 
 199      F9CC
 200 0061 7CF7BB26 		.ascii	"|\367\273&\201\212\032\321Q\"\332\307\033\202\240I)"
 200      818A1AD1 
 200      5122DAC7 
 200      1B82A049 
 200      29
 201 0072 8F7913A6 		.ascii	"\217y\023\246\006\270'i\202z4\364`H\214\010\344\007"
 201      06B82769 
 201      827A34F4 
 201      60488C08 
 201      E407
 202 0084 361E68CD 		.ascii	"6\036h\31579#\235\221a_\277\354\333k\013\242k\274+\013"
 202      3739239D 
 202      91615FBF 
 202      ECDB6B0B 
 202      A26BBC2B 
 203 0099 0FD1CC75 		.ascii	"\017\321\314uk\311\314\317\206Aa\013@\347\320*N\027"
 203      6BC9CCCF 
 203      8641610B 
 203      40E7D02A 
 203      4E17
 204 00ab 7C2AD470 		.ascii	"|*\324p\200\303\271\345\362}\237h\001\361yk*\367}\227"
 204      80C3B9E5 
 204      F27D9F68 
 204      01F1796B 
 204      2AF77D97 
 205 00bf 7F42CAA4 		.ascii	"\177B\312\244t\336g\205<h\013\201\307\020\334\022\217"
 205      74DE6785 
 205      3C680B81 
 205      C710DC12 
ARM GAS  /tmp/ccUHGug7.s 			page 16


 205      8F
 206 00d0 D0841934 		.ascii	"\320\204\0314\021\361\035\267~\002\277\352\365ei\217"
 206      11F11DB7 
 206      7E02BFEA 
 206      F565698F 
 207 00e0 08B9ECEF 		.ascii	"\010\271\354\357\351\227\213\365\177\331\234\313\352"
 207      E9978BF5 
 207      7FD99CCB 
 207      EA
 208 00ed 98AD6175 		.ascii	"\230\255auf\035\227\315\257\\\036\336-\016\273p\366"
 208      661D97CD 
 208      AF5C1EDE 
 208      2D0EBB70 
 208      F6
 209 00fe CDAD7463 		.ascii	"\315\255tc\025\336\230\334\237\355\225'l\341\301\323"
 209      15DE98DC 
 209      9FED9527 
 209      6CE1C1D3 
 210 010e 1ADCC378 		.ascii	"\032\334\303x\336\305\267d\232\225\035q\361\222\225"
 210      DEC5B764 
 210      9A951D71 
 210      F19295
 211 011d DA44152F 		.ascii	"\332D\025/Uf\033\230\253\201\015\206\347\341'\205\274"
 211      55661B98 
 211      AB810D86 
 211      E7E12785 
 211      BC
 212 012e BBBB7DB5 		.ascii	"\273\273}\265\321\320\253n\341\031\014\366\237\350\366"
 212      D1D0AB6E 
 212      E1190CF6 
 212      9FE8F6
 213 013d AAC791DB 		.ascii	"\252\307\221\333\345\001\351\374\310\341\336I/\240\324"
 213      E501E9FC 
 213      C8E1DE49 
 213      2FA0D4
 214 014c B2733CD4 		.ascii	"\262s<\324\203\012\235\026\244<\327!\035\242+B\253\004"
 214      830A9D16 
 214      A43CD721 
 214      1DA22B42 
 214      AB04
 215 015e 090E3E21 		.ascii	"\011\016>!y}s\350\203\241\332\361\214\301\336ok\246"
 215      797D73E8 
 215      83A1DAF1 
 215      8CC1DE6F 
 215      6BA6
 216 0170 72DAEBAA 		.ascii	"r\332\353\252\314L\226\312u)$\023\246-\314q5\227/_\277"
 216      CC4C96CA 
 216      75292413 
 216      A62DCC71 
 216      35972F5F 
 217 0185 5D58C104 		.ascii	"]X\301\004\306a\213:,\"\005,(\261\234\371\265\372j\276"
 217      C6618B3A 
 217      2C22052C 
 217      28B19CF9 
 217      B5FA6ABE 
 218 0199 21744775 		.ascii	"!tGu\037\233\261Zl\341\303s\256\314\010\245S\025\\\372"
 218      1F9BB15A 
ARM GAS  /tmp/ccUHGug7.s 			page 17


 218      6CE1C373 
 218      AECC08A5 
 218      53155CFA 
 219 01ad 2C73DED6 		.ascii	",s\336\326)\267`\3262\224a\005\204F+\037TDk\206\177"
 219      29B760D6 
 219      32946105 
 219      84462B1F 
 219      54446B86 
 220 01c2 94AB68B4 		.ascii	"\224\253h\264\317[U\264\263\204\245\035$\224\376\223"
 220      CF5B55B4 
 220      B384A51D 
 220      2494FE93 
 221 01d2 D09FBA51 		.ascii	"\320\237\272Q\250\257JXW\022\014\274P\022T\036\313J"
 221      A8AF4A58 
 221      57120CBC 
 221      5012541E 
 221      CB4A
 222 01e4 8287BE22 		.ascii	"\202\207\276\"9\366\321\202k\261Zi\201\177\366\021\035"
 222      39F6D182 
 222      6BB15A69 
 222      817FF611 
 222      1D
 223 01f5 0A0482FC 		.ascii	"\012\004\202\374\234o\217_h\217\006\217wt\266u\236:"
 223      9C6F8F5F 
 223      688F068F 
 223      7774B675 
 223      9E3A
 224 0207 1DECEA0E 		.ascii	"\035\354\352\016v\204\243\301\356xD\275\317\304\302"
 224      7684A3C1 
 224      EE7844BD 
 224      CFC4C2
 225 0216 D14084F4 		.ascii	"\321@\204\364XW\374\242\210\205\317j\2216\021\216\237"
 225      5857FCA2 
 225      8885CF6A 
 225      9136118E 
 225      9F
 226 0227 FB03E6E7 		.ascii	"\373\003\346\347\367#"
 226      F723
 227              		.text
 228              		.section	.gnu.lto_palSetLineCallbackI.e9510184cafd2d9b,"e",%progbits
 229 0000 789C8592 		.ascii	"x\234\205\222]K\024a\024\307\317\177\316\354\354\254"
 229      5D4B1461 
 229      14C7CF7F 
 229      CEECECAC 
 230 0010 29DE0A12 		.ascii	")\336\012\022t\021,\006\356\312B\320e\320\007\350\242"
 230      74112C06 
 230      EECA42D0 
 230      65D007E8 
 230      A2
 231 0021 0F10EBB2 		.ascii	"\017\020\353\262\244\264X\254\037\300g\327u-6\364\""
 231      A4B458AC 
 231      1FC067D7 
 231      752D36F4 
 231      22
 232 0032 57CB58C6 		.ascii	"W\313X\306\360\245.B\015\274\360\245r2\263\32660\243"
 232      F0A52E42 
 232      0DBCF0A5 
ARM GAS  /tmp/ccUHGug7.s 			page 18


 232      7232B3D6 
 232      3630A3
 233 0045 880A2F7A 		.ascii	"\210\012/zE{\203\350\242\"\264\363\314,Dx\3410\017\363"
 233      457B83E8 
 233      A222B4F3 
 233      CC2C4478 
 233      E1300FF3 
 234 0059 9CE79CFF 		.ascii	"\234\347\234\377y~\347\317\330\004\2323\210\216\020"
 234      797EE7CF 
 234      D8049A33 
 234      888E10
 235 0068 D17E5960 		.ascii	"\321~Y`\202\241\224:\032\314\330\006\340\355\224\015"
 235      82A1943A 
 235      1ACCD806 
 235      E0ED940D 
 236 0078 EA32D085 		.ascii	"\3522\320\205~\036b,\365~\2303\232\256IF\271C/j\362"
 236      7E1E622C 
 236      F57E9833 
 236      9AAE4946 
 236      B9432F6A 
 237 008d AAA7C161 		.ascii	"\252\247\301a\242\313\262\374\007\363h\222\272\215l"
 237      A2CBB2FC 
 237      07F36892 
 237      BA8D6C
 238 009c E9676D1F 		.ascii	"\351gm\037;\014\230\022\016\254\316\224kth\340\200\204"
 238      3B0C9812 
 238      0EACCE94 
 238      6B7468E0 
 238      8084
 239 00ae 57B6BFE7 		.ascii	"W\266\277\347\301\315 \331\217\315\376~g\207\307\225"
 239      C1CD20D9 
 239      8FCDFE7E 
 239      6787C795 
 240 00be CA2AF7F5 		.ascii	"\312*\367\365\030\253\203\0163n\203\245%n\241\021\013"
 240      18AB830E 
 240      336E83A5 
 240      256EA111 
 240      0B
 241 00cf 68249233 		.ascii	"h$\2223i}\007a\215\260v~\260\236c\276\370\345\215B]"
 241      697D0761 
 241      8DB0767E 
 241      B09E63BE 
 241      F8E58D42 
 242 00e4 55FC67C2 		.ascii	"U\374g\302\023\233X\334%6E\354z\342O\252 \275\017{\342"
 242      139B58DC 
 242      253645EC 
 242      7AE24FAA 
 242      20BD0F7B 
 243 00f9 CA406E13 		.ascii	"\312@n\023Uq\245aX\271\246\303\001\334\335\245\016\210"
 243      5571A561 
 243      58B9A6C3 
 243      01DCDDA5 
 243      0E88
 244 010b 7A0961D2 		.ascii	"z\011a\322\23277\267\213u\226Y\035\030\367`\211\205"
 244      9A3737B7 
 244      8B759659 
 244      1D18F760 
ARM GAS  /tmp/ccUHGug7.s 			page 19


 244      8985
 245 011d 4453EB01 		.ascii	"DS\353\001Wm\357\364*\367G\303\374dH,s\330\022\007\205"
 245      576DEFF4 
 245      2AF747C3 
 245      FC64482C 
 245      73D81207 
 246 0132 D884BEDA 		.ascii	"\330\204\276\332\202\337\242\300\244\2753\241\\\242"
 246      82DFA2C0 
 246      A4BD33A1 
 246      5CA2
 247 0140 0B6CF841 		.ascii	"\013l\370AF\202-t\017\366~y6\003\335\264\304(\261!\367"
 247      46822D74 
 247      0FF67E79 
 247      3603DDB4 
 247      C428B121 
 248 0155 B9D3179F 		.ascii	"\271\323\027\237\006\265q\026\352\261,<[\310\016oN\275"
 248      06B57116 
 248      EAB12C3C 
 248      5BC80E6F 
 248      4EBD
 249 0167 B77495E4 		.ascii	"\267t\225\344\373\272\277m\330:\037\364F*]\257\354\204"
 249      FBBABF6D 
 249      D83A1FF4 
 249      462A5DAF 
 249      EC84
 250 0179 72C8666C 		.ascii	"r\310fl\207\355Q\315(\207\317_\255\254a\034\243p8\204"
 250      87ED51CD 
 250      2887CF5F 
 250      ADAC611C 
 250      A3703884 
 251 018d 15E480FB 		.ascii	"\025\344\200\373z0\311\374Z\177\262\\\033\233\326\020"
 251      7A30C9FC 
 251      5A7FB25C 
 251      1B9BD610 
 252 019d 230BC566 		.ascii	"#\013\305f\207k\360@*\345v\362\245\347>\253\211`\313"
 252      876BF040 
 252      2AE576F2 
 252      A5E73EAB 
 252      8960CB
 253 01b0 A457B058 		.ascii	"\244W\260X\264\264\273\017\021\273\344\017_FKI\254\365"
 253      B4B4BB0F 
 253      11BBE40F 
 253      5F464B49 
 253      ACF5
 254 01c2 88667B82 		.ascii	"\210f{\202U\242\275\021V\367@x\364\037B>w\265\274\257"
 254      55A2BD11 
 254      56F74078 
 254      F41F423E 
 254      77B5BCAF 
 255 01d6 8AF05623 		.ascii	"\212\360V#\004P\321\010:\217\307\032\301\242\257\310"
 255      0450D108 
 255      3A8FC71A 
 255      C1A2AFC8 
 256 01e6 8E7C2C7A 		.ascii	"\216|,z\316y?a\201\361\317e\242C\221HT\336\323\311t"
 256      CE793F61 
 256      81F1CF65 
 256      A2439148 
ARM GAS  /tmp/ccUHGug7.s 			page 20


 256      54DED3C9 
 257 01fb 4732153D 		.ascii	"G2\025=\326\326\336\332~\374D\364Lg\264-\236\212v\246"
 257      D6D6DEDA 
 257      7EFC44F4 
 257      4C67B42D 
 257      9E8A76A6 
 258 020f 13FA7BF2 		.ascii	"\023\372{\362l<\025I\220\231j\357H\032\211V\216\247"
 258      6C3C1549 
 258      90996AEF 
 258      481A8956 
 258      8EA7
 259 0221 4FFD0541 		.ascii	"O\375\005A\252\360I"
 259      AAF049
 260              		.text
 261              		.section	.gnu.lto_.symbol_nodes.e9510184cafd2d9b,"e",%progbits
 262 0000 789C75CE 		.ascii	"x\234u\316\273\015\302P\014\205\341s\354\233\204\307"
 262      BB0DC250 
 262      0C85E173 
 262      EC9B84C7 
 263 0010 10202681 		.ascii	"\020 &\201]`\016\247`\000jZF\240\243\205\022\261\003"
 263      5D600EA7 
 263      60006A5A 
 263      46A0A385 
 263      12B103
 264 0023 12424078 		.ascii	"\022B@x3\000\334pQB\221\270\262\364\375\222\335\000"
 264      3300DC70 
 264      514291B8 
 264      B2F4FD92 
 264      DD00
 265 0035 31220039 		.ascii	"1\"\0009\320\220\372q\234l\000\003\026\351\000\271 "
 265      D090FA71 
 265      9C6C0003 
 265      16E900B9 
 265      20
 266 0046 BA11690F 		.ascii	"\272\021i\017P9\322X\323\334\311\320\234hR\323<(\241"
 266      5039D258 
 266      D3DCC9D0 
 266      9C6852D3 
 266      3C28A1
 267 0059 C9685AD3 		.ascii	"\311hZ\323\274\250\335\374\2353\315U'\274\322\242\367"
 267      BCA8DDFC 
 267      9D33CD55 
 267      27BCD2A2 
 267      F7
 268 006a 6F3A5F86 		.ascii	"o:_\206\377\274\357\345B\213\253\345IK*E\321\012g\206"
 268      FFBCEFE5 
 268      428BABE5 
 268      494B2A45 
 268      D10A6786 
 269 007e 7E9BCEF7 		.ascii	"~\233\316\367k\3458V4\227\331l\013\256b\225\302\245"
 269      6BE53856 
 269      3497D96C 
 269      0BAE6295 
 269      C2A5
 270 0090 7429DD15 		.ascii	"t)\335\025\356Jw\177\336\016\276K\360\001\355bn?"
 270      EE4A777F 
 270      DE0EBE4B 
ARM GAS  /tmp/ccUHGug7.s 			page 21


 270      F001ED62 
 270      6E3F
 271              		.text
 272              		.section	.gnu.lto_.refs.e9510184cafd2d9b,"e",%progbits
 273 0000 789C0DC4 		.ascii	"x\234\015\304\301\021\000 \010\003\301\\Pa\250\202\376"
 273      C1110020 
 273      0803C15C 
 273      5061A882 
 273      FE
 274 0011 AB947D6C 		.ascii	"\253\224}l\011\215\264\233\306\216\346\370\266\037\011"
 274      098DB49B 
 274      C68EE6F8 
 274      B61F09
 275 0020 69D74686 		.ascii	"i\327F\206>\015\014\000\232"
 275      3E0D0C00 
 275      9A
 276              		.text
 277              		.section	.gnu.lto_.decls.e9510184cafd2d9b,"e",%progbits
 278 0000 789C9558 		.ascii	"x\234\225XyPTG\032\177\375z\200a\030\300R\023\255\""
 278      79505447 
 278      1A7FFD7A 
 278      806118C0 
 278      5213AD22 
 279 0014 95D28494 		.ascii	"\225\322\204\224\233T\224\250\251R\267v\223]\315\256"
 279      9B5494A8 
 279      A952B776 
 279      935DCDAE 
 280 0024 B162620A 		.ascii	"\261bb\012\263\265\225\332\335\232\214\303 l\006\306"
 280      B3B595DA 
 280      DD9A8CC3 
 280      206C06C6 
 281 0034 85216BFE 		.ascii	"\205!k\376\331<\016\021\221(x\202\250\200\202J\020\301"
 281      D93C0E11 
 281      91287882 
 281      A880824A 
 281      10C1
 282 0046 A824911B 		.ascii	"\250$\221\033\304\003A.\021\344\220C\016\017\020DE@"
 282      C403412E 
 282      11E49043 
 282      0E0F1044 
 282      4540
 283 0058 09FB75F7 		.ascii	"\011\373u\367{3o\206\031\327}\360\315{\375\365w\374"
 283      7B336F86 
 283      19D77DF0 
 283      CD7BFDF5 
 283      77FC
 284 006a BEAFEF56 		.ascii	"\276\257\357Vr\210\373\375\034\216S`FS\3608s\034W\007"
 284      7288FBFD 
 284      1C8E5360 
 284      4653F038 
 284      731C5707 
 285 007e A4026A06 		.ascii	"\244\002j\006\352\001\"\274r\240>\240_\201@\215s\001"
 285      EA0122BC 
 285      72A03EA0 
 285      5F81408D 
 285      7301
 286 0090 DA089FAE 		.ascii	"\332\010\237\256\210\243\217\022h&|\317\001z\015\350"
ARM GAS  /tmp/ccUHGug7.s 			page 22


 286      88A38F12 
 286      68267CCF 
 286      017A0DE8 
 287 00a0 4DA0B781 		.ascii	"M\240\267\201\026\001\255\000\372\020H\0012k\340\275"
 287      1601AD00 
 287      FA104801 
 287      326BE0BD 
 288 00b0 0EC81748 		.ascii	"\016\310\027H+\352J\317[<\307\275J\354\000\315\026}"
 288      2BEA4ACF 
 288      5B3CC7BD 
 288      4AEC00CD 
 288      167D
 289 00c2 120C3AC4 		.ascii	"\022\014:\3040|\0114\011\264\000\310\037x\313\201\232"
 289      307C0934 
 289      09B400C8 
 289      1F78CB81 
 289      9A
 290 00d3 E07B23BC 		.ascii	"\340{#\274\003\200\002\201\376\004\264\020\350\237@"
 290      03800281 
 290      FE04B410 
 290      E89F40
 291 00e2 5F033D87 		.ascii	"_\003=\207\372\373@\006\321\377u\240\006\240q\240F "
 291      FAFB4006 
 291      D1FF75A0 
 291      06A071A0 
 291      4620
 292 00f4 2CE25E21 		.ascii	",\342^!bE\"F\371\343\003\270\346\302;@\206\255Y\304"
 292      62452246 
 292      F9E303B8 
 292      E6C23B40 
 292      86AD59C4 
 293 0108 1784ACF1 		.ascii	"\027\204\254\361-\0201\332\303\027\014\264V\304g\260"
 293      2D1031DA 
 293      C3170CB4 
 293      56C467B0 
 294 0118 8351C2D7 		.ascii	"\203Q\302\327(b|*\342\233c\203o\235\015\276\025b\336"
 294      28627C2A 
 294      E29B6383 
 294      6F9D0DBE 
 294      1562DE
 295 012b 6CF1F5FD 		.ascii	"l\361\365\375\037\271#\355|\233\263\344\216\3403\002"
 295      1FB923ED 
 295      7C9BB3E4 
 295      8EE03302 
 296 013b 7D801806 		.ascii	"}\200\030\006)o\215\"\316\327d\230>\024q\371\332\340"
 296      296F8D22 
 296      CED76498 
 296      3E1471F9 
 296      DAE0
 297 014d 5A0DB8DC 		.ascii	"Z\015\270\334lp\331\366\237M\360\376\027\320W@\032 "
 297      6C70D9F6 
 297      9F4DF0FE 
 297      17D05740 
 297      1A20
 298 015f 50E1FE0E 		.ascii	"P\341\376\016\357\177\2106\337\024\337\266}e\275\035"
 298      EF7F8836 
 298      DF14DFB6 
ARM GAS  /tmp/ccUHGug7.s 			page 23


 298      7D65BD1D 
 299 016f DBAE32BB 		.ascii	"\333\2562\273\013^\302\366\333\016l\357\307\350V\304"
 299      0B5EC2F6 
 299      DB0E6CEF 
 299      C7E856C4 
 300 017f A131F50E 		.ascii	"\2411\365\016\214f\252\220\002\212{*\317^QAq\266\012"
 300      8C66AA90 
 300      028A7B2A 
 300      CF5E5141 
 300      71B60A
 301 0192 CD8362F1 		.ascii	"\315\203b\361\324\276b\005\253UBq\352X\3566%\346\021"
 301      D4BE6205 
 301      AB554271 
 301      EA58EE36 
 301      25E611
 302 01a5 512C889E 		.ascii	"Q,\210\236,r\201\252\005*D\206\223'\260.\015\015^G\214"
 302      2C7281AA 
 302      052A4486 
 302      9327B02E 
 302      0D0D5E47 
 303 01ba 4524CE74 		.ascii	"E$\316t\017^Vc\027\372=p\256\333\350\223-\260G\031\310"
 303      0F5E5663 
 303      17FA3D70 
 303      AEDBE893 
 303      2DB04719 
 304 01cf A112842D 		.ascii	"\241\022\204- \242.\214&\270\343\337R\311\264\252\366"
 304      20A22E8C 
 304      26B8E3DF 
 304      52C9B4AA 
 304      F6
 305 01e0 2D9EAA18 		.ascii	"-\236\252\030A\210\020R#\005\327\2179\224\217\274\320"
 305      41881052 
 305      2305D78F 
 305      39948FBC 
 305      D0
 306 01f1 79E4C5A1 		.ascii	"y\344\305\2412Dm\227\"\037T\014\274\"\340\201B\343\303"
 306      32446D97 
 306      221F540C 
 306      BC22E081 
 306      42E3C3
 307 0204 917D1E78 		.ascii	"\221}\036x5Un\335rz\007\232\225 \372\021\020\213\027"
 307      35556EDD 
 307      727A079A 
 307      9520FA11 
 307      108B17
 308 0217 55A05944 		.ascii	"U\240YDK\364v\373i\377O\236\3703\252p8\367\302\270\233"
 308      4BF476FB 
 308      69FF4F9E 
 308      F833AA70 
 308      38F7C2B8 
 309 022c AD02BA08 		.ascii	"\255\002\272\010\216\254u\322G\263\223xu\254\031\025"
 309      8EAC75D2 
 309      47B39378 
 309      75AC1915 
 310 023c BA04D512 		.ascii	"\272\004\325\0220\016]Fj&\367\323\266\304~w\3747j;\247"
 310      300E5D46 
 310      6A26F7D3 
ARM GAS  /tmp/ccUHGug7.s 			page 24


 310      B6C47E77 
 310      FC376A3B 
 311 0251 FE599B43 		.ascii	"\376Y\233C\035t\005|\230\3252\237\354HV\261<\253\241"
 311      1D74057C 
 311      98D5329F 
 311      EC4856B1 
 311      3CABA1
 312 0264 78BEF1EA 		.ascii	"x\276\361\352\021\017\326\012\235\244\372\361\356\226"
 312      110FD60A 
 312      9DA4FAF1 
 312      EE96
 313 0272 0E0FEC6F 		.ascii	"\016\017\354o\225\367/\247\347\375K\226\367\201\332"
 313      95F72FA7 
 313      E7FD4B96 
 313      F781DA
 314 0281 9A068483 		.ascii	"\232\006\204\203\350w\322\205\375u*\373\331\254ET\203"
 314      E877D285 
 314      FD752AFB 
 314      D9AC4554 
 314      83
 315 0292 64B30678 		.ascii	"d\263\006x\327h6\025\211\011\271\203j4\313\333\333\233"
 315      D7683615 
 315      8909B983 
 315      6A34CBDB 
 315      DB9B
 316 02a4 26259E24 		.ascii	"&%\236$E\301\241*\220\270JC\255gyA\015\310\0335\002"
 316      45C1A12A 
 316      90B84A43 
 316      AD677941 
 316      0DC81B35 
 317 02b9 5D47DE24 		.ascii	"]G\336$GG\210\213\222\246\224wsF\356\010\302\256\271"
 317      4747888B 
 317      92A69477 
 317      7346EE08 
 317      C2AEB9
 318 02cc A812A9D1 		.ascii	"\250\022\251\321\005pQo\225(\037\362\263\330K\222\277"
 318      0570516F 
 318      95281FF2 
 318      B3D84B92 
 318      BF
 319 02dd B7FC8050 		.ascii	"\267\374\200P\022\345\214\352\220\012UO\023.@\326\322"
 319      12E58CEA 
 319      900A554F 
 319      132E40D6 
 319      D2
 320 02ee 95A27439 		.ascii	"\225\242t9H\027\3327\235O>!\356\361\314G\2171\316D4"
 320      4817DA37 
 320      9D4F3E21 
 320      EEF1CC47 
 320      8F31CE44 
 321 0303 0959D185 		.ascii	"\011Y\321\2051\312Yb<QV\361\240\033\242\035;!\201\346"
 321      31CA5962 
 321      3C5156F1 
 321      A01BA21D 
 321      3B2181E6 
 322 0317 C1B1AE21 		.ascii	"\301\261\256!'y\0236Y\271l\246\355G^\244\351/\336\311"
 322      27791336 
ARM GAS  /tmp/ccUHGug7.s 			page 25


 322      59B96CA6 
 322      ED475EA4 
 322      E92FDEC9 
 323 032b 1047923B 		.ascii	"\020G\222;\024/\247T\237\367 \231\027DU\340[4[\220\212"
 323      142FA754 
 323      9FF72099 
 323      174455E0 
 323      5B345B90 
 324 0340 20463759 		.ascii	" F7Y\037\316O\213.wf\272\036P\3741\256oD\315\332\177"
 324      1FCE4F8B 
 324      2E7766BA 
 324      1E50FC31 
 324      AE6F44CD 
 325 0356 9876F1B1 		.ascii	"\230v\361\261\302\0115\316\241\321\340\360\330\211\233"
 325      C20935CE 
 325      A1D1E0F0 
 325      D8899B
 326 0365 18A9BC10 		.ascii	"\030\251\274\020\030C\264e\205\243\002\236\313\241\245"
 326      1843B465 
 326      85A3029E 
 326      CBA1A5
 327 0374 5EE83D88 		.ascii	"^\350=\210\250\035\"\272E\314w\200@'\330O\022\224\224"
 327      A81D22BA 
 327      45CC7780 
 327      4027D84F 
 327      129494
 328 0387 912480F4 		.ascii	"\221$\200\364\360w\364\033\214\266\234\177Z\215g\306"
 328      F077F41B 
 328      8CB69C7F 
 328      5A8D67C6 
 329 0397 8BADFC07 		.ascii	"\213\255\374\007D\370\250\015tZ)\302.4\223\301\244\211"
 329      44F8A80D 
 329      745A29C2 
 329      2E3493C1 
 329      A489
 330 03a9 88E97952 		.ascii	"\210\351yR\350\246\022\275E\275\310\033\010\227^\251"
 330      E8A612BD 
 330      45BDC81B 
 330      08975EA9 
 331 03b9 6EE1E596 		.ascii	"n\341\345\226\273_`9#%\351\032\226\247\3706\232)KT\017"
 331      BB5F6039 
 331      2325E91A 
 331      96A7F836 
 331      9A294B54 
 332 03ce 4B710F4D 		.ascii	"Kq\017M\361\017\325\231\317\025\370,k\325\321\350\232"
 332      F10FD599 
 332      CF15F82C 
 332      6BD5D1E8 
 332      9A
 333 03df 3117FB5D 		.ascii	"1\027\373]\273w\372D\201\372\220\012\224\262\363\342"
 333      BB77FA44 
 333      81FA900A 
 333      94B2F3E2 
 334 03ef 925D58A2 		.ascii	"\222]X\242\347\222\311\246\2616\002\261\342\014\222"
 334      E792C9A6 
 334      B13602B1 
 334      E20C92
ARM GAS  /tmp/ccUHGug7.s 			page 26


 335 03fe F71B27F2 		.ascii	"\367\033'\362\225\270\220\331\317LO8\342\214KY\341\312"
 335      95B890D9 
 335      CF4C4F38 
 335      E28C4B59 
 335      E1CA
 336 0410 F38A4B6A 		.ascii	"\363\212Kj\342,r\232\263{vg\245\357\367\224\225)p%\323"
 336      E22C729A 
 336      B37B7667 
 336      A5EFF794 
 336      95297025 
 337 0425 8E2A6F3C 		.ascii	"\216*o<\247\3065\254\320{5'B\211\033X\241/+n\300\003"
 337      A7C635AC 
 337      D07B3527 
 337      42891B58 
 337      A12F2B6E 
 338 043b 3789FD74 		.ascii	"7\211\375tW]\006\306\255\254\320\037]\365\253\210\364"
 338      575D06C6 
 338      ADACD01F 
 338      5DF5AB88 
 338      F4
 339 044c 3528563D 		.ascii	"5(V=/-\022\273D'\"\201\214u\3449\341\016*\253\274\020"
 339      2F2D12BB 
 339      44272281 
 339      8C75E439 
 339      E10E2AAB 
 340 0462 7FB24A85 		.ascii	"\177\262J\205\274\275\311\260\365\366>\"DE\012%\375"
 340      BCBDC9B0 
 340      F5F63E22 
 340      44450A25 
 340      FD
 341 0473 05EF4ED5 		.ascii	"\005\357N\325\263\241x\037\322\377\010P\216Zu\336~\331"
 341      B3A1781F 
 341      D2FF0850 
 341      8E5A75DE 
 341      7ED9
 342 0485 E8220A23 		.ascii	"\350\"\012#\377a\243\213H\017M\223\266\214.\253ya\004"
 342      FF61A38B 
 342      480F4D93 
 342      B68C2EAB 
 342      796104
 343 0498 041E5281 		.ascii	"\004\036R\201Qq\020M\300\000z\0024\016\364\014\350)"
 343      5171104D 
 343      C0007A02 
 343      340EF40C 
 343      E829
 344 04aa D018D063 		.ascii	"\320\030\320ci\236 \276*\277\263\370\032\230\346\353"
 344      699E20BE 
 344      2ABFB3F8 
 344      1A98E6EB 
 345 04ba 8E0DB27A 		.ascii	"\216\015\262z\231\364]\007\322\024\032\023\237\220\005"
 345      99F45D07 
 345      D2141A13 
 345      9F9005
 346 04c9 F2609A78 		.ascii	"\362`\232x\201\215\361{2\351a\373a[\204\313dH\006\035"
 346      818DF17B 
 346      32E961FB 
 346      615B84CB 
ARM GAS  /tmp/ccUHGug7.s 			page 27


 346      6448061D 
 347 04dd 9896A6A0 		.ascii	"\230\226\246\240\346\222\376\004~\226\335l\321\005\346"
 347      E692FE04 
 347      7E96DD6C 
 347      D105E6
 348 04ec 25130696 		.ascii	"%\023\006\226zF[\332]\345C\344\271\225\333I\230i\351"
 348      7A465BDA 
 348      5DE543E4 
 348      B995DB49 
 348      9869E9
 349 04ff 4A45BADD 		.ascii	"JE\272\335\375\361p\344H\224\2569fi\364+\035S\355\327"
 349      FDF170E4 
 349      4894AE39 
 349      6669F42B 
 349      1D53EDD7 
 350 0513 4E7C868F 		.ascii	"N|\206\217\2625}\333\236S\277\263?\242\246\354\214("
 350      B2357DDB 
 350      9E53BFB3 
 350      3FA2A6EC 
 350      8C28
 351 0525 812723EA 		.ascii	"\201'#\352\324\311g\271*\005\3548\320F5\012S\0203\321"
 351      D4C967B9 
 351      2A05EC38 
 351      D046350A 
 351      531033D1 
 352 0539 15F1F9EE 		.ascii	"\025\361\371\356\254\353\362\262A6\233\015\262\372\362"
 352      ACEBF2B2 
 352      41369B0D 
 352      B2FAF2
 353 0548 CBD99E73 		.ascii	"\313\331\236s\366\322\274D\0123x\024\360*\212\344\275"
 353      F6D2BC44 
 353      0A337814 
 353      F02A8AE4 
 353      BD
 354 0559 50044F82 		.ascii	"P\004O\202\211\342\347p(\234W\260\310\313\256\237\032"
 354      89E2E770 
 354      289C57B0 
 354      C8CBAE9F 
 354      1A
 355 056a 75938703 		.ascii	"u\223\207\003\325\262\310\267\360\226\310O'\037:\341"
 355      D5B2C8B7 
 355      F096C84F 
 355      271F3AE1 
 356 057a 8EB35920 		.ascii	"\216\263Y 7\177\314\216\365t\244\207\242ylQE[y\222\206"
 356      377FCC8E 
 356      F574A487 
 356      A2796C51 
 356      455B7992 
 357 058f 7D159365 		.ascii	"}\025\223eJ\234\317\324/>K\230p\265\237\210\030~z\""
 357      4A9CCFD4 
 357      2F3E4B98 
 357      70B59F88 
 357      187E7A22 
 358 05a3 B6D144A4 		.ascii	"\266\321D\244\265w\026\273v\301<Hv_\010\305\271!\216"
 358      B57716BB 
 358      76C13C48 
 358      765F08C5 
ARM GAS  /tmp/ccUHGug7.s 			page 28


 358      B9218E
 359 05b6 FC911FB6 		.ascii	"\374\221\037\266\253 oD\276\011MI\017\"\217(\307\211"
 359      AB206F44 
 359      BE094D49 
 359      0F228F28 
 359      C789
 360 05c8 FB3489C7 		.ascii	"\3734\211\307^\322\017\343\361\242\025^\334>!\246\303"
 360      5ED20FE3 
 360      F1A2155E 
 360      DC3E21A6 
 360      C3
 361 05d9 ACD3A2CC 		.ascii	"\254\323\242\3144\253Gb\275d\204)H\233#IQd\361\242;"
 361      34AB4762 
 361      BD648429 
 361      489B2349 
 361      5164F1A2 
 362 05ee B9069A86 		.ascii	"\271\006\232\206\330b\2203\033\225\036d\336\327\035"
 362      D8629033 
 362      1B951E64 
 362      DED71D
 363 05fd 9EFC3EC5 		.ascii	"\236\374>\305\243\033u\206C[\017\237N[\310\241W\342"
 363      A31B7586 
 363      435B0F9F 
 363      4E5BC8A1 
 363      57E2
 364 060f E77134C5 		.ascii	"\347q4\305]\365\005\223J\334\312\277h\333\366=/\337"
 364      5DF50593 
 364      4ADCCABF 
 364      68DBF63D 
 364      2FDF
 365 0621 821D3A72 		.ascii	"\202\035:r\370\212\223$\024%m\325\310\372m-\267\267"
 365      F88A9324 
 365      14256DD5 
 365      C8FA6D2D 
 365      B7B7
 366 0633 B86D5029 		.ascii	"\270mP)o\373\035\274|\264\354\344\305=W\315\265\216"
 366      6FFB1DBC 
 366      7CB4ECE4 
 366      C53D57CD 
 366      B58E
 367 0645 9D4ADA71 		.ascii	"\235J\332q\201%\366\334\206\322\233\235n\362\276I\266"
 367      8125F6DC 
 367      86D29B9D 
 367      6EF2BE49 
 367      B6
 368 0656 1A96CE99 		.ascii	"\032\226\316\231@:g\274\3249\343\266\3046;\277\221*"
 368      403A67BC 
 368      D439E3B6 
 368      C4363BBF 
 368      912A
 369 0668 74760A25 		.ascii	"tv\012%O\333\274\023\013`\266U)\210\020\212\203^\"\""
 369      4FDBBC13 
 369      0B60B655 
 369      2988108A 
 369      835E2222 
 370 067c 22DF1CDA 		.ascii	"\"\337\034\332\316w#\024\313w\221\304\355\342\337\000"
 370      CE772314 
ARM GAS  /tmp/ccUHGug7.s 			page 29


 370      CB7791C4 
 370      EDE2DF00 
 371 068c EDE38991 		.ascii	"\355\343\211\221W\335p\002\246\0118\230\235\232\342"
 371      57DD7002 
 371      A6093898 
 371      9D9AE2
 372 069b 4EB11087 		.ascii	"N\261\020\207\014\313\330D]\236\005\337\036\2362\013"
 372      0CCBD844 
 372      5D9E05DF 
 372      1E9E320B 
 373 06ab 13875A78 		.ascii	"\023\207Zx\207\203g\037\301\267W\302\227u\357\322\036"
 373      8783671F 
 373      C1B757C2 
 373      9775EFD2 
 373      1E
 374 06bc 2CE2BB91 		.ascii	",\342\273\221\254\206\231\013\026o\201'Rh\267\014\340"
 374      AC86990B 
 374      166F8127 
 374      5268B70C 
 374      E0
 375 06cd 6E5B80FB 		.ascii	"n[\200\373)\300\311[\267Gx|\210\001\214\374ek\221\033"
 375      29C0C95B 
 375      B747787C 
 375      88018CFC 
 375      656B911B 
 376 06e1 05D36706 		.ascii	"\005\323g\0068\365d2\022\233\001&1\200\307\216\264e"
 376      38F56432 
 376      129B0126 
 376      3180C78E 
 376      B465
 377 06f3 B9380498 		.ascii	"\2718\004\230L\000\036\220\000v6d\327\273\210\000+_"
 377      4C001E90 
 377      00763664 
 377      D7BB8800 
 377      2B5F
 378 0705 37E30321 		.ascii	"7\343\003!\224(\303\227h\213\357 \305W\232\236\343\205"
 378      9428C397 
 378      688BEF20 
 378      C5579A9E 
 378      E385
 379 0717 B3183C3B 		.ascii	"\263\030<;\223PJ_\363-\027\312\202\001\216\0163t\007"
 379      93504A5F 
 379      F32D17CA 
 379      82018E0E 
 379      337407
 380 072a 77E5A7F0 		.ascii	"w\345\247\360\224\011\223\027Ja\314F\241-\037Q&\331"
 380      94099317 
 380      4A61CC46 
 380      A12D1F51 
 380      26D9
 381 073c B3A63266 		.ascii	"\263\2462fL\336\271$w\207q\034!q\244Iq\324\307\034m"
 381      4CDEB924 
 381      7787711C 
 381      2171A449 
 381      71D4C71C 
 382 0751 558971B4 		.ascii	"U\211q\264\374\306\034\007\010\241C\2628\016\331\306"
 382      FCC61C07 
ARM GAS  /tmp/ccUHGug7.s 			page 30


 382      08A143B2 
 382      380ED9C6 
 383 0761 7194C611 		.ascii	"q\224\306\021; \234q\301E/\031H\006\203Ws#\251\222\265"
 383      3B209C71 
 383      C1452F19 
 383      48068357 
 383      7323A992 
 384 0776 074C3EE8 		.ascii	"\007L>\350\030c\016G\344\214;\236YO\020\314\307%\314"
 384      18630E47 
 384      E48C3B9E 
 384      594F10CC 
 384      C725CC
 385 0789 E56DDDE9 		.ascii	"\345m\335\351\236\"\346\356w\314\230A\010\245\3130\247"
 385      9E22E6EE 
 385      77CC9841 
 385      08A5CB30 
 385      A7
 386 079a DB62CEA4 		.ascii	"\333b\316\244\230K\206\323\0231\256g\230;\037\224\305"
 386      984B86D3 
 386      1331AE67 
 386      983B1F94 
 386      C5
 387 07ab 5BEDE0C8 		.ascii	"[\355\340\310v\3172\340\262\244\001W\231\267\273\200"
 387      76CF32E0 
 387      B2A40157 
 387      99B7BB80 
 388 07bb 75F22CF3 		.ascii	"u\362,\363\200\273x&\367\030r\0109\233@>)A\316\254\255"
 388      80BB7826 
 388      F7187208 
 388      399B403E 
 388      2941CEAC 
 389 07d0 AD732290 		.ascii	"\255s\"\220\005\330\335<\363\316\317\275#\304\250\250"
 389      05D8DD3C 
 389      F3CECFBD 
 389      23C4A8A8 
 390 07e0 10FA4106 		.ascii	"\020\372A\006\031\276\331\364q\212B\035\277\2312\341"
 390      19BED9F4 
 390      718A421D 
 390      BF9932E1 
 391 07f0 8E631514 		.ascii	"\216c\025\024jv\304\263\012%Nf\205\221[m'\324\200\007"
 391      6A76C4B3 
 391      0A254E66 
 391      85915B6D 
 391      27D48007 
 392 0804 E5520DE0 		.ascii	"\345R\015\340T\347\334\335\356\214\323X\365\331\373"
 392      54E7DCDD 
 392      EE8CD358 
 392      F5D9FB
 393 0813 BB939D48 		.ascii	"\273\223\235H\365\217$\007\247Y\212s\303K\216\273\343"
 393      F58F2407 
 393      A7598A73 
 393      C34B8EBB 
 393      E3
 394 0824 634CA2AC 		.ascii	"cL\242\254\265\267\237\264\014:K$\3160\011K\013:K\003"
 394      B5B79FB4 
 394      0C3A4B24 
 394      CE30094B 
ARM GAS  /tmp/ccUHGug7.s 			page 31


 394      0B3A4B03 
 395 0838 A5EB786F 		.ascii	"\245\353xo\230\304\311cR\373j\312\006\260<ng\371<\363"
 395      98C4C963 
 395      52FB6ACA 
 395      06B03C6E 
 395      67F93CF3 
 396 084c 3389FB27 		.ascii	"3\211\373')n\241(5B\015q\017\247\012\251\007\204\225"
 396      296EA128 
 396      35420D71 
 396      0FA70AA9 
 396      078495
 397 085f 11429C50 		.ascii	"\021B\234Pr\206'B(G\212\033\235\003iRd\241\377BC\037"
 397      72862742 
 397      28478A1B 
 397      9D036952 
 397      64A1FF42 
 398 0875 CC88DCED 		.ascii	"\314\210\334\355\211O)\034\216\340\346\270\276\006\205"
 398      894F291C 
 398      8EE0E6B8 
 398      BE0685
 399 0884 79DAC967 		.ascii	"y\332\311g\320*\306\0122\334\314\303\241\2001\303\007"
 399      D02AC60A 
 399      32DCCCC3 
 399      A18031C3 
 399      07
 400 0895 F3F6383B 		.ascii	"\363\3668;l\247\"\202\267P\302\333;^\226%\265\323\355"
 400      6CA72282 
 400      B750C2DB 
 400      3B5E9625 
 400      B5D3ED
 401 08a8 443C511D 		.ascii	"D<Q\035]\3629\225A\347e\315t^\302Z\314Fs\371\256\033"
 401      5DF23995 
 401      41E765CD 
 401      745EC25A 
 401      CC4673F9 
 402 08be E24E9C2C 		.ascii	"\342N\234,\2467rN\234twxz*\345\331\351\251\204\247{"
 402      A637724E 
 402      9C747778 
 402      7A2AE5D9 
 402      E9A984A7 
 403 08d3 EDAB17FB 		.ascii	"\355\253\027\373\017`\246\353F&\256\376\262SNl\277\321"
 403      0F60A6EB 
 403      4626AEFE 
 403      B2534E6C 
 403      BFD1
 404 08e5 4CAA1FED 		.ascii	"L\252\037\355x\252\263=\347\224\003\3662\212\375\002"
 404      78AAB33D 
 404      E79403F6 
 404      328AFD02 
 405 08f5 3F9319A4 		.ascii	"?\223\031\244\330[\266T\3259\331\036]\034\011\037K>"
 405      D85BB654 
 405      D539D91E 
 405      5D1C091F 
 405      4B3E
 406 0907 BCDD697E 		.ascii	"\274\335i~\264S\012\034\260*\240\006XO\216\016l\304"
 406      B4530A1C 
 406      B02AA006 
ARM GAS  /tmp/ccUHGug7.s 			page 32


 406      584F8E0E 
 406      6CC4
 407 0919 BB9CD84D 		.ascii	"\273\234\330MF\365\243}*\234\312\012'r\036\0149\277"
 407      46F5A37D 
 407      2A9CCA0A 
 407      27721E0C 
 407      39BF
 408 092b 7554A82D 		.ascii	"uT\250-!\213\305\273\211\307\204\230\370p\252\206.C"
 408      218BC5BB 
 408      89C78498 
 408      F870AA86 
 408      2E43
 409 093d 56604D90 		.ascii	"V`M\220\271\271\004\234\213\374|\370\272\302\277EN\364"
 409      B9B9049C 
 409      8BFC7CF8 
 409      BAC2BF45 
 409      4EF4
 410 094f B111CF5C 		.ascii	"\261\021\317\\\034f\243R\314F\031\313Fj\307\203Ag\333"
 410      1C66A352 
 410      CC4619CB 
 410      466AC783 
 410      4167DB
 411 0962 782DE7F7 		.ascii	"x-\347\367\253$\204J)\204\204\362\366\254i\361:\022"
 411      AB24844A 
 411      298484F2 
 411      F6AC69F1 
 411      3A12
 412 0974 BE78BEF4 		.ascii	"\276x\276\364\244j~&\215\267\212\305\373K]T\270'\316"
 412      A46A7E26 
 412      8DB78AC5 
 412      FB4B5D54 
 412      B827CE
 413 0987 6331F6B4 		.ascii	"c1\366\264\014\305\"1\306n\257\360\324\222\250yD\216"
 413      0CC52231 
 413      C66EAFF0 
 413      D492A879 
 413      448E
 414 0999 06086B8A 		.ascii	"\006\010k\212\314\3565\340T\323\000kh\200}\365\007\263"
 414      CCEE35E0 
 414      54D3006B 
 414      68807DF5 
 414      07B3
 415 09ab 94F32F50 		.ascii	"\224\363/P\313p\376\243\335p\344\300\016\027\334\300"
 415      CB70FEA3 
 415      DD70E4C0 
 415      0E17DCC0 
 416 09bb 2CB70A3B 		.ascii	",\267\012;\007\235D\313-\2573\313\344\234H,\303j ;\\"
 416      079D44CB 
 416      2DAF33CB 
 416      E49C482C 
 416      C36A203B 
 417 09d0 D601A796 		.ascii	"\326\001\247\226Z\256\247\226S\033\333{\324\270\213"
 417      5AAEA796 
 417      531BDB7B 
 417      D4B88B
 418 09df 99C99EEA 		.ascii	"\231\311\236\352O\366d\035E \207\250\324\223-\225\342"
 418      4FF6641D 
ARM GAS  /tmp/ccUHGug7.s 			page 33


 418      452087A8 
 418      D4932D95 
 418      E2
 419 09f0 6D9740EE 		.ascii	"m\227@\356\267Jrw7\210g.r\257\222\326\374\244\305\361"
 419      B74A7277 
 419      3788672E 
 419      72AF92D6 
 419      FCA4C5F1 
 420 0a04 11BE494C 		.ascii	"\021\276IL\373\015\226\366\262\332m\373<\361 s\264\367"
 420      FB0D96F6 
 420      B2DA6DFB 
 420      3CF12073 
 420      B4F7
 421 0a16 87D2E7E2 		.ascii	"\207\322\347\342i\255\204\224\357\013\333\013\021\036"
 421      69AD8494 
 421      EF0BDB0B 
 421      111E
 422 0a24 A695B8AC 		.ascii	"\246\225\270\254\177$RE\256X\254\316\0067\241\365\331"
 422      7F245245 
 422      AE58ACCE 
 422      0637A1F5 
 422      D9
 423 0a35 01A2956D 		.ascii	"\001\242\225mgP\033\357\215\332y\253\333\225\367O\212"
 423      67501BEF 
 423      8DDA79AB 
 423      DB95F74F 
 423      8A
 424 0a46 B72B6429 		.ascii	"\267+d)h\206P[\371\027\334\256\\\313\236}4R\270\374"
 424      6886505B 
 424      F917DCAE 
 424      5CCB9E7D 
 424      3452B8FC 
 425 0a5a 15594B5A 		.ascii	"\025YKZ\354\013K\207\225\202=\335[\335\360c\206>\242"
 425      EC0B4B87 
 425      95823DDD 
 425      5BDDF063 
 425      863EA2
 426 0a6d 657BBCFB 		.ascii	"e{\274\373,\273\350\320-\321\216\015@\262\266\336J\270"
 426      2CBBE8D0 
 426      2DD18E0D 
 426      40B2B6DE 
 426      4AB8
 427 0a7f EE6EE94A 		.ascii	"\356n\351J\012\324\001b\215\240w\235\366\351N\322\225"
 427      0AD40162 
 427      8DA0779D 
 427      F6E94ED2 
 427      95
 428 0a90 9AA4AE94 		.ascii	"\232\244\256\224\231z-\005C\203\322\271<\021\337\033"
 428      997A2D05 
 428      4383D2B9 
 428      3C11DF1B 
 429 0aa0 AC148434 		.ascii	"\254\024\2044\236\010\241\0066I\310T\033\350T\201\272"
 429      9E08A106 
 429      3649C854 
 429      1BE85481 
 429      BA
 430 0ab1 68835657 		.ascii	"h\203VW4$\272\340)\226\312\322\364\2463\256\310\225"
ARM GAS  /tmp/ccUHGug7.s 			page 34


 430      3424BAE0 
 430      2996CAD2 
 430      F4A633AE 
 430      C895
 431 0ac3 DD856CA5 		.ascii	"\335\205l\245\267\023\221\3613\220\371v\242\033l\335"
 431      B71391F1 
 431      3390F976 
 431      A21B6CDD 
 432 0ad3 E65D39D4 		.ascii	"\346]9\324\003\306zyv\027B\030\364.d\006\253\203\037"
 432      03C67A79 
 432      76174218 
 432      F42E6406 
 432      AB831F
 433 0ae6 72F6A918 		.ascii	"r\366\251\030\251\261Z\305~\266:j\364\321U\214\274\310"
 433      A9B15AC5 
 433      7EB63A6A 
 433      F4D1558C 
 433      BCC8
 434 0af8 0C9372A0 		.ascii	"\014\223r\240\311M:\037D\375\257[5\324O\317\007\031"
 434      C94D3A1F 
 434      44FDAF5B 
 434      35D44FCF 
 434      0719
 435 0b0a A3198287 		.ascii	"\243\031\202\207\334A\266\225\203;\314\301\035\352\340"
 435      DC41B695 
 435      833BCCC1 
 435      1DEAE0
 436 0b19 E773ED67 		.ascii	"\347s\355g\255N|d\236\260\310\336e\262w\251lea\361\026"
 436      AD4E7C64 
 436      9EB0C8DE 
 436      65B277A9 
 436      6C6561F1 
 437 0b2e B5241BE5 		.ascii	"\265$\033\345\370t\210\356Q\3618\2418\337\325\221\270"
 437      F87488EE 
 437      51F138A1 
 437      38DFD591 
 437      B8
 438 0b3f CD09F13E 		.ascii	"\315\011\361>\325\350\313L\357\305\366\243\265s#\213"
 438      D5E8CB4C 
 438      EFC5F6A3 
 438      B573238B 
 439 0b4f 0668B407 		.ascii	"\006h\264\007:\263\322\324\366\217Pv.L\320 Uz\272\377"
 439      3AB3D2D4 
 439      F68F5076 
 439      2E4CD020 
 439      557ABAFF 
 440 0b63 E13DABD3 		.ascii	"\341=\253\323k\225U\330\017X\330\017(\252\272\212\210"
 440      6B9555D8 
 440      0F58D80F 
 440      28AABA8A 
 440      88
 441 0b74 5477B96C 		.ascii	"Tw\271l\221U:\207\230\354\020\225\255\357\315\035\264"
 441      91553A87 
 441      98EC1095 
 441      ADEFCD1D 
 441      B4
 442 0b85 B2DB6135 		.ascii	"\262\333a5\022\206\231\3540\225\255h\211\337ie\267\323"
ARM GAS  /tmp/ccUHGug7.s 			page 35


 442      128699EC 
 442      3095AD68 
 442      89DF6965 
 442      B7D3
 443 0b97 0AC34326 		.ascii	"\012\303C&K^\212 m\350\327o/Z\344\003\377_\353C\202"
 443      4B5E8A20 
 443      6DE8D76F 
 443      2F5AE403 
 443      FF5FEB43 
 444 0bac F5069F55 		.ascii	"\365\006\237U\001\201\033\002\327\255\3671\206\372\004"
 444      01811B02 
 444      D7ADF731 
 444      86FA04
 445 0bbb 680D3EA1 		.ascii	"h\015>\241!:\362\326l\322\032\026\351\224\253?\373\313"
 445      213AF2D6 
 445      6CD21A16 
 445      E994AB3F 
 445      FBCB
 446 0bcd BC552B56 		.ascii	"\274U+Vp\352@\343&c\210\211hkL\316\3443\320O\275\372"
 446      70EA40E3 
 446      26638889 
 446      686B4CCE 
 446      E433D04F 
 447 0be3 F335EB34 		.ascii	"\3635\3534_|\273I\377\221\336_\305\004\002\375\240\332"
 447      5F7CBB49 
 447      FF91DE5F 
 447      C50402FD 
 447      A0DA
 448 0bf5 E8EF1FAA 		.ascii	"\350\357\037\2527\251\303\002\203M\032\177m\250i\271"
 448      37A9C302 
 448      834D1A7F 
 448      6DA869B9 
 449 0c05 C6B4E845 		.ascii	"\306\264\350E.\003\203u\2060?\275\331m\000\347\264f"
 449      2E038375 
 449      86303FBD 
 449      D96D00E7 
 449      B466
 450 0c17 DDCAB050 		.ascii	"\335\312\260P\205.@\033\242\0144\006\031\375\364\032"
 450      852E401B 
 450      A20C3406 
 450      19FDF41A 
 451 0c27 135EE9EB 		.ascii	"\023^\351\353\253$6\227.\321\230\024+\327\373\372\342"
 451      AB243697 
 451      2ED19814 
 451      2BD7FBFA 
 451      E2
 452 0c38 751FF9E2 		.ascii	"u\037\371\3425@\253|?\006Z\253X\273\352\023\337\017"
 452      3540AB7C 
 452      3F065AAB 
 452      58BBEA13 
 452      DF0F
 453 0c4a 1C79D219 		.ascii	"\034y\322\031\203\202\214\301>\372\315&\237\365_\300"
 453      83828CC1 
 453      3EFACD26 
 453      9FF55FC0 
 454 0c5a FFA74B97 		.ascii	"\377\247K\227\374y\361\346\315>\241\246\240\245K\374"
 454      FC79F1E6 
ARM GAS  /tmp/ccUHGug7.s 			page 36


 454      CD3EA1A6 
 454      A0A54BFC 
 455 0c6a 17BFB774 		.ascii	"\027\277\267t\263\036<\273B\034Z?\022\206;@\321i\015"
 455      B31E3CBB 
 455      421C5A3F 
 455      12863B40 
 455      D1690D
 456 0c7d 860D5A1D 		.ascii	"\206\015Z\035\304\0140\014\201\301\000\203\177\237S"
 456      C40C300C 
 456      81C10083 
 456      7F9F53
 457 0c8c 6A4382BE 		.ascii	"jC\202\276Y\2660\210S\351 d\375\346\205AK9\025H\373"
 457      59B63088 
 457      53E92064 
 457      FDE68541 
 457      4B391548 
 458 0ca1 EAB57E00 		.ascii	"\352\265~\000\373\235\227N/\347\006\257\277\206\004"
 458      FB9D974E 
 458      2FE706AF 
 458      BF8604
 459 0cb0 9AF4A046 		.ascii	"\232\364\240F\374\255\327\233\340\353S\210w&+}\256\365"
 459      FCADD79B 
 459      E0EB5388 
 459      77262B7D 
 459      AEF5
 460 0cc2 5B256258 		.ascii	"[%bX3\213\261\326\002\0143\317U\027\260\376\333\320"
 460      338BB1D6 
 460      020C33CF 
 460      5517B0FE 
 460      DBD0
 461 0cd4 8FB506D3 		.ascii	"\217\265\006\323BG^CL\346\004\353\002\364\332\020\303"
 461      42475E43 
 461      4CE604EB 
 461      02F4DA10 
 461      C3
 462 0ce5 B710E60C 		.ascii	"\267\020\346\014\215fCX\240\301\024\030\254\321o\336"
 462      8D664358 
 462      A0C11418 
 462      ACD16FDE 
 463 0cf5 A4D7999C 		.ascii	"\244\327\231\234t\306\340P\223\302\240\327\372\273\004"
 463      74C6E050 
 463      93C2A0D7 
 463      FABB04
 464 0d04 1B4D0121 		.ascii	"\033M\001!\306\177\277B@j\014\006?\015\264\346\306\020"
 464      C67FBF42 
 464      406A0C06 
 464      3F0DB4E6 
 464      C610
 465 0d16 63D826D2 		.ascii	"c\330&\322\020\177|Qt\244\013\204\262\334\372\254]\373"
 465      107F7C51 
 465      74A40B84 
 465      B2DCFAAC 
 465      5DFB
 466 0d28 910FE921 		.ascii	"\221\017\351!\337,\226\002&\266\300\267\233%U\234\273"
 466      DF2C9602 
 466      26B6C0B7 
 466      9B25559C 
ARM GAS  /tmp/ccUHGug7.s 			page 37


 466      BB
 467 0d39 46E31F16 		.ascii	"F\343\037\026\254\323h\026-[\266l\211R*\251ey\261\226"
 467      ACD36816 
 467      2D5BB66C 
 467      89522AA9 
 467      6579B196 
 468 0d4d 59E66195 		.ascii	"Y\346a\225&\253\312\345K\335\250\033\3757\372`S(\257"
 468      26ABCAE5 
 468      4BDDA81B 
 468      FD37FA60 
 468      5328AF
 469 0d60 DB80B521 		.ascii	"\333\200\265!\033I\303P\206\306\344\244Yi4\032\376\013"
 469      1B49C350 
 469      86C6E4A4 
 469      5969341A 
 469      FE0B
 470 0d72 1200C2FE 		.ascii	"\022\000\302\376"
 471              		.text
 472              		.section	.gnu.lto_.symtab.e9510184cafd2d9b,"e",%progbits
 473 0000 70616C52 		.ascii	"palReadBus\000"
 473      65616442 
 473      757300
 474 000b 00       		.ascii	"\000"
 475 000c 00       		.ascii	"\000"
 476 000d 00       		.ascii	"\000"
 477 000e 00000000 		.ascii	"\000\000\000\000\000\000\000\000"
 477      00000000 
 478 0016 12010000 		.ascii	"\022\001\000\000"
 479 001a 70616C57 		.ascii	"palWriteBus\000"
 479      72697465 
 479      42757300 
 480 0026 00       		.ascii	"\000"
 481 0027 00       		.ascii	"\000"
 482 0028 00       		.ascii	"\000"
 483 0029 00000000 		.ascii	"\000\000\000\000\000\000\000\000"
 483      00000000 
 484 0031 17010000 		.ascii	"\027\001\000\000"
 485 0035 70616C53 		.ascii	"palSetBusMode\000"
 485      65744275 
 485      734D6F64 
 485      6500
 486 0043 00       		.ascii	"\000"
 487 0044 00       		.ascii	"\000"
 488 0045 00       		.ascii	"\000"
 489 0046 00000000 		.ascii	"\000\000\000\000\000\000\000\000"
 489      00000000 
 490 004e 1C010000 		.ascii	"\034\001\000\000"
 491 0052 70616C53 		.ascii	"palSetPadCallbackI\000"
 491      65745061 
 491      6443616C 
 491      6C626163 
 491      6B4900
 492 0065 00       		.ascii	"\000"
 493 0066 00       		.ascii	"\000"
 494 0067 00       		.ascii	"\000"
 495 0068 00000000 		.ascii	"\000\000\000\000\000\000\000\000"
 495      00000000 
ARM GAS  /tmp/ccUHGug7.s 			page 38


 496 0070 23010000 		.ascii	"#\001\000\000"
 497 0074 70616C53 		.ascii	"palSetLineCallbackI\000"
 497      65744C69 
 497      6E654361 
 497      6C6C6261 
 497      636B4900 
 498 0088 00       		.ascii	"\000"
 499 0089 00       		.ascii	"\000"
 500 008a 00       		.ascii	"\000"
 501 008b 00000000 		.ascii	"\000\000\000\000\000\000\000\000"
 501      00000000 
 502 0093 29010000 		.ascii	")\001\000\000"
 503 0097 5F70616C 		.ascii	"_pal_events\000"
 503      5F657665 
 503      6E747300 
 504 00a3 00       		.ascii	"\000"
 505 00a4 02       		.ascii	"\002"
 506 00a5 00       		.ascii	"\000"
 507 00a6 00000000 		.ascii	"\000\000\000\000\000\000\000\000"
 507      00000000 
 508 00ae 61010000 		.ascii	"a\001\000\000"
 509 00b2 63685379 		.ascii	"chSysHalt\000"
 509      7348616C 
 509      7400
 510 00bc 00       		.ascii	"\000"
 511 00bd 02       		.ascii	"\002"
 512 00be 00       		.ascii	"\000"
 513 00bf 00000000 		.ascii	"\000\000\000\000\000\000\000\000"
 513      00000000 
 514 00c7 2E010000 		.ascii	".\001\000\000"
 515 00cb 5F70616C 		.ascii	"_pal_lld_setgroupmode\000"
 515      5F6C6C64 
 515      5F736574 
 515      67726F75 
 515      706D6F64 
 516 00e1 00       		.ascii	"\000"
 517 00e2 02       		.ascii	"\002"
 518 00e3 00       		.ascii	"\000"
 519 00e4 00000000 		.ascii	"\000\000\000\000\000\000\000\000"
 519      00000000 
 520 00ec 3F010000 		.ascii	"?\001\000\000"
 521              		.text
 522              		.section	.gnu.lto_.opts,"e",%progbits
 523 0000 272D666E 		.ascii	"'-fno-openmp' '-fno-openacc' '-fno-pie' '-mcpu=cort"
 523      6F2D6F70 
 523      656E6D70 
 523      2720272D 
 523      666E6F2D 
 524 0033 65782D6D 		.ascii	"ex-m3' '-mthumb' '-mfloat-abi=soft' '-march=armv7-m"
 524      33272027 
 524      2D6D7468 
 524      756D6227 
 524      20272D6D 
 525 0066 2720272D 		.ascii	"' '-O2' '-fstack-usage' '-ffunction-sections' '-fda"
 525      4F322720 
 525      272D6673 
 525      7461636B 
ARM GAS  /tmp/ccUHGug7.s 			page 39


 525      2D757361 
 526 0099 74612D73 		.ascii	"ta-sections' '-fno-common' '-flto' '-fshort-enums'\000"
 526      65637469 
 526      6F6E7327 
 526      20272D66 
 526      6E6F2D63 
 527              		.text
 528              		.comm	__gnu_lto_v1,1,1
 529              		.comm	__gnu_lto_slim,1,1
 530              		.ident	"GCC: (GNU Arm Embedded Toolchain 9-2020-q2-update) 9.3.1 20200408 (release)"
ARM GAS  /tmp/ccUHGug7.s 			page 40


DEFINED SYMBOLS
                            *ABS*:0000000000000000 hal_pal.c
                            *COM*:0000000000000001 __gnu_lto_v1
                            *COM*:0000000000000001 __gnu_lto_slim

NO UNDEFINED SYMBOLS
