ARM GAS  /tmp/cc1hYs6j.s 			page 1


   1              		.cpu cortex-m3
   2              		.eabi_attribute 20, 1
   3              		.eabi_attribute 21, 1
   4              		.eabi_attribute 23, 3
   5              		.eabi_attribute 24, 1
   6              		.eabi_attribute 25, 1
   7              		.eabi_attribute 26, 1
   8              		.eabi_attribute 30, 2
   9              		.eabi_attribute 34, 1
  10              		.eabi_attribute 18, 4
  11              		.file	"hal_qei_lld.c"
  12              		.section	.gnu.lto_.profile.a376ecb88c84f879,"e",%progbits
  13 0000 789CE360 		.ascii	"x\234\343``\004B \000\000\000]\000\013"
  13      60044220 
  13      0000005D 
  13      000B
  14              		.text
  15              		.section	.gnu.lto_.icf.a376ecb88c84f879,"e",%progbits
  16 0000 789CE360 		.ascii	"x\234\343``d\260`@\000N\206e\033on\340g\334\265g\345"
  16      6064B060 
  16      40004E86 
  16      651B6F6E 
  16      E067DCB5 
  17 0016 0D3EA66D 		.ascii	"\015>\246mM'\23701\203I\226-\217\367.\344c}q\240\273"
  17      4D279F30 
  17      31834996 
  17      2D8FF72E 
  17      E4637D71 
  18 002c 9587AD65 		.ascii	"\225\207\255e\373\236\217\314\354G\026>\230\306\317"
  18      FB9E8FCC 
  18      EC47163E 
  18      98C6CF
  19 003b F173EB86 		.ascii	"\361s\353\206\335\214\014\000\006\206\032\347"
  19      DD8C0C00 
  19      06861AE7 
  20              		.text
  21              		.section	.gnu.lto_.jmpfuncs.a376ecb88c84f879,"e",%progbits
  22 0000 789CE360 		.ascii	"x\234\343``d\370\311\200\000l@\314\310\300\300\304\274"
  22      6064F8C9 
  22      80006C40 
  22      CCC8C0C0 
  22      C4BC
  23 0012 9819C838 		.ascii	"\230\031\3108\300\302\310\000\304\177\376\377\377\317"
  23      C0C2C800 
  23      C47FFEFF 
  23      FFCF
  24 0020 CFC83C9D 		.ascii	"\317\310<\235\231\261\257\371\375=\216>\346\371\314"
  24      99B1AFF9 
  24      FD3D8E3E 
  24      E6F9CC
  25 002f 40458CBB 		.ascii	"@E\214\273\030\245A\030\244\226\021]-L\222\205\221\221"
  25      18A54118 
  25      A496115D 
  25      2D4C9285 
  25      9191
  26 0041 B17E3E33 		.ascii	"\261~>3#H\021\023NE\010\253\030\031\231\200\326\034"
  26      23481113 
ARM GAS  /tmp/cc1hYs6j.s 			page 2


  26      4E4508AB 
  26      18199980 
  26      D61C
  27 0053 7FFFF60A 		.ascii	"\177\377\366\012#\310\032&\240\301\273\031\245\201B"
  27      23C81A26 
  27      A0C1BB19 
  27      A58142
  28 0062 FB7A2E9C 		.ascii	"\373z.\234f\206\01012\356\001\332\012\022\207kc`@5\003"
  28      66860831 
  28      32EE01DA 
  28      0A12876B 
  28      63604035 
  29 0077 24894D15 		.ascii	"$\211M\025\033\3249\014\354P\006\007L\000\000<U7\224"
  29      1BD4390C 
  29      EC500607 
  29      4C00003C 
  29      553794
  30              		.text
  31              		.section	.gnu.lto_.inline.a376ecb88c84f879,"e",%progbits
  32 0000 789CA552 		.ascii	"x\234\245R\275J\003A\020\376fvM\3664Blll\322\332Y\332"
  32      BD4A0341 
  32      10FE6676 
  32      4DF63442 
  32      6C6C6CD2 
  33 0017 794FE033 		.ascii	"yO\3403\030c\214\235y\002\271\204\353\002!\205 \010"
  33      18638C9D 
  33      7902B984 
  33      EB022185 
  33      2008
  34 0029 21FE2008 		.ascii	"!\376 \0106\202\215\030c\022+\013_@\260T\037\301J8g"
  34      36828D18 
  34      63122B0B 
  34      5F40B054 
  34      1FC14A38 
  35 003e F7E29D91 		.ascii	"\367\342\235\221$\215\313\261\373\315|3\2673\337\216"
  35      248DCBB1 
  35      FBCD7C33 
  35      B733DF8E 
  36 004e 01615521 		.ascii	"\001aU!Y\031 \033\310Re\002\033\213\270,^\007v\030l"
  36      5919201B 
  36      C8526502 
  36      1B8BB82C 
  36      5E077618 
  37 0063 63089E98 		.ascii	"c\010\236\230'\252\"!:f\376\206\360\202\213\033\035"
  37      27AA2221 
  37      3A66FE86 
  37      F0828B1B 
  37      1D
  38 0074 1A43D4AF 		.ascii	"\032C\324\257\232!\357Q\006\205\375#E\355\313\347\310"
  38      9A21EF51 
  38      0685FD23 
  38      45EDCBE7 
  38      C8
  39 0085 0BA95E33 		.ascii	"\013\251^3\035E\347\212$\352\216B9\012\325\311l7f'\344"
  39      1D45E78A 
  39      24EA8E42 
  39      390AD5C9 
ARM GAS  /tmp/cc1hYs6j.s 			page 3


  39      6C376627 
  40 009a DA1BEEA7 		.ascii	"\332\033\356\247\346Z\266\027\263\004U\260;\314\306"
  40      E65AB617 
  40      B30455B0 
  40      3BCCC6
  41 00a9 F1CD47A8 		.ascii	"\361\315G\250*\200\027EQ_\271\242\311\325\277\315\360"
  41      2A801745 
  41      515FB9A2 
  41      C9D5BFCD 
  41      F0
  42 00ba 130C1FFA 		.ascii	"\023\014\037\372\266w\370*( ,7^\332\035.i\351f\344\315"
  42      B677F82A 
  42      28202C37 
  42      5EDA1D2E 
  42      69E966E4 
  43 00cf 893BF7E3 		.ascii	"\211;\367\343\317\347 _\332\272[\334\332LA\006Ko\237"
  43      CFE7205F 
  43      DABA5BDC 
  43      DA4C4106 
  43      4B6F9F
  44 00e2 5F4DDE25 		.ascii	"_M\336%\017\3066r\3218\353.6UG)bz\240\025)\326TG`\232"
  44      0FC63672 
  44      D138EB2E 
  44      36554729 
  44      627AA015 
  45 00fc 4AFD992A 		.ascii	"J\375\231*\015f\2524\234\251\322\243c\215\250\024k\345"
  45      0D66AA34 
  45      9CA9D2A3 
  45      638DA814 
  45      6BE5
  46 010e 3BADA499 		.ascii	";\255\244\231\232\210q\000i\333\2011\255\002f\314\011"
  46      9A887100 
  46      69DB8131 
  46      AD0266CC 
  46      09
  47 011f 1EC80404 		.ascii	"\036\310\004\004\342w\272li!\264NMk\201\235Q\374%\237"
  47      E277BA6C 
  47      6921B44E 
  47      4D6B819D 
  47      51FC259F 
  48 0133 F88D8669 		.ascii	"\370\215\206i]\277\237\252b^#\2370k\226\222\215\343"
  48      5DBF9FAA 
  48      625E239F 
  48      306B9692 
  48      8DE3
  49 0145 997AA275 		.ascii	"\231z\242u\206\333l\235\363\200/\034\262\356f\031O\242"
  49      86DB6C9D 
  49      F3802F1C 
  49      B2EE6619 
  49      4FA2
  50 0157 B85E1D87 		.ascii	"\270^\035\207\227\306f1)U\247\317\252\355\177\314\377"
  50      97C66631 
  50      2955A7CF 
  50      AAED7FCC 
  50      FF
  51 0168 D2F10DA4 		.ascii	"\322\361\015\244\237\276\026"
  51      9FBE16
ARM GAS  /tmp/cc1hYs6j.s 			page 4


  52              		.text
  53              		.section	.gnu.lto_.pureconst.a376ecb88c84f879,"e",%progbits
  54 0000 789CE360 		.ascii	"x\234\343``d\020f```c\230\305\3028\203\205e\026\013"
  54      60641066 
  54      60606063 
  54      98C5C238 
  54      83856516 
  55 0015 DB2C16F6 		.ascii	"\333,\026\366Y,\034\263X\000&\344\003\357"
  55      592C1CB3 
  55      580026E4 
  55      03EF
  56              		.text
  57              		.section	.gnu.lto_qei_lld_stop.part.0.a376ecb88c84f879,"e",%progbits
  58 0000 789C8D52 		.ascii	"x\234\215R\317KTQ\024>\337=w\306W\024\323\242E\344\306"
  58      CF4B5451 
  58      143EDF3D 
  58      77C65714 
  58      D3A245E4 
  59 0015 45266EE6 		.ascii	"E&n\346\215\365\017\010\006\021(-t/\375\030phH\323h"
  59      8DF50F08 
  59      0611282D 
  59      742FFD18 
  59      706848D3 
  60 002a EB75A69A 		.ascii	"\353u\246\232\3100\002s\014\224\231\230\2066Q\010\026"
  60      C8300273 
  60      0C949998 
  60      86365108 
  60      16
  61 003b FDB09A26 		.ascii	"\375\260\232&-\265E\320\"\252\305,B\212Z\344FB\214\234"
  61      2DB545D0 
  61      22AAC52C 
  61      428A5AE4 
  61      46428C9C 
  62 004f CEBD6F54 		.ascii	"\316\275oTh\345\343\275{\317\271\347{\337\367\235\303"
  62      68E5E3BD 
  62      7BCFB9E7 
  62      7BDFF79D 
  62      C3
  63 0060 F50834AA 		.ascii	"\365\0104\252\210\216\022Q\213|\010\021\2641\246\265"
  63      888E1251 
  63      8B7C0811 
  63      B431A6B5 
  64 0070 0E1A2A08 		.ascii	"\016\032*\010\024\330\005C\036\003.2\036hP+\306 \256"
  64      14D80543 
  64      1E032E32 
  64      1E68502B 
  64      C620AE
  65 0083 739651CE 		.ascii	"s\226Q\316|{\242\232\357J\315\224\262\023\221\313\346"
  65      7C7BA29A 
  65      EF4ACD94 
  65      B21391CB 
  65      E6
  66 0094 D2BE1C13 		.ascii	"\322\276\034\023\335\222/x\376\303\230\222\252\001`"
  66      DD922F78 
  66      FEC39892 
  66      AA0160
  67 00a3 359FA2D9 		.ascii	"5\237\242\331n\317\354&\310\257S\3537w\207u\355w9\250"
ARM GAS  /tmp/cc1hYs6j.s 			page 5


  67      6ECFEC26 
  67      C8AF53EB 
  67      37778775 
  67      ED7739A8 
  68 00b7 A4265777 		.ascii	"\244&Ww\215pN\344\265\244\243\213\323\013;m\252\320"
  68      8D704EE4 
  68      B5A4A38B 
  68      D30B3B6D 
  68      AAD0
  69 00c9 20E9C44A 		.ascii	" \351\304J\376!\270\015\026\371\345\336\243\317^S\321"
  69      FE21B80D 
  69      16F9E5DE 
  69      A3CF5E53 
  69      D1
  70 00da 989429AD 		.ascii	"\230\224)\255\024\330\034\3101\343%X\250\360\002\365"
  70      14D81CC8 
  70      31E32558 
  70      A8F002F5 
  71 00ea 788E7A22 		.ascii	"x\216z\"9s\264\267?\216/\251\306\202\003O\357\317\247"
  71      3973B4B7 
  71      3F8E2FA9 
  71      C682034F 
  71      EFCFA7
  72 00fd F66C82B1 		.ascii	"\366l\202\261\011F\011M5\0275[x\205Fk\0343\010\213\351"
  72      0946094D 
  72      3517355B 
  72      7885466B 
  72      1C33088B 
  73 0112 B2ACD204 		.ascii	"\262\254\322\004\354\361\203\017!c\326\253\031c\326"
  73      ECF1830F 
  73      2163D6AB 
  73      1963D6
  74 0121 0EEE0D43 		.ascii	"\016\356\015C\204\264\262\013\333\205h\230\311v\257"
  74      84B4B20B 
  74      DB856898 
  74      C976AF
  75 0130 61431D84 		.ascii	"aC\035\204L\327Xm\204?Q\236\371\361\367;,\351$C4G\322"
  75      4CD7586D 
  75      843F519E 
  75      F9F1F73B 
  75      2CE92443 
  76 0147 CB15CFB6 		.ascii	"\313\025\317\266\032r\355\255\215\245\347\"Aj\362W\214"
  76      1A72EDAD 
  76      8DA5E722 
  76      416AF257 
  76      8C
  77 0158 1DC6D2FB 		.ascii	"\035\306\322\373\251O^\021\005\3448\214Yq\375\332\266"
  77      A94F5E11 
  77      05E4388C 
  77      5971FDDA 
  77      B6
  78 0169 288585F9 		.ascii	"(\205\205\371\033\263:v\337\\\224J\035\346P\304\270"
  78      1BB33A76 
  78      DF5C944A 
  78      1DE650C4 
  78      B8
  79 017a 9B27DE20 		.ascii	"\233'\336 &J\351\261LMG\005R\277W\037g\235\224\306\237"
ARM GAS  /tmp/cc1hYs6j.s 			page 6


  79      264AE9B1 
  79      4C4D4705 
  79      52BF571F 
  79      679D94C6 
  80 018f 6AB51AC1 		.ascii	"j\265\032\301[!\022G\225\253\016\267}\251\371-\251\005"
  80      5B211247 
  80      95AB0EB7 
  80      7DA9F92D 
  80      A905
  81 01a1 C484DFF5 		.ascii	"\304\204\337\365\265#\020\343m\361\014\231\006\313\264"
  81      B52310E3 
  81      6DF10C99 
  81      06CBB4
  82 01b0 B8C5F44E 		.ascii	"\270\305\364NL\223\314\2127f\365\013\251\374\362\035"
  82      4C93CC8A 
  82      3766F50B 
  82      A9FCF21D 
  83 01c0 67CDDDB0 		.ascii	"g\315\335\260aFP\222\313L\255\321\250/\357\231x\377"
  83      61465092 
  83      CB4CADD1 
  83      A82FEF99 
  83      78FF
  84 01d2 D978D26F 		.ascii	"\331x\322o\353I\234L\034\357\364{\007\374\236\023I\277"
  84      EB499C4C 
  84      1CEFF47B 
  84      07FC9E13 
  84      49BF
  85 01e4 AFB7FFFC 		.ascii	"\257\267\377\374\200\337\331\325q\370\220\337\336~\304"
  85      80DFD9D5 
  85      71F890DF 
  85      DE7EC4
  86 01f3 EF3AD671 		.ascii	"\357:\326q\241\305V\272\317\305\023\335\311\344\351"
  86      A1C556BA 
  86      CFC513DD 
  86      C9E4E9
  87 0202 E829D212 		.ascii	"\350)\322\022\366\375\003a\347\344\237"
  87      F6FD0361 
  87      E7E49F
  88              		.text
  89              		.section	.gnu.lto_qei_lld_init.a376ecb88c84f879,"e",%progbits
  90 0000 789C8D92 		.ascii	"x\234\215\222\313K\033Q\024\306\31777\217\351\302}\241"
  90      CB4B1B51 
  90      14C6CF37 
  90      378FE9C2 
  90      7DA1
  91 0012 086EDD64 		.ascii	"\010n\335d\242\376\003\322v\323\242\270\210{Q\03304"
  91      A2FE03D2 
  91      76D3A2B8 
  91      887B511B 
  91      3034
  92 0024 D4276EBD 		.ascii	"\324'n\275\211\251F\024\225\242D\0272\241C\320\225\217"
  92      89A94614 
  92      95A24417 
  92      32A143D0 
  92      958F
  93 0036 E2C6F7A8 		.ascii	"\342\306\367\250\365\3216\013q\321M\325E\027%Di\301"
  93      F5D1360B 
ARM GAS  /tmp/cc1hYs6j.s 			page 7


  93      71D14DD5 
  93      45172544 
  93      69C1
  94 0048 AD603C77 		.ascii	"\255`<w\306\027\266\015^\346\302\334\373}\347\234\357"
  94      C617B60D 
  94      5EE6C2DC 
  94      FB7DE79C 
  94      EF
  95 0059 378C4EA0 		.ascii	"7\214N\240\230F\364\234\210JyC\0204)e\265?\246k\200"
  95      9846F49C 
  95      884A7943 
  95      10342965 
  95      B53FA66B 
  96 006e F3267550 		.ascii	"\363&uP\217\206\036\214\210\224\300V\377\257%\255|\232"
  96      8F861E8C 
  96      8894C056 
  96      FFAF25AD 
  96      7C9A
  97 0080 1569A716 		.ascii	"\025i\247\026\375}\362\375SS\020M\362v\027\226QN\304"
  97      FD7DF2FD 
  97      5353104D 
  97      F2761796 
  97      514EC4
  98 0093 CE9F0B97 		.ascii	"\316\237\013\227\343%>\317\265\204\025\370x\030\321"
  98      E3253ECF 
  98      B58415F8 
  98      7818D1
  99 00a2 DCA1D796 		.ascii	"\334\241\327\226\227\205~ig-l\274\366\021\015\012R\355"
  99      97857E69 
  99      672D6CBC 
  99      F6110D0A 
  99      52ED
 100 00b4 3C9036D1 		.ascii	"<\2206\321\220\320\334C\214\017gH\244OG\204S\313\035"
 100      90D0DC43 
 100      8C0F6748 
 100      A44F4784 
 100      53CB1D
 101 00c7 A766B285 		.ascii	"\247f\262\205'\011\304c\272)0)\270\033V\221\200\222"
 101      2709C463 
 101      BA293029 
 101      B81B5691 
 101      8092
 102 00d9 867BFF9C 		.ascii	"\206{\377\234\350\303\302\024\032\036:5K\005\340\313"
 102      E8C3C214 
 102      1A1E3A35 
 102      4B05E0CB 
 103 00e9 EF3F760F 		.ascii	"\357?v\017\220\201\005S\010\254s!\326\360\314Q\226R"
 103      90810553 
 103      08AC7321 
 103      D6F0CC51 
 103      9652
 104 00fb F647C79E 		.ascii	"\366G\307\236\224\262L\365\330`\237\233\330f\237)<\224"
 104      94B24CF5 
 104      D8609F9B 
 104      D8669F29 
 104      3C94
 105 010d 47FC3C77 		.ascii	"G\374<wa\371\325\355\243\006l\336\037\260\374!9\357"
ARM GAS  /tmp/cc1hYs6j.s 			page 8


 105      61F9D5ED 
 105      A3066CDE 
 105      1FB0FC21 
 105      39EF
 106 011f 0BCE2AB2 		.ascii	"\013\316*\262t\223)\274\330b\337\204\373a\266\021dG"
 106      749329BC 
 106      D862DF84 
 106      FB61B611 
 106      6447
 107 0131 FED3D11E 		.ascii	"\376\323\321\036\024\200\0272\251\370?s\251\342\267"
 107      14801732 
 107      A9F83F73 
 107      A9E2B7
 108 0140 C68AF1EF 		.ascii	"\306\212\361\357\\\363?\310\203\277\363\354\026\005"
 108      5CF33FC8 
 108      83BFF3EC 
 108      1605
 109 014e DEBB05DE 		.ascii	"\336\273\005\336\277\017<\220\371\017\360?\006|)\012"
 109      BF0F3C90 
 109      F90FF03F 
 109      067C290A 
 110 015e FCF50EF8 		.ascii	"\374\365\016\370\233\003|<:\223\273\001\036U\300Y.\375"
 110      9B037C3C 
 110      3A93BB01 
 110      1E55C059 
 110      2EFD
 111 0170 8D78BA30 		.ascii	"\215x\2720\346&QkP\340\356\327 \252\016\004\014~\336"
 111      E626516B 
 111      50E0EED7 
 111      20AA0E04 
 111      0C7EDE
 112 0183 863BDE85 		.ascii	"\206;\336\205\243\306\213\226HS\244.d\264v\032-\215"
 112      A3C68B96 
 112      4853A42E 
 112      64B4761A 
 112      2D8D
 113 0195 51A3ADB5 		.ascii	"Q\243\255\265\243\253\323\010\325\327VU\03255/\215\372"
 113      A3ABD308 
 113      D5D75655 
 113      1A35352F 
 113      8DFA
 114 01a7 57B5DD15 		.ascii	"W\265\335\025Jih\017G\032\242\3217\201f\272\002\320"
 114      4A69680F 
 114      471AA2D1 
 114      378166BA 
 114      02D0
 115 01b9 40E3D0   		.ascii	"@\343\320"
 116              		.text
 117              		.section	.gnu.lto_qei_lld_start.a376ecb88c84f879,"e",%progbits
 118 0000 789CA598 		.ascii	"x\234\245\230YP\024W\024\206\373\334\3333\323\323\263"
 118      59501457 
 118      1486FBDC 
 118      DB33D3D3 
 118      B3
 119 0011 032E80A4 		.ascii	"\003.\200\244|\260\312r)\207D_Ry\261\312T\245R\245\311"
 119      7CB0CA72 
 119      2987445F 
ARM GAS  /tmp/cc1hYs6j.s 			page 9


 119      5279B1CA 
 119      54A552A5 
 120 0026 83BE5B59 		.ascii	"\203\276[YHi\305\212FSy\310\213=\210+*\356\200\202\203"
 120      4869C58A 
 120      465379C8 
 120      8B3D882B 
 120      2AEE8082 
 121 003b 8E8A1A43 		.ascii	"\216\212\032Cbi\214\013\032\202\273q\217qE\214FA\021"
 121      62698C0B 
 121      1A82BB71 
 121      8F71458C 
 121      464111
 122 004e 97E01AB7 		.ascii	"\227\340\032\267\3119\367\366L\267\003F\007(8t\337{"
 122      C939F7F6 
 122      4CB70346 
 122      07283874 
 122      DF7B
 123 0060 FBFBCF39 		.ascii	"\373\373\3179\367\034\3466\232\002JsHQ>P\024\305\007"
 123      F71CE636 
 123      9A024A73 
 123      48513E50 
 123      14C507
 124 0073 8A02990A 		.ascii	"\212\002\231\0120\3030\206\272\"\032c\374H\371&\247"
 124      30C33086 
 124      BA221A63 
 124      FC48F926 
 124      A7
 125 0084 6AE88E4D 		.ascii	"j\350\216MM\207\337U\015/gj\312\210\012\016s\265\203"
 125      4D87DF55 
 125      0D2F676A 
 125      CA880A0E 
 125      73B583
 126 0097 395B6397 		.ascii	"9[c\227\273\341\234\276\250ay\177\234s2W\323\341\362"
 126      BBE19CBE 
 126      A861797F 
 126      9C733257 
 126      D3E1F2
 127 00aa 4C1CD196 		.ascii	"L\034\321\226nj\032\210#.\320\314\325\032s\233s\272"
 127      6E6A1A88 
 127      232ED0CC 
 127      D51A739B 
 127      73BA
 128 00bc 39E706DD 		.ascii	"9\347\006\335\234\323\231\007\257z\343\234_\376\366"
 128      9CD39907 
 128      AF7AE39C 
 128      5FFEF6
 129 00cb 7A98D764 		.ascii	"z\230\327d\373L\266\027\002\346j_\362\312\237\274\012"
 129      FB4CB617 
 129      02E66A5F 
 129      F2CA9FBC 
 129      0A
 130 00dc B0A0B93E 		.ascii	"\260\240\271>d\256\017B\2069\027J^e\000\210+C\003e2"
 130      64AE0F42 
 130      8639174A 
 130      5E650088 
 130      2B430365 
 131 00f1 E3AAC3E9 		.ascii	"\343\252\303\351\322\334\272\307\353\363\007\202\241"
ARM GAS  /tmp/cc1hYs6j.s 			page 10


 131      D2DCBAC7 
 131      EBF30782 
 131      A1
 132 00fe 0C980C25 		.ascii	"\014\230\014%\274\224C\375\364\246m\254_5\2564\352J"
 132      BC9443FD 
 132      F4A66DAC 
 132      5F35AE34 
 132      EA4A
 133 0110 EFEAD38C 		.ascii	"\357\352\323\214\251=\243\\Q\312\361G~\301v\350\207"
 133      A93DA35C 
 133      51CAF147 
 133      7EC176E8 
 133      87
 134 0121 EB1A0B2B 		.ascii	"\353\032\013+\037{\347\362(\007P\361v\321\241\315\007"
 134      1F7BE7F2 
 134      280750F1 
 134      76D1A1CD 
 134      07
 135 0132 75BA65D0 		.ascii	"u\272e\320\033o+\356W\375\014|\030(x}~\303\226sZ\337"
 135      1B6F2BEE 
 135      57FD0C7C 
 135      1828787D 
 135      7EC39673 
 136 0148 D5865168 		.ascii	"\325\206Qh\324=\213q\243O\224s\330\011\034\221P\013"
 136      D43D8B71 
 136      A34F9473 
 136      D8091C91 
 136      500B
 137 015a B9B00372 		.ascii	"\271\260\003r\025\005\307\020\275\013\372*\364\310\225"
 137      1505C710 
 137      BD0BFA2A 
 137      F4C895
 138 0169 8D2F16FB 		.ascii	"\215/\026\373\234\252\251\012\277\202S\241\315\212q"
 138      9CAAA90A 
 138      BF8253A1 
 138      CD8A71
 139 0178 E5C7938E 		.ascii	"\345\307\223\216:\343E|\272Q\327\272\012\236~\364\036"
 139      3AE3457C 
 139      BA51D7BA 
 139      0A9E7EF4 
 139      1E
 140 0189 E0932A43 		.ascii	"\340\223*C\343\340h\360\221(w9\3108i\314Ec\032\335\272"
 140      E3E068F0 
 140      91287739 
 140      C83869CC 
 140      45631ADD 
 141 019e C9E86834 		.ascii	"\311\350h4\017\032\267\227\214\217\214\237L\200L\220"
 141      0F1AB797 
 141      8C8F8C9F 
 141      4C804C90 
 142 01ae 4C884C06 		.ascii	"L\210L\006\231L2Yd\272\221\351N\246\007\032\275']e\223"
 142      994C3259 
 142      64BA91E9 
 142      4EA6071A 
 142      BD275D65 
 143 01c3 C921F15C 		.ascii	"\311!\361\\4\236^h\274yh|}\200\242\350K\323\375\311"
 143      349E5E68 
ARM GAS  /tmp/cc1hYs6j.s 			page 11


 143      BC79687C 
 143      7D80A2E8 
 143      4BD3FDC9 
 144 01d7 0C241326 		.ascii	"\014$\023&\243(\305\\\241\274\252`\324)\312l\316\344"
 144      A328C55C 
 144      A1BCAA60 
 144      D429CA6C 
 144      CEE4
 145 01e9 4D046F5A 		.ascii	"M\004oZ\240\260\366\306\266\002\212\264\222\003f`\356"
 145      A0B0F6C6 
 145      B6028AB4 
 145      92036660 
 145      EE
 146 01fa 943B8D1A 		.ascii	"\224;\215\032\345\223\213\034\326\235\377\351\234\177"
 146      E5938B1C 
 146      D69DFFE9 
 146      9C7F
 147 0208 35C42254 		.ascii	"5\304\"T!Q\356\257\344}\240\216\362\206s\221\350\245"
 147      2151EEAF 
 147      E47DA08E 
 147      F2867391 
 147      E8A5
 148 021a ADCEFC1A 		.ascii	"\255\316\374\032CN\251\360\033\254\2062\231\270z\310"
 148      434EA9F0 
 148      1BAC8632 
 148      99B87AC8 
 149 022a 1768B704 		.ascii	"\027h\267\0043;X\355\010\034@u\330m\202k~\251>\346C"
 149      333B58ED 
 149      081C4075 
 149      D86D826B 
 149      7EA93EE6 
 150 023f F03C3115 		.ascii	"\360<1\025\204=\002\014\004\336+\300S\216O\007I\346"
 150      843D020C 
 150      04DE2BC0 
 150      538E4F07 
 150      49E6
 151 0251 29F02028 		.ascii	")\360 (\260\0171(\376,\261F\305eJ+L\355-o\035\270~\307"
 151      B00F3128 
 151      FE2CB146 
 151      C5654A2B 
 151      4CED2D6F 
 152 0269 FD9D2DEE 		.ascii	"\375\235-\356\"(\214`\215\205\312\011\015\373\241\010"
 152      22288C60 
 152      8D85CA09 
 152      0DFBA108 
 153 0279 145C8CB3 		.ascii	"\024\\\214\263\373\357\334:\005Ds!\355\000\344Fy\206"
 153      FBEFDC3A 
 153      05447321 
 153      ED00E446 
 153      7986
 154 028b 720D8AAE 		.ascii	"r\015\212\256\0173\0014&Jr6\347\330]\203)\223\314\026"
 154      0F330134 
 154      264A7236 
 154      E7D85D83 
 154      2993CC16 
 155 029f AE33CDF8 		.ascii	"\2563\315\370\016\212\370\030\305w(%>\027\322\332\005"
 155      0E8AF818 
ARM GAS  /tmp/cc1hYs6j.s 			page 12


 155      C5772825 
 155      3E17D2DA 
 155      05
 156 02b0 A4E1B82D 		.ascii	"\244\341\270- w\307\001\375.\003\322:\210\300m\213@"
 156      2077C701 
 156      FD2E03D2 
 156      3A88C06D 
 156      8B40
 157 02c2 9D5553E2 		.ascii	"\235US\342\240\010x+\024\011\"\271X\271\366p\\\360\264"
 157      A008782B 
 157      140922B9 
 157      58B9F670 
 157      5CF0B4
 158 02d5 28CF2C27 		.ascii	"(\317,'\337\3400\361\354\271\316\022\267v\345\254\030"
 158      DFE030F1 
 158      ECB9CE12 
 158      B776E5AC 
 158      18
 159 02e6 6D3F0E5E 		.ascii	"m?\016^2\332\216\350\024}0\312\273\301Q|\022\216\230"
 159      32DA8EE8 
 159      147D30CA 
 159      BBC1517C 
 159      128E98
 160 02f9 C1DF6BDE 		.ascii	"\301\337k\336\273K\243\365e\"\372,8\206\321\313N;\216"
 160      BB4BA3F5 
 160      6522FA2C 
 160      3886D1CB 
 160      4E3B8E
 161 030c EBA2BCBB 		.ascii	"\353\242\274\273p\313\221R\243\265\327\234\322w=\255"
 161      70CB9152 
 161      A3B5D79C 
 161      D2773DAD 
 162 031c AAEC0127 		.ascii	"\252\354\001'Dr\311/8\211\311\305,\\\332=\304Bm\231"
 162      4472C92F 
 162      3889C9C5 
 162      2C5CDA3D 
 162      C4426D99 
 163 0330 796B9D9B 		.ascii	"yk\235\233\242\351\001\000\177$\263\342lX>\253\006\204"
 163      A2E90100 
 163      7F24B3E2 
 163      6C583EAB 
 163      0684
 164 0342 BC78A2F1 		.ascii	"\274x\242\361\207|\371L\237\224\344\360\030%\033\007"
 164      877CF94C 
 164      9F94E4F0 
 164      18251B07 
 165 0352 4F5FD877 		.ascii	"O_\330w\034\245b\030\201\037NQ\304\011\217\266\225\326"
 165      1CA56218 
 165      811F4E51 
 165      C4098FB6 
 165      95D6
 166 0364 AD14CB67 		.ascii	"\255\024\313g\030F\325\027\324Y\177\342B\364\3474eT"
 166      1846D517 
 166      D4597FE2 
 166      42F4E734 
 166      6554
 167 0376 EAB90A4F 		.ascii	"\352\271\012OW\0141\243\255\257\275\321p\315\334j\217"
ARM GAS  /tmp/cc1hYs6j.s 			page 13


 167      570C31A3 
 167      ADAFBDD1 
 167      70CDDC6A 
 167      8F
 168 0387 3DE13D45 		.ascii	"=\341=E\302\237,\231\2627 o\215\252\031\006\025\354"
 168      C29F2C99 
 168      B237206F 
 168      8DAA1906 
 168      15EC
 169 0399 D5631BCF 		.ascii	"\325c\033\317jV>\262\341,\376y;c\312\037<0\177\217\212"
 169      6A563EB2 
 169      E12CFE79 
 169      3B63CA1F 
 169      3C307F8F 
 170 03ae 09A1DCE6 		.ascii	"\011\241\334\346\3009\221\016\225\322q^\326\332\202"
 170      C039910E 
 170      95D2715E 
 170      D6DA82
 171 03bd 445979A5 		.ascii	"DYy\245\334\264\275\363v\370\210\357\006\006\027D\351"
 171      DCB4BDF3 
 171      76F888EF 
 171      06061744 
 171      E9
 172 03ce D537CE12 		.ascii	"\3257\316\022k\322\223j\260\244.B>\362Elf\217\364}c"
 172      6BD2936A 
 172      B0A42E42 
 172      3EF2456C 
 172      668FF47D 
 173 03e3 5684E672 		.ascii	"V\204\346r\240\321\242]\022\216\327\327\256\273\350"
 173      A0D1A25D 
 173      128ED7D7 
 173      AEBBE8
 174 03f2 90305F7A 		.ascii	"\2200_z\216\375%P\016B]N\311\001\226\222\257KA_\261"
 174      8EFD2550 
 174      0E425D4E 
 174      C9019692 
 174      AF4B415F 
 175 0407 D87F53D0 		.ascii	"\330\177S\320~{\320\201\364XW-\3265\351\347\222\204"
 175      7E7BD081 
 175      F458572D 
 175      D635E9E7 
 175      9284
 176 0419 9F41098B 		.ascii	"\237A\011\213\337+\255\326\345^=\217\307\343\001h\352"
 176      DF2BADD6 
 176      E55E3D8F 
 176      C7E30168 
 176      EA
 177 042a 82EBCD96 		.ascii	"\202\353\315\226\334ur=hw\275\177\272\373u\303\242\265"
 177      DC75723D 
 177      6877BD7F 
 177      BAFB75C3 
 177      A2B5
 178 043c A0F354E4 		.ascii	"\240\363T\344ZJS\035\255yuS\261\366Mu\363\377\233\252"
 178      5A4A531D 
 178      AD797553 
 178      B1F64D75 
 178      F3FF9BAA 
ARM GAS  /tmp/cc1hYs6j.s 			page 14


 179 0450 5536D52D 		.ascii	"U6\325-\253\251\334/7UK\242\251B\351\345\345\266Uyw"
 179      ABA9DC2F 
 179      37554BA2 
 179      A942E9E5 
 179      E5B65579 
 180 0465 52CA2543 		.ascii	"R\312%C\302\222g\0227\250p\267\013[\360\217%\325F[\220"
 180      C2926712 
 180      37A870B7 
 180      0B5BF08F 
 180      25D5465B 
 181 047a 61DF8281 		.ascii	"a\337\202\201\351n\301=\213v?\32127\315\226\311L\317"
 181      E96EC13D 
 181      8B763FD1 
 181      3237CD96 
 181      C94CCF
 182 048d B107D66E 		.ascii	"\261\007\326n>L\311A\026\302\272\024\364#\213\375\230"
 182      3E4CC941 
 182      16C2BA14 
 182      F4238BFD 
 182      98
 183 049e 82CEB207 		.ascii	"\202\316\262\007\335-=\326\277\026\353IJ\313t\227\260"
 183      DD2D3DD6 
 183      BF16EB49 
 183      4ACB7497 
 183      B0
 184 04af 878FB796 		.ascii	"\207\217\267\226jr\257\236\212\226y\332\005\327\237"
 184      6A72AF9E 
 184      8A9679DA 
 184      05D79F
 185 04be 5972CFC9 		.ascii	"Yr\317\311\365\356v\327\303\351\356\327\013\213\026"
 185      F5EE76D7 
 185      C3E9EED7 
 185      0B8B16
 186 04cd 375B467F 		.ascii	"7[F\177\371cp\335\034\227d\367H\353SP\007\203\021\332"
 186      F96370DD 
 186      1C9764F7 
 186      48EB5350 
 186      078311DA 
 187 04e1 49E80813 		.ascii	"I\350\010\023\245\320v`\200\031o\362\363Eow2\253\232"
 187      A5D07660 
 187      80196FF2 
 187      F3456F77 
 187      32AB9A
 188 04f4 8807C85C 		.ascii	"\210\007\310\\\224\203B&\301\225s\2265q\233\317S\004"
 188      94834226 
 188      C1957396 
 188      35719BCF 
 188      5304
 189 0506 D845E022 		.ascii	"\330E\340\"\226o\247\345\340\341i*\023\271m\273>\267"
 189      966FA7E5 
 189      E0E1692A 
 189      13B96DBB 
 189      3EB7
 190 0518 5937D5D2 		.ascii	"Y7\325\322\303O\023x\215\360\323Y\276\305+\351$o\206"
 190      C34F1378 
 190      8DF0D359 
 190      BEC52BE9 
ARM GAS  /tmp/cc1hYs6j.s 			page 15


 190      246F86
 191 052b E0B98937 		.ascii	"\340\271\2117\323\316+\353$o\226\340\351\304+\266\363"
 191      D3CE2BEB 
 191      246F96E0 
 191      E9C42BB6 
 191      F3
 192 053c CA3BC99B 		.ascii	"\312;\311\233-x\036\342\315\021\351\274\274\246e\210"
 192      2D781EE2 
 192      CD11E9BC 
 192      BCA66588 
 193 054c CC663C8E 		.ascii	"\314f<\216\311\225\374\332\033\025\325\036Y\010=\333"
 193      C995FCDA 
 193      1B15D51E 
 193      59083DDB 
 194 055c 1742C702 		.ascii	"\027B\307\002\242^K\004\336K\370y\354\3456\316\226\254"
 194      A25E4B04 
 194      DE4BF879 
 194      ECE536CE 
 194      96AC
 195 056e E2F31717 		.ascii	"\342\363\027\027\372e{D\030\314g)\275\361\346R\013,"
 195      FA657B44 
 195      18CC6729 
 195      BDF1E652 
 195      0B2C
 196 0580 A9850C5B 		.ascii	"\251\205\014[#[\236\343\2267\233\347\270\2344\337.\026"
 196      235B9EE3 
 196      96379BE7 
 196      B89C34DF 
 196      2E16
 197 0592 B1E4DBC5 		.ascii	"\261\344\333\305b&\337.\016\016\220\250\334\016\317"
 197      6226DF2E 
 197      0E0E90A8 
 197      DC0ECF
 198 05a1 DB39AF38 		.ascii	"\3339\2578o\367\202%\002\345#T){\371H\230k\257\340^"
 198      6FF78225 
 198      02E52354 
 198      297BF948 
 198      986BAFE0 
 199 05b6 58C1652C 		.ascii	"X\301e,q$\364\340_\2138X'\322hb\013z\245%\237\007\345"
 199      7124F4E0 
 199      5F8B3858 
 199      27D26862 
 199      0B7AA525 
 200 05cd 42DE4FF2 		.ascii	"B\336O\362K\023\362{\300b%\217\244yx$]\226\324\367\326"
 200      4B13F27B 
 200      C062258F 
 200      A4797824 
 200      5D96D4F7 
 201 05e2 944C3DA3 		.ascii	"\224L=\243$>\316\332\256\257m\366tTb+\341u5V!\364\003"
 201      243ECEDA 
 201      AEAF6DF6 
 201      7454622B 
 201      E1753556 
 202 05f9 A45F296A 		.ascii	"\244_)j,R\274~\205O\026\031\207\345Bp6\367\235\270\373"
 202      2C52BC7E 
 202      854F1619 
 202      87E54270 
ARM GAS  /tmp/cc1hYs6j.s 			page 16


 202      36F79DB8 
 203 060e 642D5872 		.ascii	"d-Xr\353;+\027\265\344\252\204\\2\276\034\214o\205)"
 203      EB3B2B17 
 203      B5E4AA84 
 203      5C32BE1C 
 203      8C6F8529 
 204 0622 E7B76717 		.ascii	"\347\267g\027\345j\252;\224\373\356uj+-\265\0306d\002"
 204      E56AAA3B 
 204      94FBEE75 
 204      6A2B2DB5 
 204      18366402 
 205 0636 1F203CB7 		.ascii	"\037 <\267\275\362\312\376\254\344yim\336[\260J\360"
 205      BDF2CAFE 
 205      ACE47969 
 205      6DDE5BB0 
 205      4AF0
 206 0648 83C45F9D 		.ascii	"\203\304_\235R;y\366\330\336\302\330\326$\367.x!y\362"
 206      523B79F6 
 206      D8DEC2D8 
 206      D624F72E 
 206      782179F2 
 207 065c 11D16DEF 		.ascii	"\021\321m\357dt\325B=D\352kE.\3577\224o\366\313\\f\302"
 207      6474D542 
 207      3D44EA6B 
 207      452EEF37 
 207      946FF6CB 
 208 0673 3A33D850 		.ascii	":3\330P\354\362\203\023\314R\253\355\244\332zK\355{"
 208      ECF28313 
 208      CC52ABED 
 208      A4DA7A4B 
 208      ED7B
 209 0685 A17676F1 		.ascii	"\241vv\361\221\326\200T\013\301\006S-\343E2\265\267"
 209      91D68054 
 209      0BC10653 
 209      2DE34532 
 209      B5B7
 210 0697 A1B0EA51 		.ascii	"\241\260\352Q\245|\233\243\257b.\216\245\\\374\337A"
 210      A57C9BA3 
 210      AF622E8E 
 210      A55CFCDF 
 210      41
 211 06a8 51860E1A 		.ascii	"Q\206\016\032\024\306\357/\013&~U0.<l\314\330O\307~"
 211      14C6EF2F 
 211      0B267E55 
 211      302E3C6C 
 211      CCD84FC7 
 212 06bd 3C323C7E 		.ascii	"<2<~Rx\314'\343\302\023\306O\374fRx\344\250\021\203"
 212      5278CC27 
 212      E3C213C6 
 212      4FFC6652 
 212      78E4A811 
 213 06d2 DF090F1F 		.ascii	"\337\011\017\037\376~x\324\207#\276}\233fF\177]0v\364"
 213      FE7E78D4 
 213      8723BE7D 
 213      9B66467F 
 213      5D3076F4 
 214 06e6 B8719F0F 		.ascii	"\270q\237\017\372LQ\361r\302\1770\357\004V"
ARM GAS  /tmp/cc1hYs6j.s 			page 17


 214      FA4C51F1 
 214      72C27F30 
 214      EF0456
 215              		.text
 216              		.section	.gnu.lto_qei_lld_stop.a376ecb88c84f879,"e",%progbits
 217 0000 789C9553 		.ascii	"x\234\225S]KTA\030\236\347\3149g\317\332\256^D\020x"
 217      5D4B5441 
 217      189EE7CC 
 217      3967CFDA 
 217      AE5E4410 
 218 0015 D3452046 		.ascii	"\323E F\270\333\307\017\020\014\"P\202\352^\3720\222"
 218      B8DBC70F 
 218      100C2250 
 218      82EA5EFA 
 218      3092
 219 0027 A42CA38B 		.ascii	"\244,\243\213n\232]\267\024\355\203\300\334,\267]\\"
 219      6E9A5DB7 
 219      14ED83C0 
 219      DC2CB75D 
 219      5C
 220 0038 C52EA20F 		.ascii	"\305.\242\017\372.\263mK\323\262\3572\267\302(l\245"
 220      FA2EB36D 
 220      4BD3B2EF 
 220      32B7C228 
 220      6CA5
 221 004a 8884F222 		.ascii	"\210\204\362\"\202\334\336\231s\352HQ\324\262g\230\231"
 221      82DCDE99 
 221      73EA4851 
 221      D4B26798 
 221      99
 222 005b F79DE779 		.ascii	"\367\235\347y\237\347\235\261\030X\\gl)cl#}\260\030"
 222      9FE79DB1 
 222      18585C67 
 222      6C29636C 
 222      237DB018 
 223 006f 342144A9 		.ascii	"4!D\251'di\032\377\220|=K\027y\236\226\227G\347\351"
 223      2764691A 
 223      FF907C3D 
 223      4B17799E 
 223      969747E7 
 224 0084 C2C7353D 		.ascii	"\302\3075=;\3246\223v\214\303g\262\363iG\207\341d\033"
 224      3BD43693 
 224      768CC367 
 224      B2F36947 
 224      87E1641B 
 225 0098 9AE9C43C 		.ascii	"\232\351\304<N\314\204G\305\340\001\324DX`;5\256\033"
 225      4ECC8447 
 225      C5E001D4 
 225      4458603B 
 225      35AE1B
 226 00ab A6073BB1 		.ascii	"\246\007;\261\237G9\322\015\331KZq7\205E*\332^\260["
 226      9F4739D2 
 226      0DD94B5A 
 226      71378545 
 226      2ADA5EB0 
 227 00c0 EC9A1DE7 		.ascii	"\354\232\035\347\214\265\321g\377p\031\305\2247\032"
 227      8CB5D167 
ARM GAS  /tmp/cc1hYs6j.s 			page 18


 227      FF7019C5 
 227      94371A
 228 00cf 8E7DF1ED 		.ascii	"\216}\361\355\343q\016\350\264l\271}v0O.5\314\241e\373"
 228      E3710EE8 
 228      B46CB97D 
 228      76304F2E 
 228      35CCA165 
 229 00e4 64E21C78 		.ascii	"d\342\034x\031\030\315\237\037?\237\261\212\272\204"
 229      1918CD9F 
 229      1F3F9FB1 
 229      8ABA84
 230 00f3 088BD464 		.ascii	"\010\213\324d\222\213\271q\316q\025\234 \321\203B\\"
 230      928BB971 
 230      CE71159C 
 230      20D18342 
 230      5C
 231 0104 412163B4 		.ascii	"A!c\264G\320\275(b\362\310\233\323S\007\375\246\356"
 231      47D0BD28 
 231      62F2C89B 
 231      D35307FD 
 231      A6EE
 232 0116 B0E21A4C 		.ascii	"\260\342\032Lr\205\261\223\217\214\224\230\3125\210"
 232      7285B193 
 232      8F8C9498 
 232      CA3588
 233 0125 D458272E 		.ascii	"\324X'.\254\360\223S\\\327h0t\032LS\016^H\024\237\234"
 233      ACF09353 
 233      5CD76830 
 233      741A4C53 
 233      0E5E4814 
 234 013b 32D6CC99 		.ascii	"2\326\314\231\024\242C\244\030\333\3035{\021\242\305"
 234      14A243A4 
 234      18DBC335 
 234      7B11A2C5 
 235 014b 7B847BDE 		.ascii	"{\204{\336\215\214\233\022;\306A\234\373\352'F-\251"
 235      8D8C9B12 
 235      3BC6419C 
 235      FBEA2746 
 235      2DA9
 236 015d 80ABAA53 		.ascii	"\200\253\252S\317Oe\362\273\220\014\321\2219q\356\211"
 236      CF4F65F2 
 236      BB900CD1 
 236      913971EE 
 236      89
 237 016e 712F52B2 		.ascii	"q/R\262R\212\205\342\257.\232\301\023\302\016Y\270\216"
 237      528A85E2 
 237      AF2E9AC1 
 237      13C20E59 
 237      B88E
 238 0180 2E1CB24B 		.ascii	".\034\262KM#\310\336\"\362\352\306b\027\271\253\271"
 238      4D23C8DE 
 238      22F2EAC6 
 238      6217B9AB 
 238      B9
 239 0191 E38A5F22 		.ascii	"\343\212_\"[\320pCb0Y\015\177y\264\351\004\334j2\335"
 239      5BD07043 
 239      6230590D 
ARM GAS  /tmp/cc1hYs6j.s 			page 19


 239      7F79B4E9 
 239      04DC6A32 
 240 01a6 4E35DA7F 		.ascii	"N5\332\177\321\033\270\251\350\245A\350#\372\367H\177"
 240      D11BB8A9 
 240      E8A541E8 
 240      23FAF748 
 240      7F
 241 01b7 1A982FA1 		.ascii	"\032\230/\241\246\2532~S\225\330A&y\211\016\375\016"
 241      A6AB327E 
 241      5395D841 
 241      2679890E 
 241      FD0E
 242 01c9 706CEF91 		.ascii	"pl\357\221,'\340HH\002\347\341\226\002\326$\360\000"
 242      2C27E048 
 242      4802E7E1 
 242      9602D624 
 242      F000
 243 01db 82D3D1F2 		.ascii	"\202\323\321\362\3000H\247\224\324\251\336\240]\270"
 243      C03048A7 
 243      94D4A9DE 
 243      A05DB8
 244 01ea 57621C1B 		.ascii	"Wb\034\033\312y#\010\207,r2)M\241\315\341\027\375\017"
 244      CA792308 
 244      872C7232 
 244      294DA1CD 
 244      E117FD0F 
 245 01fe 082B0952 		.ascii	"\010+\011R\202\333\210\340\247\226K\321T\207Jo\244\202"
 245      82DB88E0 
 245      A7964BD1 
 245      54874A6F 
 245      A482
 246 0210 D64BF3EF 		.ascii	"\326K\363\357P\"\021\016Q\226c\224\036\036n_\354\370"
 246      5022110E 
 246      51966394 
 246      1E1E6E5F 
 246      ECF8
 247 0222 94EE79F7 		.ascii	"\224\356y\367e\0346\235>\275\242\031J\337\327\326\372"
 247      651C369D 
 247      3EBDA219 
 247      4ADFD7D6 
 247      FA
 248 0233 BE027B29 		.ascii	"\276\002{)\022\215Bf\214\335?=b\271N\372p\217\356\334"
 248      128D4266 
 248      8CDD3F3D 
 248      62B94EFA 
 248      708FEEDC 
 249 0247 5D877E70 		.ascii	"]\207~p\340\300M]*\206\324t_\351\2255\343\2012\262\276"
 249      E0C04D5D 
 249      2A86D474 
 249      5FE99535 
 249      E38132B2 
 250 025c B5C1E172 		.ascii	"\265\301\341r\350r\237\243\335\352\232\233\370\226\313"
 250      E8729FA3 
 250      DDEA9A9B 
 250      F896CB
 251 026b E50AF090 		.ascii	"\345\012\360\220\200\250\252\321&8\206\377\007\335#"
 251      80A8AAD1 
ARM GAS  /tmp/cc1hYs6j.s 			page 20


 251      263886FF 
 251      07DD23
 252 027a 97EE3182 		.ascii	"\227\3561\202\304\241\364ymB\337?c9\315z\342\242=\245"
 252      C4A1F479 
 252      6D42DF3F 
 252      6339CD7A 
 252      E2A23DA5 
 253 028e E2A57186 		.ascii	"\342\245q\206{\303T\243\262\327\376\334(\374\336\250"
 253      7BC354A3 
 253      B2D7FEDC 
 253      28FCDEA8 
 254 029e E1BF37EA 		.ascii	"\341\2777\352\231\335\250\021\267Qf\350G\243>\200\253"
 254      99DDA811 
 254      B75166E8 
 254      47A33E80 
 254      AB
 255 02af 57FB0B8F 		.ascii	"W\373\013\217\277M\362 #\217\304y\276:\344q\037\345"
 255      BF4DF220 
 255      238FC479 
 255      BE3AE471 
 255      1FE5
 256 02c1 47841313 		.ascii	"G\204\023\023\235\312I\205\330\314\341>_\306JKJ\002"
 256      9DCA4985 
 256      D8CCE13E 
 256      5FC64A4B 
 256      4A02
 257 02d3 F4DF58B5 		.ascii	"\364\337X\265uSUM\240lC\365\232\352\345+\003\233\353"
 257      7553554D 
 257      A06C43F5 
 257      9AEAE52B 
 257      039BEB
 258 02e6 021B56D7 		.ascii	"\002\033V\327\004j7o\335V\027X\271\252b\321\302@y\371"
 258      046A376F 
 258      DD561758 
 258      B9AA62D1 
 258      C24079F9 
 259 02fa 92C0AA65 		.ascii	"\222\300\252e\025\333\027\310H\345\226\252\352\312\232"
 259      15DB17C8 
 259      48E596AA 
 259      EACA9A
 260 0309 9A75256B 		.ascii	"\232u%k\231N\323\332\357\213=\246l"
 260      994ED3DA 
 260      EF8B3DA6 
 260      6C
 261              		.text
 262              		.section	.gnu.lto_qei_lld_enable.a376ecb88c84f879,"e",%progbits
 263 0000 789C6591 		.ascii	"x\234e\221\313K\033Q\024\306\3177g\222L\213\272pU\020"
 263      CB4B1B51 
 263      14C6CF37 
 263      67924C8B 
 263      BA705510 
 264 0014 210B41EC 		.ascii	"!\013A\354\"\223\352? (\224\202\"T\367\322\326\200\241"
 264      2293EA3F 
 264      20289482 
 264      2254F7D2 
 264      D680A1
 265 0027 C1472C6E 		.ascii	"\301G,n\275\023_\210\257\215\222\212\206\011\324P\012"
ARM GAS  /tmp/cc1hYs6j.s 			page 21


 265      BD135F88 
 265      AF8D928A 
 265      8609D450 
 265      0A
 266 0038 455B68A5 		.ascii	"E[h\245\255\2571\332b\273\354J](\270\020\024T\020\027"
 266      ADAF31DA 
 266      62BBEC4A 
 266      5D28B810 
 266      14541017 
 267 004c 5DA9E74E 		.ascii	"]\251\347N\004\013\016\367\302\371\356\271\337\357~"
 267      040B0EF7 
 267      C2F9EEB9 
 267      DFEF7E
 268 005b 87B108B4 		.ascii	"\207\261\010\264\006\242\247DT.\033L0\224R\265!\307"
 268      06A2A744 
 268      542E1B4C 
 268      309452B5 
 268      21C7
 269 006d 3200BF52 		.ascii	"2\000\277R\026\250\317@\037&9\315\310\017\037}7\252"
 269      16A8CF40 
 269      1F2639CD 
 269      C80F1F7D 
 269      37AA
 270 007f DE4B4779 		.ascii	"\336KGy\351\235\322!5\370\310e\242\031\331\205\017?"
 270      E99DD221 
 270      35F8C865 
 270      A219D985 
 270      0F3F
 271 0091 5025F7F6 		.ascii	"P%\367\366S\231\177E\023\3542`\212\234\372\363\345\367"
 271      53997F45 
 271      13EC3260 
 271      8A9CFAF3 
 271      E5F7
 272 00a3 432D0D84 		.ascii	"C-\015\204E\316]f\277\202\353@R\357}\\\332\265*sJ\245"
 272      45CE5D66 
 272      BF82EB40 
 272      52EF7D5C 
 272      DAB52A73 
 273 00b9 94B735CF 		.ascii	"\224\2675\317\252\302e\306*X\220XA\031\226QF$g\202^"
 273      AAC265C6 
 273      2A589058 
 273      41199651 
 273      46246782 
 274 00ce 432569CB 		.ascii	"C%i\313\341\347\253\351\342\240y\373*\326\021\2249\210"
 274      E1E7ABE9 
 274      E2A079FB 
 274      2AD61194 
 274      3988
 275 00e0 16FF063C 		.ascii	"\026\377\006<uu=\254\274\313y\034<\017@l\246\004\360"
 275      75753DAC 
 275      BCCB791C 
 275      3C0F406C 
 275      A604F0
 276 00f3 6DA34C3A 		.ascii	"m\243L:\264\011\345\021\215\261Q\020\216\210\023\244"
 276      B409E511 
 276      8DB15110 
 276      8E8813A4 
ARM GAS  /tmp/cc1hYs6j.s 			page 22


 277 0103 568E178E 		.ascii	"V\216\027\216\2419\031\206\360'\372\317\367-\235\226"
 277      A1391986 
 277      F027FACF 
 277      F72D9D96 
 278 0113 FD84DEDE 		.ascii	"\375\204\336\336\247\335\222\034\3369b\011\273\034\310"
 278      A7DD921C 
 278      DE396209 
 278      BB1CC8
 279 0122 C8B9A753 		.ascii	"\310\271\247SI\317q\017\276\005\243\013\252\3202\261"
 279      49CF710F 
 279      BE05A30B 
 279      AAD032B1 
 280 0132 811CDE16 		.ascii	"\201\034\336\026b\345\021\025v\376b\373\261&\377\217"
 280      62E51115 
 280      76FE62FB 
 280      B126FF8F 
 281 0142 35EF61B3 		.ascii	"5\357a\263I\311\252_\307\346-83>{\304\002\036p48\204"
 281      49C9AA5F 
 281      C7E62D38 
 281      333E7BC4 
 281      021E7034 
 282 0158 2D1FACC7 		.ascii	"-\037\254\307\304OD\345\302\322\310\351\207\007\232"
 282      C44F44E5 
 282      C2D2C8E9 
 282      87079A
 283 0167 1602F04B 		.ascii	"\026\002\360K\\gHe\327s\376\030\376\237\030e\334MLT"
 283      5C674865 
 283      D773FE18 
 283      FE9F1865 
 283      DC4D4C54 
 284 017b 1B89D8B2 		.ascii	"\033\211\330\262^\307\222\035\261\204]\327\036\177\031"
 284      5EC7921D 
 284      B1845DD7 
 284      1E7F19
 285 018a 6F6AB63B 		.ascii	"oj\266;{\354\366\027\011\273\2533\371\246\307nni\254"
 285      7BECF617 
 285      09BBAB33 
 285      F9A6C76E 
 285      6E69AC
 286 019d A9B61B1A 		.ascii	"\251\266\033\032\352\355\226g\215\275Ot\247\265;\026"
 286      EAED9667 
 286      8DBD4F74 
 286      A7B53B16 
 287 01ad 6F4D24DA 		.ascii	"oM$\332\"\257\310\224\262\353\006\322\207\247R"
 287      22AFC894 
 287      B2EB06D2 
 287      87A752
 288              		.text
 289              		.section	.gnu.lto_qei_lld_disable.a376ecb88c84f879,"e",%progbits
 290 0000 789C6591 		.ascii	"x\234e\221\273K\034Q\024\306\3177gvw\010\232\306F\220"
 290      BB4B1C51 
 290      14C6CF37 
 290      67767708 
 290      9AC64690 
 291 0014 8085205A 		.ascii	"\200\205 Z\354\254\361\037\020\024$\240\244X{1\311\202"
 291      ECACF11F 
 291      101424A0 
ARM GAS  /tmp/cc1hYs6j.s 			page 23


 291      A4587B31 
 291      C982
 292 0026 8B8B9A35 		.ascii	"\213\213\2325\244\365\316\372*\214\217\"a\023\222e\026"
 292      A4F5CEFA 
 292      2A8C8F22 
 292      61139265 
 292      16
 293 0037 E2264DF0 		.ascii	"\342&M\360\001*\276b\306\215\212\212U:-\024,\004-\024"
 293      012ABE62 
 293      C68D8A8A 
 293      553A2D14 
 293      2C042D14 
 294 004b C4C222A8 		.ascii	"\304\302\"\250\347\316\012\012^\346\302\371\356\231"
 294      E7CE0A0A 
 294      5EE6C2F9 
 294      EE99
 295 0059 EF77BFC3 		.ascii	"\357w\277\303\265\010\264\012\242F\"z&\033L0\224Ru!"
 295      B508B40A 
 295      A246227A 
 295      261B4C30 
 295      94527521 
 296 006d C73200BF 		.ascii	"\3072\000\277R\026\250\327@/\3068\315\310\017\035/\032"
 296      5216A8D7 
 296      402FC638 
 296      CDC80F1D 
 296      2F1A
 297 007f 553FA5A3 		.ascii	"U?\245\243\274\364x\311\240\032(u\231\350\213\354\302"
 297      BCF478C9 
 297      A01A2875 
 297      99E88BEC 
 297      C2
 298 0090 C212AAE4 		.ascii	"\302\022\252\344\277\203T\346\252h\224]\006L\221\037"
 298      BF8354E6 
 298      AA68945D 
 298      064C911F 
 299 00a0 7766B79F 		.ascii	"wf\267\237hi\240\\\344\267\313\354\034\270\036$\365"
 299      6869A05C 
 299      E4B7CBEC 
 299      1CB81E24 
 299      F5
 300 00b1 FEAFF93D 		.ascii	"\376\257\371=\2532\247TJy\273\023\254*\\f\374\006\013"
 300      AB32A754 
 300      4A79BB13 
 300      AC2A5C66 
 300      FC060B
 301 00c4 122B28C3 		.ascii	"\022+(\3032\312\210\344L\320\253\250$m9\232\271\376"
 301      32CA88E4 
 301      4CD0ABA8 
 301      246D399A 
 301      B9FE
 302 00d6 541C34EF 		.ascii	"T\0344\357n\305\037\004e\016\242\251\177\001O]\337\014"
 302      6EC51F04 
 302      650EA2A9 
 302      7F014F5D 
 302      DF0C
 303 00e8 29EFFF04 		.ascii	")\357\377\004\322\321\000\304fJ\000\3376\314\244C\233"
 303      D2D100C4 
ARM GAS  /tmp/cc1hYs6j.s 			page 24


 303      664A00DF 
 303      36CCA443 
 303      9B
 304 00f9 501ED107 		.ascii	"P\036\321\0076\012\302\021q\212\324\312\311\316\011"
 304      360AC211 
 304      718AD4CA 
 304      C9CE09
 305 0108 3427C310 		.ascii	"4'\303\020\376h\337\371\201\245\323\262\237\320\333"
 305      FE68DFF9 
 305      81A5D3B2 
 305      9FD0DB
 306 0117 9FDE7B9A 		.ascii	"\237\336{\232\303wG,\345.\0072r\356\351T\322s\334\303"
 306      C377472C 
 306      E52E0732 
 306      72EEE954 
 306      D273DCC3 
 307 012b 85606452 		.ascii	"\205`dR\025Z&\326\220\303\347B\254<\"\302\316_lUk\362"
 307      155A26D6 
 307      90C3E742 
 307      AC3C22C2 
 307      CE5F6C55 
 308 0141 43ACF908 		.ascii	"C\254\371\010\233MJV};\376\336\2013#_\217Y\300\375\216"
 308      9B4D4A56 
 308      7D3BFEDE 
 308      8133235F 
 308      8F59C0FD 
 309 0156 0687B0EE 		.ascii	"\006\207\260\356\203\365\230\330@\344!-\004\302\246"
 309      83F598D8 
 309      40E4212D 
 309      04C2A6
 310 0165 B8CE90CA 		.ascii	"\270\316\220\312N\375\360\307\360_b\230q?1Q]8l\313\327"
 310      4EFDF0C7 
 310      F05F6298 
 310      713F3151 
 310      5D386CCB 
 311 017a 114B76C6 		.ascii	"\021Kv\306\022v}{\374U\374e\324\356\352\261\333\333"
 311      12767D7B 
 311      FC55FC65 
 311      D4EEEAB1 
 311      DBDB
 312 018c 12767757 		.ascii	"\022vwW\362]\217\035mi\256}n755\330-/\232\337\327\350"
 312      F25D8F1D 
 312      6D69AE7D 
 312      6E373535 
 312      D82D2F9A 
 313 01a3 4EEBDB58 		.ascii	"N\353\333X\2745\221x\023~M\246\224\335\267\036;\246"
 313      BC359178 
 313      137E4DA6 
 313      94DDB71E 
 313      3BA6
 314 01b5 E8       		.ascii	"\350"
 315              		.text
 316              		.section	.gnu.lto_.symbol_nodes.a376ecb88c84f879,"e",%progbits
 317 0000 789C75CF 		.ascii	"x\234u\317;\012\302@\024\205\341sf\222I\324E(\342\016"
 317      3B0AC240 
 317      1485E173 
 317      669249D4 
ARM GAS  /tmp/cc1hYs6j.s 			page 25


 317      4528E20E 
 318 0014 7401DABB 		.ascii	"t\001\332\273\014\367q\023He\243\255`im\257\235`)\226"
 318      0CF77113 
 318      4865A3AD 
 318      60696DAF 
 318      9D602996 
 319 0028 2EC0427C 		.ascii	".\300B|?\027\240\223D\304br\253\037\276\003\303\204"
 319      3F17A093 
 319      44C46272 
 319      AB1FBE03 
 319      C384
 320 003a 20BA04A0 		.ascii	" \272\004\240^\024D\366<\016\327\200\200\263d\021\325"
 320      5E1444F6 
 320      3C0ED780 
 320      80B36411 
 320      D5
 321 004b 901AD491 		.ascii	"\220\032\324\221\302\177\304<\352\344\344\357\311\270"
 321      C27FC43C 
 321      EAE4E4EF 
 321      C9B8
 322 0059 9EC681C8 		.ascii	"\236\306\201\310B\235(\252`\374\244\212\354F\2533E\273"
 322      429D28AA 
 322      60FCA48A 
 322      EC46AB33 
 322      45BB
 323 006b 37EA42F1 		.ascii	"7\352B\361\012\350J\361\335\304\033\305\274\277W\315"
 323      0AE84AF1 
 323      DDC41BC5 
 323      BCBF57CD 
 324 007b 18F63B6D 		.ascii	"\030\366;m+\017J\340\226;%t\212f)\177\246\361\253\236"
 324      2B0F4AE0 
 324      963B2574 
 324      8A66297F 
 324      A6F1AB9E 
 325 008f F62A794D 		.ascii	"\366*yMhs\267\0325\2714\332+\367\247\003\237I\240\015"
 325      6873B71A 
 325      35B934DA 
 325      2BF7A703 
 325      9F49A00D 
 326 00a3 E2CDB8C5 		.ascii	"\342\315\270\305\255\301\007\355yc\353"
 326      ADC107ED 
 326      7963EB
 327              		.text
 328              		.section	.gnu.lto_.refs.a376ecb88c84f879,"e",%progbits
 329 0000 789C0DC3 		.ascii	"x\234\015\303\301\011\000 \020\003\301ds\212\210`\001"
 329      C1090020 
 329      1003C164 
 329      738A8860 
 329      01
 330 0011 FEECBF48 		.ascii	"\376\354\277H\035\230!\353J*\203\177\022\247R\264\005"
 330      1D9821EB 
 330      4A2A837F 
 330      12A752B4 
 330      05
 331 0022 9B1C3A34 		.ascii	"\233\034:42\365\000\016\221\000\270"
 331      32F5000E 
 331      9100B8
ARM GAS  /tmp/cc1hYs6j.s 			page 26


 332              		.text
 333              		.section	.gnu.lto_.decls.a376ecb88c84f879,"e",%progbits
 334 0000 789CB559 		.ascii	"x\234\265YyPTI\232\177\371\262(\252\212\313\001\335"
 334      79505449 
 334      9A7FF9B2 
 334      28AA8ACB 
 334      01DD
 335 0012 76DAD91D 		.ascii	"v\332\331\035\247\203\011;b\243\305c\"zz7b\267[t\246"
 335      A783093B 
 335      62A3C563 
 335      227A7A37 
 335      62B75B74 
 336 0027 DD68BB67 		.ascii	"\335h\273g\321\215\235?&\242\032\261\030\331\346p\241"
 336      D18D9D3F 
 336      26A21AB1 
 336      18D9E670 
 336      A1
 337 0038 B0ED7F66 		.ascii	"\260\355\177f\036\207\210\210\002\202\010\210r\010\012"
 337      1E878888 
 337      02820888 
 337      72080A
 338 0047 8A078DA2 		.ascii	"\212\007\215\242rh\001\002\212\240\200\034\202\007\210"
 338      72680102 
 338      8AA0801C 
 338      820788
 339 0056 0722CA25 		.ascii	"\007\"\312%\210\242\300~y\024\365\352\322\235\231\230"
 339      88A2C07E 
 339      7914F5EA 
 339      D29D9998 
 340 0066 075FBD97 		.ascii	"\007_\275\227\231\277\357\367}\231\371\345\361\362\251"
 340      99BFEFF7 
 340      7D99F9E5 
 340      F1F2A9
 341 0075 0424F8FC 		.ascii	"\004$\370\374\\\020\346+\004\301\031\013\302,\\\216"
 341      5C10E62B 
 341      04C1190B 
 341      C22C5C8E 
 342 0085 8220B480 		.ascii	"\202 \264\200@\226P\0172\010\242\004\271#\260K\015\362"
 342      4096500F 
 342      3208A204 
 342      B923B04B 
 342      0DF2
 343 0097 12E435C8 		.ascii	"\022\3445\310\033\220q\220i\220Y\020\204\000\013\362"
 343      1B907190 
 343      69905910 
 343      84000BF2 
 344 00a7 1310A013 		.ascii	"\023\020\240\023<\340\276\000\344\247H0\273\236CZ\005"
 344      3CE0BE00 
 344      E4A74830 
 344      BB9E435A 
 344      05
 345 00b8 F7CD20EE 		.ascii	"\367\315 \356 \363\271\235% \377\002e\237\201\374\034"
 345      20F3B99D 
 345      2520FF02 
 345      659F81FC 
 345      1C
 346 00c9 84A8AD84 		.ascii	"\204\250\255\204\037\221\333y)X_/\020\363\217p\375+"
ARM GAS  /tmp/cc1hYs6j.s 			page 27


 346      1F91DB79 
 346      29585F2F 
 346      10F38F70 
 346      FD2B
 347 00db 623C4F49 		.ascii	"b<OI>\310\367\234c@`\034\257\271\217\344\231\370\345"
 347      3EC8F79C 
 347      6340601C 
 347      AFB98FE4 
 347      99F8E5
 348 00ee 61E1D724 		.ascii	"a\341\327$\261k\303\257\\\310_\010\367<n\253\233\373"
 348      B16BC3AF 
 348      5CC85F08 
 348      F73C6EAB 
 348      9BFB
 349 0100 4AF8E341 		.ascii	"J\370\343AbA\242\021\263\233\003\367\243 \005 \363@"
 349      6241A211 
 349      B39B03F7 
 349      A3200520 
 349      F340
 350 0112 0A116BC7 		.ascii	"\012\021k\307:\020\007\304\332Q^\307\255 \307@\216\203"
 350      3A1007C4 
 350      DA515EC7 
 350      AD20C740 
 350      8E83
 351 0124 142166B7 		.ascii	"\024!f\267\037$\015\236\323A\036\3636X\206X=\376\010"
 351      1F240D9E 
 351      D3411EF3 
 351      36588658 
 351      3DFE08
 352 0137 777F9010 		.ascii	"w\177\220\020\220- \233@\276\0039\004\222\011\262\021"
 352      902D209B 
 352      40BE0339 
 352      049209B2 
 352      11
 353 0148 240B2498 		.ascii	"$\013$\230\367\001\351\243\237\360~!\351\237\"\333u"
 353      F701E9A3 
 353      9FF07E21 
 353      E99F22DB 
 353      75
 354 0159 1F80B49B 		.ascii	"\037\200\264\233\215\272w\363z.\341\355J\374\337\312"
 354      8DBA77F3 
 354      7A2EE1ED 
 354      4AFCDFCA 
 355 0169 7D37D6E3 		.ascii	"}7\326\343\004\310\004\217\231\307\202\311O\313\276"
 355      04C8048F 
 355      99C782C9 
 355      4FCBBE
 356 0178 B3D7EE6F 		.ascii	"\263\327\356o\354\304\303\367\274M\215\366D\0317\241"
 356      ECC4C3F7 
 356      BC4D8DF6 
 356      441937A1 
 357 0188 98B6110F 		.ascii	"\230\266\021\017\263\177%\327\254\015\256\375\030\335"
 357      B37F25D7 
 357      AC0DAEFD 
 357      18DD
 358 0196 8B3CF8CA 		.ascii	"\213<\370\312y\017F\356\032\244\200dJ\303\231\253\032"
 358      790F46EE 
ARM GAS  /tmp/cc1hYs6j.s 			page 28


 358      1AA48064 
 358      4AC399AB 
 358      1A
 359 01a7 48CED7A0 		.ascii	"H\316\327\240\305\220<W\367$\237\227\272@\362JVS\231"
 359      C5903C57 
 359      F7249F97 
 359      BA40F24A 
 359      565399
 360 01ba AB265682 		.ascii	"\253&V\202+;JR\177I\362\313\321\"T\206\026\201\221J"
 360      2B3B4A52 
 360      7F49F2CB 
 360      D1225486 
 360      1681914A 
 361 01ce A41190D7 		.ascii	"\244\021\220\327\"T\001)\000\227\347\304\324(\231\256"
 361      22540129 
 361      0097E7C4 
 361      D42899AE 
 362 01de 2B247F8C 		.ascii	"+$\177\214\177<\346\314\230GHq\373\253\312)g,\"x\306"
 362      7F3CE6CC 
 362      98474871 
 362      FBABCA29 
 362      672C2278 
 363 01f3 1171535D 		.ascii	"\021qS]\030i\026!\340B@\037)I\207%\274P@+\027\241e\213"
 363      18691621 
 363      E042401F 
 363      29498725 
 363      BC50402B 
 364 020b 04644018 		.ascii	"\004d@\030U\021\366j\000\324\000}\272\244\242\031\351"
 364      5511F66A 
 364      00D4007D 
 364      BAA4A219 
 364      E9
 365 021c 12A047FE 		.ascii	"\022\240G\376L\237\201\263\273l\262\011\273'\022\377"
 365      4C9F81B3 
 365      BB6CB209 
 365      BB2712FF 
 366 022c E0E77344 		.ascii	"\340\347sD\362\321%\320\271H\035\274\214\334\231\227"
 366      F2D125D0 
 366      B9481DBC 
 366      8CDC9997 
 367 023c B4E6B10F 		.ascii	"\264\346\261\017'*\2354\334Z\364\273\254\001\270\352"
 367      272A9D34 
 367      DC5AF4BB 
 367      AC01B8EA 
 368 024c 6A53B728 		.ascii	"jS\267(g\256}\007s~V\372u\354\034G\230Y3\325!wY;\325"
 368      67AE7D07 
 368      737E56FA 
 368      75EC1C47 
 368      985933D5 
 369 0265 236781DD 		.ascii	"#g\201\335\000{i6\365\222\202\265\222\012\222\0033\247"
 369      007B6936 
 369      F59282B5 
 369      920A9203 
 369      33A7
 370 0277 FA15D891 		.ascii	"\372\025\330\221\264\012z\023?\326\350\212]\351\363"
 370      B40A7A13 
 370      3FD6E88A 
ARM GAS  /tmp/cc1hYs6j.s 			page 29


 370      5DE9F3
 371 0286 F5E8F102 		.ascii	"\365\350\361\002\354uBb\227\352\020\026P\003\302\246"
 371      EC754262 
 371      97EA1016 
 371      5003C2A6 
 372 0296 6EBCBDBD 		.ascii	"n\274\275\275x\017\362H\342\345\022b\001\210\032\221"
 372      780FF248 
 372      E2E51262 
 372      01881A91 
 373 02a6 07BA86BC 		.ascii	"\007\272\206\2748\250\364Ue\217\032\3777%\214J(\333"
 373      38A8F455 
 373      658F1AFF 
 373      37258C4A 
 373      28DB
 374 02b8 2E1A15A2 		.ascii	".\032\025\242\271\002j\202\252\233\353\304\267W&\253"
 374      B9026A82 
 374      AA9BEBC4 
 374      B75726AB 
 375 02c8 E575B90E 		.ascii	"\345u\271\016\305\246\272\334\240u\001\\N{s$b\335;\017"
 375      C5A6BADC 
 375      A075015C 
 375      4E7B7324 
 375      62DD3B0F 
 376 02dc 9231B589 		.ascii	"\2221\265\211\345.\254Z\"$#2o>\020\261/\265<\321\220"
 376      E52EAC5A 
 376      22242332 
 376      6F3E10B1 
 376      2FB53CD1 
 377 02f1 D2E60A45 		.ascii	"\322\346\012E\0135hv\026A\306ln\344\200#\313\220\244"
 377      0B356876 
 377      1641C66C 
 377      6EE48023 
 377      CB90A4
 378 0304 3F4146FD 		.ascii	"?AF\375\303C\003\032\354O\321\375\235q\035<\344\022"
 378      C343031A 
 378      EC4FD1FD 
 378      9D711D3C 
 378      E412
 379 0316 A324878F 		.ascii	"\243$\207\217\005\324\014\306[\3008jGT\007|Em\220w\223"
 379      05D40CC6 
 379      5BC0386A 
 379      4754077C 
 379      456D9077 
 380 032b F5D4DD83 		.ascii	"\365\324\335\203\303/\0248\204*\033zw\277\306\300\374"
 380      C32F1438 
 380      842A1B7A 
 380      77BFC6C0 
 380      FC
 381 033c 3330452C 		.ascii	"30E,\325\017?oC,M\212\007\014\355\203*U\014\215\200"
 381      D50F3F6F 
 381      432C4D8A 
 381      070CED83 
 381      2A550C8D 
 382 0351 1A59BC09 		.ascii	"\032Y\274\011\250\033\251h\033\240. \276\305\210S\343"
 382      A81BA968 
 382      1BA02E20 
 382      BEC58853 
ARM GAS  /tmp/cc1hYs6j.s 			page 30


 382      E3
 383 0362 0F0C8938 		.ascii	"\017\014\2118\234j\236I\251HP\333\320D\267\301'[\312"
 383      9C6A9E49 
 383      A94850DB 
 383      D044B7C1 
 383      275BCA
 384 0375 3925779F 		.ascii	"9%w\237cL\232\031\022\205\023{\016hX\343\220\020(k\277"
 384      634C9A19 
 384      1285137B 
 384      0E6858E3 
 384      9010286B 
 385 038a 96EBCA9A 		.ascii	"\226\353\312\232\256\227\024\307t^,\3018\216a\355t\354"
 385      AE9714C7 
 385      745E2CC1 
 385      388E61ED 
 385      74EC
 386 039c 7DB34EBA 		.ascii	"}\263N\272\333\330Q\340\212\3670\215\211\276\334\034"
 386      DBD851E0 
 386      8AF7308D 
 386      89BEDC1C 
 387 03ac 6CA981FA 		.ascii	"l\251\201\372\3001s\245\322\376\211T'y\317>0\353\331"
 387      C03173A5 
 387      D2FE8954 
 387      2779CF3E 
 387      30EBD9
 388 03bf 87BC671D 		.ascii	"\207\274g\0352\022cZ\024\310\303\023\256$\036\377\022"
 388      3212635A 
 388      14C8C313 
 388      AE241EFF 
 388      12
 389 03d0 5208A807 		.ascii	"R\010\250\007\240\367H?\334\005\352G\214\032=F\236\350"
 389      A0F7483F 
 389      DC05EA47 
 389      8C1A3D46 
 389      9EE8
 390 03e2 09483FC8 		.ascii	"\011H?\310\000\362$\246r\211\005C\347q\317\236\251^"
 390      00F224A6 
 390      72890543 
 390      E771CF9E 
 390      A95E
 391 03f4 498A5988 		.ascii	"I\212Y\210\356@\373tr\035c\203{\221\237\345\213\214"
 391      EE40FB74 
 391      721D6383 
 391      7B919FE5 
 391      8B8C
 392 0406 E8EB4F7E 		.ascii	"\350\353O~v8J\272\362-\211/t\225cM\276Qt9bpI2\014\365"
 392      76384ABA 
 392      F22D892F 
 392      7495634D 
 392      BE517439 
 393 0420 7C981C25 		.ascii	"|\230\034%\025|\213:`T\266r\2701N8\274\031\231\330\007"
 393      157C8B3A 
 393      6054B672 
 393      B8314E38 
 393      BC1999D8 
 394 0435 383BD411 		.ascii	"8;\324\021\365Z\261_AFg\240\225\306\236\334\030r\363"
 394      F55AB15F 
ARM GAS  /tmp/cc1hYs6j.s 			page 31


 394      414667A0 
 394      95C69EDC 
 394      1872F3
 395 0448 F8AB2A4E 		.ascii	"\370\253*Nf\327\313\303'\221\274\215\237\232Y\032d3"
 395      66D7CBC3 
 395      2791BC8D 
 395      9F9A591A 
 395      6433
 396 045a C1200D83 		.ascii	"\301 \015\203\234\273\275\227\324\367\201\235\314\334"
 396      9CBBBD97 
 396      D4F7819D 
 396      CCDC
 397 0468 0895C324 		.ascii	"\010\225\303$@\376\310\017\353BrG\344\231\310\254\361"
 397      40FEC80F 
 397      EB427247 
 397      E499C8AC 
 397      F1
 398 0479 42E4E238 		.ascii	"B\344\3428\201\317\365\306<v3\376\260<\221\263\210|"
 398      81CFF5C6 
 398      3C7633FE 
 398      B03C91B3 
 398      887C
 399 048b F2404C87 		.ascii	"\362@L\207\261\323\244\214\232\225#^n$a\012\306P4*\362"
 399      B1D3A48C 
 399      9A95235E 
 399      6E24610A 
 399      C650342A 
 400 04a0 2C919B93 		.ascii	",\221\233\223k +\217M\204\302\034\251\361Bs\263\332"
 400      6B202B8F 
 400      4D84C21C 
 400      A9F14273 
 400      B3DA
 401 04b2 A1E9DD59 		.ascii	"\241\351\335Y\256}\2507\002Z\276w\262\342\237\004\264"
 401      AE7DA837 
 401      025ABE77 
 401      B2E29F04 
 401      B4
 402 04c3 2071B140 		.ascii	" q\261@\243\374nm\302>\214\307X\310G\035\314/p\3041"
 402      A3FC6E6D 
 402      C23E8CC7 
 402      58C8471D 
 402      CC2F70C4 
 403 04d8 74314197 		.ascii	"t1A\227\007\246\353UV\361O\372j\304,\376o\265\\T\311"
 403      07A6EB55 
 403      56F14FFA 
 403      6AC42CFE 
 403      6FB55C54 
 404 04ed BB66C4AC 		.ascii	"\273f\304\254kF\215\023[\347\316\204$G\205\310\262P"
 404      6B468D13 
 404      5BE7CE84 
 404      244785C8 
 404      B250
 405 04ff B8820EE0 		.ascii	"\270\202\016\340\356\221\347\370\203}|R\232'\242\315"
 405      EE91E7F8 
 405      837D7C52 
 405      9A27A2CD 
 406 050f FF200BB7 		.ascii	"\377 \013\267\027\350\003\001\215!\005\323?\277c\327"
ARM GAS  /tmp/cc1hYs6j.s 			page 32


 406      17E80301 
 406      8D2105D3 
 406      3FBF63D7 
 407 051f 8CEB47D9 		.ascii	"\214\353G\331Ro\257d\350i\370uEc\214\324\014\313\347"
 407      526FAF64 
 407      E869F875 
 407      45638CD4 
 407      0CCBE7
 408 0532 E7148786 		.ascii	"\347\024\207\206\301-\356\022y\026\320s\030\251\350"
 408      C12DEE12 
 408      7916D073 
 408      18A9E8
 409 0541 190C55AA 		.ascii	"\031\014U\252\274/\367r\233\332\256\241\011b(\234\333"
 409      BC2FF772 
 409      9BDAAEA1 
 409      0962289C 
 409      DB
 410 0552 49AE3F9F 		.ascii	"I\256?\237B\354\030\300Ns\204X\000*\313\010\002\015"
 410      42EC18C0 
 410      4E738458 
 410      002ACB08 
 410      020D
 411 0564 CD9940E3 		.ascii	"\315\231@\343\350#\2224\263\202^\242\217\310j=Z\025"
 411      E8239234 
 411      B3825EA2 
 411      8FC86A3D 
 411      5A15
 412 0576 8CDB580B 		.ascii	"\214\333X\013\276\333\352+\271\325\254\224\306(\314"
 412      BEDBEA2B 
 412      B9D5AC94 
 412      C628CC
 413 0585 6BD7FA8F 		.ascii	"k\327\372\217\031\222\001&DI$\0304)\253\332\244\245"
 413      19920126 
 413      44492418 
 413      3429ABDA 
 413      A4A5
 414 0597 D1D7D468 		.ascii	"\321\327\324hKi\336\240\022\337gV\007\312n\235w\344"
 414      4B69DEA0 
 414      12DF6756 
 414      07CA6E9D 
 414      77E4
 415 05a9 54D5FF3C 		.ascii	"T\325\377<GEZiJF5eI\365\206R5D\356\015\307\303\214\251"
 415      47455A69 
 415      4A463565 
 415      49F58652 
 415      3544EE0D 
 416 05c1 2AA97156 		.ascii	"*\251qV\305\231\372\376\303\214\351\255\214\351\255"
 416      C599FAFE 
 416      C38CE9AD 
 416      8CE9AD
 417 05d0 25D33465 		.ascii	"%\3234e:\375\372\\\216\022\3170\252\301g\225\013\214"
 417      3AFDFA5C 
 417      8E12CF30 
 417      AAC16795 
 417      0B8C
 418 05e2 3E7D65C6 		.ascii	">}e\3064#c\232\261d\232\245L\367\023\336f:\222\365\207"
 418      3423639A 
ARM GAS  /tmp/cc1hYs6j.s 			page 33


 418      B1649AA5 
 418      4CF713DE 
 418      663A92F5 
 419 05f7 30BDC81C 		.ascii	"0\275\310\034kR\023*\230\257\372\007\177]x\372\211\024"
 419      6B52132A 
 419      98AFFA07 
 419      7F5D78FA 
 419      8914
 420 0609 AB614120 		.ascii	"\253aA \211&*xf\203 B$\024\206\221\2744\214\2571\212"
 420      89262A78 
 420      66832042 
 420      24148691 
 420      BC348CAF 
 421 061f DEA1EA44 		.ascii	"\336\241\352D\263}\005\331\204\230B6J\344!\333P\232"
 421      B37D05D9 
 421      84984236 
 421      4AE421DB 
 421      509A
 422 0631 5CE14243 		.ascii	"\\\341BC\026\262x\310\326\225\234>\202\354\366\351v"
 422      16B278C8 
 422      D6959C3E 
 422      82ECF6E9 
 422      76
 423 0642 11FA345A 		.ascii	"\021\3724Z\344\235Z\330\334\334\342\300]\035\234\362"
 423      E49D5AD8 
 423      DCDCE2C0 
 423      5D1D9CF2 
 424 0652 2C3F2345 		.ascii	",?#E;\020\010\212\2249\032it4\206:\372\272+k\312\005"
 424      3B10088A 
 424      94391A69 
 424      7434863A 
 424      FABA2B6B 
 425 0668 4729A8A3 		.ascii	"G)\250\243'\"\337\324\252p\012K\214\335\273S\340\014"
 425      2722DFD4 
 425      AA700A4B 
 425      8CDDBB53 
 425      E00C
 426 067a DEA058AA 		.ascii	"\336\240X\252\0019M\247\006v)q\006+>3\230|\300\201\024"
 426      01394DA7 
 426      06762971 
 426      062B3E33 
 426      987CC081 
 427 068f C74131DA 		.ascii	"\307A1\332)RoOG\030\216\272\340,\206\250\276\375\250"
 427      29526F4F 
 427      47188EBA 
 427      E02C86A8 
 427      BEFDA8
 428 06a2 9F8C4014 		.ascii	"\237\214@\024O\020\273\030\342d\321\233\323\032ZG\245"
 428      4F10BB18 
 428      E264D19B 
 428      D31A5A47 
 428      A5
 429 06b3 8657F1FE 		.ascii	"\206W\361\376\321G\341\306\234=\014\225z\243\372\231"
 429      D147E1C6 
 429      9C3D0C95 
 429      7AA3FA99 
 430 06c3 D9408522 		.ascii	"\331@\205\"S\255\023I\255\023\214\265\226.fG:C\255G"
ARM GAS  /tmp/cc1hYs6j.s 			page 34


 430      53AD1349 
 430      AD138CB5 
 430      962E6647 
 430      3A43AD47 
 431 06d7 B2A5EC0C 		.ascii	"\262\245\354\014iU\244\024/\031JD\002B;\214\365F\273"
 431      6955A414 
 431      2F194A44 
 431      02423B8C 
 431      F546BB
 432 06ea 014D92AC 		.ascii	"\001M\222\254\352I\264\352O:\213\247\334\360Q\346\354"
 432      EA49B4EA 
 432      4F3A8BA7 
 432      DCF051E6 
 432      EC
 433 06fb F62B0DAD 		.ascii	"\366+\015\255n\277<,\365\032\310p\3778\2554Z\222\334"
 433      6EBF3C2C 
 433      F51AC870 
 433      FF38AD34 
 433      5A92DC
 434 070e E9B4BF97 		.ascii	"\351\264\277\227\221\314-\037\002\311!,\311\342/)\313"
 434      91CC2D1F 
 434      02C9212C 
 434      C9E22F29 
 434      CB
 435 071f CE12353E 		.ascii	"\316\0225>\301Xv\315\\\232\0229K\353\007\222'%H\261"
 435      C15876CD 
 435      5C9A1239 
 435      4BEB0792 
 435      272548B1 
 436 0733 22486104 		.ascii	"\"Ha\004\373(\201\241\260\255K\363\213\022E\026\354"
 436      FB2881A1 
 436      B0AD4BF3 
 436      8B124516 
 436      EC
 437 0744 8D61C349 		.ascii	"\215a\303Ih.\264DG\270\341j\306\231\323\364\"U\203\233"
 437      682EB444 
 437      47B8E16A 
 437      C699D3F4 
 437      2255839B 
 438 0758 59A263EC 		.ascii	"Y\242c\354\314!G0\320\014\006\256\037WFd\033\242\027"
 438      CC214730 
 438      D00C06AE 
 438      1F574664 
 438      1BA217
 439 076b D36D6A1A 		.ascii	"\323mj\032\030\201\021%\333\333\356\207\234T\361\027"
 439      18811125 
 439      DBDBEE87 
 439      9C54F117 
 440 077b F0944EED 		.ascii	"\360\224N\355\030_\021\334\331+BR\315\304\013'\334\305"
 440      185F11DC 
 440      D92B4252 
 440      CDC40B27 
 440      DCC5
 441 078d 682B62A6 		.ascii	"h+b\246/\222\255\334\022\262\267\233\235u\223\355\271"
 441      2F92ADDC 
 441      12B2B79B 
 441      9D7593ED 
ARM GAS  /tmp/cc1hYs6j.s 			page 35


 441      B9
 442 079e 96B03D57 		.ascii	"\226\260=Wa^R\256\022\337c\360\253ok\353\235\311\346"
 442      615E52AE 
 442      12DF63F0 
 442      AB6F6BEB 
 442      9DC9E6
 443 07b1 2E8A05B4 		.ascii	".\212\005\2640\027\315\350\220HUH}\017\212\213P\246"
 443      3017CDE8 
 443      90485548 
 443      7D0F8A8B 
 443      50A6
 444 07c3 48B75127 		.ascii	"H\267Q'J\343\01782\333\013I "
 444      4AE30F38 
 444      32DB0B49 
 444      20
 445 07d0 EDDCBB4F 		.ascii	"\355\334\273O\304\375\214l\264\271&N\215\207ye\371v"
 445      C4FD8C6C 
 445      B4B9264E 
 445      8D877965 
 445      F976
 446 07e2 D49D6D47 		.ascii	"\324\235mG\343\252\272b\324x\222\227=\271\220\354\206"
 446      E3AABA62 
 446      D4789297 
 446      3DB990EC 
 446      86
 447 07f3 67B8C7B7 		.ascii	"g\270\307\267\317z\341\035\016\314\267\013\273\357;"
 447      CF7AE11D 
 447      0ECCB70B 
 447      BBEF3B
 448 0802 E0449678 		.ascii	"\340D\226xp.\372\245\002\247\260DsY\357#W\234\316\022"
 448      702EFAA5 
 448      02A7B044 
 448      7359EF23 
 448      579CCE12 
 449 0816 8F729F2D 		.ascii	"\217r\237-`\324\037Cjht\367\021\376\306d [\335\375\027"
 449      60D41F43 
 449      6A6874F7 
 449      11FEC664 
 449      205BDDFD 
 450 082b FA465C71 		.ascii	"\372F\\q&\205:\265\336h\351W\"O\343\345\341\231+EGI"
 450      26853AB5 
 450      DE68E957 
 450      224FE3E5 
 450      E1992B45 
 451 0841 86FA223C 		.ascii	"\206\372\"<\\\234\327\022!\345-CY\242\006\025BeKE\253"
 451      5C9CD712 
 451      21E52D43 
 451      59A20615 
 451      42654B45 
 452 0856 1D0EDB0F 		.ascii	"\035\016\333\017\021\205\3524\014\223O\264\222\242\213"
 452      1185EA34 
 452      0C934FB4 
 452      92A28B
 453 0865 ACD019A2 		.ascii	"\254\320\031\242lCD\360}\0112|\236\025\376\260%\276"
 453      6C4344F0 
 453      7D09327C 
 453      9E15FEB0 
ARM GAS  /tmp/cc1hYs6j.s 			page 36


 453      25BE
 454 0877 5B8ECFB7 		.ascii	"[\216\317\267\2037\271\363T\016\317\265\202g[\300\253"
 454      8337B9F3 
 454      540ECFB5 
 454      82675BC0 
 454      AB
 455 0888 E5F002DB 		.ascii	"\345\360\002\333u\22593&\207\347\330a\227\341[\345\370"
 455      75953933 
 455      2687E7D8 
 455      6197E15B 
 455      E5F8
 456 089a 235678B6 		.ascii	"#Vx\266\235\223\341\033\344\370\243v\360\304{\263]\337"
 456      9D93E11B 
 456      E4F8A376 
 456      F0C47BB3 
 456      5DDF
 457 08ac 7188C263 		.ascii	"q\210\302c\3244\201\223\270<!z\242\037A\316\202\234"
 457      D4348193 
 457      B83C217A 
 457      A21F41CE 
 457      829C
 458 08be 01390D72 		.ascii	"\0019\015r\012\244\030\244\004\344\034\310I\221\357"
 458      0AA418A4 
 458      04E41CC8 
 458      4991EF
 459 08cd 8189E129 		.ascii	"\201\211\341)\271\341\003vz\221\357;'\212\212\356:\341"
 459      B9E10376 
 459      7A91EF3B 
 459      278A8AEE 
 459      3AE1
 460 08df 1E1671B1 		.ascii	"\036\026q\261M\245\303j\017\233\356\240\363\234\347"
 460      4DA5C36A 
 460      0F9BEEA0 
 460      F39CE7
 461 08ee 2FF488EC 		.ascii	"/\364\210\354\030*bS\314^\000.\230\271SF\227\023r\003"
 461      182A6253 
 461      CC5E002E 
 461      98B95346 
 461      97137203 
 462 0902 6CCF5041 		.ascii	"l\317PA\207\233\034K\326-\023\266\034\326\0316A\226"
 462      879B1C4B 
 462      D62D13B6 
 462      1CD61936 
 462      4196
 463 0914 53F8747F 		.ascii	"S\370t\177\365I\0076Fn\321\035\305\261\252\267\374\345"
 463      F5490736 
 463      466ED11D 
 463      C5B1AAB7 
 463      FCE5
 464 0926 DF40DF3D 		.ascii	"\337@\337=\022\317\305\360\267\336f\222\256\351\250"
 464      12CFC5F0 
 464      B7DE6692 
 464      AEE9A8
 465 0935 1F51E041 		.ascii	"\037Q\340AV\333\306\3067M\016x\224%\256\035h\216\340"
 465      56DBC6C6 
 465      374D0E78 
 465      9425AE1D 
ARM GAS  /tmp/cc1hYs6j.s 			page 37


 465      688EE0
 466 0948 B3CD1592 		.ascii	"\263\315\025\222N)\253)w\302\343|\214\306\365\325(\361"
 466      4E29AB29 
 466      77C2E37C 
 466      8CC6F5D5 
 466      28F1
 467 095a 6B9630DA 		.ascii	"k\2260\332p\3476\262nO\300+\3624+\2549w{@d\205\313\310"
 467      70E736B2 
 467      6E4FC02B 
 467      F2342BAC 
 467      39777B40 
 468 0972 3C32DB7F 		.ascii	"<2\333\177\300\215\371#\221\027\303\312\326;\237\343"
 468      C08DF923 
 468      9117C3CA 
 468      D63B9FE3 
 469 0982 48258546 		.ascii	"H%\205F\266\027\235sePL\026\316\216\272\006\225\335"
 469      B6179D73 
 469      65504C16 
 469      CE8EBA06 
 469      95DD
 470 0994 338F0691 		.ascii	"3\217\006\221\235y\\e\363SF\357\361\034gv\246\360\377"
 470      9D795C65 
 470      F35346EF 
 470      F11C6776 
 470      A6F0FF
 471 09a7 9BD0729F 		.ascii	"\233\320r\237gJj\323\271\202\002]\203\320\250\207r6"
 471      674A6AD3 
 471      B982025D 
 471      83D0A887 
 471      7236
 472 09b9 E41A4577 		.ascii	"\344\032Ewf\203\305\304\325[\205Nrp\326;\300'\017\347"
 472      6683C5C4 
 472      D55B854E 
 472      7270D63B 
 472      C0270FE7 
 473 09cd EFD7E018 		.ascii	"\357\327\340\030V\247#/\313\243T8\216%\222/\036l\202"
 473      56A7232F 
 473      CBA35438 
 473      8E25922F 
 473      1E6C82
 474 09e0 6D09AF6D 		.ascii	"m\011\257m\347*\274\227=^J\332\013\273\344T\226\330"
 474      E72ABC97 
 474      3D5E4ADA 
 474      0BBBE454 
 474      96D8
 475 09f2 776D7009 		.ascii	"wmp\011>\300\236g\256\324,\3019\354\271\256\264\340"
 475      3EC09E67 
 475      AED42CC1 
 475      39ECB9AE 
 475      B4E0
 476 0a04 28C24759 		.ascii	"(\302GYb,\243nP\203\217\263Dvk\346y\025>\311\015\276"
 476      622CA36E 
 476      50838FB3 
 476      44766BE6 
 476      79153EC9 
 477 0a1a 4A3DE28C 		.ascii	"J=\342\214KX\242\355B{\254\023>\317\022\261\305\305"
 477      4B58A2ED 
ARM GAS  /tmp/cc1hYs6j.s 			page 38


 477      427BAC13 
 477      3ECF12B1 
 477      C5C5
 478 0a2c 694EB882 		.ascii	"iN\270\202%\214\257\276\356\374\325\267\345LE\212\212"
 478      258CAFBE 
 478      EEFCD5B7 
 478      E54C458A 
 478      8A
 479 0a3d F78B92CC 		.ascii	"\367\213\222\314\333\255\215\260u40\360\271\312\356"
 479      DBAD8DB0 
 479      753430F0 
 479      B9CAEE
 480 0a4c 04FBA74F 		.ascii	"\004\373\247O\367xO,\243\355\032;\224op\266l\327Jh*"
 480      F7784F2C 
 480      A3ED1A3B 
 480      946F70B6 
 480      6CD74A68 
 481 0a61 36BA7B48 		.ascii	"6\272{HS\33536\325\211[\243\217\260e\273\332\001/\330"
 481      53DD3336 
 481      D5895BA3 
 481      8FB065BB 
 481      DA012FD8 
 482 0a75 99577C41 		.ascii	"\231W|Am\232\322=\255&\367\341[\370d\361C\323\344~\011"
 482      6D9AD23D 
 482      AD26F7E1 
 482      5BF864F1 
 482      43D3E47E 
 483 0a8a 3A7EDC6C 		.ascii	":~\334ld]\264\234\301\032\376l\232\027nY\301M\023\022"
 483      645DB49C 
 483      C11AFE6C 
 483      9A176E59 
 483      C14D1312 
 484 0a9e A0236072 		.ascii	"\240#`r\217\305\021\024\336$\272\243+\034n\012\203:"
 484      8FC51114 
 484      DE24BAA3 
 484      2B1C6E0A 
 484      833A
 485 0ab0 ABF93156 		.ascii	"\253\3711V6\355\334\260\242?f\211\037\223ys\323\012"
 485      36EDDCB0 
 485      A23F6689 
 485      1F937973 
 485      D30A
 486 0ac2 6E35FD56 		.ascii	"n5\375V\313\340]Vp\313\311}\352O&t\267m\264i\341\350"
 486      CBE05D56 
 486      70CBC97D 
 486      EA4F2674 
 486      B76DB469 
 487 0ad8 967B7EDD 		.ascii	"\226{~\335\012]g\261\316t\307\311\3405V\360*K\270\314"
 487      0A5D67B1 
 487      CE74C7C9 
 487      E03556F0 
 487      2A4BB8CC 
 488 0aec F10E2BB4 		.ascii	"\361\016+\264\325\232'C\267\331i\025S\037M\305\361>"
 488      D59A2743 
 488      B7D96915 
 488      531F4DC5 
 488      F13E
ARM GAS  /tmp/cc1hYs6j.s 			page 39


 489 0afe EA853EBA 		.ascii	"\352\205>\272\313\341\246\220\252\260 \357\223{^m\307"
 489      CBE1A690 
 489      AAB020EF 
 489      937B5E6D 
 489      C7
 490 0b0f 73792BCA 		.ascii	"sy+\312\234i\265\202gX\2607\310\233\261\331N\000\230"
 490      9C69B582 
 490      6758B037 
 490      C89BB1D9 
 490      4E0098
 491 0b22 E0AD32F2 		.ascii	"\340\2552\362N;\321(\357\1779{\213\035gd\370\247\362"
 491      4E3BD128 
 491      EF7F397B 
 491      8B1D6764 
 491      F8A7F2
 492 0b35 BA1AEC0C 		.ascii	"\272\032\354\014\016Y\273\313\351k\255\340\227M\364"
 492      0E59BBCB 
 492      E96BADE0 
 492      974DF4
 493 0b44 66EBE31D 		.ascii	"f\353\343\035h\353\333\264l\234/\216\375\260\370=\006"
 493      68EBDBB4 
 493      6C9C2F8E 
 493      FDB0F83D 
 493      06
 494 0b55 E9031901 		.ascii	"\351\003\031\001y\0122\0012\010\362\010d\010d\024d\030"
 494      790A3201 
 494      3208F208 
 494      64086414 
 494      6418
 495 0b67 E421C813 		.ascii	"\344!\310\023\220\007 /@\006@\236\203\214\201\334\007"
 495      9007202F 
 495      4006409E 
 495      838C81DC 
 495      07
 496 0b78 79265FD6 		.ascii	"y&_\326\373d\355\325n'\216\250\203d9k;_\342\342a\323"
 496      FB64EDD5 
 496      6E278EA8 
 496      8364396B 
 496      3B5FE2E2 
 497 0b8e 537A44F7 		.ascii	"SzD\367wt\226\274\017\324\236\273b\266\342\2774su\222"
 497      777496BC 
 497      0FD49EBB 
 497      62B6E2BF 
 497      34737592 
 498 0ba2 ADF89374 		.ascii	"\255\370\223t\011?k(>\242\304\321\354(\272\375\255!"
 498      093F6B28 
 498      3EA2C4D1 
 498      EC28BAFD 
 498      AD21
 499 0bb4 0EE33D2C 		.ascii	"\016\343=,1:\276\277\304\325\336^\000\275\206\026\230"
 499      313ABEBF 
 499      C4D5DE5E 
 499      00BD8616 
 499      98
 500 0bc5 DB0EC856 		.ascii	"\333\016\310V\336\371l\345M\252{T\244\306\231\214\351"
 500      DEF96CE5 
 500      4DAA7B54 
ARM GAS  /tmp/cc1hYs6j.s 			page 40


 500      A4C6998C 
 500      E9
 501 0bd6 C69D6729 		.ascii	"\306\235g)\012\234\315\022\306\275\375|\266\267O\317"
 501      0A9CCD12 
 501      C6BDFD7C 
 501      B6B74FCF 
 502 0be6 C85C86F3 		.ascii	"\310\\\206\363\034\337sP+a\353\263\326\375\207O\036"
 502      1CDF7350 
 502      2B61EBB3 
 502      D6FD874F 
 502      1E
 503 0bf7 46F80453 		.ascii	"F\370\004S\215<+\015c['\265\021\030\333\324N\037\037"
 503      8D3C2B0D 
 503      635B27B5 
 503      1118DBD4 
 503      4E1F1F
 504 0c0a 1E40B8FC 		.ascii	"\036@\270\374}\206\243m\250^\353\272:\251\304\325Lu"
 504      7D86A36D 
 504      A85EEBBA 
 504      3AA9C4D5 
 504      4C75
 505 0c1c 6F694FA5 		.ascii	"oiO\245\243-\303\333\301\260-\355\236\361\364\355N\370"
 505      A32DC3DB 
 505      C1B02DED 
 505      9EF1F4ED 
 505      4EF8
 506 0c2e FAFB0CC7 		.ascii	"\372\373\014\307\332\362yt\342\242+\356b\252yOgO\271"
 506      DAF27974 
 506      E2A22BEE 
 506      62AA794F 
 506      674FB9
 507 0c41 D932BC13 		.ascii	"\3312\274\023\014\333\322~Q\222\237\354\204\007\336"
 507      0CDBD27E 
 507      51929FEC 
 507      8407DE
 508 0c50 6738DE86 		.ascii	"g8\336\206\352tQK\2253\036b\252E\2437_;\3312\274\033"
 508      EA74514B 
 508      95331E62 
 508      AA45A337 
 508      5F3BD932 
 509 0c66 0CDBD22E 		.ascii	"\014\333\322.\031\351\376\020\277b\312\023U\231\315"
 509      19E9FE10 
 509      BF62CA13 
 509      5599CD
 510 0c75 6447A864 		.ascii	"dG\250do\216\216\344\035u\177\375\247,\207\014\227m"
 510      6F8E8EE4 
 510      1D757FFD 
 510      A72C870C 
 510      976D
 511 0c87 A44D4F1F 		.ascii	"\244MO\037\216E8ZE5\216^N\036T\310\266\003\262\275\326"
 511      8E45385A 
 511      45358E5E 
 511      4E1E54C8 
 511      B603B2BD 
 512 0c9c 5E4CD5C8 		.ascii	"^L\325\310@J\302\213P\"\246\346&\236v\234r\245\007\004"
 512      404AC28B 
 512      5022A6E6 
ARM GAS  /tmp/cc1hYs6j.s 			page 41


 512      269E769C 
 512      72A50704 
 513 0cb0 C9D87866 		.ascii	"\311\330xfP\3277\323\3542w\272\227\202if\375\255\361"
 513      50D737D3 
 513      EC3277BA 
 513      97826966 
 513      FDADF1
 514 0cc3 0447BB67 		.ascii	"\004G\273g%\251\370\003x\345\306\374\324`r\260\366\266"
 514      25A9F803 
 514      78E5C6FC 
 514      D46072B0 
 514      F6B6
 515 0cd5 423E18A0 		.ascii	"B>\030\240X6\244\366cv&\243\356\352\376q\037B|\243\340"
 515      5836A4F6 
 515      637626A3 
 515      EEEAFE71 
 515      1F427CA3 
 516 0cea E9C9CEAD 		.ascii	"\351\311\316\255;\217/\276=\365P\222\342\026\322\223"
 516      3B8F2FBE 
 516      3DF55092 
 516      E216D293 
 517 0cfa EB69183A 		.ascii	"\353i\030:\007\261\325\311\265\354\240\273\372\017\351"
 517      07B1D5C9 
 517      B5ECA0BB 
 517      FA0FE9
 518 0d09 9201F6A9 		.ascii	"\222\001\366\251\004\375\3266\372\2158w\316\375\362"
 518      04FDD636 
 518      FA8D3877 
 518      CEFDF2
 519 0d18 EEFC1C7A 		.ascii	"\356\374\034z\316\015^\240\004\314\340vfr\202\257\353"
 519      CE0D5EA0 
 519      04CCE076 
 519      667282AF 
 519      EB
 520 0d29 FE302A4A 		.ascii	"\3760*JJ\373\026EBg\315rz\263\023\372\031\023y\367\357"
 520      4AFB1645 
 520      4267CD72 
 520      7AB313FA 
 520      191379F7 
 521 0d3e D3244384 		.ascii	"\323$C\204\022\305\001v\007\266\201]i9%\233\266(\004"
 521      12C50176 
 521      07B6815D 
 521      6939259B 
 521      B62804
 522 0d51 4B3AE710 		.ascii	"K:\347\020\366D\231 Y \007@\322@\322A\262A2\260\354"
 522      F6449920 
 522      59200740 
 522      D240D241 
 522      B24132B0 
 523 0d66 EBC1D437 		.ascii	"\353\301\3247\314\330\0360\266\313\2261\323\247\203"
 523      CCD81E30 
 523      B6CB9631 
 523      D3A783
 524 0d75 29EE570C 		.ascii	")\356W\014@\243lAe\037\002\306\376\300f\356)\230\257"
 524      40A36C41 
 524      651F02C6 
 524      FEC066EE 
ARM GAS  /tmp/cc1hYs6j.s 			page 42


 524      2998AF
 525 0d88 5E89B6DB 		.ascii	"^\211\266\333\207\277\217\265'f%9\031'\356h\263\372"
 525      87BF8FB5 
 525      27662539 
 525      1927EE68 
 525      B3FA
 526 0d9a D0AF667F 		.ascii	"\320\257f\177A\225\200-\2638\261C#\217\232\0343\313"
 526      4195802D 
 526      B338B143 
 526      238F9A1C 
 526      33CB
 527 0dac B9346AC8 		.ascii	"\2714j\310\215\034r\324\336Ls\304\0114\350qU^g\211\032"
 527      8D1C72D4 
 527      DE4C73C4 
 527      0934E871 
 527      555E6789 
 528 0dc1 A9D997D2 		.ascii	"\251\331\227\322\035t\250E%\316CsC\3550\3248\017\253"
 528      1D74A845 
 528      25CE4373 
 528      43ED30D4 
 528      380FAB
 529 0dd4 05940F71 		.ascii	"\005\224\017q\177\004\263/\245$\203~)\235\307\312\340"
 529      7F04B32F 
 529      A524837E 
 529      299DC7CA 
 529      E0
 530 0de5 871C639C 		.ascii	"\207\034c\234-It1~Y\213~\337\2275t\024k@ig\355\330\015"
 530      2D497431 
 530      7E598B7E 
 530      DF973574 
 530      146B4069 
 531 0dfd B3234872 		.ascii	"\263#Hr<fr\274\2009^@\035\317\177\231/\231\255\023\333"
 531      3C6672BC 
 531      80395E40 
 531      1DCF7F99 
 531      2F99AD13 
 532 0e12 CDB0850C 		.ascii	"\315\260\205\014[H\261W\022+\357\315}P\213~\337\334"
 532      5B48B157 
 532      122BEFCD 
 532      7D508B7E 
 532      DFDC
 533 0e24 818E61F2 		.ascii	"\201\216a\362\261t\342\370\2316'[J6g:t\234*E<\030\217"
 533      B174E2F8 
 533      9936275B 
 533      4A36673A 
 533      749C2A45 
 534 0e3b 57D952B2 		.ascii	"W\331R\2629/\243\"\252\364\240v\350\205\213\274*\023"
 534      392FA322 
 534      AAF4A076 
 534      E8858BBC 
 534      2A13
 535 0e4d 66AFBF27 		.ascii	"f\257\277'XU\310M\341\267\3317T\351\027\022\354\037"
 535      5855C84D 
 535      E1B7D937 
 535      54E91712 
 535      EC1F
 536 0e5f F0C77F5F 		.ascii	"\360\307\177_\272\324\013\376\277\323\205\006\353\002"
ARM GAS  /tmp/cc1hYs6j.s 			page 43


 536      BAD40BFE 
 536      BFD38506 
 536      EB02
 537 0e6d BDBC3707 		.ascii	"\275\2747\007l\014\370f\275WH\230\327f\337@\257-!\241"
 537      6C0CF866 
 537      BD574898 
 537      D766DF40 
 537      AF2D21A1 
 538 0e81 FA30AFF5 		.ascii	"\3720\257\365\033\326\255\\\341\365\325W\253\2756\254"
 538      1BD6AD5C 
 538      E1F5D557 
 538      ABBD36AC 
 539 0e91 5DB77539 		.ascii	"]\267u9)\321\376\257.@\033\030\270i\251\237\352\267"
 539      29D1FEAF 
 539      2E401B18 
 539      B869A99F 
 539      EAB7
 540 0ea3 5FFFD762 		.ascii	"_\377\327b\357\317>\023\324\377\271f\2557\245T\004\372"
 540      EFCF3E13 
 540      D4FFB966 
 540      AD37A554 
 540      04FA
 541 0eb5 86E95580 		.ascii	"\206\351U\200\360\013\326k\365\016az_\275N\003I\372"
 541      F00BD66B 
 541      F50E617A 
 541      5FBD4E03 
 541      49FA
 542 0ec7 A0D513E0 		.ascii	"\240\325\023\340\352\320\200\255\272P\254\017\010r\012"
 542      EAD080AD 
 542      BA50AC0F 
 542      08720A
 543 0ed6 D307AD5C 		.ascii	"\323\007\255\\\241\205'\255\376\363\277\315\227\315"
 543      A18527AD 
 543      FEF3BFCD 
 543      97CD
 544 0ee4 82F82B41 		.ascii	"\202\370+A\345\033\032\264\365\323O\202\004\215\037"
 544      E51B1AB4 
 544      F5D34F82 
 544      048D1F
 545 0ef3 28E8B67D 		.ascii	"(\350\266}\022\264R\360\340\010m\230>d\313\322-\276"
 545      12B452F0 
 545      E0086D98 
 545      3E64CBD2 
 545      2DBE
 546 0f05 A1FAA5CB 		.ascii	"\241\372\245\313\234\345y\177\243a?a\216- 8@\357b\242"
 546      9CE5797F 
 546      A3613F61 
 546      8E2D2038 
 546      40EF62A2 
 547 0f19 0653AEC6 		.ascii	"\006S\256\306\224.\330wc\240\316\315\230\334\024\020"
 547      942ED877 
 547      63A0CECD 
 547      98DC1410 
 548 0f29 46D204FC 		.ascii	"F\322\004\374\315\306\377\321\371\351\327\202\352\322"
 548      CDC6FFD1 
 548      F9E9D782 
 548      EAD2
ARM GAS  /tmp/cc1hYs6j.s 			page 44


 549 0f37 77391210 		.ascii	"w9\022\020\354\027\030\276Ig4\015\365U\373m^\377C\330"
 549      EC1718BE 
 549      4967340D 
 549      F555FB6D 
 549      5EFF43D8 
 550 0f4b 97BE81FA 		.ascii	"\227\276\201\372O\354)\206\352\347\364\3746\353|C\003"
 550      4FEC2986 
 550      EAE7F4FC 
 550      36EB7C43 
 550      03
 551 0f5c 7F00BD79 		.ascii	"\177\000\275yZ\355\306\360\200@}@\260V\267m\013\330"
 551      5AEDC6F0 
 551      80407D40 
 551      B056B76D 
 551      0BD8
 552 0f6e 76806008 		.ascii	"v\200`\010\323+\002u\276\376\216\301!\372\315\241!\337"
 552      D32B0275 
 552      BEFE8EC1 
 552      21FACDA1 
 552      21DF
 553 0f80 3B906EFA 		.ascii	";\220n\372\025\375]\351jV#\301E\253\365\017\017\366"
 553      15FD5DE9 
 553      6A5623C1 
 553      45ABF50F 
 553      0FF6
 554 0f92 D36A977E 		.ascii	"\323j\227~\012\227\312\230R\254Z\355\355\243"
 554      0A97CA98 
 554      52AC5AED 
 554      EDA3
 555 0fa0 0A0F08D6 		.ascii	"\012\017\010\326\223\016u\374\342w\253\226\257\371\332"
 555      930E75FC 
 555      E277AB96 
 555      AFF9DA
 556 0faf 87DC57C0 		.ascii	"\207\334W\300]\371\305\227\253\340\246\"\331>\3537\320"
 556      5DF9C597 
 556      ABE0A622 
 556      D93EEB37 
 556      D0
 557 0fc0 8715E401 		.ascii	"\207\025\344\001{\257\365Qx\377\346\267>\2427<\257\367"
 557      7BAFF551 
 557      78FFE6B7 
 557      3EA2373C 
 557      AFF7
 558 0fd2 F9377B55 		.ascii	"\3717{U\361\013\011\012\012\011\366\322m\323Co\260\016"
 558      F10B090A 
 558      0A09F6D2 
 558      6DD3436F 
 558      B00E
 559 0fe4 F9CDF26D 		.ascii	"\371\315\362m\333\274h\004\371/_\266r\233\016\352\346"
 559      DBBC6804 
 559      F92F5FB6 
 559      729B0EEA 
 559      E6
 560 0ff5 E4E3EDAD 		.ascii	"\344\343\355\255\335\360\303\026\335j\235"
 560      DDF0C316 
 560      DD6A9D
 561 1000 BF83B7F7 		.ascii	"\277\203\267\367:\237\225\3427>\212\325\353\276\360"
ARM GAS  /tmp/cc1hYs6j.s 			page 45


 561      3A9F95E2 
 561      373E8AD5 
 561      EBBEF0
 562 100f C1E01EF8 		.ascii	"\301\340\036\370H,\202%\037\220/||\360\357\326{c\357"
 562      482C8225 
 562      1F902F7C 
 562      7CF0EFD6 
 562      7B63EF
 563 1022 AF3728BC 		.ascii	"\2577(\274\275\327\370P\374\012\372\273\034\257\001"
 563      BDD7F850 
 563      FC0AFABB 
 563      1CAF01
 564 1031 8FD683E6 		.ascii	"\217\326\203\346\3325>\212\365\353\210o>+@\226\003\362"
 564      DA353E8A 
 564      F5EB886F 
 564      3E2B4096 
 564      03F2
 565 1043 F7F69DB4 		.ascii	"\367\366\235\264\0371s\201N:\016\0329\300\377\007\255"
 565      1F317381 
 565      4E3A0E1A 
 565      39C0FF07 
 565      AD
 566 1054 DF46D2FF 		.ascii	"\337F\322\377~\276\201\201\033}\375\276\323\352q\220"
 566      7EBE8181 
 566      1B7DFDBE 
 566      D3EA7190 
 567 1064 EF361C14 		.ascii	"\3576\034\024\020\254\012\201\341\341\037\030\362=)"
 567      10AC0A81 
 567      E1E11F18 
 567      F23D29
 568 1073 363E6BF5 		.ascii	"6>k\365\312M\001\241\001\301[\235 \223=i\365\232P]X"
 568      CA4D01A1 
 568      01C15B9D 
 568      20933D69 
 568      F59A505D 
 569 1088 4860B83E 		.ascii	"H`\270> $\230\204\226)\245\325+\202B6\351\324\220I\356"
 569      20249884 
 569      9629A5D5 
 569      2B824236 
 569      E9D49049 
 570 109d 5ABDD31C 		.ascii	"Z\275\323\034\217\337F2\0347\351\002\365\2760>\265\253"
 570      8FDF4632 
 570      1C37E902 
 570      F5BE303E 
 570      B5AB
 571 10af 424202FF 		.ascii	"BB\002\377\017\252\017c\201"
 571      0FAA0F63 
 571      81
 572              		.text
 573              		.section	.gnu.lto_.symtab.a376ecb88c84f879,"e",%progbits
 574 0000 7165695F 		.ascii	"qei_lld_init\000"
 574      6C6C645F 
 574      696E6974 
 574      00
 575 000d 00       		.ascii	"\000"
 576 000e 00       		.ascii	"\000"
 577 000f 00       		.ascii	"\000"
ARM GAS  /tmp/cc1hYs6j.s 			page 46


 578 0010 00000000 		.ascii	"\000\000\000\000\000\000\000\000"
 578      00000000 
 579 0018 F9000000 		.ascii	"\371\000\000\000"
 580 001c 51454944 		.ascii	"QEID3\000"
 580      3300
 581 0022 00       		.ascii	"\000"
 582 0023 00       		.ascii	"\000"
 583 0024 00       		.ascii	"\000"
 584 0025 00000000 		.ascii	"\000\000\000\000\000\000\000\000"
 584      00000000 
 585 002d 15010000 		.ascii	"\025\001\000\000"
 586 0031 51454944 		.ascii	"QEID4\000"
 586      3400
 587 0037 00       		.ascii	"\000"
 588 0038 00       		.ascii	"\000"
 589 0039 00       		.ascii	"\000"
 590 003a 00000000 		.ascii	"\000\000\000\000\000\000\000\000"
 590      00000000 
 591 0042 13010000 		.ascii	"\023\001\000\000"
 592 0046 7165695F 		.ascii	"qei_lld_start\000"
 592      6C6C645F 
 592      73746172 
 592      7400
 593 0054 00       		.ascii	"\000"
 594 0055 00       		.ascii	"\000"
 595 0056 00       		.ascii	"\000"
 596 0057 00000000 		.ascii	"\000\000\000\000\000\000\000\000"
 596      00000000 
 597 005f FB000000 		.ascii	"\373\000\000\000"
 598 0063 7165695F 		.ascii	"qei_lld_stop\000"
 598      6C6C645F 
 598      73746F70 
 598      00
 599 0070 00       		.ascii	"\000"
 600 0071 00       		.ascii	"\000"
 601 0072 00       		.ascii	"\000"
 602 0073 00000000 		.ascii	"\000\000\000\000\000\000\000\000"
 602      00000000 
 603 007b F4000000 		.ascii	"\364\000\000\000"
 604 007f 7165695F 		.ascii	"qei_lld_enable\000"
 604      6C6C645F 
 604      656E6162 
 604      6C6500
 605 008e 00       		.ascii	"\000"
 606 008f 00       		.ascii	"\000"
 607 0090 00       		.ascii	"\000"
 608 0091 00000000 		.ascii	"\000\000\000\000\000\000\000\000"
 608      00000000 
 609 0099 FD000000 		.ascii	"\375\000\000\000"
 610 009d 7165695F 		.ascii	"qei_lld_disable\000"
 610      6C6C645F 
 610      64697361 
 610      626C6500 
 611 00ad 00       		.ascii	"\000"
 612 00ae 00       		.ascii	"\000"
 613 00af 00       		.ascii	"\000"
 614 00b0 00000000 		.ascii	"\000\000\000\000\000\000\000\000"
ARM GAS  /tmp/cc1hYs6j.s 			page 47


 614      00000000 
 615 00b8 FF000000 		.ascii	"\377\000\000\000"
 616 00bc 7165694F 		.ascii	"qeiObjectInit\000"
 616      626A6563 
 616      74496E69 
 616      7400
 617 00ca 00       		.ascii	"\000"
 618 00cb 02       		.ascii	"\002"
 619 00cc 00       		.ascii	"\000"
 620 00cd 00000000 		.ascii	"\000\000\000\000\000\000\000\000"
 620      00000000 
 621 00d5 01010000 		.ascii	"\001\001\000\000"
 622 00d9 63685379 		.ascii	"chSysHalt\000"
 622      7348616C 
 622      7400
 623 00e3 00       		.ascii	"\000"
 624 00e4 02       		.ascii	"\002"
 625 00e5 00       		.ascii	"\000"
 626 00e6 00000000 		.ascii	"\000\000\000\000\000\000\000\000"
 626      00000000 
 627 00ee 06010000 		.ascii	"\006\001\000\000"
 628              		.text
 629              		.section	.gnu.lto_.opts,"e",%progbits
 630 0000 272D666E 		.ascii	"'-fno-openmp' '-fno-openacc' '-fno-pie' '-mcpu=cort"
 630      6F2D6F70 
 630      656E6D70 
 630      2720272D 
 630      666E6F2D 
 631 0033 65782D6D 		.ascii	"ex-m3' '-mthumb' '-mfloat-abi=soft' '-march=armv7-m"
 631      33272027 
 631      2D6D7468 
 631      756D6227 
 631      20272D6D 
 632 0066 2720272D 		.ascii	"' '-O2' '-fstack-usage' '-ffunction-sections' '-fda"
 632      4F322720 
 632      272D6673 
 632      7461636B 
 632      2D757361 
 633 0099 74612D73 		.ascii	"ta-sections' '-fno-common' '-flto' '-fshort-enums'\000"
 633      65637469 
 633      6F6E7327 
 633      20272D66 
 633      6E6F2D63 
 634              		.text
 635              		.comm	__gnu_lto_v1,1,1
 636              		.comm	__gnu_lto_slim,1,1
 637              		.ident	"GCC: (GNU Arm Embedded Toolchain 9-2020-q2-update) 9.3.1 20200408 (release)"
ARM GAS  /tmp/cc1hYs6j.s 			page 48


DEFINED SYMBOLS
                            *ABS*:0000000000000000 hal_qei_lld.c
                            *COM*:0000000000000001 __gnu_lto_v1
                            *COM*:0000000000000001 __gnu_lto_slim

NO UNDEFINED SYMBOLS
