ARM GAS  /tmp/ccQdWk4s.s 			page 1


   1              		.cpu cortex-m3
   2              		.eabi_attribute 20, 1
   3              		.eabi_attribute 21, 1
   4              		.eabi_attribute 23, 3
   5              		.eabi_attribute 24, 1
   6              		.eabi_attribute 25, 1
   7              		.eabi_attribute 26, 1
   8              		.eabi_attribute 30, 2
   9              		.eabi_attribute 34, 1
  10              		.eabi_attribute 18, 4
  11              		.file	"hal_st.c"
  12              		.section	.gnu.lto_.profile.5f2defcd1a23c32,"e",%progbits
  13 0000 789CE360 		.ascii	"x\234\343``\004B \000\000\000]\000\013"
  13      60044220 
  13      0000005D 
  13      000B
  14              		.text
  15              		.section	.gnu.lto_.icf.5f2defcd1a23c32,"e",%progbits
  16 0000 789CE360 		.ascii	"x\234\343``d\260e@\000.\206]{\326,ab\234\324=E\230\351"
  16      6064B065 
  16      40002E86 
  16      5D7BD62C 
  16      61629CD4 
  17 0018 DFFBC373 		.ascii	"\337\373\303s\271\231\017\277\273t\223\231\345\365\313"
  17      B9990FBF 
  17      BB749399 
  17      E5F5CB
  18 0027 AD1FF959 		.ascii	"\255\037\371Y/\276;\264\226\237\355\373\234\243[\031"
  18      2FBE3BB4 
  18      969FEDFB 
  18      9CA35B19 
  19 0037 D9DB56CC 		.ascii	"\331\333V\314?\300\315\261u\327\227\016~\316\263G\017"
  19      3FC0CDB1 
  19      75D7970E 
  19      7ECEB347 
  19      0F
  20 0048 CDE76600 		.ascii	"\315\347f\000\000\255\307\036%"
  20      00ADC71E 
  20      25
  21              		.text
  22              		.section	.gnu.lto_.jmpfuncs.5f2defcd1a23c32,"e",%progbits
  23 0000 789CE360 		.ascii	"x\234\343``d\220`d\200\003v\020\001\3443122\326\317"
  23      60649060 
  23      64800376 
  23      1001E433 
  23      313232D6 
  24 0015 67666062 		.ascii	"gf`b^\314\014\0248\300\302\310\000\304\177\376\377\377"
  24      5ECC0C14 
  24      38C0C2C8 
  24      00C47FFE 
  24      FFFF
  25 0027 CFCFC83C 		.ascii	"\317\317\310<\235\231\261\257\371\375=\216>\346\371"
  25      9D99B1AF 
  25      F9FD3D8E 
  25      3EE6F9
  26 0036 CC8C8C0C 		.ascii	"\314\214\214\014\214\273\030\245A\230\005\241\220\221"
  26      8CBB18A5 
ARM GAS  /tmp/ccQdWk4s.s 			page 2


  26      419805A1 
  26      9091
  27 0044 9109A8E8 		.ascii	"\221\011\250\350\370\373\267W\030A\212\230\200\212v"
  27      F8FBB757 
  27      18418A98 
  27      808A76
  28 0053 334A0385 		.ascii	"3J\003\205\366\365\\8\315\014\021bd\334\303(\315\004"
  28      F6F55C38 
  28      CD0C1162 
  28      64DCC328 
  28      CD04
  29 0065 12876B63 		.ascii	"\022\207kc`\000\232\301\212d5#\272\325\330\355\002\031"
  29      60009AC1 
  29      8A643523 
  29      BAD5D8ED 
  29      0219
  30 0077 82CD34A0 		.ascii	"\202\3154\240o@\2460Qf\012'0H\000\316V:\025"
  30      6F40A630 
  30      51660A27 
  30      304800CE 
  30      563A15
  31              		.text
  32              		.section	.gnu.lto_.inline.5f2defcd1a23c32,"e",%progbits
  33 0000 789CE360 		.ascii	"x\234\343``d0gd\200\003v\006\006\226\006 `Ncd`b`h\004"
  33      60643067 
  33      64800376 
  33      06069606 
  33      20604E63 
  34 001a 32EB1818 		.ascii	"2\353\030\030\330@BL)L !\006\006F.0\011U\230\002T\310"
  34      D840424C 
  34      294C2021 
  34      0606462E 
  34      30095598 
  35 0031 04964F46 		.ascii	"\004\226OFW\310\304\300\363\354\314\314\303Li\214\214"
  35      57C8C4C0 
  35      F3ECCCCC 
  35      C34C698C 
  35      8C
  36 0042 0C02404B 		.ascii	"\014\002@K\230\370\200\262\007\230S1\324q\203\315\003"
  36      98F880B2 
  36      07985331 
  36      D47183CD 
  36      03
  37 0053 03A6097E 		.ascii	"\003\246\011~\014,\204\215fe\340\002\032\335\2140\232"
  37      0C2C848D 
  37      6665E002 
  37      1ADD8C30 
  37      9A
  38 0064 0B643413 		.ascii	"\013d4\023A\243\331\341\372\210\326\302\011\226\007"
  38      41A3D9E1 
  38      FA88D6C2 
  38      099607
  39 0073 2A046A61 		.ascii	"*\004ja\203\270\013]\013\003\000\224O:G"
  39      83B80B5D 
  39      0B030094 
  39      4F3A47
  40              		.text
ARM GAS  /tmp/ccQdWk4s.s 			page 3


  41              		.section	.gnu.lto_.pureconst.5f2defcd1a23c32,"e",%progbits
  42 0000 789C05C1 		.ascii	"x\234\005\301\201\015\000 \014\303\260\014\005\215="
  42      810D0020 
  42      0CC3B00C 
  42      058D3D
  43 000f C0EDA8D7 		.ascii	"\300\355\250\327b\037\212\0134\317\212+\032w\3548\361"
  43      621F8A0B 
  43      34CF8A2B 
  43      1A77EC38 
  43      F1
  44 0020 03341404 		.ascii	"\0034\024\004\223"
  44      93
  45              		.text
  46              		.section	.gnu.lto_stInit.5f2defcd1a23c32,"e",%progbits
  47 0000 789CE360 		.ascii	"x\234\343``d\330\315\300\300\240\015\304\262@\314\310"
  47      6064D8CD 
  47      C0C0A00D 
  47      C4B240CC 
  47      C8
  48 0011 CCC0C8D4 		.ascii	"\314\300\310\324\320\320\340\300\336\310\301\304\310"
  48      D0D0E0C0 
  48      DEC8C1C4 
  48      C8
  49 001e 08663570 		.ascii	"\010f5p02\32431\3263\3663Ogf<\324\376l'\223\346r\240"
  49      3032D433 
  49      31D633F6 
  49      334F6766 
  49      3CD4FE6C 
  50 0037 4CC381E9 		.ascii	"L\303\201\351\263\330\332\032Z%\346330\314\004b\010"
  50      B3D8DA1A 
  50      5A25E633 
  50      3330CC04 
  50      6208
  51 0049 60DCC5A8 		.ascii	"`\334\305\250\311\300\000T\371h\343\277\251\274l,P)"
  51      C9C00054 
  51      F968E3BF 
  51      A9BC6C2C 
  51      5029
  52 005b C6DD8C6C 		.ascii	"\306\335\214l@\313\030\030\326_b=\320\360\357\177{\303"
  52      40CB1818 
  52      D65F623D 
  52      D0F0EF7F 
  52      7BC3
  53 006d 813B8B18 		.ascii	"\201;\213\030\367\272\001%\273\231\031@\306\26106\034"
  53      F7BA0125 
  53      BB991940 
  53      C6B13036 
  53      1C
  54 007e 6060E861 		.ascii	"``\350af\202p\032\201\2347\214\315\013\276\3670\203"
  54      6682701A 
  54      819C378C 
  54      CD0BBEF7 
  54      3083
  55 0090 F5024D9C 		.ascii	"\365\002M\234\273\342\314\177\316\026\306\246F\216\371"
  55      BBE2CC7F 
  55      CE16C6A6 
  55      468EF9
ARM GAS  /tmp/ccQdWk4s.s 			page 4


  56 009f CC8C3399 		.ascii	"\314\2143\231\201\2461\356alad\230\317\314\304\360\216"
  56      81A631EE 
  56      616C6164 
  56      98CFCCC4 
  56      F08E
  57 00b1 B169C1EF 		.ascii	"\261i\301\357\036F\260R\020\350ffD\030\312\300\240\251"
  57      1E46B052 
  57      10E86666 
  57      4418CAC0 
  57      A0A9
  58 00c3 A7A70F44 		.ascii	"\247\247\017D\331\251Ey\2519\372\316\031\231I\231\376"
  58      D9A94579 
  58      A939FACE 
  58      19994999 
  58      FE
  59 00d4 C1FAF9C5 		.ascii	"\301\372\371\305\372\031\2119\372\305E\311 :\276\270"
  59      FA198939 
  59      FAC545C9 
  59      203ABEB8 
  60 00e4 442F9901 		.ascii	"D/\231\001\000\036\206K\332"
  60      001E864B 
  60      DA
  61              		.text
  62              		.section	.gnu.lto_stGetCounter.5f2defcd1a23c32,"e",%progbits
  63 0000 789C7D50 		.ascii	"x\234}PMK[A\024\275\347\335\344%\246(\256+\342:\233"
  63      4D4B5B41 
  63      14BDE7DD 
  63      E425A628 
  63      AE2BE23A 
  64 0015 BCB4FE81 		.ascii	"\274\264\376\201B\204\"U\\\304\215+\261Q\210\030LI\304"
  64      42842255 
  64      5CC48D2B 
  64      B1518818 
  64      4C49C4
  65 0028 ADE35322 		.ascii	"\255\343S\"\022\265\251 ~\241A\305J\020Z\024\272\250"
  65      12B5A920 
  65      7EA141C5 
  65      4A105A14 
  65      BAA8
  66 003a 1FF56915 		.ascii	"\037\365i\025\\J\245XE$\270\322.\352B\027\026\212\366"
  66      5C4AA558 
  66      4524B8D2 
  66      2EEA4217 
  66      168AF6
  67 004d 4E524ADD 		.ascii	"NRJ\335t\230\257s\347\314\234s\306K\240a\020\305\211"
  67      7498AF73 
  67      E7CC9C73 
  67      C64BA061 
  67      10C589
  68 0060 A8520698 		.ascii	"\250R\006\230`(\245\236yz\275\006P\330)/\250\307@\017"
  68      6028A59E 
  68      797ABD06 
  68      50D8292F 
  68      A8C7400F 
  69 0074 5EF33823 		.ascii	"^\3638#\265\227Y/\035\341\254&\012\234\373z`CC\240\\"
  69      B597592F 
  69      1DE1AC26 
ARM GAS  /tmp/ccQdWk4s.s 			page 5


  69      0A9CFB7A 
  69      604343A0 
  70 0089 6026B59F 		.ascii	"`&\265\237\362\371\227\224\262\2253>\353\231^=P\356"
  70      F2F99794 
  70      B295333E 
  70      EB995E3D 
  70      50EE
  71 009b 2C1B3429 		.ascii	",\0334)\364uT`\015\025\244\0336\340'\222\013\347+wc"
  71      F4755460 
  71      0D15A41B 
  71      36E02792 
  71      0BE72B77 
  72 00b0 A5A64B13 		.ascii	"\245\246K\023ty\023\2468\"z\377\305\355\250\273\373"
  72      747913A6 
  72      38227AFF 
  72      C5EDA8BB 
  72      FB
  73 00c1 01E5DC2C 		.ascii	"\001\345\334,\340\303s\227AYf\226\311E\224f\022_\312"
  73      E0C37397 
  73      41596696 
  73      C9459466 
  73      125FCA
  74 00d4 05E5100D 		.ascii	"\005\345\020\015\261Q\004}\002\276cg\343\347\351\305"
  74      B151047D 
  74      02BE6367 
  74      E3E7E9C5 
  75 00e4 D19B9207 		.ascii	"\321\233\222\007/\353\007\377\026\3725=\237>\346\307"
  75      2FEB07FF 
  75      16FA353D 
  75      9F3EE6C7 
  76 00f4 05B5C2E9 		.ascii	"\005\265\302\351?ll\301\304'qAp`\316\260\3168\322wu"
  76      3F6C6CC1 
  76      C4277141 
  76      7060CEB0 
  76      CE38D277 
  77 0109 E6D519DD 		.ascii	"\346\325\031\335\320\324\217\227\273\313eE\250&DZJo"
  77      D0D48F97 
  77      BBCB6545 
  77      A826445A 
  77      4A6F
  78 011b 4F6E0E1F 		.ascii	"On\016\037-b\001Y6\261#9\267uN9\310e\276\335\372\202"
  78      2D620159 
  78      36B12339 
  78      B7754E39 
  78      C865BEDD 
  79 0131 EF547FAF 		.ascii	"\357T\177\257\312_\317WM\215\012\303\203\317X\304\204"
  79      CA5FCF57 
  79      4D8D0AC3 
  79      83CF58C4 
  79      84
  80 0142 04D66284 		.ascii	"\004\326b\204]\004\305\271\375k \307EM\026Y\372\001"
  80      5D04C5B9 
  80      FD6B20C7 
  80      454D1659 
  80      FA01
  81 0154 3B3F78CC 		.ascii	";?x\314\332\243T\364\347\244\031\305\250\266\243\241"
  81      DAA354F4 
ARM GAS  /tmp/ccQdWk4s.s 			page 6


  81      E7A419C5 
  81      A8B6A3A1 
  82 0164 3F10B0A4 		.ascii	"?\020\260\244w\264%:\333bV(\332\376\262\275!l\305\223"
  82      77B4253A 
  82      DB625628 
  82      DAFEB2BD 
  82      216CC593 
  83 0178 56B42566 		.ascii	"V\264%f%\023\021\2756'\273\002\021\012\375\217\371*"
  83      251311BD 
  83      3627BB02 
  83      110AFD8F 
  83      F92A
  84 018a 9EE84A5A 		.ascii	"\236\350JZ\341\306\372\352\247V]]\215\025n\0127\326"
  84      E1C6FAEA 
  84      A7565D5D 
  84      8D156E0A 
  84      37D6
  85 019c 865E743F 		.ascii	"\206^t?\371s\2779\026k\015D\3517e{\246H"
  85      F973BF39 
  85      166B0D44 
  85      E937657B 
  85      A648
  86              		.text
  87              		.section	.gnu.lto_stStartAlarm.5f2defcd1a23c32,"e",%progbits
  88 0000 789C9D52 		.ascii	"x\234\235R[lLQ\024=\353\356;3w\206>$>D\177$>\244\"\235"
  88      5B6C4C51 
  88      143DEBEE 
  88      3B337786 
  88      3E243E44 
  89 001a 2A3FE247 		.ascii	"*?\342GR\211\210\212\217\366\307W\343\321\244\215z\244"
  89      5289888A 
  89      8FF6C757 
  89      E3D1A48D 
  89      7AA4
  90 002c D3F0237A 		.ascii	"\323\360#z:\235\232\304x%BMh.\252(\011\245\037B=F\251"
  90      3A9D9AC4 
  90      7825424D 
  90      682EAA28 
  90      09A51F42 
  91 0043 7A4CA93E 		.ascii	"zL\251>h\221*\241\036iI\350\007!\255}\316\035L\023\021"
  91      68912AA1 
  91      1E6949E8 
  91      0721AD7D 
  91      CE1D4C13 
  92 0058 DCCCBD73 		.ascii	"\334\314\275s\3669k\257\275\317\332\313\022\020\015"
  92      F6396BAF 
  92      BDCFDACB 
  92      12100D
  93 0067 A6109B84 		.ascii	"\246\020\233\204\020\363\371\205K\300\220R.\360TZ\206"
  93      10F3F985 
  93      4BC09052 
  93      2EF0545A 
  93      86
  94 0078 41EDD126 		.ascii	"A\355\321&\267)}f\323`|\236)'\022\314\304\231\011\350"
  94      B7297D66 
  94      D3607C9E 
  94      292712CC 
ARM GAS  /tmp/ccQdWk4s.s 			page 7


  94      C49909E8 
  95 008c 95B4202A 		.ascii	"\225\264 *\0142Q\201]TCh\011\017^02\217\363\231\214"
  95      0C325181 
  95      5D544368 
  95      090F5E30 
  95      328FF399 
  96 00a1 D5F47BB6 		.ascii	"\325\364{\266\312\352)6\011\021\345\327yp\021\231\214"
  96      CAEA2936 
  96      0911E5D7 
  96      79701199 
  96      8C
  97 00b2 DBDABABB 		.ascii	"\333\332\272\2739e'\331\004\030\034\036\356\351\010"
  97      396527D9 
  97      04181C1E 
  97      EEE908
  98 00c1 428506D2 		.ascii	"B\205\006\3229\374z\262\361i\032\315\202\340u\343\373"
  98      39FC7AB2 
  98      F1691ACD 
  98      82E075E3 
  98      FB
  99 00d2 8B7367D4 		.ascii	"\213sg\324K\031\224\261\241=$'\333D\270\014bF\\B\006"
  99      4B1994B1 
  99      A13D2427 
  99      DB44B80C 
  99      62465C42 
 100 00e7 9A912104 		.ascii	"\232\221!\004\3571\363\025\314\020*\343\305\331\321"
 100      EF31F315 
 100      CC102AE3 
 100      C5D9D1
 101 00f6 BD296E33 		.ascii	"\275)n3Q\024W\341\346K\012\324\2218\323\351\212\311"
 101      511457E1 
 101      E64B0AD4 
 101      9138D3E9 
 101      8AC9
 102 0108 D1B1B08C 		.ascii	"\321\261\260\214\215\034\305\227E\251\340L\323P\037"
 102      8D1CC597 
 102      45A9E04C 
 102      D3501F
 103 0117 3754BA87 		.ascii	"7T\272\207\227.K}\274\374q\373\324J\210\010\011u\037"
 103      972E4B7D 
 103      BCFC71FB 
 103      D44A8808 
 103      09751F
 104 012a 133226C4 		.ascii	"\0232&\304v2\234\240\212\203wh\271\364e\350\304\313"
 104      76329CA0 
 104      8A837768 
 104      B9F465E8 
 104      C4CB
 105 013c E79E7165 		.ascii	"\347\236qe\271\332\257>B\012>\020\031vM\325\255\350"
 105      B9DAAF3E 
 105      420A3E10 
 105      19764DD5 
 105      ADE8
 106 014e D32434AE 		.ascii	"\323$4\256\301\215\030\267(\320\002w-)\246\235U\037"
 106      C18D18B7 
 106      28D00277 
 106      2D29A69D 
ARM GAS  /tmp/ccQdWk4s.s 			page 8


 106      551F
 107 0160 FA2DA586 		.ascii	"\372-\245\206G+p\341\355\215S\251N(\367si\336:\366x"
 107      472B70E1 
 107      ED8D53A9 
 107      4E28F773 
 107      69DE3AF6 
 108 0175 A46B423D 		.ascii	"\244kB=\352`\223\205\033,\303u%\003\0374\354\356\375"
 108      EA609385 
 108      1B2CC375 
 108      25031F34 
 108      ECEEFD
 109 0188 ECCB3E2D 		.ascii	"\354\313>-C\225r\240\251n\322\301\3156y\321\212z\354"
 109      439572A0 
 109      A96ED2C1 
 109      CD3679D1 
 109      8A7AEC
 110 019b 570A5D53 		.ascii	"W\012]SR\334D67^\265/\334\347uJZN\325\237#q\301@\033"
 110      52DC4436 
 110      375EB52F 
 110      DCE7754A 
 110      5A4ED59F 
 111 01b4 F331A823 		.ascii	"\3631\250#\334@\016\310\3138\006\265}\030\356\206\003"
 111      DC400EC8 
 111      CB3806B5 
 111      7D18EE86 
 111      03
 112 01c5 12B8A541 		.ascii	"\022\270\245A\301o\3413/w\221\272\\-\201\221b\010\325"
 112      C16FE133 
 112      2F7791BA 
 112      5C2D8191 
 112      6208D5
 113 01d8 D39C50CD 		.ascii	"\323\234P\315\266y\344\362;o\010\301Jv\202/J\006\367"
 113      B679E4F2 
 113      3B6F08C1 
 113      4A76822F 
 113      4A06F7
 114 01eb 711B2108 		.ascii	"q\033!\010\006'\023\232Lx\007\0316M\020\257\020z\223"
 114      0627139A 
 114      4C780719 
 114      364D10AF 
 114      107A93
 115 01fe 9B20507B 		.ascii	"\233 P{\3328\333\211\006\343\3219Jwc\010!]@\335\270"
 115      DA38DB89 
 115      06E3D139 
 115      4A776308 
 115      215D40DD 
 116 0213 F6447C4C 		.ascii	"\366D|L\323[6M\214j#\334U\364\311:\246\3500\271\221"
 116      D35B364D 
 116      8C6A23DC 
 116      55F4C93A 
 116      A6E830B9 
 117 0228 943A7286 		.ascii	"\224:r\206\364L~l\367\261\222\225\3516\245\242\2353"
 117      F44C7E6C 
 117      F7B19295 
 117      E936A5A2 
 117      9D33
 118 023a 114F68F9 		.ascii	"\021Oh\371\351u\353\025K\341Y\364i\212\344\036\353\350"
ARM GAS  /tmp/ccQdWk4s.s 			page 9


 118      E975EB15 
 118      4BE159F4 
 118      698AE41E 
 118      EBE8
 119 024c D8E93EE3 		.ascii	"\330\351>\343lJ\323m\231\311~`1\356\357\210\037(\037"
 119      6C4AD36D 
 119      99C97E60 
 119      31EEEF88 
 119      1F281F
 120 025f E707F337 		.ascii	"\347\007\3637~\370\312\235:~0\307\373\341\001\373\241"
 120      7EF8CA9D 
 120      3A7E30C7 
 120      FBE101FB 
 120      A1
 121 0270 43FBA153 		.ascii	"C\373\241S\011\340\253%\267\362Y\3776\305\273Am\376"
 121      09E0AB25 
 121      B7F259FF 
 121      36C5BB41 
 121      6DFE
 122 0282 E5FC0F6D 		.ascii	"\345\374\017m\261)\035]z\366\320\274\012\320w\257\372"
 122      B1291D5D 
 122      7AF6D0BC 
 122      0AD077AF 
 122      FA
 123 0293 A02FA751 		.ascii	"\240/\247Q\003\316A\271\243\033\331\230\311\331\032"
 123      03CE41B9 
 123      A31BD998 
 123      C9D91A
 124 02a2 811EE470 		.ascii	"\201\036\344pQU\361\343\233\350\371\001\374cA/\036\352"
 124      5155F1E3 
 124      9BE8F901 
 124      FC63412F 
 124      1EEA
 125 02b4 824682EE 		.ascii	"\202F\202\356\021\262\223\007\341\345Fz\265k\230\376"
 125      11B29307 
 125      E1E5467A 
 125      B56B98FE 
 126 02c4 C0FFD0F7 		.ascii	"\300\377\320\367\375\360\262\246\177\254\351\353#G\034"
 126      FDF0B2A6 
 126      7FACE9EB 
 126      23471C
 127 02d3 E77AD9B9 		.ascii	"\347z\331\271O8\363=\202\003\221o\323\365\254\324\023"
 127      4F38F33D 
 127      8203916F 
 127      D3F5ACD4 
 127      13
 128 02e4 218CF143 		.ascii	"!\214\361C\010\306T\230\231\225\345\347\337\232\242"
 128      08C65498 
 128      9995E5E7 
 128      DF9AA2
 129 02f3 B27545A5 		.ascii	"\262uE\245\376\334\342\222\225%\313\362\375\353\003"
 129      FEDCE292 
 129      9525CBF2 
 129      FDEB03
 130 0302 FEE215A5 		.ascii	"\376\342\025\245\376@\331*\365_\030(\317Z%<+V\006\312"
 130      FE40D92A 
 130      F55F1828 
ARM GAS  /tmp/ccQdWk4s.s 			page 10


 130      CF5A253C 
 130      2B5606CA 
 131 0316 4BD616E5 		.ascii	"K\326\026\345\376)c\303\372\262\362\200?\277`\351\234"
 131      FE2963C3 
 131      FAB2F280 
 131      3FBF60E9 
 131      9C
 132 0327 1C7F5EDE 		.ascii	"\034\177^\336B\177\376\362\374\202\305\271K6\316N\360"
 132      427FFEF2 
 132      FC82C5B9 
 132      4B36CE4E 
 132      F0
 133 0338 149696AE 		.ascii	"\024\226\226\256\316*\026\337\001:\216\255\264"
 133      CE2A16DF 
 133      013A8EAD 
 133      B4
 134              		.text
 135              		.section	.gnu.lto_stStopAlarm.5f2defcd1a23c32,"e",%progbits
 136 0000 789C7D50 		.ascii	"x\234}P\277/CQ\024>\337\273m\275\020V\0221\032\272\364"
 136      BF2F4351 
 136      143EDFBB 
 136      6DBD1056 
 136      12311ABA 
 137 0015 15BB486A 		.ascii	"\025\273HjA\305\360\272tj\374h\322F\243\322\327X]\224"
 137      41C5F0BA 
 137      746AFC68 
 137      D246A3D2 
 137      D7585D94 
 138 0029 0E951289 		.ascii	"\016\225\022\211\264\030:4%\"!F\277\237\352_\300\"\202"
 138      B4183A34 
 138      25222146 
 138      BF9FEA5F 
 138      C02282
 139 003c 94888481 		.ascii	"\224\210\204\201\004\203\011\367\275\327H-N\356\311"
 139      048309F7 
 139      BDD7482D 
 139      4EEEC9
 140 004b BDE77EDF 		.ascii	"\275\347~\337\371\276{\256L ?\210\242D\324\"\022\214"
 140      F9BE7BAE 
 140      4C203F88 
 140      A244D422 
 140      128C
 141 005d 2071CEBB 		.ascii	" q\316\273j\246d\0110O\\\006MJ\230\304\002\3130\024"
 141      6AA66409 
 141      304F5C06 
 141      4D4A98C4 
 141      02CB3014 
 142 0071 938F7B92 		.ascii	"\223\217{\222sC \\\317\254\326\316\361\331\246\034#"
 142      7343205C 
 142      CFACD6CE 
 142      F1D9A61C 
 142      23
 143 0082 5A116905 		.ascii	"Z\021i\005\366\341$\022\314\373\335\257\345z\207\255"
 143      F6E12412 
 143      CCFBDDAF 
 143      E57A87AD 
 144 0092 02E1000E 		.ascii	"\002\341\000\016aF\264sn\327\371\327w\222\353\245<v"
ARM GAS  /tmp/ccQdWk4s.s 			page 11


 144      6146B473 
 144      6ED7F9D7 
 144      7792EBA5 
 144      3C76
 145 00a4 7B059862 		.ascii	"{\005\230bd\310\331\300u\242y&Y\305\214(\236Q|\373\274"
 145      64C8D9C0 
 145      75A27926 
 145      59C58C28 
 145      9E517CFB 
 146 00b9 7EB8B9B3 		.ascii	"~\270\271\263\377\3213d~/\022\006\275\234Z\2603\323"
 146      FFD13364 
 146      7E2F1206 
 146      BD9C5AB0 
 146      33D3
 147 00cb C344ABD8 		.ascii	"\303D\253\3308\202\003\207\302\233p\014\207\000\322"
 147      38820387 
 147      C29B700C 
 147      8700D2
 148 00da 33AFB772 		.ascii	"3\257\267r\232\345\030`\360\366\236J[\015V\311\263\302"
 148      9AE51860 
 148      F0F69E4A 
 148      5B0D56C9 
 148      B3C2
 149 00ec 575CAD5F 		.ascii	"W\\\255_}\\\324\025\220G\216I\320\321\214\0234\233\232"
 149      7D5CD415 
 149      90478E49 
 149      D0D18C13 
 149      349B9A
 150 00ff 9B8B979F 		.ascii	"\233\213\227\237\265\356m\236\230\342\345\367\245\306"
 150      B5EE6D9E 
 150      98E2E5F7 
 150      A5C6
 151 010d B5CE1C63 		.ascii	"\265\316\034c8E\001Y1\205aD(\302]\355!\036\2033\321"
 151      38450159 
 151      31856144 
 151      28C25DED 
 151      211E8333 
 152 0122 FD82E972 		.ascii	"\375\202\351r*\333j~\202\021)\006k\312i\335(\235.\227"
 152      2ADB6A7E 
 152      82112906 
 152      6BCA69DD 
 152      289D2E97 
 153 0136 22D66830 		.ascii	"\"\326h06\026\214(\236Px(<\240*QM\011\015F\024-6l\354"
 153      36168C28 
 153      9E507828 
 153      3CA02A51 
 153      4D090D46 
 154 014f 012DEE1A 		.ascii	"\001-\356\032&\317\177\314\361h,\256)\252\257\277\243"
 154      26CF7FCC 
 154      F1682CAE 
 154      29AAAFBF 
 154      A3
 155 0160 5DF17ABB 		.ascii	"]\361z\273\025\325\257\372z<}\023m\225\376@$2\342\012"
 155      15D5AFFA 
 155      7A3C7D13 
 155      6D95FE40 
 155      2432E20A 
ARM GAS  /tmp/ccQdWk4s.s 			page 12


 156 0174 D10FBAFC 		.ascii	"\321\017\272\374\227["
 156      975B
 157              		.text
 158              		.section	.gnu.lto_stSetAlarm.5f2defcd1a23c32,"e",%progbits
 159 0000 789C8D52 		.ascii	"x\234\215RKHTQ\030>\337\375\357\314\334\031\265\014"
 159      4B485451 
 159      183EDFFD 
 159      EFCCDC19 
 159      B50C
 160 0012 5A446EDC 		.ascii	"ZDn\334\204\030\341\230\265\2116\201mz\321B7\255\304"
 160      8418E198 
 160      B5893681 
 160      6D7AD142 
 160      37ADC4
 161 0025 4A50B214 		.ascii	"JP\262\024Gj\023u\034\307\006\232^\020VC\312-\314\236"
 161      476A1375 
 161      1CC7069A 
 161      5E105643 
 161      CA2DCC9E 
 162 0039 90962DF2 		.ascii	"\220\226-\362\331h\332\323WO*\302,\314J\254\350\261"
 162      D968DAD3 
 162      574F2AC2 
 162      2CCC4AAC 
 162      E8B1
 163 004b 280AED3F 		.ascii	"(\012\355?\347\0165BD\207\271g\316\177\376\357|\377"
 163      E70E3542 
 163      4487B967 
 163      CE7FFEEF 
 163      7CFF
 164 005d 7FBEF359 		.ascii	"\177\276\363Y\002b\202\204\330!\204X\316\037\\\002\206"
 164      02628284 
 164      D8218458 
 164      CE1F5C02 
 164      86
 165 006e 947285A7 		.ascii	"\224r\205\247\3122\014\032\210\266\270M\3513[\306\373"
 165      CA320C1A 
 165      88B6B84D 
 165      E9335BC6 
 165      FB
 166 007f 97993299 		.ascii	"\227\2312\231`\306s&\240W\322\202\330m\220\211\3358"
 166      60C67326 
 166      A057D282 
 166      D86D9089 
 166      DD38
 167 0091 4847093D 		.ascii	"HG\011=\341\361V#\363\014\347d\354\350c\337\036Y3\317"
 167      E1F15623 
 167      F30CE764 
 167      ECE863DF 
 167      1E5933CF 
 168 00a5 66FA287F 		.ascii	"f\372(\177\316@\0332\031\267\247\357P{\312\001\262\011"
 168      CE401B32 
 168      19B7A7EF 
 168      507BCA01 
 168      B209
 169 00b7 30383CF9 		.ascii	"08<\371h8\010\025\032H\345\360\307\371\346\347\263i"
 169      68380815 
 169      1A48E5F0 
ARM GAS  /tmp/ccQdWk4s.s 			page 13


 169      C7F9E6E7 
 169      B369
 170 00c9 1104AF9B 		.ascii	"\021\004\257\233?\264-\315h\2242(c\317\017\223\234k"
 170      3FB42DCD 
 170      68943228 
 170      63CF0F93 
 170      9C6B
 171 00db 13A113C4 		.ascii	"\023\241\023\304\214\350@\032\332\221&\004\3571s\027"
 171      8CE8401A 
 171      DA912604 
 171      EF317317 
 172 00eb 32843AF1 		.ascii	"2\204:\361\352\322Tm\212\333\214\027\3055\270\371\222"
 172      EAD2546D 
 172      8ADB8C17 
 172      C535B8F9 
 172      92
 173 00fc 020D249A 		.ascii	"\002\015$\232\356\273brj:,cc\247\360iu2\370\244i\360"
 173      EEBB6272 
 173      6A3A2C63 
 173      63A7F069 
 173      7532F8A4 
 174 0112 E4223579 		.ascii	"\344\"5y\2408,^\272\275j\362\251I\210\010\011u\037\023"
 174      A0382C5E 
 174      BABD6AF2 
 174      A9498808 
 174      09751F13 
 175 0126 3226C43E 		.ascii	"2&\304>2\234\240\232\203\011\364t|\237<;\366\3223\243"
 175      329CA09A 
 175      8309F474 
 175      7C9F3C3B 
 175      F6D233A3 
 176 013a 2C57FBD3 		.ascii	",W\373\323GH\301G#\357]\363u+:\233\200F7\334\210q\213"
 176      4748C147 
 176      23EF5DF3 
 176      752B3A9B 
 176      804637DC 
 177 0151 023D70D7 		.ascii	"\002=p\327\223\305\271\003\325\037G,\245\206G+\320\372"
 177      93C5B903 
 177      D51F472C 
 177      A586472B 
 177      D0FA
 178 0163 AEF7C22C 		.ascii	"\256\367\302,'\224\307\2704o\235~\366\365AR#\032`\223"
 178      2794C7B8 
 178      346F9D7E 
 178      F6F54152 
 178      231A6093 
 179 0177 855E96E1 		.ascii	"\205^\226\341\272\222\201\023\347\016=\371\346\313\276"
 179      BA928113 
 179      E70E3DF9 
 179      E6CBBE
 180 0186 28435572 		.ascii	"(CUr\264\245aN\335N\233\274\350C#\216)\205\272\225\024"
 180      B4A5614E 
 180      DD4E9BBC 
 180      E843238E 
 180      2985BA95 
 181 019b 3790CD8D 		.ascii	"7\220\315\215W\037\011?\365:%\275N\325\337O\342\206"
 181      571F093F 
ARM GAS  /tmp/ccQdWk4s.s 			page 14


 181      F53A25BD 
 181      4ED5DF4F 
 181      E286
 182 01ad 819BCCC7 		.ascii	"\201\233\314\307\240\256p\323\225ZR}\327\023\030\311"
 182      A0AE70D3 
 182      955A527D 
 182      D71318C9 
 183 01bd B09B1FDF 		.ascii	"\260\233\037\337?\204\003\023\270\245a\301\237a8\030"
 183      3F840313 
 183      B8A561C1 
 183      9F613818 
 184 01cd 83616212 		.ascii	"\203ab\0225\351N\250\034\321\376\265s\302\033B\260\212"
 184      35E94EA8 
 184      1CD1FEB5 
 184      73C21B42 
 184      B08A
 185 01df 8DE08B92 		.ascii	"\215\340\213\222\301m\334F\010\202\301\211l.f\273\203"
 185      C16DDC46 
 185      0882C189 
 185      6C2E66BB 
 185      83
 186 01f0 349B92C4 		.ascii	"4\233\222\304k\204\336\346\306\011\324\236\366\315>"
 186      6B84DEE6 
 186      C609D49E 
 186      F6CD3E
 187 01ff A2F1FEE8 		.ascii	"\242\361\376\350\022%\2731\211\220.\240.\\\177\266\177"
 187      1225BB31 
 187      89902EA0 
 187      2E5C7FB6 
 187      7F
 188 0210 5AD35B36 		.ascii	"Z\323[6%G\265\017\356*\372D\031St\230\330HJ\0039o\364"
 188      2547B50F 
 188      EE2AFA44 
 188      19537498 
 188      D8484A03 
 189 0227 427E1EF0 		.ascii	"B~\036\360\261\220U\2516\315\302\000\237D\177\\\312"
 189      B19055A9 
 189      36CDC200 
 189      9F447F5C 
 189      CA
 190 0238 2F6FFABA 		.ascii	"/o\372\272,\205g\315\323\025\311 \313\350\270i\210q"
 190      2C8567CD 
 190      D315C920 
 190      CBE8B869 
 190      8871
 191 024a 36CDD66D 		.ascii	"6\315\326m\231\211v`%\206\366O\036\257\234a\007\363"
 191      99897660 
 191      2586F64F 
 191      1EAF9C61 
 191      07F3
 192 025c 2F766862 		.ascii	"/vhb\3079v0g\332\341\036\333aX\333\341\276\022\300W"
 192      C7397630 
 192      67DAE11E 
 192      DB6158DB 
 192      E1BE12C0 
 193 0271 4F1E65B3 		.ascii	"O\036e\263\221\275\212\267\\m\376\347\363\237\330eS"
 193      91BD8AB7 
ARM GAS  /tmp/ccQdWk4s.s 			page 15


 193      5C6DFEE7 
 193      F39FD865 
 193      53
 194 0282 2A1EE8A7 		.ascii	"*\036\350\247\207\346U\200\247\2035u\276\234f\015\270"
 194      87E65580 
 194      A7833575 
 194      BE9C660D 
 194      B8
 195 0293 0C658E87 		.ascii	"\014e\216\207\310\306B>\255\021x\204\034.*> 8\032\271"
 195      C8C6423E 
 195      AD117884 
 195      1C2E2A3E 
 195      20381AB9 
 196 02a7 BA40DF56 		.ascii	"\272@\337V\215\010a\232\007!\030SafV\226\237\177[\212"
 196      8D08619A 
 196      07211853 
 196      61665696 
 196      9F7F5B8A 
 197 02bb 2AB61595 		.ascii	"*\266\025\225\372s\213K6\226\254\317\363\227\005\374"
 197      FA738B4B 
 197      3696ACCF 
 197      F39705FC 
 198 02cb C585A5FE 		.ascii	"\305\205\245\376@\305&\365_\020\250\314\332$<\205\033"
 198      40C526F5 
 198      5F10A8CC 
 198      DA243C85 
 198      1B
 199 02dc 0395255B 		.ascii	"\003\225%[\213r\377u\242\274\254\2422\340\317\313_\267"
 199      8B72FF75 
 199      A2BCACA2 
 199      32E0CFCB 
 199      5FB7
 200 02ee 24C7BF76 		.ascii	"$\307\277v\355J\177\336\206\274\374U\271k\266/\216\363"
 200      ED4A7FDE 
 200      86BCFC55 
 200      B96BB62F 
 200      8EF3
 201 0300 1494966E 		.ascii	"\024\224\226n\316*\026\277\000\265\346lS"
 201      CE2A16BF 
 201      00B5E66C 
 201      53
 202              		.text
 203              		.section	.gnu.lto_stGetAlarm.5f2defcd1a23c32,"e",%progbits
 204 0000 789C8D92 		.ascii	"x\234\215\222_HSq\024\307\177\347\236\273\355\356\316"
 204      5F485371 
 204      14C77FE7 
 204      9EBBEDEE 
 204      CE
 205 0011 99BD4512 		.ascii	"\231\275E\022\370j\017\273\246O\321K\260^B\243\207\371"
 205      F86A0FBB 
 205      A64FD14B 
 205      B05E42A3 
 205      87F9
 206 0023 D2939409 		.ascii	"\322\223\224\011J#\303IO\201\277\315\351\010\305$H\035"
 206      4A23C349 
 206      4F81BFCD 
 206      E908C524 
ARM GAS  /tmp/ccQdWk4s.s 			page 16


 206      481D
 207 0035 2AB71A96 		.ascii	"*\267\032\226\022\244f\017\345\277\226iZM\235Z\220!"
 207      12A4660F 
 207      E5BF9669 
 207      5A4D9D5A 
 207      9021
 208 0047 A96156A2 		.ascii	"\251aV\242\011\351CBh\347w\357\260\015\"\272l\277\355"
 208      09E94342 
 208      68E777EF 
 208      B00D22BA 
 208      6CBFED
 209 005a FC7E9FDF 		.ascii	"\374~\237\337\367\234\373=Ga\300\236 c\345\214\261\023"
 209      F79CFB3D 
 209      4761C09E 
 209      2063E58C 
 209      B113
 210 006c F4050B03 		.ascii	"\364\005\013\003\211s~\322\346W$\011'\303}V\231\253"
 210      89737ED2 
 210      E6572409 
 210      27C37D56 
 210      99AB
 211 007e 72DF6AEC 		.ascii	"r\337j\354\270\314\323\020\344\304\231\014`\374\343"
 211      B8CCD310 
 211      E4C4990C 
 211      60FCE3
 212 008d 0AB02A09 		.ascii	"\012\260*\011e\250\202\033\330\214P;\3268\340l@\035"
 212      65A8821B 
 212      D88C503B 
 212      D638E06C 
 212      401D
 213 009f 4986C23B 		.ascii	"I\206\302;\357\342\001\020!@\006\205\215\265\023\265"
 213      EFE20110 
 213      21400685 
 213      8DB513B5 
 214 00af 6AF67DCE 		.ascii	"j\366}\316\003<\332\334\344h}\024\347\026\035%\026&"
 214      033CDADC 
 214      E4687D14 
 214      E7161D25 
 214      1626
 215 00c1 7C0032A1 		.ascii	"|\0002\241\0372\231x`\020\262\031\243\013\237zwo9\255"
 215      1F329978 
 215      6010B219 
 215      A30B9F7A 
 215      776F39AD 
 216 00d5 B200C4F6 		.ascii	"\262\000\304\366\020X\251^\006\021d\335\263\226(\337"
 216      1058A95E 
 216      061164DD 
 216      B39628DF 
 217 00e5 DD0BF1E8 		.ascii	"\335\013\361\350J\004z\363\035\300t$%\035e\024\213\215"
 217      4A047AF3 
 217      1DC07424 
 217      251D6514 
 217      8B8D
 218 00f7 168B2216 		.ascii	"\026\213\"\026\273XTZ\254\214\325!\243\252\271\014<"
 218      BB58545A 
 218      AC8CD521 
 218      A3AAB90C 
ARM GAS  /tmp/ccQdWk4s.s 			page 17


 218      3C
 219 0108 CA583D4A 		.ascii	"\312X=JfPM\301\032\214\014\356,t\256,\333R\262R\262"
 219      66504DC1 
 219      1A8C0CEE 
 219      2C74AE2C 
 219      DB52B252 
 220 011d 3F650405 		.ascii	"?e\004\005\276T\267a9lTb\234&\321\360\014\2540L\025"
 220      BE54B761 
 220      396C5462 
 220      9C26D1F0 
 220      0CAC304C 
 221 0132 328882B5 		.ascii	"2\210\202\265\035\205RC\365\346GE\274\277\015\004\372"
 221      1D855243 
 221      F5E64745 
 221      BCBF0D04 
 221      FA
 222 0143 F4DBE883 		.ascii	"\364\333\350\203t3\344-\224\232\266\356}\330\236st@"
 222      7433E42D 
 222      949AB6EE 
 222      7DD89E73 
 222      7440
 223 0155 04745460 		.ascii	"\004tT`\204<x.<\240\203\256\306\367?\325\234\207<\350"
 223      843C782E 
 223      3CA083AE 
 223      C6F73FD5 
 223      9C873CE8 
 224 0169 E74B5B77 		.ascii	"\347K[w\017\266]\323\321\016/\240\003Z\310\013\221\213"
 224      0FB65DD3 
 224      D10E2FA0 
 224      035AC80B 
 224      918B
 225 017b C128E450 		.ascii	"\301(\344P\341\325M\241y\273\231R1\263\3567\301\002"
 225      E1D54DA1 
 225      79BB9952 
 225      31B3EE37 
 225      C102
 226 018d 128C911E 		.ascii	"\022\214\221\036A\303\241\356\307M(\352nG \222\260\361"
 226      41C3A1EE 
 226      C74D28EA 
 226      6E472092 
 226      B0F1
 227 019f CD8DB760 		.ascii	"\315\215\267`b\014^\032X\340W\010LF\"\214\255CM\226"
 227      620C5E1A 
 227      58E05708 
 227      4C46228C 
 227      AD434D96 
 228 01b3 198ADE0E 		.ascii	"\031\212\336\016l\017\255\331\203\020\360\037\322Q\015"
 228      6C0FADD9 
 228      8310F01F 
 228      D2510D
 229 01c2 93D90CC6 		.ascii	"\223\331\014\306!\010\214\340d5\231\324& SG\007\373"
 229      21088CE0 
 229      643599D4 
 229      26205347 
 229      07FB
 230 01d4 0CC1AFEE 		.ascii	"\014\301\257\356\204\200\3303\232[\217\270\032\013\347"
 230      8480D833 
ARM GAS  /tmp/ccQdWk4s.s 			page 18


 230      9A5B8FB8 
 230      1A0BE7
 231 01e3 09DBA575 		.ascii	"\011\333\245u\010\032\011\304\013\267w\306\366\014y"
 231      081A09C4 
 231      0BB777C6 
 231      F60C79
 232 01f2 45C7B430 		.ascii	"E\307\2640\212\267|%\344\223mt\032ar!\316\010\232=Z"
 232      8AB77C25 
 232      E4936D74 
 232      1A617221 
 232      CE089A3D 
 233 0207 E43F2655 		.ascii	"\344?&U2\322\237\241c:\274\241\233\360:a\345\326\227"
 233      32D29FA1 
 233      633ABCA1 
 233      9BF03A61 
 233      E5D697
 234 021a B16145F0 		.ascii	"\261aE\360\344y\226\020\211\221\215\3460M\022\247\343"
 234      E4799610 
 234      89918DE6 
 234      304D12A7 
 234      E3
 235 022b 01A32C39 		.ascii	"\001\243,9e\034\342;\013=\213\313\366\224q\220\3772"
 235      651CE23B 
 235      0B3D8BCB 
 235      F6947190 
 235      FF32
 236 023d 0ED3FBE3 		.ascii	"\016\323\373\343 \247\216\3034\215\303\2241\016qa\200"
 236      20A78EC3 
 236      348DC394 
 236      310E7161 
 236      80
 237 024e FDBF9B3D 		.ascii	"\375\277\233=r\244\365&\021\0310ct\033\014)A\315O\325"
 237      72A4F526 
 237      11193063 
 237      741B0C29 
 237      41CD4FD5 
 238 0262 B4A9B93D 		.ascii	"\264\251\271=\202\272\335/\211y\230\205\0348J\022\006"
 238      82BADD2F 
 238      89799885 
 238      1C384A12 
 238      06
 239 0273 0173906B 		.ascii	"\001s\220k\366\260\013\315\234*\245e\337!\260t}\332"
 239      F6B00BCD 
 239      9C2AA565 
 239      DF21B074 
 239      7DDA
 240 0285 62B64115 		.ascii	"b\266A\025\035\250C\330\243\007!\020\025a\266\313\245"
 240      1DA843D8 
 240      A3072110 
 240      1561B6CB 
 240      A5
 241 0296 D1E75249 		.ascii	"\321\347RI\305\345\022\257\346.-\273Pv\326\243\225\373"
 241      C5E512AF 
 241      E62E2DBB 
 241      5076D6A3 
 241      95FB
 242 02a8 B4D2F35E 		.ascii	"\264\322\363^\315WQ,~\213|\225\256b\346\376\027y\245"
ARM GAS  /tmp/ccQdWk4s.s 			page 19


 242      CD57512C 
 242      7E8B7C95 
 242      AE62E6FE 
 242      1779A5
 243 02bb BCA2D2A7 		.ascii	"\274\242\322\247y\012\317\344\345j\005\005\2474\317"
 243      790ACFE4 
 243      E56A0505 
 243      A734CF
 244 02ca 394FE169 		.ascii	"9O\341iw\376\325c\211\373E^\357EW)\373\015\230\377Y"
 244      77FED563 
 244      89FB455E 
 244      EF455729 
 244      FB0D98FF 
 245 02df CA       		.ascii	"\312"
 246              		.text
 247              		.section	.gnu.lto_stIsAlarmActive.5f2defcd1a23c32,"e",%progbits
 248 0000 789C7D90 		.ascii	"x\234}\220\313K[A\024\306\317w\347&F%\005w\305\320?"
 248      CB4B5B41 
 248      14C6CF77 
 248      E7264625 
 248      0577C5D0 
 249 0015 209BDCA8 		.ascii	" \233\334\250\377@!\335\024-.\342\306\225\264*D\014"
 249      FF4021DD 
 249      142D2EE2 
 249      C695B42A 
 249      440C
 250 0027 46127155 		.ascii	"F\022qUpL\324 \212\272\361\005\312\205\212\255\"(.5"
 250      704CD420 
 250      8ABAF105 
 250      CA858AAD 
 250      22282E35 
 251 003b 3EAE8FD2 		.ascii	">\256\217\322\255\250\370B%\212\033\205\350\242.t\243"
 251      ADA8F842 
 251      258A1B85 
 251      E8A22E74 
 251      A3
 252 004c 9EB95744 		.ascii	"\236\271WD7\016\363:\347\374\346\373f\306C\240)\020"
 252      370EF33A 
 252      E7FCE6FB 
 252      66C643A0 
 252      2910
 253 005e C588E813 		.ascii	"\305\210\350\023\017\010\202&\245\374\234\327\356\321"
 253      0F088226 
 253      A5FC9CD7 
 253      EED1
 254 006c 007B273D 		.ascii	"\000{'=\2406\015m\350\027\303\002\203\335\231}\257\377"
 254      A0360D6D 
 254      E817C302 
 254      83DD997D 
 254      AFFF
 255 007e 8F944969 		.ascii	"\217\224Ii\015\357\025v\245:?\232\202h\224\017\226\371"
 255      0DEF1576 
 255      A53A3F9A 
 255      8268940F 
 255      96F9
 256 0090 10F4916A 		.ascii	"\020\364\221jX\204\237\210\351\363\371\207A\257[We\225"
 256      58849F88 
ARM GAS  /tmp/ccQdWk4s.s 			page 20


 256      E9F3F987 
 256      41AF5B57 
 256      6595
 257 00a2 CEC0CD86 		.ascii	"\316\300\315\206Ds\333.K><\246\245u1\201\223r\227F\246"
 257      4473DB2E 
 257      4B3E3CA6 
 257      A5753181 
 257      93729746 
 258 00b7 606B9E74 		.ascii	"`k\236tRj\324#\210\275\245\016i\021\365\012\315\011"
 258      526AD423 
 258      88BDA50E 
 258      6911F50A 
 258      CD09
 259 00c9 521C5C61 		.ascii	"R\034\\a}\351\376x\352\342,\357\215\274R}It(<\333\223"
 259      7DE9FE78 
 259      EAE22CEF 
 259      8DBC527D 
 259      4974283C 
 260 00df 7315DB96 		.ascii	"s\025\333\226v\365\025\215e\270\261\304W!\254\300=."
 260      76F5158D 
 260      65B8B1C4 
 260      5721ACC0 
 260      3D2E
 261 00f1 34AEF5A5 		.ascii	"4\256\365\245nN=}\302\024\032\024\272p\2719\363\301"
 261      6E4E3D7D 
 261      C2141A14 
 261      BA70B939 
 261      F3C1
 262 0103 09E5085B 		.ascii	"\011\345\010[s\352\367\321\355N\341$&`\012\001\013>"
 262      73EAF7D1 
 262      ED4EE124 
 262      26600A01 
 262      0B3E
 263 0115 ACC267CB 		.ascii	"\254\302g\313N\017\034\334\025\004geG\273\314\376\377"
 263      4E0F1CDC 
 263      15046765 
 263      47BBCCFE 
 263      FF
 264 0126 5534F6D3 		.ascii	"U4\366\323\024:\3260\211\021~\211\362\"\254#\310\027"
 264      143AD630 
 264      89117E89 
 264      F222AC23 
 264      C817
 265 0138 4F0DA50F 		.ascii	"O\015\245\017\363\035K\341\270v\375\035\310x\225\015"
 265      F31D4BE1 
 265      B876FD1D 
 265      C878950D 
 266 0148 A06183F5 		.ascii	"\240a\203\365\030\332JO\013\007\322\231c\350\337Mn\027"
 266      18DA4A4F 
 266      0B07D299 
 266      63E8DF4D 
 266      6E17
 267 015a 0E44D864 		.ascii	"\016D\330d\350\032\311lw\316\245\236\306\020\331\337"
 267      E81AC96C 
 267      77CEA59E 
 267      C610D9DF 
 268 016a 05E78792 		.ascii	"\005\347\207\222\226\012\375\201\200\301\275\261>\336"
ARM GAS  /tmp/ccQdWk4s.s 			page 21


 268      960AFD81 
 268      80C1BDB1 
 268      3EDE
 269 0178 541F3542 		.ascii	"T\0375B\221\206\037\015\225a#\2260\"\337\243F\"^\253"
 269      91861F0D 
 269      95612396 
 269      3022DFA3 
 269      46225EAB 
 270 018c D69A444B 		.ascii	"\326\232DK\240\226B\357\221\315\261xK\302\010W}++5*"
 270      A09642EF 
 270      91CDB178 
 270      4BC20857 
 270      7D2B2B35 
 271 01a1 2ABE18E1 		.ascii	"*\276\030\341\352p\325\327Pyk\311\363\371\232h\264."
 271      EA70D5D7 
 271      50796BC9 
 271      F3F99A68 
 271      B42E
 272 01b3 10A127A9 		.ascii	"\020\241'\251\006\255I"
 272      06AD49
 273              		.text
 274              		.section	.gnu.lto_.symbol_nodes.5f2defcd1a23c32,"e",%progbits
 275 0000 789C758F 		.ascii	"x\234u\217\313\015\0021\014Dg\354\015Y>= !:\240\001"
 275      CB0D0231 
 275      0C4467EC 
 275      0D593E3D 
 275      20213AA0 
 276 0015 28890A9C 		.ascii	"(\211\012\234\022\270r\247\012j@T\201\020\377\377\035"
 276      12B872A7 
 276      0A6A4054 
 276      8110FFFF 
 276      1D
 277 0026 1602EC25 		.ascii	"\026\002\354%\361\311zoF\226K\020c\002\220\015\015\241"
 277      F1C97A6F 
 277      46964B10 
 277      6302900D 
 277      0DA1
 278 0038 9A829325 		.ascii	"\232\202\223%`\300<\214\3606\220-\215\031\265\243IZ"
 278      60C03C8C 
 278      F036902D 
 278      8D19B5A3 
 278      495A
 279 004a B91B117A 		.ascii	"\271\033\021z\200\312\236\246\231\372\201Vd\352w2\326"
 279      80CA9EA6 
 279      99FA8156 
 279      64EA7732 
 279      D6
 280 005b 8F3497C9 		.ascii	"\2174\227\311<(1s\2425\322\031\236i\376\371\235\356"
 280      3C283173 
 280      A235D219 
 280      9E69FEF9 
 280      9DEE
 281 006d 47A3FA73 		.ascii	"G\243\372sX\231+\255L\233\013\255\2314\212V<\323W\351"
 281      58992BAD 
 281      4C9B0BAD 
 281      99348A56 
 281      3CD357E9 
ARM GAS  /tmp/ccQdWk4s.s 			page 22


 282 0081 C46D4695 		.ascii	"\304mF\225\366z1\035pEu5t\177\350k\350\177\020/syn["
 282      F67A311D 
 282      70457535 
 282      747FE86B 
 282      E87F102F 
 283              		.text
 284              		.section	.gnu.lto_.refs.5f2defcd1a23c32,"e",%progbits
 285 0000 789CE360 		.ascii	"x\234\343``d\020````dbbfgdebcgdg\342`g\000\000\003\372"
 285      60641060 
 285      60606064 
 285      62626667 
 285      64656263 
 286 001e 0057     		.ascii	"\000W"
 287              		.text
 288              		.section	.gnu.lto_.decls.5f2defcd1a23c32,"e",%progbits
 289 0000 789CB558 		.ascii	"x\234\265XyPTG\032\177\375z\006\206a\006\014\211I\252"
 289      79505447 
 289      1A7FFD7A 
 289      06866106 
 289      0C8949AA 
 290 0014 FC47B326 		.ascii	"\374G\263&\272\251\215xm\231Tm\245\242c\312\270\033"
 290      BAA98D78 
 290      6D99546D 
 290      A5A263CA 
 290      B81B
 291 0026 7380D9DD 		.ascii	"s\200\331\335lvk\212\220I\240\026\301\2021\233\374\263"
 291      6C766B8A 
 291      9049A016 
 291      C182319B 
 291      FCB3
 292 0038 791C22A2 		.ascii	"y\034\"\242Q<P\002F\016AQ\001EP\220s\000A\344\220Cn"
 292      513C5002 
 292      460E4151 
 292      01455090 
 292      730041E4 
 293 004f E414A320 		.ascii	"\344\024\243 \3367\240\354\327\335o\230\236\207c%\177"
 293      DE37A0EC 
 293      D7DD6F98 
 293      9E876325 
 293      7F
 294 0060 EC331FD3 		.ascii	"\3543\037\323_\367\257\177\375\373\276\356\327\335/"
 294      5FF7AF7F 
 294      FDFBBEEE 
 294      D7DD2F
 295 006f 1A0109FF 		.ascii	"\032\001\011\377\234)\010\002\026\204[\242 L\302\243"
 295      9C290802 
 295      16845BA2 
 295      204CC2A3 
 296 007f 01B78955 		.ascii	"\001\267\211U\011e`\015`N\002{\264`-`\355`\335`=`}`"
 296      0965600D 
 296      604E027B 
 296      B4602D60 
 296      ED60DD60 
 297 0097 036057C1 		.ascii	"\003`W\301F\300n\202\215\311\375UH\020\234\301\264H"
 297      46C06E82 
 297      8DC9FD55 
 297      48109CC1 
ARM GAS  /tmp/ccQdWk4s.s 			page 23


 297      B448
 298 00a9 B07B0E23 		.ascii	"\260{\016#\326\356\007\346\012\345\013r\275(\363\217"
 298      D6EE07E6 
 298      0AE50B72 
 298      BD28F38F 
 299 00b9 08D39F63 		.ascii	"\010\323\237c\200#\332<\300^\222\265\315\003{\003\354"
 299      8023DA3C 
 299      C05E92B5 
 299      CD037B03 
 299      EC
 300 00ca 5368FB04 		.ascii	"Sh\373\004\354%02\324\237\021\343\":\275\321t\256<\250"
 300      EC253032 
 300      D49F11E3 
 300      223ABDD1 
 300      74AE3CA8 
 301 00de 7B411E9F 		.ascii	"{A\036\237\347s\2229\207\024\234k\301>\003\373+\330"
 301      E7739239 
 301      87149C6B 
 301      C13E03FB 
 301      2BD8
 302 00f0 DF081FD8 		.ascii	"\337\010\037\330\015\370\371\235\034\307j\370\375\023"
 302      0DF8F99D 
 302      1CC76AF8 
 302      FD13
 303 00fe 98014C2D 		.ascii	"\230\001L-\347\346s\304\362@\362\361\205\254K\245\320"
 303      E7E673C4 
 303      F240F2F1 
 303      85AC4BA5 
 303      D0
 304 010f 5208BE4A 		.ascii	"R\010\276J\326\241\214a\265\034\003\311\361\277\236"
 304      D6A18C61 
 304      B51C03C9 
 304      F1BF9E
 305 011e 1143A983 		.ascii	"\021C\251\203\030\206\2708\034\305@\346\364\274`\213"
 305      1886B838 
 305      1CC540E6 
 305      F4BC608B 
 306 012e 41E46220 		.ascii	"A\344b \372\373\024\372\215\262&g\205\216\012Y\203\243"
 306      FAFB14FA 
 306      8DB22667 
 306      858E0A59 
 306      83A3
 307 0140 F19573F3 		.ascii	"\361\225s\363[4\014(4\370\310\032\224k\251I\306\017"
 307      5B340C28 
 307      34F8C81A 
 307      946BA949 
 307      C60F
 308 0152 3D23663E 		.ascii	"=#f>\217We>\345\263\027\243\003'3\323\335\267a\364\206"
 308      8F57653E 
 308      E5B317A3 
 308      032733D3 
 308      DDB761F4 
 309 0167 164D4E62 		.ascii	"\026MNb\2508{\363z\013b\025\244\375\354/1\207\334\261"
 309      A8387BF3 
 309      7A0B6215 
 309      A4FDEC2F 
 309      3187DCB1 
ARM GAS  /tmp/ccQdWk4s.s 			page 24


 310 017b 48CB3D47 		.ascii	"H\313=G\245\001\027\317L\211=\232/\004T\204\260\215"
 310      A50117CF 
 310      4C893D9A 
 310      2F045484 
 310      B08D
 311 018d 6AFBC9EE 		.ascii	"j\373\311\356\011w\274\224B#+c\012\365\300\342\241E"
 311      0977BC94 
 311      42232B63 
 311      0AF5C0E2 
 311      A145
 312 019f 22B8C9AD 		.ascii	"\"\270\311\255\215a\204\364%-\232\001\256\324\235\036"
 312      8D6184F4 
 312      252D9A01 
 312      AED49D1E 
 313 01af EBA68D92 		.ascii	"\353\246\215\222\2440)&\\R\317\027\220\005\315B\245"
 313      A4302926 
 313      5C52CF17 
 313      9005CD42 
 313      A5
 314 01c0 6896804A 		.ascii	"h\226\200J\020\035\272\030y\242B\250+ ueH\013\235z\303"
 314      101DBA18 
 314      79A242A8 
 314      2B207565 
 314      480B9D7A 
 315 01d5 7E7EA463 		.ascii	"~~\244c\224*pw\327\344\236\3232\312\331\340\226U\354"
 315      942A7077 
 315      D7E49ED3 
 315      32CAD9E0 
 315      9655EC
 316 01e8 6C43AC95 		.ascii	"lC\254\225\200\333\216\245g\350\311\010\222\224\024"
 316      80DB8EA5 
 316      67E8C908 
 316      929414
 317 01f7 2EB97C40 		.ascii	".\271|@\352+\200\257\034\370\004T\211\264\002\362\234"
 317      EA2B80AF 
 317      1CF80454 
 317      89B402F2 
 317      9C
 318 0208 85CE8007 		.ascii	"\205\316\200\007\340\332\252+\361\230\365u\005\367\311"
 318      E0DAAA2B 
 318      F198F575 
 318      05F7C9
 319 0217 95F22C35 		.ascii	"\225\362,5c\356 \315\255\217\212\307t\370]\022\027\016"
 319      63EE20CD 
 319      AD8F8AC7 
 319      74F85D12 
 319      170E
 320 0229 8D1EEBC4 		.ascii	"\215\036\353\304H;\013\001\027\242\001H\007$\374\252"
 320      483B0B01 
 320      17A20148 
 320      0724FCAA 
 321 0239 8096CC42 		.ascii	"\200\226\314B\013Aj5\310?G\330k\000P\013\364?I\032Z"
 321      0B416A35 
 321      C83F47D8 
 321      6B00500B 
 321      F43F491A 
 322 024e F19304E8 		.ascii	"\361\223\004\350[?\3202p\336\335\366\320\327#\206\310"
ARM GAS  /tmp/ccQdWk4s.s 			page 25


 322      5B3FD032 
 322      70DEDDF6 
 322      D0D72386 
 322      C8
 323 025f 833FEF21 		.ascii	"\203?\357!R\215\316B\227*\252\257\016y0\2214\257QC\367"
 323      528DCE42 
 323      972AAAAF 
 323      0E793091 
 323      34AF5143 
 324 0274 8B5DB5F2 		.ascii	"\213]\265\362`\021\317\033\014\300]\033\353\232\324"
 324      6011CF1B 
 324      0CC05D1B 
 324      EB9AD4
 325 0283 3C73FD73 		.ascii	"<s\375s\230\363O\366\344\272\350\242\0113\313\322y\344"
 325      98F34FF6 
 325      E4BAE8A2 
 325      0933CBD2 
 325      79E4
 326 0295 C1A5A901 		.ascii	"\301\245\251\001\351\004\366C\246\260\247\277\324e\000"
 326      E904F643 
 326      A6B0A7BF 
 326      D46500
 327 02a4 F521B2A0 		.ascii	"\365!\262\240\020\332\202\221@\376\221?te\321_D\312"
 327      10DA8291 
 327      40FE913F 
 327      7465D15F 
 327      44CA
 328 02b6 C426AD0F 		.ascii	"\304&\255\017\"\217\214\023\344ei\255c?\326?\254N\224"
 328      228F8C13 
 328      E46569AD 
 328      633FD63F 
 328      AC4E94
 329 02c9 5944795D 		.ascii	"YDy]!\326\207\261S\227\243f\355Hn\267\222\260\016L\225"
 329      21D687B1 
 329      5397A366 
 329      ED486EB7 
 329      92B00E4C 
 330 02de ADA35C25 		.ascii	"\255\243\\%\312\303\361=\3204\3056Ba\212\324\372\240"
 330      CAC3F13D 
 330      D034C536 
 330      42618AD4 
 330      FAA0
 331 02f0 A905BFFF 		.ascii	"\251\005\277\377\311\217\211n\203\250?\024\222\335\237"
 331      C98F896E 
 331      83A83F14 
 331      92DD9F
 332 02ff 3DA113D0 		.ascii	"=\241\023\320\314\230\331\002]\377\233N\334\350S\343"
 332      CC98D902 
 332      5DFF9B4E 
 332      DCE853E3 
 333 030f 7FD0726C 		.ascii	"\177\320rl\312\231\026\227Wb\351\224\204K3D\344\367"
 333      CA991697 
 333      5762E994 
 333      844B3344 
 333      E4F7
 334 0321 F2D47A17 		.ascii	"\362\324z\027\320\005\364\212\2006\250\030cC\372\323"
 334      D005F48A 
ARM GAS  /tmp/ccQdWk4s.s 			page 26


 334      8036A818 
 334      6343FAD3 
 335 0331 E39AD792 		.ascii	"\343\232\327\222\244\376~\311\322\260oi\\]\244\324\010"
 335      A4FE7EC9 
 335      D2B06F69 
 335      5C5DA4D4 
 335      08
 336 0342 DDDEA330 		.ascii	"\335\336\2430\324\014\363\015/\006\025\001e\0015\241"
 336      D40CF30D 
 336      2F061501 
 336      650135A1 
 337 0352 41841AD1 		.ascii	"A\204\032\321\000\321\333\202^\003\202\323\035\343\021"
 337      00D1DB82 
 337      5E0382D3 
 337      1DE311
 338 0361 CE780BA2 		.ascii	"\316x\013\242\003W\347o]\311\217\013\357\0217p\033?"
 338      0357E76F 
 338      5DC98F0B 
 338      EF113770 
 338      1B3F
 339 0373 F0CEED0D 		.ascii	"\360\316\355\015\017\364\362\300O\367\275\234\034.\245"
 339      0FF4F2C0 
 339      4FF7BD9C 
 339      1C2EA5
 340 0382 43B7D904 		.ascii	"C\267\331\004\204Z\271a[\225\303\266\323a\3033\272\242"
 340      845AB961 
 340      5B95C3B6 
 340      D361C333 
 340      BAA2
 341 0394 D5388E0D 		.ascii	"\3258\216\015\233=\274\377\216N\005\023H\007\204\021"
 341      9B3DBCFF 
 341      8E4E0513 
 341      48078411 
 342 03a4 A0AEA4B0 		.ascii	"\240\256\244\260\370\210\312a\016\272\210\224N$ky\232"
 342      F888CA61 
 342      0EBA8894 
 342      4E246B79 
 342      9A
 343 03b5 587D744A 		.ascii	"X}tJ\313~]\274d\201\205/\211\004\205:8-\035J-\335T\313"
 343      CB7E5DBC 
 343      6481852F 
 343      8904853A 
 343      382D1D4A 
 344 03cd B9F1136E 		.ascii	"\271\361\023n8\215I\331UQp\033\313T#\363\247\230H2/"
 344      388D49D9 
 344      5551701B 
 344      CB5423F3 
 344      A7984832 
 345 03e2 724C1795 		.ascii	"rL\027\225L=\224ig\316\303D5\316fT\335\023u\325N2U\327"
 345      4C3D9469 
 345      67CEC344 
 345      35CE6654 
 345      DD1375D5 
 346 03fa 9B76A27A 		.ascii	"\233v\242z9\252^%U\037\245\312\270\327xB\217\213\030"
 346      39AA5E25 
 346      551FA5CA 
 346      B8D77842 
ARM GAS  /tmp/ccQdWk4s.s 			page 27


 346      8F8B18
 347 040d 55CAC6DD 		.ascii	"U\312\306\335\337\311L\275\031\366\271\356\347\250\372"
 347      DFC94CBD 
 347      19F6B9EE 
 347      E7A8FA
 348 041c 95540394 		.ascii	"\225T\003\224*\252s\304\242\302g\031U}\345\2058g\334"
 348      2AAA73C4 
 348      A2C26719 
 348      557DE585 
 348      3867DC
 349 042f 4E1D5C96 		.ascii	"N\035\\\226\332\236\343\202\\\330\346\264\211\356\027"
 349      DA9EE382 
 349      5CD8E6B4 
 349      89EE17
 350 043e E13133D0 		.ascii	"\34113\320\324~q\011\310\207\220\213\200.\003\340\027"
 350      D47E7109 
 350      C887908B 
 350      802E03E0 
 350      17
 351 044f 79732215 		.ascii	"ys\"\025ts\232A\213d\277\253\357\334\217\371\271\202"
 351      74739A41 
 351      8B64BFAB 
 351      EFDC8FF9 
 351      B982
 352 0461 7A6EB2AE 		.ascii	"zn\262\256\360\353\246\366^\376g\326P\262\344\251\012"
 352      F0EBA6F6 
 352      5EFE67D6 
 352      50B2E4A9 
 352      0A
 353 0472 15090674 		.ascii	"\025\011\006t\333B\031T\206r\225\206r{\353\315$w\334"
 353      DB421954 
 353      86729586 
 353      727BEBCD 
 353      2477DC
 354 0485 C342696B 		.ascii	"\303Bik:\236\252\"\\\022\254\375\342\245\031\341\221"
 354      3A9EAA22 
 354      5C12ACFD 
 354      E2A519E1 
 354      91
 355 0496 3F4AC988 		.ascii	"?J\311\210\255\374a\216kX>s\320\010\345\260\334J\215"
 355      ADFC618E 
 355      6B583E73 
 355      D008E5B0 
 355      DC4A8D
 356 04a9 C338939D 		.ascii	"\3038\223\235P\3757\312c0\277\241\221\335\317\266\241"
 356      50FD37CA 
 356      6330BFA1 
 356      91DDCFB6 
 356      A1
 357 04ba 8DD20D0D 		.ascii	"\215\322\015\015p5\247v\025\351\351\022\205*y\211V\345"
 357      7035A776 
 357      15E9E912 
 357      852A7989 
 357      56E5
 358 04cc 1C3F881C 		.ascii	"\034?\210\034.\321\033$\352\353\326%z\270\261\261I-"
 358      2ED11B24 
 358      EAEBD625 
ARM GAS  /tmp/ccQdWk4s.s 			page 28


 358      7AB8B1B1 
 358      492D
 359 04de 6B1D3F3F 		.ascii	"k\035??\2670W\212P\023\010\272\306\011\275f\025z\223"
 359      B730578A 
 359      501308BA 
 359      C609BD66 
 359      157A93
 360 04f1 0A7DDC99 		.ascii	"\012}\334\2318\246\307\227\231\320\314\260\361J\015"
 360      38A6C797 
 360      99D0CCB0 
 360      F14A0D
 361 0500 7EC09C3B 		.ascii	"~\300\234;\275\027\323\311\013\203n\323\036dZ\217\015"
 361      BD17D3C9 
 361      0B836ED3 
 361      1E645A8F 
 361      0D
 362 0511 6F71C213 		.ascii	"oq\302\023\2549\367\332\256\0045i\276K\262x\007Q\265"
 362      AC39F7DA 
 362      AE043569 
 362      BE4BB278 
 362      0751B5
 363 0524 C7432D87 		.ascii	"\307C-\207\3648\024SDy\367\345+\316\004q\237 \3561D"
 363      F4381453 
 363      4479F7E5 
 363      2BCE0471 
 363      9F20EE31 
 364 0539 56C6F871 		.ascii	"V\306\370q-\215\321\311\372\026\016\034\272\274\301"
 364      2D8DD1C9 
 364      FA160E1C 
 364      BABCC1
 365 0548 5AF390A1 		.ascii	"Z\363\220\241\3664\224\217\332M\266\023\277G<&Q?\262"
 365      F634948F 
 365      DA4DB613 
 365      BF473C26 
 365      513FB2
 366 055b 462D9524 		.ascii	"F-\225$\205\351 \352[IRR\274\264\"L\332*YrD\002B\267"
 366      85E920EA 
 366      5B495252 
 366      BCB4224C 
 366      DA2A5972 
 367 0573 AC71A307 		.ascii	"\254q\243\007\200&.\013}\214\206~\370\376\266\004-;"
 367      80262E0B 
 367      7D8C867E 
 367      F8FEB604 
 367      2D3B
 368 0585 60C95192 		.ascii	"`\311Q\222\270i\310\361\331<!\237\315\343\354<\313\253"
 368      B869C8F1 
 368      D93C219F 
 368      CDE3EC3C 
 368      CBAB
 369 0597 BA9A269F 		.ascii	"\272\232&\237\372zp+b,eN\354l\276J\232\007\263\363\303"
 369      FA7A702B 
 369      622C654E 
 369      EC6CBE4A 
 369      9A07B3F3 
 370 05ac 5C9507E9 		.ascii	"\\\225\007\351S {B\311&\311q7a=\356v\306\266\037\307"
 370      53207B42 
ARM GAS  /tmp/ccQdWk4s.s 			page 29


 370      C926C971 
 370      37613DEE 
 370      76C6B61F 
 371 05c1 CAB3D111 		.ascii	"\312\263\321\021\270ew\344u\2279\233q\"\274#\222\350"
 371      B86577E4 
 371      7597399B 
 371      7122BC23 
 371      92E8
 372 05d3 41AA420F 		.ascii	"A\252B\017\354\030t#w$\342$\327\337\335\243\305i\314"
 372      EC187423 
 372      7724E224 
 372      D7DFDDA3 
 372      C569CC
 373 05e6 697F5871 		.ascii	"i\177Xq]\377\372\001\251\321B\366\355\271\211\007\245"
 373      5DFFFA01 
 373      A9D142F6 
 373      EDB98907 
 373      A5
 374 05f7 A89850DA 		.ascii	"\250\230P\332\017\205\213\230lL\3348aP\023*\316\201"
 374      0F858B98 
 374      6C4CDC38 
 374      6150132A 
 374      CE81
 375 0609 5284F83A 		.ascii	"R\204\370:Y\370'\012\213\361\234,:\022\034\300tvG\317"
 375      59F8270A 
 375      8BF19C2C 
 375      3A121CC0 
 375      747647CF 
 376 061d DC54E302 		.ascii	"\334T\343\002F\236?\334\227\251\223\311G\336\014M\262"
 376      469E3FDC 
 376      97A993C9 
 376      47DE0C4D 
 376      B2
 377 062e 44CCA607 		.ascii	"D\314\246\0075a\206\335\205;\335#\241f#e\336D\231\257"
 377      356186DD 
 377      853BDD23 
 377      A1662365 
 377      DE4499AF 
 378 0642 258D668B 		.ascii	"%\215f\213s\252y\346\275\235\243}\032\334\302\230\367"
 378      73AA79E6 
 378      BD9DA37D 
 378      1ADCC298 
 378      F7
 379 0653 3FD81E3B 		.ascii	"?\330\036;\305\374\007{\346\001;\346\315P\023E\231\243"
 379      C5FC077B 
 379      E6013BE6 
 379      CD501345 
 379      99A3
 380 0665 29F3A5CA 		.ascii	")\363\245\312\033w\365\374\213F\336R\333$n\021\351\315"
 380      1B77F5FC 
 380      8B46DE52 
 380      DB246E11 
 380      E9CD
 381 0677 017EB8FB 		.ascii	"\001~\270\373\224\207|\237*\235\334S\252b\276\206\034"
 381      94877C9F 
 381      2A9DDC53 
 381      AA62BE86 
ARM GAS  /tmp/ccQdWk4s.s 			page 30


 381      1C
 382 0688 8F47CA26 		.ascii	"\217G\312&tlJ-\244\371TL^\244\334\334H\374\212\266\263"
 382      746C4A2D 
 382      A4F9544C 
 382      5EA4DCDC 
 382      48FC8AB6 
 383 069d B7547890 		.ascii	"\267Tx\220).\212|R\342\014\215\363\310uur\322\235\273"
 383      292E8A7C 
 383      52E20C8D 
 383      F3C87575 
 383      72D29DBB 
 384 06b1 B0CE6317 		.ascii	"\260\316c\027\326\303\251;R\234\360U\006?7QyVG\226Z"
 384      D6C3A93B 
 384      529CF055 
 384      063F3751 
 384      79564796 
 385 06c6 3893294C 		.ascii	"8\223)LiD\273D\332\205\\4w\212\263\320\016\221.\267"
 385      6944BB44 
 385      DA855C34 
 385      778AB3D0 
 385      0E912EB7 
 386 06da BABAF17A 		.ascii	"\272\272\361z5\276\315z\327&4\206\312\313\266\232\370"
 386      35BECD7A 
 386      D7263486 
 386      CACBB69A 
 386      F8
 387 06eb BB0B2A0A 		.ascii	"\273\013*\012]\361=\326x)z\260\302\011?f\2165\006\017"
 387      5DF13DD6 
 387      78297AB0 
 387      C2093F66 
 387      8E35060F 
 388 06ff 3986C4EE 		.ascii	"9\206\304\356\3735\010?a\215\025y\335\303\"k\\\310\335"
 388      FB35083F 
 388      618D1579 
 388      DDC3226B 
 388      5CC8DD
 389 0712 853DD85D 		.ascii	"\205=\330]8s\362J\202;\013_B\340\0277_|\017\207\251"
 389      3873F24A 
 389      823B0B5F 
 389      42E01737 
 389      5F7C0F87 
 390 0727 68CFB0D6 		.ascii	"h\317\260\326\214<7\006%\313\256\252\255\252F\343\360"
 390      8C3C3706 
 390      25CBAEAA 
 390      ADAA46E3 
 390      F0
 391 0738 C54912D9 		.ascii	"\305I\022\331\213\223\310\"\211\357?\232\254c\267\306"
 391      8B93C822 
 391      89EF3F9A 
 391      AC63B7C6 
 392 0748 5F177ACA 		.ascii	"_\027z\312\365}\222\213\355\355P\241dQ\213~\206\366"
 392      F57D928B 
 392      EDED50A1 
 392      64518B7E 
 392      86F6
 393 075a 7D22A14F 		.ascii	"}\"\241O\201w\200\216A\337\216\373\347:\016\273\362"
 393      8177808E 
ARM GAS  /tmp/ccQdWk4s.s 			page 31


 393      41DF8EFB 
 393      E73A0EBB 
 393      F2
 394 076b E0DDCF01 		.ascii	"\340\335\317\001g\035H\333\253\305\221,\246\313)\243"
 394      671D48DB 
 394      ABC5912C 
 394      A6CB29A3 
 395 077b 335948F3 		.ascii	"3YH\363\301;\370\2400\\\203\243Y\323\256\222\237\353"
 395      C13BF8A0 
 395      305C83A3 
 395      59D3AE92 
 395      9FEB
 396 078d 9DF136E6 		.ascii	"\235\3616\346X\357\367\036\354~\037\326\276\002\357"
 396      58EFF71E 
 396      EC7E1FD6 
 396      BE02EF
 397 079c 642DA53B 		.ascii	"d-\245;v\366 \274\2079\231\247\266&83\330\253d\"j\257"
 397      76F620BC 
 397      873999A7 
 397      B6263833 
 397      D8AB6422 
 398 07b2 CDC309AC 		.ascii	"\315\303\011\254\351iu\305<\234\314\312U\247\322\017"
 398      E96975C5 
 398      3C9CCCCA 
 398      55A7D20F 
 399 07c2 217C8839 		.ascii	"!|\2109w\342\253\256i\361Q\346$5"
 399      77E2ABAE 
 399      69F151E6 
 399      2435
 400 07d0 EFCBD7E0 		.ascii	"\357\313\327\340,\346\034|\264\347\240\016\3470\247"
 400      2CE61C7C 
 400      B4E7A00E 
 400      E730A7
 401 07df E5746B94 		.ascii	"\345tk\224+\316gNTvv\234+.bNAkm\212</\375\304o\312-"
 401      2BCE674E 
 401      5476769C 
 401      2B2E624E 
 401      416B6D8A 
 402 07fa DAAD91E7 		.ascii	"\332\255\221\347\320\011\374\350\346\272\207\010[\030"
 402      D009FCE8 
 402      E6BA8708 
 402      5B18
 403 0808 38AFB86B 		.ascii	"8\257\270k\273\233\303Y\313\223gm!\235\203\250\033i"
 403      BB9BC359 
 403      CB93676D 
 403      219D83A8 
 403      1B69
 404 081a 169D720E 		.ascii	"\026\235r\016\266AZ\177\244i\315'i\315\263\2465\263"
 404      B6415A7F 
 404      A469CD27 
 404      69CDB3A6 
 404      35B3
 405 082c E3F665AC 		.ascii	"\343\366e\254\234\003\007\340\231\233S\263O\273\240"
 405      9C0307E0 
 405      999B53B3 
 405      4FBBA0
 406 083b B9D39F17 		.ascii	"\271\323\237\027\347\246H\021\341\222\345f\034\316\312"
ARM GAS  /tmp/ccQdWk4s.s 			page 32


 406      E7A64811 
 406      E192E566 
 406      1CCECA
 407 084a 1E6A0A95 		.ascii	"\036j\012\225R\027R\242\030X$\365\342\213\234\324\355"
 407      521752A2 
 407      185824F5 
 407      E28B9CD4 
 407      ED
 408 085b 94B68294 		.ascii	"\224\266\202\224Y\227\232\037\340\300\217p\242\360\354"
 408      59979A1F 
 408      E0C08F70 
 408      A2F0EC
 409 086a 6970A662 		.ascii	"ip\246b\021C\207J\226\301(\034J\341\007`W\334/\303m"
 409      1143874A 
 409      96C1281C 
 409      4AE10760 
 409      57DC2FC3 
 410 087f 4B2641C9 		.ascii	"K&A\311\336\034\205m\364\007\247\321\247)\361w85\031"
 410      DE1C856D 
 410      F407A7D1 
 410      A729F177 
 410      383519
 411 0892 D3E04795 		.ascii	"\323\340G\225\360r\016~b\032\334S\201\036\373\257\015"
 411      F0720E7E 
 411      621ADC53 
 411      811EFBAF 
 411      0D
 412 08a3 9DF36CF4 		.ascii	"\235\363l\364\242)p\027\257<u\032:AT\300\2439x\3344"
 412      A2297017 
 412      AF3C751A 
 412      3A4154C0 
 412      A33978DC 
 413 08b8 F81E259C 		.ascii	"\370\036%\234\023~l\032z\237\002=\302\2413\035d\305"
 413      137E6C1A 
 413      7A9F023D 
 413      C2A1331D 
 413      64C5
 414 08ca 364763D1 		.ascii	"6Gc\321\362\034\235\2069:%\303mKj\253\202|\220W\276"
 414      F21C9D86 
 414      393A25C3 
 414      6D4B6AAB 
 414      827C9057 
 415 08df D781723E 		.ascii	"\327\201r>\213\234\230#\323\340\351\012\366\032>\215"
 415      8B9C9823 
 415      D3E0E90A 
 415      F61A3E8D 
 416 08ef 871C2C00 		.ascii	"\207\034,\000\033\274\231#?\356`5\362\363\317\263\037"
 416      1BBC9923 
 416      3FEE6035 
 416      F2F3CFB3 
 416      1F
 417 0900 762086C3 		.ascii	"v \206\303\217\360\261\306:x9\270\274\363\364\361\323"
 417      8FF0B1C6 
 417      3A7839B8 
 417      BCF3F4F1 
 417      D3
 418 0911 E03FD9E8 		.ascii	"\340?\331\350w\310/\260D.N'!\327\271\264\215\340\311"
ARM GAS  /tmp/ccQdWk4s.s 			page 33


 418      77C82FB0 
 418      442E4E27 
 418      21D7B9B4 
 418      8DE0C9
 419 0924 0E6D11E7 		.ascii	"\016m\021\347\242R\260B\260s`\025`\347\301\316\200\225"
 419      A252B042 
 419      B0736015 
 419      60E7C1CE 
 419      8095
 420 0936 809D05AB 		.ascii	"\200\235\005\253\001\253\006+\006+\003+\002\253\003"
 420      01AB062B 
 420      062B032B 
 420      02AB03
 421 0945 2B07AB02 		.ascii	"+\007\253\002\253\005+\000\253\024\347\222[\231<y\\"
 421      AB052B00 
 421      AB14E792 
 421      5B993C79 
 421      5C
 422 0956 BEB21CAC 		.ascii	"\276\262\034\254#*\220\374\237\237\272\266t7\014w\\"
 422      232A90FC 
 422      9F9FBAB6 
 422      74370C77 
 422      5C
 423 0967 7A2CB6E4 		.ascii	"z,\266\344\347\350_|\246l\324 \023\375\237\224\223/"
 423      E7E85F7C 
 423      A66CD420 
 423      13FD9F94 
 423      932F
 424 0979 DCCABC6A 		.ascii	"\334\312\274jW\376\346\321h\247\273\211\335<\232\350"
 424      57FEE6D1 
 424      68A7BB89 
 424      DD3C9AE8 
 425 0989 CDE371E2 		.ascii	"\315\343q\342\221\011=\216a\262G\013\267^s\205\333\253"
 425      91093D8E 
 425      61B2470B 
 425      B75E7385 
 425      DBAB
 426 099b 05BE556A 		.ascii	"\005\276Uj\213g\037\253\240\337\326I\037\320/a\324,"
 426      8B671FAB 
 426      A0DFD649 
 426      1FD02F61 
 426      D42C
 427 09ad 72DFD6A2 		.ascii	"r\337\326\242\342k\345\202Hn\261\233+\3574\330}\\<\266"
 427      E26BE582 
 427      486EB19B 
 427      2BEF34D8 
 427      7D5C3CB6 
 428 09c1 BBF3B4B0 		.ascii	"\273\363\264\260\221[\350\310\347\333\307\0325\326k"
 428      915BE8C8 
 428      E7DBC71A 
 428      35D66B
 429 09d0 75C473AE 		.ascii	"u\304s\256\325\250U|\005\360i\017\322$7\236\373\206"
 429      D5A8557C 
 429      05F0690F 
 429      D224379E 
 429      FB86
 430 09e2 1D771BE3 		.ascii	"\035w\033\343n\243\334\305\303C\215vXr\315\264a\333"
ARM GAS  /tmp/ccQdWk4s.s 			page 34


 430      6EA3DCC5 
 430      C3438D76 
 430      5872CDB4 
 430      61DB
 431 09f4 19B69DE9 		.ascii	"\031\266\235\351\230\250\316v\302\007X\006\372\312\316"
 431      98A8CE76 
 431      C2075806 
 431      FACACE
 432 0a03 14B8CB19 		.ascii	"\024\270\313\031\250\252\306\031\271\222\264Q\222\312"
 432      A8AAC619 
 432      B992B451 
 432      92CA
 433 0a11 55F473AD 		.ascii	"U\364s\255\203K@\2072\001\2354\001\3119\367\342\365"
 433      834B4087 
 433      32019D34 
 433      01C939F7 
 433      E2F5
 434 0a23 B88091DD 		.ascii	"\270\200\221\335\334V\360P+\223\335\311\307\354\323"
 434      DC56F050 
 434      2B93DDC9 
 434      C7ECD3
 435 0a32 2F997D10 		.ascii	"/\231}\020wq\\]J\256n\312\325=y:I\217\353\031W\314\245"
 435      77715C5D 
 435      4AAE6ECA 
 435      D53D793A 
 435      498FEB19 
 436 0a49 BD69D8CA 		.ascii	"\275i\330\312U`\343\242\337\351\034\327E%W\017\345*"
 436      5560E3A2 
 436      DFE91CD7 
 436      4525570F 
 436      E52A
 437 0a5b 1D4E8D57 		.ascii	"\035N\215W\341>\30656q\177\314\311\312Ud\257\253\227"
 437      E13EC635 
 437      36717FCC 
 437      C9CA5564 
 437      AFAB97
 438 0a6e E3EA5572 		.ascii	"\343\352Ur\365Q\256S{c\337\305\267\030U\301\211\204"
 438      F551AE53 
 438      7B63DFC5 
 438      B71855C1 
 438      8984
 439 0a80 718D4CD5 		.ascii	"q\215L\325V\202OO\345\213~\251s\\\375J\256\001\3615"
 439      56824F4F 
 439      E58B7EA9 
 439      735CFD4A 
 439      AE01F135 
 440 0a94 61FE8205 		.ascii	"a\376\202\005\236\360\337\277M\301\201\246\000O\203"
 440      9EF0DFBF 
 440      4DC181A6 
 440      004F83
 441 0aa3 9FFF97FE 		.ascii	"\237\377\227\376\037{{\006\205x\372\371\004x\206\004"
 441      1F7B7B06 
 441      8578FAF9 
 441      04788604 
 442 0ab3 FB925F63 		.ascii	"\373\222_c\210y\201\257f\325G\237\3156\274\363\216\340"
 442      887981AF 
 442      66D5479F 
ARM GAS  /tmp/ccQdWk4s.s 			page 35


 442      CD36BCF3 
 442      8EE0
 443 0ac5 12F27D88 		.ascii	"\022\362}\210\331\177\235\311hV\371\372\371\004\213"
 443      D97F9DC9 
 443      6856F9FA 
 443      F9048B
 444 0ad4 4B058D4F 		.ascii	"K\005\215O\360\272o\227\275\265N\320\372\006\005\233"
 444      F0BA6F97 
 444      BDB54ED0 
 444      FA06059B 
 445 0ae4 4DDFBDB5 		.ascii	"M\337\275\265n\211\340\024b^\035\350o\376\375\257\245"
 445      6E89E014 
 445      625E1DE8 
 445      6FFEFDAF 
 445      A5
 446 0af5 177421E6 		.ascii	"\027t!\346U&\263!hC\240\331\024\014\216\267\331'\330"
 446      5526B321 
 446      6843A0D9 
 446      140C8EB7 
 446      D927D8
 447 0b08 BC3C00A8 		.ascii	"\274<\000\250]\211\023\264\236\226\265P6\231\255\305"
 447      5D8913B4 
 447      9E96B550 
 447      3699ADC5 
 448 0b18 5572D11D 		.ascii	"Ur\321\035\006\013\241\245\345\276f\377oMj\343\212\240"
 448      060BA1A5 
 448      E5BE66FF 
 448      6F4D6AE3 
 448      8AA0
 449 0b2a A000E867 		.ascii	"\240\000\350g\014\010\370\312\350\017:\014\317\323\261"
 449      0C08F8CA 
 449      E80F3A0C 
 449      CFD3B1
 450 0b39 1E548778 		.ascii	"\036T\207xz\257]\263d\261\347\207\037\256\364\364\376"
 450      7AAF5DB3 
 450      64B1E787 
 450      1FAEF4F4 
 450      FE
 451 0b4a DC7BED6A 		.ascii	"\334{\355j\303_\276]$\253#,\013\374\004\027_?\357\357"
 451      C35FBE5D 
 451      24AB232C 
 451      0BFC0417 
 451      5F3FEFEF 
 452 0b5e 433EF009 		.ascii	"C>\360\0110\277\345\210-\330\354\351\037\350\033\260"
 452      30BFE588 
 452      2DD8ECE9 
 452      1FE81BB0 
 453 0b6e E12B93A7 		.ascii	"\341+\223\247\257\237\311'8\340{\3507\303h\374r\203"
 453      AF9FC927 
 453      38E07BE8 
 453      37C368FC 
 453      7283
 454 0b80 7F80D93F 		.ascii	"\177\200\331?\320h\372n\275\311\327\254\366\015\012"
 454      D068FA6E 
 454      BDC9D7AC 
 454      F60D0A
 455 0b8f 0C31AB02 		.ascii	"\0141\253\002L>_;\007\006\231\375\202\203\376\243\347"
ARM GAS  /tmp/ccQdWk4s.s 			page 36


 455      4C3E5F3B 
 455      070699FD 
 455      8283FEA3 
 455      E7
 456 0ba0 0316F446 		.ascii	"\003\026\364F\343\327\033\002}\215\306\005\313\226-"
 456      E3D71B02 
 456      7D8DC605 
 456      CB962D
 457 0baf 7B5B63F5 		.ascii	"{[c\365\\m\301\333A\336\376\243\253-\027\366-\357\250"
 457      5C6DC1DB 
 457      41DEFEA3 
 457      AB2D17F6 
 457      2DEFA8
 458 0bc2 0D86355E 		.ascii	"\015\2065^K4\033\374\003\315K\026\033\315\342\307^\252"
 458      4B341BFC 
 458      03CD4B16 
 458      1BCDE2C7 
 458      5EAA
 459 0bd4 956B967B 		.ascii	"\225k\226{\341\225\006/\325\212\225k\275\260\301\340"
 459      E195062F 
 459      D58A956B 
 459      BDB0C1E0 
 460 0be4 85BDC096 		.ascii	"\205\275\300\226{y\341O\274\015\330\360\321Z\225\301"
 460      7B79E14F 
 460      BC0DD8F0 
 460      D15A95C1 
 461 0bf4 F0BE17ED 		.ascii	"\360\276\027\355\270\230\376]\204\337_\345%zC\317\325"
 461      B898FE5D 
 461      84DF5FE5 
 461      257A43CF 
 461      D5
 462 0c05 EF7BA9BC 		.ascii	"\357{\251\274\327\000\332\340\265\030l\021 \377\356"
 462      D700DAE0 
 462      B5186C11 
 462      20FFEE
 463 0c14 F5EE6FC9 		.ascii	"\365\356o\311\355\332\325k \257!\346uD\215\377:H\217"
 463      EDDAD56B 
 463      20AF21E6 
 463      75448DFF 
 463      3A488F
 464 0c27 EB946334 		.ascii	"\353\224c4{\310S\366\215\311l\364eK\341e\353,\206\030"
 464      7BC853F6 
 464      8DC96CF4 
 464      654BE165 
 464      EB2C8618 
 465 0c3b 7D487C46 		.ascii	"}H|F\037:\305Vd\010\311\032kya\252*h=\253\231a\2551"
 465      1F3AC556 
 465      6408C91A 
 465      6B7961AA 
 465      2A683DAB 
 466 0c53 99ED2BBE 		.ascii	"\231\355+\276\261V\374\017\266\325Wv"
 466      B156FC0F 
 466      B6D55776 
 467              		.text
 468              		.section	.gnu.lto_.symtab.5f2defcd1a23c32,"e",%progbits
 469 0000 7374496E 		.ascii	"stInit\000"
 469      697400
ARM GAS  /tmp/ccQdWk4s.s 			page 37


 470 0007 00       		.ascii	"\000"
 471 0008 00       		.ascii	"\000"
 472 0009 00       		.ascii	"\000"
 473 000a 00000000 		.ascii	"\000\000\000\000\000\000\000\000"
 473      00000000 
 474 0012 D4000000 		.ascii	"\324\000\000\000"
 475 0016 73744765 		.ascii	"stGetCounter\000"
 475      74436F75 
 475      6E746572 
 475      00
 476 0023 00       		.ascii	"\000"
 477 0024 00       		.ascii	"\000"
 478 0025 00       		.ascii	"\000"
 479 0026 00000000 		.ascii	"\000\000\000\000\000\000\000\000"
 479      00000000 
 480 002e D7000000 		.ascii	"\327\000\000\000"
 481 0032 73745374 		.ascii	"stStartAlarm\000"
 481      61727441 
 481      6C61726D 
 481      00
 482 003f 00       		.ascii	"\000"
 483 0040 00       		.ascii	"\000"
 484 0041 00       		.ascii	"\000"
 485 0042 00000000 		.ascii	"\000\000\000\000\000\000\000\000"
 485      00000000 
 486 004a DB000000 		.ascii	"\333\000\000\000"
 487 004e 73745374 		.ascii	"stStopAlarm\000"
 487      6F70416C 
 487      61726D00 
 488 005a 00       		.ascii	"\000"
 489 005b 00       		.ascii	"\000"
 490 005c 00       		.ascii	"\000"
 491 005d 00000000 		.ascii	"\000\000\000\000\000\000\000\000"
 491      00000000 
 492 0065 DD000000 		.ascii	"\335\000\000\000"
 493 0069 73745365 		.ascii	"stSetAlarm\000"
 493      74416C61 
 493      726D00
 494 0074 00       		.ascii	"\000"
 495 0075 00       		.ascii	"\000"
 496 0076 00       		.ascii	"\000"
 497 0077 00000000 		.ascii	"\000\000\000\000\000\000\000\000"
 497      00000000 
 498 007f DF000000 		.ascii	"\337\000\000\000"
 499 0083 73744765 		.ascii	"stGetAlarm\000"
 499      74416C61 
 499      726D00
 500 008e 00       		.ascii	"\000"
 501 008f 00       		.ascii	"\000"
 502 0090 00       		.ascii	"\000"
 503 0091 00000000 		.ascii	"\000\000\000\000\000\000\000\000"
 503      00000000 
 504 0099 E1000000 		.ascii	"\341\000\000\000"
 505 009d 73744973 		.ascii	"stIsAlarmActive\000"
 505      416C6172 
 505      6D416374 
 505      69766500 
ARM GAS  /tmp/ccQdWk4s.s 			page 38


 506 00ad 00       		.ascii	"\000"
 507 00ae 00       		.ascii	"\000"
 508 00af 00       		.ascii	"\000"
 509 00b0 00000000 		.ascii	"\000\000\000\000\000\000\000\000"
 509      00000000 
 510 00b8 E8000000 		.ascii	"\350\000\000\000"
 511 00bc 73745F6C 		.ascii	"st_lld_init\000"
 511      6C645F69 
 511      6E697400 
 512 00c8 00       		.ascii	"\000"
 513 00c9 02       		.ascii	"\002"
 514 00ca 00       		.ascii	"\000"
 515 00cb 00000000 		.ascii	"\000\000\000\000\000\000\000\000"
 515      00000000 
 516 00d3 EA000000 		.ascii	"\352\000\000\000"
 517 00d7 63685379 		.ascii	"chSysHalt\000"
 517      7348616C 
 517      7400
 518 00e1 00       		.ascii	"\000"
 519 00e2 02       		.ascii	"\002"
 520 00e3 00       		.ascii	"\000"
 521 00e4 00000000 		.ascii	"\000\000\000\000\000\000\000\000"
 521      00000000 
 522 00ec EF000000 		.ascii	"\357\000\000\000"
 523              		.text
 524              		.section	.gnu.lto_.opts,"e",%progbits
 525 0000 272D666E 		.ascii	"'-fno-openmp' '-fno-openacc' '-fno-pie' '-mcpu=cort"
 525      6F2D6F70 
 525      656E6D70 
 525      2720272D 
 525      666E6F2D 
 526 0033 65782D6D 		.ascii	"ex-m3' '-mthumb' '-mfloat-abi=soft' '-march=armv7-m"
 526      33272027 
 526      2D6D7468 
 526      756D6227 
 526      20272D6D 
 527 0066 2720272D 		.ascii	"' '-O2' '-fstack-usage' '-ffunction-sections' '-fda"
 527      4F322720 
 527      272D6673 
 527      7461636B 
 527      2D757361 
 528 0099 74612D73 		.ascii	"ta-sections' '-fno-common' '-flto' '-fshort-enums'\000"
 528      65637469 
 528      6F6E7327 
 528      20272D66 
 528      6E6F2D63 
 529              		.text
 530              		.comm	__gnu_lto_v1,1,1
 531              		.comm	__gnu_lto_slim,1,1
 532              		.ident	"GCC: (GNU Arm Embedded Toolchain 9-2020-q2-update) 9.3.1 20200408 (release)"
ARM GAS  /tmp/ccQdWk4s.s 			page 39


DEFINED SYMBOLS
                            *ABS*:0000000000000000 hal_st.c
                            *COM*:0000000000000001 __gnu_lto_v1
                            *COM*:0000000000000001 __gnu_lto_slim

NO UNDEFINED SYMBOLS
