ARM GAS  /tmp/ccs04XMa.s 			page 1


   1              		.cpu cortex-m3
   2              		.eabi_attribute 20, 1
   3              		.eabi_attribute 21, 1
   4              		.eabi_attribute 23, 3
   5              		.eabi_attribute 24, 1
   6              		.eabi_attribute 25, 1
   7              		.eabi_attribute 26, 1
   8              		.eabi_attribute 30, 2
   9              		.eabi_attribute 34, 1
  10              		.eabi_attribute 18, 4
  11              		.file	"helloworld.c"
  12              		.section	.gnu.lto_.profile.1add8f863425118e,"e",%progbits
  13 0000 789CE360 		.ascii	"x\234\343``\004B \000\000\000]\000\013"
  13      60044220 
  13      0000005D 
  13      000B
  14              		.text
  15              		.section	.gnu.lto_.icf.1add8f863425118e,"e",%progbits
  16 0000 789CE360 		.ascii	"x\234\343``d\340`@\000F\206\227;\327\037dc\000\000\017"
  16      6064E060 
  16      40004686 
  16      973BD71F 
  16      64630000 
  17 0015 B4032B   		.ascii	"\264\003+"
  18              		.text
  19              		.section	.gnu.lto_.jmpfuncs.1add8f863425118e,"e",%progbits
  20 0000 789CE360 		.ascii	"x\234\343``d\340g@\000F\006&FF\306\372\371\314\014\014"
  20      6064E067 
  20      40004606 
  20      264646C6 
  20      FAF9CC0C 
  21 0015 F3991919 		.ascii	"\363\231\031\031\000\017\036\001\343"
  21      000F1E01 
  21      E3
  22              		.text
  23              		.section	.gnu.lto_.inline.1add8f863425118e,"e",%progbits
  24 0000 789CE360 		.ascii	"x\234\343``d0a@\000F\006\006\366\006 `NgedP\000\362"
  24      60643061 
  24      40004606 
  24      06F60620 
  24      604E6765 
  25 0018 9819181A 		.ascii	"\230\031\030\032\201\374:\006\0066\2208S\012\023\003"
  25      81FC3A06 
  25      06369038 
  25      530A1303 
  26 0028 13030790 		.ascii	"\023\003\007\220\365\200)\235\201\005\254\007\000%c"
  26      F580299D 
  26      8105AC07 
  26      002563
  27 0037 0A9E     		.ascii	"\012\236"
  28              		.text
  29              		.section	.gnu.lto_.pureconst.1add8f863425118e,"e",%progbits
  30 0000 789CE360 		.ascii	"x\234\343``d`a`\000\222\015,\000\001\236\000\223"
  30      60646061 
  30      6000920D 
  30      2C00019E 
  30      0093
ARM GAS  /tmp/ccs04XMa.s 			page 2


  31              		.text
  32              		.section	.gnu.lto_helloworldSrtUsefulness.1add8f863425118e,"e",%progbits
  33 0000 789C85D0 		.ascii	"x\234\205\320MHTQ\024\007\360\363\277\347\315G2QKA\006"
  33      4D485451 
  33      1407F0F3 
  33      BFE7CD47 
  33      32514B41 
  34 0015 5C08830B 		.ascii	"\\\010\203\013};!p\321\004\202\0337\266p=\244\24002"
  34      7D3B2170 
  34      D104821B 
  34      37B6703D 
  34      A4A03032 
  35 0029 830A2DBD 		.ascii	"\203\012-\2753\322SP\212\300\024\261q\250P\227j\024"
  35      33D25350 
  35      8AC014B1 
  35      71A85097 
  35      6A14
  36 003b 4836F52C 		.ascii	"H6\365,1j\351Bf!\263\260\225\222-ta\011\215\2353o@\302"
  36      316AE942 
  36      6621B3B0 
  36      95922D74 
  36      61098D9D 
  37 0053 4517DEE5 		.ascii	"E\027\336\345\234\373\316\357\334\217(\201\376\200\350"
  37      9CFBCEEF 
  37      DC8F2881 
  37      FE80E8
  38 0062 1E11C5E5 		.ascii	"\036\021\305\345\003\023\214\265\366n$\0275@-\262Q\320"
  38      03138CB5 
  38      F66E2417 
  38      35402DB2 
  38      51D0
  39 0074 B8C1389E 		.ascii	"\270\3018\236\360<\243\222/\374\212=\346\242\024:\222"
  39      F03CA392 
  39      2FFC8A3D 
  39      E6A2143A 
  39      92
  40 0085 CE7E7BF3 		.ascii	"\316~{\363\265AS\240Y\322\231\362\3675\264\256\212\263"
  40      B54153A0 
  40      59D299F2 
  40      F735B4AE 
  40      8AB3
  41 0097 FEFC6CF8 		.ascii	"\376\374l\370\213\367\250\273\310\206\026\244z\013M"
  41      8BF7A8BB 
  41      C88616A4 
  41      7A0B4D
  42 00a6 788726D2 		.ascii	"x\207&\322\201\367h\225\352\234W\235\004\337\001I\274"
  42      81F76895 
  42      EA9C579D 
  42      04DF0149 
  42      BC
  43 00b7 B4F77233 		.ascii	"\264\367r3\232X\2666o\375\203e\266-Ef\224\300\377PY"
  43      9A58B636 
  43      6FFD8365 
  43      B62D4566 
  43      94C0FF50 
  44 00cc 13FC0109 		.ascii	"\023\374\001\011\001Ow\317^\305\270\263\206/\3476\317"
  44      014F77CF 
ARM GAS  /tmp/ccs04XMa.s 			page 3


  44      5EC5B8B3 
  44      862FE736 
  44      CF
  45 00dd 6FD4F18F 		.ascii	"o\324\361\217\225\032v\360\361\032v\004\373H\220\222"
  45      951A76F0 
  45      F11A7604 
  45      FB489092 
  46 00ed C38DEAB3 		.ascii	"\303\215\352\263\233aG\217\246\007\332FX\236\202hm/"
  46      9B61478F 
  46      A607DA46 
  46      589E8268 
  46      6D2F
  47 00ff E4DBEAE5 		.ascii	"\344\333\352\345\244\365+\215/J\261\010\204\031\243"
  47      A4F52B8D 
  47      2F4AB108 
  47      8419A3
  48 010e 13EBE440 		.ascii	"\023\353\344@w\017iH4\315\244\027u`}\242\0316A\222\223"
  48      770F6948 
  48      34CDA417 
  48      75607DA2 
  48      19364192 
  49 0123 E418F98A 		.ascii	"\344\030\371\212w\262\261\016\355[`\024d\353cL\224\275"
  49      77B2B10E 
  49      ED5B6014 
  49      64EB634C 
  49      94BD
  50 0135 A348B062 		.ascii	"\243H\260bdQ\016\361z\177\353\023\342\213v\312\332\333"
  50      64510EF1 
  50      7A7FEB13 
  50      E28B76CA 
  50      DADB
  51 0147 0D54EBA6 		.ascii	"\015T\353\246\343\002\332\037\362K\325s\357\350V\240"
  51      E302DA1F 
  51      F24BD573 
  51      EFE856A0 
  52 0157 58A0A8D2 		.ascii	"X\240\250\322\333\323\035\247\256p\245l\240>\007\252"
  52      DBD31DA7 
  52      AE70A56C 
  52      A03E07AA 
  53 0167 ECFDE640 		.ascii	"\354\375\346@\205\376Kv\020\227\346\364\023\371\346"
  53      85FE4B76 
  53      1097E6F4 
  53      13F9E6
  54 0176 3AD13799 		.ascii	":\3217\231f\\]\217\250\303\035\314\014\017\270\331\241"
  54      665C5D8F 
  54      A8C31DCC 
  54      0C0FB8D9 
  54      A1
  55 0187 313779BF 		.ascii	"17y\277\313M\366\014\365f\332\222\331\354\250\233\322"
  55      CB4DF60C 
  55      F566DA92 
  55      D9ECA89B 
  55      D2
  56 0198 A97B209D 		.ascii	"\251{ \235\316\364eF\322\375\356\240\206\0175l\177@"
  56      CEF46546 
  56      D2FDEEA0 
  56      860F356C 
ARM GAS  /tmp/ccs04XMa.s 			page 4


  56      7F40
  57 01aa A67F2C9C 		.ascii	"\246\177,\234M\215\244\206G\377\002-\276\271\231"
  57      4D8DA486 
  57      47FF022D 
  57      BEB999
  58              		.text
  59              		.section	.gnu.lto_.symbol_nodes.1add8f863425118e,"e",%progbits
  60 0000 789CE360 		.ascii	"x\234\343``d\220e\000\002\246\233L\365\014\015@\300"
  60      60649065 
  60      0002A69B 
  60      4CF50C0D 
  60      40C0
  61 0012 C238E11C 		.ascii	"\3028\341\034\003C=\003\303\256\006G\240$\010\000\000"
  61      03433D03 
  61      C3AE0647 
  61      A0240800 
  61      00
  62 0023 7EF606E1 		.ascii	"~\366\006\341"
  63              		.text
  64              		.section	.gnu.lto_.refs.1add8f863425118e,"e",%progbits
  65 0000 789CE360 		.ascii	"x\234\343``\004B \000\000\000]\000\013"
  65      60044220 
  65      0000005D 
  65      000B
  66              		.text
  67              		.section	.gnu.lto_.decls.1add8f863425118e,"e",%progbits
  68 0000 789C9D51 		.ascii	"x\234\235QML\023Q\020\236o\267\306e\013B\010\246\007"
  68      4D4C1351 
  68      109E6FB7 
  68      C6650B42 
  68      08A607
  69 0013 2E0D17BD 		.ascii	".\015\027\275\324=\370\027n6\306\310\245\036$\304#i"
  69      D43DF817 
  69      6E36C6C8 
  69      A51E24C4 
  69      2369
  70 0025 E84A495A 		.ascii	"\350JIZ\333\264[\205\333Rb\343E\355A\242\036\012x\362"
  70      DBB45B85 
  70      DB5262E3 
  70      45ED41A2 
  70      1E0A78F2 
  71 0039 2012E34F 		.ascii	" \022\343O4\245R\252V\244\007\203Q.\376`!&\306\030\242"
  71      34A552AA 
  71      56A40783 
  71      512EFE60 
  71      2126C618 
  72 004e 074D4C0C 		.ascii	"\007ML\014\321y\373ZJ\302\3058\273\363\336\314\367f"
  72      D179FB5A 
  72      4AC2C538 
  72      BBF3DECC 
  72      F766
  73 0060 BE796F46 		.ascii	"\276yoF#\320u\205\350.\021\205Y\377\260\260K\257X\305"
  73      23D07585 
  73      E82E1185 
  73      59FFB0B0 
  73      4BAF58C5 
  74 0074 5E621D24 		.ascii	"^b\035$)`\255\320v\031\347\203\035\274\267\263v\260"
ARM GAS  /tmp/ccs04XMa.s 			page 5


  74      2960ADD0 
  74      7619E783 
  74      1DBCB7B3 
  74      76B0
  75 0086 06FE31EF 		.ascii	"\006\3761\357\252\212Bfcn\347%\025{t\210\312\255\014"
  75      AA8A4266 
  75      636EE725 
  75      157B7488 
  75      CAAD0C
  76 0099 2D7C5B7F 		.ascii	"-|[\177\003\011\211\210R\276\220\323U\305\261\337\225"
  76      03098988 
  76      52BE90D3 
  76      55C5B1DF 
  76      95
  77 00aa CF5FD68C 		.ascii	"\317_\326\214\333\266\024m\230P\200\332 \233\236\270"
  77      DBB6146D 
  77      985080DA 
  77      209B9EB8 
  78 00ba 35DAAAFA 		.ascii	"5\332\252\372\235\320\225t\356W3\263\264\353p\261{\245"
  78      9DD09574 
  78      EE5733B3 
  78      B4EB70B1 
  78      7BA5
  79 00cc 727F5167 		.ascii	"r\177Qg\267C\207\227\335\342\327\312MU\277`\333i{j\314"
  79      B7438797 
  79      DDE2D7CA 
  79      4D55BF60 
  79      DB697B6A 
  80 00e1 6EEA21CC 		.ascii	"n\352!\314\243\023Et\022\346\340\224~\014\003\263\214"
  80      A3134574 
  80      12E6E094 
  80      7E0C03B3 
  80      8C
  81 00f2 E5055682 		.ascii	"\345\005V\202\316I7>T\213M\253\370\010\321\027 \247"
  81      CE49373E 
  81      548B4DAB 
  81      F808D117 
  81      20A7
  82 0104 82C42716 		.ascii	"\202\304'\026\310gB\374\002\201l\244#\020R\213\223\233"
  82      C86742FC 
  82      02816CA4 
  82      2310528B 
  82      939B
  83 0116 089098DC 		.ascii	"\010\220\230\334\352\213\304\224\032\213R\357\236\314"
  83      EA8BC494 
  83      1A8B52EF 
  83      9ECC
  84 0124 91EC8EBB 		.ascii	"\221\354\216\273\205Z\236\243v^'\221\011\362V\215\304"
  84      855A9EA3 
  84      765E2791 
  84      09F2568D 
  84      C4
  85 0135 1AA4D4CA 		.ascii	"\032\244\324\312m\315\300\266\0337\010i\223\264.\330"
  85      6DCDC0B6 
  85      1B370869 
  85      93B42ED8 
  86 0145 ECF8C4C6 		.ascii	"\354\370\304\306\305\311]k\250\216\212y<\370\324B\330"
ARM GAS  /tmp/ccs04XMa.s 			page 6


  86      C5C95D6B 
  86      A88E8A79 
  86      3CF8D442 
  86      D8
  87 0156 9DF5921C 		.ascii	"\235\365\222\034\300\333{_\334j\310\261g\246\177\337"
  87      C0DB7B5F 
  87      DC6AC8B1 
  87      67A67FDF 
  88 0166 D15DFC20 		.ascii	"\321]\374 \0146#\345\022P\376\375\362#\011qsQ\206\003"
  88      0C3623E5 
  88      1250FEFD 
  88      F2230971 
  88      73518603 
  89 017a 66CAD9D9 		.ascii	"f\312\331\331\02694E4|y)\0159\2646v\037\316d3\232g\\"
  89      16393445 
  89      347C7929 
  89      0D39B436 
  89      761FCE64 
  90 0192 94CA8ED9 		.ascii	"\224\312\216\331m\012\002n\274\340\021-\360\210\010"
  90      6D0A026E 
  90      BCE0112D 
  90      F08808
  91 01a1 8BF0109E 		.ascii	"\213\360\020\2363\217s\261\237\331\327?\364\256)\373"
  91      338F73B1 
  91      9FD9D73F 
  91      F4AE29FB 
  92 01b1 7BD59EFF 		.ascii	"{\325\236\377<\271\367\332\313\214\275\304yG\2348<\343"
  92      3CB9F7DA 
  92      CB8CBDC4 
  92      79479C38 
  92      3CE3
  93 01c3 19F3809D 		.ascii	"\031\363\200\235\267\260Mx\2125\340\011V\305\263+\350"
  93      B7B04D78 
  93      8A35E009 
  93      56C5B32B 
  93      E8
  94 01d4 A2834638 		.ascii	"\242\203F8\0265\215\370\220e\370{\217\031\376\300\320"
  94      16358DF8 
  94      9065F87B 
  94      8F19FEC0 
  94      D0
  95 01e5 C998CF1F 		.ascii	"\311\230\317\037\217'\215\240Xz\314H$v*\226\210\204"
  95      8F278DA0 
  95      587ACC48 
  95      24762A96 
  95      8884
  96 01f7 8CB030CF 		.ascii	"\214\2600\317\011s\337\200v\374D\237\367hw7\271S\011"
  96      0973DF80 
  96      76FC449F 
  96      F7687737 
  96      B95309
  97 020a AB3F6446 		.ascii	"\253?dF\202#\375\226r\200\264`\"z\366\260/J\372@,a\231"
  97      8223FD96 
  97      7280B460 
  97      227AF6B0 
  97      2F4AFA40 
  98 0221 C3BEE87E 		.ascii	"\303\276\350~\3624\022{\023V_\322<\235\212\2341\223"
ARM GAS  /tmp/ccs04XMa.s 			page 7


  98      F234127B 
  98      13565FD2 
  98      3C9D8A9C 
  98      3193
  99 0233 C943FF55 		.ascii	"\311C\377U\231\376\002\270\210\340m"
  99      99FE02B8 
  99      88E06D
 100              		.text
 101              		.section	.gnu.lto_.symtab.1add8f863425118e,"e",%progbits
 102 0000 68656C6C 		.ascii	"helloworldSrtUsefulness\000"
 102      6F776F72 
 102      6C645372 
 102      74557365 
 102      66756C6E 
 103 0018 00       		.ascii	"\000"
 104 0019 00       		.ascii	"\000"
 105 001a 00       		.ascii	"\000"
 106 001b 00000000 		.ascii	"\000\000\000\000\000\000\000\000"
 106      00000000 
 107 0023 CA000000 		.ascii	"\312\000\000\000"
 108              		.text
 109              		.section	.gnu.lto_.opts,"e",%progbits
 110 0000 272D666E 		.ascii	"'-fno-openmp' '-fno-openacc' '-fno-pie' '-mcpu=cort"
 110      6F2D6F70 
 110      656E6D70 
 110      2720272D 
 110      666E6F2D 
 111 0033 65782D6D 		.ascii	"ex-m3' '-mthumb' '-mfloat-abi=soft' '-march=armv7-m"
 111      33272027 
 111      2D6D7468 
 111      756D6227 
 111      20272D6D 
 112 0066 2720272D 		.ascii	"' '-O2' '-fstack-usage' '-ffunction-sections' '-fda"
 112      4F322720 
 112      272D6673 
 112      7461636B 
 112      2D757361 
 113 0099 74612D73 		.ascii	"ta-sections' '-fno-common' '-flto' '-fshort-enums'\000"
 113      65637469 
 113      6F6E7327 
 113      20272D66 
 113      6E6F2D63 
 114              		.text
 115              		.comm	__gnu_lto_v1,1,1
 116              		.comm	__gnu_lto_slim,1,1
 117              		.ident	"GCC: (GNU Arm Embedded Toolchain 9-2020-q2-update) 9.3.1 20200408 (release)"
ARM GAS  /tmp/ccs04XMa.s 			page 8


DEFINED SYMBOLS
                            *ABS*:0000000000000000 helloworld.c
                            *COM*:0000000000000001 __gnu_lto_v1
                            *COM*:0000000000000001 __gnu_lto_slim

NO UNDEFINED SYMBOLS
