ARM GAS  /tmp/cckN4O32.s 			page 1


   1              		.cpu cortex-m3
   2              		.eabi_attribute 20, 1
   3              		.eabi_attribute 21, 1
   4              		.eabi_attribute 23, 3
   5              		.eabi_attribute 24, 1
   6              		.eabi_attribute 25, 1
   7              		.eabi_attribute 26, 1
   8              		.eabi_attribute 30, 2
   9              		.eabi_attribute 34, 1
  10              		.eabi_attribute 18, 4
  11              		.file	"nullstreams.c"
  12              		.section	.gnu.lto_.profile.6f0f987621bda018,"e",%progbits
  13 0000 789CE360 		.ascii	"x\234\343``\004B \000\000\000]\000\013"
  13      60044220 
  13      0000005D 
  13      000B
  14              		.text
  15              		.section	.gnu.lto_.icf.6f0f987621bda018,"e",%progbits
  16 0000 789CE360 		.ascii	"x\234\343``d\320a@\000v\206\343\323\337l\344g\374x\353"
  16      6064D061 
  16      40007686 
  16      E3D3DF6C 
  16      E467FC78 
  17 0015 76331FD3 		.ascii	"v3\037\323\212\033\233\372\231\231\337\354>p\211\207"
  17      8A1B9BFA 
  17      9999DFEC 
  17      3E708987 
  18 0025 05CC665D 		.ascii	"\005\314f]x\374\335_N\266%o7\035\341g\000\000\357\231"
  18      78FCDD5F 
  18      4EB6256F 
  18      371DE167 
  18      0000EF99 
  19 0039 15D2     		.ascii	"\025\322"
  20              		.text
  21              		.section	.gnu.lto_.jmpfuncs.6f0f987621bda018,"e",%progbits
  22 0000 789C4D8B 		.ascii	"x\234M\213\201\011\000 \014\303\332u\023\317\363#O\331"
  22      81090020 
  22      0CC3DA75 
  22      13CFF323 
  22      4FD9
  23 0012 AB4E1868 		.ascii	"\253N\030h!P\002\231 \026\336\006D\322\221B\301\235"
  23      21500299 
  23      2016DE06 
  23      44D29142 
  23      C19D
  24 0024 325E8336 		.ascii	"2^\2036*\314\354\011W\177\377eTRm\340\000~\307\0117"
  24      2ACCEC09 
  24      577FFF65 
  24      54526DE0 
  24      007EC709 
  25              		.text
  26              		.section	.gnu.lto_.inline.6f0f987621bda018,"e",%progbits
  27 0000 789C858B 		.ascii	"x\234\205\213\333\015\200@\010\004\0078\037u^\254\303"
  27      DB0D8040 
  27      08040738 
  27      1F755EAC 
  27      C3
ARM GAS  /tmp/cckN4O32.s 			page 2


  28 0011 68671661 		.ascii	"hg\026aA.g\242\237\354\017\3540\254\0307\177f\210C\361"
  28      412E67A2 
  28      9FEC0FEC 
  28      30AC1837 
  28      7F668843 
  29 0026 CD7038B5 		.ascii	"\315p8\265\356\242/\362D\350\243T\274V\242VZ\255L\264"
  29      EEA22FF2 
  29      44E8A354 
  29      BC56A256 
  29      5AAD4CB4 
  30 003a EC918A8D 		.ascii	"\354\221\212\215K\207E\363\372\024\036\201^->"
  30      4B8745F3 
  30      FA141E81 
  30      5E2D3E
  31              		.text
  32              		.section	.gnu.lto_.pureconst.6f0f987621bda018,"e",%progbits
  33 0000 789CE360 		.ascii	"x\234\343``d\020f```ch`al`aj`an`ai`a\235\305\002\000"
  33      60641066 
  33      60606063 
  33      6860616C 
  33      60616A60 
  34 001f 211C0364 		.ascii	"!\034\003d"
  35              		.text
  36              		.section	.gnu.lto_writes.6f0f987621bda018,"e",%progbits
  37 0000 789C65D0 		.ascii	"x\234e\320MK\002Q\024\006\340\363\336;\246E\365\007"
  37      4D4B0251 
  37      1406E0F3 
  37      DE3BA645 
  37      F507
  38 0012 24681188 		.ascii	"$h\021\210\033g\027\004EB\233v-\372\005\031\202\322"
  38      1B671704 
  38      45429B76 
  38      2DFA0519 
  38      82D2
  39 0024 64A2B5F6 		.ascii	"d\242\265\366j_\213\242Z\224\321\302,B\\\264\210\240"
  39      6A5F8BA2 
  39      5A94D1C2 
  39      2C425CB4 
  39      88A0
  40 0036 4DF6E154 		.ascii	"M\366\341T\213(\010\372\262vE\322&\210\326Ae\235\231"
  40      8B2808FA 
  40      B27645D2 
  40      2688D641 
  40      659D99
  41 0049 84088719 		.ascii	"\204\010\207\0318\357\360>\027\356q\021(\016\"?\021"
  41      38EFF03E 
  41      17EE7111 
  41      280E223F 
  41      11
  42 005a B5F00749 		.ascii	"\265\360\007I\020J)\2773\351\022\200=)\027(!\220\300"
  42      104A29BF 
  42      33E91280 
  42      3D291728 
  42      2190C0
  43 006d BC5C9678 		.ascii	"\274\\\226xHe\336\033\347d\226\213\032\307\305\363\235"
  43      4865DE1B 
  43      E764968B 
ARM GAS  /tmp/cckN4O32.s 			page 3


  43      1AC7C5F3 
  43      9D
  44 007e B3062B02 		.ascii	"\263\006+\002\255\034'\356Vw5o^\251\2242\227\013]\353"
  44      AD1C27EE 
  44      5677356F 
  44      5EA99432 
  44      970B5DEB 
  45 0092 E393BD59 		.ascii	"\343\223\275Y)h\205\333{p\243\0007Y\017\366\341\345"
  45      296885DB 
  45      7B70A300 
  45      37590FF6 
  45      E1E5
  46 00a4 F6CD4569 		.ascii	"\366\315Ei\301);@<\237_\245\213.O\316\226\317\033R\265"
  46      C1293B40 
  46      3C9F5FA5 
  46      8B2E4FCE 
  46      96CF1B52 
  47 00b9 65A5C401 		.ascii	"e\245\304\001\344?\312\377\030\037\302\303\340c\246"
  47      E43FCAFF 
  47      181FC2C3 
  47      E063A6
  48 00c8 94AE979D 		.ascii	"\224\256\227\2356\316]>\225\035U\374\231\263\261\206"
  48      36CE5D3E 
  48      951D55FC 
  48      99B3B186 
  49 00d8 620DD618 		.ascii	"b\015\326\030\2336\376R\213\351f\331m\343\227\307\323"
  49      9B36FE52 
  49      8BE966D9 
  49      6DE397C7 
  49      D3
  50 00e9 2954F16D 		.ascii	")T\361m\336\306\002G5X0>\206\207,R\336\256,5\325i\326"
  50      DEC60247 
  50      3558303E 
  50      86872C52 
  50      DEAE2C35 
  51 0100 BDACDB9C 		.ascii	"\275\254\333\234\240\216\367H\264u\3550U\345{Z\231\257"
  51      A08EF748 
  51      B475ED30 
  51      55E57B5A 
  51      99AF
  52 0112 79DC3B78 		.ascii	"y\334;x'\277bF\022oRiP&\321\254\024\277!\311\341\015"
  52      27BF6246 
  52      126F5269 
  52      5026D1AC 
  52      14BF21C9 
  53 0128 A9B5CD1B 		.ascii	"\251\265\315\033X'd\244u\004w\361\327%j\367\371t~\207"
  53      582764A4 
  53      750477F1 
  53      D7256AF7 
  53      F9747E87 
  54 013c 82B148D0 		.ascii	"\202\261H\320\320{B\341@\270\257_\037\211\353\241\001"
  54      D07B42E1 
  54      40B8AF5F 
  54      1F89EBA1 
  54      01
  55 014d 4337C201 		.ascii	"C7\302\001=>\032\013\016\014\307\365\310\230aTg\337"
  55      3D3E1A0B 
ARM GAS  /tmp/cckN4O32.s 			page 4


  55      0E0CC7F5 
  55      C8986154 
  55      67DF
  56 015f 20897054 		.ascii	" \211pT\004\242\210\374\000.\225\213,"
  56      04A288FC 
  56      002E958B 
  56      2C
  57              		.text
  58              		.section	.gnu.lto_reads.6f0f987621bda018,"e",%progbits
  59 0000 789C65D0 		.ascii	"x\234e\320M+Da\024\007\360\363\177\236;\346\022\276"
  59      4D2B4461 
  59      1407F0F3 
  59      7F9E3BE6 
  59      12BE
  60 0012 8094859A 		.ascii	"\200\224\205\232l\346\356\224\"\312\306\316\302'\230"
  60      6CE6EE94 
  60      22CAC6CE 
  60      C22798
  61 0021 D1D44CAE 		.ascii	"\321\324L\256!\303R\363\314\214\227\305hX0\262`H3\226"
  61      21C352F3 
  61      CC8C97C5 
  61      685830B2 
  61      60483396 
  62 0035 5236DE2F 		.ascii	"R6\336/\246dJy\211\205D\354l\314\306\202\344\345\334"
  62      A6644A79 
  62      898544EC 
  62      6CCCC682 
  62      E4E5DC
  63 0048 8BA479BA 		.ascii	"\213\244y\272O\235\377\355\374\356\355\034\235@\303"
  63      4F9DFFED 
  63      FCEEED1C 
  63      9D40C3
  64 0057 206A23A2 		.ascii	" j#\242Z\276\220\004\241\224js\307t\0018\225\322AQ\201"
  64      5ABE9004 
  64      A1946A73 
  64      C7740138 
  64      95D24151 
  65 006c 2826E5AC 		.ascii	"(&\345\254\304m|\376\2452%3\334\250q\234.\254\037W\330"
  65      C46D7CFE 
  65      A5322533 
  65      DCA8719C 
  65      2EAC1F57 
  66 0081 11A8E338 		.ascii	"\021\250\3438r\265\260\2415\254(\025W\326\354u\313R"
  66      72B5B0A1 
  66      35AC2815 
  66      57D6EC75 
  66      CB52
  67 0093 62B42323 		.ascii	"b\264##\005\315q\367\026j\260\211\032\262\017\266\321"
  67      05CD71F7 
  67      166AB089 
  67      1AB20FB6 
  67      D1
  68 00a4 C0DD1727 		.ascii	"\300\335\027'\227Sn\331\004\342\272p\226\336\323=YG"
  68      97536ED9 
  68      04E2BA70 
  68      96DED33D 
  68      5947
ARM GAS  /tmp/cckN4O32.s 			page 5


  69 00b6 DE2C4B55 		.ascii	"\336,KU\237\221\022;\220\377(\277c\274\013\017\203\267"
  69      9F91123B 
  69      90FF28BF 
  69      63BC0B0F 
  69      83B7
  70 00c8 E465BA5C 		.ascii	"\344e\272\\6;8{z\377\340\372\301\371\254\2035\354\225"
  70      363B387B 
  70      7AFFE0FA 
  70      C1F9AC83 
  70      35EC95
  71 00db 608DB1E5 		.ascii	"`\215\261\345\340w5\235\256\226\255\016~\274;\032\303"
  71      E077359D 
  71      AE96AD0E 
  71      7EBC3B1A 
  71      C3
  72 00ec EF9F730E 		.ascii	"\357\237s\016\026\330/\301\202\361\001<d\223\207\265"
  72      16D82FC1 
  72      82F1013C 
  72      649387B5 
  73 00fc 8F99AA32 		.ascii	"\217\231\2522\315\236\313\236\346\020e\274G\242\325"
  73      CD9ECB9E 
  73      E61065BC 
  73      47A2D5
  74 010b 7397A53E 		.ascii	"s\227\245>>\307\225\365\234\303\253\213ER\022\357Pi"
  74      3EC795F5 
  74      9CC3AB8B 
  74      455212EF 
  74      5069
  75 011d 5016D184 		.ascii	"P\026\321\204\024\337!\306\341\011\361\305\342\005l"
  75      14DF21C6 
  75      E109F1C5 
  75      E2056C
  76 012c CB1F4C25 		.ascii	"\313\037L%\212\267\272\275F\001B\376{KI\211?K\324\350"
  76      8AB7BABD 
  76      460142FE 
  76      7B4B4989 
  76      3F4BD4E8 
  77 0140 F51AFCF4 		.ascii	"\365\032\374\364\004\006\302\001\323h\017\206\374\241"
  77      0406C201 
  77      D3680F86 
  77      FCA1
  78 014e CE2EA32F 		.ascii	"\316.\243/b\004}\246a\206\374Fdp \340\353\215\030\341"
  78      62047DA6 
  78      6186FC46 
  78      647020E0 
  78      EB8D18E1 
  79 0162 21D3FCA9 		.ascii	"!\323\374\251\275\335$B\375\302\337\217\360\027v\357"
  79      BDDD2442 
  79      FDC2DF8F 
  79      F01776EF 
  80 0172 8F93     		.ascii	"\217\223"
  81              		.text
  82              		.section	.gnu.lto_put.6f0f987621bda018,"e",%progbits
  83 0000 789C5590 		.ascii	"x\234U\220\277KBQ\024\307\317\271\347\245\217\260\177"
  83      BF4B4251 
  83      14C7CFB9 
  83      E7A58FB0 
ARM GAS  /tmp/cckN4O32.s 			page 6


  83      7F
  84 0011 20091A02 		.ascii	" \011\032\002q\361\005A T\004A\2645\364\027h\010J/\013"
  84      71F10541 
  84      20540441 
  84      B435F417 
  84      68084A2F 
  85 0026 ADD9ABF6 		.ascii	"\255\331\253\366cP\254\241\022\241xEE\320\"ASV\276\302"
  85      6350ACA1 
  85      12A17845 
  85      45D02241 
  85      5356BEC2 
  86 003a A18C868A 		.ascii	"\241\214\206\212\206\026\207\250\265\266h\020\353\\"
  86      861687A8 
  86      B5B66810 
  86      EB5C
  87 0048 15A2CBBD 		.ascii	"\025\242\313\275\360\375^\276\237\3039G\007\204\021"
  87      F0FD5EBE 
  87      9FC33947 
  87      078411
  88 0057 04180680 		.ascii	"\004\030\006\200\036~H\200BJ9\352L\352\002\261\251\244"
  88      1E7E4880 
  88      424A39EA 
  88      4CEA02B1 
  88      A9A4
  89 0069 8E901098 		.ascii	"\216\220\020\230\3005\312\023\326R;\337\256\034Y\034"
  89      C035CA13 
  89      D6523BDF 
  89      AE1C591C 
  90 0079 D4D86E54 		.ascii	"\324\330nTOo;\225E\354e\233M\276\224\310{\304\234\264"
  90      4F6F3B95 
  90      45EC659B 
  90      4DBE94C8 
  90      7BC49CB4 
  91 008d F375FF5E 		.ascii	"\363u\377^zy\302\"\001\005N\227\320\215g\350\006u\360"
  91      7A79C222 
  91      01054E97 
  91      D08D67E8 
  91      0675F0
  92 00a0 1CBD9C7E 		.ascii	"\034\275\234~\272\177^w\222\037\201u\365a\253\254{\016"
  92      BA7F5E77 
  92      921F8175 
  92      F561ABAC 
  92      7B0E
  93 00b2 A54C49BB 		.ascii	"\245LI\273\262O\262\317\"\302\013\244\177(\3771|\211"
  93      B24FB2CF 
  93      22C20BA4 
  93      7F28FF31 
  93      7C89
  94 00c4 1E06B657 		.ascii	"\036\006\266W\216\337\211\206\232\360\335\327ME\264"
  94      8EDF8986 
  94      9AF0DDD7 
  94      4D45B4
  95 00d3 E1B72592 		.ascii	"\341\267%\222.\2134,\267\340\0017\3667Q\215Q\033=\240"
  95      2E8B342C 
  95      B7E00137 
  95      F637518D 
  95      511B3DA0 
ARM GAS  /tmp/cckN4O32.s 			page 7


  96 00e7 80D793C6 		.ascii	"\200\327\223\306f\227CS\215\251v\256\320\301\213\000"
  96      66974353 
  96      8DA976AE 
  96      D0C18B00 
  97 00f7 283E76D8 		.ascii	"(>v\330\262\361\263*\355\372\001\026\306\005@\206@\015"
  97      B2F1B32A 
  97      EDFA0116 
  97      C6054086 
  97      400D
  98 0109 A3A1B401 		.ascii	"\243\241\264\001\262$Z&\311\346\003S\273\305l\267b\271"
  98      B2245A26 
  98      C9E60353 
  98      BBC56CB7 
  98      62B9
  99 011b 602EFD59 		.ascii	"`.\375Y\323\325\036\004\002^\267\306\314\020\376\261"
  99      D3D51E04 
  99      025EB7C6 
  99      CC10FEB1 
 100 012b 00833E9F 		.ascii	"\000\203>\237\301w&\024\213\206Lc,\034\011F&\247\214"
 100      C1772614 
 100      8B864C63 
 100      2C1C0946 
 100      26A78C
 101 013e B9B8110E 		.ascii	"\271\270\021\016\230\206\031\011\032\361\205X(0\033"
 101      98861909 
 101      1AF18558 
 101      28301B
 102 014d 37A28BA6 		.ascii	"7\242\213\246\331\326\276i\020\221y\014\376\002\275"
 102      D9D6BE69 
 102      1091790C 
 102      FE02BD
 103 015c 997A37   		.ascii	"\231z7"
 104              		.text
 105              		.section	.gnu.lto_get.6f0f987621bda018,"e",%progbits
 106 0000 789C558F 		.ascii	"x\234U\217;KCA\020\205\347\354\\\223\253\250?\300 X"
 106      3B4B4341 
 106      1085E7EC 
 106      5C93ABA8 
 106      3FC02058 
 107 0014 08214DB6 		.ascii	"\010!M\266\023\304F\020l-\374\005\211\004r\361\032%"
 107      13C44610 
 107      6C2DFC05 
 107      890472F1 
 107      1A25
 108 0026 D13A9B34 		.ascii	"\321:\2334\026\011>@\015\202\032!\250\245\010\001\301"
 108      16093E40 
 108      0D821A21 
 108      A8A50801 
 108      C1
 109 0037 A8B9858D 		.ascii	"\250\271\205\215\001\301\007\0266\026\242\225`m\025"
 109      01C10716 
 109      3616A295 
 109      606D15
 110 0046 9D3582B8 		.ascii	"\2355\202\270\354\3029\313\371\0163.\201\034\020\215"
 110      ECC239CB 
 110      F90E332E 
 110      811C108D 
ARM GAS  /tmp/cckN4O32.s 			page 8


 111 0056 11D1A03C 		.ascii	"\021\321\240<0A\031c\306\303\005W\001?\312\270\240\274"
 111      30411963 
 111      C6C30557 
 111      013FCAB8 
 111      A0BC
 112 0068 421EAB5C 		.ascii	"B\036\253\\a<\027w?{W\270*AG\354F\253~\335c-0$\266\\"
 112      613C1777 
 112      3F7B57B8 
 112      2A4147EC 
 112      46AB7EDD 
 113 0082 786A70EC 		.ascii	"xjp\354H8\023TvB{\365[\323]eE\333\022o \2023D\310\036"
 113      48381354 
 113      76427BF5 
 113      5BD35D65 
 113      45DB126F 
 114 009c 9C2326F1 		.ascii	"\234#&\361\207\233\307\2650\217\202D\267\356\266\232"
 114      879BC7B5 
 114      308F8244 
 114      B7EEB69A 
 115 00ac 6EF4C098 		.ascii	"n\364\300\230\242\011\256jl\206\253\314\270\000\377"
 115      A209AE6A 
 115      6C86ABCC 
 115      B800FF
 116 00bb 43E54FE0 		.ascii	"C\345O\340KD\311\"/'\355\315\276\220c\333mg\023!Y\207"
 116      4B44C922 
 116      2F27EDCD 
 116      BE9063DB 
 116      6D671321 
 117 00d1 E8F8BE2B 		.ascii	"\350\370\276+0\355\257e\023\274\326p:\251\210JLv$\007"
 117      30EDAF65 
 117      13BCD670 
 117      3AA9884A 
 117      4C762407 
 118 00e5 26202AB3 		.ascii	"& *\263\352\230\202\230\017\024\367\337\313\003\226"
 118      EA988298 
 118      0F14F7DF 
 118      CB0396
 119 00f4 95C2C3B7 		.ascii	"\225\302\303\267\365J\277\335F\301A\320\231\265\304"
 119      F54ABFDD 
 119      46C141D0 
 119      99B5C4
 120 0103 F8638946 		.ascii	"\370c\211F\342q-w6\225\315\244|=\221\366\222\336\324"
 120      E2712D77 
 120      3695CDA4 
 120      7C3D91F6 
 120      92DED4
 121 0116 B49ECFE9 		.ascii	"\264\236\317\351t\302\327\276\227\324\271\305l*1\227"
 121      74C2D7BE 
 121      97D4B9C5 
 121      6C2A3197 
 122 0126 D39925DF 		.ascii	"\323\231%\337\377\325\361\031R\336\3027\376>h\253"
 122      FFD5F119 
 122      52DEC237 
 122      FE3E68AB 
 123              		.text
 124              		.section	.gnu.lto_unget.6f0f987621bda018,"e",%progbits
 125 0000 789C5590 		.ascii	"x\234U\220MKBQ\020\206g\316\334\364\026\372\003J\202"
ARM GAS  /tmp/cckN4O32.s 			page 9


 125      4D4B4251 
 125      108667CE 
 125      DCF416FA 
 125      034A82
 126 0013 1681B8F1 		.ascii	"\026\201\270\361\006A\020\024\005\375\200\026\375\002"
 126      06411014 
 126      05FD8016 
 126      FD02
 127 0021 0DC14B37 		.ascii	"\015\301K7\013\255\265G\213Zh\037\213J\202\312\"\"h"
 127      0BADB547 
 127      8B5A681F 
 127      8B4A82CA 
 127      222268
 128 0034 23822BAD 		.ascii	"#\202+\255\274E\2132\202>\027m\\\004mk\023\322\312\232"
 128      BC458B32 
 128      823E176D 
 128      5C046D6B 
 128      13D2CA9A 
 129 0048 A3427438 		.ascii	"\243Bt8\007\336\367\360>\303\314\350\2000\202\000\303"
 129      07DEF7F0 
 129      3EC3CCE8 
 129      80308200 
 129      C3
 130 0059 00D0CD0F 		.ascii	"\000\320\315\017\011PH)G\235\011] 6\224\324\021\342"
 130      09504829 
 130      479D095D 
 130      203694D4 
 130      11E2
 131 006b 02E3B846 		.ascii	"\002\343\270F\031\302jr\367\333\265JY\016jl7*\205\233"
 131      19C26A72 
 131      F7DBB54A 
 131      590E6A6C 
 131      372A859B 
 132 007f 0E65117B 		.ascii	"\016e\021{\330\246\023\257%\362\0353'\355L\321\261W"
 132      D8A613AF 
 132      25F21D33 
 132      27ED4CD1 
 132      B157
 133 0091 B897ED59 		.ascii	"\270\227\355Y\022\260\315\361\022z\260\210\036P\007"
 133      12B0CDF1 
 133      127AB088 
 133      1E5007
 134 00a0 4FD1C7F1 		.ascii	"O\321\307\361\247\273\227u'\015\"\260\256<l\225u\357"
 134      A7BB9775 
 134      270D22B0 
 134      AE3C6C95 
 134      75EF
 135 00b2 91944969 		.ascii	"\221\224Ii?\037\222\354\315\022\341\031\322?\224\377"
 135      3F1F92EC 
 135      CD12E119 
 135      D23F94FF 
 136 00c2 183E472F 		.ascii	"\030>G/\003;K'\357DC\015\370\266v}%Z\360\327\"IW\226"
 136      033B4B27 
 136      EF44430D 
 136      F8B6767D 
 136      255AF0D7 
 137 00da 342C37E1 		.ascii	"4,7\341~\017\3665P\215Q\033\275\240\200\267|}\323\355"
ARM GAS  /tmp/cckN4O32.s 			page 10


 137      7E0FF635 
 137      508D511B 
 137      BDA080B7 
 137      7C7DD3ED 
 138 00ee D05463AA 		.ascii	"\320Tc\252\235\013t\360&\000r\217m\266\254\377,K\273"
 138      9D0B74F0 
 138      2600728F 
 138      6DB6ACFF 
 138      2C4BBB
 139 0101 D6799077 		.ascii	"\326y\220w\013\200\024\201\232FCi\003\244I4M\202\315"
 139      0B801481 
 139      9A464369 
 139      03A44934 
 139      4D82CD
 140 0114 0726F773 		.ascii	"\007&\367s+]\212\345\202\253\013\237U]-B \340es\314"
 140      2B5D8AE5 
 140      82AB0B9F 
 140      555D2D42 
 140      20E06573 
 141 0129 14E11F0B 		.ascii	"\024\341\037\0130\340\367\033|\247B\321H\3102\306\302"
 141      30E0F71B 
 141      7CA742D1 
 141      48C832C6 
 141      C2
 142 013a 66D01C9F 		.ascii	"f\320\034\2370fbF8`\031\226\0314bs\321P`:fD\346-\253"
 142      30666246 
 142      38601996 
 142      19346273 
 142      D150603A 
 143 0153 A5FD9320 		.ascii	"\245\375\223 \314Y\014\376\002E\275z\214"
 143      CC590CFE 
 143      0245BD7A 
 143      8C
 144              		.text
 145              		.section	.gnu.lto_nullObjectInit.6f0f987621bda018,"e",%progbits
 146 0000 789C4D90 		.ascii	"x\234M\220\275K\034Q\024\305\357\231;\263;\212\011\226"
 146      BD4B1C51 
 146      14C5EF99 
 146      3BB33B8A 
 146      0996
 147 0012 12095808 		.ascii	"\022\011X\010\213\315\216\225\020H\021\260\260\264\310"
 147      8BCD8E95 
 147      104811B0 
 147      B0B4C8
 148 0021 5FA0B2E0 		.ascii	"_\240\262\340\222q\025W\033\033\337L\326\0101\254 \206"
 148      92711557 
 148      1B1BDF4C 
 148      D60831AC 
 148      2086
 149 0033 D542C6A0 		.ascii	"\325B\306\240\213\020H\242\211\205\272\256\216\237\240"
 149      8B1048A2 
 149      8985BAAE 
 149      8E9FA0
 150 0042 68932E16 		.ascii	"h\223.\026\012)\"H0\220X\2442\271ovA\037\363\340\236"
 150      0A292248 
 150      309058A4 
 150      32B96F76 
ARM GAS  /tmp/cckN4O32.s 			page 11


 150      411FF3E0 
 151 0057 F7CEFBDD 		.ascii	"\367\316\373\335s\307&\320{\020=%\242\307\262\301\004"
 151      73C726D0 
 151      7B103D25 
 151      A2C7B2C1 
 151      04
 152 0068 4329F52C 		.ascii	"C)\365,\356\331\006\020U\312\006\215\032\030\305$\027"
 152      EED90610 
 152      55CA068D 
 152      1A18C524 
 152      17
 153 0079 18BBE33F 		.ascii	"\030\273\343?\326\215\226%\271Qaa*\376J\2155\004L4+"
 153      D68D9625 
 153      B9516161 
 153      2AFE4A8D 
 153      35044C34 
 154 008e BBB2B081 		.ascii	"\273\262\260\201\026\361\235\373s\177\353\362\0340`"
 154      16F19DFB 
 154      737FEBF2 
 154      1C3060
 155 009d 8A9C3E5E 		.ascii	"\212\234>^=\252\325\322@\223\310\313w\237\177\232\374"
 155      3DAAD5D2 
 155      4093C8CB 
 155      779F7F9A 
 155      FC
 156 00ae 0424F587 		.ascii	"\004$\365\207\243\311\234\225(*\345\253\360d\221Us\300"
 156      A3C99C95 
 156      282AE5AB 
 156      F0649155 
 156      73C0
 157 00c0 8C325890 		.ascii	"\2142X\220\330D#Jh$\2223Ao!A\372\311\367\225\333\267"
 157      D844234A 
 157      68249233 
 157      416F2141 
 157      FAC9F795 
 158 00d6 0F6266B5 		.ascii	"\017bf\265+\266\021\2239\210>}\265Bu\373o\\\2057\213"
 158      2BB61193 
 158      39883E7D 
 158      B54275FB 
 158      6F5C8537 
 159 00eb 98ED3065 		.ascii	"\230\3550e\202\350\305\004\223\316kB\205Do\330\250\010"
 159      82E8C504 
 159      93CE6B42 
 159      85446FD8 
 159      A808
 160 00fd 4FC415FC 		.ascii	"O\304\025\374\351\327\345\365\001\215\020n\376\345\257"
 160      E9D7E5F5 
 160      018D106E 
 160      FEE5AF
 161 010c 735BA7E4 		.ascii	"s[\247\344(Yx\266\374\355a\021\013\236\370\347\037\005"
 161      285978B6 
 161      FCED6111 
 161      0B9EF8E7 
 161      1F05
 162 011e 6CCE49FC 		.ascii	"l\316I\374P\307\221K/\270X\213\265~\324\254\246\200"
 162      50C7914B 
 162      2FB8588B 
ARM GAS  /tmp/cckN4O32.s 			page 12


 162      B57ED4AC 
 162      A680
 163 0130 2DECA088 		.ascii	"-\354\240\210\231J\236]\264\336\207Y\021\254tS\276\252"
 163      994A9E5D 
 163      B4DE8759 
 163      11AC7453 
 163      BEAA
 164 0142 C9C1F7E4 		.ascii	"\311\301\367\344\177Y\013\332(\207\027\352\367i\255"
 164      7F590BDA 
 164      288717EA 
 164      F769AD
 165 0151 EE501F70 		.ascii	"\356P\037p\014\373\310\001{U\376\237\313\203-[\373g"
 165      0CFBC801 
 165      7B55FE9F 
 165      CB832D5B 
 165      FB67
 166 0163 A4F988A6 		.ascii	"\244\371\210\246\034H\007\241\037\212\213\256\341\317"
 166      1C4807A1 
 166      1F8A8BAE 
 166      E1CF
 167 0171 7FC9231A 		.ascii	"\177\311#\032]\257\011\306\335\210Dm\311\244#\337\213"
 167      5DAF09C6 
 167      DD88446D 
 167      C9A423DF 
 167      8B
 168 0182 D46026E5 		.ascii	"\324`&\345:\355\275\351\356t\347s\247?\353\364v\271"
 168      3AEDBDE9 
 168      EE74E773 
 168      A73FEBF4 
 168      76B9
 169 0194 8E9BEE76 		.ascii	"\216\233\356v\262C\203\251\256\276\254\223\031v\335"
 169      B24383A9 
 169      AEBEAC93 
 169      1976DD
 170 01a3 6A9DEC21 		.ascii	"j\235\354!\316d\007\376\003\330\205\237\262"
 170      CE6407FE 
 170      03D8859F 
 170      B2
 171              		.text
 172              		.section	.gnu.lto_vmt.6f0f987621bda018,"e",%progbits
 173 0000 789CE360 		.ascii	"x\234\343``d\270\305\300\300`\301\000\001\323\231\031"
 173      6064B8C5 
 173      C0C060C1 
 173      0001D399 
 173      19
 174 0011 E7AE38F3 		.ascii	"\347\2568\363\237\263\205\261\251\261\243\241\341A\367"
 174      9FB385B1 
 174      A9B1A3A1 
 174      E141F7
 175 0020 3AE679CC 		.ascii	":\346y\314\363\231\031f2cJ.x\3063\237\231q&3#\246\314"
 175      F3991966 
 175      32634A2E 
 175      78C6339F 
 175      99712633 
 176 0037 261EB01E 		.ascii	"&\036\260\036&L\231o@\323\230f23c\312l\003\3120\317"
 176      264C996F 
 176      40D39866 
ARM GAS  /tmp/cckN4O32.s 			page 13


 176      323363CA 
 176      6C03CA30 
 177 004c 646601CB 		.ascii	"df\001\313\034\177\377\366\012c\037P\204\205\021\304"
 177      1C7FFFF6 
 177      0A631F50 
 177      848511C4 
 178 005c 5DB6B8E7 		.ascii	"]\266\270\347\015\213\345\366\206\216\005\015\011\363"
 178      0D8BE5F6 
 178      868E050D 
 178      09F3
 179 006a 99596730 		.ascii	"\231Yg030\356g\224\236\301\314\310\270\217\261\205q"
 179      3330EE67 
 179      949EC1CC 
 179      C8B88FB1 
 179      8571
 180 007c 063313E3 		.ascii	"\0063\023\343^0\315\314\270\007L\2630\356\006\323\254"
 180      5E30CDCC 
 180      B8074CB3 
 180      30EE06D3 
 180      AC
 181 008d 8CBB8034 		.ascii	"\214\273\2004\003\343\001FK\0063==} \312N-\312K\315"
 181      03E30146 
 181      4B06333D 
 181      3D7D20CA 
 181      4E2DCA4B 
 182 00a2 D177CEC8 		.ascii	"\321w\316\310L\312\364\017\326\317/\326\317H\314\321"
 182      4CCAF40F 
 182      D6CF2FD6 
 182      CF48CCD1 
 183 00b2 CFC94CD2 		.ascii	"\317\311L\322/.)JM\314-\326\317+\315\311\201\262\365"
 183      2F2E294A 
 183      4DCC2DD6 
 183      CF2BCDC9 
 183      81B2F5
 184 00c5 92190064 		.ascii	"\222\031\000d\015]v"
 184      0D5D76
 185              		.text
 186              		.section	.gnu.lto_.symbol_nodes.6f0f987621bda018,"e",%progbits
 187 0000 789C75C9 		.ascii	"x\234u\3119\021\200@\020\004\300\231{(t\340\004e\263"
 187      39118040 
 187      1004C099 
 187      7B2874E0 
 187      0465B3
 188 0013 1290800B 		.ascii	"\022\220\200\013(2\014\240\203_\003G\021\021l\247]\203"
 188      28320CA0 
 188      835F0347 
 188      11116CA7 
 188      5D83
 189 0025 18508495 		.ascii	"\030P\204\225\202\025\211\335\002\010\030\373\331\252"
 189      821589DD 
 189      020818FB 
 189      D9AA
 190 0033 D26F6E14 		.ascii	"\322on\024\335\334\251\340\346AE7O*\271yS\371\227\223"
 190      DDDCA9E0 
 190      E6414537 
 190      4F2AB979 
 190      53F99793 
ARM GAS  /tmp/cckN4O32.s 			page 14


 191 0047 B55FE58B 		.ascii	"\265_\345\213\260\006\210x\000\311\2530\334"
 191      B0068878 
 191      00C9AB30 
 191      DC
 192              		.text
 193              		.section	.gnu.lto_.refs.6f0f987621bda018,"e",%progbits
 194 0000 789C05C1 		.ascii	"x\234\005\301\301\021\0000\010\3030\307\005\216w\367"
 194      C1110030 
 194      08C330C7 
 194      058E77F7 
 195 0010 1F166909 		.ascii	"\037\026i\011\037H;\351\021\243>\213\003\004t\000J"
 195      1F483BE9 
 195      11A33E8B 
 195      03047400 
 195      4A
 196              		.text
 197              		.section	.gnu.lto_.decls.6f0f987621bda018,"e",%progbits
 198 0000 789C9D56 		.ascii	"x\234\235V]P\024G\020\236\336=\3408\016\264\300D,\362"
 198      5D501447 
 198      109EDE3D 
 198      E0380EB4 
 198      C0442CF2 
 199 0014 4059E451 		.ascii	"@Y\344Q/)M\324\252<$\345C\342C4U\232T\371\022\203\344"
 199      2F294DD4 
 199      AA3C24E5 
 199      43E24334 
 199      559A54F9 
 200 002b 844B0053 		.ascii	"\204K\000S\334a\254<-\007\" \340\241\"\021\361'@\242"
 200      DC61AC3C 
 200      2D072220 
 200      E0A12211 
 200      F12740A2 
 201 003f 264A242A 		.ascii	"&J$*\006!\002\012\362+\234(\240\001\0240\212\202\310"
 201      0621020A 
 201      F22B9C28 
 201      A0011430 
 201      8A82C8
 202 0052 8F822002 		.ascii	"\217\202 \002\351\231\331=\366\216\243\222r\240wwz\372"
 202      E999D93D 
 202      F68EA392 
 202      72A07777 
 202      7AFA
 203 0064 EBF9BA67 		.ascii	"\353\371\272g\246\347\264\004\210\325\207\220\017\200"
 203      A6E7B404 
 203      88D58790 
 203      0F80
 204 0072 90408190 		.ascii	"\220@\201\220\031lZB\310\015\024O\224p\224+(\327PjP"
 204      196C5A42 
 204      C80D144F 
 204      9470942B 
 204      28D7506A 
 205 0087 AA519A09 		.ascii	"\252Q\232\011ot\274\003\245\007\245\037e\020e\030e\034"
 205      6F74BC03 
 205      A507A51F 
 205      65106518 
 205      651C
 206 0099 05DD113D 		.ascii	"\005\335\021=\020\247V\214}\017|\373\243,\222}*\376"
ARM GAS  /tmp/cckN4O32.s 			page 15


 206      10A7568C 
 206      7D0F7CFB 
 206      A32C927D 
 206      2AFE
 207 00ab 898CE920 		.ascii	"\211\214\351 s[\325<\270\032\025\256\307\015\256\315"
 207      735BD53C 
 207      B81A15AE 
 207      C70DAECD 
 208 00bb 05F758C6 		.ascii	"\005\367X\306U\253p\375np\367p@\343\006\247`\006\335"
 208      55AB70FD 
 208      6E70F770 
 208      40E306A7 
 208      6006DD
 209 00ce 60EEFF8F 		.ascii	"`\356\377\217\271\206\335\340\206q\300\013\337\021*"
 209      B986DDE0 
 209      8671C00B 
 209      DF112A
 210 00dd 2CCD2FCD 		.ascii	",\315/\315\277/\216\371\000\3076\311>\346\313\355\022"
 210      BF2F8EF9 
 210      00C736C9 
 210      3EE6CBED 
 210      12
 211 00ee 81AFC734 		.ascii	"\201\257\3074\312+yB\001e3\341>\350\230\027\276u\224"
 211      CA2B7942 
 211      016533E1 
 211      3EE89817 
 211      BE7594
 212 0101 278D0F45 		.ascii	"'\215\017E\213\342-\363\036\226\343\242\371\240\271"
 212      8BE22DF3 
 212      1E96E3A2 
 212      F9A0B9
 213 0110 74B70E59 		.ascii	"t\267\016Y\"\334\265\036\031\327\247\213\340\257\003"
 213      22DCB51E 
 213      19D7A78B 
 213      E0AF03
 214 011f 0D760FD4 		.ascii	"\015v\017\324\235\257\325aw\221\016\202\261[\336\225"
 214      9DAFD561 
 214      77910E82 
 214      B15BDE95 
 215 012f 362162F7 		.ascii	"6!b\367-\035\314\000\366\253\007\007n\001\357Sp\316"
 215      2D1DCC00 
 215      F6AB0707 
 215      6E01EF53 
 215      70CE
 216 0141 BE763B88 		.ascii	"\276v;\210\002\373\036K\210\333\2537\234\221x\323\356"
 216      02FB1E4B 
 216      88DBAB37 
 216      9C9178D3 
 216      EE
 217 0152 247019C4 		.ascii	"$p\031\304\331yN\035;Y\351+~\304LO\345_m\360\321%I\222"
 217      D9794E1D 
 217      3B59E92B 
 217      7EC44C4F 
 217      E55F6DF0 
 218 016a 5592F212 		.ascii	"U\222\362\022\304@\002+\202\340\235 \002\345\300\\\227"
 218      C440022B 
 218      82E09D20 
ARM GAS  /tmp/cckN4O32.s 			page 16


 218      02E5C05C 
 218      97
 219 017b 8101FE82 		.ascii	"\201\001\376\202 (\205 j\376\360E\361\244\240O\241\346"
 219      20288520 
 219      6AFEF045 
 219      F1A4A04F 
 219      A1E6
 220 018d C7E325EF 		.ascii	"\307\343%\357O\240\002tP\202\343\227p\234\300\025\320"
 220      4FA00274 
 220      5082E397 
 220      709CC015 
 220      D0
 221 019e 13FE42DB 		.ascii	"\023\376B\333\322\304\251\313^Hp3\022\306\266@\305y"
 221      D2C4A9CB 
 221      5E487033 
 221      12C6B640 
 221      C579
 222 01b0 33E79C3F 		.ascii	"3\347\234?1xQ/\256c\337-\203Y\273\005N\204y&\016\267"
 222      3178512F 
 222      AE63DF2D 
 222      8359BB05 
 222      4E847926 
 223 01c6 50050C41 		.ascii	"P\005\014A\251T\242\356*\325]\003\035\202\372\233\312"
 223      A954A2EE 
 223      2AD55D03 
 223      1D82FA9B 
 223      CA
 224 01d7 CF39D84B 		.ascii	"\3179\330K\377\311~\372B\366I\215\232}\265\023\373\032"
 224      FFC97EFA 
 224      42F6498D 
 224      9A7DB513 
 224      FB1A
 225 01e9 CEBE86B1 		.ascii	"\316\276\206\261\317\230\311\277\345-~\306\270Y\013"
 225      CF98C9BF 
 225      E52D7EC6 
 225      B8590B
 226 01f8 9E37F889 		.ascii	"\2367\370\211\233\330w\315^k?\004d\310\271\225\200m"
 226      9BD877CD 
 226      5E6B3F04 
 226      64C8B995 
 226      806D
 227 020a 15A8C3F9 		.ascii	"\025\250\303\371\352!\200N('9>3\251^\253\330%\314o\327"
 227      EA21804E 
 227      2827393E 
 227      33A95EAB 
 227      D825CC6F 
 228 021f 6C1BB73A 		.ascii	"l\033\267:e\264\001\207g9]g\234\262D\241\242\352\347"
 228      65B40187 
 228      67395D67 
 228      9CB244A1 
 228      A2EAE7
 229 0232 2A010242 		.ascii	"*\001\002B\230G\264\224@CTv\215\334)4A\010u\234K\375"
 229      9847B494 
 229      40435476 
 229      8DDC2934 
 229      4108759C 
 230 0248 95B7E504 		.ascii	"\225\267\345\004\3778\375H\222\366\005R?P\213\2237:"
ARM GAS  /tmp/cckN4O32.s 			page 17


 230      FF38FD48 
 230      92F60552 
 230      3F508B93 
 230      373A
 231 025a 7937D0C7 		.ascii	"y7\320\307\273A\214HNzG\221^<\004|7\215\244[\305\000"
 231      BB418C48 
 231      4E7A4791 
 231      5E3C047C 
 231      378DA45B 
 232 0270 B773815D 		.ascii	"\267s\201]v\243\232\216\256eaw\261\217:\216\033N35\363"
 232      76A39A8E 
 232      AE656177 
 232      B18F3A8E 
 232      1B4E3335 
 233 0285 DC36B3DC 		.ascii	"\3346\263\334\376\324\331U\346\335\015\367@\240:h\300"
 233      FED4D955 
 233      E6DD0DF7 
 233      40A03A68 
 233      C0
 234 0296 3343FFE8 		.ascii	"3C\377\350\203\247\211\276\201~S\231Q\032\320&\333\021"
 234      83A789BE 
 234      817E5399 
 234      511AD026 
 234      DB11
 235 02a8 F9E82A3A 		.ascii	"\371\350*:\376R\036\\'\310^\004\245Lp\014\367\316\272"
 235      FE521E5C 
 235      27C85E04 
 235      A54C700C 
 235      F7CEBA
 236 02bb 2AD77C1C 		.ascii	"*\327|\034\344q\305\011\007pV\263@Y%\310\323\251\021"
 236      E471C509 
 236      077056B3 
 236      405925C8 
 236      D3A911
 237 02ce 3087F1AC 		.ascii	"0\207\361\254C\342p\2524p\234\311\243Si\307\374z\240"
 237      43E270AA 
 237      34709CC9 
 237      A35369C7 
 237      FC7AA0
 238 02e1 2B0E333E 		.ascii	"+\0163>t\347\370b\002o\330\202\011[\213\372\303G2@,"
 238      74E7F862 
 238      026FD882 
 238      095B8BFA 
 238      C3473240 
 239 02f6 E10B535C 		.ascii	"\341\013S\\\220\331*j0\"z\002 VCu\005\366\361L`:<x\320"
 239      90D92A6A 
 239      30227A02 
 239      20564375 
 239      05F6F14C 
 240 030f 0A4C69EF 		.ascii	"\012Li\357<Q\341\311\224\341zh\343\272\304*[\211//0"
 240      3C51E1C9 
 240      94E17A68 
 240      E3BAC42A 
 240      5B892F2F 
 241 0324 025D8616 		.ascii	"\002]\206\026\273\025x\201Y\210\335\275\322\201\004"
 241      BB157881 
 241      5988DDBD 
ARM GAS  /tmp/cckN4O32.s 			page 18


 241      D28104
 242 0333 DDE24CBA 		.ascii	"\335\342L\272\346\266xi\241\300f\370\033W\360\016[\301"
 242      E6B67869 
 242      A1C066F8 
 242      1B57F00E 
 242      5BC1
 243 0345 764052B7 		.ascii	"v@R\267A\303\371Z\013\006Z=\227\036\227\354]\270\315"
 243      41C3F95A 
 243      0B065A3D 
 243      971E97EC 
 243      5DB8CD
 244 0358 FE5C397A 		.ascii	"\376\\9z5Q\262#\360Cf\007-\270E\344-N\277\011\334\202"
 244      3551B223 
 244      F0436607 
 244      2DB845E4 
 244      2D4EBF09 
 245 036e 1E809BD0 		.ascii	"\036\200\233\320M\263\321\001K\321\301D\306\365\363"
 245      4DB3D101 
 245      4BD1C144 
 245      C6F5F3
 246 037d 1EE2C4FC 		.ascii	"\036\342\304\374Q\345\026\237|\312\243\302\003\011w"
 246      51E5169F 
 246      7CCAA3C2 
 246      030977
 247 038c E508A6C7 		.ascii	"\345\010\246\307\037\352\225\250\356q\335\350\331\372"
 247      1FEA95A8 
 247      EE71DDE8 
 247      D9FA
 248 039a 51BFF979 		.ascii	"Q\277\371ywS\336]\012\357\364.\333\204\207\314\273\357"
 248      7753DE5D 
 248      0AEFF42E 
 248      DB8487CC 
 248      BBEF
 249 03ac 17513A80 		.ascii	"\027Q:\200\250\205\324\006:U\234;]9\3670\3163\203\317"
 249      A885D406 
 249      3A559C3B 
 249      5D39F730 
 249      CE3383CF 
 250 03c0 EEEAC519 		.ascii	"\356\352\305\031\316\271\266)%\336\217Q\251vp\3765\345"
 250      CEB9B629 
 250      25DE8F51 
 250      A97670FE 
 250      35E5
 251 03d2 5CBE83DE 		.ascii	"\\\276\203\336?2\275\212\034\273\006\263\354\311\313"
 251      3F32BD8A 
 251      1CBB06B3 
 251      ECC9CB
 252 03e1 A017AA5A 		.ascii	"\240\027\252Z\263\252Wq\015%\275\0235m\2517\333=\305"
 252      B3AA5771 
 252      0D25BD13 
 252      356DA937 
 252      DB3DC5
 253 03f4 785EBE5F 		.ascii	"x^\276_\036zU\310\252\2324\247\024>\002\006\243G\257"
 253      1E7A55C8 
 253      AA9A34A7 
 253      143E0206 
 253      A347AF
ARM GAS  /tmp/cckN4O32.s 			page 19


 254 0407 17750F79 		.ascii	"\027u\017y]\253<|\271\301G\235\201\307N\031\350\243"
 254      5DAB3C7C 
 254      B9C1479D 
 254      81C74E19 
 254      E8A3
 255 0419 1978A064 		.ascii	"\031x\240d`:\2564\327G\316\300X\257\230-\225c\361\224"
 255      603AAE34 
 255      D747CEC0 
 255      58AF982D 
 255      9563F194 
 256 042d 046A05F7 		.ascii	"\004j\005\367U9\270\357\232\203~\226\203\337;s\223|"
 256      5539B8EF 
 256      9A837E96 
 256      83DF3B73 
 256      937C
 257 043f C564CEB4 		.ascii	"\305d\316\264\340\364\344Y\235\022/O\301\356\375\247"
 257      E0F4E459 
 257      9D122F4F 
 257      C1EEFDA7 
 258 044f A734F373 		.ascii	"\2474\363syJ\271\014(\\\352f\372k52\227\221@\007\025"
 258      794AB90C 
 258      285CEA66 
 258      FA6B3532 
 258      97914007 
 259 0464 3482272A 		.ascii	"4\202'**O\\\251\0142*\361\205\205\315\0321\215S\031"
 259      2A4F5CA9 
 259      0C322AF1 
 259      8585CD1A 
 259      318D5319 
 260 0478 69A82B56 		.ascii	"i\250+V6d\337\022\247\250\206T\256\206\\]\0153W\266"
 260      3664DF12 
 260      A7A88654 
 260      AE865C5D 
 260      0D3357B6 
 261 048c F497935A 		.ascii	"\364\227\223Zq?w\325\276\2530}N\211'\360\314\251ng\267"
 261      713F77D5 
 261      BEAB307D 
 261      4E8927F0 
 261      CCA96E67 
 262 04a1 55E779CE 		.ascii	"U\347y\316\271\007hmt\266\313\272=pM\257\256\213\317"
 262      B907686D 
 262      74B6CBBA 
 262      3D704DAF 
 262      AE8BCF
 263 04b4 9DEAE2A8 		.ascii	"\235\352\342\250\\\337\301~(\257P`\251D\225\234\313"
 263      5CDFC17E 
 263      28AF5060 
 263      A944959C 
 263      CB
 264 04c5 0B47DB7E 		.ascii	"\013G\333~\323\252s\031\361\246*\225/h*\307\034\313"
 264      D3AA7319 
 264      F1A62A95 
 264      2F682AC7 
 264      1CCB
 265 04d7 5AD57A5B 		.ascii	"Z\325z[\300\370\2730\376\306\034\275#\001h\005#\252"
 265      C0F8BB30 
 265      FEC61CBD 
ARM GAS  /tmp/cckN4O32.s 			page 20


 265      23016805 
 265      23AA
 266 04e9 048CB826 		.ascii	"\004\214\270&`\234%\340LQ\352a/^\032\002\351\302\330"
 266      609C25E0 
 266      4C51EA61 
 266      2F5E1A02 
 266      E9C2D8
 267 04fc 4786F4BC 		.ascii	"G\206\364\2744\224\203\252T\370\363Rq\316^\372L\247"
 267      349483AA 
 267      54F8F352 
 267      71CE5EFA 
 267      4CA7
 268 050e 0E8AAED8 		.ascii	"\016\212\256\330lP\257\224\240\312f\016\226i8L\213\335"
 268      6C50AF94 
 268      A0CA660E 
 268      9669384C 
 268      8BDD
 269 0520 A2DA4B2F 		.ascii	"\242\332K/\274\325\260>'\330\264\002{\232x\251\323O"
 269      BCD5B03E 
 269      27D8B402 
 269      7B9A78A9 
 269      D34F
 270 0532 CCE5AB51 		.ascii	"\314\345\253Qy\245\255\327C\015\352v\002I\202\014j\351"
 270      79A5ADD7 
 270      430DEA76 
 270      0249820C 
 270      6AE9
 271 0544 2D1EF311 		.ascii	"-\036\363\021Op\320s[\337EP\203\332\235@V\005T\320\374"
 271      4F70D073 
 271      5BDF4550 
 271      83DA9D40 
 271      560554D0 
 272 0559 685410CF 		.ascii	"hT\020\3170\220\327\203\234?Nh!$$ \004\233r\203\256"
 272      3090D783 
 272      9C3F4E68 
 272      21242420 
 272      049B7283 
 273 056e 2E3A2F49 		.ascii	".:/I\311zJ\216\035\217DA\275|S\354YB\237\034`\207\232"
 273      C97A4A8E 
 273      1D8F4441 
 273      BD7C53EC 
 273      59429F1C 
 274 0585 AF2827FC 		.ascii	"\257('\374\215\346\336\226\336\266l\327\330$~\257\276"
 274      8DE6DE96 
 274      DEB66CD7 
 274      D8247EAF 
 274      BE
 275 0596 4483097A 		.ascii	"D\203\011z\266\353d\004=\334\273\205\020HA\331\205\222"
 275      B6EB6404 
 275      3DDCBB85 
 275      104841D9 
 275      8592
 276 05a8 80928492 		.ascii	"\200\222\204\222,\250\256v6\017-t\361\202\353<\216K"
 276      2CA8AE76 
 276      360F2D74 
 276      F182EB3C 
 276      8E4B
ARM GAS  /tmp/cckN4O32.s 			page 21


 277 05ba 5D65892B 		.ascii	"]e\211+\302N\224\263\345$\2701\245\201\016\315c\352"
 277      C24E94B3 
 277      E524B831 
 277      A5810ECD 
 277      63EA
 278 05cc 1A28E611 		.ascii	"\032(\346\021\342\334\023`\246\264\214wf\247\372\005"
 278      E2DC1360 
 278      A6B48C77 
 278      66A7FA05 
 279 05dc C81127BC 		.ascii	"\310\021'\274V\304\350\245$\271\240J\373v\236d/\247"
 279      56C4E8A5 
 279      24B9A04A 
 279      FB769E64 
 279      2FA7
 280 05ee D7CDEAEC 		.ascii	"\327\315\352\354\203\273$\311\037\366 \266\226\357m"
 280      83BB24C9 
 280      1FF620B6 
 280      96EF6D
 281 05fd 8753C234 		.ascii	"\207S\3024_\322\203\224*\274\215\320\306\222\342f\247"
 281      5FD28394 
 281      2ABC8DD0 
 281      C692E266 
 281      A7
 282 060e 1F267B9C 		.ascii	"\037&{\234\310\246\261\255\300^\357-_n\300\377o\215"
 282      C8A6B1AD 
 282      C05EEF2D 
 282      5F6EC0FF 
 282      6F8D
 283 0620 31D1C648 		.ascii	"1\321\306H\303\332\010\323V\323\206\215\206\355fCDh"
 283      C3DA08D3 
 283      56D3868D 
 283      86ED6643 
 283      4468
 284 0632 A421D2B4 		.ascii	"\244!\322\264\325`\266\304\030C\243\314\206\350\330"
 284      D560B6C4 
 284      1843A3CC 
 284      86E8D8
 285 0641 C848F97B 		.ascii	"\310H\371{y\230\366\343\365\237\007\257]\263\206x\305"
 285      7998F6E3 
 285      F59F07AF 
 285      5DB38678 
 285      C5
 286 0652 9AA22DAB 		.ascii	"\232\242-\253\267X<\315\246\037\214[,\342\216(\213\357"
 286      B7583CCD 
 286      A61F8C5B 
 286      2CE28E28 
 286      8BEF
 287 0664 7AB4DCC8 		.ascii	"z\264\334\310,\277\370t\323\373\257\343?\202\350f\235"
 287      2CBFF874 
 287      D3FBAFE3 
 287      3F82E866 
 287      9D
 288 0675 082B8936 		.ascii	"\010+\21164&j\307\252eQD\027\266=\306b\334\271,j\005"
 288      34266AC7 
 288      AA655144 
 288      17B63DC6 
 288      62DCB92C 
ARM GAS  /tmp/cckN4O32.s 			page 22


 289 068b F1FC3EC6 		.ascii	"\361\374>\306d1\232_\313\177\030\361\300\217\257\315"
 289      64319A5F 
 289      CB7F18F1 
 289      C08FAFCD 
 290 069b E277B116 		.ascii	"\342w\261\026\217(s8\022\0177Z<b\243\361\351G\0157l"
 290      8F287338 
 290      120F375A 
 290      3C62A3F1 
 290      E9470D37 
 291 06b0 FDC61866 		.ascii	"\375\306\030fY\027m\262h\250\241\007\233k\201)\332l"
 291      59176DB2 
 291      68A8A107 
 291      9B6B8129 
 291      DA6C
 292 06c2 098D0E33 		.ascii	"\011\215\0163n\331\276m\233\331h\371\027\347\362\305"
 292      6ED9BE6D 
 292      9BD968F9 
 292      17E7F2C5 
 293 06d2 40       		.ascii	"@"
 294              		.text
 295              		.section	.gnu.lto_.symtab.6f0f987621bda018,"e",%progbits
 296 0000 6E756C6C 		.ascii	"nullObjectInit\000"
 296      4F626A65 
 296      6374496E 
 296      697400
 297 000f 00       		.ascii	"\000"
 298 0010 00       		.ascii	"\000"
 299 0011 00       		.ascii	"\000"
 300 0012 00000000 		.ascii	"\000\000\000\000\000\000\000\000"
 300      00000000 
 301 001a F8000000 		.ascii	"\370\000\000\000"
 302              		.text
 303              		.section	.gnu.lto_.opts,"e",%progbits
 304 0000 272D666E 		.ascii	"'-fno-openmp' '-fno-openacc' '-fno-pie' '-mcpu=cort"
 304      6F2D6F70 
 304      656E6D70 
 304      2720272D 
 304      666E6F2D 
 305 0033 65782D6D 		.ascii	"ex-m3' '-mthumb' '-mfloat-abi=soft' '-march=armv7-m"
 305      33272027 
 305      2D6D7468 
 305      756D6227 
 305      20272D6D 
 306 0066 2720272D 		.ascii	"' '-O2' '-fstack-usage' '-ffunction-sections' '-fda"
 306      4F322720 
 306      272D6673 
 306      7461636B 
 306      2D757361 
 307 0099 74612D73 		.ascii	"ta-sections' '-fno-common' '-flto' '-fshort-enums'\000"
 307      65637469 
 307      6F6E7327 
 307      20272D66 
 307      6E6F2D63 
 308              		.text
 309              		.comm	__gnu_lto_v1,1,1
 310              		.comm	__gnu_lto_slim,1,1
 311              		.ident	"GCC: (GNU Arm Embedded Toolchain 9-2020-q2-update) 9.3.1 20200408 (release)"
ARM GAS  /tmp/cckN4O32.s 			page 23


ARM GAS  /tmp/cckN4O32.s 			page 24


DEFINED SYMBOLS
                            *ABS*:0000000000000000 nullstreams.c
                            *COM*:0000000000000001 __gnu_lto_v1
                            *COM*:0000000000000001 __gnu_lto_slim

NO UNDEFINED SYMBOLS
