ARM GAS  /tmp/ccmdLZA1.s 			page 1


   1              		.cpu cortex-m3
   2              		.eabi_attribute 20, 1
   3              		.eabi_attribute 21, 1
   4              		.eabi_attribute 23, 3
   5              		.eabi_attribute 24, 1
   6              		.eabi_attribute 25, 1
   7              		.eabi_attribute 26, 1
   8              		.eabi_attribute 30, 2
   9              		.eabi_attribute 34, 1
  10              		.eabi_attribute 18, 4
  11              		.file	"nvic.c"
  12              		.section	.gnu.lto_.profile.95e50b2adaa8fd2d,"e",%progbits
  13 0000 789CE360 		.ascii	"x\234\343``\004B \000\000\000]\000\013"
  13      60044220 
  13      0000005D 
  13      000B
  14              		.text
  15              		.section	.gnu.lto_.icf.95e50b2adaa8fd2d,"e",%progbits
  16 0000 789CE360 		.ascii	"x\234\343``d\320a@\000v\206\177\357f~`d<\363`\366K6"
  16      6064D061 
  16      40007686 
  16      7FEF667E 
  16      60643CF3 
  17 0018 A6B7375F 		.ascii	"\246\2677_\274\347f>\262\260c\031;\313\314#;\373\271"
  17      BCE7663E 
  17      B2B06319 
  17      3BCBCC23 
  17      3BFBB9
  18 002b 585F1E5B 		.ascii	"X_\036[\366\200\223\015L2\000\000\011v\026k"
  18      F680930D 
  18      4C320000 
  18      0976166B 
  19              		.text
  20              		.section	.gnu.lto_.jmpfuncs.95e50b2adaa8fd2d,"e",%progbits
  21 0000 789C558E 		.ascii	"x\234U\2161\012\302@\020E\347\355\217!\235\007\330\303"
  21      310AC240 
  21      1045E7ED 
  21      8F219D07 
  21      D8C3
  22 0012 A6B095B4 		.ascii	"\246\260\225\264)SXx\007\025\261Kaca\355\015$\027\020"
  22      29535878 
  22      0715B14B 
  22      616361ED 
  22      0D241710 
  23 0026 D6190C86 		.ascii	"\326\031\014\206\014<\376\360y\003\323\030v\264ej\207"
  23      0C3CFEF0 
  23      7903D318 
  23      76B4656A 
  23      87
  24 0037 046A0759 		.ascii	"\004j\007Y\340;\221Z\225:\310\275[\2059\237R\312\026"
  24      E03B915A 
  24      953AC8BD 
  24      5B85399F 
  24      52CA16
  25 004a F5A2DB4D 		.ascii	"\365\242\333M\257\246\323 0N\344\240ZDH.\215\323\373"
  25      AFA6D320 
  25      304EE4A0 
ARM GAS  /tmp/ccmdLZA1.s 			page 2


  25      5A44482E 
  25      8DD3FB
  26 005d 4948C9A5 		.ascii	"IH\311\2453\331\253\353\376q\327\257\202\0139E\377?"
  26      33D9ABEB 
  26      FE71D7AF 
  26      820B3945 
  26      FF3F
  27 006f 33DBCC4F 		.ascii	"3\333\314O\324s\332\027j\020%\030"
  27      D473DA17 
  27      6A102518 
  28              		.text
  29              		.section	.gnu.lto_.inline.95e50b2adaa8fd2d,"e",%progbits
  30 0000 789C958E 		.ascii	"x\234\225\216\261\015\0021\014E\277\177\314\221\000"
  30      B10D0231 
  30      0C45BF7F 
  30      CC9100
  31 000f 43301112 		.ascii	"C0\021\0223pw\2721\322\320\323\"Q\260\003\035\003P\321"
  31      337077BA 
  31      31D2D0D3 
  31      2251B003 
  31      1D0350D1 
  32 0023 5033024B 		.ascii	"P3\002K\340\030\345\004\3225\270\210\034\377\377\374"
  32      E018E504 
  32      D235B888 
  32      1CFFFFFC 
  33 0033 1D21D80A 		.ascii	"\035!\330\012\306j\200t\272>^\034\004\\Y\367\344`\323"
  33      C66A8074 
  33      BA3E5E1C 
  33      045C59F7 
  33      E460D3
  34 0046 7DCE992D 		.ascii	"}\316\231-\301\342\021,\354{f/\224ua\313\243\215\315"
  34      C1E2112C 
  34      EC7B662F 
  34      947561CB 
  34      A38DCD
  35 0059 7268CD9C 		.ascii	"rh\315\234G3\275\335AQ\325h\366hJr\245\027q8L\301u\246"
  35      4733BDDD 
  35      4151D568 
  35      F6684A72 
  35      A5177138 
  36 0071 862802D2 		.ascii	"\206(\002\322\375x\271\205N\350\210'k\015\370\346\364"
  36      FD78B985 
  36      4EE88827 
  36      6B0DF8E6 
  36      F4
  37 0082 D31A53D5 		.ascii	"\323\032S\325\022\012.\375t/\0366\230a\356\001]\275"
  37      120A2EFD 
  37      742F1E36 
  37      9861EE01 
  37      5DBD
  38 0094 616AD7EF 		.ascii	"aj\327\357\015\315\377\010\336q\326Bo"
  38      0DCDFF08 
  38      DE71D642 
  38      6F
  39              		.text
  40              		.section	.gnu.lto_.pureconst.95e50b2adaa8fd2d,"e",%progbits
  41 0000 789C05C1 		.ascii	"x\234\005\301\301\021\000 \010\004\261CV\306\277\335"
ARM GAS  /tmp/ccmdLZA1.s 			page 3


  41      C1110020 
  41      0804B143 
  41      56C6BFDD 
  42 0010 6FB5242F 		.ascii	"o\265$/\225\237d\"%GZ\256\214,&\273\003\350"
  42      959F6422 
  42      25475AAE 
  42      8C2C26BB 
  42      03E8
  43              		.text
  44              		.section	.gnu.lto_nvicInit.95e50b2adaa8fd2d,"e",%progbits
  45 0000 789C9553 		.ascii	"x\234\225SKL\023Q\024}g\336\2643T\204\310\012S\027l"
  45      4B4C1351 
  45      147D67DE 
  45      B4335484 
  45      C80A5317 
  46 0015 58B06108 		.ascii	"X\260a\010\033\211\321D\303\232\230\350\312\245\022"
  46      1B89D144 
  46      C39A98E8 
  46      CAA512
  47 0024 0C8DD01A 		.ascii	"\014\215\320\0320\306\035\257-\205\250@7|\224\320\224"
  47      30C61DAF 
  47      2D85A840 
  47      377C94D0 
  47      94
  48 0035 4F104C10 		.ascii	"O\020L\020?A#\2108\024\225\237\037\332\215\011\032\214"
  48      3F412388 
  48      3814959F 
  48      1FDA8D09 
  48      1A8C
  49 0047 1A099280 		.ascii	"\032\011\222\200\240\2111\030\212\367M\007d\243\211"
  49      A0893118 
  49      8AF74D07 
  49      64A389
  50 0056 2F33937B 		.ascii	"/3\223{\337\275\357\2343g\356\350\014\314\303\031;\302"
  50      DFBDEF9C 
  50      3367EEE8 
  50      0CCCC319 
  50      3BC2
  51 0068 183B4537 		.ascii	"\030;E7\234\014\212\020\342\250\346\327\025\250v\304"
  51      9C0C8A10 
  51      E2A8E6D7 
  51      15A876C4 
  52 0078 ED685C57 		.ascii	"\355h\\W\025\236X\333(R\205\3131\030\016i\252Hw\000"
  52      159E58DB 
  52      285285CB 
  52      31180E69 
  52      AA487700 
  53 008c 564DE860 		.ascii	"VM\350`5\012W\035\250QT\006S\205n=Xj\205y\033G\254~"
  53      350A571D 
  53      A8515406 
  53      53856E3D 
  53      586A8579 
  54 00a4 7158C9EB 		.ascii	"qX\311\353\243~a\266\2159\353D(;J\344\327\271\335\304"
  54      A37E61B6 
  54      8D39EB44 
  54      283B4AE4 
  54      D7B9DDC4 
ARM GAS  /tmp/ccmdLZA1.s 			page 4


  55 00b8 30823CC6 		.ascii	"0\202<\306\250s!\020\371\231\336\304\243\034P)m\236"
  55      A8732110 
  55      F999DEC4 
  55      A31C5029 
  55      6D9E
  56 00ca 199A76C9 		.ascii	"\031\232v\311TA\016\245\233\242\2715\203\037\202\354"
  56      54410EA5 
  56      9BA2B935 
  56      831F82EC 
  57 00da 1CF0F7C5 		.ascii	"\034\360\367\305\221\333#D@\230\213\355\331]A1%\324"
  57      91DB2344 
  57      40988BED 
  57      D95D4131 
  57      25D4
  58 00ec 28E7780C 		.ascii	"(\347x\014N\300\030\205\033\217\340N\341S\377\307\273"
  58      4EC01885 
  58      1B8FE04E 
  58      E153FFC7 
  58      BB
  59 00fd C996BD4E 		.ascii	"\311\226\275N\025c\310\265\211\361\004NP\245wvb,\203"
  59      1563C8B5 
  59      89F1044E 
  59      50A57776 
  59      622C83
  60 0110 1FB65023 		.ascii	"\037\266P#\213W\3464\0335\331\236\325\275\203j\376\033"
  60      8B57E634 
  60      1B35D99E 
  60      D5BD836A 
  60      FE1B
  61 0122 759C5025 		.ascii	"u\234P%\236\204\215\021,c\212d\222\373\267\023\016S"
  61      9E848D11 
  61      2C638A64 
  61      92FBB713 
  61      0E53
  62 0134 24B7EA09 		.ascii	"$\267\352\011p\377\255\241\367\373\310/\271M^Q\203f"
  62      70FFADA1 
  62      F7FBC82F 
  62      B94D5E51 
  62      8366
  63 0146 C58C5DE5 		.ascii	"\305\214]\345lm\243\277\010\302d\254\201+V\354\247x"
  63      6C6DA3BF 
  63      08C264AC 
  63      812B56EC 
  63      A778
  64 0158 19B1D12F 		.ascii	"\031\261\321/\003AMbG\270\264\244)\370uA\227\226\250"
  64      03414D62 
  64      47B8B4A4 
  64      29F87541 
  64      9796A8
  65 016b 96E0D5A1 		.ascii	"\226\340\325\241\267q;\025fPd\320\326\247\371X\230\367"
  65      B7713B15 
  65      665064D0 
  65      D6A7F958 
  65      98F7
  66 017d A2C74F76 		.ascii	"\242\307Ovw\216\200E\271\003OI\367\204\324M\365\350"
  66      778E8045 
  66      B9034F49 
ARM GAS  /tmp/ccmdLZA1.s 			page 5


  66      F784D44D 
  66      F5E8
  67 018f CA72072F 		.ascii	"\312r\007/\030\024\315~\221\023\345N<C/\256\245\034"
  67      1814CD7E 
  67      9113E54E 
  67      3C432FAE 
  67      A51C
  68 01a1 798E0226 		.ascii	"y\216\002&\005\360p\350\315$\227\0128)\370\266\364\260"
  68      05F070E8 
  68      CD24970A 
  68      3829F8B6 
  68      F4B0
  69 01b3 678F7CAD 		.ascii	"g\217|\255\335\364\232E\337\022\037Nd\246R\021K\321"
  69      DDF49A45 
  69      DF121F4E 
  69      64A65211 
  69      4BD1
  70 01c5 27265BBF 		.ascii	"'&[\277\353\333\364g\211]\307\024\261O\332\354\241\017"
  70      EBDBF467 
  70      895DC714 
  70      B14FDAEC 
  70      A10F
  71 01d7 5B4B0AB1 		.ascii	"[K\012\261\327Z\354i\230\266\330\221\2623\331\330\025"
  71      D75AEC69 
  71      98B6D891 
  71      B233D9D8 
  71      15
  72 01e8 482FBC23 		.ascii	"H/\274#\213\2357\020\345.\314\240 bU\031fQH-\015\335"
  72      8B9D3710 
  72      E52ECCA0 
  72      20625519 
  72      6651482D 
  73 01fe F3412E19 		.ascii	"\363A.\031]\330\242\225\211\027\004l\211\034\336\021"
  73      5DD8A295 
  73      8917046C 
  73      891CDE11 
  74 020e F99F125E 		.ascii	"\371\237\022^Z\022\224\277Ix\365G\302k\024\332|\301"
  74      5A1294BF 
  74      4978F547 
  74      C26B14DA 
  74      7CC1
  75 0220 8EBACDFB 		.ascii	"\216\272\315\373\375\212$\214p\215\352t\364\301\345"
  75      FD8A248C 
  75      708DEA74 
  75      F4C1E5
  76 022f 959B6952 		.ascii	"\225\233iR\032M/\346\254)i\340\362\017\022\252\264\022"
  76      1A4D2FE6 
  76      AC2969E0 
  76      F20F12AA 
  76      B412
  77 0241 9F51FB6E 		.ascii	"\237Q\373n\342@\352\010\350kJ\310\037\300nW\211\007"
  77      E240EA08 
  77      E86B4AC8 
  77      1FC06E57 
  77      8907
  78 0253 71B8957B 		.ascii	"q\270\225{.B\345\211,\002p\254o\017\303*\002\235\277"
  78      2E42E589 
ARM GAS  /tmp/ccmdLZA1.s 			page 6


  78      2C0270AC 
  78      6F0FC32A 
  78      029DBF
  79 0266 1A61CF99 		.ascii	"\032a\317\231\034\032\254o\017\015c\007\363\363\015"
  79      1C1AAC6F 
  79      0F0D6307 
  79      F3F30D
  80 0275 BACE9555 		.ascii	"\272\316\225Uy\313*\214\342r\317\031\317\361\223\206"
  80      79CB2A8C 
  80      E272CF19 
  80      CFF19386 
  81 0285 AFDA283F 		.ascii	"\257\332(?]a\234\367U]\2506J}\225\225>\257q\354DIq\311"
  81      5D619CF7 
  81      555DA836 
  81      4A7D9595 
  81      3EAF71EC 
  82 029d 25C37BD1 		.ascii	"%\303{\321S\232_\312\340\205\3477\2022>\321"
  82      539A5FCA 
  82      E085E737 
  82      82323ED1 
  83              		.text
  84              		.section	.gnu.lto_nvicEnableVector.95e50b2adaa8fd2d,"e",%progbits
  85 0000 789C9D53 		.ascii	"x\234\235SMH\024a\030\376\236ygv'[\355\032,\225\207"
  85      4D481461 
  85      18FE9E79 
  85      6776275B 
  85      ED1A2C95 
  86 0015 60F1B223 		.ascii	"`\361\262#^\202\350`x\350$A\335\203\022\301%\335\025"
  86      5E82E860 
  86      78E82441 
  86      DD8312C1 
  86      25DD15
  87 0028 8D880EF9 		.ascii	"\215\210\016\371\355n\356B\376]\374Ih\231\025\333\""
  87      ED6EEE42 
  87      FE5DFC49 
  87      689915DB 
  87      22
  88 0039 0233E862 		.ascii	"\0023\350b\353\317\266Y\246\366\243\022\335\\)\244R"
  88      EBCFB659 
  88      A6F6A312 
  88      DD5C29A4 
  88      52
  89 004a B00E5D4A 		.ascii	"\260\016]J\374\351\375f\026\014\252C\015\363\275|\357"
  89      FCE9FD66 
  89      160CAA43 
  89      0DF3BD7C 
  89      EF
  90 005b EFF33C2F 		.ascii	"\357\363</3\246\2008GBT\013!\016\361\001\011hR\312j"
  90      33A68038 
  90      4742540B 
  90      210EF101 
  90      096852CA 
  91 0070 6FD4D400 		.ascii	"o\324\324\000\347&M\2106\015m\350\241\001B>\371qL\253"
  91      E7264D88 
  91      360D6DE8 
  91      A101423E 
  91      F9714CAB 
ARM GAS  /tmp/ccmdLZA1.s 			page 7


  92 0084 B8CB1999 		.ascii	"\270\313\031\231\033\270\345M\310\366\2036\017\030\344"
  92      1BB8E54D 
  92      C8F68336 
  92      0F18E4
  93 0093 E33E788C 		.ascii	"\343>x\214\012\256+\304R\337}\335d\023\240\263\333;"
  93      0AAE2BC4 
  93      52DF7DDD 
  93      6413A0B3 
  93      DB3B
  94 00a5 F768B644 		.ascii	"\367h\266D\271\032\312\331\335\226\275\375et\034\202"
  94      B91ACAD9 
  94      DD96BDFD 
  94      65741C82 
  95 00b5 EF6B2B33 		.ascii	"\357k+3\011\0042R\306dn\3726\311\2436\021&@<\022\343"
  95      09043252 
  95      C6646EFA 
  95      36C9A336 
  95      1126403C 
  96 00cb F0230BBF 		.ascii	"\360#\013\277\020\034\343\321\223\010p\303\375\330\247"
  96      101CE3D1 
  96      930870C3 
  96      FDD8A7
  97 00da 0DA2134E 		.ascii	"\015\242\023N\363\310\306\217\305\322b\363j\246\330"
  97      F3C8C68F 
  97      C5D262F3 
  97      6AA6D8
  98 00e9 3CF5C7E6 		.ascii	"<\365\307\346\034\002B\265|x\270\323W\352\321\213\224"
  98      1C0242B5 
  98      7C78B8D3 
  98      57EAD18B 
  98      94
  99 00fa F1041E5E 		.ascii	"\361\004\036^\202\020\017\226\214\234\334\331M\312\334"
  99      82100F96 
  99      8C9CDCD9 
  99      4DCADC
 100 0109 DB3B583E 		.ascii	"\333;X>\345\003\267\351\2322\304\306\320\2251\330x<"
 100      E503B7E9 
 100      9A32C4C6 
 100      D09531D8 
 100      783C
 101 011b 50A34C28 		.ascii	"P\243L(6Bt\220P\273\320!sBt\222\346:Qv\326\021\333J"
 101      36427490 
 101      50BBD021 
 101      73427492 
 101      E63A5176 
 102 0133 2E6747A1 		.ascii	".gG\241 R\204\024y8\026\337L\024\003\032\307~]\224\007"
 102      20528414 
 102      793816DF 
 102      4C14031A 
 102      C77E5D94 
 103 0148 3AF24C77 		.ascii	":\362Lw\035\371\302\215{\206*\342tw\374k\301Ti\257\243"
 103      1DF9C28D 
 103      7B862AE2 
 103      7477FC6B 
 103      C15469AF 
 104 015d B76F716C 		.ascii	"\267oql\351\200\353\312|\\\226qhi\246\377\233\231\301"
 104      E980EBCA 
ARM GAS  /tmp/ccmdLZA1.s 			page 8


 104      7C5C9671 
 104      6869A6FF 
 104      9B99C1
 105 0170 709491D3 		.ascii	"p\224\221\323\207m21\315\302\237*\341\234m\177\277\373"
 105      876D3231 
 105      CDC29F2A 
 105      E19C6D7F 
 105      BFFB
 106 0182 59AB1C91 		.ascii	"Y\253\034\221\327\243\262\334\246}x\206\014n:\3129\271"
 106      D7A3B2DC 
 106      A67D7886 
 106      0C6E3ACA 
 106      39B9
 107 0194 D33514F3 		.ascii	"\3235\024\363U\215\252d\372\252M%x\216\312\024\231\316"
 107      558DAA64 
 107      FAAA4D25 
 107      788ECA14 
 107      99CE
 108 01a6 5E6650C5 		.ascii	"^fP\305\034\025\343\376\344vvTsI\023\247\271\361\335"
 108      1C15E3FE 
 108      E4767654 
 108      734913A7 
 108      B9F1DD
 109 01b9 D4D03814 		.ascii	"\324\3208\024\015\003G\360\302!\035\337J\270\244S\244"
 109      0D0347F0 
 109      C2211DDF 
 109      4AB8A453 
 109      A4
 110 01ca 178B9687 		.ascii	"\027\213\226\207\323p\225\031\230u\2136\023k^\267\310"
 110      D3709519 
 110      98758B36 
 110      136B5EB7 
 110      C8
 111 01db E08AC9CE 		.ascii	"\340\212\311\316\205yr+\2009\370y\276+\177\320[\224"
 111      8579722B 
 111      8039F879 
 111      BE2B7FD0 
 111      5B94
 112 01ed FF2FE2F6 		.ascii	"\377/\342\366c\336\021\207\337\305]\263\311\207\227"
 112      63DE1187 
 112      DFC55DB3 
 112      C98797
 113 01fc 4A9CEE88 		.ascii	"J\234\356\210{\245\304\031.V\327\304*\376\013\355\265"
 113      7BA5C419 
 113      2E56D7C4 
 113      2AFE0BED 
 113      B5
 114 020d 83A6FD05 		.ascii	"\203\246\375\005\355\315\036\332\202\213\366\005\261"
 114      EDCD1EDA 
 114      828BF605 
 114      B1
 115 021a 74B6C7C1 		.ascii	"t\266\307\301r\376\224\016\302\336\247#\304\261`\320"
 115      72FE940E 
 115      C2DEA723 
 115      C4B160D0 
 116 022a E2F7627D 		.ascii	"\342\367b}K\270\276\321\252i\010]\010\235>kEZ\255\206"
 116      4BB8BED1 
ARM GAS  /tmp/ccmdLZA1.s 			page 9


 116      AA69085D 
 116      089D3E6B 
 116      455AAD86 
 117 023e F38D5673 		.ascii	"\363\215Vs\244\345R\253U\027ij\212\204\255\223gjkj\257"
 117      A4E552AB 
 117      5517696A 
 117      8A84AD93 
 117      676A6B6A 
 118 0253 58E1CBA1 		.ascii	"X\341\313\241\272`\235@Xon\011E~\002U\241(;"
 118      BA609D40 
 118      586F6E09 
 118      457E0255 
 118      A1283B
 119              		.text
 120              		.section	.gnu.lto_nvicDisableVector.95e50b2adaa8fd2d,"e",%progbits
 121 0000 789C9D52 		.ascii	"x\234\235R\317k\023A\030\375\336\314&\331\246\265^\205"
 121      CF6B1341 
 121      18FDDECC 
 121      26D9A6B5 
 121      5E85
 122 0012 A0F62094 		.ascii	"\240\366 \224^\262%\027A/JoB\021\364/\320Ph\260M\244"
 122      5EB22517 
 122      412F4A6F 
 122      4211F42F 
 122      D05068B0 
 123 0028 15110F76 		.ascii	"\025\021\017v\222\330\004lS/ij\017aS\332 ^\264\202 "
 123      92D8046C 
 123      532F696A 
 123      0F6153DA 
 123      205EB482 
 124 003d D5DAACD1 		.ascii	"\325\332\254\321\032\373C\2619x3\242\224\322\366`A/"
 124      1AFB43B1 
 124      397833A2 
 124      94D2F660 
 124      412F
 125 004f 526CEAB7 		.ascii	"Rl\352\267\273\305\012\342A\227\235a\336|o\276\367\346"
 125      BBC50AE2 
 125      41979D61 
 125      DE7C6FBE 
 125      F7E6
 126 0061 313A8136 		.ascii	"1:\2016\005\321I\":\314\003\222 \224R\247|q]\000\316"
 126      05D14922 
 126      3ACC0392 
 126      209452A7 
 126      7C715D00 
 127 0076 4AE9A001 		.ascii	"J\351\240\001\201\001\334\226c\022\345\364\332\214h"
 127      8101DC96 
 127      6312E5F4 
 127      DA8C68
 128 0085 BBCB1565 		.ascii	"\273\313\025e\215m\373Rj\360\220)\211\306y\270\037\236"
 128      8D6DFB52 
 128      6AF09029 
 128      89C679B8 
 128      1F9E
 129 0097 A08D79B5 		.ascii	"\240\215y\265D\376{\323\2104%\2401\314.>Z\360\333P\240"
 129      44FE7BD3 
 129      883425A0 
ARM GAS  /tmp/ccmdLZA1.s 			page 10


 129      31CC2E3E 
 129      5AF0DB50 
 130 00ac 85E18ECA 		.ascii	"\205\341\216\312\346\232\345\011\020\2577>VRh-*\225"
 130      E69AE509 
 130      10AF373E 
 130      5652682D 
 130      2A95
 131 00be 50D6F294 		.ascii	"P\326\362\224T\307L)\361\014\222[b\026\001<E\200\210"
 131      54C74C29 
 131      F10C925B 
 131      6216013C 
 131      458088
 132 00d1 F7B8F51C 		.ascii	"\367\270\365\034Z\311>\362\371a}\364\200W\333SE\011"
 132      5AC93EF2 
 132      F9617DF4 
 132      8057DB53 
 132      4509
 133 00e3 5EBE07D1 		.ascii	"^\276\007\321\203\252\307R\365\335\264\262V\247\360"
 133      83AAC752 
 133      F5DDB4B2 
 133      56A7F0
 134 00f2 F84C03F8 		.ascii	"\370L\003\370\230&\354I\362\344\321\3406\030\222d\333"
 134      9826EC49 
 134      F2E4D1E0 
 134      36189264 
 134      DB
 135 0103 D7A02CA2 		.ascii	"\327\240,\242a)\\\020g\260\211d.\275S\232\026v\313\274"
 135      61295C10 
 135      67B08964 
 135      2EBD539A 
 135      1676CBBC 
 136 0117 445EDADE 		.ascii	"D^\332\336\337\227&fa{\327p\024\026\273a\332\217\324"
 136      DF972666 
 136      617BD770 
 136      1416BB61 
 136      DA8FD4
 137 012a 3D8F4B12 		.ascii	"=\217K\022{\244\017\223\005\207\344\201\007\317]\322"
 137      7BA40F93 
 137      0587E481 
 137      07CF5DD2 
 138 013a 766AC3E7 		.ascii	"vj\303\347\222\354\344\346\206\337-I\227\001\224\021"
 138      92ECE4E6 
 138      86DF2D49 
 138      97019411 
 139 014a E0FE4C2A 		.ascii	"\340\376L*\327n\215;$f\214$\267j\272\315\360:\301\214"
 139      D76E8D3B 
 139      24668C24 
 139      B76ABACD 
 139      F03AC18C 
 140 015e AECC540F 		.ascii	"\256\314T\017\272P\225\223\252\231\267\252\225\3347"
 140      BA509593 
 140      AA99B7AA 
 140      95DC37
 141 016d BD88C938 		.ascii	"\275\210\3118[.\0341\245\017/9\241\027vB\\\035\374\264"
 141      5B2E1C31 
 141      A50F2F39 
 141      A1177642 
ARM GAS  /tmp/ccmdLZA1.s 			page 11


 141      5C1DFCB4 
 142 0181 BB2EDAEF 		.ascii	"\273.\332\357\253\233q\325bJ\035\363(\342\216\023\021"
 142      AB9B71D5 
 142      624A1DF3 
 142      28E28E13 
 142      11
 143 0192 17EB9989 		.ascii	"\027\353\231\211DSh\332.\026n\230\262\001\257\320\316"
 143      445368DA 
 143      2E166E98 
 143      B201AFD0 
 143      CE
 144 01a3 EE9D002B 		.ascii	"\356\235\000+\010\261G\327Mfe\025{~\376M\355\265\243"
 144      08B147D7 
 144      4D666515 
 144      7B7EFE4D 
 144      EDB5A3
 145 01b6 86BFA82D 		.ascii	"\206\277\250-\354\253-\376R\373\272\236\231\367\377"
 145      ECAB2DFE 
 145      52FBBA9E 
 145      99F7FF
 146 01c5 87981F4B 		.ascii	"\207\230\037K\216\230\370S\354\272)\033\261l\213i\216"
 146      8E98F853 
 146      ECBA291B 
 146      B16C8B69 
 146      8E
 147 01d6 D81B847E 		.ascii	"\330\033\204~O\266\021\204\267\334\363\013\022\205\255"
 147      4FB61184 
 147      B7DCF30B 
 147      1285AD
 148 01e5 AC7351E7 		.ascii	"\254sQ\347\325\016I\354\277\011\242\343\301\240\301"
 148      D50E49EC 
 148      BF09A2E3 
 148      C1A0C1
 149 01f4 FFA5AEBE 		.ascii	"\377\245\256\276hW\217\321\321\035\271\0309{\336\210"
 149      68578FD1 
 149      D11DB918 
 149      397BDE88 
 150 0204 F51BDD17 		.ascii	"\365\033\335\027z\214\313\261\276+\375F8\326\333\033"
 150      7A8CCBB1 
 150      BE2BFD46 
 150      38D6DB1B 
 151 0214 8B1AA7CF 		.ascii	"\213\032\247\317uvt^3\242W#\341`\230\020\375\011\374"
 151      7576745E 
 151      33A25723 
 151      E1609810 
 151      FD09FC
 152 0227 0C062C   		.ascii	"\014\006,"
 153              		.text
 154              		.section	.gnu.lto_nvicSetSystemHandlerPriority.95e50b2adaa8fd2d,"e",%progbits
 155 0000 789C6D52 		.ascii	"x\234mR\313KTQ\030?\277\373\335\231\271\216c\331Nr\343"
 155      CB4B5451 
 155      183FBFFB 
 155      DD99B98E 
 155      63D94E72 
 156 0015 2210378E 		.ascii	"\"\0207\216\330\"\262M%\265\223\240\376\0023\301!\235"
 156      D822B24D 
 156      25B593A0 
ARM GAS  /tmp/ccmdLZA1.s 			page 12


 156      FE0233C1 
 156      219D
 157 0027 913122DA 		.ascii	"\2211\"\332x\346\241C)\266H\321Y\014\327\220\301 \320"
 157      78E6A143 
 157      29B648D1 
 157      590CD790 
 157      C120D0
 158 003a CA36F96A 		.ascii	"\3126\371j\322\314\264\231\"{\010B\366\300T|B\272\250"
 158      D2CCB499 
 158      227B0842 
 158      F6C0547C 
 158      42BAA8
 159 004d 0CA7EFDC 		.ascii	"\014\247\357\334\231\205\213\016\367\034\316\367\372"
 159      99858B0E 
 159      F71CCEF7 
 159      FA
 160 005a 7DBFFB3B 		.ascii	"}\277\373;\237! \316\221\020\347\205\020\247x\303&\240"
 160      9F2120CE 
 160      9110E785 
 160      10A778C3 
 160      26A0
 161 006c 49294F3B 		.ascii	"I)O;\002\206\246Q*:d\327\245S\037ZN\236\324\245\213"
 161      0286A651 
 161      2A3A64D7 
 161      A5531F5A 
 161      4E9ED4A5 
 162 0081 A067633A 		.ascii	"\240gc:`\335\244\001\321\254\221\216f\334\241n\302D"
 162      60DDA401 
 162      D1AC918E 
 162      66DCA16E 
 162      C244
 163 0093 64F9A956 		.ascii	"d\371\251V\322\3171\231\350\376\344l\225-\005&\303G"
 163      D2CF3199 
 163      E8FEE46C 
 163      952D0526 
 163      C347
 164 00a5 79671686 		.ascii	"yg\026\206Q\302y\213\301\330/W\007\231\004\350lv\316"
 164      51C2798B 
 164      C1D82F57 
 164      079904E8 
 164      6C76CE
 165 00b8 3E99712A 		.ascii	">\231q*SC\021\233\241\273\343\243\006U@\360}4\262\236"
 165      5343119B 
 165      A1BBE3A3 
 165      065540F0 
 165      7D34B29E 
 166 00cc D68BE352 		.ascii	"\326\213\343R\006eb)N\362\230I\2041\020Cb\024\205\030"
 166      06656229 
 166      4EF29849 
 166      84311043 
 166      62148518 
 167 00e0 41A110EC 		.ascii	"A\241\020\354c\350q\024s\301\203\340\312&\321Y\253x"
 167      63E87114 
 167      73C183E0 
 167      CA26D159 
 167      AB78
 168 00f2 60F3F7BB 		.ascii	"`\363\367\273\274l\361n\177\266\370\331\177\213\023"
ARM GAS  /tmp/ccmdLZA1.s 			page 13


 168      BC6CF16E 
 168      7FB6F8D9 
 168      7F8B13
 169 0101 2816AAE4 		.ascii	"(\026\252\344\373\243\375\256<\273\236\245\214\347\260"
 169      FBA3FDAE 
 169      3CBB9EA5 
 169      8CE7B0
 170 0110 B344027D 		.ascii	"\263D\002}$\006\347l\011\271\237\2160\217\202\205\301"
 170      2406E76C 
 170      09B99F8E 
 170      308F8285 
 170      C1
 171 0121 1C17B852 		.ascii	"\034\027\270R\327\370\260\221:t>\3546u8\240\2508\221"
 171      D7F8B091 
 171      3A743EEC 
 171      367538A0 
 171      A83891
 172 0134 C16C23A1 		.ascii	"\301l#\241\344\320!\023B\264\223\2261\002l\254!4\034"
 172      E4D02113 
 172      42B49396 
 172      31026CAC 
 172      21341C
 173 0147 F9FCD1A5 		.ascii	"\371\374\321\245\232\304\0101rp\377\241\245\271N\273"
 173      9AC40831 
 173      7270FFA1 
 173      A5B94EBB 
 174 0157 9282908B 		.ascii	"\222\202\220\213\011\346\267\206\340\337\01029\032\247"
 174      09E6B786 
 174      E0DF0832 
 174      391AA7
 175 0166 890DB414 		.ascii	"\211\015\264\024eL\245\370\310\356\330ZN\030\301\000"
 175      654CA5F8 
 175      C8EED85A 
 175      4E18C100 
 176 0176 0BED8892 		.ascii	"\013\355\210\222\342:\2110\004'stz{\363\003\024\232"
 176      E23A8930 
 176      04277374 
 176      7A7BF303 
 176      149A
 177 0188 0D022F50 		.ascii	"\015\002/Ph\222!~ \274Z\231\005P>\353]\332\211\226\223"
 177      6892217E 
 177      20BC5A99 
 177      05503EEB 
 177      5DDA8996 
 178 019d D1E38A97 		.ascii	"\321\343\212\227\266\201\260\325@\311\021\273\237L["
 178      B681B0D5 
 178      40C911BB 
 178      9F4C5B
 179 01ac F0864939 		.ascii	"\360\206I9Q\322\030~J\301s\250#\264\275h(l\247e\036"
 179      51D2187E 
 179      4AC173A8 
 179      23B4BD68 
 179      286CA765 
 180 01c1 24E2EC53 		.ascii	"$\342\354S\352\261\363\213\374\231r\306\321\027\310"
 180      EAB1F38B 
 180      FC9972C6 
 180      D117C8
ARM GAS  /tmp/ccmdLZA1.s 			page 14


 181 01d0 372917D3 		.ascii	"7)\027\323\\\211\227\252#\207vV\246\306\015\225\337"
 181      5C8997AA 
 181      23877656 
 181      A6C60D95 
 181      DF
 182 01e1 23659102 		.ascii	"#e\221\002y\20582z\317p\236I.\213\226~P/V\"5\277\232"
 182      79853832 
 182      7ACF709E 
 182      492E8B96 
 182      7E502F56 
 183 01f9 15438F91 		.ascii	"\025C\217\221Si\370\2475\353\260\261\357\340l\345A\307"
 183      5369F8A7 
 183      35EBB0B1 
 183      EFE06CE5 
 183      41C7
 184 020b ACA5E0C4 		.ascii	"\254\245\340\304\342\355[\016\225t\220\366!\213\366"
 184      E2ED5B0E 
 184      957490F6 
 184      218BF6
 185 021a D6D7F68A 		.ascii	"\326\327\366\212\214%\027B\362\020{&\273\036\1773\024"
 185      8C251742 
 185      F2107B26 
 185      BB1E7F33 
 185      14
 186 022b 676EDC7B 		.ascii	"gn\334{\324\244\303H\362\250\274\316\322\036[\337{\217"
 186      D4A4C348 
 186      F2A8BCCE 
 186      D21E5BDF 
 186      7B8F
 187 023d B201190E 		.ascii	"\262\001\031\016(\326\371H1\353\036kV\024\366\374\275"
 187      28D6F948 
 187      31EB1E6B 
 187      5614F6FC 
 187      BD
 188 024e 1DA3FCA1 		.ascii	"\035\243\374\241\012\366\3364\351\010\336\240\214\237"
 188      0AF6DE34 
 188      E908DEA0 
 188      8C9F
 189 025c D59AA4B7 		.ascii	"\325\232\244\267(g\212b\013\301\336\275\256\314\217"
 189      28678A62 
 189      0BC1DEBD 
 189      AECC8F
 190 026b AAD54648 		.ascii	"\252\325FH\363\"k<\2048QZ\352\346\357j\255\337[[\357"
 190      F3226B3C 
 190      8438515A 
 190      EAE6EF6A 
 190      ADDF5B5B 
 191 0280 AEACF35C 		.ascii	"\256\254\363\\\366\\\270\344\3665\271\353\252\353\335"
 191      F65CB8E4 
 191      F635B9EB 
 191      AAEBDD
 192 028f 8D3EFFB5 		.ascii	"\215>\377\265&w\215\257\241\301\347u\237\271XUYu\303"
 192      26778DAF 
 192      A1C1E775 
 192      9FB95855 
 192      5975C3
 193 02a2 EDBDEEA9 		.ascii	"\355\275\356\251)\255\021\216\272j\357\225\372Z\277"
ARM GAS  /tmp/ccmdLZA1.s 			page 15


 193      29AD118E 
 193      BA6AEF95 
 193      FA5ABF
 194 02b1 DEE8F7F8 		.ascii	"\336\350\367\370\376\001\036\271%a"
 194      FE011EB9 
 194      2561
 195              		.text
 196              		.section	.gnu.lto___func__.7788.95e50b2adaa8fd2d,"e",%progbits
 197 0000 789CE360 		.ascii	"x\234\343``d\020e``\220g\200\200\351\314\214\037\036"
 197      60641065 
 197      60609067 
 197      8080E9CC 
 197      8C1F1E
 198 0013 CFB9CCA4 		.ascii	"\317\271\314\244\3104\277\201c>3\003\003\343.FE\006"
 198      C834BF81 
 198      633E3303 
 198      03E32E46 
 198      4506
 199 0025 D9BCB2CC 		.ascii	"\331\274\262\314\344\340\324\222\340\312\342\222\324"
 199      E4E0D492 
 199      E0CAE292 
 199      D4
 200 0032 5C8FC4BC 		.ascii	"\\\217\304\274\224\234\324\242\200\242\314\374\242\314"
 200      949CD4A2 
 200      80A2CCFC 
 200      A2CC
 201 0040 924A0600 		.ascii	"\222J\006\000\351\274\022\204"
 201      E9BC1284 
 202              		.text
 203              		.section	.gnu.lto_nvicClearPending.95e50b2adaa8fd2d,"e",%progbits
 204 0000 789C4550 		.ascii	"x\234EPAKTQ\024>\337=\357\315\274\312t\033\014\225\213"
 204      414B5451 
 204      143EDF3D 
 204      EFCDBCCA 
 204      741B0C95 
 205 0015 40249827 		.ascii	"@$\230'n\202\334\024.C\202\372\0055\010\016\351LhD\253"
 205      6E82DC14 
 205      2E4382FA 
 205      0535080E 
 205      E94C6844 
 206 002a BCF32667 		.ascii	"\274\363&g0\3156:V0\274\021\035\252M%\264\261,_\223"
 206      30CD363A 
 206      5630BC11 
 206      1DAA4D25 
 206      B4B12C5F 
 207 003f 25B66B16 		.ascii	"%\266k\026AP\023\025D\265\250E\233\020\035;\367=\303"
 207      41501315 
 207      44B5A845 
 207      9B101D3B 
 207      F73DC3
 208 0052 CBBD97F3 		.ascii	"\313\275\227\363}\347|\347\236\3739\004\212)\242\036"
 208      7DE77CE7 
 208      9EFB3904 
 208      8A29A21E 
 209 0062 223A2807 		.ascii	"\":(\007LPZ\353\023\361\234\243\2000\322\016hTa\024"
 209      4C505AEB 
 209      13F19CA3 
ARM GAS  /tmp/ccmdLZA1.s 			page 16


 209      8030D20E 
 209      68546114 
 210 0076 37799651 		.ascii	"7y\226Q+~[R\235w%\243\203\331;\373\012z\354\200\317"
 210      2B7E5B52 
 210      9D7725A3 
 210      83D93BFB 
 210      0A7AEC80 
 211 008b 44B7E544 		.ascii	"D\267\345D\013O\320)u\015\257\374\267e\212}\006,\201"
 211      0B4FD029 
 211      750DAFFC 
 211      B7658A7D 
 211      062C81
 212 009e D36F1EAF 		.ascii	"\323o\036\257\3575P\241]\340\226\236.\265\362q\220\304"
 212      EF3550A1 
 212      5DE0969E 
 212      2EB5F271 
 212      90C4
 213 00b0 3F3EAD15 		.ascii	"?>\255\025\320Q\325\332\323\301\352\002\353#>3\236\201"
 213      D051D5DA 
 213      D3C1EA02 
 213      EB233E33 
 213      9E81
 214 00c2 A5259691 		.ascii	"\245%\226\221\300S$\210\204\223\326\317\321AF\362e\261"
 214      C0532488 
 214      8493D6CF 
 214      D14146F2 
 214      65B1
 215 00d4 39B33F66 		.ascii	"9\263?f\355\274\212\025\304\344\037D\017\353v\240\233"
 215      EDBC8A15 
 215      C4E41F44 
 215      0FEB76A0 
 215      9B
 216 00e5 DB451D7C 		.ascii	"\333E\035|X\300\342)\231\333gK\311e\263\211,s\331\210"
 216      58C0E229 
 216      99DB674B 
 216      C965B389 
 216      2C73D988 
 217 00f9 BA4C3099 		.ascii	"\272L0\231?X\320\001\321$\253\010\344\004\374D\276T"
 217      3F58D001 
 217      D124AB08 
 217      E404FC44 
 217      BE54
 218 010b DC7A7F4F 		.ascii	"\334z\177O\231\276eF\231my\362\335\312\3342\314\007"
 218      99BE6546 
 218      996D79F2 
 218      DDCADC32 
 218      CC07
 219 011d 2C1C4620 		.ascii	",\034F #I\331Fa=\036\025)\034MH\251!7\013\367\355\210"
 219      2349D946 
 219      613D1E15 
 219      291C4D48 
 219      A921370B 
 220 0134 E41DE5C7 		.ascii	"\344\035\345\307\371J\250\264a\343E\250\3646\213\377"
 220      F94AA8B4 
 220      61E345A8 
 220      F4368BFF 
 221 0144 95968885 		.ascii	"\225\226\210\205\2515\256\217\207\214\010\246\362\277"
ARM GAS  /tmp/ccmdLZA1.s 			page 17


 221      A935AE8F 
 221      878C08A6 
 221      F2BF
 222 0152 1B8E11C4 		.ascii	"\033\216\021\304B\177f\336.\325\333\"\250ky\335*T}\255"
 222      427F66DE 
 222      2ED5DB22 
 222      A86B79DD 
 222      2A547DAD 
 223 0166 F4C7A962 		.ascii	"\364\307\251b>'CW\016\371\034\307K1\252f\214\222\354"
 223      3E274357 
 223      0EF91CC7 
 223      4B31AA66 
 223      8C92EC
 224 0179 D8E7EDEF 		.ascii	"\330\347\355\357\252\353\201\276\226\323\355>;XE\025"
 224      AAEB81BE 
 224      96D3ED3E 
 224      3B584515 
 225 0189 B742A724 		.ascii	"\267B\247$\331\2741\347\265t?2\311\312U\237\367\340"
 225      D9BC31E7 
 225      B5743F32 
 225      C9CA559F 
 225      F7E0
 226 019b 15BACA1C 		.ascii	"\025\272\312\034\371\370\032\3352\020\375\202W\371Z"
 226      F9F81ADD 
 226      3210FD82 
 226      57F95A
 227 01aa 4268AB59 		.ascii	"Bh\253Y\023\214]\253\210\216%\223\256\354\013\375\303"
 227      138C5DAB 
 227      888E2593 
 227      AEEC0BFD 
 227      C3
 228 01bb 99FE41B7 		.ascii	"\231\376A\267w }>}\372\254\233\035q\007\316\015\272"
 228      77207D3E 
 228      7DFAAC9B 
 228      1D7107CE 
 228      0DBA
 229 01cd 17B3C397 		.ascii	"\027\263\303\227F\334Tvh(\233qO\236\351\353\355\273"
 229      46DC5476 
 229      68289B71 
 229      4F9EE9EB 
 229      EDBB
 230 01df E2662EA7 		.ascii	"\342f.\247S\311\024!\363\017\334\306\266\252"
 230      53C91421 
 230      F30FDCC6 
 230      B6AA
 231              		.text
 232              		.section	.gnu.lto_nvicSetPending.95e50b2adaa8fd2d,"e",%progbits
 233 0000 789C4550 		.ascii	"x\234EP\317k\023A\024~\337\274\335d\325Z\257BP{\020"
 233      CF6B1341 
 233      147EDFBC 
 233      DD64D55A 
 233      AF42507B 
 234 0015 4A11B2A5 		.ascii	"J\021\262\245\027A/J\217R\004\375\0134\024\032l\023"
 234      17412F4A 
 234      8F5204FD 
 234      0B34141A 
 234      6C13
ARM GAS  /tmp/ccmdLZA1.s 			page 18


 235 0027 69453CD9 		.ascii	"iE<\331\311\306&h\265^\332D\017\313\246\304\240\"\370"
 235      C9C62668 
 235      B55EDA44 
 235      0FCBA6C4 
 235      A022F8
 236 003a 03BC546B 		.ascii	"\003\274Tk\273\306\037\245\342\305\200\336\032\321\203"
 236      BBC61FA5 
 236      E2C580DE 
 236      1AD183
 237 0049 A8073DE8 		.ascii	"\250\007=\350A\244\246\276\331\2558\314\014\357\373"
 237      41A4A6BE 
 237      D9AD38CC 
 237      0CEFFB
 238 0058 DEFBDEBC 		.ascii	"\336\373\336\274\371\034\002%\024\321A\"\332%\007LP"
 238      F91C0225 
 238      14D14122 
 238      DA25074C 
 238      50
 239 0069 5AEB43C9 		.ascii	"Z\353C\311\202\243\200(\322\016hRa\022W\271\312h\226"
 239      82A38028 
 239      D20E6852 
 239      611257B9 
 239      CA6896
 240 007c 3F2DA8BE 		.ascii	"?-\250\276\233\222\321aui[IO\355\014\230\350\272\234"
 240      9B92D161 
 240      75695B49 
 240      4FED0C98 
 240      E8BA9C
 241 008f 78E111FA 		.ascii	"x\341\021\372\244\256\355\371\277\272f8`\300\0228\373"
 241      A4AEEDF9 
 241      BFBA6638 
 241      60C01238 
 241      FB
 242 00a0 EAE1EA56 		.ascii	"\352\341\352V\003\025z\004\376\321\263\225n>\000\222"
 242      03157A04 
 242      FED1B395 
 242      6E3E0092 
 243 00b0 F8CBFB95 		.ascii	"\370\313\373\225\022z\033Z{:\374Yg\2757`\306\023\260"
 243      127A1B5A 
 243      7B3AFC59 
 243      67BD3760 
 243      C613B0
 244 00c3 B4C42252 		.ascii	"\264\304\"Rx\214\024\221p\322z\011\275d$\037\037t\346"
 244      788C1491 
 244      70D27A09 
 244      BD64241F 
 244      1F74E6
 245 00d6 B627ACCD 		.ascii	"\266'\254\315W\261\214\204\374\203\350^\313\016ug\243"
 245      57B18C84 
 245      FC83E85E 
 245      CB0E7567 
 245      A3
 246 00e7 ACC3D737 		.ascii	"\254\303\3277\360\366\210\314\035\260\245\344\262\331"
 246      F0F688CC 
 246      1DB0A5E4 
 246      B2D9
 247 00f5 4496B96C 		.ascii	"D\226\271l\304]\246\231\314\037,\350\220\3502\253\030"
ARM GAS  /tmp/ccmdLZA1.s 			page 19


 247      C45DA699 
 247      CC1F2CE8 
 247      90E832AB 
 247      18
 248 0106 14047C45 		.ascii	"\024\004|E\261R\366\327n)\323\327g\370l\313\223\357"
 248      B152F6D7 
 248      6E29D3D7 
 248      67F86CCB 
 248      93EF
 249 0118 96E71761 		.ascii	"\226\347\027a>`a\017B\031I\312~\227V\223q\221\302\276"
 249      3E60610F 
 249      421949CA 
 249      7E975693 
 249      7191C2BE 
 250 012c 94941A72 		.ascii	"\224\224\032r\275t\333\216I\336T\256\325k\221\322\206"
 250      BD74DB8E 
 250      49DE54AE 
 250      D56B91D2 
 250      86
 251 013d 8DA791D2 		.ascii	"\215\247\221\322[/\377SZ\"\026\246\331\276t1bD0S\374"
 251      5B2FFF53 
 251      5A2216A6 
 251      D9BE7431 
 251      62443053 
 252 0152 DE768C20 		.ascii	"\336v\214 \021\3713\367f\241\265#\206\272Y\324\335B"
 252      11F933F7 
 252      66A1B523 
 252      86BA59D4 
 252      DD42
 253 0164 B5562A3F 		.ascii	"\265V*?\234\006\352\005\031\272\266;\340$\236\211QM"
 253      9C06EA05 
 253      19BAB63B 
 253      E0249E89 
 253      514D
 254 0176 639464A7 		.ascii	"c\224d\247>l|V\375w\365\205\202\356\011\330\301s4p-"
 254      3E6C7C56 
 254      FD77F585 
 254      82EE09D8 
 254      C1733470 
 255 018b 724A929D 		.ascii	"rJ\222\235+\363^\327\300}\223\254\235\017x\013^\240"
 255      2BF35ED7 
 255      C07D93AC 
 255      9D0F780B 
 255      5EA0
 256 019d DFE7D8C7 		.ascii	"\337\347\330\307\227\030\220\201\350\033\274\332\235"
 256      97189081 
 256      E81BBCDA 
 256      9D
 257 01aa 2A225BCD 		.ascii	"*\"[\315\232f\374\267\212h\177:\355\312>5<\236\033\036"
 257      9A66FCB7 
 257      8A687F3A 
 257      EDCA3E35 
 257      3C9E1B1E 
 258 01be 750747B2 		.ascii	"u\007G\262'\263G\217\273\371\011w\344\304\250{:?~f\302"
 258      27B3478F 
 258      BBF90977 
 258      E4C4A87B 
ARM GAS  /tmp/ccmdLZA1.s 			page 20


 258      3A3F7E66 
 259 01d3 CDE4C7C6 		.ascii	"\315\344\307\306\3629\367\360\261\241\301\241sn\356"
 259      F239F7F0 
 259      B1A1C1A1 
 259      736EEE
 260 01e2 6C3693CE 		.ascii	"l6\223\316\020r\177\001\025\254\266~"
 260      10727F01 
 260      15ACB67E 
 261              		.text
 262              		.section	.gnu.lto_.symbol_nodes.95e50b2adaa8fd2d,"e",%progbits
 263 0000 789C75CC 		.ascii	"x\234u\314\273\021\202P\024\204\341\335{@\350\302\031"
 263      BB118250 
 263      1484E1DD 
 263      7B40E8C2 
 263      19
 264 0011 5B3031D4 		.ascii	"[01\324^\354cO\011\244\344\006\326`\015\216e8\276\020"
 264      5EEC634F 
 264      09A4E406 
 264      D6600D8E 
 264      6538BE10 
 265 0025 022312B8 		.ascii	"\002#\022\270>2/\177\372\315n\011\342\205X\270P\350"
 265      3E322F7F 
 265      FACD6E09 
 265      E28558B8 
 265      50E8
 266 0037 FAFD8AD5 		.ascii	"\372\375\212\325\011\020p\360M\264\267\\)z,\373\247"
 266      091070F0 
 266      4DB4B75C 
 266      297A2CFB 
 266      A7
 267 0048 1B1526E8 		.ascii	"\033\025&\350NY\232\362\216\360\005`\341Ae\023\363\206"
 267      4E599AF2 
 267      8EF00560 
 267      E1416513 
 267      F386
 268 005a CAD3C496 		.ascii	"\312\323\304\226\232\015\277\346\037\006\334\327Q\236"
 268      9A0DBFE6 
 268      1F06DCD7 
 268      519E
 269 0068 549114B3 		.ascii	"T\221\024\263\362{\2665+\316\307z\311\0351\002\225\306"
 269      F27BB635 
 269      2BCEC77A 
 269      C91D3102 
 269      95C6
 270 007a 4A2D     		.ascii	"J-"
 271              		.text
 272              		.section	.gnu.lto_.refs.95e50b2adaa8fd2d,"e",%progbits
 273 0000 789CE360 		.ascii	"x\234\343``d`c```dfbae\000\000\000\371\000\037"
 273      60646063 
 273      60606064 
 273      66626165 
 273      000000F9 
 274              		.text
 275              		.section	.gnu.lto_.decls.95e50b2adaa8fd2d,"e",%progbits
 276 0000 789CB558 		.ascii	"x\234\265X{PU\307\031?{\366\302}\360\320\242y\314`\247"
 276      7B5055C7 
 276      193F7BF6 
ARM GAS  /tmp/ccmdLZA1.s 			page 21


 276      C27DF0D0 
 276      A279CC60 
 277 0015 998C9D74 		.ascii	"\231\214\235t\332\306kbZ\223ig\032\270\232\312\264\246"
 277      DAC66B62 
 277      5A936967 
 277      1AB89ACA 
 277      B4A6
 278 0027 F4626C9B 		.ascii	"\364bl\233f\312\030B\002-B\0061\215\177\365\\ \210("
 278      66CA1842 
 278      022D4206 
 278      318D7FF5 
 278      5C208828 
 279 003b 0822CA43 		.ascii	"\010\"\312C\345%QP\242\004\224\030D.(\210\210\274\024"
 279      E5255150 
 279      A2049418 
 279      442E2888 
 279      88BC14
 280 004e 0888BC04 		.ascii	"\010\210\274\004y\210B0\032y(\375\366\354\036\316\271"
 280      79884230 
 280      1A7928FD 
 280      F6EC1ECE 
 280      B9
 281 005f E7724D26 		.ascii	"\347rM&\235\336\341\273\207\335\375\355\267\277\357"
 281      9DDEE1BB 
 281      87DDFDED 
 281      B7BFEF
 282 006e DB6FBFFD 		.ascii	"\333o\277\375\316\325q\210+\\\306q\245<\307\225\200"
 282      CED57188 
 282      2B5CC671 
 282      A53CC795 
 282      80
 283 007f CCC147C7 		.ascii	"\314\301G\307q\\3\010\006\251\004\271\002\342\314\321"
 283      715C3308 
 283      06A904B9 
 283      02E2CCD1 
 284 008f 0F19BB06 		.ascii	"\017\031\273\006\322\001r\003\244\007\244\017\344&\310"
 284      D2017203 
 284      A407A40F 
 284      E426C8
 285 009e 30C83D10 		.ascii	"0\310=\020\004\362\200\263\375\344C\247\013<\203@<@"
 285      04F280B3 
 285      FDE443A7 
 285      0B3C8340 
 285      3C40
 286 00b0 9632DD5A 		.ascii	"\2262\335Z\350w\006\231\202\377\377\014O_\220_ \252"
 286      E8770699 
 286      82FFFF0C 
 286      4F5F905F 
 286      20AA
 287 00c2 84ACAF81 		.ascii	"\204\254\257\201\347:\020/D\365^\343\354?\3050\340\266"
 287      E73A102F 
 287      44F55EE3 
 287      EC3FC530 
 287      E0B6
 288 00d4 806E308B 		.ascii	"\200n0\213{\001\344o\012\335\313@<Ukx3\375o\2625:\026"
 288      7B01E46F 
 288      0ADDCB40 
ARM GAS  /tmp/ccmdLZA1.s 			page 22


 288      3C556B78 
 288      33FD6FB2 
 289 00eb 58A30C06 		.ascii	"X\243\014\006\\\027XC\255_\322+\255C\364K\374\275\231"
 289      5C175843 
 289      AD5FD22B 
 289      AD43F44B 
 289      FCBD99
 290 00fe FE1B0BE8 		.ascii	"\376\033\013\350\257@T\257Z\277\037\242\276'\266l\204"
 290      AF4054AF 
 290      5ABF1FA2 
 290      BE27B66C 
 290      84
 291 010f FFFF02F2 		.ascii	"\377\377\002\362WD\367\244\036d\210\255\237\013}9 \026"
 291      5744F7A4 
 291      1E6488AD 
 291      9F0B7D39 
 291      2016
 292 0121 B62E5927 		.ascii	"\266.Y'\235\255\337\303\366e\330\301\336\334a\370\372"
 292      9DADDFC3 
 292      F665D8C1 
 292      DEDC61F8 
 292      FA
 293 0132 0578499F 		.ascii	"\005xI\237\363\00008\260\377\355\005\354'\017i\317\372"
 293      F3003038 
 293      B0FFED05 
 293      EC270F69 
 293      CFFA
 294 0144 16D077F1 		.ascii	"\026\320w\361\007\350[\313\2367\027\320\267\037\243"
 294      07E85BCB 
 294      9E3717D0 
 294      B71FA3
 295 0153 B3318FCE 		.ascii	"\2631\217\316i\0230z\301\200H\024/\202\256\213\343w"
 295      6913307A 
 295      C1804814 
 295      2F82AE8B 
 295      E377
 296 0165 AE21DA45 		.ascii	"\256!\332E\020\303E\211\365\2130/\376?^\225\353o,\024"
 296      10C34589 
 296      F58B302F 
 296      FE3F5E95 
 296      EB6F2C14 
 297 0179 E847B78D 		.ascii	"\350G\267\215Cg\021\226u\345\037N\312q\306\336\"\262"
 297      43671196 
 297      75E51F4E 
 297      CA71C6DE 
 297      22B2
 298 018b 3BF2E043 		.ascii	";\362\340CWP\342a@\032h\356\255+\271d\200\346R\003z"
 298      5750E261 
 298      401A68EE 
 298      AD2BB964 
 298      80E65203 
 299 01a0 0E9AE9BD 		.ascii	"\016\232\351\275\307\262]\015\261\202\020)dE\011\372"
 299      C7B25D0D 
 299      B1821029 
 299      644509FA 
 300 01b0 751CB222 		.ascii	"u\034\262\"OT\201<9t\016\211+\227##*\203\276/I_%2\300"
 300      4F54813C 
ARM GAS  /tmp/ccmdLZA1.s 			page 23


 300      39740E89 
 300      2B972323 
 300      2A83BE2F 
 301 01c9 A4A198FA 		.ascii	"\244\241\230\372\307Z\252r\031Y\241t(\323\215\350\020"
 301      C75AAA72 
 301      1959A174 
 301      28D38DE8 
 301      10
 302 01da A80ED22F 		.ascii	"\250\016\322/i\341\320yd\340\220\321\023UA\013\300\211"
 302      69E1D079 
 302      64E090D1 
 302      1355410B 
 302      C089
 303 01ec F1453D3C 		.ascii	"\361E=<\235\373ch\346\365\235\213\322S:\303\010\332"
 303      9DFB6368 
 303      E6F59D8B 
 303      D2533AC3 
 303      08DA
 304 01fe AD0FCBA7 		.ascii	"\255\017\313\247]\361\037\010sl\211\233\356\300\310"
 304      5DF11F08 
 304      736C899B 
 304      EEC0C8
 305 020d E0894017 		.ascii	"\340\211@\027\022)\012\271\002~\226C\253<\321J S\003"
 305      12290AB9 
 305      027E9643 
 305      AB3CD14A 
 305      205303
 306 0220 042F12ED 		.ascii	"\004/\022\355\265\000\270\004\352\323\004\235\330\221"
 306      B500B804 
 306      EAD3049D 
 306      D891
 307 022e 26007AE2 		.ascii	"&\000z\342?\342\377\2403\241\346\210E\347\221H\370\301"
 307      3FE2FFA0 
 307      33A1E688 
 307      45E79148 
 307      F8C1
 308 0240 D7EB88F4 		.ascii	"\327\353\210\364\243j\230sA$X\207<(K\321u\261\003\367"
 308      A36A9873 
 308      41245887 
 308      3C284BD1 
 308      75B103F7 
 309 0254 CB5D0C6C 		.ascii	"\313]\014l\265\350'\255\006\340\3623I\311NJ\315\227"
 309      B5E827AD 
 309      06E0F233 
 309      49C94E4A 
 309      CD97
 310 0266 9FA0F9D2 		.ascii	"\237\240\371\322\201\221\034'\327\270yW\243z\344\241"
 310      81911C27 
 310      D7B87957 
 310      A37AE4A1 
 311 0276 F0D31544 		.ascii	"\360\323\025D\016(y\0006\373Fo\205\276\017\365 \236"
 311      0E287900 
 311      36FB466F 
 311      85BE0FF5 
 311      209E
 312 0288 F4A1A318 		.ascii	"\364\241\243\030q\210\306\021\"!D\237\210\374OdN\372"
 312      7188C611 
ARM GAS  /tmp/ccmdLZA1.s 			page 24


 312      2221449F 
 312      88FC4F64 
 312      4EFA
 313 029a 20F26138 		.ascii	" \362a8)\354\244>\372\220\276h\037\317\264\360,t\020"
 313      29ECA43E 
 313      FA90BE68 
 313      1FCFB4F0 
 313      2C7410
 314 02ad E2E657A1 		.ascii	"\342\346W\241\272\025\252\3518b\343\222\022:\201\262"
 314      BA15AAE9 
 314      3862E392 
 314      123A81B2 
 315 02bd 9227B22E 		.ascii	"\222'\262.\236-\247\234\201\354\030\313\012\271y\245"
 315      9E2DA79C 
 315      81EC18CB 
 315      0AB979A5 
 316 02cd D207CDC7 		.ascii	"\322\007\315\307\364\241G\361\231\356\375\250\327\002"
 316      F4A147F1 
 316      99EEFDA8 
 316      D702
 317 02db CE3E796A 		.ascii	"\316>yj\302\215CO%>\307\211!>\227\322\033\257\305\037"
 317      C28D434F 
 317      253EC789 
 317      213E97D2 
 317      1BAFC51F 
 318 02ef 88FFC754 		.ascii	"\210\377\307T'\226\271\321\370\342\211#[\233\"\021\215"
 318      2796B9D1 
 318      F8E28923 
 318      5B9B2211 
 318      8D
 319 0300 AFC5D04C 		.ascii	"\257\305\320L\311\271pM\377L\212\270aQ\302b\036\005"
 319      C9B9704D 
 319      FF4C8AB8 
 319      6151C262 
 319      1E05
 320 0312 3D8D5A60 		.ascii	"=\215Z`\013\232\305-\270\212\236\341\320V\015]\257\373"
 320      0B9AC52D 
 320      B88A9EE1 
 320      D0560D5D 
 320      AFFB
 321 0324 C0F6AE45 		.ascii	"\300\366\256E\317g\011\275\275\202\365\342\241\337\246"
 321      CF6709BD 
 321      BD82F5E2 
 321      A1DFA6
 322 0333 D5C7084D 		.ascii	"\325\307\010M0\355u\021\206\232 \032\340d\210\024\341"
 322      30ED7511 
 322      869A201A 
 322      E0648814 
 322      E1
 323 0344 7F0E35A2 		.ascii	"\177\0165\242~\204\032P\037\261\346\032z\036\024d\\"
 323      7E841A50 
 323      1FB1E61A 
 323      7A1E1464 
 323      5C
 324 0355 EBCFE5F1 		.ascii	"\353\317\345\361Q$\322\272\325\235p\335I\003~&G\210"
 324      5124D2BA 
 324      D59D70DD 
ARM GAS  /tmp/ccmdLZA1.s 			page 25


 324      49037E26 
 324      4788
 325 0367 AC017D25 		.ascii	"\254\001}%\235=V~\276\257\015\211\235\226\207;\247\261"
 325      9D3D567E 
 325      BEAF0D89 
 325      9D96873B 
 325      A7B1
 326 0379 43865F11 		.ascii	"C\206_\021\206\355\210Q\034\377\344R\2013\2438\271,"
 326      86ED8851 
 326      1CFFE452 
 326      8133A338 
 326      B92C
 327 038b 5DB042CC 		.ascii	"]\260B\314\012<\001\241V\005\277V5\277\016\221_kw\371"
 327      0A3C01A1 
 327      5605BF56 
 327      35BF0E91 
 327      5F6B77F9 
 328 039f 04C6671C 		.ascii	"\004\306g\034\363K\275sp\324\305!\225.B\345\272D\245"
 328      F34BBD73 
 328      70D4C521 
 328      952E42E5 
 328      BA44A5
 329 03b2 E8466904 		.ascii	"\350Fi\004c2\372\223y&\200A\235\012&\235j&7D&E\017o"
 329      6332FA93 
 329      79268041 
 329      9D0A269D 
 329      6A263744 
 330 03ca 47617C99 		.ascii	"Ga|\23129\235Z]\244e\252:\177ncT\267BU\267ZU\217\250"
 330      32399D5A 
 330      5DA465AA 
 330      3A7F6E63 
 330      54B74255 
 331 03e3 AAFCC87E 		.ascii	"\252\374\310~\037<L5\325g}Y\256\223H\375\322\206T\257"
 331      1F3C4C35 
 331      D5677D59 
 331      AE9348FD 
 331      D28654AF 
 332 03f7 4253AF5A 		.ascii	"BS\257ZS\237\250)7o\314\242\305STUaNc\251\013S5\375"
 332      539FA829 
 332      376FCCA2 
 332      C5535455 
 332      614E63A9 
 333 040f A28DAA7E 		.ascii	"\242\215\252~\205\252~\265\252\233\242*\353\304\341"
 333      85AA7EB5 
 333      AA9BA22A 
 333      EBC4E1
 334 041e 548C6369 		.ascii	"T\214ci\346\356\275[\225\210\225i\200\344\0149\015\014"
 334      E6EEBD5B 
 334      95889569 
 334      80E40C39 
 334      0D0C
 335 0430 8A690070 		.ascii	"\212i\000pu\247\223\317\272\211;\002]lGj\212O~\212\034"
 335      75A793CF 
 335      BA893B02 
 335      5D6C476A 
 335      8A4F7E8A 
 336 0445 EEC810D9 		.ascii	"\356\310\020\331\221[\322\216\344755;\021\312\202`m"
ARM GAS  /tmp/ccmdLZA1.s 			page 26


 336      915BD28E 
 336      E4373535 
 336      3B11CA82 
 336      606D
 337 0457 AF5B5E76 		.ascii	"\257[^vrX\2105\210 4\240\240<\300\356\015H\277\204\352"
 337      72588835 
 337      882034A0 
 337      A03CC0EE 
 337      0D48BF84 
 338 046c 5447E6B4 		.ascii	"TG\346\264\033\266R\252\205\2213\325:\334L\033\223\335"
 338      1BB652AA 
 338      859133D5 
 338      3ADC4C1B 
 338      93DD
 339 047e 5D475D81 		.ascii	"]G]\201\017\032\025g@\317\225\023#;\235q;\035.\271\235"
 339      0F1A1567 
 339      40CF9513 
 339      233B9D71 
 339      3B1D2EB9 
 340 0493 9C410208 		.ascii	"\234A\002\010\215\021\037\334\246\301|\322b=\342\206"
 340      8D111FDC 
 340      A6C17CD2 
 340      623DE286 
 341 04a3 BB28A2EA 		.ascii	"\273(\242\352\372\340\220\226 \356\022\304\035\212\370"
 341      FAE09096 
 341      20EE12C4 
 341      1D8AF8
 342 04b2 ECF8CC49 		.ascii	"\354\370\314I\203h\245\263\024v}G\006\267J=\023\024"
 342      8368A5B3 
 342      14767D47 
 342      06B74A3D 
 342      1314
 343 04c4 B5AFB16A 		.ascii	"\265\257\261j\314\346P\300\220l\367$\261\373k\311n\341"
 343      CCE650C0 
 343      906CF724 
 343      B1FB6BC9 
 343      6EE1
 344 04d6 5C56A42B 		.ascii	"\\V\244+\330=\221%d\245\013\336\221\302.\301Z\314\023"
 344      D83D9125 
 344      64A50BDE 
 344      91C22EC1 
 344      5ACC13
 345 04e9 101A91EC 		.ascii	"\020\032\221\354F\343\200&Mj\372=\321\364\312\013\303"
 345      46E38026 
 345      4D6AFA3D 
 345      D1F4CA0B 
 345      C3
 346 04fa 79CE7880 		.ascii	"y\316x\200\222\315\276ro\237\001O\322\306\221G\271\303"
 346      92CDBE72 
 346      6F9F014F 
 346      D2C69147 
 346      B9C3
 347 050c 6E3FCD15 		.ascii	"n?\315\025\232\254$\025\274R\360\251\020\233h\321\211"
 347      9AAC2415 
 347      BC52F0A9 
 347      109B68D1 
 347      89
ARM GAS  /tmp/ccmdLZA1.s 			page 27


 348 051d F9FB3EA8 		.ascii	"\371\373>\250\204\310S$\375o\240\347\037\204\376\003"
 348      84C85324 
 348      FD6FA0E7 
 348      1F84FE03 
 349 052d F453985B 		.ascii	"\364S\230[1\267\257BC\363\221\016\232\003\005\367\012"
 349      31B7AF42 
 349      43F3910E 
 349      9A0305F7 
 349      0A
 350 053e 109EA17A 		.ascii	"\020\236\241z\223r\277\231r&wM\024\204B\364w]\276\304"
 350      9372BF99 
 350      7226774D 
 350      148442F4 
 350      775DBEC4 
 351 0552 353786E2 		.ascii	"57\206\342\334\261\200\305\331\245\345\235\273\335\035"
 351      DCB180C5 
 351      D9A5E59D 
 351      BBDD1D
 352 0561 5EBB33EC 		.ascii	"^\2733\354\3325\212\023;\253K:\\\350E\005\330\3275\342"
 352      DA358A13 
 352      3BAB4B3A 
 352      5CE84505 
 352      D8D735E2 
 353 0575 2997C1B3 		.ascii	")\227\301\263\344\242\232\221.\252\374\373\011\031\006"
 353      E4A29A91 
 353      2EAAFCFB 
 353      091906
 354 0584 4A99DC45 		.ascii	"J\231\334E_\266^\316q\247)\264WL\304\333\205j\036\307"
 354      5FB65ECE 
 354      71A729B4 
 354      574CC4DB 
 354      856A1EC7 
 355 0598 51129766 		.ascii	"Q\022\227f\253/\272J&|g\375\260\037kjs,\017]\321\222"
 355      AB2FBA4A 
 355      267C67FD 
 355      B01F6B6A 
 355      732C0F5D 
 356 05ae E5CB9727 		.ascii	"\345\313\227'\261kS {\361\030\020\217D.\026~\2118'\212"
 356      B16B5320 
 356      7BF11810 
 356      8F442E16 
 356      7E893827 
 357 05c3 5F8EA241 		.ascii	"_\216\242A\"\371\345d\223r\204\350(\360\376\350\312"
 357      22F9E564 
 357      937284E8 
 357      28F0FEE8 
 357      CA
 358 05d4 82F371F1 		.ascii	"\202\363q\361BV$l4\017\225\022\254A&\310\246|+~\277"
 358      4256246C 
 358      340F9512 
 358      AC4126C8 
 358      A67C2B7E 
 359 05e9 E44966C0 		.ascii	"\344If\300\307ZW\200\341\270F;\023\033\321\264\035\334"
 359      C75A5780 
 359      E1B8463B 
 359      131BD1B4 
 359      1DDC
ARM GAS  /tmp/ccmdLZA1.s 			page 28


 360 05fb 28A3F782 		.ascii	"(\243\367\202\376\026\011=\005\376y\2700\332J\376%\246"
 360      FE16093D 
 360      05FE79B8 
 360      30DA4AFE 
 360      25A6
 361 060d B7155F74 		.ascii	"\267\025_t\301m\324\017\315\343\015\025\316K\0264\011"
 361      C16DD40F 
 361      CDE30D15 
 361      CE4B1634 
 361      09
 362 061e 7DC26347 		.ascii	"}\302cGV\301\314\035WKb\264\312|\020c\263\344v^,\013"
 362      56C1CC1D 
 362      574B62B4 
 362      CA7C1063 
 362      B3E4765E 
 363 0634 E0414E67 		.ascii	"\340ANgg\372o\350\306\010\244\360\032\266\314=\320\323"
 363      67FA6FE8 
 363      C608A4F0 
 363      1AB6CC3D 
 363      D0D3
 364 0646 F68416DA 		.ascii	"\366\204\026\332\215\231G\3169\323v\342Rh?8:\235\304"
 364      8D9947CE 
 364      39D376E2 
 364      52683F38 
 364      3A9DC4
 365 0659 6A3D219B 		.ascii	"j=!\233TW\007gg\2435\270\237RN\315\313\265\272St\224"
 365      54570767 
 365      67A335B8 
 365      9F524ECD 
 365      CBB5BA53 
 366 066f 13B4F75F 		.ascii	"\023\264\367_\357\273\340\3520\236\022x\032O\361\274"
 366      EFBBE0EA 
 366      309E1278 
 366      1A4FF1BC 
 367 067f 18503793 		.ascii	"\030P7\223\322\313\334\344\312\207\006\324N\336\023"
 367      D2CBDCE4 
 367      CA8706D4 
 367      4EDE13
 368 068e C5F104BD 		.ascii	"\305\361\004\275\233\367\240SD\023\233K\316\356\325"
 368      9BF7A053 
 368      44139B4B 
 368      CEEED5
 369 069d 31DECE24 		.ascii	"1\336\316$\300\272\256\325\263\032p\202\320\332Qr\345"
 369      C0BAAED5 
 369      B31A7082 
 369      D0DA5172 
 369      E5
 370 06ae 38663C49 		.ascii	"8f<I\335\233\320\236\364;<FY\326\356\216\274\312\260"
 370      DD9BD09E 
 370      F43B3C46 
 370      59D6EE8E 
 370      BCCAB0
 371 06c1 E3047B2F 		.ascii	"\343\004{/\276\254\333\331!\313\024\306r/ei\355\215"
 371      BEACDBD9 
 371      21CB14C6 
 371      722F6569 
 371      ED8D
ARM GAS  /tmp/ccmdLZA1.s 			page 29


 372 06d3 9F228A97 		.ascii	"\237\"\212\227\221HQ\024\324\313hA\235\237y\364\202"
 372      91485114 
 372      D4CB6841 
 372      9D9F79F4 
 372      82
 373 06e4 1B1EA70B 		.ascii	"\033\036\247\013\335n\264\026\317\027~\31223\225\027"
 373      DD6EB416 
 373      CF177ECA 
 373      32339517 
 374 06f4 2790DDDB 		.ascii	"'\220\335\333\017\006\356\243\252\367U}Q\251Q\226~i"
 374      0F06EEA3 
 374      AAF7557D 
 374      51A95196 
 374      7E69
 375 0706 108E7B60 		.ascii	"\020\216{`<It@:q@\212\344\200\233_[\012yzJ\276\217\356"
 375      3C497440 
 375      3A71408A 
 375      E4809B5F 
 375      5B0A797A 
 376 071e 96C9DA0A 		.ascii	"\226\311\332\012\233\2622\343\011\272;\316\314\325\260"
 376      9BB232E3 
 376      09BA3BCE 
 376      CCD5B0
 377 072d 82278B14 		.ascii	"\202'\213\024\370\365\263\225\347X\275\337Kl\3367RW"
 377      F8F5B395 
 377      E758BDDF 
 377      4B6CDE37 
 377      5257
 378 073f E9C29CEB 		.ascii	"\351\302\234\353\016\355\363\367\016|\355\212\277\245"
 378      0EEDF3F7 
 378      0E7CED8A 
 378      BFA5
 379 074d 4697A425 		.ascii	"F\227\244%\354b\331i54\037Uwfb\207\316\315a\316\315"
 379      EC62D969 
 379      35341F55 
 379      77666287 
 379      CECD61CE 
 380 0762 A62CE30E 		.ascii	"\246,\343\016[\275\325\021\220\011$\017\211$s\011\311"
 380      5BBDD511 
 380      9009240F 
 380      89247309 
 380      C9
 381 0773 1C89E4E0 		.ascii	"\034\211\344\340\370\3401FRP\276\205x\320\267\220\202"
 381      F8E03146 
 381      5250BE85 
 381      78D0B790 
 381      82
 382 0784 B291549E 		.ascii	"\262\221T\236q$U\333\371\253\031\307\264\330\242\241"
 382      712455DB 
 382      F9AB19C7 
 382      B4D8A2A1 
 383 0794 1766DAE1 		.ascii	"\027f\332\341},\252I\220\327\316\246\246\360\0169\346"
 383      7D2CAA49 
 383      90D7CEA6 
 383      A6F00E39 
 383      E6
 384 07a5 338E4729 		.ascii	"3\216G)\307\303\265\003\275\0325\311O\201d\236H\262"
ARM GAS  /tmp/ccmdLZA1.s 			page 30


 384      C7C3B503 
 384      BD1A35C9 
 384      4F81649E 
 384      48B2
 385 07b7 8090CC97 		.ascii	"\200\220\314\227HZ\207\256\305#%\230d\030G\340\203;"
 385      485A87AE 
 385      C5232598 
 385      641847E0 
 385      833B
 386 07c9 ACC7D9D9 		.ascii	"\254\307\331\331\313\302\212"
 386      CBC28A
 387 07d0 2CE9C1B2 		.ascii	",\351\301\262\244\024\363KY\314[\206On\3078\206\232"
 387      A414F34B 
 387      59CC5B86 
 387      4F6EC738 
 387      869A
 388 07e2 D49E5F36 		.ascii	"\324\236_6\267\210\202\237\201\346\271\235\361\311."
 388      B788829F 
 388      81E6B99D 
 388      F1C92E
 389 07f1 0E4D2A62 		.ascii	"\016M*b&\235\244&\215\237:8\210\325&}\006,\013E\226"
 389      269DA426 
 389      8D9F3A38 
 389      88D5267D 
 389      062C0B45 
 390 0806 9F139645 		.ascii	"\237\023\226E\022\313\275\247:\332\230\237\005\302r"
 390      12CBBDA7 
 390      3ADA989F 
 390      05C272
 391 0815 F0587FAE 		.ascii	"\360X\177\256\001'j\330\005\362(\233\275\306e\021\257"
 391      01276AD8 
 391      05F2289B 
 391      BDC66511 
 391      AF
 392 0826 CF654C1C 		.ascii	"\317eL\034t\305)tP\332\022\017\266%\215#\247\213x\234"
 392      74C52974 
 392      50DA120F 
 392      B6258D23 
 392      A78B789C 
 393 083a 4907476A 		.ascii	"I\007Gj2nI1Gb\254\247\243\265\310\025\037\246\203\205"
 393      326E4931 
 393      4762ACA7 
 393      A3B5C815 
 393      1FA68385 
 394 084e 734319CC 		.ascii	"sC\031\3148A<\335'\372w:\341B:x\261&\362\237\370s\266"
 394      38413CDD 
 394      27FA773A 
 394      E1423A78 
 394      B126F29F 
 395 0865 C4644525 		.ascii	"\304dE%sY4Ig\261\307\013[\230\313\262\304\320-\256\214"
 395      73593449 
 395      67B1C70B 
 395      5B98CBB2 
 395      C4D02DAE 
 396 087a 8B5A844B 		.ascii	"\213Z\204KE\264\373\355\350\316\217\020\\\033\344\352"
 396      45B4FBED 
 396      E8CE8F10 
ARM GAS  /tmp/ccmdLZA1.s 			page 31


 396      5C1BE4EA 
 397 088a 601FB813 		.ascii	"`\037\270\023,\202\265\377\357\0261e\037\343=P\011\234"
 397      2C82B5FF 
 397      EF163165 
 397      1FE33D50 
 397      099C
 398 089c A70B903F 		.ascii	"\247\013\220?\345]+\346\345\014O\320U\357\300\227\305"
 398      E55D2BE6 
 398      E50C4FD0 
 398      55EFC097 
 398      C5
 399 08ad 191D0074 		.ascii	"\031\035\000t2C\313G+\221W\335\036L7x\025}\311\320\262"
 399      3243CB47 
 399      2B9157DD 
 399      1E4C3778 
 399      157DC9D0 
 400 08c2 AFCFCCA3 		.ascii	"\257\317\314\243m\022\177\005\000\316\211C\027X\326"
 400      6D127F05 
 400      00CE8943 
 400      1758D6
 401 08d1 6F808C7F 		.ascii	"o\200\214\177\031\244\026\344<H5\310%\220J\220:\220"
 401      19A416E4 
 401      3C4835C8 
 401      25904A90 
 401      3A90
 402 08e3 8B203520 		.ascii	"\213 5 U \365 W\346\357<X\276Ea\337\027v\366\225\252"
 402      5520F520 
 402      57E6EF3C 
 402      58BE4561 
 402      DF1776F6 
 403 08f9 184F3334 		.ascii	"\030O34\234?\330U\212\226O\345A\2257&\025\272\217\330"
 403      9C3FD855 
 403      8A964FE5 
 403      41953726 
 403      15BA8FD8 
 404 090d E93EACF6 		.ascii	"\351>\254\366\235\002}\326\016]\246b\322\251\360\335"
 404      9D027DD6 
 404      0E5DA662 
 404      D2A9F0DD 
 405 091d 693BDF9D 		.ascii	"i;\337\235R\241G\025\350\023v\350\343j+\337\226\321"
 405      52A14715 
 405      E81376E8 
 405      E36A2BDF 
 405      96D1
 406 092f E452B745 		.ascii	"\344R\267E\347\251w\361\035\212\206[\011\355b\272\345"
 406      E7A977F1 
 406      1D8A865B 
 406      09ED62BA 
 406      E5
 407 0940 BB6A87D2 		.ascii	"\273j\207\322JR\003\274CK\000r\372\255\014-\237\306"
 407      4A5203BC 
 407      434B0072 
 407      FAAD0C2D 
 407      9FC6
 408 0952 58B507DF 		.ascii	"X\265\007\337\226}Rn\347\223\371\362\002\242\371q[\317"
 408      967D526E 
 408      E793F9F2 
ARM GAS  /tmp/ccmdLZA1.s 			page 32


 408      02A2F971 
 408      5BCF
 409 0964 0584CFD2 		.ascii	"\005\204\317\322\330\257\253\352>\344\266d\301\260A"
 409      D8AFABEA 
 409      3EE4B664 
 409      C1B041
 410 0973 8D4CCDFF 		.ascii	"\215L\315\377\0209\344\360\304\1772h\363sC\223\215\035"
 410      1039E4F0 
 410      C47F3268 
 410      F3734393 
 410      8D1D
 411 0985 CDB4AE68 		.ascii	"\315\264\256h\026\353\212+\325WS\265\270F\244\206+\017"
 411      16EB8A2B 
 411      D55753B5 
 411      B846A486 
 411      2B0F
 412 0997 B717EB91 		.ascii	"\267\027\353\221\236\376\354\262]\274\017\243\022\027"
 412      9EFEECB2 
 412      5DBC0FA3 
 412      1217
 413 09a5 A3F93BAB 		.ascii	"\243\371;\253\005\350]\345\365\360\232\013\204[y\372"
 413      05E85DE5 
 413      F5F09A0B 
 413      845B79FA 
 414 09b5 B30BE910 		.ascii	"\263\013\351\020\177vYL\307\340\213\034\375\352\311"
 414      7F76594C 
 414      C7E08B1C 
 414      FDEAC9
 415 09c4 469B771D 		.ascii	"F\233w\035R\205\313\034\332(\2076\221CC\373t\223N\252"
 415      5285CB1C 
 415      DA288736 
 415      914343FB 
 415      74934EAA 
 416 09d8 F1A39F50 		.ascii	"\361\243\237P\343\243v\236$\315\274\007y\202\273R\367"
 416      E3A3769E 
 416      24CDBC07 
 416      7982BB52 
 416      F7
 417 09e9 908DEEAF 		.ascii	"\220\215\356\257\250\356\257D\335\335u\0257\3315\027"
 417      A8EEAF44 
 417      DDDD7515 
 417      37D93517 
 418 09f9 4B12CBE7 		.ascii	"K\022\313\347\273nM\262;r\202\370\252k\356\316\000\313"
 418      BB6E4DB2 
 418      3B7282F8 
 418      AA6BEECE 
 418      00CB
 419 0a0b 444B15E9 		.ascii	"DK\025\351m)Ko\005\337\214\034\3279\314\3177X~\256\240"
 419      6D294B6F 
 419      05DF8C1C 
 419      D739CCCF 
 419      37587EAE 
 420 0a20 357A41F3 		.ascii	"5zA\363\311\016\203:?w\201\253\256\213\021\321M\362"
 420      C90E833A 
 420      3F7781AB 
 420      AE8B11D1 
 420      4DF2
ARM GAS  /tmp/ccmdLZA1.s 			page 33


 421 0a32 F30D293F 		.ascii	"\363\015)?\237ji\177\240\307\3654&n\316\334}A9q\352"
 421      9F6A697F 
 421      A0C7F534 
 421      266ECEDC 
 421      7D413971 
 422 0a47 09134F27 		.ascii	"\011\023O'\226\3060\213\2328\305\357\034\036\364w\016"
 422      96C6308B 
 422      9A38C5EF 
 422      1C1EF477 
 422      0E
 423 0a58 29072F65 		.ascii	")\007/e9\270\254\246\345\022\302\315t\235\310\326\343"
 423      39B8ACA6 
 423      E512C2CD 
 423      749DC8D6 
 423      E3
 424 0a69 A5CC5A72 		.ascii	"\245\314Zr'\324\264\325\3249\266\356\026\263n\220\336"
 424      27D4B4D5 
 424      D439B6EE 
 424      16B36E90 
 424      DE
 425 0a7a 3E39770E 		.ascii	">9w\016\010z\265u7\201d\277Hr\210\220\274%\221\334\337"
 425      087AB575 
 425      378164BF 
 425      48728890 
 425      BC2591DC 
 426 0a8f 70B607A9 		.ascii	"p\266\007\251-r\004\276\234\321daWU\255\370\213\304"
 426      2D7204BE 
 426      9CD16461 
 426      5755ADF8 
 426      8BC4
 427 0aa1 E3E23A2D 		.ascii	"\343\342:-n\243\224\223\367<\254\323\341N\332H)\250"
 427      6EA39493 
 427      F73CACD3 
 427      E14EDA48 
 427      29A8
 428 0ab3 9C65BB67 		.ascii	"\234e\273gU\266\227\262\366\275c\023\360\"\327\255\371"
 428      55B697B2 
 428      F6BD6313 
 428      F022D7AD 
 428      F9
 429 0ac4 1E6F49E3 		.ascii	"\036oI\343\314\272\225\242q\261w\363\254\256j\343\356"
 429      CCBA95A2 
 429      71B177F3 
 429      ACAE6AE3 
 429      EE
 430 0ad5 005FFA52 		.ascii	"\000_\372R1A\370\216K|-\3553e\256j\343\034\201\233\223"
 430      3141F88E 
 430      4B7C2DED 
 430      3365AE6A 
 430      E31C819B 
 431 0aea 3B7B58B5 		.ascii	";{X\265\360*)\275\247\262G\335p?ex\347\356\354\011w"
 431      F02A29BD 
 431      A7B247DD 
 431      703F6578 
 431      E7EEEC09 
 432 0aff 3C441BE7 		.ascii	"<D\033\347K\257\217\260kw%4\217\035\257lp\301ctl61\263"
 432      4BAF8FB0 
ARM GAS  /tmp/ccmdLZA1.s 			page 34


 432      6B772534 
 432      8F1DAF6C 
 432      70C16374 
 433 0b17 588F2769 		.ascii	"X\217'ic0g\354)\212\373\031y\267\316=\264G\217\277\245"
 433      633067EC 
 433      298AFB19 
 433      79B7CE3D 
 433      B4478FBF 
 434 0b2c 437389B1 		.ascii	"Cs\211\261iZ<K\033{\033\366\346\272`\213\023\275\232"
 434      695A3C4B 
 434      1B7B1BF6 
 434      E6BA608B 
 434      13BD9A
 435 0b3f 4FEFCA60 		.ascii	"O\357\312`7\376\263\344\345\373A\302~\027\274\235\216"
 435      37FEB3E4 
 435      E5FB41C2 
 435      7E17BC9D 
 435      8E
 436 0b50 5DAE194A 		.ascii	"]\256\031J\307t\314\005\232cq\2213Z\207~\233c~{L\243"
 436      C774CC05 
 436      9A637191 
 436      335A877E 
 436      9B637E7B 
 437 0b66 A2E67186 		.ascii	"\242\346q\206\355\357\240\244\030\226_\351\004\354A"
 437      EDEFA0A4 
 437      18965FE9 
 437      04EC41
 438 0b75 A788BE38 		.ascii	"\247\210\2768\223=\376\225N]\335:\002\227\267t\275\216"
 438      933DFE95 
 438      4E5DDD3A 
 438      0297B774 
 438      BD8E
 439 0b87 775286F7 		.ascii	"wR\206\367\033\272\372\020\336M\033\321\227/\035\321"
 439      1BBAFA10 
 439      DE4D1BD1 
 439      972F1DD1 
 440 0b97 E264DA18 		.ascii	"\342d\332\030\313\277R\353\214\323hc\340\326\364\027"
 440      CBBF52EB 
 440      8CD36863 
 440      E0D6F417 
 441 0ba7 181FA28D 		.ascii	"\030\037\242\215O\307r\342\3658\2276\216E\027$\260\262"
 441      4FC772E2 
 441      F5389736 
 441      8E451724 
 441      B0B2
 442 0bb9 65173915 		.ascii	"e\0279\025-\215\273\036\263\037\007{\311\313\371\350"
 442      2D8DBB1E 
 442      B31F077B 
 442      C9CBF9E8 
 443 0bc9 FDC1391D 		.ascii	"\375\3019\035\316\027\301O\337>;\270\307\005-_\350\263"
 443      CE17C14F 
 443      DF3E3BB8 
 443      C7052D5F 
 443      E8B3
 444 0bdb 845E14FD 		.ascii	"\204^\024\375\301\362E\021\2071\324\201\312\004\333"
 444      C1F24511 
 444      8731D481 
ARM GAS  /tmp/ccmdLZA1.s 			page 35


 444      CA04DB
 445 0bea A1B828C8 		.ascii	"\241\270(\310\253\345t\220\374fy\233W\243GT\227P\247"
 445      ABE57490 
 445      FC66799B 
 445      57A34754 
 445      9750A7
 446 0bfd BFAC3BDA 		.ascii	"\277\254;\332N7\0151\361E\224\302\253\202d\370\264\235"
 446      4E370D31 
 446      F14594C2 
 446      AB8264F8 
 446      B49D
 447 0c0f F287EA1B 		.ascii	"\362\207\352\033N\201\376\326\016}_\205\236VP\231\261"
 447      4E81FED6 
 447      0E7D5F85 
 447      9E565099 
 447      B1
 448 0c20 43D37B8E 		.ascii	"C\323{\216Q!vV\371\313vn\267cn\264\325]\247\320\035"
 448      51217656 
 448      F9CB766E 
 448      B7636EB4 
 448      D55DA7D0 
 449 0c35 B3305852 		.ascii	"\2630XRM*\241`z\327\366\302]\333\303\230\310\011\262"
 449      4D2AA160 
 449      7AD7F6C2 
 449      5DDBC398 
 449      C809B2
 450 0c48 505D7F30 		.ascii	"P]\1770t7\253\021l\321\235\274\312\205\235\012\247<"
 450      7437AB11 
 450      6CD19DBC 
 450      CA859D0A 
 450      A73C
 451 0c5a 70E01405 		.ascii	"p\340\024\005\227\311 \252\375k\320~\227\301\345\323"
 451      97C920AA 
 451      FD6BD07E 
 451      97C1E5D3 
 452 0c6a 3FA6DC7C 		.ascii	"?\246\334|\000\3261.\303\200\036`h9\021\366\251<^\247"
 452      00D6312E 
 452      C3801E60 
 452      683911F6 
 452      A93C5EA7 
 453 0c7e A032E560 		.ascii	"\2402\345`7\025\314G\025N\214\264sb\277\015\2340\367"
 453      3715CC47 
 453      154E8CB4 
 453      7362BF0D 
 453      9C30F7
 454 0c91 A715B005 		.ascii	"\247\025\260\005{\240GL\273|\374fUa[\025,o\347\250\203"
 454      7BA0474C 
 454      BB7CFC66 
 454      55615B15 
 454      2C6FE7A8 
 455 0ca6 B05570E9 		.ascii	"\260Up\351Wp\211r\300E6tTa\350=;\345\223v\312\025\360"
 455      57708972 
 455      C0453674 
 455      5461E83D 
 455      3BE59376 
 456 0cbd 6F1CC015 		.ascii	"o\034\300\025Q\256\240\362\211\203#dW\273\357\300\236"
 456      51AEA0F2 
ARM GAS  /tmp/ccmdLZA1.s 			page 36


 456      89832364 
 456      57BBEFC0 
 456      9E
 457 0cce 28169321 		.ascii	"(\026\223!\002'\025X\022^\216\366\200d\202\304\203\034"
 457      02271558 
 457      125E8EF6 
 457      806482C4 
 457      831C
 458 0ce0 00490349 		.ascii	"\000I\003I\007I\004I\000I\005\331\015\222\002r\010\344"
 458      07490449 
 458      004905D9 
 458      0D920272 
 458      08E4
 459 0cf2 20C83E90 		.ascii	" \310>\220] \031 \373A\222A\366\202\354\304R\205\326"
 459      5D201920 
 459      FB419241 
 459      F682ECC4 
 459      5285D6
 460 0d05 D093D2A0 		.ascii	"\320\223\322\240\301'hn\252\312\331q[\263dA.(\233\261"
 460      C127686E 
 460      AACAD971 
 460      5BB36441 
 460      2E289BB1 
 461 0d19 FFFFD299 		.ascii	"\377\377\322\231\334S\226\257W\026T96\016\313\305bA"
 461      DC5396AF 
 461      57165439 
 461      360ECBC5 
 461      6241
 462 0d2b 451EBF5E 		.ascii	"E\036\277^\261\302\010\177\377\012\014\017\015\0141"
 462      B1C2087F 
 462      FF0A0C0F 
 462      0D0C31
 463 0d3a 9A8282DF 		.ascii	"\232\202\202\337\015\376\223\2371l\2131hS\210\361\303"
 463      0DFE939F 
 463      316C8B31 
 463      685388F1 
 463      C3
 464 0d4b B0F0882D 		.ascii	"\260\360\210-\306\200\260\315\233\303B\215^\346\365"
 464      C680B0CD 
 464      9BC3428D 
 464      5EE6F5
 465 0d5a A6F51F1B 		.ascii	"\246\365\037\033C?\012\016X\021\240\373\375\233o=gz"
 465      433F0A0E 
 465      5811A0FB 
 465      FD9B6F3D 
 465      677A
 466 0d6c ED354EB7 		.ascii	"\3555N\267584b\325\313\376\021\232\200\240M\341\374"
 466      35383462 
 466      D5CBFE11 
 466      9A80A04D 
 466      E1FC
 467 0d7e 2B9C6E53 		.ascii	"+\234nS\370\346\217V\277\270\2313\004\300\354\300\217"
 467      F8E68F56 
 467      BFB89933 
 467      04C0ECC0 
 467      8F
 468 0d8f 5FDCBC8A 		.ascii	"_\334\274\212\323\221I>\241\301\021\253\177\330j\334"
ARM GAS  /tmp/ccmdLZA1.s 			page 37


 468      D391493E 
 468      A1C111AB 
 468      7FD86ADC 
 469 0d9f 62F25C1B 		.ascii	"b\362\\\033\272\351\335\220\300\215\201\001\021a\341"
 469      BAE9DD90 
 469      C08D8101 
 469      1161E1
 470 0dae 3F221D6B 		.ascii	"?\"\035k\202\267\310=\313H\217_`\204\337\266-\021\201"
 470      82B7C83D 
 470      CB488F5F 
 470      6084DFB6 
 470      2D1181
 471 0dc1 9BD76D0A 		.ascii	"\233\327m\012}/$0\3347<8,<8b\2338\337\024\022\270)\334"
 471      7D2F2430 
 471      DC373C38 
 471      2C3C3862 
 471      9B38DF14 
 472 0dd9 3730F4BD 		.ascii	"70\364\275\340\320\017\334\031\2325\365\001A0o\335\246"
 472      E0D00FDC 
 472      199A35F5 
 472      0141306F 
 472      DDA6
 473 0deb 9088171D 		.ascii	"\220\210\027\0351\014\2170\006\207\006\204l}/\320\030"
 473      310C8F30 
 473      06870684 
 473      6C7D2FD0 
 473      18
 474 0dfc 10048A42 		.ascii	"\020\004\212B\266\255\010\342\026\373\373\277\27358"
 474      B6AD08E2 
 474      16FBFBBF 
 474      BB3538
 475 0e0b 242238D4 		.ascii	"$\"8\324?\360\343\017\201\207S@X\350\226\010\015\254"
 475      3FF0E30F 
 475      81875340 
 475      58E89608 
 475      0DAC
 476 0e1d F4BE3634 		.ascii	"\364\27664,\"(<\354\337n\376\376\357o\015\015\360\367"
 476      2C22283C 
 476      ECDF6EFE 
 476      FEEF6F0D 
 476      0DF0F7
 477 0e30 5FB17AF5 		.ascii	"_\261z\365\253\257\352\244\226\306\307\264\301\2547"
 477      ABAFEAA4 
 477      96C6C7B4 
 477      C1AC37
 478 0e3f AFF55B6B 		.ascii	"\257\365[k\336\270v\315J'/\323\206?\232\327:Z\235y%"
 478      DEB876CD 
 478      4A272FD3 
 478      863F9AD7 
 478      3A5A9D79 
 479 0e54 F0E308E2 		.ascii	"\360\343\010\342\031\243i\275\237\217\237\321\024\026"
 479      19A369BD 
 479      9F8F9FD1 
 479      1416
 480 0e62 1E68F491 		.ascii	"\036h\364\221HA\303?`\363*`\345\342g\012\3653y\373o"
 480      4841C33F 
 480      60F32A60 
ARM GAS  /tmp/ccmdLZA1.s 			page 38


 480      E5E2670A 
 480      F53379FB 
 481 0e77 D8F661E0 		.ascii	"\330\366a\340\374\012\277\342}|\265d\263^\365\217\230"
 481      FC0ABFE2 
 481      7D7CB564 
 481      B35EF58F 
 481      98
 482 0e88 EF7C45E3 		.ascii	"\357|E\343\343\345-\263X\005\244|\345\346\313\032\037"
 482      E3E52DB3 
 482      5805A47C 
 482      E5E6CB1A 
 482      1F
 483 0e99 3F5FB3CE 		.ascii	"?_\263\316L[/\301\340Z3t\301\227\337\006\037\263\376"
 483      4C5B2FC1 
 483      E05A3374 
 483      C197DF06 
 483      1FB3FE
 484 0eac CD8D3E26 		.ascii	"\315\215>&q\015'\177\357\260\260\020\030\3612k\326\257"
 484      710D277F 
 484      EFB0B010 
 484      18F1326B 
 484      D6AF
 485 0ebe 7FC38CBD 		.ascii	"\177\303\214\275\326\230\361\032x\372\276a\326x\275"
 485      D698F11A 
 485      78FABE61 
 485      D678BD
 486 0ecd E167D678 		.ascii	"\341g\326x\277\341ev\202!\000\254!\355u\344\313\004"
 486      BFE16576 
 486      822100AC 
 486      21ED75E4 
 486      CB04
 487 0edf 5F4E7EEB 		.ascii	"_N~\353L~f\354\267\316\027\233L\3604\231\235\274|\314"
 487      4C7E66EC 
 487      B7CE179B 
 487      4CF03499 
 487      9DBC7CCC 
 488 0ef3 26B366E3 		.ascii	"&\263f\343\206?\301Z0\346d\362}\313g\015|{\231\314:"
 488      863FC15A 
 488      30E664F2 
 488      7DCB670D 
 488      7C7B99CC 
 489 0f08 C9AAFF02 		.ascii	"\311\252\377\002\213)\000i"
 489      8B290069 
 490              		.text
 491              		.section	.gnu.lto_.symtab.95e50b2adaa8fd2d,"e",%progbits
 492 0000 6E766963 		.ascii	"nvicInit\000"
 492      496E6974 
 492      00
 493 0009 00       		.ascii	"\000"
 494 000a 00       		.ascii	"\000"
 495 000b 00       		.ascii	"\000"
 496 000c 00000000 		.ascii	"\000\000\000\000\000\000\000\000"
 496      00000000 
 497 0014 D4000000 		.ascii	"\324\000\000\000"
 498 0018 6E766963 		.ascii	"nvicEnableVector\000"
 498      456E6162 
 498      6C655665 
ARM GAS  /tmp/ccmdLZA1.s 			page 39


 498      63746F72 
 498      00
 499 0029 00       		.ascii	"\000"
 500 002a 00       		.ascii	"\000"
 501 002b 00       		.ascii	"\000"
 502 002c 00000000 		.ascii	"\000\000\000\000\000\000\000\000"
 502      00000000 
 503 0034 D9000000 		.ascii	"\331\000\000\000"
 504 0038 6E766963 		.ascii	"nvicDisableVector\000"
 504      44697361 
 504      626C6556 
 504      6563746F 
 504      7200
 505 004a 00       		.ascii	"\000"
 506 004b 00       		.ascii	"\000"
 507 004c 00       		.ascii	"\000"
 508 004d 00000000 		.ascii	"\000\000\000\000\000\000\000\000"
 508      00000000 
 509 0055 DD000000 		.ascii	"\335\000\000\000"
 510 0059 6E766963 		.ascii	"nvicSetSystemHandlerPriority\000"
 510      53657453 
 510      79737465 
 510      6D48616E 
 510      646C6572 
 511 0076 00       		.ascii	"\000"
 512 0077 00       		.ascii	"\000"
 513 0078 00       		.ascii	"\000"
 514 0079 00000000 		.ascii	"\000\000\000\000\000\000\000\000"
 514      00000000 
 515 0081 DF000000 		.ascii	"\337\000\000\000"
 516 0085 6E766963 		.ascii	"nvicClearPending\000"
 516      436C6561 
 516      7250656E 
 516      64696E67 
 516      00
 517 0096 00       		.ascii	"\000"
 518 0097 00       		.ascii	"\000"
 519 0098 00       		.ascii	"\000"
 520 0099 00000000 		.ascii	"\000\000\000\000\000\000\000\000"
 520      00000000 
 521 00a1 E1000000 		.ascii	"\341\000\000\000"
 522 00a5 6E766963 		.ascii	"nvicSetPending\000"
 522      53657450 
 522      656E6469 
 522      6E6700
 523 00b4 00       		.ascii	"\000"
 524 00b5 00       		.ascii	"\000"
 525 00b6 00       		.ascii	"\000"
 526 00b7 00000000 		.ascii	"\000\000\000\000\000\000\000\000"
 526      00000000 
 527 00bf E3000000 		.ascii	"\343\000\000\000"
 528 00c3 63685379 		.ascii	"chSysHalt\000"
 528      7348616C 
 528      7400
 529 00cd 00       		.ascii	"\000"
 530 00ce 02       		.ascii	"\002"
 531 00cf 00       		.ascii	"\000"
ARM GAS  /tmp/ccmdLZA1.s 			page 40


 532 00d0 00000000 		.ascii	"\000\000\000\000\000\000\000\000"
 532      00000000 
 533 00d8 E8000000 		.ascii	"\350\000\000\000"
 534              		.text
 535              		.section	.gnu.lto_.opts,"e",%progbits
 536 0000 272D666E 		.ascii	"'-fno-openmp' '-fno-openacc' '-fno-pie' '-mcpu=cort"
 536      6F2D6F70 
 536      656E6D70 
 536      2720272D 
 536      666E6F2D 
 537 0033 65782D6D 		.ascii	"ex-m3' '-mthumb' '-mfloat-abi=soft' '-march=armv7-m"
 537      33272027 
 537      2D6D7468 
 537      756D6227 
 537      20272D6D 
 538 0066 2720272D 		.ascii	"' '-O2' '-fstack-usage' '-ffunction-sections' '-fda"
 538      4F322720 
 538      272D6673 
 538      7461636B 
 538      2D757361 
 539 0099 74612D73 		.ascii	"ta-sections' '-fno-common' '-flto' '-fshort-enums'\000"
 539      65637469 
 539      6F6E7327 
 539      20272D66 
 539      6E6F2D63 
 540              		.text
 541              		.comm	__gnu_lto_v1,1,1
 542              		.comm	__gnu_lto_slim,1,1
 543              		.ident	"GCC: (GNU Arm Embedded Toolchain 9-2020-q2-update) 9.3.1 20200408 (release)"
ARM GAS  /tmp/ccmdLZA1.s 			page 41


DEFINED SYMBOLS
                            *ABS*:0000000000000000 nvic.c
                            *COM*:0000000000000001 __gnu_lto_v1
                            *COM*:0000000000000001 __gnu_lto_slim

NO UNDEFINED SYMBOLS
