ARM GAS  /tmp/ccjggdWS.s 			page 1


   1              		.cpu cortex-m3
   2              		.eabi_attribute 20, 1
   3              		.eabi_attribute 21, 1
   4              		.eabi_attribute 23, 3
   5              		.eabi_attribute 24, 1
   6              		.eabi_attribute 25, 1
   7              		.eabi_attribute 26, 1
   8              		.eabi_attribute 30, 2
   9              		.eabi_attribute 34, 1
  10              		.eabi_attribute 18, 4
  11              		.file	"hal.c"
  12              		.section	.gnu.lto_.profile.1441cc6a1d993f73,"e",%progbits
  13 0000 789CE360 		.ascii	"x\234\343``\004B \000\000\000]\000\013"
  13      60044220 
  13      0000005D 
  13      000B
  14              		.text
  15              		.section	.gnu.lto_.icf.1441cc6a1d993f73,"e",%progbits
  16 0000 789CE360 		.ascii	"x\234\343``d\340`@\000F\206\227o[\25621\000\000\020"
  16      6064E060 
  16      40004686 
  16      976F5BAE 
  16      32310000 
  17 0015 400344   		.ascii	"@\003D"
  18              		.text
  19              		.section	.gnu.lto_.jmpfuncs.1441cc6a1d993f73,"e",%progbits
  20 0000 789CE360 		.ascii	"x\234\343``d\260d@\000F\004\223\211y13P\340\000\013"
  20      6064B064 
  20      40004604 
  20      93897931 
  20      3350E000 
  21 0015 230310FF 		.ascii	"#\003\020\377\371\377\377??#\363tf\306\276\346\367\367"
  21      F9FFFF3F 
  21      3F23F374 
  21      66C6BEE6 
  21      F7F7
  22 0027 38FA98E7 		.ascii	"8\372\230\3473\003\0253\356b\224\006a\006\006\000Lh"
  22      33031533 
  22      EE629406 
  22      61060600 
  22      4C68
  23 0039 0CE9     		.ascii	"\014\351"
  24              		.text
  25              		.section	.gnu.lto_.inline.1441cc6a1d993f73,"e",%progbits
  26 0000 789CE360 		.ascii	"x\234\343``d\210a@\000F\006\006\336\206\206\206/L\231"
  26      60648861 
  26      40004606 
  26      06DE8686 
  26      862F4C99 
  27 0014 8C0C4C0C 		.ascii	"\214\014L\014\014\215@v\035\003\003\033\220j`Ja\002"
  27      0C8D4076 
  27      1D03031B 
  27      906A604A 
  27      6102
  28 0026 0901D570 		.ascii	"\011\001\325p\021K2q\203\215\204p\030\000\2206\010\253"
  28      114B3271 
  28      838D8470 
ARM GAS  /tmp/ccjggdWS.s 			page 2


  28      18009036 
  28      08AB
  29              		.text
  30              		.section	.gnu.lto_.pureconst.1441cc6a1d993f73,"e",%progbits
  31 0000 789CE360 		.ascii	"x\234\343``d`a`\000\2223X\000\001\316\000\253"
  31      60646061 
  31      60009233 
  31      580001CE 
  31      00AB
  32              		.text
  33              		.section	.gnu.lto_halInit.1441cc6a1d993f73,"e",%progbits
  34 0000 789C75D1 		.ascii	"x\234u\321\315J\002Q\024\000\340s\346\3723VV\213\202"
  34      CD4A0251 
  34      1400E073 
  34      E6FA3356 
  34      568B82
  35 0013 42825691 		.ascii	"B\202V\221\033\347\025\202\226-Z\364\004%\202\242\024"
  35      1BE71582 
  35      962D5AF4 
  35      042582A2 
  35      14
  36 0024 E80378FD 		.ascii	"\350\003x\375\001\027\206-\242\314E\214$\242\273p\321"
  36      0117862D 
  36      A2CC458C 
  36      24A2BB70 
  36      D1
  37 0035 A24C9B2C 		.ascii	"\242L\233,\253Emz\200\242\210\242\350\277v\221vf\246"
  37      AB456D7A 
  37      80A288A2 
  37      E8BF7691 
  37      7666A6
  38 0048 6816CE65 		.ascii	"h\026\316e.3\347\236\357\236{fF\004\204\240\0000\016"
  38      2E33E79E 
  38      EF9E7B66 
  38      460484A0 
  38      00300E
  39 005b 00233491 		.ascii	"\000#4\221\001\012\234\363\011{L\024\020\265'.\"D\005"
  39      010A9CF3 
  39      097B4C14 
  39      10B5272E 
  39      224405
  40 006e 8CE212CB 		.ascii	"\214\342\022\3132l\244n\267\005w\2112\\\311\276\016"
  40      326CA46E 
  40      B7057789 
  40      325CC9BE 
  40      0E
  41 007f F3B28232 		.ascii	"\363\262\2022\003\310\321\324\007\356\240\033\200\344"
  41      03C8D1D4 
  41      07EEA01B 
  41      80E4
  42 008d 75A5B5E2 		.ascii	"u\245\265\342\264Y~SXE\033\035\006\260ynUx\253\235\342"
  42      B4597E53 
  42      58451B1D 
  42      06B0796E 
  42      5578AB9D 
  43 00a2 CACD062E 		.ascii	"\312\315\006.Ou\003\244\031\250\345,\310\025\200E&\350"
  43      4F7503A4 
ARM GAS  /tmp/ccjggdWS.s 			page 3


  43      19A8E52C 
  43      C8158045 
  43      26E8
  44 00b4 41828247 		.ascii	"A\202\202GL\344\277\\\332V*\270^>m;\222\030\217\211"
  44      4CE4BF5C 
  44      DA562AB8 
  44      5E3E6D3B 
  44      92188F89 
  45 00c8 32C31CA3 		.ascii	"2\303\034\243b\270\213I\004\231\011$\223\371JO'\311"
  45      62B88B49 
  45      04990924 
  45      93F94A4F 
  45      27C9
  46 00da 729406AC 		.ascii	"r\224\006\254\251\222R\231\304\313\205\230a2\263ha\365"
  46      A9925299 
  46      C4CB8598 
  46      6132B368 
  46      61F5
  47 00ec B3F6A0C9 		.ascii	"\263\366\240\311!Z)\250\235\322\342%\177?\353*b!\326"
  47      215A29A8 
  47      9DD2E225 
  47      7F3FEB2A 
  47      6221D6
  48 00ff 2F332BEE 		.ascii	"/3+\356\321N\254\243KK}\3345\353\242\352\3278\037U\213"
  48      D14EACA3 
  48      4B4B7DDC 
  48      35EBA2EA 
  48      D7381F55 
  49 0114 285844FD 		.ascii	"(XD\375\335\366\311\311\314\2465\375\324\261\025j\232"
  49      DDF6C9C9 
  49      CCA635FD 
  49      D4B1156A 
  49      9A
  50 0125 4EC0C67F 		.ascii	"N\300\306\177\323\211\374\275\323DZH\036\030\345[\257"
  50      D389FCBD 
  50      D3445A48 
  50      1E18E55B 
  50      AF
  51 0136 89B4923C 		.ascii	"\211\264\222<4\312\255>\023i#\3314\312\332\200\211\264"
  51      34CAAD3E 
  51      136923D9 
  51      34CADA80 
  51      89B4
  52 0148 933C32CA 		.ascii	"\223<2\312\253A\023)\222<6\312o3\351 y\362'\2371\236"
  52      AB411329 
  52      923C36CA 
  52      6F33E920 
  52      79F2279F 
  53 015e 2FADEA9F 		.ascii	"/\255\352\237N\035i\206\372\177\217+j8\346\361Ht\005"
  53      4E1D6986 
  53      FA7F8F2B 
  53      6A38E6F1 
  53      487405
  54 0171 7DE1795F 		.ascii	"}\341y_H\232\364\007\346\002\3233\322BD\362\317\206"
  54      489AF407 
  54      E602D333 
  54      D24244F2 
ARM GAS  /tmp/ccjggdWS.s 			page 4


  54      CF86
  55 0183 A448D8AB 		.ascii	"\244H\330\253\336=^\370\001G+\313$"
  55      DE3D5EF8 
  55      01472BCB 
  55      24
  56              		.text
  57              		.section	.gnu.lto_.symbol_nodes.1441cc6a1d993f73,"e",%progbits
  58 0000 789C6DD0 		.ascii	"x\234m\320\273\021\302@\014E\321\367\254\365zM\023\020"
  58      BB11C240 
  58      0C45D1F7 
  58      ACF57A4D 
  58      1310
  59 0012 5008CC50 		.ascii	"P\010\314P\0129%\310\001\005P\004U\020\023S\005\001"
  59      0A3925C8 
  59      01055004 
  59      55101353 
  59      0501
  60 0024 60FE0D80 		.ascii	"`\376\015\200@\016\245Dw\346h\223- V\004P\235\250\350"
  60      400EA544 
  60      77E66893 
  60      2D205604 
  60      509DA8E8 
  61 0038 6C123707 		.ascii	"l\0227\007@\201]7\307OP\367\304\3046\337T~\206\031\377"
  61      40815D37 
  61      C74F50F7 
  61      C4C436DF 
  61      547E8619 
  62 004d CF604F66 		.ascii	"\317`Of&/j\025\313\223*\261<\250)\226;\265\216\345F"
  62      262F6A15 
  62      CB932AB1 
  62      3CA82996 
  62      3BB58EE5 
  63 0062 CDB15CA9 		.ascii	"\315\261\\\251M,\027j\211\345LmC\021\214\374+\246\202"
  63      4D2C176A 
  63      89E54C6D 
  63      43118CFC 
  63      2BA682
  64 0075 D66B2128 		.ascii	"\326k!(^KA\343\265\246 {n-k\317\275e\362<Z\312p\233"
  64      5E4B41E3 
  64      B5A6207B 
  64      6E2D6BCF 
  64      BD65F23C 
  65 008d 05D5709B 		.ascii	"\005\325p\233\361\005\307\237\215\035"
  65      F105C79F 
  65      8D1D
  66              		.text
  67              		.section	.gnu.lto_.refs.1441cc6a1d993f73,"e",%progbits
  68 0000 789CE360 		.ascii	"x\234\343``d`c`\000\222L\214L\014\000\000\333\000\026"
  68      60646063 
  68      6000924C 
  68      8C4C0C00 
  68      00DB0016 
  69              		.text
  70              		.section	.gnu.lto_.decls.1441cc6a1d993f73,"e",%progbits
  71 0000 789C9556 		.ascii	"x\234\225VkLTG\024\236sgw\331]@\015\266\325\304\264"
  71      6B4C5447 
  71      149E7367 
ARM GAS  /tmp/ccjggdWS.s 			page 5


  71      77D95D40 
  71      0DB6D5C4 
  72 0015 25666DED 		.ascii	"%fm\355\017Y\321&\325\304?\026\237\211\255$\266\277"
  72      0F59D126 
  72      D5C43F16 
  72      9F89AD24 
  72      B6BF
  73 0027 FA8322A0 		.ascii	"\372\203\"\240lD \273\2131\351\237\013.B|\000\276\252"
  73      6C4420BB 
  73      8B31E99F 
  73      0B2E427C 
  73      00BEAA
  74 003a F842A1AD 		.ascii	"\370B\241\255E\353\253>\353\003P@\344\241\202\012\""
  74      45EBAB3E 
  74      EB035040 
  74      E4A1820A 
  74      22
  75 004b 88225614 		.ascii	"\210\"V\024\037\274\021\224W\317\314\334\273{\021k\360"
  75      1FBC1194 
  75      57CFCCDC 
  75      BB7B116B 
  75      F0
  76 005c EAB93367 		.ascii	"\352\2713g\346\373\276\2313g\356Y\214\004\310<3!O%B"
  76      E6FBBE99 
  76      3367EE59 
  76      8C04C83C 
  76      33214F25 
  77 0071 2E104206 		.ascii	".\020B\006\361\301.\251@\003\264F\"\036\204\220\227"
  77      F1C12EA9 
  77      4003B446 
  77      221E8490 
  77      97
  78 0082 682D686D 		.ascii	"h-hmh\035h]h\335h\257\321z\321$$\350@\360\014@\206<"
  78      681D685D 
  78      68DD68AF 
  78      D17AD124 
  78      24E840F0 
  79 009a B5E87B61 		.ascii	"\265\350{a\033\211\346\205\375\027\330\032A\350?fk\301"
  79      1B89E685 
  79      FD17D81A 
  79      41E83F66 
  79      6BC1
  80 00ac D075980E 		.ascii	"\320u\230\016\323\353U\364\273\225\365:\224\365[\310"
  80      D3EB55F4 
  80      BB95F53A 
  80      94F55BC8 
  81 00bc BBD7D94E 		.ascii	"\273\327\331N\341~\302\236\036\237\024\012~f\320\241"
  81      E17EC29E 
  81      1E9F140A 
  81      7E66D0A1 
  82 00cc BBB5E464 		.ascii	"\273\265\344d\261\031\335\217\314\340\217n\351\256\362"
  82      B119DD8F 
  82      CCE08F6E 
  82      E9AEF2
  83 00db 78B398BD 		.ascii	"x\263\230\275\312\320\331])\273\024\337\007\335s\225"
  83      CAD0D95D 
  83      29BB14DF 
ARM GAS  /tmp/ccjggdWS.s 			page 6


  83      07DD7395 
  84 00eb A599A304 		.ascii	"\245\231\243\004\272\236MWl\251y`\022\3233\320\275\325"
  84      BA9E4D57 
  84      6CA97960 
  84      12D333D0 
  84      BDD5
  85 00fd 5D9E64A6 		.ascii	"]\236d\246\2701\354\347\016\376\232\253\023SFt\263\012"
  85      B831ECE7 
  85      0EFE9AAB 
  85      13534674 
  85      B30A
  86 010f CFBDF1A6 		.ascii	"\317\275\361\246&>uam\177\216\027N}i\006v\240\243q\250"
  86      263E7561 
  86      6D7F8E17 
  86      4E7D6906 
  86      76A0A371 
  87 0124 A8E5E56D 		.ascii	"\250\345\345m\020C\014q\264w\313\357>\324\227\367\257"
  87      10430C71 
  87      B477CBEF 
  87      3ED497F7 
  87      AF
  88 0135 3765D498 		.ascii	"7e\324\230\255\207e\361\030W\020(\004\352\211'\373\267"
  88      AD8765F1 
  88      18571028 
  88      04EA8927 
  88      FBB7
  89 0147 4D99063A 		.ascii	"M\231\006:\213Cw\326\037\332\357cN\226\345\004y\337"
  89      8B4377D6 
  89      1FDAEF63 
  89      4E96E504 
  89      79DF
  90 0159 1AD9B480 		.ascii	"\032\331\264\200\300y\230\000\347`\002\201\"\340\342"
  90      C0799800 
  90      E7600281 
  90      22E0E2
  91 0168 57C00A05 		.ascii	"W\300\012\0058\226\217cHh8w/^\242s9y`\335\205VJ\027"
  91      38968F63 
  91      48683877 
  91      2F5EA273 
  91      397960DD 
  92 0180 B2BEEED1 		.ascii	"\262\276\356\321\321\323)\243`\254\305b\331\304\026"
  92      D1D329A3 
  92      60ACC562 
  92      D9C416
  93 018f 4D43031D 		.ascii	"MC\003\035\201\034d^D&\201R\030\313\265\256\203\005"
  93      811C645E 
  93      44268152 
  93      18CBB5AE 
  93      8305
  94 01a1 AEA19581 		.ascii	"\256\241\225\201\205\355'\223-\235\327\222>c\317\315"
  94      85ED2793 
  94      2D9DD792 
  94      3E63CFCD 
  95 01b1 A7B2BC79 		.ascii	"\247\262\274y<\\\0053\224\340\322\014\257\356\205\300"
  95      3C5C0533 
  95      94E0D20C 
  95      AFEE85C0 
ARM GAS  /tmp/ccjggdWS.s 			page 7


  96 01c1 25FE0E9C 		.ascii	"%\376\016\234\240\022\032>\335)\347\271\014\034}y\030"
  96      A0121A3E 
  96      DD29E7B9 
  96      0C1C7D79 
  96      18
  97 01d2 DACA5EE7 		.ascii	"\332\312^\347\301\215\276\251A\027\277\033\315\244Y"
  97      C18DBEA9 
  97      4117BF1B 
  97      CDA459
  98 01e1 0E065CE5 		.ascii	"\016\006\\\345\006\232\012<\276\214\266\374\022\375"
  98      069A0A3C 
  98      BE8CB6FC 
  98      12FD
  99 01ef D877C603 		.ascii	"\330w\306\0037\024\231w\204\204\314\3743\265M\222H\345"
  99      37149977 
  99      8484CCFC 
  99      33B54D92 
  99      48E5
 100 0201 5474D79D 		.ascii	"Tt\327\235\332\2225\232f\012U\365\376\370\211\373\223"
 100      DA92359A 
 100      660A55F5 
 100      FEF889FB 
 100      93
 101 0212 927AE2B8 		.ascii	"\222z\342\270\231f\213\271\303\2477\354\362\022s\343"
 101      99668BB9 
 101      C3A737EC 
 101      F21273E3 
 102 0222 D13D75ED 		.ascii	"\321=u\355\354}==&\346\356\265W%y\3233\3029\332\267"
 102      EC7D3D3D 
 102      26E6EEB5 
 102      572579D3 
 102      33C239DA 
 103 0237 F58081E6 		.ascii	"\365\200\201\346\010\247\265\352\321Ce\265\333\314/"
 103      08A7B5EA 
 103      D14365B5 
 103      DBCC2F
 104 0246 3DD31823 		.ascii	"=\323\030#\256\334>=\272M\375W\236\353i!\307\032+[\017"
 104      AEDC3E3D 
 104      BA4DFD57 
 104      9EEB6921 
 104      C71A2B5B 
 105 025b 1ED4F13C 		.ascii	"\036\324\361<Y\336\316U\015\306v\227\237\310=%\260:"
 105      59DECE55 
 105      0DC67697 
 105      9FC83D25 
 105      B03A
 106 026d 0CAA1EAD 		.ascii	"\014\252\036\255\001\355!\332#\264\007h\367\335\271"
 106      01ED21DA 
 106      23B40768 
 106      F7DDB9
 107 027c 93E5BCAA 		.ascii	"\223\345\274\252\014\277-\262|\365g(GV5\036\013c{\362"
 107      0CBF2DB2 
 107      7CF56728 
 107      4756351E 
 107      0B637BF2 
 108 0290 6ED5240E 		.ascii	"n\325$\016\321%_\305\363T0p\3550\360\005\030\212n\237"
 108      D1255FC5 
ARM GAS  /tmp/ccjggdWS.s 			page 8


 108      F3543070 
 108      ED30F005 
 108      188A6E9F 
 109 02a4 EC41E70D 		.ascii	"\354A\347\015C\347\2026\317\010o\370\334\003\2773\014"
 109      43E78236 
 109      CF086FF8 
 109      DC03BF33 
 109      0C
 110 02b5 7EE96DF8 		.ascii	"~\351m\370e\215\372\355a\360[o\303\3335\352U\303\340"
 110      658DFAED 
 110      61F05B6F 
 110      C3DB35EA 
 110      55C3E0
 111 02c8 956F6DBD 		.ascii	"\225om\275F#~s\030\272\0024\227\356\322\353\027\211"
 111      46237E73 
 111      18BA0234 
 111      97EED2EB 
 111      1789
 112 02da A3699948 		.ascii	"\243i\231H\346\231\301'u\240^:\327\220\304\300\277\212"
 112      E699C127 
 112      75A05E3A 
 112      D790C4C0 
 112      BF8A
 113 02ec CE087283 		.ascii	"\316\010r\203Jm\315\007:\301g\235\373\333\206\307C\256"
 113      4A6DCD07 
 113      3AC1679D 
 113      FBDB86C7 
 113      43AE
 114 02fe 7D23F810 		.ascii	"}#\370\020\321 v\177]}\256\351!\012H\274v\036\301\222"
 114      D120767F 
 114      5D7DAEE9 
 114      210A48BC 
 114      761EC192 
 115 0312 CAFEB117 		.ascii	"\312\376\261\027/\210\274\005\326g6\250>\300\036\005"
 115      2F88BC05 
 115      D66736A8 
 115      3EC01E05 
 116 0322 47944AAD 		.ascii	"G\224J\255\216\211F}\2111IQ\221\224j\004\202#\324\271"
 116      8E89467D 
 116      89314951 
 116      91946A04 
 116      8223D4B9 
 117 0336 AB9116F3 		.ascii	"\253\221\026\363\240\314\253\"\202\240\224w7Q\031\222"
 117      A0CCAB22 
 117      82A09477 
 117      37511992 
 118 0346 94E5B40C 		.ascii	"\224\345\264\014\030\266c\217 q\213\252\017\270\313"
 118      18B6638F 
 118      20718BAA 
 118      0FB8CB
 119 0355 E4DEFE8D 		.ascii	"\344\336\376\215\031\243\032\240>\236e\242\373\317\317"
 119      19A31AA0 
 119      3E9E65A2 
 119      FBCFCF
 120 0364 087C9CE6 		.ascii	"\010|\234\346O\304\007wBn0\323\227\"ak\013\323\316\373"
 120      4FC40777 
 120      426E30D3 
ARM GAS  /tmp/ccjggdWS.s 			page 9


 120      9722616B 
 120      0BD3CEFB 
 121 0378 8AAF4F62 		.ascii	"\212\257Ob'YY\236\000\342\353\033\203\356\266\314\202"
 121      2759599E 
 121      00E2EB1B 
 121      83EEB6CC 
 121      82
 122 0389 DBA671DB 		.ascii	"\333\246q\333x:\327\310c$\210\374\004\236c\016\236\361"
 122      783AD7C8 
 122      632488FC 
 122      049E630E 
 122      9EF1
 123 039b 1CBC8071 		.ascii	"\034\274\200q\004\342tb\301\177zz7\217\232\270O\256"
 123      04E27462 
 123      C17F7A7A 
 123      378F9AB8 
 123      4FAE
 124 03ad AFC78298 		.ascii	"\257\307\202\230\343\377\344\244,'\"M\307P\320\204\251"
 124      E3FFE4A4 
 124      2C27224D 
 124      C750D084 
 124      A9
 125 03be C7B4F32D 		.ascii	"\307\264\363-b\237\300S\314<<\301\324\343\300K\230\210"
 125      629FC053 
 125      CC3C3CC1 
 125      D4E3C04B 
 125      9888
 126 03d0 FCA4BF9B 		.ascii	"\374\244\277\233\037\350\351n\361c\"7\335\331\252cb"
 126      1FE8E96E 
 126      F1632237 
 126      DDD9AA63 
 126      62
 127 03e1 78151F94 		.ascii	"x\025\037\224\315\330q\354\251\234l\346\013B\263F\252"
 127      CDD871EC 
 127      A99C6CE6 
 127      0B42B346 
 127      AA
 128 03f2 59F96180 		.ascii	"Y\371a\200\026.Q\326X\367\013\255\020\012\247\223\016"
 128      162E51D6 
 128      58F70BAD 
 128      100AA793 
 128      0E
 129 0403 4C54046A 		.ascii	"LT\004jk\247f\347\257\315\013\026\374V\015\277U\345"
 129      6BA766E7 
 129      AFCD0B16 
 129      FC560DBF 
 129      55E5
 130 0415 B771FEA9 		.ascii	"\267q\376\251\375=\015\276\264Q\010\254\337[\274C\257"
 130      FD3D0DBE 
 130      B45108AC 
 130      DF5BBC43 
 130      AF
 131 0426 2874D459 		.ascii	"(t\324Y\216\234\224]z.\320\256\021hW\005:\270@A\345"
 131      8E9C945D 
 131      7A2ED0AE 
 131      11685705 
 131      3AB84041 
ARM GAS  /tmp/ccjggdWS.s 			page 10


 132 043b B3643DDD 		.ascii	"\263d=\335C\271@\323\261\274n\243\"\360\374\205\245"
 132      43B940D3 
 132      B1BC6EA3 
 132      22F0FC85 
 132      A5
 133 044c CF2DD0A9 		.ascii	"\317-\320\251\021\350T\005\272\270\300\215\222\254>"
 133      11E85405 
 133      BAB8C08D 
 133      92AC3E
 134 045b 5F7A4708 		.ascii	"_zG\010\354,\255Y\240n\240wr\231\233\377J\303\177\245"
 134      EC2CAD59 
 134      A06EA077 
 134      72999BFF 
 134      4AC37FA5 
 135 046f F2BB39FF 		.ascii	"\362\2739\377|\325\365\237h\232\216\323\233\217\246"
 135      7CD5F59F 
 135      689A8ED3 
 135      9B8FA6
 136 047e FEA10690 		.ascii	"\376\241\006\220\277\236\356*t\037A\217F\240G\025x\315"
 136      BF9EEE2A 
 136      741F418F 
 136      46A04715 
 136      78CD
 137 0490 05365617 		.ascii	"\0056V\0276\030h\221P\350\312\271\325\351\253(\364\246"
 137      36186891 
 137      50E8CAB9 
 137      D5E9AB28 
 137      F4A6
 138 04a2 D3E222B7 		.ascii	"\323\342\"\267\302\033\215\302\033U\241\227+\034\374"
 138      C21B8DC2 
 138      1B55A197 
 138      2B1CFC
 139 04b1 2BFDB189 		.ascii	"+\375\261\211\016\010\205\332\304\343)J9`\217z\357\373"
 139      0E0885DA 
 139      C4E3294A 
 139      39608F7A 
 139      EFFB
 140 04c3 451550AE 		.ascii	"E\025P\256j\317\305\246\375\243U\220K\001\361j1\024"
 140      6ACFC5A6 
 140      FDA35590 
 140      4B01F16A 
 140      3114
 141 04d5 57907439 		.ascii	"W\220t9\317[[\021\006\206T\204A^\021\020W\275\375\370"
 141      CF5B5B11 
 141      06865484 
 141      415E1110 
 141      57BDFDF8 
 142 04e9 5DAA93C4 		.ascii	"]\252\223\304\020\273\237,\224\213gw{\375\357E\216\227"
 142      10BB9F2C 
 142      948B6777 
 142      7BFDEF45 
 142      8E97
 143 04fb F022CB92 		.ascii	"\360\"\313\222r\223\023*\356V\233\325\304\245[Z\370"
 143      7293132A 
 143      EE569BD5 
 143      C4A55B5A 
 143      F8
ARM GAS  /tmp/ccjggdWS.s 			page 11


 144 050c C12304FA 		.ascii	"\301#\004\3724Q\367\251Q'H,\352\364\275\251\307(\335"
 144      3451F7A9 
 144      5127482C 
 144      EAF4BDA9 
 144      C728DD
 145 051f A0E7516F 		.ascii	"\240\347Qo.\277T\341\245\010\224\036\242\271\236s[#"
 145      2EBF54E1 
 145      A508941E 
 145      A2B99E73 
 145      5B23
 146 0531 7914B02F 		.ascii	"y\024\260/\024\\\\\341j\376\221W\336\264J(\024\015f"
 146      145C5CE1 
 146      6AFE9157 
 146      DEB44A28 
 146      140D66
 147 0544 B9E8A42C 		.ascii	"\271\350\244,\271Uf\177]\3707\267\272\344d?^\001\023"
 147      B955667F 
 147      5DF837B7 
 147      BAE4643F 
 147      5E0113
 148 0557 8582E6E7 		.ascii	"\205\202\346\347.\221\353\300Zi\022\022\037\0256w\370"
 148      2E91EBC0 
 148      5A691212 
 148      1F153677 
 148      F8
 149 0568 6ACF88AD 		.ascii	"j\317\210\255\3529\243$\211WMl\020\373\254+\343\236"
 149      EA39A324 
 149      89574D6C 
 149      10FBAC2B 
 149      E39E
 150 057a 5E8B6531 		.ascii	"^\213e1z\260\311\002\313\032C\360\2749\241\316P\032"
 150      7AB0C902 
 150      CB1A43F0 
 150      BC39A1CE 
 150      501A
 151 058c 668F9A14 		.ascii	"f\217\232\024\020`\305\377+\"\354\321\021Q\326\240H"
 151      1060C5FF 
 151      2B22ECD1 
 151      1151D6A0 
 151      48
 152 059d DB52DBE2 		.ascii	"\333R\333\342%\326\030\207524\312\352\260\207\2616 "
 152      25D61887 
 152      353234CA 
 152      EAB087B1 
 152      3620
 153 05af CC38FFFB 		.ascii	"\3148\377\373\037\375\203f\316$\3068[\264s\372\264\020"
 153      1FFD8366 
 153      CE24C638 
 153      5BB473FA 
 153      B410
 154 05c1 278D09B7 		.ascii	"'\215\011\267#?r\366\373\370\2611v\247\303\272\344\207"
 154      233F72F6 
 154      FBF8B131 
 154      76A7C3BA 
 154      E487
 155 05d3 EFA64FB3 		.ascii	"\357\246O\263.Z4\307:?x\341\342U\201l*$\026-**< \222"
 155      2E5A34C7 
ARM GAS  /tmp/ccjggdWS.s 			page 12


 155      3A3F78E1 
 155      E255816C 
 155      2A24162D 
 156 05ec F8399C2B 		.ascii	"\3709\234+Qqy\254-&\304\021\341\214\213\015q\032\202"
 156      517179AC 
 156      2D26C411 
 156      E18C8B0D 
 156      711A82
 157 05ff E7B2FD19 		.ascii	"\347\262\375\031\202\347\210&H4\337\212f\266h\346\263"
 157      82E78826 
 157      4834DF8A 
 157      66B668E6 
 157      B3
 158 0610 C6143C7B 		.ascii	"\306\024<{QPL\3642\333r\351kb\014\265\257\\\365\315"
 158      51504CF4 
 158      32DB72E9 
 158      6B620CB5 
 158      AF5CF5CD 
 159 0624 9495C41C 		.ascii	"\224\225\304\034\206\013G\254\236\262r:\361\302\305"
 159      860B47AC 
 159      9EB2723A 
 159      F1C2C5
 160 0633 1646DB9C 		.ascii	"\026F\333\234_\214(Nbp8\031z\312\373\320\266\350\260"
 160      5F8C284E 
 160      62703819 
 160      7ACAFBD0 
 160      B6E8B0
 161 0646 A8B8F008 		.ascii	"\250\270\360\010\036\206\303\211\021\230\226\306\204"
 161      1E86C389 
 161      119896C6 
 161      84
 162 0653 DAC319CF 		.ascii	"\332\303\031\317\034`\345}\034\364\262;\303\330P\300"
 162      1C60E57D 
 162      1CF4B23B 
 162      C3D850C0 
 163 0663 48A510CF 		.ascii	"H\245\020\317h\216X\033\243\005\216x\007\261\266\220"
 163      688E581B 
 163      A3058E78 
 163      07B1B690 
 164 0673 55D39069 		.ascii	"U\323\220ip\204\177\0301\302n\303\230qI\333\264\017"
 164      70847F18 
 164      31C26EC3 
 164      987149DB 
 164      B40F
 165 0685 DB29E219 		.ascii	"\333)\342\031-,4\372\203h\210G\232\257\232\372\020\033"
 165      2D2C34FA 
 165      83688847 
 165      9AAF9AFA 
 165      101B
 166 0697 927D2235 		.ascii	"\222}\"5\316\254\221\336%\376\236\027\270z\2655\322"
 166      CEAC91DE 
 166      25FE9E17 
 166      B87AB535 
 166      D2
 167 06a8 738D986C 		.ascii	"s\215\230lx\304\262\320\270(gH\030\277\022\377\001t"
 167      78C4B2D0 
 167      B8286748 
ARM GAS  /tmp/ccjggdWS.s 			page 13


 167      18BF12FF 
 167      0174
 168 06ba 3DF1F0   		.ascii	"=\361\360"
 169              		.text
 170              		.section	.gnu.lto_.symtab.1441cc6a1d993f73,"e",%progbits
 171 0000 68616C49 		.ascii	"halInit\000"
 171      6E697400 
 172 0008 00       		.ascii	"\000"
 173 0009 00       		.ascii	"\000"
 174 000a 00       		.ascii	"\000"
 175 000b 00000000 		.ascii	"\000\000\000\000\000\000\000\000"
 175      00000000 
 176 0013 ED000000 		.ascii	"\355\000\000\000"
 177 0017 70616C5F 		.ascii	"pal_default_config\000"
 177      64656661 
 177      756C745F 
 177      636F6E66 
 177      696700
 178 002a 00       		.ascii	"\000"
 179 002b 02       		.ascii	"\002"
 180 002c 00       		.ascii	"\000"
 181 002d 00000000 		.ascii	"\000\000\000\000\000\000\000\000"
 181      00000000 
 182 0035 06010000 		.ascii	"\006\001\000\000"
 183 0039 7374496E 		.ascii	"stInit\000"
 183      697400
 184 0040 00       		.ascii	"\000"
 185 0041 02       		.ascii	"\002"
 186 0042 00       		.ascii	"\000"
 187 0043 00000000 		.ascii	"\000\000\000\000\000\000\000\000"
 187      00000000 
 188 004b EF000000 		.ascii	"\357\000\000\000"
 189 004f 626F6172 		.ascii	"boardInit\000"
 189      64496E69 
 189      7400
 190 0059 00       		.ascii	"\000"
 191 005a 02       		.ascii	"\002"
 192 005b 00       		.ascii	"\000"
 193 005c 00000000 		.ascii	"\000\000\000\000\000\000\000\000"
 193      00000000 
 194 0064 F1000000 		.ascii	"\361\000\000\000"
 195 0068 72746349 		.ascii	"rtcInit\000"
 195      6E697400 
 196 0070 00       		.ascii	"\000"
 197 0071 02       		.ascii	"\002"
 198 0072 00       		.ascii	"\000"
 199 0073 00000000 		.ascii	"\000\000\000\000\000\000\000\000"
 199      00000000 
 200 007b F3000000 		.ascii	"\363\000\000\000"
 201 007f 73706949 		.ascii	"spiInit\000"
 201      6E697400 
 202 0087 00       		.ascii	"\000"
 203 0088 02       		.ascii	"\002"
 204 0089 00       		.ascii	"\000"
 205 008a 00000000 		.ascii	"\000\000\000\000\000\000\000\000"
 205      00000000 
 206 0092 F5000000 		.ascii	"\365\000\000\000"
ARM GAS  /tmp/ccjggdWS.s 			page 14


 207 0096 7364496E 		.ascii	"sdInit\000"
 207      697400
 208 009d 00       		.ascii	"\000"
 209 009e 02       		.ascii	"\002"
 210 009f 00       		.ascii	"\000"
 211 00a0 00000000 		.ascii	"\000\000\000\000\000\000\000\000"
 211      00000000 
 212 00a8 F7000000 		.ascii	"\367\000\000\000"
 213 00ac 69326349 		.ascii	"i2cInit\000"
 213      6E697400 
 214 00b4 00       		.ascii	"\000"
 215 00b5 02       		.ascii	"\002"
 216 00b6 00       		.ascii	"\000"
 217 00b7 00000000 		.ascii	"\000\000\000\000\000\000\000\000"
 217      00000000 
 218 00bf F9000000 		.ascii	"\371\000\000\000"
 219 00c3 63616E49 		.ascii	"canInit\000"
 219      6E697400 
 220 00cb 00       		.ascii	"\000"
 221 00cc 02       		.ascii	"\002"
 222 00cd 00       		.ascii	"\000"
 223 00ce 00000000 		.ascii	"\000\000\000\000\000\000\000\000"
 223      00000000 
 224 00d6 FB000000 		.ascii	"\373\000\000\000"
 225 00da 5F70616C 		.ascii	"_pal_lld_init\000"
 225      5F6C6C64 
 225      5F696E69 
 225      7400
 226 00e8 00       		.ascii	"\000"
 227 00e9 02       		.ascii	"\002"
 228 00ea 00       		.ascii	"\000"
 229 00eb 00000000 		.ascii	"\000\000\000\000\000\000\000\000"
 229      00000000 
 230 00f3 02010000 		.ascii	"\002\001\000\000"
 231 00f7 68616C5F 		.ascii	"hal_lld_init\000"
 231      6C6C645F 
 231      696E6974 
 231      00
 232 0104 00       		.ascii	"\000"
 233 0105 02       		.ascii	"\002"
 234 0106 00       		.ascii	"\000"
 235 0107 00000000 		.ascii	"\000\000\000\000\000\000\000\000"
 235      00000000 
 236 010f 04010000 		.ascii	"\004\001\000\000"
 237              		.text
 238              		.section	.gnu.lto_.opts,"e",%progbits
 239 0000 272D666E 		.ascii	"'-fno-openmp' '-fno-openacc' '-fno-pie' '-mcpu=cort"
 239      6F2D6F70 
 239      656E6D70 
 239      2720272D 
 239      666E6F2D 
 240 0033 65782D6D 		.ascii	"ex-m3' '-mthumb' '-mfloat-abi=soft' '-march=armv7-m"
 240      33272027 
 240      2D6D7468 
 240      756D6227 
 240      20272D6D 
 241 0066 2720272D 		.ascii	"' '-O2' '-fstack-usage' '-ffunction-sections' '-fda"
ARM GAS  /tmp/ccjggdWS.s 			page 15


 241      4F322720 
 241      272D6673 
 241      7461636B 
 241      2D757361 
 242 0099 74612D73 		.ascii	"ta-sections' '-fno-common' '-flto' '-fshort-enums'\000"
 242      65637469 
 242      6F6E7327 
 242      20272D66 
 242      6E6F2D63 
 243              		.text
 244              		.comm	__gnu_lto_v1,1,1
 245              		.comm	__gnu_lto_slim,1,1
 246              		.ident	"GCC: (GNU Arm Embedded Toolchain 9-2020-q2-update) 9.3.1 20200408 (release)"
ARM GAS  /tmp/ccjggdWS.s 			page 16


DEFINED SYMBOLS
                            *ABS*:0000000000000000 hal.c
                            *COM*:0000000000000001 __gnu_lto_v1
                            *COM*:0000000000000001 __gnu_lto_slim

NO UNDEFINED SYMBOLS
