ARM GAS  /tmp/ccscTE6a.s 			page 1


   1              		.cpu cortex-m3
   2              		.eabi_attribute 20, 1
   3              		.eabi_attribute 21, 1
   4              		.eabi_attribute 23, 3
   5              		.eabi_attribute 24, 1
   6              		.eabi_attribute 25, 1
   7              		.eabi_attribute 26, 1
   8              		.eabi_attribute 30, 2
   9              		.eabi_attribute 34, 1
  10              		.eabi_attribute 18, 4
  11              		.file	"hal_st.c"
  12              		.section	.gnu.lto_.profile.2e35525117db8b71,"e",%progbits
  13 0000 789CE360 		.ascii	"x\234\343``\004B \000\000\000]\000\013"
  13      60044220 
  13      0000005D 
  13      000B
  14              		.text
  15              		.section	.gnu.lto_.icf.2e35525117db8b71,"e",%progbits
  16 0000 789CE360 		.ascii	"x\234\343``d\260c@\000.\206]{\326,ab\274\321up\007'"
  16      6064B063 
  16      40002E86 
  16      5D7BD62C 
  16      6162BCD1 
  17 0018 53CFE27F 		.ascii	"S\317\342\177;y\231\017\277\273t\223\231\345\365\213"
  17      3B79990F 
  17      BFBB7493 
  17      99E5F58B 
  18 0028 2FF7D859 		.ascii	"/\367\330Y\017-\375\262\200\211\355\373\234\243[\031"
  18      0F2DFDB2 
  18      8089EDFB 
  18      9CA35B19 
  19 0038 D95FDCFE 		.ascii	"\331_\334\3761\231\217c\353\256/\035\374\234\313\017"
  19      31998F63 
  19      EBAE2F1D 
  19      FC9CCB0F 
  20 0048 5EF8C5C4 		.ascii	"^\370\305\304\000\000\344\362\037\276"
  20      0000E4F2 
  20      1FBE
  21              		.text
  22              		.section	.gnu.lto_.jmpfuncs.2e35525117db8b71,"e",%progbits
  23 0000 789CE360 		.ascii	"x\234\343``d\220`d\200\003v\020\001\3443122\326\317"
  23      60649060 
  23      64800376 
  23      1001E433 
  23      313232D6 
  24 0015 67666062 		.ascii	"gf`b^\314\014\0248\300\302\310\000\304\177\376\377\377"
  24      5ECC0C14 
  24      38C0C2C8 
  24      00C47FFE 
  24      FFFF
  25 0027 CFCFC83C 		.ascii	"\317\317\310<\235\231\261\257\371\375=\216>\346\371"
  25      9D99B1AF 
  25      F9FD3D8E 
  25      3EE6F9
  26 0036 CC8C8C0C 		.ascii	"\314\214\214\014\214\273\030\245A\230\005\241\220\221"
  26      8CBB18A5 
  26      419805A1 
ARM GAS  /tmp/ccscTE6a.s 			page 2


  26      9091
  27 0044 9109A8E8 		.ascii	"\221\011\250\350\370\373\267W\030A\212\230\200\212v"
  27      F8FBB757 
  27      18418A98 
  27      808A76
  28 0053 334A0385 		.ascii	"3J\003\205\366\365\\8\315\014\021bd\334\303(\315\004"
  28      F6F55C38 
  28      CD0C1162 
  28      64DCC328 
  28      CD04
  29 0065 12876B63 		.ascii	"\022\207kc`\000\232\301\212d5#\272\325\330\355\002\031"
  29      60009AC1 
  29      8A643523 
  29      BAD5D8ED 
  29      0219
  30 0077 82CD34A0 		.ascii	"\202\3154\240o@\2460Qf\012'0H\000\316V:\025"
  30      6F40A630 
  30      51660A27 
  30      304800CE 
  30      563A15
  31              		.text
  32              		.section	.gnu.lto_.inline.2e35525117db8b71,"e",%progbits
  33 0000 789CE360 		.ascii	"x\234\343``d0gd\200\003v\006\006\226\006 `Ncd`b`h\004"
  33      60643067 
  33      64800376 
  33      06069606 
  33      20604E63 
  34 001a 32EB1818 		.ascii	"2\353\030\030\330@BL)L !\006\006F.0\011U\230\002T\310"
  34      D840424C 
  34      294C2021 
  34      0606462E 
  34      30095598 
  35 0031 04964F46 		.ascii	"\004\226OFW\310\304\300\363\354\314\314\303Li\214\214"
  35      57C8C4C0 
  35      F3ECCCCC 
  35      C34C698C 
  35      8C
  36 0042 0C02404B 		.ascii	"\014\002@K\230\370\200\262\007\230S1\324q\203\315\003"
  36      98F880B2 
  36      07985331 
  36      D47183CD 
  36      03
  37 0053 03A6097E 		.ascii	"\003\246\011~\014,\204\215fe\340\002\032\335\2140\232"
  37      0C2C848D 
  37      6665E002 
  37      1ADD8C30 
  37      9A
  38 0064 0B643413 		.ascii	"\013d4\023A\243\331\341\372\210\326\302\011\226\007"
  38      41A3D9E1 
  38      FA88D6C2 
  38      099607
  39 0073 2A046A61 		.ascii	"*\004ja\203\270\013]\013\003\000\224O:G"
  39      83B80B5D 
  39      0B030094 
  39      4F3A47
  40              		.text
  41              		.section	.gnu.lto_.pureconst.2e35525117db8b71,"e",%progbits
ARM GAS  /tmp/ccscTE6a.s 			page 3


  42 0000 789C05C1 		.ascii	"x\234\005\301\201\015\000 \014\303\260\014\005\215="
  42      810D0020 
  42      0CC3B00C 
  42      058D3D
  43 000f C0EDA8D7 		.ascii	"\300\355\250\327b\037\212\0134\317\212+\032w\3548\361"
  43      621F8A0B 
  43      34CF8A2B 
  43      1A77EC38 
  43      F1
  44 0020 03341404 		.ascii	"\0034\024\004\223"
  44      93
  45              		.text
  46              		.section	.gnu.lto_stInit.2e35525117db8b71,"e",%progbits
  47 0000 789CE360 		.ascii	"x\234\343``d\330\315\300\300\240\015\304\262@\314\310"
  47      6064D8CD 
  47      C0C0A00D 
  47      C4B240CC 
  47      C8
  48 0011 CCC0C8D4 		.ascii	"\314\300\310\324\320\320\340\300\336\310\301\304\310"
  48      D0D0E0C0 
  48      DEC8C1C4 
  48      C8
  49 001e 08663570 		.ascii	"\010f5p02\32431\3263\3663Ogf<\324\376l'\223\346r\240"
  49      3032D433 
  49      31D633F6 
  49      334F6766 
  49      3CD4FE6C 
  50 0037 4CC381E9 		.ascii	"L\303\201\351\263\330\332\032Z%\346330\314\004b\010"
  50      B3D8DA1A 
  50      5A25E633 
  50      3330CC04 
  50      6208
  51 0049 60DCC5A8 		.ascii	"`\334\305\250\311\300\000T\371h\343\277\251\274l,P)"
  51      C9C00054 
  51      F968E3BF 
  51      A9BC6C2C 
  51      5029
  52 005b C6DD8C6C 		.ascii	"\306\335\214l@\313\030\030\326_b=\320\360\357\177{\303"
  52      40CB1818 
  52      D65F623D 
  52      D0F0EF7F 
  52      7BC3
  53 006d 813B8B18 		.ascii	"\201;\213\030\367\272\001%\273\231\031@\306\26106\034"
  53      F7BA0125 
  53      BB991940 
  53      C6B13036 
  53      1C
  54 007e 6060E861 		.ascii	"``\350af\202p\032\201\2347\214\315\013\276\3670\203"
  54      6682701A 
  54      819C378C 
  54      CD0BBEF7 
  54      3083
  55 0090 F5024D9C 		.ascii	"\365\002M\234\273\342\314\177\316\026\306\246F\216\371"
  55      BBE2CC7F 
  55      CE16C6A6 
  55      468EF9
  56 009f CC8C3399 		.ascii	"\314\2143\231\201\2461\356alad\230\317\314\304\360\216"
ARM GAS  /tmp/ccscTE6a.s 			page 4


  56      81A631EE 
  56      616C6164 
  56      98CFCCC4 
  56      F08E
  57 00b1 B169C1EF 		.ascii	"\261i\301\357\036F\260R\020\350ffD\030\312\300\240\251"
  57      1E46B052 
  57      10E86666 
  57      4418CAC0 
  57      A0A9
  58 00c3 A7A70F44 		.ascii	"\247\247\017D\331\251Ey\2519\372\316\031\231I\231\376"
  58      D9A94579 
  58      A939FACE 
  58      19994999 
  58      FE
  59 00d4 C1FAF9C5 		.ascii	"\301\372\371\305\372\031\2119\372\305E\311 :\276\270"
  59      FA198939 
  59      FAC545C9 
  59      203ABEB8 
  60 00e4 442F9901 		.ascii	"D/\231\001\000\036\206K\332"
  60      001E864B 
  60      DA
  61              		.text
  62              		.section	.gnu.lto_stGetCounter.2e35525117db8b71,"e",%progbits
  63 0000 789C7D50 		.ascii	"x\234}PMK[A\024\275\347\335\344%\012\241\256\033\304"
  63      4D4B5B41 
  63      14BDE7DD 
  63      E4250AA1 
  63      AE1BC4
  64 0013 753679DA 		.ascii	"u6y\332\376\001!\202H\025\027\311\306U\320(D\014\246"
  64      FE012182 
  64      481517C9 
  64      C655D028 
  64      440CA6
  65 0026 24A15BC7 		.ascii	"$\241[\307\247DJ4~\200D#\032\333\020\304\215b\241\033"
  65      A7444A34 
  65      7E804423 
  65      1ADB10C4 
  65      8D62A11B 
  66 003a BFFA6A5B 		.ascii	"\277\372j[\350R\012R\002RB\241 .Z\212\335\024\212\355"
  66      E8520A52 
  66      025242A1 
  66      202E5A8A 
  66      DD148AED 
  67 004e 9DA4886E 		.ascii	"\235\244\210n\034\346\353\33493\347\234\361\022h\016"
  67      1CE6EBDC 
  67      3933E79C 
  67      F112680E 
  68 005e 4449226A 		.ascii	"DI\"j\225\001&\030J\251N\317\244\327\000\352;\345\005"
  68      95012618 
  68      4AA94ECF 
  68      A4D700EA 
  68      3BE505
  69 0071 4D1898C0 		.ascii	"M\030\230\300<\027\030\331\017\013\007\276<\2274Q\340"
  69      3C1718D9 
  69      0F0B07BE 
  69      3C973451 
  69      E0
ARM GAS  /tmp/ccscTE6a.s 			page 5


  70 0082 8BB3531B 		.ascii	"\213\263S\033\032\002-\002\027\262\037\263\315\201-"
  70      1A022D02 
  70      17B21FB3 
  70      CD812D
  71 0091 A56CE514 		.ascii	"\245l\345\0246<k\257N\225\273\304\006\255\012\375\000"
  71      363C6BAF 
  71      4E95BBC4 
  71      06AD0AFD 
  71      00
  72 00a2 7EECC34F 		.ascii	"~\354\303O\272\341\020\001\"\271\360u\357z\331g\272"
  72      BAE11001 
  72      22B9F075 
  72      EF7AD967 
  72      BA
  73 00b3 3441978F 		.ascii	"4A\227\217`\212#\242\335OnG]\377\235Q\316\2572^w\273"
  73      608A23A2 
  73      DD4F6E47 
  73      5DFF9D51 
  73      CEAF325E 
  74 00c9 0C2A31B3 		.ascii	"\014*1\263L.\242\034\223\370R.(\207h\226\215\006\230"
  74      4C2EA21C 
  74      93F8522E 
  74      28876896 
  74      8D0698
  75 00dc 12708993 		.ascii	"\022p\211\223\303\337\347\027\237\027\233\356\274\254"
  75      C3DFE717 
  75      9F179BEE 
  75      BCAC
  76 00ea 1FBC294C 		.ascii	"\037\274)Lkz-W\345\207u\265\372\351-6\336\300\304\261"
  76      6B7A2D57 
  76      E58775B5 
  76      FAE92D36 
  76      DEC0C4B1 
  77 00fe B8203830 		.ascii	"\270 80\327Yg\314O\375\370\342\325\031\335\320\324\237"
  77      D75967CC 
  77      4FFDF8E2 
  77      D519DDD0 
  77      D49F
  78 0110 DFCAF30F 		.ascii	"\337\312\363\017\032\260.-\245\315\342U\331WA\031%6"
  78      1AB02E2D 
  78      A5CDE255 
  78      D9574119 
  78      2536
  79 0122 712239DF 		.ascii	"q\"9\337\352\234rp|~\261\345i\337Q\323\223\252v\365"
  79      EA9C7270 
  79      7C7EB1E5 
  79      69DF51D3 
  79      93AA76F5 
  80 0136 B2ADB824 		.ascii	"\262\255\270$\014\017\336\241\202\025\011\254\305\010"
  80      0C0FDEA1 
  80      821509AC 
  80      C508
  81 0144 EFD12ECE 		.ascii	"\357\321.\316\355?3\333\334\320d\221\245\357\260k\317"
  81      ED3F33DB 
  81      DCD06491 
  81      A5EFB06B 
  81      CF
ARM GAS  /tmp/ccscTE6a.s 			page 6


  82 0155 ABAC3D4A 		.ascii	"\253\254=JE\177N\216\033z\260\035\015\003\301\240%}"
  82      457F4E8E 
  82      1B7AB01D 
  82      0D03C1A0 
  82      257D
  83 0167 6C24353E 		.ascii	"l$5>\222\260B\361\321\241\321\376\260\225L[\361\301"
  83      92B042F1 
  83      D1A1D1FE 
  83      B0954C5B 
  83      F1C1
  84 0179 84954EC5 		.ascii	"\204\225N\305\364\032Mg\2021\012\335\307|\232Le\322"
  84      F41A4D67 
  84      82310ADD 
  84      C77C9A4C 
  84      65D2
  85 018b 5638D2F7 		.ascii	"V8\322\367\370\221\325\333\333e\205\007\302\221\236"
  85      F891D5DB 
  85      DB658507 
  85      C2919E
  86 019a D093671D 		.ascii	"\320\223g\035\377\357G\023\211\341`\234\376\001\371"
  86      FFEF4713 
  86      89E1609C 
  86      FE01F9
  87 01a9 5AA5D0   		.ascii	"Z\245\320"
  88              		.text
  89              		.section	.gnu.lto_stStartAlarm.2e35525117db8b71,"e",%progbits
  90 0000 789C9D52 		.ascii	"x\234\235R[HTQ\024=\353\356;3w\246&\015\372\210\374"
  90      5B485451 
  90      143DEBEE 
  90      3B3377A6 
  90      260DFA88 
  91 0015 11FA0823 		.ascii	"\021\372\010#\034\263~\242\237\300 \242\242\017\375"
  91      1CB37EA2 
  91      9FC020A2 
  91      A20FFD
  92 0024 E92B7A08 		.ascii	"\351+z\010J\366\300\221\372\211<\216S\003\215i\020="
  92      4AF6C091 
  92      FA893C8E 
  92      53038D69 
  92      103D
  93 0036 26935B4D 		.ascii	"&\223[M\322\343\243,?\242,\233,{\216i\017{c\026e\022"
  93      D2E3A32C 
  93      3FA22C9B 
  93      2C7B8E69 
  93      0F7B6316 
  94 004c 96A4FE44 		.ascii	"\226\244\376D\222\355s\356T#DT\227\271w\316>g\355\265"
  94      92ED73EE 
  94      54234454 
  94      97B977CE 
  94      3E67EDB5 
  95 0060 F7597B59 		.ascii	"\367Y{Y\002\342\244)\304\026!\304|~\341\0220\244\224"
  95      02E2A429 
  95      C41621C4 
  95      7C7EE112 
  95      30A494
  96 0073 0B3C5596 		.ascii	"\013<U\226aPG\254\331mJ\237\331\334\227\234g\312\211"
  96      615047AC 
ARM GAS  /tmp/ccscTE6a.s 			page 7


  96      D96D4A9F 
  96      D9DC979C 
  96      67CA89
  97 0086 04337566 		.ascii	"\0043uf\002z%-\210J\203LT\242\216\366\023\332\"}\027"
  97      027A252D 
  97      884A834C 
  97      54A28EF6 
  97      13DA227D 
  98 009b 8C9CE37C 		.ascii	"\214\234\343|&\023\373{<;\344\366\2516\011\021\343\327"
  98      2613FB7B 
  98      3C3BE4F6 
  98      A9360911 
  98      E3D7
  99 00ad 79701139 		.ascii	"yp\0219\214\333\321\276\273\305_K6\001\006\207G\272"
  99      8CDBD1BE 
  99      BBC55F4B 
  99      36010687 
  99      47BA
 100 00bf BB4250A1 		.ascii	"\273BP\241\201L\016\277\236jz\231A\263 x\335\364\351"
 100      814C0EBF 
 100      9E6A7A99 
 100      41B32078 
 100      DDF4E9
 101 00d2 E2DC198D 		.ascii	"\342\334\031\215R\206db`\017\311)6\021.\203\230\021"
 101      52866462 
 101      600FC929 
 101      36112E83 
 101      9811
 102 00e4 97908516 		.ascii	"\227\220\205\026d\011\301{\314\334\212\031Be\2749\373"
 102      6409C17B 
 102      CCDC8A19 
 102      4265BC39 
 102      FB
 103 00f5 6DAFDF6D 		.ascii	"m\257\337m\246\212\342\012\334|I\2018\2113\017\\\011"
 103      A68AE20A 
 103      DC7C4981 
 103      3889330F 
 103      5C09
 104 0107 F96D2C22 		.ascii	"\371m,\"\023#\307\360e\321$p\246i\250\217\033*\335\303"
 104      1323C7F0 
 104      65D12470 
 104      A669A88F 
 104      1B2ADDC3 
 105 011b 4B97A53E 		.ascii	"K\227\245>^\376\270}j%D\224\204\272\217\011\231\020"
 105      5EFEB87D 
 105      6A254494 
 105      84BA8F09 
 105      9910
 106 012d A2860C27 		.ascii	"\242\206\014'\250\346\340\003\332.}\0318\361\366\265"
 106      A8E6E003 
 106      DA2E7D19 
 106      38F1F6B5 
 107 013d 675C59AE 		.ascii	"g\\Y\256\366\253\217\260\202\367F?\272\246\351V\364"
 107      F6AB8FB0 
 107      82F7463F 
 107      BAA6E956 
 107      F4
ARM GAS  /tmp/ccscTE6a.s 			page 8


 108 014e 691A1A57 		.ascii	"i\032\032W\341F\202[\024h\203\273\201\024Sm\365`\217"
 108      E146825B 
 108      146883BB 
 108      8114536D 
 108      F5608F
 109 0161 A5D4F068 		.ascii	"\245\324\360h\005>\277\213\327e8\241.\315[\207\017\016"
 109      053EBF8B 
 109      D76538A1 
 109      2ECD5B87 
 109      0F0E
 110 0173 C7FD8D88 		.ascii	"\307\375\215\210\303&\013\327Y\206kJ\006>h}\331\177"
 110      C3260BD7 
 110      59866B4A 
 110      063E687D 
 110      D97F
 111 0185 DC93775A 		.ascii	"\334\223wZ\206\253dos|\362\241\2556y\321\216F\034P\012"
 111      86AB646F 
 111      737CF2A1 
 111      AD3679D1 
 111      8E461C50 
 112 019a 5D5552DC 		.ascii	"]UR\334@\0367^\275/\362\314\353\224\264\234\252?G\342"
 112      401E375E 
 112      BD2FF2CC 
 112      EB94B49C 
 112      AA3F47E2 
 113 01ae 82819BCC 		.ascii	"\202\201\233\314\307\240\256\310Ir@^\3061\350\346\340"
 113      C7A0AEC8 
 113      4972405E 
 113      C631E8E6 
 113      E0
 114 01bf C7477040 		.ascii	"\307Gp@\002\2674(4\0329\363\266\216\324\345\032\010"
 114      02B73428 
 114      341A39F3 
 114      B68ED4E5 
 114      1A08
 115 01d1 8C1403D8 		.ascii	"\214\024\003\330\236\355\204j\266-#\227?x\303\010U\261"
 115      9EED846A 
 115      B62D2397 
 115      3F78C308 
 115      55B1
 116 01e3 137C3132 		.ascii	"\023|12\270\217\333\010C08\235\320d\302;\310\262i\202"
 116      B88FDB08 
 116      4330389D 
 116      D064C23B 
 116      C8B26982 
 117 01f7 7887707F 		.ascii	"x\207p\177A\212@\355i\343\324\020\365%cs\224\356\306"
 117      418A40ED 
 117      69E3D410 
 117      F5256373 
 117      94EEC6
 118 020a 00C2BA80 		.ascii	"\000\302\272\200\272q\303\211\344\230\246\267l\232\030"
 118      BA71C389 
 118      E498A6B7 
 118      6C9A18
 119 0219 D346B8AB 		.ascii	"\323F\270\253\350\323u\364\3530\275\021\177\234\234"
 119      E8D375F4 
 119      EB30BD11 
ARM GAS  /tmp/ccscTE6a.s 			page 9


 119      7F9C9C
 120 0228 21BD9243 		.ascii	"!\275\222C\035>V\262*\323\246I\350\340L$SZ\016\277o"
 120      1D3E56B2 
 120      2AD3A649 
 120      E8E04C24 
 120      535A0EBF 
 121 023d 6FB514FE 		.ascii	"o\265\024\376\200\224\331\212\344\036\353\350\330\251"
 121      8094D98A 
 121      E41EEBE8 
 121      D8A9
 122 024b 93713665 		.ascii	"\223q6e\350\266\314t?\260\030\235\273\222\365\025\343"
 122      E8B6CC74 
 122      3FB0189D 
 122      BB92F515 
 122      E3
 123 025c FC60FEC6 		.ascii	"\374`\376\306\017_\271S\307\017\346x?\334g?ti?<P\002"
 123      0F5FB953 
 123      C70FE678 
 123      3FDC673F 
 123      74693F3C 
 124 0272 F81AC8AD 		.ascii	"\370\032\310\255|\326\263S\361nR\233\1779\377\303\333"
 124      7CD6B353 
 124      F16E529B 
 124      7F39FFC3 
 124      DB
 125 0283 6CCAC443 		.ascii	"l\312\304C={h^\005\030}\3359\350\313o\322\200sP\356"
 125      3D7B685E 
 125      05187DDD 
 125      39E8CB6F 
 125      D2807350 
 126 0298 78843CCC 		.ascii	"x\204<\314\344l\215@7\362\271\250\2528\324\037;\337"
 126      E46C8D40 
 126      37F2B9A8 
 126      AA38D41F 
 126      3BDF
 127 02aa 8B7F2CE8 		.ascii	"\213\177,\350\305c]\320H\321=A^\372 \274\334\310S\355"
 127      C5635DD0 
 127      48D13D41 
 127      5EFA20BC 
 127      DCC853ED 
 128 02be 1AA6AFFF 		.ascii	"\032\246\257\377\037\372g?\274\254\351\237k\372\306"
 128      1FFA673F 
 128      BCACE99F 
 128      6BFAC6
 129 02cd E851C7B9 		.ascii	"\350Q\307\271^v\356\013\316\374\204Pott\272\236\225"
 129      5E76EE0B 
 129      CEFC8450 
 129      6F7474BA 
 129      9E95
 130 02df 7AA28431 		.ascii	"z\242\2041~\010\241\204\012srs\003\374[W\\\276\241\270"
 130      7E08A184 
 130      0A737273 
 130      03FC5B57 
 130      5CBEA1B8 
 131 02f3 2C505052 		.ascii	",PPR\272\272tya`c0P\262\252,\020,_\243\376W\006+r\327"
 131      BABA7479 
 131      61606330 
ARM GAS  /tmp/ccscTE6a.s 			page 10


 131      50B2AA2C 
 131      102C5FA3 
 132 030d 08CFAAD5 		.ascii	"\010\317\252\325\301\212\322\365\305\005\177\312\330"
 132      C18AD2F5 
 132      C5057FCA 
 132      D8
 133 031a B4B1BC22 		.ascii	"\264\261\274\"\030(,Z6'?\260t\351\302@\341\212\302\242"
 133      18282C5A 
 133      36273FB0 
 133      74E9C240 
 133      E18AC2A2 
 134 032e C5054B36 		.ascii	"\305\005K6\317N\361\254,+[\233[\"\276\003Z,\255\007"
 134      CF4EF1AC 
 134      2C2B5B9B 
 134      5B22BE03 
 134      5A2CAD07 
 135              		.text
 136              		.section	.gnu.lto_stStopAlarm.2e35525117db8b71,"e",%progbits
 137 0000 789C7D50 		.ascii	"x\234}P\277K\202Q\024\275\347{\376\"\220\306\002ilp"
 137      BF4B8251 
 137      14BDE77B 
 137      FE2290C6 
 137      02696C70 
 138 0014 F1B3DA23 		.ascii	"\361\263\332#\260\2452\032tq\2222AI2TZ}\376\250\006"
 138      B0A5321A 
 138      74719232 
 138      41493254 
 138      5A7DFEA8 
 139 0029 432108CD 		.ascii	"C!\010\315\006\003\021\267\302\261_\366e\375\005\315"
 139      060311B7 
 139      C2B15FF6 
 139      65FD05CD 
 140 0039 161615D1 		.ascii	"\026\026\025\321P\224K\223\365\276O\011[\272\274\313"
 140      50944B93 
 140      F5BE4F09 
 140      5BBABCCB 
 141 0049 7BE79E73 		.ascii	"{\347\236s\357y\357\231\010\344\001Q\230\210FD\202\021"
 141      EF79EF99 
 141      08E40151 
 141      98884644 
 141      8211
 142 005b 24CEF994 		.ascii	"$\316\371\2241a\222\000\355\304M\240\270\2048r,\317"
 142      31619200 
 142      EDC44DA0 
 142      B8843872 
 142      2CCF
 143 006d D0D87A3E 		.ascii	"\320\330z>\226\254U\301p%_\034\330\344\033\303%F\264"
 143      96AC55C1 
 143      70255F1C 
 143      D8E41BC3 
 143      2546B4
 144 0080 27B21B38 		.ascii	"'\262\0338\201\225H(\037j\235]\263A\327\243p\012\203"
 144      81954828 
 144      1F6A9D5D 
 144      B341D7A3 
 144      700A83
 145 0093 30233ABA 		.ascii	"0#:\272\321+\274\363\275\305\225\3532j\263\202\3140"
ARM GAS  /tmp/ccscTE6a.s 			page 11


 145      D12BBCF3 
 145      BDC595EB 
 145      326AB382 
 145      CC30
 146 00a5 52C7E9C0 		.ascii	"R\307\351\300\025\242m&uAJ\200W4>\277\232\217\267\367"
 146      15A26D26 
 146      75414A80 
 146      57343EBF 
 146      9A8FB7F7 
 147 00b9 FA3FF3D4 		.ascii	"\372?\363\3241\277\205\264*oerz\246yhl\237\032\3470"
 147      31BF85B4 
 147      2A6F6572 
 147      7AA67968 
 147      6C9F1AE7 
 148 00ce E04C7813 		.ascii	"\340Lx\023\3520\010\"\233z\2773eY\211\001\252\356\343"
 148      EA300822 
 148      9B7ABF33 
 148      65598901 
 148      AAEEE3
 149 00e1 A99C1BEC 		.ascii	"\251\234\033\354B\315W\224\016\212\355\262\271\2022"
 149      42CD5794 
 149      0E8AEDB2 
 149      B98232
 150 00f0 4A4C8202 		.ascii	"JL\202\002\013.`\321f\326\233/U\243\375\220\247\023"
 150      0B2E60D1 
 150      66D69B2F 
 150      55A3FD90 
 150      A713
 151 0102 BCD5DE19 		.ascii	"\274\325\336\031\332\237,1\206KTP\020\257P\215\010\015"
 151      DA9F2C31 
 151      864B5450 
 151      10AF508D 
 151      080D
 152 0114 D8FB3DC4 		.ascii	"\330\373=\304ep%\272\337\220le\012\243\332'\250\221"
 152      657025BA 
 152      DF906C65 
 152      0AA3DA27 
 152      A891
 153 0126 615D3724 		.ascii	"a]7$\025\025Zm6Y\254\025\177d\325\037\222\035\201\340"
 153      15155A6D 
 153      3659AC15 
 153      7F64D51F 
 153      921D81E0 
 154 013a 5270C125 		.ascii	"Rp\301%\207\243r`1$G#>u\367Fc6\0379\376S\256\205#\261"
 154      87A37260 
 154      31244723 
 154      3E75F746 
 154      63361F39 
 155 0154 A8EC72CF 		.ascii	"\250\354r\317O\214\313N\347\264\354\362\270\3343\216"
 155      4F8CCB4E 
 155      E7B4ECF2 
 155      B8DC338E 
 156 0164 B9F5B15E 		.ascii	"\271\365\261^\2777\024Z\266\005\350\007O\332\226\343"
 156      BF37145A 
 156      B605E807 
 156      4FDA96E3 
 157              		.text
ARM GAS  /tmp/ccscTE6a.s 			page 12


 158              		.section	.gnu.lto_stSetAlarm.2e35525117db8b71,"e",%progbits
 159 0000 789C8D52 		.ascii	"x\234\215RMHTQ\024\276\337;of\336LN\032\264\210\334"
 159      4D485451 
 159      14BEDF3B 
 159      6F66DE4C 
 159      4E1AB488 
 160 0015 B4093162 		.ascii	"\264\0111b\306\254M\264\011l\323\037-l\323*\322\004"
 160      C6AC4DB4 
 160      096CD31F 
 160      2D6CD32A 
 160      D204
 161 0027 254B71A4 		.ascii	"%Kq\2446Qw\306\321\201\354\017\302l\252\341\025\223"
 161      365177C6 
 161      D181EC0F 
 161      C26CAAE1 
 161      1593
 162 0039 182DD2B2 		.ascii	"\030-\322\262EeM\223e\366\243\331?\004b\032e\"\232\364"
 162      45654D93 
 162      65F6A3D9 
 162      3F04621A 
 162      65229AF4 
 163 004d B389223B 		.ascii	"\263\211\";\367\276\241F\210\3502\357\316=\367|\367"
 163      F7BEA146 
 163      88E832EF 
 163      CE3DF77C 
 163      F7
 164 005e 3BE77EF7 		.ascii	";\347~\367\263\004\304\004\011\261G\010\261\212?\270"
 164      B304C404 
 164      09B14708 
 164      B18A3FB8 
 165 006e 040C29E5 		.ascii	"\004\014)\345jO\3302\014\032\210w\271M\3513\273\306"
 165      6A4FD832 
 165      0C1A8877 
 165      B94DE933 
 165      BBC6
 166 0080 FA579A32 		.ascii	"\372W\2322\207`fr&\240W\322\202\330o\220\211\3758B\255"
 166      87606672 
 166      26A057D2 
 166      82D86F90 
 166      89FD3842 
 167 0095 849ED8D8 		.ascii	"\204\236\330\3305\243\260\235s2\335\372\312\327$\033"
 167      35A3B09D 
 167      7332DDFA 
 167      CAD7241B 
 168 00a5 17D84C1F 		.ascii	"\027\330L\037\347\317\031\270\216B\3065\365\036\355"
 168      E7CF19B8 
 168      8E42C635 
 168      F51EED
 169 00b4 F61F269B 		.ascii	"\366\037&\233\000\203\303\263/\237D\240B\003y\034~\277"
 169      0083C3B3 
 169      2F9F44A0 
 169      4203791C 
 169      7EBF
 170 00c6 D039944B 		.ascii	"\3209\224KK!x\335\371\361\372\212\2026)#2=t\214\344"
 170      4B2178DD 
 170      F9F1FA8A 
 170      82362923 
ARM GAS  /tmp/ccscTE6a.s 			page 13


 170      323D748C 
 171 00db 7C9B0837 		.ascii	"|\233\0107A\314\210\033\310G7\362\205\340=fN\241@\250"
 171      41CC881B 
 171      C84737F2 
 171      85E03D66 
 171      4EA140A8 
 172 00ef 136F2FFD 		.ascii	"\023o/\375l\361\273\315LQ\334\202\233/)\220$\321\361"
 172      6CF1BBCD 
 172      4C51DC82 
 172      9B2F2990 
 172      24D1F1
 173 0102 CC95963F 		.ascii	"\314\225\226?gb2\375\356\034>\255\313\001\2374\015\236"
 173      676232FD 
 173      EE1C3EAD 
 173      CB019F34 
 173      0D9E
 174 0114 5CA4260F 		.ascii	"\\\244&\017\024\207\305K\267WM>5\011\321LB\335\307\204"
 174      1487C54B 
 174      B7574D3E 
 174      3509D14C 
 174      42DDC784 
 175 0128 4C0B7190 		.ascii	"L\013q\220\014'h\340`\002=7\276M\236\1777\352\231U\226"
 175      0C2768E0 
 175      60023D37 
 175      BE4D9E7F 
 175      37EA9955 
 176 013d ABFDE923 		.ascii	"\253\375\351#\252\340#\315S\256\205\272\025\235\315"
 176      AAE023CD 
 176      53AE85BA 
 176      159DCD
 177 014c 42E336DC 		.ascii	"B\3436\334Hs\213\002=p'\310\342\334\341\206\351aK\251"
 177      48738B02 
 177      3D7027C8 
 177      E2DCE186 
 177      E9614BA9 
 178 0160 E1D10A7C 		.ascii	"\341\321\012|z\237<\222\353\204\2724o\2359\371%\351"
 178      7A9F3C92 
 178      EB84BA34 
 178      6F9D39F9 
 178      25E9
 179 0172 6F431236 		.ascii	"oC\0226Y\270\3132\334Q2p\"54\336\356)\272(\243a9\322"
 179      59B8CB32 
 179      DC513270 
 179      223534DE 
 179      EE29BA28 
 180 018a 959C777A 		.ascii	"\225\234wz\257M^\364\242\015'\224B\267\225\024\367P"
 180      AF4D5EF4 
 180      A20D2794 
 180      42B79514 
 180      F750
 181 019c C48D371C 		.ascii	"\304\2157\034\217\275\366:%\275N\325\337O\342\206\201"
 181      8FBDF63A 
 181      25BD4ED5 
 181      DF4FE286 
 181      81
 182 01ad 3EE66350 		.ascii	">\346cP*\326q\245\205T\337\011\002#\031\3267=\365\002"
 182      2AD671A5 
ARM GAS  /tmp/ccscTE6a.s 			page 14


 182      8554DF09 
 182      022319D6 
 182      373DF502 
 183 01c1 0E4CE0BE 		.ascii	"\016L\340\276\206E~\304\340`\014\206\211I4.rB\345\210"
 183      86457EC4 
 183      E0600C86 
 183      8949342E 
 183      7242E588 
 184 01d5 EEAF3727 		.ascii	"\356\2577'\274QD\302l\004_\234\014n\343\001\242\020"
 184      BC5144C2 
 184      6C045F9C 
 184      0C6EE301 
 184      A210
 185 01e7 0CCE6673 		.ascii	"\014\316fs1\333C\344\3334G\274Gt\274$C\240\366\264o"
 185      31DB43E4 
 185      DB3447BC 
 185      4774BC24 
 185      43A0F6B4 
 186 01fc 0E128DF5 		.ascii	"\016\022\215\365\307\227+\331\215IDu\001u\341\304\371"
 186      C7972BD9 
 186      8D494475 
 186      0175E1C4 
 186      F9
 187 020d FE194D6F 		.ascii	"\376\031Mo\331\224\023\327>x\244\350\263e\364\3530\273"
 187      D99413D7 
 187      3E78A4E8 
 187      B365F4EB 
 187      30BB
 188 021f 117F929C 		.ascii	"\021\177\222\2347z#?\017\370X\310p\236Ms1\300'\321\237"
 188      377A233F 
 188      0FF858C8 
 188      709E4D73 
 188      31C027D1 
 189 0234 91F2CB87 		.ascii	"\221\362\313\207\336\224\245\360'\244\\\244H\036\263"
 189      DE94A5F0 
 189      27A45CA4 
 189      481EB3
 190 0243 8C8E9B06 		.ascii	"\214\216\233\006\031gS\256n\313\314\266\003+1xh\362"
 190      196753AE 
 190      6ECBCCB6 
 190      032B3178 
 190      68F2
 191 0255 54FD2C3B 		.ascii	"T\375,;\230\177\261C\007;\316\261\2039\333\016O\331"
 191      987FB143 
 191      073BCEB1 
 191      8339DB0E 
 191      4FD9
 192 0267 0E4FB41D 		.ascii	"\016O\264\035\236)\001|\011\362(\233\015\037P\274\265"
 192      9E29017C 
 192      09F2289B 
 192      0D1F50BC 
 192      B5
 193 0278 6AF33F9F 		.ascii	"j\363?\237\377\314>\233\362\360\\?=4\257\002\374\030"
 193      FFCC3E9B 
 193      F2F05C3F 
 193      3D34AF02 
 193      FC18
ARM GAS  /tmp/ccscTE6a.s 			page 15


 194 028a 1D9CF615 		.ascii	"\035\234\366\025wj\300e(s\274@\021\226\360i\215\300"
 194      776AC065 
 194      2873BC40 
 194      1196F069 
 194      8DC0
 195 029c 4B147351 		.ascii	"K\024sQ\361\021\221\221\346\253\213\365m\325h&\314\360"
 195      F1119191 
 195      E6AB8BF5 
 195      6DD56826 
 195      CCF0
 196 02ae 2044D22A 		.ascii	" D\322*,\014\004\202\374\333QQ\267\253\242:XRYUV\265"
 196      2C0C0482 
 196      FCDB5151 
 196      B7ABA23A 
 196      58525955 
 197 02c4 A9345813 		.ascii	"\2514X\023\012Vn\253\016\206\352\312\325\377\326P}\240"
 197      0A566EAB 
 197      0E86EACA 
 197      D5FFD650 
 197      7DA0
 198 02d6 5C78B695 		.ascii	"\\x\266\225\205\352\253vV\224\374\353DmM]}(X\272y\343"
 198      85EAAB76 
 198      5694FCEB 
 198      446D4D5D 
 198      7D2858BA 
 199 02ec F2E2E086 		.ascii	"\362\342\340\206\015k\202\245[J7\257-Y\277{Y\206gku"
 199      0D6B82A5 
 199      5B4A37AF 
 199      2D59BF7B 
 199      5986676B 
 200 0301 F5F640A5 		.ascii	"\365\366@\245\370\005\224)lV"
 200      F8059429 
 200      6C56
 201              		.text
 202              		.section	.gnu.lto_stGetAlarm.2e35525117db8b71,"e",%progbits
 203 0000 789C8D92 		.ascii	"x\234\215\222_HSq\024\307\317\271\347n\273\233.\355"
 203      5F485371 
 203      14C7CFB9 
 203      E76EBB9B 
 203      2EED
 204 0012 2D92C057 		.ascii	"-\222\300W{\330L\237\242\227`\275\204F\017\363\245'"
 204      7BD84C9F 
 204      A29760BD 
 204      84460FF3 
 204      A527
 205 0024 29139446 		.ascii	")\023\224F\206\223\236\002\177\233\313\021\212J\220"
 205      86939E02 
 205      7F9BCB11 
 205      8A4A90
 206 0033 BA4CAE35 		.ascii	"\272L\2565D{I\315\036\302?kY\246\325lf\365\020Hj\250"
 206      447B49CD 
 206      1EC23F6B 
 206      59A6D56C 
 206      66F51048 
 207 0049 896852F6 		.ascii	"\211hR\366\"\210v~\367\016\333 \242\313\356\331=\277"
 207      2288767E 
 207      F70EDB20 
ARM GAS  /tmp/ccscTE6a.s 			page 16


 207      A2CBEED9 
 207      3DBF
 208 005b DFE7F73D 		.ascii	"\337\347\367=\347w\316\321\000\341)\001\324\000\300"
 208      E777CED1 
 208      00E12901 
 208      D400C0
 209 006a 297ED102 		.ascii	")~\321\002\250\010!N\333\002\232\242\320Ld\330\252\012"
 209      A808214E 
 209      DB029AA2 
 209      D04C64D8 
 209      AA0A
 210 007c 873ABC9A 		.ascii	"\207:\274\2328\251\212lB5\265\247\"\032_BC\250WH\305"
 210      38A98A6C 
 210      4235B5A7 
 210      221A5F42 
 210      43A85748 
 211 0091 7A6CA50E 		.ascii	"zl\245\016\302\306\311\266Qg\013\351\3042\354\336\377"
 211      C2C6C9B6 
 211      51670BE9 
 211      C432ECDE 
 211      FF
 212 00a2 341B44E9 		.ascii	"4\033D\351\"\346\262\333\3268\335\350(\350\023\"(\342"
 212      22E6B2DB 
 212      D638DDE8 
 212      28E81322 
 212      28E2
 213 00b4 1DED595D 		.ascii	"\035\355Y]\217g\205E'\005\"\214\217b\036\216`\036\310"
 213      8F678545 
 213      2705228C 
 213      8F621E8E 
 213      601EC8
 214 00c7 07C7B000 		.ascii	"\007\307\260\000\200\017|\035\332\273\343\264\252\022"
 214      800F7C1D 
 214      DABBE3B4 
 214      AA12
 215 00d5 90CBE368 		.ascii	"\220\313\343h\345|\001\243\004\003s\226\270\330\333"
 215      E57C01A3 
 215      04037396 
 215      B8D8DB
 216 00e4 0F8BF872 		.ascii	"\017\213\370r\024\207J\262\020tb%\235T\222\306\306\306"
 216      14874AB2 
 216      10746225 
 216      9D5492C6 
 216      C6C6
 217 00f6 A2496397 		.ascii	"\242Ic\227\306\301\306\012\320D\300Y\013\025E\034\240"
 217      C6C1C60A 
 217      D044C059 
 217      0B15451C 
 217      A0
 218 0107 9914D369 		.ascii	"\231\024\323i`g\035'\306v\346\373\227\227l\031Q9\330"
 218      60671D27 
 218      C676E6FB 
 218      97976C19 
 218      5139D8
 219 011a 9F344212 		.ascii	"\2374B\022_l\332\264\034521v\323h|\206V\214q\206\200"
 219      5F6CDAB4 
 219      1C353231 
ARM GAS  /tmp/ccscTE6a.s 			page 17


 219      76D3687C 
 219      86568C71 
 220 0130 71B47693 		.ascii	"q\264v\223Tji\330\372\242\311\373\333P\242?V\242\255"
 220      546A69D8 
 220      FAA2C9FB 
 220      DB50A23F 
 220      56A2AD
 221 0143 39A66B84 		.ascii	"9\246k\204\346\245\236\273\333Qg/FQ'\015'\270\006\317"
 221      E6A59EBB 
 221      DB51672F 
 221      4651270D 
 221      27B806CF 
 222 0157 650D7823 		.ascii	"e\015x#6\277\326g+|$B\001\261\270\375\340\360\275\033"
 222      36BFD667 
 222      2B7C2442 
 222      01B1B8FD 
 222      E0F0BD1B 
 223 016b 3AD9F105 		.ascii	":\331\361\005\366b'\327B\306\002|\211\205\234xC{\370"
 223      F66227D7 
 223      42C6027C 
 223      89859C78 
 223      437BF8
 224 017e B3DD0CA9 		.ascii	"\263\335\014\251\231Q\017\232`A\005'Y\217\241Xx\340"
 224      99510F9A 
 224      60410527 
 224      598FA158 
 224      78E0
 225 0190 493BC9BC 		.ascii	"I;\311\274\273\011\231dljk\363#\232\030\340+\003\013"
 225      BB099964 
 225      6C6A6BF3 
 225      239A18E0 
 225      2B030B
 226 01a3 EE86D164 		.ascii	"\356\206\321d\024\306`\003o\346\233\256\354\355\350"
 226      14C66003 
 226      6FE69BAE 
 226      ECEDE8
 227 01b2 AFF1757B 		.ascii	"\257\361u{\010\203\201#:9\"\\l\300)\014!0\234\256\246"
 227      08838123 
 227      3A39225C 
 227      6CC0290C 
 227      21309CAE 
 228 01c7 B2DA34E6 		.ascii	"\262\3324\346\351\224\005+\030Z\363\244\004\344\232"
 228      E994052B 
 228      185AF3A4 
 228      04E49A
 229 01d6 D1DC66A2 		.ascii	"\321\334f\242\325D\244X\226]\331\300\220\021@^\270\273"
 229      D544A458 
 229      965DD9C0 
 229      9011405E 
 229      B8BB
 230 01e8 3FB16FC8 		.ascii	"?\261o\310k:eGH\336\362\265\224O/\243\323p\323\023q"
 230      6B3A6547 
 230      48DEF2B5 
 230      944F2FA3 
 230      D370D313 
 231 01fd 46C9ECD1 		.ascii	"F\311\354\321\202\3709\343\340B\006ru:\204o\371$\276"
 231      82F839E3 
ARM GAS  /tmp/ccscTE6a.s 			page 18


 231      E0420672 
 231      753A846F 
 231      F924BE
 232 0210 499572FB 		.ascii	"I\225r\373\333dL\223|\247\020\371R$\301e4\207i\2069"
 232      DB644C93 
 232      7CA710F9 
 232      5224C165 
 232      34876986 
 233 0225 9D728CB4 		.ascii	"\235r\214\264\324\214q\230\335\231\037\\X\262g\214\203"
 233      D48C7198 
 233      DD991F5C 
 233      58B2678C 
 233      83
 234 0236 FA977148 		.ascii	"\372\227qH\036\214\203\2329\016I\036\207w\3068\314\312"
 234      1E8C839A 
 234      390E491E 
 234      8777C638 
 234      CCCA
 235 0248 02D8FFBB 		.ascii	"\002\330\377\273\331\023\307\272n3\221\213\357\215n"
 235      D913C7BA 
 235      6E33918B 
 235      EF8D6E
 236 0257 A32125A9 		.ascii	"\243!%\251\335\245\344\226\243hPR=#\212\234\2079,\304"
 236      DDA5E496 
 236      A3685052 
 236      3D238A9C 
 236      87392CC4 
 237 026b E32C6110 		.ascii	"\343,a\020\370\001\213\314\036>$3\246\203\303\302w\014"
 237      F8018BCC 
 237      1E3E2433 
 237      A683C3C2 
 237      770C
 238 027d 2EDE4A5A 		.ascii	".\336JZ\31468d\007\232\010\367\371!\014\306\245[\340"
 238      CC363864 
 238      079A08F7 
 238      F9210CC6 
 238      A55BE0
 239 0290 72B9F977 		.ascii	"r\271\371w\245\262\366j\245\317\355\251\252\276T}\336"
 239      A5B2F66A 
 239      A5CFEDA9 
 239      AABE547D 
 239      DE
 240 02a1 EBAEF1BB 		.ascii	"\353\256\361\273\253.\372\334\376\332\012\371_\356\257"
 240      AB2EFADC 
 240      FEDA0AF9 
 240      5FEEAF
 241 02b0 735580E7 		.ascii	"sU\200\347_\344\265\232\332:\277\333[v\256\270\310]"
 241      5FE4B59A 
 241      DA3ABFDB 
 241      5B76AEB8 
 241      C85D
 242 02c2 5A7AC6ED 		.ascii	"Zz\306\355\275\340-;\353)\271~\"u\276\334\347\273\354"
 242      BDE02D3B 
 242      EB29B97E 
 242      2275BEDC 
 242      E7BBEC
 243 02d5 AA82DF7B 		.ascii	"\252\202\337{\275Y\315"
ARM GAS  /tmp/ccscTE6a.s 			page 19


 243      BD59CD
 244              		.text
 245              		.section	.gnu.lto_stIsAlarmActive.2e35525117db8b71,"e",%progbits
 246 0000 789C7D90 		.ascii	"x\234}\220MK\033Q\024\206\317;w\362!%\024w\305\320\037"
 246      4D4B1B51 
 246      1486CF3B 
 246      77F22125 
 246      1477C5D0 
 247 0015 904D269A 		.ascii	"\220M&\232?P\210\033\321\322E\334\270\012\032\205H\203"
 247      3F50881B 
 247      D1D245DC 
 247      B80A1A85 
 247      4883
 248 0027 91247425 		.ascii	"\221$t%x\363\321\004\261\250\033\277J\313\210A\324M"
 248      78F3D104 
 248      B1A81BBF 
 248      4ACB8841 
 248      D44D
 249 0039 8BDBC6DA 		.ascii	"\213\333\306\332\251\255\270-E\024AK\224\010\"\304 "
 249      A9ADB82D 
 249      4514414B 
 249      940822C4 
 249      20
 250 004a AEBA893D 		.ascii	"\256\272\211=wFJ\335\3642wf\3169\317y\337s\257\227@"
 250      77464ADD 
 250      F4327766 
 250      CE39CF79 
 250      DF73AF97 
 251 005f 1B204A11 		.ascii	"\033 J\021\321S\336\020\004MJ\371\314\223\363j\200\375"
 251      D153DE10 
 251      044D4AF9 
 251      CC93F36A 
 251      80FD
 252 0071 27BDA049 		.ascii	"'\275\240I\015\223\230\025\213\002\363S\325#_`]\312"
 252      0D939815 
 252      8B02F353 
 252      D5235F60 
 252      5DCA
 253 0083 BCB4160F 		.ascii	"\274\264\026\017\037\225\012\257\237\230\202h\231\033"
 253      1F950AAF 
 253      9F988268 
 253      991B
 254 0091 C37E84FC 		.ascii	"\303~\204\374\244\026>!@\304\364\371Vk\336\347\326U"
 254      A4163E21 
 254      40C4F4F9 
 254      566BDEE7 
 254      D655
 255 00a3 59A5AB70 		.ascii	"Y\245\253p\263!\321\307\237.K\266\356\312\322\252Wp"
 255      B321D1C7 
 255      9F2E4BB6 
 255      EECAD2AA 
 255      5770
 256 00b5 DAEBD2C8 		.ascii	"\332\353\322\310\024l\315/\235\224\032M\013bo\251CZ"
 256      146CCD2F 
 256      9D941A4D 
 256      0B626FA9 
 256      435A
ARM GAS  /tmp/ccscTE6a.s 			page 20


 257 00c7 446F84E6 		.ascii	"Do\204\346\004\005\016\256\260\273\375\373d\243~\346"
 257      04050EAE 
 257      B0BBFDFB 
 257      64A37EE6 
 258 00d7 7920AF54 		.ascii	"y \257T\377&\212\012\257M7\\\035\266\245]\375\207\306"
 258      FF268A0A 
 258      AF4D375C 
 258      1DB6A55D 
 258      FD87C6
 259 00ea 67B8B1CD 		.ascii	"g\270\261\315\243\020v\340~/4\256\315\024\232\277\274"
 259      A31076E0 
 259      7E2F34AE 
 259      CD149ABF 
 259      BC
 260 00fb 33C2141A 		.ascii	"3\302\024\032\024zsQ\231}\354\204\2665\247V\336\336"
 260      147A7351 
 260      997DEC84 
 260      B635A756 
 260      DEDE
 261 010d 567C6BA8 		.ascii	"V|k\250\300\024\002\026\374\370\002\277-\273sr\271\356"
 261      C0140216 
 261      FCF802BF 
 261      2DBB7372 
 261      B9EE
 262 011f 097D90C5 		.ascii	"\011}\220\305\234\254\335\256\266\277\2330\205\216\257"
 262      9CACDDAE 
 262      B6BF9B30 
 262      858EAF
 263 012e 58C3129F 		.ascii	"X\303\022\237Dy\021v\021\342\301\013\013\345\3436\307"
 263      44791176 
 263      11E2C10B 
 263      0BE5E336 
 263      C7
 264 013f 5238AEA5 		.ascii	"R8\256\245\275\271\252O\331\000\032\276\261\036C?\312"
 264      BDB9AA4F 
 264      D9001ABE 
 264      B11E433F 
 264      CA
 265 0150 9BC28174 		.ascii	"\233\302\201t\346\030\332o6\016\340@\204\357\014]#_"
 265      E618DA6F 
 265      360EE040 
 265      84EF0C5D 
 265      235F
 266 0162 9B6AB8D4 		.ascii	"\233j\270\324\321\030\"\373\272\2341\221\267T\030\010"
 266      D11822FB 
 266      BA9C3191 
 266      B7541808 
 267 0172 060D7E5E 		.ascii	"\006\015~^\216\244\307F\222F$1:4\372\"j\2442Fb0id\322"
 267      8EA4C746 
 267      92462431 
 267      3A34FA22 
 267      6AA43246 
 268 018b 71F58D65 		.ascii	"q\365\215e\262\3018E\376G\216\247\322\331\214\021\355"
 268      B2C13845 
 268      FE478EA7 
 268      D2D98C11 
 268      ED
ARM GAS  /tmp/ccscTE6a.s 			page 21


 269 019c 7F1EEE32 		.ascii	"\177\036\3562\372\372\272\215\350@\264\277'\322\373"
 269      FAFABA8D 
 269      E840B4BF 
 269      27D2FB
 270 01ab AAF3BE3F 		.ascii	"\252\363\276?\226L\016\007\023\364\007#,\254\321"
 270      964C0E07 
 270      13F40723 
 270      2CACD1
 271              		.text
 272              		.section	.gnu.lto_.symbol_nodes.2e35525117db8b71,"e",%progbits
 273 0000 789C758F 		.ascii	"x\234u\217\313\015\0021\014Dg\354\015Y>= !:\240\001"
 273      CB0D0231 
 273      0C4467EC 
 273      0D593E3D 
 273      20213AA0 
 274 0015 28890A9C 		.ascii	"(\211\012\234\022\270r\247\012j@T\201\020\377\377\035"
 274      12B872A7 
 274      0A6A4054 
 274      8110FFFF 
 274      1D
 275 0026 1602EC25 		.ascii	"\026\002\354%\361\311zoF\226K\020c\002\220\015\015\241"
 275      F1C97A6F 
 275      46964B10 
 275      6302900D 
 275      0DA1
 276 0038 9A829325 		.ascii	"\232\202\223%`\300<\214\3606\220-\215\031\265\243IZ"
 276      60C03C8C 
 276      F036902D 
 276      8D19B5A3 
 276      495A
 277 004a B91B117A 		.ascii	"\271\033\021z\200\312\236\246\231\372\201Vd\352w2\326"
 277      80CA9EA6 
 277      99FA8156 
 277      64EA7732 
 277      D6
 278 005b 8F3497C9 		.ascii	"\2174\227\311<(1s\2425\322\031\236i\376\371\235\356"
 278      3C283173 
 278      A235D219 
 278      9E69FEF9 
 278      9DEE
 279 006d 47A3FA73 		.ascii	"G\243\372sX\231+\255L\233\013\255\2314\212V<\323W\351"
 279      58992BAD 
 279      4C9B0BAD 
 279      99348A56 
 279      3CD357E9 
 280 0081 C46D4695 		.ascii	"\304mF\225\366z1\035pEu5t\177\350k\350\177\020/syn["
 280      F67A311D 
 280      70457535 
 280      747FE86B 
 280      E87F102F 
 281              		.text
 282              		.section	.gnu.lto_.refs.2e35525117db8b71,"e",%progbits
 283 0000 789CE360 		.ascii	"x\234\343``d\020````dbbfgdebcgdg\342`g\000\000\003\372"
 283      60641060 
 283      60606064 
 283      62626667 
 283      64656263 
ARM GAS  /tmp/ccscTE6a.s 			page 22


 284 001e 0057     		.ascii	"\000W"
 285              		.text
 286              		.section	.gnu.lto_.decls.2e35525117db8b71,"e",%progbits
 287 0000 789CB558 		.ascii	"x\234\265XkPTG\026\276}{\200a\206\001Cb\222*\377h\326"
 287      6B505447 
 287      16BE7D7B 
 287      80618601 
 287      4362922A 
 288 0017 4437B511 		.ascii	"D7\265\021_\265\251Tm\245\242c\312\270\033\363\000\263"
 288      5FB5A954 
 288      6DA5A263 
 288      CAB81BF3 
 288      00B3
 289 0029 BBD9ECD6 		.ascii	"\273\331\354\326\024!\223@-\202\005c6\371\263\271<D"
 289      14219340 
 289      2D820563 
 289      36F9B3B9 
 289      3C44
 290 003b 44A3F840 		.ascii	"D\243\370@\011\030y\010\212\012\010\202\200<d\000y\310"
 290      09187908 
 290      8A0A0882 
 290      803C6400 
 290      79C8
 291 004d 43407909 		.ascii	"C@y\011\362\024\243\200\242\342\033\020\366t\367\035"
 291      F214A380 
 291      A2E21B10 
 291      F674F71D 
 292 005d A6E7E258 		.ascii	"\246\347\342X\311\217\275\3460}\272\277\376\372;\247"
 292      C98FBDE6 
 292      307DBABF 
 292      FEFA3BA7 
 293 006d FB76F78D 		.ascii	"\373v\367\215Z@\302?\347\012\202\200\005\341\216(\010"
 293      5A40C23F 
 293      E70A8280 
 293      05E18E28 
 293      08
 294 007e D3F0A8C1 		.ascii	"\323\360\250\301mfUB\031X#\230\243\300\036\015X\013"
 294      6D665542 
 294      19582398 
 294      A3C01E0D 
 294      580B
 295 0090 583B5817 		.ascii	"X;X\027X7X/X?\330\015\260a\260\333`\343r\177\025\022"
 295      5837582F 
 295      583FD80D 
 295      B061B0DB 
 295      60E3727F 
 296 00a6 0427300D 		.ascii	"\004'0\015\022l\236c\210\265\373\202i\241|I\256\027"
 296      126C9E63 
 296      88B5FB82 
 296      69A17C49 
 296      AE17
 297 00b8 65FE6161 		.ascii	"e\376aa\366s\022pD\233;\330K\262\266E`o\200}\012m\237"
 297      F6731270 
 297      449B3BD8 
 297      4BB2B645 
 297      606F807D 
 298 00cf 80BD0446 		.ascii	"\200\275\004F\206\3723b\\D\247\027\232\315\225\017u"
ARM GAS  /tmp/ccscTE6a.s 			page 23


 298      86FA3362 
 298      5C44A717 
 298      9ACD950F 
 298      75
 299 00e0 2FC8E3F3 		.ascii	"/\310\343\363|\2162\347\240\202s\003\330g`\177\005\373"
 299      7C8E32E7 
 299      A0827303 
 299      D867607F 
 299      05FB
 300 00f2 1BE1031B 		.ascii	"\033\341\003\033\205\237\337\311q\254\203\337?\201\351"
 300      859FDFC9 
 300      71AC83DF 
 300      3F81E9
 301 0101 C11CE4DC 		.ascii	"\301\034\344\334|\216X\036H>\276\220u\251\024Z\212\300"
 301      7C8E581E 
 301      483EBE90 
 301      75A9145A 
 301      8AC0
 302 0113 57C93A94 		.ascii	"W\311:\2241\254\223c 9\376\3273b(\265\023\303 \027\207"
 302      31AC9363 
 302      2039FED7 
 302      336228B5 
 302      13C32017 
 303 0128 BD18C89C 		.ascii	"\275\030\310\234^\020\2541\210\\\014D\177\257B\277A"
 303      5E10AC31 
 303      885C0C44 
 303      7FAF42BF 
 303      41
 304 0139 D6E4A4D0 		.ascii	"\326\344\244\320Q!k\2607\276rn~\213\206~\205\006oY\203"
 304      51216BB0 
 304      37BE726E 
 304      7E8B867E 
 304      85066F59 
 305 014e 722D35CB 		.ascii	"r-5\313\370\301g\304\314\347\361\206\314\247|\016`t"
 305      F8C167C4 
 305      CCE7F186 
 305      CCA77C0E 
 305      6074
 306 0160 F874469A 		.ascii	"\370tF\232\333N\214\336\320\240\351i\014\025\325\267"
 306      DB4E8CDE 
 306      D0A0E969 
 306      0C15D5B7 
 307 0170 6FB52056 		.ascii	"o\265 VA\332\253\177\211>\352\206EZ\356>!\365;{dH\354"
 307      41DAAB7F 
 307      893EEA86 
 307      455AEE3E 
 307      21F53B7B 
 308 0187 517F21A0 		.ascii	"Q\177!\240b\204\255T\273NwM\272\341\225\024\032Q\031"
 308      6284AD54 
 308      BB4E774D 
 308      BAE19514 
 308      1A5119
 309 019a 5DA40316 		.ascii	"]\244\003\026w\015\022\301Mjm\012%\244/i\320\034p\245"
 309      770D12C1 
 309      4D6A6D0A 
 309      25A42F69 
 309      D01C70A5 
ARM GAS  /tmp/ccscTE6a.s 			page 24


 310 01ae AEB41857 		.ascii	"\256\264\030WM\244$\205J\321a\222\303b\001\231\321<"
 310      4DA42485 
 310      4AD16192 
 310      C3620199 
 310      D13C
 311 01c0 548AE609 		.ascii	"T\212\346\011\350,\242C\227 \017T\004u\205\244\256\014"
 311      E82CA243 
 311      97200F54 
 311      047585A4 
 311      AE0C
 312 01d2 69A0534F 		.ascii	"i\240SO\350\317\217]\030\245\012\334}\265\271\3475\214"
 312      E8CF8F5D 
 312      18A50ADC 
 312      7DB5B9E7 
 312      358C
 313 01e4 723EB865 		.ascii	"r>\270e\025{\332\020k%\340\266\223i\351:2\202$%\206"
 313      157BDA10 
 313      6B25E0B6 
 313      9369E93A 
 313      32822425 
 314 01f9 49CE1F90 		.ascii	"I\316\037\220\372\012\340+\007>\001U\"\215\200<\346"
 314      FA0AE02B 
 314      073E0155 
 314      228D803C 
 314      E6
 315 020a A173E001 		.ascii	"\241s\340\001\270\256\352z\034f}\265\340>\275^\236\351"
 315      B8AEEA7A 
 315      1C667DB5 
 315      E03EBD5E 
 315      9EE9
 316 021c C0983B48 		.ascii	"\300\230;Hs\353\343\222q\027\374.\211\013\207D\215_"
 316      73EBE392 
 316      7117FC2E 
 316      890B8744 
 316      8D5F
 317 022e C648330F 		.ascii	"\306H3\017\001\027\242\001H\207%\374\252\200V\314CK"
 317      0117A201 
 317      488725FC 
 317      AA8056CC 
 317      434B
 318 0240 416A0DC8 		.ascii	"Aj\015\310?O\330k\001P\007\364?IjZ\361\223\004\350;"
 318      3F4FD86B 
 318      015007F4 
 318      3F496A5A 
 318      F19304E8 
 319 0255 3FD03270 		.ascii	"?\3202p\336\333\371\310\307=\232\310\203?\357!R\215"
 319      DEDBF9C8 
 319      C73D9AC8 
 319      833FEF21 
 319      528D
 320 0267 AAA14B15 		.ascii	"\252\241K\025\325W\217\334\231H\232\327\310\301\007"
 320      D5578FDC 
 320      99489AD7 
 320      C8C107
 321 0276 255A8D3C 		.ascii	"%Z\215<X\370\363\006\003p\347\226\372f\007\236\271\341"
 321      58F8F306 
 321      0370E796 
ARM GAS  /tmp/ccscTE6a.s 			page 25


 321      FA66079E 
 321      B9E1
 322 0288 39CC05A7 		.ascii	"9\314\005\247\273s\235]\242\0103\313\322\005\344\316"
 322      BB739D5D 
 322      A20833CB 
 322      D205E4CE 
 323 0298 A5A911B9 		.ascii	"\245\251\021\271\010\354\207Law_\251s?\352EdA!\264\035"
 323      08EC874C 
 323      61775FA9 
 323      733FEA45 
 323      644121B4 
 324 02ad 2381FC23 		.ascii	"#\201\374#\177\350\312\242\277\210\224\211M[\036D\036"
 324      7FE8CAA2 
 324      BF889489 
 324      4D5B1E44 
 324      1E
 325 02be 1927C8CB 		.ascii	"\031'\310\313\322R\307~,\177X\235(\263\210\362\272B"
 325      D252C77E 
 325      2C7F589D 
 325      28B388F2 
 325      BA42
 326 02d0 AC0F63A7 		.ascii	"\254\017c\247.G\315\332\221\334n!a\035\230*kG\271J\224"
 326      2E47CDDA 
 326      91DC6E21 
 326      611D982A 
 326      6B47B94A 
 327 02e5 87E37BA0 		.ascii	"\207\343{\240Y\212\255\204\302\014\251\345A3\013\376"
 327      598AAD84 
 327      C20CA9E5 
 327      41330BFE 
 328 02f5 D0D31F13 		.ascii	"\320\323\037\023\\\007P_\010$\273/{\322E@s\243\347\013"
 328      5C07505F 
 328      0824BB2F 
 328      7BD24540 
 328      73A3E70B 
 329 0309 74FD6F3D 		.ascii	"t\375o=5\332\353\200\377A\3131\311\347Z\234_\211\241"
 329      35DAEB80 
 329      FF41CB31 
 329      C9E75A9C 
 329      5F89A1
 330 031c 531226CD 		.ascii	"S\022&\315\021\221\357\3133\353]@\227\320+\002\332\254"
 330      1191EFCB 
 330      33EB5D40 
 330      97D02B02 
 330      DAAC
 331 032e 628C8D69 		.ascii	"b\214\215iSY\352\327\022\245\276>\311\334xpel}\204\324"
 331      5359EAD7 
 331      12A5BE3E 
 331      C9DC7870 
 331      656C7D84 
 332 0343 04DDDEA3 		.ascii	"\004\335\336\2430t\021\346\033^\014*\002\312\002jF\003"
 332      307411E6 
 332      1B5E0C2A 
 332      02CA026A 
 332      4603
 333 0355 0835A17E 		.ascii	"\0105\241~\242\267\005\275\006\004g:&\302\235\360vD"
 333      A2B705BD 
ARM GAS  /tmp/ccscTE6a.s 			page 26


 333      0604673A 
 333      26C29DF0 
 333      7644
 334 0367 07AE29D8 		.ascii	"\007\256)\330\261\206\037\027\336#n\3406~\340=\273\032"
 334      B1861F17 
 334      DE236EE0 
 334      367EE03D 
 334      BB1A
 335 0379 1FEAE481 		.ascii	"\037\352\344\201\247\016\276\234\024&\245A\267\371\004"
 335      A70EBE9C 
 335      1426A541 
 335      B7F904
 336 0388 845AB961 		.ascii	"\204Z\271a[\225\303\266\323a\303\322;\243\034p,\033"
 336      5B95C3B6 
 336      D361C3D2 
 336      3BA31C70 
 336      2C1B
 337 039a 367BE8D0 		.ascii	"6{\350\320\230\213\012&\220\016\010#@\335\331\242\222"
 337      988B0A26 
 337      900E0823 
 337      40DDD9A2 
 337      92
 338 03ab E32ABB39 		.ascii	"\343*\2739\350$R.#Y\313TB\315\211\031-\207\\\342$3,"
 338      E824522E 
 338      2359CB54 
 338      42CD8919 
 338      2D875CE2 
 339 03c2 7C492428 		.ascii	"|I$(\324\301i\351Pj\351\242Z\316O\234r\305\251L\312"
 339      D4C169E9 
 339      506AE9A2 
 339      5ACE4F9C 
 339      72C5A94C 
 340 03d7 DE8AC2BB 		.ascii	"\336\212\302\273X\246\032^<\303D\222y\205c\272\242d"
 340      58A61A5E 
 340      3CC34492 
 340      798563BA 
 340      A264
 341 03e9 EAA64C7B 		.ascii	"\352\246L{r\036%8\340lF\3255Y_\343(Su\276i#\252\207"
 341      721E2538 
 341      E06C46D5 
 341      35595FE3 
 341      285375BE 
 342 0401 A3EA5152 		.ascii	"\243\352QR\365R\252\364\373M\247t\270\230Q%o\331\367"
 342      F552AAF4 
 342      FB4DA774 
 342      B8985125 
 342      6FD9F7
 343 0414 9DCCD493 		.ascii	"\235\314\324\223n\233\353>\216\252OI\325O\251\"/\017"
 343      6E9BEB3E 
 343      8EAA4F49 
 343      D54FA922 
 343      2F0F
 344 0426 9B55B89A 		.ascii	"\233U\270\232Q5T^\212u\302\355\324\301e)\3559\316\310"
 344      5135545E 
 344      8A75C2ED 
 344      D4C16529 
 344      ED39CEC8 
ARM GAS  /tmp/ccscTE6a.s 			page 27


 345 043a 996D4E5B 		.ascii	"\231mN[\351~\021\026=\007\315\354\027W\201|\0209\013"
 345      E97E1116 
 345      3D07CDEC 
 345      1757817C 
 345      10390B
 346 044d E81A007E 		.ascii	"\350\032\000~\2217'RA7\2479\264H\366\273\206\313\207"
 346      91372752 
 346      4137A739 
 346      B448F6BB 
 346      86CB87
 347 0460 303F5750 		.ascii	"0?WP\317M\326u~\335\324\335/\370\314\022J\246<U!\"\301"
 347      CF4DD675 
 347      7EDDD4DD 
 347      2FF8CC12 
 347      4AA63C55 
 348 0477 806E6B28 		.ascii	"\200nk(\003\312Pn\320P\356\356\270\235\350\206\273Y"
 348      03CA506E 
 348      D050EEEE 
 348      B89DE886 
 348      BB59
 349 0489 286DCD59 		.ascii	"(m\315Y)*\302%\301\332/Y\231\036\026\361\243\224\204"
 349      292AC225 
 349      C1DA2F59 
 349      991E16F1 
 349      A39484
 350 049c D8CA1FE2 		.ascii	"\330\312\037\342\270\206\3443\007\015S\016\363\235\224"
 350      B886E433 
 350      070D530E 
 350      F39D94
 351 04ab 588C33D8 		.ascii	"X\2143\330\011\3257Z\036\215\371\015\215\354~\326\015"
 351      09D5375A 
 351      1E8DF90D 
 351      8DEC7ED6 
 351      0D
 352 04bc ED26DDD0 		.ascii	"\355&\335\320\000W\233\267\267XG\227(T\311K\264*'\353"
 352      00579BB7 
 352      B7584797 
 352      2854C94B 
 352      B42A27EB 
 353 04d0 08B2BB44 		.ascii	"\010\262\273DGI\324\267,K\364XSS\263\203\254u\342\302"
 353      4749D4B7 
 353      2C4BF458 
 353      5353B383 
 353      AC75E2C2 
 354 04e4 C2A25C29 		.ascii	"\302\242\\)\334\201@\320\010't\304\"\3646\025\372\344"
 354      DC8140D0 
 354      082774C4 
 354      22F43615 
 354      FAE4
 355 04f6 72C2B80E 		.ascii	"r\302\270\016_cB3B'*\325\370!s\306z\256\244\221\027"
 355      5F634233 
 355      42272AD5 
 355      F82173C6 
 355      7AAEA491 
 356 050b 06DDA53D 		.ascii	"\006\335\245=\310\264\236\034\332\356\210'Ys\356\310"
 356      C8B49E1C 
 356      DAEE8827 
ARM GAS  /tmp/ccscTE6a.s 			page 28


 356      5973EEC8 
 357 051b DE7807D2 		.ascii	"\336x\007\322|\217dq\014Q\265Y!\346\243:\034\202)\242"
 357      7C8F6471 
 357      0C51B559 
 357      21E6A33A 
 357      1C8229A2 
 358 052f BCEBDA75 		.ascii	"\274\353\332u'\202x@\020\367\031\"3}\"KCct\264\274\205"
 358      27827840 
 358      10F71922 
 358      337D224B 
 358      436374B4 
 359 0545 FD47AF6D 		.ascii	"\375G\257m\266\324<b\250\375\215\3457m&\333\221\337"
 359      B6D43C62 
 359      A8FD8DE5 
 359      376D26DB 
 359      91DF
 360 0557 239E90A8 		.ascii	"#\236\220\250\037[\242\226\316&\206\272@\324w\022\245"
 360      1F5BA296 
 360      CE2686BA 
 360      40D47712 
 360      A5
 361 0568 C4386975 		.ascii	"\3048iu\250\264C2\347\210\004\204\356X\342F\017\001"
 361      A8B44332 
 361      E7880484 
 361      EE58E246 
 361      0F01
 362 057a 4D5C16FA 		.ascii	"M\\\026\3728\015\375\330\203\235\361\032v\300\222\243"
 362      380DFDD8 
 362      839DF11A 
 362      76C092A3 
 363 058a 2461EBA0 		.ascii	"$a\353\240\375\263yR>\233'\330y\226_u#U>\365u\340VD"
 363      FDB37952 
 363      3E9B27D8 
 363      79965F75 
 363      23553EF5 
 364 05a2 9BCB1CD9 		.ascii	"\233\313\034\331\331|\2034\017d\027\204j\225\007\351"
 364      D97C8334 
 364      0F641784 
 364      6A9507E9 
 365 05b2 14903DA5 		.ascii	"\024\220=\245d\323\344\270\233\264\034w{b\332\263\260"
 365      64D3E4B8 
 365      9BB41C77 
 365      7B62DAB3 
 365      B0
 366 05c3 F26CB407 		.ascii	"\362l\264\007n\331\027q\313y\3016\234\000\357\210$\272"
 366      6ED91771 
 366      CB79C136 
 366      9C00EF88 
 366      24BA
 367 05d5 93AAE17B 		.ascii	"\223\252\341{S\227]\311\035\2118I\015\367\366kp*s\352"
 367      53975DC9 
 367      1D893849 
 367      0DF7F66B 
 367      702A73EA 
 368 05e9 1EC7C76B 		.ascii	"\036\307\307k_?,5\231\311\276\2750\341\210\024\031\035"
 368      5F3F2C35 
 368      99C9BEBD 
ARM GAS  /tmp/ccscTE6a.s 			page 29


 368      30E18814 
 368      191D
 369 05fb 42FBA130 		.ascii	"B\373\2410\021\223\215\211\033'\024jB\304\005P\012\027"
 369      11938D89 
 369      1B27146A 
 369      42C40550 
 369      0A17
 370 060d 5F270BFF 		.ascii	"_'\013\377TQ\011^\220IG\202\003\230\036\031\265S[\234"
 370      5451095E 
 370      90494782 
 370      03981E19 
 370      B5535B9C 
 371 0621 7121238F 		.ascii	"q!#\217\014\3377h!\037~3$\321\034>\237\036\324\204\031"
 371      0CDF3768 
 371      211F7E33 
 371      24D11C3E 
 371      9F1ED484 
 372 0636 7617EE74 		.ascii	"v\027\356t\217\200\232-\224y+e\036I\274\231-.\250\341"
 372      8F809A2D 
 372      94792B65 
 372      1E49BC99 
 372      2D2EA8E1 
 373 064a 9943F306 		.ascii	"\231C\363\006c\324\270\2051\367\216V\364\272Z\230\377"
 373      63D4B885 
 373      31F78E56 
 373      F4BA5A98 
 373      FF
 374 065b 60CBDC6F 		.ascii	"`\313\334o\303\274\015j\")s\024e\276Z9zO\307\277h\344"
 374      C3BC0D6A 
 374      22297314 
 374      65BE5A39 
 374      7A4FC7BF 
 375 0671 2DB54EE2 		.ascii	"-\265N\342v\221\336\034\340\207\273O\271\313\367\251"
 375      7691DE1C 
 375      E087BB4F 
 375      B9CBF7A9 
 376 0681 D2E9FDA5 		.ascii	"\322\351\375\245*\346\253I\254\307\313&]\330\224\232"
 376      2AE6AB49 
 376      ACC7CB26 
 376      5DD8949A 
 377 0691 49735E74 		.ascii	"Is^t~\204\334\334D\374\212\266\352;*<\300\024\027G<"
 377      7E84DCDC 
 377      44FC8AB6 
 377      EA3B2A3C 
 377      C0141747 
 378 06a6 3DEB048D 		.ascii	"=\353\004\215\213\310uuz\332\215\273\260.b\027\326c"
 378      8BC87575 
 378      7ADA8DBB 
 378      B02E6217 
 378      D663
 379 06b8 29BB931D 		.ascii	")\273\223\035\361\015\006??YY\355B\226Z\030\223)\314"
 379      F10D063F 
 379      3F5959ED 
 379      42965A18 
 379      9329CC
 380 06cb 68447B45 		.ascii	"hD{E\332\205\\4\367\210\363\320n\221.\267\372\372\211"
 380      DA855C34 
ARM GAS  /tmp/ccscTE6a.s 			page 30


 380      F788F3D0 
 380      6E912EB7 
 380      FAFA89
 381 06de 06077C57 		.ascii	"\006\007|W\236\325\370\246\020y\331\326\020\177_aE\221"
 381      9ED5F8A6 
 381      1079D9D6 
 381      107F5F61 
 381      4591
 382 06f0 16DF678D 		.ascii	"\026\337g\215W\243\006*\034\361\023\346Xbp\227cH\350"
 382      57A3062A 
 382      1CF113E6 
 382      58627097 
 382      6348E8
 383 0703 7A508BF0 		.ascii	"zP\213\360S\326X\221\3375$\262\306\245\334]\330\235"
 383      53D65891 
 383      DF3524B2 
 383      C6A5DC5D 
 383      D89D
 384 0715 DD8533A6 		.ascii	"\335\2053\246\257\307\273\261\360%\004~\311\305+\357"
 384      AFC7BBB1 
 384      F025047E 
 384      C9C52BEF 
 385 0725 E15015ED 		.ascii	"\341P\025\355\031\332\232\236\357\312\240d\331U\265"
 385      19DA9A9E 
 385      EFCAA064 
 385      D955B5
 386 0734 55D5AAED 		.ascii	"U\325\252\355\2768\211\"{q\022X$q}'\222\\\330\255\361"
 386      BE388922 
 386      7B711258 
 386      24717D27 
 386      925CD8AD 
 387 0749 D7859E7C 		.ascii	"\327\205\236|\353\240\344l};T(I\324\240\237\241\375"
 387      EBA0E46C 
 387      7D3B5428 
 387      49D4A09F 
 387      A1FD
 388 075b A048E893 		.ascii	"\240H\350\223\341\035\240c\320\267\343\301\371\216c"
 388      E11DA063 
 388      D0B7E3C1 
 388      F98E63
 389 076a 5A1EBCEF 		.ascii	"Z\036\274\3579\340\314\303\251\00748\202\305t-\371\346"
 389      39E0CCC3 
 389      A9073438 
 389      82C5742D 
 389      F9E6
 390 077c 5C16D262 		.ascii	"\\\026\322b\360\216<,\012S\343(\326\264\367\354\317"
 390      F08E3C2C 
 390      0A53E328 
 390      D6B4F7EC 
 390      CF
 391 078d 0D4E7827 		.ascii	"\015Nx's,\367{wv\277\017m_\215\367\260\226\322\335{"
 391      732CF77B 
 391      7776BF0F 
 391      6D5F8DF7 
 391      B096D2DD 
 392 07a2 BA11DECF 		.ascii	"\272\021\336\317\234\214\274\035\361N\014\366*\231\210"
 392      9C8CBC1D 
ARM GAS  /tmp/ccscTE6a.s 			page 31


 392      F14E0CF6 
 392      2A9988
 393 07b1 BA914538 		.ascii	"\272\221E8\2365M\325T,\302I\254\\\225\227v\024\341\243"
 393      9E354DD5 
 393      542CC249 
 393      AC5C9597 
 393      7614E1A3 
 394 07c5 CC198BAB 		.ascii	"\314\031\213\253\032\321\340\023\314I\274"
 394      1AD1E013 
 394      CC49BC
 395 07d0 78B0408D 		.ascii	"x\260@\2153\231s\344\361\376#.8\2079-gZ#\265\270\200"
 395      339973E4 
 395      F1FE232E 
 395      3887392D 
 395      675A23B5 
 396 07e6 3991D9D9 		.ascii	"9\221\331\331\261Z\\\314\234\302\326\272dy^\372\210"
 396      B15A5CCC 
 396      9CC2D6BA 
 396      64795EFA 
 396      88
 397 07f7 DF9C5BBC 		.ascii	"\337\234[\274O-\317\241#\370Q\027\353\037!lf\340\374"
 397      4F2DCFA1 
 397      23F85117 
 397      EB1F216C 
 397      66E0FC
 398 080a 92CE5DAE 		.ascii	"\222\316]\256vg-_\236\265\245t\016\"GS\315.\3129\330"
 398      76672D5F 
 398      9EB5A574 
 398      0E224753 
 398      CD2ECA39 
 399 081f 0969FD91 		.ascii	"\011i\375\221\246\265\200\2445\337\222\326\214\216\273"
 399      A6B580A4 
 399      35DF92D6 
 399      8C8EBB
 400 082e D7B0720E 		.ascii	"\327\260r\016\354\200\347nK\311>\343\214\026\316~^\\"
 400      EC80E76E 
 400      4BC93EE3 
 400      8C16CE7E 
 400      5E5C
 401 0840 982C8587 		.ascii	"\230,\205\207I\346\333\26183{\2609DJYJ\211\242a\221"
 401      49E6DBB1 
 401      38337BB0 
 401      39444A59 
 401      4A89A261 
 402 0855 34882F72 		.ascii	"4\210/rRwQ\332\012Rf]j\177\200\003?\334\221\302\263"
 402      527751DA 
 402      0A52665D 
 402      6A7F8003 
 402      3FDC91C2 
 403 086a 67C1998A 		.ascii	"g\301\231\212e\014\035\"\231\007\"q\010\205\037\206"
 403      650C1D22 
 403      99072271 
 403      08851F86 
 404 087a 5DF1900C 		.ascii	"]\361\220\014\267.\231x%\373\305Hl\245?2\213>U\211\037"
 404      B72E9978 
 404      25FBC548 
 404      6CA53F32 
ARM GAS  /tmp/ccscTE6a.s 			page 32


 404      8B3E5589 
 405 088f E3D4A4CF 		.ascii	"\343\324\244\317\202\237P\302\3139\370\251Yp\017\005"
 405      829F50C2 
 405      CB39F8A9 
 405      59700F05 
 406 089f 7AFCBF56 		.ascii	"z\374\277Vt\316\263\321\313f\300\235\274\362\224Y\350"
 406      74CEB3D1 
 406      CB66C09D 
 406      BCF29459 
 406      E8
 407 08b0 7851018F 		.ascii	"xQ\001\217\342\340\261\263\340\373\225pN\370\311Y\350"
 407      E2E0B1B3 
 407      E0FB9570 
 407      4EF8C959 
 407      E8
 408 08c1 830AF430 		.ascii	"\203\012\3640\207\316\260\223\025\353\034\215G\311s"
 408      87CEB093 
 408      15EB1C8D 
 408      47C973
 409 08d0 7406E628 		.ascii	"t\006\346(O\206[\227\324\016\005\371\000\257\374\200"
 409      4F865B97 
 409      D40E05F9 
 409      00AFFC80 
 410 08e0 1DE57C16 		.ascii	"\035\345|\02691\307g\301\323\024\354\265|\032\217\332"
 410      3931C767 
 410      C1D314EC 
 410      B57C1A8F 
 410      DA
 411 08f1 590056F8 		.ascii	"Y\000V\370E\216<\313\316j\344\347\237g?fG\014\207\037"
 411      458E3CCB 
 411      CE6AE4E7 
 411      9F673F66 
 411      470C871F 
 412 0905 E6638DB1 		.ascii	"\346c\215\261\363rpy\347\351\343f\301\177\262\322\357"
 412      F3727079 
 412      E7E9E366 
 412      C17FB2D2 
 412      EF
 413 0916 965F6089 		.ascii	"\226_`\211\\\234NC\256si\033\301\223\035\332,.D\245"
 413      5C9C4E43 
 413      AE73691B 
 413      C1931DDA 
 413      2C2E44A5 
 414 092a 604560E7 		.ascii	"`E`\347\301*\300.\200\235\003;\013V\015V\013V\003V\002"
 414      C12AC02E 
 414      809D033B 
 414      0B560D56 
 414      0B560356 
 415 093f 5606560C 		.ascii	"V\006V\014V\017V\016V\005V\007V\010V).$\2672y\362\270"
 415      560F560E 
 415      56055607 
 415      56085629 
 415      2E24B732 
 416 0956 7C65DA59 		.ascii	"|e\332YGT \371??\365mi\256\030\356\270\364Xl)\310\321"
 416      475420F9 
 416      3F3FF56D 
 416      69AE18EE 
ARM GAS  /tmp/ccscTE6a.s 			page 33


 416      B8F4586C 
 417 096d BDF84CD9 		.ascii	"\275\370L\331\250Q&\372?)'_\270\225\3715Z\376\346\321"
 417      A85126FA 
 417      3F29275F 
 417      B895F935 
 417      5AFEE6D1 
 418 0981 64A3BB99 		.ascii	"d\243\273\231\335<\232\351\315\343I\302\361I\035\216"
 418      DD3C9AE9 
 418      CDE349C2 
 418      F1491D8E 
 419 0991 66B26F16 		.ascii	"f\262o\026\355\030\321\302\355\325\014\337*u%\363OV"
 419      ED18D1C2 
 419      EDD50CDF 
 419      2A7525F3 
 419      4F56
 420 09a3 D06FEBC4 		.ascii	"\320o\353\304\017\350\2270\272(r\337\326\242\342k\345"
 420      0FE89730 
 420      BA2872DF 
 420      D6A2E26B 
 420      E5
 421 09b4 92486EB1 		.ascii	"\222Hn\261\333*\307\032m>.\236\330\334yZ\330\310-t\344"
 421      DB2AC71A 
 421      6D3E2E9E 
 421      D8DC795A 
 421      D8C82D74 
 422 09c9 0BEDE34D 		.ascii	"\013\355\343Mj\313\265:\3749\327j\324*\276\002\370\324"
 422      6ACBB53A 
 422      FC39D76A 
 422      D42ABE02 
 422      F8D4
 423 09db 87A9922B 		.ascii	"\207\251\222+\317=j\303\335\306\270\333(w\311\320`\223"
 423      CF3D6AC3 
 423      DDC6B8DB 
 423      2877C9D0 
 423      6093
 424 09ed 0D965C33 		.ascii	"\015\226\\3\255\330v\206mg:&k\262\035\361a\226\201\336"
 424      ADD87686 
 424      6D673A26 
 424      6BB21DF1 
 424      619681DE 
 425 0a01 B273856E 		.ascii	"\262s\205nr\006\252jpz\256$m\221\244r\025\375\\\353"
 425      7206AA6A 
 425      707AAE24 
 425      6D91A472 
 425      15FD5CEB 
 426 0a15 E012D0A1 		.ascii	"\340\022\320\241L\300e\232\200\244\234\373q:\\\310\310"
 426      4CC0659A 
 426      80A49CFB 
 426      713A5CC8 
 426      C8
 427 0a26 6EEF2C7C 		.ascii	"n\357,|\244\221\311\306\0120\373\364Kb\037\304\235\034"
 427      A491C9C6 
 427      0A30FBF4 
 427      4B621FC4 
 427      9D1C
 428 0a38 57A792AB 		.ascii	"W\247\222\253\213ruM\237I\324\341\006\306\025}\365@"
 428      8B72754D 
ARM GAS  /tmp/ccscTE6a.s 			page 34


 428      9F49D4E1 
 428      06C6157D 
 428      F540
 429 0a4a 2AB67015 		.ascii	"*\266p\025Z\271\350w:\307uE\311\325M\271J\207R\342T"
 429      5AB9E877 
 429      3AC77545 
 429      C9D54DB9 
 429      4A8752E2 
 430 0a5f B897718D 		.ascii	"\270\227q\215O>\030w\264p\025\333\352\352\341\270z\224"
 430      4F3E1877 
 430      B47015DB 
 430      EAEAE1B8 
 430      7A94
 431 0a71 5CBD942B 		.ascii	"\\\275\224+\357@\314\273\370\016\243*<\025?\241\226"
 431      EF40CCBB 
 431      F80EA32A 
 431      3C153FA1 
 431      96
 432 0a82 A9DACEE2 		.ascii	"\251\332\316\34233\371\242_\352\034W\237\222\253_|M"
 432      3333F9A2 
 432      5FEA1C57 
 432      9F92AB5F 
 432      7C4D
 433 0a94 58BC6489 		.ascii	"X\274d\211\007\374\367ocP\200\321\337C\357\353\367\245"
 433      07FCF76F 
 433      635080D1 
 433      DF43EFEB 
 433      F7A5
 434 0aa6 DFC75E1E 		.ascii	"\337\307^\036\201\301\036\276\336\376\036\301A>\344"
 434      81C11EBE 
 434      DEFE1EC1 
 434      413EE4
 435 0ab5 D7106C5A 		.ascii	"\327\020lZ\342\243^\373\321g\363\365\357\274#8\007\177"
 435      E2A35EFB 
 435      D167F3F5 
 435      EFBC2338 
 435      077F
 436 0ac7 1F6CF2DB 		.ascii	"\037l\362\333h4\230T>\276\336A\342JA\355\035\264\361"
 436      68349854 
 436      3EBEDE41 
 436      E24A41ED 
 436      1DB4F1
 437 0ada DBB7DFDA 		.ascii	"\333\267\337\332(h|\002\203L\306\357\336\332\270Bp\014"
 437      28687C02 
 437      834CC6EF 
 437      DEDAB842 
 437      700C
 438 0aec 36AD0BF0 		.ascii	"6\255\013\3603\375\376\327\322\013.\301\246\265F\223"
 438      33FDFED7 
 438      D20B2EC1 
 438      A6B54693 
 439 0afc 3E707380 		.ascii	">ps\200\311\030\004\216\227\311;\310\264\312\037\250"
 439      C918048E 
 439      97C93BC8 
 439      B4CA1FA8 
 440 0b0c B5C409DC 		.ascii	"\265\304\011\334D\313\032(\033M\226\342Z\271\350\006"
 440      44CB1A28 
ARM GAS  /tmp/ccscTE6a.s 			page 35


 440      1B4D96E2 
 440      5AB9E806 
 441 0b1c 8305D3D2 		.ascii	"\203\005\323\322*\037\223\337\267F\007\303\352\300@"
 441      2A1F93DF 
 441      B74607C3 
 441      EAC040
 442 0b2b 7FE867F0 		.ascii	"\177\350g\360\367\377\312\340\007:\364\317\323\261\011"
 442      F7FFCAE0 
 442      073AF4CF 
 442      D3B109
 443 0b3a 54077B78 		.ascii	"T\007{xmX\277b\271\307\207\037\256\361\360\372\334k"
 443      6D58BF62 
 443      B9C7871F 
 443      AEF1F0FA 
 443      DC6B
 444 0b4c C33AFD5F 		.ascii	"\303:\375_\276]&\253#,K|\005g\037_\257\357\203?\360"
 444      BE5D26AB 
 444      232C4B7C 
 444      05671F5F 
 444      AFEF833F 
 445 0b61 F637BD65 		.ascii	"\3667\275e\217-\310\344\341\027\340\343\277\371+\243"
 445      8F2DC8E4 
 445      E117E0E3 
 445      BFF92BA3 
 446 0b71 878FAFD1 		.ascii	"\207\217\257\321;\310\377{\3507\307`\370r\263\237\277"
 446      3BC8FF7B 
 446      E837C760 
 446      F872B39F 
 446      BF
 447 0b82 C92FC060 		.ascii	"\311/\300`\374n\223\321\307\344\340\023\030\020lR\371"
 447      FC6E93D1 
 447      C7E4E013 
 447      18106C52 
 447      F9
 448 0b93 1BBDBF76 		.ascii	"\033\275\277v\012\0104\371\006\005\376G\307\007,\350"
 448      0A0834F9 
 448      0605FE47 
 448      C7072CE8 
 449 0ba3 0C86AF37 		.ascii	"\014\206\2577\007\370\030\014K\336\376\343\262\245j"
 449      07F8180C 
 449      4BDEFEE3 
 449      B2A56A
 450 0bb2 8BA7B506 		.ascii	"\213\247\265\006o\013y[k\315\205M\313\362e\016z\375"
 450      6F0B795B 
 450      6BCD854D 
 450      CBF2650E 
 450      7AFD
 451 0bc4 7ACF15EA 		.ascii	"z\317\025\352\315~\001\246\025\313\015&\361cO\325\232"
 451      CD7E01A6 
 451      15CB0D26 
 451      F1634FD5 
 451      9A
 452 0bd5 F5AB3CF1 		.ascii	"\365\253<\361\032\275\247j\365\232\015\236X\257\367"
 452      1ABDA76A 
 452      F59A0D9E 
 452      58AFF7
 453 0be4 C49E60AB 		.ascii	"\304\236`\253<=\361'^z\254\377h\203J\257\177\337\223"
ARM GAS  /tmp/ccscTE6a.s 			page 36


 453      3C3DF127 
 453      5E7AACFF 
 453      68834AAF 
 453      7FDF93
 454 0bf7 765C4EFF 		.ascii	"v\\N\377.\303\357\257\365\024\275\240\347\272\367=U"
 454      2EC3EFAF 
 454      F514BDA0 
 454      E7BAF73D 
 454      55
 455 0c08 5EEB01AD 		.ascii	"^\353\001\255\367\\\016\266\014\220\177\367|\367\267"
 455      F75C0EB6 
 455      0C907FF7 
 455      7CF7B7
 456 0c17 E476C3BA 		.ascii	"\344v\303\272\365\220\327`\323F\242\306o#\244G;\343"
 456      F590D760 
 456      D346A2C6 
 456      6F23A447 
 456      3BE3
 457 0c29 184CEEF2 		.ascii	"\030L\356\362\224}c4\031|\330Rx\3312\213\301\006o\022"
 457      947D6334 
 457      197CD852 
 457      78D9328B 
 457      C1066F12 
 458 0c3d 9FC19B4E 		.ascii	"\237\301\233N\261\005\031L\262\306Z^\230\251\012\334"
 458      B105194C 
 458      B2C65A5E 
 458      98A90ADC 
 459 0c4d C46AE658 		.ascii	"\304j\346Xj\214&\333\212o,\025\377\003F/W\004"
 459      6A8C26DB 
 459      8A6F2C15 
 459      FF03462F 
 459      5704
 460              		.text
 461              		.section	.gnu.lto_.symtab.2e35525117db8b71,"e",%progbits
 462 0000 7374496E 		.ascii	"stInit\000"
 462      697400
 463 0007 00       		.ascii	"\000"
 464 0008 00       		.ascii	"\000"
 465 0009 00       		.ascii	"\000"
 466 000a 00000000 		.ascii	"\000\000\000\000\000\000\000\000"
 466      00000000 
 467 0012 D4000000 		.ascii	"\324\000\000\000"
 468 0016 73744765 		.ascii	"stGetCounter\000"
 468      74436F75 
 468      6E746572 
 468      00
 469 0023 00       		.ascii	"\000"
 470 0024 00       		.ascii	"\000"
 471 0025 00       		.ascii	"\000"
 472 0026 00000000 		.ascii	"\000\000\000\000\000\000\000\000"
 472      00000000 
 473 002e D7000000 		.ascii	"\327\000\000\000"
 474 0032 73745374 		.ascii	"stStartAlarm\000"
 474      61727441 
 474      6C61726D 
 474      00
 475 003f 00       		.ascii	"\000"
ARM GAS  /tmp/ccscTE6a.s 			page 37


 476 0040 00       		.ascii	"\000"
 477 0041 00       		.ascii	"\000"
 478 0042 00000000 		.ascii	"\000\000\000\000\000\000\000\000"
 478      00000000 
 479 004a DB000000 		.ascii	"\333\000\000\000"
 480 004e 73745374 		.ascii	"stStopAlarm\000"
 480      6F70416C 
 480      61726D00 
 481 005a 00       		.ascii	"\000"
 482 005b 00       		.ascii	"\000"
 483 005c 00       		.ascii	"\000"
 484 005d 00000000 		.ascii	"\000\000\000\000\000\000\000\000"
 484      00000000 
 485 0065 DD000000 		.ascii	"\335\000\000\000"
 486 0069 73745365 		.ascii	"stSetAlarm\000"
 486      74416C61 
 486      726D00
 487 0074 00       		.ascii	"\000"
 488 0075 00       		.ascii	"\000"
 489 0076 00       		.ascii	"\000"
 490 0077 00000000 		.ascii	"\000\000\000\000\000\000\000\000"
 490      00000000 
 491 007f DF000000 		.ascii	"\337\000\000\000"
 492 0083 73744765 		.ascii	"stGetAlarm\000"
 492      74416C61 
 492      726D00
 493 008e 00       		.ascii	"\000"
 494 008f 00       		.ascii	"\000"
 495 0090 00       		.ascii	"\000"
 496 0091 00000000 		.ascii	"\000\000\000\000\000\000\000\000"
 496      00000000 
 497 0099 E1000000 		.ascii	"\341\000\000\000"
 498 009d 73744973 		.ascii	"stIsAlarmActive\000"
 498      416C6172 
 498      6D416374 
 498      69766500 
 499 00ad 00       		.ascii	"\000"
 500 00ae 00       		.ascii	"\000"
 501 00af 00       		.ascii	"\000"
 502 00b0 00000000 		.ascii	"\000\000\000\000\000\000\000\000"
 502      00000000 
 503 00b8 E8000000 		.ascii	"\350\000\000\000"
 504 00bc 73745F6C 		.ascii	"st_lld_init\000"
 504      6C645F69 
 504      6E697400 
 505 00c8 00       		.ascii	"\000"
 506 00c9 02       		.ascii	"\002"
 507 00ca 00       		.ascii	"\000"
 508 00cb 00000000 		.ascii	"\000\000\000\000\000\000\000\000"
 508      00000000 
 509 00d3 EA000000 		.ascii	"\352\000\000\000"
 510 00d7 63685379 		.ascii	"chSysHalt\000"
 510      7348616C 
 510      7400
 511 00e1 00       		.ascii	"\000"
 512 00e2 02       		.ascii	"\002"
 513 00e3 00       		.ascii	"\000"
ARM GAS  /tmp/ccscTE6a.s 			page 38


 514 00e4 00000000 		.ascii	"\000\000\000\000\000\000\000\000"
 514      00000000 
 515 00ec EF000000 		.ascii	"\357\000\000\000"
 516              		.text
 517              		.section	.gnu.lto_.opts,"e",%progbits
 518 0000 272D666E 		.ascii	"'-fno-openmp' '-fno-openacc' '-fno-pie' '-mcpu=cort"
 518      6F2D6F70 
 518      656E6D70 
 518      2720272D 
 518      666E6F2D 
 519 0033 65782D6D 		.ascii	"ex-m3' '-mthumb' '-mfloat-abi=soft' '-march=armv7-m"
 519      33272027 
 519      2D6D7468 
 519      756D6227 
 519      20272D6D 
 520 0066 2720272D 		.ascii	"' '-O2' '-fstack-usage' '-ffunction-sections' '-fda"
 520      4F322720 
 520      272D6673 
 520      7461636B 
 520      2D757361 
 521 0099 74612D73 		.ascii	"ta-sections' '-fno-common' '-flto' '-fshort-enums'\000"
 521      65637469 
 521      6F6E7327 
 521      20272D66 
 521      6E6F2D63 
 522              		.text
 523              		.comm	__gnu_lto_v1,1,1
 524              		.comm	__gnu_lto_slim,1,1
 525              		.ident	"GCC: (GNU Arm Embedded Toolchain 9-2020-q2-update) 9.3.1 20200408 (release)"
ARM GAS  /tmp/ccscTE6a.s 			page 39


DEFINED SYMBOLS
                            *ABS*:0000000000000000 hal_st.c
                            *COM*:0000000000000001 __gnu_lto_v1
                            *COM*:0000000000000001 __gnu_lto_slim

NO UNDEFINED SYMBOLS
