ARM GAS  /tmp/ccvPkb7n.s 			page 1


   1              		.cpu cortex-m3
   2              		.eabi_attribute 20, 1
   3              		.eabi_attribute 21, 1
   4              		.eabi_attribute 23, 3
   5              		.eabi_attribute 24, 1
   6              		.eabi_attribute 25, 1
   7              		.eabi_attribute 26, 1
   8              		.eabi_attribute 30, 2
   9              		.eabi_attribute 34, 1
  10              		.eabi_attribute 18, 4
  11              		.file	"hal_pal.c"
  12              		.section	.gnu.lto_.profile.85e100f2d08c5d8c,"e",%progbits
  13 0000 789CE360 		.ascii	"x\234\343``\004B \000\000\000]\000\013"
  13      60044220 
  13      0000005D 
  13      000B
  14              		.text
  15              		.section	.gnu.lto_.icf.85e100f2d08c5d8c,"e",%progbits
  16 0000 789CE360 		.ascii	"x\234\343``d0b@\000\016\206\256\323\247\257\3612\316"
  16      60643062 
  16      40000E86 
  16      AED3A7AF 
  16      F132CE
  17 0013 7EB4E21A 		.ascii	"~\264\342\032\017\323\245?\255\347\331\231\317O\371"
  17      0FD3A53F 
  17      ADE7D999 
  17      CF4FF9
  18 0022 D0CEC8F2 		.ascii	"\320\316\310\362p\335\265\357\274\254G\017N\276\312"
  18      70DDB5EF 
  18      BCAC470F 
  18      4EBECA
  19 0031 CEF671F3 		.ascii	"\316\366q\363\212\313l\034\223>>8\312\311\000\000\203"
  19      8ACB6C1C 
  19      933E3E38 
  19      CAC90000 
  19      83
  20 0042 4B1923   		.ascii	"K\031#"
  21              		.text
  22              		.section	.gnu.lto_.jmpfuncs.85e100f2d08c5d8c,"e",%progbits
  23 0000 789CBD91 		.ascii	"x\234\275\221\261\012\0021\020Dg\262\27136\372\001\367"
  23      B10A0231 
  23      104467B2 
  23      B93336FA 
  23      01F7
  24 0012 AF5AD8CA 		.ascii	"\257Z\330\312\265\226)\374\013\025\261\263\260\261\260"
  24      B59629FC 
  24      0B15B1B3 
  24      B0B1B0
  25 0021 B6BF42EE 		.ascii	"\266\277B\356\007\204\270\213\334\035\206\023\254\014"
  25      0784B88B 
  25      DC1D8613 
  25      AC0C
  26 002f 0C24B3B3 		.ascii	"\014$\263\263\273\017\022@4D\177\012\220\\F\201\223"
  26      BB0F1240 
  26      34447F0A 
  26      905C4681 
  26      93
ARM GAS  /tmp/ccvPkb7n.s 			page 2


  27 0040 AD003C79 		.ascii	"\255\000<yB\365L)\315)\033a\275j\357\241\226($\270c"
  27      42F54C29 
  27      CD291B61 
  27      BD6AEFA1 
  27      962824B8 
  28 0055 65F24390 		.ascii	"e\362C\220t\032:\267\217\033-\3444\264g\245\326q}\275"
  28      741A3AB7 
  28      8F1B2DE4 
  28      34B467A5 
  28      D6717DBD 
  29 0069 C8DB220F 		.ascii	"\310\333\"\017\254\234\371}\033\3609\303\212c)\247\335"
  29      AC9CF97D 
  29      1BF039C3 
  29      8A6329A7 
  29      DD
  30 007a 62782A31 		.ascii	"bx*1D\346\210\343L\337\346\375\230\352\2662\212/\207"
  30      44E688E3 
  30      4CDFE6FD 
  30      98EAB632 
  30      8A2F87
  31 008d 96642B91 		.ascii	"\226d+\221\277\375\202\271e\244\356\037\244\245U9C\224"
  31      BFFD82B9 
  31      65A4EE1F 
  31      A4A55539 
  31      4394
  32 009f 42794BD5 		.ascii	"ByK\325D\025\202\376\026\3556\355\034\274\000\307\252"
  32      441582FE 
  32      16ED36ED 
  32      1CBC00C7 
  32      AA
  33 00b0 67D6     		.ascii	"g\326"
  34              		.text
  35              		.section	.gnu.lto_.inline.85e100f2d08c5d8c,"e",%progbits
  36 0000 789C958F 		.ascii	"x\234\225\217=\012\002A\014\205\337$3\313\212\010\253"
  36      3D0A0241 
  36      0C85DF24 
  36      33CB8A08 
  36      AB
  37 0011 60EF513C 		.ascii	"`\357Q<\301\336A\334\237k\2147\330Z,\004\033{[\213\005"
  37      C1DE41DC 
  37      9F6B8C37 
  37      D85A2C04 
  37      1B7B5B8B 
  38 0026 5B1B4B5B 		.ascii	"[\033K[\013\033k{\223\321\365\007T\330\014<\336\220"
  38      0B1B6B7B 
  38      93D1F507 
  38      54D80C3C 
  38      DE90
  39 0038 F0BE2486 		.ascii	"\360\276$\206\301\332\340Y\016Hv\227\325\221\013C\030"
  39      C1DAE059 
  39      0E487697 
  39      D5910B43 
  39      18
  40 0049 694384C7 		.ascii	"iC\204\307\256\343\275_R\016\250\2519#\020\254XO\031"
  40      AEE3BD5F 
  40      520EA8A9 
  40      392310AC 
ARM GAS  /tmp/ccvPkb7n.s 			page 3


  40      584F19
  41 005c 2CCC7C73 		.ascii	",\314|s\336\363\204\020\023\334L'3\304\032G]\221G<U"
  41      DEF38410 
  41      13DC4C27 
  41      33C41A47 
  41      5D91473C 
  42 0071 E9CB1086 		.ascii	"\351\313\020\206\247\353aK\245\3417\214Q\033\365%\266"
  42      A7EB614B 
  42      A5E1378C 
  42      511BF525 
  42      B6
  43 0082 A2A2158B 		.ascii	"\242\242\025\213B\177\212\344/\325b \324\005\227\237"
  43      427F8AE4 
  43      2FD56220 
  43      D405979F 
  44 0092 C739E548 		.ascii	"\3079\345HL\313\343lO\204\253T\337Od\004\027\222r\003"
  44      4CCBE36C 
  44      4F84AB54 
  44      DF4F6404 
  44      17927203 
  45 00a6 6A3211DD 		.ascii	"j2\021\335\215r\244\342\360\257e\304\204\255\370\333"
  45      8D72A4E2 
  45      F0AF65C4 
  45      84ADF8DB 
  46 00b6 5C73A055 		.ascii	"\\s\240U0p\003\3722S\006"
  46      307003FA 
  46      325306
  47              		.text
  48              		.section	.gnu.lto_.pureconst.85e100f2d08c5d8c,"e",%progbits
  49 0000 789CE360 		.ascii	"x\234\343``d\020````e\230\305\3024\213\205e&\013\333"
  49      60641060 
  49      60606065 
  49      98C5C234 
  49      8B856526 
  50 0016 2C168E59 		.ascii	",\026\216Y,\000\033\212\003H"
  50      2C001B8A 
  50      0348
  51              		.text
  52              		.section	.gnu.lto_palReadBus.85e100f2d08c5d8c,"e",%progbits
  53 0000 789C9553 		.ascii	"x\234\225S\315KTQ\024\277\347\235\367\336\274\031\237"
  53      CD4B5451 
  53      14BFE79D 
  53      F7DEBC19 
  53      9F
  54 0011 A3630581 		.ascii	"\243c\005\201\033\027\201\030\344\270m\027\010-k\321"
  54      1B178118 
  54      E4B86D17 
  54      082D6BD1 
  55 0021 1F102A82 		.ascii	"\037\020*\202\222T(\255\2753\216\271\360\243\210R\247"
  55      925428AD 
  55      BD338EB9 
  55      F0A38852 
  55      A7
  56 0032 185F300D 		.ascii	"\030_0\015\272\262D!\362\253I3\363+?\222\240\010\243"
  56      BAB24421 
  56      F2AB4933 
  56      F32B3F92 
ARM GAS  /tmp/ccvPkb7n.s 			page 4


  56      A008A3
  57 0045 202BB384 		.ascii	" +\263\204r\321B\264s\356{\332$n|\314\234w\317\271\347"
  57      72D142B4 
  57      73EE7BDA 
  57      246E7CCC 
  57      9C77CFB9 
  58 005a FCEEF9FD 		.ascii	"\374\356\371\375\356y\226\000q_\027\242D\010q\216\376"
  58      EE799600 
  58      715F17A2 
  58      4408718E 
  58      FE
  59 006b 600AD0A4 		.ascii	"`\012\320\244\224g|\021K\323\364\271x\277\251\313\000"
  59      94677C11 
  59      4BD3F4B9 
  59      78BFA9CB 
  59      00
  60 007c F6AFCE9E 		.ascii	"\366\257\316\236\326\245\215{\021\303\213\350`x\331"
  60      D6A58D7B 
  60      11C38BE8 
  60      6078D9
  61 008b 06805A49 		.ascii	"\006\200ZI\013D\275\206\272\001\365p\003;\020V\242\211"
  61      0B44BD86 
  61      BA01F570 
  61      033B1056 
  61      A289
  62 009d 3F761B3A 		.ascii	"?v\033:(@'\367\366\364\300T\200]\200\002rco\272\236"
  62      284027F7 
  62      F6F4C054 
  62      805D8002 
  62      72636FBA 
  63 00b2 E845DD52 		.ascii	"\350E\335RFe\272\343\226\3315\260 \375\016j\"N\351C"
  63      4665BAE3 
  63      96D935B0 
  63      20FD0E6A 
  63      224EE943 
  64 00c6 900F8390 		.ascii	"\220\017\203\220/\370\201a(\242\364\306\305\216\353"
  64      2FF88161 
  64      28A2F4C6 
  64      C58EEB
  65 00d5 88A740D0 		.ascii	"\210\247@\320\272\241\253\275'\2530\245J7\037\240<\341"
  65      BAA1ABBD 
  65      27AB30A5 
  65      4A371FA0 
  65      3CE1
  66 00e7 20C208E0 		.ascii	" \302\010\340\177\245\024\243\342Q(\024\\\362\251o\373"
  66      7FA514A3 
  66      E2512814 
  66      5CF2A96F 
  66      FB
  67 00f8 4EB6A933 		.ascii	"N\266\2513:c>e\272\364N\242x\270d\244\345\366N\223L"
  67      3A633E65 
  67      BAF44EA2 
  67      78B864A4 
  67      E5F64E93 
  68 010d BF4F41E2 		.ascii	"\277OA\342l\036P\245\256\2211\220\215N\30648f\262\353"
  68      6C1E50A5 
  68      AE913190 
ARM GAS  /tmp/ccvPkb7n.s 			page 5


  68      8D4EC634 
  68      3866B2EB 
  69 0121 636391F1 		.ascii	"cc\221\361\371\311X\001\336\315\342\225\315&\010|`H"
  69      F9C95801 
  69      DECDE295 
  69      CD26087C 
  69      6048
  70 0133 300FD18C 		.ascii	"0\017\321\214\202t\221:\310\264\020-\250\271N\204\234"
  70      8274913A 
  70      C8B4102D 
  70      A8B94E84 
  70      9C
  71 0144 3568186D 		.ascii	"5h\030m\032\351\263\271\215\004B\002\203\324a[\303\306"
  71      1AE9B3B9 
  71      8D044202 
  71      83D4615B 
  71      C3C6
  72 0156 8AC5F220 		.ascii	"\212\305\362 \010H\023\2035\210n5\201\233\243Q\232X"
  72      08481383 
  72      35886E35 
  72      819BA351 
  72      9A58
  73 0168 87C602D7 		.ascii	"\207\306\002\327eu\2076G\326\3741\210F\216;\350\217"
  73      65758736 
  73      47D6FC31 
  73      88468E3B 
  73      E88F
  74 017a 23B37906 		.ascii	"#\263y\0061\020\224L\273\223\033?\226\201\321\014B\033"
  74      3110944C 
  74      BB931B3F 
  74      9681D10C 
  74      421B
  75 018c 837C0703 		.ascii	"\203|\007\003\3423\304\276\226z\000\034S\362\266 \336"
  75      E233C4BE 
  75      967A001C 
  75      53F2B620 
  75      DE
  76 019d A52B456E 		.ascii	"\245+En\014\351\310a\277\233\3017\226~\367\350m0\005"
  76      0CE9C861 
  76      BF9BC137 
  76      967EF7E8 
  76      6D3005
  77 01b0 C908755E 		.ascii	"\311\010u^\340`\0265\252:cA{\037w\317g\227\364\312\233"
  77      E0601635 
  77      AA3A6341 
  77      7B1F77CF 
  77      6797F4CA 
  78 01c5 6ACB8671 		.ascii	"j\313\206qHA\247+\356s(a\212\203\273\315\033.ZR\316"
  78      4841A72B 
  78      EE732861 
  78      8A83BBCD 
  78      1B2E5A52 
  79 01da 749ADC92 		.ascii	"t\232\334\222\01590\261\217 \247e\020\364\035L\360\205"
  79      0D3930B1 
  79      8F20A765 
  79      10F41D4C 
  79      F085
ARM GAS  /tmp/ccvPkb7n.s 			page 6


  80 01ec 4BD03C80 		.ascii	"K\320<\200\221/\203\221>\376=\371Q0#}\035b\012\222["
  80      912F8391 
  80      3EFE3DF9 
  80      5130237D 
  80      1D620A92 
  81 0201 4EF4CCEE 		.ascii	"N\364\314\356(@\313\301\3548_\021L2`\246\370A\345f\036"
  81      2840CBC1 
  81      EC385F11 
  81      4C3260A6 
  81      F841E566 
  82 0216 1D4C322B 		.ascii	"\035L2+\012~\220\277\346\002\254F\256\20390E\225\360"
  82      0A7E90BF 
  82      E602AC46 
  82      AE833930 
  82      4595F0
  83 0229 D213E3F7 		.ascii	"\322\023\343\367\227\211Q\213\363;\225\032A\230&5\334"
  83      9789518B 
  83      F33B951A 
  83      41982635 
  83      DC
  84 023a 219BA13C 		.ascii	"!\233\241<\007sU_F\346\010D\207\277\265\216\233n\363"
  84      0773555F 
  84      46E60844 
  84      87BFB58E 
  84      9B6EF3
  85 024d D6A1C40E 		.ascii	"\326\241\304\016\301\254\022\033X\3549%\366\330\356"
  85      C1AC121B 
  85      58EC3925 
  85      F6D8EE
  86 025c B5F933C9 		.ascii	"\265\3713\311\344)2\373\200\217\320q\360\312\003N\264"
  86      E42932FB 
  86      808FD071 
  86      F0CA034E 
  86      B4
  87 026d DE5B4502 		.ascii	"\336[E\002\216Ex\353(\314+`\215\201\027\024\360\336"
  87      8E4578EB 
  87      28CC2B60 
  87      8D811714 
  87      F0DE
  88 027f 3C040E39 		.ascii	"<\004\0169\017\213\377\346a\311\235\207\255\353\336"
  88      0F8BFFE6 
  88      61C99D87 
  88      ADEBDE
  89 028e 5D539D9F 		.ascii	"]S\235\237\0003\321\355C\241\037\203\327\012\235\341"
  89      0033D1ED 
  89      43A11F83 
  89      D70A9DE1 
  90 029e 61D9456F 		.ascii	"a\331Eo\337\235\244\220:\300\026?!\352\015S\210\273"
  90      DF9DA490 
  90      3AC0163F 
  90      21EA0D53 
  90      88BB
  91 02b0 6846D8A1 		.ascii	"hF\330\241\007\325\327(\304\311\342\3420\375.U\326^"
  91      07D5D728 
  91      C4C9E2E2 
  91      30FD2E55 
  91      D65E
ARM GAS  /tmp/ccvPkb7n.s 			page 7


  92 02c2 AEAC0997 		.ascii	"\256\254\011\227VU\227W\237\277\020\276R\027\256*\253"
  92      56559757 
  92      9FBF10BE 
  92      5217AE2A 
  92      AB
  93 02d3 09D7D556 		.ascii	"\011\327\325V\360\373\342\325\262\232\342\012\201\345"
  93      F0FBE2D5 
  93      B29AE20A 
  93      81E5
  94 02e1 D7EAFE02 		.ascii	"\327\352\376\002\276\313\200\320"
  94      BECB80D0 
  95              		.text
  96              		.section	.gnu.lto_palWriteBus.85e100f2d08c5d8c,"e",%progbits
  97 0000 789C9554 		.ascii	"x\234\225T\337o\024U\024>\337\234\231\331\331\337K\265"
  97      DF6F1455 
  97      143EDF9C 
  97      99D9D9DF 
  97      4BB5
  98 0012 48D2973E 		.ascii	"H\322\227>H\032L\354\326\027\211o&\274\353\203\177\200"
  98      481A4CEC 
  98      D617896F 
  98      26BCEB83 
  98      7F80
  99 0024 A18484C6 		.ascii	"\241\204\204\306F\015\325\370\310\335\355\266\373\300"
  99      460DD5F8 
  99      C8DDEDB6 
  99      FBC0
 100 0032 0F8DD176 		.ascii	"\017\215\321v\013.\253n*\370\002\030L\210\024\352Z\304"
 100      0B2EAB6E 
 100      2AF80218 
 100      4C8814EA 
 100      5AC4
 101 0044 0AB45010 		.ascii	"\012\264P\020\220\362\000\201\204j*\332D\033c\014i="
 101      90F20081 
 101      846A2ADA 
 101      441B630C 
 101      693D
 102 0056 E7CED4AE 		.ascii	"\347\316\324\256\225\227Nv\316\3169\367\234\357~\347"
 102      95974E76 
 102      CECE39F7 
 102      9CEF7EE7 
 103 0066 3B772620 		.ascii	";w& \320\230G\264\225\210^\222\033>\3011\306\274\030"
 103      D09847B4 
 103      95885E92 
 103      1B3EC131 
 103      C6BC18
 104 0079 2B048EE3 		.ascii	"+\004\216\343N\217\234\364]\223\340\223sS/\270&\305"
 104      4E8F9CF4 
 104      5D93E093 
 104      73532FB8 
 104      26C5
 105 008b FF46BC28 		.ascii	"\377F\274(\342\302\213\262=\300>\231\000\264\307a\327"
 105      E2C28BB2 
 105      3DC03E99 
 105      00B4C761 
 105      D7
 106 009c C31EBCCB 		.ascii	"\303\036\274\313\303\214\211\362\334W\316\226#\262h"
ARM GAS  /tmp/ccvPkb7n.s 			page 8


 106      C38C89F2 
 106      DC57CE96 
 106      23B268
 107 00ab 1AC38BFE 		.ascii	"\032\303\213\376\240\031\330Tc\242\021\271\303\013\247"
 107      A019D854 
 107      63A211B9 
 107      C30BA7
 108 00ba B145F2EE 		.ascii	"\261E\362\356\024\253\177\245\016p\215\001W\334\017"
 108      14AB7FA5 
 108      0E708D01 
 108      57DC0F
 109 00c9 2E7E7921 		.ascii	".~y!\241\256\203vq\007\256\016\0172?\013\222\347\376"
 109      A1AE8376 
 109      7107AE0E 
 109      0F323F0B 
 109      92E7FE
 110 00dc C3434793 		.ascii	"\303CG\223\035\243\306\024M\343Q\235\315\3235f\234\005"
 110      1DA3C614 
 110      4DE3519D 
 110      CDD33566 
 110      9C05
 111 00ee 0B24CEA0 		.ascii	"\013$\316\240\015ch#\222\230@\217\243C\012\252K\237"
 111      0D636823 
 111      9298408F 
 111      A3430AAA 
 111      4B9F
 112 0100 4E26F939 		.ascii	"N&\3719[\274p\257\3629\242\342\251\317l\261\213\257"
 112      5BBC70AF 
 112      F239A2E2 
 112      A9CF6CB1 
 112      8BAF
 113 0112 FF57EC4A 		.ascii	"\377W\354Jq\003\035\244%\367\277X\3720\355\273\021e"
 113      71031DA4 
 113      25F7BF58 
 113      FA30EDBB 
 113      1165
 114 0124 7C031F12 		.ascii	"|\003\037\022\235\2359\2617\303\317[\320\343f\354p|"
 114      9D9D39B1 
 114      37C3CF5B 
 114      D0E366EC 
 114      707C
 115 0136 73DD82FE 		.ascii	"s\335\202\376y\310?h\032\245\366\032{\230X\203\253\327"
 115      79C83F68 
 115      1AA5F61A 
 115      7B985883 
 115      ABD7
 116 0148 2A20CE61 		.ascii	"* \316a\263\205S\324o\005\225\310\251K\272\204\217_"
 116      B38553D4 
 116      6F0595C8 
 116      A94BBA84 
 116      8F5F
 117 015a F31A6669 		.ascii	"\363\032fi\271l\0327\333\026\026\357n\330\004\341\344"
 117      B96C1A37 
 117      DB1616EF 
 117      6ED804E1 
 117      E4
 118 016b 3B6262AC 		.ascii	";bb\254\306\025\023x\032\363\325\215\251\011\304\304"
ARM GAS  /tmp/ccvPkb7n.s 			page 9


 118      C6151378 
 118      1AF3D58D 
 118      A909C4C4 
 119 017b E36A126A 		.ascii	"\343j\022j\222\232\222R\223V7\243&\253&'&\321\002\325"
 119      929A9252 
 119      935637A3 
 119      26AB2627 
 119      26D102D5 
 120 018f A615DAE4 		.ascii	"\246\025\332\344F\273%\321^&\235\222\013\323 \332\307"
 120      46BB25D1 
 120      5E269D92 
 120      0BD320DA 
 120      C7
 121 01a0 4EE814C4 		.ascii	"N\350\024\304\231G\377xy\372TJ\311VEOn\221.\016\364"
 121      9947FF78 
 121      79FA544A 
 121      C956454F 
 121      6E912E0E 
 122 01b5 2FDC0974 		.ascii	"/\334\011tB\014\302yio\036\305Ge\2049\216\244\321C\014"
 122      420CC279 
 122      696F1EC5 
 122      47658439 
 122      8EA4D143 
 123 01ca B487AE1E 		.ascii	"\264\207\256\036\204\261\305\263\363\361\022\212\005"
 123      84B1C5B3 
 123      F3F1128A 
 123      05
 124 01d7 997F7244 		.ascii	"\231\177rD\226\011\337\241\004\222dY\235\\\370\365:"
 124      9609DFA1 
 124      04926459 
 124      9D5CF8F5 
 124      3A
 125 01e8 142D2668 		.ascii	"\024-&h\223h\253q\212\036\240\364\363\266\010@cV\277"
 125      9368AB71 
 125      8A1EA0F4 
 125      F3B60840 
 125      6356BF
 126 01fb 7DCC07E5 		.ascii	"}\314\007\345\364\261\022c\331\362L<\314\320C\323\270"
 126      F4B11263 
 126      D9F24C3C 
 126      CCD043D3 
 126      B8
 127 020c 7D623633 		.ascii	"}b63\212zA\230\313\000\322B\3242S\321\217\235:r%\335"
 127      8A7A4198 
 127      CB00D242 
 127      D43253D1 
 127      8F9D3A72 
 128 0222 75CCBC67 		.ascii	"u\314\274g\2272\370\036\243\250\204\023\275\200.m\361"
 128      9732F81E 
 128      A3A88413 
 128      BD802E6D 
 128      F1
 129 0233 F40A792F 		.ascii	"\364\012y/D\253\233K\025_)e\220\305\3055\015jZS\203"
 129      44AB9B4B 
 129      155F2965 
 129      90C5C535 
 129      0D6A5A53 
ARM GAS  /tmp/ccvPkb7n.s 			page 10


 130 0248 B1C73778 		.ascii	"\261\3077x)l\320\177LG\261\246\216\334s\277\324\357"
 130      296CD07F 
 130      4C47B1A6 
 130      8EDC73BF 
 130      D4EF
 131 025a 9176E43E 		.ascii	"\221v\344>D\311B*\345\352\321\251e\013\030\3248;\302"
 131      44C9422A 
 131      E5EAD1A9 
 131      650B18D4 
 131      383BC2
 132 026d 8E004E29 		.ascii	"\216\000N)`\263\3709\3536o\235\253sx\314\356\232\337"
 132      60B3F839 
 132      EB366F9D 
 132      AB7378CC 
 132      EE9ADF
 133 0280 A713AA46 		.ascii	"\247\023\252F\256\306\033pY*1\035\211\361\307O\347\307"
 133      AEC61B70 
 133      592A311D 
 133      89F1C74F 
 133      E7C7
 134 0292 03CDAF58 		.ascii	"\003\315\257X5r\270\"j\330m1#y5n\261\274\274\346#P\254"
 134      3572B822 
 134      6AD86D31 
 134      2379356E 
 134      B1BCBCE6 
 135 02a9 941F6CD5 		.ascii	"\224\037l\325sZ\345\240\312\255\024jo\375\370\272\264"
 135      735AE5A0 
 135      CAAD146A 
 135      6FFDF8BA 
 135      B4
 136 02ba 7F0257AD 		.ascii	"\177\002W\255\366P\355\257\205\332\017\211\256\026*"
 136      F650EDAF 
 136      85DA0F89 
 136      AE162A
 137 02c9 61D1E3CD 		.ascii	"a\321\343\315\350\311uN\366\207\325\311^\017\321?\032"
 137      E8C9754E 
 137      F687D5C9 
 137      5E0FD13F 
 137      1A
 138 02da 8CD05321 		.ascii	"\214\320S!\332'7f\212\366\260\005\310\341\206\235l\377"
 138      DA273766 
 138      8AF6B005 
 138      C8E1869D 
 138      6CFF
 139 02ec DF2B3969 		.ascii	"\337+9iK\"\365\037V\031\241\024\366\274\232\227\265"
 139      4B22F51F 
 139      5619A114 
 139      F6BC9A97 
 139      B5
 140 02fd E1A4C6DE 		.ascii	"\341\244\306\336_\311\333h\313\263\315\354s\353b\377"
 140      5FC9DB68 
 140      CBB3CDEC 
 140      73EB62FF 
 141 030d 246E5AF6 		.ascii	"$nZ\366\216\262\377\321\262\237\030\262H\315Co\265C"
 141      8EB2FFD1 
 141      B29F18B2 
 141      48CD436F 
ARM GAS  /tmp/ccvPkb7n.s 			page 11


 141      B543
 142 031f 5F832A7B 		.ascii	"_\203*{\347p+B\255\356?4\307\202Z*\350\322S\230\265"
 142      E7702B42 
 142      ADEE3F34 
 142      C7825A2A 
 142      E8D25398 
 143 0334 A82A0A6E 		.ascii	"\250*\012n\243K\210\322o(~\274\274\037\321\367G\337"
 143      A34B88D2 
 143      6F287EBC 
 143      BC1FD1F7 
 143      47DF
 144 0346 7E2CCBC5 		.ascii	"~,\313\305\366\355'z\246\2633/\277\327v\356~}go~\333"
 144      F6ED277A 
 144      A6B3332F 
 144      BFD776EE 
 144      7E7D676F 
 145 035c AE9EEE9E 		.ascii	"\256\236\356\236\227_\311\277\321\227\337\265\2757\337"
 145      975FC9BF 
 145      D197DFB5 
 145      BD37DF
 146 036b B77B87FE 		.ascii	"\267{\207\376\277\372\346\366\336\316\035\304\335o\367"
 146      BFFAE6F6 
 146      DECE1DC4 
 146      DD6FF7
 147 037a B9DD3D6F 		.ascii	"\271\335=o\365\341\235\177\000at\323\243"
 147      F5E19D7F 
 147      006174D3 
 147      A3
 148              		.text
 149              		.section	.gnu.lto_palSetBusMode.85e100f2d08c5d8c,"e",%progbits
 150 0000 789C9553 		.ascii	"x\234\225S\317KTQ\024\276\347\235\367\336\274\371\325"
 150      CF4B5451 
 150      14BEE79D 
 150      F7DEBCF9 
 150      D5
 151 0011 9815046E 		.ascii	"\230\025\004n\\\004b\220c\213\026\355\002\027\355j\321"
 151      5C046290 
 151      638B16ED 
 151      0217ED6A 
 151      D1
 152 0022 1F106A82 		.ascii	"\037\020j\202\222e(\255\2753\2163\013E\203J\235\300"
 152      926528AD 
 152      BD338E33 
 152      0B45834A 
 152      9DC0
 153 0034 5E304DDA 		.ascii	"^0M\332\306\012\203H\035\23343u\31447\005\031\005Y\230"
 153      C60A8348 
 153      1D9B3433 
 153      75CC3437 
 153      05190559 
 154 0049 26648B10 		.ascii	"&d\213\020\321\316\271o\262\251\334xy\357\276{\316="
 154      D1CEB96F 
 154      B2A9DC78 
 154      79EFBE7B 
 154      CE3D
 155 005b E7BBDFF9 		.ascii	"\347\273\337\371\316}\226\000\321\241\013qL\010q\212"
 155      CE7D9600 
ARM GAS  /tmp/ccvPkb7n.s 			page 12


 155      D1A10B71 
 155      4C08718A 
 156 006b 5E300568 		.ascii	"^0\005hR\312\023\256\220\245i\372t\274\337\324\245\007"
 156      52CA13AE 
 156      90A569FA 
 156      74BCDFD4 
 156      A507
 157 007d FB1733C7 		.ascii	"\373\0273\307u\351\303m\217\221\365\350`d\243\015\000"
 157      75E9C36D 
 157      8F91F5E8 
 157      6064A30D 
 157      00
 158 008e B5921688 		.ascii	"\265\222\026\210F\015u\003\032\241\035;\021Fb\213\217"
 158      460D7503 
 158      1AA11D3B 
 158      1146628B 
 158      8F
 159 009f B5E21EDA 		.ascii	"\265\342\036\332\224\351\3169WT6\037\264Q\2108\275\316"
 159      94E9CE39 
 159      5754361F 
 159      B4518838 
 159      BDCE
 160 00b1 800128A6 		.ascii	"\200\001(\246\270\205p\367O_\033\332\010\240\223ym\362"
 160      B88570F7 
 160      4F5F1BDA 
 160      08A09379 
 160      6DF2
 161 00c3 E184874D 		.ascii	"\341\204\207M\015\012\311l\236\355\214\"\036\001A\353"
 161      0D0AC96C 
 161      9EED8C22 
 161      1E0141EB 
 162 00d3 A69B1DBD 		.ascii	"\246\233\035\275\336\242\244\224a\231\316\334Fy\310"
 162      DEA2A494 
 162      6199CEDC 
 162      4679C8
 163 00e2 46841420 		.ascii	"F\204\024 A\302\020\024\300 \024\010A>\202\036\206\""
 163      41C21014 
 163      C0201408 
 163      413E821E 
 163      8622
 164 00f4 4A58EB4F 		.ascii	"JX\353O^\365\342Q\225\334\275\336\323\356\312&o$U\262"
 164      5EF5E251 
 164      95DCBDDE 
 164      D3EECA26 
 164      6F2455B2 
 165 0108 0E4FFE4B 		.ascii	"\016O\376K&M \015E\202S>>\330\274\3567\365,ex\312\""
 165      264D200D 
 165      4582533E 
 165      3ED8BCEE 
 165      37F52C65 
 166 011f D13781E2 		.ascii	"\3217\201\342\336\234\221\226\233[1\231^\276\003\357"
 166      DE9C9196 
 166      9B5B3199 
 166      5EBE03EF 
 167 012f 4EE60365 		.ascii	"N\346\003e\032\032M&\362\244\323\3442\330g\262\351\342"
 167      1A1A4D26 
 167      F2A4D3E4 
ARM GAS  /tmp/ccvPkb7n.s 			page 13


 167      32D867B2 
 167      E9E2
 168 0141 C9A2C972 		.ascii	"\311\242\311r\323\344\366\360\256\227W~`\242y\340\234"
 168      D3E4F6F0 
 168      AE97577E 
 168      60A279E0 
 168      9C
 169 0152 D88282C5 		.ascii	"\330\202\202\305\322A\246\205hE\3151Bd,A\323p,\225\362"
 169      D241A685 
 169      6845CD31 
 169      42642C41 
 169      D3702C95 
 170 0167 31856E2A 		.ascii	"1\205n*\005\375\304\256\255iu\301b\241\020\004\214\020"
 170      05FDC4AE 
 170      AD6975C1 
 170      62A11004 
 170      8C10
 171 0179 FB25086F 		.ascii	"\373%\010o\304\300\211\321(L,Cs\241cr?\006\177\244\226"
 171      C4C089D1 
 171      284C2C43 
 171      73A16372 
 171      3F067FA4 
 172 018e DC110887 		.ascii	"\334\021\010\207\250\015\2368r%\243\020\001A\301\264"
 172      A80D9E38 
 172      7225A310 
 172      0141C1B4 
 173 019e 3BBEBA32 		.ascii	";\276\2722\017\214f\022\3323(\260\321+>A\344KY\026\200"
 173      0F8C6612 
 173      DA3328B0 
 173      D12B3E41 
 173      E44B5916 
 174 01b3 7DAA6BAD 		.ascii	"}\252k\255\2107\350\022 \023C:r\310\355Dp\357\322o\357"
 174      8837E812 
 174      2013433A 
 174      72C8ED44 
 174      70EFD26F 
 175 01c8 BFD99384 		.ascii	"\277\331\223\204D\210\230\027\332\350#\242\212\031\213"
 175      44889817 
 175      DAE823A2 
 175      8A198B
 176 01d7 D9F7A867 		.ascii	"\331\367\250g\306_\332'\257\250-?\214A\022\272\034a"
 176      C65FDA27 
 176      AFA82D3F 
 176      8C4112BA 
 176      1C61
 177 01e9 9F432997 		.ascii	"\237C)\2278\360\233\274\341\240%\344T\227\311\224\374"
 177      38F09BBC 
 177      E1A025E4 
 177      5497C994 
 177      FC
 178 01fa 1080F17F 		.ascii	"\020\200\361\177\012\344\260\234\002];\027\370\302)"
 178      0AE4B09C 
 178      025D3B17 
 178      F8C229
 179 0209 D0DCA122 		.ascii	"\320\334\241\"WNE\372\350\327\304\007\301\025\351\313"
 179      574E45FA 
 179      E8D7C407 
ARM GAS  /tmp/ccvPkb7n.s 			page 14


 179      C115E9CB 
 180 0219 105190EA 		.ascii	"\020Q\220\352\312\364f\266\024\240e\343\2368j\0048\301"
 180      CAF466B6 
 180      14A065E3 
 180      9E386A04 
 180      38C1
 181 022b 80B9E207 		.ascii	"\200\271\342\007\224\231{t \301U\221\363\275\374>\355"
 181      94997B74 
 181      20C15591 
 181      F3BDFC3E 
 181      ED
 182 023c 6135F26C 		.ascii	"a5\362l\314\203)\312\204\311\254\030k\237\307\206-\216"
 182      CC8329CA 
 182      84C9AC18 
 182      6B9FC786 
 182      2D8E
 183 024e EF526A04 		.ascii	"\357Rj\004 Cj8\027l\232\342l\334\253x\031\271W <tw\005"
 183      20436A38 
 183      176C9AE2 
 183      6CDCAB78 
 183      19B95720 
 184 0266 1DEED6AE 		.ascii	"\035\356\326\256\264\316\207\227Jk`\255g\224\326\333"
 184      B4CE8797 
 184      4A6B60AD 
 184      6794D6DB 
 185 0276 5D73EF0A 		.ascii	"]s\357\012i\037\274RH\032#\315\376\215\344\331e\377"
 185      691FBC52 
 185      481A23CD 
 185      FE8DE4D9 
 185      65FF
 186 0288 E7FEF4FF 		.ascii	"\347\376\364\377\265\323\377\365h\266\267^\342E\200"
 186      B5D3FFF5 
 186      68B6B75E 
 186      E24580
 187 0297 D4DEE88E 		.ascii	"\324\336\350\216\275\330\037W\377\370\274\323\\K%\220"
 187      BDD81F57 
 187      FFF8BCD3 
 187      5C4B2590 
 188 02a7 C607C437 		.ascii	"\306\007\3047\010\337\032lw\204\344\321\202\260E\003"
 188      08DF1A6C 
 188      7784E4D1 
 188      82B04503 
 189 02b7 D51F25C4 		.ascii	"\325\037%\304\341\222\222 =\347\253\352/V\325\006\313"
 189      E1929220 
 189      3DE7ABEA 
 189      2F56D506 
 189      CB
 190 02c8 AA6B2A6A 		.ascii	"\252k*jN\237\011\3265\004\253\313k\203\015\365\225\374"
 190      4E9F09D6 
 190      3504ABCB 
 190      6B830DF5 
 190      95FC
 191 02da 3D7BA9BC 		.ascii	"={\251\274\266\244R`\305\345\006\375B\335\271\252_\233"
 191      B6A45260 
 191      C5E506FD 
 191      42DDB9AA 
 191      5F9B
ARM GAS  /tmp/ccvPkb7n.s 			page 15


 192 02ec 517E76   		.ascii	"Q~v"
 193              		.text
 194              		.section	.gnu.lto_palSetPadCallbackI.85e100f2d08c5d8c,"e",%progbits
 195 0000 789C8591 		.ascii	"x\234\205\221\317O\023Q\020\307\347\273o\273]\012h\342"
 195      CF4F1351 
 195      10C7E7BB 
 195      6FBB5D0A 
 195      68E2
 196 0012 C984683C 		.ascii	"\311\204h<\2304\230\320\222\036LL<\230x1^<\370\007\230"
 196      983498D0 
 196      921E4C4C 
 196      3C987831 
 196      5E3CF807 
 197 0027 5289101B 		.ascii	"R\211\020\033i\212w^K\001M\015\\V@\223f1\224\312\301"
 197      698A775E 
 197      4B014D0D 
 197      5C564093 
 197      663194CA 
 198 003c A0460E2A 		.ascii	"\240F\016**kA\260\245\"r\360\240\011\007Q\014\342\217"
 198      2A6B41B0 
 198      A52272F0 
 198      A0090751 
 198      0CE28F
 199 004f C478D083 		.ascii	"\304x\320\203\324y\333\032cz\340e_\366\315\233\371\314"
 199      D479DB1A 
 199      637AE065 
 199      5FF6CD9B 
 199      F9CC
 200 0061 7CF7BB26 		.ascii	"|\367\273&\201\212\032\321Q\"\332\307\033\202\240I)"
 200      818A1AD1 
 200      5122DAC7 
 200      1B82A049 
 200      29
 201 0072 8F7913A6 		.ascii	"\217y\023\246\006\270'i\202z4\364`H\214\010\344\007"
 201      06B82769 
 201      827A34F4 
 201      60488C08 
 201      E407
 202 0084 361E68CD 		.ascii	"6\036h\31579#\235\221a_\277\354\333k\013\242k\274+\013"
 202      3739239D 
 202      91615FBF 
 202      ECDB6B0B 
 202      A26BBC2B 
 203 0099 0FD1CC75 		.ascii	"\017\321\314uk\311\314\317\206Aa\013@\347\320*N\027"
 203      6BC9CCCF 
 203      8641610B 
 203      40E7D02A 
 203      4E17
 204 00ab 7C2AD470 		.ascii	"|*\324p\200\303\271\345\362}\237h\001\361yk*\367}\227"
 204      80C3B9E5 
 204      F27D9F68 
 204      01F1796B 
 204      2AF77D97 
 205 00bf 7F42CAA4 		.ascii	"\177B\312\244t\336g\205<h\013\201\307\020\334\022\217"
 205      74DE6785 
 205      3C680B81 
 205      C710DC12 
ARM GAS  /tmp/ccvPkb7n.s 			page 16


 205      8F
 206 00d0 D0841934 		.ascii	"\320\204\0314\021\361\035\267~\002\277\352\365ei\217"
 206      11F11DB7 
 206      7E02BFEA 
 206      F565698F 
 207 00e0 08B9ECEF 		.ascii	"\010\271\354\357\351\227\213\365\177\331\234\313\352"
 207      E9978BF5 
 207      7FD99CCB 
 207      EA
 208 00ed 98AD6175 		.ascii	"\230\255auf\035\227\315\257\\\036\336-\016\273p\366"
 208      661D97CD 
 208      AF5C1EDE 
 208      2D0EBB70 
 208      F6
 209 00fe CDAD7463 		.ascii	"\315\255tc\025\336\230\334\237\355\225'l\341\301\323"
 209      15DE98DC 
 209      9FED9527 
 209      6CE1C1D3 
 210 010e 1ADCC378 		.ascii	"\032\334\303x\336\305\267d\232\225\035q\361\222\225"
 210      DEC5B764 
 210      9A951D71 
 210      F19295
 211 011d DA44152F 		.ascii	"\332D\025/Uf\033\230\253\201\015\206\347\341'\205\274"
 211      55661B98 
 211      AB810D86 
 211      E7E12785 
 211      BC
 212 012e BBBB7DB5 		.ascii	"\273\273}\265\321\320\253n\341\031\014\366\237\350\366"
 212      D1D0AB6E 
 212      E1190CF6 
 212      9FE8F6
 213 013d AAC791DB 		.ascii	"\252\307\221\333\345\001\351\374\310\341\336I/\240\324"
 213      E501E9FC 
 213      C8E1DE49 
 213      2FA0D4
 214 014c B2733CD4 		.ascii	"\262s<\324\203\012\235\026\244<\327!\035\242+B\253\004"
 214      830A9D16 
 214      A43CD721 
 214      1DA22B42 
 214      AB04
 215 015e 090E3E21 		.ascii	"\011\016>!y}s\350\203\241\332\361\214\301\336ok\246"
 215      797D73E8 
 215      83A1DAF1 
 215      8CC1DE6F 
 215      6BA6
 216 0170 72DAEBAA 		.ascii	"r\332\353\252\314L\226\312u)$\023\246-\314q5\227/_\277"
 216      CC4C96CA 
 216      75292413 
 216      A62DCC71 
 216      35972F5F 
 217 0185 5D58C104 		.ascii	"]X\301\004\306a\213:,\"\005,(\261\234\371\265\372j\276"
 217      C6618B3A 
 217      2C22052C 
 217      28B19CF9 
 217      B5FA6ABE 
 218 0199 21744775 		.ascii	"!tGu\037\233\261Zl\341\303s\256\314\010\245S\025\\\372"
 218      1F9BB15A 
ARM GAS  /tmp/ccvPkb7n.s 			page 17


 218      6CE1C373 
 218      AECC08A5 
 218      53155CFA 
 219 01ad 2C73DED6 		.ascii	",s\336\326)\267`\3262\224a\005\204F+\037TDk\206\177"
 219      29B760D6 
 219      32946105 
 219      84462B1F 
 219      54446B86 
 220 01c2 94AB68B4 		.ascii	"\224\253h\264\317[U\264\263\204\245\035$\224\376\223"
 220      CF5B55B4 
 220      B384A51D 
 220      2494FE93 
 221 01d2 D09FBA51 		.ascii	"\320\237\272Q\250\257JXW\022\014\274P\022T\036\313J"
 221      A8AF4A58 
 221      57120CBC 
 221      5012541E 
 221      CB4A
 222 01e4 8287BE22 		.ascii	"\202\207\276\"9\366\321\202k\261Zi\201\177\366\021\035"
 222      39F6D182 
 222      6BB15A69 
 222      817FF611 
 222      1D
 223 01f5 0A0482FC 		.ascii	"\012\004\202\374\234o\217_h\217\006\217wt\266u\236:"
 223      9C6F8F5F 
 223      688F068F 
 223      7774B675 
 223      9E3A
 224 0207 1DECEA0E 		.ascii	"\035\354\352\016v\204\243\301\356xD\275\317\304\302"
 224      7684A3C1 
 224      EE7844BD 
 224      CFC4C2
 225 0216 D14084F4 		.ascii	"\321@\204\364XW\374\242\210\205\317j\2216\021\216\237"
 225      5857FCA2 
 225      8885CF6A 
 225      9136118E 
 225      9F
 226 0227 FB03E6E7 		.ascii	"\373\003\346\347\367#"
 226      F723
 227              		.text
 228              		.section	.gnu.lto_palSetLineCallbackI.85e100f2d08c5d8c,"e",%progbits
 229 0000 789C8592 		.ascii	"x\234\205\222]K\024a\024\307\317\177\316\354\354\254"
 229      5D4B1461 
 229      14C7CF7F 
 229      CEECECAC 
 230 0010 29DE0A12 		.ascii	")\336\012\022t\021,\006\356\312B\320e\320\007\350\242"
 230      74112C06 
 230      EECA42D0 
 230      65D007E8 
 230      A2
 231 0021 0F10EBB2 		.ascii	"\017\020\353\262\244\264X\254\037\300g\327u-6\364\""
 231      A4B458AC 
 231      1FC067D7 
 231      752D36F4 
 231      22
 232 0032 57CB58C6 		.ascii	"W\313X\306\360\245.B\015\274\360\245r2\263\32660\243"
 232      F0A52E42 
 232      0DBCF0A5 
ARM GAS  /tmp/ccvPkb7n.s 			page 18


 232      7232B3D6 
 232      3630A3
 233 0045 880A2F7A 		.ascii	"\210\012/zE{\203\350\242\"\264\363\314,Dx\3410\017\363"
 233      457B83E8 
 233      A222B4F3 
 233      CC2C4478 
 233      E1300FF3 
 234 0059 9CE79CFF 		.ascii	"\234\347\234\377y~\347\317\330\004\2323\210\216\020"
 234      797EE7CF 
 234      D8049A33 
 234      888E10
 235 0068 D17E5960 		.ascii	"\321~Y`\202\241\224:\032\314\330\006\340\355\224\015"
 235      82A1943A 
 235      1ACCD806 
 235      E0ED940D 
 236 0078 EA32D085 		.ascii	"\3522\320\205~\036b,\365~\2303\232\256IF\271C/j\362"
 236      7E1E622C 
 236      F57E9833 
 236      9AAE4946 
 236      B9432F6A 
 237 008d AAA7C161 		.ascii	"\252\247\301a\242\313\262\374\007\363h\222\272\215l"
 237      A2CBB2FC 
 237      07F36892 
 237      BA8D6C
 238 009c E9676D1F 		.ascii	"\351gm\037;\014\230\022\016\254\316\224kth\340\200\204"
 238      3B0C9812 
 238      0EACCE94 
 238      6B7468E0 
 238      8084
 239 00ae 57B6BFE7 		.ascii	"W\266\277\347\301\315 \331\217\315\376~g\207\307\225"
 239      C1CD20D9 
 239      8FCDFE7E 
 239      6787C795 
 240 00be CA2AF7F5 		.ascii	"\312*\367\365\030\253\203\0163n\203\245%n\241\021\013"
 240      18AB830E 
 240      336E83A5 
 240      256EA111 
 240      0B
 241 00cf 68249233 		.ascii	"h$\2223i}\007a\215\260v~\260\236c\276\370\345\215B]"
 241      697D0761 
 241      8DB0767E 
 241      B09E63BE 
 241      F8E58D42 
 242 00e4 55FC67C2 		.ascii	"U\374g\302\023\233X\334%6E\354z\342O\252 \275\017{\342"
 242      139B58DC 
 242      253645EC 
 242      7AE24FAA 
 242      20BD0F7B 
 243 00f9 CA406E13 		.ascii	"\312@n\023Uq\245aX\271\246\303\001\334\335\245\016\210"
 243      5571A561 
 243      58B9A6C3 
 243      01DCDDA5 
 243      0E88
 244 010b 7A0961D2 		.ascii	"z\011a\322\23277\267\213u\226Y\035\030\367`\211\205"
 244      9A3737B7 
 244      8B759659 
 244      1D18F760 
ARM GAS  /tmp/ccvPkb7n.s 			page 19


 244      8985
 245 011d 4453EB01 		.ascii	"DS\353\001Wm\357\364*\367G\303\374dH,s\330\022\007\205"
 245      576DEFF4 
 245      2AF747C3 
 245      FC64482C 
 245      73D81207 
 246 0132 D884BEDA 		.ascii	"\330\204\276\332\202\337\242\300\244\2753\241\\\242"
 246      82DFA2C0 
 246      A4BD33A1 
 246      5CA2
 247 0140 0B6CF841 		.ascii	"\013l\370AF\202-t\017\366~y6\003\335\264\304(\261!\367"
 247      46822D74 
 247      0FF67E79 
 247      3603DDB4 
 247      C428B121 
 248 0155 B9D3179F 		.ascii	"\271\323\027\237\006\265q\026\352\261,<[\310\016oN\275"
 248      06B57116 
 248      EAB12C3C 
 248      5BC80E6F 
 248      4EBD
 249 0167 B77495E4 		.ascii	"\267t\225\344\373\272\277m\330:\037\364F*]\257\354\204"
 249      FBBABF6D 
 249      D83A1FF4 
 249      462A5DAF 
 249      EC84
 250 0179 72C8666C 		.ascii	"r\310fl\207\355Q\315(\207\317_\255\254a\034\243p8\204"
 250      87ED51CD 
 250      2887CF5F 
 250      ADAC611C 
 250      A3703884 
 251 018d 15E480FB 		.ascii	"\025\344\200\373z0\311\374Z\177\262\\\033\233\326\020"
 251      7A30C9FC 
 251      5A7FB25C 
 251      1B9BD610 
 252 019d 230BC566 		.ascii	"#\013\305f\207k\360@*\345v\362\245\347>\253\211`\313"
 252      876BF040 
 252      2AE576F2 
 252      A5E73EAB 
 252      8960CB
 253 01b0 A457B058 		.ascii	"\244W\260X\264\264\273\017\021\273\344\017_FKI\254\365"
 253      B4B4BB0F 
 253      11BBE40F 
 253      5F464B49 
 253      ACF5
 254 01c2 88667B82 		.ascii	"\210f{\202U\242\275\021V\367@x\364\037B>w\265\274\257"
 254      55A2BD11 
 254      56F74078 
 254      F41F423E 
 254      77B5BCAF 
 255 01d6 8AF05623 		.ascii	"\212\360V#\004P\321\010:\217\307\032\301\242\257\310"
 255      0450D108 
 255      3A8FC71A 
 255      C1A2AFC8 
 256 01e6 8E7C2C7A 		.ascii	"\216|,z\316y?a\201\361\317e\242C\221HT\336\323\311t"
 256      CE793F61 
 256      81F1CF65 
 256      A2439148 
ARM GAS  /tmp/ccvPkb7n.s 			page 20


 256      54DED3C9 
 257 01fb 4732153D 		.ascii	"G2\025=\326\326\336\332~\374D\364Lg\264-\236\212v\246"
 257      D6D6DEDA 
 257      7EFC44F4 
 257      4C67B42D 
 257      9E8A76A6 
 258 020f 13FA7BF2 		.ascii	"\023\372{\362l<\025I\220\231j\357H\032\211V\216\247"
 258      6C3C1549 
 258      90996AEF 
 258      481A8956 
 258      8EA7
 259 0221 4FFD0541 		.ascii	"O\375\005A\252\360I"
 259      AAF049
 260              		.text
 261              		.section	.gnu.lto_.symbol_nodes.85e100f2d08c5d8c,"e",%progbits
 262 0000 789C75CE 		.ascii	"x\234u\316\273\015\302P\014\205\341s\354\233\204\307"
 262      BB0DC250 
 262      0C85E173 
 262      EC9B84C7 
 263 0010 10202681 		.ascii	"\020 &\201]`\016\247`\000jZF\240\243\205\022\261\003"
 263      5D600EA7 
 263      60006A5A 
 263      46A0A385 
 263      12B103
 264 0023 12424078 		.ascii	"\022B@x3\000\334pQB\221\270\262\364\375\222\335\000"
 264      3300DC70 
 264      514291B8 
 264      B2F4FD92 
 264      DD00
 265 0035 31220039 		.ascii	"1\"\0009\320\220\372q\234l\000\003\026\351\000\271 "
 265      D090FA71 
 265      9C6C0003 
 265      16E900B9 
 265      20
 266 0046 BA11690F 		.ascii	"\272\021i\017P9\322X\323\334\311\320\234hR\323<(\241"
 266      5039D258 
 266      D3DCC9D0 
 266      9C6852D3 
 266      3C28A1
 267 0059 C9685AD3 		.ascii	"\311hZ\323\274\250\335\374\2353\315U'\274\322\242\367"
 267      BCA8DDFC 
 267      9D33CD55 
 267      27BCD2A2 
 267      F7
 268 006a 6F3A5F86 		.ascii	"o:_\206\377\274\357\345B\213\253\345IK*E\321\012g\206"
 268      FFBCEFE5 
 268      428BABE5 
 268      494B2A45 
 268      D10A6786 
 269 007e 7E9BCEF7 		.ascii	"~\233\316\367k\3458V4\227\331l\013\256b\225\302\245"
 269      6BE53856 
 269      3497D96C 
 269      0BAE6295 
 269      C2A5
 270 0090 7429DD15 		.ascii	"t)\335\025\356Jw\177\336\016\276K\360\001\355bn?"
 270      EE4A777F 
 270      DE0EBE4B 
ARM GAS  /tmp/ccvPkb7n.s 			page 21


 270      F001ED62 
 270      6E3F
 271              		.text
 272              		.section	.gnu.lto_.refs.85e100f2d08c5d8c,"e",%progbits
 273 0000 789C0DC4 		.ascii	"x\234\015\304\301\021\000 \010\003\301\\Pa\250\202\376"
 273      C1110020 
 273      0803C15C 
 273      5061A882 
 273      FE
 274 0011 AB947D6C 		.ascii	"\253\224}l\011\215\264\233\306\216\346\370\266\037\011"
 274      098DB49B 
 274      C68EE6F8 
 274      B61F09
 275 0020 69D74686 		.ascii	"i\327F\206>\015\014\000\232"
 275      3E0D0C00 
 275      9A
 276              		.text
 277              		.section	.gnu.lto_.decls.85e100f2d08c5d8c,"e",%progbits
 278 0000 789C9558 		.ascii	"x\234\225X{PT\327\031\277\347\236\005\226\335\005\034"
 278      7B5054D7 
 278      19BFE79E 
 278      0596DD05 
 278      1C
 279 0011 35D11932 		.ascii	"5\321\0312\031M\311\330d\242\304\2306\261\323&\255\246"
 279      194DC9D8 
 279      64A2C498 
 279      36B1D326 
 279      ADA6
 280 0023 354E4DCC 		.ascii	"5NM\314`:\235L\333\331\254\313\"4\013XXR\363Osy\210"
 280      603A9D4C 
 280      DBD9ACCB 
 280      22340B58 
 280      5852F34F 
 281 003a 8844417C 		.ascii	"\210DA|\200\250\200\202J\020\301\027I\344\015\342\003"
 281      80A88082 
 281      4A10C117 
 281      49E40DE2 
 281      03
 282 004b 41DE82BC 		.ascii	"A\336\202\274A\001\037\240\210\312C%\364;\347\334\273"
 282      41011FA0 
 282      88CA4325 
 282      F43BE7DC 
 282      BB
 283 005c 7B77D9B5 		.ascii	"{w\331\265v\365\343\336s\316\357\373\276\337\367\235"
 283      76F5E3DE 
 283      73CEEFFB 
 283      BEDFF79D 
 284 006c F7557288 		.ascii	"\367Ur\210\373\335<\216S`&\323\360s\3468\256\036D\005"
 284      FBDD3C8E 
 284      536026D3 
 284      F073E638 
 284      AE1E4405 
 285 0080 D20A7213 		.ascii	"\322\012r\023\204\324U\200\014\200\374\014\002j\234"
 285      84D45580 
 285      0C80FC0C 
 285      026A9C
 286 008f 0BC80678 		.ascii	"\013\310\006xuE\034\375)Af\303\373<\220W@~\001\362\006"
ARM GAS  /tmp/ccvPkb7n.s 			page 22


 286      75451CFD 
 286      294166C3 
 286      FB3C9057 
 286      407E01F2 
 287 00a4 C81290E5 		.ascii	"\310\022\220\345 \037\202(\000\263\032\236kA|@t\242"
 287      201F8228 
 287      00B31A9E 
 287      6B417C40 
 287      74A2
 288 00b6 AEF47B9D 		.ascii	"\256\364{\235\347\270\227\211\035\220\271\242O\302A"
 288      E7B89789 
 288      1D90B9A2 
 288      4FC241
 289 00c5 8F18872F 		.ascii	"\217\030\207/@\246@\026\201\370A\335\373 -\360\276\001"
 289      40A64016 
 289      81F841DD 
 289      FB202DF0 
 289      BE01
 290 00d7 9EFE2001 		.ascii	"\236\376 \001 \177\004Y\014\362O\220\257@\236A\373]"
 290      207F0459 
 290      0CF24F90 
 290      AF409E41 
 290      FB5D
 291 00e9 10A3E8BF 		.ascii	"\020\243\350\277\011\244\021d\022\244\031\004\213\274"
 291      09A41164 
 291      12A41904 
 291      8BBC
 292 00f7 978B5C91 		.ascii	"\227\213\\\221\310Q\376\363\006^\363\341\351/\343\326"
 292      C851FEF3 
 292      065EF3E1 
 292      E92FE3D6 
 293 0107 2AF20B44 		.ascii	"*\362\013D\326\374\026\211\034\355\361\013\002Y#\362"
 293      D6FC1689 
 293      1CEDF10B 
 293      025923F2 
 294 0117 33DAE128 		.ascii	"3\332\341(\361k\0269\216\213\374\346\331\360[k\303o"
 294      F16B1639 
 294      8E8BFCE6 
 294      D9F05B6B 
 294      C36F
 295 0129 B998375B 		.ascii	"\271\2307[~\003\377G\356H?\337\340,\271#\374\202A>@"
 295      7E03FF47 
 295      EE483FDF 
 295      E02CB923 
 295      FC82413E 
 296 013e 8C8394B7 		.ascii	"\214\203\224\267f\221\347+2N\037\212\274|lx\255\002"
 296      6691E72B 
 296      324E1F8A 
 296      BC7C6C78 
 296      AD02
 297 0150 5E6A1B5E 		.ascii	"^j\033^\266\343g#<\377\005\362%\210\026\004T\270\277"
 297      B6E36723 
 297      3CFF05F2 
 297      25881604 
 297      54B8BF
 298 0163 C3F31FA2 		.ascii	"\303\363\037\242\315_\210O\333\261\262\316\216mW\231"
 298      CD5F884F 
ARM GAS  /tmp/ccvPkb7n.s 			page 23


 298      DBB1B2CE 
 298      8E6D5799 
 299 0173 DD452F60 		.ascii	"\335E/`\373\015\007\266\367b\324\025q`B\263\035\243"
 299      FB0D07B6 
 299      F762D415 
 299      716042B3 
 299      1DA3
 300 0185 D92AA480 		.ascii	"\331*\244\200\342\256\2523\227UP\234\253B\013\240X2"
 300      E2AEAA33 
 300      9755509C 
 300      AB420BA0 
 300      5832
 301 0197 BDA744C1 		.ascii	"\275\247D\301Z\225P\234>\222\267U\211yD\024\013\243"
 301      5A95509C 
 301      3E92B755 
 301      89794414 
 301      0BA3
 302 01a9 A78A5DA0 		.ascii	"\247\212]\240i\221\012\221\351\344\001U\027\357\017"
 302      69910A91 
 302      E9E40155 
 302      17EF0F
 303 01b8 37215645 		.ascii	"7!VE\020\247\373\206/i\260\013}\037:\333\027\354\235"
 303      10A7FB86 
 303      2F69B00B 
 303      7D1F3ADB 
 303      17EC9D
 304 01cb 23B09F32 		.ascii	"#\260\2372\200C\245\010[HD\235\037Kp\303\277\241\310"
 304      8043A508 
 304      5B48449D 
 304      1F4B70C3 
 304      BFA1C8
 305 01de F4EACECD 		.ascii	"\364\352\316\315\036\252\030A\210\020\322\"\005\327"
 305      1EAA1841 
 305      8810D222 
 305      05D7
 306 01ec 8F395480 		.ascii	"\2179T\200<\3219\344\311\241rDm\227!oT\002u\305P\007"
 306      3CD139E4 
 306      C9A17244 
 306      6D97216F 
 306      540275C5 
 307 0202 0ACD0F46 		.ascii	"\012\315\017F\367\270\343UT\271}\363\311\355hN\202\350"
 307      F7B8E355 
 307      54B97DF3 
 307      C9ED684E 
 307      82E8
 308 0214 47402C5E 		.ascii	"G@,^T\211\346\020-\321\333\215\361\301\037<\360\247"
 308      5489E610 
 308      2DD1DB8D 
 308      F1C11F3C 
 308      F0A7
 309 0226 54E160DE 		.ascii	"T\341`\336\371I\265\255\002\272\000\216\254u2\306r\222"
 309      F949B5AD 
 309      02BA008E 
 309      AC7532C6 
 309      7292
 310 0238 794DAC99 		.ascii	"yM\254\231\025\272\010\315\0221\016]B\032\206\373ak"
 310      15BA08CD 
ARM GAS  /tmp/ccvPkb7n.s 			page 24


 310      12310E5D 
 310      421A86FB 
 310      616B
 311 024a D2A01BFE 		.ascii	"\322\240\033\376\033\265\235\333\360\264\303\241\016"
 311      1BB59DDB 
 311      F0B4C3A1 
 311      0E
 312 0257 BA0C3ECC 		.ascii	"\272\014>\314jY\217\267\247\250X\2365P<\327|\345\220"
 312      6A598FB7 
 312      A7A8589E 
 312      35503CD7 
 312      7CE590
 313 026a 3BEB851E 		.ascii	";\353\205\036\322\374(\261\255\333\035\373Y\345\375"
 313      D2FC28B1 
 313      ADDB1DFB 
 313      59E5FD
 314 0279 8B9979FF 		.ascii	"\213\231y\377\202\345}\250\256\266\021\341@\372\236"
 314      82E57DA8 
 314      AEB611E1 
 314      40FA9E
 315 0288 7C7E6FBD 		.ascii	"|~o\275\312~6\353\020\325 \331\254\205\272\2534\233"
 315      CA7E36EB 
 315      10D520D9 
 315      AC85BAAB 
 315      349B
 316 029a 8AA484BC 		.ascii	"\212\244\204\274a\015\232\343\345\345E\223\022O\222"
 316      610D9AE3 
 316      E5E54593 
 316      124F92
 317 02a9 A2E05035 		.ascii	"\242\340P5 \256\320P\033X^P#\362B\315 M\310\213\344"
 317      20AED050 
 317      1B585E50 
 317      23F242CD 
 317      204DC88B 
 318 02be E8107151 		.ascii	"\350\020qQ\332\222\372V\356\350-A\3309\037U!\015:\017"
 318      DA92FA56 
 318      EEE82D41 
 318      D8391F55 
 318      210D3A0F 
 319 02d2 2E1AAC12 		.ascii	".\032\254\022\345M\376,\365\224\360w\336\337'\224F9"
 319      E54DFE2C 
 319      F594F077 
 319      DEDF2794 
 319      4639
 320 02e4 A37AA442 		.ascii	"\243z\244B53\300\205\310\032]%\242+\000]d\337t\001y"
 320      3533C085 
 320      C81A5D25 
 320      A22B005D 
 320      64DF7401 
 321 02f9 85B827B3 		.ascii	"\205\270'\263\036>\3028\013\321$dG\027\305(\347\210"
 321      1E3EC238 
 321      0BD12464 
 321      4717C528 
 321      E788
 322 030b F14459C5 		.ascii	"\361DY\305\203\256\211v\354\204\004\232\373'z\357;\311"
 322      83AE8976 
 322      EC84049A 
ARM GAS  /tmp/ccvPkb7n.s 			page 25


 322      FB277AEF 
 322      3BC9
 323 031d BBB0C5CA 		.ascii	"\273\260\305\312e+\355?\362 ]\177\341V\2468\223\334"
 323      652BED3F 
 323      F2205D7F 
 323      E156A638 
 323      93DC
 324 032f A07829B5 		.ascii	"\240x)\265\346\234;\311\274 \252B\275E\263\015\251\010"
 324      E69C3BC9 
 324      BC20AA42 
 324      BD45B30D 
 324      A908
 325 0341 63749D8D 		.ascii	"ct\235\215\341\202\364\350\012g\246\353\016\305Sq\003"
 325      E182F4E8 
 325      0A67A6EB 
 325      0EC55371 
 325      03
 326 0352 A31AD6FF 		.ascii	"\243\032\326\377#t\210O\024=\321\340\\\032\015\016\217"
 326      2374884F 
 326      143DD1E0 
 326      5C1A0D0E 
 326      8F
 327 0363 7D721D23 		.ascii	"}r\035#\225'\002c\210\366\254pX\300\3639\264\314\023"
 327      95270263 
 327      88F6AC70 
 327      58C0F339 
 327      B4CC13
 328 0376 BD0D1175 		.ascii	"\275\015\021uBD]\304|7\000z\300~\262\240\244\025\311"
 328      42445DC4 
 328      7C37007A 
 328      C07EB2A0 
 328      A415C9
 329 0389 02A047BE 		.ascii	"\002\240G\276\245\357`\264\355\334x\015\236\035/\366"
 329      A5EF60B4 
 329      EDDC780D 
 329      9E1D2FF6 
 330 0399 F2EF11A9 		.ascii	"\362\357\021\251G\035\240\323N\031\366\242\331\214&"
 330      471DA0D3 
 330      4E19F6A2 
 330      D98C26
 331 03a8 4D44CCCD 		.ascii	"MD\314\315\307Ej\225\350-\352y\336\000\\v\271\246\215"
 331      C7456A95 
 331      E82DEA79 
 331      DE005C76 
 331      B9A68D
 332 03bb 975BEE7B 		.ascii	"\227[\356{\216\345\314\324\344\253X\236\342\033h\266"
 332      8EE5CCD4 
 332      E4AB589E 
 332      E21B68B6 
 333 03cb 2C513759 		.ascii	",Q7Y\212o\322\024\177_\223\365L\201\317\260^\035\213"
 333      8A6FD214 
 333      7F5F93F5 
 333      4C81CFB0 
 333      5E1D8B
 334 03de AE9D70B1 		.ascii	"\256\235p\261?\264\373g.\024h\000\251@)'?.\305\205%"
 334      3FB4FB67 
 334      2E146800 
ARM GAS  /tmp/ccvPkb7n.s 			page 26


 334      A9402927 
 334      3F2EC585 
 335 03f3 7A3E596C 		.ascii	"z>Yl\232\353\"\020+\316\"y\277v\254@\211\213\230\375"
 335      9AEB2210 
 335      2BCE2279 
 335      BF76AC40 
 335      898B98FD 
 336 0407 AC8C8443 		.ascii	"\254\214\204C\316\270\214\025.?\253\274\250!\316\"g"
 336      CEB88C15 
 336      2E3FABBC 
 336      A821CE22 
 336      67
 337 0418 38BB6377 		.ascii	"8\273cwU\372nWy\271\002W1\355\250\212\346\263\032\\"
 337      55FA6E57 
 337      79B90257 
 337      31EDA88A 
 337      E6B31A5C 
 338 042c CB0AFD57 		.ascii	"\313\012\375Wr#\224\270\221\025\006\262\343\206\334"
 338      722394B8 
 338      911506B2 
 338      E386DC
 339 043b 718B384E 		.ascii	"q\2138Nw\326gb\334\316\012\203\321\325?\213L_\201b\365"
 339      77D66762 
 339      DCCE0A83 
 339      D1D53F8B 
 339      4C5F8162 
 340 0450 B3B26271 		.ascii	"\263\262bqH\364 \022\310Dw\276\023\356\246X\345\371"
 340      48F42012 
 340      C84477BE 
 340      13EEA658 
 340      E5F9
 341 0462 F8E3D52A 		.ascii	"\370\343\325*\344\345E\246\255\227\327!!*R(\035,|k\272"
 341      E4E545A6 
 341      AD97D721 
 341      212A5228 
 341      1D2C7C6B 
 342 0477 814DC5BB 		.ascii	"\201M\305\273\220\376\207\300r\314j\360\016\312f\027"
 342      90FE87C0 
 342      72CC6AF0 
 342      0ECA6617 
 343 0487 5118FD0F 		.ascii	"Q\030\375\017\233]\004}\177\006\3322\273\254\326\205"
 343      9B5D047D 
 343      7F06DA32 
 343      BBACD685 
 344 0497 51003CA0 		.ascii	"Q\000<\240\2001q\022=\201\011\364\030d\022\344)\310"
 344      80317112 
 344      3D8109F4 
 344      186412E4 
 344      29C8
 345 04a9 38C804C8 		.ascii	"8\310\004\310#i\235 \276\252\276\265\370\032\232\341"
 345      23699D20 
 345      BEAABEB5 
 345      F81A9AE1 
 346 04b9 EB960DB3 		.ascii	"\353\226\015\263\006\031\372\266\0034\245\306\340Od"
 346      0619FAB6 
 346      0334A5C6 
 346      E04F64
ARM GAS  /tmp/ccvPkb7n.s 			page 27


 347 04c8 81DC9B01 		.ascii	"\201\334\233\001/\2641~G\206\036\261\037\266\005\\."
 347      2FB4317E 
 347      47861EB1 
 347      1FB6055C 
 347      2E
 348 04d9 6332ECC0 		.ascii	"c2\354\300\264\264\004\265\226\016&\360s\354f\213n0"
 348      B4B404B5 
 348      960E26F0 
 348      73EC668B 
 348      6E30
 349 04eb 2F9830B0 		.ascii	"/\2300\260ts\254\255\323U>E\236Y\271\235\202\225\226"
 349      7473ACAD 
 349      D3553E45 
 349      9E59B99D 
 349      829596
 350 04fe EE5464D8 		.ascii	"\356Td\330\335\235\014G\216\240t\3171\243\321\317tN"
 350      DD9D0C47 
 350      8EA074CF 
 350      31A3D1CF 
 350      744E
 351 0510 755E3DF6 		.ascii	"u^=\366)>\314\366\364\255\273N\374\326\376\214\232\266"
 351      293ECCF6 
 351      F4ADBB4E 
 351      FCD6FE8C 
 351      9AB6
 352 0522 33A3049E 		.ascii	"3\243\004\236\314\250\023\307\237\346\251\024p\342@"
 352      CCA813C7 
 352      9FE6A914 
 352      70E240
 353 0531 1B34284C 		.ascii	"\0334(LA\314DW\306\027\270\261\241\313\313&\331\\6\311"
 353      41CC4457 
 353      C617B8B1 
 353      A1CBCB26 
 353      D95C36C9 
 354 0545 1A2A2EE5 		.ascii	"\032*.\345x\314\333M\363\022)\314\342\221\377\313(\222"
 354      78CCDB4D 
 354      F31229CC 
 354      E291FFCB 
 354      2892
 355 0557 F744113C 		.ascii	"\367D\021<\011&\212\237\307\241p^\301\"/o:1\246\226"
 355      09268A9F 
 355      C7A1705E 
 355      C1222F6F 
 355      3A31A696 
 356 056b 8703CDB2 		.ascii	"\207\003\315\262\3107\363\226\310O\246\0348\346\206"
 356      C837F396 
 356      C84FA61C 
 356      38E686
 357 057a 735820D7 		.ascii	"sX \327O\345\304z8\322C\321<\266\250\242-<I\303\236"
 357      4FE5C47A 
 357      38D243D1 
 357      3CB6A8A2 
 357      2D3C49C3 
 358 058f CAA97225 		.ascii	"\312\251r%.`\352\027\236&<q\265\237\210\030~f\"\266"
 358      2E60EA17 
 358      9E263C71 
 358      B59F8818 
ARM GAS  /tmp/ccvPkb7n.s 			page 28


 358      7E6622B6 
 359 05a3 D244A477 		.ascii	"\322D\244w\366\224\270\366\302:HN_\010\305\251\021G"
 359      F694B8F6 
 359      C23A484E 
 359      5F08C5A9 
 359      1147
 360 05b5 FE913FEC 		.ascii	"\376\221?\354TA\236\210\274\023\231\226~\210\374D\034"
 360      54419E88 
 360      BC139996 
 360      7E88FC44 
 360      1C
 361 05c6 279ED3A4 		.ascii	"'\236\323\244:\366\220\376\260:^\264\302\213\307'\304"
 361      3AF690FE 
 361      B03A5EB4 
 361      C28BC727 
 361      C4
 362 05d7 7498755A 		.ascii	"t\230uZ\224\231f\355Hl\227\2140\005\351p$)\212U\274"
 362      949966ED 
 362      486C978C 
 362      3005E970 
 362      24298A55 
 363 05ec E84EAE81 		.ascii	"\350N\256\201f0\266\030\344\314F\245\0372\237\353\016"
 363      6630B618 
 363      E4CC46A5 
 363      1F329FEB 
 363      0E
 364 05fd 4E7D97EA 		.ascii	"N}\227\352\336\207z\302\241\257GN\246/\346\320K\361"
 364      DE877AC2 
 364      A1AF474E 
 364      A62FE6D0 
 364      4BF1
 365 060f 0B389AE2 		.ascii	"\0138\232\342\336\206\302)%n\347\237wl\373\216\227\037"
 365      DE86C229 
 365      256EE79F 
 365      776CFB8E 
 365      971F
 366 0621 C10E1C3A 		.ascii	"\301\016\034:x\331I\002EIG5\262\177[\343v\227t\014+"
 366      78D94902 
 366      45494735 
 366      B27F5BE3 
 366      7697740C 
 367 0636 E57DBF9D 		.ascii	"\345}\277\235\227\317\226\035\274x\346\252\275\332\275"
 367      97CF961D 
 367      BC78E6AA 
 367      BDDABD
 368 0645 4349072E 		.ascii	"CI\007.T\211#\267\261\354z\217Z>6\311Q\30328\023\310"
 368      548923B7 
 368      B1EC7A8F 
 368      5A3E36C9 
 368      51C33238 
 369 065b E08C9706 		.ascii	"\340\214\227\006g\334\346\330V\347\327\322\204\236\036"
 369      67DCE6D8 
 369      56E7D7D2 
 369      849E1E
 370 066a A174BCC3 		.ascii	"\241t\274\303+\251\020V[\225\202\200P\034\214\022\221"
 370      2BA91056 
 370      5B958280 
ARM GAS  /tmp/ccvPkb7n.s 			page 29


 370      501C8C12 
 370      91
 371 067b 1179E7D0 		.ascii	"\021y\347\3206\276\017\241X\276\227$n'\377\032h\037"
 371      36BE0FA1 
 371      58BE9724 
 371      6E27FF1A 
 371      681F
 372 068d 4D8ABCA2 		.ascii	"M\212\274\242\306\011\230&`\177NZ\252\033\345B\0342"
 372      C6099826 
 372      607F4E5A 
 372      AA1BE542 
 372      1C32
 373 069f 2E134FEA 		.ascii	".\023O\352\363-\374v\361\264\262(\351~\033\357p\362"
 373      F32DFC76 
 373      F1B4B228 
 373      E97E1BEF 
 373      70F2
 374 06b1 EC21FC76 		.ascii	"\354!\374vK\374\262\357\\\334\205E~\327R4\260r\301\346"
 374      4BFCB2EF 
 374      5CDC8545 
 374      7ED75234 
 374      B072C1E6 
 375 06c5 2DF00485 		.ascii	"-\360\004\205\022e\004\023m\011\356\245\004\247\272"
 375      12650413 
 375      6D09EEA5 
 375      04A7BA
 376 06d4 6E8CF2F8 		.ascii	"n\214\362\370\000#\030\371\323\226b5%3`&8\375x*\022"
 376      002318F9 
 376      D3966235 
 376      25336026 
 376      38FD782A 
 377 06e9 9B092633 		.ascii	"\233\011&3\202G\016ud\2738$\230B\010\356\223\010\366"
 377      82470E75 
 377      64BB3824 
 377      984208EE 
 377      9308F6
 378 06fc 34E634B8 		.ascii	"4\3464\270\210\004\253^5\363\003\020J\222\361K\262\345"
 378      8804AB5E 
 378      35F30310 
 378      4A92F14B 
 378      B2E5
 379 070e B79FF22B 		.ascii	"\267\237\362+\313\310\365\304\331\214\236\235E(u\240"
 379      CBC8F5C4 
 379      D98C9E9D 
 379      452875A0 
 380 071e B5CB8556 		.ascii	"\265\313\205V\301\004G\007\031\273\375;\013RyZ\011\213"
 380      C1044707 
 380      19BBFD3B 
 380      0B52795A 
 380      098B
 381 0730 174A6595 		.ascii	"\027Je\225\315BG\001\242\225\344\314\232\306*c\362\317"
 381      CD424701 
 381      A295E4CC 
 381      9AC62A63 
 381      F2CF
 382 0742 26BB398C 		.ascii	"&\2739\214\343\020\211#]\212\243!\346p\273J\214\243"
 382      E3108923 
ARM GAS  /tmp/ccvPkb7n.s 			page 30


 382      5D8AA321 
 382      E670BB4A 
 382      8CA3
 383 0754 ED97E638 		.ascii	"\355\227\3468\000\204\016\310\3428`\033\307a\032G\354"
 383      00840EC8 
 383      E238601B 
 383      C7611A47 
 383      EC
 384 0765 9070DA05 		.ascii	"\220p\332\005\027\277` \231\214^\355\265\344*\326\037"
 384      17BF6020 
 384      998C5EED 
 384      B5E42AD6 
 384      1F
 385 0776 B0F8A023 		.ascii	"\260\370\240#\254r$\"w\322\361\312z\214p>*q\256\350"
 385      AC722422 
 385      77D2F1CA 
 385      7A8C703E 
 385      2A71AEE8 
 386 078a E8CBF010 		.ascii	"\350\313\360\0209\367\275i\346\014 \224!\343\234a\313"
 386      39F7BD69 
 386      E60C2094 
 386      21E39C61 
 386      CB
 387 079b 398B722E 		.ascii	"9\213r.\035\311H\302\270\201q\356\271W\036ou\202#\307"
 387      1DC948C2 
 387      B88171EE 
 387      B9571E6F 
 387      758223C7 
 388 07af 3DCB84CB 		.ascii	"=\313\204\313\226&\\U~b!\033\344\331\346\011w\341t\336"
 388      96265C55 
 388      7E62211B 
 388      E4D9E609 
 388      77E174DE 
 389 07c3 11E49072 		.ascii	"\021\344\220r\016\241|\\\242\234UWW"
 389      0EA17C5C 
 389      A29C5557 
 389      57
 390 07d0 EF44280B 		.ascii	"\357D(\013p\272y\352U\220wK\210QQ\020\372^F\031\336"
 390      70BA79EA 
 390      5590774B 
 390      88515110 
 390      FA5E4619 
 391 07e5 D9F27182 		.ascii	"\331\362q\202R\235\274\236\372\304\015\307*(\325\234"
 391      529DBC9E 
 391      FAC40DC7 
 391      2A28D59C 
 392 07f5 88A7954A 		.ascii	"\210\247\225J\234\302\012\243]\035\3074\300\007\345"
 392      9CC20AA3 
 392      5D1DC734 
 392      C007E5
 393 0804 510DA8A9 		.ascii	"Q\015\250\251\311\275\275\315\031\247\263\3463w\023"
 393      C9BDBDCD 
 393      19A7B3E6 
 393      337713
 394 0813 539C48F3 		.ascii	"S\234H\363)\222\203\223,\305y\341\245G\335\360\021\206"
 394      29928393 
 394      2CC579E1 
ARM GAS  /tmp/ccvPkb7n.s 			page 31


 394      A547DDF0 
 394      1186
 395 0825 286FEF1F 		.ascii	"(o\357\037$=\203\316\020\304i\206\260\364\240\2634Q"
 395      243D83CE 
 395      10C46986 
 395      B0F4A0B3 
 395      3451
 396 0837 7A8FF687 		.ascii	"z\217\366\207I5\371\014\265\247\266|\010\313\343v\226"
 396      4935F90C 
 396      B5A7B67C 
 396      08CBE376 
 396      96
 397 0848 AF333F92 		.ascii	"\2573?\222\270\177\220\342\026\212\323\"4\020\367H\232"
 397      B87F90E2 
 397      168AD322 
 397      3410F748 
 397      9A
 398 0859 90B64F58 		.ascii	"\220\266OX\021!\304\011\245\247y\002B\271R\334\350,"
 398      1121C409 
 398      A5A77902 
 398      42B952DC 
 398      E82C
 399 086b A0499185 		.ascii	"\240I\221\205\376\023\015}832\321\003\237P8\234\301"
 399      FE130D7D 
 399      383332D1 
 399      039F5038 
 399      9CC1
 400 087d AD71038D 		.ascii	"\255q\003\215\012\363\262S\300\250UN\024f\252\315\323"
 400      0AF3B253 
 400      C0A8554E 
 400      1466AACD 
 400      D3
 401 088e A1905586 		.ascii	"\241\220U\206\017\347\357rv\330O\305\204o\221\304\267"
 401      0FE7EF72 
 401      76D84FC5 
 401      846F91C4 
 401      B7
 402 089f 7FB23C5B 		.ascii	"\177\262<[\352\247\033I\370IMt\351g\024\203\316\311"
 402      EAA71B49 
 402      F8494D74 
 402      E9671483 
 402      CEC9
 403 08b1 BAE99CC4 		.ascii	"\272\351\234\304\265\204\315\346\212\235\327\304\223"
 403      B584CDE6 
 403      8A9DD7C4 
 403      93
 404 08be 38D94CAF 		.ascii	"8\331L\257\345\036;\356\346\360\366T\306\263\333S)O"
 404      E51E3BEE 
 404      E6F0F654 
 404      C6B3DB53 
 404      294F
 405 08d0 CFDA572E 		.ascii	"\317\332W.\014\356\303LWM\026\256\301\362\023N\354\274"
 405      0CEEC34C 
 405      574D16AE 
 405      C1F2134E 
 405      ECBC
 406 08e2 D14A9A1F 		.ascii	"\321J\232\037n\037\327\333\336s*\200{9\345~\236\237"
ARM GAS  /tmp/ccvPkb7n.s 			page 32


 406      6E1FD7DB 
 406      DE732A80 
 406      7B39E57E 
 406      9E9F
 407 08f4 CD0C52EE 		.ascii	"\315\014R\356m\233\253\353\235l\257.\216\300GR\016n"
 407      6D9BABEB 
 407      9D6CAF2E 
 407      8EC04752 
 407      0E6E
 408 0906 735A18ED 		.ascii	"sZ\030\355\224\012\027\254Jh!\033H\\S\201\002\357tb"
 408      940A17AC 
 408      4A68211B 
 408      485C5381 
 408      02EF7462 
 409 091a 9F326A1E 		.ascii	"\2372j\036\356Q\3414V\330Z\325\345\376\372a\241\256"
 409      EE51E134 
 409      56D85AD5 
 409      E5FEFA61 
 409      A1AE
 410 092c 946C166F 		.ascii	"\224l\026o%\035\021b\342\303\251\032\272\004Y\201=A"
 410      251D1162 
 410      E2C3A91A 
 410      BA045981 
 410      3D41
 411 093e E6E622D4 		.ascii	"\346\346\"\324\\\340\027\302\333e\376ur\243\217\215"
 411      5CE017C2 
 411      DB65FE75 
 411      72A38F8D 
 412 094e 78EAE230 		.ascii	"x\352\3420\033Ub6\312Y6\322\272\357\015;\333\306k\271"
 412      1B556236 
 412      CA5936D2 
 412      BAEF0D3B 
 412      DBC66BB9 
 413 0962 BF5F2121 		.ascii	"\277_!!TI!$Ttf\317\210\327\021\370\302\271\262\343\252"
 413      54492124 
 413      547466CF 
 413      88D711F8 
 413      C2B9B2E3 
 414 0977 855934DE 		.ascii	"\205Y4\336j\026\357\336\342\246D5\316g!F\235\032Oq\022"
 414      6A16EFDE 
 414      E2A64435 
 414      CE672146 
 414      9D1A4F71 
 415 098c 63ECF30C 		.ascii	"c\354\363\014O+\215Z@p4@\330Sdv\257BM\015\015\260\226"
 415      4F2B8D5A 
 415      40703440 
 415      D8536476 
 415      AF424D0D 
 416 09a3 0638D0B0 		.ascii	"\0068\320\260?[\271\360<\265\014\367?z%\036\216\032"
 416      3F5BB9F0 
 416      3CB50CF7 
 416      3F7A251E 
 416      8E1A
 417 09b5 76C78DCC 		.ascii	"v\307\215\314r\357\320\216S\036\242\345\266W\231erO"
 417      72EFD08E 
 417      531EA2E5 
 417      B6579965 
ARM GAS  /tmp/ccvPkb7n.s 			page 33


 417      724F
 418 09c7 24966137 		.ascii	"$\226a7\220].\353\241\246\216Zn\240\226\323\232;ojp"
 418      905D2EEB 
 418      A1A68E5A 
 418      6EA096D3 
 418      9A3B6F6A 
 419 09dc 2F339333 		.ascii	"/3\2233=\230\342\301\006\212@.Qi\307\333\252\304\257"
 419      3D98E2C1 
 419      068A402E 
 419      5169C7DB 
 419      AAC4AF
 420 09ef 5D02F9BE 		.ascii	"]\002\371\276U\232\227\330(\336\271\310w\225\364\326"
 420      559A97D8 
 420      28DEB9C8 
 420      7795F4D6 
 421 09ff C76D8EAF 		.ascii	"\307m\216\257\360-b\332\257\261\264\227\327m\335\343"
 421      F02D62DA 
 421      AFB1B497 
 421      D76DDDE3 
 422 0a0f 818799A3 		.ascii	"\201\207\231\243\335\337\227=\023ok\245\244|W\330V\204"
 422      DDDF973D 
 422      136F6BA5 
 422      A47C57D8 
 422      5684
 423 0a21 F0086DC4 		.ascii	"\360\010m\304\345\203\243\221*\362\211\305\352np\035"
 423      E583A391 
 423      2AF289C5 
 423      EA6E701D 
 424 0a31 7A9F5D20 		.ascii	"z\237] \332\331q\006u\360^\250\223\267\372\272\362\356"
 424      DAD97106 
 424      75F05EA8 
 424      93B7FABA 
 424      F2EE
 425 0a43 71F1EB0A 		.ascii	"q\361\353\012\331\012Z!\324v\3769_W\256\346\314=\034"
 425      D90A5A21 
 425      D476FE39 
 425      5F57AEE6 
 425      CC3D1C
 426 0a56 295CFA92 		.ascii	")\\\372\222\354%m\366\301\322e\245pW\337\0265~\304\330"
 426      EC256DF6 
 426      C1D265A5 
 426      7057DF16 
 426      357EC4D8 
 427 0a6a 47B46D8B 		.ascii	"G\264m\213w\233c\227\035\352\022\355\330\020${kWB\223"
 427      779B6397 
 427      1DEA12ED 
 427      D810247B 
 427      6B574293 
 428 0a7e 9B652829 		.ascii	"\233e()P7\300\232A\257\211\216\351\0362\224Z\244\241"
 428      5037C09A 
 428      41AF898E 
 428      E91E3294 
 428      5AA4A1
 429 0a91 94957635 		.ascii	"\224\225v5\025C\207\322\265<\011\337\031\256\022\204"
 429      154387D2 
 429      B53C09DF 
 429      19AE1284 
ARM GAS  /tmp/ccvPkb7n.s 			page 34


 430 0aa1 749E8050 		.ascii	"t\236\200P#[$d\252\215t\251@\275\264Ck*\033\223\\\360"
 430      235B2464 
 430      AA8D74A9 
 430      40BDB443 
 430      6B2A1B93 
 431 0ab7 344B6559 		.ascii	"4KeYF\313iW\344\312\276\205l\241_'\"\343g!\363\327\211"
 431      46CB6957 
 431      E4CABE85 
 431      6CA15F27 
 431      22E36721 
 432 0ace 3EB07583 		.ascii	">\260u\203w\345\320M0\326\317\263o!\244\202~\013\231"
 432      77E5D04D 
 432      30D6CFB3 
 432      6F21A482 
 432      7E0B99
 433 0ae1 C5DAE00F 		.ascii	"\305\332\340\017\231\237\225\243\265V\273\330\217VW"
 433      999F95A3 
 433      B556BBD8 
 433      8F5657
 434 0af0 8D01BA8B 		.ascii	"\215\001\272\213\221\007YaR\367\265\250\245\373A\324"
 434      91075961 
 434      52F7B5A8 
 434      A5FB41D4 
 435 0b00 FFFAAA86 		.ascii	"\377\372\252\206\006\351\375 s,Sp\227;\310\261rp\213"
 435      06E9FD20 
 435      732C5370 
 435      973BC8B1 
 435      72708B
 436 0b13 39B8451D 		.ascii	"9\270E\035\374x\266\363\214\325\215\217\254\023\026"
 436      FC78B6F3 
 436      8CD58D8F 
 436      AC1316
 437 0b22 EC6D86BD 		.ascii	"\354m\206\275M\261UE%\2335\0226\312\361\355\020\335"
 437      4DB15545 
 437      259B3512 
 437      36CAF1ED 
 437      10DD
 438 0b34 A1F038A1 		.ascii	"\241\3608\241\244\300\325\021\334\346\206x\227j\014"
 438      A4C0D511 
 438      DCE68678 
 438      976A0C
 439 0b43 6465F463 		.ascii	"de\364c\373\321\332\371\"\213\206h\264\373z\262\323"
 439      FBD1DAF9 
 439      228B8668 
 439      B4FB7AB2 
 439      D3
 440 0b54 35F6AF50 		.ascii	"5\366\257Pv>\230\240a\2524\276\367\301\035\253\333k"
 440      763E98A0 
 440      61AA34BE 
 440      F7C11DAB 
 440      DB6B
 441 0b66 B555D8F7 		.ascii	"\265U\330\367X\330\367(\253\372\312\210479\266\330*"
 441      58D8F728 
 441      ABFACA88 
 441      343739B6 
 441      D82A
 442 0b78 9DF719F6 		.ascii	"\235\367\031\366>\3056\364\347\015[\331\355\266\232"
ARM GAS  /tmp/ccvPkb7n.s 			page 35


 442      3EC536F4 
 442      E70D5BD9 
 442      EDB69A
 443 0b87 09230C3B 		.ascii	"\011#\014;B\261\225m\361;\254\354\366Xqx\300\260\344"
 443      42B1956D 
 443      F13BACEC 
 443      F6587178 
 443      C0B0E4
 444 0b9a A108D485 		.ascii	"\241\010\324\205~\365\306\222%\336\360\377+CH\220\301"
 444      7EF5C692 
 444      25DEF0FF 
 444      2B434890 
 444      C1
 445 0bab E8BDD23F 		.ascii	"\350\275\322?`}\300\332u\336\301\241\336\376:\243wh"
 445      607DC0DA 
 445      75DEC1A1 
 445      DEFE3AA3 
 445      7768
 446 0bbd 889E3CB5 		.ascii	"\210\236<\265\033u\306%z\345\252O\377\262`\345\362\345"
 446      1B75C625 
 446      7AE5AA4F 
 446      FFB260E5 
 446      F2E5
 447 0bcf 9C262078 		.ascii	"\234& xcp\210\211hkM\316\3445\300W\263\352\263\325k"
 447      63708889 
 447      686B4DCE 
 447      E435C057 
 447      B3EAB3D5 
 448 0be4 B59F7FB3 		.ascii	"\265\237\177\263\321\360\221\301O\305\000\001\276\320"
 448      D1F091C1 
 448      4FC50001 
 448      BED0
 449 0bf2 1CECE717 		.ascii	"\034\354\347\027j0i\302\002\202LZ?]\250\351}\255i\311"
 449      6A3069C2 
 449      02824C5A 
 449      3F5DA8E9 
 449      7DAD69C9 
 450 0c06 F35C0604 		.ascii	"\363\\\006\004\351\215a\276\006\263[\177\316i\365\332"
 450      E98D61BE 
 450      06B35B7F 
 450      CE69F5DA 
 451 0c16 1561A10A 		.ascii	"\025a\241\012\275\277.D\031\020\034\030\354k\320\232"
 451      BDBF2E44 
 451      19101C18 
 451      EC6BD09A 
 452 0c26 F00A1F1F 		.ascii	"\360\012\037\037%\261\271\354\035\255I\261b\235\217"
 452      25B1B9EC 
 452      1DAD49B1 
 452      629D8F
 453 0c35 0F5EFB91 		.ascii	"\017^\373\221\017^\015\262\322\347c\2205\2125+\377\354"
 453      0F5E0DB2 
 453      D2E76390 
 453      358A352B 
 453      FFEC
 454 0c47 F381234F 		.ascii	"\363\201#O\372\340\300\300\340 o\303&\223\367\272\317"
 454      FAE0C0C0 
 454      E0206FC3 
ARM GAS  /tmp/ccvPkb7n.s 			page 36


 454      2693F7BA 
 454      CF
 455 0c58 E1FF27CB 		.ascii	"\341\377'\313\336\371\323\322M\233\274CM\201\313\336"
 455      DEF9D3D2 
 455      4D9BBC43 
 455      4D81CBDE 
 456 0c68 F15BFAF6 		.ascii	"\361[\372\366\262M\006\360\354\012q\350|I\030n@E\257"
 456      B24D06F0 
 456      EC0A71E8 
 456      7C49186E 
 456      4045AF
 457 0c7b 331AD7EB 		.ascii	"3\032\327\353\364\0203\3200\006\004\001\015\376]N\251"
 457      F41033D0 
 457      30060401 
 457      0DFE5D4E 
 457      A9
 458 0c8c 0B09FCFA 		.ascii	"\013\011\374\372\275\305\201\234J\017!\0336-\016\\\306"
 458      BDC5819C 
 458      4A0F211B 
 458      362D0E5C 
 458      C6
 459 0c9d A900ED63 		.ascii	"\251\000\355c\320\371\002\3557_8\275\234\032\036\177"
 459      D0F902ED 
 459      375F38BD 
 459      9C1A1E7F 
 460 0cad 0D093019 		.ascii	"\015\0110\031@\215\370[g0\301\333'\020\357lV\372L\347"
 460      408DF85B 
 460      6730C1DB 
 460      2710EF6C 
 460      56FA4CE7 
 461 0cc1 BB52E4B0 		.ascii	"\273R\344\260z\016\253Z\0034\314u\256z\377u\337\204"
 461      7A0EAB5A 
 461      0334CC75 
 461      AE7AFF75 
 461      DF84
 462 0cd3 7EAC339A 		.ascii	"~\2543\232\026;\362\032b2'X\357o\320\205\030\277\201"
 462      163BF21A 
 462      62322758 
 462      EF6FD085 
 462      18BF81
 463 0ce6 306769B5 		.ascii	"0gi\265\353\303\002\214\246\200 \255a\323F\203\336\344"
 463      EBC3028C 
 463      A68020AD 
 463      61D34683 
 463      DEE4
 464 0cf8 A40F0E0A 		.ascii	"\244\017\016\0125)\214\006\235\237KP\260\311?$\370\337"
 464      35298C06 
 464      9D9F4B50 
 464      B0C93F24 
 464      F8DF
 465 0d0a 2F11925A 		.ascii	"/\021\222Z\243\321W\013\275\271!$8l#\351\210?</:2\004"
 465      A3D1570B 
 465      BDB92124 
 465      386C23E9 
 465      883F3C2F 
 466 0d21 42596EBD 		.ascii	"BYn\275\327\254\371\310\233\214\220\257\227J\001\023"
 466      D7ACF9C8 
ARM GAS  /tmp/ccvPkb7n.s 			page 37


 466      9B8C90AF 
 466      974A0113 
 467 0d31 5BE05B6D 		.ascii	"[\340[mI\025\347\246\325\372\205\005\351\265\332%\357"
 467      4915E7A6 
 467      D5FA8505 
 467      E9B5DA25 
 467      EF
 468 0d42 FDFAED77 		.ascii	"\375\372\355w\225RI#\313\2135f\271\273U\232\254\032"
 468      95524923 
 468      CB8B3566 
 468      B9BB559A 
 468      AC1A
 469 0d54 97FE4A4D 		.ascii	"\227\376JM\335\030\2766\004\231By\375z\254\013\331@"
 469      DD18BE36 
 469      04994279 
 469      FD7AAC0B 
 469      D940
 470 0d66 3A865668 		.ascii	":\206VhMN\332\025\301\301\306\377\002n\013\3028"
 470      4D4EDA15 
 470      C1C1C6FF 
 470      026E0BC2 
 470      38
 471              		.text
 472              		.section	.gnu.lto_.symtab.85e100f2d08c5d8c,"e",%progbits
 473 0000 70616C52 		.ascii	"palReadBus\000"
 473      65616442 
 473      757300
 474 000b 00       		.ascii	"\000"
 475 000c 00       		.ascii	"\000"
 476 000d 00       		.ascii	"\000"
 477 000e 00000000 		.ascii	"\000\000\000\000\000\000\000\000"
 477      00000000 
 478 0016 12010000 		.ascii	"\022\001\000\000"
 479 001a 70616C57 		.ascii	"palWriteBus\000"
 479      72697465 
 479      42757300 
 480 0026 00       		.ascii	"\000"
 481 0027 00       		.ascii	"\000"
 482 0028 00       		.ascii	"\000"
 483 0029 00000000 		.ascii	"\000\000\000\000\000\000\000\000"
 483      00000000 
 484 0031 17010000 		.ascii	"\027\001\000\000"
 485 0035 70616C53 		.ascii	"palSetBusMode\000"
 485      65744275 
 485      734D6F64 
 485      6500
 486 0043 00       		.ascii	"\000"
 487 0044 00       		.ascii	"\000"
 488 0045 00       		.ascii	"\000"
 489 0046 00000000 		.ascii	"\000\000\000\000\000\000\000\000"
 489      00000000 
 490 004e 1C010000 		.ascii	"\034\001\000\000"
 491 0052 70616C53 		.ascii	"palSetPadCallbackI\000"
 491      65745061 
 491      6443616C 
 491      6C626163 
 491      6B4900
ARM GAS  /tmp/ccvPkb7n.s 			page 38


 492 0065 00       		.ascii	"\000"
 493 0066 00       		.ascii	"\000"
 494 0067 00       		.ascii	"\000"
 495 0068 00000000 		.ascii	"\000\000\000\000\000\000\000\000"
 495      00000000 
 496 0070 23010000 		.ascii	"#\001\000\000"
 497 0074 70616C53 		.ascii	"palSetLineCallbackI\000"
 497      65744C69 
 497      6E654361 
 497      6C6C6261 
 497      636B4900 
 498 0088 00       		.ascii	"\000"
 499 0089 00       		.ascii	"\000"
 500 008a 00       		.ascii	"\000"
 501 008b 00000000 		.ascii	"\000\000\000\000\000\000\000\000"
 501      00000000 
 502 0093 29010000 		.ascii	")\001\000\000"
 503 0097 5F70616C 		.ascii	"_pal_events\000"
 503      5F657665 
 503      6E747300 
 504 00a3 00       		.ascii	"\000"
 505 00a4 02       		.ascii	"\002"
 506 00a5 00       		.ascii	"\000"
 507 00a6 00000000 		.ascii	"\000\000\000\000\000\000\000\000"
 507      00000000 
 508 00ae 61010000 		.ascii	"a\001\000\000"
 509 00b2 63685379 		.ascii	"chSysHalt\000"
 509      7348616C 
 509      7400
 510 00bc 00       		.ascii	"\000"
 511 00bd 02       		.ascii	"\002"
 512 00be 00       		.ascii	"\000"
 513 00bf 00000000 		.ascii	"\000\000\000\000\000\000\000\000"
 513      00000000 
 514 00c7 2E010000 		.ascii	".\001\000\000"
 515 00cb 5F70616C 		.ascii	"_pal_lld_setgroupmode\000"
 515      5F6C6C64 
 515      5F736574 
 515      67726F75 
 515      706D6F64 
 516 00e1 00       		.ascii	"\000"
 517 00e2 02       		.ascii	"\002"
 518 00e3 00       		.ascii	"\000"
 519 00e4 00000000 		.ascii	"\000\000\000\000\000\000\000\000"
 519      00000000 
 520 00ec 3F010000 		.ascii	"?\001\000\000"
 521              		.text
 522              		.section	.gnu.lto_.opts,"e",%progbits
 523 0000 272D666E 		.ascii	"'-fno-openmp' '-fno-openacc' '-fno-pie' '-mcpu=cort"
 523      6F2D6F70 
 523      656E6D70 
 523      2720272D 
 523      666E6F2D 
 524 0033 65782D6D 		.ascii	"ex-m3' '-mthumb' '-mfloat-abi=soft' '-march=armv7-m"
 524      33272027 
 524      2D6D7468 
 524      756D6227 
ARM GAS  /tmp/ccvPkb7n.s 			page 39


 524      20272D6D 
 525 0066 2720272D 		.ascii	"' '-O2' '-fstack-usage' '-ffunction-sections' '-fda"
 525      4F322720 
 525      272D6673 
 525      7461636B 
 525      2D757361 
 526 0099 74612D73 		.ascii	"ta-sections' '-fno-common' '-flto' '-fshort-enums'\000"
 526      65637469 
 526      6F6E7327 
 526      20272D66 
 526      6E6F2D63 
 527              		.text
 528              		.comm	__gnu_lto_v1,1,1
 529              		.comm	__gnu_lto_slim,1,1
 530              		.ident	"GCC: (GNU Arm Embedded Toolchain 9-2020-q2-update) 9.3.1 20200408 (release)"
ARM GAS  /tmp/ccvPkb7n.s 			page 40


DEFINED SYMBOLS
                            *ABS*:0000000000000000 hal_pal.c
                            *COM*:0000000000000001 __gnu_lto_v1
                            *COM*:0000000000000001 __gnu_lto_slim

NO UNDEFINED SYMBOLS
