ARM GAS  /tmp/ccYXlTQb.s 			page 1


   1              		.cpu cortex-m3
   2              		.eabi_attribute 20, 1
   3              		.eabi_attribute 21, 1
   4              		.eabi_attribute 23, 3
   5              		.eabi_attribute 24, 1
   6              		.eabi_attribute 25, 1
   7              		.eabi_attribute 26, 1
   8              		.eabi_attribute 30, 2
   9              		.eabi_attribute 34, 1
  10              		.eabi_attribute 18, 4
  11              		.file	"chrfcu.c"
  12              		.section	.gnu.lto_.profile.b2fd8d2137516dd6,"e",%progbits
  13 0000 789CE360 		.ascii	"x\234\343``\004B \000\000\000]\000\013"
  13      60044220 
  13      0000005D 
  13      000B
  14              		.text
  15              		.section	.gnu.lto_.icf.b2fd8d2137516dd6,"e",%progbits
  16 0000 789CE360 		.ascii	"x\234\343``d\340c@\000&\206\231K\346~eg\232<\367\347"
  16      6064E063 
  16      40002686 
  16      994BE67E 
  16      65679A3C 
  17 0016 6A360600 		.ascii	"j6\006\000,c\005\314"
  17      2C6305CC 
  18              		.text
  19              		.section	.gnu.lto_.jmpfuncs.b2fd8d2137516dd6,"e",%progbits
  20 0000 789CE360 		.ascii	"x\234\343``d\020b@\000&\006FF\306\372\371\314\014LP"
  20      60641062 
  20      40002606 
  20      4646C6FA 
  20      F9CC0C4C 
  21 0015 9A010016 		.ascii	"\232\001\000\026\356\002h"
  21      EE0268
  22              		.text
  23              		.section	.gnu.lto_.inline.b2fd8d2137516dd6,"e",%progbits
  24 0000 789CE360 		.ascii	"x\234\343``d\360`@\000&\006\006\266\206\206\206\003"
  24      6064F060 
  24      40002606 
  24      06B68686 
  24      8603
  25 0012 4CA98C0C 		.ascii	"L\251\214\014L V\003s\012D\250\201)\205\011$\015R\303"
  25      4C205603 
  25      730A44A8 
  25      81298509 
  25      240D52C3 
  26 0026 0152C20C 		.ascii	"\001R\302\014R\302\005Q\214\256\204\001\000o\207\017"
  26      52C20551 
  26      8CAE8401 
  26      006F870F 
  27 0036 B7       		.ascii	"\267"
  28              		.text
  29              		.section	.gnu.lto_.pureconst.b2fd8d2137516dd6,"e",%progbits
  30 0000 789CE360 		.ascii	"x\234\343``d`g```b\230\301\3024\203\005\000\0051\001"
  30      60646067 
  30      60606062 
  30      98C1C234 
ARM GAS  /tmp/ccYXlTQb.s 			page 2


  30      83050005 
  31 0016 4D       		.ascii	"M"
  32              		.text
  33              		.section	.gnu.lto_chRFCUCollectFaultsI.b2fd8d2137516dd6,"e",%progbits
  34 0000 789C8D91 		.ascii	"x\234\215\221\317K\033A\024\307\337w\336\272nE\377\000"
  34      CF4B1B41 
  34      14C7DF77 
  34      DEBA6E45 
  34      FF00
  35 0012 11C143C1 		.ascii	"\021\301C\301\212\220\315\237 \010^=x/\264\301b\260"
  35      8A90CD9F 
  35      20085E3D 
  35      782FB4C1 
  35      62B0
  36 0024 B690D8B3 		.ascii	"\266\220\330\263\2235\020\243bA*Z$D\260\251\361d\204"
  36      933510A3 
  36      62412A5A 
  36      2444B0A9 
  36      F16484
  37 0037 82348DBA 		.ascii	"\2024\215\272\376\250\332\322C\361\320C\205\034<\224"
  37      FEA8DAD2 
  37      43F1D043 
  37      851C3C94 
  38 0047 2AA2D71C 		.ascii	"*\242\327\034\304\355\233\215\350I\350\262\263\314\367"
  38      C4ED9B8D 
  38      E849E8B2 
  38      B3CCF7
  39 0056 3BF3DEF7 		.ascii	";\363\336\367\2633\016\201\002\020\271D\324.\003LPZ"
  39      B3330E81 
  39      0210B944 
  39      D42E034C 
  39      505A
  40 0068 EB9EC694 		.ascii	"\353\236\306\224\243\200p\246\035\320\230\302\030\336"
  40      A38070A6 
  40      1DD098C2 
  40      18DE
  41 0076 F23C6337 		.ascii	"\362<c7\363\347\263\352Z\221\025\355\317\327Zu\321G"
  41      F3E7B3EA 
  41      5A9115ED 
  41      CFD75A75 
  41      D147
  42 0088 9E89DECB 		.ascii	"\236\211\336\313\250?(\243K\366U\275\\\255y\206\363"
  42      A83F28A3 
  42      4BF655BD 
  42      5CAD7986 
  42      F3
  43 0099 0C5822DF 		.ascii	"\014X\"\337}\377\364\255\311H\205\016\221\301\307R\326"
  43      7DFFF4AD 
  43      C948850E 
  43      91C1C752 
  43      D6
  44 00aa E16E90CC 		.ascii	"\341n\220\314\263\247\2253\325Y\320\332\323\376\365"
  44      B3A79533 
  44      D559D0DA 
  44      D3FEF5
  45 00b9 07D68FF3 		.ascii	"\007\326\217\363\314\330\004KKT\320\206/h#\022OZo\241"
  45      CCD8044B 
ARM GAS  /tmp/ccYXlTQb.s 			page 3


  45      4B54D086 
  45      2F682312 
  45      4F5A6FA1 
  46 00cd 934CC9E9 		.ascii	"\223L\311\351\372\315\\\213m\335\246b\033\266\374\007"
  46      FACD5C8B 
  46      6DDDA662 
  46      1BB6FC07 
  47 00dd D1DA7183 		.ascii	"\321\332q\203\257o\202\214\366/\012X\354\263!e\2262"
  47      AF6F828C 
  47      F62F0A58 
  47      ECB32165 
  47      9632
  48 00ef 1F0BF5DA 		.ascii	"\037\013\365\332)&CnA\373D\323\254\352\"%\342\034^\345"
  48      2926436E 
  48      41FB44D3 
  48      ACEA2225 
  48      E21C5EE5 
  49 0103 2C786A7A 		.ascii	",xjz\345\030\22213~Uu\014qCH\231+\376\010\036\245\341"
  49      E5189231 
  49      337E5575 
  49      0C714348 
  49      992BFE08 
  50 011a A51C7196 		.ascii	"\245\034q\226M\256\230\277N\016~\242\200e9\002\033;"
  50      4DAE98BF 
  50      4E0E7EA2 
  50      80653902 
  50      1B3B
  51 012c 4803BE81 		.ascii	"H\003\276\201\225\225\362\354D\311\216F\362\334\210"
  51      9595F2EC 
  51      44C98E46 
  51      F2DC88
  52 013b 5DD9B110 		.ascii	"]\331\261\020\202\212\237\376\273\372\273\311\370\214"
  52      828A9FFE 
  52      BBFABBC9 
  52      F88C
  53 0149 3D4417D8 		.ascii	"=D\027\330`c\037Q\311\037\237\315\240\036\257\204 \307"
  53      60631F51 
  53      C91F9FCD 
  53      A01EAF84 
  53      20C7
  54 015b 9661AA4E 		.ascii	"\226a\252N\206\336\177\001|}\000\340\340\001\200\303"
  54      86DE7F01 
  54      7C7D00E0 
  54      E00180C3 
  55 016b 3B802344 		.ascii	";\200#D%\225.\341-mL\207\201\341UN1\356O\213\350I$\342"
  55      25952EE1 
  55      2D6D4C87 
  55      81E1554E 
  55      31EE4F8B 
  56 0183 CA3B3C98 		.ascii	"\312;<\230x5\370\322\355\035\212?\217\367\017\270\257"
  56      7835F8D2 
  56      ED1D8A3F 
  56      8FF70FB8 
  56      AF
  57 0194 936E62D4 		.ascii	"\223nb\324M&bnl(\361\"\366&\022#k\344Yr\370\037\256"
  57      4D26626E 
  57      6C28F122 
ARM GAS  /tmp/ccYXlTQb.s 			page 4


  57      F6261223 
  57      6BE45972 
  58 01ab 45AB50   		.ascii	"E\253P"
  59              		.text
  60              		.section	.gnu.lto_chRFCUGetAndClearFaultsI.b2fd8d2137516dd6,"e",%progbits
  61 0000 789C8D90 		.ascii	"x\234\215\220Mk\023Q\024\206\317;g2N\203.\\jQ\\Xj\021"
  61      4D6B1351 
  61      1486CF3B 
  61      67324E83 
  61      2E5C6A51 
  62 0018 66E23F10 		.ascii	"f\342?\020\374\001.\\\271\324Pi\255UHt\335\233\017H"
  62      FC012E5C 
  62      B9D45069 
  62      AD554874 
  62      DD9B0F48 
  63 002c 6BB58552 		.ascii	"k\265\205Rm\024b\252\241\325.\324\012\021\261\306\032"
  63      6D1462AA 
  63      A1D52ED4 
  63      0A11B1C6 
  63      1A
  64 003d 3F1ADBA2 		.ascii	"?\032\333\242PD\272P\210\220\225\025?\226v\225x\316"
  64      5044BA50 
  64      88909515 
  64      3F967695 
  64      78CE
  65 004f 4C50B41B 		.ascii	"LP\264\033/3\227{\316}\337s\236{\\\002\215[D\207\210"
  65      2F33977B 
  65      CE7DDF73 
  65      9E7B5C02 
  65      8D5B4487 
  66 0064 688FFC60 		.ascii	"h\217\374`\202e\2149\274-\345Z@p2.h\310\302\020\306"
  66      82658C39 
  66      BC2DE55A 
  66      4070322E 
  66      68C8C210 
  67 0079 798A514F 		.ascii	"y\212QO\0276\267\217qQ\204\266\204\223\253\345\225\250"
  67      1736B78F 
  67      715184B6 
  67      8493ABE5 
  67      95A8
  68 008b 86C03E09 		.ascii	"\206\300>\011\263\3537\036\333=\267\215I\233\352\324"
  68      B3EB371E 
  68      DB3DB78D 
  68      499BEAD4 
  69 009b A25328AF 		.ascii	"\242S(\257\231\216\"[tM\344O\320\211\005t\222.T\320"
  69      998E225B 
  69      744DE44F 
  69      D0890574 
  69      922E54D0 
  70 00af 23F2D6EC 		.ascii	"#\362\326\354\374\210\313\007Ar\036iT6\254\356\231\300"
  70      FC88CB07 
  70      41721E69 
  70      5436ACEE 
  70      99C0
  71 00c1 FA7E96CD 		.ascii	"\372~\226\315~\361\341)\370/\253\326\",\242\233\324"
  71      7EF1E129 
  71      F82FABD6 
ARM GAS  /tmp/ccYXlTQb.s 			page 5


  71      222CA29B 
  71      D4
  72 00d2 B2D47C34 		.ascii	"\262\324|4ls,\260\277\375\332H9]\245\300^\273\276\367"
  72      6C732CB0 
  72      BFFDDA48 
  72      395DA5C0 
  72      5EBBBEF7 
  73 00e6 66C62C1B 		.ascii	"f\306,\033[K<\373\247\204.\3217\0364\257\354plT\321"
  73      5B4B3CFB 
  73      A7842ED1 
  73      371E34AF 
  73      EC706C54 
  74 00fb A574CAF4 		.ascii	"\245t\312\364\034\216\214\203\240\271\373\357\"U\323"
  74      1C8E8C83 
  74      A0B9FBEF 
  74      2255D3
  75 010a 6CE54CB5 		.ascii	"l\345L\265\271k\263\374i\247\314\240\310\322\\6\326"
  75      B96BB3FC 
  75      69A7CCA0 
  75      C8D25C36 
  75      D6
  76 011b 2D02A510 		.ascii	"-\002\245\020\275\372i\224IFel\230*\321%\266\302 %\301"
  76      BDFA6994 
  76      4946656C 
  76      982AD125 
  76      B6C22025 
  77 0130 17A42B1B 		.ascii	"\027\244+\033w3Q-^`H\343\261\314\217\272\253\023\263"
  77      7733512D 
  77      5E6048E3 
  77      B1CC8FBA 
  77      AB13B3
  78 0143 03EEC29D 		.ascii	"\003\356\302\2357\255\216,\322)W2%\016\341\326?\326"
  78      37AD8E2C 
  78      D2295732 
  78      250EE1D6 
  78      3FD6
  79 0155 D6308312 		.ascii	"\3260\203\022\212\322\350%\262\300\013E\227\233\205"
  79      8AD2E825 
  79      B2C00B45 
  79      979B85
  80 0164 89E17927 		.ascii	"\211\341y'vO\033L\237.\262\203W\242\313s\373Q\331\317"
  80      764F1B4C 
  80      9F2EB283 
  80      57A2CB73 
  80      FB51D9CF 
  81 0178 731FA2ED 		.ascii	"s\037\242\355\333[\320\327/!\226g\350\353j\210\011M"
  81      DB5BD0D7 
  81      2F219667 
  81      E8EB6A88 
  81      094D
  82 018a E66AEE78 		.ascii	"\346j\356x\310\2428\005\216(a>\367\355a\031a\332\222"
  82      C8A23805 
  82      8E28613E 
  82      F7ED6119 
  82      61DA92
  83 019d 9B503717 		.ascii	"\233P7\027\0113\034\010-\025\326/\006\252\377\302~\275"
  83      09331C08 
ARM GAS  /tmp/ccYXlTQb.s 			page 6


  83      2D15D62F 
  83      06AAFFC2 
  83      7EBD
  84 01af 15DB53E0 		.ascii	"\025\333S\340\345\255\300\236\222\256\374&]EL\272\322"
  84      E5ADC09E 
  84      92AEFC26 
  84      5D454CBA 
  84      D2
  85 01c0 77A4A77F 		.ascii	"w\244\247\177^\336\335\246U\303(\343\317\230\211\016"
  85      5EDEDDA6 
  85      55C328E3 
  85      CF98890E 
  86 01d0 789E2FDF 		.ascii	"x\236/\337@o\342l\357\031\377H_\377\311\376\243\307"
  86      406FE26C 
  86      EF19FF48 
  86      5FFFC9FE 
  86      A3C7
  87 01e2 FC73493F 		.ascii	"\374sI?q\336O&\342~\274/q*~\301\213\223=x\"9\200\301"
  87      71DE4F26 
  87      E27EBC2F 
  87      712A7EC1 
  87      8B933D78 
  88 01fa 5F13CBDA 		.ascii	"_\023\313\332x"
  88      78
  89              		.text
  90              		.section	.gnu.lto_.symbol_nodes.b2fd8d2137516dd6,"e",%progbits
  91 0000 789CE360 		.ascii	"x\234\343``dp`\000\002\246\203\214\365\014\015@\300"
  91      60647060 
  91      0002A683 
  91      8CF50C0D 
  91      40C0
  92 0012 C238E11C 		.ascii	"\3028\341\034\003C=\003\303\256\006G\240$\020\260\036"
  92      03433D03 
  92      C3AE0647 
  92      A02410B0 
  92      1E
  93 0023 66645000 		.ascii	"fdP\000)9\304X\317\210]\011\003\000\011\357\016w"
  93      2939C458 
  93      CF885D09 
  93      030009EF 
  93      0E77
  94              		.text
  95              		.section	.gnu.lto_.refs.b2fd8d2137516dd6,"e",%progbits
  96 0000 789CE360 		.ascii	"x\234\343``d\020d```b``\004\002f&&0\315\312\000\000"
  96      60641064 
  96      60606062 
  96      60600402 
  96      66262630 
  97 0018 030D0031 		.ascii	"\003\015\0001"
  98              		.text
  99              		.section	.gnu.lto_.decls.b2fd8d2137516dd6,"e",%progbits
 100 0000 789CB55A 		.ascii	"x\234\265ZkP\024Y\226\256\233\267^\024\005\314\200="
 100      6B501459 
 100      96AE9BB7 
 100      5E1405CC 
 100      803D
 101 0012 EDB6131B 		.ascii	"\355\266\023\033\275\023L\2671\273\3358\321\033;\323"
ARM GAS  /tmp/ccYXlTQb.s 			page 7


 101      BD134CB7 
 101      31BBDD38 
 101      D11B3BD3 
 102 0022 1BB31B31 		.ascii	"\033\263\0331\321\273\363\210\215\336\215\230\215\236"
 102      D1BBF388 
 102      8DDE8D98 
 102      8D9E
 103 0030 D89E9888 		.ascii	"\330\236\230\210\032,\252\245\246)`\252\022\037\177"
 103      1A2CAAA5 
 103      A62960AA 
 103      121F7F
 104 003f B6130A1F 		.ascii	"\266\023\012\037\010\"\012*\0104\210(\370\340%(\312"
 104      08220A2A 
 104      08348828 
 104      F8E02528 
 104      CA
 105 0050 430151E4 		.ascii	"C\001Q\344\215\200\250\240\274\025A\024EE@\204=7\357"
 105      8D80A8A0 
 105      BC154114 
 105      45454084 
 105      3D37EF
 106 0063 2DC822B3 		.ascii	"-\310\"\263l\347\307\226}\252\362d~\347q\317=\347\336"
 106      6CE7C796 
 106      7DAAF264 
 106      7EE771CF 
 106      3DE7DE
 107 0076 7393D6AB 		.ascii	"s\223\326\253\220\352\335\017T\252I\215J\325\241R\251"
 107      90EADD0F 
 107      54AA498D 
 107      4AD5A152 
 107      A9
 108 0087 96E083E1 		.ascii	"\226\340\203\341\367:\020\002\252U\321\017\007\324\010"
 108      F73A1002 
 108      AA55D10F 
 108      07D408
 109 0096 D4CAEE3F 		.ascii	"\324\312\356?@*\267O2\360z\370\015\005\362\007Z\303"
 109      402AB74F 
 109      32F07AF8 
 109      0D05F207 
 109      5AC3
 110 00a8 643F041A 		.ascii	"d?\004\032\207gc@9\210\352\031\204\337,D\3654z\320\227"
 110      87676340 
 110      3988EA19 
 110      84DF2C44 
 110      F5347AD0 
 111 00bd 0EBCEEAF 		.ascii	"\016\274\356\257\324\345\311\267C\030U\355x}Q\227\210"
 111      D4E5C9B7 
 111      431855ED 
 111      787D5197 
 111      88
 112 00ce D1870644 		.ascii	"\321\207\006DF\350\007\267\032\246\036u#z\213 \322\027"
 112      46E807B7 
 112      1AA61E75 
 112      237A8B20 
 112      D217
 113 00e0 33F210E6 		.ascii	"3\362\020\346\304\353\376\033\316\021\034T \320\217"
 113      C4EBFE1B 
ARM GAS  /tmp/ccYXlTQb.s 			page 8


 113      CE111C54 
 113      20D08F
 114 00ef FE0F2A54 		.ascii	"\376\017*T\205\360\212\262\333\311\215\327\275\361'"
 114      85F08AB2 
 114      DBC98DD7 
 114      BDF127
 115 00fe 141A9339 		.ascii	"\024\032\2239k\004-\376\006\244\0066\245\251\254\321"
 115      6B042DFE 
 115      06A40636 
 115      A5A9ACD1 
 116 010e 00EC1A03 		.ascii	"\000\354\032\003z\237\230}x\340\261\306\260K\020b\204"
 116      7A9F987D 
 116      78E0B1C6 
 116      B04B1062 
 116      84
 117 011f 6CA7E0F5 		.ascii	"l\247\340\365\033\025\252A\353\320%\264N\205.\"\321"
 117      1B15AA41 
 117      EBD025B4 
 117      4E852E22 
 117      D1
 118 0130 74350A42 		.ascii	"t5\012B\225p\257\202\334\253E\006\020:rw\360\222\327"
 118      9570AF82 
 118      DCAB4506 
 118      103A7277 
 118      F092D7
 119 0143 101A4064 		.ascii	"\020\032@d|\010}\203T\344\037\371\022\307%\376\"rMh"
 119      7C087D83 
 119      54E41FF9 
 119      12C725FE 
 119      22724D68 
 120 0157 C9F541E4 		.ascii	"\311\365A\344\303p*\026\020\327=\372\343\372\242\367"
 120      C3702A16 
 120      10D73DFA 
 120      E3FAA2F7 
 121 0167 38A68563 		.ascii	"8\246\205c\343BT\206j\027Y\211j\372\034\261\347.%T\200"
 121      E3425486 
 121      6A175989 
 121      6AFA1CB1 
 121      E72E2554 
 122 017c 7AB522C8 		.ascii	"z\265\"\310nq\314\234T\002\311<^Q\250ZV\352\372\240"
 122      6E71CC9C 
 122      5402C93C 
 122      5E51A85A 
 122      56EAFAA0 
 123 0190 E5807FFB 		.ascii	"\345\200\177\373zO\226\3570\032\214\206\331\310.\231"
 123      7A4F96EF 
 123      301A8C86 
 123      D9C82E99 
 124 01a0 34AAD03B 		.ascii	"4\252\320;I\357\253\304\370\237O\214\317\327\340\337"
 124      49EFABC4 
 124      F89F4F8C 
 124      CFD7E0DF 
 125 01b0 8BD70B77 		.ascii	"\213\327\013w\204\373F5\014\210\004\022E\251\311\275"
 125      84FB4635 
 125      0C880412 
 125      45A9C9BD 
 126 01c0 1D57922A 		.ascii	"\035W\222*}\350\374p$\2667:b\020\235\237\357\001\273"
ARM GAS  /tmp/ccYXlTQb.s 			page 9


 126      7DE8FC70 
 126      24B6373A 
 126      62109D9F 
 126      EF01BB
 127 01d3 7DA171DC 		.ascii	"}\241q\334\367\335\003d\226\223\234\302\3678\024\372"
 127      F7DD0364 
 127      96939CC2 
 127      F73814FA 
 128 01e3 03D400B3 		.ascii	"\003\324\000\263q\025fC\205\256\241wU\350\012RS'\306"
 128      71156643 
 128      85AEA177 
 128      55E80A52 
 128      5327C6
 129 01f6 A6F3CBB8 		.ascii	"\246\363\313\270\037e\013\203\203B\315@\346\206\261"
 129      1F650B83 
 129      8342CD40 
 129      E686B1
 130 0205 3241D80E 		.ascii	"2A\330\016rj\002C\3650\2330\225\242\333p\255B\227\321"
 130      726A0243 
 130      F5309B30 
 130      95A2DB70 
 130      AD4297D1 
 131 0219 30427568 		.ascii	"0Buh\210\214\260\021\375\010\344_\306\225vc\234\202"
 131      888CB011 
 131      FD08E45F 
 131      C6957663 
 131      9C82
 132 022b 3CBA7AB3 		.ascii	"<\272z\263\"3\315(u\206<Z\361\246\205x\323\354\362\246"
 132      2233CD28 
 132      75863C5A 
 132      F1A68578 
 132      D3ECF2A6 
 133 023f 3CE9D217 		.ascii	"<\351\322\027\314\231\305\264\367\2168\205|\020{\237"
 133      CC99C5B4 
 133      F78E3885 
 133      7C107B9F 
 134 024f 805093C4 		.ascii	"\200P\223\304\227\246\325\276\264\212\276\014\013\211"
 134      97A6D5BE 
 134      B48ABE0C 
 134      0B89
 135 025d 35465C40 		.ascii	"5F\\@}iY\250\275\310Rx\020\001\177p\274\251\326\233"
 135      7D6959A8 
 135      BDC85278 
 135      10017F70 
 135      BCA9D69B 
 136 0271 C648F025 		.ascii	"\306H\360%A\352\031\330\341E\237\347\223\347\327\223"
 136      41EA19D8 
 136      E1459FE7 
 136      93E7D793 
 137 0281 7B0718FF 		.ascii	"{\007\030\377s`;\216\246\354\324Qx\015\006~|2\353\256"
 137      73603B8E 
 137      A6ECD451 
 137      780D067E 
 137      7C32EBAE 
 138 0295 2F7D9C4A 		.ascii	"/}\234J\340'^$\246\033(o\004\266\342Fs\216/\205\017"
 138      E0275E24 
 138      A61B286F 
ARM GAS  /tmp/ccYXlTQb.s 			page 10


 138      04B6E246 
 138      738E2F85 
 139 02aa 12EB5343 		.ascii	"\022\353SC\316\\?\\B]\271\264t\360\222\232b\365\300"
 139      CE5C3F5C 
 139      425DB9B4 
 139      74F0929A 
 139      62F5C0
 140 02bd BEAE486F 		.ascii	"\276\256Ho1\340\263\364\331\213\332\214\016\362LKKX"
 140      31E0B3F4 
 140      D98BDA8C 
 140      0EF24C4B 
 140      4B58
 141 02cf 07B77A0E 		.ascii	"\007\267z\0165\374\214\336!A\333\012w\206\204WiF\\M"
 141      35FC8CDE 
 141      2141DB0A 
 141      77868457 
 141      69465C4D 
 142 02e3 259E9616 		.ascii	"%\236\226\026\236\364%\325'\310\252\357\016\022\305"
 142      9EF425D5 
 142      27C8AAEF 
 142      0E12C5
 143 02f2 48F5F5C1 		.ascii	"H\365\365\301\275^\270\007\002\305I\321\321\030_\246"
 143      BD5EB807 
 143      02C549D1 
 143      D1185FA6 
 144 0302 D23766AB 		.ascii	"\3227f\253\347\215\270Udp\364\356\371\333\030\031\326"
 144      E78DB855 
 144      6470F4EE 
 144      F9DB1819 
 144      D6
 145 0313 210023B1 		.ascii	"!\000#\261\236\205\243\002^\253B\237\254C\033@\337\000"
 145      9E85A302 
 145      5EAB429F 
 145      AC431B40 
 145      DF00
 146 0325 E81B4406 		.ascii	"\350\033D\006\025\004y\035D{\235*M\320\2137\322\004"
 146      1504791D 
 146      447B9D2A 
 146      4DD08B37 
 146      D204
 147 0337 403FF946 		.ascii	"@?\371F\274\006\245\273F_T{\033\230\202\3307)\000\360"
 147      BC06A5BB 
 147      465F547B 
 147      1B9882D8 
 147      372900F0 
 148 034b E0E3BA24 		.ascii	"\340\343\272$l\334\275\274z\240\021H\010\327\020Th\024"
 148      6CDCBDBC 
 148      7AA01148 
 148      08D71054 
 148      6814
 149 035d 19692EF4 		.ascii	"\031i.\364^(\377w\002s\276\031\226\335\274\253\315\013"
 149      5E28FF77 
 149      0273BE19 
 149      96DDBCAB 
 149      CD0B
 150 036f 77B2493F 		.ascii	"w\262I?2\267\327\017\017\213\214zr\250:Q\217\002\003"
 150      32B7D70F 
ARM GAS  /tmp/ccYXlTQb.s 			page 11


 150      0F8B8C7A 
 150      72A83A51 
 150      8F0203
 151 0382 03037248 		.ascii	"\003\003rH\260j\356V\007\036u\012\327\376\204\356\202"
 151      B06AEE56 
 151      071E750A 
 151      D7FE84EE 
 151      82
 152 0393 A631F0EC 		.ascii	"\2461\360\354!\012\220h\274%~\377\024\276(\274\367o"
 152      210A9068 
 152      BC257EFF 
 152      14BE28BC 
 152      F76F
 153 03a5 0E0B35B1 		.ascii	"\016\0135\261Z\021}[\206\016\"_5HD\307:\205\232\231"
 153      5A117D5B 
 153      860E225F 
 153      354844C7 
 153      3A859A99 
 154 03b9 D4B5B9A2 		.ascii	"\324\265\271\242\362{\310\210\372\225\341D\367>\261"
 154      F27BC888 
 154      FA95E144 
 154      F73EB1
 155 03c8 108020E5 		.ascii	"\020\200 \345Q\017<\277A&\356>\023 37\201\002\3218\320"
 155      510F3CBF 
 155      4126EE3E 
 155      13203337 
 155      8102D138 
 156 03dd 0314C816 		.ascii	"\003\024\310\026\212\241\270\027Ej\234FW\361\256\227"
 156      8AA1B817 
 156      456A9C46 
 156      57F1AE97 
 157 03ed 15858600 		.ascii	"\025\205\206\000e5\223oT\343\312Q\177\226\243\327\313"
 157      6535936F 
 157      54E3CA51 
 157      7F96A3D7 
 157      CB
 158 03fe AA52F4AC 		.ascii	"\252R\364\254\"\264\244B\356\267N{\341|j\2469\275#\232"
 158      22B4A442 
 158      EEB74E7B 
 158      E17C6AA6 
 158      39BD239A 
 159 0412 E5F735C2 		.ascii	"\345\3675\302\027\234KH\327Q~-\260M\035\323O\214\254"
 159      179C4B48 
 159      D7517E2D 
 159      B04D1DD3 
 159      4F8CAC
 160 0425 3C48391C 		.ascii	"<H9\0348Y\273\300\252\255\206\300\273;\372\217a\\Ju"
 160      3859BBC0 
 160      AAAD86C0 
 160      BB3BFA8F 
 160      615C4A75 
 161 0439 0929AFB2 		.ascii	"\011)\257\262|p\025e\316\275\034\352\365R\336<f\344"
 161      7C701565 
 161      CEBD1CEA 
 161      F552DE3C 
 161      66E4
 162 044b 9B0708DC 		.ascii	"\233\007\010\334)\335sY\217\353\251\364\302\261\366"
ARM GAS  /tmp/ccYXlTQb.s 			page 12


 162      29DD7359 
 162      8FEBA9F4 
 162      C2B1F6
 163 045a 5B7ADC42 		.ascii	"[z\334B\231\321g\247\237\373\321P\220\017\333H\346@"
 163      99D167A7 
 163      9FFBD150 
 163      900FDB48 
 163      E640
 164 046c CB3C0D02 		.ascii	"\313<\015\002\033\370\351\246\302\024\2034\343\346\335"
 164      1BF8E9A6 
 164      C2148334 
 164      E3E6DD
 165 047b E6E6952B 		.ascii	"\346\346\225+\225\234\243\231C\276\370\006U~uol\202"
 165      959CA399 
 165      43BEF806 
 165      557E756F 
 165      6C82
 166 048d 01F753E6 		.ascii	"\001\367S\346\366\263\343\347\275\225\235~\255\350\364"
 166      F6B3E3E7 
 166      BD959D7E 
 166      ADE8F4
 167 049c F0D2E29F 		.ascii	"\360\322\342\237\361\004\025~\372\250\244\325\017OS"
 167      F104157E 
 167      FAA8A4D5 
 167      0F4F53
 168 04ab 26E9CE5C 		.ascii	"&\351\316\\\2257\236\247L}\356\354\004\226\015@\340"
 168      95379EA7 
 168      4C7DEEEC 
 168      04960D40 
 168      E0
 169 04bc 308AE1A4 		.ascii	"0\212\341\244\003\250\236\030\332\243\303KT\350D\361"
 169      03A89E18 
 169      DAA3C34B 
 169      54E844F1 
 170 04cc F3649D4C 		.ascii	"\363d\235L\310)\023:u\274\022rQ2\352XN:\352\355\034"
 170      C829133A 
 170      75BC1272 
 170      5132EA58 
 170      4E3AEAED 
 171 04e1 1D35B77F 		.ascii	"\0355\267\177`\367\011\015\012\010\334\307V\0241\245"
 171      60F7090D 
 171      0A08DCC7 
 171      561431A5 
 172 04f1 9687479C 		.ascii	"\226\207G\234\331A\365\242\235\234\230J9DeM\373x`^\303"
 172      D941F5A2 
 172      9D9C984A 
 172      3944654D 
 172      FB78605E 
 173 0506 0E21A916 		.ascii	"\016!\251\026\021U(\232\341\024R\236\370\362|\337\240"
 173      1155289A 
 173      E114529E 
 173      F8F27CDF 
 173      A0
 174 0517 4F80B205 		.ascii	"O\200\262\005\247\334\002H\\.\357\033\347hBm\0006\177"
 174      A7DC0248 
 174      5C2EEF1B 
 174      E768426D 
ARM GAS  /tmp/ccYXlTQb.s 			page 13


 174      00367F
 175 052a 626001E3 		.ascii	"b`\001\343r,F`\350NC\261/\276@\231\312\227\351\225~"
 175      722C4660 
 175      E84E43B1 
 175      2FBE4099 
 175      CA97E995 
 176 053f B88632AD 		.ascii	"\270\2062\255#K\323\006\334@\231\370\003\217\216\373"
 176      234BD306 
 176      DC4099F8 
 176      038F8EFB 
 177 054f E236CAD4 		.ascii	"\3426\312\324\337\353J\322\310\242\226\010\266\367\272"
 177      DFEB4AD2 
 177      C8A29608 
 177      B6F7BA
 178 055e 45AD21BB 		.ascii	"E\255!\2733\315(\215\332^\267A%\261\250\241\253\355"
 178      33CD288D 
 178      DA5EB741 
 178      25B1A8A1 
 178      ABED
 179 0570 D9CFF4B8 		.ascii	"\331\317\364\270\217*\177x\377T\017\207\207(\023\273"
 179      8F2A7F78 
 179      FF540F87 
 179      872813BB 
 180 0580 33AD9193 		.ascii	"3\255\221\223Y\332\017\226\222\335,\225.\235\330\201"
 180      59DA0F96 
 180      92DD2C95 
 180      2E9DD881 
 181 0590 F14326F4 		.ascii	"\361C&\364\"kF\356^\212L\350\340\251\326L\275\324\275"
 181      226B46EE 
 181      5E8A4CE8 
 181      E0A9D64C 
 181      BDD4BD
 182 05a3 036EEE1D 		.ascii	"\003n\356\035t\271wa\337\376Gz\374\234*\037m/\253\325"
 182      74B97761 
 182      DFFE477A 
 182      FC9C2A1F 
 182      6D2FABD5 
 183 05b7 7A124287 		.ascii	"z\022B\207\300\310\262\334\343\204\3546\265\024\232"
 183      C0C8B2DC 
 183      E384EC36 
 183      B5149A
 184 05c6 0A73BBA2 		.ascii	"\012s\273\242?\315\205\353O\215\257\364\306;\325\242"
 184      3FCD85EB 
 184      4F8DAFF4 
 184      C63BD5A2 
 185 05d6 FE8B7BA7 		.ascii	"\376\213{\247\317{\341D\312\334L\350\352\323\342C\224"
 185      CF7BE144 
 185      CADC4CE8 
 185      EAD3E243 
 185      94
 186 05e7 994F5B28 		.ascii	"\231O[(\361V\336\25328\245\275j\347\354p\261\037\316"
 186      F156DEAB 
 186      3238A5BD 
 186      6AE7EC70 
 186      B11FCE
 187 05fa 14A5F50F 		.ascii	"\024\245\365\017\263\212r0Y\300\311g\015]\225\307\022"
 187      B38A7230 
ARM GAS  /tmp/ccYXlTQb.s 			page 14


 187      59C0C967 
 187      0D5D95C7 
 187      12
 188 060b F0E113FB 		.ascii	"\360\341\023\373\367\010\3311\030er\006\224\016j\216"
 188      F708D931 
 188      18657206 
 188      940E6A8E 
 189 061b 736B94F2 		.ascii	"sk\224\362\216-\343\277\241\3138\001\177\373F0$u[\323"
 189      8E2DE3BF 
 189      A1CB3801 
 189      7FFB4630 
 189      24755BD3 
 190 062f 1ABA8A6F 		.ascii	"\032\272\212o2\242\303\337\005^l\363\247\340E\330!\342"
 190      32A2C3DF 
 190      055E6CF3 
 190      A7E045D8 
 190      21E2
 191 0641 BF0B3DD3 		.ascii	"\277\013=\323\302TC\012\241=\337\205\256\373\017\352"
 191      C254430A 
 191      A13DDF85 
 191      AEFB0FEA 
 192 0651 35041CED 		.ascii	"5\004\034\355\373.\360\374\347\024\014\013\031J\360"
 192      FB2EF0FC 
 192      E7140C0B 
 192      194AF0
 193 0660 0CDEAF54 		.ascii	"\014\336\257T~*\021Mf!\233\013DY@G\200r\201\216\002"
 193      7E2A114D 
 193      66219B0B 
 193      44594047 
 193      8072818E 
 194 0675 1D03CA59 		.ascii	"\035\003\312Y\256\311\251\372\226\275>\270\233N\355"
 194      AEC9A9FA 
 194      96BD3EB8 
 194      9B4EED
 195 0684 BD9CC977 		.ascii	"\275\234\311wh}\256\007\356\326\374\276x\003\276C\037"
 195      687DAE07 
 195      EED6FCBE 
 195      7803BE43 
 195      1F
 196 0695 8D9DAC2C 		.ascii	"\215\235\254,\322\342{\224q\025\362\032Z\310\256\243"
 196      D2E27B94 
 196      7115F21A 
 196      5AC8AEA3 
 197 06a5 843F3D4A 		.ascii	"\204?=JL8k\206\324x\222Bk\006\367\314ax\366C\350\205"
 197      4C386B86 
 197      D4789242 
 197      6B06F7CC 
 197      6178F643 
 198 06bb 90E42CF3 		.ascii	"\220\344,\363Cz\226\211I\356:\355\205\237R\354pl\326"
 198      437A9689 
 198      49EE3AED 
 198      859F52EC 
 198      706CD6
 199 06ce E7068596 		.ascii	"\347\006\205\226\245\230\023\361d@E\334:T\310\255\223"
 199      A59813F1 
 199      644045DC 
 199      3A54C8AD 
ARM GAS  /tmp/ccYXlTQb.s 			page 15


 199      93
 200 06df 38BB863A 		.ascii	"8\273\206:{\340\360\375\265x\216\352\211OX,\302xI\315"
 200      7BE0F0FD 
 200      B5788EEA 
 200      894F582C 
 200      C27849CD 
 201 06f3 96F92377 		.ascii	"\226\371#w\214JZ\313\024\265\336\315\234z\246\306;5"
 201      8C4A5ACB 
 201      14B5DECD 
 201      9C7AA6C6 
 201      3B35
 202 0705 A26CEEE5 		.ascii	"\242l\356\345\242\353:\274\2072\215\347\012\016{))*"
 202      A2EB3ABC 
 202      87328DE7 
 202      0A0E7B29 
 202      292A
 203 0717 5754349F 		.ascii	"WT4\237\222\372\011>HEOO\275\250$\033\355z\003\372F"
 203      92FA093E 
 203      48454F4F 
 203      BDA8241B 
 203      ED7A03FA 
 204 072c 1283F534 		.ascii	"\022\203\3654\006\375E}\365j\234I\241\256Mw\015\333"
 204      06FD457D 
 204      F56A9C49 
 204      A1AE4D77 
 204      0DDB
 205 073e 74DB1E6D 		.ascii	"t\333\036m\337\317v\251b\247\360\375\350\237\252P5\030"
 205      DFCF76A9 
 205      62A7F0FD 
 205      E89FAA50 
 205      3518
 206 0750 218D0DAA 		.ascii	"!\215\015\252\342D\035\3426\005\367*\250\341\336\373"
 206      E2441DE2 
 206      3605F72A 
 206      A8E1DEFB 
 207 0760 3D27BDA5 		.ascii	"='\275\245\345~\221\2236Y\227\\\345\0363|\256\007\341"
 207      E57E9193 
 207      3659975C 
 207      E51E337C 
 207      AE07E1
 208 0773 7C6AF6D4 		.ascii	"|j\366\324\313\330\263~\270\2002Gsfc\324\270\224\371"
 208      CBD8B37E 
 208      B8803247 
 208      736663D4 
 208      B894F9
 209 0786 7E2E2157 		.ascii	"~.!W-[\305\352\300\364e\267Ulr\344\305\264\036\327Q"
 209      2D5BC5EA 
 209      C0F465B7 
 209      556C72E4 
 209      C5B41ED7 
 210 079b A1ECCB95 		.ascii	"\241\354\313\225m\362M\260^&\324\264\263\374\251N\352"
 210      6DF24DB0 
 210      5E26D4B4 
 210      B3FCA94E 
 210      EA
 211 07ac EB15B7A5 		.ascii	"\353\025\267\245\357\252\313W\327a\310\237\036\206Z"
 211      EFAACB57 
ARM GAS  /tmp/ccYXlTQb.s 			page 16


 211      D761C89F 
 211      1E865A
 212 07bb 166F6620 		.ascii	"\026of \334Am\2657\017[\360Mz=\374\274 O\276N"
 212      DC416DB5 
 212      370F5BF0 
 212      4D7A3DFC 
 212      BC204FBE 
 213 07d0 3782DD26 		.ascii	"7\202\335&7\273\323\355\207\276\302\203T&\271)\356\241"
 213      37BBD3ED 
 213      87BEC283 
 213      5426B929 
 213      EEA1
 214 07e2 4126D32C 		.ascii	"A&\323,\223\351L\275\366\256\324\325\0267W[]\256f\327"
 214      93E94CBD 
 214      F6AED4D5 
 214      1637575B 
 214      5DAE66D7 
 215 07f6 0D7D841F 		.ascii	"\015}\204\037\212\252\261\363\325\375\337\303.\034\350"
 215      8AAAB1F3 
 215      D5FDDFC3 
 215      2E1CE8
 216 0805 D6D92D4F 		.ascii	"\326\331-O\037q\253\235m\222\327\241(;\334\267\342_"
 216      1F71AB9D 
 216      6D92D7A1 
 216      283BDCB7 
 216      E25F
 217 0817 A43E7F20 		.ascii	"\244>\177 \010\373\327\022\325\250\215a\225\233U\"0"
 217      08FBD712 
 217      D5A88D61 
 217      959B5522 
 217      30
 218 0828 BD962E18 		.ascii	"\275\226.\030\255l\343V@\263\215\373@r\352=\034\240"
 218      AD6CE356 
 218      40B38DFB 
 218      4072EA3D 
 218      1CA0
 219 083a EC53B3B2 		.ascii	"\354S\263\262O 5\233\332\230\353\203\237\320\230\355"
 219      4F20359B 
 219      DA98EB83 
 219      9FD098ED 
 220 084a 3FDD7153 		.ascii	"?\335qS\213\237\263\334Yz\266\327\210_R&n\352\341{\262"
 220      8B9FB3DC 
 220      597AB6D7 
 220      885F5226 
 220      6EEAE17B 
 221 085f 60DE00AD 		.ascii	"`\336\000\255=n\301\314\237\250\217\361\222F\263\307"
 221      3D6EC1CC 
 221      9FA88FF1 
 221      9246B3C7 
 222 086f CDDD9BCB 		.ascii	"\315\335\233\313{RU\316K\037\354\324\022\335\\U\307"
 222      7B5255CE 
 222      4B1FECD4 
 222      12DD5C55 
 222      C7
 223 0880 F863CE63 		.ascii	"\370c\316cWs\013\214\334f\256\367JCy\271\011\247\227"
 223      57730B8C 
 223      DC66AEF7 
ARM GAS  /tmp/ccYXlTQb.s 			page 17


 223      4A4379B9 
 223      09A797
 224 0893 D050825E 		.ascii	"\320P\202^\324\315p\312\301\271\374\254\371\246\016"
 224      D4CD70CA 
 224      C1B9FCAC 
 224      F9A60E
 225 08a2 3768E942 		.ascii	"7h\351B\322\363\270\333\210\233)S\277PrL\217;)\223^"
 225      D2F3B8DB 
 225      889B2953 
 225      BF50724C 
 225      8F3B2993 
 226 08b7 3D29C81B 		.ascii	"=)\310\033\266\273\240\272\337m\234;\216\347\305y\341"
 226      B6BBA0BA 
 226      DF6D9C3B 
 226      8EE7C579 
 226      E1
 227 08c8 512A74FF 		.ascii	"Q*t\377\344\325I$\023\032\220\011\335\353x\335\354V"
 227      E4D54924 
 227      131A9009 
 227      DDEB78DD 
 227      EC56
 228 08da C1836EEE 		.ascii	"\301\203n\356\016\271\202s*f\354\021\306\263\242r\365"
 228      0EB98273 
 228      2A66EC11 
 228      C6B3A272 
 228      F5
 229 08eb B9FCBE19 		.ascii	"\271\374\276\031_\222l\201\312\347\010\342\333\010\013"
 229      5F926C81 
 229      CAE708E2 
 229      DB080B
 230 08fa CF7D98D9 		.ascii	"\317}\230\331Q\240{\32205\217\377\342p\231 \304\031"
 230      51A07BD2 
 230      30358FFF 
 230      E2709920 
 230      C419
 231 090c 890131E1 		.ascii	"\211\0011\341F\336\230pW\323\375\351\321\353%l\225\303"
 231      46DE9870 
 231      57D3FDE9 
 231      D1EB256C 
 231      95C3
 232 091e 32B8DBD1 		.ascii	"2\270\333\321\213\354\225\207\327P\370\020KP\005\355"
 232      8BEC9587 
 232      D750F810 
 232      4B5005ED 
 233 092e 6C0E5E2F 		.ascii	"l\016^/\235\236\361\361p\034\032\360<\014\262\350&_"
 233      9D9EF1F1 
 233      701C1AF0 
 233      3C0CB2E8 
 233      265F
 234 0940 38EB8D5F 		.ascii	"8\353\215_\323p\347\335\210\036\345\260S'\206\247\377"
 234      D370E7DD 
 234      881EE5B0 
 234      532786A7 
 234      FF
 235 0951 54E7232F 		.ascii	"T\347#/\344\326s\264\034c=\307.\3207\016z\037\275\251"
 235      E4D673B4 
 235      1C633DC7 
ARM GAS  /tmp/ccYXlTQb.s 			page 18


 235      2ED0370E 
 235      7A1FBDA9 
 236 0965 E7A8FB28 		.ascii	"\347\250\373(Z\254\257N\000?``W\331\310\300\303\014"
 236      5AACAF4E 
 236      003F6060 
 236      57D9C8C0 
 236      C30C
 237 0977 3C06E03B 		.ascii	"<\006\340;\014\354\032\302\352\335{\365\020UT59\356"
 237      0CEC1AC2 
 237      EADD7BF5 
 237      10555435 
 237      39EE
 238 0989 C1D81E02 		.ascii	"\301\330\036\002M.\217o\367\251\354N/\274K\034\022z"
 238      4D2E8F6F 
 238      F7A9EC4E 
 238      2FBC4B1C 
 238      127A
 239 099b 2DA41CF4 		.ascii	"-\244\034\364\305\211\224iO\033L\364\301I\224\211=v"
 239      C5899469 
 239      4F1B4CF4 
 239      C1499489 
 239      3D76
 240 09ad 7E16291F 		.ascii	"~\026)\037m\236pJG\233\350\214\256\021\016\037\242\322"
 240      6D9E704A 
 240      479BE88C 
 240      AE110E1F 
 240      A2D2
 241 09bf E3055D5D 		.ascii	"\343\005]]\030gPf1\257>Z\253\254\352\231\242\252L\347"
 241      18675066 
 241      31AF3E5A 
 241      ABACEA99 
 241      A2AA4CE7 
 242 09d3 A1628C73 		.ascii	"\241b\214s\251\364\223\272\245q\214OR&\251\257}\332"
 242      A9F493BA 
 242      A5718C4F 
 242      5226A9AF 
 242      7DDA
 243 09e5 888B2893 		.ascii	"\210\213(\223\231\223\373?\270\202^w\364E\247\372z\330"
 243      9993FB3F 
 243      B8825E77 
 243      F445A7FA 
 243      7AD8
 244 09f7 E36695F6 		.ascii	"\343f\225\3668\355\342\301\314\022N\354\"\003\002iz"
 244      38EDE2C1 
 244      CC124EEC 
 244      22030269 
 244      7A
 245 0a08 0DCCE2D3 		.ascii	"\015\314\342\323G\333`>\0236\2409\330\360^\202\334\""
 245      47DB603E 
 245      1336A039 
 245      D8F05E82 
 245      DC22
 246 0a1a C993E529 		.ascii	"\311\223\345)j\340V\265c\357\321\005\3639\240g\030\332"
 246      6AE056B5 
 246      63EFD105 
 246      F339A067 
 246      18DA
ARM GAS  /tmp/ccYXlTQb.s 			page 19


 247 0a2c 633BD624 		.ascii	"c;\326$\001\277P\006KJ\243\227\241\237\002zJ\206\246"
 247      01BF5006 
 247      4B4AA397 
 247      A19F027A 
 247      4A86A6
 248 0a3f EE88F095 		.ascii	"\356\210\360\225\034\207v\342\031 \246\305g\213,\301"
 248      1C8776E2 
 248      1920A6C5 
 248      678B2CC1 
 249 0a4f 5FC1E42F 		.ascii	"_\301\344/\000-\001\275\006\232\227\326k\247\304\245"
 249      002D01BD 
 249      069A97D6 
 249      6BA7C4A5 
 250 0a5f 690F4658 		.ascii	"i\017FXA5\234\031J\363\305\217i\264/\037o\315\342\002"
 250      41359C19 
 250      4AF3C58F 
 250      69B42F1F 
 250      6FCDE202 
 251 0a73 142D2301 		.ascii	"\024-#\001\343\3572~\010\007\264\364=\352\326\271zx"
 251      E3EF327E 
 251      0807B4F4 
 251      3DEAD6B9 
 251      7A78
 252 0a85 C92760B9 		.ascii	"\311'`\271\264\026OHJk\011N\323)X\352\\\347\252\327"
 252      B4164F48 
 252      4A6B094E 
 252      D32958EA 
 252      5CE7AAD7 
 253 0a99 329D7F84 		.ascii	"2\235\177\204rI\375\023\212\006\324c\216\242W\242\361"
 253      7249FD13 
 253      8A06D463 
 253      8EA257A2 
 253      F1
 254 0aaa 74D54AD2 		.ascii	"t\325J\322\371\317\251BM\264\026\235\205\201\22724m"
 254      F9CFA942 
 254      4DB4169D 
 254      85819732 
 254      346D
 255 0abc C554E8B4 		.ascii	"\305T\350\2648\311g\270\225m\361S\012>\017\340s\212"
 255      38C967B8 
 255      956DF153 
 255      0A3E0FE0 
 255      738A
 256 0ace 60C9BCF5 		.ascii	"`\311\274\365\027\261~\036\032\017T\313\255v{z\225\333"
 256      17B17E1E 
 256      1A0F54CB 
 256      AD767B7A 
 256      95DB
 257 0ae0 6DEDECB0 		.ascii	"m\355\354\260@\332\355\3352x\334j\365\235_\322\031#"
 257      40DAEDDD 
 257      3278DC6A 
 257      F59D5FD2 
 257      1923
 258 0af2 678B050F 		.ascii	"g\213\005\017A\221\300'\376@\341d}}!\203?w\203\2037"
 258      4191C027 
 258      FE40E164 
 258      7D7D2183 
ARM GAS  /tmp/ccYXlTQb.s 			page 20


 258      3F778383 
 259 0b07 8F0B0C74 		.ascii	"\217\013\014t\321!\313G\037\363Fa\321a\247\242^6Tr\300"
 259      D121CB47 
 259      1FF34661 
 259      D161A7A2 
 259      5E365472 
 260 0b1c 98F5A07D 		.ascii	"\230\365\240}e\2503\205\376)\002\201\223\345\357\032"
 260      65A83385 
 260      FE290281 
 260      93E5EF1A 
 261 0b2c 53EEB9B6 		.ascii	"S\356\271\266\256\236g\332GA{\215\207@J\206Z\367/t\250"
 261      AE9E67DA 
 261      47417B8D 
 261      87404A86 
 261      5AF72F74 
 262 0b41 70664579 		.ascii	"pfEy\036\002)9\244U\370\307:\005\310\227\022\230\324"
 262      1E022939 
 262      A455F8C7 
 262      3A05C897 
 262      1298D4
 263 0b54 02C5493D 		.ascii	"\002\305I=\265\222\0013\225\314\027\242\374\244Ly\376"
 263      B5920133 
 263      95CC17A2 
 263      FCA44C79 
 263      FE
 264 0b65 2AE54D9F 		.ascii	"*\345M\237RW\240OF\027d\350\323\234{\\\332\012Y\012"
 264      5257A04F 
 264      461764E8 
 264      D39C7B5C 
 264      DA0A590A 
 265 0b79 908EA24B 		.ascii	"\220\216\242K\006\277\265z\240\375U\022gNxpF\2764L\001"
 265      06BFB57A 
 265      A0FD5512 
 265      674E7870 
 265      46BE344C 
 266 0b8e E23129D0 		.ascii	"\3421)\320\375\256\320C\201\356\306\201h?P\002\320\016"
 266      FDAED043 
 266      81EEC681 
 266      683F5002 
 266      D00E
 267 0ba0 A03D40FB 		.ascii	"\240=@\373\200\266\003\305\002\355\005J\002J\006J\004"
 267      80B603C5 
 267      02ED054A 
 267      024A064A 
 267      04
 268 0bb1 DA091403 		.ascii	"\332\011\024\003\264\013(\036(\016\310\211][\313\216"
 268      B40B281E 
 268      280EC889 
 268      5D5BCB8E 
 269 0bc1 F3CDEB02 		.ascii	"\363\315\353\002\224\215\246\374\277\031\035_,\032S"
 269      948DA6FC 
 269      BF191D5F 
 269      2C1A53
 270 0bd0 E368BDB8 		.ascii	"\343h\275\2700\225\365V\214h\360.\312\334:\330\225!"
 270      3095F556 
 270      8C68F02E 
 270      CADC3AD8 
ARM GAS  /tmp/ccYXlTQb.s 			page 21


 270      9521
 271 0be2 EF95A0A7 		.ascii	"\357\225\240\247F\251X\332+\305\324\347\254\307\337"
 271      46A958DA 
 271      2BC5D4E7 
 271      ACC7DF
 272 0bf1 5299FE84 		.ascii	"R\231\376\204\346%o\227L\254K&M&SU\341\034s{\341r\330"
 272      E6256F97 
 272      4CAC4B26 
 272      4D265355 
 272      E11C737B 
 273 0c08 6D12D231 		.ascii	"m\022\3221\353\257\236\305o\317\364\302\245T\271pn\024"
 273      EBAF9EC5 
 273      6FCFF4C2 
 273      A554B970 
 273      6E14
 274 0c1a E6EB3C65 		.ascii	"\346\353<e\226\216\027\307\351q\215\310pu\255e\345\006"
 274      968E17C7 
 274      E9718DC8 
 274      7075AD65 
 274      E506
 275 0c2c 24AE7E30 		.ascii	"$\256~0\303S\251\232\324\243l\365#\177\026\371\026\314"
 275      C353A99A 
 275      D4A36CF5 
 275      237F16F9 
 275      16CC
 276 0c3e 6763C5AD 		.ascii	"gc\305\255E\271\217\315d\002$\332Y\313\221\252\274\261"
 276      45B98FCD 
 276      640224DA 
 276      59CB91AA 
 276      BCB1
 277 0c50 B7DD1B4F 		.ascii	"\267\335\033O\263H%\225\025{yx\365vDQ<q\240\373\357"
 277      B3482595 
 277      157B7978 
 277      F5764451 
 277      3C71A0FB 
 278 0c65 F01C9576 		.ascii	"\360\034\225v\375\205\361K\371_\030\277\244'\322\324"
 278      FD85F14B 
 278      F95F18BF 
 278      A427D2D4 
 279 0c75 D998BB18 		.ascii	"\331\230\273\030G{\211LBam\256\237r\007p\034\213\"\304"
 279      477B894C 
 279      42616DAE 
 279      9F720770 
 279      1C8B22C4 
 280 0c89 D431BC0E 		.ascii	"\3241\274\016\345b\261\003\310-\217O\367\302\361T\372"
 280      E562B103 
 280      C82D8F4F 
 280      F7C2F154 
 280      FA
 281 0c9a 557BC9BF 		.ascii	"U{\311\277\341d\361\232{\032s\262\314\333\325\277\313"
 281      E164F19A 
 281      7B1A73B2 
 281      CCDBD5BF 
 281      CB
 282 0cab 8E1E2740 		.ascii	"\216\036'@\331I\346\370)\354\332\350\240\306F\022p\302"
 282      D949E6F8 
 282      29ECDAE8 
ARM GAS  /tmp/ccYXlTQb.s 			page 22


 282      A0C64612 
 282      70C2
 283 0cbd 31417C2B 		.ascii	"1A|+\351j\276N\272\255>\322\336\261\374Ha&\207\263\250"
 283      E96ABE4E 
 283      BAAD3ED2 
 283      DEB1FC48 
 283      612687B3 
 284 0cd2 F15D9D67 		.ascii	"\361]\235g{|=\234tN\313\315\201D\301\322X\272\037{\177"
 284      7B7C3D9C 
 284      744ECBCD 
 284      8144C1D2 
 284      58BA1F7B 
 285 0ce7 4E5E57CC 		.ascii	"N^W\314\245\216\307\371\340\223T\335do|9\302%\224\331"
 285      A58EC7F9 
 285      E09354DD 
 285      646F7C39 
 285      C22594D9 
 286 0cfb 315AF01A 		.ascii	"1Z\360\032\343r\312\\\355l\234\226gk\011\2308\343\226"
 286      E372CA5C 
 286      ED6C9C96 
 286      676B0998 
 286      38E396
 287 0d0e 7971170B 		.ascii	"yq\027\013\303\360\025*S:Q\336\240\225\311\224\312d"
 287      C3F0152A 
 287      533A51DE 
 287      A095C994 
 287      CA64
 288 0d20 06CF2E1C 		.ascii	"\006\317.\034v{\347[\346\226Mg]\331\372\340\332\314"
 288      767BE75B 
 288      E6964D67 
 288      5DD9FAE0 
 288      DACC
 289 0d32 3D3DBE41 		.ascii	"==\276A\225\3174\036:\345\203\373\330\014\306\017\345"
 289      95CF341E 
 289      3AE583FB 
 289      D80CC60F 
 289      E5
 290 0d43 EA9467B0 		.ascii	"\352\224g\260\034+\364p\352k\337\016\375+Z\351\255\332"
 290      1C2BF470 
 290      EA6BDF0E 
 290      FD2B5AE9 
 290      ADDA
 291 0d55 C77F9EC1 		.ascii	"\307\177\236\301\316\242`M<\032T\3123Z\262\312-f\260"
 291      CEA2604D 
 291      3C1A54CA 
 291      335AB2CA 
 291      2D66B0
 292 0d68 A3C1790C 		.ascii	"\243\301y\014\273.^\015_\351M\224{\374\022&A\274\252"
 292      BB2E5E0D 
 292      5FE94D94 
 292      7BFC1226 
 292      41BCAA
 293 0d7b 82F5E202 		.ascii	"\202\365\342\002P\005\226\264>\2173\330Y\202\270\023"
 293      500596B4 
 293      3E8F33D8 
 293      5982B813 
 294 0d8b ADEC0ECB 		.ascii	"\255\354\016\313\207\027{\252\357\032=\234%J=\333\001"
ARM GAS  /tmp/ccYXlTQb.s 			page 23


 294      87177BAA 
 294      EF1A3D9C 
 294      254A3DDB 
 294      01
 295 0d9c C963B533 		.ascii	"\311c\26535\006<NC\270p\246`A\213\005Z\036G\317\026"
 295      35063C4E 
 295      43B870A6 
 295      60418B05 
 295      5A1E47CF 
 296 0db1 E49324F9 		.ascii	"\344\223$\371\200\024\020\226\224\317\007\364\371\336"
 296      80141096 
 296      94CF07F4 
 296      F9DE
 297 0dbf B37D0B7E 		.ascii	"\263}\013~8\2162B_\376\001\326\334&9\005\315z\325\362"
 297      388E3242 
 297      5FFE01D6 
 297      DC263905 
 297      CD7AD5F2 
 298 0dd3 1F4A511D 		.ascii	"\037JQ\035\026E\210\371Z(\237\032\261|\360\241\224\236"
 298      164588F9 
 298      5A289F1A 
 298      B17CF0A1 
 298      949E
 299 0de5 D77E8806 		.ascii	"\327~\210\006\237vS\267\216v\012\342zR\015\316Bs\215"
 299      9F7653B7 
 299      8E760AE2 
 299      7A520DCE 
 299      42738D
 300 0df8 AE28EFEC 		.ascii	"\256(\357\354n\243,\004\215d[F\027\231\0001S\017#\274"
 300      6EA32C04 
 300      8D645B46 
 300      17990031 
 300      530F23BC 
 301 0e0c 2A8D64EF 		.ascii	"*\215d\357\337\246\01151Zt\031&\352\022\003\256\374"
 301      DFA60935 
 301      315A7419 
 301      26EA1203 
 301      AEFC
 302 0e1e 2157B27D 		.ascii	"!W\262}\211/J\316L\350p2\035V\367p\301\377\006(\033"
 302      892F4ACE 
 302      4CE87032 
 302      1D56F770 
 302      C1FF0628 
 303 0e33 6C503608 		.ascii	"lP6\010B\305m\211\031>\370\004\325P\260/:\231\303E\224"
 303      42C56D89 
 303      193EF804 
 303      D550B02F 
 303      3A99C345 
 304 0e48 B9BDF379 		.ascii	"\271\275\363y\223\006W\213\014\336\271x\275\313 {o\262"
 304      9306578B 
 304      0CDEB978 
 304      BDCB207B 
 304      6FB2
 305 0e5a ACBF09F4 		.ascii	"\254\277\011\364\2670\375m\240\277U:\240\231~\311\006"
 305      B730FD6D 
 305      A0BF553A 
 305      A0997EC9 
ARM GAS  /tmp/ccYXlTQb.s 			page 24


 305      06
 306 0e6b DBCC909E 		.ascii	"\333\314\220\2366d\010oO?kl\\G\265\026\345\330\222W"
 306      3664086F 
 306      4F3F6B6C 
 306      5C47B516 
 306      E5D89257 
 307 0e7f EE5307C7 		.ascii	"\356S\007\307\325\370\012uxnd\340\212\227\207\000\264"
 307      D5F80A75 
 307      786E64E0 
 307      8A978700 
 307      B4
 308 0e90 2B3B484E 		.ascii	"+;HN=\211\207\317\031q'[e\037M\2774\342\001\312\234"
 308      3D8987CF 
 308      1971275B 
 308      651F4DBF 
 308      34E201CA 
 309 0ea5 ED28B8A0 		.ascii	"\355(\270\240\306\023,\201j\363\266\342g\364\372aAr"
 309      C6132C81 
 309      6AF3B6E2 
 309      67F4FA61 
 309      4172
 310 0eb7 9616CF89 		.ascii	"\226\026\317\211\214f\360\305\275\227\032$9\366\214"
 310      8C66F0C5 
 310      BD971A24 
 310      39F68C
 311 0ec6 3DD0CC4D 		.ascii	"=\320\314M\323\322$\207\215n\260|[\271\026X\013\232"
 311      D3D22487 
 311      8D6EB07C 
 311      5BB91658 
 311      0B9A
 312 0ed8 8785DC0D 		.ascii	"\207\205\334\015\"\266K\031+\211\315\304\273\002\034"
 312      22B64B19 
 312      2B89CDC4 
 312      BB021C
 313 0ee7 FEC4AEFC 		.ascii	"\376\304\256\374\006\003\257t\345+\235\220[\323\320"
 313      0603AF74 
 313      E52B9D90 
 313      5BD3D0
 314 0ef6 0500DAC9 		.ascii	"\005\000\332\311\336f\021\350\201\010\334\004\352\005"
 314      DE6611E8 
 314      8108DC04 
 314      EA05
 315 0f04 BA255DD7 		.ascii	"\272%]\327{W\324w\312\324\273\235_\012w9\253\365\370"
 315      7B57D477 
 315      CAD4BB9D 
 315      5F0A7739 
 315      ABF5F8
 316 0f17 8CB71890 		.ascii	"\214\267\030\220\342\261\326\021\024\240h\024\3651="
 316      E2B1D611 
 316      14A06814 
 316      F5313D
 317 0f26 1EEC1EC2 		.ascii	"\036\354\036\302\206\274k'\346\350k\022\372q\323\323"
 317      86BC6B27 
 317      E6E86B12 
 317      FA71D3D3 
 318 0f36 017ADAC5 		.ascii	"\001z\332\305\312\204D\270\313\364\014\201\374(\320"
 318      CA8444B8 
ARM GAS  /tmp/ccYXlTQb.s 			page 25


 318      CBF40C81 
 318      FC28D0
 319 0f45 30D03DA0 		.ascii	"0\320=\240A\240~\240\001\240\373@#\322\364\203j\235"
 319      41A07EA0 
 319      01A0FB40 
 319      23D2F483 
 319      6A9D
 320 0f57 6F65BB3F 		.ascii	"oe\273?\364\021\350 \246\212<4\263\244\263\236\"\011"
 320      F411E820 
 320      A68A3C34 
 320      B3A4B39E 
 320      2209
 321 0f69 B8CB6944 		.ascii	"\270\313iD\007\000\367\004Q\274\253\367\222\237\225"
 321      0700F704 
 321      51BCABF7 
 321      929F95
 322 0f78 26C2697F 		.ascii	"&\302i\177\232\003\250\014\231\366|n\325\034\316\177"
 322      9A03A80C 
 322      99F67C6E 
 322      D51CCE7F 
 323 0f88 4D0F051D 		.ascii	"M\017\005\035\000kdpW\242\312^[t\332(\270\000@\371\014"
 323      006B6470 
 323      57A2CA5E 
 323      5B74DA28 
 323      B80040F9 
 324 0f9d BCB2CD   		.ascii	"\274\262\315"
 325 0fa0 AEEE7D27 		.ascii	"\256\356}'\266\321S\333\035@]g\350\225\351\277\276\312"
 325      B6D153DB 
 325      1D405D67 
 325      E895E9BF 
 325      BECA
 326 0fb2 EFDE30AA 		.ascii	"\357\3360\252\373\032\240\212d\216\254>@\314\333\350"
 326      FB1AA08A 
 326      648EAC3E 
 326      40CCDBE8 
 327 0fc2 28F3605D 		.ascii	"(\363`]:\352a\224\022\277\267\262\223\017\012@7Y\004"
 327      3AEA6194 
 327      12BFB7B2 
 327      930F0A40 
 327      375904
 328 0fd5 576AB85B 		.ascii	"Wj\270[\232J\327\257\336\357\326\004(\317z\375_?\353"
 328      9A4AD7AF 
 328      DEEFD604 
 328      28CF7AFD 
 328      5F3FEB
 329 0fe8 64818F2E 		.ascii	"d\201\217.\\\324\377\370\2500\010\216\264\317j\342\232"
 329      5CD4FFF8 
 329      A830088E 
 329      B4CF6AE2 
 329      9A
 330 0ff9 9B05E188 		.ascii	"\233\005\341\210\021\215\201"
 330      118D81
 331 1000 A236FAFF 		.ascii	"\2426\372\377\267,[P\221;d\227\177\200\177L\336\272"
 331      B72C5B50 
 331      913B6497 
 331      7F807F4C 
 331      DEBA
ARM GAS  /tmp/ccYXlTQb.s 			page 26


 332 1012 B4A70DBB 		.ascii	"\264\247\015\273\275\004\035s\033\345\270\270\263\213"
 332      BD041D73 
 332      1BE5B8B8 
 332      B38B
 333 1020 3F1F7EFC 		.ascii	"?\037~\374q\020\374\367\265\305\036n\011\013\372,\324"
 333      7110FCF7 
 333      B5C51E6E 
 333      090BFA2C 
 333      D4
 334 1031 BAD1FA5F 		.ascii	"\272\321\372_\377\035\024\341\010\262\363A\016\2739"
 334      FF1D14E1 
 334      08B2F341 
 334      0EBB39
 335 1040 C81C6AFF 		.ascii	"\310\034j\377\312\034\365\261Y\377\353\377\374\342\375"
 335      CA1CF5B1 
 335      59FFEBFF 
 335      FCE2FD
 336 104f CF3EFD54 		.ascii	"\317>\375T\345Mx\223-\330\361\265\211\347\376Q\245\017"
 336      E54D7893 
 336      2DD8F1B5 
 336      89E7FE51 
 336      A50F
 337 1061 B6DB36FF 		.ascii	"\266\3336\377\354#\233\312`\216\260\363\226\255\037"
 337      EC239BCA 
 337      608EB0F3 
 337      96AD1F
 338 1070 D93E51AD 		.ascii	"\331>Q\2551\207\376\356W\237}\361YDX\230\305\314\377"
 338      3187FEEE 
 338      579F7DF1 
 338      59445898 
 338      C5CCFF
 339 1083 2A382A8C 		.ascii	"*8*\214w\374v\375[\032R\255\245\322\277\266\360\277"
 339      77FC76FD 
 339      5B1A52AD 
 339      A5D2BFB6 
 339      F0BF
 340 1095 0C0FF92C 		.ascii	"\014\017\371,\314\022lg\032\2609t\003\016\331\270Ig"
 340      CC126C67 
 340      1AB03974 
 340      030ED9B8 
 340      4967
 341 10a7 75D84DE6 		.ascii	"u\330M\346p^\003d\342\275\"\203\303\255f\223\315\261"
 341      705E0364 
 341      E2BD2283 
 341      C3AD6693 
 341      CDB1
 342 10b9 496D0E0D 		.ascii	"Im\016\015\266\373\231CM\216m\016\336b3\205X6Fm\322"
 342      B6FB9943 
 342      4D8E6D0E 
 342      DE623385 
 342      5836466D 
 343 10ce 874598BF 		.ascii	"\207E\230\277&\350\217\336`\337\032n\016\213\012\261"
 343      26E88FDE 
 343      60DF1A6E 
 343      0E8B0AB1 
 344 10de 800FA2CC 		.ascii	"\200\017\242\314\307\241*_\251\016\023o\260\005[\303"
 344      C7A12A5F 
ARM GAS  /tmp/ccYXlTQb.s 			page 27


 344      A90E136F 
 344      B0055BC3 
 345 10ee F950BB25 		.ascii	"\371P\273%8D\017_a\221vk\204\216'\337&^g\343\267\206"
 345      38440F5F 
 345      6191766B 
 345      848E27DF 
 345      265E67E3 
 346 1104 591DBC1E 		.ascii	"Y\035\274\036,\333\242 \004zK\244%<\304\032\276\311"
 346      2CDBA220 
 346      047A4BA4 
 346      253CC41A 
 346      BEC9
 347 1116 DBB2D912 		.ascii	"\333\262\331\022\316\323P\351\266\004[y\270\247\003"
 347      CED350E9 
 347      B6045B79 
 347      B8A703
 348 1125 1441ABC3 		.ascii	"\024A\253\303-[y/\306\230\336\322;\202u\200w(Jk\331"
 348      2D5B792F 
 348      C698DED2 
 348      3B827580 
 348      77284A6B 
 349 113a 42F46AB7 		.ascii	"B\364j\267\360`=\022~\034\026[\244\221\214\335b\013"
 349      F0603D12 
 349      7E1C165B 
 349      A4918CDD 
 349      620B
 350 114c 8E0C8DB0 		.ascii	"\216\014\215\260[4[x\336\036I,0\277\351\217\211\367"
 350      5B345B78 
 350      DE1E492C 
 350      30BFE98F 
 350      89F7
 351 115e 671776CB 		.ascii	"g\027v\313W\026\273%\334l1\361 \037\261\361\317\221"
 351      5716BB25 
 351      DC6C31F1 
 351      201FB1F1 
 351      CF91
 352 1170 7ACB562B 		.ascii	"z\313V+o\216\010\261h \232p\327\036\262\015.\202\336"
 352      6F8E08B1 
 352      68209A70 
 352      D71EB20D 
 352      2E82DE
 353 1183 CA359087 		.ascii	"\3125\220\207\271&\316\351\034\326\215a0R\210\2075,"
 353      B926CEE9 
 353      1CD68D61 
 353      30528887 
 353      352C
 354 1195 042C6823 		.ascii	"\004,h#\203\341\233W\203A\207\216'\337&^\363UX\360&"
 354      83E19B57 
 354      8341878E 
 354      27DF265E 
 354      F35558F0 
 355 11aa E06C600D 		.ascii	"\340l`\0158\007\037\314[\364\274\370C\334\011\336\030"
 355      38071FCC 
 355      5BF4BCF8 
 355      43DC09DE 
 355      18
 356 11bb ECB0181C 		.ascii	"\354\260\030\034\374\327\301a\326M\341&\210V\260\315"
ARM GAS  /tmp/ccYXlTQb.s 			page 28


 356      FCD7C161 
 356      D64DE126 
 356      8856B0CD 
 357 11cb A289D812 		.ascii	"\242\211\330\022n\261\373\302\210\"\034&k8\200\301y"
 357      6EB1FBC2 
 357      88221C26 
 357      6B3880C1 
 357      79
 358 11dc 1FC93571 		.ascii	"\037\3115q\371/Q\226(\013\231\012\361\302\340\272\000"
 358      F92F5196 
 358      280B990A 
 358      F1C2E0BA 
 358      00
 359 11ed 159176CB 		.ascii	"\025\221v\313fl\346\267r\216H\357H\310U\020\343\201"
 359      666CE6B7 
 359      728E48EF 
 359      48C85510 
 359      E381
 360 11ff 358AD7E6 		.ascii	"5\212\327\346\210p\2309\376\237<\215\325\034a\263E\204"
 360      88709839 
 360      FE9F3C8D 
 360      D51C61B3 
 360      4584
 361 1211 0711AC23 		.ascii	"\007\021\254#\350\227\277\373\034R\376s\0305\344\274"
 361      E897BFFB 
 361      1C52FE73 
 361      1835E4BC 
 362 1221 05868C43 		.ascii	"\005\206\214CC\354\332H\321\320\367\301\"\311\013\273"
 362      43ECDA48 
 362      D1D0F7C1 
 362      22C90BBB 
 363 1231 95DF464D 		.ascii	"\225\337FM\007\310\356\210\316X#4\"\243&\223*\006\300"
 363      07C8EE88 
 363      CE582334 
 363      22A32693 
 363      2A06C0
 364 1244 81C2B551 		.ascii	"\201\302\265QbN\253\303\202\035\274\316\316\213\214"
 364      624EABC3 
 364      821DBCCE 
 364      CE8B8C
 365 1253 664B841D 		.ascii	"fK\204\035\362e\243\305\301\033\314Q\266\250\260`\336"
 365      F265A3C5 
 365      C11BCC51 
 365      B6A8B060 
 365      DE
 366 1264 BAD9A2B7 		.ascii	"\272\331\242\267\363\274\325\006\252~\362V\323\303\333"
 366      F3BCD506 
 366      AA7EF256 
 366      D3C3DB
 367 1273 C04D7F51 		.ascii	"\300M\177Q\302f\011vD\331-6\013Q\256\205\201\177e\335"
 367      C2660976 
 367      44D92D36 
 367      0B51AE85 
 367      817F65DD 
 368 1287 F48E7B50 		.ascii	"\364\216{PM\364\356\032\371-\360\215\224)\311b\362\253"
 368      4DF4EE1A 
 368      F92DF08D 
ARM GAS  /tmp/ccYXlTQb.s 			page 29


 368      9429C962 
 368      F2AB
 369 1299 2649F80F 		.ascii	"&I\370\017o\345\201X\335\241*\255\270|\360:\0229\223"
 369      6FE58158 
 369      DDA12AAD 
 369      B87CF03A 
 369      123993
 370 12ac 35C48BFD 		.ascii	"5\304\213\375\302\035\273e\023\011\2057Qm\331\004W\366"
 370      C21DBB65 
 370      13098537 
 370      516DD904 
 370      57F6
 371 12be 6D06D705 		.ascii	"m\006\327\0058\272\231\027\003\025B\276}\000\023b\011"
 371      38BA9917 
 371      031542BE 
 371      7D001362 
 371      09
 372 12cf E383C5EA 		.ascii	"\343\203\305\352\361s\343 `\"\343\003\025\0143l\261"
 372      F173E320 
 372      6022E303 
 372      150C336C 
 372      B1
 373 12e0 6F0E0E33 		.ascii	"o\016\0163\361?\000\314f\253\235\217\"\014D\301\356"
 373      F13F00CC 
 373      66AB9D8F 
 373      220C44C1 
 373      EE
 374 12f1 10C17A12 		.ascii	"\020\301z\022h\302{\221z\027\343\371\216\002\014t\332"
 374      68C27B91 
 374      7A17E3F9 
 374      8E020C74 
 374      DA
 375 1302 5D7649ED 		.ascii	"]vI\355l\023\357\352\314Qv\222\330\306\225[&\336H\303"
 375      6C13EFEA 
 375      CC517692 
 375      D8C6955B 
 375      26DE48C3 
 376 1316 601227D4 		.ascii	"`\022'\324`3\231a\332\241\002C\364\341&H6\307\026\263"
 376      60339961 
 376      DAA10243 
 376      F4E12648 
 376      36C716B3 
 377 132a 26DC64B5 		.ascii	"&\334d\265\377\305\365\004\226\262\267+}Q\037Y\230\244"
 377      FFC5F504 
 377      96B2B72B 
 377      7D511F59 
 377      98A4
 378 133c FA4DFCDF 		.ascii	"\372M\374\337\277\235\3606\"\372\177?\331\361\275"
 378      BF9DF036 
 378      22FA7F3F 
 378      D9F1BD
 379              		.text
 380              		.section	.gnu.lto_.symtab.b2fd8d2137516dd6,"e",%progbits
 381 0000 63685246 		.ascii	"chRFCUCollectFaultsI\000"
 381      4355436F 
 381      6C6C6563 
 381      74466175 
ARM GAS  /tmp/ccYXlTQb.s 			page 30


 381      6C747349 
 382 0015 00       		.ascii	"\000"
 383 0016 00       		.ascii	"\000"
 384 0017 00       		.ascii	"\000"
 385 0018 00000000 		.ascii	"\000\000\000\000\000\000\000\000"
 385      00000000 
 386 0020 C9000000 		.ascii	"\311\000\000\000"
 387 0024 63685246 		.ascii	"chRFCUGetAndClearFaultsI\000"
 387      43554765 
 387      74416E64 
 387      436C6561 
 387      72466175 
 388 003d 00       		.ascii	"\000"
 389 003e 00       		.ascii	"\000"
 390 003f 00       		.ascii	"\000"
 391 0040 00000000 		.ascii	"\000\000\000\000\000\000\000\000"
 391      00000000 
 392 0048 CD000000 		.ascii	"\315\000\000\000"
 393 004c 63683000 		.ascii	"ch0\000"
 394 0050 00       		.ascii	"\000"
 395 0051 02       		.ascii	"\002"
 396 0052 00       		.ascii	"\000"
 397 0053 00000000 		.ascii	"\000\000\000\000\000\000\000\000"
 397      00000000 
 398 005b E8010000 		.ascii	"\350\001\000\000"
 399              		.text
 400              		.section	.gnu.lto_.opts,"e",%progbits
 401 0000 272D666E 		.ascii	"'-fno-openmp' '-fno-openacc' '-fno-pie' '-mcpu=cort"
 401      6F2D6F70 
 401      656E6D70 
 401      2720272D 
 401      666E6F2D 
 402 0033 65782D6D 		.ascii	"ex-m3' '-mthumb' '-mfloat-abi=soft' '-march=armv7-m"
 402      33272027 
 402      2D6D7468 
 402      756D6227 
 402      20272D6D 
 403 0066 2720272D 		.ascii	"' '-O2' '-fstack-usage' '-ffunction-sections' '-fda"
 403      4F322720 
 403      272D6673 
 403      7461636B 
 403      2D757361 
 404 0099 74612D73 		.ascii	"ta-sections' '-fno-common' '-flto' '-fshort-enums'\000"
 404      65637469 
 404      6F6E7327 
 404      20272D66 
 404      6E6F2D63 
 405              		.text
 406              		.comm	__gnu_lto_v1,1,1
 407              		.comm	__gnu_lto_slim,1,1
 408              		.ident	"GCC: (GNU Arm Embedded Toolchain 9-2020-q2-update) 9.3.1 20200408 (release)"
ARM GAS  /tmp/ccYXlTQb.s 			page 31


DEFINED SYMBOLS
                            *ABS*:0000000000000000 chrfcu.c
                            *COM*:0000000000000001 __gnu_lto_v1
                            *COM*:0000000000000001 __gnu_lto_slim

NO UNDEFINED SYMBOLS
