ARM GAS  /tmp/ccPuQo51.s 			page 1


   1              		.cpu cortex-m3
   2              		.eabi_attribute 20, 1
   3              		.eabi_attribute 21, 1
   4              		.eabi_attribute 23, 3
   5              		.eabi_attribute 24, 1
   6              		.eabi_attribute 25, 1
   7              		.eabi_attribute 26, 1
   8              		.eabi_attribute 30, 2
   9              		.eabi_attribute 34, 1
  10              		.eabi_attribute 18, 4
  11              		.file	"crt1.c"
  12              		.section	.gnu.lto_.profile.64e0eb2606186d6a,"e",%progbits
  13 0000 789CE360 		.ascii	"x\234\343``\004B \000\000\000]\000\013"
  13      60044220 
  13      0000005D 
  13      000B
  14              		.text
  15              		.section	.gnu.lto_.icf.64e0eb2606186d6a,"e",%progbits
  16 0000 789CE360 		.ascii	"x\234\343``dPc@\0006\206\033\323\237\256eb\004\223L"
  16      60645063 
  16      40003686 
  16      1BD39FAE 
  16      65620493 
  17 0015 609279C2 		.ascii	"`\222y\302\232\367\223xX\346/\274{\216\203u\376\271"
  17      9AF79378 
  17      58E62FBC 
  17      7B8E8375 
  17      FEB9
  18 0027 792D3C0C 		.ascii	"y-<\014\000e%\021\245"
  18      00652511 
  18      A5
  19              		.text
  20              		.section	.gnu.lto_.jmpfuncs.64e0eb2606186d6a,"e",%progbits
  21 0000 789CE360 		.ascii	"x\234\343``d\020d@\000V fd``b``f``\001r\000\003\320"
  21      60641064 
  21      40005620 
  21      66646060 
  21      62606066 
  22 001b 002A     		.ascii	"\000*"
  23              		.text
  24              		.section	.gnu.lto_.inline.64e0eb2606186d6a,"e",%progbits
  25 0000 789CE360 		.ascii	"x\234\343``d\330\310\200\000\254\014\014\314\015@\300"
  25      6064D8C8 
  25      8000AC0C 
  25      0CCC0D40 
  25      C0
  26 0011 94C2C8C0 		.ascii	"\224\302\310\300\304\300\320\010d\32610\260A\204\230"
  26      C4C0D008 
  26      64D63130 
  26      B0418498 
  27 0021 40420C40 		.ascii	"@B\014@\035\004\2250\021V\302\014\244\300\022\310JX"
  27      1D049530 
  27      1156C20C 
  27      A4C012C8 
  27      4A58
  28 0033 200CA812 		.ascii	" \014\250\022\026\006\221\025\307\326md\316\001*Q\002"
  28      16069115 
ARM GAS  /tmp/ccPuQo51.s 			page 2


  28      C7D66D64 
  28      CE012A51 
  28      02
  29 0044 B23630E7 		.ascii	"\26260\347\000MY\202l\012\003\000\332\\'\251"
  29      004D5982 
  29      6C0A0300 
  29      DA5C27A9 
  30              		.text
  31              		.section	.gnu.lto_.pureconst.64e0eb2606186d6a,"e",%progbits
  32 0000 789CE360 		.ascii	"x\234\343``d\020````e\230\301\3028\203\205i\006\013"
  32      60641060 
  32      60606065 
  32      98C1C238 
  32      83856906 
  33 0015 F3161696 		.ascii	"\363\026\026\226Y,\000\033\226\003S"
  33      592C001B 
  33      960353
  34              		.text
  35              		.section	.gnu.lto___cpu_init.64e0eb2606186d6a,"e",%progbits
  36 0000 789CE360 		.ascii	"x\234\343``d\350e``p\005bY fdf`djhhp`o\344`bd\004\263"
  36      6064E865 
  36      60607005 
  36      62592066 
  36      64666064 
  37 0020 1A381819 		.ascii	"\0328\030\031\352\231\030\353\031\373\231\24733\036"
  37      EA9918EB 
  37      19FB99A7 
  37      33331E
  38 002f 6A7FB693 		.ascii	"j\177\266\223Is9P\246\341\300\364]\\m\015\255\022\363"
  38      49733950 
  38      A6E1C0F4 
  38      5D5C6D0D 
  38      AD12F3
  39 0042 99191866 		.ascii	"\231\031\030f\0021\0040\356b\324d`\000\252|\264\361"
  39      02310430 
  39      EE62D464 
  39      6000AA7C 
  39      B4F1
  40 0054 DF545E36 		.ascii	"\337T^6\026\250\024\343nF6\240e\014\014\353/\261\036"
  40      16A814E3 
  40      6E4636A0 
  40      650C0CEB 
  40      2FB11E
  41 0067 68F8F7BF 		.ascii	"h\370\367\277\275\341\300\237E\214\327\275\230\030\030"
  41      BDE1C09F 
  41      458CD7BD 
  41      981818
  42 0076 BA991940 		.ascii	"\272\231\031@\306\26106\034``\350af\202p\032\201\234"
  42      C6B13036 
  42      1C6060E8 
  42      61668270 
  42      1A819C
  43 0089 778C4D0A 		.ascii	"w\214M\012`\215 \320\315\314\210P\306\300\340\254\247"
  43      608D20D0 
  43      CDCC8850 
  43      C6C0E0AC 
  43      A7
ARM GAS  /tmp/ccPuQo51.s 			page 3


  44 009a A70F44D9 		.ascii	"\247\017D\331\251Ey\2519\372\316\031\231I\231\376\301"
  44      A94579A9 
  44      39FACE19 
  44      994999FE 
  44      C1
  45 00ab FAF9C5FA 		.ascii	"\372\371\305\372\311\371\271\271\371y\372\305%\211E"
  45      C9F9B9B9 
  45      F979FAC5 
  45      258945
  46 00ba 25A505FA 		.ascii	"%\245\005\372\216A\276\316\276\025 \321\202\314\234"
  46      8E41BECE 
  46      BE1520D1 
  46      82CC9C
  47 00c9 D4A2627D 		.ascii	"\324\242b}wgg\375\344\242\022C\275d\006\000\033iF\243"
  47      776767FD 
  47      E4A21243 
  47      BD640600 
  47      1B6946A3 
  48              		.text
  49              		.section	.gnu.lto___early_init.64e0eb2606186d6a,"e",%progbits
  50 0000 789CE360 		.ascii	"x\234\343``d\350f``p\005bY fdf`djhhp`o\344`bd\004\263"
  50      6064E866 
  50      60607005 
  50      62592066 
  50      64666064 
  51 0020 1A381819 		.ascii	"\0328\030\031\352\231\030\353\031\373\231\24733\036"
  51      EA9918EB 
  51      19FB99A7 
  51      33331E
  52 002f 6A7FB693 		.ascii	"j\177\266\223Is9P\246\341\300\364\011\334m\015\255\022"
  52      49733950 
  52      A6E1C0F4 
  52      09DC6D0D 
  52      AD12
  53 0041 F3991918 		.ascii	"\363\231\031\030f\0021\0040\356b\324d`\000\252|\264"
  53      66023104 
  53      30EE62D4 
  53      646000AA 
  53      7CB4
  54 0053 F1DF545E 		.ascii	"\361\337T^6\026\250\024\343nF6\240e\014\014\353/\261"
  54      3616A814 
  54      E36E4636 
  54      A0650C0C 
  54      EB2FB1
  55 0066 1E68F8F7 		.ascii	"\036h\370\367\277\275\341\300\031\345R&\006\206nf\006"
  55      BFBDE1C0 
  55      19E55226 
  55      06866E66 
  55      06
  56 0077 90612C8C 		.ascii	"\220a,\214\015\007\030\030z\230\231 \234F \347\035c"
  56      0D071818 
  56      7A989920 
  56      9C4620E7 
  56      1D63
  57 0089 9302581B 		.ascii	"\223\002X\033\010t33\"\224108\353\351\351\003QvjQ^j"
  57      08743333 
  57      22943130 
ARM GAS  /tmp/ccPuQo51.s 			page 4


  57      38EBE9E9 
  57      0351766A 
  58 00a0 8EBE7346 		.ascii	"\216\276sFfR\246\177\260~~\261~r~nn~\236~qIbQIi\201"
  58      6652A67F 
  58      B07E7EB1 
  58      7E727E6E 
  58      6E7E9E7E 
  59 00bb BE6390AF 		.ascii	"\276c\220\257\263o\005H\264 3'\265\250X\337\335\331"
  59      B36F0548 
  59      B4203327 
  59      B5A858DF 
  59      DDD9
  60 00cd 593FB9A8 		.ascii	"Y?\271\250\304P/\231\001\000\014]E\034"
  60      C4502F99 
  60      01000C5D 
  60      451C
  61              		.text
  62              		.section	.gnu.lto___late_init.64e0eb2606186d6a,"e",%progbits
  63 0000 789CE360 		.ascii	"x\234\343``d\350f``p\005bY fdf`djhhp`o\344`bd\004\263"
  63      6064E866 
  63      60607005 
  63      62592066 
  63      64666064 
  64 0020 1A381819 		.ascii	"\0328\030\031\352\231\030\353\031\373\231\24733\036"
  64      EA9918EB 
  64      19FB99A7 
  64      33331E
  65 002f 6A7FB693 		.ascii	"j\177\266\223Is9P\246\341\300\364=\334m\015\255\022"
  65      49733950 
  65      A6E1C0F4 
  65      3DDC6D0D 
  65      AD12
  66 0041 F3991918 		.ascii	"\363\231\031\030f\0021\0040\356b\324d`\000\252|\264"
  66      66023104 
  66      30EE62D4 
  66      646000AA 
  66      7CB4
  67 0053 F1DF545E 		.ascii	"\361\337T^6\026\250\024\343nF6\240e\014\014\353/\261"
  67      3616A814 
  67      E36E4636 
  67      A0650C0C 
  67      EB2FB1
  68 0066 1E68F8F7 		.ascii	"\036h\370\367\277\275\341\300\021\345b&\006\206nf\006"
  68      BFBDE1C0 
  68      11E56226 
  68      06866E66 
  68      06
  69 0077 90612C8C 		.ascii	"\220a,\214\015\007\030\030z\230\231 \234F \347\035c"
  69      0D071818 
  69      7A989920 
  69      9C4620E7 
  69      1D63
  70 0089 9302581B 		.ascii	"\223\002X\033\010t33\"\224108\353\351\351\003QvjQ^j"
  70      08743333 
  70      22943130 
  70      38EBE9E9 
  70      0351766A 
ARM GAS  /tmp/ccPuQo51.s 			page 5


  71 00a0 8EBE7346 		.ascii	"\216\276sFfR\246\177\260~~\261~r~nn~\236~qIbQIi\201"
  71      6652A67F 
  71      B07E7EB1 
  71      7E727E6E 
  71      6E7E9E7E 
  72 00bb BE6390AF 		.ascii	"\276c\220\257\263o\005H\264 3'\265\250X\337\335\331"
  72      B36F0548 
  72      B4203327 
  72      B5A858DF 
  72      DDD9
  73 00cd 593FB9A8 		.ascii	"Y?\271\250\304P/\231\001\000(\011E>"
  73      C4502F99 
  73      01002809 
  73      453E
  74              		.text
  75              		.section	.gnu.lto___default_exit.64e0eb2606186d6a,"e",%progbits
  76 0000 789CE360 		.ascii	"x\234\343``d\350c``p\005b[ fde`djhhp`o\344`bd\206\262"
  76      6064E863 
  76      60607005 
  76      625B2066 
  76      64656064 
  77 0020 981959A0 		.ascii	"\230\031Y\240,\026\250\230##C=\0233\013#\220`\200\203"
  77      2C16A898 
  77      2323433D 
  77      13330B23 
  77      90608083 
  78 0034 7EE6E9CC 		.ascii	"~\346\351\314\214\207\332\237\355d\322\\\016T\325p`"
  78      8C87DA9F 
  78      ED64D25C 
  78      0E54D570 
  78      60
  79 0045 FA37EEB6 		.ascii	"\3727\356\266\206V\211\371@53\341\352\030w1j20\000U"
  79      865689F9 
  79      403533E1 
  79      EA187731 
  79      6A323000 
  80 005a 3EDAF86F 		.ascii	">\332\370o*/\033\013T\212q7#\033\3201\014\014\353/\261"
  80      2A2F1B0B 
  80      548A7137 
  80      231BD031 
  80      0C0CEB2F 
  81 006f 1E68F8F7 		.ascii	"\036h\370\367\277\275\341\300\235\305\214\023\375\200"
  81      BFBDE1C0 
  81      9DC58C13 
  81      FD80
  82 007d 42DDCC0C 		.ascii	"B\335\314\014\357\216\26116\034\0001\231@\314F0\023"
  82      EF8EB131 
  82      361C0031 
  82      9940CC46 
  82      3013
  83 008f E4940616 		.ascii	"\344\224\006\026\020\207\261\233\231\005\302a\004\212"
  83      1087B19B 
  83      9905C261 
  83      048A
  84 009d 3332B083 		.ascii	"32\260\203Lt\326\323\323\007\242\354\324\242\274\324"
  84      4C74D6D3 
  84      D307A2EC 
ARM GAS  /tmp/ccPuQo51.s 			page 6


  84      D4A2BCD4 
  85 00ad 1C7DE78C 		.ascii	"\034}\347\214\314\244L\377`\375\374b\375\344\374\334"
  85      CCA44CFF 
  85      60FDFC62 
  85      FDE4FCDC 
  86 00bd DCFC3CFD 		.ascii	"\334\374<\375\342\222\304\242\222\322\002}\307 _g\337"
  86      E292C4A2 
  86      92D2027D 
  86      C7205F67 
  86      DF
  87 00ce 0A906841 		.ascii	"\012\220hAfNjQ\261\276\273\263\263~rQ\211\241^2\003"
  87      664E6A51 
  87      B1BEBBB3 
  87      B37E7251 
  87      89A15E32 
  88 00e3 009AB14B 		.ascii	"\000\232\261K`"
  88      60
  89              		.text
  90              		.section	.gnu.lto___init_ram_areas.64e0eb2606186d6a,"e",%progbits
  91 0000 789C9554 		.ascii	"x\234\225T\337o\024U\024\276g\356\235\235\331\331\331"
  91      DF6F1455 
  91      14BE67EE 
  91      9D9DD9D9 
  91      D9
  92 0011 DAB47D20 		.ascii	"\332\264} !!\274\364\201\227.\360\304\013F\262\011\032"
  92      2121BCF4 
  92      81972EF0 
  92      C40B46B2 
  92      091A
  93 0023 239AE83F 		.ascii	"#\232\350? \326&6\002\335lk\302\033\267\333-(\213\240"
  93      20D62636 
  93      02DD6C6B 
  93      C21BB7DB 
  93      2D288BA0 
  94 0037 46019BD4 		.ascii	"F\001\233\324-\254\004|p\013J\242\024\332\316v\221\376"
  94      2DAC047C 
  94      700B4AA2 
  94      14DACE76 
  94      91FE
  95 0049 00A4ACD2 		.ascii	"\000\244\254\322\332*5\001)RSE\002U\227\266\3539wf\332"
  95      DA2A3501 
  95      29525345 
  95      025597B6 
  95      EB397766 
  96 005e A628C6CD 		.ascii	"\246(\306\315\356\3353\367~\347;\347|\347\3145\031\260"
  96      EEDD33F7 
  96      7EE73BE7 
  96      7CE7CC35 
  96      19B0
  97 0070 9B3A63CF 		.ascii	"\233:c\3173\306\362\370\2030\003MJ\371\224\321lj\300"
  97      33C6F2F8 
  97      8330034D 
  97      4AF994D1 
  97      6C6AC0
  98 0083 3D8B83EE 		.ascii	"=\213\203\356Y\302\263r\246\256\211\302\335\342\006"
  98      59C2B372 
  98      A6AE89C2 
ARM GAS  /tmp/ccPuQo51.s 			page 7


  98      DDE206
  99 0092 21AD50F6 		.ascii	"!\255P\366@\253!\244\035\002S\235\201\341\0319\323\324"
  99      40AB21A4 
  99      1D02539D 
  99      81E11939 
  99      D3D4
 100 00a4 0C0F14F4 		.ascii	"\014\017\024\364@A\315\3063\332\261\360\337\304\035"
 100      4041CDC6 
 100      33DAB1F0 
 100      DFC41D
 101 00b3 DB0BB3C9 		.ascii	"\333\013\263\311\002P\2064\201\355\322\270\320C\206"
 101      02508634 
 101      81EDD2B8 
 101      D04386
 102 00c2 19B42DD8 		.ascii	"\031\264-\330%8\003G \355\302\302\324Gg\013\037s\321"
 102      25380347 
 102      20EDC2C2 
 102      D447670B 
 102      1F73D1
 103 00d5 3CC00F71 		.ascii	"<\300\017q\350\3333yF[s\034\371\244s\350\313'v\313\326"
 103      E8DB3379 
 103      465B731C 
 103      F9A473E8 
 103      CB2776CB 
 104 00ea 1569CED8 		.ascii	"\025i\316\330\207\334GA\027\254a\014\221\023\211\366"
 104      87DC4741 
 104      17AC610C 
 104      911389F6 
 105 00fa 3FEDFD3C 		.ascii	"?\355\375<\315\001\004>\276?tz\320\242G\015V\343c2}"
 105      CD01043E 
 105      BE3F747A 
 105      D0A2470D 
 105      56E36332 
 106 010f A253F0CD 		.ascii	"\242S\360\315@\310?R\247\212vuF\312\204tf\272\2532-"
 106      40C83F52 
 106      A78A7675 
 106      46CA8474 
 106      66BAAB32 
 107 0124 72408A34 		.ascii	"r@\2124\347\320\015\034\211\341\034\254\204\263\260"
 107      E7D00D1C 
 107      89E11CAC 
 107      84B3B0
 108 0133 D2E547FC 		.ascii	"\322\345G\374\215S\363\037\204\003\002z\240\332\013"
 108      8D53F31F 
 108      8403027A 
 108      A0DA0B
 109 0142 0CBD1000 		.ascii	"\014\275\020\000<\271\344\274\325i\361g\025\353\350"
 109      3CB9E4BC 
 109      D569F167 
 109      15EBE8
 110 0151 E4831B86 		.ascii	"\344\203\033\206\307:\322\263\352\210\307*\300\371g"
 110      C73AD2B3 
 110      EA88C72A 
 110      C0F967
 111 0160 D6F3B766 		.ascii	"\326\363\267f\013!\376\234\362M\\\275\377@\363|\207"
 111      0B21FE9C 
 111      F24D5CBD 
ARM GAS  /tmp/ccPuQo51.s 			page 8


 111      FF40F37C 
 111      87
 112 0171 9E6C934E 		.ascii	"\236l\223Nr5y\366=>\237<TC\016s\242l(\251\363\230\024"
 112      723579F6 
 112      3D3E9F3C 
 112      54430E73 
 112      A26C28A9 
 113 0188 639CF2F4 		.ascii	"c\234\362\364\317:\013\272#\347K{\2443\271\261\373\364"
 113      CF3A0BBA 
 113      23E74B7B 
 113      A433B9B1 
 113      FBF4
 114 019a 85AA2A60 		.ascii	"\205\252*`i\256k\270`/p\021\214\320:#|\200\221\207\241"
 114      69AE6BB8 
 114      602F7011 
 114      8CD03A23 
 114      7C809187 
 115 01af 565BED84 		.ascii	"V[\355\204\225]\2460\345\312\256Pk\245:e,\305\331\247"
 115      955DA630 
 115      E5CAAE50 
 115      6BA53A65 
 115      2CC5D9A7 
 116 01c3 380D201D 		.ascii	"8\015 \035\2625e7\243\275\217\363\273\305\023\033\224"
 116      B2356537 
 116      A3BD8FF3 
 116      BBC5131B 
 116      94
 117 01d4 3D058973 		.ascii	"=\005\211sw\356\3346(\273vnc\372\373[~\2330\2513\\\325"
 117      77EEDC36 
 117      28BB766E 
 117      63FAFB5B 
 117      7E9B30A9 
 118 01eb EE8C9F1C 		.ascii	"\356\214\237\034+;\006\231flqG\017\345\2078\001_Q\301"
 118      2B3B0699 
 118      666C7147 
 118      0FE58738 
 118      015F51C1 
 119 01ff 789CFDE2 		.ascii	"x\234\375\342\370\225\360\332\254|GJ\324\304\200\013"
 119      F895F0DA 
 119      AC7C474A 
 119      D4C4800B 
 120 020f 700C0EBB 		.ascii	"p\014\016\273M\350\207\265.\375\224O\037^\316\327\365"
 120      4DE887B5 
 120      2EFD944F 
 120      1F5ECED7 
 120      F5
 121 0220 9F7C038A 		.ascii	"\237|\003\212\017\210o\020\371\330\214\232\236\263\367"
 121      0F886F10 
 121      F9D88C9A 
 121      9EB3F7
 122 022f BBA78249 		.ascii	"\273\247\202IH4\037F\222\207\037=\223\346f\206\202\302"
 122      48341F46 
 122      92871F3D 
 122      93E66686 
 122      82C2
 123 0241 1024412B 		.ascii	"\020$A+\224\265\3632\273\355h\037`\251\"\325:\332\317"
 123      94B5F332 
ARM GAS  /tmp/ccPuQo51.s 			page 9


 123      BBED681F 
 123      60A922D5 
 123      3ADACF
 124 0254 FD5A0FA6 		.ascii	"\375Z\017\246\246\347bn2\260\264V\361H\255\030=\330"
 124      A6E7626E 
 124      32B0B456 
 124      F148AD18 
 124      3DD8
 125 0266 CE75B848 		.ascii	"\316u\270H\211\301%L\203\374'\366~\302\311}y!\253\024"
 125      89C1254C 
 125      83FC27F6 
 125      7EC2C97D 
 125      7921AB14 
 126 027a 3AE0A12F 		.ascii	":\340\241/#\032\003\240C\313g\273\347\346^v\003V\020"
 126      231A03A0 
 126      43CB67BB 
 126      E7E65E76 
 126      035610
 127 028d 8006456D 		.ascii	"\200\006Em\277]z\325\335\256\244(\356\374\354\343\372"
 127      BF5D7AD5 
 127      DDAEA428 
 127      EEFCECE3 
 127      FA
 128 029e 6CA954E2 		.ascii	"l\251T\342\213\235\231\276m\271(\355\321\364\036\253"
 128      8B9D99BE 
 128      6DB928ED 
 128      D1F41EAB 
 129 02ae DBD74A37 		.ascii	"\333\327J7\2154\271\202\272\335\202\344\365\374\017"
 129      8D34B982 
 129      BADD82E4 
 129      F5FC0F
 130 02bd E0716122 		.ascii	"\340qa\"\324\241\031\320\261\345\274\253\370\027f[)"
 130      D4A119D0 
 130      B1E5BCAB 
 130      F817665B 
 130      29
 131 02ce DAE60761 		.ascii	"\332\346\007aF\265\211\217\253\255\012Q|\230\003\034"
 131      46B5898F 
 131      ABAD0A51 
 131      7C98031C 
 132 02de 9D901A17 		.ascii	"\235\220\032\027R\323xo\251\232\367~\236\353\017\374"
 132      52D3786F 
 132      A99AF77E 
 132      9EEB0FFC 
 133 02ee BB1C8627 		.ascii	"\273\034\206'\3070\346\262T\354 0\270\352\3530]\362"
 133      C730E6B2 
 133      54EC2030 
 133      B8EAEB30 
 133      5DF2
 134 0300 E4292707 		.ascii	"\344)'\007_\007\272\330\244X\324a\326\327\201\377O\035"
 134      5F07BAD8 
 134      A458D461 
 134      D6D781FF 
 134      4F1D
 135 0312 0A4A0735 		.ascii	"\012J\0075\033\337,\327\201cDW\007\003\303\033\343\245"
 135      1BDF2CD7 
 135      81634457 
ARM GAS  /tmp/ccPuQo51.s 			page 10


 135      0703C31B 
 135      E3A5
 136 0324 1C161D08 		.ascii	"\034\026\035\010Q\374\340\357\213/\010&\331\372\256"
 136      51FCE0EF 
 136      8B2F0826 
 136      D9FAAE
 137 0333 E7829345 		.ascii	"\347\202\223E\363w\344\332p\002\334\313\254\034\276"
 137      F377E4DA 
 137      7002DCCB 
 137      AC1CBE
 138 0342 C5D0C8FB 		.ascii	"\305\320\310\373}~d @\357:\242\020\322[:\330+\010b\201"
 138      7D7E6420 
 138      40EF3AA2 
 138      10D25B3A 
 138      D82B0862 
 139 0357 B9B47853 		.ascii	"\271\264xSM\332\302\000\257\360G\0277\177\224\367.["
 139      4DDAC200 
 139      AFF04717 
 139      377F94F7 
 139      2E5B
 140 0369 5457799A 		.ascii	"TWy\232\207`\024G\031F\274\262\336\034\376\351Lh\375"
 140      87601447 
 140      1946BCB2 
 140      DE1CFEE9 
 140      4C68FD
 141 037c 492AAB63 		.ascii	"I*\253c\012\260f\370\016\013\203k\356\265\203\200\275"
 141      0AB066F8 
 141      0E0B836B 
 141      EEB58380 
 141      BD
 142 038d 6317AF2F 		.ascii	"c\027\257/\274\021G\201\336\3361X\217U\217#\215\272"
 142      BC114781 
 142      DEDE3158 
 142      8F558F23 
 142      8DBA
 143 039f 9952DCCE 		.ascii	"\231R\334\316\377\222Y\247\332he\375\273\340WHt|\376"
 143      FF9259A7 
 143      DA6865FD 
 143      BBE05748 
 143      747CFE
 144 03b2 31787714 		.ascii	"1xw\024\241 \353\337\031\214Ekj\"\370}\275.\276\243"
 144      A120EBDF 
 144      198C456B 
 144      6A22F87D 
 144      BD2EBEA3 
 145 03c6 6E5B24FA 		.ascii	"n[$\372Z\375+\365/\274\024ih\214\3246l\337\336\260#"
 145      5AFD2BF5 
 145      2FBC1469 
 145      688CD436 
 145      6CDFDEB0 
 146 03db D2D8B435 		.ascii	"\322\330\2645\336\364F,\262\351\305-\321-;i7V\277\255"
 146      DEF4462C 
 146      B2E9C52D 
 146      D12D3B69 
 146      3756BFAD 
 147 03ef 2EDE1879 		.ascii	".\336\030y:\032\215\324\306\233\326\325\3242\036\337"
 147      3A1A8DD4 
ARM GAS  /tmp/ccPuQo51.s 			page 11


 147      C69BD6D5 
 147      D4321EDF 
 148 03ff 1A8398D6 		.ascii	"\032\203\230\326\024\373\033\342\373$U"
 148      14FB1BE2 
 148      FB2455
 149              		.text
 150              		.section	.gnu.lto_ram_areas.64e0eb2606186d6a,"e",%progbits
 151 0000 789C75D0 		.ascii	"x\234u\320KO\023a\024\306\361\367\364\245\345\"\027"
 151      4B4F1361 
 151      14C6F1F7 
 151      F4A5E522 
 151      17
 152 0011 A977EBE5 		.ascii	"\251w\353\345\033t\202\273\3560\023\343\212\220\350"
 152      1B7482BB 
 152      EE3013E3 
 152      8A90E8
 153 0020 27C0A609 		.ascii	"'\300\246\011\215\224\222\266&\306\325\320\020C4AV\224"
 153      8D9492B6 
 153      26C6D5D0 
 153      10433441 
 153      5694
 154 0032 2E489BD4 		.ascii	".H\233\324\205\211&]\270\250\001\001\025\360Z\005/\340"
 154      8589265D 
 154      B8A80101 
 154      15F05A05 
 154      2FE0
 155 0044 955A502E 		.ascii	"\225ZP.\011\211[\331\341a\346\3318p\232\246\377d\236"
 155      09895BD9 
 155      E161E6D9 
 155      38709AA6 
 155      FF649E
 156 0057 CCC92FAD 		.ascii	"\314\311/\255S\244\372\275J]P\316'\243i\354^y\247~\200"
 156      53A4FABD 
 156      4A5D50CE 
 156      27A369EC 
 156      5E79A77E 
 157 006c D2FD8396 		.ascii	"\322\375\203\226U\275\375G\337\310iU\320{\267\374\272"
 157      55BDFD47 
 157      DFC86955 
 157      D07BB7FC 
 157      BA
 158 007d C75E689F 		.ascii	"\307^h\237\205\354\305\263w\361\333\203\266\207\225"
 158      85ECC5B3 
 158      77F1DB83 
 158      B68795
 159 008c 47539DA1 		.ascii	"GS\235\241\2225\230\267\332s\232F\265\242I\032\340\022"
 159      923598B7 
 159      DA739A46 
 159      B5A2491A 
 159      E012
 160 009e 3DB6EBA1 		.ascii	"=\266\353\241\011\273\232\306\271\273oT\263wG|C:\307"
 160      09BB9AC6 
 160      B9BB6F54 
 160      B377477C 
 160      433AC7
 161 00b1 53ADFB72 		.ascii	"S\255\373r\361\216\003\255\021\241^\021\352\223\240"
 161      F18E03AD 
ARM GAS  /tmp/ccPuQo51.s 			page 12


 161      11A15E11 
 161      EA93A0
 162 00c0 B5027406 		.ascii	"\265\002t\006\320g\200>\005\364\011\240\245\371l\006"
 162      D067803E 
 162      05F409A0 
 162      A5F96C06 
 163 00d0 509FFB72 		.ascii	"P\237\373r\001\320:\021Z/B\033$\350\001\001\372\012"
 163      01D03A11 
 163      5A2F421B 
 163      24E80101 
 163      FA0A
 164 00e2 D09780BE 		.ascii	"\320\227\200\276\000\3649\240K\313\205<9P\257\373\362"
 164      00F439A0 
 164      4BCB853C 
 164      3950AFFB 
 164      F2
 165 00f3 DF2107DA 		.ascii	"\337!\007\332(B\233Dh\263\004m\021\240\363\200\276\003"
 165      28429B44 
 165      68B3046D 
 165      11A0F380 
 165      BE03
 166 0105 F42DA065 		.ascii	"\364-\240e@+\351\261\355F\007Z\343\276\274\005\350A"
 166      402BE9B1 
 166      ED46075A 
 166      E3BEBC05 
 166      E841
 167 0117 11DA2A42 		.ascii	"\021\332*B\375\022\364\220\000]\004\364\023\240\037"
 167      FD12F490 
 167      005D04F4 
 167      13A01F
 168 0126 01FD0068 		.ascii	"\001\375\000hz\361A\251\331\201j\367\345i@\017\213\320"
 168      7AF141A9 
 168      D9816AF7 
 168      E569400F 
 168      8BD0
 169 0138 2322F4A8 		.ascii	"#\"\364\250\004=&@\277\003\372\015\320\257\200~\001"
 169      043D2640 
 169      BF03FA0D 
 169      D0AF807E 
 169      01
 170 0149 F4E6DCF0 		.ascii	"\364\346\334\360D\223\003\365\270/?\004\364\270\010"
 170      449303F5 
 170      B82F3F04 
 170      F4B808
 171 0158 3D21424F 		.ascii	"=!BOJ\320\200\000]\001\264\012\350O@+\200\376w\352>"
 171      4AD08000 
 171      5D01B40A 
 171      E84F402B 
 171      80FE77EA 
 172 016d 64A744D9 		.ascii	"d\247D\331iQvF\222\235\025d\353\220\255A\366\033\262"
 172      69517646 
 172      929D1564 
 172      EB90AD41 
 172      F61BB2
 173 0180 5F90156F 		.ascii	"_\220\025oe\027\032\234W,\376#5\265\005h\203Bt.@\253"
 173      65171A9C 
 173      572CFE23 
ARM GAS  /tmp/ccPuQo51.s 			page 13


 173      35B50568 
 173      8342742E 
 174 0196 9C650AD0 		.ascii	"\234e\012\320\017\356g\356\022\367=w\201\373\206\373"
 174      0FEE67EE 
 174      12F73D77 
 174      81FB86FB 
 175 01a6 9A3BC79D 		.ascii	"\232;\307\235\345Ns\247(\244h\223\177\314`\320\340\357"
 175      E54E73A7 
 175      28A46893 
 175      7FCC60D0 
 175      E0EF
 176 01b8 D548A237 		.ascii	"\325H\2427\322c\230\335\321+\321\316\313F<i\204\343"
 176      D26398DD 
 176      D12BD1CE 
 176      CB463C69 
 176      84E3
 177 01ca B158BCD7 		.ascii	"\261X\274\327H\246\272\022\251k}\306\371K\035f\307\365"
 177      48A6BA12 
 177      A96B7DC6 
 177      F94B1D66 
 177      C7F5
 178 01dc DDA77DD1 		.ascii	"\335\247}\321\236H\"i\\4M#\234H\265\005\303\352\037"
 178      9E482269 
 178      5C344D23 
 178      9C48B505 
 178      C3EA1F
 179 01ef 6B97F867 		.ascii	"k\227\370g"
 180              		.text
 181              		.section	.gnu.lto_.symbol_nodes.64e0eb2606186d6a,"e",%progbits
 182 0000 789C75CB 		.ascii	"x\234u\313GRBQ\020F\341s_\000L\210`\302@\332\211+\273"
 182      47524251 
 182      1046E173 
 182      5F004C88 
 182      60C240DA 
 183 0017 6FC21836 		.ascii	"o\302\0306\342\006\234\031@\224\214`D\021\011C\326 "
 183      E2069C19 
 183      40948C60 
 183      44110943 
 183      D620
 184 0029 EF2FAB1C 		.ascii	"\357/\253\034P\364\344\353\352S\035\303P2\200s\203%"
 184      50F4E4EB 
 184      EA531DC3 
 184      50328073 
 184      8325
 185 003b 588E67CA 		.ascii	"X\216g\312-\226;W\301\005a\301\271\305\2325\351\016"
 185      2D963B57 
 185      C10561C1 
 185      B9C59A35 
 185      E90E
 186 004d EBAC4915 		.ascii	"\353\254I\025\254\273\250F\376C\376/T\261\336e\251\030"
 186      ACBBA846 
 186      FE43FE2F 
 186      54B1DE65 
 186      A918
 187 005f 5D79F1AF 		.ascii	"]y\361\257!(\200\353\337cr\341\241\206#\037p\345#\236"
 187      212880EB 
 187      DF6372E1 
ARM GAS  /tmp/ccPuQo51.s 			page 14


 187      A186231F 
 187      70E5239E 
 188 0073 ACE3CB06 		.ascii	"\254\343\313\006\021\331$*[\304d\233\015\331aSv\331"
 188      11D9242A 
 188      5BC4649B 
 188      0DD96153 
 188      76D9
 189 0085 923DB6E5 		.ascii	"\222=\266\345\023;\262O\\\016\330\225\317$\344\013{"
 189      133BB24F 
 189      5C0ED895 
 189      CF24E40B 
 189      7B
 190 0096 F295A47C 		.ascii	"\362\225\244|#%\337\331\227\037\034\310!\207\362\223"
 190      2325DFD9 
 190      971F1CC8 
 190      2187F293 
 191 00a6 23F9C5B1 		.ascii	"#\371\305\261\034\221\226\337\234\3101\247\362\2073"
 191      1C9196DF 
 191      9CC831A7 
 191      F28733
 192 00b5 39E15C4E 		.ascii	"9\341\\N\311\310\031Y9'\027\312/\246\003D\030"
 192      C9C81959 
 192      392717CA 
 192      2FA60344 
 192      18
 193              		.text
 194              		.section	.gnu.lto_.refs.64e0eb2606186d6a,"e",%progbits
 195 0000 789C05C1 		.ascii	"x\234\005\301\013\026\201P\024\000\300\333\234\036\351"
 195      0B168150 
 195      1400C0DB 
 195      9C1EE9
 196 000f 8714E55B 		.ascii	"\207\024\345[d5\366\277\0373Ed\361\213\010\271\224I"
 196      6435F6BF 
 196      1F334564 
 196      F18B08B9 
 196      9449
 197 0021 DD9C6C6C 		.ascii	"\335\234ll\025vJ\225Z\243\265wp\3249\351\015\316.F\223"
 197      15764A95 
 197      5AA3B577 
 197      70D439E9 
 197      0DCE2E46 
 198 0036 AB9BBB87 		.ascii	"\253\233\273\207\247\227\331\342\355c\365\215?z\227"
 198      A797D9E2 
 198      ED63F58D 
 198      3F7A97
 199 0045 0391     		.ascii	"\003\221"
 200              		.text
 201              		.section	.gnu.lto_.decls.64e0eb2606186d6a,"e",%progbits
 202 0000 789CA596 		.ascii	"x\234\245\226kPT\311\025\307oO\017\314\203\001\\\324"
 202      6B5054C9 
 202      15C76F4F 
 202      0FCC8301 
 202      5CD4
 203 0012 18CB58D1 		.ascii	"\030\313X\321\015\226e%:\362Pk\253\222\252M\370\260"
 203      0D966525 
 203      3AF2506B 
 203      AB92AA4D 
ARM GAS  /tmp/ccPuQo51.s 			page 15


 203      F8B0
 204 0024 9B0FBB5B 		.ascii	"\233\017\273[\265\251|\311\207L\021BJjyX8$\346\333\025"
 204      B5A97CC9 
 204      874C1142 
 204      4A6A7958 
 204      3824E6DB 
 205 0039 100445C6 		.ascii	"\020\004E\306\007\362Ry\210\010\210\212\033]\037\240"
 205      07F25279 
 205      8808888A 
 205      1B5D1FA0 
 206 0049 200A08F2 		.ascii	" \012\010\362T\204\025\005FT|\000\202\274DE&\247\373"
 206      54841505 
 206      46547C00 
 206      82BC4445 
 206      26A7FB
 207 005c DC1966A6 		.ascii	"\334\031f\246q\253R\271\372\237\271\335}\316\357\364"
 207      71AB52B9 
 207      FA9FB9DD 
 207      7DCEEFF4 
 208 006c FCFBDC61 		.ascii	"\374\373\334a\264\022\221&|%\351k*I\211*I\262\301\245"
 208      B4129126 
 208      7C25E96B 
 208      2A49892A 
 208      49B2C1A5 
 209 0080 9124A943 		.ascii	"\221$\251C\232\277<@7A\015\240&P\233\262\276\0324\012"
 209      9ABF3C40 
 209      37410DA0 
 209      26509BB2 
 209      BE1A340A 
 210 0094 7A0D9A00 		.ascii	"z\015\232\000M\201\336\200\336\202\336\203>\200l B$"
 210      4D81DE80 
 210      DE82DE83 
 210      3E806C20 
 210      4224
 211 00a6 89823C40 		.ascii	"\211\202<@\032\220\016\344\005\362\006\371\202>\001"
 211      1A900EE4 
 211      05F206F9 
 211      823E01
 212 00b5 2D062D05 		.ascii	"-\006-\005-\003-\007\255\000\255\004\375\022\264\032"
 212      2D032D07 
 212      AD00AD04 
 212      FD12B41A 
 213 00c5 F42BD01A 		.ascii	"\364+\320\032\320Z\320:\320\257A\353AF\"\271\\)0fS["
 213      D05AD03A 
 213      D0AF41EB 
 213      414622B9 
 213      5C293066 
 214 00db 953151F6 		.ascii	"\2251Q\366\356~\245/\020\327\260@\\\306\002qM\013\304"
 214      EE7EA52F 
 214      10D7B040 
 214      5CC60271 
 214      4D0BC4
 215 00ee E52D10D7 		.ascii	"\345-\020\327\266@\334qX0(q~\240%\240\2150\327\017\357"
 215      B640DC71 
 215      58302871 
 215      7EA025A0 
 215      8D30D70F 
ARM GAS  /tmp/ccPuQo51.s 			page 16


 216 0103 6B4123A0 		.ascii	"kA#\240\000\030\007\202\372\340\376/\240W 5\350)\350"
 216      00180782 
 216      FAE0FE2F 
 216      A0572035 
 216      E829E8
 217 0116 056810F4 		.ascii	"\005h\020\364\\\251\321\241\274\217\272\325\351'\230"
 217      5CA9D1A1 
 217      BC8FBAD5 
 217      E92798
 218 0125 D3AF3097 		.ascii	"\323\2570\227\374\004\207]\253$\364r\275\342\355:\305"
 218      FC04875D 
 218      AB24F472 
 218      BDE2ED3A 
 218      C5
 219 0136 EB358AF7 		.ascii	"\3535\212\367\253\225\263X\251\234\315r\345\254\226"
 219      AB95B358 
 219      A99CCD72 
 219      E5AC96
 220 0145 2A67F789 		.ascii	"*g\367\211r\226\336\312\331\352\224\263\366P\316\236"
 220      7296DECA 
 220      D9EA94B3 
 220      F650CE9E 
 221 0155 F500EB05 		.ascii	"\365\000\353\005\326\023\2547X\217\260^a=\303z\347\265"
 221      D613AC37 
 221      588FB05E 
 221      613DC37A 
 221      E7B5
 222 0167 DBFE3329 		.ascii	"\333\3763))\350\265V\353\036\221~\242b\237\221\250\210"
 222      29E8B556 
 222      EB1E917E 
 222      A2629F91 
 222      A888
 223 0179 C4FEB117 		.ascii	"\304\376\261\027\202\016\023\366\337\316\266_\204]J"
 223      820E13F6 
 223      DFCEB65F 
 223      845D4A
 224 0188 9CA41C8A 		.ascii	"\234\244\034\212}\016\337\354/8\247R(*\373\301a\016"
 224      7D0EDFEC 
 224      2F38A752 
 224      282AFBC1 
 224      610E
 225 019a D2F9D009 		.ascii	"\322\371\320\011\215\353DY\267C0\001w5\237\250L\251"
 225      8DEB4459 
 225      B7433001 
 225      77359FA8 
 225      4CA9
 226 01ac 9472CE19 		.ascii	"\224r\316\031D\330\361<Pr@\355\027q8r\354CZ\236\317"
 226      44D8F13C 
 226      507240ED 
 226      17713872 
 226      EC435A9E 
 227 01c1 00B1EE94 		.ascii	"\000\261\356\224e\271\375\267d\251e\025,\302|\336\236"
 227      65B9FDB7 
 227      64A96515 
 227      2CC27CDE 
 227      9E
 228 01d2 9C642D5D 		.ascii	"\234d-]\316\357[\036\216\224{P\177~_qd\266C\253VI\344"
ARM GAS  /tmp/ccPuQo51.s 			page 17


 228      CEEF5B1E 
 228      8E947B50 
 228      7F7E5F71 
 228      64B643AB 
 229 01e9 2AA148C8 		.ascii	"*\241H\310\031\236\032\362\240\353\370\352\333\370\256"
 229      199E1AF2 
 229      A0EBF8EA 
 229      DBF8AE
 230 01f8 3F1A4FCB 		.ascii	"?\032O\313xi\037R\211T\3630\245XR\235\245\322{\037%"
 230      78691F52 
 230      8954F330 
 230      A558529D 
 230      A5D27B1F 
 231 020d 7E7AA262 		.ascii	"~z\242b\247q\257=\236\300p\211\236,\202aF\341\315N\335"
 231      A771AF3D 
 231      9EC07089 
 231      9E2C8261 
 231      46E1CD4E 
 232 0222 B20C966A 		.ascii	"\262\014\226jI\220\027\251\310\326\237\221Z\262\202"
 232      499017A9 
 232      C8D69F91 
 232      5AB282
 233 0231 5C272B60 		.ascii	"\\'+`\3077\3102\211\304\251\021\3246TV\246\3714_\266"
 233      C737C832 
 233      89C4A911 
 233      D4365456 
 233      A6F9345F 
 234 0246 D6C835A3 		.ascii	"\326\3105\243\307\202K\233\223\344\366|Y\376\234\207"
 234      C7824B9B 
 234      93E4F67C 
 234      59FE9C87 
 235 0256 912A4249 		.ascii	"\221*BI\0151B\3225\242\226\330P\"\225d\200\220+\344"
 235      0D3142D2 
 235      35A296D8 
 235      50229564 
 235      80902BE4 
 236 026a 11B3E526 		.ascii	"\021\263\345&\371\024\030\257G\322[}\351e\362\221\217"
 236      F91418AF 
 236      47D25B7D 
 236      E965F291 
 236      8F
 237 027b 75B32EB9 		.ascii	"u\263.\271Q\255\224\250\375M\216\\\023\017\026\2518"
 237      51AD94A8 
 237      FD4D8E5C 
 237      130F16A9 
 237      38
 238 028c BFCEC1AF 		.ascii	"\277\316\301\257g\374:w~\003\347\217v\216\365QZ\377"
 238      67FC3A77 
 238      7E03E78F 
 238      768EF551 
 238      5AFF
 239 029e 31FE99A7 		.ascii	"1\376\231\247W\273\251\302\037_\357\302\277\345\340"
 239      57BBA9C2 
 239      1F5FEFC2 
 239      BFE5E0
 240 02ad 3732FE2D 		.ascii	"72\376-w~\023\347\227\336\237\252\365\242w\220\237\327"
 240      777E13E7 
ARM GAS  /tmp/ccPuQo51.s 			page 18


 240      97DE9FAA 
 240      F5A27790 
 240      9FD7
 241 02bf 385060A0 		.ascii	"8P`\240\217p\360\342y\347\003_V\254\331^\354qJG\225"
 241      8F70F0E2 
 241      79E7035F 
 241      56ACD95E 
 241      EC714A47 
 242 02d4 CE5E9EB4 		.ascii	"\316^\236\264\000\025&m\305;\277f\033\270.\327\364\030"
 242      0015266D 
 242      C53BBF66 
 242      1BB82ED7 
 242      F418
 243 02e6 5D3670DB 		.ascii	"]6p\333\261\201V\266\201\333\356\033h\343\033h\317\332"
 243      B18156B6 
 243      81DBEE1B 
 243      68E31B68 
 243      CFDA
 244 02f8 9344E84B 		.ascii	"\223D\350K\254i\375\317\310En\227U\256\031\370\035\243"
 244      AC69FDCF 
 244      C8456E97 
 244      55AE19F8 
 244      1DA3
 245 030a C9765ABB 		.ascii	"\311vZ\273\235\006\231\355\356\250\016\216\272\334z"
 245      9D0699ED 
 245      EEA80E8E 
 245      BADC7A
 246 0319 F0860F7D 		.ascii	"\360\206\017}\217\250\323\266g\271\276\330%2\201q~y"
 246      8FA8D3B6 
 246      67B9BED8 
 246      25328171 
 246      7E79
 247 032b 4F931EDB 		.ascii	"O\223\036\333D\326\262R\331E\207=q]\003\303\276\370"
 247      44D6B252 
 247      D945873D 
 247      715D03C3 
 247      BEF8
 248 033d A333061C 		.ascii	"\2433\006\034\252ax\250\351|\243\022\275\012\206\267"
 248      AA6178A8 
 248      E97CA312 
 248      BD0A86B7 
 249 034d 66B33254 		.ascii	"f\2632T\372\335\254\251\362\023d\335\227,\254\033\232"
 249      FADDACA9 
 249      F21364DD 
 249      972CAC1B 
 249      9A
 250 035e AA8B37D5 		.ascii	"\252\2137\325\217D/\021\343\012r\017F\020\\m;\\\255"
 250      8F442F11 
 250      E30A720F 
 250      46105C6D 
 250      3B5CAD
 251 0371 46142B94 		.ascii	"F\024+\224<q3^Mw\251\370\256\252\222>\\\323\300\332"
 251      3C71335E 
 251      4D77A9F8 
 251      AEAA923E 
 251      5CD3C0DA 
 252 0385 5A3D614F 		.ascii	"Z=aO\230/L5\214\216t\022\234b\021\245E\373\013=\251"
ARM GAS  /tmp/ccPuQo51.s 			page 19


 252      982F4C35 
 252      8C8E7412 
 252      9C6211A5 
 252      45FB0B3D 
 253 039a 05C373AC 		.ascii	"\005\303s\254\247\012\014\254n<\326\225\034UI/\341)"
 253      A70A0CAC 
 253      6E3CD695 
 253      1C55492F 
 253      E129
 254 03ac 60097908 		.ascii	"`\011y\010s\017\260v\322\233\006?C\252#\236\364\021"
 254      730FB076 
 254      D29B063F 
 254      43AA239E 
 254      F411
 255 03be E78DF613 		.ascii	"\347\215\366\023\003\236\344\355\346\264k\032\232\215"
 255      039EE4ED 
 255      E6B46B1A 
 255      9A8D
 256 03cc 452CAF8E 		.ascii	"E,\257\216\\\365\242\307q`\177\232\374\360i\262\273"
 256      5CF5A2C7 
 256      71607F9A 
 256      FCF069B2 
 256      BB
 257 03dd B84471B1 		.ascii	"\270Dq\261m\370\315%=\375\236\307z\214^-yn \376\376"
 257      6DF8CD25 
 257      3DFD9EC7 
 257      7A8C5E2D 
 257      796E20FE 
 258 03f2 8BFDFD0B 		.ascii	"\213\375\375\013Y\311\232\256\223\0328\263DOV\010\016"
 258      59C99AAE 
 258      931A38B3 
 258      444F5608 
 258      0E
 259 0403 86926764 		.ascii	"\206\222gd\261Sy#{\011\200\027\214\0368I\345\242\215"
 259      B1537923 
 259      7B098017 
 259      8C1E3849 
 259      E5A28D
 260 0416 3CB64788 		.ascii	"<\266G\210\275O\354\301\373\371\243\014bM\364\030\002"
 260      BD4FECC1 
 260      FBF9A30C 
 260      624DF418 
 260      02
 261 0427 06F8120B 		.ascii	"\006\370\022\013g\037\376)\361'/@\203\240\347\304\237"
 261      671FFE29 
 261      F1272F40 
 261      83A0E7C4 
 261      9F
 262 0438 F507E25F 		.ascii	"\365\007\342_\316\343\237|\004\337M\034\233\351\231"
 262      CEE39F7C 
 262      04DF4D1C 
 262      9BE999
 263 0447 8FB62EBC 		.ascii	"\217\266.\274q\036\014\026t\375\330Q\257\243\325hW\377"
 263      711E0C16 
 263      74FDD851 
 263      AFA3D568 
 263      57FF
ARM GAS  /tmp/ccPuQo51.s 			page 20


 264 0459 83BA62CD 		.ascii	"\203\272b\315\342\005\267H^*\234\217\354\222\265FKj"
 264      E205B748 
 264      5E2A9C8F 
 264      EC92B546 
 264      4B6A
 265 046b 82C1CFA2 		.ascii	"\202\301\317\242d\177\256&C\020\336\011\371wy\331a\342"
 265      647FAE26 
 265      4310DE09 
 265      F97779D9 
 265      61E2
 266 047d 87CDC583 		.ascii	"\207\315\305\203/?\032\034\364\261\227J\374_K\235\355"
 266      2F3F1A1C 
 266      F4B1974A 
 266      FC5F4B9D 
 266      ED
 267 048e 689C563B 		.ascii	"h\234V;\227\032\371\211R\371\326S\015\236k\216\313\355"
 267      971AF989 
 267      52F9D653 
 267      0D9E6B8E 
 267      CBED
 268 04a0 F0ADD27A 		.ascii	"\360\255\322z\344\027\007e\371K\362\212\370\221;\370"
 268      E4170765 
 268      F94BF28A 
 268      F8913BF8 
 269 04b0 0C3AE5B1 		.ascii	"\014:\345\261\231\277\302_(2J\326@\342\370d\332y_\332"
 269      99BFC25F 
 269      28324AD6 
 269      40E2F864 
 269      DA795FDA 
 270 04c4 86DEA4F5 		.ascii	"\206\336\244\3654%{\001\305\012\366\276\312\362+L\310"
 270      34257B01 
 270      C50AF6BE 
 270      CAF22B4C 
 270      C8
 271 04d5 C77E1C53 		.ascii	"\307~\034S(\363\376\216\361o\030\362\2323^\246\335\263"
 271      28F3FE8E 
 271      F16F18F2 
 271      9A335EA6 
 271      DDB3
 272 04e7 F9D20164 		.ascii	"\371\322\001d\034\250yVA\024\306p\021\265\370s\302\270"
 272      1CA87956 
 272      4114C670 
 272      11B5F873 
 272      C2B8
 273 04f9 401847C2 		.ascii	"@\030G\302\004'\024\317u\376\340I\307\2200\224v}\322"
 273      042714CF 
 273      75FEE049 
 273      C7903094 
 273      767DD2
 274 050c 5B213C29 		.ascii	"[!<)\266\023&\005\302$\022\2468!\273l$[OmHxq\377\364"
 274      B6132605 
 274      C22412A6 
 274      3821BB6C 
 274      245B4F6D 
 275 0525 B8CE4EF8 		.ascii	"\270\316N\370y\216\\\253\346\210i\0011\215\2107\034"
 275      798E5CAB 
 275      E6886901 
ARM GAS  /tmp/ccPuQo51.s 			page 21


 275      318D8837 
 275      1C
 276 0536 F1F4C6AD 		.ascii	"\361\364\306\255GZ\232N9\242g\272\\\246\012\242>{\336"
 276      475A9A4E 
 276      39A267BA 
 276      5CA60AA2 
 276      3E7BDE
 277 0549 8A198131 		.ascii	"\212\031\2011\203\214\267\234\021?\226y\316\213\026"
 277      838CB79C 
 277      113F9679 
 277      CE8B16
 278 0558 22A3B4BB 		.ascii	"\"\243\264\273t\312G\260\342\235@x\207\204\367\234\320"
 278      74CA47B0 
 278      E29D4078 
 278      8784F79C 
 278      D0
 279 0569 5173A14C 		.ascii	"Qs\241LC+\220\320=r\243]+X1+\020f\221\360\201\023\006"
 279      432B90D0 
 279      3D72A35D 
 279      2B58312B 
 279      106691F0 
 280 0580 1FEF3DE7 		.ascii	"\037\357=\347I\253\221\320\231u\251V%Z1' \346\020a\343"
 280      49AB91D0 
 280      9975A956 
 280      255A3127 
 280      20E61061 
 281 0595 88877927 		.ascii	"\210\207y'\337\032h\033\">\314\345v\332\335\354s\262"
 281      DF1A681B 
 281      223ECCE5 
 281      76DADDEC 
 281      73B2
 282 05a7 4256B933 		.ascii	"BV\2713`\2061v\252\030#\363J\363E\015\035@\306\335\023"
 282      60863176 
 282      AA1823F3 
 282      4AF3450D 
 282      1D40C6DD 
 283 05bc A786442B 		.ascii	"\247\206D+\342\005B<\022\0228\301\326\232\327\242\242"
 283      E205423C 
 283      121238C1 
 283      D69AD7A2 
 283      A2
 284 05cd 6348A84F 		.ascii	"cH\250O*\265\212]\221(\020\022\221\260\213\023\232\252"
 284      2AB58A5D 
 284      91281012 
 284      91B08B13 
 284      9AAA
 285 05df 0E544257 		.ascii	"\016TBW !\276\256\241\312 Z\221$ \222\020\221\314\021"
 285      2021BEAE 
 285      A1CA205A 
 285      91242092 
 285      1091CC11 
 286 05f3 597B5356 		.ascii	"Y{SV\322t5\036\350\354\365f{oO;9\261[@\354FD\012G\274"
 286      D274351E 
 286      E8ECF566 
 286      7B6F4F3B 
 286      39B15B40 
 287 060d 3C73F982 		.ascii	"<s\371\202\216\026\"\243+!{\330[p\"U \244\"a\017'\274"
ARM GAS  /tmp/ccPuQo51.s 			page 22


 287      8E1622A3 
 287      2B217BD8 
 287      5B702255 
 287      20A42261 
 288 0624 2F785BA6 		.ascii	"/x[\246\246\025H\270\334\231\222h\020\234\330+\020\366"
 288      A61548B8 
 288      DC999268 
 288      109CD82B 
 288      10F6
 289 0636 22218D13 		.ascii	"\"!\215\023r\217\034\2534\320j$\354*\251\275\343-:\261"
 289      728F1CAB 
 289      34D06A24 
 289      EC2AA9BD 
 289      E32D3AB1 
 290 064a 4F40EC43 		.ascii	"O@\354CD:G\234\271\326{EG\333\020q\361\361\263\243\032"
 290      443A479C 
 290      B9D67B45 
 290      47DB1071 
 290      F1F1B3A3 
 291 065f 05D19A33 		.ascii	"\005\321\2323o\205E`X\220\261\2373v\315$\345j\351\200"
 291      6F854560 
 291      5890B19F 
 291      3376CD24 
 291      E56AE980 
 292 0673 62676F46 		.ascii	"bgoF\257\207`\305\001\201p\000\011\0079\241>3\355\274"
 292      AF8760C5 
 292      01817000 
 292      090739A1 
 292      3E33EDBC 
 293 0687 171D4382 		.ascii	"\027\035C\202m\260\254\304K\260\342\220@8\204\204\014"
 293      6DB0ACC4 
 293      4BB0E290 
 293      40388484 
 293      0C
 294 0698 4E383169 		.ascii	"N81iiTS\033\022*\037\024\215{\211V\034\026\020\207\021"
 294      6954531B 
 294      122A1F14 
 294      8D7B8956 
 294      1C161087 
 295 06ad 91C91129 		.ascii	"\221\311\021)\327\213K\3654\335\203#2\344'\337(\204"
 295      D78B4BF5 
 295      34DD8323 
 295      32E427DF 
 295      2884
 296 06bf 412727B2 		.ascii	"A''\262\004D\026\"\2629\342J\311\331q\370\246@\304\245"
 296      04441622 
 296      B239E24A 
 296      C9D971F8 
 296      A640C4A5 
 297 06d3 A9BE0B06 		.ascii	"\251\276\013\006\301\211\034\201\220\203\204\\N\270"
 297      C1891C81 
 297      9083845C 
 297      4EB8
 298 06e1 34D233E3 		.ascii	"4\3223\343I+\220P}\252`F|<\216\010\204#H8\312\011\023"
 298      492B9050 
 298      7DAA6046 
 298      7C3C8E08 
ARM GAS  /tmp/ccPuQo51.s 			page 23


 298      84234838 
 299 06f8 B72DF078 		.ascii	"\267-\360xT#\241\240\305\332\274@S\034\023\020\307\020"
 299      5423A1A0 
 299      C5DABC40 
 299      531C1310 
 299      C710
 300 070a 91C71195 		.ascii	"\221\307\021\225U\357W\3226$\274{\370\254\327\336\023"
 300      55EF57D2 
 300      3624BC7B 
 300      F8ACD7DE 
 300      13
 301 071b 734E4EE4 		.ascii	"sNN\344\013\210|D\024p\204\345l\301,\364\0042\346\006"
 301      0B887C44 
 301      147084E5 
 301      6CC12CF4 
 301      0432E606 
 302 072f 5BF6A805 		.ascii	"[\366\250\005'\012\005B!\022\216\343\347\270[\336\355"
 302      270A0542 
 302      21128EE3 
 302      E7B85BDE 
 302      ED
 303 0740 4DC794E3 		.ascii	"M\307\224\343\210\237\275J\004'\212\004B\021\022Np\202"
 303      889FBD4A 
 303      04278A04 
 303      4211124E 
 303      7082
 304 0752 F5C20F67 		.ascii	"\365\302\017g}\250\015\011\326\331\241{\236\242\023"
 304      7DA80D09 
 304      D6D9A17B 
 304      9EA213
 305 0761 C502A218 		.ascii	"\305\002\242\030\021'9\342\264\345q\246\206\246{\342"
 305      112739E2 
 305      B4E571A6 
 305      86A67BE2 
 306 0771 5FC1A296 		.ascii	"_\301\242\226'vDW\356\274\025%\002\243\004\031\245\234"
 306      27764457 
 306      EEBC1525 
 306      02A30419 
 306      A59C
 307 0783 9173F750 		.ascii	"\221s\367P%\241\205\310xs\343\305>\361\233\242L \224"
 307      25A185C8 
 307      7873E3C5 
 307      3EF19BA2 
 307      4C2094
 308 0796 21E11427 		.ascii	"!\341\024'\014'\367\367AS !u\332v^'XQ.\020\312\221p"
 308      0C27F7F7 
 308      41532021 
 308      75DA765E 
 308      2758512E 
 309 07ae 1ABFB727 		.ascii	"\032\277\267'\336%@S a\250\362J\006\021\2558# \316 "
 309      DE254053 
 309      2061A8F2 
 309      4A0611AD 
 309      382320CE 
 310 07c3 E22C470C 		.ascii	"\342,G\014\245\326\276\363r\376Q;\342"
 310      A5D6BEF3 
 310      72FE513B 
ARM GAS  /tmp/ccPuQo51.s 			page 24


 310      E2
 311 07d0 F2E3AC42 		.ascii	"\362\343\254B\305~\324\2627\210\335\237\234\276[e\217"
 311      C57ED4B2 
 311      3788DD9F 
 311      9CBE5B65 
 311      8F
 312 07e1 4DFCC80F 		.ascii	"M\374\310\017`r\216\307NM6\336S9s\331O\234\371\330\357"
 312      60728EC7 
 312      4E4D36DE 
 312      533973D9 
 312      4F9CF9D8 
 313 07f6 91CBDE54 		.ascii	"\221\313\336T\301\222646\352\237[\326GI\372\260\230"
 313      C1923634 
 313      36EA9F5B 
 313      D64749FA 
 313      B098
 314 0808 5873F88E 		.ascii	"Xs\370\216\365QA\222\336d\012\333\026g\212\210\2160"
 314      F5514192 
 314      DE640ADB 
 314      16678A88 
 314      8E30
 315 081a ABFF151E 		.ascii	"\253\377\025\036\372\335\0376l0\302\377\357\302c\243"
 315      FADD1F36 
 315      6C30C2FF 
 315      EFC263A3 
 316 082a C3238D21 		.ascii	"\303#\215![#\376\026\361\315\237\2141\333\215a1QQ1\321"
 316      5B23FE16 
 316      F1CD9F8C 
 316      31DB8D61 
 316      31515131 
 317 083f C6EDE6D0 		.ascii	"\306\355\346\320Xs\3346\343\357\277\375*\344\253\035"
 317      5873DC36 
 317      E3EFBFFD 
 317      2AE4AB1D 
 318 084f 6C765B44 		.ascii	"lv[Ddx\354v\343\027!!\306\260Xs\300\2060\355\027_\377"
 318      6478EC76 
 318      E3172121 
 318      C6B05873 
 318      C08630ED 
 319 0866 7955C867 		.ascii	"yU\310g\237I!\377?K2\230L\341\241\261\221\377\346;\364"
 319      9F4921FF 
 319      3F4B3298 
 319      4CE1A1B1 
 319      91FFE63B 
 320 087b 32992243 		.ascii	"2\231\"C\315\341\374\336\307d\372{\370?B\343\"\315\246"
 320      CDE1FCDE 
 320      C764FA7B 
 320      F83F42E3 
 320      22CDA6
 321 088e F01D1166 		.ascii	"\360\035\021fmtLl\2709.6z\221\211/\233bC\243L\241\261"
 321      6D744C6C 
 321      B8392E36 
 321      7A91892F 
 321      9B6243A3 
 322 08a5 E1A1DB75 		.ascii	"\341\241\333u\216;}X$\260\370\2756.\"\332\034\024h2"
 322      8E3B7D58 
 322      24B0F8BD 
ARM GAS  /tmp/ccPuQo51.s 			page 25


 322      362E22DA 
 322      1C146832 
 323 08b9 EB78309B 		.ascii	"\353x0\233\362\341w`\013\016\015\3211&\307\232/c8F&"
 323      F2E17760 
 323      0B0E0DD1 
 323      3126C79A 
 323      2F633846 
 324 08ce B39F89F1 		.ascii	"\263\237\211\3617\232\346SL\336\316S&\037e\204\025M"
 324      379AE653 
 324      4CDECE53 
 324      261F6584 
 324      154D
 325 08e0 BECA303A 		.ascii	"\276\3120:\006\2271?@\314\017p\311\017p\315\017p\313"
 325      0697313F 
 325      40CC0F70 
 325      C90F70CD 
 325      0F70CB
 326 08f3 0F14F303 		.ascii	"\017\024\363\003]\362\003]\363\003\335\362\203\304\374"
 326      5DF2035D 
 326      F303DDF2 
 326      83C4FC
 327 0902 2097FC20 		.ascii	" \227\374 \327\374 \267\374`1?\330%?\3305?\330-\177"
 327      D7FC20B7 
 327      FC60313F 
 327      D8253FD8 
 327      353FD82D 
 328 0917 9398BFC9 		.ascii	"\223\230\277\311%\177\223k\376&\267\374\315b\376f\227"
 328      257F936B 
 328      FE26B7FC 
 328      CD62FE66 
 328      97
 329 0928 FCCDAEF9 		.ascii	"\374\315\256\371\233\335\362\267\210\371[\\\362\267"
 329      9BDDF2B7 
 329      88F95B5C 
 329      F2B7
 330 0936 B8E66F71 		.ascii	"\270\346oq\344\377\027\225\255\032\024"
 330      E4FF1795 
 330      AD1A14
 331              		.text
 332              		.section	.gnu.lto_.symtab.64e0eb2606186d6a,"e",%progbits
 333 0000 5F5F6370 		.ascii	"__cpu_init\000"
 333      755F696E 
 333      697400
 334 000b 00       		.ascii	"\000"
 335 000c 01       		.ascii	"\001"
 336 000d 00       		.ascii	"\000"
 337 000e 00000000 		.ascii	"\000\000\000\000\000\000\000\000"
 337      00000000 
 338 0016 C4000000 		.ascii	"\304\000\000\000"
 339 001a 5F5F6561 		.ascii	"__early_init\000"
 339      726C795F 
 339      696E6974 
 339      00
 340 0027 00       		.ascii	"\000"
 341 0028 01       		.ascii	"\001"
 342 0029 00       		.ascii	"\000"
 343 002a 00000000 		.ascii	"\000\000\000\000\000\000\000\000"
ARM GAS  /tmp/ccPuQo51.s 			page 26


 343      00000000 
 344 0032 C7000000 		.ascii	"\307\000\000\000"
 345 0036 5F5F6C61 		.ascii	"__late_init\000"
 345      74655F69 
 345      6E697400 
 346 0042 00       		.ascii	"\000"
 347 0043 01       		.ascii	"\001"
 348 0044 00       		.ascii	"\000"
 349 0045 00000000 		.ascii	"\000\000\000\000\000\000\000\000"
 349      00000000 
 350 004d CA000000 		.ascii	"\312\000\000\000"
 351 0051 5F5F6465 		.ascii	"__default_exit\000"
 351      6661756C 
 351      745F6578 
 351      697400
 352 0060 00       		.ascii	"\000"
 353 0061 01       		.ascii	"\001"
 354 0062 00       		.ascii	"\000"
 355 0063 00000000 		.ascii	"\000\000\000\000\000\000\000\000"
 355      00000000 
 356 006b CF000000 		.ascii	"\317\000\000\000"
 357 006f 5F5F696E 		.ascii	"__init_ram_areas\000"
 357      69745F72 
 357      616D5F61 
 357      72656173 
 357      00
 358 0080 00       		.ascii	"\000"
 359 0081 00       		.ascii	"\000"
 360 0082 00       		.ascii	"\000"
 361 0083 00000000 		.ascii	"\000\000\000\000\000\000\000\000"
 361      00000000 
 362 008b D1000000 		.ascii	"\321\000\000\000"
 363 008f 5F5F7261 		.ascii	"__ram0_init_text__\000"
 363      6D305F69 
 363      6E69745F 
 363      74657874 
 363      5F5F00
 364 00a2 00       		.ascii	"\000"
 365 00a3 02       		.ascii	"\002"
 366 00a4 00       		.ascii	"\000"
 367 00a5 00000000 		.ascii	"\000\000\000\000\000\000\000\000"
 367      00000000 
 368 00ad F1000000 		.ascii	"\361\000\000\000"
 369 00b1 5F5F7261 		.ascii	"__ram0_init__\000"
 369      6D305F69 
 369      6E69745F 
 369      5F00
 370 00bf 00       		.ascii	"\000"
 371 00c0 02       		.ascii	"\002"
 372 00c1 00       		.ascii	"\000"
 373 00c2 00000000 		.ascii	"\000\000\000\000\000\000\000\000"
 373      00000000 
 374 00ca F3000000 		.ascii	"\363\000\000\000"
 375 00ce 5F5F7261 		.ascii	"__ram0_clear__\000"
 375      6D305F63 
 375      6C656172 
 375      5F5F00
ARM GAS  /tmp/ccPuQo51.s 			page 27


 376 00dd 00       		.ascii	"\000"
 377 00de 02       		.ascii	"\002"
 378 00df 00       		.ascii	"\000"
 379 00e0 00000000 		.ascii	"\000\000\000\000\000\000\000\000"
 379      00000000 
 380 00e8 F5000000 		.ascii	"\365\000\000\000"
 381 00ec 5F5F7261 		.ascii	"__ram0_noinit__\000"
 381      6D305F6E 
 381      6F696E69 
 381      745F5F00 
 382 00fc 00       		.ascii	"\000"
 383 00fd 02       		.ascii	"\002"
 384 00fe 00       		.ascii	"\000"
 385 00ff 00000000 		.ascii	"\000\000\000\000\000\000\000\000"
 385      00000000 
 386 0107 F7000000 		.ascii	"\367\000\000\000"
 387 010b 5F5F7261 		.ascii	"__ram1_init_text__\000"
 387      6D315F69 
 387      6E69745F 
 387      74657874 
 387      5F5F00
 388 011e 00       		.ascii	"\000"
 389 011f 02       		.ascii	"\002"
 390 0120 00       		.ascii	"\000"
 391 0121 00000000 		.ascii	"\000\000\000\000\000\000\000\000"
 391      00000000 
 392 0129 F9000000 		.ascii	"\371\000\000\000"
 393 012d 5F5F7261 		.ascii	"__ram1_init__\000"
 393      6D315F69 
 393      6E69745F 
 393      5F00
 394 013b 00       		.ascii	"\000"
 395 013c 02       		.ascii	"\002"
 396 013d 00       		.ascii	"\000"
 397 013e 00000000 		.ascii	"\000\000\000\000\000\000\000\000"
 397      00000000 
 398 0146 FB000000 		.ascii	"\373\000\000\000"
 399 014a 5F5F7261 		.ascii	"__ram1_clear__\000"
 399      6D315F63 
 399      6C656172 
 399      5F5F00
 400 0159 00       		.ascii	"\000"
 401 015a 02       		.ascii	"\002"
 402 015b 00       		.ascii	"\000"
 403 015c 00000000 		.ascii	"\000\000\000\000\000\000\000\000"
 403      00000000 
 404 0164 FD000000 		.ascii	"\375\000\000\000"
 405 0168 5F5F7261 		.ascii	"__ram1_noinit__\000"
 405      6D315F6E 
 405      6F696E69 
 405      745F5F00 
 406 0178 00       		.ascii	"\000"
 407 0179 02       		.ascii	"\002"
 408 017a 00       		.ascii	"\000"
 409 017b 00000000 		.ascii	"\000\000\000\000\000\000\000\000"
 409      00000000 
 410 0183 FF000000 		.ascii	"\377\000\000\000"
ARM GAS  /tmp/ccPuQo51.s 			page 28


 411 0187 5F5F7261 		.ascii	"__ram2_init_text__\000"
 411      6D325F69 
 411      6E69745F 
 411      74657874 
 411      5F5F00
 412 019a 00       		.ascii	"\000"
 413 019b 02       		.ascii	"\002"
 414 019c 00       		.ascii	"\000"
 415 019d 00000000 		.ascii	"\000\000\000\000\000\000\000\000"
 415      00000000 
 416 01a5 01010000 		.ascii	"\001\001\000\000"
 417 01a9 5F5F7261 		.ascii	"__ram2_init__\000"
 417      6D325F69 
 417      6E69745F 
 417      5F00
 418 01b7 00       		.ascii	"\000"
 419 01b8 02       		.ascii	"\002"
 420 01b9 00       		.ascii	"\000"
 421 01ba 00000000 		.ascii	"\000\000\000\000\000\000\000\000"
 421      00000000 
 422 01c2 03010000 		.ascii	"\003\001\000\000"
 423 01c6 5F5F7261 		.ascii	"__ram2_clear__\000"
 423      6D325F63 
 423      6C656172 
 423      5F5F00
 424 01d5 00       		.ascii	"\000"
 425 01d6 02       		.ascii	"\002"
 426 01d7 00       		.ascii	"\000"
 427 01d8 00000000 		.ascii	"\000\000\000\000\000\000\000\000"
 427      00000000 
 428 01e0 05010000 		.ascii	"\005\001\000\000"
 429 01e4 5F5F7261 		.ascii	"__ram2_noinit__\000"
 429      6D325F6E 
 429      6F696E69 
 429      745F5F00 
 430 01f4 00       		.ascii	"\000"
 431 01f5 02       		.ascii	"\002"
 432 01f6 00       		.ascii	"\000"
 433 01f7 00000000 		.ascii	"\000\000\000\000\000\000\000\000"
 433      00000000 
 434 01ff 07010000 		.ascii	"\007\001\000\000"
 435 0203 5F5F7261 		.ascii	"__ram3_init_text__\000"
 435      6D335F69 
 435      6E69745F 
 435      74657874 
 435      5F5F00
 436 0216 00       		.ascii	"\000"
 437 0217 02       		.ascii	"\002"
 438 0218 00       		.ascii	"\000"
 439 0219 00000000 		.ascii	"\000\000\000\000\000\000\000\000"
 439      00000000 
 440 0221 09010000 		.ascii	"\011\001\000\000"
 441 0225 5F5F7261 		.ascii	"__ram3_init__\000"
 441      6D335F69 
 441      6E69745F 
 441      5F00
 442 0233 00       		.ascii	"\000"
ARM GAS  /tmp/ccPuQo51.s 			page 29


 443 0234 02       		.ascii	"\002"
 444 0235 00       		.ascii	"\000"
 445 0236 00000000 		.ascii	"\000\000\000\000\000\000\000\000"
 445      00000000 
 446 023e 0B010000 		.ascii	"\013\001\000\000"
 447 0242 5F5F7261 		.ascii	"__ram3_clear__\000"
 447      6D335F63 
 447      6C656172 
 447      5F5F00
 448 0251 00       		.ascii	"\000"
 449 0252 02       		.ascii	"\002"
 450 0253 00       		.ascii	"\000"
 451 0254 00000000 		.ascii	"\000\000\000\000\000\000\000\000"
 451      00000000 
 452 025c 0D010000 		.ascii	"\015\001\000\000"
 453 0260 5F5F7261 		.ascii	"__ram3_noinit__\000"
 453      6D335F6E 
 453      6F696E69 
 453      745F5F00 
 454 0270 00       		.ascii	"\000"
 455 0271 02       		.ascii	"\002"
 456 0272 00       		.ascii	"\000"
 457 0273 00000000 		.ascii	"\000\000\000\000\000\000\000\000"
 457      00000000 
 458 027b 0F010000 		.ascii	"\017\001\000\000"
 459 027f 5F5F7261 		.ascii	"__ram4_init_text__\000"
 459      6D345F69 
 459      6E69745F 
 459      74657874 
 459      5F5F00
 460 0292 00       		.ascii	"\000"
 461 0293 02       		.ascii	"\002"
 462 0294 00       		.ascii	"\000"
 463 0295 00000000 		.ascii	"\000\000\000\000\000\000\000\000"
 463      00000000 
 464 029d 11010000 		.ascii	"\021\001\000\000"
 465 02a1 5F5F7261 		.ascii	"__ram4_init__\000"
 465      6D345F69 
 465      6E69745F 
 465      5F00
 466 02af 00       		.ascii	"\000"
 467 02b0 02       		.ascii	"\002"
 468 02b1 00       		.ascii	"\000"
 469 02b2 00000000 		.ascii	"\000\000\000\000\000\000\000\000"
 469      00000000 
 470 02ba 13010000 		.ascii	"\023\001\000\000"
 471 02be 5F5F7261 		.ascii	"__ram4_clear__\000"
 471      6D345F63 
 471      6C656172 
 471      5F5F00
 472 02cd 00       		.ascii	"\000"
 473 02ce 02       		.ascii	"\002"
 474 02cf 00       		.ascii	"\000"
 475 02d0 00000000 		.ascii	"\000\000\000\000\000\000\000\000"
 475      00000000 
 476 02d8 15010000 		.ascii	"\025\001\000\000"
 477 02dc 5F5F7261 		.ascii	"__ram4_noinit__\000"
ARM GAS  /tmp/ccPuQo51.s 			page 30


 477      6D345F6E 
 477      6F696E69 
 477      745F5F00 
 478 02ec 00       		.ascii	"\000"
 479 02ed 02       		.ascii	"\002"
 480 02ee 00       		.ascii	"\000"
 481 02ef 00000000 		.ascii	"\000\000\000\000\000\000\000\000"
 481      00000000 
 482 02f7 17010000 		.ascii	"\027\001\000\000"
 483 02fb 5F5F7261 		.ascii	"__ram5_init_text__\000"
 483      6D355F69 
 483      6E69745F 
 483      74657874 
 483      5F5F00
 484 030e 00       		.ascii	"\000"
 485 030f 02       		.ascii	"\002"
 486 0310 00       		.ascii	"\000"
 487 0311 00000000 		.ascii	"\000\000\000\000\000\000\000\000"
 487      00000000 
 488 0319 19010000 		.ascii	"\031\001\000\000"
 489 031d 5F5F7261 		.ascii	"__ram5_init__\000"
 489      6D355F69 
 489      6E69745F 
 489      5F00
 490 032b 00       		.ascii	"\000"
 491 032c 02       		.ascii	"\002"
 492 032d 00       		.ascii	"\000"
 493 032e 00000000 		.ascii	"\000\000\000\000\000\000\000\000"
 493      00000000 
 494 0336 1B010000 		.ascii	"\033\001\000\000"
 495 033a 5F5F7261 		.ascii	"__ram5_clear__\000"
 495      6D355F63 
 495      6C656172 
 495      5F5F00
 496 0349 00       		.ascii	"\000"
 497 034a 02       		.ascii	"\002"
 498 034b 00       		.ascii	"\000"
 499 034c 00000000 		.ascii	"\000\000\000\000\000\000\000\000"
 499      00000000 
 500 0354 1D010000 		.ascii	"\035\001\000\000"
 501 0358 5F5F7261 		.ascii	"__ram5_noinit__\000"
 501      6D355F6E 
 501      6F696E69 
 501      745F5F00 
 502 0368 00       		.ascii	"\000"
 503 0369 02       		.ascii	"\002"
 504 036a 00       		.ascii	"\000"
 505 036b 00000000 		.ascii	"\000\000\000\000\000\000\000\000"
 505      00000000 
 506 0373 1F010000 		.ascii	"\037\001\000\000"
 507 0377 5F5F7261 		.ascii	"__ram6_init_text__\000"
 507      6D365F69 
 507      6E69745F 
 507      74657874 
 507      5F5F00
 508 038a 00       		.ascii	"\000"
 509 038b 02       		.ascii	"\002"
ARM GAS  /tmp/ccPuQo51.s 			page 31


 510 038c 00       		.ascii	"\000"
 511 038d 00000000 		.ascii	"\000\000\000\000\000\000\000\000"
 511      00000000 
 512 0395 21010000 		.ascii	"!\001\000\000"
 513 0399 5F5F7261 		.ascii	"__ram6_init__\000"
 513      6D365F69 
 513      6E69745F 
 513      5F00
 514 03a7 00       		.ascii	"\000"
 515 03a8 02       		.ascii	"\002"
 516 03a9 00       		.ascii	"\000"
 517 03aa 00000000 		.ascii	"\000\000\000\000\000\000\000\000"
 517      00000000 
 518 03b2 23010000 		.ascii	"#\001\000\000"
 519 03b6 5F5F7261 		.ascii	"__ram6_clear__\000"
 519      6D365F63 
 519      6C656172 
 519      5F5F00
 520 03c5 00       		.ascii	"\000"
 521 03c6 02       		.ascii	"\002"
 522 03c7 00       		.ascii	"\000"
 523 03c8 00000000 		.ascii	"\000\000\000\000\000\000\000\000"
 523      00000000 
 524 03d0 25010000 		.ascii	"%\001\000\000"
 525 03d4 5F5F7261 		.ascii	"__ram6_noinit__\000"
 525      6D365F6E 
 525      6F696E69 
 525      745F5F00 
 526 03e4 00       		.ascii	"\000"
 527 03e5 02       		.ascii	"\002"
 528 03e6 00       		.ascii	"\000"
 529 03e7 00000000 		.ascii	"\000\000\000\000\000\000\000\000"
 529      00000000 
 530 03ef 27010000 		.ascii	"'\001\000\000"
 531 03f3 5F5F7261 		.ascii	"__ram7_init_text__\000"
 531      6D375F69 
 531      6E69745F 
 531      74657874 
 531      5F5F00
 532 0406 00       		.ascii	"\000"
 533 0407 02       		.ascii	"\002"
 534 0408 00       		.ascii	"\000"
 535 0409 00000000 		.ascii	"\000\000\000\000\000\000\000\000"
 535      00000000 
 536 0411 29010000 		.ascii	")\001\000\000"
 537 0415 5F5F7261 		.ascii	"__ram7_init__\000"
 537      6D375F69 
 537      6E69745F 
 537      5F00
 538 0423 00       		.ascii	"\000"
 539 0424 02       		.ascii	"\002"
 540 0425 00       		.ascii	"\000"
 541 0426 00000000 		.ascii	"\000\000\000\000\000\000\000\000"
 541      00000000 
 542 042e 2B010000 		.ascii	"+\001\000\000"
 543 0432 5F5F7261 		.ascii	"__ram7_clear__\000"
 543      6D375F63 
ARM GAS  /tmp/ccPuQo51.s 			page 32


 543      6C656172 
 543      5F5F00
 544 0441 00       		.ascii	"\000"
 545 0442 02       		.ascii	"\002"
 546 0443 00       		.ascii	"\000"
 547 0444 00000000 		.ascii	"\000\000\000\000\000\000\000\000"
 547      00000000 
 548 044c 2D010000 		.ascii	"-\001\000\000"
 549 0450 5F5F7261 		.ascii	"__ram7_noinit__\000"
 549      6D375F6E 
 549      6F696E69 
 549      745F5F00 
 550 0460 00       		.ascii	"\000"
 551 0461 02       		.ascii	"\002"
 552 0462 00       		.ascii	"\000"
 553 0463 00000000 		.ascii	"\000\000\000\000\000\000\000\000"
 553      00000000 
 554 046b 2F010000 		.ascii	"/\001\000\000"
 555              		.text
 556              		.section	.gnu.lto_.opts,"e",%progbits
 557 0000 272D666E 		.ascii	"'-fno-openmp' '-fno-openacc' '-fno-pie' '-mcpu=cort"
 557      6F2D6F70 
 557      656E6D70 
 557      2720272D 
 557      666E6F2D 
 558 0033 65782D6D 		.ascii	"ex-m3' '-mthumb' '-mfloat-abi=soft' '-march=armv7-m"
 558      33272027 
 558      2D6D7468 
 558      756D6227 
 558      20272D6D 
 559 0066 2720272D 		.ascii	"' '-O2' '-fstack-usage' '-ffunction-sections' '-fda"
 559      4F322720 
 559      272D6673 
 559      7461636B 
 559      2D757361 
 560 0099 74612D73 		.ascii	"ta-sections' '-fno-common' '-flto' '-fshort-enums'\000"
 560      65637469 
 560      6F6E7327 
 560      20272D66 
 560      6E6F2D63 
 561              		.text
 562              		.comm	__gnu_lto_v1,1,1
 563              		.comm	__gnu_lto_slim,1,1
 564              		.ident	"GCC: (GNU Arm Embedded Toolchain 9-2020-q2-update) 9.3.1 20200408 (release)"
ARM GAS  /tmp/ccPuQo51.s 			page 33


DEFINED SYMBOLS
                            *ABS*:0000000000000000 crt1.c
                            *COM*:0000000000000001 __gnu_lto_v1
                            *COM*:0000000000000001 __gnu_lto_slim

NO UNDEFINED SYMBOLS
