ARM GAS  /tmp/ccUIxCgV.s 			page 1


   1              		.cpu cortex-m3
   2              		.eabi_attribute 20, 1
   3              		.eabi_attribute 21, 1
   4              		.eabi_attribute 23, 3
   5              		.eabi_attribute 24, 1
   6              		.eabi_attribute 25, 1
   7              		.eabi_attribute 26, 1
   8              		.eabi_attribute 30, 2
   9              		.eabi_attribute 34, 1
  10              		.eabi_attribute 18, 4
  11              		.file	"hal.c"
  12              		.section	.gnu.lto_.profile.fa1d5b609367ceae,"e",%progbits
  13 0000 789CE360 		.ascii	"x\234\343``\004B \000\000\000]\000\013"
  13      60044220 
  13      0000005D 
  13      000B
  14              		.text
  15              		.section	.gnu.lto_.icf.fa1d5b609367ceae,"e",%progbits
  16 0000 789CE360 		.ascii	"x\234\343``d\340`@\000F\206\216\316\355\263\330\031"
  16      6064E060 
  16      40004686 
  16      8ECEEDB3 
  16      D819
  17 0012 000C2B02 		.ascii	"\000\014+\002|"
  17      7C
  18              		.text
  19              		.section	.gnu.lto_.jmpfuncs.fa1d5b609367ceae,"e",%progbits
  20 0000 789CE360 		.ascii	"x\234\343``d0g@\000F\030\203\211y13\220{\200\205\221"
  20      60643067 
  20      40004618 
  20      83897931 
  20      33907B80 
  21 0016 0188FFFC 		.ascii	"\001\210\377\374\377\377\237\237\221y:3c_\363\373{\034"
  21      FFFF9F9F 
  21      91793A33 
  21      635FF3FB 
  21      7B1C
  22 0028 7DCCF399 		.ascii	"}\314\363\231\201J\031w1J\2030\003\003\000KZ\014\347"
  22      814A1977 
  22      314A8330 
  22      0303004B 
  22      5A0CE7
  23              		.text
  24              		.section	.gnu.lto_.inline.fa1d5b609367ceae,"e",%progbits
  25 0000 789CE360 		.ascii	"x\234\343``d\010`@\000F\006\006\356\206\206\206%L\231"
  25      60640860 
  25      40004606 
  25      06EE8686 
  25      86254C99 
  26 0014 8C0C4C0C 		.ascii	"\214\014L\014\014\215@v\035\003\003\033\220j`Ja\002"
  26      0C8D4076 
  26      1D03031B 
  26      906A604A 
  26      6102
  27 0026 0901D570 		.ascii	"\011\001\325p\341#\231\270\301\306@8\014\000\014\306"
  27      E12399B8 
  27      C1C64038 
ARM GAS  /tmp/ccUIxCgV.s 			page 2


  27      0C000CC6 
  28 0036 0837     		.ascii	"\0107"
  29              		.text
  30              		.section	.gnu.lto_.pureconst.fa1d5b609367ceae,"e",%progbits
  31 0000 789CE360 		.ascii	"x\234\343``d`a`\000\2223X\000\001\316\000\253"
  31      60646061 
  31      60009233 
  31      580001CE 
  31      00AB
  32              		.text
  33              		.section	.gnu.lto_halInit.fa1d5b609367ceae,"e",%progbits
  34 0000 789C75D1 		.ascii	"x\234u\321OK\002A\024\000\360\367vV]\243\177\207\242"
  34      4F4B0241 
  34      1400F0F7 
  34      76565DA3 
  34      7F87A2
  35 0013 42824E91 		.ascii	"B\202N\221\027\367+\004\035;t\350\023\224\010JR\240"
  35      17F72B04 
  35      1D3B74E8 
  35      1394084A 
  35      52A0
  36 0025 1FC0D115 		.ascii	"\037\300\321\025<\030v\210\376x\210]\022\321[x\350P"
  36      3C187688 
  36      FE78885D 
  36      12D15B78 
  36      E850
  37 0037 A66D969D 		.ascii	"\246m\226\235\352\322\007(\212(\210\350\377-\322\336"
  37      EAD20728 
  37      8A2888E8 
  37      FF2DD2DE 
  38 0047 EC167968 		.ascii	"\354\026yh\207\035v\337\274\337\274y\303*\2000$\001"
  38      871D76DF 
  38      BCDFBC79 
  38      C32A8030 
  38      2401
  39 0059 4C00C028 		.ascii	"L\000\300(Md\200\022\347|\322\223T$D\353\213+\010\011"
  39      4D648012 
  39      E77CD293 
  39      542444EB 
  39      8B2B0809 
  40 006d 0913B8C2 		.ascii	"\011\023\270\3026\03062w{\222\277D\031nn\274\214\360"
  40      36183632 
  40      777B92BF 
  40      44196E6E 
  40      BC8CF0
  41 0080 B2893A03 		.ascii	"\262\211:\003\310\323\264\007\356\243\037\200\344M\245"
  41      C8D3B407 
  41      EEA31F80 
  41      E44DA5
  42 008f B5D6E396 		.ascii	"\265\326\343\226\177RXE7\035\006\260s\3412y\253\235"
  42      7F525845 
  42      371D06B0 
  42      73E13279 
  42      AB9D
  43 00a1 E1E6ED36 		.ascii	"\341\346\3556\256N{\001\262\014D9\031\271\011\260\314"
  43      AE4E7B01 
  43      B20C4439 
ARM GAS  /tmp/ccUIxCgV.s 			page 3


  43      19B909B0 
  43      CC
  44 00b2 243BD028 		.ascii	"$;\320(xD\315\370\364Y[\251\340V\371\254\355Mc*\251"
  44      7844CDF8 
  44      F4595BA9 
  44      E056F9AC 
  44      ED4D632A 
  45 00c7 E80CF38C 		.ascii	"\350\014\363\214\212\341\001\246\021t&\221L\033\225"
  45      8AE101A6 
  45      11742691 
  45      4C1B95
  46 00d6 EEFF24CB 		.ascii	"\356\377$\313S\032\260&$\245r\332\363\245\222c:\223"
  46      531AB026 
  46      24A572DA 
  46      F3A59263 
  46      3A93
  47 00e8 ADB0FA51 		.ascii	"\255\260\372Q{\260\3440\255\024D\247\264x\305\337\316"
  47      7BB0E430 
  47      AD1444A7 
  47      B478C5DF 
  47      CE
  48 00f9 BB8A5848 		.ascii	"\273\212XH\366\353\314\205\207\264\023\353\350\263R"
  48      F6EBCC85 
  48      87B413EB 
  48      E8B352
  49 0108 EFF7CDBA 		.ascii	"\357\367\315\272\"\374&\347c\242\210\211E\264\357vD"
  49      22FC26E7 
  49      63A28889 
  49      45B4EF76 
  49      44
  50 0119 4E676EAB 		.ascii	"Ngn\253\351\327^\207\246\351\004l\3745\255\031\273}"
  50      E9D75E87 
  50      A6E9046C 
  50      FC35AD19 
  50      BB7D
  51 012b 0E522679 		.ascii	"\016R&y\334)k\003\016\322E\362\244S^\017:H7\311f\247"
  51      DC296B03 
  51      0ED245F2 
  51      A4535E0F 
  51      3A4837C9 
  52 0141 FC72921E 		.ascii	"\374r\222\036\222\247\277\362\011SFi\335\276\246\030"
  52      92A7BFF2 
  52      09534669 
  52      DDBEA618 
  53 0151 5986F63F 		.ascii	"Y\206\366?J\231\"\034\017\004Tz\026B\261\305PT\235\012"
  53      4A99221C 
  53      0F04547A 
  53      1642B1C5 
  53      50549D0A 
  54 0165 47E62333 		.ascii	"G\346#3\263\352R\\\015\317E\325x,(\336\201 |\003; \262"
  54      B3EA525C 
  54      0DCF45D5 
  54      782C28DE 
  54      81207C03 
  55 017c 3D       		.ascii	"="
  56              		.text
  57              		.section	.gnu.lto_.symbol_nodes.fa1d5b609367ceae,"e",%progbits
ARM GAS  /tmp/ccUIxCgV.s 			page 4


  58 0000 789C6DCF 		.ascii	"x\234m\317\273\021\302@\014E\321\367V\273\266\273\300"
  58      BB11C240 
  58      0C45D1F7 
  58      56BBB6BB 
  58      C0
  59 0011 01F40133 		.ascii	"\001\364\0013.\205>\344\300\005P\004U8&\246\012\002"
  59      2E853EE4 
  59      C0055004 
  59      553826A6 
  59      0A02
  60 0023 7E367400 		.ascii	"~6t\0002\"\224\222\2753g\025\250\001\261!\200t\245\242"
  60      32229492 
  60      BD336715 
  60      A801B121 
  60      8074A5A2 
  61 0037 B7C93C9C 		.ascii	"\267\311<\234\001\005\306~\207EP\036Dk/\337T~\376\263"
  61      0105C67E 
  61      8745501E 
  61      446B2FDF 
  61      547EFEB3 
  62 004b FA7D83AD 		.ascii	"\372}\203\255lM^\324\024\313L\225X&j\216\345I-\261\334"
  62      6C4D5ED4 
  62      14CB4C95 
  62      58266A8E 
  62      E5492DB1 
  63 0060 A9552C37 		.ascii	"\251U,7j\035\212\240\361\263\326\202\332\253\023T^{"
  63      6A1D8AA0 
  63      F1B3D682 
  63      DAAB1354 
  63      5E7B
  64 0072 41F11A28 		.ascii	"A\361\032(\310\236GK\361<Y&\317\013\361\005\227po\032"
  64      C89E474B 
  64      F13C5926 
  64      CF0BF105 
  64      97706F1A 
  65              		.text
  66              		.section	.gnu.lto_.refs.fa1d5b609367ceae,"e",%progbits
  67 0000 789CE360 		.ascii	"x\234\343``d`c`\000\222L\214L\014\000\000\333\000\026"
  67      60646063 
  67      6000924C 
  67      8C4C0C00 
  67      00DB0016 
  68              		.text
  69              		.section	.gnu.lto_.decls.fa1d5b609367ceae,"e",%progbits
  70 0000 789C9554 		.ascii	"x\234\225TkLTG\024\236\263w\331\027\013\030h\253\251"
  70      6B4C5447 
  70      149EB377 
  70      D9170B18 
  70      68ABA9
  71 0013 3125666D 		.ascii	"1%fm\375Q\331\242M\252\211\177,Z5\261\225\304\3667E"
  71      FD51D9A2 
  71      4DAA897F 
  71      2C5A35B1 
  71      95C4F637 
  72 0028 407723AF 		.ascii	"@w#\257\354.\306\244\177\256\210@\264\005|U\300*\002"
  72      EC2EC6A4 
  72      7FAE8840 
ARM GAS  /tmp/ccUIxCgV.s 			page 5


  72      B4057C55 
  72      C02A02
  73 003b 6D1AAC0F 		.ascii	"m\032\254\017\254o\344\261\010TAE\260\242\200(+VeQ\236"
  73      AC6FE4B1 
  73      08544145 
  73      B0A28028 
  73      2B566551 
  74 0050 167943CF 		.ascii	"\026yC\317\314\334\273\\D\015\235\335sg\316\314\367"
  74      CCDCBB5C 
  74      440D9DDD 
  74      7367CECC 
  74      F7
  75 0061 7D3373CE 		.ascii	"}3s\316\314\350\010\220\017\365\204D\253\0109N\010\231"
  75      CCE80890 
  75      0FF58444 
  75      AB08394E 
  75      0899
  76 0073 C0824D52 		.ascii	"\300\202MR\217\006h.\302\213\016\355\031\232\033\355"
  76      8F06682E 
  76      C28B0EED 
  76      199A1BED 
  77 0083 395A275A 		.ascii	"9Z'Z7Z/\332 \332\260\204\037%S\313-\354\324bmA\033C"
  77      375A2FDA 
  77      20DAB084 
  77      1F2553CB 
  77      2DECD462 
  78 009b 7B8A362E 		.ascii	"{\2126.\351\266\242\015\274\246?,\351\365J\372\235\322"
  78      E9B6A20D 
  78      BCA63F2C 
  78      E9F54AFA 
  78      9DD2
  79 00ad 7CEEB7E8 		.ascii	"|\356\267\350\037\024\340a\342\341Ac\232\000\376\006"
  79      1F14E061 
  79      E2E14163 
  79      9A00FE06 
  80 00bd 50A3BBBF 		.ascii	"P\243\273\277\346l\265\001\335\367\014\020\210n\305"
  80      E66CB501 
  80      DDF70C10 
  80      886EC5
  81 00cc 85FB6E15 		.ascii	"\205\373n\025\037\375\014\335\202\376\264C\006\356\032"
  81      1FFD0CDD 
  81      82FEB443 
  81      06EE1A
  82 00db D12D6AB8 		.ascii	"\321-j\270\236\347\313\301.\242 \373srZ\372\231\323"
  82      9EE7CBC1 
  82      2EA220FB 
  82      73725AFA 
  82      99D3
  83 00ed 06410574 		.ascii	"\006A\005t\250l\342\34725\037\322\241\233_U4\354-\350"
  83      A86CE2E7 
  83      32351FD2 
  83      A19B5F55 
  83      34EC2DE8 
  84 0101 D95071F2 		.ascii	"\331Pq\362X\251\026\207>1\000\215\237\037v]\355\356"
  84      58A91687 
  84      3E31008D 
  84      9F1F765D 
ARM GAS  /tmp/ccUIxCgV.s 			page 6


  84      EDEE
  85 0113 BC03BC8B 		.ascii	"\274\003\274\213\"N\215\354\373\315(\370\260v\255;\247"
  85      224E8DEC 
  85      FBCD28F8 
  85      B076AD3B 
  85      A7
  86 0124 D9603E21 		.ascii	"\331`>!\362\242\333B\240\012\204\311\355\024\374\272"
  86      F2A2DB42 
  86      A00A84C9 
  86      ED14FCBA 
  87 0134 274F232C 		.ascii	"'O#,g\320l\327\037\271FC\252(&\212Gw\210\3725\004.\303"
  87      67D06CD7 
  87      1FB94643 
  87      AA28268A 
  87      477788FA 
  88 014c 5C2882B9 		.ascii	"\\(\202\271\004\256\002\023\377\013\314P\211}\025\330"
  88      04AE0213 
  88      FF0BCC50 
  88      897D15D8 
  89 015c 8784B6A2 		.ascii	"\207\204\266\242\226\355*a\025#\217\357*\356\021\204"
  89      96ED2A61 
  89      15238FEF 
  89      2AEE1184 
  90 016c B5B4AD7E 		.ascii	"\265\264\255~|\352|\232/\004\230L\246=t\322\0144P\023"
  90      7CEA7C9A 
  90      2F04984C 
  90      A63D74D2 
  90      0C345013 
  91 0180 28456609 		.ascii	"(Ef\0112\011\\\207\000\246U\013&\270\211v\003Lt=ytj"
  91      32095C87 
  91      00A6550B 
  91      26B88976 
  91      034C743D 
  92 0197 6777D6D2 		.ascii	"gw\326\322\303\267\333Eq\357\034\270\006\006\250\301"
  92      C3B7DB45 
  92      71EF1CB8 
  92      0606A8C1 
  93 01a7 A9295E5E 		.ascii	"\251)^^\013\201r\366\015\236+\023\332\346e\213\316$"
  93      0B8172F6 
  93      0D9E2B13 
  93      DAE6658B 
  93      CE24
  94 01b9 0D435F99 		.ascii	"\015C_\231\2066\323\317e\360\240o+\320\325oFSi\232\203"
  94      8636D3CF 
  94      65F0A06F 
  94      2BD0D56F 
  94      4653699A 
  95 01ce F1A43A8D 		.ascii	"\361\244:\215\220\016l\1779\275\0255^\001o\334\017\334"
  95      900E6C7F 
  95      39BD1535 
  95      5E016FDC 
  95      0FDC
  96 01e0 9264DEB0 		.ascii	"\222d\336\260%d\2368\377\343!-O\345\034t\317\335\274"
  96      25649E38 
  96      FFE3212D 
  96      4FE51C74 
  96      CFDDBC
ARM GAS  /tmp/ccUIxCgV.s 			page 7


  97 01f3 F8D04BC8 		.ascii	"\370\320K\310\343\252-}wS\274\205\002\356\234\032\335"
  97      E3AA2D7D 
  97      7753BC85 
  97      02EE9C1A 
  97      DD
  98 0204 FFBB4628 		.ascii	"\377\273F(\344\316\211\261K\311\322\331XN\317\306\261"
  98      E4CE89B1 
  98      4BC9D2D9 
  98      584ECFC6 
  98      B1
  99 0215 FC0EE99C 		.ascii	"\374\016\351\234\271\004\364w\235\333\227\357'\\`XM"
  99      B904F477 
  99      9DDB97EF 
  99      275C6058 
  99      4D
 100 0226 7169C988 		.ascii	"qi\311\210/`\270M\001\246<\272B\347\335\034\377}\242"
 100      2F60B84D 
 100      01A63CBA 
 100      42E7DD1C 
 100      FF7DA2
 101 0239 78ED7BA8 		.ascii	"x\355{\250\303e\335\301\345\265`=\031\177\263\"\200"
 101      C365DDC1 
 101      E5B5603D 
 101      197FB322 
 101      80
 102 024a 886EFB68 		.ascii	"\210n\373h;\013\011\005\377=\015\314\303-G\020\341W"
 102      3B0B0905 
 102      FF3D0DCC 
 102      C32D4710 
 102      E157
 103 025c 164EC29D 		.ascii	"\026N\302\235\323\340e\257\303\373\024\352\267\247\301"
 103      D3E065AF 
 103      C3FB14EA 
 103      B7A7C1
 104 026b EB3DC99C 		.ascii	"\353=\311\234\022\333\273\010h`C-R`\0331\250Mh\367\321"
 104      12DBBB08 
 104      6860432D 
 104      52601B31 
 104      A84D68F7 
 105 0280 9AD11E78 		.ascii	"\232\321\036x\316\014\316\321\254X\322\275is\024\203"
 105      CE0CCED1 
 105      AC58D2BD 
 105      69731483 
 106 0290 22ABE543 		.ascii	"\"\253\345C/v\372\011\245<\312\231O\312\207\374\344"
 106      2F76FA09 
 106      A53CCA99 
 106      4FCA87FC 
 106      E4
 107 02a1 AC264D99 		.ascii	"\254&M\231\031\036J:\357\230\034\025\016:k\263\215\306"
 107      191E4A3A 
 107      EF981C15 
 107      0E3A6BB3 
 107      8DC6
 108 02b3 5D9E4B03 		.ascii	"]\236K\003\255S\316\223\013\214\204W\210\315}\340*\323"
 108      AD53CE93 
 108      0B8C8457 
 108      88CD7DE0 
ARM GAS  /tmp/ccUIxCgV.s 			page 8


 108      2AD3
 109 02c5 3F42047D 		.ascii	"?B\004}\363\0002\265@\350\217~\350k\303k\240mj\023r"
 109      F30032B5 
 109      40E88F7E 
 109      E86BC36B 
 109      A06D6A13 
 110 02da 015A241C 		.ascii	"\001Z$\034\257(\200\367\361J\376\360>\225\244\242\222"
 110      AF2880F7 
 110      F14AFEF0 
 110      3E95A4A2 
 110      92
 111 02eb AE39700E 		.ascii	"\2569p\016Wg\256B\232\217\2034.\213p\002_\325$Q\352"
 111      5767AE42 
 111      9A8F8334 
 111      2E8B7002 
 111      5FD52451 
 112 0300 5249D329 		.ascii	"RI\323)\0310m\305\223\202\304#*\027\360\274?G\306~\312"
 112      19306DC5 
 112      9382C423 
 112      2A17F0BC 
 112      3F47C67E 
 113 0315 F16D03D7 		.ascii	"\361m\003\327v\314@\341\313\302y\004\336\317\010$,7"
 113      76CC40E1 
 113      CBC27904 
 113      DECF0824 
 113      2C37
 114 0327 3D67C436 		.ascii	"=g\3046\203\320\312\023\225\\\225q\331\207_\007\025"
 114      83D0CA13 
 114      955C9571 
 114      D9875F07 
 114      15
 115 0338 8D64435D 		.ascii	"\215dC]\"\360\3530\013\335\003y\225w\364\263\017\260"
 115      22F0EB30 
 115      0BDD0379 
 115      9577F4B3 
 115      0FB0
 116 034a 34EE1067 		.ascii	"4\356\020g\251\300\362\001<\301\034\374\303r\360\024"
 116      A9C0F201 
 116      3CC11CFC 
 116      C372F014 
 117 035a 66134850 		.ascii	"f\023HP\363\011/\015\216\354\365\235\177Tt\271D\347"
 117      F3092F0D 
 117      8EECF59D 
 117      7F5474B9 
 117      44E7
 118 036c 4471E0B3 		.ascii	"Dq\340\263\263\242\270\023ij\212\202\307\230rL7[\"\266"
 118      B3A2B813 
 118      696A8A82 
 118      C798724C 
 118      375B22B6 
 119 0380 09B4E10F 		.ascii	"\011\264\341\017\036\341\017;\236\301|\344\247\374\331"
 119      1EE10F3B 
 119      9EC17CE4 
 119      A7FCD9
 120 038f D5EA25A4 		.ascii	"\325\352%\244\361WZt\337\333\257\246bx\004\273k\226"
 120      F1575A74 
 120      DFDBAFA6 
ARM GAS  /tmp/ccUIxCgV.s 			page 9


 120      627804BB 
 120      6B96
 121 03a1 6616B68B 		.ascii	"f\026\266\213\251\0066!\264+\244\332\245\027\027\334"
 121      A9063621 
 121      B42BA4DA 
 121      A51717DC 
 122 03b1 4CE2C6D3 		.ascii	"L\342\306\323\007?\010\025\\\341|\312\357\363%\201\347"
 122      073F0815 
 122      5CE17CCA 
 122      EFF32581 
 122      E7
 123 03c2 4D9F369F 		.ascii	"M\2376\237\025\223\274\030\275CA\357\220\351\317\031"
 123      1593BC18 
 123      BD4341EF 
 123      90E9CF19 
 124 03d2 FD5CEE60 		.ascii	"\375\\\356`\233\217\320\310\371\273\217TgzI\002\025"
 124      9B8FD0C8 
 124      F9BB8F54 
 124      677A4902 
 124      15
 125 03e3 2DA6931E 		.ascii	"-\246\223\036\201\027\012\201\027\262@'\023\250l\350"
 125      81170A81 
 125      17B24027 
 125      13A86CE8 
 126 03f3 48F512D2 		.ascii	"H\365\022\322\005&\340.t\016\350$\201\221\016\323\250"
 126      0526E02E 
 126      740EE824 
 126      81910ED3 
 126      A8
 127 0404 47A04B21 		.ascii	"G\240K!\320%\013t3\201[5\371\243>B5\027\310\276\336"
 127      D0250B74 
 127      33815B35 
 127      F9A33E42 
 127      3517C8BE 
 128 0419 BC465EC0 		.ascii	"\274F^\300\360\302\033\036~\217\202\337#\363{\031\377"
 128      F0C21B1E 
 128      7E8F82DF 
 128      23F37B19 
 128      FF
 129 042a D8F1AC27 		.ascii	"\330\361\254'z!Q\315\370\367w\236N\003~\005i\221\317"
 129      7A2151CD 
 129      F8F7779E 
 129      4E037E05 
 129      6991CF
 130 043d DC4B7EF3 		.ascii	"\334K~\363\244c2X\342\316\365\223AI\022\210\335\320"
 130      A4633258 
 130      E2CEF593 
 130      41491288 
 130      DDD0
 131 044f A9B8CA94 		.ascii	"\251\270\312\224+No\345m\374w\312m\354g\267\021q\215"
 131      2B4E6FE5 
 131      6DFC77CA 
 131      6DEC67B7 
 131      11718D
 132 0462 074F3709 		.ascii	"\007O7\011j\025\357\242g\003\373\372K.\376\242}\353"
 132      6A15EFA2 
 132      6703FBFA 
ARM GAS  /tmp/ccUIxCgV.s 			page 10


 132      4B2EFEA2 
 132      7DEB
 133 0474 211AA087 		.ascii	"!\032\240\207\350\025H\247(\261\276\251\321 \347-\313"
 133      E81548A7 
 133      28B1BEA9 
 133      D120E72D 
 133      CB
 134 0485 D4CD768D 		.ascii	"\324\315v\215\020\350S\354\272O\336\365 \333u\326\221"
 134      10E853EC 
 134      BA4FDEF5 
 134      20DB75D6 
 134      91
 135 0496 F44241C8 		.ascii	"\364BA\310\340\273\336[W^\257\225\005v\013eW\223\235"
 135      E0BBDE5B 
 135      575EAF95 
 135      05760B65 
 135      57939D
 136 04a9 A1FCE00C 		.ascii	"\241\374\340\014)\024\206d\205a\246p\255\342\344+o\241"
 136      29148664 
 136      8561A670 
 136      ADE2E42B 
 136      6FA1
 137 04bb 992B14E4 		.ascii	"\231+\024\344\327v\371.\310\027{\350\331\313\012\354"
 137      D776F92E 
 137      C8177BE8 
 137      D9CB0AEC 
 138 04cb EA491253 		.ascii	"\352I\022S\375\331\3533\302\025\024o\350\010\323\201"
 138      FDD9EB33 
 138      C215146F 
 138      E808D381 
 139 04db 515880C4 		.ascii	"QX\200\304\307U]/}\2241\242\263N\306h\214\277Xc\354"
 139      C7555D2F 
 139      7D9431A2 
 139      B34EC668 
 139      8CBF5863 
 140 04f0 C5EAE8CF 		.ascii	"\305\352\350\317i\361Rb\007\246`\3079\226V\232\320\225"
 140      69F15262 
 140      07A660C7 
 140      3996569A 
 140      D095
 141 0502 2BC31DE1 		.ascii	"+\303\035\341B\204-zAP\220\031\377[\242l\261Q\321\346"
 141      42842D7A 
 141      41509019 
 141      FF5BA26C 
 141      B151D1E6 
 142 0516 108B75A3 		.ascii	"\020\213u\243u\375\006s\234\335l\011\2176\333m\021\264"
 142      75FD0673 
 142      9CDD6C09 
 142      8F36DB6D 
 142      11B4
 143 0528 0E8AD0AD 		.ascii	"\016\212\320\255\376\346\273\300\220e\313\210.\301\032"
 143      FEE6BBC0 
 143      9065CB88 
 143      2EC11A
 144 0537 EB58B238 		.ascii	"\353X\2628\314!\304E\332\220oY\361.~|\234\315a7o\370"
 144      CC21C445 
 144      DA906F59 
ARM GAS  /tmp/ccUIxCgV.s 			page 11


 144      F12E7E7C 
 144      9CCD6137 
 145 054d F6EB258B 		.ascii	"\366\353%\213\315\353\326\2554\257\016]\273~k0\035\012"
 145      CDEBD6AD 
 145      34AF0E5D 
 145      BB7E6B30 
 145      1D0A
 146 055f 8B478B8E 		.ascii	"\213G\213\216\216\014\262\020\177\273#\006\0257\307"
 146      8E0CB210 
 146      7FBB2306 
 146      1537C7
 147 056e 5BE3C2EC 		.ascii	"[\343\302\354Q\216\204\3700\207&4\204\256O\023\372%"
 147      518E84F8 
 147      30872634 
 147      84AE4F13 
 147      FA25
 148 0580 AF56F06A 		.ascii	"\257V\360j\025\255\364\241+\326\205\304\305n\262nV}"
 148      15ADF4A1 
 148      2BD685C4 
 148      C56EB26E 
 148      567D
 149 0592 4E74E1B6 		.ascii	"Nt\341\266\230\255_,\212!\206\010\234*j\333\242\230"
 149      98AD5F2C 
 149      8A218608 
 149      9C2A6ADB 
 149      A298
 150 05a4 25448BF2 		.ascii	"%D\213\362kc\255\216\217g\2643\242\261;(z\321\273\320"
 150      6B63AD8E 
 150      8F67B433 
 150      A2B13B28 
 150      7AD1BBD0 
 151 05b8 D6D888E8 		.ascii	"\326\330\210\350\204\310(\266p\273\003\327\254\337\030"
 151      84C828B6 
 151      70BB03D7 
 151      ACDF18
 152 05c7 176E8BA4 		.ascii	"\027n\213\244<C\220\231\265\261SksD\320\256\240\231"
 152      3C439099 
 152      B5B1536B 
 152      7344D0AE 
 152      A099
 153 05d9 4A219ED2 		.ascii	"J!\236\322\354\361VJ\013\236\361\012\342\255a[\027#"
 153      ECF1564A 
 153      0B9EF10A 
 153      E2AD615B 
 153      1723
 154 05eb 53638FFC 		.ascii	"Sc\217\374\177\304(\233\025\367l!>r\370\303\254\310"
 154      7FC4289B 
 154      15F76C21 
 154      3E72F8C3 
 154      ACC8
 155 05fd 375A14CE 		.ascii	"7Z\024\316\362\231\346\223}\277\012\336\266\315l\231"
 155      F299E693 
 155      7DBF0ADE 
 155      B6CD6C99 
 156 060d 4C25958D 		.ascii	"L%\225\215\214\332\024\236\020\355\010\213`I\372\017"
 156      8CDA149E 
 156      10ED088B 
ARM GAS  /tmp/ccUIxCgV.s 			page 12


 156      6049FA0F 
 157 061d 5D9D73CF 		.ascii	"]\235s\317"
 158              		.text
 159              		.section	.gnu.lto_.symtab.fa1d5b609367ceae,"e",%progbits
 160 0000 68616C49 		.ascii	"halInit\000"
 160      6E697400 
 161 0008 00       		.ascii	"\000"
 162 0009 00       		.ascii	"\000"
 163 000a 00       		.ascii	"\000"
 164 000b 00000000 		.ascii	"\000\000\000\000\000\000\000\000"
 164      00000000 
 165 0013 E7000000 		.ascii	"\347\000\000\000"
 166 0017 70616C5F 		.ascii	"pal_default_config\000"
 166      64656661 
 166      756C745F 
 166      636F6E66 
 166      696700
 167 002a 00       		.ascii	"\000"
 168 002b 02       		.ascii	"\002"
 169 002c 00       		.ascii	"\000"
 170 002d 00000000 		.ascii	"\000\000\000\000\000\000\000\000"
 170      00000000 
 171 0035 FC000000 		.ascii	"\374\000\000\000"
 172 0039 7374496E 		.ascii	"stInit\000"
 172      697400
 173 0040 00       		.ascii	"\000"
 174 0041 02       		.ascii	"\002"
 175 0042 00       		.ascii	"\000"
 176 0043 00000000 		.ascii	"\000\000\000\000\000\000\000\000"
 176      00000000 
 177 004b E9000000 		.ascii	"\351\000\000\000"
 178 004f 626F6172 		.ascii	"boardInit\000"
 178      64496E69 
 178      7400
 179 0059 00       		.ascii	"\000"
 180 005a 02       		.ascii	"\002"
 181 005b 00       		.ascii	"\000"
 182 005c 00000000 		.ascii	"\000\000\000\000\000\000\000\000"
 182      00000000 
 183 0064 EB000000 		.ascii	"\353\000\000\000"
 184 0068 72746349 		.ascii	"rtcInit\000"
 184      6E697400 
 185 0070 00       		.ascii	"\000"
 186 0071 02       		.ascii	"\002"
 187 0072 00       		.ascii	"\000"
 188 0073 00000000 		.ascii	"\000\000\000\000\000\000\000\000"
 188      00000000 
 189 007b ED000000 		.ascii	"\355\000\000\000"
 190 007f 73706949 		.ascii	"spiInit\000"
 190      6E697400 
 191 0087 00       		.ascii	"\000"
 192 0088 02       		.ascii	"\002"
 193 0089 00       		.ascii	"\000"
 194 008a 00000000 		.ascii	"\000\000\000\000\000\000\000\000"
 194      00000000 
 195 0092 EF000000 		.ascii	"\357\000\000\000"
 196 0096 7364496E 		.ascii	"sdInit\000"
ARM GAS  /tmp/ccUIxCgV.s 			page 13


 196      697400
 197 009d 00       		.ascii	"\000"
 198 009e 02       		.ascii	"\002"
 199 009f 00       		.ascii	"\000"
 200 00a0 00000000 		.ascii	"\000\000\000\000\000\000\000\000"
 200      00000000 
 201 00a8 F1000000 		.ascii	"\361\000\000\000"
 202 00ac 5F70616C 		.ascii	"_pal_lld_init\000"
 202      5F6C6C64 
 202      5F696E69 
 202      7400
 203 00ba 00       		.ascii	"\000"
 204 00bb 02       		.ascii	"\002"
 205 00bc 00       		.ascii	"\000"
 206 00bd 00000000 		.ascii	"\000\000\000\000\000\000\000\000"
 206      00000000 
 207 00c5 F8000000 		.ascii	"\370\000\000\000"
 208 00c9 68616C5F 		.ascii	"hal_lld_init\000"
 208      6C6C645F 
 208      696E6974 
 208      00
 209 00d6 00       		.ascii	"\000"
 210 00d7 02       		.ascii	"\002"
 211 00d8 00       		.ascii	"\000"
 212 00d9 00000000 		.ascii	"\000\000\000\000\000\000\000\000"
 212      00000000 
 213 00e1 FA000000 		.ascii	"\372\000\000\000"
 214              		.text
 215              		.section	.gnu.lto_.opts,"e",%progbits
 216 0000 272D666E 		.ascii	"'-fno-openmp' '-fno-openacc' '-fno-pie' '-mcpu=cort"
 216      6F2D6F70 
 216      656E6D70 
 216      2720272D 
 216      666E6F2D 
 217 0033 65782D6D 		.ascii	"ex-m3' '-mthumb' '-mfloat-abi=soft' '-march=armv7-m"
 217      33272027 
 217      2D6D7468 
 217      756D6227 
 217      20272D6D 
 218 0066 2720272D 		.ascii	"' '-O2' '-fstack-usage' '-ffunction-sections' '-fda"
 218      4F322720 
 218      272D6673 
 218      7461636B 
 218      2D757361 
 219 0099 74612D73 		.ascii	"ta-sections' '-fno-common' '-flto' '-fshort-enums'\000"
 219      65637469 
 219      6F6E7327 
 219      20272D66 
 219      6E6F2D63 
 220              		.text
 221              		.comm	__gnu_lto_v1,1,1
 222              		.comm	__gnu_lto_slim,1,1
 223              		.ident	"GCC: (GNU Arm Embedded Toolchain 9-2020-q2-update) 9.3.1 20200408 (release)"
ARM GAS  /tmp/ccUIxCgV.s 			page 14


DEFINED SYMBOLS
                            *ABS*:0000000000000000 hal.c
                            *COM*:0000000000000001 __gnu_lto_v1
                            *COM*:0000000000000001 __gnu_lto_slim

NO UNDEFINED SYMBOLS
