ARM GAS  /tmp/cciMGgcW.s 			page 1


   1              		.cpu cortex-m3
   2              		.eabi_attribute 20, 1
   3              		.eabi_attribute 21, 1
   4              		.eabi_attribute 23, 3
   5              		.eabi_attribute 24, 1
   6              		.eabi_attribute 25, 1
   7              		.eabi_attribute 26, 1
   8              		.eabi_attribute 30, 2
   9              		.eabi_attribute 34, 1
  10              		.eabi_attribute 18, 4
  11              		.file	"hal_flash.c"
  12              		.section	.gnu.lto_.profile.4a9014d92f68fbfa,"e",%progbits
  13 0000 789CE360 		.ascii	"x\234\343``\004B \000\000\000]\000\013"
  13      60044220 
  13      0000005D 
  13      000B
  14              		.text
  15              		.section	.gnu.lto_.icf.4a9014d92f68fbfa,"e",%progbits
  16 0000 789CE360 		.ascii	"x\234\343``d\220c@\000V\2067\347\217>\346b|~\360\332"
  16      60649063 
  16      40005686 
  16      37E78F3E 
  16      E6627C7E 
  17 0016 7E66A69F 		.ascii	"~f\246\237\323\367\3131\237\333\367\266\221\221\345"
  17      D3F7CB31 
  17      9FDBF7B6 
  17      9191E5
  18 0025 CD87277E 		.ascii	"\315\207'~\014\000\361\374\017Z"
  18      0C00F1FC 
  18      0F5A
  19              		.text
  20              		.section	.gnu.lto_.jmpfuncs.4a9014d92f68fbfa,"e",%progbits
  21 0000 789C8D8E 		.ascii	"x\234\215\216\261\015\302P\014D\357\331\277H\307\000"
  21      B10DC250 
  21      0C44EFD9 
  21      BF48C700 
  22 0010 BFC92EEC 		.ascii	"\277\311.\354E\012Z\224\2262\005[\000Bt\0244\024\324"
  22      450A5A94 
  22      9632055B 
  22      00427414 
  22      3414D4
  23 0023 6C80B200 		.ascii	"l\200\262\000\022\370\013\221H\241\211\245+|\266\237"
  23      12F80B91 
  23      48A189A5 
  23      2B7CB69F 
  24 0033 AF125AA2 		.ascii	"\257\022Z\242\241\\@\323\271L\342\234P\350\035\265P"
  24      A15C40D3 
  24      B94CE29C 
  24      50E81DB5 
  24      50
  25 0044 4A2B4DBD 		.ascii	"J+M\275\261\177\225\036\337:\355\272\177T\255w\016b"
  25      B17F951E 
  25      DF3AEDBA 
  25      7F54AD77 
  25      0E62
  26 0056 4F2E6A6A 		.ascii	"O.jj\014\274pCf\276\363\277\323\337n\032'`\001\274\364"
  26      0CBC7043 
ARM GAS  /tmp/cciMGgcW.s 			page 2


  26      66BEF3BF 
  26      D3DF6E1A 
  26      276001BC 
  27 006b CF3B05E8 		.ascii	"\317;\005\350\001<\220\303:mnW\377Zp$[\361\2073\311"
  27      013C90C3 
  27      3A6D6E57 
  27      FF5A7024 
  27      5BF18733 
  28 0080 222B93AC 		.ascii	"\"+\223\254M\355\323\014\314\313P\340\363\277\350\003"
  28      4DEDD30C 
  28      CCCB50E0 
  28      F3BFE803 
  29 0090 91C85109 		.ascii	"\221\310Q\011"
  30              		.text
  31              		.section	.gnu.lto_.inline.4a9014d92f68fbfa,"e",%progbits
  32 0000 789CE360 		.ascii	"x\234\343``d`bd\200\003f\006\026\341\267G\327\035f\312"
  32      60646062 
  32      64800366 
  32      0616E1B7 
  32      47D71D66 
  33 0015 068AF35F 		.ascii	"\006\212\363_\355\276\333\300\224\311\300\300~f\335"
  33      EDBEDBC0 
  33      94C9C0C0 
  33      7E66DD
  34 0024 9745CCA9 		.ascii	"\227E\314\251L\014L 5L\334@\015\214\023\374\330\204"
  34      4C0C4C20 
  34      354CDC40 
  34      0D8C13FC 
  34      D884
  35 0036 8034D369 		.ascii	"\2004\323i\016\240\021\342\2636?{\303\234\316\310\304"
  35      0EA011E2 
  35      B3363F7B 
  35      C39CCEC8 
  35      C4
  36 0047 A0C00834 		.ascii	"\240\300\0104\203\021H2\260\212544,`Jc``\0032\032\230"
  36      83114832 
  36      B08A3534 
  36      342C604A 
  36      63606003 
  37 005e 5240DA19 		.ascii	"R@\332\031\301\314$&\006\0268\233\201\205\201\351\354"
  37      C1CC2426 
  37      0616389B 
  37      818581E9 
  37      EC
  38 006f CCCDCF80 		.ascii	"\314\315\317\200,\016\210\361@\002\352$\246\011~\014"
  38      2C0E88F1 
  38      4002EA24 
  38      A6097E0C 
  39 007f AC820C60 		.ascii	"\254\202\014`\353\230\031@\006\276@\267E\004\250w\032"
  39      EB981940 
  39      06BE40B7 
  39      4504A877 
  39      1A
  40 0090 F56C6100 		.ascii	"\365la\000\000\316\2762l"
  40      00CEBE32 
  40      6C
  41              		.text
ARM GAS  /tmp/cciMGgcW.s 			page 3


  42              		.section	.gnu.lto_.pureconst.4a9014d92f68fbfa,"e",%progbits
  43 0000 789CE360 		.ascii	"x\234\343``d\340b```f\330\311\3028\223\205y&\013\000"
  43      6064E062 
  43      60606066 
  43      D8C9C238 
  43      93857926 
  44 0016 0B920212 		.ascii	"\013\222\002\022"
  45              		.text
  46              		.section	.gnu.lto_flashWaitErase.4a9014d92f68fbfa,"e",%progbits
  47 0000 789C7D53 		.ascii	"x\234}S[KTQ\024\336\337\331\3476\352$\364\024\370\342"
  47      5B4B5451 
  47      14DEDFD9 
  47      E736EA24 
  47      F414F8E2 
  48 0014 43124139 		.ascii	"C\022A9B=\344\203\020\364\003\"\372\001Q6\241e\027f"
  48      423DE483 
  48      10F40322 
  48      FA015136 
  48      A1651766 
  49 0028 A2D7F65C 		.ascii	"\242\327\366\\\354:\245\017Y\026\331D2t!\254 2\262\313"
  49      EC3AA50F 
  49      5916D944 
  49      327421AC 
  49      2032B2CB 
  50 003c 314BD3EC 		.ascii	"1K\323\354f\367\240)\2220\273Z\221E\204\265\326>\307"
  50      66F7A029 
  50      9230BB5A 
  50      914584B5 
  50      D63EC7
  51 004f B2A88699 		.ascii	"\262\250\206\2315k\257\375}\337Z\347\333\373\270\002"
  51      356BAFFD 
  51      7DDF5AE7 
  51      DBFBB802 
  52 005f 62B92944 		.ascii	"b\271)D\235\020b\001\375`\013\030J\251\271N\3025 \203"
  52      9D106201 
  52      FD600B18 
  52      4AA9B94E 
  52      C2352083 
  53 0073 4C1A665B 		.ascii	"L\032f[C\275c\252\002k`\344\353\034S\025\231\200\336"
  53      43BD63AA 
  53      026B60E4 
  53      EB1C5315 
  53      9980DE
  54 0086 53AE15A0 		.ascii	"S\256\025\240:]\210\365\2064-P\024??\015r\227D\323\346"
  54      3A5D88F5 
  54      86342D50 
  54      143F3F0D 
  54      729744D3 
  55 009b 8EFBE1E9 		.ascii	"\216\373\341\351\007\225J*o\327hU\"U?%K\230\335R`V\011"
  55      07954A2A 
  55      6FD76855 
  55      22553F25 
  55      4B98DD52 
  56 00b2 2A4A3412 		.ascii	"*J4\022g0\235\260\371d\313\227\242\3552+\001\223\226"
  56      67309DB0 
  56      F964CB97 
  56      A2ED322B 
ARM GAS  /tmp/cciMGgcW.s 			page 4


  56      019396
  57 00c5 3BFA4EF6 		.ascii	";\372N\366\026\360\322@)-\033\357\275=*e\004\202\362"
  57      16F0D240 
  57      292D1BEF 
  57      BD3D2A65 
  57      0482F2
  58 00d8 DE8F8D7B 		.ascii	"\336\217\215{C\323rZ\265?'\325\324\254\2248\007\311"
  58      43D3725A 
  58      B53F27D5 
  58      D4AC9438 
  58      07C9
  59 00ea B2675182 		.ascii	"\262gQ\202\016\2200\325H\372<\246\011\246<;1\326\024"
  59      0E9030D5 
  59      48FA3CA6 
  59      09A63C3B 
  59      31D614
  60 00fd B64DEECC 		.ascii	"\266M\356\314\035/\300\306oU\010\015;p\270\365#\344"
  60      1D2FC0C6 
  60      6F55080D 
  60      3B70B8F5 
  60      23E4
  61 010f 6CDD65DB 		.ascii	"l\335e\333\343w\237\254\262V\345Q\227\261!\271Gy\351"
  61      E3779FAC 
  61      B256E551 
  61      97B121B9 
  61      4779E9
  62 0122 D2AC34D1 		.ascii	"\322\2544\321\371G#\341S\273\367\367\3649\262RSG\357"
  62      F94723E1 
  62      53BBF7F7 
  62      F439B252 
  62      5347EF
  63 0135 ED7BC854 		.ascii	"\355{\310T\036p\264\335jV^\202\250\002]>\365\327\243"
  63      1E70B4DD 
  63      6A565E82 
  63      A8025D3E 
  63      F5D7A3
  64 0148 4F180D97 		.ascii	"O\030\015\227P\206\213(\323\303M\334I\223\313j\377`"
  64      50868B28 
  64      D3C34DDC 
  64      4993CB6A 
  64      FF60
  65 015a C612B80C 		.ascii	"\306\022\270\014[\217:att\323\243x\314@\017eB\030\343"
  65      5B8F3A61 
  65      7474D3A3 
  65      78CC400F 
  65      654218E3 
  66 016e 42C7062C 		.ascii	"B\307\006,O\215}\337\250\274\374g\344^e0\031d\212eP"
  66      4F8D7DDF 
  66      A8BCFC67 
  66      E45E6530 
  66      19648A65 
  67 0183 B02505C7 		.ascii	"\260%\005\307\244\340Z\034l\016\016\007\2277\012\301"
  67      A4E05A1C 
  67      6C0E0E07 
  67      97370AC1 
  68 0193 BE85052B 		.ascii	"\276\205\005+\025\353(\304V)F\276\036\232\003\345qn"
  68      15EB28C4 
ARM GAS  /tmp/cciMGgcW.s 			page 5


  68      562946BE 
  68      1E9A03E5 
  68      716E
  69 01a5 E83C4179 		.ascii	"\350<AyF\362-P&R\264x\211\344\331\341-\2036\017\332"
  69      46F22D50 
  69      2652B478 
  69      89E4D9E1 
  69      2D83360F 
  70 01ba 22D9E1ED 		.ascii	"\"\331\341\355\251wy\227OQjc\274G\307\037N\312\2415"
  70      A9777997 
  70      4F516A63 
  70      BC47C71F 
  70      4ECAA135 
  71 01ce 41147224 		.ascii	"A\024r$\324\"\013q\205M\244\275D\366\311i\273\242M\371"
  71      D4220B71 
  71      854DA4BD 
  71      44F6C969 
  71      BBA24DF9 
  72 01e2 5B167A91 		.ascii	"[\026z\221C\263\177\\}\250\320\332!_\330\230(l\375M"
  72      43B37F5C 
  72      7DA8D0DA 
  72      215FD898 
  72      286CFD4D 
  73 01f6 B880BAE3 		.ascii	"\270\200\272\343j \334\326~\360F\230\204\033\365V!\372"
  73      6A20DCD6 
  73      7EF04698 
  73      841BF556 
  73      21FA
  74 0208 B5309F38 		.ascii	"\2650\2378\256\221\360k\324\227\372\272a\222\0264\022"
  74      AE91F06B 
  74      D497FABA 
  74      61921634 
  74      12
  75 0219 713A1247 		.ascii	"q:\022G\336\333i$\003\275\"6\224A\002\327\221FV\206"
  75      DEDB6924 
  75      03BD2236 
  75      944102D7 
  75      91465686 
  76 022d C573A45F 		.ascii	"\305s\244_t\345\233+\002*qNm~s8\304#\011\0007\202\253"
  76      74E59B2B 
  76      022A714E 
  76      6D7E7338 
  76      C4230900 
  77 0244 9191E67B 		.ascii	"\221\221\346{\366\312\267\347b~8\323\3450\205\005\211"
  77      F6CAB7E7 
  77      627E38D3 
  77      E5308505 
  77      89
  78 0255 33F46130 		.ascii	"3\364a0_X\331\2566\221&\035\346MT\212\267H\006\363\024"
  78      5F58D9AE 
  78      3691261D 
  78      E64D548A 
  78      B74806F3 
  79 026a 137F14C5 		.ascii	"\023\177\024\305\244.\037={\000\322\262\032\352\357"
  79      A42E1F3D 
  79      7B00D2B2 
  79      1AEAEF
ARM GAS  /tmp/cciMGgcW.s 			page 6


  80 0279 F7C871AF 		.ascii	"\367\310q\257w\0167\267\302\207J}u\250\366mcP1\251H"
  80      770E37B7 
  80      C2874A7D 
  80      75A8F66D 
  80      635031A9 
  81 028e 85D4F10D 		.ascii	"\205\324\361\015A\301\242\032u\274\266o\317\003\375"
  81      41C1A21A 
  81      75BCB66F 
  81      CF03FD
  82 029d 9AB9F0D2 		.ascii	"\232\271\360\322U\270Es\022j\3578\212\201\204\032\356"
  82      55B84573 
  82      126AEF38 
  82      8A81841A 
  82      EE
  83 02ae BC7D3740 		.ascii	"\274}7@\0159\030\360A\247\307A\016\341\0104ryg\225\217"
  83      0D3918F0 
  83      41A7C741 
  83      0EE10834 
  83      72796795 
  84 02c3 79E1E0B6 		.ascii	"y\341\340\266\306\374\352\357\022\214\274M?\375\234"
  84      C6FCEAEF 
  84      128CBC4D 
  84      3FFD9C
  85 02d2 6AEA015F 		.ascii	"j\352\001_N>\213\226C\375\337C\354\253\233\225\223v"
  85      4E3E8B96 
  85      43FDDF43 
  85      ECAB9B95 
  85      9376
  86 02e4 D3BBDDCD 		.ascii	"\323\273\335\315\236\336!O\311x\252\025k\223\360o\207"
  86      9EDE214F 
  86      C978AA15 
  86      6B93F06F 
  86      87
  87 02f5 EE92437C 		.ascii	"\356\222C|\003\241]Mz\354\361\214\362\362\010}WDc\253"
  87      03A15D4D 
  87      7AECF18C 
  87      F2F2087D 
  87      574463AB 
  88 0309 A2759179 		.ascii	"\242u\221y5\265Kj\347/\214\254\216Gj\026\327E\342\261"
  88      35B54B6A 
  88      E72F8CAC 
  88      8E476A16 
  88      D745E2B1 
  89 031d 6AFE5FB4 		.ascii	"j\376_\264\254nq\274\246\274Z\230K\243\353\326\230+"
  89      AC6E71BC 
  89      A6BC5A98 
  89      4BA3EBD6 
  89      982B
  90 032f E3D16A19 		.ascii	"\343\321j\031\215\305\"\377\243\256\216S\210\255\235"
  90      8DC522FF 
  90      A3AE8E53 
  90      88AD9D
  91 033e B9AAD6CF 		.ascii	"\271\252\326\317\313k\304\017\267\250\216\243"
  91      CB6BC40F 
  91      B7A88EA3 
  92              		.text
  93              		.section	.gnu.lto_flashGetSectorOffset.4a9014d92f68fbfa,"e",%progbits
ARM GAS  /tmp/cciMGgcW.s 			page 7


  94 0000 789C9554 		.ascii	"x\234\225T\335O\\E\024\237s\317\334\273w\027XA\240\""
  94      DD4F5C45 
  94      149F73CF 
  94      DCBB7717 
  94      5841A022 
  95 0014 F8C08384 		.ascii	"\370\300\203\2044i\330&\366\305\370b\322\304\370`\342"
  95      3469D826 
  95      F6C5F862 
  95      D2C4F860 
  95      E2
  96 0025 837F8069 		.ascii	"\203\177\200i\227%\020\2114l\343kg?\24416H\242\246\335"
  96      97251089 
  96      346CE36B 
  96      673FA431 
  96      3648A2A6 
  97 003a 8DEB25AE 		.ascii	"\215\353%\256\320&5-Jc\213\364c\225\326v[\260\037V\244"
  97      D026352D 
  97      4A638BF4 
  97      6395D676 
  97      5BB01F56 
  98 004f A8C53476 		.ascii	"\250\3054vU\242\220\024\322hB\300sf.\037E^z\263;;3\347"
  98      55A29014 
  98      D26842C0 
  98      73662E1F 
  98      455E7AB3 
  99 0067 FC7EE777 		.ascii	"\374~\347w~3{]\001b\321\026\342\025!D+}\301\025`)\245"
  99      7E337B5D 
  99      0162D116 
  99      E2152144 
  99      2B7DC115 
 100 007e 5E0C245C 		.ascii	"^\014$\\\313\302\211\314\260#UH\016\227\306\237\227"
 100      CBC289CC 
 100      B0235548 
 100      0E97C69F 
 100      97
 101 008f AA1C41FA 		.ascii	"\252\034A\3721i\331\331\341\322\016\2129\245\361L5\305"
 101      3169D9D9 
 101      E1D20E8A 
 101      39A5F14C 
 101      35C5
 102 00a1 6C08F831 		.ascii	"l\010\3701gm\026\000\3203\345\2028`\241\264\235\000"
 102      676D1600 
 102      D033E582 
 102      3860A1B4 
 102      9D00
 103 00b3 1C80F7F0 		.ascii	"\034\200\367\3600\302\335d\356\237\362^\364P\200\244"
 103      30C2DD64 
 103      EE9FF25E 
 103      F45080A4 
 104 00c3 E507574F 		.ascii	"\345\007WO\025C\274\004h\244ez\362\343\021\271\375\250"
 104      1543BC04 
 104      68A4657A 
 104      F2E311B9 
 104      FDA8
 105 00d5 52495538 		.ascii	"RIU8<\345\034;uC\005=\264D\206\322G\241\001\276\202"
 105      3CE51C3B 
 105      7543053D 
ARM GAS  /tmp/cciMGgcW.s 			page 8


 105      B44486D2 
 105      47A101BE 
 106 00ea 06C10F9C 		.ascii	"\006\301\017\234\205\355\224\33679\367\031b\004\004"
 106      85ED94DE 
 106      3739F719 
 106      620404
 107 00f9 CD8B0B7D 		.ascii	"\315\213\013}\037\005\233\0074\364\342 \252g=D8\007"
 107      1F059B07 
 107      34F4E220 
 107      AA673D44 
 107      3807
 108 010b F80894F6 		.ascii	"\370\010\224\366\010|\036\232\0110SH\246%\356\322\340"
 108      087C1E9A 
 108      09305348 
 108      A625EED2 
 108      E0
 109 011c E30BC99B 		.ascii	"\343\013\311\233\025>x.[7\230R/{(\341\302\377\340\222"
 109      153E782E 
 109      5B379852 
 109      2F7B28E1 
 109      C2FFE092 
 110 0130 E0056816 		.ascii	"\340\005h\026\014\372\262poD\342\013\232\340\267\376"
 110      0CFAB270 
 110      6F44E20B 
 110      9AE0B7FE 
 111 0140 BEA5F2A6 		.ascii	"\276\245\362\246\274&X\316\326\347S\352\212\222\036"
 111      BC2658CE 
 111      D6E753EA 
 111      8A921E
 112 014f DAF0F526 		.ascii	"\332\360\365&\012~(\177\361\375\351\2310\276\244\261"
 112      0A7E287F 
 112      F1FDE999 
 112      30BEA4B1 
 113 015f 0F16DE19 		.ascii	"\017\026\336\031\226>\366a\266\346\023\037k\301\330"
 113      963EF661 
 113      B6E6131F 
 113      6BC1D8
 114 016e D6D87B9F 		.ascii	"\326\330{\237/\177X\341H\270\010M\360\0154\2619l\311"
 114      2F7F58E1 
 114      48B8084D 
 114      F00D34B1 
 114      396CC9
 115 0181 2570E850 		.ascii	"%p\350P\005\256\356\347Q\234\274e\027\324\362\312Aj"
 115      05AEEEE7 
 115      519CBC65 
 115      17D4F2CA 
 115      416A
 116 0193 AA7E69F1 		.ascii	"\252~i\361~U-P\013\216EC\000ip%\015A\233\206\220\303"
 116      7E552D50 
 116      0B8E4543 
 116      00697025 
 116      0D419B86 
 117 01a9 43808632 		.ascii	"C\200\2062\227\003A\236\205xV&\230/\014lZ\245`\336*"
 117      9703419E 
 117      85785626 
 117      982F0C6C 
 117      5AA560DE 
ARM GAS  /tmp/cciMGgcW.s 			page 9


 118 01be 6007AAF5 		.ascii	"`\007\252\365~\215\036\205x\027\005\035\270\222\240"
 118      7E8D1E85 
 118      7817051D 
 118      B892A0
 119 01cd 0A421C42 		.ascii	"\012B\034B\313,\022\264\230\205\344\331?O\216mcy9\004"
 119      CB2C12B4 
 119      9885E4D9 
 119      3F4F8E6D 
 119      63793904 
 120 01e1 92DF9B9A 		.ascii	"\222\337\233\232\277\353\362\221\243\356\2760=t'<\000"
 120      BFEBF291 
 120      A3EEBE30 
 120      3D74273C 
 120      00
 121 01f2 F904411A 		.ascii	"\371\004A\032=,\317a\030\276\345n)\226\360f\3168;O("
 121      3D2CCF61 
 121      18BEE56E 
 121      2996F066 
 121      CE383B4F 
 122 0207 1372E032 		.ascii	"\023r\3402\014\300\021\323\355\025\330\251\271\203\206"
 122      0CC011D3 
 122      ED15D8A9 
 122      B98386
 123 0216 D8DA48EC 		.ascii	"\330\332H\354lE\\A\325\241\350\023\2378}\364z\005\021"
 123      6C455C41 
 123      D5A1E813 
 123      9F387DF4 
 123      7A0511
 124 0229 F7E95018 		.ascii	"\367\351P\030\256jb`\342kD\374\027\244\033\015o%Q\013"
 124      AE6A6260 
 124      E26B44FC 
 124      17A41B0D 
 124      6F25510B 
 125 023d 92E4E113 		.ascii	"\222\344\341\023\246\225\221\250\011\340\306\202\366"
 125      A69591A8 
 125      09E0C682 
 125      F6
 126 024a 5605095A 		.ascii	"V\005\011Z\011\343[\026\254\202\011]\320\342\202\337"
 126      09E35B16 
 126      AC82095D 
 126      D0E282DF 
 127 025a E94E5267 		.ascii	"\351NRg\016\202a\226D\236\303*.\267\264\272g\3236\251"
 127      0E826196 
 127      449EC32A 
 127      2EB7B4BA 
 127      67D336A9 
 128 026e 7ADB57E5 		.ascii	"z\333W\345\020\343\350\342\271\331`\032\222\211:\017"
 128      10E3E8E2 
 128      B9D9601A 
 128      92893A0F 
 129 027e 9FCCB076 		.ascii	"\237\314\260v\270\016i \2616E/\317\377}\033XZ\010\004"
 129      B80E6920 
 129      B136452F 
 129      CFFF7D1B 
 129      585A0804 
 130 0292 DC80060F 		.ascii	"\334\200\006\017\253\305}H\377\261\333'\340=}\237\016"
 130      ABC57D48 
ARM GAS  /tmp/cciMGgcW.s 			page 10


 130      FFB1DB27 
 130      E03D7D9F 
 130      0E
 131 02a3 21D21FF9 		.ascii	"!\322\037\3719>+k\265m\026\234;6\276\242\351]\017k2"
 131      393E2B6B 
 131      B56D169C 
 131      3B36BEA2 
 131      E95D0F6B 
 132 02b8 AC146E32 		.ascii	"\254\024n2\375\306\266k\365r\243\220\332<\232;:\243"
 132      FDC6B66B 
 132      F572A390 
 132      DA3C9A3B 
 132      3AA3
 133 02ca 1E4C84D8 		.ascii	"\036L\204\330\213J\017\267\301\367\204\204[\276\025"
 133      8B4A0FB7 
 133      C1F78484 
 133      5BBE15
 134 02d9 0BBF5F3A 		.ascii	"\013\277_:\357r\376\021\355E-\334&/\314\355\375\201"
 134      EF72FE11 
 134      ED452DDC 
 134      262FCCED 
 134      FD81
 135 02eb F23C7C4A 		.ascii	"\362<|J\313\222\233\356\320h>d\264\007\036\313\352:"
 135      CB929BEE 
 135      D0683E64 
 135      B4071ECB 
 135      EA3A
 136 02fd 98D456B3 		.ascii	"\230\324V\263.\370\221\254f\027\306v\255S\255uSGNM\255"
 136      2EF891AC 
 136      6617C676 
 136      AD53AD75 
 136      53474E4D 
 137 0312 B962D32B 		.ascii	"\271b\323+\260d\371\345SC=\023\247?\265\014\310\245"
 137      B064F9E5 
 137      53433D13 
 137      A73FB50C 
 137      C8A5
 138 0324 C321DCBF 		.ascii	"\303!\334\277s\003S\3108\011.\334!\034\245}\321\343"
 138      730353C8 
 138      38092EDC 
 138      211CA57D 
 138      D1E3
 139 0336 9F5790B8 		.ascii	"\237W\220\270)S+/>c\366j6\351\356\037\344?\342\323\224"
 139      29532B2F 
 139      3E63F66A 
 139      36E9EE1F 
 139      E43FE2D3 
 140 034b 6CCA3E2A 		.ascii	"l\312>*\275\277dyX\017\323Z\274d\361?\221xV\346\320"
 140      BDBF6479 
 140      580FD35A 
 140      BC64F13F 
 140      917856E6 
 141 0360 4B3903EB 		.ascii	"K9\003\353\306\\\310\3575\005B\217eL\003\374\254\271"
 141      C65CC8EF 
 141      3505428F 
 141      654C03FC 
 141      ACB9
ARM GAS  /tmp/cciMGgcW.s 			page 11


 142 0372 6DE6FEC5 		.ascii	"m\346\376\305\334\301\241\236\"\032\256j\242\343K\310"
 142      DCC1A19E 
 142      221AAE6A 
 142      A2E34BC8 
 143 0382 0503EB27 		.ascii	"\005\003\353'1\007\311\376\343\275\365&\247\214\242"
 143      3107C9FE 
 143      E3BDF526 
 143      A78CA2
 144 0391 0FA18C3A 		.ascii	"\017\241\214:\263\263\363\277\002\201\234\331.z\025"
 144      B3B3F3BF 
 144      02819CD9 
 144      2E7A15
 145 03a0 C00A3DA8 		.ascii	"\300\012=\250_\005B\354hi\211\320\347\215X\367\233\261"
 145      5F0542EC 
 145      686989D0 
 145      E78D58F7 
 145      9BB1
 146 03b2 CEC8EEF6 		.ascii	"\316\310\356\366\216\275\035\257\276\026\351\212G\332"
 146      8EBD1DAF 
 146      BE16E98A 
 146      47DA
 147 03c0 F77446E2 		.ascii	"\367tF\342\335Q\376}\275\255sO\274\275%*dk\354\255}"
 147      DD51FE7D 
 147      BDAD734F 
 147      BCBD252A 
 147      646BECAD 
 148 03d5 4E3C16DD 		.ascii	"N<\026\335\337\325\035j\215\305\243\335\035\373h\352"
 148      DFD51D6A 
 148      8DC5A3DD 
 148      1DFB68EA 
 149 03e5 74B5B5C5 		.ascii	"t\265\265\305c\373\377\003\323{\007="
 149      63FBFF03 
 149      D37B073D 
 150              		.text
 151              		.section	.gnu.lto_flashGetSectorSize.4a9014d92f68fbfa,"e",%progbits
 152 0000 789C9554 		.ascii	"x\234\225T\337o\024U\024\276\337\234;\263\263c\227\226"
 152      DF6F1455 
 152      14BEDF9C 
 152      3BB3B363 
 152      9796
 153 0012 96E2DAC6 		.ascii	"\226\342\332\306\244\0176\015\011\351\222\300\213\361"
 153      A40F360D 
 153      09E992C0 
 153      8BF1
 154 0020 C584C418 		.ascii	"\305\204\304\030_|\360\0170\270]\323\306FH\327\370 "
 154      5F7CF00F 
 154      30B85DD3 
 154      C64648D7 
 154      F820
 155 0032 09CCFE00 		.ascii	"\011\314\376\000\022%\320\007\014,q\231\352f\203Q\203"
 155      1225D007 
 155      0C2C7199 
 155      EA668351 
 155      83
 156 0043 681B8542 		.ascii	"h\033\205B\353j\371Uh\005*T~\010M\210Vhj\033\255!\220"
 156      EB6AF955 
 156      68052A54 
ARM GAS  /tmp/cciMGgcW.s 			page 12


 156      7E084D88 
 156      56686A1B 
 157 005a 345BCFBD 		.ascii	"4[\317\2753\375AmL\234\354\336\275\367\236\363}\347"
 157      33FD416D 
 157      4C9CECDE 
 157      BDF79EF3 
 157      7DE7
 158 006c 3BDFBDB3 		.ascii	";\337\275\263\266\200\270m\012\361\212\020\242\205\277"
 158      B680B86D 
 158      0AF18A10 
 158      A285BF
 159 007b B0050CD7 		.ascii	"\260\005\014\327u_\014\245l\303\240\341\\\267%]Gv\217"
 159      755F0CA5 
 159      6CC3A0E1 
 159      5CB7255D 
 159      47768F
 160 008e 0F3D2FDD 		.ascii	"\017=/\335\012\202\014b\3220\017w\217\257\347\2305>"
 160      0A820C62 
 160      D2300F77 
 160      8FAFE798 
 160      353E
 161 00a0 94ABE198 		.ascii	"\224\253\341\230\211P\020\263\026f!@\317\\\033b\247"
 161      895010B3 
 161      16662140 
 161      CF5C1B62 
 161      A7
 162 00b1 41D2B442 		.ascii	"A\322\264B\330\211\375t\220p7\235\177T\261\217<\022"
 162      D889FD74 
 162      9070379D 
 162      7F54B18F 
 162      3C12
 163 00c3 90BC3C70 		.ascii	"\220\274<p\261g\320QK\240\201\227\331\321#'\345\272"
 163      B167D051 
 163      4BA08197 
 163      D9D12327 
 163      E5BA
 164 00d5 A3AE9B76 		.ascii	"\243\256\233vK\007{C\207{\256\270a\217\014\221\343\364"
 164      4B077B43 
 164      877BAEB8 
 164      618F0C91 
 164      E3F4
 165 00e7 53A8472F 		.ascii	"S\250G/\352\205zp\032\3538\275st\352\013\242\030\004"
 165      EA857A70 
 165      1AEB38BD 
 165      7374EA0B 
 165      A21804
 166 00fa CF07673A 		.ascii	"\317\007g:?\0127\0255\364L\221\334\347<\"\364\201\236"
 166      3F0A3715 
 166      35F44C91 
 166      DCE73C22 
 166      F4819E
 167 010d 80F21E83 		.ascii	"\200\362\036\203\373\321\304\200\261R:+i\223\006\177"
 167      FBD1C480 
 167      B1523A2B 
 167      6993067F 
 168 011d 3E93BE1A 		.ascii	">\223\276\032\011\300\017\363\321b\306}\331#\211\357"
 168      09C00FF3 
ARM GAS  /tmp/cciMGgcW.s 			page 13


 168      D162C67D 
 168      D92389EF 
 169 012d FE05970C 		.ascii	"\376\005\227\014/\241I(\3207\245{'%\275\240\011~\355"
 169      2FA14928 
 169      D037A57B 
 169      2725BDA0 
 169      097EED
 170 0140 EA9CAD68 		.ascii	"\352\234\255h,h\202sG\352\012\031\367\202+=2\361\375"
 170      2C688273 
 170      47EA0A19 
 170      F7822B3D 
 170      32F1FD
 171 0153 320AF570 		.ascii	"2\012\365p\376'\251\353\227\"\364\222\306\376\271\253"
 171      FE27A9EB 
 171      9722F492 
 171      C6FEB9AB 
 172 0163 7F241260 		.ascii	"\177$\022`\313\371\350\307\001\326\300\300\312\330{"
 172      CBF9E8C7 
 172      01D6C0C0 
 172      CAD87B
 173 0172 5F953F8C 		.ascii	"_\225?\214X\022g\320\210\037\320\250\314Q\226\234\205"
 173      581267D0 
 173      881FD0A8 
 173      CC51969C 
 173      85
 174 0183 C5872A68 		.ascii	"\305\207*h~\277@\342\313\021\263\344\226\347\366pS\317"
 174      7EBF40E2 
 174      CB11B3E4 
 174      96E7F670 
 174      53CF
 175 0195 4EF69457 		.ascii	"N\366\224W\257\001\267`\031<\204\210\007[\362\0206y"
 175      AF01B760 
 175      193C8488 
 175      075BF210 
 175      3679
 176 01a7 702C3584 		.ascii	"p,5\204xx\312V\201\260\2329BQE\240\374\252\024\212\262"
 176      7878CA56 
 176      81B09A39 
 176      425145A0 
 176      FCAA148A 
 177 01bc 0AAAF96A 		.ascii	"\012\252\371j\275_\243G!> \301g\355J\270%!\366\222\341"
 177      BD5FA347 
 177      213E20C1 
 177      67ED4AB8 
 177      2521F692 
 178 01d1 2F52BC98 		.ascii	"/R\274\230@\372\364\203\373\003k\225\262<\201\225\357"
 178      40FAF483 
 178      FB036B95 
 178      B23C8195 
 178      EF
 179 01e2 CB4CDFB5 		.ascii	"\313L\337\265\325i\223n\274t\353\370\315UE\024R\014"
 179      D569936E 
 179      BC74EBF8 
 179      CD554514 
 179      520C
 180 01f4 69F0A822 		.ascii	"i\360\250\"O\021\234S\215r,\345\215\235\2606\034s\375"
 180      4F119C53 
ARM GAS  /tmp/cciMGgcW.s 			page 14


 180      8D722CE5 
 180      8D9DB036 
 180      1C73FD
 181 0207 9085F328 		.ascii	"\220\205\363(\342\220\337\350\005l\320\334a\237\330"
 181      E290DFE8 
 181      056CD0DC 
 181      619FD8
 182 0216 584A6CAD 		.ascii	"XJl\255D\034\341\352\030\014\210\217}{\364r\204\211"
 182      441CE1EA 
 182      180C888F 
 182      7D7BF472 
 182      8489
 183 0228 3B756815 		.ascii	";uh\025.jb(\342KL<\211l\203\317[\311\324\202%yT\351"
 183      2E6A6228 
 183      E24B4C3C 
 183      896C83CF 
 183      5BC9D482 
 184 0240 B73211F7 		.ascii	"\2672\021\367\003\264\264\240\271R\301*Fch\305\202\253"
 184      03B4B4A0 
 184      B952C12A 
 184      466368C5 
 184      82AB
 185 0252 31AC0B1A 		.ascii	"1\254\013\032\252\340\217\272\223\314\211=\360\231%"
 185      AAE08FBA 
 185      93CC893D 
 185      F09925
 186 0261 93E7A94A 		.ascii	"\223\347\251J\225\233\235\3373y\233U\355\012TY\314x"
 186      959B9DDF 
 186      33799B55 
 186      ED0A5459 
 186      CC78
 187 0273 EAEFBE89 		.ascii	"\352\357\276\211p\026\351T\324\243\352\234\322\216\313"
 187      7016E954 
 187      D4A3EA9C 
 187      D28ECB
 188 0282 C882C59A 		.ascii	"\310\202\305\232\034=?\375\3075(i\016\004\256\240\336"
 188      1C3D3FFD 
 188      C7352869 
 188      0E04AEA0 
 188      DE
 189 0293 A31AF11B 		.ascii	"\243\032\361\033\262\3677\007\004jO_\245\275D\374\016"
 189      B2F73707 
 189      046A4F5F 
 189      A5BD44FC 
 189      0E
 190 02a4 6F546765 		.ascii	"oTge\314\267\255\004\347?\035\232\323\364\266GkrJ)\256"
 190      CCB7AD04 
 190      E73F1D9A 
 190      D3F4B647 
 190      6B724A29 
 191 02b9 2AFAA56D 		.ascii	"*\372\245m\327\352\345R!\265\005\362\257\347\230\373"
 191      D7EAE552 
 191      21B505F2 
 191      AFE798FB 
 192 02c9 D7B0A3BC 		.ascii	"\327\260\243\274\250\362h-~b$F\002+f~?\333o\253\374"
 192      A8F2682D 
 192      7E622446 
ARM GAS  /tmp/cciMGgcW.s 			page 15


 192      022B667E 
 192      3FDB6FAB 
 193 02de 43DA8B5A 		.ascii	"C\332\213Z\\c/\374\213{\235\363<zZ\313\222\313\356\320"
 193      5C632FFC 
 193      8B7B9DF3 
 193      3C7A5ACB 
 193      92CBEED0 
 194 02f2 64C1F1B5 		.ascii	"d\301\361\265\207\376\227\325Q\214j\253\225.\374\314"
 194      87FE97D5 
 194      518C6AAB 
 194      952EFCCC 
 195 0302 562B1706 		.ascii	"V+\027\0066-R-t\023e\247n,\270b\362\277\337\270\021"
 195      362D522D 
 195      741365A7 
 195      6E2CB862 
 195      F2BFDFB8 
 196 0317 94CF1CDF 		.ascii	"\224\317\034\337}\247o68\013\233\017\207q\217\247\212"
 196      7DA76F36 
 196      380B9B0F 
 196      87718FA7 
 196      8A
 197 0328 3748E124 		.ascii	"7H\341$l\334d\034\247}\275;\310\01137gj\345\203u\376"
 197      6CDC641C 
 197      A77DBD3B 
 197      C8093337 
 197      676AE583 
 198 033e 5ECD32DD 		.ascii	"^\3152\335]e\365\">\303\311~\331'\245w\365\033\036\325"
 198      5D65F522 
 198      3EC3C97E 
 198      D927A577 
 198      F51B1ED5 
 199 0352 E196162F 		.ascii	"\341\226\026/\225\370\333,^)\263\370\3778\207Ec\036"
 199      95F8DB2C 
 199      5E29B3F8 
 199      FF388745 
 199      631E
 200 0364 0D587E81 		.ascii	"\015X~\201\352\345\005zU\201\377\360\246\016\277hzS"
 200      EAE5057A 
 200      5581FFF0 
 200      A60EBF68 
 200      7A53
 201 0376 D1DF09E8 		.ascii	"\321\337\011\350C\213\276O!\3355\275?\220\357p\364!"
 201      438BBE4F 
 201      21DD35BD 
 201      3F90EF70 
 201      F421
 202 0388 1CEEC3FC 		.ascii	"\034\356\303\374l;\027\263\336\337\301\257=\346\370"
 202      6C3B17B3 
 202      DEDFC1AF 
 202      3DE6F8
 203 0397 21FDDA0B 		.ascii	"!\375\332\013\261\276\2719\306\237\267\022\035o'\332"
 203      B1BEB939 
 203      C69FB712 
 203      1D6F27DA 
 204 03a7 639B5BDB 		.ascii	"c\233[\333\336h{\365\265\330\326d\254uK{,\331\021W\277"
 204      DE687BF5 
 204      B5D8D664 
ARM GAS  /tmp/cciMGgcW.s 			page 16


 204      AC754B7B 
 204      2CD91157 
 205 03bc AFBFD9BE 		.ascii	"\257\277\331\276%\331\332\034\027\262%\361\3566+\231"
 205      25D9DA1C 
 205      17B225F1 
 205      EE362B99 
 206 03cc 88BFB3B5 		.ascii	"\210\277\263\265\303iI$\343\035m\333x*\223m\357%\376"
 206      C3694924 
 206      E31D6DDB 
 206      782A936D 
 206      EF25FE
 207 03df 013A0EFF 		.ascii	"\001:\016\377Q"
 207      51
 208              		.text
 209              		.section	.gnu.lto_.symbol_nodes.4a9014d92f68fbfa,"e",%progbits
 210 0000 789C75CD 		.ascii	"x\234u\3151\022\301`\024\004\340\335\377\375\177\342"
 210      3112C160 
 210      1404E0DD 
 210      FFFD7FE2 
 211 0010 16665C41 		.ascii	"\026f\\A\243\344P\352\367\232\324\321\352\025\316\240"
 211      A3E450EA 
 211      F79AD4D1 
 211      EA15CEA0 
 212 0020 36A3315A 		.ascii	"6\2431Z\0270\206\204H\255!\022\242\020[\355\314\267"
 212      17308684 
 212      48AD2112 
 212      A2105BED 
 212      CCB7
 213 0032 33DB0311 		.ascii	"3\333\003\021\010\300\235\250(\357\313\021g;@\201\225"
 213      08C09DA8 
 213      28EFCB11 
 213      673B4081 
 213      95
 214 0043 4DF002B8 		.ascii	"M\360\002\2703\225V\305\377P(\010\033\000\3422\252\373"
 214      339556C5 
 214      FF502808 
 214      1B00E232 
 214      AAFB
 215 0055 B3B991F5 		.ascii	"\263\271\221\365\2069U\036\357\364\353\035`6\006x\245"
 215      8639551E 
 215      EFF4EB1D 
 215      60360678 
 215      A5
 216 0066 FA6EB950 		.ascii	"\372n\271PC\247\010B\232\3547\302u\354\321<O\253\217"
 216      43A70842 
 216      9AEC37C2 
 216      75ECD13C 
 216      4FAB8F
 217 0079 B8A9070A 		.ascii	"\270\251\007\012\243\343v>\344\"\362lY\276,-\313\207"
 217      A3E3763E 
 217      E422F26C 
 217      59BE2C2D 
 217      CB87
 218 008b F104A85F 		.ascii	"\361\004\250_T8"
 218      5438
 219              		.text
 220              		.section	.gnu.lto_.refs.4a9014d92f68fbfa,"e",%progbits
ARM GAS  /tmp/cciMGgcW.s 			page 17


 221 0000 789CE360 		.ascii	"x\234\343``d\340f```ddb\342ddfb\341d\000\000\002\022"
 221      6064E066 
 221      60606064 
 221      6462E264 
 221      646662E1 
 222 0019 0037     		.ascii	"\0007"
 223              		.text
 224              		.section	.gnu.lto_.decls.4a9014d92f68fbfa,"e",%progbits
 225 0000 789CAD58 		.ascii	"x\234\255XkPT\327\035\277\347\236ewYw\301A\323\330\321"
 225      6B5054D7 
 225      1DBFE79E 
 225      65775977 
 225      C141D3D8 
 226 0015 694D86D4 		.ascii	"iM\206\324\264\215\222\327\214\315\264\0372\311\264"
 226      B48D92D7 
 226      8CCDB41F 
 226      32C9B4
 227 0024 C997261F 		.ascii	"\311\227&\037L\333I3\355f\305Uh\021\354\356bc\373\241"
 227      4CDB4933 
 227      ED66C555 
 227      6811ECEE 
 227      6263FBA1 
 228 0038 17587989 		.ascii	"\027Xy\211\012\032\345\025\345!(\370DA\024\021XP|\""
 228      0A1AE515 
 228      E52128F8 
 228      44411411 
 228      58507C22 
 229 004c 208282C8 		.ascii	" \202\202\310CE\021A@y\311\002\322\3779\347\336\345"
 229      43451141 
 229      4079C902 
 229      D2FF39E7 
 229      DEE5
 230 005e 5ED8B5E9 		.ascii	"^\330\265\351\264\027\376{\3579\367\377\370\375\177"
 230      B417FE7B 
 230      EF39F7FF 
 230      F8FD7F
 231 006d E7798F96 		.ascii	"\347y\217\226C\334\374\305\034\027\2169\356}\236\343"
 231      43DCFCC5 
 231      1C178E39 
 231      EE7D9EE3 
 232 007d A6E15271 		.ascii	"\246\341Rq\034w\035\204\334\353A\356\200t\202\2509v"
 232      1C771D84 
 232      DCEB41EE 
 232      807482A8 
 232      3976
 233 008f 917B3FC8 		.ascii	"\221{?\310\010\310$\010\2178N\003\342\007\002.\270%"
 233      08C82408 
 233      8F384E03 
 233      E207022E 
 233      B825
 234 00a1 70FF31E2 		.ascii	"p\3771\342\024W\033\224\347\303\275\017\304\017d\241"
 234      14571B94 
 234      E7C3BD0F 
 234      C40F64A1 
 235 00b1 E8DB09F2 		.ascii	"\350\333\011\362gx\367\023\220e\360\374&H\035\310\237"
 235      6778F713 
 235      9065F0FC 
ARM GAS  /tmp/cciMGgcW.s 			page 18


 235      26481DC8 
 235      9F
 236 00c2 A06C0479 		.ascii	"\240l\004y\035\344\015\220\257A\220\350\277\006\344"
 236      1DE40D90 
 236      AF4190E8 
 236      BF06E4
 237 00d1 8FF08C45 		.ascii	"\217\360\214E\034\253\021\3030\373\352\205\272%\262"
 237      1CAB11C3 
 237      30FBEA85 
 237      BA25B2
 238 00e0 7843624C 		.ascii	"xCbL\222\313&\304\342~.\306\375'byE\241\231\370v\220"
 238      92CB26C4 
 238      E27E2EC6 
 238      FD276279 
 238      45A199F8 
 239 00f6 CF40BE01 		.ascii	"\317@\276\001\331\014\022\015\022\003\022\013\022\007"
 239      D90C120D 
 239      1203120B 
 239      1207
 240 0104 B288D880 		.ascii	"\262\210\330\200\304\203D\202l\001I\020\375\020\214"
 240      C4834482 
 240      6C014910 
 240      FD108C
 241 0113 5FC1B315 		.ascii	"_\301\263\025$\034D\000\331 b&\274\371\211\234!\221"
 241      241C4400 
 241      D9206226 
 241      BCF9899C 
 241      2191
 242 0125 2FF9350E 		.ascii	"/\3715\016\345\3052\334\316\377#n\322\226\255\234\022"
 242      E5C532DC 
 242      CEFF236E 
 242      D296AD9C 
 242      12
 243 0136 B727CC11 		.ascii	"\267'\314\0212\314\223\2630\317n\337d\214\332#\367<"
 243      32CC93B3 
 243      30CF6EDF 
 243      648CDA23 
 243      F73C
 244 0148 D76FC3C8 		.ascii	"\327o\303\310O\207TP\374\366J\321e\035\024\027\352\320"
 244      4F875450 
 244      FCF64AD1 
 244      651D1417 
 244      EAD0
 245 015a 5228264D 		.ascii	"R(&M\3474zch&xNp\246\345{c5}\036nIM\321\005\034\021"
 245      E7347A63 
 245      6826784E 
 245      70A6E57B 
 245      63357D1E 
 246 0175 D8A5FD0B 		.ascii	"\330\245\375\013\207\312\020\236q\232_\323v\000\341"
 246      87CA109E 
 246      719A5FD3 
 246      7600E1
 247 0184 5F52D5F4 		.ascii	"_R\325\364\274\252Q\237\005I\242\252\200(\004T\2010"
 247      BCAA519F 
 247      0549A2AA 
 247      80280454 
 247      8130
ARM GAS  /tmp/cciMGgcW.s 			page 19


 248 0196 72A005A8 		.ascii	"r\240\005\250\034\005\2106\031\205\221\211\363$=\273"
 248      1C058836 
 248      19859189 
 248      F3243DBB 
 249 01a6 67BD43AD 		.ascii	"g\275C\255\023I*}\274 D\012\231Q\202\367\247\250\022"
 249      13492A7D 
 249      BC20440A 
 249      995182F7 
 249      A7A812
 250 01b9 5E97A2C5 		.ascii	"^\227\242\305\350\014\002\372Q\025\3223\275\212\351"
 250      E80C02FA 
 250      5115D233 
 250      BD8AE9
 251 01c8 DD152A96 		.ascii	"\335\025*\226\230\026\212\273\016VN\352Yb\016\362\272"
 251      98168ABB 
 251      0E564EEA 
 251      59620EF2 
 251      BA
 252 01d9 6DCFC090 		.ascii	"m\317\300\220\012\177J!::\267\216cx\267D\207\246\021"
 252      0A7F4A21 
 252      3A3AB78E 
 252      6378B744 
 252      87A611
 253 01ec 942F0E3C 		.ascii	"\224/\016<iD\254L^\3678\232z\265\332h\022Q8'\340E\034"
 253      6944AC4C 
 253      5EF7389A 
 253      7AB5DA68 
 253      12513827 
 254 0203 7A6F317A 		.ascii	"zo1z\233\004\273\204\264\024\031\272\010\361/@|\302"
 254      9B04BB84 
 254      B41419BA 
 254      08F12F40 
 254      7CC2
 255 0215 E0E9981E 		.ascii	"\340\351\230\036\035\376\214Zn+\037(\365rc\211.CZn\214"
 255      1DFE8C5A 
 255      6E2B1F28 
 255      F5726389 
 255      2E435A6E 
 256 022a F1D5E72D 		.ascii	"\361\325\347-\303\336h\201\277?\345!\221\360\245\342"
 256      C3DE6881 
 256      BF3FE521 
 256      91F0A5E2 
 257 023a D0795038 		.ascii	"\320yP8G\263\273\312\250@5\310\037]C\376\204\222l\342"
 257      47B3BBCA 
 257      A84035C8 
 257      1F5D43FE 
 257      84926CE2 
 258 024e DDD19DFE 		.ascii	"\335\321\235\376\253\322\311G\202\260c\021a\000\235"
 258      ABD2C947 
 258      82B06311 
 258      61009D
 259 025d 05FF5715 		.ascii	"\005\377W\025\274\004\220\237w\026K\372\027\316\252"
 259      BC04909F 
 259      77164BFA 
 259      17CEAA
 260 026c 53044784 		.ascii	"S\004G\204\032]\001\024\325\242\266\224\026\325-%f\220"
 260      1A5D0114 
ARM GAS  /tmp/cciMGgcW.s 			page 20


 260      D5A2B694 
 260      16D52D25 
 260      6690
 261 027e 837DF478 		.ascii	"\203}\364x\304<\274\025\321\204\032\013JO\242\005n\301"
 261      C43CBC15 
 261      D1841A0B 
 261      4A4FA205 
 261      6EC1
 262 0290 A15AD1CB 		.ascii	"\241Z\321\313,|`u\370|\\\025\2267Y\235\002Z=m2r\003"
 262      2C7C6075 
 262      F87C5C15 
 262      9637599D 
 262      025A3D6D 
 263 02a7 DDD8D243 		.ascii	"\335\330\322C\305\2105\233\037\024\213\217\246\224\351"
 263      C588359B 
 263      1F148B8F 
 263      A694E9
 264 02b6 74B12420 		.ascii	"t\261$ 3\205\372\031\313\006\244#h\321uF\375\325\204"
 264      3385FA19 
 264      CB06A423 
 264      68D17546 
 264      FDD584
 265 02c9 98325F66 		.ascii	"\2302_f\273\200\264[_F\233\017k\362\024\322\254M\317"
 265      BB80B45B 
 265      5F469B0F 
 265      6BF214D2 
 265      AC4DCF
 266 02dc CB9C7A9C 		.ascii	"\313\234z\234L3\301\021\361\316\026\214t\213\0218C\261"
 266      4C33C111 
 266      F1CE168C 
 266      748B1138 
 266      43B1
 267 02ee B485F6C9 		.ascii	"\264\205\366\311[\250\011\262\271I\334\337\002\205f"
 267      5BA809B2 
 267      B949DCDF 
 267      028566
 268 02fd F09F2A68 		.ascii	"\360\237*hiE\252\000\332\203\377\242\317\340\264\240"
 268      6945AA00 
 268      DA83FFA2 
 268      CFE0B4A0 
 269 030d B07F54E5 		.ascii	"\260\177T\345\227(2\362!\"\365\250\021lnP\204-\310\217"
 269      972832F2 
 269      2122F5A8 
 269      116C6E50 
 269      842DC88F 
 270 0321 C1A444C4 		.ascii	"\301\244D\304v\215\224\315\323\211\321\354/\213\006"
 270      768D94CD 
 270      D389D1EC 
 270      2F8B06
 271 0330 CACF1AB2 		.ascii	"\312\317\032\262\257a\271\347\333/\361<v<w\231\234\341"
 271      AF61B9E7 
 271      DB2FF13C 
 271      763C7799 
 271      9CE1
 272 0342 56E427E3 		.ascii	"V\344'\343\351\016c\370\016e\370l\364T\271\006hY\006"
 272      E90E63F8 
 272      0E65F86C 
ARM GAS  /tmp/cciMGgcW.s 			page 21


 272      F454B906 
 272      685906
 273 0355 BD1D2E5F 		.ascii	"\275\035._Y\207_\306:\374\304\251\301\0245\376\2165"
 273      59875FC6 
 273      3AFCC4A9 
 273      C11435FE 
 273      8E35
 274 0367 F9C8BDC8 		.ascii	"\371\310\275\310^_\206\231\272\346\\~Q\007\242&\244"
 274      5E5F8699 
 274      BAE65C7E 
 274      5107A226 
 274      A4
 275 0378 C1DBA1AE 		.ascii	"\301\333\241\256\215\324u\"\035\030e\265uVx\337\005"
 275      8DD47522 
 275      1D1865B5 
 275      755678DF 
 275      05
 276 0389 0532F323 		.ascii	"\0052\363#\324\352\2058\362G~\330\270&w\204\304\345"
 276      D4EA8538 
 276      F2477ED8 
 276      B8267784 
 276      C4E5
 277 039b 615ABA10 		.ascii	"aZ\272\020\271D=N\234\263\244:v\223~X\035/z\341\305"
 277      B9443D4E 
 277      9CB3A43A 
 277      76937E58 
 277      1D2F7AE1 
 278 03b0 A907311B 		.ascii	"\251\0071\033\346\235\026e\256\331{$\276\227\2340\003"
 278      E69D1665 
 278      AED97B24 
 278      BE979C30 
 278      03
 279 03c1 866AC650 		.ascii	"\206j\306P\254\342\305pr\0134\007\361\214C\316\345T"
 279      ACE2C570 
 279      720B3407 
 279      F18C43CE 
 279      E554
 280 03d3 BA906B4E 		.ascii	"\272\220kN\334;\2655\303\347\036\352\214\200\366\354"
 280      DC3BB535 
 280      C3E71EEA 
 280      8C80F6EC 
 281 03e3 6C3DFB2A 		.ascii	"l=\373*\207^I\\\312Q\212\317;/\012Z\\\305\370n\335|"
 281      875E495C 
 281      CA518ACF 
 281      3B2F0A5A 
 281      5CC5F86E 
 282 03f9 7C1B9A3D 		.ascii	"|\033\232=_r\250K1\011\226\366&\015\362s&U2\002\225"
 282      5F72A84B 
 282      310996F6 
 282      260DF273 
 282      26553202 
 283 040e 7ABBF2B3 		.ascii	"z\273\362\263\366\352\345\375\342\201b\344=\224&\313"
 283      F6EAE5FD 
 283      E28162E4 
 283      3D9426CB 
 284 041e 1B8DDD4E 		.ascii	"\033\215\335N^\305\263*\024\256\"u\321\325\211\245\006"
 284      5EC5B32A 
ARM GAS  /tmp/cciMGgcW.s 			page 22


 284      14AE2275 
 284      D1D589A5 
 284      06
 285 042f 369A78D2 		.ascii	"6\232x\322\244M\365\221\210\215\246\371/\235\024\037"
 285      A44DF591 
 285      888DA6F9 
 285      2F9D141F 
 286 043f BB99146F 		.ascii	"\273\231\024o\035\233\254\326\340\353,\303\270\226\344"
 286      1D9BACD6 
 286      E0EB2CC3 
 286      B896E4
 287 044e 6EB5BB59 		.ascii	"n\265\273Y\261\027\360\273\263\216>\347,D\257\356\242"
 287      B117F0BB 
 287      B38E3EE7 
 287      2C44AFEE 
 287      A2
 288 045f 23214A98 		.ascii	"#!J\230\317\243>P\352\201\367\217h\026O\020\220\331"
 288      CFA33E50 
 288      EA81F78F 
 288      68164F10 
 288      90D9
 289 0471 8D542C95 		.ascii	"\215T,\225\344\216\276\\\303\353\231Bg\247\340\230."
 289      E48EBE5C 
 289      C3EB9942 
 289      67A7E098 
 289      2E
 290 0482 7D6BEC5C 		.ascii	"}k\354\\\264P\017\206\037R=t\037B\210\364\220g\016\335"
 290      B4500F86 
 290      1F523D74 
 290      1F4288F4 
 290      90670EDD 
 291 0496 833F7417 		.ascii	"\203?t\027\376\240\242\037\275N\006\351w\267\263\014"
 291      FEA0A21F 
 291      BD4E06E9 
 291      77B7B30C 
 292 04a6 38812D7A 		.ascii	"8\201-z'v\365\011\032J\014tl\221\230\2763\337F\351]"
 292      2776F509 
 292      1A4A0C74 
 292      6C9198BE 
 292      33DF46E9 
 293 04bb 640D225A 		.ascii	"d\015\"ZYZ\230zZ\205\263\230UnD\\\275\301\375\230y6"
 293      595A987A 
 293      5A85B398 
 293      556E445C 
 293      BDC1FD98 
 294 04d1 77CC80C1 		.ascii	"w\314\200\301\236\206\341~^\236\341\020D\233\311p\230"
 294      9E86E17E 
 294      5E9EE110 
 294      449BC970 
 294      98
 295 04e2 64F854CA 		.ascii	"d\370T\312p\304q\345\244Z\314\360a\332\374\354(!\017"
 295      70C471E5 
 295      A45ACCF0 
 295      61DAFCEC 
 295      28210F
 296 04f5 EC96122D 		.ascii	"\354\226\022-4 \313o`v~#4\277-G\322\362\265\270\340"
 296      3420CB6F 
ARM GAS  /tmp/cciMGgcW.s 			page 23


 296      60767E23 
 296      34BF2D47 
 296      D2F2B5B8 
 297 050a FBE637C6 		.ascii	"\373\3467\306\362\313\317I\312V\343s\314*\255\363P\226"
 297      F2CBCF49 
 297      CA56E373 
 297      CC2AADF3 
 297      5096
 298 051c DE7D7EE3 		.ascii	"\336}~\343n\363+\314<Y\243\225\347\347T\3447A\362{."
 298      6EF32BCC 
 298      3C59A395 
 298      E7E754E4 
 298      3741F27B 
 299 0531 E57778B4 		.ascii	"\345wx\264\260_/\346\327\277ga\226\224\037h\241QY~\243"
 299      B05F2FE6 
 299      D7BF6761 
 299      96941F68 
 299      A151597E 
 300 0546 B3F39BA4 		.ascii	"\263\363\233\244\371\245%\306]\362\3015\014\351\350"
 300      F9A525C6 
 300      5DF2C135 
 300      0CE9E8
 301 0555 E5E44306 		.ascii	"\345\344C\006|K\334\301l\271\233\243q\017\373\205[\330"
 301      7C4BDCC1 
 301      6CB99BA3 
 301      710FFB85 
 301      5BD8
 302 0567 09D9FBCB 		.ascii	"\011\331\373\313\021eb\332\305Ng\327\3306\235<\225\240"
 302      116562DA 
 302      C54E67D7 
 302      D8369D3C 
 302      95A0
 303 0579 1FC83289 		.ascii	"\037\3102\211\340!\023\201\0273i\337\363h\014\221L\004"
 303      E0211381 
 303      173369DF 
 303      F3680C91 
 303      4C04
 304 058b C13170E7 		.ascii	"\3011p\347\315\346\202GB\254\216*\241)Y\"S\342\336\011"
 304      CDE68247 
 304      42AC8E2A 
 304      A1295922 
 304      53E2DE09 
 305 059f 45F22401 		.ascii	"E\362$\001\307`N\012\306\2730\305\334\331_\225\250X"
 305      C7604E0A 
 305      C6BB30C5 
 305      DCD95F95 
 305      A858
 306 05b1 3BC92A30 		.ascii	";\311*03\202\355\2748\202\257\024\357<k\240P\241J\204"
 306      3382EDBC 
 306      3882AF14 
 306      EF3C6BA0 
 306      50A14A84 
 307 05c5 7AA1B060 		.ascii	"z\241\260`?\362\0105\232@\335,A\315\257\257\277\356"
 307      3FF20835 
 307      9A40DD2C 
 307      41CDAFAF 
 307      BFEE
ARM GAS  /tmp/cciMGgcW.s 			page 24


 308 05d7 25429DE8 		.ascii	"%B\235\350\365/-\022\354^D\005E\3613@\341\231\001\215"
 308      F52F2D12 
 308      EC5E4405 
 308      45F13340 
 308      E199018D 
 309 05eb A140C75B 		.ascii	"\241@\307[2\234\006|\215\001=\0229Q\255\305\355\254"
 309      329C067C 
 309      8D013D12 
 309      3951ADC5 
 309      EDAC
 310 05fd F0ACFD4E 		.ascii	"\360\254\375N\036\351B(\216Z@\315\265c=[\324\270\213"
 310      1EE94228 
 310      8E5A40CD 
 310      B5633D5B 
 310      D4B88B
 311 0610 BD2EEADD 		.ascii	"\275.\352\335\231\356E^o\201\327(\236\247h\013\"\034"
 311      99EE455E 
 311      6F81D728 
 311      9EA7680B 
 311      221C
 312 0622 070CB887 		.ascii	"\007\014\270\207iT\265>\350&\375\022m%\032\011L\343"
 312      6954B53E 
 312      E826FD12 
 312      6D251A09 
 312      4CE3
 313 0634 E8E18902 		.ascii	"\350\341\211\002\035\315Q-\265\306\335\003\017\302\245"
 313      1DCD512D 
 313      B5C6DD03 
 313      0FC2A5
 314 0643 9AED4C6B 		.ascii	"\232\355Lkw]U\037\226g\255\226w\265$\222u\242\224\265"
 314      775D551F 
 314      9667AD96 
 314      77B52492 
 314      75A294B5 
 315 0657 509E1949 		.ascii	"P\236\031I\272\332`\246\220\231&|\024)$\010\216B\236"
 315      BADA60A6 
 315      9099267C 
 315      14292408 
 315      8E429E
 316 066a 28A15829 		.ascii	"(\241X)o\264\015\264I\221\245\276\203\246~g\372I\227"
 316      6FB40DB4 
 316      4991A5BE 
 316      83A67E67 
 316      FA4997
 317 067d 0F9B1C17 		.ascii	"\017\233\034\027\222\3310\377\371\273\036w)\337\362"
 317      92D930FF 
 317      F9BB1E77 
 317      29DFF2
 318 068c 6C97B293 		.ascii	"l\227\262\223\247\235j\374n\325\240\0273}\005\212\233"
 318      A79D6AFC 
 318      6ED5A017 
 318      337D058A 
 318      9B
 319 069d 6F76447B 		.ascii	"ovD{\263y5\217\354R\352w\017\0342\314\336P\354\346\027"
 319      B379358F 
 319      EC52EA77 
 319      0F1C32CC 
ARM GAS  /tmp/cciMGgcW.s 			page 25


 319      DE50ECE6 
 320 06b2 A35D3C71 		.ascii	"\243]<q\226\314\3731\217\024\377\036{d\244f\366\036"
 320      96CCFB31 
 320      8F14FF1E 
 320      7B64A466 
 320      F61E
 321 06c4 C193F2BD 		.ascii	"\301\223\362\2753w2}^{\2123`'\223\002o\240*e\364\332"
 321      3377327D 
 321      5E7B8A33 
 321      60279302 
 321      6FA02A65 
 322 06da 132D8E51 		.ascii	"\023-\216QQ\316\263\256\015\355\326\341]\254\340,{\366"
 322      51CEB3AE 
 322      0DEDD6E1 
 322      5DACE02C 
 322      7BF6
 323 06ec DA1BFB84 		.ascii	"\332\033\373\204z\007\231E\375\323\367\013\261\211\021"
 323      7A079945 
 323      FDD3F70B 
 323      B18911
 324 06fb D40CA503 		.ascii	"\324\014\245\00310\223\310\302\244AM*\377\032<}\307"
 324      313093C8 
 324      C2A4414D 
 324      2AFF1A3C 
 324      7DC7
 325 070d BF01B6A7 		.ascii	"\277\001\266\247\205\272)\303k{U$\020lD\210\273\226"
 325      85BA29C3 
 325      6B7B5524 
 325      106C4488 
 325      BB96
 326 071f 1B5117F4 		.ascii	"\033Q\027\364\370\004\363\235\332\225\336\315\213\316"
 326      F804F39D 
 326      DA95DECD 
 326      8BCE
 327 072d 1B7E1491 		.ascii	"\033~\024\221\351\260/\245\033\026\342\031\306\260l"
 327      E9B02FA5 
 327      1B16E219 
 327      C6B06C
 328 073c 93B3176A 		.ascii	"\223\263\027j\366P\317\031\324\363\221\342\204t\015"
 328      F650CF19 
 328      D4F391E2 
 328      84740D
 329 074b E36E1159 		.ascii	"\343n\021Y\336\212\247:\274\261\203y\215\036\273\350"
 329      DE8AA73A 
 329      BCB18379 
 329      8D1EBBE8 
 330 075b 271F284E 		.ascii	"'\037(N\305@\311\226\006\312\364\226\344F\025\3552\331"
 330      C540C996 
 330      06CAF496 
 330      E44615ED 
 330      32D9
 331 076d AE817238 		.ascii	"\256\201r8~g\027[\376\326\351\321>\326\215Zo?-\361\365"
 331      7E67175B 
 331      FED6E9D1 
 331      3ED68D5A 
 331      6F3F2DF1 
 332 0782 BCE8E492 		.ascii	"\274\350\344\222~\224#\365\243\210\353\035yH\036\034"
ARM GAS  /tmp/cciMGgcW.s 			page 26


 332      7E9423F5 
 332      A388EB1D 
 332      79481E1C 
 333 0792 5ECB82EF 		.ascii	"^\313\202\357\227\202K\213\250\037[DK\234\025\271:\\"
 333      97824B8B 
 333      A81F5B44 
 333      4B9C15B9 
 333      3A5C
 334 07a4 A3F23815 		.ascii	"\243\3628\025\357\350Ni\360\225\200\3453`\343\0273\313"
 334      EFE84E69 
 334      F09580E5 
 334      3360E317 
 334      33CB
 335 07b6 B0676087 		.ascii	"\260g`\207\010\260\203\022\260\251\223\007/*\200\035"
 335      08B08312 
 335      B0A99307 
 335      2F2A801D 
 336 07c6 52003B2C 		.ascii	"R\000;,\001+\253k\251R"
 336      012BAB6B 
 336      A952
 337 07d0 E30E8664 		.ascii	"\343\016\206df\234\255\223\030\3528^2\256\361\034\364"
 337      669CAD93 
 337      18EA385E 
 337      32AEF11C 
 337      F4
 338 07e1 18097A54 		.ascii	"\030\011zT\012\372\370\351\216'\363\344A\217)\202\026"
 338      0AFAF8E9 
 338      8E27F3E4 
 338      418F2982 
 338      16
 339 07f2 4841F7B5 		.ascii	"HA\367\265u]6\340\001\0264?#\357\274\001\217\211\205"
 339      755D36E0 
 339      0116343F 
 339      23EFBC01 
 339      8F8985
 340 0805 9C73356E 		.ascii	"\234s5n7\312'x\372YF\346i\331\006\341\341X\311\004/"
 340      37CA2778 
 340      FA5946E6 
 340      69D906E1 
 340      E158C904 
 341 081a 0F58C8CB 		.ascii	"\017X\310\313\333\276\310\225\345\326\343\255>4\261"
 341      DBBEC895 
 341      E5D6E3AD 
 341      3E34B1
 342 0829 2257DB4B 		.ascii	"\"W\333K\333\341/\347n\207\277d\333\341\234\361\201"
 342      DBE12FE7 
 342      6E87BF64 
 342      DBE19CF1 
 342      81
 343 083a 537A3CCD 		.ascii	"Sz<\315\2205\015$\307\360\356\327\220\323<5!\330N\301"
 343      90350D24 
 343      C7F0EED7 
 343      90D33C35 
 343      21D84EC1 
 344 084e D82866C3 		.ascii	"\330(f\303=/)\347*\353[%\000\352$k\303\315\355q\023"
 344      3D2F29E7 
 344      2AEB5B25 
ARM GAS  /tmp/cciMGgcW.s 			page 27


 344      00EA246B 
 344      C3CDED71 
 345 0863 6C89250B 		.ascii	"l\211%\013\375\031V\231W\333v\311\325\330\245\254n\324"
 345      FD195699 
 345      57DB76C9 
 345      D5D8A5AC 
 345      6ED4
 346 0875 BEEFB2B7 		.ascii	"\276\357\262\267g\336\313\010\357g%\336O\330o\016\250"
 346      67DECB08 
 346      EF6725DE 
 346      4FD86F0E 
 346      A8
 347 0886 E5349429 		.ascii	"\3454\224)x/\227h\350\217>\323\346\203\243\275hB\275"
 347      782F9768 
 347      E88F3ED3 
 347      E683A3BD 
 347      6842BD
 348 0899 758E4217 		.ascii	"u\216B\027\325\302\177\244\372\305\311\264<\305\347"
 348      D5C27FA4 
 348      FAC5C9B4 
 348      3CC5E7
 349 08a8 B7434175 		.ascii	"\267CAu\245\024#\371AF\033K\273\322Euw\205\263Z\345"
 349      A51423F9 
 349      41461B4B 
 349      BBD24575 
 349      7785B35A 
 350 08bd A2A28A65 		.ascii	"\242\242\212e\230\2735\276R\343\242\342\034\253\334"
 350      98BB35BE 
 350      52E3A2E2 
 350      1CABDC
 351 08cc 373CBEDD 		.ascii	"7<\276\335K\242\342<\253;\0359\324\247\365L\305\005"
 351      4BA2E23C 
 351      AB3B1D39 
 351      D4A7F54C 
 351      C505
 352 08de 4245B56B 		.ascii	"BE\265kbO\350\271\353%\207yAA\305E\011f\312\365\373"
 352      624FE8B9 
 352      EB258779 
 352      4141C545 
 352      0966CAF5 
 353 08f3 C306BCC5 		.ascii	"\303\006\274\305\313S\277\367\260\033\277\302\313w\331"
 353      CB53BFF7 
 353      B01BBFC2 
 353      CB77D9
 354 0902 B54F2E6C 		.ascii	"\265O.l\346q\032s\262\273\374d\266a\3169\306U Si\324"
 354      E6711A73 
 354      B2BBFC64 
 354      B661CE39 
 354      C6552053 
 355 0918 3C7CFC2B 		.ascii	"<|\374+9\300\032^\2763\277&\001<6\330R\242\030x\360"
 355      39C01A5E 
 355      BE33BF26 
 355      013C36D8 
 355      52A21878 
 356 092d 4696752D 		.ascii	"F\226u-\311\372\262\224u\321\370\305\023\212\201W\253"
 356      C9FAB294 
 356      75D1F8C5 
ARM GAS  /tmp/cciMGgcW.s 			page 28


 356      138A8157 
 356      AB
 357 093e C8BA4E72 		.ascii	"\310\272Nrz\264\341\321\010\217\2170\300\322\221\217"
 357      7AB4E1D1 
 357      088F8F30 
 357      C0D2918F 
 358 094e 1F3BF239 		.ascii	"\037;\3629X\332\223\302\263\365H \373\376\306\314\332"
 358      58DA93C2 
 358      B3F54820 
 358      FBFEC6CC 
 358      DA
 359 095f 3A8CCBA8 		.ascii	":\214\313\250\256w\373\013aP\207\374\341Z@~\330Y\302"
 359      AE77FB0B 
 359      615087FC 
 359      E15A407E 
 359      D859C2
 360 0972 FDF4F74B 		.ascii	"\375\364\367K\212\004!NO\246\023\224\007\2316+r9\300"
 360      8A04214E 
 360      4FA61394 
 360      0799362B 
 360      7239C0
 361 0985 BBCE1398 		.ascii	"\273\316\023\230A=\272\3645\351\215\350\370\034]v\314"
 361      413DBAF4 
 361      35E98DE8 
 361      F81C5D76 
 361      CC
 362 0996 315B1766 		.ascii	"1[\027f\014t\304\203\337w\224\252\244g\325\317Qu\235"
 362      0C74C483 
 362      DF7794AA 
 362      A467D5CF 
 362      51759D
 363 09a9 7E288E2E 		.ascii	"~(\216.\032`\224^\007'\364\224\251\231\265\016\272\305"
 363      1A60945E 
 363      0727F494 
 363      A999B50E 
 363      BAC5
 364 09bb FBA35690 		.ascii	"\373\243V\220; M 7A\032An\203\264\360\262#\027\032\216"
 364      3B204D20 
 364      37411A41 
 364      6E83B4F0 
 364      B223171A 
 365 09d0 647C634E 		.ascii	"d|cN\270L\267\031\303*\200\262<\350\316\312\002Z\012"
 365      B84CB719 
 365      C32A80B2 
 365      3CE8CECA 
 365      025A0A
 366 09e3 5D729FC5 		.ascii	"]r\237\305l\257\320\225Q\205\007\036\337aG8\305}\355"
 366      6CAFD095 
 366      5185071E 
 366      DF614738 
 366      C57DED
 367 09f6 07BDA453 		.ascii	"\007\275\244S\033\373\377\224:xK*;\220\242\370\246l"
 367      1BFBFF94 
 367      3A784B2A 
 367      3B90A2F8 
 367      A66C
 368 0a08 53446EA7 		.ascii	"SDn\247\235\214\334@\267\242%\365\212F\322\265{X\027"
ARM GAS  /tmp/cciMGgcW.s 			page 29


 368      9D8CDC40 
 368      B7A225F5 
 368      8A46D2B5 
 368      7B5817
 369 0a1b 5107D5B5 		.ascii	"Q\007\325\265W\227\216+f\226\010\205n'\323\355\244\272"
 369      57978E2B 
 369      66960885 
 369      6E27D3ED 
 369      A4BA
 370 0a2d F169A9E7 		.ascii	"\361i\251\347\274\360\025\326\201\233\313_Th`\023\347"
 370      BCF015D6 
 370      819BCB5F 
 370      54686013 
 370      E7
 371 0a3e 80EF855B 		.ascii	"\200\357\205[\245xoI\301\365\010a\241\335\233:\270+"
 371      A5786F49 
 371      C1F50861 
 371      A1DD9B3A 
 371      B82B
 372 0a50 DBBEDEE5 		.ascii	"\333\276\336\345g}0\334\243{\271\306\343\003\265<\216"
 372      677D30DC 
 372      A37BB9C6 
 372      E303B53C 
 372      8E
 373 0a61 67279BB5 		.ascii	"g'\233\265O\262\326\340\035\354y(?7\311\027g\250_\366"
 373      4FB2D6E0 
 373      1DEC7928 
 373      3F37C917 
 373      67A85FF6 
 374 0a75 5DFE5031 		.ascii	"]\376P1\250;\233\313\316\373\342\003\314\"\362B\357"
 374      A83B9BCB 
 374      CEFBE203 
 374      CC22F242 
 374      EF
 375 0a86 886ACE4C 		.ascii	"\210j\316L\320\015\200\224F\217\313\352\353\015\362"
 375      D00D8094 
 375      468FCBEA 
 375      EB0DF2
 376 0a95 C41F2908 		.ascii	"\304\037)\010\355\221Fm\323\245\3641\015\256d\316\257"
 376      ED91466D 
 376      D3A5F431 
 376      0DAE64CE 
 376      AF
 377 0aa6 DAB3EFCF 		.ascii	"\332\263\357\317\303u\2540\030\327\272\003\343\026V"
 377      C375AC30 
 377      18D7BA03 
 377      E31656
 378 0ab5 E88EAE79 		.ascii	"\350\216\256y!\356\221\226@\261f\262\262\\<\370\354"
 378      21EE9196 
 378      40B166B2 
 378      B25C3CF8 
 378      EC
 379 0ac6 24FBCBEC 		.ascii	"$\373\313\354\210\246\253\006\334Eu\265\303\205\303"
 379      88A6AB06 
 379      DC4575B5 
 379      C385C3
 380 0ad5 0DF3101B 		.ascii	"\015\363\020\033\314\322p\356N\367?\374\214\035%\222"
ARM GAS  /tmp/cciMGgcW.s 			page 30


 380      CCD270EE 
 380      4EF73FFC 
 380      8C1D2592 
 381 0ae5 2D5417E0 		.ascii	"-T\027\340}\352a\334)FS?t\251'\364\325S\261?\015C\277"
 381      7DEA61DC 
 381      2946533F 
 381      74A927F4 
 381      D553B13F 
 382 0afc 19051902 		.ascii	"\031\005\031\002\031\001\031\004\031\003y&\037F\015"
 382      19011904 
 382      19037926 
 382      1F460D
 383 0b0b CBD30487 		.ascii	"\313\323\004\207]Mc\015\314\2115{t<\376\031\323&[\244"
 383      5D4D630D 
 383      CC89357B 
 383      743CFE19 
 383      D3265BA4 
 384 0b1f C773B467 		.ascii	"\307s\264gz\275\250\375\323\031\337}s\264g\035\211\266"
 384      7ABDA8FD 
 384      D319DF7D 
 384      73B4671D 
 384      89B6
 385 0b31 1F5A9413 		.ascii	"\037Z\224\023%\300\210\002\302\321\003\017\276e\243"
 385      25C08802 
 385      C2D1030F 
 385      BE65A3
 386 0b40 AFF6A0DF 		.ascii	"\257\366\240\337>\252O\274\367\272\367.S\037=\274\220"
 386      3EAA4FBC 
 386      F7BAF72E 
 386      531F3DBC 
 386      90
 387 0b51 A993F5F0 		.ascii	"\251\223\365\360\276\007R\245C\327\254m\243\317T\312"
 387      BE0752A5 
 387      43D7AC6D 
 387      A3CF54CA 
 388 0b61 112BD14B 		.ascii	"\021+\321K\227\222\357\3110\371\032\336~\260X'\357\\"
 388      9792EFC9 
 388      30F91ADE 
 388      7EB05827 
 388      EF5C
 389 0b73 CF1561C7 		.ascii	"\317\025a\307\331\250\032\247\243\352Z\365\215\024\015"
 389      D9A81AA7 
 389      A3EA5AF5 
 389      8D140D
 390 0b82 EEA15D03 		.ascii	"\356\241]\003W\346\334*\364F\336\354\2004\206n\017\242"
 390      57E6DC2A 
 390      F446DEEC 
 390      8034866E 
 390      0FA2
 391 0b94 12E723D7 		.ascii	"\022\347#\327\366\300\0110&xo\370\352\006`S<; %\025"
 391      F6C00930 
 391      26786FF8 
 391      EA066053 
 391      3C3B2025 
 392 0ba9 F480743E 		.ascii	"\364\200t>{\007?\340wx\347\355\016\037<\300\374\026"
 392      7B073FE0 
 392      7778E7ED 
ARM GAS  /tmp/cciMGgcW.s 			page 31


 392      0E1F3CC0 
 392      FC16
 393 0bbb 4C6EAED3 		.ascii	"Ln\256\323\277\344\210{ZLM\300\376(\002\313:\312\213"
 393      BFE4887B 
 393      5A4C4DC0 
 393      FE2802CB 
 393      3ACA8B
 394 0bce 0C916FB2 		.ascii	"\014\221o\262Ox\001\321\247_\326\232\267\337Tv+7\312"
 394      4F7801D1 
 394      A75FD69A 
 394      B7DF5476 
 394      2B37CA
 395 0be1 12D9CDB7 		.ascii	"\022\331\315\267\317?\322+\311v\035jw\213\246\263\020"
 395      CF3FD22B 
 395      C9761D6A 
 395      778BA6B3 
 395      10
 396 0bf2 91B381DA 		.ascii	"\221\263\201\332\241\347\212\017\363H,\217\020\205)"
 396      A1E78A0F 
 396      F3482C8F 
 396      108529
 397 0c01 B1702393 		.ascii	"\261p#\223JU\231S/\237\006\335\255\313\310NuO\025\355"
 397      4A559953 
 397      2F9F06DD 
 397      ADCBC84E 
 397      754F15ED 
 398 0c15 18534B1B 		.ascii	"\030SK\033L\373\177<o\335\214\311yk\\\365\263:\005\230"
 398      4CFB7F3C 
 398      6FDD8CC9 
 398      796B5CF5 
 398      B33A0598 
 399 0c29 24458068 		.ascii	"$E\200h\006&\232\201\271\345\254w\355\243\354/\371>"
 399      06269A81 
 399      B9E5AC77 
 399      EDA3EC2F 
 399      F93E
 400 0c3b 4631F855 		.ascii	"F1\370U\262A\033\315\025|\344\276\243\025\276c\231\357"
 400      B2411BCD 
 400      157CE4BE 
 400      A315BE63 
 400      99EF
 401 0c4d 58EABBB7 		.ascii	"X\352\273\267\353@\262bm \037\2143\272qL7\216\3418P"
 401      EB40B262 
 401      6D201F8C 
 401      33BA714C 
 401      378EE138 
 402 0c62 9F6D9093 		.ascii	"\237m\220\223\342\226\300x\252\233\2341\266\335\003"
 402      E296C078 
 402      AA9B9C31 
 402      B6DD03
 403 0c71 296E0ED4 		.ascii	")n\016\324\320\026J\312\330\316G\375\363\334\033\271"
 403      D0164ACA 
 403      D8CE47FD 
 403      F3DC1BB9 
 404 0c81 39A54209 		.ascii	"9\245B\011X\307\341\215\353m?_\261\"\000\376\377j\266"
 404      58C7E18D 
 404      EB6D3F5F 
ARM GAS  /tmp/cciMGgcW.s 			page 32


 404      B12200FE 
 404      FF6AB6
 405 0c94 849A4302 		.ascii	"\204\232C\002>\016\012^\035\374\371\252\2000k@\220)"
 405      3E0E0A5E 
 405      1DFCF9AA 
 405      80306B40 
 405      9029
 406 0ca6 24C06A09 		.ascii	"$\300j\011$w\343\332\020\2235hE\240\366\223\317~\267"
 406      2477E3DA 
 406      10933568 
 406      45A0F693 
 406      CF7EB7
 407 0cb9 F4E30F3E 		.ascii	"\364\343\017>\340\364\037\231\254\346\337\220\312\337"
 407      E0F41F99 
 407      ACE6DF90 
 407      CADF
 408 0cc7 FFF60B2F 		.ascii	"\377\366\013/\253\315d3\033\250\216\221>\033mo\277\314"
 408      ABCD6433 
 408      1BA88E91 
 408      3E1B6D6F 
 408      BFCC
 409 0cd9 6B706860 		.ascii	"kph`H\370\032\263\314s\020\347\355\362\250\012\0142"
 409      48F81AB3 
 409      CC7310E7 
 409      EDF2A80A 
 409      0C32
 410 0ceb 597C446F 		.ascii	"Y|Do\346@[\230\305h\343\337\347\264&\313\372\215+\227"
 410      E6405B98 
 410      C568E3DF 
 410      E7B426CB 
 410      FA8D2B97 
 411 0cff AFE77481 		.ascii	"\257\347t\201a\026\233\371\233\345\353\337\343\230\326"
 411      61169BF9 
 411      9BE5EBDF 
 411      E398D6
 412 0d0e 1F4CC1B6 		.ascii	"\037L\301\266_[\300\\\204`\266X\210\315[\377Eb\334B"
 412      5F5BC05C 
 412      8460B658 
 412      88CD5BFF 
 412      4562DC42 
 413 0d22 FAF089D9 		.ascii	"\372\360\211\331\266\212F\374|\355Z\253\331&\202\010"
 413      B68A46FC 
 413      7CED5AAB 
 413      D9268208 
 414 0d32 A305A3CD 		.ascii	"\243\005\243\315O\251\263*\370\037fmxp\250\355\275w"
 414      4FA9B32A 
 414      F81F666D 
 414      7870A8ED 
 414      BD77
 415 0d44 8D365D60 		.ascii	"\2156]`\320\027AkV\205\230\315\033\014\326MV\2505[6"
 415      D017416B 
 415      568598CD 
 415      1B0CD64D 
 415      56A8355B 
 416 0d59 827F5B80 		.ascii	"\202\177[\200'\024\026\233\213\207\300 [\220\305lZc"
 416      2714169B 
 416      8B87C020 
ARM GAS  /tmp/cciMGgcW.s 			page 33


 416      5B90C56C 
 416      5A63
 417 0d6b 253C0406 		.ascii	"%<\004\006\255\332d\375\324\024b[\376\275,\315&K\310"
 417      ADDA64FD 
 417      D414625B 
 417      FEBD2CCD 
 417      264BC8
 418 0d7e 26B09B6F 		.ascii	"&\260\233o4\256\016\017\016\261\005\207\032\315\337"
 418      34AE0E0F 
 418      0EB10587 
 418      1ACDDF
 419 0d8d 6C00805E 		.ascii	"l\000\200^\201a\241V\233*\304lZ\253\011\015\203\000"
 419      8161A156 
 419      9B2AC46C 
 419      5AAB090D 
 419      8300
 420 0d9f 617F7FC5 		.ascii	"a\177\177\305]\222\234\301h\\\033\036\032h4\256X\371"
 420      5D929CC1 
 420      685C1B1E 
 420      1A6834AE 
 420      58F9
 421 0db1 EECAB7B5 		.ascii	"\356\312\267\265Ri\301\334l\225\252+\347\375-\334l\331"
 421      5269C1DC 
 421      6C95AA2B 
 421      E7FD2DDC 
 421      6CD9
 422 0dc3 047403F5 		.ascii	"\004t\003\365~\320\356\026\033{\026[\315W^e\012\011"
 422      7ED0EE16 
 422      1B7B165B 
 422      CD575E65 
 422      0A09
 423 0dd5 D16CB084 		.ascii	"\321l\260\204\255\263\230\326k\010g\2770\332\324Vpi"
 423      ADB398D6 
 423      6B0867BF 
 423      30DAD456 
 423      7069
 424 0de7 B4A948E6 		.ascii	"\264\251H\346>\353\200\3405fk\240%x\003\2302\246e\025"
 424      3EEB80E0 
 424      35666BA0 
 424      25780398 
 424      32A66515 
 425 0dfb 469B6F30 		.ascii	"F\233o0dc\012\0154\213\315\241\337h\266\004\257\025"
 425      64630A0D 
 425      348BCDA1 
 425      DF68B604 
 425      AF15
 426 0e0d A3FB8659 		.ascii	"\243\373\206YM!_P\016i\023x$\2354=\321\005\016\227\207"
 426      4D215F50 
 426      0E691378 
 426      249D343D 
 426      D1050E97 
 427 0e22 06B36720 		.ascii	"\006\263g OcZ\263\306b\266Z\365\014\271\325H\240i\304"
 427      4F635AB3 
 427      C662B65A 
 427      F50CB9D5 
 427      48A069C4 
 428 0e36 C20F155D 		.ascii	"\302\017\025]Q\216\311 \251\007\206\205\207\332\274"
ARM GAS  /tmp/cciMGgcW.s 			page 34


 428      518EC920 
 428      A9078685 
 428      87DABC
 429 0e45 3798D699 		.ascii	"7\230\326\231\251\245\316d\263Y\202W\207\333\314V\025"
 429      A9A5CE64 
 429      B3598257 
 429      87DBCC56 
 429      15
 430 0e56 297B193F 		.ascii	"){\031?\012\013\013Q3\340\377\006\361\037\373*"
 430      0A0B0B51 
 430      33E0FF06 
 430      F11FFB2A 
 431              		.text
 432              		.section	.gnu.lto_.symtab.4a9014d92f68fbfa,"e",%progbits
 433 0000 666C6173 		.ascii	"flashWaitErase\000"
 433      68576169 
 433      74457261 
 433      736500
 434 000f 00       		.ascii	"\000"
 435 0010 00       		.ascii	"\000"
 436 0011 00       		.ascii	"\000"
 437 0012 00000000 		.ascii	"\000\000\000\000\000\000\000\000"
 437      00000000 
 438 001a EE000000 		.ascii	"\356\000\000\000"
 439 001e 666C6173 		.ascii	"flashGetSectorOffset\000"
 439      68476574 
 439      53656374 
 439      6F724F66 
 439      66736574 
 440 0033 00       		.ascii	"\000"
 441 0034 00       		.ascii	"\000"
 442 0035 00       		.ascii	"\000"
 443 0036 00000000 		.ascii	"\000\000\000\000\000\000\000\000"
 443      00000000 
 444 003e F5000000 		.ascii	"\365\000\000\000"
 445 0042 666C6173 		.ascii	"flashGetSectorSize\000"
 445      68476574 
 445      53656374 
 445      6F725369 
 445      7A6500
 446 0055 00       		.ascii	"\000"
 447 0056 00       		.ascii	"\000"
 448 0057 00       		.ascii	"\000"
 449 0058 00000000 		.ascii	"\000\000\000\000\000\000\000\000"
 449      00000000 
 450 0060 FC000000 		.ascii	"\374\000\000\000"
 451 0064 63685468 		.ascii	"chThdSleep\000"
 451      64536C65 
 451      657000
 452 006f 00       		.ascii	"\000"
 453 0070 02       		.ascii	"\002"
 454 0071 00       		.ascii	"\000"
 455 0072 00000000 		.ascii	"\000\000\000\000\000\000\000\000"
 455      00000000 
 456 007a 02010000 		.ascii	"\002\001\000\000"
 457 007e 63685379 		.ascii	"chSysHalt\000"
 457      7348616C 
ARM GAS  /tmp/cciMGgcW.s 			page 35


 457      7400
 458 0088 00       		.ascii	"\000"
 459 0089 02       		.ascii	"\002"
 460 008a 00       		.ascii	"\000"
 461 008b 00000000 		.ascii	"\000\000\000\000\000\000\000\000"
 461      00000000 
 462 0093 07010000 		.ascii	"\007\001\000\000"
 463              		.text
 464              		.section	.gnu.lto_.opts,"e",%progbits
 465 0000 272D666E 		.ascii	"'-fno-openmp' '-fno-openacc' '-fno-pie' '-mcpu=cort"
 465      6F2D6F70 
 465      656E6D70 
 465      2720272D 
 465      666E6F2D 
 466 0033 65782D6D 		.ascii	"ex-m3' '-mthumb' '-mfloat-abi=soft' '-march=armv7-m"
 466      33272027 
 466      2D6D7468 
 466      756D6227 
 466      20272D6D 
 467 0066 2720272D 		.ascii	"' '-O2' '-fstack-usage' '-ffunction-sections' '-fda"
 467      4F322720 
 467      272D6673 
 467      7461636B 
 467      2D757361 
 468 0099 74612D73 		.ascii	"ta-sections' '-fno-common' '-flto' '-fshort-enums'\000"
 468      65637469 
 468      6F6E7327 
 468      20272D66 
 468      6E6F2D63 
 469              		.text
 470              		.comm	__gnu_lto_v1,1,1
 471              		.comm	__gnu_lto_slim,1,1
 472              		.ident	"GCC: (GNU Arm Embedded Toolchain 9-2020-q2-update) 9.3.1 20200408 (release)"
ARM GAS  /tmp/cciMGgcW.s 			page 36


DEFINED SYMBOLS
                            *ABS*:0000000000000000 hal_flash.c
                            *COM*:0000000000000001 __gnu_lto_v1
                            *COM*:0000000000000001 __gnu_lto_slim

NO UNDEFINED SYMBOLS
