ARM GAS  /tmp/ccWwCTmM.s 			page 1


   1              		.cpu cortex-m3
   2              		.eabi_attribute 20, 1
   3              		.eabi_attribute 21, 1
   4              		.eabi_attribute 23, 3
   5              		.eabi_attribute 24, 1
   6              		.eabi_attribute 25, 1
   7              		.eabi_attribute 26, 1
   8              		.eabi_attribute 30, 2
   9              		.eabi_attribute 34, 1
  10              		.eabi_attribute 18, 4
  11              		.file	"hal_pal.c"
  12              		.section	.gnu.lto_.profile.3a6db3612af33706,"e",%progbits
  13 0000 789CE360 		.ascii	"x\234\343``\004B \000\000\000]\000\013"
  13      60044220 
  13      0000005D 
  13      000B
  14              		.text
  15              		.section	.gnu.lto_.icf.3a6db3612af33706,"e",%progbits
  16 0000 789CE360 		.ascii	"x\234\343``d0b@\000\016\206\256\323\247\257\3612\316"
  16      60643062 
  16      40000E86 
  16      AED3A7AF 
  16      F132CE
  17 0013 7EB4E21A 		.ascii	"~\264\342\032\017\323\245?\255\347\331\231\317O\371"
  17      0FD3A53F 
  17      ADE7D999 
  17      CF4FF9
  18 0022 D0CEC8F2 		.ascii	"\320\316\310\362p\335\265\357\274\254G\017N\276\312"
  18      70DDB5EF 
  18      BCAC470F 
  18      4EBECA
  19 0031 CEF671F3 		.ascii	"\316\366q\363\212\313l\034\223>>8\312\311\000\000\203"
  19      8ACB6C1C 
  19      933E3E38 
  19      CAC90000 
  19      83
  20 0042 4B1923   		.ascii	"K\031#"
  21              		.text
  22              		.section	.gnu.lto_.jmpfuncs.3a6db3612af33706,"e",%progbits
  23 0000 789CBD91 		.ascii	"x\234\275\221\261\012\0021\020Dg\262\27136\372\001\367"
  23      B10A0231 
  23      104467B2 
  23      B93336FA 
  23      01F7
  24 0012 AF5AD8CA 		.ascii	"\257Z\330\312\265\226)\374\013\025\261\263\260\261\260"
  24      B59629FC 
  24      0B15B1B3 
  24      B0B1B0
  25 0021 B6BF42EE 		.ascii	"\266\277B\356\007\204\270\213\334\035\206\023\254\014"
  25      0784B88B 
  25      DC1D8613 
  25      AC0C
  26 002f 0C24B3B3 		.ascii	"\014$\263\263\273\017\022@4D\177\012\220\\F\201\223"
  26      BB0F1240 
  26      34447F0A 
  26      905C4681 
  26      93
ARM GAS  /tmp/ccWwCTmM.s 			page 2


  27 0040 AD003C79 		.ascii	"\255\000<yB\365L)\315)\033a\275j\357\241\226($\270c"
  27      42F54C29 
  27      CD291B61 
  27      BD6AEFA1 
  27      962824B8 
  28 0055 65F24390 		.ascii	"e\362C\220t\032:\267\217\033-\3444\264g\245\326q}\275"
  28      741A3AB7 
  28      8F1B2DE4 
  28      34B467A5 
  28      D6717DBD 
  29 0069 C8DB220F 		.ascii	"\310\333\"\017\254\234\371}\033\3609\303\212c)\247\335"
  29      AC9CF97D 
  29      1BF039C3 
  29      8A6329A7 
  29      DD
  30 007a 62782A31 		.ascii	"bx*1D\346\210\343L\337\346\375\230\352\2662\212/\207"
  30      44E688E3 
  30      4CDFE6FD 
  30      98EAB632 
  30      8A2F87
  31 008d 96642B91 		.ascii	"\226d+\221\277\375\202\271e\244\356\037\244\245U9C\224"
  31      BFFD82B9 
  31      65A4EE1F 
  31      A4A55539 
  31      4394
  32 009f 42794BD5 		.ascii	"ByK\325D\025\202\376\026\3556\355\034\274\000\307\252"
  32      441582FE 
  32      16ED36ED 
  32      1CBC00C7 
  32      AA
  33 00b0 67D6     		.ascii	"g\326"
  34              		.text
  35              		.section	.gnu.lto_.inline.3a6db3612af33706,"e",%progbits
  36 0000 789C958F 		.ascii	"x\234\225\217=\012\002A\014\205\337$3\313\212\010\253"
  36      3D0A0241 
  36      0C85DF24 
  36      33CB8A08 
  36      AB
  37 0011 60EF513C 		.ascii	"`\357Q<\301\336A\334\237k\2147\330Z,\004\033{[\213\005"
  37      C1DE41DC 
  37      9F6B8C37 
  37      D85A2C04 
  37      1B7B5B8B 
  38 0026 5B1B4B5B 		.ascii	"[\033K[\013\033k{\223\321\365\007T\330\014<\336\220"
  38      0B1B6B7B 
  38      93D1F507 
  38      54D80C3C 
  38      DE90
  39 0038 F0BE2486 		.ascii	"\360\276$\206\301\332\340Y\016Hv\227\325\221\013C\030"
  39      C1DAE059 
  39      0E487697 
  39      D5910B43 
  39      18
  40 0049 694384C7 		.ascii	"iC\204\307\256\343\275_R\016\250\2519#\020\254XO\031"
  40      AEE3BD5F 
  40      520EA8A9 
  40      392310AC 
ARM GAS  /tmp/ccWwCTmM.s 			page 3


  40      584F19
  41 005c 2CCC7C73 		.ascii	",\314|s\336\363\204\020\023\334L'3\304\032G]\221G<U"
  41      DEF38410 
  41      13DC4C27 
  41      33C41A47 
  41      5D91473C 
  42 0071 E9CB1086 		.ascii	"\351\313\020\206\247\353aK\245\3417\214Q\033\365%\266"
  42      A7EB614B 
  42      A5E1378C 
  42      511BF525 
  42      B6
  43 0082 A2A2158B 		.ascii	"\242\242\025\213B\177\212\344/\325b \324\005\227\237"
  43      427F8AE4 
  43      2FD56220 
  43      D405979F 
  44 0092 C739E548 		.ascii	"\3079\345HL\313\343lO\204\253T\337Od\004\027\222r\003"
  44      4CCBE36C 
  44      4F84AB54 
  44      DF4F6404 
  44      17927203 
  45 00a6 6A3211DD 		.ascii	"j2\021\335\215r\244\342\360\257e\304\204\255\370\333"
  45      8D72A4E2 
  45      F0AF65C4 
  45      84ADF8DB 
  46 00b6 5C73A055 		.ascii	"\\s\240U0p\003\3722S\006"
  46      307003FA 
  46      325306
  47              		.text
  48              		.section	.gnu.lto_.pureconst.3a6db3612af33706,"e",%progbits
  49 0000 789CE360 		.ascii	"x\234\343``d\020````e\230\305\3024\213\205e&\013\333"
  49      60641060 
  49      60606065 
  49      98C5C234 
  49      8B856526 
  50 0016 2C168E59 		.ascii	",\026\216Y,\000\033\212\003H"
  50      2C001B8A 
  50      0348
  51              		.text
  52              		.section	.gnu.lto_palReadBus.3a6db3612af33706,"e",%progbits
  53 0000 789C9553 		.ascii	"x\234\225S\315KTQ\024\277\347\235\367\336\274\031\237"
  53      CD4B5451 
  53      14BFE79D 
  53      F7DEBC19 
  53      9F
  54 0011 A3630581 		.ascii	"\243c\005\201\033\027\201\030\344\270m\027\010-k\321"
  54      1B178118 
  54      E4B86D17 
  54      082D6BD1 
  55 0021 1F102A82 		.ascii	"\037\020*\202\222T(\255\2753\216\271\360\243\210R\247"
  55      925428AD 
  55      BD338EB9 
  55      F0A38852 
  55      A7
  56 0032 185F300D 		.ascii	"\030_0\015\272\262D!\362\253I3\363+?\222\240\010\243"
  56      BAB24421 
  56      F2AB4933 
  56      F32B3F92 
ARM GAS  /tmp/ccWwCTmM.s 			page 4


  56      A008A3
  57 0045 202BB384 		.ascii	" +\263\204r\321B\264s\356{\332$n|\314\234w\317\271\347"
  57      72D142B4 
  57      73EE7BDA 
  57      246E7CCC 
  57      9C77CFB9 
  58 005a FCEEF9FD 		.ascii	"\374\356\371\375\356y\226\000q_\027\242D\010q\216\376"
  58      EE799600 
  58      715F17A2 
  58      4408718E 
  58      FE
  59 006b 600AD0A4 		.ascii	"`\012\320\244\224g|\021K\323\364\271x\277\251\313\000"
  59      94677C11 
  59      4BD3F4B9 
  59      78BFA9CB 
  59      00
  60 007c F6AFCE9E 		.ascii	"\366\257\316\236\326\245\215{\021\303\213\350`x\331"
  60      D6A58D7B 
  60      11C38BE8 
  60      6078D9
  61 008b 06805A49 		.ascii	"\006\200ZI\013D\275\206\272\001\365p\003;\020V\242\211"
  61      0B44BD86 
  61      BA01F570 
  61      033B1056 
  61      A289
  62 009d 3F761B3A 		.ascii	"?v\033:(@'\367\366\364\300T\200]\200\002rco\272\236"
  62      284027F7 
  62      F6F4C054 
  62      805D8002 
  62      72636FBA 
  63 00b2 E845DD52 		.ascii	"\350E\335RFe\272\343\226\3315\260 \375\016j\"N\351C"
  63      4665BAE3 
  63      96D935B0 
  63      20FD0E6A 
  63      224EE943 
  64 00c6 900F8390 		.ascii	"\220\017\203\220/\370\201a(\242\364\306\305\216\353"
  64      2FF88161 
  64      28A2F4C6 
  64      C58EEB
  65 00d5 88A740D0 		.ascii	"\210\247@\320\272\241\253\275'\2530\245J7\037\240<\341"
  65      BAA1ABBD 
  65      27AB30A5 
  65      4A371FA0 
  65      3CE1
  66 00e7 20C208E0 		.ascii	" \302\010\340\177\245\024\243\342Q(\024\\\362\251o\373"
  66      7FA514A3 
  66      E2512814 
  66      5CF2A96F 
  66      FB
  67 00f8 4EB6A933 		.ascii	"N\266\2513:c>e\272\364N\242x\270d\244\345\366N\223L"
  67      3A633E65 
  67      BAF44EA2 
  67      78B864A4 
  67      E5F64E93 
  68 010d BF4F41E2 		.ascii	"\277OA\342l\036P\245\256\2211\220\215N\30648f\262\353"
  68      6C1E50A5 
  68      AE913190 
ARM GAS  /tmp/ccWwCTmM.s 			page 5


  68      8D4EC634 
  68      3866B2EB 
  69 0121 636391F1 		.ascii	"cc\221\361\371\311X\001\336\315\342\225\315&\010|`H"
  69      F9C95801 
  69      DECDE295 
  69      CD26087C 
  69      6048
  70 0133 300FD18C 		.ascii	"0\017\321\214\202t\221:\310\264\020-\250\271N\204\234"
  70      8274913A 
  70      C8B4102D 
  70      A8B94E84 
  70      9C
  71 0144 3568186D 		.ascii	"5h\030m\032\351\263\271\215\004B\002\203\324a[\303\306"
  71      1AE9B3B9 
  71      8D044202 
  71      83D4615B 
  71      C3C6
  72 0156 8AC5F220 		.ascii	"\212\305\362 \010H\023\2035\210n5\201\233\243Q\232X"
  72      08481383 
  72      35886E35 
  72      819BA351 
  72      9A58
  73 0168 87C602D7 		.ascii	"\207\306\002\327eu\2076G\326\3741\210F\216;\350\217"
  73      65758736 
  73      47D6FC31 
  73      88468E3B 
  73      E88F
  74 017a 23B37906 		.ascii	"#\263y\0061\020\224L\273\223\033?\226\201\321\014B\033"
  74      3110944C 
  74      BB931B3F 
  74      9681D10C 
  74      421B
  75 018c 837C0703 		.ascii	"\203|\007\003\3423\304\276\226z\000\034S\362\266 \336"
  75      E233C4BE 
  75      967A001C 
  75      53F2B620 
  75      DE
  76 019d A52B456E 		.ascii	"\245+En\014\351\310a\277\233\3017\226~\367\350m0\005"
  76      0CE9C861 
  76      BF9BC137 
  76      967EF7E8 
  76      6D3005
  77 01b0 C908755E 		.ascii	"\311\010u^\340`\0265\252:cA{\037w\317g\227\364\312\233"
  77      E0601635 
  77      AA3A6341 
  77      7B1F77CF 
  77      6797F4CA 
  78 01c5 6ACB8671 		.ascii	"j\313\206qHA\247+\356s(a\212\203\273\315\033.ZR\316"
  78      4841A72B 
  78      EE732861 
  78      8A83BBCD 
  78      1B2E5A52 
  79 01da 749ADC92 		.ascii	"t\232\334\222\01590\261\217 \247e\020\364\035L\360\205"
  79      0D3930B1 
  79      8F20A765 
  79      10F41D4C 
  79      F085
ARM GAS  /tmp/ccWwCTmM.s 			page 6


  80 01ec 4BD03C80 		.ascii	"K\320<\200\221/\203\221>\376=\371Q0#}\035b\012\222["
  80      912F8391 
  80      3EFE3DF9 
  80      5130237D 
  80      1D620A92 
  81 0201 4EF4CCEE 		.ascii	"N\364\314\356(@\313\301\3548_\021L2`\246\370A\345f\036"
  81      2840CBC1 
  81      EC385F11 
  81      4C3260A6 
  81      F841E566 
  82 0216 1D4C322B 		.ascii	"\035L2+\012~\220\277\346\002\254F\256\20390E\225\360"
  82      0A7E90BF 
  82      E602AC46 
  82      AE833930 
  82      4595F0
  83 0229 D213E3F7 		.ascii	"\322\023\343\367\227\211Q\213\363;\225\032A\230&5\334"
  83      9789518B 
  83      F33B951A 
  83      41982635 
  83      DC
  84 023a 219BA13C 		.ascii	"!\233\241<\007sU_F\346\010D\207\277\265\216\233n\363"
  84      0773555F 
  84      46E60844 
  84      87BFB58E 
  84      9B6EF3
  85 024d D6A1C40E 		.ascii	"\326\241\304\016\301\254\022\033X\3549%\366\330\356"
  85      C1AC121B 
  85      58EC3925 
  85      F6D8EE
  86 025c B5F933C9 		.ascii	"\265\3713\311\344)2\373\200\217\320q\360\312\003N\264"
  86      E42932FB 
  86      808FD071 
  86      F0CA034E 
  86      B4
  87 026d DE5B4502 		.ascii	"\336[E\002\216Ex\353(\314+`\215\201\027\024\360\336"
  87      8E4578EB 
  87      28CC2B60 
  87      8D811714 
  87      F0DE
  88 027f 3C040E39 		.ascii	"<\004\0169\017\213\377\346a\311\235\207\255\353\336"
  88      0F8BFFE6 
  88      61C99D87 
  88      ADEBDE
  89 028e 5D539D9F 		.ascii	"]S\235\237\0003\321\355C\241\037\203\327\012\235\341"
  89      0033D1ED 
  89      43A11F83 
  89      D70A9DE1 
  90 029e 61D9456F 		.ascii	"a\331Eo\337\235\244\220:\300\026?!\352\015S\210\273"
  90      DF9DA490 
  90      3AC0163F 
  90      21EA0D53 
  90      88BB
  91 02b0 6846D8A1 		.ascii	"hF\330\241\007\325\327(\304\311\342\3420\375.U\326^"
  91      07D5D728 
  91      C4C9E2E2 
  91      30FD2E55 
  91      D65E
ARM GAS  /tmp/ccWwCTmM.s 			page 7


  92 02c2 AEAC0997 		.ascii	"\256\254\011\227VU\227W\237\277\020\276R\027\256*\253"
  92      56559757 
  92      9FBF10BE 
  92      5217AE2A 
  92      AB
  93 02d3 09D7D556 		.ascii	"\011\327\325V\360\373\342\325\262\232\342\012\201\345"
  93      F0FBE2D5 
  93      B29AE20A 
  93      81E5
  94 02e1 D7EAFE02 		.ascii	"\327\352\376\002\276\313\200\320"
  94      BECB80D0 
  95              		.text
  96              		.section	.gnu.lto_palWriteBus.3a6db3612af33706,"e",%progbits
  97 0000 789C9554 		.ascii	"x\234\225T\337o\024U\024>\337\234\231\331\331\337K\265"
  97      DF6F1455 
  97      143EDF9C 
  97      99D9D9DF 
  97      4BB5
  98 0012 48D2973E 		.ascii	"H\322\227>H\032L\354\326\027\211o&\274\353\203\177\200"
  98      481A4CEC 
  98      D617896F 
  98      26BCEB83 
  98      7F80
  99 0024 A18484C6 		.ascii	"\241\204\204\306F\015\325\370\310\335\355\266\373\300"
  99      460DD5F8 
  99      C8DDEDB6 
  99      FBC0
 100 0032 0F8DD176 		.ascii	"\017\215\321v\013.\253n*\370\002\030L\210\024\352Z\304"
 100      0B2EAB6E 
 100      2AF80218 
 100      4C8814EA 
 100      5AC4
 101 0044 0AB45010 		.ascii	"\012\264P\020\220\362\000\201\204j*\332D\033c\014i="
 101      90F20081 
 101      846A2ADA 
 101      441B630C 
 101      693D
 102 0056 E7CED4AE 		.ascii	"\347\316\324\256\225\227Nv\316\3169\367\234\357~\347"
 102      95974E76 
 102      CECE39F7 
 102      9CEF7EE7 
 103 0066 3B772620 		.ascii	";w& \320\230G\264\225\210^\222\033>\3011\306\274\030"
 103      D09847B4 
 103      95885E92 
 103      1B3EC131 
 103      C6BC18
 104 0079 2B048EE3 		.ascii	"+\004\216\343N\217\234\364]\223\340\223sS/\270&\305"
 104      4E8F9CF4 
 104      5D93E093 
 104      73532FB8 
 104      26C5
 105 008b FF46BC28 		.ascii	"\377F\274(\342\302\213\262=\300>\231\000\264\307a\327"
 105      E2C28BB2 
 105      3DC03E99 
 105      00B4C761 
 105      D7
 106 009c C31EBCCB 		.ascii	"\303\036\274\313\303\214\211\362\334W\316\226#\262h"
ARM GAS  /tmp/ccWwCTmM.s 			page 8


 106      C38C89F2 
 106      DC57CE96 
 106      23B268
 107 00ab 1AC38BFE 		.ascii	"\032\303\213\376\240\031\330Tc\242\021\271\303\013\247"
 107      A019D854 
 107      63A211B9 
 107      C30BA7
 108 00ba B145F2EE 		.ascii	"\261E\362\356\024\253\177\245\016p\215\001W\334\017"
 108      14AB7FA5 
 108      0E708D01 
 108      57DC0F
 109 00c9 2E7E7921 		.ascii	".~y!\241\256\203vq\007\256\016\0172?\013\222\347\376"
 109      A1AE8376 
 109      7107AE0E 
 109      0F323F0B 
 109      92E7FE
 110 00dc C3434793 		.ascii	"\303CG\223\035\243\306\024M\343Q\235\315\3235f\234\005"
 110      1DA3C614 
 110      4DE3519D 
 110      CDD33566 
 110      9C05
 111 00ee 0B24CEA0 		.ascii	"\013$\316\240\015ch#\222\230@\217\243C\012\252K\237"
 111      0D636823 
 111      9298408F 
 111      A3430AAA 
 111      4B9F
 112 0100 4E26F939 		.ascii	"N&\3719[\274p\257\3629\242\342\251\317l\261\213\257"
 112      5BBC70AF 
 112      F239A2E2 
 112      A9CF6CB1 
 112      8BAF
 113 0112 FF57EC4A 		.ascii	"\377W\354Jq\003\035\244%\367\277X\3720\355\273\021e"
 113      71031DA4 
 113      25F7BF58 
 113      FA30EDBB 
 113      1165
 114 0124 7C031F12 		.ascii	"|\003\037\022\235\2359\2617\303\317[\320\343f\354p|"
 114      9D9D39B1 
 114      37C3CF5B 
 114      D0E366EC 
 114      707C
 115 0136 73DD82FE 		.ascii	"s\335\202\376y\310?h\032\245\366\032{\230X\203\253\327"
 115      79C83F68 
 115      1AA5F61A 
 115      7B985883 
 115      ABD7
 116 0148 2A20CE61 		.ascii	"* \316a\263\205S\324o\005\225\310\251K\272\204\217_"
 116      B38553D4 
 116      6F0595C8 
 116      A94BBA84 
 116      8F5F
 117 015a F31A6669 		.ascii	"\363\032fi\271l\0327\333\026\026\357n\330\004\341\344"
 117      B96C1A37 
 117      DB1616EF 
 117      6ED804E1 
 117      E4
 118 016b 3B6262AC 		.ascii	";bb\254\306\025\023x\032\363\325\215\251\011\304\304"
ARM GAS  /tmp/ccWwCTmM.s 			page 9


 118      C6151378 
 118      1AF3D58D 
 118      A909C4C4 
 119 017b E36A126A 		.ascii	"\343j\022j\222\232\222R\223V7\243&\253&'&\321\002\325"
 119      929A9252 
 119      935637A3 
 119      26AB2627 
 119      26D102D5 
 120 018f A615DAE4 		.ascii	"\246\025\332\344F\273%\321^&\235\222\013\323 \332\307"
 120      46BB25D1 
 120      5E269D92 
 120      0BD320DA 
 120      C7
 121 01a0 4EE814C4 		.ascii	"N\350\024\304\231G\377xy\372TJ\311VEOn\221.\016\364"
 121      9947FF78 
 121      79FA544A 
 121      C956454F 
 121      6E912E0E 
 122 01b5 2FDC0974 		.ascii	"/\334\011tB\014\302yio\036\305Ge\2049\216\244\321C\014"
 122      420CC279 
 122      696F1EC5 
 122      47658439 
 122      8EA4D143 
 123 01ca B487AE1E 		.ascii	"\264\207\256\036\204\261\305\263\363\361\022\212\005"
 123      84B1C5B3 
 123      F3F1128A 
 123      05
 124 01d7 997F7244 		.ascii	"\231\177rD\226\011\337\241\004\222dY\235\\\370\365:"
 124      9609DFA1 
 124      04926459 
 124      9D5CF8F5 
 124      3A
 125 01e8 142D2668 		.ascii	"\024-&h\223h\253q\212\036\240\364\363\266\010@cV\277"
 125      9368AB71 
 125      8A1EA0F4 
 125      F3B60840 
 125      6356BF
 126 01fb 7DCC07E5 		.ascii	"}\314\007\345\364\261\022c\331\362L<\314\320C\323\270"
 126      F4B11263 
 126      D9F24C3C 
 126      CCD043D3 
 126      B8
 127 020c 7D623633 		.ascii	"}b63\212zA\230\313\000\322B\3242S\321\217\235:r%\335"
 127      8A7A4198 
 127      CB00D242 
 127      D43253D1 
 127      8F9D3A72 
 128 0222 75CCBC67 		.ascii	"u\314\274g\2272\370\036\243\250\204\023\275\200.m\361"
 128      9732F81E 
 128      A3A88413 
 128      BD802E6D 
 128      F1
 129 0233 F40A792F 		.ascii	"\364\012y/D\253\233K\025_)e\220\305\3055\015jZS\203"
 129      44AB9B4B 
 129      155F2965 
 129      90C5C535 
 129      0D6A5A53 
ARM GAS  /tmp/ccWwCTmM.s 			page 10


 130 0248 B1C73778 		.ascii	"\261\3077x)l\320\177LG\261\246\216\334s\277\324\357"
 130      296CD07F 
 130      4C47B1A6 
 130      8EDC73BF 
 130      D4EF
 131 025a 9176E43E 		.ascii	"\221v\344>D\311B*\345\352\321\251e\013\030\3248;\302"
 131      44C9422A 
 131      E5EAD1A9 
 131      650B18D4 
 131      383BC2
 132 026d 8E004E29 		.ascii	"\216\000N)`\263\3709\3536o\235\253sx\314\356\232\337"
 132      60B3F839 
 132      EB366F9D 
 132      AB7378CC 
 132      EE9ADF
 133 0280 A713AA46 		.ascii	"\247\023\252F\256\306\033pY*1\035\211\361\307O\347\307"
 133      AEC61B70 
 133      592A311D 
 133      89F1C74F 
 133      E7C7
 134 0292 03CDAF58 		.ascii	"\003\315\257X5r\270\"j\330m1#y5n\261\274\274\346#P\254"
 134      3572B822 
 134      6AD86D31 
 134      2379356E 
 134      B1BCBCE6 
 135 02a9 941F6CD5 		.ascii	"\224\037l\325sZ\345\240\312\255\024jo\375\370\272\264"
 135      735AE5A0 
 135      CAAD146A 
 135      6FFDF8BA 
 135      B4
 136 02ba 7F0257AD 		.ascii	"\177\002W\255\366P\355\257\205\332\017\211\256\026*"
 136      F650EDAF 
 136      85DA0F89 
 136      AE162A
 137 02c9 61D1E3CD 		.ascii	"a\321\343\315\350\311uN\366\207\325\311^\017\321?\032"
 137      E8C9754E 
 137      F687D5C9 
 137      5E0FD13F 
 137      1A
 138 02da 8CD05321 		.ascii	"\214\320S!\332'7f\212\366\260\005\310\341\206\235l\377"
 138      DA273766 
 138      8AF6B005 
 138      C8E1869D 
 138      6CFF
 139 02ec DF2B3969 		.ascii	"\337+9iK\"\365\037V\031\241\024\366\274\232\227\265"
 139      4B22F51F 
 139      5619A114 
 139      F6BC9A97 
 139      B5
 140 02fd E1A4C6DE 		.ascii	"\341\244\306\336_\311\333h\313\263\315\354s\353b\377"
 140      5FC9DB68 
 140      CBB3CDEC 
 140      73EB62FF 
 141 030d 246E5AF6 		.ascii	"$nZ\366\216\262\377\321\262\237\030\262H\315Co\265C"
 141      8EB2FFD1 
 141      B29F18B2 
 141      48CD436F 
ARM GAS  /tmp/ccWwCTmM.s 			page 11


 141      B543
 142 031f 5F832A7B 		.ascii	"_\203*{\347p+B\255\356?4\307\202Z*\350\322S\230\265"
 142      E7702B42 
 142      ADEE3F34 
 142      C7825A2A 
 142      E8D25398 
 143 0334 A82A0A6E 		.ascii	"\250*\012n\243K\210\322o(~\274\274\037\321\367G\337"
 143      A34B88D2 
 143      6F287EBC 
 143      BC1FD1F7 
 143      47DF
 144 0346 7E2CCBC5 		.ascii	"~,\313\305\366\355'z\246\2633/\277\327v\356~}go~\333"
 144      F6ED277A 
 144      A6B3332F 
 144      BFD776EE 
 144      7E7D676F 
 145 035c AE9EEE9E 		.ascii	"\256\236\356\236\227_\311\277\321\227\337\265\2757\337"
 145      975FC9BF 
 145      D197DFB5 
 145      BD37DF
 146 036b B77B87FE 		.ascii	"\267{\207\376\277\372\346\366\336\316\035\304\335o\367"
 146      BFFAE6F6 
 146      DECE1DC4 
 146      DD6FF7
 147 037a B9DD3D6F 		.ascii	"\271\335=o\365\341\235\177\000at\323\243"
 147      F5E19D7F 
 147      006174D3 
 147      A3
 148              		.text
 149              		.section	.gnu.lto_palSetBusMode.3a6db3612af33706,"e",%progbits
 150 0000 789C9553 		.ascii	"x\234\225S\317KTQ\024\276\347\235\367\336\274\371\325"
 150      CF4B5451 
 150      14BEE79D 
 150      F7DEBCF9 
 150      D5
 151 0011 9815046E 		.ascii	"\230\025\004n\\\004b\220c\213\026\355\002\027\355j\321"
 151      5C046290 
 151      638B16ED 
 151      0217ED6A 
 151      D1
 152 0022 1F106A82 		.ascii	"\037\020j\202\222e(\255\2753\2163\013E\203J\235\300"
 152      926528AD 
 152      BD338E33 
 152      0B45834A 
 152      9DC0
 153 0034 5E304DDA 		.ascii	"^0M\332\306\012\203H\035\23343u\31447\005\031\005Y\230"
 153      C60A8348 
 153      1D9B3433 
 153      75CC3437 
 153      05190559 
 154 0049 26648B10 		.ascii	"&d\213\020\321\316\271o\262\251\334xy\357\276{\316="
 154      D1CEB96F 
 154      B2A9DC78 
 154      79EFBE7B 
 154      CE3D
 155 005b E7BBDFF9 		.ascii	"\347\273\337\371\316}\226\000\321\241\013qL\010q\212"
 155      CE7D9600 
ARM GAS  /tmp/ccWwCTmM.s 			page 12


 155      D1A10B71 
 155      4C08718A 
 156 006b 5E300568 		.ascii	"^0\005hR\312\023\256\220\245i\372t\274\337\324\245\007"
 156      52CA13AE 
 156      90A569FA 
 156      74BCDFD4 
 156      A507
 157 007d FB1733C7 		.ascii	"\373\0273\307u\351\303m\217\221\365\350`d\243\015\000"
 157      75E9C36D 
 157      8F91F5E8 
 157      6064A30D 
 157      00
 158 008e B5921688 		.ascii	"\265\222\026\210F\015u\003\032\241\035;\021Fb\213\217"
 158      460D7503 
 158      1AA11D3B 
 158      1146628B 
 158      8F
 159 009f B5E21EDA 		.ascii	"\265\342\036\332\224\351\3169WT6\037\264Q\2108\275\316"
 159      94E9CE39 
 159      5754361F 
 159      B4518838 
 159      BDCE
 160 00b1 800128A6 		.ascii	"\200\001(\246\270\205p\367O_\033\332\010\240\223ym\362"
 160      B88570F7 
 160      4F5F1BDA 
 160      08A09379 
 160      6DF2
 161 00c3 E184874D 		.ascii	"\341\204\207M\015\012\311l\236\355\214\"\036\001A\353"
 161      0D0AC96C 
 161      9EED8C22 
 161      1E0141EB 
 162 00d3 A69B1DBD 		.ascii	"\246\233\035\275\336\242\244\224a\231\316\334Fy\310"
 162      DEA2A494 
 162      6199CEDC 
 162      4679C8
 163 00e2 46841420 		.ascii	"F\204\024 A\302\020\024\300 \024\010A>\202\036\206\""
 163      41C21014 
 163      C0201408 
 163      413E821E 
 163      8622
 164 00f4 4A58EB4F 		.ascii	"JX\353O^\365\342Q\225\334\275\336\323\356\312&o$U\262"
 164      5EF5E251 
 164      95DCBDDE 
 164      D3EECA26 
 164      6F2455B2 
 165 0108 0E4FFE4B 		.ascii	"\016O\376K&M \015E\202S>>\330\274\3567\365,ex\312\""
 165      264D200D 
 165      4582533E 
 165      3ED8BCEE 
 165      37F52C65 
 166 011f D13781E2 		.ascii	"\3217\201\342\336\234\221\226\233[1\231^\276\003\357"
 166      DE9C9196 
 166      9B5B3199 
 166      5EBE03EF 
 167 012f 4EE60365 		.ascii	"N\346\003e\032\032M&\362\244\323\3442\330g\262\351\342"
 167      1A1A4D26 
 167      F2A4D3E4 
ARM GAS  /tmp/ccWwCTmM.s 			page 13


 167      32D867B2 
 167      E9E2
 168 0141 C9A2C972 		.ascii	"\311\242\311r\323\344\366\360\256\227W~`\242y\340\234"
 168      D3E4F6F0 
 168      AE97577E 
 168      60A279E0 
 168      9C
 169 0152 D88282C5 		.ascii	"\330\202\202\305\322A\246\205hE\3151Bd,A\323p,\225\362"
 169      D241A685 
 169      6845CD31 
 169      42642C41 
 169      D3702C95 
 170 0167 31856E2A 		.ascii	"1\205n*\005\375\304\256\255iu\301b\241\020\004\214\020"
 170      05FDC4AE 
 170      AD6975C1 
 170      62A11004 
 170      8C10
 171 0179 FB25086F 		.ascii	"\373%\010o\304\300\211\321(L,Cs\241cr?\006\177\244\226"
 171      C4C089D1 
 171      284C2C43 
 171      73A16372 
 171      3F067FA4 
 172 018e DC110887 		.ascii	"\334\021\010\207\250\015\2368r%\243\020\001A\301\264"
 172      A80D9E38 
 172      7225A310 
 172      0141C1B4 
 173 019e 3BBEBA32 		.ascii	";\276\2722\017\214f\022\3323(\260\321+>A\344KY\026\200"
 173      0F8C6612 
 173      DA3328B0 
 173      D12B3E41 
 173      E44B5916 
 174 01b3 7DAA6BAD 		.ascii	"}\252k\255\2107\350\022 \023C:r\310\355Dp\357\322o\357"
 174      8837E812 
 174      2013433A 
 174      72C8ED44 
 174      70EFD26F 
 175 01c8 BFD99384 		.ascii	"\277\331\223\204D\210\230\027\332\350#\242\212\031\213"
 175      44889817 
 175      DAE823A2 
 175      8A198B
 176 01d7 D9F7A867 		.ascii	"\331\367\250g\306_\332'\257\250-?\214A\022\272\034a"
 176      C65FDA27 
 176      AFA82D3F 
 176      8C4112BA 
 176      1C61
 177 01e9 9F432997 		.ascii	"\237C)\2278\360\233\274\341\240%\344T\227\311\224\374"
 177      38F09BBC 
 177      E1A025E4 
 177      5497C994 
 177      FC
 178 01fa 1080F17F 		.ascii	"\020\200\361\177\012\344\260\234\002];\027\370\302)"
 178      0AE4B09C 
 178      025D3B17 
 178      F8C229
 179 0209 D0DCA122 		.ascii	"\320\334\241\"WNE\372\350\327\304\007\301\025\351\313"
 179      574E45FA 
 179      E8D7C407 
ARM GAS  /tmp/ccWwCTmM.s 			page 14


 179      C115E9CB 
 180 0219 105190EA 		.ascii	"\020Q\220\352\312\364f\266\024\240e\343\2368j\0048\301"
 180      CAF466B6 
 180      14A065E3 
 180      9E386A04 
 180      38C1
 181 022b 80B9E207 		.ascii	"\200\271\342\007\224\231{t \301U\221\363\275\374>\355"
 181      94997B74 
 181      20C15591 
 181      F3BDFC3E 
 181      ED
 182 023c 6135F26C 		.ascii	"a5\362l\314\203)\312\204\311\254\030k\237\307\206-\216"
 182      CC8329CA 
 182      84C9AC18 
 182      6B9FC786 
 182      2D8E
 183 024e EF526A04 		.ascii	"\357Rj\004 Cj8\027l\232\342l\334\253x\031\271W <tw\005"
 183      20436A38 
 183      176C9AE2 
 183      6CDCAB78 
 183      19B95720 
 184 0266 1DEED6AE 		.ascii	"\035\356\326\256\264\316\207\227Jk`\255g\224\326\333"
 184      B4CE8797 
 184      4A6B60AD 
 184      6794D6DB 
 185 0276 5D73EF0A 		.ascii	"]s\357\012i\037\274RH\032#\315\376\215\344\331e\377"
 185      691FBC52 
 185      481A23CD 
 185      FE8DE4D9 
 185      65FF
 186 0288 E7FEF4FF 		.ascii	"\347\376\364\377\265\323\377\365h\266\267^\342E\200"
 186      B5D3FFF5 
 186      68B6B75E 
 186      E24580
 187 0297 D4DEE88E 		.ascii	"\324\336\350\216\275\330\037W\377\370\274\323\\K%\220"
 187      BDD81F57 
 187      FFF8BCD3 
 187      5C4B2590 
 188 02a7 C607C437 		.ascii	"\306\007\3047\010\337\032lw\204\344\321\202\260E\003"
 188      08DF1A6C 
 188      7784E4D1 
 188      82B04503 
 189 02b7 D51F25C4 		.ascii	"\325\037%\304\341\222\222 =\347\253\352/V\325\006\313"
 189      E1929220 
 189      3DE7ABEA 
 189      2F56D506 
 189      CB
 190 02c8 AA6B2A6A 		.ascii	"\252k*jN\237\011\3265\004\253\313k\203\015\365\225\374"
 190      4E9F09D6 
 190      3504ABCB 
 190      6B830DF5 
 190      95FC
 191 02da 3D7BA9BC 		.ascii	"={\251\274\266\244R`\305\345\006\375B\335\271\252_\233"
 191      B6A45260 
 191      C5E506FD 
 191      42DDB9AA 
 191      5F9B
ARM GAS  /tmp/ccWwCTmM.s 			page 15


 192 02ec 517E76   		.ascii	"Q~v"
 193              		.text
 194              		.section	.gnu.lto_palSetPadCallbackI.3a6db3612af33706,"e",%progbits
 195 0000 789C8591 		.ascii	"x\234\205\221\317O\023Q\020\307\347\273o\273]\012h\342"
 195      CF4F1351 
 195      10C7E7BB 
 195      6FBB5D0A 
 195      68E2
 196 0012 C984683C 		.ascii	"\311\204h<\2304\230\320\222\036LL<\230x1^<\370\007\230"
 196      983498D0 
 196      921E4C4C 
 196      3C987831 
 196      5E3CF807 
 197 0027 5289101B 		.ascii	"R\211\020\033i\212w^K\001M\015\\V@\223f1\224\312\301"
 197      698A775E 
 197      4B014D0D 
 197      5C564093 
 197      663194CA 
 198 003c A0460E2A 		.ascii	"\240F\016**kA\260\245\"r\360\240\011\007Q\014\342\217"
 198      2A6B41B0 
 198      A52272F0 
 198      A0090751 
 198      0CE28F
 199 004f C478D083 		.ascii	"\304x\320\203\324y\333\032cz\340e_\366\315\233\371\314"
 199      D479DB1A 
 199      637AE065 
 199      5FF6CD9B 
 199      F9CC
 200 0061 7CF7BB26 		.ascii	"|\367\273&\201\212\032\321Q\"\332\307\033\202\240I)"
 200      818A1AD1 
 200      5122DAC7 
 200      1B82A049 
 200      29
 201 0072 8F7913A6 		.ascii	"\217y\023\246\006\270'i\202z4\364`H\214\010\344\007"
 201      06B82769 
 201      827A34F4 
 201      60488C08 
 201      E407
 202 0084 361E68CD 		.ascii	"6\036h\31579#\235\221a_\277\354\333k\013\242k\274+\013"
 202      3739239D 
 202      91615FBF 
 202      ECDB6B0B 
 202      A26BBC2B 
 203 0099 0FD1CC75 		.ascii	"\017\321\314uk\311\314\317\206Aa\013@\347\320*N\027"
 203      6BC9CCCF 
 203      8641610B 
 203      40E7D02A 
 203      4E17
 204 00ab 7C2AD470 		.ascii	"|*\324p\200\303\271\345\362}\237h\001\361yk*\367}\227"
 204      80C3B9E5 
 204      F27D9F68 
 204      01F1796B 
 204      2AF77D97 
 205 00bf 7F42CAA4 		.ascii	"\177B\312\244t\336g\205<h\013\201\307\020\334\022\217"
 205      74DE6785 
 205      3C680B81 
 205      C710DC12 
ARM GAS  /tmp/ccWwCTmM.s 			page 16


 205      8F
 206 00d0 D0841934 		.ascii	"\320\204\0314\021\361\035\267~\002\277\352\365ei\217"
 206      11F11DB7 
 206      7E02BFEA 
 206      F565698F 
 207 00e0 08B9ECEF 		.ascii	"\010\271\354\357\351\227\213\365\177\331\234\313\352"
 207      E9978BF5 
 207      7FD99CCB 
 207      EA
 208 00ed 98AD6175 		.ascii	"\230\255auf\035\227\315\257\\\036\336-\016\273p\366"
 208      661D97CD 
 208      AF5C1EDE 
 208      2D0EBB70 
 208      F6
 209 00fe CDAD7463 		.ascii	"\315\255tc\025\336\230\334\237\355\225'l\341\301\323"
 209      15DE98DC 
 209      9FED9527 
 209      6CE1C1D3 
 210 010e 1ADCC378 		.ascii	"\032\334\303x\336\305\267d\232\225\035q\361\222\225"
 210      DEC5B764 
 210      9A951D71 
 210      F19295
 211 011d DA44152F 		.ascii	"\332D\025/Uf\033\230\253\201\015\206\347\341'\205\274"
 211      55661B98 
 211      AB810D86 
 211      E7E12785 
 211      BC
 212 012e BBBB7DB5 		.ascii	"\273\273}\265\321\320\253n\341\031\014\366\237\350\366"
 212      D1D0AB6E 
 212      E1190CF6 
 212      9FE8F6
 213 013d AAC791DB 		.ascii	"\252\307\221\333\345\001\351\374\310\341\336I/\240\324"
 213      E501E9FC 
 213      C8E1DE49 
 213      2FA0D4
 214 014c B2733CD4 		.ascii	"\262s<\324\203\012\235\026\244<\327!\035\242+B\253\004"
 214      830A9D16 
 214      A43CD721 
 214      1DA22B42 
 214      AB04
 215 015e 090E3E21 		.ascii	"\011\016>!y}s\350\203\241\332\361\214\301\336ok\246"
 215      797D73E8 
 215      83A1DAF1 
 215      8CC1DE6F 
 215      6BA6
 216 0170 72DAEBAA 		.ascii	"r\332\353\252\314L\226\312u)$\023\246-\314q5\227/_\277"
 216      CC4C96CA 
 216      75292413 
 216      A62DCC71 
 216      35972F5F 
 217 0185 5D58C104 		.ascii	"]X\301\004\306a\213:,\"\005,(\261\234\371\265\372j\276"
 217      C6618B3A 
 217      2C22052C 
 217      28B19CF9 
 217      B5FA6ABE 
 218 0199 21744775 		.ascii	"!tGu\037\233\261Zl\341\303s\256\314\010\245S\025\\\372"
 218      1F9BB15A 
ARM GAS  /tmp/ccWwCTmM.s 			page 17


 218      6CE1C373 
 218      AECC08A5 
 218      53155CFA 
 219 01ad 2C73DED6 		.ascii	",s\336\326)\267`\3262\224a\005\204F+\037TDk\206\177"
 219      29B760D6 
 219      32946105 
 219      84462B1F 
 219      54446B86 
 220 01c2 94AB68B4 		.ascii	"\224\253h\264\317[U\264\263\204\245\035$\224\376\223"
 220      CF5B55B4 
 220      B384A51D 
 220      2494FE93 
 221 01d2 D09FBA51 		.ascii	"\320\237\272Q\250\257JXW\022\014\274P\022T\036\313J"
 221      A8AF4A58 
 221      57120CBC 
 221      5012541E 
 221      CB4A
 222 01e4 8287BE22 		.ascii	"\202\207\276\"9\366\321\202k\261Zi\201\177\366\021\035"
 222      39F6D182 
 222      6BB15A69 
 222      817FF611 
 222      1D
 223 01f5 0A0482FC 		.ascii	"\012\004\202\374\234o\217_h\217\006\217wt\266u\236:"
 223      9C6F8F5F 
 223      688F068F 
 223      7774B675 
 223      9E3A
 224 0207 1DECEA0E 		.ascii	"\035\354\352\016v\204\243\301\356xD\275\317\304\302"
 224      7684A3C1 
 224      EE7844BD 
 224      CFC4C2
 225 0216 D14084F4 		.ascii	"\321@\204\364XW\374\242\210\205\317j\2216\021\216\237"
 225      5857FCA2 
 225      8885CF6A 
 225      9136118E 
 225      9F
 226 0227 FB03E6E7 		.ascii	"\373\003\346\347\367#"
 226      F723
 227              		.text
 228              		.section	.gnu.lto_palSetLineCallbackI.3a6db3612af33706,"e",%progbits
 229 0000 789C8592 		.ascii	"x\234\205\222]K\024a\024\307\317\177\316\354\354\254"
 229      5D4B1461 
 229      14C7CF7F 
 229      CEECECAC 
 230 0010 29DE0A12 		.ascii	")\336\012\022t\021,\006\356\312B\320e\320\007\350\242"
 230      74112C06 
 230      EECA42D0 
 230      65D007E8 
 230      A2
 231 0021 0F10EBB2 		.ascii	"\017\020\353\262\244\264X\254\037\300g\327u-6\364\""
 231      A4B458AC 
 231      1FC067D7 
 231      752D36F4 
 231      22
 232 0032 57CB58C6 		.ascii	"W\313X\306\360\245.B\015\274\360\245r2\263\32660\243"
 232      F0A52E42 
 232      0DBCF0A5 
ARM GAS  /tmp/ccWwCTmM.s 			page 18


 232      7232B3D6 
 232      3630A3
 233 0045 880A2F7A 		.ascii	"\210\012/zE{\203\350\242\"\264\363\314,Dx\3410\017\363"
 233      457B83E8 
 233      A222B4F3 
 233      CC2C4478 
 233      E1300FF3 
 234 0059 9CE79CFF 		.ascii	"\234\347\234\377y~\347\317\330\004\2323\210\216\020"
 234      797EE7CF 
 234      D8049A33 
 234      888E10
 235 0068 D17E5960 		.ascii	"\321~Y`\202\241\224:\032\314\330\006\340\355\224\015"
 235      82A1943A 
 235      1ACCD806 
 235      E0ED940D 
 236 0078 EA32D085 		.ascii	"\3522\320\205~\036b,\365~\2303\232\256IF\271C/j\362"
 236      7E1E622C 
 236      F57E9833 
 236      9AAE4946 
 236      B9432F6A 
 237 008d AAA7C161 		.ascii	"\252\247\301a\242\313\262\374\007\363h\222\272\215l"
 237      A2CBB2FC 
 237      07F36892 
 237      BA8D6C
 238 009c E9676D1F 		.ascii	"\351gm\037;\014\230\022\016\254\316\224kth\340\200\204"
 238      3B0C9812 
 238      0EACCE94 
 238      6B7468E0 
 238      8084
 239 00ae 57B6BFE7 		.ascii	"W\266\277\347\301\315 \331\217\315\376~g\207\307\225"
 239      C1CD20D9 
 239      8FCDFE7E 
 239      6787C795 
 240 00be CA2AF7F5 		.ascii	"\312*\367\365\030\253\203\0163n\203\245%n\241\021\013"
 240      18AB830E 
 240      336E83A5 
 240      256EA111 
 240      0B
 241 00cf 68249233 		.ascii	"h$\2223i}\007a\215\260v~\260\236c\276\370\345\215B]"
 241      697D0761 
 241      8DB0767E 
 241      B09E63BE 
 241      F8E58D42 
 242 00e4 55FC67C2 		.ascii	"U\374g\302\023\233X\334%6E\354z\342O\252 \275\017{\342"
 242      139B58DC 
 242      253645EC 
 242      7AE24FAA 
 242      20BD0F7B 
 243 00f9 CA406E13 		.ascii	"\312@n\023Uq\245aX\271\246\303\001\334\335\245\016\210"
 243      5571A561 
 243      58B9A6C3 
 243      01DCDDA5 
 243      0E88
 244 010b 7A0961D2 		.ascii	"z\011a\322\23277\267\213u\226Y\035\030\367`\211\205"
 244      9A3737B7 
 244      8B759659 
 244      1D18F760 
ARM GAS  /tmp/ccWwCTmM.s 			page 19


 244      8985
 245 011d 4453EB01 		.ascii	"DS\353\001Wm\357\364*\367G\303\374dH,s\330\022\007\205"
 245      576DEFF4 
 245      2AF747C3 
 245      FC64482C 
 245      73D81207 
 246 0132 D884BEDA 		.ascii	"\330\204\276\332\202\337\242\300\244\2753\241\\\242"
 246      82DFA2C0 
 246      A4BD33A1 
 246      5CA2
 247 0140 0B6CF841 		.ascii	"\013l\370AF\202-t\017\366~y6\003\335\264\304(\261!\367"
 247      46822D74 
 247      0FF67E79 
 247      3603DDB4 
 247      C428B121 
 248 0155 B9D3179F 		.ascii	"\271\323\027\237\006\265q\026\352\261,<[\310\016oN\275"
 248      06B57116 
 248      EAB12C3C 
 248      5BC80E6F 
 248      4EBD
 249 0167 B77495E4 		.ascii	"\267t\225\344\373\272\277m\330:\037\364F*]\257\354\204"
 249      FBBABF6D 
 249      D83A1FF4 
 249      462A5DAF 
 249      EC84
 250 0179 72C8666C 		.ascii	"r\310fl\207\355Q\315(\207\317_\255\254a\034\243p8\204"
 250      87ED51CD 
 250      2887CF5F 
 250      ADAC611C 
 250      A3703884 
 251 018d 15E480FB 		.ascii	"\025\344\200\373z0\311\374Z\177\262\\\033\233\326\020"
 251      7A30C9FC 
 251      5A7FB25C 
 251      1B9BD610 
 252 019d 230BC566 		.ascii	"#\013\305f\207k\360@*\345v\362\245\347>\253\211`\313"
 252      876BF040 
 252      2AE576F2 
 252      A5E73EAB 
 252      8960CB
 253 01b0 A457B058 		.ascii	"\244W\260X\264\264\273\017\021\273\344\017_FKI\254\365"
 253      B4B4BB0F 
 253      11BBE40F 
 253      5F464B49 
 253      ACF5
 254 01c2 88667B82 		.ascii	"\210f{\202U\242\275\021V\367@x\364\037B>w\265\274\257"
 254      55A2BD11 
 254      56F74078 
 254      F41F423E 
 254      77B5BCAF 
 255 01d6 8AF05623 		.ascii	"\212\360V#\004P\321\010:\217\307\032\301\242\257\310"
 255      0450D108 
 255      3A8FC71A 
 255      C1A2AFC8 
 256 01e6 8E7C2C7A 		.ascii	"\216|,z\316y?a\201\361\317e\242C\221HT\336\323\311t"
 256      CE793F61 
 256      81F1CF65 
 256      A2439148 
ARM GAS  /tmp/ccWwCTmM.s 			page 20


 256      54DED3C9 
 257 01fb 4732153D 		.ascii	"G2\025=\326\326\336\332~\374D\364Lg\264-\236\212v\246"
 257      D6D6DEDA 
 257      7EFC44F4 
 257      4C67B42D 
 257      9E8A76A6 
 258 020f 13FA7BF2 		.ascii	"\023\372{\362l<\025I\220\231j\357H\032\211V\216\247"
 258      6C3C1549 
 258      90996AEF 
 258      481A8956 
 258      8EA7
 259 0221 4FFD0541 		.ascii	"O\375\005A\252\360I"
 259      AAF049
 260              		.text
 261              		.section	.gnu.lto_.symbol_nodes.3a6db3612af33706,"e",%progbits
 262 0000 789C75CE 		.ascii	"x\234u\316\273\015\302P\014\205\341s\354\233\204\307"
 262      BB0DC250 
 262      0C85E173 
 262      EC9B84C7 
 263 0010 10202681 		.ascii	"\020 &\201]`\016\247`\000jZF\240\243\205\022\261\003"
 263      5D600EA7 
 263      60006A5A 
 263      46A0A385 
 263      12B103
 264 0023 12424078 		.ascii	"\022B@x3\000\334pQB\221\270\262\364\375\222\335\000"
 264      3300DC70 
 264      514291B8 
 264      B2F4FD92 
 264      DD00
 265 0035 31220039 		.ascii	"1\"\0009\320\220\372q\234l\000\003\026\351\000\271 "
 265      D090FA71 
 265      9C6C0003 
 265      16E900B9 
 265      20
 266 0046 BA11690F 		.ascii	"\272\021i\017P9\322X\323\334\311\320\234hR\323<(\241"
 266      5039D258 
 266      D3DCC9D0 
 266      9C6852D3 
 266      3C28A1
 267 0059 C9685AD3 		.ascii	"\311hZ\323\274\250\335\374\2353\315U'\274\322\242\367"
 267      BCA8DDFC 
 267      9D33CD55 
 267      27BCD2A2 
 267      F7
 268 006a 6F3A5F86 		.ascii	"o:_\206\377\274\357\345B\213\253\345IK*E\321\012g\206"
 268      FFBCEFE5 
 268      428BABE5 
 268      494B2A45 
 268      D10A6786 
 269 007e 7E9BCEF7 		.ascii	"~\233\316\367k\3458V4\227\331l\013\256b\225\302\245"
 269      6BE53856 
 269      3497D96C 
 269      0BAE6295 
 269      C2A5
 270 0090 7429DD15 		.ascii	"t)\335\025\356Jw\177\336\016\276K\360\001\355bn?"
 270      EE4A777F 
 270      DE0EBE4B 
ARM GAS  /tmp/ccWwCTmM.s 			page 21


 270      F001ED62 
 270      6E3F
 271              		.text
 272              		.section	.gnu.lto_.refs.3a6db3612af33706,"e",%progbits
 273 0000 789C0DC4 		.ascii	"x\234\015\304\301\021\000 \010\003\301\\Pa\250\202\376"
 273      C1110020 
 273      0803C15C 
 273      5061A882 
 273      FE
 274 0011 AB947D6C 		.ascii	"\253\224}l\011\215\264\233\306\216\346\370\266\037\011"
 274      098DB49B 
 274      C68EE6F8 
 274      B61F09
 275 0020 69D74686 		.ascii	"i\327F\206>\015\014\000\232"
 275      3E0D0C00 
 275      9A
 276              		.text
 277              		.section	.gnu.lto_.decls.3a6db3612af33706,"e",%progbits
 278 0000 789C9558 		.ascii	"x\234\225X{PT\327\031\277\347\236\005\226e\027\0345"
 278      7B5054D7 
 278      19BFE79E 
 278      05966517 
 278      1C35
 279 0012 D1193219 		.ascii	"\321\0312\031M\311\330d\242D\315$\261\323&\255\246M"
 279      4DC9D864 
 279      A244CD24 
 279      B1D326AD 
 279      A64D
 280 0024 9C9A98C1 		.ascii	"\234\232\230\301t:\231\266\263Y\227Eh\026\326\302\222"
 280      743A99B6 
 280      B3599745 
 280      6816D6C2 
 280      92
 281 0035 9ABF7A79 		.ascii	"\232\277zy\210\210\304\200O\020\025P@\011\"\030\025"
 281      8888C480 
 281      4F101550 
 281      40092218 
 281      15
 282 0046 137983F8 		.ascii	"\023y\203\370@\220\227\010. \017\005|\241\210\212\200"
 282      40909708 
 282      2E200F05 
 282      7CA1888A 
 282      80
 283 0057 12FA9D73 		.ascii	"\022\372\235s\356\335\275\273\354Z\273\372q\3579\347"
 283      EEDDBDBB 
 283      EC5ABBFA 
 283      71EF39E7 
 284 0067 F77DDFEF 		.ascii	"\367}\337\357\373\316\373*9\304\375n\016\307)0\223)"
 284      FBCEFB2A 
 284      39C4FD6E 
 284      0EC72930 
 284      9329
 285 0079 F8B9731C 		.ascii	"\370\271s\034\327\004\242\002i\007\271\001B\352\252"
 285      D704A202 
 285      6907B901 
 285      42EAAA
 286 0088 4106407E 		.ascii	"A\006@~\001\0015\316\003d\035\274z\"\216\376\224 3\341"
ARM GAS  /tmp/ccWwCTmM.s 			page 22


 286      010135CE 
 286      03641DBC 
 286      7A228EFE 
 286      942033E1 
 287 009c 7D0EC82B 		.ascii	"}\016\310+ \277\002y\003d\021\3102\220\017A\024\200"
 287      20BF0279 
 287      036411C8 
 287      32900F41 
 287      1480
 288 00ae 5909CFD5 		.ascii	"Y\011\317\325 \001 :QW\372\275\316s\334\313\304\016"
 288      2001203A 
 288      5157FABD 
 288      CE73DCCB 
 288      C40E
 289 00c0 C86CD127 		.ascii	"\310l\321'\341\240G\214\303\227 \223 \013@\202\240\356"
 289      E1A0478C 
 289      C3972093 
 289      200B4082 
 289      A0EE
 290 00d2 7D903678 		.ascii	"}\2206x_\007\317`\220\020\220?\202,\004\371'\310\327"
 290      5F07CF60 
 290      9010903F 
 290      822C04F9 
 290      27C8D7
 291 00e5 20CFA0FD 		.ascii	" \317\240\375\016\210Q\364\177\031\244\005d\034\244"
 291      0E8851F4 
 291      7F19A405 
 291      641CA4
 292 00f4 15048BBC 		.ascii	"\025\004\213\274\227\211\\\221\310Q\376\363\007^s\341"
 292      97895C91 
 292      C851FEF3 
 292      075E73E1 
 293 0104 192CE3D6 		.ascii	"\031,\343\326.\362\013E\366\374\026\210\034\235\361"
 293      2EF20B45 
 293      F6FC1688 
 293      1C9DF1
 294 0113 0B035925 		.ascii	"\013\003Y%\3623:\341(\361k\0259>\021\371\315q\340\267"
 294      F2333AE1 
 294      28F16B15 
 294      393E11F9 
 294      CD71E0B7 
 295 0127 DA81DF32 		.ascii	"\332\201\33721o\216\374\006\376\217\334\221~\276\316"
 295      316F8EFC 
 295      06FE8FDC 
 295      917EBECE 
 296 0137 D97247F8 		.ascii	"\331rG\370\231@>@\214\203\224\267V\221\347+2N\037\212"
 296      99403E40 
 296      8C8394B7 
 296      5691E72B 
 296      324E1F8A 
 297 014b BC021C78 		.ascii	"\274\002\034x}\014\274\274\034x9\216\237\365\360\374"
 297      7D0CBCBC 
 297      1C78398E 
 297      9FF5F0FC 
 298 015b 17C85720 		.ascii	"\027\310W Z\020P\341\376\016\317\177\2106\177%>\035"
 298      5A1050E1 
 298      FE0ECF7F 
ARM GAS  /tmp/ccWwCTmM.s 			page 23


 298      88367F25 
 298      3E1D
 299 016d C7CA1A27 		.ascii	"\307\312\032'\266=ev\027\274\200\3557\\\330\336\215"
 299      B63D6576 
 299      17BC80ED 
 299      375CD8DE 
 299      8D
 300 017e D1B5E87D 		.ascii	"\321\265\350}c\352\255\030\315T!\005\024w\324\236\270"
 300      63EAAD18 
 300      CD542105 
 300      1477D49E 
 300      B8
 301 018f A082E26C 		.ascii	"\240\202\342l\025\232\007\305\362\251]\345\012\326\252"
 301      159A07C5 
 301      F2A95DE5 
 301      0AD6AA
 302 019e 84E2544E 		.ascii	"\204\342TN\341f%\346\021Q,\211\233,\363\200\246\005"
 302      E16625E6 
 302      11512C89 
 302      9B2CF380 
 302      A605
 303 01b0 2A44A693 		.ascii	"*D\246\223\017T\235\273?t\031\261*\2028\3367t^\215="
 303      0F549DBB 
 303      3F7419B1 
 303      2A8238DE 
 303      37745E8D 
 304 01c5 E8FBDD93 		.ascii	"\350\373\335\223}&\377|\201\375\224!\034\252@\330F\""
 304      7D26FF7C 
 304      81FD9421 
 304      1CAA40D8 
 304      4622
 305 01d7 F6CC68B2 		.ascii	"\366\314h\262\006\377\206\"3\353\2726\372\250\342\005"
 305      06FF8622 
 305      33EBBA36 
 305      FAA8E205 
 306 01e7 215AC888 		.ascii	"!Z\310\210\021<?\341P1\362E\247\221/\207\252\020\265"
 306      113C3FE1 
 306      5031F245 
 306      A7912F87 
 306      AA10B5
 307 01fa 5D89FC51 		.ascii	"]\211\374Q9\324\225A\035(\264>\030\331\345\215?\246"
 307      39D49541 
 307      1D28B43E 
 307      18D9E58D 
 307      3FA6
 308 020c CA1D1B8F 		.ascii	"\312\035\033\217mE\263\222E?\002b\361\242\0324\213h"
 308      6D45B392 
 308      453F0262 
 308      F1A21A34 
 308      8B68
 309 021e 89DEAE3F 		.ascii	"\211\336\256?\031<\345\203?\243\012\373\013\317\214"
 309      193CE583 
 309      3FA30AFB 
 309      0BCF8C
 310 022d 7B392AA0 		.ascii	"{9*\240\263\340\310^'k4?\225W'XY\241s\320,\021\343\320"
 310      B3E0C85E 
 310      276B343F 
ARM GAS  /tmp/ccWwCTmM.s 			page 24


 310      95572758 
 310      59A173D0 
 311 0245 79A466B8 		.ascii	"y\244f\270S\233S\0065\370o\324vA\363\323N\227:\350\002"
 311      539B5306 
 311      35F86FD4 
 311      7641F3D3 
 311      4E973AE8 
 312 025a F8B0AAE5 		.ascii	"\370\260\252\345>\336\232\246byVC\361t\353\305\003\336"
 312      3EDE9AA6 
 312      62795643 
 312      F174EBC5 
 312      03DE
 313 026c AC177A48 		.ascii	"\254\027zH\363\243\355\226no\034d\227\367/\247\347\375"
 313      F3A3ED96 
 313      6E6F1C64 
 313      97F72FA7 
 313      E7FD
 314 027e 4B96F7BB 		.ascii	"K\226\367\273\215\015-\010\207\322\367\3243\273\233"
 314      8D0D2D08 
 314      87D2F7D4 
 314      33BB9B
 315 028d 54CEB3D9 		.ascii	"T\316\263\331\210\250\006\311f\003\324]\242\331T\244"
 315      88A806C9 
 315      6603D45D 
 315      A2D954A4 
 316 029d 24170EA9 		.ascii	"$\027\016\251\321,???\232\224$\222\024\005\207\352\000"
 316      D12C3F3F 
 316      3F9A9424 
 316      92140587 
 316      EA00
 317 02af 719186DA 		.ascii	"q\221\206\332\314\362\202Z\220\037j\005\271\214\374"
 317      CCF2825A 
 317      901F6A05 
 317      B98CFC
 318 02be 488E0E10 		.ascii	"H\216\016\020\027\025m\351o\025\214\334\024\204msQ-"
 318      17156DE9 
 318      6F158CDC 
 318      14846D73 
 318      512D
 319 02d0 52A333E0 		.ascii	"R\2433\340\242\331.Q\376\344\317b_\011\177\373\375="
 319      A2D92E51 
 319      FEE4CF62 
 319      5F097FFB 
 319      FD3D
 320 02e2 4245AC3B 		.ascii	"BE\254;jB*T?\015\\\202\354\321\265\"\272\032\320\245"
 320      6A422A54 
 320      3F0D5C82 
 320      ECD1B522 
 320      BA1AD0A5 
 321 02f6 CE4D1793 		.ascii	"\316M\027\223W\210{<\367\341#\214s\021MB^\\i\274r\226"
 321      57887B3C 
 321      F7E1238C 
 321      73114D42 
 321      5E5C69BC 
 322 030c 184FAC5D 		.ascii	"\030O\254]<\350\212h\307IH\240\271w\254\367\276\233"
 322      3CE88A68 
 322      C74948A0 
ARM GAS  /tmp/ccWwCTmM.s 			page 25


 322      B977ACF7 
 322      BE9B
 323 031e BC0BDBEC 		.ascii	"\274\013\333\354\\\266\323\376#\017\322\365gof\2133"
 323      5CB6D3FE 
 323      230FD2F5 
 323      676F668B 
 323      33
 324 032f 4903C5F3 		.ascii	"I\003\305\363\351\365\247\275I\346\005Q\025\352m\232"
 324      E9F5A7BD 
 324      49E60551 
 324      15EA6D9A 
 325 033f 16A4228C 		.ascii	"\026\244\"\214\321U6\206\2133\343\252\335\231\2567\024"
 325      D1553686 
 325      8B33E3AA 
 325      DD99AE37 
 325      14
 326 0350 7F4C1C18 		.ascii	"\177L\034\030Q\263\376\037\246C|\254tB\215\013h48*a"
 326      51B3FE1F 
 326      A6437CAC 
 326      74428D0B 
 326      6834382A 
 327 0365 E22A462A 		.ascii	"\342*F*_\004\306\020\355Y\341\240\200\347rh\251/z\033"
 327      5F04C610 
 327      ED59E1A0 
 327      80E77268 
 327      A92F7A1B 
 328 0379 22EA8288 		.ascii	"\"\352\202\210\256\021\363\335\000\350\001\373\251\202"
 328      AE11F3DD 
 328      00E801FB 
 328      A982
 329 0387 9256A40A 		.ascii	"\222V\244\012\200\036\376\017}\007\243\226\323O\352"
 329      801EFE0F 
 329      7D07A396 
 329      D34FEA
 330 0396 F1CC24B1 		.ascii	"\361\314$\261\227\177\217H=\352\004\235\016\312\260"
 330      977F8F48 
 330      3DEA049D 
 330      0ECAB0
 331 03a5 17CD6434 		.ascii	"\027\315d4i\"\342o<.\365R\211\336b\237\347\015\300\225"
 331      6922E26F 
 331      3C2EF552 
 331      89DE629F 
 331      E70DC095 
 332 03b9 17EA2DBC 		.ascii	"\027\352-\274\334r\337s,g\247\247^\302\362\024_G3e\211"
 332      DC72DF73 
 332      2C67A7A7 
 332      5EC2F214 
 332      5F473365 
 333 03ce BAC1527C 		.ascii	"\272\301R|\203\246\370\207\372\334g\012|\202\365\352"
 333      83A6F887 
 333      FADC670A 
 333      7C82F5EA 
 334 03de 685CC398 		.ascii	"h\\\303\230\207\363\241\335?}\241@\003H\005J\371E\211"
 334      87F3A1DD 
 334      3F7DA140 
 334      0348054A 
 334      F94589
ARM GAS  /tmp/ccWwCTmM.s 			page 26


 335 03f1 691E2CD1 		.ascii	"i\036,\321s\311b\323\332\030\215Xq\006\311\373\225\303"
 335      73C962D3 
 335      DA188D58 
 335      7106C9FB 
 335      95C3
 336 0403 C54A5CCA 		.ascii	"\305J\\\312\354\347f%\037p\307\225\254p\341Y\31595q"
 336      ECE76625 
 336      1F70C795 
 336      AC70E159 
 336      CD393571 
 337 0417 1633CDD9 		.ascii	"\0263\315\331m\247\253\322w;\252\252\024\270\226i\307"
 337      6DA7ABD2 
 337      773BAAAA 
 337      14B89669 
 337      C7
 338 0428 56B79E54 		.ascii	"V\267\236T\343\006V\350\277X\020\255\304-\2540\220\227"
 338      E30656E8 
 338      BF5810AD 
 338      C42DAC30 
 338      9097
 339 043a 78D71BB7 		.ascii	"x\327\033\267\211\343t[S6\306\035\2540\030W\367\213"
 339      89E3745B 
 339      5336C61D 
 339      AC301857 
 339      F78B
 340 044c C8F41528 		.ascii	"\310\364\025(\326=\253,\023\207D\017\"\201\214u\027"
 340      D63DAB2C 
 340      1387440F 
 340      22818C75 
 340      17
 341 045d B9E16E8A 		.ascii	"\271\341n\212U\236I:R\247B~~d\332\372\371\035\020bc"
 341      559E493A 
 341      52A7427E 
 341      7E64DAFA 
 341      F91D1062 
 342 0472 848AC192 		.ascii	"\204\212\301\222y7\233\331T\274\003\351\177\010,G\355"
 342      79379BD9 
 342      54BC03E9 
 342      7F082C47 
 342      ED
 343 0483 06EFA06C 		.ascii	"\006\357\240lv\021\005\213\226\315.\202\276?\015m\233"
 343      7611058B 
 343      96CD2E82 
 343      BE3F0D6D 
 343      9B
 344 0494 5D76EBC2 		.ascii	"]v\353\302\010\000\036P\300\2508\211&`\002=\006\031"
 344      08001E50 
 344      C0A83889 
 344      2660023D 
 344      0619
 345 04a6 07790AF2 		.ascii	"\007y\012\362\004d\014\344\221\264N\020_#2_w\247\371"
 345      04640CE4 
 345      91B44E10 
 345      5F23325F 
 345      77A7F9
 346 04b9 BAE9C06C 		.ascii	"\272\351\300lB\206\276\345\002M\2511x\237\014~o\032"
 346      4286BEE5 
ARM GAS  /tmp/ccWwCTmM.s 			page 27


 346      024DA931 
 346      789F0C7E 
 346      6F1A
 347 04cb BCC4C178 		.ascii	"\274\304\301x\263\014=\354<l\033\370\266\014<\344\302"
 347      B30C3DEC 
 347      3C6C1BF8 
 347      B60C3CE4 
 347      C2
 348 04dc B4B404B5 		.ascii	"\264\264\004\265W\014&\363\263\234f\213n0/\2300\260"
 348      570C26F3 
 348      B39C668B 
 348      6E302F98 
 348      30B0
 349 04ee 7463D4D2 		.ascii	"tc\324\322\345)\237\"\317\354\334N\302JKw*2\354\356"
 349      E5299F22 
 349      CFECDC4E 
 349      C24A4B77 
 349      2A32ECEE 
 350 0502 8C472157 		.ascii	"\214G!WP\272\347X\321\350\027:\247\272.\035\376\014"
 350      50BAE758 
 350      D1E8173A 
 350      A7BA2E1D 
 350      FE0C
 351 0514 1F647BFA 		.ascii	"\037d{\372\346\035G\177\353|FM9\231Q\002Of\324\321#"
 351      E61D477F 
 351      EB7C464D 
 351      39995102 
 351      4F66D4D1 
 352 0529 4F0B550A 		.ascii	"O\013U\0128q\240uj\024\251 f\342j\222\2125l\350\362"
 352      3871A075 
 352      6A14A920 
 352      66E26A92 
 352      8A356CE8 
 353 053e B249369B 		.ascii	"\262I6\233M\262\346\352\363\371>sv\322\274\304\0103"
 353      4DB2E6EA 
 353      F3F93E73 
 353      76D2BCC4 
 353      0833
 354 0550 7814FC32 		.ascii	"x\024\3742\212\341}Q4O\202\211\345\347p(\212W\260\310"
 354      8AE17D51 
 354      344F8289 
 354      E5E77028 
 354      8A57B0C8 
 355 0564 AB2E1F1D 		.ascii	"\253.\037\035\365\222\207\003\315\262\3107\362\266\310"
 355      F5928703 
 355      CDB2C837 
 355      F2B6C8
 356 0573 8FA5ED3B 		.ascii	"\217\245\355;\254\301\371,\220\253?\346'\370\270\322"
 356      ACC1F92C 
 356      90AB3FE6 
 356      27F8B8D2 
 357 0583 43713CB6 		.ascii	"Cq<\266\251\242M<I\303\256\232\311*%.f\352g\237&Ox:"
 357      A9A24D3C 
 357      49C3AE9A 
 357      C92A252E 
 357      66EA679F 
 358 059b 4F443C3F 		.ascii	"OD<?=\021\233i\"2\273z\312={a\035$\247/\204\022\275"
ARM GAS  /tmp/ccWwCTmM.s 			page 28


 358      3D119B69 
 358      2232BB7A 
 358      CA3D7B61 
 358      1D24A72F 
 359 05b2 1047FE91 		.ascii	"\020G\376\221?\354TA\236\210\274\023\231\222~\210\374"
 359      3FEC5441 
 359      9E88BC13 
 359      99927E88 
 359      FC
 360 05c3 441C279E 		.ascii	"D\034'\236\323\244:\366\220\376\260:^\264\302\213\307"
 360      D3A43AF6 
 360      90FEB03A 
 360      5EB4C28B 
 360      C7
 361 05d4 27C47498 		.ascii	"'\304t\230uZ\224\231f\355Hl\227\2140\005\351p$)\212"
 361      755A9499 
 361      66ED486C 
 361      978C3005 
 361      E9702429 
 362 05e9 55BCE84E 		.ascii	"U\274\350N\256\201\2461\266\031\344\254F\245\037\262"
 362      AE81A631 
 362      B619E4AC 
 362      46A51FB2 
 363 05f9 9EEBF64F 		.ascii	"\236\353\366O~\227\356\335\207z\242\240\257\207\217"
 363      7E97EEDD 
 363      877AA2A0 
 363      AF878F
 364 0608 652EE4D0 		.ascii	"e.\344\320KI\3638\232\342\336\346\222I%\356\340\237"
 364      4B49F338 
 364      9AE2DEE6 
 364      924925EE 
 364      E09F
 365 061a 776CFB8E 		.ascii	"wl\373\216\227\037\301\366\035\330\177\301M\002\305"
 365      971FC1F6 
 365      1DD87FC1 
 365      4D02C5
 366 0629 4A4735B2 		.ascii	"JG5\262\177\333\343v\226w\016)\345}\277\225\227\317"
 366      7FDBE376 
 366      96770E29 
 366      E57DBF95 
 366      97CF
 367 063b 96EF79F1 		.ascii	"\226\357y\361\314\325p\251\373{%\035\270P%\216\334\226"
 367      CCD570A9 
 367      FB7B251D 
 367      B850258E 
 367      DC96
 368 064d CAAB3D5E 		.ascii	"\312\253=^\362\261I\216\032\266\301\231L\006g\22248"
 368      F2B1498E 
 368      1AB6C199 
 368      4C066792 
 368      3438
 369 065f 133726B4 		.ascii	"\0237&\264\273\277\226!\364\364\010\025O:\375RJ`\265"
 369      BBBF9621 
 369      F4F40815 
 369      4F3AFD52 
 369      4A60B5
 370 0672 55290808 		.ascii	"U)\010\010%\302(\021\031\221w\016m\341\373\020J\340"
ARM GAS  /tmp/ccWwCTmM.s 			page 29


 370      25C22811 
 370      1991770E 
 370      6DE1FB10 
 370      4AE0
 371 0684 7B49E2B6 		.ascii	"{I\342\266\361\257\201\366\241\224\230\213^8\031\323"
 371      F1AF81F6 
 371      A194988B 
 371      5E3819D3 
 372 0694 04ECCDCF 		.ascii	"\004\354\315\317H\327P.\304!\34326\321Td\343\267\203"
 372      48D7502E 
 372      C421E332 
 372      36D15464 
 372      E3B783
 373 06a7 A795A529 		.ascii	"\247\225\245)\367-\274\313\311\263\213\360\333)\361"
 373      F72DBCCB 
 373      C9B38BF0 
 373      DB29F1
 374 06b6 CBBB7D6E 		.ascii	"\313\273}n\007\026\371]IS\303\312\005\233\267\300\023"
 374      0716F95D 
 374      4953C3CA 
 374      059BB7C0 
 374      13
 375 06c7 14DA2E23 		.ascii	"\024\332.#\270\335\221\340nJp\362\332\365\021\036\357"
 375      B8DD91E0 
 375      6E4A70F2 
 375      DAF5111E 
 375      EF
 376 06d8 6304637E 		.ascii	"c\004c~\336T\346E\311\014X\011N=\236\214\301V\202\251"
 376      DE54E645 
 376      C90C5809 
 376      4E3D9E8C 
 376      C15682A9 
 377 06ec 8C60CE81 		.ascii	"\214`\316\201\316<\017\227\004\323\010\301=\022\301"
 377      CE3C0F97 
 377      04D308C1 
 377      3D12C1
 378 06fb 9E96FC66 		.ascii	"\236\226\374f\017\221`\355\253V~\000B)2~)\216\374\366"
 378      0F9160ED 
 378      AB567E00 
 378      4229327E 
 378      298EFCF6 
 379 070f 527E9559 		.ascii	"R~\225Y\005\2768\217\321s\262\010\245\017\264_\363\240"
 379      05BE388F 
 379      D173B208 
 379      A50FB45F 
 379      F3A0
 380 0721 5530C1D1 		.ascii	"U0\301\321~\306n\357\266\342t\236V\302\342\205\322Y"
 380      7EC66EEF 
 380      B6E2749E 
 380      56C2E285 
 380      D259
 381 0733 65ABD059 		.ascii	"e\253\320Y\214h%9\263f\260\312\370\242\223\251\032\227"
 381      8C682539 
 381      B366B0CA 
 381      F8A293A9 
 381      1A97
 382 0745 711C2071 		.ascii	"q\034 qdJq4\307\037\354P\211qX~m\215\003@h\237,\216"
ARM GAS  /tmp/ccWwCTmM.s 			page 30


 382      644A7134 
 382      C71FEC50 
 382      8971587E 
 382      6D8D0340 
 383 075d 7D8E711C 		.ascii	"}\216q\034\244q$\334\025\216{\340\262\027\014$\233\321"
 383      A47124DC 
 383      158E7BE0 
 383      B2170C24 
 383      9BD1
 384 076f 6BB8925A 		.ascii	"k\270\222Z\313\372\003\026\037\224\303*\207\243\013"
 384      CBFA0316 
 384      1F94C32A 
 384      87A30B
 385 077e C65DAFAC 		.ascii	"\306]\257\254\207\011\347C\022\347\352\316\276,\037"
 385      8709E743 
 385      12E7EACE 
 385      BE2C1F
 386 078d 9173DF9B 		.ascii	"\221s\337\233V\316\000BY2\316Y\216\234s)\347\212\341"
 386      56CE0042 
 386      5932CE59 
 386      8E9C7329 
 386      E78AE1
 387 07a0 AC148C9B 		.ascii	"\254\024\214\233\031\347\236{UIv'8r\334\263M\270<i\302"
 387      19E79E7B 
 387      55497627 
 387      3872DCB3 
 387      4DB83C69 
 388 07b5 D5166D2F 		.ascii	"\325\026m/a\203<\317:\341\316\036/\314A.)\347\023\312"
 388      61833CCF 
 388      3AE1CE1E 
 388      2FCC412E 
 388      29E713CA 
 389 07c9 4724CAB9 		.ascii	"G$\312\271\215\215M"
 389      8D8D4D
 390 07d0 6E84B200 		.ascii	"n\204\262\000\247\233\247~\305\2057\205x\025\005\241"
 390      A79BA77E 
 390      C5853785 
 390      781505A1 
 391 07e0 1F6494E1 		.ascii	"\037d\224\341\235-\037G)\325\361\253\351\023\032\234"
 391      9D2D1F47 
 391      29D5F1AB 
 391      E9131A9C 
 392 07f0 A0A054F3 		.ascii	"\240\240T\363\243\237\326(q\032+\214\\\353<\254\006"
 392      A39FD628 
 392      711A2B8C 
 392      5CEB3CAC 
 392      06
 393 0801 3EA8906A 		.ascii	">\250\220j@M}\301\255-\3568\2235\237\270\263=\315\215"
 393      404D7DC1 
 393      AD2DEE38 
 393      93359FB8 
 393      B33DCD8D 
 394 0815 34FF4872 		.ascii	"4\377Hrp\214\245\2700\252\342\220\006\3470DUG\377 \351"
 394      708CA5B8 
 394      30AAE290 
 394      06E73044 
 394      5547FF20 
ARM GAS  /tmp/ccWwCTmM.s 			page 31


 395 082a 19748220 		.ascii	"\031t\202 \2163\204\255\007\335\245\211\322{\250?R\252"
 395      8E3384AD 
 395      07DDA589 
 395      D27BA83F 
 395      52AA
 396 083c 2962A85D 		.ascii	")b\250]\015Uw\261<nw\371:\363\023\211\373\224\024\267"
 396      0D5577B1 
 396      3C6E77F9 
 396      3AF31389 
 396      FB9414B7 
 397 0850 509611AD 		.ascii	"P\226\021\255\206\270\2073\204\214=\302\362h!Q\2508"
 397      86B88733 
 397      848C3DC2 
 397      F2682151 
 397      A838
 398 0862 CE13102A 		.ascii	"\316\023\020*\220\342F'\001M\212,\364\237i\350C\331"
 398      90E24627 
 398      014D8A2C 
 398      F49F69E8 
 398      43D9
 399 0874 31DB7DF0 		.ascii	"1\333}\360Q\205\313\031\334\2368\320\242\260.;\305\214"
 399      5185CB19 
 399      DC9E38D0 
 399      A2B02E3B 
 399      C58C
 400 0886 5ACD5849 		.ascii	"Z\315XI\266\227u:\224\260\312\250\241\242\035\356.\373"
 400      B697753A 
 400      94B0CAA8 
 400      A1A21DEE 
 400      2EFB
 401 0898 A98CF02D 		.ascii	"\251\214\360-\225\370\366\217W\345I\375t=\005O\324\307"
 401      95F8F68F 
 401      57E549FD 
 401      743D054F 
 401      D4C7
 402 08aa 557C4E31 		.ascii	"U|N1\350\264\254\233NK\\\313\331l\256\336vE<\211\223"
 402      E8B4AC9B 
 402      4E4B5CCB 
 402      D96CAEDE 
 402      76453C89 
 403 08bf CDF44AC1 		.ascii	"\315\364J\301\341#\032\227\267\247J\236\335\236*xz\326"
 403      E1231A97 
 403      B7A74A9E 
 403      DD9E2A78 
 403      7AD6
 404 08d1 BE787670 		.ascii	"\276xvp\017f\272^d\341\032\254:\352\306\316\033\355"
 404      0F66BA5E 
 404      64E11AAC 
 404      3AEAC6CE 
 404      1BED
 405 08e3 A4F9E1D6 		.ascii	"\244\371\341\326'z\307{N5p\257\242\334\317\3603\231"
 405      277AC77B 
 405      4E3570AF 
 405      A2DCCFF0 
 405      3399
 406 08f5 41CADDB2 		.ascii	"A\312\335\262\261\256\311\315\361\352\342\012\234\223"
 406      B1AEC9CD 
ARM GAS  /tmp/ccWwCTmM.s 			page 32


 406      F1EAE20A 
 406      9C93
 407 0903 B67F8BDB 		.ascii	"\266\177\213\333\3748\267t\270`\325@\013\271\315\324"
 407      FC38B774 
 407      B860D540 
 407      0BB9CDD4 
 408 0913 E77478E3 		.ascii	"\347tx\343mn\354SF\375\303]*\234\301\012ye\265%\232"
 408      6D6EEC53 
 408      46FDC35D 
 408      2A9CC10A 
 408      7965B525 
 409 0928 D70F0A8D 		.ascii	"\327\017\012\215\025d\267x+%G\210O\212\242z\350<\244"
 409      1564B778 
 409      2B254788 
 409      4F8AA27A 
 409      E83CA4
 410 093b 05360599 		.ascii	"\0056\005\231\237sPs\226\237\017o\027\370\327\311\225"
 410      9F735073 
 410      969F0F6F 
 410      17F8D7C9 
 410      95
 411 094c 3E21FAA9 		.ascii	">!\372\251\207\313t\324\212\351\250b\351\310\350\276"
 411      87CB74D4 
 411      8AE9A862 
 411      E9C8E8BE 
 412 095c 37E4EE18 		.ascii	"7\344\356\030\260\355\002\177\221\304P+\305\220\\\335"
 412      B0ED027F 
 412      91C4502B 
 412      C5905CDD 
 413 096c 95372D60 		.ascii	"\2257-`W\340\263\247+\217\250\346\347\322\200\353X\300"
 413      57E0B3A7 
 413      2B8FA8E6 
 413      E7D280EB 
 413      58C0
 414 097e BD4357BB 		.ascii	"\275CW\273\324\270\210\305xt\270\256\304S\214\261\317"
 414      D4B888C5 
 414      7874B8AE 
 414      C4538CB1 
 414      CF
 415 098f 372AA322 		.ascii	"7*\243\"v\036\301\321\000aS\221\331\275\0045\3654\300"
 415      761EC1D1 
 415      00615391 
 415      D9BD0435 
 415      F534C0
 416 09a2 061AE040 		.ascii	"\006\032\340@\363\336<\345\3743\3242\\\000\351r\261"
 416      F3DE3CE5 
 416      FC33D432 
 416      5C00E972 
 416      B1
 417 09b3 FF54B41B 		.ascii	"\377T\264\033na\226\343\037&\352E\303\226W\231arO$\206"
 417      6E6196E3 
 417      1F26EA45 
 417      C3965799 
 417      61724F24 
 418 09c8 6137905D 		.ascii	"a7\220].\233\240\246\221\032n\246\2063Z\273n\250q/\263"
 418      2E9BA0A6 
 418      911A6EA6 
ARM GAS  /tmp/ccWwCTmM.s 			page 33


 418      86335ABB 
 418      6EA8712F 
 419 09dd 923F3598 		.ascii	"\222?5\230\346\303\006\212@.Q\031G,\265\342\327.\201"
 419      E6C3068A 
 419      402E5119 
 419      472CB5E2 
 419      D72E81
 420 09f0 7CDFAA28 		.ascii	"|\337\252(\334\336\"\336\271\310w\225\314\366\307\026"
 420      DCDE22DE 
 420      B9C87795 
 420      CCF6C716 
 421 0a00 D757F836 		.ascii	"\327W\37061\353WX\326\253\0327\357\362\301C\314\321"
 421      31EB5758 
 421      D6AB1A37 
 421      EFF2C143 
 421      CCD1
 422 0a12 CE1F2A9F 		.ascii	"\316\037*\237\211\267\265\012R\276#l)Ex\2306\342\252"
 422      89B7B50A 
 422      52BE236C 
 422      29457898 
 422      36E2AA
 423 0a25 C1911815 		.ascii	"\301\221\030\025\371\304bw7\270\012\235\317.\020\035"
 423      F9C46277 
 423      37B80A9D 
 423      CF2E101D 
 424 0a35 EC38833A 		.ascii	"\3548\203:y?\324\305\333}]y\347\210\370u\205l\005\355"
 424      793FD4C5 
 424      DB7D5D79 
 424      E788F875 
 424      856C05ED 
 425 0a49 106A07FF 		.ascii	"\020j\007\377\234\257+\227\362g\037\214\021\316\177"
 425      9CAF2B97 
 425      F2671F8C 
 425      11CE7F
 426 0a58 45F6128B 		.ascii	"E\366\022\213s\260tY)\331\321\267\311\013?b\354\243"
 426      73B07459 
 426      29D9D1B7 
 426      C90B3F62 
 426      ECA3
 427 0a6a 2D5B9234 		.ascii	"-[\2224\263\234\262C\327D;\016\004\311\336z-\371\262"
 427      B39CB243 
 427      D7443B0E 
 427      04C9DE7A 
 427      2DF9B2
 428 0a7d C6369214 		.ascii	"\3066\222\024\250\033`\255\240w\231\016\351\0362\222"
 428      A81B60AD 
 428      A077990E 
 428      E91E3292 
 429 0a8d DAA49194 		.ascii	"\332\244\221\224\233q)\035C\207\322\265<\005\337\036"
 429      9B71291D 
 429      4387D2B5 
 429      3C05DF1E 
 430 0a9d AA15844C 		.ascii	"\252\025\204L\236\200P\013[$d\252-t\251@\275\264C\353"
 430      9E80500B 
 430      5B2464AA 
 430      2D74A940 
 430      BDB443EB 
ARM GAS  /tmp/ccWwCTmM.s 			page 34


 431 0ab1 6B5A523C 		.ascii	"kZR<\360\024KeeV\333qO\344\311\276\205l\242_'b\222f"
 431      F0144B65 
 431      6556DB71 
 431      4FE4C9BE 
 431      856CA25F 
 432 0ac9 20EBD789 		.ascii	" \353\327\211>\260u\235\367\344\320\0150\326\317\263"
 432      3EB0759D 
 432      F7E4D00D 
 432      30D6CFB3 
 433 0ad9 6F21A482 		.ascii	"o!\244\202~\013\231\301\332\340\017\271\373\324\214"
 433      7E0B99C1 
 433      DAE00FB9 
 433      FBD48C
 434 0ae8 34D8ED62 		.ascii	"4\330\355b?\331]5\006\350.F\036d\205I\337\323\346%\335"
 434      3FD95D35 
 434      06E82E46 
 434      1E648549 
 434      DFD3E625 
 435 0afd 0F62FFD7 		.ascii	"\017b\377\327W54H\357\007\331\243\331\202\267\334A\276"
 435      57353448 
 435      EF07D9A3 
 435      D982B7DC 
 435      41BE
 436 0b0f 9D839BCC 		.ascii	"\235\203\233\314\301M\352\340\247\223]'\354n|d\231\260"
 436      C14DEAE0 
 436      A7935D27 
 436      EC6E7C64 
 436      99B0
 437 0b21 616F31EC 		.ascii	"ao1\354-\212\255--\337\250\226\260\261\256o\207\350"
 437      2D8AAD2D 
 437      2DDFA896 
 437      B0B1AE6F 
 437      87E8
 438 0b33 3685270A 		.ascii	"6\205'\012\345\305\236\256\340\0167\304;Tc 7\253\037"
 438      E5C59EAE 
 438      E00E37C4 
 438      3B546320 
 438      37AB1F
 439 0b46 3B8FD6C9 		.ascii	";\217\326\311\027Yt\227F\273\247'/S\355\374\012\345"
 439      17597497 
 439      46BBA727 
 439      2F53EDFC 
 439      0AE5
 440 0b58 E483091A 		.ascii	"\344\203\011\032\242JOv?\270mw{\255\263\013\373\036"
 440      A24A4F76 
 440      3FB86D77 
 440      7BADB30B 
 440      FB1E
 441 0b6a 0BFB1E65 		.ascii	"\013\373\036e\325T\023\235\241\221c\313\354\322y\237"
 441      D554139D 
 441      A19163CB 
 441      ECD2799F 
 442 0b7a 61EF536C 		.ascii	"a\357Sls\177\341\220\235\335n\273\2310\314\260\303\024"
 442      737FE190 
 442      9DDD6EBB 
 442      9930CCB0 
 442      C314
ARM GAS  /tmp/ccWwCTmM.s 			page 35


 443 0b8c 5B6349FA 		.ascii	"[cI\372\336\316n\217\035\207\007\014K\036\212P]\304"
 443      DECE6E8F 
 443      1D87070C 
 443      4B1E8A50 
 443      5DC4
 444 0b9e D76F2C5A 		.ascii	"\327o,Z\344\017\377\2776\204\207\031\214\376+\202C\326"
 444      E40FFFBF 
 444      36848719 
 444      8CFE2B82 
 444      43D6
 445 0bb0 86AC5EE3 		.ascii	"\206\254^\343o\212\360\017\326\031\375#\302\365\344"
 445      6F8AF00F 
 445      D619FD23 
 445      C2F5E4
 446 0bbf A95DAF33 		.ascii	"\251]\2573.\322+?\376\354/\363V,[\306\251CL\353M\341"
 446      2ED22B3F 
 446      FEEC2FF3 
 446      562C5BC6 
 446      A9434CEB 
 447 0bd5 66A2AD35 		.ascii	"f\242\2555\273\223\327\220@\365\307\237\257\\\255\375"
 447      BB93D790 
 447      40F5C79F 
 447      AF5CADFD 
 448 0be5 E2DBF586 		.ascii	"\342\333\365\206\217\014A*\006\010\011\204fSPP\204\301"
 448      8F0C412A 
 448      06080984 
 448      66535050 
 448      84C1
 449 0bf7 AC8E0C09 		.ascii	"\254\216\014\0113k\203t\021\346\367\265\346E\317s\031"
 449      336B8374 
 449      11E6F7B5 
 449      E645CF73 
 449      19
 450 0c08 12A63746 		.ascii	"\022\2467F\006\032\254n\2039\267\225\253\227GF(\364"
 450      061AAC6E 
 450      8339B795 
 450      AB974746 
 450      28F4
 451 0c1a C1BA7065 		.ascii	"\301\272pe\210)\324\024h\320\232\361\362\200\000%\261"
 451      8829D414 
 451      68D09AF1 
 451      F2800025 
 451      B1
 452 0c2b B97489D6 		.ascii	"\271t\211\326\254X\276& \000\257\376(\000\257\004Y\021"
 452      AC58BE26 
 452      2000AFFE 
 452      2800AF04 
 452      5911
 453 0c3d F009C82A 		.ascii	"\360\011\310*\305\252\025\177\016\370\300\225'\275)"
 453      C5AA157F 
 453      0EF8C095 
 453      27BD29
 454 0c4c 34D414E6 		.ascii	"4\324\024\346o\330`\366_\363\005\374\377t\351\222?-"
 454      6FD860F6 
 454      5FF305FC 
 454      FF74E992 
 454      3F2D
ARM GAS  /tmp/ccWwCTmM.s 			page 36


 455 0c5e DEB0C13F 		.ascii	"\336\260\301?\302\034\272tI\320\342\267\227nX\013\236"
 455      C21CBA74 
 455      49D0E2B7 
 455      976E580B 
 455      9E
 456 0c6f 3D210E5D 		.ascii	"=!\016] \011C\003T\364:\243q\255N\0171\003\015cH\030"
 456      20094303 
 456      54F43AA3 
 456      71AD4E0F 
 456      31030D63 
 457 0c85 D0E0DFE1 		.ascii	"\320\340\337\341\224\272\360\320o\336[\030\312\251\364"
 457      94BAF0D0 
 457      6FDE5B18 
 457      CAA9F4
 458 0c94 10B261C3 		.ascii	"\020\262a\303\302\320\245\234\012\320\001\006] \320"
 458      C2D0A59C 
 458      0AD00106 
 458      5D20D0
 459 0ca3 7EF385D3 		.ascii	"~\363\205\323\313y\301\343\257\341!f\003\250\021\177"
 459      CB79C1E3 
 459      AFE12166 
 459      03A8117F 
 460 0cb3 6B0C6678 		.ascii	"k\014fx\373\024\342\235\311J\237\353\002W\210\034V\316"
 460      FB14E29D 
 460      C94A9FEB 
 460      0257881C 
 460      56CE
 461 0cc5 6255AB80 		.ascii	"bU\253\200\206\265\316S\037\274\346\333\210OtF\363B"
 461      86B5CE53 
 461      1FBCE6DB 
 461      884F7446 
 461      F342
 462 0cd7 575EC3CD 		.ascii	"W^\303\315\326\004\353\203\015\272p\343\267\020\346"
 462      D604EB83 
 462      0DBA70E3 
 462      B710E6
 463 0ce6 0CAD766D 		.ascii	"\014\255vmd\210\321\034\022\2465lXo\320\233\335\364"
 463      6488D11C 
 463      12A6356C 
 463      586FD09B 
 463      DDF4
 464 0cf8 A6B008B3 		.ascii	"\246\260\010\263\302h\320\005y\204\231\314\301\341\246"
 464      C268D005 
 464      798499CC 
 464      C1E1A6
 465 0d07 7FBF4448 		.ascii	"\177\277DHj\215\306@-\364\346\272pS\344z\322\021\177"
 465      6A8DC640 
 465      2DF4E6BA 
 465      7053E47A 
 465      D2117F
 466 0d1a 785E7464 		.ascii	"x^td\010D\260\334\372\257Z\365\221?\031!\337,\226\002"
 466      0844B0DC 
 466      FAAF5AF5 
 466      913F1921 
 466      DF2C9602 
 467 0d2e 26B6C0B7 		.ascii	"&\266\300\267\227-U\234F\253\015\212\014\323k\265\213"
 467      972D559C 
ARM GAS  /tmp/ccWwCTmM.s 			page 37


 467      46AB0D8A 
 467      0CD36BB5 
 467      8B
 468 0d3f DE5BF2EE 		.ascii	"\336[\362\356b\245TR\313\362b\217y\327\333.Mv\215\357"
 468      62A55452 
 468      CBF2628F 
 468      79D7DB2E 
 468      4D768DEF 
 469 0d53 2DF1A26E 		.ascii	"-\361\242n\014\337\030\302\314\021\274~-\326\205\257"
 469      0CDF18C2 
 469      CC11BC7E 
 469      2DD685AF 
 470 0d63 231D432B 		.ascii	"#\035C+\264f7\355r\223\311\370_\236\006\302E"
 470      B46637ED 
 470      7293C9F8 
 470      5F9E06C2 
 470      45
 471              		.text
 472              		.section	.gnu.lto_.symtab.3a6db3612af33706,"e",%progbits
 473 0000 70616C52 		.ascii	"palReadBus\000"
 473      65616442 
 473      757300
 474 000b 00       		.ascii	"\000"
 475 000c 00       		.ascii	"\000"
 476 000d 00       		.ascii	"\000"
 477 000e 00000000 		.ascii	"\000\000\000\000\000\000\000\000"
 477      00000000 
 478 0016 12010000 		.ascii	"\022\001\000\000"
 479 001a 70616C57 		.ascii	"palWriteBus\000"
 479      72697465 
 479      42757300 
 480 0026 00       		.ascii	"\000"
 481 0027 00       		.ascii	"\000"
 482 0028 00       		.ascii	"\000"
 483 0029 00000000 		.ascii	"\000\000\000\000\000\000\000\000"
 483      00000000 
 484 0031 17010000 		.ascii	"\027\001\000\000"
 485 0035 70616C53 		.ascii	"palSetBusMode\000"
 485      65744275 
 485      734D6F64 
 485      6500
 486 0043 00       		.ascii	"\000"
 487 0044 00       		.ascii	"\000"
 488 0045 00       		.ascii	"\000"
 489 0046 00000000 		.ascii	"\000\000\000\000\000\000\000\000"
 489      00000000 
 490 004e 1C010000 		.ascii	"\034\001\000\000"
 491 0052 70616C53 		.ascii	"palSetPadCallbackI\000"
 491      65745061 
 491      6443616C 
 491      6C626163 
 491      6B4900
 492 0065 00       		.ascii	"\000"
 493 0066 00       		.ascii	"\000"
 494 0067 00       		.ascii	"\000"
 495 0068 00000000 		.ascii	"\000\000\000\000\000\000\000\000"
 495      00000000 
ARM GAS  /tmp/ccWwCTmM.s 			page 38


 496 0070 23010000 		.ascii	"#\001\000\000"
 497 0074 70616C53 		.ascii	"palSetLineCallbackI\000"
 497      65744C69 
 497      6E654361 
 497      6C6C6261 
 497      636B4900 
 498 0088 00       		.ascii	"\000"
 499 0089 00       		.ascii	"\000"
 500 008a 00       		.ascii	"\000"
 501 008b 00000000 		.ascii	"\000\000\000\000\000\000\000\000"
 501      00000000 
 502 0093 29010000 		.ascii	")\001\000\000"
 503 0097 5F70616C 		.ascii	"_pal_events\000"
 503      5F657665 
 503      6E747300 
 504 00a3 00       		.ascii	"\000"
 505 00a4 02       		.ascii	"\002"
 506 00a5 00       		.ascii	"\000"
 507 00a6 00000000 		.ascii	"\000\000\000\000\000\000\000\000"
 507      00000000 
 508 00ae 61010000 		.ascii	"a\001\000\000"
 509 00b2 63685379 		.ascii	"chSysHalt\000"
 509      7348616C 
 509      7400
 510 00bc 00       		.ascii	"\000"
 511 00bd 02       		.ascii	"\002"
 512 00be 00       		.ascii	"\000"
 513 00bf 00000000 		.ascii	"\000\000\000\000\000\000\000\000"
 513      00000000 
 514 00c7 2E010000 		.ascii	".\001\000\000"
 515 00cb 5F70616C 		.ascii	"_pal_lld_setgroupmode\000"
 515      5F6C6C64 
 515      5F736574 
 515      67726F75 
 515      706D6F64 
 516 00e1 00       		.ascii	"\000"
 517 00e2 02       		.ascii	"\002"
 518 00e3 00       		.ascii	"\000"
 519 00e4 00000000 		.ascii	"\000\000\000\000\000\000\000\000"
 519      00000000 
 520 00ec 3F010000 		.ascii	"?\001\000\000"
 521              		.text
 522              		.section	.gnu.lto_.opts,"e",%progbits
 523 0000 272D666E 		.ascii	"'-fno-openmp' '-fno-openacc' '-fno-pie' '-mcpu=cort"
 523      6F2D6F70 
 523      656E6D70 
 523      2720272D 
 523      666E6F2D 
 524 0033 65782D6D 		.ascii	"ex-m3' '-mthumb' '-mfloat-abi=soft' '-march=armv7-m"
 524      33272027 
 524      2D6D7468 
 524      756D6227 
 524      20272D6D 
 525 0066 2720272D 		.ascii	"' '-O2' '-fstack-usage' '-ffunction-sections' '-fda"
 525      4F322720 
 525      272D6673 
 525      7461636B 
ARM GAS  /tmp/ccWwCTmM.s 			page 39


 525      2D757361 
 526 0099 74612D73 		.ascii	"ta-sections' '-fno-common' '-flto' '-fshort-enums'\000"
 526      65637469 
 526      6F6E7327 
 526      20272D66 
 526      6E6F2D63 
 527              		.text
 528              		.comm	__gnu_lto_v1,1,1
 529              		.comm	__gnu_lto_slim,1,1
 530              		.ident	"GCC: (GNU Arm Embedded Toolchain 9-2020-q2-update) 9.3.1 20200408 (release)"
ARM GAS  /tmp/ccWwCTmM.s 			page 40


DEFINED SYMBOLS
                            *ABS*:0000000000000000 hal_pal.c
                            *COM*:0000000000000001 __gnu_lto_v1
                            *COM*:0000000000000001 __gnu_lto_slim

NO UNDEFINED SYMBOLS
