ARM GAS  /tmp/ccbMHNo0.s 			page 1


   1              		.cpu cortex-m3
   2              		.eabi_attribute 20, 1
   3              		.eabi_attribute 21, 1
   4              		.eabi_attribute 23, 3
   5              		.eabi_attribute 24, 1
   6              		.eabi_attribute 25, 1
   7              		.eabi_attribute 26, 1
   8              		.eabi_attribute 30, 2
   9              		.eabi_attribute 34, 1
  10              		.eabi_attribute 18, 4
  11              		.file	"hal_st.c"
  12              		.section	.gnu.lto_.profile.e89be2cb23be1cea,"e",%progbits
  13 0000 789CE360 		.ascii	"x\234\343``\004B \000\000\000]\000\013"
  13      60044220 
  13      0000005D 
  13      000B
  14              		.text
  15              		.section	.gnu.lto_.icf.e89be2cb23be1cea,"e",%progbits
  16 0000 789CE360 		.ascii	"x\234\343``d\260c@\000.\206]{\326,ab\274\321up\007'"
  16      6064B063 
  16      40002E86 
  16      5D7BD62C 
  16      6162BCD1 
  17 0018 53CFE27F 		.ascii	"S\317\342\177;y\231\017\277\273t\223\231\345\365\213"
  17      3B79990F 
  17      BFBB7493 
  17      99E5F58B 
  18 0028 2FF7D859 		.ascii	"/\367\330Y\017-\375\262\200\211\355\373\234\243[\031"
  18      0F2DFDB2 
  18      8089EDFB 
  18      9CA35B19 
  19 0038 D95FDCFE 		.ascii	"\331_\334\3761\231\217c\353\256/\035\374\234\313\017"
  19      31998F63 
  19      EBAE2F1D 
  19      FC9CCB0F 
  20 0048 5EF8C5C4 		.ascii	"^\370\305\304\000\000\344\362\037\276"
  20      0000E4F2 
  20      1FBE
  21              		.text
  22              		.section	.gnu.lto_.jmpfuncs.e89be2cb23be1cea,"e",%progbits
  23 0000 789CE360 		.ascii	"x\234\343``d\220`d\200\003v\020\001\3443122\326\317"
  23      60649060 
  23      64800376 
  23      1001E433 
  23      313232D6 
  24 0015 67666062 		.ascii	"gf`b^\314\014\0248\300\302\310\000\304\177\376\377\377"
  24      5ECC0C14 
  24      38C0C2C8 
  24      00C47FFE 
  24      FFFF
  25 0027 CFCFC83C 		.ascii	"\317\317\310<\235\231\261\257\371\375=\216>\346\371"
  25      9D99B1AF 
  25      F9FD3D8E 
  25      3EE6F9
  26 0036 CC8C8C0C 		.ascii	"\314\214\214\014\214\273\030\245A\230\005\241\220\221"
  26      8CBB18A5 
  26      419805A1 
ARM GAS  /tmp/ccbMHNo0.s 			page 2


  26      9091
  27 0044 9109A8E8 		.ascii	"\221\011\250\350\370\373\267W\030A\212\230\200\212v"
  27      F8FBB757 
  27      18418A98 
  27      808A76
  28 0053 334A0385 		.ascii	"3J\003\205\366\365\\8\315\014\021bd\334\303(\315\004"
  28      F6F55C38 
  28      CD0C1162 
  28      64DCC328 
  28      CD04
  29 0065 12876B63 		.ascii	"\022\207kc`\000\232\301\212d5#\272\325\330\355\002\031"
  29      60009AC1 
  29      8A643523 
  29      BAD5D8ED 
  29      0219
  30 0077 82CD34A0 		.ascii	"\202\3154\240o@\2460Qf\012'0H\000\316V:\025"
  30      6F40A630 
  30      51660A27 
  30      304800CE 
  30      563A15
  31              		.text
  32              		.section	.gnu.lto_.inline.e89be2cb23be1cea,"e",%progbits
  33 0000 789CE360 		.ascii	"x\234\343``d0gd\200\003v\006\006\226\006 `Ncd`b`h\004"
  33      60643067 
  33      64800376 
  33      06069606 
  33      20604E63 
  34 001a 32EB1818 		.ascii	"2\353\030\030\330@BL)L !\006\006F.0\011U\230\002T\310"
  34      D840424C 
  34      294C2021 
  34      0606462E 
  34      30095598 
  35 0031 04964F46 		.ascii	"\004\226OFW\310\304\300\363\354\314\314\303Li\214\214"
  35      57C8C4C0 
  35      F3ECCCCC 
  35      C34C698C 
  35      8C
  36 0042 0C02404B 		.ascii	"\014\002@K\230\370\200\262\007\230S1\324q\203\315\003"
  36      98F880B2 
  36      07985331 
  36      D47183CD 
  36      03
  37 0053 03A6097E 		.ascii	"\003\246\011~\014,\204\215fe\340\002\032\335\2140\232"
  37      0C2C848D 
  37      6665E002 
  37      1ADD8C30 
  37      9A
  38 0064 0B643413 		.ascii	"\013d4\023A\243\331\341\372\210\326\302\011\226\007"
  38      41A3D9E1 
  38      FA88D6C2 
  38      099607
  39 0073 2A046A61 		.ascii	"*\004ja\203\270\013]\013\003\000\224O:G"
  39      83B80B5D 
  39      0B030094 
  39      4F3A47
  40              		.text
  41              		.section	.gnu.lto_.pureconst.e89be2cb23be1cea,"e",%progbits
ARM GAS  /tmp/ccbMHNo0.s 			page 3


  42 0000 789C05C1 		.ascii	"x\234\005\301\201\015\000 \014\303\260\014\005\215="
  42      810D0020 
  42      0CC3B00C 
  42      058D3D
  43 000f C0EDA8D7 		.ascii	"\300\355\250\327b\037\212\0134\317\212+\032w\3548\361"
  43      621F8A0B 
  43      34CF8A2B 
  43      1A77EC38 
  43      F1
  44 0020 03341404 		.ascii	"\0034\024\004\223"
  44      93
  45              		.text
  46              		.section	.gnu.lto_stInit.e89be2cb23be1cea,"e",%progbits
  47 0000 789CE360 		.ascii	"x\234\343``d\330\315\300\300\240\015\304\262@\314\310"
  47      6064D8CD 
  47      C0C0A00D 
  47      C4B240CC 
  47      C8
  48 0011 CCC0C8D4 		.ascii	"\314\300\310\324\320\320\340\300\336\310\301\304\310"
  48      D0D0E0C0 
  48      DEC8C1C4 
  48      C8
  49 001e 08663570 		.ascii	"\010f5p02\32431\3263\3663Ogf<\324\376l'\223\346r\240"
  49      3032D433 
  49      31D633F6 
  49      334F6766 
  49      3CD4FE6C 
  50 0037 4CC381E9 		.ascii	"L\303\201\351\263\330\332\032Z%\346330\314\004b\010"
  50      B3D8DA1A 
  50      5A25E633 
  50      3330CC04 
  50      6208
  51 0049 60DCC5A8 		.ascii	"`\334\305\250\311\300\000T\371h\343\277\251\274l,P)"
  51      C9C00054 
  51      F968E3BF 
  51      A9BC6C2C 
  51      5029
  52 005b C6DD8C6C 		.ascii	"\306\335\214l@\313\030\030\326_b=\320\360\357\177{\303"
  52      40CB1818 
  52      D65F623D 
  52      D0F0EF7F 
  52      7BC3
  53 006d 813B8B18 		.ascii	"\201;\213\030\367\272\001%\273\231\031@\306\26106\034"
  53      F7BA0125 
  53      BB991940 
  53      C6B13036 
  53      1C
  54 007e 6060E861 		.ascii	"``\350af\202p\032\201\2347\214\315\013\276\3670\203"
  54      6682701A 
  54      819C378C 
  54      CD0BBEF7 
  54      3083
  55 0090 F5024D9C 		.ascii	"\365\002M\234\273\342\314\177\316\026\306\246F\216\371"
  55      BBE2CC7F 
  55      CE16C6A6 
  55      468EF9
  56 009f CC8C3399 		.ascii	"\314\2143\231\201\2461\356alad\230\317\314\304\360\216"
ARM GAS  /tmp/ccbMHNo0.s 			page 4


  56      81A631EE 
  56      616C6164 
  56      98CFCCC4 
  56      F08E
  57 00b1 B169C1EF 		.ascii	"\261i\301\357\036F\260R\020\350ffD\030\312\300\240\251"
  57      1E46B052 
  57      10E86666 
  57      4418CAC0 
  57      A0A9
  58 00c3 A7A70F44 		.ascii	"\247\247\017D\331\251Ey\2519\372\316\031\231I\231\376"
  58      D9A94579 
  58      A939FACE 
  58      19994999 
  58      FE
  59 00d4 C1FAF9C5 		.ascii	"\301\372\371\305\372\031\2119\372\305E\311 :\276\270"
  59      FA198939 
  59      FAC545C9 
  59      203ABEB8 
  60 00e4 442F9901 		.ascii	"D/\231\001\000\036\206K\332"
  60      001E864B 
  60      DA
  61              		.text
  62              		.section	.gnu.lto_stGetCounter.e89be2cb23be1cea,"e",%progbits
  63 0000 789C7D50 		.ascii	"x\234}PMK[A\024\275\347\335\344%\012\241\256\033\304"
  63      4D4B5B41 
  63      14BDE7DD 
  63      E4250AA1 
  63      AE1BC4
  64 0013 753679DA 		.ascii	"u6y\332\376\001!\202H\025\027\311\306U\320(D\014\246"
  64      FE012182 
  64      481517C9 
  64      C655D028 
  64      440CA6
  65 0026 24A15BC7 		.ascii	"$\241[\307\247DJ4~\200D#\032\333\020\304\215b\241\033"
  65      A7444A34 
  65      7E804423 
  65      1ADB10C4 
  65      8D62A11B 
  66 003a BFFA6A5B 		.ascii	"\277\372j[\350R\012R\002RB\241 .Z\212\335\024\212\355"
  66      E8520A52 
  66      025242A1 
  66      202E5A8A 
  66      DD148AED 
  67 004e 9DA4886E 		.ascii	"\235\244\210n\034\346\353\33493\347\234\361\022h\016"
  67      1CE6EBDC 
  67      3933E79C 
  67      F112680E 
  68 005e 4449226A 		.ascii	"DI\"j\225\001&\030J\251N\317\244\327\000\352;\345\005"
  68      95012618 
  68      4AA94ECF 
  68      A4D700EA 
  68      3BE505
  69 0071 4D1898C0 		.ascii	"M\030\230\300<\027\030\331\017\013\007\276<\2274Q\340"
  69      3C1718D9 
  69      0F0B07BE 
  69      3C973451 
  69      E0
ARM GAS  /tmp/ccbMHNo0.s 			page 5


  70 0082 8BB3531B 		.ascii	"\213\263S\033\032\002-\002\027\262\037\263\315\201-"
  70      1A022D02 
  70      17B21FB3 
  70      CD812D
  71 0091 A56CE514 		.ascii	"\245l\345\0246<k\257N\225\273\304\006\255\012\375\000"
  71      363C6BAF 
  71      4E95BBC4 
  71      06AD0AFD 
  71      00
  72 00a2 7EECC34F 		.ascii	"~\354\303O\272\341\020\001\"\271\360u\357z\331g\272"
  72      BAE11001 
  72      22B9F075 
  72      EF7AD967 
  72      BA
  73 00b3 3441978F 		.ascii	"4A\227\217`\212#\242\335OnG]\377\235Q\316\2572^w\273"
  73      608A23A2 
  73      DD4F6E47 
  73      5DFF9D51 
  73      CEAF325E 
  74 00c9 0C2A31B3 		.ascii	"\014*1\263L.\242\034\223\370R.(\207h\226\215\006\230"
  74      4C2EA21C 
  74      93F8522E 
  74      28876896 
  74      8D0698
  75 00dc 12708993 		.ascii	"\022p\211\223\303\337\347\027\237\027\233\356\274\254"
  75      C3DFE717 
  75      9F179BEE 
  75      BCAC
  76 00ea 1FBC294C 		.ascii	"\037\274)Lkz-W\345\207u\265\372\351-6\336\300\304\261"
  76      6B7A2D57 
  76      E58775B5 
  76      FAE92D36 
  76      DEC0C4B1 
  77 00fe B8203830 		.ascii	"\270 80\327Yg\314O\375\370\342\325\031\335\320\324\237"
  77      D75967CC 
  77      4FFDF8E2 
  77      D519DDD0 
  77      D49F
  78 0110 DFCAF30F 		.ascii	"\337\312\363\017\032\260.-\245\315\342U\331WA\031%6"
  78      1AB02E2D 
  78      A5CDE255 
  78      D9574119 
  78      2536
  79 0122 712239DF 		.ascii	"q\"9\337\352\234rp|~\261\345i\337Q\323\223\252v\365"
  79      EA9C7270 
  79      7C7EB1E5 
  79      69DF51D3 
  79      93AA76F5 
  80 0136 B2ADB824 		.ascii	"\262\255\270$\014\017\336\241\202\025\011\254\305\010"
  80      0C0FDEA1 
  80      821509AC 
  80      C508
  81 0144 EFD12ECE 		.ascii	"\357\321.\316\355?3\333\334\320d\221\245\357\260k\317"
  81      ED3F33DB 
  81      DCD06491 
  81      A5EFB06B 
  81      CF
ARM GAS  /tmp/ccbMHNo0.s 			page 6


  82 0155 ABAC3D4A 		.ascii	"\253\254=JE\177N\216\033z\260\035\015\003\301\240%}"
  82      457F4E8E 
  82      1B7AB01D 
  82      0D03C1A0 
  82      257D
  83 0167 6C24353E 		.ascii	"l$5>\222\260B\361\321\241\321\376\260\225L[\361\301"
  83      92B042F1 
  83      D1A1D1FE 
  83      B0954C5B 
  83      F1C1
  84 0179 84954EC5 		.ascii	"\204\225N\305\364\032Mg\2021\012\335\307|\232Le\322"
  84      F41A4D67 
  84      82310ADD 
  84      C77C9A4C 
  84      65D2
  85 018b 5638D2F7 		.ascii	"V8\322\367\370\221\325\333\333e\205\007\302\221\236"
  85      F891D5DB 
  85      DB658507 
  85      C2919E
  86 019a D093671D 		.ascii	"\320\223g\035\377\357G\023\211\341`\234\376\001\371"
  86      FFEF4713 
  86      89E1609C 
  86      FE01F9
  87 01a9 5AA5D0   		.ascii	"Z\245\320"
  88              		.text
  89              		.section	.gnu.lto_stStartAlarm.e89be2cb23be1cea,"e",%progbits
  90 0000 789C9D52 		.ascii	"x\234\235R[HTQ\024=\353\356;3w\246&\015\372\210\374"
  90      5B485451 
  90      143DEBEE 
  90      3B3377A6 
  90      260DFA88 
  91 0015 11FA0823 		.ascii	"\021\372\010#\034\263~\242\237\300 \242\242\017\375"
  91      1CB37EA2 
  91      9FC020A2 
  91      A20FFD
  92 0024 E92B7A08 		.ascii	"\351+z\010J\366\300\221\372\211<\216S\003\215i\020="
  92      4AF6C091 
  92      FA893C8E 
  92      53038D69 
  92      103D
  93 0036 26935B4D 		.ascii	"&\223[M\322\343\243,?\242,\233,{\216i\017{c\026e\022"
  93      D2E3A32C 
  93      3FA22C9B 
  93      2C7B8E69 
  93      0F7B6316 
  94 004c 96A4FE44 		.ascii	"\226\244\376D\222\355s\356T#DT\227\271w\316>g\355\265"
  94      92ED73EE 
  94      54234454 
  94      97B977CE 
  94      3E67EDB5 
  95 0060 F7597B59 		.ascii	"\367Y{Y\002\342\244)\304\026!\304|~\341\0220\244\224"
  95      02E2A429 
  95      C41621C4 
  95      7C7EE112 
  95      30A494
  96 0073 0B3C5596 		.ascii	"\013<U\226aPG\254\331mJ\237\331\334\227\234g\312\211"
  96      615047AC 
ARM GAS  /tmp/ccbMHNo0.s 			page 7


  96      D96D4A9F 
  96      D9DC979C 
  96      67CA89
  97 0086 04337566 		.ascii	"\0043uf\002z%-\210J\203LT\242\216\366\023\332\"}\027"
  97      027A252D 
  97      884A834C 
  97      54A28EF6 
  97      13DA227D 
  98 009b 8C9CE37C 		.ascii	"\214\234\343|&\023\373{<;\344\366\2516\011\021\343\327"
  98      2613FB7B 
  98      3C3BE4F6 
  98      A9360911 
  98      E3D7
  99 00ad 79701139 		.ascii	"yp\0219\214\333\321\276\273\305_K6\001\006\207G\272"
  99      8CDBD1BE 
  99      BBC55F4B 
  99      36010687 
  99      47BA
 100 00bf BB4250A1 		.ascii	"\273BP\241\201L\016\277\236jz\231A\263 x\335\364\351"
 100      814C0EBF 
 100      9E6A7A99 
 100      41B32078 
 100      DDF4E9
 101 00d2 E2DC198D 		.ascii	"\342\334\031\215R\206db`\017\311)6\021.\203\230\021"
 101      52866462 
 101      600FC929 
 101      36112E83 
 101      9811
 102 00e4 97908516 		.ascii	"\227\220\205\026d\011\301{\314\334\212\031Be\2749\373"
 102      6409C17B 
 102      CCDC8A19 
 102      4265BC39 
 102      FB
 103 00f5 6DAFDF6D 		.ascii	"m\257\337m\246\212\342\012\334|I\2018\2113\017\\\011"
 103      A68AE20A 
 103      DC7C4981 
 103      3889330F 
 103      5C09
 104 0107 F96D2C22 		.ascii	"\371m,\"\023#\307\360e\321$p\246i\250\217\033*\335\303"
 104      1323C7F0 
 104      65D12470 
 104      A669A88F 
 104      1B2ADDC3 
 105 011b 4B97A53E 		.ascii	"K\227\245>^\376\270}j%D\224\204\272\217\011\231\020"
 105      5EFEB87D 
 105      6A254494 
 105      84BA8F09 
 105      9910
 106 012d A2860C27 		.ascii	"\242\206\014'\250\346\340\003\332.}\0318\361\366\265"
 106      A8E6E003 
 106      DA2E7D19 
 106      38F1F6B5 
 107 013d 675C59AE 		.ascii	"g\\Y\256\366\253\217\260\202\367F?\272\246\351V\364"
 107      F6AB8FB0 
 107      82F7463F 
 107      BAA6E956 
 107      F4
ARM GAS  /tmp/ccbMHNo0.s 			page 8


 108 014e 691A1A57 		.ascii	"i\032\032W\341F\202[\024h\203\273\201\024Sm\365`\217"
 108      E146825B 
 108      146883BB 
 108      8114536D 
 108      F5608F
 109 0161 A5D4F068 		.ascii	"\245\324\360h\005>\277\213\327e8\241.\315[\207\017\016"
 109      053EBF8B 
 109      D76538A1 
 109      2ECD5B87 
 109      0F0E
 110 0173 C7FD8D88 		.ascii	"\307\375\215\210\303&\013\327Y\206kJ\006>h}\331\177"
 110      C3260BD7 
 110      59866B4A 
 110      063E687D 
 110      D97F
 111 0185 DC93775A 		.ascii	"\334\223wZ\206\253dos|\362\241\2556y\321\216F\034P\012"
 111      86AB646F 
 111      737CF2A1 
 111      AD3679D1 
 111      8E461C50 
 112 019a 5D5552DC 		.ascii	"]UR\334@\0367^\275/\362\314\353\224\264\234\252?G\342"
 112      401E375E 
 112      BD2FF2CC 
 112      EB94B49C 
 112      AA3F47E2 
 113 01ae 82819BCC 		.ascii	"\202\201\233\314\307\240\256\310Ir@^\3061\350\346\340"
 113      C7A0AEC8 
 113      4972405E 
 113      C631E8E6 
 113      E0
 114 01bf C7477040 		.ascii	"\307Gp@\002\2674(4\0329\363\266\216\324\345\032\010"
 114      02B73428 
 114      341A39F3 
 114      B68ED4E5 
 114      1A08
 115 01d1 8C1403D8 		.ascii	"\214\024\003\330\236\355\204j\266-#\227?x\303\010U\261"
 115      9EED846A 
 115      B62D2397 
 115      3F78C308 
 115      55B1
 116 01e3 137C3132 		.ascii	"\023|12\270\217\333\010C08\235\320d\302;\310\262i\202"
 116      B88FDB08 
 116      4330389D 
 116      D064C23B 
 116      C8B26982 
 117 01f7 7887707F 		.ascii	"x\207p\177A\212@\355i\343\324\020\365%cs\224\356\306"
 117      418A40ED 
 117      69E3D410 
 117      F5256373 
 117      94EEC6
 118 020a 00C2BA80 		.ascii	"\000\302\272\200\272q\303\211\344\230\246\267l\232\030"
 118      BA71C389 
 118      E498A6B7 
 118      6C9A18
 119 0219 D346B8AB 		.ascii	"\323F\270\253\350\323u\364\3530\275\021\177\234\234"
 119      E8D375F4 
 119      EB30BD11 
ARM GAS  /tmp/ccbMHNo0.s 			page 9


 119      7F9C9C
 120 0228 21BD9243 		.ascii	"!\275\222C\035>V\262*\323\246I\350\340L$SZ\016\277o"
 120      1D3E56B2 
 120      2AD3A649 
 120      E8E04C24 
 120      535A0EBF 
 121 023d 6FB514FE 		.ascii	"o\265\024\376\200\224\331\212\344\036\353\350\330\251"
 121      8094D98A 
 121      E41EEBE8 
 121      D8A9
 122 024b 93713665 		.ascii	"\223q6e\350\266\314t?\260\030\235\273\222\365\025\343"
 122      E8B6CC74 
 122      3FB0189D 
 122      BB92F515 
 122      E3
 123 025c FC60FEC6 		.ascii	"\374`\376\306\017_\271S\307\017\346x?\334g?ti?<P\002"
 123      0F5FB953 
 123      C70FE678 
 123      3FDC673F 
 123      74693F3C 
 124 0272 F81AC8AD 		.ascii	"\370\032\310\255|\326\263S\361nR\233\1779\377\303\333"
 124      7CD6B353 
 124      F16E529B 
 124      7F39FFC3 
 124      DB
 125 0283 6CCAC443 		.ascii	"l\312\304C={h^\005\030}\3359\350\313o\322\200sP\356"
 125      3D7B685E 
 125      05187DDD 
 125      39E8CB6F 
 125      D2807350 
 126 0298 78843CCC 		.ascii	"x\204<\314\344l\215@7\362\271\250\2528\324\037;\337"
 126      E46C8D40 
 126      37F2B9A8 
 126      AA38D41F 
 126      3BDF
 127 02aa 8B7F2CE8 		.ascii	"\213\177,\350\305c]\320H\321=A^\372 \274\334\310S\355"
 127      C5635DD0 
 127      48D13D41 
 127      5EFA20BC 
 127      DCC853ED 
 128 02be 1AA6AFFF 		.ascii	"\032\246\257\377\037\372g?\274\254\351\237k\372\306"
 128      1FFA673F 
 128      BCACE99F 
 128      6BFAC6
 129 02cd E851C7B9 		.ascii	"\350Q\307\271^v\356\013\316\374\204Pott\272\236\225"
 129      5E76EE0B 
 129      CEFC8450 
 129      6F7474BA 
 129      9E95
 130 02df 7AA28431 		.ascii	"z\242\2041~\010\241\204\012srs\003\374[W\\\276\241\270"
 130      7E08A184 
 130      0A737273 
 130      03FC5B57 
 130      5CBEA1B8 
 131 02f3 2C505052 		.ascii	",PPR\272\272tya`c0P\262\252,\020,_\243\376W\006+r\327"
 131      BABA7479 
 131      61606330 
ARM GAS  /tmp/ccbMHNo0.s 			page 10


 131      50B2AA2C 
 131      102C5FA3 
 132 030d 08CFAAD5 		.ascii	"\010\317\252\325\301\212\322\365\305\005\177\312\330"
 132      C18AD2F5 
 132      C5057FCA 
 132      D8
 133 031a B4B1BC22 		.ascii	"\264\261\274\"\030(,Z6'?\260t\351\302@\341\212\302\242"
 133      18282C5A 
 133      36273FB0 
 133      74E9C240 
 133      E18AC2A2 
 134 032e C5054B36 		.ascii	"\305\005K6\317N\361\254,+[\233[\"\276\003Z,\255\007"
 134      CF4EF1AC 
 134      2C2B5B9B 
 134      5B22BE03 
 134      5A2CAD07 
 135              		.text
 136              		.section	.gnu.lto_stStopAlarm.e89be2cb23be1cea,"e",%progbits
 137 0000 789C7D50 		.ascii	"x\234}P\277K\202Q\024\275\347{\376\"\220\306\002ilp"
 137      BF4B8251 
 137      14BDE77B 
 137      FE2290C6 
 137      02696C70 
 138 0014 F1B3DA23 		.ascii	"\361\263\332#\260\2452\032tq\2222AI2TZ}\376\250\006"
 138      B0A5321A 
 138      74719232 
 138      41493254 
 138      5A7DFEA8 
 139 0029 432108CD 		.ascii	"C!\010\315\006\003\021\267\302\261_\366e\375\005\315"
 139      060311B7 
 139      C2B15FF6 
 139      65FD05CD 
 140 0039 161615D1 		.ascii	"\026\026\025\321P\224K\223\365\276O\011[\272\274\313"
 140      50944B93 
 140      F5BE4F09 
 140      5BBABCCB 
 141 0049 7BE79E73 		.ascii	"{\347\236s\357y\357\231\010\344\001Q\230\210FD\202\021"
 141      EF79EF99 
 141      08E40151 
 141      98884644 
 141      8211
 142 005b 24CEF994 		.ascii	"$\316\371\2241a\222\000\355\304M\240\270\2048r,\317"
 142      31619200 
 142      EDC44DA0 
 142      B8843872 
 142      2CCF
 143 006d D0D87A3E 		.ascii	"\320\330z>\226\254U\301p%_\034\330\344\033\303%F\264"
 143      96AC55C1 
 143      70255F1C 
 143      D8E41BC3 
 143      2546B4
 144 0080 27B21B38 		.ascii	"'\262\0338\201\225H(\037j\235]\263A\327\243p\012\203"
 144      81954828 
 144      1F6A9D5D 
 144      B341D7A3 
 144      700A83
 145 0093 30233ABA 		.ascii	"0#:\272\321+\274\363\275\305\225\3532j\263\202\3140"
ARM GAS  /tmp/ccbMHNo0.s 			page 11


 145      D12BBCF3 
 145      BDC595EB 
 145      326AB382 
 145      CC30
 146 00a5 52C7E9C0 		.ascii	"R\307\351\300\025\242m&uAJ\200W4>\277\232\217\267\367"
 146      15A26D26 
 146      75414A80 
 146      57343EBF 
 146      9A8FB7F7 
 147 00b9 FA3FF3D4 		.ascii	"\372?\363\3241\277\205\264*oerz\246yhl\237\032\3470"
 147      31BF85B4 
 147      2A6F6572 
 147      7AA67968 
 147      6C9F1AE7 
 148 00ce E04C7813 		.ascii	"\340Lx\023\3520\010\"\233z\2773eY\211\001\252\356\343"
 148      EA300822 
 148      9B7ABF33 
 148      65598901 
 148      AAEEE3
 149 00e1 A99C1BEC 		.ascii	"\251\234\033\354B\315W\224\016\212\355\262\271\2022"
 149      42CD5794 
 149      0E8AEDB2 
 149      B98232
 150 00f0 4A4C8202 		.ascii	"JL\202\002\013.`\321f\326\233/U\243\375\220\247\023"
 150      0B2E60D1 
 150      66D69B2F 
 150      55A3FD90 
 150      A713
 151 0102 BCD5DE19 		.ascii	"\274\325\336\031\332\237,1\206KTP\020\257P\215\010\015"
 151      DA9F2C31 
 151      864B5450 
 151      10AF508D 
 151      080D
 152 0114 D8FB3DC4 		.ascii	"\330\373=\304ep%\272\337\220le\012\243\332'\250\221"
 152      657025BA 
 152      DF906C65 
 152      0AA3DA27 
 152      A891
 153 0126 615D3724 		.ascii	"a]7$\025\025Zm6Y\254\025\177d\325\037\222\035\201\340"
 153      15155A6D 
 153      3659AC15 
 153      7F64D51F 
 153      921D81E0 
 154 013a 5270C125 		.ascii	"Rp\301%\207\243r`1$G#>u\367Fc6\0379\376S\256\205#\261"
 154      87A37260 
 154      31244723 
 154      3E75F746 
 154      63361F39 
 155 0154 A8EC72CF 		.ascii	"\250\354r\317O\214\313N\347\264\354\362\270\3343\216"
 155      4F8CCB4E 
 155      E7B4ECF2 
 155      B8DC338E 
 156 0164 B9F5B15E 		.ascii	"\271\365\261^\2777\024Z\266\005\350\007O\332\226\343"
 156      BF37145A 
 156      B605E807 
 156      4FDA96E3 
 157              		.text
ARM GAS  /tmp/ccbMHNo0.s 			page 12


 158              		.section	.gnu.lto_stSetAlarm.e89be2cb23be1cea,"e",%progbits
 159 0000 789C8D52 		.ascii	"x\234\215RMHTQ\024\276\337;of\336LN\032\264\210\334"
 159      4D485451 
 159      14BEDF3B 
 159      6F66DE4C 
 159      4E1AB488 
 160 0015 B4093162 		.ascii	"\264\0111b\306\254M\264\011l\323\037-l\323*\322\004"
 160      C6AC4DB4 
 160      096CD31F 
 160      2D6CD32A 
 160      D204
 161 0027 254B71A4 		.ascii	"%Kq\2446Qw\306\321\201\354\017\302l\252\341\025\223"
 161      365177C6 
 161      D181EC0F 
 161      C26CAAE1 
 161      1593
 162 0039 182DD2B2 		.ascii	"\030-\322\262EeM\223e\366\243\331?\004b\032e\"\232\364"
 162      45654D93 
 162      65F6A3D9 
 162      3F04621A 
 162      65229AF4 
 163 004d B389223B 		.ascii	"\263\211\";\367\276\241F\210\3502\357\316=\367|\367"
 163      F7BEA146 
 163      88E832EF 
 163      CE3DF77C 
 163      F7
 164 005e 3BE77EF7 		.ascii	";\347~\367\263\004\304\004\011\261G\010\261\212?\270"
 164      B304C404 
 164      09B14708 
 164      B18A3FB8 
 165 006e 040C29E5 		.ascii	"\004\014)\345jO\3302\014\032\210w\271M\3513\273\306"
 165      6A4FD832 
 165      0C1A8877 
 165      B94DE933 
 165      BBC6
 166 0080 FA579A32 		.ascii	"\372W\2322\207`fr&\240W\322\202\330o\220\211\3758B\255"
 166      87606672 
 166      26A057D2 
 166      82D86F90 
 166      89FD3842 
 167 0095 849ED8D8 		.ascii	"\204\236\330\3305\243\260\235s2\335\372\312\327$\033"
 167      35A3B09D 
 167      7332DDFA 
 167      CAD7241B 
 168 00a5 17D84C1F 		.ascii	"\027\330L\037\347\317\031\270\216B\3065\365\036\355"
 168      E7CF19B8 
 168      8E42C635 
 168      F51EED
 169 00b4 F61F269B 		.ascii	"\366\037&\233\000\203\303\263/\237D\240B\003y\034~\277"
 169      0083C3B3 
 169      2F9F44A0 
 169      4203791C 
 169      7EBF
 170 00c6 D039944B 		.ascii	"\3209\224KK!x\335\371\361\372\212\2026)#2=t\214\344"
 170      4B2178DD 
 170      F9F1FA8A 
 170      82362923 
ARM GAS  /tmp/ccbMHNo0.s 			page 13


 170      323D748C 
 171 00db 7C9B0837 		.ascii	"|\233\0107A\314\210\033\310G7\362\205\340=fN\241@\250"
 171      41CC881B 
 171      C84737F2 
 171      85E03D66 
 171      4EA140A8 
 172 00ef 136F2FFD 		.ascii	"\023o/\375l\361\273\315LQ\334\202\233/)\220$\321\361"
 172      6CF1BBCD 
 172      4C51DC82 
 172      9B2F2990 
 172      24D1F1
 173 0102 CC95963F 		.ascii	"\314\225\226?gb2\375\356\034>\255\313\001\2374\015\236"
 173      676232FD 
 173      EE1C3EAD 
 173      CB019F34 
 173      0D9E
 174 0114 5CA4260F 		.ascii	"\\\244&\017\024\207\305K\267WM>5\011\321LB\335\307\204"
 174      1487C54B 
 174      B7574D3E 
 174      3509D14C 
 174      42DDC784 
 175 0128 4C0B7190 		.ascii	"L\013q\220\014'h\340`\002=7\276M\236\1777\352\231U\226"
 175      0C2768E0 
 175      60023D37 
 175      BE4D9E7F 
 175      37EA9955 
 176 013d ABFDE923 		.ascii	"\253\375\351#\252\340#\315S\256\205\272\025\235\315"
 176      AAE023CD 
 176      53AE85BA 
 176      159DCD
 177 014c 42E336DC 		.ascii	"B\3436\334Hs\213\002=p'\310\342\334\341\206\351aK\251"
 177      48738B02 
 177      3D7027C8 
 177      E2DCE186 
 177      E9614BA9 
 178 0160 E1D10A7C 		.ascii	"\341\321\012|z\237<\222\353\204\2724o\2359\371%\351"
 178      7A9F3C92 
 178      EB84BA34 
 178      6F9D39F9 
 178      25E9
 179 0172 6F431236 		.ascii	"oC\0226Y\270\3132\334Q2p\"54\336\356)\272(\243a9\322"
 179      59B8CB32 
 179      DC513270 
 179      223534DE 
 179      EE29BA28 
 180 018a 959C777A 		.ascii	"\225\234wz\257M^\364\242\015'\224B\267\225\024\367P"
 180      AF4D5EF4 
 180      A20D2794 
 180      42B79514 
 180      F750
 181 019c C48D371C 		.ascii	"\304\2157\034\217\275\366:%\275N\325\337O\342\206\201"
 181      8FBDF63A 
 181      25BD4ED5 
 181      DF4FE286 
 181      81
 182 01ad 3EE66350 		.ascii	">\346cP*\326q\245\205T\337\011\002#\031\3267=\365\002"
 182      2AD671A5 
ARM GAS  /tmp/ccbMHNo0.s 			page 14


 182      8554DF09 
 182      022319D6 
 182      373DF502 
 183 01c1 0E4CE0BE 		.ascii	"\016L\340\276\206E~\304\340`\014\206\211I4.rB\345\210"
 183      86457EC4 
 183      E0600C86 
 183      8949342E 
 183      7242E588 
 184 01d5 EEAF3727 		.ascii	"\356\2577'\274QD\302l\004_\234\014n\343\001\242\020"
 184      BC5144C2 
 184      6C045F9C 
 184      0C6EE301 
 184      A210
 185 01e7 0CCE6673 		.ascii	"\014\316fs1\333C\344\3334G\274Gt\274$C\240\366\264o"
 185      31DB43E4 
 185      DB3447BC 
 185      4774BC24 
 185      43A0F6B4 
 186 01fc 0E128DF5 		.ascii	"\016\022\215\365\307\227+\331\215IDu\001u\341\304\371"
 186      C7972BD9 
 186      8D494475 
 186      0175E1C4 
 186      F9
 187 020d FE194D6F 		.ascii	"\376\031Mo\331\224\023\327>x\244\350\263e\364\3530\273"
 187      D99413D7 
 187      3E78A4E8 
 187      B365F4EB 
 187      30BB
 188 021f 117F929C 		.ascii	"\021\177\222\2347z#?\017\370X\310p\236Ms1\300'\321\237"
 188      377A233F 
 188      0FF858C8 
 188      709E4D73 
 188      31C027D1 
 189 0234 91F2CB87 		.ascii	"\221\362\313\207\336\224\245\360'\244\\\244H\036\263"
 189      DE94A5F0 
 189      27A45CA4 
 189      481EB3
 190 0243 8C8E9B06 		.ascii	"\214\216\233\006\031gS\256n\313\314\266\003+1xh\362"
 190      196753AE 
 190      6ECBCCB6 
 190      032B3178 
 190      68F2
 191 0255 54FD2C3B 		.ascii	"T\375,;\230\177\261C\007;\316\261\2039\333\016O\331"
 191      987FB143 
 191      073BCEB1 
 191      8339DB0E 
 191      4FD9
 192 0267 0E4FB41D 		.ascii	"\016O\264\035\236)\001|\011\362(\233\015\037P\274\265"
 192      9E29017C 
 192      09F2289B 
 192      0D1F50BC 
 192      B5
 193 0278 6AF33F9F 		.ascii	"j\363?\237\377\314>\233\362\360\\?=4\257\002\374\030"
 193      FFCC3E9B 
 193      F2F05C3F 
 193      3D34AF02 
 193      FC18
ARM GAS  /tmp/ccbMHNo0.s 			page 15


 194 028a 1D9CF615 		.ascii	"\035\234\366\025wj\300e(s\274@\021\226\360i\215\300"
 194      776AC065 
 194      2873BC40 
 194      1196F069 
 194      8DC0
 195 029c 4B147351 		.ascii	"K\024sQ\361\021\221\221\346\253\213\365m\325h&\314\360"
 195      F1119191 
 195      E6AB8BF5 
 195      6DD56826 
 195      CCF0
 196 02ae 2044D22A 		.ascii	" D\322*,\014\004\202\374\333QQ\267\253\242:XRYUV\265"
 196      2C0C0482 
 196      FCDB5151 
 196      B7ABA23A 
 196      58525955 
 197 02c4 A9345813 		.ascii	"\2514X\023\012Vn\253\016\206\352\312\325\377\326P}\240"
 197      0A566EAB 
 197      0E86EACA 
 197      D5FFD650 
 197      7DA0
 198 02d6 5C78B695 		.ascii	"\\x\266\225\205\352\253vV\224\374\353DmM]}(X\272y\343"
 198      85EAAB76 
 198      5694FCEB 
 198      446D4D5D 
 198      7D2858BA 
 199 02ec F2E2E086 		.ascii	"\362\342\340\206\015k\202\245[J7\257-Y\277{Y\206gku"
 199      0D6B82A5 
 199      5B4A37AF 
 199      2D59BF7B 
 199      5986676B 
 200 0301 F5F640A5 		.ascii	"\365\366@\245\370\005\224)lV"
 200      F8059429 
 200      6C56
 201              		.text
 202              		.section	.gnu.lto_stGetAlarm.e89be2cb23be1cea,"e",%progbits
 203 0000 789C8D92 		.ascii	"x\234\215\222_HSq\024\307\317\271\347n\273\233.\355"
 203      5F485371 
 203      14C7CFB9 
 203      E76EBB9B 
 203      2EED
 204 0012 2D92C057 		.ascii	"-\222\300W{\330L\237\242\227`\275\204F\017\363\245'"
 204      7BD84C9F 
 204      A29760BD 
 204      84460FF3 
 204      A527
 205 0024 29139446 		.ascii	")\023\224F\206\223\236\002\177\233\313\021\212J\220"
 205      86939E02 
 205      7F9BCB11 
 205      8A4A90
 206 0033 BA4CAE35 		.ascii	"\272L\2565D{I\315\036\302?kY\246\325lf\365\020Hj\250"
 206      447B49CD 
 206      1EC23F6B 
 206      59A6D56C 
 206      66F51048 
 207 0049 896852F6 		.ascii	"\211hR\366\"\210v~\367\016\333 \242\313\356\331=\277"
 207      2288767E 
 207      F70EDB20 
ARM GAS  /tmp/ccbMHNo0.s 			page 16


 207      A2CBEED9 
 207      3DBF
 208 005b DFE7F73D 		.ascii	"\337\347\367=\347w\316\321\000\341)\001\324\000\300"
 208      E777CED1 
 208      00E12901 
 208      D400C0
 209 006a 297ED102 		.ascii	")~\321\002\250\010!N\333\002\232\242\320Ld\330\252\012"
 209      A808214E 
 209      DB029AA2 
 209      D04C64D8 
 209      AA0A
 210 007c 873ABC9A 		.ascii	"\207:\274\2328\251\212lB5\265\247\"\032_BC\250WH\305"
 210      38A98A6C 
 210      4235B5A7 
 210      221A5F42 
 210      43A85748 
 211 0091 7A6CA50E 		.ascii	"zl\245\016\302\306\311\266Qg\013\351\3042\354\336\377"
 211      C2C6C9B6 
 211      51670BE9 
 211      C432ECDE 
 211      FF
 212 00a2 341B44E9 		.ascii	"4\033D\351\"\346\262\333\3268\335\350(\350\023\"(\342"
 212      22E6B2DB 
 212      D638DDE8 
 212      28E81322 
 212      28E2
 213 00b4 1DED595D 		.ascii	"\035\355Y]\217g\205E'\005\"\214\217b\036\216`\036\310"
 213      8F678545 
 213      2705228C 
 213      8F621E8E 
 213      601EC8
 214 00c7 07C7B000 		.ascii	"\007\307\260\000\200\017|\035\332\273\343\264\252\022"
 214      800F7C1D 
 214      DABBE3B4 
 214      AA12
 215 00d5 90CBE368 		.ascii	"\220\313\343h\345|\001\243\004\003s\226\270\330\333"
 215      E57C01A3 
 215      04037396 
 215      B8D8DB
 216 00e4 0F8BF872 		.ascii	"\017\213\370r\024\207J\262\020tb%\235T\222\306\306\306"
 216      14874AB2 
 216      10746225 
 216      9D5492C6 
 216      C6C6
 217 00f6 A2496397 		.ascii	"\242Ic\227\306\301\306\012\320D\300Y\013\025E\034\240"
 217      C6C1C60A 
 217      D044C059 
 217      0B15451C 
 217      A0
 218 0107 9914D369 		.ascii	"\231\024\323i`g\035'\306v\346\373\227\227l\031Q9\330"
 218      60671D27 
 218      C676E6FB 
 218      97976C19 
 218      5139D8
 219 011a 9F344212 		.ascii	"\2374B\022_l\332\264\034521v\323h|\206V\214q\206\200"
 219      5F6CDAB4 
 219      1C353231 
ARM GAS  /tmp/ccbMHNo0.s 			page 17


 219      76D3687C 
 219      86568C71 
 220 0130 71B47693 		.ascii	"q\264v\223Tji\330\372\242\311\373\333P\242?V\242\255"
 220      546A69D8 
 220      FAA2C9FB 
 220      DB50A23F 
 220      56A2AD
 221 0143 39A66B84 		.ascii	"9\246k\204\346\245\236\273\333Qg/FQ'\015'\270\006\317"
 221      E6A59EBB 
 221      DB51672F 
 221      4651270D 
 221      27B806CF 
 222 0157 650D7823 		.ascii	"e\015x#6\277\326g+|$B\001\261\270\375\340\360\275\033"
 222      36BFD667 
 222      2B7C2442 
 222      01B1B8FD 
 222      E0F0BD1B 
 223 016b 3AD9F105 		.ascii	":\331\361\005\366b'\327B\306\002|\211\205\234xC{\370"
 223      F66227D7 
 223      42C6027C 
 223      89859C78 
 223      437BF8
 224 017e B3DD0CA9 		.ascii	"\263\335\014\251\231Q\017\232`A\005'Y\217\241Xx\340"
 224      99510F9A 
 224      60410527 
 224      598FA158 
 224      78E0
 225 0190 493BC9BC 		.ascii	"I;\311\274\273\011\231dljk\363#\232\030\340+\003\013"
 225      BB099964 
 225      6C6A6BF3 
 225      239A18E0 
 225      2B030B
 226 01a3 EE86D164 		.ascii	"\356\206\321d\024\306`\003o\346\233\256\354\355\350"
 226      14C66003 
 226      6FE69BAE 
 226      ECEDE8
 227 01b2 AFF1757B 		.ascii	"\257\361u{\010\203\201#:9\"\\l\300)\014!0\234\256\246"
 227      08838123 
 227      3A39225C 
 227      6CC0290C 
 227      21309CAE 
 228 01c7 B2DA34E6 		.ascii	"\262\3324\346\351\224\005+\030Z\363\244\004\344\232"
 228      E994052B 
 228      185AF3A4 
 228      04E49A
 229 01d6 D1DC66A2 		.ascii	"\321\334f\242\325D\244X\226]\331\300\220\021@^\270\273"
 229      D544A458 
 229      965DD9C0 
 229      9011405E 
 229      B8BB
 230 01e8 3FB16FC8 		.ascii	"?\261o\310k:eGH\336\362\265\224O/\243\323p\323\023q"
 230      6B3A6547 
 230      48DEF2B5 
 230      944F2FA3 
 230      D370D313 
 231 01fd 46C9ECD1 		.ascii	"F\311\354\321\202\3709\343\340B\006ru:\204o\371$\276"
 231      82F839E3 
ARM GAS  /tmp/ccbMHNo0.s 			page 18


 231      E0420672 
 231      753A846F 
 231      F924BE
 232 0210 499572FB 		.ascii	"I\225r\373\333dL\223|\247\020\371R$\301e4\207i\2069"
 232      DB644C93 
 232      7CA710F9 
 232      5224C165 
 232      34876986 
 233 0225 9D728CB4 		.ascii	"\235r\214\264\324\214q\230\335\231\037\\X\262g\214\203"
 233      D48C7198 
 233      DD991F5C 
 233      58B2678C 
 233      83
 234 0236 FA977148 		.ascii	"\372\227qH\036\214\203\2329\016I\036\207w\3068\314\312"
 234      1E8C839A 
 234      390E491E 
 234      8777C638 
 234      CCCA
 235 0248 02D8FFBB 		.ascii	"\002\330\377\273\331\023\307\272n3\221\213\357\215n"
 235      D913C7BA 
 235      6E33918B 
 235      EF8D6E
 236 0257 A32125A9 		.ascii	"\243!%\251\335\245\344\226\243hPR=#\212\234\2079,\304"
 236      DDA5E496 
 236      A3685052 
 236      3D238A9C 
 236      87392CC4 
 237 026b E32C6110 		.ascii	"\343,a\020\370\001\213\314\036>$3\246\203\303\302w\014"
 237      F8018BCC 
 237      1E3E2433 
 237      A683C3C2 
 237      770C
 238 027d 2EDE4A5A 		.ascii	".\336JZ\31468d\007\232\010\367\371!\014\306\245[\340"
 238      CC363864 
 238      079A08F7 
 238      F9210CC6 
 238      A55BE0
 239 0290 72B9F977 		.ascii	"r\271\371w\245\262\366j\245\317\355\251\252\276T}\336"
 239      A5B2F66A 
 239      A5CFEDA9 
 239      AABE547D 
 239      DE
 240 02a1 EBAEF1BB 		.ascii	"\353\256\361\273\253.\372\334\376\332\012\371_\356\257"
 240      AB2EFADC 
 240      FEDA0AF9 
 240      5FEEAF
 241 02b0 735580E7 		.ascii	"sU\200\347_\344\265\232\332:\277\333[v\256\270\310]"
 241      5FE4B59A 
 241      DA3ABFDB 
 241      5B76AEB8 
 241      C85D
 242 02c2 5A7AC6ED 		.ascii	"Zz\306\355\275\340-;\353)\271~\"u\276\334\347\273\354"
 242      BDE02D3B 
 242      EB29B97E 
 242      2275BEDC 
 242      E7BBEC
 243 02d5 AA82DF7B 		.ascii	"\252\202\337{\275Y\315"
ARM GAS  /tmp/ccbMHNo0.s 			page 19


 243      BD59CD
 244              		.text
 245              		.section	.gnu.lto_stIsAlarmActive.e89be2cb23be1cea,"e",%progbits
 246 0000 789C7D90 		.ascii	"x\234}\220MK\033Q\024\206\317;w\362!%\024w\305\320\037"
 246      4D4B1B51 
 246      1486CF3B 
 246      77F22125 
 246      1477C5D0 
 247 0015 904D269A 		.ascii	"\220M&\232?P\210\033\321\322E\334\270\012\032\205H\203"
 247      3F50881B 
 247      D1D245DC 
 247      B80A1A85 
 247      4883
 248 0027 91247425 		.ascii	"\221$t%x\363\321\004\261\250\033\277J\313\210A\324M"
 248      78F3D104 
 248      B1A81BBF 
 248      4ACB8841 
 248      D44D
 249 0039 8BDBC6DA 		.ascii	"\213\333\306\332\251\255\270-E\024AK\224\010\"\304 "
 249      A9ADB82D 
 249      4514414B 
 249      940822C4 
 249      20
 250 004a AEBA893D 		.ascii	"\256\272\211=wFJ\335\3642wf\3169\317y\337s\257\227@"
 250      77464ADD 
 250      F4327766 
 250      CE39CF79 
 250      DF73AF97 
 251 005f 1B204A11 		.ascii	"\033 J\021\321S\336\020\004MJ\371\314\223\363j\200\375"
 251      D153DE10 
 251      044D4AF9 
 251      CC93F36A 
 251      80FD
 252 0071 27BDA049 		.ascii	"'\275\240I\015\223\230\025\213\002\363S\325#_`]\312"
 252      0D939815 
 252      8B02F353 
 252      D5235F60 
 252      5DCA
 253 0083 BCB4160F 		.ascii	"\274\264\026\017\037\225\012\257\237\230\202h\231\033"
 253      1F950AAF 
 253      9F988268 
 253      991B
 254 0091 C37E84FC 		.ascii	"\303~\204\374\244\026>!@\304\364\371Vk\336\347\326U"
 254      A4163E21 
 254      40C4F4F9 
 254      566BDEE7 
 254      D655
 255 00a3 59A5AB70 		.ascii	"Y\245\253p\263!\321\307\237.K\266\356\312\322\252Wp"
 255      B321D1C7 
 255      9F2E4BB6 
 255      EECAD2AA 
 255      5770
 256 00b5 DAEBD2C8 		.ascii	"\332\353\322\310\024l\315/\235\224\032M\013bo\251CZ"
 256      146CCD2F 
 256      9D941A4D 
 256      0B626FA9 
 256      435A
ARM GAS  /tmp/ccbMHNo0.s 			page 20


 257 00c7 446F84E6 		.ascii	"Do\204\346\004\005\016\256\260\273\375\373d\243~\346"
 257      04050EAE 
 257      B0BBFDFB 
 257      64A37EE6 
 258 00d7 7920AF54 		.ascii	"y \257T\377&\212\012\257M7\\\035\266\245]\375\207\306"
 258      FF268A0A 
 258      AF4D375C 
 258      1DB6A55D 
 258      FD87C6
 259 00ea 67B8B1CD 		.ascii	"g\270\261\315\243\020v\340~/4\256\315\024\232\277\274"
 259      A31076E0 
 259      7E2F34AE 
 259      CD149ABF 
 259      BC
 260 00fb 33C2141A 		.ascii	"3\302\024\032\024zsQ\231}\354\204\2665\247V\336\336"
 260      147A7351 
 260      997DEC84 
 260      B635A756 
 260      DEDE
 261 010d 567C6BA8 		.ascii	"V|k\250\300\024\002\026\374\370\002\277-\273sr\271\356"
 261      C0140216 
 261      FCF802BF 
 261      2DBB7372 
 261      B9EE
 262 011f 097D90C5 		.ascii	"\011}\220\305\234\254\335\256\266\277\2330\205\216\257"
 262      9CACDDAE 
 262      B6BF9B30 
 262      858EAF
 263 012e 58C3129F 		.ascii	"X\303\022\237Dy\021v\021\342\301\013\013\345\3436\307"
 263      44791176 
 263      11E2C10B 
 263      0BE5E336 
 263      C7
 264 013f 5238AEA5 		.ascii	"R8\256\245\275\271\252O\331\000\032\276\261\036C?\312"
 264      BDB9AA4F 
 264      D9001ABE 
 264      B11E433F 
 264      CA
 265 0150 9BC28174 		.ascii	"\233\302\201t\346\030\332o6\016\340@\204\357\014]#_"
 265      E618DA6F 
 265      360EE040 
 265      84EF0C5D 
 265      235F
 266 0162 9B6AB8D4 		.ascii	"\233j\270\324\321\030\"\373\272\2341\221\267T\030\010"
 266      D11822FB 
 266      BA9C3191 
 266      B7541808 
 267 0172 060D7E5E 		.ascii	"\006\015~^\216\244\307F\222F$1:4\372\"j\2442Fb0id\322"
 267      8EA4C746 
 267      92462431 
 267      3A34FA22 
 267      6AA43246 
 268 018b 71F58D65 		.ascii	"q\365\215e\262\3018E\376G\216\247\322\331\214\021\355"
 268      B2C13845 
 268      FE478EA7 
 268      D2D98C11 
 268      ED
ARM GAS  /tmp/ccbMHNo0.s 			page 21


 269 019c 7F1EEE32 		.ascii	"\177\036\3562\372\372\272\215\350@\264\277'\322\373"
 269      FAFABA8D 
 269      E840B4BF 
 269      27D2FB
 270 01ab AAF3BE3F 		.ascii	"\252\363\276?\226L\016\007\023\364\007#,\254\321"
 270      964C0E07 
 270      13F40723 
 270      2CACD1
 271              		.text
 272              		.section	.gnu.lto_.symbol_nodes.e89be2cb23be1cea,"e",%progbits
 273 0000 789C758F 		.ascii	"x\234u\217\313\015\0021\014Dg\354\015Y>= !:\240\001"
 273      CB0D0231 
 273      0C4467EC 
 273      0D593E3D 
 273      20213AA0 
 274 0015 28890A9C 		.ascii	"(\211\012\234\022\270r\247\012j@T\201\020\377\377\035"
 274      12B872A7 
 274      0A6A4054 
 274      8110FFFF 
 274      1D
 275 0026 1602EC25 		.ascii	"\026\002\354%\361\311zoF\226K\020c\002\220\015\015\241"
 275      F1C97A6F 
 275      46964B10 
 275      6302900D 
 275      0DA1
 276 0038 9A829325 		.ascii	"\232\202\223%`\300<\214\3606\220-\215\031\265\243IZ"
 276      60C03C8C 
 276      F036902D 
 276      8D19B5A3 
 276      495A
 277 004a B91B117A 		.ascii	"\271\033\021z\200\312\236\246\231\372\201Vd\352w2\326"
 277      80CA9EA6 
 277      99FA8156 
 277      64EA7732 
 277      D6
 278 005b 8F3497C9 		.ascii	"\2174\227\311<(1s\2425\322\031\236i\376\371\235\356"
 278      3C283173 
 278      A235D219 
 278      9E69FEF9 
 278      9DEE
 279 006d 47A3FA73 		.ascii	"G\243\372sX\231+\255L\233\013\255\2314\212V<\323W\351"
 279      58992BAD 
 279      4C9B0BAD 
 279      99348A56 
 279      3CD357E9 
 280 0081 C46D4695 		.ascii	"\304mF\225\366z1\035pEu5t\177\350k\350\177\020/syn["
 280      F67A311D 
 280      70457535 
 280      747FE86B 
 280      E87F102F 
 281              		.text
 282              		.section	.gnu.lto_.refs.e89be2cb23be1cea,"e",%progbits
 283 0000 789CE360 		.ascii	"x\234\343``d\020````dbbfgdebcgdg\342`g\000\000\003\372"
 283      60641060 
 283      60606064 
 283      62626667 
 283      64656263 
ARM GAS  /tmp/ccbMHNo0.s 			page 22


 284 001e 0057     		.ascii	"\000W"
 285              		.text
 286              		.section	.gnu.lto_.decls.e89be2cb23be1cea,"e",%progbits
 287 0000 789CB558 		.ascii	"x\234\265XkPTG\026\276}{\006\206aF\014\211I\252\374"
 287      6B505447 
 287      16BE7D7B 
 287      06866146 
 287      0C8949AA 
 288 0015 A35913DD 		.ascii	"\243Y\023\335\324F|\325\272\251\332JE\307\224q7&Y0\273"
 288      D4467CD5 
 288      BAA9DA4A 
 288      45C79471 
 288      37265930 
 289 002a 9BCD6E4D 		.ascii	"\233\315nM\0212\011\324\"X0f\223?\233\313CD$\212\370"
 289      113209D4 
 289      22583066 
 289      933F9BCB 
 289      4344248A 
 290 003f 4230F210 		.ascii	"B0\362\020\024\025\020\004\005y\310\000\362\220\207"
 290      14151004 
 290      0579C800 
 290      F29087
 291 004e 80F21244 		.ascii	"\200\362\022D\036BTP\304\267\002\312\236\356\276\303"
 291      1E425450 
 291      C4B702CA 
 291      9EEEBEC3 
 292 005e F45C1C2B 		.ascii	"\364\\\034+\371\261\327\034\246O\367\327_\177\347t\337"
 292      F9B1D71C 
 292      A64FF7D7 
 292      5F7FE774 
 292      DF
 293 006f EEBED108 		.ascii	"\356\276\321\010H\370\347,A\020\260 \214\212\2020\011"
 293      48F8E72C 
 293      4110B020 
 293      8C8A8230 
 293      09
 294 0080 8F06DC66 		.ascii	"\217\006\334fV%\224\2015\2029\011\354\321\202\265\200"
 294      56259481 
 294      35823909 
 294      ECD182B5 
 294      80
 295 0091 B5837581 		.ascii	"\265\203u\201u\203\365\200\365\201]\007\033\002\273"
 295      7583F580 
 295      F5815D07 
 295      1B02BB
 296 00a0 0D3626F7 		.ascii	"\0156&\367W!Ap\006\323\"\301\3569\202X\273/\230+\224"
 296      57214170 
 296      06D322C1 
 296      EE398258 
 296      BB2F982B 
 297 00b5 2FCAF5A2 		.ascii	"/\312\365\242\314?$L\177\216\003\216hs\007{E\3266\037"
 297      CC3F244C 
 297      7F8E038E 
 297      6873077B 
 297      45D6361F 
 298 00c9 EC2DB0BF 		.ascii	"\354-\260\277@\333\247`\257\200\221\241\376\204\030"
 298      40DBA760 
ARM GAS  /tmp/ccbMHNo0.s 			page 23


 298      AF8091A1 
 298      FE8418
 299 00d8 17D1E985 		.ascii	"\027\321\351\205\246s\345C\335K\362\370<\237\223\314"
 299      A673E543 
 299      DD4BF2F8 
 299      3C9F93CC 
 300 00e8 39A0E05C 		.ascii	"9\240\340\\\007\366\031\330_\301\376F\370\300F\340\347"
 300      07F619D8 
 300      5FC1FE46 
 300      F8C046E0 
 300      E7
 301 00f9 37721C6B 		.ascii	"7r\034k\340\367\217`\0060\265\234\233\317\021\313\003"
 301      E0F78F60 
 301      0630B59C 
 301      9BCF11CB 
 301      03
 302 010a C9C717B2 		.ascii	"\311\307\027\262.\225BK\021\370*Y\2072\2065r\014$\307"
 302      2E95424B 
 302      11F82A59 
 302      87328635 
 302      720C24C7 
 303 011e FF7A4E0C 		.ascii	"\377zN\014\245\016b\030\340\342p\024\003\231\323\363"
 303      A50E6218 
 303      E0E27014 
 303      0399D3F3 
 304 012e 822D0691 		.ascii	"\202-\006\221\213\201\350\357Q\3507\312\232\234\025"
 304      8B81E8EF 
 304      51E837CA 
 304      9A9C15
 305 013d 3A2A640D 		.ascii	":*d\015\216\306W\316\315\257\321\320\247\320\340-kP"
 305      8EC657CE 
 305      CDAFD1D0 
 305      A7D0E02D 
 305      6B50
 306 014f AEA56619 		.ascii	"\256\245f\031?\360\234\230\371<^\227\371\224\317^\214"
 306      3FF09C98 
 306      F93C5E97 
 306      F994CF5E 
 306      8C
 307 0160 0E9ECC4C 		.ascii	"\016\236\314Lw\333\206\321[Z49\211\241\242\372\366\255"
 307      77DB86D1 
 307      5B5A3439 
 307      89A1A2FA 
 307      F6AD
 308 0172 16C42A48 		.ascii	"\026\304*H{\365\3171\207\335\260H\313\335\307\244>\027"
 308      7BF5CF31 
 308      87DDB048 
 308      CBDDC7A4 
 308      3E17
 309 0184 8F4C893D 		.ascii	"\217L\211=\232/\004T\214\260\215j\373\311\256\0117\274"
 309      9A2F0454 
 309      8CB08D6A 
 309      FBC9AE09 
 309      37BC
 310 0196 8C42232A 		.ascii	"\214B#*c\212\364\300\342\256E\"\270\311\255M\241\204"
 310      638AF4C0 
 310      E2AE4522 
ARM GAS  /tmp/ccbMHNo0.s 			page 24


 310      B8C9AD4D 
 310      A184
 311 01a8 F4152D9A 		.ascii	"\364\025-\232\011\256\324\225\276{\2066R\222B\245\230"
 311      09AED495 
 311      BE7B8636 
 311      529242A5 
 311      98
 312 01b9 3049BD40 		.ascii	"0I\275@@\0264\033\225\242\331\002:\203\350\320%\310"
 312      4016341B 
 312      95A2D902 
 312      3A83E8D0 
 312      25C8
 313 01cb 0315415D 		.ascii	"\003\025A]!\251+CZ\350t%\364\247\307:F\251\002wWm\336"
 313      21A92B43 
 313      5AE87425 
 313      F4A7C73A 
 313      46A90277 
 314 01e2 392DA39C 		.ascii	"9-\243\234\003nYEl\033b\255\004\334v<=COF\220\244\244"
 314      036E5945 
 314      6C1B62AD 
 314      04DC763C 
 314      3D434F46 
 315 01f9 30C9E543 		.ascii	"0\311\345CR_\001|\345\300'\240J\244\025\220\307lt\026"
 315      525F017C 
 315      E5C027A0 
 315      4AA41590 
 315      C76C7416 
 316 020d 3C00D755 		.ascii	"<\000\327U]\213\307\254\257+\270O\257\225g\251\031s"
 316      5D8BC7AC 
 316      AF2BB84F 
 316      AF9567A9 
 316      1973
 317 021f 07696E7D 		.ascii	"\007in}\\2\246\303\357\221\270pH\324\330%\214\264\263"
 317      5C32A6C3 
 317      EF91B870 
 317      48D4D825 
 317      8CB4B3
 318 0232 1170211A 		.ascii	"\021p!\032\200tP\302\257\013h\351l\264\010\244\326\200"
 318      807450C2 
 318      AF0B68E9 
 318      6CB408A4 
 318      D680
 319 0244 FC7384BD 		.ascii	"\374s\204\275\026\000u@\277O\322\320\212}\022\240G\177"
 319      16007540 
 319      BF4FD2D0 
 319      8A7D12A0 
 319      477F
 320 0256 A065E0BC 		.ascii	"\240e\340\274\267\355\221\217{\014\221\007\177\336G"
 320      B7ED918F 
 320      7B0C9107 
 320      7FDE47
 321 0265 A41A5543 		.ascii	"\244\032UC\227*\252\257\036\2713\2214\257\221\003\017"
 321      972AAAAF 
 321      1EB93391 
 321      34AF9103 
 321      0F
 322 0276 4A5CB5F2 		.ascii	"J\\\265\362`\341/\032\014\300\235\233\352\233\325<s"
ARM GAS  /tmp/ccbMHNo0.s 			page 25


 322      60E12F1A 
 322      0CC09D9B 
 322      EA9BD53C 
 322      73
 323 0287 C30B980B 		.ascii	"\303\013\230\013Nv\347\271\350\242\0103\313\322y\344"
 323      4E76E7B9 
 323      E8A20833 
 323      CBD279E4 
 324 0297 CEA5A911 		.ascii	"\316\245\251\021\351\004\366C\246\260\273\267\324\245"
 324      E904F643 
 324      A6B0BBB7 
 324      D4A5
 325 02a5 0FF520B2 		.ascii	"\017\365 \262\240\020\332\212\221@\376\221?te\321_D"
 325      A010DA8A 
 325      9140FE91 
 325      3F7465D1 
 325      5F44
 326 02b7 CAC426AD 		.ascii	"\312\304&\255\017\"\217\214\023\344ei\255c?\326?\254"
 326      0F228F8C 
 326      13E46569 
 326      AD633FD6 
 326      3FAC
 327 02c9 4E945944 		.ascii	"N\224YDy]!\326\207\261S\227\243f\355Hn\267\222\260\016"
 327      795D21D6 
 327      87B15397 
 327      A366ED48 
 327      6EB792B0 
 328 02de 4C95ADA3 		.ascii	"L\225\255\243\\%\312\303\361=\3204\3056Ba\212\324\372"
 328      5C25CAC3 
 328      F13DD034 
 328      C5364261 
 328      8AD4FA
 329 02f1 A0A9057F 		.ascii	"\240\251\005\177\340\351\217\2113\372Qo\010$\2737gB"
 329      E0E98F89 
 329      33FA516F 
 329      0824BB37 
 329      6742
 330 0303 27A05931 		.ascii	"'\240Y1s\004\272\3767\237\030\351Q\343\177\320\362\356"
 330      7304BAFE 
 330      379F18E9 
 330      51E37FD0 
 330      F2EE
 331 0315 94B32D2E 		.ascii	"\224\263-.\257\355\246S\022&\315\024\221\357\253S\353"
 331      AFEDA653 
 331      1226CD14 
 331      91EFAB53 
 331      EB
 332 0326 5D4017D1 		.ascii	"]@\027\321k\002\332\250b\214\215\351\317\2625o$I\275"
 332      6B02DAA8 
 332      628C8DE9 
 332      CFB2356F 
 332      2449BD
 333 0339 BD92A571 		.ascii	"\275\222\245q\377\262\270\372\010\251\011\272\275Oa"
 333      FFB2B8FA 
 333      08A909BA 
 333      BD4F61
 334 0348 E802CC37 		.ascii	"\350\002\3147\274\030T\004\224\005\324\214\372\021j"
ARM GAS  /tmp/ccbMHNo0.s 			page 26


 334      BC185404 
 334      9405D48C 
 334      FA116A
 335 0357 427D446F 		.ascii	"B}Do\013z\003\010Nw\214\207;\343\255\210\016\\S\020"
 335      0B7A0308 
 335      4E778C87 
 335      3BE3AD88 
 335      0E5C5310 
 336 036b BD8A1F17 		.ascii	"\275\212\037\027\336#n\3406~\340\330\355\215\017\365"
 336      DE236EE0 
 336      367EE0D8 
 336      ED8D0FF5 
 337 037b F2C0CFF6 		.ascii	"\362\300\317\366\277\232\034&\245C\2679\004\204Z\271"
 337      BF9A1C26 
 337      A543B739 
 337      04845AB9 
 338 038b 615B95C3 		.ascii	"a[\225\303\266\323a\3032:\243\3248\216\015\233s\343"
 338      B6D361C3 
 338      323AA3D4 
 338      388E0D9B 
 338      73E3
 339 039d C05D9D0A 		.ascii	"\300]\235\012&\220\016\010#@\335\231\242\222\243*\207"
 339      26900E08 
 339      2340DD99 
 339      A292A32A 
 339      87
 340 03ae 39E82452 		.ascii	"9\350$R.!Y\313\263\304\232cSZ\016\350\342%\013,|I$("
 340      2E2159CB 
 340      B3C49A63 
 340      535A0EE8 
 340      E2250B2C 
 341 03c6 D4C169E9 		.ascii	"\324\301i\351Pj\351\242Z\316\215\237\230\201\323\230"
 341      506AE9A2 
 341      5ACE8D9F 
 341      9881D398 
 342 03d6 949D1585 		.ascii	"\224\235\025\205w\260L5\264`\212\211$\3632\307tY\311"
 342      77B04C35 
 342      B4608A89 
 342      24F332C7 
 342      7459C9
 343 03e9 D44D9962 		.ascii	"\324M\231bs\037%\252q\016\243\352\232\250\257q\222\251"
 343      731F25AA 
 343      710EA3EA 
 343      9AA8AF71 
 343      92A9
 344 03fb 3ADFB613 		.ascii	":\337\266\023u\205\243\272\242\244\352\241T\031\367"
 344      7585A3BA 
 344      A2A4EAA1 
 344      5419F7
 345 040a 9B4EE871 		.ascii	"\233N\350q1\243J\331\264\353;\231\351J\206}\256{9\252"
 345      31A34AD9 
 345      B4EB3B99 
 345      E94A867D 
 345      AE7B39AA 
 346 041e 5E25551F 		.ascii	"^%U\037\245\212\2744dQ\341jF\325Py1\316\031\267S\007"
 346      A58ABC34 
 346      6451E16A 
ARM GAS  /tmp/ccbMHNo0.s 			page 27


 346      46D55079 
 346      31CE19B7 
 347 0434 97A5B6E7 		.ascii	"\227\245\266\347\272 \027\2669m\246\373EX\314L4\265"
 347      BA2017B6 
 347      396DA6FB 
 347      4558CC4C 
 347      34B5
 348 0446 5F5C05F2 		.ascii	"_\\\005\362\001\344\"\240A\000\374,oN\244\202nN3i\221"
 348      01E422A0 
 348      4100FC2C 
 348      6F4EA482 
 348      6E4E3369 
 349 045b EC770D97 		.ascii	"\354w\015\227\016`~\256\240\236\233\254k\374\272\251"
 349      0E607EAE 
 349      A09E9BAC 
 349      6BFCBAA9 
 350 046b BB5FF099 		.ascii	"\273_\360\2315\224,y\252BD\202\001\335\266P\372\225"
 350      35942C79 
 350      AA424482 
 350      01DDB650 
 350      FA95
 351 047d A15CA7A1 		.ascii	"\241\\\247\241\334\211\276\235\344\206\273Y(m\315\331"
 351      DC89BE9D 
 351      E486BB59 
 351      286DCDD9 
 352 048d A92AC225 		.ascii	"\251*\302%\301\332/Y\226\021\026\361\243\224\214\330"
 352      C1DA2F59 
 352      961116F1 
 352      A3948CD8 
 353 049d CABFC171 		.ascii	"\312\277\301q\335\220\317\0344D9,\243\251q\030g\262"
 353      DD90CF1C 
 353      3444392C 
 353      A3A97118 
 353      67B2
 354 04af 13AA77A4 		.ascii	"\023\252w\244<\006\363\033\032\331\375l\033\332M\272"
 354      3C06F31B 
 354      1AD9FD6C 
 354      1BDA4DBA 
 355 04bf A101AEF6 		.ascii	"\241\001\256\366\324\316b=]\242P%/\321\252\334\354C"
 355      D4CE623D 
 355      5DA25025 
 355      2FD1AADC 
 355      EC43
 356 04d1 C8E1121D 		.ascii	"\310\341\022\035!Q\337\262.\321#MM\315jY\353\370\371"
 356      2151DFB2 
 356      2ED1234D 
 356      4DCD6A59 
 356      EBF8F9
 357 04e4 79457952 		.ascii	"yEyR\270\232@\3200't\330*\3646\025\372\344R\342\230"
 357      B89A40D0 
 357      302774D8 
 357      2AF43615 
 357      FAE452E2 
 358 04f9 1E0F32A1 		.ascii	"\036\0172\241\231\241\343\225\032\374\2209w\257\\N'"
 358      99A1E395 
 358      1AFC9039 
 358      77AF5C4E 
ARM GAS  /tmp/ccbMHNo0.s 			page 28


 358      27
 359 050a 2F0CBA43 		.ascii	"/\014\272C{\220i=~c\253\023\236`\315y\303;\023\324\244"
 359      7B90693D 
 359      7E63AB13 
 359      9E60CD79 
 359      C33B13D4 
 360 051f F91EC9E2 		.ascii	"\371\036\311\342]D\325f\207X\016\353q\010\246\210\362"
 360      5D44D566 
 360      87580EEB 
 360      7108A688 
 360      F2
 361 0530 AEC16BCE 		.ascii	"\256\301k\316\004\361\200 \3563DV\306x\266\226\306\350"
 361      04F18020 
 361      EE334456 
 361      C678B696 
 361      C6E8
 362 0542 647D0BFB 		.ascii	"d}\013\373\016\017n\264\326<b\250=\215\3457\355&\333"
 362      0E0F6EB4 
 362      D63C62A8 
 362      3D8DE537 
 362      ED26DB
 363 0555 89DF239E 		.ascii	"\211\337#\236\220\250\037[\243\226\316$\205\352 \352"
 363      90A81F5B 
 363      A396CE24 
 363      85EA20EA 
 364 0565 D1242929 		.ascii	"\321$))^Z\031*EK\226\\\221\200\320\2505n\364\020\320"
 364      5E5A192A 
 364      454B965C 
 364      9180D0A8 
 364      356EF410 
 365 057a C465A18F 		.ascii	"\304e\241\217\321\320\217<\330\226\240e\007,9J\0227"
 365      D1D08F3C 
 365      D896A065 
 365      072C394A 
 365      1237
 366 058c 0F383E9B 		.ascii	"\0178>\233'\344\263y\234\235g\371U\327\323\344S_\017"
 366      27E4B379 
 366      9C9D67F9 
 366      55D7D3E4 
 366      535F0F
 367 059f 6E458CA5 		.ascii	"nE\214\245\314\211\235\315\327Is\177NA\250\253\362 "
 367      CC899DCD 
 367      D749737F 
 367      4E41A8AB 
 367      F220
 368 05b1 7D06644F 		.ascii	"}\006dO)\331$9\356&\254\307]\354\356\366l\254<\033\035"
 368      29D92439 
 368      EE26ACC7 
 368      5DECEEF6 
 368      6CAC3C1B 
 369 05c6 815B7645 		.ascii	"\201[vE\334r\231\273\005'\302;\"\211\356\264\177r\316"
 369      DC7299BB 
 369      0527C23B 
 369      2289EEB4 
 369      7F72CE
 370 05d9 634CEE48 		.ascii	"cL\356H\304In\270\267G\213\323\230s\270\272=\032\275"
 370      C4496EB8 
ARM GAS  /tmp/ccbMHNo0.s 			page 29


 370      B7478BD3 
 370      9873B8BA 
 370      3D1ABD
 371 05ec 79506AB2 		.ascii	"yPj\262\220}{^\342!)2&\204\366Ca\"&\033\0237N(\324\204"
 371      907D7B5E 
 371      E2212932 
 371      2684F643 
 371      6122261B 
 372 0606 8873A114 		.ascii	"\210s\241\024.\276I\026\376\211\242\022<7\213\216\004"
 372      2EBE4916 
 372      FE89A212 
 372      3C378B8E 
 372      04
 373 0617 07303D07 		.ascii	"\0070=\007&\217>S\343BF>\270y\300\242\223\311\207\336"
 373      268F3E53 
 373      E342463E 
 373      B879C0A2 
 373      93C987DE 
 374 062b 0E49B284 		.ascii	"\016I\262\204\317\241\0075a\206\335\205;\335#\240f\023"
 374      CFA10735 
 374      6186DD85 
 374      3BDD23A0 
 374      6613
 375 063d 65DE4C99 		.ascii	"e\336L\231\207\223n\346\210skx\346\312\253\005\347\364"
 375      87936EE6 
 375      88736B78 
 375      E6CAAB05 
 375      E7F4
 376 064f B88531B7 		.ascii	"\270\2051\267\327\236\312\324X\231\177g\317\334g\307"
 376      D79ECAD4 
 376      58997F67 
 376      CFDC67C7 
 377 065f BC056A22 		.ascii	"\274\005j\")s\024e\276Z9rO\317\277h\344-\265M\342V\221"
 377      29731465 
 377      BE5A3972 
 377      4FCFBF68 
 377      E42DB54D 
 378 0676 DE1CE087 		.ascii	"\336\034\340\207\273O\271\313\367\251\322\311=\245*"
 378      BB4FB9CB 
 378      F7A9D2C9 
 378      3DA52A
 379 0685 E66BC8F1 		.ascii	"\346k\310\361x\264lB\307\246\324B\232O\305\344G\310"
 379      78B46C42 
 379      C7A6D442 
 379      9A4FC5E4 
 379      47C8
 380 0697 CD4DC4AF 		.ascii	"\315M\304\257h\253\036U\341~\246\2708\342\351\031gh"
 380      68AB1E55 
 380      E17EA6B8 
 380      38E2E919 
 380      6768
 381 06a9 9C4FAEAB 		.ascii	"\234O\256\253\223\223n\334\205u>\273\260\036I\335\221"
 381      93936EDC 
 381      85753EBB 
 381      B01E49DD 
 381      91
 382 06ba E284AF33 		.ascii	"\342\204\2573\370\271\211\312j\035YjaL\2460\245\021"
ARM GAS  /tmp/ccbMHNo0.s 			page 30


 382      F8B989CA 
 382      6A1D596A 
 382      614CA630 
 382      A511
 383 06cc ED146917 		.ascii	"\355\024i\027r\321\214\025g\243\035\"]n\365\365\343"
 383      72D18C15 
 383      67A31D22 
 383      5D6EF5F5 
 383      E3
 384 06dd 0D6A7C87 		.ascii	"\015j|\207\365\256Kh\012\221\227m\015\361w\025V\024"
 384      F5AE4B68 
 384      0A91976D 
 384      0DF17715 
 384      5614
 385 06ef B9E2FBAC 		.ascii	"\271\342\373\254\361jT\177\205\023~\302\034k\014\356"
 385      F16A547F 
 385      85137EC2 
 385      1C6B0CEE 
 386 06ff 720C895D 		.ascii	"r\014\211]\017j\021~\312\032+\362\273n\210\254q\021"
 386      0F6A117E 
 386      CA1A2BF2 
 386      BB6E88AC 
 386      7111
 387 0711 77177667 		.ascii	"w\027vgw\341\314\311k\011n,|\011\201_r\341\362\3738"
 387      77E1CCC9 
 387      6B096E2C 
 387      7C09815F 
 387      72E1F2FB 
 388 0726 54457B86 		.ascii	"TE{\206\266f\344\317`P\262\354\252\332\252j5\016_\234"
 388      B666E4CF 
 388      6050B2EC 
 388      AADAAA6A 
 388      350E5F9C 
 389 073a 2491BD38 		.ascii	"$\221\2758\211,\222\370\336c\311:vk\374e\241\247\334"
 389      892C92F8 
 389      DE63C93A 
 389      766BFC65 
 389      A1A7DC
 390 074d DA2FB9D8 		.ascii	"\332/\271\330\336\016\025J\026\265\350'h\337/\022\372"
 390      DE0E154A 
 390      16B5E827 
 390      68DF2F12 
 390      FA
 391 075e 147807E8 		.ascii	"\024x\007\350\030\364\355xp\256\343\210+\017\336\365"
 391      18F4ED78 
 391      70AEE388 
 391      2B0FDEF5 
 392 076e 0270D6C1 		.ascii	"\002p\326\301\264\275Z\034\301b\032L\2719\213\205\264"
 392      B4BD5A1C 
 392      C1621A4C 
 392      B9398B85 
 392      B4
 393 077f 00BC430F 		.ascii	"\000\274C\017\213\30248\2125\355<\363S\2033\336\306"
 393      8BC23438 
 393      8A35ED3C 
 393      F3538333 
 393      DEC6
ARM GAS  /tmp/ccbMHNo0.s 			page 31


 394 0791 1CEBFDDE 		.ascii	"\034\353\375\336\235\335\357C\333W\342X\326R\272#\266"
 394      9DDDEF43 
 394      DB57E258 
 394      D652BA23 
 394      B6
 395 07a2 1BE13DCC 		.ascii	"\033\341=\314\311<\025\235\340\314`\257\223\211\250"
 395      C93C159D 
 395      E0CC60AF 
 395      9389A8
 396 07b1 1B9E8F13 		.ascii	"\033\236\217\023X\323\263\232\212\3718\231\225\253N"
 396      58D3B39A 
 396      8AF93899 
 396      95AB4E
 397 07c0 A51F46F8 		.ascii	"\245\037F\3700s\356\306W\015k\3611\346$]"
 397      3073EEC6 
 397      570D6BF1 
 397      31E6245D 
 398 07d0 D85FA0C1 		.ascii	"\330_\240\301Y\3149\364x\317!\035\316eN\313\351\326"
 398      59CC39F4 
 398      78CF211D 
 398      CE654ECB 
 398      E9D6
 399 07e2 48575CC0 		.ascii	"HW\\\300\234\310\234\2348W\\\314\234\302\326\272\024"
 399      9CC89C9C 
 399      38575CCC 
 399      9CC2D6BA 
 399      14
 400 07f3 795E7A89 		.ascii	"y^z\211\337\234W\274K#\317\241\023\370Q\027\352\037"
 400      DF9C57BC 
 400      4B23CFA1 
 400      13F85117 
 400      EA1F
 401 0805 216C61E0 		.ascii	"!la\340\374\222\316\3553\034\316Z\276<k\213\350\034"
 401      FC92CEED 
 401      331CCE5A 
 401      BE3C6B8B 
 401      E81C
 402 0817 448EA459 		.ascii	"D\216\244Yt\3129\330\006i\375\221\246\265\200\2445\337"
 402      74CA39D8 
 402      0669FD91 
 402      A6B580A4 
 402      35DF
 403 0829 9AD6CC8E 		.ascii	"\232\326\314\216;\203X9\007\016\300\263\266\244\346"
 403      3B835839 
 403      070EC0B3 
 403      B6A4E6
 404 0838 9C7641F3 		.ascii	"\234vA\363\246?/\317K\221\302\303$\313\3558\234\225"
 404      A63F2FCF 
 404      4B91C2C3 
 404      24CBED38 
 404      9C95
 405 084a 33D01C22 		.ascii	"3\320\034\"\245.\242D1\260H\032\304\2279\251\333)m\005"
 405      A52EA244 
 405      31B0481A 
 405      C49739A9 
 405      DB296D05 
 406 085e 29B32EB5 		.ascii	")\263.\265?\300\201\037\356D\3419\323\340L\305b\206"
ARM GAS  /tmp/ccbMHNo0.s 			page 32


 406      3FC0811F 
 406      EE44E139 
 406      D3E04CC5 
 406      6286
 407 0870 0E912CFD 		.ascii	"\016\221,\375\2218\204\302\017\302\256x@\206\333\226"
 407      913884C2 
 407      0FC2AE78 
 407      4086DB96 
 408 0880 4C8292FD 		.ascii	"L\202\222\375B$\266\321\037\232F\237\246\304\337\345"
 408      4224B6D1 
 408      1F9A469F 
 408      A6C4DFE5 
 409 0890 D4644C83 		.ascii	"\324dL\203\037S\302\3139\370\211ip\017\005z\354\277"
 409      1F53C2CB 
 409      39F88969 
 409      700F057A 
 409      ECBF
 410 08a2 3674EEF3 		.ascii	"6t\356\363\321\213\247\300\235\274\362\324i\350\004"
 410      D18BA7C0 
 410      9DBCF2D4 
 410      69E804
 411 08b1 51018FE2 		.ascii	"Q\001\217\342\340q\323\340{\224pN\370\361i\350\375\012"
 411      E071D3E0 
 411      7B94704E 
 411      F8F169E8 
 411      FD0A
 412 08c3 F41087CE 		.ascii	"\364\020\207\316t\220\025\333\034\215E\311st\032\346"
 412      749015DB 
 412      1C8D45C9 
 412      73741AE6 
 413 08d3 E8940CB7 		.ascii	"\350\224\014\267-\251h\005y?\257|\257\003\345|\0269"
 413      2DA96805 
 413      793FAF7C 
 413      AF03E57C 
 413      1639
 414 08e5 3147A7C1 		.ascii	"1G\247\301\323\025\354\265|\032\017;X\0006\370\005\216"
 414      D315ECB5 
 414      7C1A0F3B 
 414      580036F8 
 414      058E
 415 08f7 3CDBC16A 		.ascii	"<\333\301j\344\347\237g?\342@\014\207\037\342c\335\355"
 415      E4E79F67 
 415      3FE2400C 
 415      871FE263 
 415      DDED
 416 0909 E0E5E0F2 		.ascii	"\340\345\340\362\316\323\307O\203\357\263\321\357\220"
 416      CED3C74F 
 416      83EFB3D1 
 416      EF90
 417 0917 5F60895C 		.ascii	"_`\211\\\234NB\256\363h\033\301\223\035\332\"\316C\245"
 417      9C4E42AE 
 417      F3681BC1 
 417      931DDA22 
 417      CE43A5
 418 092a 604560E7 		.ascii	"`E`\347\300*\300\316\203\235\005;\003V\015V\013V\003"
 418      C02AC0CE 
 418      839D053B 
ARM GAS  /tmp/ccbMHNo0.s 			page 33


 418      03560D56 
 418      0B5603
 419 093d 56025606 		.ascii	"V\002V\006V\014V\017V\016V\005V\007V\010V)\316#\267"
 419      560C560F 
 419      560E5605 
 419      56075608 
 419      5629CE23 
 420 0952 3279F2B8 		.ascii	"2y\362\270|e9XGT \371??\365m\35130\334q\351\261\330"
 420      7C653958 
 420      475420F9 
 420      3F3FF56D 
 420      E93330DC 
 421 096a 5290AB7F 		.ascii	"R\220\253\177\371\271\262Q\243L\364\177RN\276p+\363"
 421      F9B9B251 
 421      A34CF47F 
 421      524EBE70 
 421      2BF3
 422 097c 6B5CF99B 		.ascii	"k\\\371\233G\223\235\356fv\363h\2467\217'\211G'\364"
 422      47939DEE 
 422      6676F368 
 422      A6378F27 
 422      894727F4 
 423 0990 3886C9BE 		.ascii	"8\206\311\276Y\024=\354\012\267W\013|\253\324\225\314"
 423      59143DEC 
 423      0AB7570B 
 423      7CABD495 
 423      CC
 424 09a1 395E41BF 		.ascii	"9^A\277\255\223>\244_\302\350\202\310}[\213\212\257"
 424      AD933EA4 
 424      5FC2E882 
 424      C87D5B8B 
 424      8AAF
 425 09b3 958B22B9 		.ascii	"\225\213\"\271\305n\251\274\333h\367q\361\304\356\316"
 425      C56EA9BC 
 425      DB68F771 
 425      F1C4EECE 
 426 09c3 D3C2466E 		.ascii	"\323\302Fn\241#\237o\037k\322X\257\325\341/\270V\243"
 426      A1239F6F 
 426      1F6BD258 
 426      AFD5E12F 
 426      B856A3
 427 09d6 56F135C0 		.ascii	"V\3615\300\247=L\223f\360\334#v\334m\214\273\215r\227"
 427      A73D4C93 
 427      66F0DC23 
 427      76DC6D8C 
 427      BB8D7297 
 428 09ea DC1868B2 		.ascii	"\334\030h\262\303\222k\246\015\333\316\260\355L\307"
 428      C3926BA6 
 428      0DDBCEB0 
 428      ED4CC7
 429 09f9 444D8E13 		.ascii	"DM\216\023>\3102\320Sv\266\320M\316@U\015\316\310\223"
 429      3EC832D0 
 429      5376B6D0 
 429      4DCE4055 
 429      0DCEC893 
 430 0a0d A44D9254 		.ascii	"\244M\222T\256\242\237k\035\\\002:\224\011\270D\023"
 430      AEA29F6B 
ARM GAS  /tmp/ccbMHNo0.s 			page 34


 430      1D5C023A 
 430      9409B844 
 430      13
 431 0a1e 909C7B3F 		.ascii	"\220\234{?^\217\013\031\331\355m\205\217\2642\331\335"
 431      5E8F0B19 
 431      D9ED6D85 
 431      8FB432D9 
 431      DD
 432 0a2f 02CC3EFD 		.ascii	"\002\314>\375\222\331\007q'\307\325\251\344\352\242"
 432      92D90771 
 432      27C7D5A9 
 432      E4EAA2
 433 0a3e 5C5D93A7 		.ascii	"\\]\223\247\223\364\270\201q\305\\\335\233\206\255\\"
 433      93F4B881 
 433      71C55CDD 
 433      9B86AD5C 
 434 0a4e 85362EFA 		.ascii	"\2056.\372\235\316q]VruS\256\322\033\251\361*\334\303"
 434      9DCE715D 
 434      56727553 
 434      AED21BA9 
 434      F12ADCC3 
 435 0a62 B8C6261E 		.ascii	"\270\306&\036\2149Y\271\212\355u]\341\270\256(\271z"
 435      8C3959B9 
 435      8AED755D 
 435      E1B8AE28 
 435      B97A
 436 0a74 28D7A9BD 		.ascii	"(\327\251\275\273\337\303\243\214\252\360D\302\270F"
 436      BBDFC3A3 
 436      8CAAF044 
 436      C2B846
 437 0a83 A66A3B83 		.ascii	"\246j;\203OO\345\213~\251s\\\275J\256>\361\015a\301"
 437      4F4FE58B 
 437      7EA9735C 
 437      BD4AAE3E 
 437      F10D61C1 
 438 0a97 C2851EF0 		.ascii	"\302\205\036\360\337\277MA\001&\177\017\203\257\337"
 438      DFBF4D41 
 438      01267F0F 
 438      83AFDF
 439 0aa6 977E9F78 		.ascii	"\227~\237xy\004\006{\370z\373{\004\007\371\220_c\260"
 439      7904067B 
 439      F87AFB7B 
 439      0407F990 
 439      5F63B0
 440 0ab9 79A18F66 		.ascii	"y\241\217f\365\307\237\3151\274\373\256\340\022\374"
 440      F5C79FCD 
 440      31BCFBAE 
 440      E012FC
 441 0ac8 7DB0D96F 		.ascii	"}\260\331o\275\311hV\371\370z\007\211\313\004\215w\320"
 441      BDC96856 
 441      F9F87A07 
 441      89CB048D 
 441      77D0
 442 0ada FA6F97BF 		.ascii	"\372o\227\277\263^\320\372\004\006\231M\337\275\263"
 442      B35ED0FA 
 442      0406994D 
 442      DFBDB3
ARM GAS  /tmp/ccbMHNo0.s 			page 35


 443 0ae9 7EA9E014 		.ascii	"~\251\340\024l^\023\340g\376\355/\245\027t\301\346\325"
 443      6C5E13E0 
 443      67FEED2F 
 443      A51774C1 
 443      E6D5
 444 0afb 26B32170 		.ascii	"&\263!pc\200\331\024\004\216\227\331;\310\274\302\037"
 444      6380D914 
 444      048E97D9 
 444      3BC8BCC2 
 444      1F
 445 0b0c A85D8913 		.ascii	"\250]\211\023\270\201\226\265P6\231\255\305\325r\321"
 445      B88196B5 
 445      503699AD 
 445      C5D572D1 
 446 0b1c 0D060BA6 		.ascii	"\015\006\013\246\245\025>f\277oMj\343\312\300@\177\350"
 446      A5153E66 
 446      BF6F4D6A 
 446      E3CAC040 
 446      7FE8
 447 0b2e 67F4F7FF 		.ascii	"g\364\367\377\312\350\007:\014/\322\261\001T\007{x\255"
 447      CAE8073A 
 447      0C2FD2B1 
 447      0154077B 
 447      78AD
 448 0b40 5BBB7489 		.ascii	"[\273t\211\307G\037\255\362\360\372\334k\335\032\303"
 448      C7471FAD 
 448      F2F0FADC 
 448      6BDD1AC3 
 449 0b50 9FBF5D2C 		.ascii	"\237\277],\253#,\013}\005\027\037_\257\357\203?\364"
 449      AB232C0B 
 449      7D05171F 
 449      5FAFEF83 
 449      3FF4
 450 0b62 F637BFE3 		.ascii	"\3667\277\343\210-\310\354\341\027\340\343\277\361+"
 450      882DC8EC 
 450      E117E0E3 
 450      BFF12B
 451 0b71 93878FAF 		.ascii	"\223\207\217\257\311;\310\377{\3507\323h\374r\243\237"
 451      C93BC8FF 
 451      7BE837D3 
 451      68FC72A3 
 451      9F
 452 0b82 BFD92FC0 		.ascii	"\277\331/\300h\372n\203\311\307\254\366\011\014\010"
 452      68FA6E83 
 452      C9C7ACF6 
 452      090C08
 453 0b91 36ABFC4D 		.ascii	"6\253\374M\336_;\007\004\232}\203\002\377\243\347\003"
 453      DE5F3B07 
 453      049A7D83 
 453      02FFA3E7 
 453      03
 454 0ba2 16F446E3 		.ascii	"\026\364F\343\327\033\003|\214\306\205\313\227\374~"
 454      D71B037C 
 454      8CC685CB 
 454      97FC7E
 455 0bb1 B9C6EAB9 		.ascii	"\271\306\352\271\332\202\267\203,_\346j\313\205}\313"
 455      DA82B783 
ARM GAS  /tmp/ccbMHNo0.s 			page 36


 455      2C5FE66A 
 455      CB857DCB 
 456 0bc1 1FD406C3 		.ascii	"\037\324\006\303Z\317\245\232\215~\001\346\245K\214"
 456      5ACFA59A 
 456      8D7E01E6 
 456      A54B8C
 457 0bd0 66F1134F 		.ascii	"f\361\023O\325\252\265+<\361*\203\247j\345\252u\236"
 457      D5AAB52B 
 457      3CF12A83 
 457      A76AE5AA 
 457      759E
 458 0be2 D860F0C4 		.ascii	"\330`\360\304\236`+<=\361\247^\006l\370x\235\312`\370"
 458      9E602B3C 
 458      3DF1A75E 
 458      066CF878 
 458      9DCA60F8 
 459 0bf6 C093765C 		.ascii	"\300\223v\\B\377.\306\037\254\366\024\275\240\347\232"
 459      42FF2EC6 
 459      1FACF614 
 459      BDA0E79A 
 460 0c06 0F3C555E 		.ascii	"\017<U^k\001m\360\\\002\266\030\220\177\367|\357\327"
 460      6B016DF0 
 460      5C02B618 
 460      907FF77C 
 460      EFD7
 461 0c18 E476DD9A 		.ascii	"\344v\335\232\265\220\327`\363z\242\306o=\244\307u\312"
 461      B590D760 
 461      F37AA2C6 
 461      6F3DA4C7 
 461      75CA
 462 0c2a 319ADDE5 		.ascii	"1\232\335\345)\373\306d6\372\260\245\360\252u\026\203"
 462      29FBC664 
 462      36FAB0A5 
 462      F0AA7516 
 462      83
 463 0c3b 8DDE243E 		.ascii	"\215\336$>\2437\235b+2\230d\215\265\2744U\025\270\201"
 463      A3379D62 
 463      2B329864 
 463      8DB5BC34 
 463      5515B881 
 464 0c4f D5CCB4D6 		.ascii	"\325\314\264\326\230\314\366\025\337X+\376\007\014\353"
 464      98CCF615 
 464      DF582BFE 
 464      070CEB
 465 0c5e 5727     		.ascii	"W'"
 466              		.text
 467              		.section	.gnu.lto_.symtab.e89be2cb23be1cea,"e",%progbits
 468 0000 7374496E 		.ascii	"stInit\000"
 468      697400
 469 0007 00       		.ascii	"\000"
 470 0008 00       		.ascii	"\000"
 471 0009 00       		.ascii	"\000"
 472 000a 00000000 		.ascii	"\000\000\000\000\000\000\000\000"
 472      00000000 
 473 0012 D4000000 		.ascii	"\324\000\000\000"
 474 0016 73744765 		.ascii	"stGetCounter\000"
 474      74436F75 
ARM GAS  /tmp/ccbMHNo0.s 			page 37


 474      6E746572 
 474      00
 475 0023 00       		.ascii	"\000"
 476 0024 00       		.ascii	"\000"
 477 0025 00       		.ascii	"\000"
 478 0026 00000000 		.ascii	"\000\000\000\000\000\000\000\000"
 478      00000000 
 479 002e D7000000 		.ascii	"\327\000\000\000"
 480 0032 73745374 		.ascii	"stStartAlarm\000"
 480      61727441 
 480      6C61726D 
 480      00
 481 003f 00       		.ascii	"\000"
 482 0040 00       		.ascii	"\000"
 483 0041 00       		.ascii	"\000"
 484 0042 00000000 		.ascii	"\000\000\000\000\000\000\000\000"
 484      00000000 
 485 004a DB000000 		.ascii	"\333\000\000\000"
 486 004e 73745374 		.ascii	"stStopAlarm\000"
 486      6F70416C 
 486      61726D00 
 487 005a 00       		.ascii	"\000"
 488 005b 00       		.ascii	"\000"
 489 005c 00       		.ascii	"\000"
 490 005d 00000000 		.ascii	"\000\000\000\000\000\000\000\000"
 490      00000000 
 491 0065 DD000000 		.ascii	"\335\000\000\000"
 492 0069 73745365 		.ascii	"stSetAlarm\000"
 492      74416C61 
 492      726D00
 493 0074 00       		.ascii	"\000"
 494 0075 00       		.ascii	"\000"
 495 0076 00       		.ascii	"\000"
 496 0077 00000000 		.ascii	"\000\000\000\000\000\000\000\000"
 496      00000000 
 497 007f DF000000 		.ascii	"\337\000\000\000"
 498 0083 73744765 		.ascii	"stGetAlarm\000"
 498      74416C61 
 498      726D00
 499 008e 00       		.ascii	"\000"
 500 008f 00       		.ascii	"\000"
 501 0090 00       		.ascii	"\000"
 502 0091 00000000 		.ascii	"\000\000\000\000\000\000\000\000"
 502      00000000 
 503 0099 E1000000 		.ascii	"\341\000\000\000"
 504 009d 73744973 		.ascii	"stIsAlarmActive\000"
 504      416C6172 
 504      6D416374 
 504      69766500 
 505 00ad 00       		.ascii	"\000"
 506 00ae 00       		.ascii	"\000"
 507 00af 00       		.ascii	"\000"
 508 00b0 00000000 		.ascii	"\000\000\000\000\000\000\000\000"
 508      00000000 
 509 00b8 E8000000 		.ascii	"\350\000\000\000"
 510 00bc 73745F6C 		.ascii	"st_lld_init\000"
 510      6C645F69 
ARM GAS  /tmp/ccbMHNo0.s 			page 38


 510      6E697400 
 511 00c8 00       		.ascii	"\000"
 512 00c9 02       		.ascii	"\002"
 513 00ca 00       		.ascii	"\000"
 514 00cb 00000000 		.ascii	"\000\000\000\000\000\000\000\000"
 514      00000000 
 515 00d3 EA000000 		.ascii	"\352\000\000\000"
 516 00d7 63685379 		.ascii	"chSysHalt\000"
 516      7348616C 
 516      7400
 517 00e1 00       		.ascii	"\000"
 518 00e2 02       		.ascii	"\002"
 519 00e3 00       		.ascii	"\000"
 520 00e4 00000000 		.ascii	"\000\000\000\000\000\000\000\000"
 520      00000000 
 521 00ec EF000000 		.ascii	"\357\000\000\000"
 522              		.text
 523              		.section	.gnu.lto_.opts,"e",%progbits
 524 0000 272D666E 		.ascii	"'-fno-openmp' '-fno-openacc' '-fno-pie' '-mcpu=cort"
 524      6F2D6F70 
 524      656E6D70 
 524      2720272D 
 524      666E6F2D 
 525 0033 65782D6D 		.ascii	"ex-m3' '-mthumb' '-mfloat-abi=soft' '-march=armv7-m"
 525      33272027 
 525      2D6D7468 
 525      756D6227 
 525      20272D6D 
 526 0066 2720272D 		.ascii	"' '-O2' '-fstack-usage' '-ffunction-sections' '-fda"
 526      4F322720 
 526      272D6673 
 526      7461636B 
 526      2D757361 
 527 0099 74612D73 		.ascii	"ta-sections' '-fno-common' '-flto' '-fshort-enums'\000"
 527      65637469 
 527      6F6E7327 
 527      20272D66 
 527      6E6F2D63 
 528              		.text
 529              		.comm	__gnu_lto_v1,1,1
 530              		.comm	__gnu_lto_slim,1,1
 531              		.ident	"GCC: (GNU Arm Embedded Toolchain 9-2020-q2-update) 9.3.1 20200408 (release)"
ARM GAS  /tmp/ccbMHNo0.s 			page 39


DEFINED SYMBOLS
                            *ABS*:0000000000000000 hal_st.c
                            *COM*:0000000000000001 __gnu_lto_v1
                            *COM*:0000000000000001 __gnu_lto_slim

NO UNDEFINED SYMBOLS
