ARM GAS  /tmp/ccJ0Uvw0.s 			page 1


   1              		.cpu cortex-m3
   2              		.eabi_attribute 20, 1
   3              		.eabi_attribute 21, 1
   4              		.eabi_attribute 23, 3
   5              		.eabi_attribute 24, 1
   6              		.eabi_attribute 25, 1
   7              		.eabi_attribute 26, 1
   8              		.eabi_attribute 30, 2
   9              		.eabi_attribute 34, 1
  10              		.eabi_attribute 18, 4
  11              		.file	"nvic.c"
  12              		.section	.gnu.lto_.profile.6224dbdef71c72d0,"e",%progbits
  13 0000 789CE360 		.ascii	"x\234\343``\004B \000\000\000]\000\013"
  13      60044220 
  13      0000005D 
  13      000B
  14              		.text
  15              		.section	.gnu.lto_.icf.6224dbdef71c72d0,"e",%progbits
  16 0000 789CE360 		.ascii	"x\234\343``d\320a@\000v\206\177\357f~`d<\363`\366K6"
  16      6064D061 
  16      40007686 
  16      7FEF667E 
  16      60643CF3 
  17 0018 A6B7375F 		.ascii	"\246\2677_\274\347f>\262\260c\031;\313\314#;\373\271"
  17      BCE7663E 
  17      B2B06319 
  17      3BCBCC23 
  17      3BFBB9
  18 002b 585F1E5B 		.ascii	"X_\036[\366\200\223\015L2\000\000\011v\026k"
  18      F680930D 
  18      4C320000 
  18      0976166B 
  19              		.text
  20              		.section	.gnu.lto_.jmpfuncs.6224dbdef71c72d0,"e",%progbits
  21 0000 789C558E 		.ascii	"x\234U\2161\012\302@\020E\347\355\217!\235\007\330\303"
  21      310AC240 
  21      1045E7ED 
  21      8F219D07 
  21      D8C3
  22 0012 A6B095B4 		.ascii	"\246\260\225\264)SXx\007\025\261Kaca\355\015$\027\020"
  22      29535878 
  22      0715B14B 
  22      616361ED 
  22      0D241710 
  23 0026 D6190C86 		.ascii	"\326\031\014\206\014<\376\360y\003\323\030v\264ej\207"
  23      0C3CFEF0 
  23      7903D318 
  23      76B4656A 
  23      87
  24 0037 046A0759 		.ascii	"\004j\007Y\340;\221Z\225:\310\275[\2059\237R\312\026"
  24      E03B915A 
  24      953AC8BD 
  24      5B85399F 
  24      52CA16
  25 004a F5A2DB4D 		.ascii	"\365\242\333M\257\246\323 0N\344\240ZDH.\215\323\373"
  25      AFA6D320 
  25      304EE4A0 
ARM GAS  /tmp/ccJ0Uvw0.s 			page 2


  25      5A44482E 
  25      8DD3FB
  26 005d 4948C9A5 		.ascii	"IH\311\2453\331\253\353\376q\327\257\202\0139E\377?"
  26      33D9ABEB 
  26      FE71D7AF 
  26      820B3945 
  26      FF3F
  27 006f 33DBCC4F 		.ascii	"3\333\314O\324s\332\027j\020%\030"
  27      D473DA17 
  27      6A102518 
  28              		.text
  29              		.section	.gnu.lto_.inline.6224dbdef71c72d0,"e",%progbits
  30 0000 789C958E 		.ascii	"x\234\225\216\261\015\0021\014E\277\177\314\221\000"
  30      B10D0231 
  30      0C45BF7F 
  30      CC9100
  31 000f 43301112 		.ascii	"C0\021\0223pw\2721\322\320\323\"Q\260\003\035\003P\321"
  31      337077BA 
  31      31D2D0D3 
  31      2251B003 
  31      1D0350D1 
  32 0023 5033024B 		.ascii	"P3\002K\340\030\345\004\3225\270\210\034\377\377\374"
  32      E018E504 
  32      D235B888 
  32      1CFFFFFC 
  33 0033 1D21D80A 		.ascii	"\035!\330\012\306j\200t\272>^\034\004\\Y\367\344`\323"
  33      C66A8074 
  33      BA3E5E1C 
  33      045C59F7 
  33      E460D3
  34 0046 7DCE992D 		.ascii	"}\316\231-\301\342\021,\354{f/\224ua\313\243\215\315"
  34      C1E2112C 
  34      EC7B662F 
  34      947561CB 
  34      A38DCD
  35 0059 7268CD9C 		.ascii	"rh\315\234G3\275\335AQ\325h\366hJr\245\027q8L\301u\246"
  35      4733BDDD 
  35      4151D568 
  35      F6684A72 
  35      A5177138 
  36 0071 862802D2 		.ascii	"\206(\002\322\375x\271\205N\350\210'k\015\370\346\364"
  36      FD78B985 
  36      4EE88827 
  36      6B0DF8E6 
  36      F4
  37 0082 D31A53D5 		.ascii	"\323\032S\325\022\012.\375t/\0366\230a\356\001]\275"
  37      120A2EFD 
  37      742F1E36 
  37      9861EE01 
  37      5DBD
  38 0094 616AD7EF 		.ascii	"aj\327\357\015\315\377\010\336q\326Bo"
  38      0DCDFF08 
  38      DE71D642 
  38      6F
  39              		.text
  40              		.section	.gnu.lto_.pureconst.6224dbdef71c72d0,"e",%progbits
  41 0000 789C05C1 		.ascii	"x\234\005\301\301\021\000 \010\004\261CV\306\277\335"
ARM GAS  /tmp/ccJ0Uvw0.s 			page 3


  41      C1110020 
  41      0804B143 
  41      56C6BFDD 
  42 0010 6FB5242F 		.ascii	"o\265$/\225\237d\"%GZ\256\214,&\273\003\350"
  42      959F6422 
  42      25475AAE 
  42      8C2C26BB 
  42      03E8
  43              		.text
  44              		.section	.gnu.lto_nvicInit.6224dbdef71c72d0,"e",%progbits
  45 0000 789C9553 		.ascii	"x\234\225SKL\023Q\024}g\336\2643T\204\310\012S\027l"
  45      4B4C1351 
  45      147D67DE 
  45      B4335484 
  45      C80A5317 
  46 0015 58B06108 		.ascii	"X\260a\010\033\211\321D\303\232\230\350\312\245\022"
  46      1B89D144 
  46      C39A98E8 
  46      CAA512
  47 0024 0C8DD01A 		.ascii	"\014\215\320\0320\306\035\257-\205\250@7|\224\320\224"
  47      30C61DAF 
  47      2D85A840 
  47      377C94D0 
  47      94
  48 0035 4F104C10 		.ascii	"O\020L\020?A#\2108\024\225\237\037\332\215\011\032\214"
  48      3F412388 
  48      3814959F 
  48      1FDA8D09 
  48      1A8C
  49 0047 1A099280 		.ascii	"\032\011\222\200\240\2111\030\212\367M\007d\243\211"
  49      A0893118 
  49      8AF74D07 
  49      64A389
  50 0056 2F33937B 		.ascii	"/3\223{\337\275\357\2343g\356\350\014\314\303\031;\302"
  50      DFBDEF9C 
  50      3367EEE8 
  50      0CCCC319 
  50      3BC2
  51 0068 183B4537 		.ascii	"\030;E7\234\014\212\020\342\250\346\327\025\250v\304"
  51      9C0C8A10 
  51      E2A8E6D7 
  51      15A876C4 
  52 0078 ED685C57 		.ascii	"\355h\\W\025\236X\333(R\205\3131\030\016i\252Hw\000"
  52      159E58DB 
  52      285285CB 
  52      31180E69 
  52      AA487700 
  53 008c 564DE860 		.ascii	"VM\350`5\012W\035\250QT\006S\205n=Xj\205y\033G\254~"
  53      350A571D 
  53      A8515406 
  53      53856E3D 
  53      586A8579 
  54 00a4 7158C9EB 		.ascii	"qX\311\353\243~a\266\2159\353D(;J\344\327\271\335\304"
  54      A37E61B6 
  54      8D39EB44 
  54      283B4AE4 
  54      D7B9DDC4 
ARM GAS  /tmp/ccJ0Uvw0.s 			page 4


  55 00b8 30823CC6 		.ascii	"0\202<\306\250s!\020\371\231\336\304\243\034P)m\236"
  55      A8732110 
  55      F999DEC4 
  55      A31C5029 
  55      6D9E
  56 00ca 199A76C9 		.ascii	"\031\232v\311TA\016\245\233\242\2715\203\037\202\354"
  56      54410EA5 
  56      9BA2B935 
  56      831F82EC 
  57 00da 1CF0F7C5 		.ascii	"\034\360\367\305\221\333#D@\230\213\355\331]A1%\324"
  57      91DB2344 
  57      40988BED 
  57      D95D4131 
  57      25D4
  58 00ec 28E7780C 		.ascii	"(\347x\014N\300\030\205\033\217\340N\341S\377\307\273"
  58      4EC01885 
  58      1B8FE04E 
  58      E153FFC7 
  58      BB
  59 00fd C996BD4E 		.ascii	"\311\226\275N\025c\310\265\211\361\004NP\245wvb,\203"
  59      1563C8B5 
  59      89F1044E 
  59      50A57776 
  59      622C83
  60 0110 1FB65023 		.ascii	"\037\266P#\213W\3464\0335\331\236\325\275\203j\376\033"
  60      8B57E634 
  60      1B35D99E 
  60      D5BD836A 
  60      FE1B
  61 0122 759C5025 		.ascii	"u\234P%\236\204\215\021,c\212d\222\373\267\023\016S"
  61      9E848D11 
  61      2C638A64 
  61      92FBB713 
  61      0E53
  62 0134 24B7EA09 		.ascii	"$\267\352\011p\377\255\241\367\373\310/\271M^Q\203f"
  62      70FFADA1 
  62      F7FBC82F 
  62      B94D5E51 
  62      8366
  63 0146 C58C5DE5 		.ascii	"\305\214]\345lm\243\277\010\302d\254\201+V\354\247x"
  63      6C6DA3BF 
  63      08C264AC 
  63      812B56EC 
  63      A778
  64 0158 19B1D12F 		.ascii	"\031\261\321/\003AMbG\270\264\244)\370uA\227\226\250"
  64      03414D62 
  64      47B8B4A4 
  64      29F87541 
  64      9796A8
  65 016b 96E0D5A1 		.ascii	"\226\340\325\241\267q;\025fPd\320\326\247\371X\230\367"
  65      B7713B15 
  65      665064D0 
  65      D6A7F958 
  65      98F7
  66 017d A2C74F76 		.ascii	"\242\307Ovw\216\200E\271\003OI\367\204\324M\365\350"
  66      778E8045 
  66      B9034F49 
ARM GAS  /tmp/ccJ0Uvw0.s 			page 5


  66      F784D44D 
  66      F5E8
  67 018f CA72072F 		.ascii	"\312r\007/\030\024\315~\221\023\345N<C/\256\245\034"
  67      1814CD7E 
  67      9113E54E 
  67      3C432FAE 
  67      A51C
  68 01a1 798E0226 		.ascii	"y\216\002&\005\360p\350\315$\227\0128)\370\266\364\260"
  68      05F070E8 
  68      CD24970A 
  68      3829F8B6 
  68      F4B0
  69 01b3 678F7CAD 		.ascii	"g\217|\255\335\364\232E\337\022\037Nd\246R\021K\321"
  69      DDF49A45 
  69      DF121F4E 
  69      64A65211 
  69      4BD1
  70 01c5 27265BBF 		.ascii	"'&[\277\353\333\364g\211]\307\024\261O\332\354\241\017"
  70      EBDBF467 
  70      895DC714 
  70      B14FDAEC 
  70      A10F
  71 01d7 5B4B0AB1 		.ascii	"[K\012\261\327Z\354i\230\266\330\221\2623\331\330\025"
  71      D75AEC69 
  71      98B6D891 
  71      B233D9D8 
  71      15
  72 01e8 482FBC23 		.ascii	"H/\274#\213\2357\020\345.\314\240 bU\031fQH-\015\335"
  72      8B9D3710 
  72      E52ECCA0 
  72      20625519 
  72      6651482D 
  73 01fe F3412E19 		.ascii	"\363A.\031]\330\242\225\211\027\004l\211\034\336\021"
  73      5DD8A295 
  73      8917046C 
  73      891CDE11 
  74 020e F99F125E 		.ascii	"\371\237\022^Z\022\224\277Ix\365G\302k\024\332|\301"
  74      5A1294BF 
  74      4978F547 
  74      C26B14DA 
  74      7CC1
  75 0220 8EBACDFB 		.ascii	"\216\272\315\373\375\212$\214p\215\352t\364\301\345"
  75      FD8A248C 
  75      708DEA74 
  75      F4C1E5
  76 022f 959B6952 		.ascii	"\225\233iR\032M/\346\254)i\340\362\017\022\252\264\022"
  76      1A4D2FE6 
  76      AC2969E0 
  76      F20F12AA 
  76      B412
  77 0241 9F51FB6E 		.ascii	"\237Q\373n\342@\352\010\350kJ\310\037\300nW\211\007"
  77      E240EA08 
  77      E86B4AC8 
  77      1FC06E57 
  77      8907
  78 0253 71B8957B 		.ascii	"q\270\225{.B\345\211,\002p\254o\017\303*\002\235\277"
  78      2E42E589 
ARM GAS  /tmp/ccJ0Uvw0.s 			page 6


  78      2C0270AC 
  78      6F0FC32A 
  78      029DBF
  79 0266 1A61CF99 		.ascii	"\032a\317\231\034\032\254o\017\015c\007\363\363\015"
  79      1C1AAC6F 
  79      0F0D6307 
  79      F3F30D
  80 0275 BACE9555 		.ascii	"\272\316\225Uy\313*\214\342r\317\031\317\361\223\206"
  80      79CB2A8C 
  80      E272CF19 
  80      CFF19386 
  81 0285 AFDA283F 		.ascii	"\257\332(?]a\234\367U]\2506J}\225\225>\257q\354DIq\311"
  81      5D619CF7 
  81      555DA836 
  81      4A7D9595 
  81      3EAF71EC 
  82 029d 25C37BD1 		.ascii	"%\303{\321S\232_\312\340\205\3477\2022>\321"
  82      539A5FCA 
  82      E085E737 
  82      82323ED1 
  83              		.text
  84              		.section	.gnu.lto_nvicEnableVector.6224dbdef71c72d0,"e",%progbits
  85 0000 789C9D53 		.ascii	"x\234\235SMH\024a\030\376\236ygv'[\355\032,\225\207"
  85      4D481461 
  85      18FE9E79 
  85      6776275B 
  85      ED1A2C95 
  86 0015 60F1B223 		.ascii	"`\361\262#^\202\350`x\350$A\335\203\022\301%\335\025"
  86      5E82E860 
  86      78E82441 
  86      DD8312C1 
  86      25DD15
  87 0028 8D880EF9 		.ascii	"\215\210\016\371\355n\356B\376]\374Ih\231\025\333\""
  87      ED6EEE42 
  87      FE5DFC49 
  87      689915DB 
  87      22
  88 0039 0233E862 		.ascii	"\0023\350b\353\317\266Y\246\366\243\022\335\\)\244R"
  88      EBCFB659 
  88      A6F6A312 
  88      DD5C29A4 
  88      52
  89 004a B00E5D4A 		.ascii	"\260\016]J\374\351\375f\026\014\252C\015\363\275|\357"
  89      FCE9FD66 
  89      160CAA43 
  89      0DF3BD7C 
  89      EF
  90 005b EFF33C2F 		.ascii	"\357\363</3\246\2008GBT\013!\016\361\001\011hR\312j"
  90      33A68038 
  90      4742540B 
  90      210EF101 
  90      096852CA 
  91 0070 6FD4D400 		.ascii	"o\324\324\000\347&M\2106\015m\350\241\001B>\371qL\253"
  91      E7264D88 
  91      360D6DE8 
  91      A101423E 
  91      F9714CAB 
ARM GAS  /tmp/ccJ0Uvw0.s 			page 7


  92 0084 B8CB1999 		.ascii	"\270\313\031\231\033\270\345M\310\366\2036\017\030\344"
  92      1BB8E54D 
  92      C8F68336 
  92      0F18E4
  93 0093 E33E788C 		.ascii	"\343>x\214\012\256+\304R\337}\335d\023\240\263\333;"
  93      0AAE2BC4 
  93      52DF7DDD 
  93      6413A0B3 
  93      DB3B
  94 00a5 F768B644 		.ascii	"\367h\266D\271\032\312\331\335\226\275\375et\034\202"
  94      B91ACAD9 
  94      DD96BDFD 
  94      65741C82 
  95 00b5 EF6B2B33 		.ascii	"\357k+3\011\0042R\306dn\3726\311\2436\021&@<\022\343"
  95      09043252 
  95      C6646EFA 
  95      36C9A336 
  95      1126403C 
  96 00cb F0230BBF 		.ascii	"\360#\013\277\020\034\343\321\223\010p\303\375\330\247"
  96      101CE3D1 
  96      930870C3 
  96      FDD8A7
  97 00da 0DA2134E 		.ascii	"\015\242\023N\363\310\306\217\305\322b\363j\246\330"
  97      F3C8C68F 
  97      C5D262F3 
  97      6AA6D8
  98 00e9 3CF5C7E6 		.ascii	"<\365\307\346\034\002B\265|x\270\323W\352\321\213\224"
  98      1C0242B5 
  98      7C78B8D3 
  98      57EAD18B 
  98      94
  99 00fa F1041E5E 		.ascii	"\361\004\036^\202\020\017\226\214\234\334\331M\312\334"
  99      82100F96 
  99      8C9CDCD9 
  99      4DCADC
 100 0109 DB3B583E 		.ascii	"\333;X>\345\003\267\351\2322\304\306\320\2251\330x<"
 100      E503B7E9 
 100      9A32C4C6 
 100      D09531D8 
 100      783C
 101 011b 50A34C28 		.ascii	"P\243L(6Bt\220P\273\320!sBt\222\346:Qv\326\021\333J"
 101      36427490 
 101      50BBD021 
 101      73427492 
 101      E63A5176 
 102 0133 2E6747A1 		.ascii	".gG\241 R\204\024y8\026\337L\024\003\032\307~]\224\007"
 102      20528414 
 102      793816DF 
 102      4C14031A 
 102      C77E5D94 
 103 0148 3AF24C77 		.ascii	":\362Lw\035\371\302\215{\206*\342tw\374k\301Ti\257\243"
 103      1DF9C28D 
 103      7B862AE2 
 103      7477FC6B 
 103      C15469AF 
 104 015d B76F716C 		.ascii	"\267oql\351\200\353\312|\\\226qhi\246\377\233\231\301"
 104      E980EBCA 
ARM GAS  /tmp/ccJ0Uvw0.s 			page 8


 104      7C5C9671 
 104      6869A6FF 
 104      9B99C1
 105 0170 709491D3 		.ascii	"p\224\221\323\207m21\315\302\237*\341\234m\177\277\373"
 105      876D3231 
 105      CDC29F2A 
 105      E19C6D7F 
 105      BFFB
 106 0182 59AB1C91 		.ascii	"Y\253\034\221\327\243\262\334\246}x\206\014n:\3129\271"
 106      D7A3B2DC 
 106      A67D7886 
 106      0C6E3ACA 
 106      39B9
 107 0194 D33514F3 		.ascii	"\3235\024\363U\215\252d\372\252M%x\216\312\024\231\316"
 107      558DAA64 
 107      FAAA4D25 
 107      788ECA14 
 107      99CE
 108 01a6 5E6650C5 		.ascii	"^fP\305\034\025\343\376\344vvTsI\023\247\271\361\335"
 108      1C15E3FE 
 108      E4767654 
 108      734913A7 
 108      B9F1DD
 109 01b9 D4D03814 		.ascii	"\324\3208\024\015\003G\360\302!\035\337J\270\244S\244"
 109      0D0347F0 
 109      C2211DDF 
 109      4AB8A453 
 109      A4
 110 01ca 178B9687 		.ascii	"\027\213\226\207\323p\225\031\230u\2136\023k^\267\310"
 110      D3709519 
 110      98758B36 
 110      136B5EB7 
 110      C8
 111 01db E08AC9CE 		.ascii	"\340\212\311\316\205yr+\2009\370y\276+\177\320[\224"
 111      8579722B 
 111      8039F879 
 111      BE2B7FD0 
 111      5B94
 112 01ed FF2FE2F6 		.ascii	"\377/\342\366c\336\021\207\337\305]\263\311\207\227"
 112      63DE1187 
 112      DFC55DB3 
 112      C98797
 113 01fc 4A9CEE88 		.ascii	"J\234\356\210{\245\304\031.V\327\304*\376\013\355\265"
 113      7BA5C419 
 113      2E56D7C4 
 113      2AFE0BED 
 113      B5
 114 020d 83A6FD05 		.ascii	"\203\246\375\005\355\315\036\332\202\213\366\005\261"
 114      EDCD1EDA 
 114      828BF605 
 114      B1
 115 021a 74B6C7C1 		.ascii	"t\266\307\301r\376\224\016\302\336\247#\304\261`\320"
 115      72FE940E 
 115      C2DEA723 
 115      C4B160D0 
 116 022a E2F7627D 		.ascii	"\342\367b}K\270\276\321\252i\010]\010\235>kEZ\255\206"
 116      4BB8BED1 
ARM GAS  /tmp/ccJ0Uvw0.s 			page 9


 116      AA69085D 
 116      089D3E6B 
 116      455AAD86 
 117 023e F38D5673 		.ascii	"\363\215Vs\244\345R\253U\027ij\212\204\255\223gjkj\257"
 117      A4E552AB 
 117      5517696A 
 117      8A84AD93 
 117      676A6B6A 
 118 0253 58E1CBA1 		.ascii	"X\341\313\241\272`\235@Xon\011E~\002U\241(;"
 118      BA609D40 
 118      586F6E09 
 118      457E0255 
 118      A1283B
 119              		.text
 120              		.section	.gnu.lto_nvicDisableVector.6224dbdef71c72d0,"e",%progbits
 121 0000 789C9D52 		.ascii	"x\234\235R\317k\023A\030\375\336\314&\331\246\265^\205"
 121      CF6B1341 
 121      18FDDECC 
 121      26D9A6B5 
 121      5E85
 122 0012 A0F62094 		.ascii	"\240\366 \224^\262%\027A/JoB\021\364/\320Ph\260M\244"
 122      5EB22517 
 122      412F4A6F 
 122      4211F42F 
 122      D05068B0 
 123 0028 15110F76 		.ascii	"\025\021\017v\222\330\004lS/ij\017aS\332 ^\264\202 "
 123      92D8046C 
 123      532F696A 
 123      0F6153DA 
 123      205EB482 
 124 003d D5DAACD1 		.ascii	"\325\332\254\321\032\373C\2619x3\242\224\322\366`A/"
 124      1AFB43B1 
 124      397833A2 
 124      94D2F660 
 124      412F
 125 004f 526CEAB7 		.ascii	"Rl\352\267\273\305\012\342A\227\235a\336|o\276\367\346"
 125      BBC50AE2 
 125      41979D61 
 125      DE7C6FBE 
 125      F7E6
 126 0061 313A8136 		.ascii	"1:\2016\005\321I\":\314\003\222 \224R\247|q]\000\316"
 126      05D14922 
 126      3ACC0392 
 126      209452A7 
 126      7C715D00 
 127 0076 4AE9A001 		.ascii	"J\351\240\001\201\001\334\226c\022\345\364\332\214h"
 127      8101DC96 
 127      6312E5F4 
 127      DA8C68
 128 0085 BBCB1565 		.ascii	"\273\313\025e\215m\373Rj\360\220)\211\306y\270\037\236"
 128      8D6DFB52 
 128      6AF09029 
 128      89C679B8 
 128      1F9E
 129 0097 A08D79B5 		.ascii	"\240\215y\265D\376{\323\2104%\2401\314.>Z\360\333P\240"
 129      44FE7BD3 
 129      883425A0 
ARM GAS  /tmp/ccJ0Uvw0.s 			page 10


 129      31CC2E3E 
 129      5AF0DB50 
 130 00ac 85E18ECA 		.ascii	"\205\341\216\312\346\232\345\011\020\2577>VRh-*\225"
 130      E69AE509 
 130      10AF373E 
 130      5652682D 
 130      2A95
 131 00be 50D6F294 		.ascii	"P\326\362\224T\307L)\361\014\222[b\026\001<E\200\210"
 131      54C74C29 
 131      F10C925B 
 131      6216013C 
 131      458088
 132 00d1 F7B8F51C 		.ascii	"\367\270\365\034Z\311>\362\371a}\364\200W\333SE\011"
 132      5AC93EF2 
 132      F9617DF4 
 132      8057DB53 
 132      4509
 133 00e3 5EBE07D1 		.ascii	"^\276\007\321\203\252\307R\365\335\264\262V\247\360"
 133      83AAC752 
 133      F5DDB4B2 
 133      56A7F0
 134 00f2 F84C03F8 		.ascii	"\370L\003\370\230&\354I\362\344\321\3406\030\222d\333"
 134      9826EC49 
 134      F2E4D1E0 
 134      36189264 
 134      DB
 135 0103 D7A02CA2 		.ascii	"\327\240,\242a)\\\020g\260\211d.\275S\232\026v\313\274"
 135      61295C10 
 135      67B08964 
 135      2EBD539A 
 135      1676CBBC 
 136 0117 445EDADE 		.ascii	"D^\332\336\337\227&fa{\327p\024\026\273a\332\217\324"
 136      DF972666 
 136      617BD770 
 136      1416BB61 
 136      DA8FD4
 137 012a 3D8F4B12 		.ascii	"=\217K\022{\244\017\223\005\207\344\201\007\317]\322"
 137      7BA40F93 
 137      0587E481 
 137      07CF5DD2 
 138 013a 766AC3E7 		.ascii	"vj\303\347\222\354\344\346\206\337-I\227\001\224\021"
 138      92ECE4E6 
 138      86DF2D49 
 138      97019411 
 139 014a E0FE4C2A 		.ascii	"\340\376L*\327n\215;$f\214$\267j\272\315\360:\301\214"
 139      D76E8D3B 
 139      24668C24 
 139      B76ABACD 
 139      F03AC18C 
 140 015e AECC540F 		.ascii	"\256\314T\017\272P\225\223\252\231\267\252\225\3347"
 140      BA509593 
 140      AA99B7AA 
 140      95DC37
 141 016d BD88C938 		.ascii	"\275\210\3118[.\0341\245\017/9\241\027vB\\\035\374\264"
 141      5B2E1C31 
 141      A50F2F39 
 141      A1177642 
ARM GAS  /tmp/ccJ0Uvw0.s 			page 11


 141      5C1DFCB4 
 142 0181 BB2EDAEF 		.ascii	"\273.\332\357\253\233q\325bJ\035\363(\342\216\023\021"
 142      AB9B71D5 
 142      624A1DF3 
 142      28E28E13 
 142      11
 143 0192 17EB9989 		.ascii	"\027\353\231\211DSh\332.\026n\230\262\001\257\320\316"
 143      445368DA 
 143      2E166E98 
 143      B201AFD0 
 143      CE
 144 01a3 EE9D002B 		.ascii	"\356\235\000+\010\261G\327Mfe\025{~\376M\355\265\243"
 144      08B147D7 
 144      4D666515 
 144      7B7EFE4D 
 144      EDB5A3
 145 01b6 86BFA82D 		.ascii	"\206\277\250-\354\253-\376R\373\272\236\231\367\377"
 145      ECAB2DFE 
 145      52FBBA9E 
 145      99F7FF
 146 01c5 87981F4B 		.ascii	"\207\230\037K\216\230\370S\354\272)\033\261l\213i\216"
 146      8E98F853 
 146      ECBA291B 
 146      B16C8B69 
 146      8E
 147 01d6 D81B847E 		.ascii	"\330\033\204~O\266\021\204\267\334\363\013\022\205\255"
 147      4FB61184 
 147      B7DCF30B 
 147      1285AD
 148 01e5 AC7351E7 		.ascii	"\254sQ\347\325\016I\354\277\011\242\343\301\240\301"
 148      D50E49EC 
 148      BF09A2E3 
 148      C1A0C1
 149 01f4 FFA5AEBE 		.ascii	"\377\245\256\276hW\217\321\321\035\271\0309{\336\210"
 149      68578FD1 
 149      D11DB918 
 149      397BDE88 
 150 0204 F51BDD17 		.ascii	"\365\033\335\027z\214\313\261\276+\375F8\326\333\033"
 150      7A8CCBB1 
 150      BE2BFD46 
 150      38D6DB1B 
 151 0214 8B1AA7CF 		.ascii	"\213\032\247\317uvt^3\242W#\341`\230\020\375\011\374"
 151      7576745E 
 151      33A25723 
 151      E1609810 
 151      FD09FC
 152 0227 0C062C   		.ascii	"\014\006,"
 153              		.text
 154              		.section	.gnu.lto_nvicSetSystemHandlerPriority.6224dbdef71c72d0,"e",%progbits
 155 0000 789C6D52 		.ascii	"x\234mR\313KTQ\030?\277\373\335\231\271\216c\331Nr\343"
 155      CB4B5451 
 155      183FBFFB 
 155      DD99B98E 
 155      63D94E72 
 156 0015 2210378E 		.ascii	"\"\0207\216\330\"\262M%\265\223\240\376\0023\301!\235"
 156      D822B24D 
 156      25B593A0 
ARM GAS  /tmp/ccJ0Uvw0.s 			page 12


 156      FE0233C1 
 156      219D
 157 0027 913122DA 		.ascii	"\2211\"\332x\346\241C)\266H\321Y\014\327\220\301 \320"
 157      78E6A143 
 157      29B648D1 
 157      590CD790 
 157      C120D0
 158 003a CA36F96A 		.ascii	"\3126\371j\322\314\264\231\"{\010B\366\300T|B\272\250"
 158      D2CCB499 
 158      227B0842 
 158      F6C0547C 
 158      42BAA8
 159 004d 0CA7EFDC 		.ascii	"\014\247\357\334\231\205\213\016\367\034\316\367\372"
 159      99858B0E 
 159      F71CCEF7 
 159      FA
 160 005a 7DBFFB3B 		.ascii	"}\277\373;\237! \316\221\020\347\205\020\247x\303&\240"
 160      9F2120CE 
 160      9110E785 
 160      10A778C3 
 160      26A0
 161 006c 49294F3B 		.ascii	"I)O;\002\206\246Q*:d\327\245S\037ZN\236\324\245\213"
 161      0286A651 
 161      2A3A64D7 
 161      A5531F5A 
 161      4E9ED4A5 
 162 0081 A067633A 		.ascii	"\240gc:`\335\244\001\321\254\221\216f\334\241n\302D"
 162      60DDA401 
 162      D1AC918E 
 162      66DCA16E 
 162      C244
 163 0093 64F9A956 		.ascii	"d\371\251V\322\3171\231\350\376\344l\225-\005&\303G"
 163      D2CF3199 
 163      E8FEE46C 
 163      952D0526 
 163      C347
 164 00a5 79671686 		.ascii	"yg\026\206Q\302y\213\301\330/W\007\231\004\350lv\316"
 164      51C2798B 
 164      C1D82F57 
 164      079904E8 
 164      6C76CE
 165 00b8 3E99712A 		.ascii	">\231q*SC\021\233\241\273\343\243\006U@\360}4\262\236"
 165      5343119B 
 165      A1BBE3A3 
 165      065540F0 
 165      7D34B29E 
 166 00cc D68BE352 		.ascii	"\326\213\343R\006eb)N\362\230I\2041\020Cb\024\205\030"
 166      06656229 
 166      4EF29849 
 166      84311043 
 166      62148518 
 167 00e0 41A110EC 		.ascii	"A\241\020\354c\350q\024s\301\203\340\312&\321Y\253x"
 167      63E87114 
 167      73C183E0 
 167      CA26D159 
 167      AB78
 168 00f2 60F3F7BB 		.ascii	"`\363\367\273\274l\361n\177\266\370\331\177\213\023"
ARM GAS  /tmp/ccJ0Uvw0.s 			page 13


 168      BC6CF16E 
 168      7FB6F8D9 
 168      7F8B13
 169 0101 2816AAE4 		.ascii	"(\026\252\344\373\243\375\256<\273\236\245\214\347\260"
 169      FBA3FDAE 
 169      3CBB9EA5 
 169      8CE7B0
 170 0110 B344027D 		.ascii	"\263D\002}$\006\347l\011\271\237\2160\217\202\205\301"
 170      2406E76C 
 170      09B99F8E 
 170      308F8285 
 170      C1
 171 0121 1C17B852 		.ascii	"\034\027\270R\327\370\260\221:t>\3546u8\240\2508\221"
 171      D7F8B091 
 171      3A743EEC 
 171      367538A0 
 171      A83891
 172 0134 C16C23A1 		.ascii	"\301l#\241\344\320!\023B\264\223\2261\002l\254!4\034"
 172      E4D02113 
 172      42B49396 
 172      31026CAC 
 172      21341C
 173 0147 F9FCD1A5 		.ascii	"\371\374\321\245\232\304\0101rp\377\241\245\271N\273"
 173      9AC40831 
 173      7270FFA1 
 173      A5B94EBB 
 174 0157 9282908B 		.ascii	"\222\202\220\213\011\346\267\206\340\337\01029\032\247"
 174      09E6B786 
 174      E0DF0832 
 174      391AA7
 175 0166 890DB414 		.ascii	"\211\015\264\024eL\245\370\310\356\330ZN\030\301\000"
 175      654CA5F8 
 175      C8EED85A 
 175      4E18C100 
 176 0176 0BED8892 		.ascii	"\013\355\210\222\342:\2110\004'stz{\363\003\024\232"
 176      E23A8930 
 176      04277374 
 176      7A7BF303 
 176      149A
 177 0188 0D022F50 		.ascii	"\015\002/Ph\222!~ \274Z\231\005P>\353]\332\211\226\223"
 177      6892217E 
 177      20BC5A99 
 177      05503EEB 
 177      5DDA8996 
 178 019d D1E38A97 		.ascii	"\321\343\212\227\266\201\260\325@\311\021\273\237L["
 178      B681B0D5 
 178      40C911BB 
 178      9F4C5B
 179 01ac F0864939 		.ascii	"\360\206I9Q\322\030~J\301s\250#\264\275h(l\247e\036"
 179      51D2187E 
 179      4AC173A8 
 179      23B4BD68 
 179      286CA765 
 180 01c1 24E2EC53 		.ascii	"$\342\354S\352\261\363\213\374\231r\306\321\027\310"
 180      EAB1F38B 
 180      FC9972C6 
 180      D117C8
ARM GAS  /tmp/ccJ0Uvw0.s 			page 14


 181 01d0 372917D3 		.ascii	"7)\027\323\\\211\227\252#\207vV\246\306\015\225\337"
 181      5C8997AA 
 181      23877656 
 181      A6C60D95 
 181      DF
 182 01e1 23659102 		.ascii	"#e\221\002y\20582z\317p\236I.\213\226~P/V\"5\277\232"
 182      79853832 
 182      7ACF709E 
 182      492E8B96 
 182      7E502F56 
 183 01f9 15438F91 		.ascii	"\025C\217\221Si\370\2475\353\260\261\357\340l\345A\307"
 183      5369F8A7 
 183      35EBB0B1 
 183      EFE06CE5 
 183      41C7
 184 020b ACA5E0C4 		.ascii	"\254\245\340\304\342\355[\016\225t\220\366!\213\366"
 184      E2ED5B0E 
 184      957490F6 
 184      218BF6
 185 021a D6D7F68A 		.ascii	"\326\327\366\212\214%\027B\362\020{&\273\036\1773\024"
 185      8C251742 
 185      F2107B26 
 185      BB1E7F33 
 185      14
 186 022b 676EDC7B 		.ascii	"gn\334{\324\244\303H\362\250\274\316\322\036[\337{\217"
 186      D4A4C348 
 186      F2A8BCCE 
 186      D21E5BDF 
 186      7B8F
 187 023d B201190E 		.ascii	"\262\001\031\016(\326\371H1\353\036kV\024\366\374\275"
 187      28D6F948 
 187      31EB1E6B 
 187      5614F6FC 
 187      BD
 188 024e 1DA3FCA1 		.ascii	"\035\243\374\241\012\366\3364\351\010\336\240\214\237"
 188      0AF6DE34 
 188      E908DEA0 
 188      8C9F
 189 025c D59AA4B7 		.ascii	"\325\232\244\267(g\212b\013\301\336\275\256\314\217"
 189      28678A62 
 189      0BC1DEBD 
 189      AECC8F
 190 026b AAD54648 		.ascii	"\252\325FH\363\"k<\2048QZ\352\346\357j\255\337[[\357"
 190      F3226B3C 
 190      8438515A 
 190      EAE6EF6A 
 190      ADDF5B5B 
 191 0280 AEACF35C 		.ascii	"\256\254\363\\\366\\\270\344\3665\271\353\252\353\335"
 191      F65CB8E4 
 191      F635B9EB 
 191      AAEBDD
 192 028f 8D3EFFB5 		.ascii	"\215>\377\265&w\215\257\241\301\347u\237\271XUYu\303"
 192      26778DAF 
 192      A1C1E775 
 192      9FB95855 
 192      5975C3
 193 02a2 EDBDEEA9 		.ascii	"\355\275\356\251)\255\021\216\272j\357\225\372Z\277"
ARM GAS  /tmp/ccJ0Uvw0.s 			page 15


 193      29AD118E 
 193      BA6AEF95 
 193      FA5ABF
 194 02b1 DEE8F7F8 		.ascii	"\336\350\367\370\376\001\036\271%a"
 194      FE011EB9 
 194      2561
 195              		.text
 196              		.section	.gnu.lto___func__.7277.6224dbdef71c72d0,"e",%progbits
 197 0000 789CE360 		.ascii	"x\234\343``d\020e``\220g\200\200\351\314\214\037\036"
 197      60641065 
 197      60609067 
 197      8080E9CC 
 197      8C1F1E
 198 0013 CFB9CCA4 		.ascii	"\317\271\314\244\3104\277\201c>3\003\003\343.FE\006"
 198      C834BF81 
 198      633E3303 
 198      03E32E46 
 198      4506
 199 0025 D9BCB2CC 		.ascii	"\331\274\262\314\344\340\324\222\340\312\342\222\324"
 199      E4E0D492 
 199      E0CAE292 
 199      D4
 200 0032 5C8FC4BC 		.ascii	"\\\217\304\274\224\234\324\242\200\242\314\374\242\314"
 200      949CD4A2 
 200      80A2CCFC 
 200      A2CC
 201 0040 924A0600 		.ascii	"\222J\006\000\351\274\022\204"
 201      E9BC1284 
 202              		.text
 203              		.section	.gnu.lto_nvicClearPending.6224dbdef71c72d0,"e",%progbits
 204 0000 789C4550 		.ascii	"x\234EPAKTQ\024>\337=\357\315\274\312t\033\014\225\213"
 204      414B5451 
 204      143EDF3D 
 204      EFCDBCCA 
 204      741B0C95 
 205 0015 40249827 		.ascii	"@$\230'n\202\334\024.C\202\372\0055\010\016\351LhD\253"
 205      6E82DC14 
 205      2E4382FA 
 205      0535080E 
 205      E94C6844 
 206 002a BCF32667 		.ascii	"\274\363&g0\3156:V0\274\021\035\252M%\264\261,_\223"
 206      30CD363A 
 206      5630BC11 
 206      1DAA4D25 
 206      B4B12C5F 
 207 003f 25B66B16 		.ascii	"%\266k\026AP\023\025D\265\250E\233\020\035;\367=\303"
 207      41501315 
 207      44B5A845 
 207      9B101D3B 
 207      F73DC3
 208 0052 CBBD97F3 		.ascii	"\313\275\227\363}\347|\347\236\3739\004\212)\242\036"
 208      7DE77CE7 
 208      9EFB3904 
 208      8A29A21E 
 209 0062 223A2807 		.ascii	"\":(\007LPZ\353\023\361\234\243\2000\322\016hTa\024"
 209      4C505AEB 
 209      13F19CA3 
ARM GAS  /tmp/ccJ0Uvw0.s 			page 16


 209      8030D20E 
 209      68546114 
 210 0076 37799651 		.ascii	"7y\226Q+~[R\235w%\243\203\331;\373\012z\354\200\317"
 210      2B7E5B52 
 210      9D7725A3 
 210      83D93BFB 
 210      0A7AEC80 
 211 008b 44B7E544 		.ascii	"D\267\345D\013O\320)u\015\257\374\267e\212}\006,\201"
 211      0B4FD029 
 211      750DAFFC 
 211      B7658A7D 
 211      062C81
 212 009e D36F1EAF 		.ascii	"\323o\036\257\3575P\241]\340\226\236.\265\362q\220\304"
 212      EF3550A1 
 212      5DE0969E 
 212      2EB5F271 
 212      90C4
 213 00b0 3F3EAD15 		.ascii	"?>\255\025\320Q\325\332\323\301\352\002\353#>3\236\201"
 213      D051D5DA 
 213      D3C1EA02 
 213      EB233E33 
 213      9E81
 214 00c2 A5259691 		.ascii	"\245%\226\221\300S$\210\204\223\326\317\321AF\362e\261"
 214      C0532488 
 214      8493D6CF 
 214      D14146F2 
 214      65B1
 215 00d4 39B33F66 		.ascii	"9\263?f\355\274\212\025\304\344\037D\017\353v\240\233"
 215      EDBC8A15 
 215      C4E41F44 
 215      0FEB76A0 
 215      9B
 216 00e5 DB451D7C 		.ascii	"\333E\035|X\300\342)\231\333gK\311e\263\211,s\331\210"
 216      58C0E229 
 216      99DB674B 
 216      C965B389 
 216      2C73D988 
 217 00f9 BA4C3099 		.ascii	"\272L0\231?X\320\001\321$\253\010\344\004\374D\276T"
 217      3F58D001 
 217      D124AB08 
 217      E404FC44 
 217      BE54
 218 010b DC7A7F4F 		.ascii	"\334z\177O\231\276eF\231my\362\335\312\3342\314\007"
 218      99BE6546 
 218      996D79F2 
 218      DDCADC32 
 218      CC07
 219 011d 2C1C4620 		.ascii	",\034F #I\331Fa=\036\025)\034MH\251!7\013\367\355\210"
 219      2349D946 
 219      613D1E15 
 219      291C4D48 
 219      A921370B 
 220 0134 E41DE5C7 		.ascii	"\344\035\345\307\371J\250\264a\343E\250\3646\213\377"
 220      F94AA8B4 
 220      61E345A8 
 220      F4368BFF 
 221 0144 95968885 		.ascii	"\225\226\210\205\2515\256\217\207\214\010\246\362\277"
ARM GAS  /tmp/ccJ0Uvw0.s 			page 17


 221      A935AE8F 
 221      878C08A6 
 221      F2BF
 222 0152 1B8E11C4 		.ascii	"\033\216\021\304B\177f\336.\325\333\"\250ky\335*T}\255"
 222      427F66DE 
 222      2ED5DB22 
 222      A86B79DD 
 222      2A547DAD 
 223 0166 F4C7A962 		.ascii	"\364\307\251b>'CW\016\371\034\307K1\252f\214\222\354"
 223      3E274357 
 223      0EF91CC7 
 223      4B31AA66 
 223      8C92EC
 224 0179 D8E7EDEF 		.ascii	"\330\347\355\357\252\353\201\276\226\323\355>;XE\025"
 224      AAEB81BE 
 224      96D3ED3E 
 224      3B584515 
 225 0189 B742A724 		.ascii	"\267B\247$\331\2741\347\265t?2\311\312U\237\367\340"
 225      D9BC31E7 
 225      B5743F32 
 225      C9CA559F 
 225      F7E0
 226 019b 15BACA1C 		.ascii	"\025\272\312\034\371\370\032\3352\020\375\202W\371Z"
 226      F9F81ADD 
 226      3210FD82 
 226      57F95A
 227 01aa 4268AB59 		.ascii	"Bh\253Y\023\214]\253\210\216%\223\256\354\013\375\303"
 227      138C5DAB 
 227      888E2593 
 227      AEEC0BFD 
 227      C3
 228 01bb 99FE41B7 		.ascii	"\231\376A\267w }>}\372\254\233\035q\007\316\015\272"
 228      77207D3E 
 228      7DFAAC9B 
 228      1D7107CE 
 228      0DBA
 229 01cd 17B3C397 		.ascii	"\027\263\303\227F\334Tvh(\233qO\236\351\353\355\273"
 229      46DC5476 
 229      68289B71 
 229      4F9EE9EB 
 229      EDBB
 230 01df E2662EA7 		.ascii	"\342f.\247S\311\024!\363\017\334\306\266\252"
 230      53C91421 
 230      F30FDCC6 
 230      B6AA
 231              		.text
 232              		.section	.gnu.lto_nvicSetPending.6224dbdef71c72d0,"e",%progbits
 233 0000 789C4550 		.ascii	"x\234EP\317k\023A\024~\337\274\335d\325Z\257BP{\020"
 233      CF6B1341 
 233      147EDFBC 
 233      DD64D55A 
 233      AF42507B 
 234 0015 4A11B2A5 		.ascii	"J\021\262\245\027A/J\217R\004\375\0134\024\032l\023"
 234      17412F4A 
 234      8F5204FD 
 234      0B34141A 
 234      6C13
ARM GAS  /tmp/ccJ0Uvw0.s 			page 18


 235 0027 69453CD9 		.ascii	"iE<\331\311\306&h\265^\332D\017\313\246\304\240\"\370"
 235      C9C62668 
 235      B55EDA44 
 235      0FCBA6C4 
 235      A022F8
 236 003a 03BC546B 		.ascii	"\003\274Tk\273\306\037\245\342\305\200\336\032\321\203"
 236      BBC61FA5 
 236      E2C580DE 
 236      1AD183
 237 0049 A8073DE8 		.ascii	"\250\007=\350A\244\246\276\331\2558\314\014\357\373"
 237      41A4A6BE 
 237      D9AD38CC 
 237      0CEFFB
 238 0058 DEFBDEBC 		.ascii	"\336\373\336\274\371\034\002%\024\321A\"\332%\007LP"
 238      F91C0225 
 238      14D14122 
 238      DA25074C 
 238      50
 239 0069 5AEB43C9 		.ascii	"Z\353C\311\202\243\200(\322\016hRa\022W\271\312h\226"
 239      82A38028 
 239      D20E6852 
 239      611257B9 
 239      CA6896
 240 007c 3F2DA8BE 		.ascii	"?-\250\276\233\222\321aui[IO\355\014\230\350\272\234"
 240      9B92D161 
 240      75695B49 
 240      4FED0C98 
 240      E8BA9C
 241 008f 78E111FA 		.ascii	"x\341\021\372\244\256\355\371\277\272f8`\300\0228\373"
 241      A4AEEDF9 
 241      BFBA6638 
 241      60C01238 
 241      FB
 242 00a0 EAE1EA56 		.ascii	"\352\341\352V\003\025z\004\376\321\263\225n>\000\222"
 242      03157A04 
 242      FED1B395 
 242      6E3E0092 
 243 00b0 F8CBFB95 		.ascii	"\370\313\373\225\022z\033Z{:\374Yg\2757`\306\023\260"
 243      127A1B5A 
 243      7B3AFC59 
 243      67BD3760 
 243      C613B0
 244 00c3 B4C42252 		.ascii	"\264\304\"Rx\214\024\221p\322z\011\275d$\037\037t\346"
 244      788C1491 
 244      70D27A09 
 244      BD64241F 
 244      1F74E6
 245 00d6 B627ACCD 		.ascii	"\266'\254\315W\261\214\204\374\203\350^\313\016ug\243"
 245      57B18C84 
 245      FC83E85E 
 245      CB0E7567 
 245      A3
 246 00e7 ACC3D737 		.ascii	"\254\303\3277\360\366\210\314\035\260\245\344\262\331"
 246      F0F688CC 
 246      1DB0A5E4 
 246      B2D9
 247 00f5 4496B96C 		.ascii	"D\226\271l\304]\246\231\314\037,\350\220\3502\253\030"
ARM GAS  /tmp/ccJ0Uvw0.s 			page 19


 247      C45DA699 
 247      CC1F2CE8 
 247      90E832AB 
 247      18
 248 0106 14047C45 		.ascii	"\024\004|E\261R\366\327n)\323\327g\370l\313\223\357"
 248      B152F6D7 
 248      6E29D3D7 
 248      67F86CCB 
 248      93EF
 249 0118 96E71761 		.ascii	"\226\347\027a>`a\017B\031I\312~\227V\223q\221\302\276"
 249      3E60610F 
 249      421949CA 
 249      7E975693 
 249      7191C2BE 
 250 012c 94941A72 		.ascii	"\224\224\032r\275t\333\216I\336T\256\325k\221\322\206"
 250      BD74DB8E 
 250      49DE54AE 
 250      D56B91D2 
 250      86
 251 013d 8DA791D2 		.ascii	"\215\247\221\322[/\377SZ\"\026\246\331\276t1bD0S\374"
 251      5B2FFF53 
 251      5A2216A6 
 251      D9BE7431 
 251      62443053 
 252 0152 DE768C20 		.ascii	"\336v\214 \021\3713\367f\241\265#\206\272Y\324\335B"
 252      11F933F7 
 252      66A1B523 
 252      86BA59D4 
 252      DD42
 253 0164 B5562A3F 		.ascii	"\265V*?\234\006\352\005\031\272\266;\340$\236\211QM"
 253      9C06EA05 
 253      19BAB63B 
 253      E0249E89 
 253      514D
 254 0176 639464A7 		.ascii	"c\224d\247>l|V\375w\365\205\202\356\011\330\301s4p-"
 254      3E6C7C56 
 254      FD77F585 
 254      82EE09D8 
 254      C1733470 
 255 018b 724A929D 		.ascii	"rJ\222\235+\363^\327\300}\223\254\235\017x\013^\240"
 255      2BF35ED7 
 255      C07D93AC 
 255      9D0F780B 
 255      5EA0
 256 019d DFE7D8C7 		.ascii	"\337\347\330\307\227\030\220\201\350\033\274\332\235"
 256      97189081 
 256      E81BBCDA 
 256      9D
 257 01aa 2A225BCD 		.ascii	"*\"[\315\232f\374\267\212h\177:\355\312>5<\236\033\036"
 257      9A66FCB7 
 257      8A687F3A 
 257      EDCA3E35 
 257      3C9E1B1E 
 258 01be 750747B2 		.ascii	"u\007G\262'\263G\217\273\371\011w\344\304\250{:?~f\302"
 258      27B3478F 
 258      BBF90977 
 258      E4C4A87B 
ARM GAS  /tmp/ccJ0Uvw0.s 			page 20


 258      3A3F7E66 
 259 01d3 CDE4C7C6 		.ascii	"\315\344\307\306\3629\367\360\261\241\301\241sn\356"
 259      F239F7F0 
 259      B1A1C1A1 
 259      736EEE
 260 01e2 6C3693CE 		.ascii	"l6\223\316\020r\177\001\025\254\266~"
 260      10727F01 
 260      15ACB67E 
 261              		.text
 262              		.section	.gnu.lto_.symbol_nodes.6224dbdef71c72d0,"e",%progbits
 263 0000 789C75CC 		.ascii	"x\234u\314\273\021\202P\024\204\341\335{@\350\302\031"
 263      BB118250 
 263      1484E1DD 
 263      7B40E8C2 
 263      19
 264 0011 5B3031D4 		.ascii	"[01\324^\354cO\011\244\344\006\326`\015\216e8\276\020"
 264      5EEC634F 
 264      09A4E406 
 264      D6600D8E 
 264      6538BE10 
 265 0025 022312B8 		.ascii	"\002#\022\270>2/\177\372\315n\011\342\205X\270P\350"
 265      3E322F7F 
 265      FACD6E09 
 265      E28558B8 
 265      50E8
 266 0037 FAFD8AD5 		.ascii	"\372\375\212\325\011\020p\360M\264\267\\)z,\373\247"
 266      091070F0 
 266      4DB4B75C 
 266      297A2CFB 
 266      A7
 267 0048 1B1526E8 		.ascii	"\033\025&\350NY\232\362\216\360\005`\341Ae\023\363\206"
 267      4E599AF2 
 267      8EF00560 
 267      E1416513 
 267      F386
 268 005a CAD3C496 		.ascii	"\312\323\304\226\232\015\277\346\037\006\334\327Q\236"
 268      9A0DBFE6 
 268      1F06DCD7 
 268      519E
 269 0068 549114B3 		.ascii	"T\221\024\263\362{\2665+\316\307z\311\0351\002\225\306"
 269      F27BB635 
 269      2BCEC77A 
 269      C91D3102 
 269      95C6
 270 007a 4A2D     		.ascii	"J-"
 271              		.text
 272              		.section	.gnu.lto_.refs.6224dbdef71c72d0,"e",%progbits
 273 0000 789CE360 		.ascii	"x\234\343``d`c```dfbae\000\000\000\371\000\037"
 273      60646063 
 273      60606064 
 273      66626165 
 273      000000F9 
 274              		.text
 275              		.section	.gnu.lto_.decls.6224dbdef71c72d0,"e",%progbits
 276 0000 789CB558 		.ascii	"x\234\265X{PU\307\031?{\366\302}\360\320\242m2\203\235"
 276      7B5055C7 
 276      193F7BF6 
ARM GAS  /tmp/ccJ0Uvw0.s 			page 21


 276      C27DF0D0 
 276      A26D3283 
 277 0015 663A66D2 		.ascii	"f:f\322i\033\257\211im\246\235i\340j*\323\232\320\213"
 277      691BAF89 
 277      696DA69D 
 277      69E06A2A 
 277      D39AD08B 
 278 0029 B16D9A29 		.ascii	"\261m\232)c\010)\264\010\031\3044\376\325s\001\021\021"
 278      630829B4 
 278      0819C434 
 278      FED57301 
 278      1111
 279 003b 10449487 		.ascii	"\020D\224\207\312K\242\240D\011(1\210\\P\020\021y)\020"
 279      CA4BA2A0 
 279      44092831 
 279      885C5010 
 279      11792910 
 280 004f 107909F2 		.ascii	"\020y\011\362\020\205`4\362P\372\355\331=\234s\317\345"
 280      10856034 
 280      F250FAED 
 280      D93D9C73 
 280      CFE5
 281 0061 DA4E3BBD 		.ascii	"\332N;\275\303w\017\273\373\333o\177\337\267\337~\373"
 281      C3770FBB 
 281      FBDB6F7F 
 281      DFB7DF7E 
 281      FB
 282 0072 9DABE310 		.ascii	"\235\253\343\020W\264\202\343\312x\216+\005\231\207"
 282      57B482E3 
 282      CA788E2B 
 282      059987
 283 0081 8F8EE3B8 		.ascii	"\217\216\343\270\026\020\014R\005r\015\304\231\243\037"
 283      16100C52 
 283      05720DC4 
 283      99A31F
 284 0090 327603A4 		.ascii	"2v\003\244\023\344\026H/H?\310m\220\021\220\007 \010"
 284      13E41648 
 284      2F483FC8 
 284      6D901190 
 284      072008
 285 00a3 E41167FB 		.ascii	"\344\021g\373)\200N\027x\006\201x\200,g\272\265\320"
 285      29804E17 
 285      78068178 
 285      802C67BA 
 285      B5D0
 286 00b5 EF0C320D 		.ascii	"\357\0142\015\377\377\036\236\276 ?AT\011Y_\003\317"
 286      FFFF1E9E 
 286      BE203F41 
 286      5409595F 
 286      03CF
 287 00c7 0D205E88 		.ascii	"\015 ^\210\352\275\301\331\177J`\300m\021\335`\026\367"
 287      EABDC1D9 
 287      7F4A60C0 
 287      6D11DD60 
 287      16F7
 288 00d9 12C89F14 		.ascii	"\022\310\237\024\272W\200x\252\326\360f\372\337bkt."
 288      BA578078 
ARM GAS  /tmp/ccJ0Uvw0.s 			page 22


 288      AAD6F066 
 288      FADF626B 
 288      742E
 289 00eb B246390C 		.ascii	"\262F9\014\270.\262\206Z\277\244WZ\207\350\227\370{"
 289      B82EB286 
 289      5ABFA457 
 289      5A87E897 
 289      F87B
 290 00fd 33FDB716 		.ascii	"3\375\267\026\321_\211\250^\265~?D}Ol\331\014\377\377"
 290      D15F89A8 
 290      5EB57E3F 
 290      447D4F6C 
 290      D90CFFFF 
 291 0111 01E48F88 		.ascii	"\001\344\217\210\356I\003\3100[?\017\372rA,l]\262N\006"
 291      EE4903C8 
 291      305B3F0F 
 291      FA72412C 
 291      6C5DB24E 
 292 0126 5BBF97ED 		.ascii	"[\277\227\355\313\210\203\275\271\307\360\015\213\360"
 292      CB8883BD 
 292      B9C7F00D 
 292      8BF0
 293 0134 923E1701 		.ascii	"\222>\027\001`p`\377\273\213\330O\036\322\236\365/\242"
 293      607060FF 
 293      BB8BD84F 
 293      1ED29EF5 
 293      2FA2
 294 0146 EFF27FA1 		.ascii	"\357\362\177\241o={\336^D\337A\214\316\307<\271\240"
 294      6F3D7BDE 
 294      5E44DF41 
 294      8CCEC73C 
 294      B9A0
 295 0158 4DC4E825 		.ascii	"M\304\350%\003\"Q\274\004\272.O\334\273\201h\027A\214"
 295      032251BC 
 295      04BA2E4F 
 295      DCBB8168 
 295      17418C
 296 016b 1427352C 		.ascii	"\024'5,\301\274\370\377Du\236\277\261H\240\037\335\016"
 296      C1BCF8FF 
 296      44759EBF 
 296      B148A01F 
 296      DD0E
 297 017d 0E9D4758 		.ascii	"\016\235GX\326Up49\327\031{\213\310\236\310\303\217"
 297      D6557034 
 297      39D7197B 
 297      8BC89EC8 
 297      C38F
 298 018f 5D418987 		.ascii	"]A\211\207\001i\240\271\277\276\364\212\001\232\313"
 298      0169A0B9 
 298      BFBEF48A 
 298      019ACB
 299 019e 0DE80568 		.ascii	"\015\350\005hf\364\235\310q5\304\012B\244\220\035%\350"
 299      66F49DC8 
 299      7135C40A 
 299      42A4901D 
 299      25E8
 300 01b0 3770C88A 		.ascii	"7p\310\212<Q%\362\344\320\005$\256\\\201\214\250\034"
ARM GAS  /tmp/ccJ0Uvw0.s 			page 23


 300      3C5125F2 
 300      E4D00524 
 300      AE5C818C 
 300      A81C
 301 01c2 FABE247D 		.ascii	"\372\276$}U\310\000\223\206c\032\236j\251\312\025d\205"
 301      55C80093 
 301      86631A9E 
 301      6AA9CA15 
 301      6485
 302 01d4 B2E12C37 		.ascii	"\262\341,7\242C\240:H\277\244\205C\027\221\201CFOT\015"
 302      A243A03A 
 302      48BFA485 
 302      43179181 
 302      43464F54 
 303 01e9 2D002725 		.ascii	"-\000'%\024\367\362t\356\367\241\231\337\177!JO\351"
 303      14F7F274 
 303      EEF7A199 
 303      DF7F214A 
 303      4FE9
 304 01fb 8C2068B7 		.ascii	"\214 h\267=\256\230q\305\277%\314\261%n\246\023#\203"
 304      3DAE9871 
 304      C5BF25CC 
 304      B1256EA6 
 304      132383
 305 020e 27025D48 		.ascii	"'\002]H\244(\344\011\370y\016\255\361D\253\201L-\020"
 305      A428E409 
 305      F8790EAD 
 305      F144AB81 
 305      4C2D10
 306 0221 BC4CB4D7 		.ascii	"\274L\264\327\001\340\012\250O\027tbG\272\000\350\311"
 306      01E00AA8 
 306      4F177462 
 306      47BA00E8 
 306      C9
 307 0232 7F8AFF83 		.ascii	"\177\212\377\203\316\304\332c\026\235G\022\341\007_"
 307      CEC4DA63 
 307      169D4712 
 307      E1075F
 308 0241 6F20D28F 		.ascii	"o \322\217j`\316%\221`=\362\240,E\327\305\016>\254p"
 308      6A60CE25 
 308      91603DF2 
 308      A02C45D7 
 308      C50E3EAC 
 309 0256 31B0D5A2 		.ascii	"1\260\325\242\237\265\032\200+\316%\2478)5_}\206\346"
 309      9FB51A80 
 309      2BCE25A7 
 309      3829355F 
 309      7D86E6
 310 0269 2B874673 		.ascii	"+\207Fs\235\\\343\026\\\215\032\220\207\302O\327\020"
 310      9D5CE316 
 310      5C8D1A90 
 310      87C24FD7 
 310      10
 311 027a 39A0E401 		.ascii	"9\240\344\001\330\234[}\225\372~\324\213x\322\207\216"
 311      D89C5B7D 
 311      95FA7ED4 
 311      8B78D287 
ARM GAS  /tmp/ccJ0Uvw0.s 			page 24


 311      8E
 312 028b 63C4211A 		.ascii	"c\304!\032G\210\204\020}\"\362?\221y\351\203\310\207"
 312      47888410 
 312      7D22F23F 
 312      9179E983 
 312      C887
 313 029d E1A4B093 		.ascii	"\341\244\260\223\372\350C\372\242}<\323\302\263\320"
 313      FAE843FA 
 313      A27D3CD3 
 313      C2B3D0
 314 02ac 41885B58 		.ascii	"A\210[X\205\352V\250\246\343\210\215KJ\350\004\312J"
 314      85EA56A8 
 314      A6E3888D 
 314      4B4AE804 
 314      CA4A
 315 02be 9EC8BA78 		.ascii	"\236\310\272x\266\234r\006\262c,+\344\026\224J\037\264"
 315      B69C7206 
 315      B2632C2B 
 315      E416944A 
 315      1FB4
 316 02d0 10D3479E 		.ascii	"\020\323G\236$d\271\017\240>\0138\373\364\231I7\016"
 316      2464B90F 
 316      A03E0B38 
 316      FBF49949 
 316      370E
 317 02e2 7D37E905 		.ascii	"}7\351\005N\014\361\371\324\276\004-\376\253\370\177"
 317      4E0CF1F9 
 317      D4BE042D 
 317      FEABF87F 
 318 02f2 4C4D52B9 		.ascii	"LMR\271\033\215/\2368\262\2559\022\321\370Z\012\315"
 318      1B8D2F9E 
 318      38B2AD39 
 318      12D1F85A 
 318      0ACD
 319 0304 D4DC4B37 		.ascii	"\324\334K7\364\317\245\212\033\026%,\345Q\320\367P+"
 319      F4CFA58A 
 319      1B16252C 
 319      E551D0F7 
 319      502B
 320 0316 6C418BB8 		.ascii	"lA\213\270\005\327\321s\034\332\256\241\353\365\034"
 320      05D7D173 
 320      1CDAAEA1 
 320      EBF51C
 321 0325 DAD5BDE4 		.ascii	"\332\325\275\344\207\331B_\237`\275|\344W\351\0151B"
 321      87D9425F 
 321      9F60BD7C 
 321      E457E90D 
 321      3142
 322 0337 334C7B43 		.ascii	"3L{C\204\241f\210\0068\031\"E\370\237CMh\000\241F\324"
 322      84A16688 
 322      06381922 
 322      45F89F43 
 322      4D6800A1 
 323 034d 4FACB981 		.ascii	"O\254\271\201~\010\0122o\014\344\361\3708\022i\335\351"
 323      7E080A32 
 323      6F0CE4F1 
 323      F8381269 
ARM GAS  /tmp/ccJ0Uvw0.s 			page 25


 323      DDE9
 324 035f 49BCE9A4 		.ascii	"I\274\351\244\001?\223#D\326\200\276\322\256^+\277\320"
 324      013F9323 
 324      44D680BE 
 324      D2AE5E2B 
 324      BFD0
 325 0371 D78EC44E 		.ascii	"\327\216\304N\313\343=3\330!\303\257\010\303\016\304"
 325      CBE33D33 
 325      D821C3AF 
 325      08C30EC4 
 326 0381 284EECBC 		.ascii	"(N\354\274R\350\314(N\255\310\020\254\020\263\002O@"
 326      52E8CC28 
 326      4EADC810 
 326      AC10B302 
 326      4F40
 327 0393 A84DC1AF 		.ascii	"\250M\301\257M\315\257S\344\327\326S1\211\3619\307\374"
 327      4DCDAF53 
 327      E4D7D653 
 327      3189F139 
 327      C7FC
 328 03a5 D2EE1D1E 		.ascii	"\322\356\035\036sqH\245\233P\271)Q)\276U\026\301\230"
 328      737148A5 
 328      9B50B929 
 328      5129BE55 
 328      16C198
 329 03b8 8CFD6081 		.ascii	"\214\375`\201\011`P\227\202I\227\232\311-\221I\361\343"
 329      09605097 
 329      8249979A 
 329      C92D9149 
 329      F1E3
 330 03ca BB51185F 		.ascii	"\273Q\030_\245L\316\246\325\024k\231\252\256\037\333"
 330      A54CCEA6 
 330      D5146B99 
 330      AAAE1FDB 
 331 03da 18D5A350 		.ascii	"\030\325\243P\325\243V\325+\252\2528v\320\007\217PM"
 331      D5A356D5 
 331      2BAAAA38 
 331      76D0078F 
 331      504D
 332 03ec 0DD95F56 		.ascii	"\015\331_V\350$R?\265!\325\247\320\324\247\326\324/"
 332      E824523F 
 332      B521D5A7 
 332      D0D4A7D6 
 332      D42F
 333 03fe 6ACACB1F 		.ascii	"j\312\313\037\267h\3614UU\224\333T\346\302T\315\274"
 333      B768F134 
 333      555594DB 
 333      54E6C254 
 333      CDBC
 334 0410 6CA36A40 		.ascii	"l\243j@\241j@\255\352\266\250\312:y4\015\343X\232\271"
 334      A16A40AD 
 334      EAB6A8CA 
 334      3A79340D 
 334      E3589AB9 
 335 0424 FBEE5727 		.ascii	"\373\356W'ae\032 9CN\003Cb\032\000\\\375\331\224\363"
 335      61651A20 
 335      39434E03 
ARM GAS  /tmp/ccJ0Uvw0.s 			page 26


 335      43621A00 
 335      5CFDD994 
 336 0439 6EE28E40 		.ascii	"n\342\216@\027\333\221\332\222\323\237\"\207;2Lv\344"
 336      17DB91DA 
 336      92D39F22 
 336      873B324C 
 336      76E4
 337 044b 8EB42305 		.ascii	"\216\264#\005\315\315-N\204\262 X;\352W\226\237\036"
 337      CDCD2D4E 
 337      84B22058 
 337      3BEA5796 
 337      9F1E
 338 045d 11620D22 		.ascii	"\021b\015\"\010\015*(\017\262{\003\322/\241:\335\231"
 338      080D2A28 
 338      0FB27B03 
 338      D22FA13A 
 338      DD99
 339 046f 35E386AD 		.ascii	"5\343\206\255\224jQ\344l\215\016\267\320\306TO\367q"
 339      946A51E4 
 339      6C8D0EB7 
 339      D0C6544F 
 339      F771
 340 0481 57E083C6 		.ascii	"W\340\203\306\304\031\320s\355\324\350\036g\334A\207"
 340      C419D073 
 340      EDD4E81E 
 340      67DC4187 
 341 0491 4BEFA664 		.ascii	"K\357\246d\222\000B\343\304\007wi0\237\266X\217\271"
 341      920042E3 
 341      C4077769 
 341      309FB658 
 341      8FB9
 342 04a3 E16E8AA8 		.ascii	"\341n\212\250\27694\254%\210\373\004q\217\">;9{\332"
 342      BE3934AC 
 342      2588FB04 
 342      718F223E 
 342      3B397BDA 
 343 04b7 205AE92C 		.ascii	" Z\351,\205]\377\261\241\355R\317$E\035h\252\036\267"
 343      855DFFB1 
 343      A1ED52CF 
 343      24451D68 
 343      AA1EB7
 344 04ca 39143024 		.ascii	"9\0240$\333=E\354\376Z\262[\270\220\035\351\012vOf\013"
 344      DB3D45EC 
 344      FE5AB25B 
 344      B8901DE9 
 344      0A764F66 
 345 04df D9198277 		.ascii	"\331\031\202w\244\020/XKx\002B\243\222\335h\002\320"
 345      A4102F58 
 345      4B780242 
 345      A392DD68 
 345      02D0
 346 04f1 A4494D7F 		.ascii	"\244IM\177 \232\336y=\252\326\025\017R\2629\327\036"
 346      209ADE79 
 346      3DAAD615 
 346      0F52B239 
 346      D71E
 347 0503 1C30E029 		.ascii	"\0340\340)\332\210\337\231}\337\360b\236\320l%\251\340"
ARM GAS  /tmp/ccJ0Uvw0.s 			page 27


 347      DA88DF99 
 347      7DDFF062 
 347      9ED06C25 
 347      A9E0
 348 0515 B5C24F85 		.ascii	"\265\302O\205\330$\213N\314\337\017A%D\236\"\351\177"
 348      D8248B4E 
 348      CCDF0F41 
 348      25449E22 
 348      E97F
 349 0527 033D7F21 		.ascii	"\003=\177!\364\037\241\027an\345\374\201J\015\315G:"
 349      F41FA117 
 349      616EE5FC 
 349      814A0DCD 
 349      473A
 350 0539 680E163E 		.ascii	"h\016\026>(Dx\226\352M\316\373f\332\231\3345Q\020\012"
 350      28447896 
 350      EA4DCEFB 
 350      66DA99DC 
 350      3551100A 
 351 054d D1FFEEF2 		.ascii	"\321\377\356\362%\256\2715\034\347\216\005,\316.\253"
 351      25AEB935 
 351      1CE78E05 
 351      2CCE2EAB 
 352 055d E8DAEBEE 		.ascii	"\350\332\353\356\360\332\235e\327\256Q\234\330US\332"
 352      F0DA9D65 
 352      D7AE519C 
 352      D85553DA 
 353 056d E9422F2A 		.ascii	"\351B/*\300\276\241\021O\271\014\236#\027\325\254tQ"
 353      C0BEA111 
 353      4FB90C9E 
 353      2317D5AC 
 353      7451
 354 057f 153C4CCC 		.ascii	"\025<L\3144P\312\344.\372\262\355j\256;M\241}b\"\336"
 354      3450CAE4 
 354      2EFAB2ED 
 354      6AAE3B4D 
 354      A17D6222 
 355 0594 25D4F038 		.ascii	"%\324\3608\216\222\2702Ws\331U2\341\337\326\017\007"
 355      8E92B832 
 355      5773D955 
 355      32E1DFD6 
 355      0F07
 356 05a6 B1A62ED7 		.ascii	"\261\246.\327\362\330\025-[\271re2\2736\005\262\027"
 356      F2D8152D 
 356      5BB97265 
 356      32BB3605 
 356      B217
 357 05b8 4F01F144 		.ascii	"O\001\361D\344b\341\227\211s\242\370\225(\032$\222_"
 357      E462E197 
 357      8973A2F8 
 357      95281A24 
 357      925F
 358 05ca 49362957 		.ascii	"I6)W\210\216\002\357\217\255.\274\030\227 dG\302F\363"
 358      888E02EF 
 358      8FAD2EBC 
 358      18972064 
 358      47C246F3 
ARM GAS  /tmp/ccJ0Uvw0.s 			page 28


 359 05de 5029C11A 		.ascii	"P)\301\032d\202l\312\267\342\367+\236d\006|\254\365"
 359      64826CCA 
 359      B7E2F72B 
 359      9E64067C 
 359      ACF5
 360 05f0 85188E6B 		.ascii	"\205\030\216k\2643\261\021\315\330\301\2152z?\350o\225"
 360      B433B111 
 360      CDD8C18D 
 360      327A3FE8 
 360      6F95
 361 0602 D0D3E09F 		.ascii	"\320\323\340\237\307\213\243\255\344_bz{\311e\027\334"
 361      C78BA3AD 
 361      E45F627A 
 361      7BC96517 
 361      DC
 362 0613 4EFDD032 		.ascii	"N\375\3202\321X\351\274lQ\223\320N\036;\262\012f\356"
 362      D158E9BC 
 362      6C5193D0 
 362      4E1E3BB2 
 362      0A66EE
 363 0626 BE5E1AA3 		.ascii	"\276^\032\243U\346\203\030\233%w\361bY\000\017r:\273"
 363      55E68318 
 363      9B2577F1 
 363      6259000F 
 363      723ABB
 364 0639 327E4937 		.ascii	"2~I7F \205\327\210e\376\221\236\266'\265\320n\312:v"
 364      462085D7 
 364      8865FE91 
 364      9EB627B5 
 364      D06ECA3A 
 365 064e C199B693 		.ascii	"\301\231\266\223\226C\373\321\361\231dV\353\0119\244"
 365      9643FBD1 
 365      F1996456 
 365      EB0939A4 
 366 065e BA3A3C37 		.ascii	"\272:<7\027\255\301\003\224rZ~\236\325\235\242\243\234"
 366      17ADC103 
 366      94725A7E 
 366      9ED59DA2 
 366      A39C
 367 0670 A07DF066 		.ascii	"\240}\360f\377%W\207\361\224\310\323xJ\340\305\200\272"
 367      FF255787 
 367      F194C8D3 
 367      784AE0C5 
 367      80BA
 368 0682 9D9C51EE 		.ascii	"\235\234Q\356&W>4\240\366\360\236(\216'\350\275\274"
 368      26573E34 
 368      A0F6F09E 
 368      288E27E8 
 368      BDBC
 369 0694 079D229A 		.ascii	"\007\235\"\232\330Rz~\277\216\361v&\001\326}\243\201"
 369      D8527A7E 
 369      BF8EF176 
 369      2601D67D 
 369      A381
 370 06a6 D5809384 		.ascii	"\325\200\223\204\326\356\322k'1\343I\352\336\304\216"
 370      D6EED26B 
 370      2731E349 
ARM GAS  /tmp/ccJ0Uvw0.s 			page 29


 370      EADEC48E 
 371 06b6 E45FE371 		.ascii	"\344_\343q\312\262no\344u\206\235 \330\007\011\345="
 371      CAB26E6F 
 371      E475869D 
 371      20D80709 
 371      E53D
 372 06c8 CE0E59A6 		.ascii	"\316\016Y\2462\226\373)Kk_\3024Q\274\202D\212\242\240"
 372      3296FB29 
 372      4B6B5FC2 
 372      3451BC82 
 372      448AA2A0 
 373 06dc 5E410BEA 		.ascii	"^A\013\352\202\254\343\227\334\360\004]\350n\223\265"
 373      82ACE397 
 373      DCF0045D 
 373      E86E93B5 
 374 06ec 64A1F053 		.ascii	"d\241\360S\226\231i\2748\201\354\336A0\360\000U}\240"
 374      969969BC 
 374      3881ECDE 
 374      4130F000 
 374      557DA0
 375 06ff FA8B2A8D 		.ascii	"\372\213*\215\262\364K\207p\334\007\343\311\242\003"
 375      B2F44B87 
 375      70DC07E3 
 375      C9A203
 376 070e 32880352 		.ascii	"2\210\003R%\007\334\376\332R\304\323S\362\237\350n\235"
 376      2507DCFE 
 376      DA52C4D3 
 376      53F29FE8 
 376      6E9D
 377 0720 AAABB429 		.ascii	"\252\253\264)+3\237\241\273\363\334|-+x\262I\201\337"
 377      2B339FA1 
 377      BBF3DC7C 
 377      2D2B78B2 
 377      4981DF
 378 0733 30577581 		.ascii	"0Wu\201\325\373}\304\346\003\243\365U.\314\271\356\320"
 378      D5FB7DC4 
 378      E603A3F5 
 378      552ECCB9 
 378      EED0
 379 0745 BEF8E0D0 		.ascii	"\276\370\340\320\327\256\370[jtizb<\313Nk\241\371\244"
 379      D7AEF85B 
 379      6A74697A 
 379      623CCB4E 
 379      6BA1F9A4 
 380 0759 A62B0B3B 		.ascii	"\246+\013;tn.sn\016e\031w\324\352\255\216\200, yD$\231"
 380      746E2E73 
 380      6E0E6519 
 380      77D4EAAD 
 380      8E802C20 
 381 0771 4748E64A 		.ascii	"GH\346J$\207&\206N0\222\202\362-\304\203\276\205\024"
 381      24872686 
 381      4E309282 
 381      F22DC483 
 381      BE8514
 382 0784 968FA6F1 		.ascii	"\226\217\246\361\214#\251\332.^\317<\241\305\026\015"
 382      8C23A9DA 
 382      2E5ECF3C 
ARM GAS  /tmp/ccJ0Uvw0.s 			page 30


 382      A1C5160D 
 383 0794 BD30D38F 		.ascii	"\2750\323\217\036`QM\202\274n.-\225w\310\261\200q<N"
 383      1E60514D 
 383      82BC6E2E 
 383      2D9577C8 
 383      B180713C 
 384 07a9 391EAD1B 		.ascii	"9\036\255\033\354\323\250I~\012$\363E\222\205\204d\201"
 384      ECD3A849 
 384      7E0A24F3 
 384      45928584 
 384      6481
 385 07bb 44D23A7C 		.ascii	"D\322:|#\001)\301$\3038\002\037\336m=\311\316^6V"
 385      230129C1 
 385      24C33802 
 385      1FDE6D3D 
 385      C9CE5E36 
 386 07d0 64490F96 		.ascii	"dI\017\226%\245\230_\316b\3362rz\027\3061\324\244\216"
 386      25A5985F 
 386      CE62DE32 
 386      727A17C6 
 386      31D4A48E 
 387 07e4 82F2F925 		.ascii	"\202\362\371%\024\374\0344/\354IHqqhR13\35145i\342\314"
 387      14FC1C34 
 387      2FEC4948 
 387      71716852 
 387      3133E934 
 388 07fc E121AC36 		.ascii	"\341!\2546\3513`Y$\262\374\234\260,\226X\356?\323\331"
 388      E9336059 
 388      24B2FC9C 
 388      B02C9658 
 388      EE3FD3D9 
 389 0810 CEFC2C10 		.ascii	"\316\374,\020\226C'\006\362\0148I\303.\220'9\3545.\233"
 389      96432706 
 389      F20C3849 
 389      C32E9027 
 389      39EC352E 
 390 0825 787D3E73 		.ascii	"x}>s\362\260+N\245\203\322\226x\260-i\032=[\314\343"
 390      F2B02B4E 
 390      A583D296 
 390      78B02D69 
 390      1A3D5BCC 
 391 083a 2C3A385A 		.ascii	",:8Z\233yG\2129\022c\275\235m\305\256\370(\035,\232"
 391      9B79478A 
 391      391263BD 
 391      9D6DC5AE 
 391      F8281D2C 
 392 084f 1FCE64C6 		.ascii	"\037\316d\306\011\342\351>5\260\307\011\027\321\301"
 392      09E2E93E 
 392      35B0C709 
 392      17D1C1
 393 085e CBB5917F 		.ascii	"\313\265\221\177\303\237\263%\246*\253\230\313\242I"
 393      C39FB325 
 393      A62AAB98 
 393      CBA249
 394 086d 3A8B3D59 		.ascii	":\213=Y\324\312\\\226-\206nIU\\\324\022\\&\242\335\357"
 394      D4CA5C96 
 394      2D866E49 
ARM GAS  /tmp/ccJ0Uvw0.s 			page 31


 394      555CD412 
 394      5C26A2DD 
 395 0882 46777D8C 		.ascii	"Fw}\214\340\332 W\007\373\300\235`\021\254\003\177\266"
 395      E0DA2057 
 395      07FBC09D 
 395      6011AC03 
 395      7FB6
 396 0894 8829FB04 		.ascii	"\210)\373\004\357\201J\341<]\202\374)\357Z\011/gx\202"
 396      EF814AE1 
 396      3C5D82FC 
 396      29EF5A09 
 396      2F677882 
 397 08a8 AE7E0FBE 		.ascii	"\256~\017\276,\316\350\020\240S\030Z>ZI\274\352\366"
 397      2CCEE810 
 397      A053185A 
 397      3E5A49BC 
 397      EAF6
 398 08ba 60BAC1AB 		.ascii	"`\272\301\253\350K\206\226}}n\001m\223\370+\001pA\034"
 398      E84B8696 
 398      7D7D6E01 
 398      6D93F82B 
 398      0170411C 
 399 08ce BAC4B27E 		.ascii	"\272\304\262~#d\374\253 u \027Aj@\256\200T\201\324\203"
 399      2364FCAB 
 399      20752017 
 399      416A40AE 
 399      805481D4 
 400 08e3 5C06A905 		.ascii	"\\\006\251\005\251\006i\000\271\266p\347\301\362\255"
 400      A9066900 
 400      B9B670E7 
 400      C1F2AD
 401 08f2 0AFBBEB0 		.ascii	"\012\373\276\260\263\257L\305x\206\241\341\374\301\256"
 401      B3AF4CC5 
 401      7886A1E1 
 401      FCC1AE
 402 0901 52B47C2A 		.ascii	"R\264|*\017\253\2741\245\320}\314N\367Q\265\357\024"
 402      0FABBC31 
 402      A5D07DCC 
 402      4EF751B5 
 402      EF14
 403 0913 E8F376E8 		.ascii	"\350\363v\350r\025\223.\205\357\316\332\371\356\214"
 403      7215932E 
 403      85EFCEDA 
 403      F9EE8C
 404 0922 0A3DA640 		.ascii	"\012=\246@\237\262C\237T[\371\256\214&\227\272-:_\275"
 404      9FB2439F 
 404      545BF9AE 
 404      8C2697BA 
 404      2D3A5FBD 
 405 0936 8BEF5134 		.ascii	"\213\357Q4\334J(\236\351\226\357\252\335J+I\015\360"
 405      DC4A289E 
 405      E996EFAA 
 405      DD4A2B49 
 405      0DF0
 406 0948 1E2D01C8 		.ascii	"\036-\001\310\351\2672\264|\032c\325\036|W\366I\205"
 406      E9B732B4 
 406      7C1A63D5 
ARM GAS  /tmp/ccJ0Uvw0.s 			page 32


 406      1E7C57F6 
 406      4985
 407 095a 9D4F16CA 		.ascii	"\235O\026\312\013\210\346\247\355\275\227\020>Oc\277"
 407      0B88E6A7 
 407      EDBD9710 
 407      3E4F63BF 
 408 096a BEBAE788 		.ascii	"\276\272\347\210\333\262E\303\006515\377C\344\220\303"
 408      DBB245C3 
 408      06353135 
 408      FF43E490 
 408      C3
 409 097b 93B073C8 		.ascii	"\223\260s\310\346\347\206f\033;Zh]\321\"\326\025\327"
 409      E6E78666 
 409      1B3B5A68 
 409      5DD122D6 
 409      15D7
 410 098d 6AAEA769 		.ascii	"j\256\247iq\255H\015W\035\355(\321#=\375\331e\227x\037"
 410      71AD480D 
 410      571DED28 
 410      D1233DFD 
 410      D9659778 
 411 09a2 46252D45 		.ascii	"F%-E\013wV+\320\273\316\353\3415\027\010\267\361\364"
 411      0B77562B 
 411      D0BBCEEB 
 411      E1351708 
 411      B7F1F4
 412 09b5 6717D221 		.ascii	"g\027\322!\376\354\262\224\216\301\0279\3725SM6\357"
 412      FEECB294 
 412      8EC11739 
 412      FA35534D 
 412      36EF
 413 09c7 3AA40A97 		.ascii	":\244\012\2279\264S\016\355\"\207\306\216\231f\235T"
 413      39B4530E 
 413      ED2287C6 
 413      8E99669D 
 413      54
 414 09d8 E3473FA3 		.ascii	"\343G?\243\306G\035<I\232\371\217\362\005w\245\356a"
 414      C6471D3C 
 414      499AF98F 
 414      F20577A5 
 414      EE61
 415 09ea 1BDD5F51 		.ascii	"\033\335_Q\335_\211\272{\352+o\263k.\226$\226\317\343"
 415      DD5F89BA 
 415      7BEA2B6F 
 415      B36B2E96 
 415      2496CFE3 
 416 09fe EF4CB13B 		.ascii	"\357L\261;r\222\370\252{\376\336 \313D\313\025\351m"
 416      7292F8AA 
 416      7BFEDE20 
 416      CB44CB15 
 416      E96D
 417 0a10 394B6F85 		.ascii	"9Ko\205\337\214\236\3249\314\317\267X~\256\2445za\313"
 417      DF8C9ED4 
 417      39CCCFB7 
 417      587EAEA4 
 417      357A61CB 
 418 0a24 E94E833A 		.ascii	"\351N\203:?w\203\253n\212\021\321C\362\363-)?\237i\355"
ARM GAS  /tmp/ccJ0Uvw0.s 			page 33


 418      3F7783AB 
 418      6E8A11D1 
 418      43F2F32D 
 418      293F9F69 
 419 0a39 78A4C70D 		.ascii	"x\244\307\0154&n\317\336\177I9q\372\031\023\317&\225"
 419      34266ECF 
 419      DE7F4939 
 419      71FA1913 
 419      CF2695
 420 0a4c C5308B9A 		.ascii	"\3050\213\2329\305\357\034\036\364w\016)\007/g9\270"
 420      39C5EF1C 
 420      1EF4770E 
 420      29072F67 
 420      39B8
 421 0a5e BCB6F50A 		.ascii	"\274\266\365\012\302-t\235\310\266\223e\314Zr'\324\266"
 421      C22D749D 
 421      C8B69365 
 421      CC5A7227 
 421      D4B6
 422 0a70 D7D63BB6 		.ascii	"\327\326;\266\356\016\263n\210\336>\271\367\016\011"
 422      EE0EB36E 
 422      88DE3EB9 
 422      F70E09
 423 0a7f 7AB575B7 		.ascii	"z\265u\267\201\344\200Hr\230\220\274#\221<\330x\276"
 423      81E48048 
 423      729890BC 
 423      23913CD8 
 423      78BE
 424 0a91 17A92D72 		.ascii	"\027\251-r\004\276\232\331laWU\235\370\213\304\323\222"
 424      04BE9AD9 
 424      6C615755 
 424      9DF88BC4 
 424      D392
 425 0aa3 7A2D6EA7 		.ascii	"z-n\247\224S\366=\256\327\341.\332H-\254\232c\273gU"
 425      9453F63D 
 425      AED7E12E 
 425      DA482DAC 
 425      9A63BB67 
 426 0ab8 B697B3F6 		.ascii	"\266\227\263\366\203\023\223\371\316\270G\363\037\274"
 426      831393F9 
 426      CEB847F3 
 426      1FBC
 427 0ac6 254D30EB 		.ascii	"%M0\353V\213\306\305\336\317\267\272\252\215\273\007"
 427      568BC6C5 
 427      DECFB7BA 
 427      AA8DBB07 
 428 0ad6 7CE94BC5 		.ascii	"|\351K\305$\341;!\361\265t\314\226\273\252\215s\004"
 428      24E13B21 
 428      F1B574CC 
 428      96BBAA8D 
 428      7304
 429 0ae8 6E49E9EA 		.ascii	"nI\351\352e\325\302/H\351=\2353\346\206\007(\303{\367"
 429      65D5C22F 
 429      48E93D9D 
 429      33E68607 
 429      28C37BF7 
 430 0afc E74EB9E3 		.ascii	"\347N\271\343a\332\270Xvs\224]\273\253\241y\342dU\243"
ARM GAS  /tmp/ccJ0Uvw0.s 			page 34


 430      61DAB858 
 430      7673945D 
 430      BBABA179 
 430      E26455A3 
 431 0b10 0B1EA763 		.ascii	"\013\036\247csIY%z<E\033C\271\343\337\245\270\037\221"
 431      73495925 
 431      7A3C451B 
 431      43B9E3DF 
 431      A5B81F91 
 432 0b24 77EBBC23 		.ascii	"w\353\274#\373\364\370[:4\237\024\233\256\305s\264\261"
 432      FBF4F85B 
 432      3A349F14 
 432      9BAEC573 
 432      B4B1
 433 0b36 BF717F9E 		.ascii	"\277q\177\236\013\2668\321\253\371l|&\273\361\237'/"
 433      0BB638D1 
 433      ABF96C7C 
 433      26BBF19F 
 433      272F
 434 0b48 DF8F120F 		.ascii	"\337\217\022\017\272\340]t\354j\355p\006\246c.\320\034"
 434      BAE05D74 
 434      EC6AED70 
 434      06A6632E 
 434      D01C
 435 0b5a 8F8B9CD5 		.ascii	"\217\213\234\325:\364\333<\363\333S\032\025\265O3m\177"
 435      3AF4DB3C 
 435      F3DB531A 
 435      15B54F33 
 435      6D7F
 436 0b6c 0725C5B0 		.ascii	"\007%\305\260\374J'`\017:E\364\305\271\234\211\257t"
 436      FC4A2760 
 436      0F3A45F4 
 436      C5B99C89 
 436      AF74
 437 0b7e EAEAD611 		.ascii	"\352\352\326\021\270\242\265\373\015\274\2072|\330\330"
 437      B8A2B5FB 
 437      0DBC8732 
 437      7CD8D8
 438 0b8d DD8FF05E 		.ascii	"\335\217\360^\332\210\276z\345\230\026\247\320\306x"
 438      DA88BE7A 
 438      E59816A7 
 438      D0C678
 439 0b9c C1B53A67 		.ascii	"\301\265:g\234N\033\203wf\276\300\370\010m|:\236\233"
 439      9C4E1B83 
 439      7766BEC0 
 439      F8086D7C 
 439      3A9E9B
 440 0baf A0C779B4 		.ascii	"\240\307y\264q\"\2720\221\225-\361\344T\2646\305?e?"
 440      7122BA30 
 440      91952DF1 
 440      E454B436 
 440      C53F653F 
 441 0bc3 0EF69197 		.ascii	"\016\366\221\227\363\261\207C\363:\\ \202\277w\367\374"
 441      F3B18743 
 441      F33A5C20 
 441      82BF77F7 
 441      FC
ARM GAS  /tmp/ccJ0Uvw0.s 			page 35


 442 0bd4 D03E17B4 		.ascii	"\320>\027\264r\261\3172zQ\014\004\313\027E\034\306P"
 442      72B1CF32 
 442      7A510C04 
 442      CB17451C 
 442      C650
 443 0be6 072A136C 		.ascii	"\007*\023l\247\342\242 \257\2263A\362\233\345]^\215"
 443      A7E2A220 
 443      AF963341 
 443      F29BE55D 
 443      5E8D
 444 0bf8 1E555D42 		.ascii	"\036U]B]\376\262\356h;\3354\304\304\027Q\012\257\016"
 444      5DFEB2EE 
 444      683BDD34 
 444      C4C41751 
 444      0AAF0E
 445 0c0b 92E13376 		.ascii	"\222\3413v\312\037\253o8\005\372[;\364C\025zFAe\326"
 445      CA1FAB6F 
 445      3805FA5B 
 445      3BF44315 
 445      7A464165 
 446 0c20 0E4DEF39 		.ascii	"\016M\3579F\205\330Y\355/\333\271\313\216\271\321Vw"
 446      4685D859 
 446      ED2FDBB9 
 446      CB8EB9D1 
 446      5677
 447 0c32 BD4277CC 		.ascii	"\275Bw\314\342`I5\251\204\202\351]\333\007wm/c\"'\310"
 447      E2604935 
 447      A98482E9 
 447      5DDB0777 
 447      6D2F6322 
 448 0c48 2275FDC1 		.ascii	"\"u\375\301\320=\254F\260Ew\361*\027v)\234\362\310\201"
 448      D03DAC46 
 448      B04577F1 
 448      2A177629 
 448      9CF2C881 
 449 0c5c 53145CA6 		.ascii	"S\024\\\246\202\250\366\257A\373}\006\227O\377\270r"
 449      82A8F6AF 
 449      41FB7D06 
 449      974FFFB8 
 449      72
 450 0c6d F30158CF 		.ascii	"\363\001X\317\270\214\000z\220\241\345D\330\257\362"
 450      B88C007A 
 450      90A1E544 
 450      D8AFF2
 451 0c7c 78BD82CA 		.ascii	"x\275\202\312\264\203\335T0\037S81\322\316\211\0036"
 451      B483DD54 
 451      301F5338 
 451      31D2CE89 
 451      0336
 452 0c8e 70C2DC9F 		.ascii	"p\302\334\237V\300\026\354\201\2360\355\362\361\233"
 452      56C016EC 
 452      819E30ED 
 452      F2F19B
 453 0c9d 53856D75 		.ascii	"S\205mu\260\274\235c\016\302V\301e@\301%\312\001\027"
 453      B0BC9D63 
 453      0EC256C1 
 453      6540C125 
ARM GAS  /tmp/ccJ0Uvw0.s 			page 36


 453      CA0117
 454 0cb0 D9D03185 		.ascii	"\331\3201\205\241\017\354\224O\331)W\300\277q\000WD"
 454      A10FEC94 
 454      4FD92957 
 454      C0BF7100 
 454      5744
 455 0cc2 B982CA4E 		.ascii	"\271\202\312N\007G\310\256v\337\215=Q,&C\004N*\260d"
 455      0747C8AE 
 455      76DF8D3D 
 455      512C2643 
 455      044E2AB0 
 456 0cd7 BC12ED03 		.ascii	"\274\022\355\003\311\002I\0009\004\222\016\222\001\222"
 456      C9024900 
 456      3904920E 
 456      920192
 457 0ce6 04920892 		.ascii	"\004\222\010\222\006\262\027$\025\344\010\310a\220\003"
 457      06B21724 
 457      15E408C8 
 457      619003
 458 0cf5 20F12099 		.ascii	" \361 \231 \007AR@\366\203\354\301R\205\326\330\233"
 458      20074152 
 458      40F683EC 
 458      C15285D6 
 458      D89B
 459 0d07 DAA8C1A7 		.ascii	"\332\250\301\247hn\252\316\335}W\263lQ.(\207\261\377"
 459      686EAACE 
 459      DD7D57B3 
 459      6C512E28 
 459      87B1FF
 460 0d1a FFD299DA 		.ascii	"\377\322\231\332W^\240W\026T\2716\016\313\303bAE\036"
 460      575EA057 
 460      1654B936 
 460      0ECBC362 
 460      41451E
 461 0d2d 3F5FB5CA 		.ascii	"?_\265\312\010\177\177\017\014\017\015\0141\232\202"
 461      087F7F0F 
 461      0C0F0D0C 
 461      319A82
 462 0d3c 82DF0F7E 		.ascii	"\202\337\017~\333\317\030\266\315\030\264%\304\370Q"
 462      DBCF18B6 
 462      CD18B425 
 462      C4F851
 463 0d4b 5878C436 		.ascii	"Xx\3046c@\330\326\255a\241F/\363F\323\306O\214\241\037"
 463      6340D8D6 
 463      AD61A146 
 463      2FF346D3 
 463      C64F8CA1 
 464 0d60 0707AC0A 		.ascii	"\007\007\254\012\320\375\346\255w^0\275\376:\247\333"
 464      D0FDE6AD 
 464      775E30BD 
 464      FE3AA7DB 
 465 0d70 1E1C1AB1 		.ascii	"\036\034\032\261\346U\377\010M@\320\226p\3765N\267%"
 465      E655FF08 
 465      4D40D096 
 465      70FE354E 
 465      B725
 466 0d82 7CEBC76B 		.ascii	"|\353\307k_\336\312\031\002`v\340'/o]\303\351\310$\237"
ARM GAS  /tmp/ccJ0Uvw0.s 			page 37


 466      5FDECA19 
 466      026076E0 
 466      272F6F5D 
 466      C3E9C824 
 467 0d97 D0E088B5 		.ascii	"\320\340\210\265\377\335j\334R\362\\\037\272\345\375"
 467      FFDD6ADC 
 467      52F25C1F 
 467      BAE5FD
 468 0da6 90C0CD81 		.ascii	"\220\300\315\201\001\021a\341\337!\035\353\202\267\311"
 468      011161E1 
 468      DF211DEB 
 468      82B7C9
 469 0db5 3D2B488F 		.ascii	"=+H\217_`\204\337\216m\021\201[7l\011\375 $0\3347<8"
 469      5F6084DF 
 469      8E6D1181 
 469      5B376C09 
 469      FD202430 
 470 0dcd 2C3C3862 		.ascii	",<8b\2078\337\024\022\270%\33470\364\203\340\320\277"
 470      8738DF14 
 470      12B825DC 
 470      3730F483 
 470      E0D0BF
 471 0de0 BA33346B 		.ascii	"\27234k\352\003\202`\336\206-!\021/;b\030\036a\014\016"
 471      EA038260 
 471      DE862D21 
 471      112F3B62 
 471      181E610C 
 472 0df5 0D08D9FE 		.ascii	"\015\010\331\376A\2401 \010\024\205\354X\025\304-\365"
 472      41A03120 
 472      081485EC 
 472      5815C42D 
 472      F5
 473 0e06 F77F7F7B 		.ascii	"\367\177\177{pHDp\250\177\340'\037\001\017\247\200\260"
 473      70484470 
 473      A87FE027 
 473      1F010FA7 
 473      80B0
 474 0e18 D06D111A 		.ascii	"\320m\021\032X\351CmhXDPx\330?\334\374\375?\334\036"
 474      58E9436D 
 474      68584450 
 474      78D83FDC 
 474      FCFD3FDC 
 475 0e2d 1AE0EFBF 		.ascii	"\032\340\357\277j\355\253k\327\352\244\226\306\307\264"
 475      6AEDAB6B 
 475      D7EAA496 
 475      C6C7B4
 476 0e3c C9AC37AF 		.ascii	"\311\2547\257\367[o\336\274~\335j'/\323\246\337\231"
 476      F75B6FDE 
 476      BC7EDD6A 
 476      272FD3A6 
 476      DF99
 477 0e4e D73B5A9D 		.ascii	"\327;Z\235y%\360\223\010\342\031\243i\243\237\217\237"
 477      7925F093 
 477      08E219A3 
 477      69A39F8F 
 477      9F
 478 0e5f D114161E 		.ascii	"\321\024\026\036h\364\221HA\303?`\353\032`\345\342g"
ARM GAS  /tmp/ccJ0Uvw0.s 			page 38


 478      68F49148 
 478      41C33F60 
 478      EB1A60E5 
 478      E267
 479 0e71 0AF53379 		.ascii	"\012\3653y\373o\332\361Q\340\302\012?\343}|\265d\263"
 479      FB6FDAF1 
 479      51E0C20A 
 479      3FE37D7C 
 479      B564B3
 480 0e84 7EE11FB1 		.ascii	"~\341\037\261\320\371\232\306\307\313[f\261\006H\371"
 480      D0F99AC6 
 480      C7CB5B66 
 480      B10648F9 
 481 0e94 CACD5735 		.ascii	"\312\315W5>~\276f\235\231\266^\201\301\365f\350\202"
 481      3E7EBE66 
 481      9D99B65E 
 481      81C1F566 
 481      E882
 482 0ea6 2FBF4D3E 		.ascii	"/\277M>f\375[\233}L\342\032N\376\336aa!0\342e\326l\334"
 482      66FD5B9B 
 482      7D4CE21A 
 482      4EFEDE61 
 482      612130E2 
 483 0ebe F8A6197B 		.ascii	"\370\246\031{\2553\343u\360\364}\323\254\361z\323\317"
 483      AD33E375 
 483      F0F47DD3 
 483      ACF17AD3 
 483      CF
 484 0ecf ACF17ED3 		.ascii	"\254\361~\323\313\354\004C\000XG\332\033\310\227\011"
 484      CBEC0443 
 484      005847DA 
 484      1BC89709 
 485 0edf BE9CFC36 		.ascii	"\276\234\3746\230\374\314\330o\203/6\231\340i2;y\371"
 485      98FCCCD8 
 485      6F832F36 
 485      99E06932 
 485      3B79F9
 486 0ef2 984D66CD 		.ascii	"\230Mf\315\346Mo\303Z0\346d\362}\307g\035|{\231\314"
 486      E64D6FC3 
 486      5A30E664 
 486      F27DC767 
 486      1D7C7B99 
 487 0f07 3AC9AA7F 		.ascii	":\311\252\177\001\266#\377\251"
 487      01B623FF 
 487      A9
 488              		.text
 489              		.section	.gnu.lto_.symtab.6224dbdef71c72d0,"e",%progbits
 490 0000 6E766963 		.ascii	"nvicInit\000"
 490      496E6974 
 490      00
 491 0009 00       		.ascii	"\000"
 492 000a 00       		.ascii	"\000"
 493 000b 00       		.ascii	"\000"
 494 000c 00000000 		.ascii	"\000\000\000\000\000\000\000\000"
 494      00000000 
 495 0014 D4000000 		.ascii	"\324\000\000\000"
 496 0018 6E766963 		.ascii	"nvicEnableVector\000"
ARM GAS  /tmp/ccJ0Uvw0.s 			page 39


 496      456E6162 
 496      6C655665 
 496      63746F72 
 496      00
 497 0029 00       		.ascii	"\000"
 498 002a 00       		.ascii	"\000"
 499 002b 00       		.ascii	"\000"
 500 002c 00000000 		.ascii	"\000\000\000\000\000\000\000\000"
 500      00000000 
 501 0034 D9000000 		.ascii	"\331\000\000\000"
 502 0038 6E766963 		.ascii	"nvicDisableVector\000"
 502      44697361 
 502      626C6556 
 502      6563746F 
 502      7200
 503 004a 00       		.ascii	"\000"
 504 004b 00       		.ascii	"\000"
 505 004c 00       		.ascii	"\000"
 506 004d 00000000 		.ascii	"\000\000\000\000\000\000\000\000"
 506      00000000 
 507 0055 DD000000 		.ascii	"\335\000\000\000"
 508 0059 6E766963 		.ascii	"nvicSetSystemHandlerPriority\000"
 508      53657453 
 508      79737465 
 508      6D48616E 
 508      646C6572 
 509 0076 00       		.ascii	"\000"
 510 0077 00       		.ascii	"\000"
 511 0078 00       		.ascii	"\000"
 512 0079 00000000 		.ascii	"\000\000\000\000\000\000\000\000"
 512      00000000 
 513 0081 DF000000 		.ascii	"\337\000\000\000"
 514 0085 6E766963 		.ascii	"nvicClearPending\000"
 514      436C6561 
 514      7250656E 
 514      64696E67 
 514      00
 515 0096 00       		.ascii	"\000"
 516 0097 00       		.ascii	"\000"
 517 0098 00       		.ascii	"\000"
 518 0099 00000000 		.ascii	"\000\000\000\000\000\000\000\000"
 518      00000000 
 519 00a1 E1000000 		.ascii	"\341\000\000\000"
 520 00a5 6E766963 		.ascii	"nvicSetPending\000"
 520      53657450 
 520      656E6469 
 520      6E6700
 521 00b4 00       		.ascii	"\000"
 522 00b5 00       		.ascii	"\000"
 523 00b6 00       		.ascii	"\000"
 524 00b7 00000000 		.ascii	"\000\000\000\000\000\000\000\000"
 524      00000000 
 525 00bf E3000000 		.ascii	"\343\000\000\000"
 526 00c3 63685379 		.ascii	"chSysHalt\000"
 526      7348616C 
 526      7400
 527 00cd 00       		.ascii	"\000"
ARM GAS  /tmp/ccJ0Uvw0.s 			page 40


 528 00ce 02       		.ascii	"\002"
 529 00cf 00       		.ascii	"\000"
 530 00d0 00000000 		.ascii	"\000\000\000\000\000\000\000\000"
 530      00000000 
 531 00d8 E8000000 		.ascii	"\350\000\000\000"
 532              		.text
 533              		.section	.gnu.lto_.opts,"e",%progbits
 534 0000 272D666E 		.ascii	"'-fno-openmp' '-fno-openacc' '-fno-pie' '-mcpu=cort"
 534      6F2D6F70 
 534      656E6D70 
 534      2720272D 
 534      666E6F2D 
 535 0033 65782D6D 		.ascii	"ex-m3' '-mthumb' '-mfloat-abi=soft' '-march=armv7-m"
 535      33272027 
 535      2D6D7468 
 535      756D6227 
 535      20272D6D 
 536 0066 2720272D 		.ascii	"' '-O2' '-fstack-usage' '-ffunction-sections' '-fda"
 536      4F322720 
 536      272D6673 
 536      7461636B 
 536      2D757361 
 537 0099 74612D73 		.ascii	"ta-sections' '-fno-common' '-flto' '-fshort-enums'\000"
 537      65637469 
 537      6F6E7327 
 537      20272D66 
 537      6E6F2D63 
 538              		.text
 539              		.comm	__gnu_lto_v1,1,1
 540              		.comm	__gnu_lto_slim,1,1
 541              		.ident	"GCC: (GNU Arm Embedded Toolchain 9-2020-q2-update) 9.3.1 20200408 (release)"
ARM GAS  /tmp/ccJ0Uvw0.s 			page 41


DEFINED SYMBOLS
                            *ABS*:0000000000000000 nvic.c
                            *COM*:0000000000000001 __gnu_lto_v1
                            *COM*:0000000000000001 __gnu_lto_slim

NO UNDEFINED SYMBOLS
