ARM GAS  /tmp/cclK4y9A.s 			page 1


   1              		.cpu cortex-m3
   2              		.eabi_attribute 20, 1
   3              		.eabi_attribute 21, 1
   4              		.eabi_attribute 23, 3
   5              		.eabi_attribute 24, 1
   6              		.eabi_attribute 25, 1
   7              		.eabi_attribute 26, 1
   8              		.eabi_attribute 30, 2
   9              		.eabi_attribute 34, 1
  10              		.eabi_attribute 18, 4
  11              		.file	"urt_topic.c"
  12              		.section	.gnu.lto_.profile.e08452d6b35efa89,"e",%progbits
  13 0000 789CE360 		.ascii	"x\234\343``\004B \000\000\000]\000\013"
  13      60044220 
  13      0000005D 
  13      000B
  14              		.text
  15              		.section	.gnu.lto_.icf.e08452d6b35efa89,"e",%progbits
  16 0000 789CE360 		.ascii	"x\234\343``d\020a@\000f\206\3557\256\375ae\234\277\355"
  16      60641061 
  16      40006686 
  16      ED37AEFD 
  16      61659CBF 
  17 0015 D54446A6 		.ascii	"\325DF\246\243\213O6\2620\000\000e\344\011\021"
  17      A38B4F36 
  17      B2300000 
  17      65E40911 
  18              		.text
  19              		.section	.gnu.lto_.jmpfuncs.e08452d6b35efa89,"e",%progbits
  20 0000 789C9D90 		.ascii	"x\234\235\220\261\015\3030\014\004y|Aq\347\001\262L"
  20      B10DC330 
  20      0C04797C 
  20      4171E701 
  20      B24C
  21 0012 EA0CE504 		.ascii	"\352\014\345\004p\357\326\245\366p\245I\262BFH( p\021"
  21      70EFD6A5 
  21      F670A549 
  21      B2424648 
  21      28207011 
  22 0026 C32EFCC0 		.ascii	"\303.\374\3007\274\347\203`g\330\035[%\023py\024Y\030"
  22      37BCE783 
  22      6067D81D 
  22      5B251370 
  22      79145918 
  23 003a 8ADCD310 		.ascii	"\212\334\323\020\200\232\260\360'\324\233\347\232\377"
  23      809AB0F0 
  23      27D49BE7 
  23      9AFF
  24 0048 876816D3 		.ascii	"\207h\026\323\370~u\223\212\204\261pmN\271\3726\274"
  24      F87E7593 
  24      8A84B170 
  24      6D4EB9FA 
  24      36BC
  25 005a D2C1B7ED 		.ascii	"\322\301\267\355\317\203\005\317\267}\210\203~\327\247"
  25      CF8305CF 
  25      B77D8883 
  25      7ED7A7
ARM GAS  /tmp/cclK4y9A.s 			page 2


  26 0069 C36483EC 		.ascii	"\303d\203\354\302xBk9\337`_\237\363U{"
  26      C278426B 
  26      39DF605F 
  26      9FF3557B 
  27              		.text
  28              		.section	.gnu.lto_.inline.e08452d6b35efa89,"e",%progbits
  29 0000 789CE360 		.ascii	"x\234\343``d8\302\200\000\314\014\014\262\015\015\015"
  29      606438C2 
  29      8000CC0C 
  29      0CB20D0D 
  29      0D
  30 0011 4B983219 		.ascii	"K\2302\031\031\031\024\030\031\030\230\370\201\334\007"
  30      19191418 
  30      191898F8 
  30      81DC07
  31 0020 CCA90C0C 		.ascii	"\314\251\014\014\302@\306\004\2464&\006&\260B\036 \301"
  31      C240C604 
  31      A6342606 
  31      26B0421E 
  31      20C1
  32 0032 38C18F89 		.ascii	"8\301\217\211\033B\203\371L\023\374\020\"0\232\221\201"
  32      1B4283F9 
  32      4C13FC10 
  32      22309A91 
  32      81
  33 0043 EFCFA2E9 		.ascii	"\357\317\242\351\273\2303`&\362\276;\272\356\015s:\003"
  33      BB983360 
  33      26F2BE3B 
  33      BAEE0D73 
  33      3A03
  34 0055 037B5B43 		.ascii	"\003{[C\303\001\246\024\250\211\020\365\375~p\232\201"
  34      C301A614 
  34      A88910F5 
  34      FD7E709A 
  34      81
  35 0066 F7CCBA2F 		.ascii	"\367\314\272/\217\020\372\270O\255\3732\217)\003\250"
  35      8F10FAB8 
  35      4FADFB32 
  35      8F2903A8 
  36 0076 AF15B7BE 		.ascii	"\257\025\267\276\011~\014\000\013\000&a"
  36      097E0C00 
  36      0B002661 
  37              		.text
  38              		.section	.gnu.lto_.pureconst.e08452d6b35efa89,"e",%progbits
  39 0000 789CE360 		.ascii	"x\234\343``d\340b```f\230\305\3028\213\205i'\013\000"
  39      6064E062 
  39      60606066 
  39      98C5C238 
  39      8B856927 
  40 0016 0ADC0213 		.ascii	"\012\334\002\023"
  41              		.text
  42              		.section	.gnu.lto_urtTopicInit.e08452d6b35efa89,"e",%progbits
  43 0000 789C9D95 		.ascii	"x\234\235\225kL\034U\024\307\357\231;;;\273]XD\254\024"
  43      6B4C1C55 
  43      14C7EF99 
  43      3B3B3BBB 
  43      5D5844AC 
ARM GAS  /tmp/cclK4y9A.s 			page 3


  44 0015 5ADD6A13 		.ascii	"Z\335j\023\322\0172\233\030\243\211_$\352G\243i\375"
  44      D20F329B 
  44      18A3895F 
  44      24EA47A3 
  44      69FD
  45 0027 6E5AD884 		.ascii	"nZ\330\204\215\024\010\017__:,\264F\350\313\004\002"
  45      8D14080F 
  45      5F5F3A2C 
  45      B446E8CB 
  45      0402
  46 0039 DBB80E0D 		.ascii	"\333\270\016\015!\324\250\264\232\266\324\202e-E[l\025"
  46      21D4A8B4 
  46      9AB6D482 
  46      652D455B 
  46      6C15
  47 004b B1D88265 		.ascii	"\261\330\202eA\036\312\253\255\322Z\251V\360\234{\227"
  47      411ECAAB 
  47      ADD25AA9 
  47      56F09C7B 
  47      97
  48 005c B43CB286 		.ascii	"\264<\262\206%\313d\356\334{\177\347\177\316\377\314"
  48      25CB64EE 
  48      DC7B7FE7 
  48      7FCEFFCC 
  49 006c 1D9D017B 		.ascii	"\035\235\001{\313\301\330;\214\261\015\370\017\234\201"
  49      CBC1D83B 
  49      8CB10DF8 
  49      0F9C81
  50 007b 629AE673 		.ascii	"b\232\346s\3662]\001\020w\246\016l\247\002;a?\257\345"
  50      F6325D01 
  50      1077A60E 
  50      6CA7023B 
  50      613FAFE5 
  51 008f 50F35EEB 		.ascii	"P\363^\353\345\204\315M\246\0310\303\265\307\264\017"
  51      E584CD4D 
  51      A61930C3 
  51      B5C7B40F 
  52 009f 8F769BDC 		.ascii	"\217v\233\334\342\214\005q\347\223\351\340Mg\364\007"
  52      E28C0571 
  52      E793E9E0 
  52      4D67F407 
  53 00af A760332E 		.ascii	"\247`3.\216\004B\263\256}8\017\240\342\260\272\353\330"
  53      8E0442B3 
  53      AE7D380F 
  53      A0E2B0BA 
  53      EBD8
  54 00c1 79270D15 		.ascii	"y'\015\025\360\340p\354\375k\223v\376,0\274\3375\332"
  54      F0E070EC 
  54      FD6B9376 
  54      FE2C30BC 
  54      DF35DA
  55 00d4 DEEBCC68 		.ascii	"\336\353\314h\024\330\263\215\334\334dq\016_\002'l\033"
  55      14D8B38D 
  55      DCDC6471 
  55      0E5F0227 
  55      6C1B
  56 00e6 A4432B20 		.ascii	"\244C+ \030\237!\3724d\340\206\335\235\007Z\023$Z\301"
ARM GAS  /tmp/cclK4y9A.s 			page 4


  56      189F21FA 
  56      3464E086 
  56      DD9D075A 
  56      13245AC1 
  57 00fa E1A1DEEE 		.ascii	"\341\241\336\356\000Ht\022\016O4\355\235\344<K\240w"
  57      00487412 
  57      0E4F34ED 
  57      9DE43C4B 
  57      A077
  58 010c 57D5BD12 		.ascii	"W\325\275\022%O\327r3\305\342*|%\311a$\267K\262\212"
  58      254FD772 
  58      33C5E22A 
  58      7C25C961 
  58      24B74BB2 
  59 0121 E43382DC 		.ascii	"\3443\202\334v\273\356\260\233\277 \366\226\015\234"
  59      76BBEEB0 
  59      9BBF20F6 
  59      960D9C
  60 0130 E956A39B 		.ascii	"\351V\243\233\357\246\0364\303\252\305m\320\261L\227"
  60      EFA61E34 
  60      C3AAC56D 
  60      D0B14C97 
  61 0140 0D779F85 		.ascii	"\015w\237\205\014F{\206?\233\253I\320T\252\010U\242"
  61      0C467B86 
  61      3F9BAB49 
  61      D054AA08 
  61      55A2
  62 0152 13342C32 		.ascii	"\0234,2cGzlasn\376]3\034Yw\350#\367z\300m\232\202\027"
  62      63477A6C 
  62      61736EFE 
  62      5D331C59 
  62      77E823F7 
  63 016c 3BC78BAE 		.ascii	";\307\213\256\342\305a\303\213S\243;\035(O'\220&7\020"
  63      E2C561C3 
  63      8B53A33B 
  63      1D284F27 
  63      90263710 
  64 0180 3B8D5199 		.ascii	";\215Q\231Y\025g\350\212\251\202\031fl\017W\344\240"
  64      591567E8 
  64      8AA98219 
  64      666C0F57 
  64      E4A0
  65 0192 1C079310 		.ascii	"\034\007\223\020\230\031\377x\304N\021Q\306\276\362"
  65      9819FF78 
  65      C44E1151 
  65      C6BEF2
  66 01a1 1B119D2A 		.ascii	"\033\021\235*\302E&\341\376\243}\211\215\320P\206\353"
  66      C24526E1 
  66      FEA37D89 
  66      8DD05086 
  66      EB
  67 01b2 EBB7236B 		.ascii	"\353\267#kM\210\353\3605\311\247<\255\301\223\232\267"
  67      4D88EBF0 
  67      35C9A73C 
  67      ADC1939A 
  67      B7
  68 01c3 99601E8B 		.ascii	"\231`\036\213\273\340\033h\204:\251\377\034x\357\247"
ARM GAS  /tmp/cclK4y9A.s 			page 5


  68      BBE01B68 
  68      843AA9FF 
  68      1C78EFA7 
  69 01d3 B980C179 		.ascii	"\271\200\301y\334\205\321\016N|\322\260\020m5x\025\272"
  69      DC85D10E 
  69      4E7CD2B0 
  69      106D3578 
  69      15BA
  70 01e5 049EAA02 		.ascii	"\004\236\252\002\337\2027\304\235\204\253\256\0348\356"
  70      DF8237C4 
  70      9D84ABAE 
  70      1C38EE
  71 01f4 225C88C3 		.ascii	"\"\\\210\303\022\242'&/\001.\010\236\302\304d\333\340"
  71      12A22726 
  71      2F012E08 
  71      9EC2C464 
  71      DBE0
  72 0206 E8E74A05 		.ascii	"\350\347J\005\004\242\0335\270\010^\014\364\035T\000"
  72      04A21B35 
  72      B8085E0C 
  72      F41D5400 
  73 0216 9B860A8F 		.ascii	"\233\206\012\217p\004\327\205\016_\230w\320:\335\342"
  73      7004D785 
  73      0E5F9877 
  73      D03ADDE2 
  74 0226 89415203 		.ascii	"\211AR\003\337\323\032\014oq\267T4\366\224\024\244\254"
  74      DFD31A0C 
  74      6F71B754 
  74      34F69414 
  74      A4AC
  75 0238 4A501274 		.ascii	"JP\022t\013A|EAv\370A\010\352\241`T\306;\037t\334\352"
  75      0B417C45 
  75      4176F841 
  75      08EAA160 
  75      54C63B1F 
  76 024f E18B3A27 		.ascii	"\341\213:'\232\212|PA\330\241\252f\344\221\0321{\337"
  76      9A8A7C50 
  76      41D8A1AA 
  76      66E4911A 
  76      317BDF
  77 0262 6AB8041A 		.ascii	"j\270\004\032\374\21091\350\025^\\\035\2368\247\222"
  77      FC883931 
  77      E8155E5C 
  77      1D9E38A7 
  77      92
  78 0273 570F402A 		.ascii	"W\017@*\016\217w\264L\271P7f\225L\232\177\212j\356\355"
  78      0E8F77B4 
  78      4CB95037 
  78      66954C9A 
  78      7F8A6AEE 
  79 0288 EC3CA04B 		.ascii	"\354<\240K\315C7\367$7\273,\376 \\\026\302%\224\301"
  79      CD4337F7 
  79      2437BB2C 
  79      FE205C16 
  79      C22594C1 
  80 029c 15324711 		.ascii	"\0252G\021\2355;<5\304\3430;\005\372\004\322Ff\367/"
  80      9D353B3C 
ARM GAS  /tmp/cclK4y9A.s 			page 6


  80      35C4E330 
  80      3B05FA04 
  80      D24666F7 
  81 02b1 EEA514EC 		.ascii	"\356\245\024\354\245\237e/UW\356m\211\232\317WU\353"
  81      A59F652F 
  81      5557EE6D 
  81      899ACF57 
  81      55EB
  82 02c3 87E0AAE0 		.ascii	"\207\340\252\340k+\326Z\207\001Q\353H,\363\327\006\305"
  82      6B2BD65A 
  82      870151EB 
  82      482CF3D7 
  82      06C5
  83 02d5 B93228CD 		.ascii	"\2712(\315G]\017KE5OKA\352\322\224\207!v\316\2510$4"
  83      475D0F4B 
  83      45354F4B 
  83      41EAD294 
  83      872176CE 
  84 02ed D9976BAA 		.ascii	"\331\227k\252O\304\227\033~\021\242\206\245\250]+\212"
  84      4FC4971B 
  84      7E11A286 
  84      A5A85D2B 
  84      8A
  85 02fe 5A171447 		.ascii	"Z\027\024G\322\210\024\245\206\270\333\342i\244+R\371"
  85      D28814A5 
  85      86B8DBE2 
  85      69A42B52 
  85      F9
  86 030f 69CB10C4 		.ascii	"i\313\020\304\341\204\003F\205*\235\234\030#gUyf\264"
  86      E1840346 
  86      852A9D9C 
  86      18236755 
  86      7966B4
  87 0322 3524C681 		.ascii	"5$\306\201K\207_\005\316A\270\337\026\033\233\216\306"
  87      4B875F05 
  87      CE41B8DF 
  87      161B9B8E 
  87      C6
  88 0333 8E4B6367 		.ascii	"\216Kcg\306\333\343\302\257\207\011\201w\022~r1\036"
  88      C6DBE3C2 
  88      AF870981 
  88      77127E72 
  88      311E
  89 0345 CF4E985A 		.ascii	"\317N\230Z\350\233\213_D\373\306\2664\302\251\377\261"
  89      E89B8B5F 
  89      44FBC6B6 
  89      34C2A9FF 
  89      B1
  90 0356 69034C8B 		.ascii	"i\003L\213\020kV\266\311\011\327\204M\327c\365\316#"
  90      106B56B6 
  90      C909D784 
  90      4DD763F5 
  90      CE23
  91 0368 4171F6DF 		.ascii	"Aq\366\337\2206\331,\376\250L\372J\303\3328\222\366"
  91      9036D92C 
  91      FEA84CFA 
  91      4AC3DA38 
ARM GAS  /tmp/cclK4y9A.s 			page 7


  91      92F6
  92 037a C0EF4291 		.ascii	"\300\357B\221K*:q\351H\227CN\3267\343\353\273\021\376"
  92      4B2A3A71 
  92      E9489743 
  92      4ED637E3 
  92      EBBB11FE 
  93 038e 006F1D4F 		.ascii	"\000o\035O\240\222\314,.\311F,\311\315\205\212\367\305"
  93      A092CC2C 
  93      2EC9462C 
  93      C9CD858A 
  93      F7C5
  94 03a0 19FC56EC 		.ascii	"\031\374V\354\340\177R\360D\012~\033\274\367\242\365"
  94      E07F52F0 
  94      440A7E1B 
  94      BCF7A2F5 
  95 03b0 8F24C715 		.ascii	"\217$\307\025\355\257X\321R`\226\242\271)\332\035\214"
  95      EDAF58D1 
  95      526096A2 
  95      B929DA1D 
  95      8C
  96 03c1 163D26DA 		.ascii	"\026=&\332&\"\345\232\264{i\300\330\307\204\003\376"
  96      2622E59A 
  96      B47B69C0 
  96      D8C78403 
  96      FE
  97 03d2 BED7FCFF 		.ascii	"\276\327\374\377\240\257\342M\232X\366\261t,\377X\236"
  97      A0AFE24D 
  97      9A58F6B1 
  97      742CFF58 
  97      9E
  98 03e3 A6364AC5 		.ascii	"\2466J\305\200pwE\364c\360\257@'\021z\216\336+\215\332"
  98      80707745 
  98      F463F0AF 
  98      4027117A 
  98      8EDE2B8D 
  99 03f8 A5BE697F 		.ascii	"\245\276i\177\232T\232\266\244g\036\017\322i\005\363"
  99      9A549AB6 
  99      A4671E0F 
  99      D26905F3 
 100 0408 B267F0C1 		.ascii	"\262g\360\301&v\035\002\236\350b&>\362 \277\353\201"
 100      26761D02 
 100      9EE86226 
 100      3EF220BF 
 100      EB81
 101 041a 300D9F31 		.ascii	"0\015\2371r\013v\370\214B\177\211\221\265\365E#\353"
 101      720B76F8 
 101      8C427F89 
 101      91B5F545 
 101      23EB
 102 042c 25FF9682 		.ascii	"%\377\226\202'\262\012\013\213\215\035\376\234\234<"
 102      27B20A0B 
 102      8B8D1DFE 
 102      9C9C3C
 103 043b DF9BDB8A 		.ascii	"\337\233\333\212|F\351\226W\215\342\242l\243\264\250"
 103      7C46E996 
 103      578DE2A2 
 103      6CA3B4A8 
ARM GAS  /tmp/cclK4y9A.s 			page 8


 104 044b E4B59282 		.ascii	"\344\265\222\202B\177vf6\263\211\033\305\237c/\334\366"
 104      427F7666 
 104      36B3891B 
 104      C59F632F 
 104      DCF6
 105 045d 765EC1B6 		.ascii	"v^\301\266\234\314\314L\003\177\257\373\212\362}y\306"
 105      9CCCCC4C 
 105      037FAFFB 
 105      8AF27D79 
 105      C6
 106 046e F3B9FEED 		.ascii	"\363\271\376\355\376\227\267\032\005\305FQ\211\341\317"
 106      FE97B71A 
 106      05C54651 
 106      89E1CF
 107 047d CFCE2BCD 		.ascii	"\317\316+\315\361\031\331\271\2767|\371%\305\231\271"
 107      F119D9B9 
 107      BE377CF9 
 107      25C599B9 
 108 048d EC3F9E1F 		.ascii	"\354?\236\037:["
 108      3A5B
 109              		.text
 110              		.section	.gnu.lto_urtTopicAddMessages.e08452d6b35efa89,"e",%progbits
 111 0000 789C9593 		.ascii	"x\234\225\223MHTQ\024\307\357y\367\276y3\243\326\246"
 111      4D485451 
 111      14C7EF79 
 111      F7BE7933 
 111      A3D6A6
 112 0013 2012C245 		.ascii	" \022\302Eb.\352\015\264\021\3324\2136R\021\326>D\207"
 112      622EEA0D 
 112      B411DA34 
 112      8B365211 
 112      D63E4487 
 113 0027 1A509C9C 		.ascii	"\032P\234\234\221\226\335\031G\"\015-r\360\203\246\261"
 113      9196DD19 
 113      47220D2D 
 113      72F083A6 
 113      B1
 114 0038 646C2230 		.ascii	"dl\"0\373\242P\323)3?2SG\223\\(\230B\212\225n$\244\264"
 114      FBA250D3 
 114      29333F32 
 114      5347935C 
 114      2898428A 
 115 0051 73EF1B3F 		.ascii	"s\357\033?\2601\350\301\3349\347\335s~\367\177\316\271"
 115      B031E8C1 
 115      DC39E7DD 
 115      737EF77F 
 115      CEB9
 116 0063 CF4C805C 		.ascii	"\317L\200\\b\204\234&\204\234\301\037\230\010(\234\363"
 116      62849C26 
 116      849CC11F 
 116      9808289C 
 116      F3
 117 0074 E39AD7AC 		.ascii	"\343\232\327\254\000\215[TQG\026W\262\030\267\262\346"
 117      008D5B54 
 117      51471657 
 117      B218B7B2 
 117      E6
ARM GAS  /tmp/cclK4y9A.s 			page 9


 118 0085 AA328DF1 		.ascii	"\2522\215\361d5\276gg\000\322\340f W\024\2522\300\225"
 118      6435BE67 
 118      6700D2E0 
 118      66205714 
 118      AA32C095 
 119 0099 6C3C55B4 		.ascii	"l<U\264\206B\340Z\333xJ\346}\316}<Zs\303z\247e\210\323"
 119      8642E05A 
 119      DB784AE6 
 119      7DCE7D3C 
 119      5A73C37A 
 120 00b1 1006D551 		.ascii	"\020\006\325Q\002GS\301\226*C\241\02521x\322\027\374"
 120      024753C1 
 120      962A43A1 
 120      15323178 
 120      D217FC
 121 00c4 995C89FB 		.ascii	"\231\\\211\373\000\014\335\352\376g}V\341*\220\206\356"
 121      000CDDEA 
 121      FE677D56 
 121      E12A9086 
 121      EE
 122 00d5 ECCD6FF3 		.ascii	"\354\315o\363\032=\006\004\355\262\231\3161kFXb\177"
 122      1A3D0604 
 122      EDB299CE 
 122      316B4658 
 122      627F
 123 00e7 85293F18 		.ascii	"\205)?\030\242\024^\001\025\330vH\2056@0\276Ct\007d"
 123      A2145E01 
 123      15D87648 
 123      85364030 
 123      BE437407 
 124 00fc 60C28BF2 		.ascii	"`\302\213\362\331&\013\265\313do\370VEJ<ya_=\217\262"
 124      D9260BB5 
 124      CB646FF8 
 124      56454A3C 
 124      79615F3D 
 125 0112 1065D0F9 		.ascii	"\020e\320\371W6\366\006\242\220Ad\316\355\330\027\205"
 125      5736F606 
 125      A2904164 
 125      CEEDD817 
 125      85
 126 0123 66CBFCD1 		.ascii	"f\313\374\321\330tvz\243L_\216\354\271W\312{\271$\274"
 126      D874767A 
 126      A34C5F8E 
 126      ECB957CA 
 126      7BB924BC 
 127 0137 DE46100F 		.ascii	"\336F\020\017\206O?^\015\244\230\030\274\201tQ\266("
 127      864F3F5E 
 127      0DA49818 
 127      BC817451 
 127      B628
 128 0149 B74BF41A 		.ascii	"\267K\364\032\377\305\273G#j\224\257\256]\345\321\301"
 128      FFC5BB47 
 128      236A94AF 
 128      AE5DE5D1 
 128      C1
 129 015a 43779FEF 		.ascii	"Cw\237\357\335\005x\262\252\340b\242B\003\023\256JD"
 129      DD0578B2 
ARM GAS  /tmp/cclK4y9A.s 			page 10


 129      AAE062A2 
 129      420313AE 
 129      4A44
 130 016c A449AE1A 		.ascii	"\244I\256\032\010Q\026\020\205\021RA\311\342J$\013x"
 130      08511610 
 130      85115241 
 130      C9E24A24 
 130      0B78
 131 017e 54D88AB4 		.ascii	"T\330\212\264\275h_\247bH\234Ig\036|\355s\265\335\232"
 131      BD685FA7 
 131      62489C49 
 131      671E7CED 
 131      73B5DD9A 
 132 0192 38374801 		.ascii	"87H\0015U\226\376\2304\213\3262YQt\242\345\363\2560"
 132      355596FE 
 132      98348BD6 
 132      32595174 
 132      A2E5F3AE 
 133 01a7 347A3125 		.ascii	"4z1%-D\265 5\301[Q\202\250<4\365\322dk\346\306\226\012"
 133      2D44B520 
 133      35C15B51 
 133      82A83C34 
 133      F5D2646B 
 134 01bf DD10865A 		.ascii	"\335\020\206Z\243\214w`#\263\340\377\3325\000\011\320"
 134      A38C7760 
 134      23B3E0FF 
 134      DA350009 
 134      D0
 135 01d0 2A10E831 		.ascii	"*\020\3501\372\260,65e\242qX\301 \265\265i\030P\255"
 135      FAB02C36 
 135      3565A271 
 135      58C120B5 
 135      B5691850 
 136 01e5 5A5536DE 		.ascii	"ZU6\336\203\263F\261li]8j\255.\377\035K6\200\312V M"
 136      83B346B1 
 136      6C695D38 
 136      6AAD2EFF 
 136      1D4B3680 
 137 01fd A4D51CA4 		.ascii	"\244\325\034\244\026\350M\250\325\002}R+\030sh\237\232"
 137      16E84DA8 
 137      D5027D52 
 137      2B187368 
 137      9F9A
 138 020f 79A2F8C1 		.ascii	"y\242\370\301\027O4A?\312'\360\036\374@\026\300\237"
 138      174F3441 
 138      3FCA27F0 
 138      1EFC4016 
 138      C09F
 139 0221 26A78271 		.ascii	"&\247\202q\301\310\300\232E\304\231C\324Z'\262a@\304"
 139      C1C8C09A 
 139      45C49943 
 139      D45A27B2 
 139      6140C4
 140 0234 A09A104D 		.ascii	"\240\232\020M2\232\031\011'\031\002\351\177)b\360A*"
 140      329A1909 
 140      271902E9 
 140      7F2962F0 
ARM GAS  /tmp/cclK4y9A.s 			page 11


 140      412A
 141 0246 5244F706 		.ascii	"RD\367\006\361x\001\353;i\240X\302A\320\035\007\361"
 141      F17801EB 
 141      3B69A058 
 141      C241D01D 
 141      07F1
 142 0258 71731043 		.ascii	"qs\020C\006j\262|\216\012\3266P\303\001IRw$\015o\222"
 142      066AB27C 
 142      8E0AD636 
 142      50C30149 
 142      5277240D 
 143 026e 46C0864A 		.ascii	"F\300\206J\004\254~\356A\367\356D\264\016qC\377\251"
 143      04AC7EEE 
 143      41F7EE44 
 143      B40E7143 
 143      FFA9
 144 0280 2CB6C91B 		.ascii	",\266\311\033\025<M\364\267\341a\200\356\320bl\007\214"
 144      153C4DF4 
 144      B7E16180 
 144      EED0626C 
 144      078C
 145 0292 6D69F177 		.ascii	"mi\361w\3605<\015\354\217\037\2761\177\374d\340\223"
 145      F0353C0D 
 145      EC8F1FBE 
 145      317FFC64 
 145      E093
 146 02a4 BC50CBA0 		.ascii	"\274P\313\240\006\305\367\201\227\010\226\326\257?!"
 146      06C5F781 
 146      970896D6 
 146      AF3F21
 147 02b3 59FAC5A2 		.ascii	"Y\372\305\242B\207\356rzt\373\331\023\272\375\2243\247"
 147      4287EE72 
 147      7A74FBD9 
 147      13BAFD94 
 147      33A7
 148 02c5 E8B0DDE5 		.ascii	"\350\260\335\345r\353\205\316\374\374\002\307\345\334"
 148      72EB85CE 
 148      FCFC02C7 
 148      E5DC
 149 02d3 62875E92 		.ascii	"b\207^\222sNw\027\347\351%\305\236\363\236\"\2273\357"
 149      734E7717 
 149      E7E925C5 
 149      9EF39E22 
 149      9733EF
 150 02e6 481E51A5 		.ascii	"H\036Q\245a.t\270\335\271\027\034nV\220\353\366\374"
 150      612E74B8 
 150      DDB9171C 
 150      6E5690EB 
 150      F6FC
 151 02f8 0182398C 		.ascii	"\001\2029\214\327"
 151      D7
 152              		.text
 153              		.section	.gnu.lto_urtTopicBufferSize.e08452d6b35efa89,"e",%progbits
 154 0000 789C9553 		.ascii	"x\234\225SKHTQ\030>\377\375\317\035g\306\231\026!\004"
 154      4B485451 
 154      183EFFFD 
 154      CF1D67C6 
ARM GAS  /tmp/cclK4y9A.s 			page 12


 154      99162104 
 155 0014 59E12211 		.ascii	"Y\341\"\021\241\272.\2056\271(h\321\"k\037\241R\003"
 155      A1BA2E85 
 155      36B92868 
 155      D1226B1F 
 155      A15203
 156 0027 F9C00741 		.ascii	"\371\300\007A\033\317\2143E\017\224\310R\243i|0\251"
 156      1BCF8C33 
 156      450F94C8 
 156      52A3697C 
 156      30A9
 157 0039 50A62592 		.ascii	"P\246%\222\346c\314\367\243\322\001\025\015\024B\243"
 157      E663CCF7 
 157      A3D20115 
 157      0D1442A3 
 158 0049 244B3752 		.ascii	"$K7RB\332\177\316\\\311,\203.\334\313\177\316\371\377"
 158      42DA7FCE 
 158      5CC92C83 
 158      2EDCCB7F 
 158      CEF9FF
 159 005c EFF1FFE7 		.ascii	"\357\361\377\347Z\031\260\375\234\261\223\214\261\323"
 159      5A19B0FD 
 159      9CB1938C 
 159      B1D3
 160 006a F4828581 		.ascii	"\364\202\205\201&\2048\026\345\266j\300\315\010\315"
 160      26843816 
 160      E5B66AC0 
 160      CD08CD
 161 0079 A8DBCA35 		.ascii	"\250\333\3125\014/\257%sa\327\033J|Q\\8t\000u&\254\300"
 161      0C2FAF25 
 161      7361D71B 
 161      4A7C515C 
 161      38740075 
 162 0090 0A35E43A 		.ascii	"\0125\344:\024j\004\270\371\224`\031\302\254\307\377"
 162      146A04B8 
 162      F9946019 
 162      C2ACC7FF 
 163 00a0 CD518C01 		.ascii	"\315Q\214\001d\300iY:\334<d\227K\2008Zz'\037\266\362"
 163      64C06959 
 163      3ADC3C64 
 163      974B8038 
 163      5A7A271F 
 164 00b6 C45A213C 		.ascii	"\304Z!<\"T\266n/o\036\023\266\000j\254\202\322_B,\264"
 164      2254B66E 
 164      2F6F1E13 
 164      B6006AAC 
 164      82D25F42 
 165 00cc 41AC8282 		.ascii	"A\254\202\202vH\244\364\205\333K\213Qx\024\030\305\276"
 165      7648A4F4 
 165      85DB4B8B 
 165      51781418 
 165      C5BE
 166 00de F9AE097B 		.ascii	"\371\256\011{BP\225\366\006Q\034\014 B\007\340o\245"
 166      425095F6 
 166      06511C0C 
 166      204207E0 
 166      6FA5
ARM GAS  /tmp/cclK4y9A.s 			page 13


 167 00f0 B447C59D 		.ascii	"\264G\305\235\220\300dI\265{b\304\211)\252|\305\327"
 167      90C06449 
 167      B57B62C4 
 167      8929AA7C 
 167      C5D7
 168 0102 1976C6D7 		.ascii	"\031v\306\327\250\362\017\217c\252\212\304\240\340D"
 168      A8F20F8F 
 168      63AA8AC4 
 168      A0E044
 169 0111 0D5DDB20 		.ascii	"\015]\333 \344C\371\357\233\326\357:-\034B\020/\325"
 169      E443F9EF 
 169      9BD6EF3A 
 169      2D1C4210 
 169      2FD5
 170 0123 494DDD60 		.ascii	"IM\335`\001:\031ml\235\342xB\241\336Yjk\262\230\250"
 170      013A196D 
 170      6C9DE278 
 170      42A1DE59 
 170      6A6BB298 
 171 0138 934F0E54 		.ascii	"\223O\016T\233\250\034^\375\033\265\207P%\236\204\355"
 171      9BA81C5E 
 171      FD1BB587 
 171      50259E84 
 171      ED
 172 0149 2558C634 		.ascii	"%X\3064\311$\367\237\206\365\220X\337\270&B\375\207"
 172      C924F79F 
 172      86F59058 
 172      DFB82642 
 172      FD87
 173 015b AAEAF738 		.ascii	"\252\352\3678\201L\351\032}8\341Q\016W_\235\311\\\013"
 173      814CE91A 
 173      7D38E151 
 173      0E575F9D 
 173      C95C0B
 174 016e 48AF3615 		.ascii	"H\2576\025G\253}\207\212\031\273\211ly\255.\031D\210"
 174      47AB7D87 
 174      8A19BB89 
 174      6C79AD2E 
 174      194488
 175 0181 B15BA8A9 		.ascii	"\261[\250\251\330M\361\"xJo\374\230vHr?J;\305E_g\255"
 175      D84DF122 
 175      784A6FFC 
 175      98764872 
 175      3F4A3BC5 
 176 0199 7242A81C 		.ascii	"rB\250\034\205f\032\247w\005\241\306M\223\216\013 %"
 176      85661AA7 
 176      7705A1C6 
 176      4D938E0B 
 176      2025
 177 01ab 59A04F3A 		.ascii	"Y\240O:\2403w`\356\205%\251AD\216\242\240\037\202P\216"
 177      A0337760 
 177      EE8525A9 
 177      41448EA2 
 177      A01F8250 
 178 01c0 A6B5F6B9 		.ascii	"\246\265\366\271\371g\232\027<f\241\016\003\220D\356"
 178      F9679A17 
 178      3C66A10E 
ARM GAS  /tmp/cclK4y9A.s 			page 14


 178      039044EE 
 179 01d0 06C10BEC 		.ascii	"\006\301\013\3543x\343\224]\312\363\327\215n\330d\236"
 179      3378E394 
 179      5DCAF3D7 
 179      8D6ED864 
 179      9E
 180 01e1 3580D60A 		.ascii	"5\200\326\012\"e0$sHM\000mR`\373\247\231\276\335\262"
 180      22653024 
 180      73484D00 
 180      6D5260FB 
 180      A799BEDD 
 181 01f6 2D7ED4FE 		.ascii	"-~\324\376K\021\207a\245\010d[G\210^\202\015\031\021"
 181      4B118761 
 181      A508645B 
 181      47885E82 
 181      0D1911
 182 0209 28DB56AF 		.ascii	"(\333V\257\374\017\257\225\217\220zl'J\030\375+x4\274"
 182      FC0FAF95 
 182      8F907A6C 
 182      274A18FD 
 182      2B7834BC 
 183 021d 56E09A04 		.ascii	"V\340\232\004\177#\275Qc\261\30475\200\262\263\270\010"
 183      7F23BD51 
 183      63B1C437 
 183      3580B2B3 
 183      B808
 184 022f 450FAE76 		.ascii	"E\017\256v\274\213\211\260E\373Q^\377\226\353K\3656"
 184      BC8B89B0 
 184      45FB515E 
 184      FF96EB4B 
 184      F536
 185 0241 49A801C0 		.ascii	"I\250\001\300[\3025\355eE\262\034\333E\254;#\"\364\035"
 185      5BC235ED 
 185      6545B21C 
 185      DB45AC3B 
 185      2322F41D 
 186 0255 458CFD12 		.ascii	"E\214\375\0221n\212\220?\254\340R\004,\200\367c\317"
 186      316E8A90 
 186      3FACE052 
 186      042C80F7 
 186      63CF
 187 0267 3EB37704 		.ascii	">\263w\004#g\263\012\\Rk\367\237\217\003\011\303\265"
 187      2367B30A 
 187      5C526BF7 
 187      9F8F0309 
 187      C3B5
 188 0279 96C455D0 		.ascii	"\226\304U\320\251!\332L\313wJr`8\213P\364\225\315;B"
 188      A921DA4C 
 188      CB774A72 
 188      60388B50 
 188      F495CD3B 
 189 028e D3AADCB8 		.ascii	"\323\252\334\270\207;\014\214\250!\274e`_\300SY[\266"
 189      873B0C8C 
 189      A821BC65 
 189      605FC053 
 189      595BB6
 190 02a1 3772A150 		.ascii	"7r\241P\361!\231\347\362\016\302\312\346\035d,\331\270"
ARM GAS  /tmp/cclK4y9A.s 			page 15


 190      F12199E7 
 190      F20EC2CA 
 190      E61D642C 
 190      D9B8
 191 02b3 989D9961 		.ascii	"\230\235\231a\344\270\362\215\2243\307\215\224S\256"
 191      E4B8F28D 
 191      9433C78D 
 191      9453AE
 192 02c2 D4ECC329 		.ascii	"\324\354\303)99yF\246+=\375R\306\345\363\271\031FA\352"
 192      39397946 
 192      A62B3DFD 
 192      52C6E5F3 
 192      B9194641 
 193 02d7 59232F37 		.ascii	"Y#/7\315(\310\315?\227\237\235\343J;\222\306t\025\360"
 193      CD28C8CD 
 193      3F979F9D 
 193      E34A3B92 
 193      C67415F0 
 194 02eb 3CD7950C 		.ascii	"<\327\225\014\314\314\273\360\023I\344n\201"
 194      CCCCBBF0 
 194      1349E46E 
 194      81
 195              		.text
 196              		.section	.gnu.lto_.symbol_nodes.e08452d6b35efa89,"e",%progbits
 197 0000 789C6DD0 		.ascii	"x\234m\320\271\021\302P\014\004\320\325\312\3077\024"
 197      B911C250 
 197      0C04D0D5 
 197      CAC73714 
 198 0010 411B8430 		.ascii	"A\033\2040C+\324!\007\024@\021\004\324@\354\230\200"
 198      432BD421 
 198      07144011 
 198      04D440EC 
 198      9880
 199 0022 FB482900 		.ascii	"\373H)\000R\022\370\3667\021R\264\243\247Q\260\001\202"
 199      5212F8F6 
 199      371152B4 
 199      A3A751B0 
 199      0182
 200 0034 B900E08E 		.ascii	"\271\000\340\216\206:N&\313-`\300\246\236\242\025pO"
 200      863A4E26 
 200      CB2D60C0 
 200      A69EA215 
 200      704F
 201 0046 93E77B3D 		.ascii	"\223\347{=\376\227\003\215\256\310\225\246\237~F\035"
 201      FE97038D 
 201      AEC895A6 
 201      9F7E461D 
 202 0056 23BE9F44 		.ascii	"#\276\237D\271\3202_\316\264\334\227\023\255\360\345"
 202      B9D0325F 
 202      CEB4DC97 
 202      13ADF0E5 
 203 0066 482B7DB9 		.ascii	"H+}\271\323\202/7Z\345\212\242L\025,DQ\244\270*\024"
 203      D3822F37 
 203      5AE58AA2 
 203      4C152C44 
 203      51A4B82A 
 204 007b 798A8F18 		.ascii	"y\212\217\030\263\376`\240\320\024\233\241J\365jKhD"
ARM GAS  /tmp/cclK4y9A.s 			page 16


 204      B3FE60A0 
 204      D0149BA1 
 204      4AF56A4B 
 204      6844
 205 008d 2574295E 		.ascii	"%t)^\262\352\212\231)\177+|\001\327`\206\254"
 205      B2EA8A99 
 205      297F2B7C 
 205      01D76086 
 205      AC
 206              		.text
 207              		.section	.gnu.lto_.refs.e08452d6b35efa89,"e",%progbits
 208 0000 789CE360 		.ascii	"x\234\343``\004B \000\000\000]\000\013"
 208      60044220 
 208      0000005D 
 208      000B
 209              		.text
 210              		.section	.gnu.lto_.decls.e08452d6b35efa89,"e",%progbits
 211 0000 789CA55A 		.ascii	"x\234\245Z{PTg\226\357\257\277\006\232\246\001\003&"
 211      7B505467 
 211      96EFAFBF 
 211      069AA601 
 211      0326
 212 0012 71463795 		.ascii	"qF7\225\232ugR\273\22303\311\316$\2633[\233\315\244"
 212      9A756752 
 212      BB933033 
 212      C9CE24B3 
 212      335B9BCD 
 213 0027 36B395EC 		.ascii	"6\263\225\354L%\231\251\232\252\335\352\264\320jox\030"
 213      4C2599A9 
 213      9AAADDEA 
 213      B4D06A6F 
 213      7818
 214 0039 681C9D3F 		.ascii	"h\034\235?v[@\020\020D@\221\207\010\362\220\247\362"
 214      765B4010 
 214      10444091 
 214      8708F290 
 214      A7F2
 215 004b 54E4A108 		.ascii	"T\344\241\010\310C\220\207\017\020\220\207\240(\"\250"
 215      C8439087 
 215      0F109087 
 215      A02822A8 
 216 005b 802020B0 		.ascii	"\200  \260\347{\334\356{\373\2218\265\255\207{\317\275"
 216      E77BDCEE 
 216      7BFB9138 
 216      B5AD877B 
 216      CFBD
 217 006d BF73BEF3 		.ascii	"\277s\276\363\235\357|\347;\367\273W)C\262_\376L&\373"
 217      9DEF7CE7 
 217      3BF7BB57 
 217      2943B25F 
 217      FE4C26FB 
 218 0081 B5B34CF6 		.ascii	"\265\263L\366\033\271L\266\016?\205L&\353\001r\000:"
 218      1BB94CB6 
 218      0E3F854C 
 218      26EB0172 
 218      003A
 219 0093 8E64B2FF 		.ascii	"\216d\262\377\001\332\001\347\351p<\001D~*\2403p^\001"
ARM GAS  /tmp/cclK4y9A.s 			page 17


 219      01DA01E7 
 219      E9703C01 
 219      447E2AA0 
 219      33705E01 
 220 00a7 5405540B 		.ascii	"T\005T\013\324\010\324\012\324\015t\003\250\027\350"
 220      D408D40A 
 220      D40D7403 
 220      A817E8
 221 00b6 16C78B7F 		.ascii	"\026\307\213\177\032,\223\375\035\034\213\341\236\007"
 221      1A2C93FD 
 221      1D1C8BE1 
 221      9E07
 222 00c4 1C37DA68 		.ascii	"\0347\332h\247\037h\200\2677\010\224\006t\033\350/@"
 222      A71F6880 
 222      B7370894 
 222      06741BE8 
 222      2F40
 223 00d6 4340D781 		.ascii	"C@\327\201v\002\215\002\215\000\315\002\375\014\350"
 223      76028D02 
 223      8D00CD02 
 223      FD0CE8
 224 00e5 3F81E680 		.ascii	"?\201\346\200\272\200>\005\232\007j\001\372\021\320"
 224      BA803E05 
 224      9A076A01 
 224      FA11D0
 225 00f4 BBD0BF2D 		.ascii	"\273\320\277-p|\017\216\015p\214\001\372\025\320?\002"
 225      707C0F8E 
 225      0D708C01 
 225      FA15D03F 
 225      02
 226 0105 FF73A01A 		.ascii	"\377s\240\0328\177\005\332?\012\3078\240\024\240X \035"
 226      387F05DA 
 226      3F0AC738 
 226      A014A058 
 226      201D
 227 0117 50025032 		.ascii	"P\002P2P\022\320\021\240c@\207\201\022\201\342\201\242"
 227      5012D011 
 227      A0634087 
 227      811281E2 
 227      81A2
 228 0129 810E0045 		.ascii	"\201\016\000E\001}\014\344\304\375C\374\360k9\363I+"
 228      017D0CE4 
 228      C4FD43FC 
 228      F06B39F3 
 228      492B
 229 013b F751AD0D 		.ascii	"\367Q\255\015\237\350\301'j\033>9\301\355K\347\375I"
 229      9FE8C127 
 229      6A1B3E39 
 229      C1ED4BE7 
 229      FD49
 230 014d B3F00188 		.ascii	"\263\360\001\210\321\366R\270]\204\257\340~\357\265"
 230      D1F652B8 
 230      5D84AFE0 
 230      7EEFB5
 231 015c D1CE37BC 		.ascii	"\321\3167\274\035\241\015\3423\241\235t\033\372?\345"
 231      1DA10DE2 
 231      33A19D74 
ARM GAS  /tmp/cclK4y9A.s 			page 18


 231      1BFA3FE5 
 232 016c ED13BD42 		.ascii	"\355\023\275B\033\037\363v\252\276\245\235$\214\206"
 232      1B1FF376 
 232      AABEA59D 
 232      248C86
 233 017b 438E3F57 		.ascii	"C\216?W\307b\344\241B\012`\023\257T\264\251\200\335"
 233      C762E4A1 
 233      420A6013 
 233      AF54B4A9 
 233      80DD
 234 018d A8426F02 		.ascii	"\250Bo\002;\331\234:\341\312\356f \340\213\317\036L"
 234      3BD99C3A 
 234      E1CAEE66 
 234      20E08BCF 
 234      1E4C
 235 019f 7562FC26 		.ascii	"ub\374&`\257t\317>Q3t=\271\335\030W\177\311\221\335"
 235      60AF74CF 
 235      3E513374 
 235      3DB9DD18 
 235      577FC991 
 236 01b4 7E4094F7 		.ascii	"~@\224\367$\014\21483\376}`\273\263\022#\2348\034\003"
 236      240C8C38 
 236      33FE7D60 
 236      BBB31223 
 236      9C381C03 
 237 01c8 DF397D68 		.ascii	"\3379}h\322\025\313\021\2016\236\033\234\2243\350O\200"
 237      D215CB11 
 237      81369E1B 
 237      9C9433E8 
 237      4F80
 238 01da 9D2A18B8 		.ascii	"\235*\030\270\341\206]\350\255\232\221\372#nx#=\277"
 238      E1865DE8 
 238      AD9A91FA 
 238      236E7823 
 238      3DBF
 239 01ec D91871D4 		.ascii	"\331\030q\324\305\253\330\310~\3124,C\227\0216w\347"
 239      C5ABD8C8 
 239      7ECA342C 
 239      43971136 
 239      77E7
 240 01fe 74D14A89 		.ascii	"t\321J\211J\001\256@;\324(XA.\205_\216\253\341}\220"
 240      4A01AE40 
 240      3BD42858 
 240      412E855F 
 240      8EABE17D 
 241 0213 039B79B3 		.ascii	"\003\233y\263;\0041#6\000{\255\261\265\330\375\365#"
 241      3B043123 
 241      36007BAD 
 241      B1B5D8FD 
 241      F523
 242 0225 445B5CA8 		.ascii	"D[\\\250q\203\034\355|\015\265\241\315\250\025m\006"
 242      71831CED 
 242      7C0DB5A1 
 242      CDA8156D 
 242      06
 243 0236 2557D0EB 		.ascii	"%W\320\3532\324\202\024Ly\303\215\323\013.\352(\243"
 243      32D48214 
ARM GAS  /tmp/cclK4y9A.s 			page 19


 243      4C79C38D 
 243      D30B2EEA 
 243      28A3
 244 0248 31C49811 		.ascii	"1\304\230\021jt\376\204\334F5\000\256\246\340v\244F"
 244      6A74FE84 
 244      DC463500 
 244      AEA6E076 
 244      A446
 245 025a CDC88B42 		.ascii	"\315\310\213Bo\264\365\216a\374\007js\305p[\264\263"
 245      6FB4F58E 
 245      61FC076A 
 245      73C5705B 
 245      B4B3
 246 026c 3D31D481 		.ascii	"=1\324\201\260D2\261\262\277\227\217\200\2218i4k\241"
 246      B04432B1 
 246      B2BF978F 
 246      80913869 
 246      346BA1
 247 027f 0AE1AFA9 		.ascii	"\012\341\257\251\246{'\037\275\312z\362\226\355\276"
 247      A67B271F 
 247      BDCA7AF2 
 247      96EDBE
 248 028e D6575497 		.ascii	"\326WT\227\253\3617\024\0343\232]\344\354y\230\273\312"
 248      ABF13714 
 248      1C339A5D 
 248      E4EC7998 
 248      BBCA
 249 02a0 88E8F8A3 		.ascii	"\210\350\370\243k\320\334u\344\311\232\243\015\326\257"
 249      6BD0DC75 
 249      E4C99AA3 
 249      0DD6AF
 250 02af 540DAA71 		.ascii	"T\015\252q\010\242B\345\007jG\325VB7\254\204\272\372"
 250      08A242E5 
 250      076A47D5 
 250      564237AC 
 250      84BAFA
 251 02c2 6A6F48FA 		.ascii	"joH\372t\023n\233]\321\213\324\0147t\266\375\224+\265"
 251      74136E9B 
 251      5DD18BD4 
 251      0C3774B6 
 251      FD942BB5 
 252 02d6 112EA11E 		.ascii	"\021.\241\036D\255L\353=sEi\327\347\267\210\317\373"
 252      44AD4CEB 
 252      3D734569 
 252      D7E7B788 
 252      CFFB
 253 02e8 049F5F79 		.ascii	"\004\237_y\361\"]!n\350\226\304\347\375\"\317\345\235"
 253      F1225D21 
 253      6EE896C4 
 253      E7FD22CF 
 253      E59D
 254 02fa 4B2C74C1 		.ascii	"K,t\301\361\254#\213\235\355\017\354\312\241\001\350"
 254      F1AC238B 
 254      9DED0FEC 
 254      CAA101E8 
 255 030a 90585408 		.ascii	"\220XT\010{\017\026\366\027\327\217^T0V\011\354\221"
 255      7B0F16F6 
ARM GAS  /tmp/cclK4y9A.s 			page 20


 255      17D78F5E 
 255      54305609 
 255      EC91
 256 031c 824B2F84 		.ascii	"\202K/\2040\247\235\332_\335\244\304\251\254\241\242"
 256      30A79DDA 
 256      5FDDA4C4 
 256      A9ACA1A2 
 257 032c C7CF6A48 		.ascii	"\307\317jHP\277\245B\377\013l\313\343\351\033\210\261"
 257      50BFA542 
 257      FF0B6CCB 
 257      E3E91B88 
 257      B1
 258 033d D4FCB1B3 		.ascii	"\324\374\261\263\333p6CN\224\205\346+U\007\210I%\241"
 258      DB703643 
 258      4E9485E6 
 258      2B550788 
 258      4925A1
 259 0350 C657F6FD 		.ascii	"\306W\366\375T\206\206\301\240!b\320\030\242\"`\017"
 259      548686C1 
 259      A02162D0 
 259      18A22260 
 259      0F
 260 0361 BA03D746 		.ascii	"\272\003\327F\341\032\211\234\301\274\032\027|\216\211"
 260      E11A899C 
 260      C1BC1A17 
 260      7C8E89
 261 0370 27252595 		.ascii	"'%%\225+q#c\"\353\243\232T\270\2071\021ay\207\\p/cF"
 261      2B712363 
 261      22EBA39A 
 261      54B88731 
 261      11617987 
 262 0389 13231B1D 		.ascii	"\023#\033\035\355\264r\337V+\362\213\245\007R\035\321"
 262      EDB472DF 
 262      562BF28B 
 262      A507521D 
 262      D1
 263 039a 56CF9344 		.ascii	"V\317\223D\246~\275\346\275\232\252GF\343\230\021\243"
 263      A67EBDE6 
 263      BD9AAA47 
 263      46E39811 
 263      A3
 264 03ab 07488526 		.ascii	"\007H\205&@\346!\014\256\240D\206\274\310\237\237\302"
 264      40E6210C 
 264      AEA04486 
 264      BCC89F9F 
 264      C2
 265 03bc 1F1A26D0 		.ascii	"\037\032&\320\210\021m\0225r\217\013\220V&\321V\036"
 265      88116D12 
 265      35728F0B 
 265      905626D1 
 265      561E
 266 03ce 306D9967 		.ascii	"0m\231gf\\\3612\263\261\257{\261\235G\231\225\370\224"
 266      665CF132 
 266      B3B1AF7B 
 266      B19D4799 
 266      95F894
 267 03e1 4DF1F9A6 		.ascii	"M\361\371\246\247+\3168\212\345\012a\012{\260)\\\234"
ARM GAS  /tmp/cclK4y9A.s 			page 21


 267      A72BCE38 
 267      8AE50A61 
 267      0A7BB029 
 267      5C9C
 268 03f3 31771CE3 		.ascii	"1w\034\343\030v\357NQC\244#>\314\230\374g\261\251|X"
 268      1876EF4E 
 268      5143A423 
 268      3ECC98FC 
 268      67B1A97C 
 269 0408 D5C056DF 		.ascii	"\325\300V\337l?\351\306\306q\224\334~4\020}\016\341"
 269      6C3FE9C6 
 269      C67194DC 
 269      7E34107D 
 269      0EE1
 270 041a A30C9BD1 		.ascii	"\243\014\233\321p\347m\234\306\316\303\357\026\257b"
 270      70E76D9C 
 270      C6CEC3EF 
 270      16AF62
 271 0429 9CC998E6 		.ascii	"\234\311\230\346km\263\310jJ<\0033\027$S\"\362\302i"
 271      6B6DB3C8 
 271      6A4A3C03 
 271      33172453 
 271      22F2C269 
 272 043d 5F7C86C9 		.ascii	"_|\206\311\224?<\327\342h%\263h%3Z\371\"\005\211\243"
 272      943F3CD7 
 272      E26825B3 
 272      6825335A 
 272      F9220589 
 273 0452 F4B9641A 		.ascii	"\364\271d\032-\011\323(\356\366R\255\013\276\310\224"
 273      2D09D328 
 273      EEF652AD 
 273      0BBEC894 
 274 0462 3F685DB8 		.ascii	"?h]\270\247\304M\214\251\015_\275@\302\357G*D\252\002"
 274      A7C44D8C 
 274      A90D5FBD 
 274      40C2EF47 
 274      2A44AA02 
 275 0476 775108FE 		.ascii	"wQ\010\376\210\205\340B[R\241+\276\302\340\007\243\357"
 275      8885E042 
 275      5B52A12B 
 275      BEC2E007 
 275      A3EF
 276 0488 643BB1E8 		.ascii	"d;\261\350\240\015\312\314sb\015Q\021\342\367U\270\366"
 276      A00DCACC 
 276      73620D51 
 276      11E2F755 
 276      B8F6
 277 049a 820687A2 		.ascii	"\202\006\207\2425\375\316?\243\255[=\267\262\350h\031"
 277      35FDCE3F 
 277      A3AD5B3D 
 277      B7B2E868 
 277      19
 278 04ab 7C3F6DFE 		.ascii	"|?m\376\201\321\030\277\211\030\207\346A&D.6\231\006"
 278      81D118BF 
 278      891887E6 
 278      4126442E 
 278      369906
ARM GAS  /tmp/cclK4y9A.s 			page 22


 279 04be 470D3965 		.ascii	"G\0159e\002ki\036Y\241\306\326\257\320:\304\322\212"
 279      026B691E 
 279      59A1C6D6 
 279      AFD03AC4 
 279      D28A
 280 04d0 159C4594 		.ascii	"\025\234E\224)\230\342\210\263\02424\013\200\247\304"
 280      2998E288 
 280      B3143234 
 280      0B80A7C4 
 281 04e0 A8675C82 		.ascii	"\250g\\\202X\025*\337\212\214@\373\3444*\230\376\231"
 281      58152ADF 
 281      8A8C40FB 
 281      E4342A98 
 281      FE99
 282 04f2 B48D4C3F 		.ascii	"\264\215L?1g\331\2669D=\364\375YL\335\020\217:\253v"
 282      3167D9B6 
 282      39443DF4 
 282      FD594CDD 
 282      108F3AAB 
 283 0507 16EDB743 		.ascii	"\026\355\267C\326\261\332\264iW\034\216\211\013\035"
 283      D6B1DAB4 
 283      69571C8E 
 283      890B1D
 284 0516 72A69797 		.ascii	"r\246\227\227\020L\227\255[\211O\214\306\372\307\223"
 284      104C97AD 
 284      5B894F8C 
 284      C6FAC793 
 285 0526 BF4A8EDF 		.ascii	"\277J\216\337O}\022\006*\346@U\004\034\005\335\226\023"
 285      4F7D1206 
 285      2AE64055 
 285      041C05DD 
 285      9613
 286 0538 4668FB02 		.ascii	"Fh\373\002\334\257#m_\343\002\244\355ph7\022\350\000"
 286      DCAF236D 
 286      5FE302A4 
 286      ED706837 
 286      12E800
 287 054b 5094B89F 		.ascii	"P\224\270\237k)\033\263i?!\327?\346\002\346n\316\230"
 287      6B291BB3 
 287      693F21D7 
 287      3FE602E6 
 287      6ECE98
 288 055e DCC8D0C3 		.ascii	"\334\310\320\303)\036\014=\010^yb\005g^\027\215\322"
 288      291E0C3D 
 288      085E7962 
 288      05675E17 
 288      8DD2
 289 0570 C0E61463 		.ascii	"\300\346\024c}\230#\035\244\375r\333\332)\034\234Q\022"
 289      7D98231D 
 289      A4FD72DB 
 289      DA291C9C 
 289      5112
 290 0582 9BDCE3EA 		.ascii	"\233\334\343\352i\273+7\276\275+ \235\263\232:\347\212"
 290      69BB2B37 
 290      BEBD2B20 
 290      9DB39A3A 
 290      E78A
ARM GAS  /tmp/cclK4y9A.s 			page 23


 291 0594 EB309BC8 		.ascii	"\3530\233\310]u\335\030\267P\306\361jE_\264\034\021"
 291      5D75DD18 
 291      B750C6F1 
 291      6A455FB4 
 291      1C11
 292 05a6 B76EDD6A 		.ascii	"\267n\335j\326\016\251\241\023\2647\022\355\007\301"
 292      D60EA9A1 
 292      13B43712 
 292      ED07C1
 293 05b5 B258AE3D 		.ascii	"\262X\256=\001\264\036\002\212\003:\014\024or\026\214"
 293      01B41E02 
 293      8A033A0C 
 293      146F7216 
 293      8C
 294 05c6 C8FAD2FB 		.ascii	"\310\372\322\373)\275<\207=\202\031u\0271As\016\253"
 294      29BD3C87 
 294      3D821975 
 294      17314173 
 294      0EAB
 295 05d8 B370D844 		.ascii	"\263p\330D\352\226\262P\343\201P5\032\007\027\214X\341"
 295      EA96B250 
 295      E3815035 
 295      1A07178C 
 295      58E1
 296 05ea 6F5BE03B 		.ascii	"o[\340;\3236e\232\034\334\304\341f\217u[\300\027\322"
 296      D336659A 
 296      1CDCC4E1 
 296      668F755B 
 296      C017D2
 297 05fd 3C3285D1 		.ascii	"<2\205\321\213\221\333F\013\303\001\366w\246\274\026"
 297      8B91DB46 
 297      0BC301F6 
 297      77A6BC16 
 298 060d 6F24F068 		.ascii	"o$\360h\300Ms\355\202\223\245A]Q\267V\351\216\247\230"
 298      C04D73ED 
 298      8293A541 
 298      5D51B756 
 298      E98EA798 
 299 0621 3F6FAF57 		.ascii	"?o\257W\234u\360\264\355\274\304\357v\036h\210\352\317"
 299      9C75F0B4 
 299      EDBCC4EF 
 299      761E6888 
 299      EACF
 300 0633 4B76C18B 		.ascii	"Kv\301\213T\235\"i\346\340%DGD\242\362\022\250\254\247"
 300      549D2269 
 300      E6E02544 
 300      4744A2F2 
 300      12A8ACA7 
 301 0647 8624717D 		.ascii	"\206$q}\311\240\343\030P\2128b[\016\340\256\374\330"
 301      C9A0E318 
 301      508A3862 
 301      5B0EE0AE 
 301      FCD8
 302 0659 18634608 		.ascii	"\030cF\010FW\271\227\222$\375n\024{\011\272\275\320"
 302      4657B997 
 302      9224FD6E 
 302      147B09BA 
ARM GAS  /tmp/cclK4y9A.s 			page 24


 302      BDD0
 303 066b F1063444 		.ascii	"\361\0064D\006\341\010\340\2728^\350\201\250\337\254"
 303      06E108E0 
 303      BA385EE8 
 303      81A8DFAC 
 304 067b 81E6AB66 		.ascii	"\201\346\253f\247\036\225\333V.\004\355R\310\312Y\007"
 304      A71E95DB 
 304      562E04ED 
 304      52C8CA59 
 304      07
 305 068c 5CA1A06E 		.ascii	"\\\241\240n:\324\236\332\252\366\264\331'\224\312\025"
 305      3AD49EDA 
 305      AAF6B4D9 
 305      2794CA15 
 306 069c D9E89668 		.ascii	"\331\350\226h\005\361\340+HS\325r\262\01270\265\361"
 306      05F1E02B 
 306      4853D572 
 306      B20A3730 
 306      B5F1
 307 06ae A1334372 		.ascii	"\2413Cr\334\303\230\222\350\247\331nV+\300\011\320\236"
 307      DCC39892 
 307      E8A7D96E 
 307      562BC009 
 307      D09E
 308 06c0 2117AF00 		.ascii	"!\027\257\000\215\247\222\262\224\342\025 C\322\213"
 308      8DA792B2 
 308      94E21520 
 308      43D28B
 309 06cf 4C395F01 		.ascii	"L9_\001V\3577\234v`-\337\"|\331\375\262f\007<\256\220"
 309      56EF379C 
 309      76602DDF 
 309      227CD9FD 
 309      B266073C 
 310 06e5 2C027FB2 		.ascii	",\002\177\262^\004\376\304\026\201\247\353\247\3568"
 310      5E04FEC4 
 310      1681A7EB 
 310      A7EE38
 311 06f4 E25906AF 		.ascii	"\342Y\006\257\350\253\274\340f{\021\310\225S\021\322"
 311      E8ABBCE0 
 311      667B11C8 
 311      955311D2 
 312 0704 FB1CF966 		.ascii	"\373\034\371f\224-\247uH\333\351\202\203\2568\304\201"
 312      942DA775 
 312      48DBE982 
 312      83AE38C4 
 312      81
 313 0715 4A0F5D6A 		.ascii	"J\017]j,\224\3438\306\234\231\030{\246\260\352f>h)\220"
 313      2C94E338 
 313      C69C9918 
 313      7BA6B0EA 
 313      663E6829 
 314 072a 7433FC6E 		.ascii	"t3\374n\366y'\234\306\204\232\026\352r\254}Sh%\324y"
 314      F679279C 
 314      C6849A16 
 314      EA72AC7D 
 314      536825D4 
 315 073f FC72AD5C 		.ascii	"\374r\255\\\354\233\"\211o\212\005\337T<\010\217B\270"
ARM GAS  /tmp/cclK4y9A.s 			page 25


 315      EC9B2289 
 315      6F8A05DF 
 315      543C088F 
 315      42B8
 316 0751 80292F5E 		.ascii	"\200)/^\277\237\352\316\353g\362LRv+g\310\035\327\260"
 316      BF9FEACE 
 316      EB67F24C 
 316      52762B67 
 316      C81DD7B0 
 317 0765 9BD94B8F 		.ascii	"\233\331K\217\317\251q\027cn>N\212\220\333vC\251M7\234"
 317      CFA97117 
 317      636E3E4E 
 317      8A90DB76 
 317      43A94D37 
 318 077a DC77B3DD 		.ascii	"\334w\263\335\025\3672\351\332\205cy\356x\2201\373\036"
 318      15F732E9 
 318      DA856379 
 318      EE789031 
 318      FB1E
 319 078c DFFE311E 		.ascii	"\337\3761\036g\347\351\327\342\306\035\354\0247\225"
 319      67E7E9D7 
 319      E2C61DEC 
 319      143795
 320 079b 725BC5CD 		.ascii	"r[\305\315\331S1\0171~\302\304C+\327\212%%A\201\244"
 320      D953310F 
 320      317EC2C4 
 320      432BD78A 
 320      25254181 
 321 07b0 D35542A7 		.ascii	"\323UB\247;K\227\347\324x\216\0115\314%\2278\343U\306"
 321      3B4B97E7 
 321      D4788E09 
 321      35CC2597 
 321      38E355C6 
 322 07c4 3C797A35 		.ascii	"<yz5\322\001G9R\246#+"
 322      D2014739 
 322      52A6232B 
 323 07d0 BCC5CD4E 		.ascii	"\274\305\315N9X#\267Ut\036\232\273\374{\234\311\244"
 323      395823B7 
 323      55741E9A 
 323      BBFC7B9C 
 323      C9A4
 324 07e2 EF76ED3F 		.ascii	"\357v\355?\257\3065\224\301\253\013\305\325*R\013\260"
 324      AFC63594 
 324      C1AB0BC5 
 324      D52A520B 
 324      B0
 325 07f3 E977BF1F 		.ascii	"\351w\277\037\0275\206\263\371]&W\241\013\240\355\222"
 325      173586B3 
 325      F95D2657 
 325      A10BA0ED 
 325      92
 326 0804 9DC59D67 		.ascii	"\235\305\235g\301\344\215\345,\311\326\002\276\232\343"
 326      C1E48DE5 
 326      2CC9D602 
 326      BE9AE3
 327 0813 ED1596C2 		.ascii	"\355\025\226\302\324<\003\003@V T\307\005\210\275\365"
 327      D43C0303 
ARM GAS  /tmp/cclK4y9A.s 			page 26


 327      40562054 
 327      C70588BD 
 327      F5
 328 0824 302D2F9A 		.ascii	"0-/\232\246\345\205\334\246Op\204\0235y\305\230\273"
 328      A6E585DC 
 328      A64F7084 
 328      133579C5 
 328      98BB
 329 0836 C7D3B682 		.ascii	"\307\323\266\202\006{\012\224\271\217\326\262I\327\266"
 329      067B0A94 
 329      B98FD6B2 
 329      49D7B6
 330 0845 8A96F5DE 		.ascii	"\212\226\365\336\3747\022X6j\004\231\363 \333\012GA"
 330      FC371258 
 330      366A0499 
 330      F320DB0A 
 330      4741
 331 0857 99F592B0 		.ascii	"\231\365\222\260\220\366\306I\232\216`\210h%\322j\273"
 331      90F6C649 
 331      9A8E6088 
 331      6825D26A 
 331      BB
 332 0868 1261E8DE 		.ascii	"\022a\350\336\023\346\344U!\267\004\317Xd\306\231\364"
 332      13E6E455 
 332      21B704CF 
 332      5864C699 
 332      F4
 333 0879 0D7C793A 		.ascii	"\015|y:\013\270\011\256\334\3549[e\2248\371\347\363"
 333      0BB809AE 
 333      DCEC395B 
 333      659438F9 
 333      E7F3
 334 088b 1648CF2F 		.ascii	"\026H\317/C\317\257\000\265\0005\003\265\003\265\001"
 334      43CFAF00 
 334      B5003503 
 334      B503B501 
 335 089b 358993F7 		.ascii	"5\211\223\367D\336Ff\036\031\331\022+\373,\227\317\205"
 335      44DE4666 
 335      1E19D912 
 335      2BFB2C97 
 335      CF85
 336 08ad E3AFB1BE 		.ascii	"\343\257\261\276\237\002\3709+\270UQxB\244\275\334N"
 336      9F02F839 
 336      2BB85551 
 336      7842A4BD 
 336      DC4E
 337 08bf EF85D47D 		.ascii	"\357\205\324}\254#\272\317\336\242V\370\362\375\002"
 337      AC23BACF 
 337      DEA256F8 
 337      F2FD02
 338 08ce 4DE7B322 		.ascii	"M\347\263\"K\\q\026\213\223\216\260\230k*|\2061\313"
 338      4B5C7116 
 338      8B938EB0 
 338      986B2A7C 
 338      8631CB
 339 08e1 09E72B5D 		.ascii	"\011\347+]p\003c\272\332\307t\270\225\235\217\315\027"
 339      700363BA 
ARM GAS  /tmp/cclK4y9A.s 			page 27


 339      DAC774B8 
 339      959D8FCD 
 339      17
 340 08f2 9F925BA5 		.ascii	"\237\222[\245\252nh\266G\222\252f\273\222\266\343\036"
 340      AA6E68B6 
 340      4792AA66 
 340      BB92B6E3 
 340      1E
 341 0903 26937025 		.ascii	"&\223p%rJe\375\340m%s\355X\353\353\342\211~]\342\204"
 341      724A65FD 
 341      E06D2573 
 341      ED58EBEB 
 341      E2897E5D 
 342 0919 1B7CA2E3 		.ascii	"\033|\242\343\320\225\211?\222EXRq\231\34601\345&\367"
 342      D095893F 
 342      92455852 
 342      7199E630 
 342      31E526F7 
 343 092d 401FF4B6 		.ascii	"@\037\364\266W\262\004\017\376\352\030\257\326A\035"
 343      57B2040F 
 343      FEEA18AF 
 343      D6411D
 344 093c ADD66F7E 		.ascii	"\255\326o~\353\300\314nbu\340\015\036\3026\320\274\356"
 344      EBC0CC6E 
 344      6275E00D 
 344      1EC236D0 
 344      BCEE
 345 094e 389270EC 		.ascii	"8\222p\354\036\366\264m\3235\3336\301\243fr\305\265"
 345      1EF6B46D 
 345      D335DB36 
 345      C1A36672 
 345      C5B5
 346 0960 290574C6 		.ascii	")\005t\306\266\\'\310\365s\271\001q=w\177\005\277\230"
 346      B65C27C8 
 346      F573B901 
 346      713D777F 
 346      05BF98
 347 0973 0DA3FDB8 		.ascii	"\015\243\375\270E*\003\216\263\2219\310\303e\336\245"
 347      452A038E 
 347      B39139C8 
 347      C365DEA5 
 348 0983 79158E54 		.ascii	"y\025\216T\322\261\230\271\231\377\226\035+\007\255"
 348      D2B198B9 
 348      99FF961D 
 348      2B07AD
 349 0992 5B038117 		.ascii	"[\003\201\027\367Z\313]p2\223\356\250H\033s\303\205"
 349      F75ACB5D 
 349      703293EE 
 349      A8481B73 
 349      C385
 350 09a4 8C699CBC 		.ascii	"\214i\234\274{@\205+\031S\232\330\263\356\210\033\030"
 350      7B40852B 
 350      19539AD8 
 350      B3EE881B 
 350      18
 351 09b5 F37C28FB 		.ascii	"\363|(\373\252\365N\313(\350\277#\031\360\256\322\353"
 351      AAF54ECB 
ARM GAS  /tmp/cclK4y9A.s 			page 28


 351      28E8BF23 
 351      19F0AED2 
 351      EB
 352 09c6 FBDC700F 		.ascii	"\373\334p\017\023*n\2739\212\255\204\306\254\204JW\253"
 352      132A6EBB 
 352      398AAD84 
 352      C6AC844A 
 352      57AB
 353 09d8 7ADDC561 		.ascii	"z\335\305a2.\031\223\273<L\344\263y\013ur\323S|_\232"
 353      322E1993 
 353      BB3C4CE4 
 353      B3790B75 
 353      72D3537C 
 354 09ee 436A232F 		.ascii	"Cj#/\276\356\362\301\234\260=\230\324\204\214P\346\035"
 354      BEEEF2C1 
 354      9CB03D98 
 354      D4848C50 
 354      E61D
 355 0a00 D30A3822 		.ascii	"\323\0128\"g\002\304;\367L\336)\272\037~[\205\017;\323"
 355      6702C43B 
 355      F74CDE29 
 355      BA1F7E5B 
 355      850F3BD3 
 356 0a14 1EE48646 		.ascii	"\036\344\206F&\361\271a%~\337\246\370\322\271\221\011"
 356      26F1B961 
 356      257EDFA6 
 356      F8D2B991 
 356      09
 357 0a25 8C739878 		.ascii	"\214s\230x\341b\030T\256\005\214\231\232(\354\225\343"
 357      E1621854 
 357      AE058C99 
 357      9A28EC95 
 357      E3
 358 0a36 12C68445 		.ascii	"\022\306\204E$\267YO\272)P\371H\342\232\362\365\374"
 358      24B7594F 
 358      BA2950F9 
 358      48E29AF2 
 358      F5FC
 359 0a48 708CABB9 		.ascii	"p\214\253\271\320\263\023\013\016VB\323VBG\013\257\036"
 359      D0B3130B 
 359      0E5642D3 
 359      5642470B 
 359      AF1E
 360 0a5a 97145C33 		.ascii	"\227\024\\3\022\267<\026\326\327\0279]\267\224\270\221"
 360      12B73C16 
 360      D6D71739 
 360      5DB794B8 
 360      91
 361 0a6b 29BF3B57 		.ascii	")\277;W4\357n\245\374\011(\177*Q~i\265?M\205;\230\320"
 361      34EF6EA5 
 361      FC09287F 
 361      2A517E69 
 361      B53F4D85 
 362 0a82 A58A7BA7 		.ascii	"\245\212{\247\255\313\234Y+\241\262}E\203Nb\213\346"
 362      ADCB9C59 
 362      2BA1B27D 
 362      45834E62 
ARM GAS  /tmp/cclK4y9A.s 			page 29


 362      8BE6
 363 0a94 2416CD73 		.ascii	"$\026\315s\213\024\007\316N\306\313E\317\342\343\325"
 363      8B1407CE 
 363      4EC6CB45 
 363      CFE2E3D5 
 364 0aa4 0E2F2A8C 		.ascii	"\016/*\214\306H51\032=\004\275\213\366\227_\262\240"
 364      C6483531 
 364      1A3D04BD 
 364      8BF6975F 
 364      B2A0
 365 0ab6 2539EDA3 		.ascii	"%9\355\243\263[\230C\213\337\265\372*D\213\347\023."
 365      B35B9843 
 365      8BDFB5FA 
 365      2A448BE7 
 365      132E
 366 0ac8 40467401 		.ascii	"@Ft\001&\3653\240\347\342d\263p\312\211%\217y\036o\266"
 366      26F533A0 
 366      E7E264B3 
 366      70CA8925 
 366      8F791E6F 
 367 0add AC1192FA 		.ascii	"\254\021\222\372\310\320\243A56\262\342td\272\246\324"
 367      C8D0A341 
 367      3536B2E2 
 367      7464BAA6 
 367      D4
 368 0aee E2C1DCD4 		.ascii	"\342\301\334\324\354\222\375fA2\253\2628\217\024{?$"
 368      EC92FD66 
 368      4132ABB2 
 368      388F147B 
 368      3F24
 369 0b00 852F1695 		.ascii	"\205/\026\225\275?d\232\323\246\357\234U\342X\306\024"
 369      BD3F649A 
 369      D3A6EF9C 
 369      55E258C6 
 369      14
 370 0b11 A4370F39 		.ascii	"\2447\0179\263R(.\324\350\360\226\314\264\351\210V\345"
 370      B352282E 
 370      D4E8F096 
 370      CCB4E988 
 370      56E5
 371 0b23 548434F2 		.ascii	"T\2044\362\002Z^a\365\336\332\201\261\007\2168\215I"
 371      025A5E61 
 371      F5DEDA81 
 371      B1078E38 
 371      8D49
 372 0b35 D7B51CF1 		.ascii	"\327\265\034\361\265\032\314u\2203b\361`>\271\263P\342"
 372      B51ACC75 
 372      903362F1 
 372      603EB9B3 
 372      50E2
 373 0b47 261E4C72 		.ascii	"&\036Lr\333\354\205}\230\207Win\3435\276+]E\312\324"
 373      DBEC857D 
 373      98875769 
 373      6EE335BE 
 373      2B5D45CA 
 374 0b5c CA9ADCF7 		.ascii	"\312\232\334\367\371\026\243\013\311[\213\375\340\302"
 374      F916A30B 
ARM GAS  /tmp/cclK4y9A.s 			page 30


 374      C95B8BFD 
 374      E0C2
 375 0b6a 5CD6F499 		.ascii	"\\\326\364\231\206\210\001\005\256aL\343T]\271\022w"
 375      86880105 
 375      AE614CE3 
 375      545DB912 
 375      77
 376 0b7b 33A6F2CC 		.ascii	"3\246\362\314\310\222\033~@\031\305`\324p\223\212nL"
 376      C8921B7E 
 376      4019C560 
 376      D470938A 
 376      6E4C
 377 0b8d B0015919 		.ascii	"\260\001Y\031v\310\037\0177\306\205o\242\365V\030\306"
 377      76C81F0F 
 377      37C6856F 
 377      A2F55618 
 377      C6
 378 0b9e 2812BF44 		.ascii	"(\022\277D\325`z\232\017\347\022\304-\321\030\236\344"
 378      D5607A9A 
 378      0FE712C4 
 378      2DD1189E 
 378      E4
 379 0baf 81A2B078 		.ascii	"\201\242\260x\310SD\353x\004G\333\337\225\230\220\324"
 379      C85344EB 
 379      780447DB 
 379      DF959890 
 379      D4
 380 0bc0 7FFBADEC 		.ascii	"\177\373\255\354\021g\361\244\365\361n\005.ao\000\214"
 380      1167F1A4 
 380      F5F16E05 
 380      2E616F00 
 380      8C
 381 0bd1 FBAB8A1C 		.ascii	"\373\253\212\034=m\033y\320\276\221I\330\265\240\177"
 381      3D6D1B79 
 381      D0BE9149 
 381      D8B5A07F 
 382 0be1 2E5FC136 		.ascii	"._\3016k\204\037\233\014\303\371\274Z{@&\001\014\343"
 382      6B841F9B 
 382      0CC3F9BC 
 382      5A7B4026 
 382      010CE3
 383 0bf4 216CBBC0 		.ascii	"!l\273\300\221\264\032\2127\243\020\274\231\015\374"
 383      91B41A8A 
 383      37A310BC 
 383      990DFC
 384 0c03 21DEEA51 		.ascii	"!\336\352Qh1\016(\005(\026(\001(\031(\011\350\010\320"
 384      68310E28 
 384      05281628 
 384      01281928 
 384      09E808D0 
 385 0c17 31A0C340 		.ascii	"1\240\303@\211@\361b\367u\346y\304\207\032\363\276B"
 385      8940F162 
 385      F775E679 
 385      C4871AF3 
 385      BE42
 386 0c29 6BBC6A22 		.ascii	"k\274j\"\032\315\033\341\226\213\363\302\351\357\263"
 386      1ACD1BE1 
ARM GAS  /tmp/cclK4y9A.s 			page 31


 386      968BF3C2 
 386      E9EFB3
 387 0c38 AD2E7828 		.ascii	"\255.x(D\351V&\037\227K\247\373\354\0070\333\217}\205"
 387      44E95626 
 387      1F974BA7 
 387      FBEC0730 
 387      DB8F7D85 
 388 0c4c 6230AB5E 		.ascii	"b0\253^\011\332\274\207Pk16\315\005\242\241\034\262"
 388      09DABC87 
 388      506B3136 
 388      CD05A2A1 
 388      1CB2
 389 0c5e E30FD116 		.ascii	"\343\017\321\026\305L\225G<\253\216\323\300\201\015"
 389      C54C9547 
 389      3CAB8ED3 
 389      C0810D
 390 0c6d 880998B7 		.ascii	"\210\011\230\267\006.Z\350\357-\332\310\374\015Om(\317"
 390      062E5AE8 
 390      EF2DDAC8 
 390      FC0D4F6D 
 390      28CF
 391 0c7f 4AFF49B9 		.ascii	"J\377I\271E\250\234\370>\203\303\204\241\311D\012\367"
 391      45A89CF8 
 391      3E83C384 
 391      A1C9440A 
 391      F7
 392 0c90 927675A2 		.ascii	"\222vu\242P0\246\003\2149\315\265\2337\016,\267c:\213"
 392      5030A603 
 392      8C39CDB5 
 392      9B370E2C 
 392      B7633A8B 
 393 0ca4 45E56A96 		.ascii	"E\345j\226\035cD\235]\376{\2268o\203\366\253\034ngo"
 393      1D63449D 
 393      5DFE7B96 
 393      386F83F6 
 393      AB1C6E67 
 394 0cb9 886C63E4 		.ascii	"\210lc\344y\260\335\233e\200Or\270\371\271\301<\353"
 394      79B0DD9B 
 394      65804F72 
 394      B8F9B9C1 
 394      3CEB
 395 0ccb 48020B69 		.ascii	"H\002\013i+\305\370\012\013\363\302\234\224GN\236\266"
 395      2BC5F80A 
 395      0BF3C29C 
 395      94474E9E 
 395      B6
 396 0cdc 032E15FF 		.ascii	"\003.\025\377\277\002\216L\242c\263\023jqfJ\223\206"
 396      BF028E4C 
 396      A263B313 
 396      6A71664A 
 396      9386
 397 0cee 0FCD4CE4 		.ascii	"\017\315L\344\000\330\220\212\2521I\026[\226\344\362"
 397      00D8908A 
 397      AA314916 
 397      5B96E4F2 
 398 0cfe 74864D67 		.ascii	"t\206Mg\330\013\343\317%z;$\330\023\014{\202b3\207F"
 398      D80BE3CF 
ARM GAS  /tmp/cclK4y9A.s 			page 32


 398      257A3B24 
 398      D8130C7B 
 398      82623387 
 399 0d13 2F3ADF41 		.ascii	"/:\337A#HN\256\241\323\032$#\377\310\037\226P\311\021"
 399      23484EAE 
 399      A1D31A24 
 399      23FFC81F 
 399      9650C911 
 400 0d27 917342EB 		.ascii	"\221sB\353\302\017\221\037\307\261\003\001\260k\354"
 400      C20F911F 
 400      C7B10301 
 400      B06BEC
 401 0d36 20FC61D7 		.ascii	" \374a\327\344\\\013i\205\252e2L;eE\252\331}\304\357"
 401      E45C0B69 
 401      85AA6532 
 401      4C3B6545 
 401      AAD97DC4 
 402 0d4b 0B4A9800 		.ascii	"\013J\230\000\263\312,\310/\311ysb\011de\261Y\241\314"
 402      B3CA2CC8 
 402      2FC97973 
 402      62096465 
 402      B159A1CC 
 403 0d5f A454F8F1 		.ascii	"\244T\370\361s\262]\260\032s\302m\014\215\356#\243\276"
 403      73B25DB0 
 403      1A73C26D 
 403      0C8DEE23 
 403      A3BE
 404 0d71 18ADF342 		.ascii	"\030\255\363B\257\306\275)\243\361pa\261\354\252\032"
 404      AFC6BD29 
 404      A3F17061 
 404      B1ECAA1A 
 405 0d81 4FB3E0B0 		.ascii	"O\263\340\260\365\266\257\364Z\262\202^\"\011$\013\323"
 405      F5B6AFF4 
 405      5AB2825E 
 405      2209240B 
 405      D3
 406 0d92 8B197DCF 		.ascii	"\213\031}\317\377\311j\235\"\321#]\247*jGV%eP\216$\032"
 406      FFC96A9D 
 406      22D1235D 
 406      A72A6A47 
 406      56256550 
 407 0da9 7285752A 		.ascii	"r\205u*?7\271\332\221\266\001\227P6k\243~4f\011\303"
 407      3F37B9DA 
 407      91B60197 
 407      50366BA3 
 407      7E346609 
 408 0dbe 6AB50596 		.ascii	"j\265\005\226]$Zu\267\260U\351@a_\221\003^fv_\257\013"
 408      5D245A75 
 408      B7B055E9 
 408      40615F91 
 408      035E6676 
 409 0dd5 9B715786 		.ascii	"\233qW\206\223\206\214\215F\0141\375\356f\364\023\210"
 409      93868C8D 
 409      460C31FD 
 409      EE66F413 
 409      88
 410 0de6 E802B0A9 		.ascii	"\350\002\260\251\020+\251M(\037\342<\017\323Uw\361^"
ARM GAS  /tmp/cclK4y9A.s 			page 33


 410      102BA94D 
 410      281FE23C 
 410      0FD35577 
 410      F15E
 411 0df8 FE2377BC 		.ascii	"\376#w\274_\315V\335\264\363\3316\245\213\354H75\347"
 411      5FCD56DD 
 411      B4F3D936 
 411      A58BEC48 
 411      3735E7
 412 0e0b 7463F1BB 		.ascii	"tc\361\273\305b\000\231s\352i\374\272\014\235\302\374"
 412      C5620099 
 412      73EA69FC 
 412      BA0C9DC2 
 412      FC
 413 0e1c E562E885 		.ascii	"\345b\350\205\236H\374\203\014\343\350(T\314QN)\215"
 413      9E48FC83 
 413      0CE3E828 
 413      54CC514E 
 413      298D
 414 0e2e 115031A3 		.ascii	"\021P1\243\177!(t\022\032\340\356\"\3472\224\211\307"
 414      7F212874 
 414      121AE0EE 
 414      22E73294 
 414      89C7
 415 0e40 10CAC077 		.ascii	"\020\312\300w\310\270\236\301? u\377\221\003\013\016"
 415      C8B89EC1 
 415      3F2075FF 
 415      91030B0E 
 416 0e50 B89D591A 		.ascii	"\270\235Y\032YR\231\356B\035E2\034\033\240#K\263\317"
 416      595299EE 
 416      421D4532 
 416      1C1BA023 
 416      4BB3CF
 417 0e63 9426E795 		.ascii	"\224&\347\2252\347\235h>\027\256\264oa9\261\260L\260"
 417      32E79D68 
 417      3E17AEB4 
 417      6F6139B1 
 417      B04CB0
 418 0e76 B025B464 		.ascii	"\260%\264d\\\315-lx\013\352+\360\203QN@\250Dd`\211\245"
 418      5CCD2D6C 
 418      780BEA2B 
 418      F083514E 
 418      40A84464 
 419 0e8d 8115D4C0 		.ascii	"\201\025\324\300\263\227\322n\251\360\0103p\361\326"
 419      B397D26E 
 419      A9F00833 
 419      70F1D6
 420 0e9c C807265B 		.ascii	"\310\007&[\230}\343\027\367_p\025\233B\222\277\331\224"
 420      987DE317 
 420      F75F7015 
 420      9B4292BF 
 420      D994
 421 0eae 73C494B3 		.ascii	"s\304\224\263\202)\347\332\036O8pS\326\0127\300j\221"
 421      8229E7DA 
 421      1E4F3870 
 421      53D60A37 
 421      C06A91
ARM GAS  /tmp/cclK4y9A.s 			page 34


 422 0ec1 07726F12 		.ascii	"\007ro\022\024\252\024\331RiiK\025\265\2456\247\370"
 422      14AA14D9 
 422      5269694B 
 422      15B5A536 
 422      A7F8
 423 0ed3 A91CCFDA 		.ascii	"\251\034\317\332\265\345\346b\307Y7\373n\251!\266T\013"
 423      B5E5E662 
 423      C75937FB 
 423      6EA921B6 
 423      540B
 424 0ee5 B644D5B5 		.ascii	"\266D\325\265\336\221\023[ \335\366\3459\265\207F\305"
 424      DE91135B 
 424      20DDF6E5 
 424      39B58746 
 424      C5
 425 0ef6 18331145 		.ascii	"\0303\021E\241\363\"[\340\234M\267Zj\303\334\362\325"
 425      A1F3225B 
 425      E09C4DB7 
 425      5A6AC3DC 
 425      F2D5
 426 0f08 68375CED 		.ascii	"h7\\\355Jm\030\334_\032k\365^\017\012\013\3114\271\226"
 426      4A6D18DC 
 426      5F1A6BF5 
 426      5E0F0A0B 
 426      C934B996 
 427 0f1c BB946CFD 		.ascii	"\273\224l\375TA6\211\245\270\226\251\342\\\311\373\360"
 427      54413689 
 427      A5B896A9 
 427      E25CC9FB 
 427      F0
 428 0f2d 8B92E954 		.ascii	"\213\222\351T/L\247\264\236\333\323N\264\347\365\246"
 428      2F4CA7B4 
 428      9EDBD34E 
 428      B4E7F5A6 
 429 0f3d 9E2F3D58 		.ascii	"\236/=X^\263\377:\274\201t\374\222\320\361\362\246\234"
 429      5EB3FF3A 
 429      BC8174FC 
 429      92D0F1F2 
 429      A69C
 430 0f4f 7AC43BBE 		.ascii	"z\304;\276^\345t\276f\264{_\334F\212Bu\242\216\327\011"
 430      5EE574BE 
 430      66B47B5F 
 430      DC468A42 
 430      75A28ED7 
 431 0f64 1D6FA41D 		.ascii	"\035o\244\035?\026\236\375\334\031\257\270\332\313$"
 431      3F169EFD 
 431      DC19AFB8 
 431      DACB24
 432 0f73 11A1E161 		.ascii	"\021\241\341a\012S\360^f\201Z\325~\370\251\332\256]"
 432      0A53F05E 
 432      66815AD5 
 432      7EF8A9DA 
 432      AE5D
 433 0f85 2DC4AE66 		.ascii	"-\304\256f\301\256\027\203kg\234\271]\343\375\270\372"
 433      C1AE1783 
 433      6B679CB9 
 433      5DE3FDB8 
ARM GAS  /tmp/cclK4y9A.s 			page 35


 433      FA
 434 0f96 7278FDEF 		.ascii	"rx\375\357)\0065\211\254j"
 434      29063589 
 434      AC6A
 435 0fa0 12AC6AA5 		.ascii	"\022\254j\245VU\335\351\330\203\243\334\330\236\360"
 435      5655DDE9 
 435      D883A3DC 
 435      D89EF0
 436 0faf ADE9C7D6 		.ascii	"\255\351\307\326\233&dG\340\212\304\321\355I\211\363"
 436      9B266447 
 436      E08AC4D1 
 436      ED4989F3 
 437 0fbf 8E389509 		.ascii	"\2168\225\011=\257\356\276\344j%\324\216-\205*\362\322"
 437      3DAFEEBE 
 437      E46A25D4 
 437      8E2D852A 
 437      F2D2
 438 0fd1 8E4B9EA1 		.ascii	"\216K\236\241;$\243sU\030\235\211\262\216V\346\231\253"
 438      3B24A373 
 438      55189D89 
 438      B28E56E6 
 438      99AB
 439 0fe3 A6D1C9B9 		.ascii	"\246\321\311\271\333u\322\376\007\"]\304\013\235\202"
 439      DB75D2FE 
 439      07225DC4 
 439      0B9D82
 440 0ff2 178E3FCE 		.ascii	"\027\216?\316\253S\010^X\301u\215\324\013"
 440      AB53085E 
 440      58C1758D 
 440      D40B
 441 1000 80416D22 		.ascii	"\200Am\"/\264\011^\350\246^xR\326\226\355\206KX\217"
 441      2FB4095E 
 441      E8A65E78 
 441      52D696ED 
 441      864B588F 
 442 1014 1E841E5C 		.ascii	"\036\204\036\\C\324\202yS\026)\2179\272b\177\034\256"
 442      43D48279 
 442      5316298F 
 442      39BA627F 
 442      1CAE
 443 1026 130BAE09 		.ascii	"\023\013\256\011\026\254W6\366\273\010\026T;t2\013\000"
 443      16AC5736 
 443      F6BB0816 
 443      543B7432 
 443      0B00
 444 1038 837A4416 		.ascii	"\203zD\026\364\010\026\334\240\026\344\345\336\036s"
 444      F40816DC 
 444      A016E4E5 
 444      DE1E73
 445 1047 C1F5CC82 		.ascii	"\301\365\314\202\330gw\317\013#9\3607)\306\0069\025"
 445      D86777CF 
 445      0B2339F0 
 445      3729C606 
 445      3915
 446 1059 BF2912BF 		.ascii	"\277)\022\277)\210\367R\361\210\341\2124%\356`\342\015"
 446      2988F752 
 446      F188E18A 
ARM GAS  /tmp/cclK4y9A.s 			page 36


 446      3425EE60 
 446      E20D
 447 106b 2159E755 		.ascii	"!Y\347U\\|y\213I\274O$\336'\210\337bYt\2719V\362\370"
 447      5C7C798B 
 447      49BC4F24 
 447      DE2788DF 
 447      625974B9 
 448 1083 FB40523F 		.ascii	"\373@R?\364\263\372\241\237\326\017\015\317\026.\272"
 448      F4B3FAA1 
 448      9FD60F0D 
 448      CF162EBA 
 449 1093 8AB1B725 		.ascii	"\212\261\267%\330\001\206\035\240\330Cc\247\006$S2M"
 449      D801861D 
 449      A0D84363 
 449      A7062453 
 449      324D
 450 10a5 821D64D8 		.ascii	"\202\035d\330A\212\275\275\2668,\371ZDZ\020\336f\330"
 450      418ABDBD 
 450      B6382CF9 
 450      5A445A10 
 450      DE66D8
 451 10b8 DB149BDE 		.ascii	"\333\024\233\336x\324(\301\222\376\211\236s\031v\210"
 451      78D428C1 
 451      92FE899E 
 451      73197688 
 452 10c8 6207972F 		.ascii	"b\007\227/\207\270\343^\346\232\260\314\362\"';\373"
 452      87B8E35E 
 452      E69AB0CC 
 452      F222273B 
 452      FB
 453 10d9 25C3D8D6 		.ascii	"%\303\330\326~\311\320\314r\276\244\264\032\221\230"
 453      7EC9D0CC 
 453      72BEA4B4 
 453      1A9198
 454 10e8 35CA9A1A 		.ascii	"5\312\232\032\245M\035I\231\330\204\357\261\226\012"
 454      A54D1D49 
 454      99D884EF 
 454      B1960A
 455 10f7 23AFEFC5 		.ascii	"#\257\357\305S\354\374\344\231\336R\007\333o9\306\260"
 455      53ECFCE4 
 455      99DE5207 
 455      DB6F39C6 
 455      B0
 456 1108 8D37FE28 		.ascii	"\2157\376(\371\324j7\306\317\231t\363\241\260\203*\274"
 456      F9D46A37 
 456      C6CF9974 
 456      F3A1B083 
 456      2ABC
 457 111a CE98FEB9 		.ascii	"\316\230\376\271\334*\027\333\252\356\331TU\267P{\331"
 457      DC2A17DB 
 457      AAEED954 
 457      55B7507B 
 457      D9
 458 112b 0D47BBF3 		.ascii	"\015G\273\363\227\223\323w\371\273\263\215I\346O\313"
 458      9793D377 
 458      F9BBB38D 
 458      49E64FCB 
ARM GAS  /tmp/cclK4y9A.s 			page 37


 459 113b 36F24FCB 		.ascii	"6\362O\3132\023\222s\3248\221b\035\023\237LvZ\277\013"
 459      32139273 
 459      D4389162 
 459      1D139F4C 
 459      765ABF0B 
 460 114f 06874DC2 		.ascii	"\006\207M\302J\377\200\324\303dwm\212\327\3033P\347"
 460      4AFF80D4 
 460      C364776D 
 460      8AD7C333 
 460      50E7
 461 1161 3E069A06 		.ascii	">\006\232\006z\004\364D\374\220\325\227\346\020\231"
 461      7A04F444 
 461      FC90D597 
 461      E61099
 462 1170 C577C2C6 		.ascii	"\305w\302\306\261\012\335\301L\360[\336\206/\237\302"
 462      B10ADDC1 
 462      4CF05BDE 
 462      862F9FC2 
 463 1180 C6EC9FA0 		.ascii	"\306\354\237\240\011@\337\265\203\026=\330\010\333\036"
 463      0940DFB5 
 463      83163DD8 
 463      08DB1E
 464 118f C236DB94 		.ascii	"\3026\333\224\335'\025@?d\252\311\206\315}+\325\226"
 464      DD271540 
 464      3F64AAC9 
 464      86CD7D2B 
 464      D596
 465 11a1 0F7CC3C7 		.ascii	"\017|\303\307\370\267\023\304\356\207Vp\363\3435Y\352"
 465      F8B713C4 
 465      EE875670 
 465      F3E33559 
 465      EA
 466 11b2 8B53F678 		.ascii	"\213S\366x\332v\325\330w\273\212\324\002\351\261\271"
 466      DA76D5D8 
 466      77BB8AD4 
 466      02E9B1B9 
 467 11c2 921CF954 		.ascii	"\222\034\371T\322\330,\213\265Y\032k\013\223\035[\304"
 467      D2D82C8B 
 467      B5591A6B 
 467      0B931D5B 
 467      C4
 468 11d3 D02EC90C 		.ascii	"\320.\311\014\230c\3209\012\215{:qT2\013[$\330y\206"
 468      9863D039 
 468      0A8D7B3A 
 468      7154320B 
 468      5B24D879 
 469 11e8 9DA7D8C9 		.ascii	"\235\247\330\311G'\206x\204\034#!qk2\374\244\002\247"
 469      47278678 
 469      841C2321 
 469      716B32FC 
 469      A402A7
 470 11fb B2F0898A 		.ascii	"\262\360\211\212\251Hr\307\331\2149\334<\227\245\306"
 470      A94872C7 
 470      D98C39DC 
 470      3C97A5C6 
 471 120b 658C492D 		.ascii	"e\214I-\034\275\346\216\3173f\240\373\336\214\243\335"
 471      1CBDE68E 
ARM GAS  /tmp/cclK4y9A.s 			page 38


 471      CF3366A0 
 471      FBDE8CA3 
 471      DD
 472 121c 8FED96B0 		.ascii	"\217\355\226\260\344c;EX\323r\246\345\033n\321g!2\264"
 472      E4633B45 
 472      58D372A6 
 472      E51B6ED1 
 472      672132B4 
 473 1230 C2FDB60A 		.ascii	"\302\375\266\012\276z\001\264&\016\255\305e\247\341"
 473      BE7A01B4 
 473      260EADC5 
 473      65A7E1
 474 123f 29FE060C 		.ascii	")\376\006\014\226\322\347\240|\345[\007\264s\210\177"
 474      96D2E7A0 
 474      7CE55B07 
 474      B473887F 
 475 124f C4B18CD9 		.ascii	"\304\261\214\331\373p\033pQd\215l\014\0115\302\023<"
 475      FB701B70 
 475      51648D6C 
 475      0C0935C2 
 475      133C
 476 1261 A98416B9 		.ascii	"\251\204\026\271rV\376Z<EV\246g6\363\315\2448\342\270"
 476      7256FE5A 
 476      3C4556A6 
 476      6736F3CD 
 476      A438E2B8 
 477 1275 B9233193 		.ascii	"\271#1\223\0168q\003\373@-\275p\237;\316d\314\305\251"
 477      0E387103 
 477      FB402DBD 
 477      709F3BCE 
 477      64CCC5A9 
 478 1289 2BA7B0ED 		.ascii	"+\247\260\355)\274Oak\012w\365G\324;\340b&=|\345\342"
 478      29BC4F61 
 478      6B0A77F5 
 478      47D43BE0 
 478      62263D7C 
 479 129f 38FF2EEE 		.ascii	"8\377.\356\000i\247\375\301\352sW\\\305n\246\027g/9"
 479      0069A7FD 
 479      C1EA7357 
 479      5CC56EA6 
 479      17672F39 
 480 12b3 E2C60D92 		.ascii	"\342\306\015\222\267\260\036\374-\354\325\201\204C\356"
 480      B7B01EFC 
 480      2DECD581 
 480      8443EE
 481 12c2 F82ABB19 		.ascii	"\370*\273\031s\367Y\271\003\276\315\230\366\324\356"
 481      73F759B9 
 481      03BECD98 
 481      F6D4EE
 482 12d1 7DFC1BAD 		.ascii	"}\374\033\255VZ3\363\217\355<\370\307v\327\343W\243"
 482      565A33F3 
 482      8FED3CF8 
 482      C776D7E3 
 482      57A3
 483 12e3 307EC4CD 		.ascii	"0~\304\315\257(\311u\305K\234i\311_s\303)\257\320\257"
 483      AF28C975 
 483      C54B9C69 
ARM GAS  /tmp/cclK4y9A.s 			page 39


 483      C95F73C3 
 483      29AFD0AF 
 484 12f7 72327213 		.ascii	"r2r\023\023\224\354\015\036\337A\310\177\203mh\204("
 484      1394EC0D 
 484      1EDF41C8 
 484      7F836D68 
 484      8428
 485 1309 542814FA 		.ascii	"T(\024\372\226\240\370\326\241)\330T\312\366\246\310"
 485      96A0F8D6 
 485      A129D854 
 485      CAF6A6C8 
 486 1319 476F0739 		.ascii	"Go\0079\336\326^\031\337\214)\020\357e\305Z\341-\367"
 486      DED65E19 
 486      DF8C2910 
 486      EF65C55A 
 486      E12DF7
 487 132c BED6F244 		.ascii	"\276\326\362D\346\354\267m\216\375\235\270\030.@\006"
 487      E6ECB76D 
 487      8EFD9DB8 
 487      182E4006 
 488 133c 275EB115 		.ascii	"'^\261\025\035\002\212\003:\254\020\246\357\345\361"
 488      1D028A03 
 488      3AAC10A6 
 488      EFE5F1
 489 134b E230377C 		.ascii	"\34207|\372\025\366:\353\321\3451g;\373e\211\337\251"
 489      FA15F63A 
 489      EBD1E531 
 489      673BFB65 
 489      89DFA9
 490 135e AA79AD39 		.ascii	"\252y\2559S\201{\230\252\210\325\027\207\340\021\202"
 490      53817B98 
 490      AA88D517 
 490      87E01182 
 491 136e 310F0FB7 		.ascii	"1\017\017\267W\273\342)\306$L\037\372/\274\310\3163"
 491      57BBE229 
 491      C6244C1F 
 491      FA2FBCC8 
 491      CE33
 492 1380 AF47D6AB 		.ascii	"\257G\326\253\354\244\237d\305\313\244\237{\207\247"
 492      ECA49F64 
 492      C5CBA49F 
 492      7B87A7
 493 138f 1F3AE118 		.ascii	"\037:\341\030\0176\275\327\263o8\343\004\306\\8\023"
 493      0F36BDD7 
 493      B36F38E3 
 493      04C65C38 
 493      13
 494 13a0 1FEB8293 		.ascii	"\037\353\202\223\030\023\033\027z\335zO\37584\221\256"
 494      18131B17 
 494      7ADD7A4F 
 494      FD383491 
 494      AE
 495 13b1 10577CF9 		.ascii	"\020W|\371\011\035]\246\267+a\366q\315G:.K\212\217\023"
 495      091D5DA6 
 495      B72B61F6 
 495      71CD473A 
 495      2E4B8A8F 
ARM GAS  /tmp/cclK4y9A.s 			page 40


 496 13c6 9261C950 		.ascii	"\222a\311P\360\312p\177\357H8\377\2229\217\304sJvo4"
 496      F0CA707F 
 496      EF4838FF 
 496      92398FC4 
 496      734A766F 
 497 13db FF8AB85E 		.ascii	"\377\212\270^\225\2047\\_}1\217\021\337a\364\224n5\316"
 497      9584375C 
 497      5F7D318F 
 497      11DF61F4 
 497      946E35CE 
 498 13ef 7438B29D 		.ascii	"t8\262\235\270#\012\266\023W\240\020\357\304YnNMtl\310"
 498      B8230AB6 
 498      1357A010 
 498      EFC4596E 
 498      4E4D746C 
 499 1404 A191028D 		.ascii	"\241\221\002\215\2434\005\203\333M\022\240\234-?\244"
 499      A3340583 
 499      DB4D12A0 
 499      9C2D3FA4 
 500 1414 704FB242 		.ascii	"pO\262BK\367\355\310\2322(\212C\243\025~\035[\340\233"
 500      4BF7EDC8 
 500      9A32288A 
 500      43A3157E 
 500      1D5BE09B 
 501 1428 BB44FB76 		.ascii	"\273D\373v\221V\370\010\205\3056b\277H}\270\025<L\014"
 501      9156F808 
 501      85C53662 
 501      BF487DB8 
 501      153C4C0C 
 502 143c 27AF243A 		.ascii	"'\257$:-w\021\011\336\274\213\030\245\2609/N*6\243L"
 502      2D771109 
 502      DEBC8B18 
 502      A5B0392F 
 502      4E2A36A3 
 503 1451 B845BFA7 		.ascii	"\270E\277\247)\340\301\234\015A\\\004T\006\224\003t"
 503      29E0C19C 
 503      0D415C04 
 503      54069403 
 503      74
 504 1462 06280BA8 		.ascii	"\006(\013\250\004(\037\350\024P)P\036\320i\240B\240"
 504      04281FE8 
 504      14502950 
 504      1ED069A0 
 504      42A0
 505 1474 5CA06285 		.ascii	"\\\240b\205(\245\367\016Xd\015[\356\261\341}\262M\231"
 505      28A5F70E 
 505      58640D5B 
 505      EEB1E17D 
 505      B24D99
 506 1487 6A7BAC44 		.ascii	"j{\254D\373\210\303#*\266\221H2\371\002fp\363b\363\314"
 506      FB88C323 
 506      2AB69148 
 506      32F90266 
 506      70F362F3 
 507 149c 527BBF45 		.ascii	"R{\277E\316\260\345L\321X\231\254!\333\232G\255\360"
 507      CEB0E54C 
 507      D15899AC 
ARM GAS  /tmp/cclK4y9A.s 			page 41


 507      21DB9A47 
 507      ADF0
 508 14ae 961F2C0C 		.ascii	"\226\037,\014_\025\355'/#Kx\264\345\320\336\022Ys\300"
 508      5F15ED27 
 508      2F234B78 
 508      B4E5D0DE 
 508      125973C0 
 509 14c2 4E248877 		.ascii	"N$\210w\210i\330\2035)\200;\306\361BV\260X\300j\023"
 509      8869D883 
 509      3529803B 
 509      C6F14256 
 509      B058C06A 
 510 14d7 665A2575 		.ascii	"fZ%u\275Tw9\235\206\344\000\330\225\246\3302I\241\322"
 510      BD547739 
 510      9D86E400 
 510      D895A6D8 
 510      3249A1D2 
 511 14eb 20A9282A 		.ascii	" \251(*\030\266\202b\247\342\347\302%z\245\037\032T"
 511      18B68262 
 511      A7E2E7C2 
 511      257AA51F 
 511      1A54
 512 14fd 326C25C5 		.ascii	"2l%\305f\334M</I\0055\022\275g\031\366,\305\266vNf`"
 512      66DC4D3C 
 512      2F490535 
 512      12BD6719 
 512      F62CC5B6 
 513 1515 7C9AE5A4 		.ascii	"|\232\345\244\270\234\330\277\265JI\344\375i\225$\325"
 513      B89CD8BF 
 513      B54A49E4 
 513      FD699524 
 513      D5
 514 1526 54CF15AF 		.ascii	"T\317\025\257)\255p\244\360\227\342\236\336/\034\222"
 514      29AD70A4 
 514      F097E29E 
 514      DE2F1C92 
 515 1536 7C00745E 		.ascii	"|\000t^\342\213j!%\315\227-\326\262gv\270\304\037\025"
 515      E28B6A21 
 515      25CD972D 
 515      D6B26776 
 515      B8C41F15 
 516 154a B3FA6ABF 		.ascii	"\263\372j\277\262\373\244X\253\200'\305\032\005\177"
 516      B2FBA458 
 516      AB8027C5 
 516      1A057F
 517 1559 522C2B1D 		.ascii	"R,+\035\\p\204\007\265\372QZ#\217\354\217\206Bf\237"
 517      5C708407 
 517      B5FA515A 
 517      238FEC8F 
 517      8642669F 
 518 156d F15F3E21 		.ascii	"\361_>!8tNa~^\203s\351\206\016<\343\312\224\337\004"
 518      38744E61 
 518      7E5E8373 
 518      E9860E3C 
 518      E3CA94DF 
 519 1582 047DA9F7 		.ascii	"\004}\251\367\323\005*\275\265\276\276\333\264\336_"
 519      D3052ABD 
ARM GAS  /tmp/cclK4y9A.s 			page 42


 519      B5BEBEDB 
 519      B4DE5F
 520 1591 FFC26B67 		.ascii	"\377\302kg\200\237\316k\227\336\340\365\341\027\037"
 520      809FCE6B 
 520      97DEE0F5 
 520      E1171F
 521 15a0 7B7DF899 		.ascii	"{}\370\231\376\363\200\267?\334\265+\310\313O\357\343"
 521      FEF380B7 
 521      3FDCB52B 
 521      C8CB4FEF 
 521      E3
 522 15b1 E3ABFBB3 		.ascii	"\343\253\373\2636P\347\025\374\371\227^A\201\336^\301"
 522      3650E715 
 522      FCF9975E 
 522      4181DE5E 
 522      C1
 523 15c2 81068D21 		.ascii	"\201\006\215!`\227\336\373\035o\345\277\375\307\037"
 523      6097DEFB 
 523      1D6FE5BF 
 523      FDC71F
 524 15d1 DEFCE883 		.ascii	"\336\374\350\203\017d\257\222\213\\\353G\\\251\306\340"
 524      0F64AF92 
 524      8B5CEB47 
 524      5CA9C6E0 
 525 15e1 6020FC06 		.ascii	"` \374\006\357\235\232\335\372@C\260\326WC/\270K8\215"
 525      EF9D9ADD 
 525      FA4043B0 
 525      D657432F 
 525      B84B388D 
 526 15f5 41B9DBB0 		.ascii	"A\271\333\260=\330\337\033N\364\376\006]\340n\255\257"
 526      3DD8DF1B 
 526      4EF4FE06 
 526      5DE06EAD 
 526      AF
 527 1606 87362048 		.ascii	"\2076 H\343\033\340\277C\270\2401\270\030\002\365;v"
 527      E31BE0BF 
 527      43B8A031 
 527      B81802F5 
 527      3B76
 528 1618 E802898C 		.ascii	"\350\002\211\214+\271MN\202\014Z\277]\012r\246\014\006"
 528      2BB94D4E 
 528      820C5ABF 
 528      5D0A72A6 
 528      0C06
 529 162a E8CFDFD3 		.ascii	"\350\317\337\323\030\276\377\316;^\360\337;\000,\326"
 529      18BEFFCE 
 529      3B5EF0DF 
 529      3B002CD6 
 530 163a FB7B7B09 		.ascii	"\373{{\011\320wv\312\334%b\032\203|\267\001\357\322"
 530      D07776CA 
 530      DC25621A 
 530      837CB701 
 530      EFD2
 531 164c 062A48E3 		.ascii	"\006*H\343\016>\276\372 \203bW\240n\267+\330\353\243"
 531      0E3EBEFA 
 531      20836257 
 531      A06EB72B 
ARM GAS  /tmp/cclK4y9A.s 			page 43


 531      D8EBA3
 532 165f F3356835 		.ascii	"\3635h5\344\222\273\204\323\030\024\376\272=\006\007"
 532      E492BB84 
 532      D31814FE 
 532      BA3D0607 
 533 166f 7AC53568 		.ascii	"z\3055ho\220\331\300\267Y\303_\353\002\375u\276^\037"
 533      6F90D9C0 
 533      B759C35F 
 533      EB02FD75 
 533      BE5E1F
 534 1682 EDD46FD3 		.ascii	"\355\324o\323\377\356\013\257\200 \257@\0031\3047\330"
 534      FFEE0BAF 
 534      8020AF40 
 534      0331C437 
 534      D8
 535 1693 47E7E5BD 		.ascii	"G\347\345\275\223(\011\002[\034\003u\276\001Z\037\257"
 535      93280902 
 535      5B1C0375 
 535      BE015A1F 
 535      AF
 536 16a4 97120AD8 		.ascii	"\227\022\012\330\366\337:o*\346,t!\320\311{\033\330"
 536      F6DF3A6F 
 536      2AE62C74 
 536      21D0C97B 
 536      1BD8
 537 16b6 AEF5DB6C 		.ascii	"\256\365\333l\247\277\201\200v11\340[\216\017z\367e"
 537      A7BF8180 
 537      763131E0 
 537      5B8E0F7A 
 537      F765
 538 16c8 C65A0BBC 		.ascii	"\306Z\013\274\006\3064 H\353\013\212\\E\303\2531\270"
 538      06C63420 
 538      48EB0B8A 
 538      5C45C3AB 
 538      31B8
 539 16da ED0C347C 		.ascii	"\355\0144|\021\274-\310;P\277M\027\030\364\012\271\011"
 539      11BC2DC8 
 539      3B50BF4D 
 539      1718F40A 
 539      B909
 540 16ec 97824C97 		.ascii	"\227\202L\227\334\300\305A\332\035\272\217\002\202\211"
 540      DCC0C541 
 540      DA1DBA8F 
 540      028289
 541 16fb 7BDC0980 		.ascii	"{\334\011\200_\322\373h\014\256\276Z\003\214\301g\354"
 541      5FD2FB68 
 541      0CAEBE5A 
 541      038CC167 
 541      EC
 542 170c 8A8BE8AE 		.ascii	"\212\213\350\256\253\350\\c\330\340\247\365\367\321"
 542      ABE85C63 
 542      D8E0A7F5 
 542      F7D1
 543 171a 1A0202F7 		.ascii	"\032\002\002\367r\250\247\177\260\337'\201\206\217\002"
 543      72A8A77F 
 543      B0DF2781 
 543      868F02
ARM GAS  /tmp/cclK4y9A.s 			page 44


 544 1729 FC8382C1 		.ascii	"\374\203\202\301\222\240Ou\333\015\216A\372\277\000"
 544      92A04F75 
 544      DB0D8E41 
 544      FABF00
 545 1738 56410E4E 		.ascii	"VA\016N\273\264{\211W\325fsa\224\365>\316\273\002\003"
 545      BBB47B89 
 545      57D56673 
 545      6194F53E 
 545      CEBB0203 
 546 174c B6EB7DF5 		.ascii	"\266\353}\365\376;\324\301\0068\376Ek\320\203\216\327"
 546      FE3BD4C1 
 546      0638FE45 
 546      6BD0838E 
 546      D7
 547 175d 08CC74CB 		.ascii	"\010\314t\313\233\031\2531|Ol\204\3516\030\242\335\000"
 547      9B19AB31 
 547      7C4F6C84 
 547      E93618A2 
 547      DD00
 548 176f ED4B1AFF 		.ascii	"\355K\032\377\345\313\316\03322\"\265\340\322\315v["
 548      E5CBCE1B 
 548      323222B5 
 548      E0D2CD76 
 548      5B
 549 1780 8158076F 		.ascii	"\201X\007o~\256\363\325i\203t>\036\336\001\376>zb\257"
 549      7EAEF3D5 
 549      6983743E 
 549      1EDE01FE 
 549      3E7A62AF 
 550 1794 66B73650 		.ascii	"f\2676P\257\335\346\253s\370&X\027\254SB`\322\023\225"
 550      AFDDE6AB 
 550      73F82658 
 550      17AC5342 
 550      60D21395 
 551 17a8 70A231FC 		.ascii	"p\2421\374\370\245\302\211h$\323\201y\011:\344\003\232"
 551      F8A5C289 
 551      6824D381 
 551      79093AE4 
 551      039A
 552 17ba 35865798 		.ascii	"5\206W\230wE#\353\254\333m\370\" 8\320[\247\326\355"
 552      774523EB 
 552      ACDB6DF8 
 552      222038D0 
 552      5BA7D6ED 
 553 17ce D6F9     		.ascii	"\326\371"
 554 17d0 1B344194 		.ascii	"\0334A\224qc\014\011e\235?\314o)\2531\274\363RVP)\022"
 554      71630C09 
 554      659D3FCC 
 554      6F29AB31 
 554      BCF35256 
 555 17e7 D39ECC8E 		.ascii	"\323\236\314\216\217\011\317Z\203\341\364\015\360\376"
 555      8F09CF5A 
 555      83E1F40D 
 555      F0FE
 556 17f5 DA21E0CF 		.ascii	"\332!\340\317\240\317\031\272g\330\031\250\323\372("
 556      A0CF19BA 
 556      67D819A8 
ARM GAS  /tmp/cclK4y9A.s 			page 45


 556      D3FA28
 557 1804 D981C4F2 		.ascii	"\331\201\304\362N\215_\260A\267\307\211\376\325\030"
 557      4E8D5FB0 
 557      41B7C789 
 557      FED518
 558 1813 FEE1A55A 		.ascii	"\376\341\245Z\3643\3541\307\362gL\322\325\224\315Hd"
 558      F433EC31 
 558      C7F2674C 
 558      D2D594CD 
 558      4864
 559 1825 3A9BB88D 		.ascii	":\233\270\215\340\014\036uA\277\321\007yk\003}t>\342"
 559      E00C1E75 
 559      41BFD107 
 559      796B037D 
 559      743EE2
 560 1838 8BBF0FDE 		.ascii	"\213\277\017\336\006=\336\251\363y\335$#\035F7\000\213"
 560      063DDEA9 
 560      F379DD24 
 560      231D4637 
 560      008B
 561 184a 7CF9FE5F 		.ascii	"|\371\376_\033*,\305\356\224}\317\216~\010\023\363\035"
 561      1B2A2CC5 
 561      EE947DCF 
 561      8E7E0813 
 561      F31D
 562 185c 83FC3D99 		.ascii	"\203\374=\231R\033\350\267\373\027o\373\311T\220\014"
 562      521BE8B7 
 562      FB176FFB 
 562      C954900C 
 563 186c A0736FFB 		.ascii	"\240so\373\275+#3\341K\202\370\255\277\336\240\"x\310"
 563      BD2B2333 
 563      E14B82F8 
 563      ADBFDEA0 
 563      2278C8
 564 187f 7D86E020 		.ascii	"}\206\340 \265\371Tcxi\323,\262?\0359\252\375C\037\037"
 564      B5F95463 
 564      7869D32C 
 564      B23F1D39 
 564      AAFD431F 
 565 1894 C12F1EC2 		.ascii	"\301/\036\302\265\177\015\336\276]\027\370\005LK\022"
 565      B57F0DDE 
 565      BE5D17F8 
 565      054C4B12 
 566 18a4 681F417E 		.ascii	"h\037A~\002\024\275\363\322\253\215\340\012\222\334"
 566      0214BDF3 
 566      D2AB8DE0 
 566      0A92DC
 567 18b3 C013B433 		.ascii	"\300\023\2643$\005\221\316\274T\032#J\330p\3234\346"
 567      240591CE 
 567      BC541A23 
 567      4AD870D3 
 567      34E6
 568 18c5 06E7DC4E 		.ascii	"\006\347\334N\242\002\026&\022\374\277\243\331\225\\"
 568      A2021626 
 568      12FCBFA3 
 568      D9955C
 569 18d4 D8683DD7 		.ascii	"\330h=\3274d\001\370\314\260\307\014r\241\374\037\374"
ARM GAS  /tmp/cclK4y9A.s 			page 46


 569      346401F8 
 569      CCB0C70C 
 569      72A1FC1F 
 569      FC
 570 18e5 49843AD3 		.ascii	"I\204:\323\363O\341\314M<A`\345\333\356\253\335\021"
 570      F34FE1CC 
 570      4D3C4160 
 570      E5DBEEAB 
 570      DD11
 571 18f7 C4660D3D 		.ascii	"\304f\015=\325\030\034Y\300\273\320\203\2376\010\326"
 571      D5181C59 
 571      C0BBD083 
 571      9F3608D6 
 572 1907 47A53067 		.ascii	"G\2450g\034\377LA\312@\235w\300n]\340^\327\335\372\000"
 572      1CFF4C41 
 572      CA409D77 
 572      C06E5DE0 
 572      5ED7DDFA 
 573 191c 5F9AA43E 		.ascii	"_\232\244>\012\360\3219\262\304\275\305*\317j\004\274"
 573      0AF0D139 
 573      B2C4BDC5 
 573      2ACF6A04 
 573      BC
 574 192d 66FBAFFF 		.ascii	"f\373\257\377Z\237\232\265\020\317\352\366\354\202\356"
 574      5A9F9AB5 
 574      10CFEAF6 
 574      EC82EE
 575 193c E97C3E87 		.ascii	"\351|>\207\314L\303\012\0268\355^\215A\345\247\335\363"
 575      CC4CC30A 
 575      1638ED5E 
 575      8D41E5A7 
 575      DDF3
 576 194e 295CF3F7 		.ascii	")\\\363\367\336\253\362\323\373\363Sg\270\372\357z\003"
 576      DEABF2D3 
 576      FBF35367 
 576      B8FAEF7A 
 576      03
 577 195f 644B371F 		.ascii	"dK7\037\230\220\020\221\272\337m\337\036\2443\270\013"
 577      98901091 
 577      BADF6DDF 
 577      1EA433B8 
 577      0B
 578 1970 9505F7B2 		.ascii	"\225\005\367\262\032R%\223\321\353\202\336$z\267AN\023"
 578      1A522593 
 578      D1EB82DE 
 578      247AB741 
 578      4E13
 579 1982 754012D1 		.ascii	"u@\022\321\236\242\351\365\271\316[\247\337\255\363"
 579      9EA2E9F5 
 579      B9CE5BA7 
 579      DFADF3
 580 1991 F9C17709 		.ascii	"\371\301w\011\321\345\304\264\230\374\3667.\"\016|m"
 580      D1E5C4B4 
 580      98FCF637 
 580      2E220E7C 
 580      6D
 581 19a2 F894BBF8 		.ascii	"\370\224\273\370UQ\226\371\324\224\252\034h(\343\335"
ARM GAS  /tmp/cclK4y9A.s 			page 47


 581      555196F9 
 581      D494AA1C 
 581      6828E3DD 
 582 19b2 7E86D76C 		.ascii	"~\206\327l4\364\307\317\276\204\321\377x\267\301<\372"
 582      34F4C7CF 
 582      BE84D1FF 
 582      78B7C13C 
 582      FA
 583 19c3 FF070328 		.ascii	"\377\007\003(\344\002"
 583      E402
 584              		.text
 585              		.section	.gnu.lto_.symtab.e08452d6b35efa89,"e",%progbits
 586 0000 75727454 		.ascii	"urtTopicInit\000"
 586      6F706963 
 586      496E6974 
 586      00
 587 000d 00       		.ascii	"\000"
 588 000e 00       		.ascii	"\000"
 589 000f 00       		.ascii	"\000"
 590 0010 00000000 		.ascii	"\000\000\000\000\000\000\000\000"
 590      00000000 
 591 0018 AF010000 		.ascii	"\257\001\000\000"
 592 001c 75727454 		.ascii	"urtTopicAddMessages\000"
 592      6F706963 
 592      4164644D 
 592      65737361 
 592      67657300 
 593 0030 00       		.ascii	"\000"
 594 0031 00       		.ascii	"\000"
 595 0032 00       		.ascii	"\000"
 596 0033 00000000 		.ascii	"\000\000\000\000\000\000\000\000"
 596      00000000 
 597 003b B4010000 		.ascii	"\264\001\000\000"
 598 003f 75727454 		.ascii	"urtTopicBufferSize\000"
 598      6F706963 
 598      42756666 
 598      65725369 
 598      7A6500
 599 0052 00       		.ascii	"\000"
 600 0053 00       		.ascii	"\000"
 601 0054 00       		.ascii	"\000"
 602 0055 00000000 		.ascii	"\000\000\000\000\000\000\000\000"
 602      00000000 
 603 005d B8010000 		.ascii	"\270\001\000\000"
 604 0061 75727443 		.ascii	"urtCoreAddTopic\000"
 604      6F726541 
 604      6464546F 
 604      70696300 
 605 0071 00       		.ascii	"\000"
 606 0072 02       		.ascii	"\002"
 607 0073 00       		.ascii	"\000"
 608 0074 00000000 		.ascii	"\000\000\000\000\000\000\000\000"
 608      00000000 
 609 007c BC010000 		.ascii	"\274\001\000\000"
 610 0080 75727454 		.ascii	"urtTimerInit\000"
 610      696D6572 
 610      496E6974 
ARM GAS  /tmp/cclK4y9A.s 			page 48


 610      00
 611 008d 00       		.ascii	"\000"
 612 008e 02       		.ascii	"\002"
 613 008f 00       		.ascii	"\000"
 614 0090 00000000 		.ascii	"\000\000\000\000\000\000\000\000"
 614      00000000 
 615 0098 C3010000 		.ascii	"\303\001\000\000"
 616 009c 7572744D 		.ascii	"urtMessageInit\000"
 616      65737361 
 616      6765496E 
 616      697400
 617 00ab 00       		.ascii	"\000"
 618 00ac 02       		.ascii	"\002"
 619 00ad 00       		.ascii	"\000"
 620 00ae 00000000 		.ascii	"\000\000\000\000\000\000\000\000"
 620      00000000 
 621 00b6 C8010000 		.ascii	"\310\001\000\000"
 622 00ba 6368436F 		.ascii	"chCondObjectInit\000"
 622      6E644F62 
 622      6A656374 
 622      496E6974 
 622      00
 623 00cb 00       		.ascii	"\000"
 624 00cc 02       		.ascii	"\002"
 625 00cd 00       		.ascii	"\000"
 626 00ce 00000000 		.ascii	"\000\000\000\000\000\000\000\000"
 626      00000000 
 627 00d6 D0010000 		.ascii	"\320\001\000\000"
 628 00da 63684D74 		.ascii	"chMtxObjectInit\000"
 628      784F626A 
 628      65637449 
 628      6E697400 
 629 00ea 00       		.ascii	"\000"
 630 00eb 02       		.ascii	"\002"
 631 00ec 00       		.ascii	"\000"
 632 00ed 00000000 		.ascii	"\000\000\000\000\000\000\000\000"
 632      00000000 
 633 00f5 D4010000 		.ascii	"\324\001\000\000"
 634 00f9 63684D74 		.ascii	"chMtxUnlock\000"
 634      78556E6C 
 634      6F636B00 
 635 0105 00       		.ascii	"\000"
 636 0106 02       		.ascii	"\002"
 637 0107 00       		.ascii	"\000"
 638 0108 00000000 		.ascii	"\000\000\000\000\000\000\000\000"
 638      00000000 
 639 0110 D6010000 		.ascii	"\326\001\000\000"
 640 0114 63684D74 		.ascii	"chMtxLock\000"
 640      784C6F63 
 640      6B00
 641 011e 00       		.ascii	"\000"
 642 011f 02       		.ascii	"\002"
 643 0120 00       		.ascii	"\000"
 644 0121 00000000 		.ascii	"\000\000\000\000\000\000\000\000"
 644      00000000 
 645 0129 D8010000 		.ascii	"\330\001\000\000"
 646              		.text
ARM GAS  /tmp/cclK4y9A.s 			page 49


 647              		.section	.gnu.lto_.opts,"e",%progbits
 648 0000 272D666E 		.ascii	"'-fno-openmp' '-fno-openacc' '-fno-pie' '-mcpu=cort"
 648      6F2D6F70 
 648      656E6D70 
 648      2720272D 
 648      666E6F2D 
 649 0033 65782D6D 		.ascii	"ex-m3' '-mthumb' '-mfloat-abi=soft' '-march=armv7-m"
 649      33272027 
 649      2D6D7468 
 649      756D6227 
 649      20272D6D 
 650 0066 2720272D 		.ascii	"' '-O2' '-fstack-usage' '-ffunction-sections' '-fda"
 650      4F322720 
 650      272D6673 
 650      7461636B 
 650      2D757361 
 651 0099 74612D73 		.ascii	"ta-sections' '-fno-common' '-flto' '-fshort-enums'\000"
 651      65637469 
 651      6F6E7327 
 651      20272D66 
 651      6E6F2D63 
 652              		.text
 653              		.comm	__gnu_lto_v1,1,1
 654              		.comm	__gnu_lto_slim,1,1
 655              		.ident	"GCC: (GNU Arm Embedded Toolchain 9-2020-q2-update) 9.3.1 20200408 (release)"
ARM GAS  /tmp/cclK4y9A.s 			page 50


DEFINED SYMBOLS
                            *ABS*:0000000000000000 urt_topic.c
                            *COM*:0000000000000001 __gnu_lto_v1
                            *COM*:0000000000000001 __gnu_lto_slim

NO UNDEFINED SYMBOLS
