ARM GAS  /tmp/ccsSY1Hh.s 			page 1


   1              		.cpu cortex-m3
   2              		.eabi_attribute 20, 1
   3              		.eabi_attribute 21, 1
   4              		.eabi_attribute 23, 3
   5              		.eabi_attribute 24, 1
   6              		.eabi_attribute 25, 1
   7              		.eabi_attribute 26, 1
   8              		.eabi_attribute 30, 2
   9              		.eabi_attribute 34, 1
  10              		.eabi_attribute 18, 4
  11              		.file	"urt_message.c"
  12              		.section	.gnu.lto_.profile.e65e61942449ea24,"e",%progbits
  13 0000 789CE360 		.ascii	"x\234\343``\004B \000\000\000]\000\013"
  13      60044220 
  13      0000005D 
  13      000B
  14              		.text
  15              		.section	.gnu.lto_.icf.e65e61942449ea24,"e",%progbits
  16 0000 789CE360 		.ascii	"x\234\343``d\340`@\000F\206\353W\232W\3632\000\000\016"
  16      6064E060 
  16      40004686 
  16      EB579A57 
  16      F3320000 
  17 0015 EB02F9   		.ascii	"\353\002\371"
  18              		.text
  19              		.section	.gnu.lto_.jmpfuncs.e65e61942449ea24,"e",%progbits
  20 0000 789CE360 		.ascii	"x\234\343``d\340g@\000F\006&FF\346\372\371\314\014@"
  20      6064E067 
  20      40004606 
  20      264646E6 
  20      FAF9CC0C 
  21 0015 CCC80000 		.ascii	"\314\310\000\000\021\255\002d"
  21      11AD0264 
  22              		.text
  23              		.section	.gnu.lto_.inline.e65e61942449ea24,"e",%progbits
  24 0000 789CE360 		.ascii	"x\234\343``dPe@\000F\006\006\336\006 `Ncd`\342\0022"
  24      60645065 
  24      40004606 
  24      06DE0620 
  24      604E6364 
  25 0018 0E30A532 		.ascii	"\0160\24520\010\200\030\314\251L\014L`E\000\256w\010"
  25      30088018 
  25      CCA94C0C 
  25      4C604500 
  25      AE7708
  26 002b 16       		.ascii	"\026"
  27              		.text
  28              		.section	.gnu.lto_.pureconst.e65e61942449ea24,"e",%progbits
  29 0000 789CE360 		.ascii	"x\234\343``d`a`\000\222\263X\000\001\322\000\255"
  29      60646061 
  29      600092B3 
  29      580001D2 
  29      00AD
  30              		.text
  31              		.section	.gnu.lto_urtMessageInit.e65e61942449ea24,"e",%progbits
  32 0000 789C9D93 		.ascii	"x\234\235\223MHTQ\030\206\277\367\236\353\235q~\012"
  32      4D485451 
ARM GAS  /tmp/ccsSY1Hh.s 			page 2


  32      1886BFF7 
  32      9EEB9D71 
  32      7E0A
  33 0012 6A2348E0 		.ascii	"j#H\340\"\020\027ug\035\004\271\260Um\254}\014:\224"
  33      22101775 
  33      671D04B9 
  33      B0556DAC 
  33      7D0C3A94 
  34 0026 A138384A 		.ascii	"\24188J\264\362\314H\271\260lS9Z\3035\324\022\202L\010"
  34      B4F2CC48 
  34      B9B06C53 
  34      395AC335 
  34      D412824C 
  35 003b E9C7EA66 		.ascii	"\351\307\352f?\346\224ef?\212)dH\005&\004E+\353;gFM"
  35      3FE69465 
  35      663F8A29 
  35      64480526 
  35      04452BEB 
  36 0053 0C492F5C 		.ascii	"\014I/\\8\337=\347{\336\367\375\016\327K\240\260I\264"
  36      38DF3DE7 
  36      7BDEF7FD 
  36      0ED74BA0 
  36      B049B4
  37 0066 8F88B6F1 		.ascii	"\217\210\266\361\013A0\244\224{<q\257\001\350\225\364"
  37      0B4130A4 
  37      947B3C71 
  37      AF01E895 
  37      F4
  38 0077 82EA0DD4 		.ascii	"\202\352\015\324\343\214h\021\030h\234\275e\024]\341"
  38      E38C6811 
  38      18689CBD 
  38      65145DE1 
  39 0087 1DE9B69C 		.ascii	"\035\351\266\234\267N\312\023y\216 j\3457\363\3406\212"
  39      B74ECA13 
  39      798E206A 
  39      E537F3E0 
  39      368A
  40 0099 F8DC5422 		.ascii	"\370\334T\"\365+\320,\034\001\230\\\236M\337\030\362"
  40      F52BD02C 
  40      1C01985C 
  40      9E4DDF18 
  40      F2
  41 00aa A9D24001 		.ascii	"\251\322@\001\227\223\303\351\026\277\330\015\342u\372"
  41      9793C3E9 
  41      16BFD80D 
  41      E275FA
  42 00b9 C7DCDEC2 		.ascii	"\307\334\336\302.)\023\322\375\324)\344vG\010\334\205"
  42      2E2913D2 
  42      FDD429E4 
  42      764708DC 
  42      85
  43 00ca 6022FA91 		.ascii	"`\"\372\221\217;\310'\342oL\276\207B>\337\3773\331\275"
  43      8F3BC827 
  43      E26F4CBE 
  43      87423EDF 
  43      FF33D9BD 
  44 00de 5994E8DE 		.ascii	"Y\224\350\336\370\207\201\0213\333<yY7\233\270\277\252"
ARM GAS  /tmp/ccsSY1Hh.s 			page 3


  44      F8878111 
  44      33DB3C79 
  44      59379BB8 
  44      BFAA
  45 00f0 9913C245 		.ascii	"\231\023\302E!\251\226\217\275\013\347\202\226\231u"
  45      21A9968F 
  45      BD0BE782 
  45      969975
  46 00ff 8C07B078 		.ascii	"\214\007\260x\006D=\2439\256\\\370\335(\335\331\274"
  46      06443DA3 
  46      39AE5CF8 
  46      DD28DDD9 
  46      BC
  47 0110 4BBDC100 		.ascii	"K\275\301\000\247g9\013\231\276&A*\261\011\351\022\235"
  47      A767390B 
  47      99BE2641 
  47      2AB109E9 
  47      129D
  48 0122 1246A688 		.ascii	"\022F\246\210s\361\025\211\357\237\223\035>\005bzs\303"
  48      73F11589 
  48      EF9F931D 
  48      3E05627A 
  48      73C3
  49 0134 FC9457E5 		.ascii	"\374\224W\345\024\332\237;q}|S\027:\342|\276\375(;\311"
  49      14DA9F3B 
  49      717D7C53 
  49      173AE27C 
  49      BEFD283B 
  50 0149 49F10406 		.ascii	"I\361\004\006\224+\345\336\231\276i\205\256)X\201#,"
  50      942BE5DE 
  50      99BE6985 
  50      AE295881 
  50      232C
  51 015b 3C441792 		.ascii	"<D\027\222\031[\217\020\372\233f\201\360\230\273\264"
  51      195B8F10 
  51      FA9B6681 
  51      F098BBB4 
  52 016b 5AEB8C27 		.ascii	"Z\353\214'\253\266\036\274\007O4^\205\305\240\306\017"
  52      ABB61EBC 
  52      074F345E 
  52      85C5A0C6 
  52      0F
  53 017c CECF8D41 		.ascii	"\316\317\215A\341\371\206\361t\021\337V\366\017z\301"
  53      E1F986F1 
  53      7411DF56 
  53      F60F7AC1 
  54 018c 9AEC5C0C 		.ascii	"\232\354\\\014i\266Az\263o\254'\235\273\264\351C\032"
  54      69B6417A 
  54      B36FAC27 
  54      9DBBB4E9 
  54      431A
  55 019e A1A4BA40 		.ascii	"\241\244\272@\302\263\225\261|\254\373<\243\333\366"
  55      C2B395B1 
  55      7CACFB3C 
  55      A3DBF6
  56 01ad E54283FF 		.ascii	"\345B\203\377\277b9W;\247\003Kt\023\303Z\332T\370\027"
  56      BF623957 
ARM GAS  /tmp/ccsSY1Hh.s 			page 4


  56      3BA7034B 
  56      7413C35A 
  56      DA54F817 
  57 01c1 08A58495 		.ascii	"\010\245\204\225\211qq\351N\3263%?^j\\\216\302\215\254"
  57      897171E9 
  57      4ED63325 
  57      3F5E6A5C 
  57      8EC28DAC 
  58 01d5 74EB67B7 		.ascii	"t\353g\267\257\026\247\224j\330\262!\374\250\306[\012"
  58      AF16A794 
  58      6AD8B221 
  58      FCA8C65B 
  58      0A
  59 01e6 FF1AA165 		.ascii	"\377\032\241e\2363\263\021^\000c\232\347Y5\370\366>"
  59      9E33B311 
  59      5E00639A 
  59      E75935F8 
  59      F63E
  60 01f8 38228837 		.ascii	"8\"\2107j\364^\245\366ve\230 \207y\267(\336=\263uC\342"
  60      6AF45EA5 
  60      F6766598 
  60      208779B7 
  60      28DE3DB3 
  61 020f EFD712F7 		.ascii	"\357\327\022\367c\\\211\347*\361\211l\324oH\264\367"
  61      635C89E7 
  61      2AF1896C 
  61      D46F48B4 
  61      F7
  62 0220 9C16FAAF 		.ascii	"\234\026\372\257SO\223\300\362\177E\264\313>R]\025\261"
  62      534F93C0 
  62      F27F45B4 
  62      CB3E525D 
  62      15B1
  63 0232 A315B576 		.ascii	"\243\025\265v\361\201\022\273x\177Ei\365\216\342h4f"
  63      F18112BB 
  63      787F4569 
  63      F58EE268 
  63      3466
  64 0244 57559497 		.ascii	"WU\224\227WF\216\205k\"v]\351A;VSf\327\325\324\036\252"
  64      57468E85 
  64      6B22765D 
  64      E9413B56 
  64      5366D7D5 
  65 025b 8AC462E1 		.ascii	"\212\304b\341\303\221\235e\344\311.=\321\360\361\312"
  65      C3919D65 
  65      E4C92E3D 
  65      D1F0F1CA 
  66 026b EA70F91F 		.ascii	"\352p\371\037{g\212M"
  66      7B678A4D 
  67              		.text
  68              		.section	.gnu.lto_.symbol_nodes.e65e61942449ea24,"e",%progbits
  69 0000 789CE360 		.ascii	"x\234\343``d\220e\000\002\246KL\365\014\015@\300\302"
  69      60649065 
  69      0002A64B 
  69      4CF50C0D 
  69      40C0C2
  70 0013 38E11C03 		.ascii	"8\341\034\003C=\003\303\256\006G\240$\010\000\000~9"
ARM GAS  /tmp/ccsSY1Hh.s 			page 5


  70      433D03C3 
  70      AE0647A0 
  70      24080000 
  70      7E39
  71 0025 06DA     		.ascii	"\006\332"
  72              		.text
  73              		.section	.gnu.lto_.refs.e65e61942449ea24,"e",%progbits
  74 0000 789CE360 		.ascii	"x\234\343``\004B \000\000\000]\000\013"
  74      60044220 
  74      0000005D 
  74      000B
  75              		.text
  76              		.section	.gnu.lto_.decls.e65e61942449ea24,"e",%progbits
  77 0000 789C8D56 		.ascii	"x\234\215ViPSW\024\276'7B\210a)P\264u\306q\034~\370"
  77      69505357 
  77      14BE2737 
  77      42886129 
  77      50B475C6 
  78 0018 43894E6D 		.ascii	"C\211Nm;\366W\035\247\255\235\251\235\216\265?\374\025"
  78      3BF6571D 
  78      A7AD9DA9 
  78      9D8EB53F 
  78      FC15
  79 002a 33102133 		.ascii	"3\020!3&a\222\227\326\372\247\017\242qi\255h\265h-."
  79      26619297 
  79      D6FAA70F 
  79      A27169AD 
  79      68B5682D 
  80 003f 1415175A 		.ascii	"\024\025\027Z\027\\A\026\0017@\321\012H\025\015\210"
  80      175C4116 
  80      013740D1 
  80      0A48150D 
  80      88
  81 0050 0B8A464C 		.ascii	"\013\212FLE\\ =\367\335\227\344\305\204\216\027\276"
  81      455C203D 
  81      F7DD97E4 
  81      C5848E17 
  81      BE
  82 0061 77DFB9F7 		.ascii	"w\337\271\367,\3379\347\276\367\242!@z5\204\370\200"
  82      2CDF39E7 
  82      BEF7A221 
  82      407A3584 
  82      F880
  83 0073 90724288 		.ascii	"\220rB\210\037\207\012\347K\0106\373\020\331\204\017"
  83      1F870AE7 
  83      4B0836FB 
  83      10D9840F 
  84 0083 5421C324 		.ascii	"T!\303$r\014\341F\002\3169\210dD\252\302\356\011\363"
  84      720CE146 
  84      02CE3988 
  84      6444AAC2 
  84      EE09F3
  85 0096 896847CC 		.ascii	"\211hG\314G\\A\264 N#\356!\272\020Z\304}\204\027\321"
  85      475C41B4 
  85      204E23EE 
  85      21BA105A 
  85      C47D8417 
ARM GAS  /tmp/ccsSY1Hh.s 			page 6


  86 00ab 27C77E80 		.ascii	"'\307~\200x\214x\204\350E\334F\364\374\017\207B\012"
  86      788C7884 
  86      E845DC46 
  86      F4FC0F87 
  86      420A
  87 00bd 37F28B06 		.ascii	"7\362\213\006u?SH\326\202\032\305\365\347\313\317iQ"
  87      753F5348 
  87      D6821AC5 
  87      F5E7CBCF 
  87      6951
  88 00cf 4CD5C204 		.ascii	"L\325\302\004\205\230\314\305\355\255-\371\300\305$"
  88      8598CCC5 
  88      EDAD2DF9 
  88      C0C524
  89 00de 14CBFC77 		.ascii	"\024\313\374w7're\021\230|\344\247\315\261|{,\212\007"
  89      37277265 
  89      11987CE4 
  89      A7CDB17C 
  89      7B2C8A07 
  90 00f2 AFEEE84C 		.ascii	"\257\356\350L\244*`a*\335CUlk\276\026X\261\022q\351"
  90      A42A6061 
  90      2ADD4355 
  90      6C6BBE16 
  90      58B11271 
  91 0107 8CF7E115 		.ascii	"\214\367\341\025\340KL\243\270\303\277!\206\246I\367"
  91      E04B4CA3 
  91      B8C3BF21 
  91      86A649F7 
  92 0117 CD2F7617 		.ascii	"\315/v\027\306\352\313D>4\245\224@\035\320\020\351\222"
  92      C6EACB44 
  92      3E34A594 
  92      401DD010 
  92      E992
  93 0129 E7DEA33A 		.ascii	"\347\336\243::_\322m\365\026.WiW\210b\276\270\315%\306"
  93      3A5FD26D 
  93      F5162E57 
  93      69578862 
  93      BEB8CD25 
  94 013e CD265001 		.ascii	"\315&P\001\343\340\004\214#\320\000\222\367z\320\303"
  94      E3E0048C 
  94      23D00092 
  94      F77AD0C3 
  95 014e 295CABC5 		.ascii	")\\\253\3055\026(\257\2651\236.\340\264\0066\226&R\223"
  95      351628AF 
  95      B5319E2E 
  95      E0B40636 
  95      96265293 
  96 0162 745FEDFF 		.ascii	"t_\355\377\265Z\315\331kP\334\260\247\366\225\216'W"
  96      B55ACDD9 
  96      6B50DCB0 
  96      A7F6958E 
  96      2757
  97 0174 C3B657D6 		.ascii	"\303\266W\326\254\252\327R\213\244ZXXxHC\355\322\375"
  97      ACAAD752 
  97      8BA45A58 
  97      58784843 
  97      EDD2FD
ARM GAS  /tmp/ccsSY1Hh.s 			page 7


  98 0187 3EEFD30A 		.ascii	">\357\323\012\226\331$-\374\240\310j\022\317j\371\322"
  98      96D9242D 
  98      FCA0C86A 
  98      12CF6AF9 
  98      D2
  99 0198 D235A3A9 		.ascii	"\3225\243\251\010\222\340Y\277\262.\206S\335\357\022"
  99      0892E059 
  99      BFB22E86 
  99      53DDEF12 
 100 01a8 DFCA9B46 		.ascii	"\337\312\233F\340<\362:\307\270^\004\311\206q\275\200"
 100      E03CF23A 
 100      C7B85E04 
 100      C98671BD 
 100      80
 101 01b9 6BCD1257 		.ascii	"k\315\022WU\365\201\025\233c =\245\230\331\324\\\334"
 101      55F58115 
 101      9B63203D 
 101      A598D9D4 
 101      5CDC
 102 01cb 3DBDE258 		.ascii	"=\275\342X\237(v\213\024Z@\013\215hs\031R\202N\010\350"
 102      9F28768B 
 102      145A400B 
 102      8D687319 
 102      52824E08 
 103 01e0 D9651A5E 		.ascii	"\331e\032^\326\262\302a\020\021\306*\2024\311\006,\312"
 103      D6B2C261 
 103      1011C62A 
 103      8234C906 
 103      2CCA
 104 01f2 254897AB 		.ascii	"%H\227\253\231\347\275>\231\226p\212[.\027\334\032\225"
 104      99E7BD3E 
 104      9996708A 
 104      5B2E17DC 
 104      1A95
 105 0204 12DDFAEF 		.ascii	"\022\335\372\357\250\326Gv\255\276O\351\001n\336\357"
 105      A8D64776 
 105      ADBE4FE9 
 105      016EDEEF 
 106 0214 DFD51543 		.ascii	"\337\325\025C\313\271P\336~\270*!zg\332\242v\246\340"
 106      CBB950DE 
 106      7EB82A21 
 106      7A67DAA2 
 106      76A6E0
 107 0227 FAF3CAD1 		.ascii	"\372\363\312\321\264\236[w\326\326\355U\321s\\\370\353"
 107      B49E5B77 
 107      D6D6ED55 
 107      D1735CF8 
 107      EB
 108 0238 4EF75335 		.ascii	"N\367S5\247\305\006\200\364du\240\227\1778!\231\214"
 108      A7C50680 
 108      F46475A0 
 108      977F3821 
 108      998C
 109 024a EBF07019 		.ascii	"\353\360p\031\350V\005CJ\333\201\250\004\256\201\216"
 109      E8560543 
 109      4ADB81A8 
 109      04AE818E 
ARM GAS  /tmp/ccsSY1Hh.s 			page 8


 110 025a EBD51DBD 		.ascii	"\353\325\035\275\326\253\342\275\236\312\216\371\341"
 110      D6ABE2BD 
 110      9ECA8EF9 
 110      E1
 111 0267 8E36F9D4 		.ascii	"\2166\371\324\213\024\345\013\007^\370t\264\225\307"
 111      8B14E50B 
 111      075EF874 
 111      B495C7
 112 0276 3EE5DBB4 		.ascii	">\345\333\264?\216\336\344\302\343\376\346\225\243h"
 112      3F8EDEE4 
 112      C2E3FEE6 
 112      95A368
 113 0285 1F179AFE 		.ascii	"\037\027\232\376p\237I\030\241\237\236h\375\2045\276"
 113      709F4918 
 113      A19F9E68 
 113      FD8435BE 
 114 0295 86AFA88B 		.ascii	"\206\257\250\213?\022=\027\227\035\327\321\"I\240C\003"
 114      3F123D17 
 114      971DD7D1 
 114      2249A043 
 114      03
 115 02a6 6527B490 		.ascii	"e'\264\220\036\350\364\263\346\251\277\225\337\023\305"
 115      1EE8F4B3 
 115      E6A9BF95 
 115      DF13C5
 116 02b5 7563E134 		.ascii	"uc\34146\372\026:\273\023\226\011o7\35347\030\330\224"
 116      36FA163A 
 116      BB139609 
 116      6F37EB34 
 116      3718D894 
 117 02c9 7AC825AE 		.ascii	"z\310%\256p\351\240\013\365o\312\372#\035\214\002\221"
 117      70E9A00B 
 117      F56FCAFA 
 117      231D8C02 
 117      91
 118 02da B7B60AF7 		.ascii	"\267\266\012\367O2\266\335\262\001\243{\033\322\241"
 118      4F32B6DD 
 118      B201A37B 
 118      1BD2A1
 119 02e9 27D8DEAA 		.ascii	"'\330\336\252\235\365\263i/g\374R\334\2718%\272\203"
 119      9DF5B369 
 119      2F67FC52 
 119      DCB93825 
 119      BA83
 120 02fb BB2339D0 		.ascii	"\273#9\320\354\354\033.a\231an\210bf]\323\266{\374/"
 120      ECEC1B2E 
 120      6199616E 
 120      8862665D 
 120      D3B67BFC 
 121 0310 A2C4F61E 		.ascii	"\242\304\366\036\332\334@\333\2078\007\234\021\250|"
 121      DADC40DB 
 121      8738079C 
 121      11A87C
 122 031f 3DBBDFC7 		.ascii	"=\273\337\307\027\273\304\263\013X\003\341\252\254\036"
 122      17BBC4B3 
 122      0B5803E1 
 122      AAAC1E
ARM GAS  /tmp/ccsSY1Hh.s 			page 9


 123 032e 2A863E5C 		.ascii	"*\206>\\\273mk\362vI;[\007g#\224O*}#\227G[\222\016\362"
 123      BB6D6BF2 
 123      76493B5B 
 123      07672394 
 123      4F2A7D23 
 124 0348 CA5D41BD 		.ascii	"\312]A\275FY?T\271P\245\3032\357D\205\353,\363\016\331"
 124      46593F54 
 124      B950A5C3 
 124      32EF4485 
 124      EB2CF30E 
 125 035d 82657E1F 		.ascii	"\202e~\0373\367\"\372\020\017\020\217\021\217\020\275"
 125      33F722FA 
 125      100F108F 
 125      118F10BD 
 126 036d BC1A9CDE 		.ascii	"\274\032\234\336\235\322TN\217u\266&\202_\365\353\271"
 126      9DD2544E 
 126      8F75B626 
 126      825FF5EB 
 126      B9
 127 037e 17A5F1DC 		.ascii	"\027\245\361\334\333Q\2755z\356\025\020T\037\336\252"
 127      DB51BD35 
 127      7AEE1510 
 127      541FDEAA 
 128 038e F07E6684 		.ascii	"\360~f\204\354%}l\250\273\247\344x,]F\245\356nl\372"
 128      EC257D6C 
 128      A8BBA7E4 
 128      782C5D46 
 128      A5EE6E6C 
 129 03a3 B17D544A 		.ascii	"\261}TJ\364$\373\337<I\364\224_ukP\247|\012\237\204"
 129      F424FBDF 
 129      3C49F494 
 129      5F756B50 
 129      A77C0A9F 
 130 03b8 71F0494F 		.ascii	"q\360IO!\233\330'\245\323S\035\327\205'\226}7\001\366"
 130      219BD827 
 130      A5D3531D 
 130      D7852796 
 130      7D3701F6 
 131 03cc C603617F 		.ascii	"\306\003a\177\354\302\037r6\003\273g\360\007\006\260"
 131      ECC21F72 
 131      3603BB67 
 131      F00706B0 
 132 03dc 21EBF189 		.ascii	"!\353\361\211)\3605>\005.|M%{Q\005\276\312\334\206{"
 132      29F0353E 
 132      052E7C4D 
 132      257B5105 
 132      BECADC86 
 133 03f1 9744856B 		.ascii	"\227D\205k\276\017\362~\300\0117\340\254B\206\362\222"
 133      BE0FF27E 
 133      C00937E0 
 133      AC4286F2 
 133      92
 134 0402 4A0EA7B4 		.ascii	"J\016\247\264\200\010\306!\207$\35040 \370u\3332\264"
 134      8008C621 
 134      8724E834 
 134      3020F875 
 134      DB32B4
ARM GAS  /tmp/ccsSY1Hh.s 			page 10


 135 0415 7A6B4237 		.ascii	"zkB7x\362\260\013\236\326\241\367\011\274]0\201\360"
 135      78F2B00B 
 135      9ED6A1F7 
 135      09BC5D30 
 135      81F0
 136 0427 1EB94B06 		.ascii	"\036\271K\006\343\350\036\336\260?\367\275\334\257U"
 136      E3E81EDE 
 136      B03FF7BD 
 136      DCAF55
 137 0436 6346ECA0 		.ascii	"cF\354\240;\325l\251~\340\344\216\204\210\367d\177\304"
 137      3BD56CA9 
 137      7EE0E48E 
 137      8488F764 
 137      7FC4
 138 0448 7BF24251 		.ascii	"{\362BQC\245J\331\241\301\260\016=\017\274'\227\273"
 138      43A54AD9 
 138      A1C1B00E 
 138      3D0FBC27 
 138      97BB
 139 045a DC4BD552 		.ascii	"\334K\325R\010\\\202g \005q7\024T\304\363\227\247J\361"
 139      085C8267 
 139      20057137 
 139      1454C4F3 
 139      97A74AF1 
 140 046e A32095FF 		.ascii	"\243 \225\377(8\326\270\266_7f\203t\214\\b\222\012r"
 140      2838D6B8 
 140      B65F3766 
 140      83748C5C 
 140      62920A72 
 141 0482 D2E0157A 		.ascii	"\322\340\025z~)y\036\2021\004^\240\037\311}\355\236"
 141      7E29791E 
 141      8231045E 
 141      A01FC97D 
 141      ED9E
 142 0494 7D9F4EDC 		.ascii	"}\237N\334&z<\370m\363N\336\330\344\026[\320\354cI\015"
 142      267A3CF8 
 142      6DF34EDE 
 142      D8E4165B 
 142      D0EC6349 
 143 04a9 0690B5CC 		.ascii	"\006\220\265\314\230\335\023x\212\257)\370\027_p\270"
 143      98DD1378 
 143      8AAF29F8 
 143      175F70B8 
 144 04b9 300C13D1 		.ascii	"0\014\023\321\376\301:\237;^\231F\370a\367\363\203\306"
 144      FEC13A9F 
 144      3B5E9946 
 144      F861F7F3 
 144      83C6
 145 04cb A614ABD3 		.ascii	"\246\024\253\3232\333.\314\262Y\035N\213\311\356\370"
 145      32DB2ECC 
 145      B2591D4E 
 145      8BC9EEF8 
 146 04db C2B45098 		.ascii	"\302\264P\230\241\317\261YL\372\\\263\240\237\371\365"
 146      A1CFB159 
 146      4CFA5CB3 
 146      A09FF9F5 
 147 04eb 27FA9973 		.ascii	"'\372\231s\314smSf\346\346:\364\026sV\326\"\323wF\273"
ARM GAS  /tmp/ccsSY1Hh.s 			page 11


 147      CC736D53 
 147      66E6E63A 
 147      F4167356 
 147      D622D377 
 148 0501 49EF9C3B 		.ascii	"I\357\234;O\357\260g\352\235v\301`19\034\306lSF\246"
 148      4FEFB067 
 148      EA9D76C1 
 148      6031391C 
 148      C66C5346 
 149 0516 E6B32FBF 		.ascii	"\346\263/\277\2310k\306\014\022\3430/1\031\0045\233"
 149      99306BC6 
 149      0C12E330 
 149      2F311904 
 149      359B
 150 0528 62738DDF 		.ascii	"bs\215\337/\262\031\263\324\202\331b\2127\332\034\006"
 150      2FB219B3 
 150      D482D962 
 150      8A37DA1C 
 150      06
 151 0539 76E3108C 		.ascii	"v\343\020\214\226\\\215\323l\025>\230n\020\336\315\310"
 151      965C8DD3 
 151      6C153E98 
 151      6E10DECD 
 151      C8
 152 054a D0E37FA6 		.ascii	"\320\343\177\246\015=\233\255\231\372\200VF\016\321"
 152      0D3D9BAD 
 152      99FA8056 
 152      460ED1
 153 0559 B10836C7 		.ascii	"\261\0106\307<\224\014\202\312\234\225\250\210h\316"
 153      3C940C82 
 153      CA9C95A8 
 153      8868CE
 154 0568 C21856D3 		.ascii	"\302\030V\323ba\264b1.\327n[h^d\266f\353\234\002\316"
 154      6261B462 
 154      312ED76E 
 154      5B685E64 
 154      B666EB9C 
 155 057e 4B8C8219 		.ascii	"K\214\202\031\323Kc*\301\255L\233\323*\230\354\006\341"
 155      D34B632A 
 155      C1AD4C9B 
 155      D32A98EC 
 155      06E1
 156 0590 1D856568 		.ascii	"\035\205eh;\313(\030\223\2604au\371\350M\353\3022P\326"
 156      3BCB2818 
 156      93B03461 
 156      75F9E84D 
 156      EBC23250 
 157 05a5 25878C1B 		.ascii	"%\207\214\0331\212A\210W\356\011\252\351Dc\264[\276"
 157      318A4188 
 157      57EE09AA 
 157      E94463B4 
 157      5BBE
 158 05b7 FD708A85 		.ascii	"\375p\212\205h\261\036\202i\361\024\313{$\001\225\346"
 158      68B11E82 
 158      69F114CB 
 158      7B240195 
 158      E6
ARM GAS  /tmp/ccsSY1Hh.s 			page 12


 159 05c8 709DCFAD 		.ascii	"p\235\317\255\3467\247\022\321\"\362\0376\203E\001"
 159      E637A712 
 159      D122F21F 
 159      36834501 
 160              		.text
 161              		.section	.gnu.lto_.symtab.e65e61942449ea24,"e",%progbits
 162 0000 7572744D 		.ascii	"urtMessageInit\000"
 162      65737361 
 162      6765496E 
 162      697400
 163 000f 00       		.ascii	"\000"
 164 0010 00       		.ascii	"\000"
 165 0011 00       		.ascii	"\000"
 166 0012 00000000 		.ascii	"\000\000\000\000\000\000\000\000"
 166      00000000 
 167 001a FE000000 		.ascii	"\376\000\000\000"
 168              		.text
 169              		.section	.gnu.lto_.opts,"e",%progbits
 170 0000 272D666E 		.ascii	"'-fno-openmp' '-fno-openacc' '-fno-pie' '-mcpu=cort"
 170      6F2D6F70 
 170      656E6D70 
 170      2720272D 
 170      666E6F2D 
 171 0033 65782D6D 		.ascii	"ex-m3' '-mthumb' '-mfloat-abi=soft' '-march=armv7-m"
 171      33272027 
 171      2D6D7468 
 171      756D6227 
 171      20272D6D 
 172 0066 2720272D 		.ascii	"' '-O2' '-fstack-usage' '-ffunction-sections' '-fda"
 172      4F322720 
 172      272D6673 
 172      7461636B 
 172      2D757361 
 173 0099 74612D73 		.ascii	"ta-sections' '-fno-common' '-flto' '-fshort-enums'\000"
 173      65637469 
 173      6F6E7327 
 173      20272D66 
 173      6E6F2D63 
 174              		.text
 175              		.comm	__gnu_lto_v1,1,1
 176              		.comm	__gnu_lto_slim,1,1
 177              		.ident	"GCC: (GNU Arm Embedded Toolchain 9-2020-q2-update) 9.3.1 20200408 (release)"
ARM GAS  /tmp/ccsSY1Hh.s 			page 13


DEFINED SYMBOLS
                            *ABS*:0000000000000000 urt_message.c
                            *COM*:0000000000000001 __gnu_lto_v1
                            *COM*:0000000000000001 __gnu_lto_slim

NO UNDEFINED SYMBOLS
