ARM GAS  /tmp/ccVRGfyZ.s 			page 1


   1              		.cpu cortex-m3
   2              		.eabi_attribute 20, 1
   3              		.eabi_attribute 21, 1
   4              		.eabi_attribute 23, 3
   5              		.eabi_attribute 24, 1
   6              		.eabi_attribute 25, 1
   7              		.eabi_attribute 26, 1
   8              		.eabi_attribute 30, 2
   9              		.eabi_attribute 34, 1
  10              		.eabi_attribute 18, 4
  11              		.file	"alld_TPS6211x.c"
  12              		.section	.gnu.lto_.profile.7092bd14c35caf5,"e",%progbits
  13 0000 789CE360 		.ascii	"x\234\343``\004B \000\000\000]\000\013"
  13      60044220 
  13      0000005D 
  13      000B
  14              		.text
  15              		.section	.gnu.lto_.icf.7092bd14c35caf5,"e",%progbits
  16 0000 789CE360 		.ascii	"x\234\343``d\340c@\000&\206\263\247:6\2613.\372\263"
  16      6064E063 
  16      40002686 
  16      B3A73A36 
  16      B1332EFA 
  17 0015 E83B3F03 		.ascii	"\350;?\003\000/\020\0069"
  17      002F1006 
  17      39
  18              		.text
  19              		.section	.gnu.lto_.jmpfuncs.7092bd14c35caf5,"e",%progbits
  20 0000 789CE360 		.ascii	"x\234\343``dHgb`Hd\200\000&\006&FF\346\372\371\314\014"
  20      60644867 
  20      62604864 
  20      80002606 
  20      264646E6 
  21 0018 40CCC8C2 		.ascii	"@\314\310\302\300\300x\200\205\221\001\210\377\003\001"
  21      C0C07880 
  21      85910188 
  21      FF0301
  22 0027 3F031A9F 		.ascii	"?\003\032\237\221y:3c_\363\373{\034}\314\363\231\231"
  22      91793A33 
  22      635FF3FB 
  22      7B1C7DCC 
  22      F39999
  23 003a 18191877 		.ascii	"\030\031\030w1J\2030\007K\001\262\014#Pf7P\006\256\233"
  23      314A8330 
  23      074B01B2 
  23      0C235066 
  23      375006AE 
  24 004f 9101A4F3 		.ascii	"\221\001\244\363\350\253\307{\231\024\031\3477\314P"
  24      E8ABC77B 
  24      991419E7 
  24      37CC50
  25 005e 98CFCCCC 		.ascii	"\230\317\314\314\300\270\207Q\021\256\342\017\304|\230"
  25      C0B88751 
  25      11AEE20F 
  25      C47C98
  26 006d 8120E5C7 		.ascii	"\201 \345\307~\256\234\306\247(\017Q\316\302\300\270"
  26      7EAE9CC6 
ARM GAS  /tmp/ccVRGfyZ.s 			page 2


  26      A7280F51 
  26      CEC2C0B8 
  27 007d 17B77226 		.ascii	"\027\267r&\240\362\027\237\337\254b\005\331\316\312"
  27      A0F2179F 
  27      DFAC6205 
  27      D9CECA
  28 008c 68C7B88F 		.ascii	"h\307\270\217Q\032\254\326\016\244\236\001\315y\300"
  28      511AACD6 
  28      0EA49E01 
  28      CD79C0
  29 009b 3060DC0F 		.ascii	"0`\334\017T@\300y\007Hs\336A\374\316\273wq~<\304u\266"
  29      5440C079 
  29      074873DE 
  29      41FCCEBB 
  29      77717E3C 
  30 00b2 8C87A0AE 		.ascii	"\214\207\240\256\263\005\273\216\021)\012\330\360D\001"
  30      B305BB8E 
  30      11290AD8 
  30      F04401
  31 00c1 232313B2 		.ascii	"##\023\262/\330\201\2768\314(\015\024\332\326\371v%"
  31      2FD881BE 
  31      38CC280D 
  31      14DAD6F9 
  31      7625
  32 00d3 27448891 		.ascii	"'D\210\221\361\01086\210\361\337Q\322\374w\014\277\377"
  32      F1083836 
  32      88F1DF51 
  32      D2FC770C 
  32      BFFF
  33 00e5 DE9FFA15 		.ascii	"\336\237\372\025\011\361\3379\006\306\343P\017\236c"
  33      09F1DF39 
  33      06C6E350 
  33      0F9E63
  34 00f4 00FB9041 		.ascii	"\000\373\220AV\265XC\265T\323J!\261 1\307%)\335\261"
  34      56B55843 
  34      B554D34A 
  34      21B12031 
  34      C72529DD 
  35 0109 B838B5A8 		.ascii	"\2708\265\250D!-13'5\205\301IOO\037\210\012R\2132\013"
  35      44212D31 
  35      33273585 
  35      C1494F4F 
  35      1F880A52 
  36 0120 32528B2A 		.ascii	"2R\213*usrR\364\035}3\203\362u}|\\\364S\2122\313R\213"
  36      75737252 
  36      F41D7D33 
  36      83F2757D 
  36      7C5CF453 
  37 0139 8AF54302 		.ascii	"\212\365C\002\202\315\214\014\015+\364\313\014\365\023"
  37      82CD8C0C 
  37      0D2BF4CB 
  37      0CF513
  38 0148 814AE261 		.ascii	"\201J\342a\002z\311\014\000d\244\312Q"
  38      027AC90C 
  38      0064A4CA 
  38      51
  39              		.text
ARM GAS  /tmp/ccVRGfyZ.s 			page 3


  40              		.section	.gnu.lto_.inline.7092bd14c35caf5,"e",%progbits
  41 0000 789C8D8C 		.ascii	"x\234\215\2141\022\2000\010\004\017\022\225F-m}Q\036"
  41      31128030 
  41      08040F12 
  41      95462D6D 
  41      7D511E
  42 0013 A1163E83 		.ascii	"\241\026>\203\3222\317\261\364iB\234\211\226R\300rs"
  42      D232CFB1 
  42      F469429C 
  42      899652C0 
  42      7273
  43 0025 B302C289 		.ascii	"\263\002\302\211w\0304\251\352\021vb\314\004\220\257"
  43      771834A9 
  43      EA117662 
  43      CC0490AF 
  44 0035 D85AA661 		.ascii	"\330Z\246a\003\344\001\266\";\362\212XI\334\020{\327"
  44      03E401B6 
  44      223BF28A 
  44      5849DC10 
  44      7BD7
  45 0047 E48466F0 		.ascii	"\344\204f\360\317\000_$\214\245]\375\342~*\331\002t"
  45      CF005F24 
  45      8CA55DFD 
  45      E27E2AD9 
  45      0274
  46 0059 762FFEE3 		.ascii	"v/\376\343\317\351c\305\015\360\201\037\216"
  46      CFE963C5 
  46      0DF0811F 
  46      8E
  47              		.text
  48              		.section	.gnu.lto_.pureconst.7092bd14c35caf5,"e",%progbits
  49 0000 789CE360 		.ascii	"x\234\343``d`g```b\230\305\3028\223\005\000\005:\001"
  49      60646067 
  49      60606062 
  49      98C5C238 
  49      93050005 
  50 0016 4F       		.ascii	"O"
  51              		.text
  52              		.section	.gnu.lto_tps6211x_lld_get_power_en.7092bd14c35caf5,"e",%progbits
  53 0000 789C8D93 		.ascii	"x\234\215\223YhSA\024\206\347\277so\232\244M\334\327"
  53      59685341 
  53      1486E7BF 
  53      736F9AA4 
  53      4DDCD7
  54 0013 A2A40FA1 		.ascii	"\242\244\017\241\366\301\246U\020\024\024\025}S\021"
  54      F6C1A655 
  54      10141415 
  54      7D5311
  55 0022 F5CD8712 		.ascii	"\365\315\207\022\333\250\201BCR\267''IK\264\025\025"
  55      DBA88142 
  55      4352B727 
  55      27494BB4 
  55      1515
  56 0034 71498570 		.ascii	"qI\205p\013\265\324\212Z\005Qp\275nUk\265\213k\013F"
  56      0BB5D48A 
  56      5A055170 
  56      BD6E556B 
ARM GAS  /tmp/ccVRGfyZ.s 			page 4


  56      B58B6B0B 
  57 0049 A8B8E286 		.ascii	"\250\270\342\206\273\342v\346\336\206\212\012\032\222"
  57      BBE276E6 
  57      DE868A0A 
  57      1A92
  58 0057 61CE99F3 		.ascii	"a\316\231\363\2359\3779\023;\003;\2542\026g\214\215"
  58      9D39FF39 
  58      133B033B 
  58      AC321667 
  58      8C8D
  59 0069 A31F3883 		.ascii	"\243\0378\203\"\204\230\231\025\265+\200\271\023v\260"
  59      22849899 
  59      15B52B80 
  59      B91376B0 
  60 0079 F50AD663 		.ascii	"\365\012\326c\013\337\305qb\177\313kwA\023\235\010c"
  60      0BDFC571 
  60      627FCB6B 
  60      7741139D 
  60      0863
  61 008b D7878258 		.ascii	"\327\207\202X\274z\264\316\031\253#pr.\212r\231\374"
  61      BC7AB4CE 
  61      19AB2370 
  61      722E8A72 
  61      99FC
  62 009d E0380A28 		.ascii	"\3408\012(6\035K}\312\331\314u\016\250dno;r\305)M\005"
  62      361D4B7D 
  62      CAD9CC75 
  62      0EA8646E 
  62      6F3B72C5 
  63 00b4 1E32A35D 		.ascii	"\0362\243]\037\353\035|.\030\355\253\032\337\366\332"
  63      1FEB1D7C 
  63      2E18EDAB 
  63      1ADFF6DA 
  64 00c4 F31BC5D6 		.ascii	"\363\033\305\326\2300.\214\331-\014U\347\034\247\300"
  64      98302E8C 
  64      D92D0C55 
  64      E71CA7C0 
  65 00d4 65DE93C8 		.ascii	"e\336\223\310\305\011Pf\362Q\356\323\310'b\317\356-"
  65      C5095066 
  65      F251EED3 
  65      C82762CF 
  65      EE2D
  66 00e6 4D2A5F60 		.ascii	"M*_`\322-\367\257u\332\372\351\366\361\026\255\342\314"
  66      D22DF7AF 
  66      75DAFAE9 
  66      F6F116AD 
  66      E2CC
  67 00f8 1F340985 		.ascii	"\0374\011\205\201|&\231'\325\342\200\203/1\371D\"v("
  67      817C2699 
  67      27D5E280 
  67      832F31F9 
  67      44227628 
  68 010c C7DB606A 		.ascii	"\307\333`j\272\236\034\035\213\213\244\240\024\014g"
  68      BA9E1C1D 
  68      8B8BA4A0 
  68      140C67
  69 011b AD1403C2 		.ascii	"\255\024\003\302d\364\373\375\335\035\032_j\222=\265"
ARM GAS  /tmp/ccVRGfyZ.s 			page 5


  69      64F4FBFD 
  69      DD1D1A5F 
  69      6A923DB5 
  70 012b C92F2A91 		.ascii	"\311/*\221\006\335\334\232\034\036\357'5\234\377\033"
  70      06DDDC9A 
  70      1C1EEF27 
  70      359CFF1B 
  71 013b D977F8FB 		.ascii	"\331w\370\373\016\227M\305\005xq\016^\3314\331\254\213"
  71      0E974DC5 
  71      0578710E 
  71      5ED934D9 
  71      AC8B
  72 014d B0D11898 		.ascii	"\260\321\030\230\222\361\267tk\206\370\376#!\214G\243"
  72      92F1B774 
  72      6B86F8FE 
  72      23218C47 
  72      A3
  73 015e 6A4A0783 		.ascii	"jJ\007\203*\267)r\341\264d\251\264\3305i\332hqdA6\304"
  73      2AB72972 
  73      E1B464A9 
  73      B4D83569 
  73      DA687164 
  74 0175 0929CCC5 		.ascii	"\011)\314\305\314\264\254\2263\251E\2050\030\333\304"
  74      CCB4AC96 
  74      33A94585 
  74      3018DBC4 
  75 0185 15CB8892 		.ascii	"\025\313\210\222\361\014\361\316\304\275\012ye\212#"
  75      F10CF1CE 
  75      C4BD0A79 
  75      658A23
  76 0194 C5B3A8AA 		.ascii	"\305\263\250\252\315\361Wi\273\034\013\007C+u\3529\022"
  76      CDF15769 
  76      BB1C0B07 
  76      432B75EA 
  76      3912
  77 01a6 1EB3283A 		.ascii	"\036\263(:L\355m\377\341\250B,j\327\271\263\216\"\030"
  77      4CED6DFF 
  77      E1A8422C 
  77      6AD7B9B3 
  77      8E2218
  78 01b9 2EA10A8C 		.ascii	".\241\012\214h:\275\370\354\301)%o\271.\222\036\235"
  78      683ABDF8 
  78      ECC12925 
  78      6FB92E92 
  78      1E9D
  79 01cb 67CBF81D 		.ascii	"g\313\370\035\367\3377\271d|R\010\362\345\3402\362,"
  79      F7DF37B9 
  79      647C5208 
  79      F2E5E032 
  79      F22C
  80 01dd 815708A3 		.ascii	"\201W\010\243\200\326\317\315;\335y\212\205\270$\362"
  80      80D6CFCD 
  80      3BDD798A 
  80      85B824F2 
  81 01ed ED5DDB2D 		.ascii	"\355]\333-\014 n\264e\220\253\026\222\356\322Kd}\203"
  81      0C206EB4 
  81      6590AB16 
ARM GAS  /tmp/ccVRGfyZ.s 			page 6


  81      92EED24B 
  81      647D83
  82 0200 301DEDC8 		.ascii	"0\035\355\310\325\371`K\307\303A\226\016%\305\235\277"
  82      D5F9604B 
  82      C7C34196 
  82      0E25C59D 
  82      BF
  83 0211 EA5049C7 		.ascii	"\352PI\307\265\177\353\270n\351P\376OGG\246\250\316"
  83      B57FEBB8 
  83      6EE950FE 
  83      4F4747A6 
  83      A8CE
  84 0223 FFD6D195 		.ascii	"\377\326\321\225A\272-\344\311\333\347\3734K\310\014"
  84      41BA2DE4 
  84      C9DBE7FB 
  84      344BC80C 
  85 0233 DCC80889 		.ascii	"\334\310\010\211\235|\272\261\241_\211\374\203\031\275"
  85      9D7CBAB1 
  85      A15F89FC 
  85      8319BD
  86 0242 877ADC8D 		.ascii	"\207z\334\215h\210\322\320\352\373\344\310\207\320\234"
  86      6888D2D0 
  86      EAFBE4C8 
  86      87D09C
  87 0251 CCC1C85B 		.ascii	"\314\301\310[\016\036k\352p\025\035\024[\351\364\003"
  87      0E1E6BEA 
  87      70151D14 
  87      5BE9F403 
  88 0261 743E1437 		.ascii	"t>\0247\321\210\244\365\222n\241\210TW{\254l\256\337"
  88      D188A4F5 
  88      926EA188 
  88      54577BAC 
  88      6CAEDF
  89 0274 740FABE3 		.ascii	"t\017\253\343\012\005\335\266t\313\273\266\365\364]"
  89      0A05DDB6 
  89      74CBBBB6 
  89      F5F45D
  90 0283 CA96A7C2 		.ascii	"\312\226\247\302,y\270\371\002\315\222\357P\220\316"
  90      2C79B8F9 
  90      02CD92EF 
  90      5090CE
  91 0292 47C8FA76 		.ascii	"G\310\372v>\2559_je4\237\256l\376\351\004,\217FNJtt"
  91      3EAD395F 
  91      6A65349F 
  91      AE6CFEE9 
  91      042C8F46 
  92 02aa E38B6687 		.ascii	"\343\213f\207\224\246\001\270K\245\022\3675\023#\303"
  92      94A601B8 
  92      4BA512F7 
  92      351323C3 
  93 02ba A4235DD3 		.ascii	"\244#]\323\314\245\347w\221n\235\217\244\021\2323c\350"
  93      CCA5E777 
  93      916E9D8F 
  93      A4119A33 
  93      63E8
  94 02cc 2139C410 		.ascii	"!9\304\020p.m&\220w\022\362\370\315\203t\366\324cb\003"
  94      702E6D26 
ARM GAS  /tmp/ccVRGfyZ.s 			page 7


  94      907712F2 
  94      F8CD8374 
  94      F6D46362 
  95 02e1 D5A531F4 		.ascii	"\325\2451\364b*{\211X}\313\246\261\375je\007j9\006^"
  95      622A7B89 
  95      587DCBA6 
  95      B1FD6A65 
  95      076A3906 
  96 02f6 3E63B30B 		.ascii	">c\263\013\013}\364\015\005\302\301\320\312@x\335\304"
  96      0B7DF40D 
  96      05C2C1D0 
  96      CA4078DD 
  96      C4
  97 0307 F2F232DF 		.ascii	"\362\3622\337\254\371\301E\025\023\347\315\233\343+"
  97      ACF9C145 
  97      1513E7CD 
  97      9BE32B
  98 0316 0B075707 		.ascii	"\013\007W\007\302\021\337\222\205\213\247L*.^\353[]"
  98      C211DF92 
  98      858BA74C 
  98      2A2E5EEB 
  98      5B5D
  99 0328 ECF35348 		.ascii	"\354\363SHI\306QX\312\354\225\241\210\271\327B\025k"
  99      49C65158 
  99      CAEC95A1 
  99      88B9D742 
  99      156B
 100 033a 02615BA4 		.ascii	"\002a[\244\322_\271*\342\\\021\012V\224\310}`\23472"
 100      D25FB92A 
 100      E25C110A 
 100      5694C87D 
 100      609C3732 
 101 034e C1BBAA60 		.ascii	"\301\273\252`\232\307\037\362\227\317Y\266bV$\022\010"
 101      9AC71FF2 
 101      97CF59B6 
 101      62562412 
 101      08
 102 035f 577A96FB 		.ascii	"Wz\226\373\203\345\2012\366\023\305\201\242*"
 102      83E58132 
 102      F613C581 
 102      A22A
 103              		.text
 104              		.section	.gnu.lto_tps6211x_lld_set_power_en.7092bd14c35caf5,"e",%progbits
 105 0000 789C5D52 		.ascii	"x\234]R]HSa\030\376\236\363\235\315\263\351\326\317"
 105      5D485361 
 105      18FE9EF3 
 105      9DCDB3E9 
 105      D6CF
 106 0012 9D0C635E 		.ascii	"\235\014c^\210y\241\323\202.\272\312\260;\213(o\272"
 106      8879A1D3 
 106      822EBACA 
 106      B03B8B28 
 106      6FBA
 107 0024 8A95AB16 		.ascii	"\212\225\253\026\003\327fVW~\233\223\021\205JdNa\034"
 107      03D76656 
 107      577E9B93 
 107      11854A64 
ARM GAS  /tmp/ccVRGfyZ.s 			page 8


 107      4E611C
 108 0037 A3C63442 		.ascii	"\243\3064B\215\302\"\177:\345_.)\015\272\310\013\203"
 108      8DC2227F 
 108      3AE55F2E 
 108      290DBAC8 
 108      0B83
 109 0049 BA4A5283 		.ascii	"\272JR\203\212~(\355\375v\032B\207s>\336\237\347y\177"
 109      8A7E28ED 
 109      FD761A42 
 109      87733EDE 
 109      9FE7797F 
 110 005d 9EEF680C 		.ascii	"\236\357h\014lAa\354\034c\254\210>p\006E\010\261//\242"
 110      6C4161EC 
 110      1C63AC88 
 110      3E700645 
 110      08B12F2F 
 111 0072 2940D612 		.ascii	")@\326\022\032X\263\202f\264\363.\216\221\273\203\237"
 111      1A58B382 
 111      66B4F32E 
 111      8E91BB83 
 111      9F
 112 0083 9D6569CA 		.ascii	"\235ei\312\010\243\353\221\365\316\320\274\340:g\254"
 112      08A3EB91 
 112      F5CED0BC 
 112      E03A67AC 
 113 0093 9B98BB5D 		.ascii	"\233\230\273]\250t1\371\3401\312\010\274\024M\376(h"
 113      A87431F9 
 113      E031CA08 
 113      BC144DFE 
 113      2868
 114 00a5 A33CA092 		.ascii	"\243<\240\222{=\363`\326.]\005nr#\013\337{m\374\000"
 114      7B3DF360 
 114      D62E5D05 
 114      6E72230B 
 114      DF7B6DFC 
 115 00ba 18D9B1D4 		.ascii	"\030\331\261\324\227E\2554%:\242\302\230,\354\021\206"
 115      9745AD34 
 115      253AA2C2 
 115      982CEC11 
 115      86
 116 00cb AA738E31 		.ascii	"\252s\2161pYw\024.\214\200*S\214j\217\243\224\030\267"
 116      70597714 
 116      2E8C802A 
 116      538C6A8F 
 116      A39418B7 
 117 00df 7BDAD32A 		.ascii	"{\332\323*?\224e_k\215\304x\216\275#!\014\350\\\305"
 117      3F94655F 
 117      6B8DC478 
 117      8EBD2321 
 117      0CE85CC5 
 118 00f3 1393FD6F 		.ascii	"\023\223\375o*\212\020\327@)\223\214\367\367\326;\035"
 118      2A8A10D7 
 118      4029938C 
 118      F7F7D63B 
 118      1D
 119 0104 56558E2D 		.ascii	"VU\216-\307}\012+)\301\330\340k\213!\3267\342\302X-"
 119      C77D0A2B 
ARM GAS  /tmp/ccVRGfyZ.s 			page 9


 119      29C1D8E0 
 119      6B8B21D6 
 119      37E2C258 
 120 0119 BC9972E4 		.ascii	"\274\231r\344\203h\026\205\016+\227\226JG\236\005r\002"
 120      83681685 
 120      0E2B9796 
 120      4A479E05 
 120      7202
 121 012b 0DB2969D 		.ascii	"\015\262\226\235\311\335\331\025\316\244 *\204\301\330"
 121      C9DDD915 
 121      CEA4202A 
 121      84C1D8
 122 013a 55AE984E 		.ascii	"U\256\230N\204\234e\264\314\307W\356\027\310\016I\216"
 122      849C65B4 
 122      CCC757EE 
 122      17C80E49 
 122      8E
 123 014b 24B750F3 		.ascii	"$\267P\363\266\226\265%M\352\300\301\360\214\026\373"
 123      B696B525 
 123      4DEAC0C1 
 123      F08C16FB 
 124 015b 84B83B3B 		.ascii	"\204\270;;\003%\223}s\033\266\030\242\021M\347Z7!\030"
 124      0325937D 
 124      731BB618 
 124      A2114DE7 
 124      5A372118 
 125 016f 26100323 		.ascii	"&\020\003#6e\247\226?\214)\305u\272H\270un\223\370\316"
 125      3665A796 
 125      3F8C29C5 
 125      75BA48B8 
 125      756E93F8 
 126 0184 77DFD20E 		.ascii	"w\337\322\016\211O\010A1;&Ql\3563E4\002L\377\354\277"
 126      894F0841 
 126      313B2651 
 126      6CEE3345 
 126      34024CFF 
 127 019a E12C564C 		.ascii	"\341,VLJ\276\244\374\371\232y\203MJ\001\246s\224\031"
 127      4ABEA4FC 
 127      F99A7983 
 127      4D4A01A6 
 127      739419
 128 01ad 93B296F9 		.ascii	"\223\262\226\371uL\316\347\300K\206\347p\351\334I\233"
 128      754CCEE7 
 128      C04B86E7 
 128      70E9DC49 
 128      9B
 129 01be 44473FF6 		.ascii	"DG?\366MX\315M\024B\031\213Co\235)\334\212\320\266\275"
 129      4D58CD4D 
 129      1442198B 
 129      436F9D29 
 129      DC8AD0B6 
 130 01d3 C352A52D 		.ascii	"\303R\245-\264_v!\331e\340a\372\225\243r@tP\366\254"
 130      B45F7621 
 130      D965E061 
 130      FA95A372 
 130      407450F6 
 131 01e8 CEB76216 		.ascii	"\316\267b\026)$L\2753\250\224\322\214\307a\226\343I"
ARM GAS  /tmp/ccVRGfyZ.s 			page 10


 131      29244CBD 
 131      33A894D2 
 131      8CC76196 
 131      E349
 132 01fa AE1165F8 		.ascii	"\256\021e\370\362J\277M6V\001\274\240:\324\364w\016"
 132      F24ABF4D 
 132      365601BC 
 132      A03AD4F4 
 132      770E
 133 020c A3128C94 		.ascii	"\243\022\214\224ju\233\256\375?\255\266us\372\2211g"
 133      6A759BAE 
 133      FD3FADB6 
 133      7573FA91 
 133      3167
 134 021e 6AA5105E 		.ascii	"j\245\020^\347\333\331*\2429<\313^\0246/\212\261\375"
 134      E7DBD92A 
 134      A2393CCB 
 134      5E14362F 
 134      8AB1FD
 135 0231 15151E7A 		.ascii	"\025\025\036z\203\276\220?x\306\027\272T\036\010\324"
 135      83BE903F 
 135      78C617BA 
 135      541E08D4 
 136 0241 7BAA0FFA 		.ascii	"{\252\017\372\2174\224\327\326\326x\352C\376&_(\354"
 136      8F3494D7 
 136      D6D678EA 
 136      43FE265F 
 136      28EC
 137 0253 A93B7C74 		.ascii	"\251;|t\317\256\252\252\213\236\246*\217\227 \307s\201"
 137      CFAEAAAA 
 137      8B9EA62A 
 137      8F9720C7 
 137      7381
 138 0265 8A934C6B 		.ascii	"\212\223Lk\014\206\263\266%\330p\301\027**\011\357,"
 138      0C86B3B6 
 138      25D870C1 
 138      172A2A09 
 138      EF2C
 139 0277 395FB6D7 		.ascii	"9_\266\327\355\015z\0035'NW\207\303\276P\243\373\224"
 139      ED0D7A03 
 139      35274E57 
 139      87C3BE50 
 139      A3FB94
 140 028a D71FF0D5 		.ascii	"\327\037\360\325\263\277\357\327\001\177"
 140      B3BFEFD7 
 140      017F
 141              		.text
 142              		.section	.gnu.lto_.symbol_nodes.7092bd14c35caf5,"e",%progbits
 143 0000 789C6DCD 		.ascii	"x\234m\315\273\021\2000\014\003P)v\301\026\254\002w"
 143      BB118030 
 143      0C035029 
 143      76C116AC 
 143      0277
 144 0012 ECE5140C 		.ascii	"\354\345\024\014\300<\320R3\007\277\035\300\020H\025"
 144      C03CD052 
 144      3307BF1D 
 144      C0104815 
ARM GAS  /tmp/ccVRGfyZ.s 			page 11


 145 0022 553ABF3B 		.ascii	"U:\277;\271\0021\301\023V\032\242G9,\200\001cl\035\037"
 145      B90231C1 
 145      13561AA2 
 145      47392C80 
 145      01636C1D 
 146 0037 DA682C13 		.ascii	"\332h,\023\017Z\270\276\324/\303W\032\227\235&e9iZ\024"
 146      0F5AB8BE 
 146      D42FC357 
 146      1A979D26 
 146      6539695A 
 147 004c 81A4375D 		.ascii	"\201\2447]n=\005!\325\231\302\354\324\377\210\033:<"
 147      6E3D0521 
 147      D599C2EC 
 147      D4FF881B 
 147      3A3C
 148 005e 3F96     		.ascii	"?\226"
 149              		.text
 150              		.section	.gnu.lto_.refs.7092bd14c35caf5,"e",%progbits
 151 0000 789CE360 		.ascii	"x\234\343``\004B \000\000\000]\000\013"
 151      60044220 
 151      0000005D 
 151      000B
 152              		.text
 153              		.section	.gnu.lto_.decls.7092bd14c35caf5,"e",%progbits
 154 0000 789CAD57 		.ascii	"x\234\255WkP\024\331\025\356\323w\006f\332\001\211\230"
 154      6B5014D9 
 154      15EED377 
 154      0666DA01 
 154      8998
 155 0012 D52DCCC6 		.ascii	"\325-\314\306l\361cS\211\262\256[\331\230\344\307\262"
 155      6CF16353 
 155      89B2AE5B 
 155      D998E4C7 
 155      B2
 156 0023 EB96A98A 		.ascii	"\353\226\251\212\246R1\251\332\332?H`\012\251\240P\303"
 156      A65231A9 
 156      DADA3F48 
 156      600AA9A0 
 156      50C3
 157 0035 AC31BFB6 		.ascii	"\2541\277\266a\020\321\025\030\027T@\345\345\003|\203"
 157      6110D115 
 157      18175440 
 157      E5E5037C 
 157      83
 158 0046 BA80800A 		.ascii	"\272\200\200\012\242<| >x\011\014\017Qq\021W]\001\025"
 158      A23C7C20 
 158      3E78090C 
 158      0F517111 
 158      575D0115 
 159 005a 849C7B6F 		.ascii	"\204\234{o\367L\017\014&\225\244\341N\367\275}\316w"
 159      F74C0F0C 
 159      2695A4E1 
 159      4EF7BD7D 
 159      CE77
 160 006c BE73EEB9 		.ascii	"\276s\356\271\347\3665\010 \224\372\011\202E\024\204"
 160      E7F63508 
 160      2094FA09 
ARM GAS  /tmp/ccVRGfyZ.s 			page 12


 160      82451484 
 161 007c 35200893 		.ascii	"5 \010\223x\021A\020n`3`\253\307v\035[;\2666l\016l_"
 161      78114110 
 161      6E603360 
 161      ABC7761D 
 161      5B3BB636 
 162 0094 60EBC6D6 		.ascii	"`\353\306\326+\360K\217\3559\266W\264\203\030\263\260"
 162      2BF04B8F 
 162      ED39B657 
 162      B48318B3 
 162      B0
 163 00a5 F98130ED 		.ascii	"\371\2010\355z\210c\363\360\376\014\333\034ls5\370\024"
 163      7A8863F3 
 163      F0FE0CDB 
 163      1C6C7335 
 163      F814
 164 00b7 CB0BDF7F 		.ascii	"\313\013\337\177\204m\001>_\301\366k\3406\333\025\273"
 164      846D013E 
 164      5FC1F66B 
 164      E036DB15 
 164      BB
 165 00c8 CB80DB96 		.ascii	"\313\200\333\226\360^\213\367\337\340\375\267\330\306"
 165      F05E8BF7 
 165      DFE0FDB7 
 165      D8C6
 166 00d6 F17912DB 		.ascii	"\361y\022\3335n^\270\210\215(\234(\027\301\003\227a"
 166      356E5EB8 
 166      888D289C 
 166      2817C103 
 166      9761
 167 00e8 1CF3F7C0 		.ascii	"\034\363\367\300\245{\012\217\377\204\303\357\260\315"
 167      A57B0A8F 
 167      FF84C3EF 
 167      B0CD
 168 00f6 0677DBAF 		.ascii	"\006w\333\257\204\231\343\260\213\200#~\357\013S\012"
 168      8499E3B0 
 168      8B80237E 
 168      EF0B530A 
 169 0106 813912E8 		.ascii	"\2019\022\350\260\233~\371t\203\204\335\271\022,\304"
 169      B09B7EF9 
 169      748384DD 
 169      B9122CC4 
 170 0116 6EC7D9EB 		.ascii	"n\307\331\353\015>D\004*yh\317\320s\010:&\363\313\260"
 170      0D3E4404 
 170      2A7968CF 
 170      D073083A 
 170      26F3CBB0 
 171 012a 8D085009 		.ascii	"\215\010P\011\304\205\324\275\347B\206\027Y\305d;6\025"
 171      C485D4BD 
 171      E7428617 
 171      59C5643B 
 171      3615
 172 013c A780FF76 		.ascii	"\247\200\377vEV\006n\033\316\203?\234\205 E\341h_U\241"
 172      4556066E 
 172      1BCE833F 
 172      9C852045 
 172      E1685F55 
ARM GAS  /tmp/ccVRGfyZ.s 			page 13


 173 0151 0FF99C29 		.ascii	"\017\371\234)\334\334\373<IR\025\022\024\005\250\002"
 173      DCDCFB3C 
 173      49521512 
 173      1405A802 
 174 0161 324567C7 		.ascii	"2Eg\307\2213\311\222i\253,\307\313\2716\331\370{\250"
 174      9133C992 
 174      69AB2CC7 
 174      CBB936D9 
 174      F87BA8
 175 0174 C6D71510 		.ascii	"\306\327\025\020\000\345\020\200\012\027\300\304\344"
 175      00E51080 
 175      0A17C0C4 
 175      E4
 176 0181 C4E769F7 		.ascii	"\304\347i\367Z}\301?\220!\242\244\014:A#W\303A\341\""
 176      5A7DC13F 
 176      9021A2A4 
 176      0C3A4123 
 176      57C341E1 
 177 0196 0452E07C 		.ascii	"\004R\340|\212W\325\272\367\303\272\272D\331^\015\024"
 177      8A57D5BA 
 177      F7C3BABA 
 177      44D95E0D 
 177      14
 178 01a7 07CEA1F1 		.ascii	"\007\316\241\361\0327\364 \372\263$\200\021\331_\320"
 178      1A37F420 
 178      FAB32480 
 178      11D95FD0 
 179 01b7 3F229263 		.ascii	"?\"\222c\300\330'\017\227W\022\177\305V\202\233-\270"
 179      C0D8270F 
 179      9757127F 
 179      C556829B 
 179      2DB8
 180 01c9 A4C068CC 		.ascii	"\244\300h\314\241\306\017-\215%n~\324\272Y\252S\374"
 180      A1C60F2D 
 180      8D256E7E 
 180      D4BA59AA 
 180      53FC
 181 01db 8091C194 		.ascii	"\200\221\301\224\353\336\252\\\302\014rP\017&\224\255"
 181      EBDEAA5C 
 181      C20C7250 
 181      0F2694AD 
 182 01eb EA497E49 		.ascii	"\352I~Ip\356\026H0\011\330\257\373~\3506\360>\205zX"
 182      70EE1648 
 182      3009D8AF 
 182      FB7EE836 
 182      F03E857A 
 183 0200 D53C6830 		.ascii	"\325<h0$R(\271F&\363\005X\032\000\357S\224+``!\206\313"
 183      245228B9 
 183      4626F305 
 183      581A00EF 
 183      53942B60 
 184 0218 08DC80C0 		.ascii	"\010\334\200\300(=9\350\350\321\223J\356\337\300\366"
 184      283D39E8 
 184      E8D1934A 
 184      EEDFC0F6 
 185 0228 4D0F741E 		.ascii	"M\017t\036T\341*:\347I\373jyk\361l\255{\327P\310E\273"
 185      54E12A3A 
ARM GAS  /tmp/ccVRGfyZ.s 			page 14


 185      E749FB6A 
 185      796BF16C 
 185      AD7BD750 
 186 023f 51756FE8 		.ascii	"Quo\350j^\227\250u\317\223\034\\g\356=H\274:\341\315"
 186      6A5E97A8 
 186      75CF931C 
 186      5C67EE3D 
 186      48BC3AE1 
 187 0254 3375014D 		.ascii	"3u\001M\334\322\0079>R\2222\277\250\212\343.\315\033"
 187      DCD20739 
 187      3E529232 
 187      BFA88AE3 
 187      2ECD1B
 188 0267 20D1F982 		.ascii	" \321\371\202&\316\307\236\\\334-r\335\237`\367@\357"
 188      26CEC79E 
 188      5CDC2D72 
 188      DD9F60F7 
 188      40EF
 189 0279 399B9167 		.ascii	"9\233\221g\371\000\215T\363\213\263\257L\3446s\226\304"
 189      F9008D54 
 189      F38BB3AF 
 189      4CE43673 
 189      96C4
 190 028b 6D7DD54E 		.ascii	"m}\325N@\012\000\004\203$\346\363>\255\317\267\321\347"
 190      400A0004 
 190      8324E6F3 
 190      3EADCFB7 
 190      D1E7
 191 029d 660ADF82 		.ascii	"f\012\337\202\002\255\210\237)\033\330@\246\214\322"
 191      02AD889F 
 191      291BD840 
 191      A68CD2
 192 02ac 4FBE62CF 		.ascii	"O\276b\317\010\232R[\020g\230c\247\004\361\347c\240"
 192      089A525B 
 192      10679863 
 192      A704F1E7 
 192      63A0
 193 02be E3700B75 		.ascii	"\343p\013un2\206m0\207\323d\201\370\316\221PL\264\001"
 193      6E32866D 
 193      3087D364 
 193      81F8CE91 
 193      504CB401 
 194 02d2 C3D71A77 		.ascii	"\303\327\032w\332y \332Y \212\037\367\0370rg\252\251"
 194      DA7920DA 
 194      59208A1F 
 194      F71F3072 
 194      67AAA9
 195 02e5 EEFDF6A7 		.ascii	"\356\375\366\247E\306\031#\321\241D\342\016\217\304"
 195      45C61923 
 195      D1A144E2 
 195      0E8FC4
 196 02f4 BE84EA34 		.ascii	"\276\204\3524e\275_\240}[CS\255\027\017\205\235\026"
 196      65BD5FA0 
 196      7D5B4353 
 196      AD170F85 
 196      9D16
 197 0306 80B891D2 		.ascii	"\200\270\221\322\343\306\251\254\273\020\255\223\241"
ARM GAS  /tmp/ccVRGfyZ.s 			page 15


 197      E3C6A9AC 
 197      BB10AD93 
 197      A1
 198 0313 3928EB0E 		.ascii	"9(\353\016\306\232>\243Biy\332!gn$\374\273\334\200n"
 198      C69A3EA3 
 198      426979DA 
 198      21676E24 
 198      FCBBDC80 
 199 0328 30D0653C 		.ascii	"0\320e<X\362\214\220v\236]\027\017\225\254\227<\004"
 199      58F28C90 
 199      769E5D17 
 199      0F95AC97 
 199      3C04
 200 033a BA0758EE 		.ascii	"\272\007X\356\322\205\343T\357\005\0115\362\272z\316"
 200      D285E354 
 200      EF050935 
 200      F2BA7ACE 
 201 034a 1B7B114B 		.ascii	"\033{\021K\244<`\300\033\004\372G\177x\341\240w\240"
 201      A43C60C0 
 201      1B04FA47 
 201      7F78E1A0 
 201      77A0
 202 035c CFA0EC24 		.ascii	"\317\240\354$\354\002z)r\202R&\3251~S\177\370\230\250"
 202      EC027A29 
 202      72825226 
 202      D5317E53 
 202      7FF898A8 
 203 0370 A0884A91 		.ascii	"\240\210J\221\003\256\303\321YW\003\315\337\203\362"
 203      03AEC3D1 
 203      595703CD 
 203      DF83F2
 204 037f 5E05E10A 		.ascii	"^\005\341\012j\375S\025\225!Q1\247\325\200i\214]\200"
 204      6AFD5315 
 204      95215131 
 204      A7D58069 
 204      8C5D80
 205 0392 821354BD 		.ascii	"\202\023T\275\300Y}\263_'\347\370\366AO\034N\\\321\353"
 205      C0597DB3 
 205      5F27E7F8 
 205      F6414F1C 
 205      4E5CD1EB 
 206 03a6 273F15E0 		.ascii	"'?\025\340\307\366\205\002\213\357\256\332\227w\365"
 206      C7F68502 
 206      8BEFAEDA 
 206      9777F5
 207 03b5 64B3E8B9 		.ascii	"d\263\350\271\0120\230{\036\326\360\264EO\005\351\244"
 207      0A30987B 
 207      1ED6F0B4 
 207      454F05E9 
 207      A4
 208 03c6 7A129EB6 		.ascii	"z\022\236\266\340\357\273-\344\007\352\202O\263O<\324"
 208      E0EFBB2D 
 208      E407EA82 
 208      4FB34F3C 
 208      D4
 209 03d7 E9443E04 		.ascii	"\351D>\004_\352\336\260Y<t+\374O[q\365O\333 hqu\227"
 209      5FEADEB0 
ARM GAS  /tmp/ccVRGfyZ.s 			page 16


 209      593C742B 
 209      FC4F5B71 
 209      F54FDB20 
 210 03ef 4BCFFFB6 		.ascii	"K\317\377\266\313\255\260~\347V0\007U\"\017o\264\226"
 210      CBADB07E 
 210      E7563007 
 210      55220F6F 
 210      B496
 211 0401 FB302238 		.ascii	"\3730\"8\204U\2001I\274d\257\360\341\213C\244i\326\334"
 211      84558031 
 211      49BC64AF 
 211      F0E18B43 
 211      A469D6DC 
 212 0415 140F7C6D 		.ascii	"\024\017|m\370a\2672q\370\012]:\363\260\276R\351\226"
 212      F861B732 
 212      71F80A5D 
 212      3AF3B0BE 
 212      52E996
 213 0428 AFD3AE78 		.ascii	"\257\323\256x\363\276\374\025\3663\367\335\377\003\311"
 213      F3BEFC15 
 213      F633F7DD 
 213      FF03C9
 214 0437 E361EE2E 		.ascii	"\343a\356.\330T\016|M\272'\365S`\0124\251\237 \253\357"
 214      D8540E7C 
 214      4DBA27F5 
 214      53600A34 
 214      A99F20AB 
 215 044c 79F8CA1A 		.ascii	"y\370\312\032\363\257\303\274\035l\325\331d?\021\236"
 215      F3AFC3BC 
 215      1D6CD5D9 
 215      643F119E 
 216 045c E1AA7B8C 		.ascii	"\341\252{\214\357\207\030\353\037`\236\000\217\220#"
 216      EF8718EB 
 216      1F609E00 
 216      8F9023
 217 046b A37E2D23 		.ascii	"\243~-#\243\320\364n\256\334\323\203{V\343/\013.%\312"
 217      A3D0F46E 
 217      AEDCD383 
 217      7B56E32F 
 217      0B2E25CA 
 218 047f 4DA8F831 		.ascii	"M\250\3701\223\203~4\240\204\203>\013p\027\372\000\377"
 218      93837E34 
 218      A084833E 
 218      0B7017FA 
 218      00FF
 219 0491 7B69223D 		.ascii	"{i\"=\207w\021\240\360\326\315~\221\014\213\377]m\257"
 219      877711A0 
 219      F0D6CD7E 
 219      910C8BFF 
 219      5D6DAF
 220 04a4 C9EACB36 		.ascii	"\311\352\3136\261\310\215\340[>\205\251\335\235i\222"
 220      B1C88DE0 
 220      5B3E85A9 
 220      DD9D6992 
 221 04b4 339AA33C 		.ascii	"3\232\243<\232\367kv\036\362\235\331\251\227\324\251"
 221      9AF76B76 
 221      1EF29DD9 
ARM GAS  /tmp/ccVRGfyZ.s 			page 17


 221      A997D4A9 
 222 04c4 17AA5377 		.ascii	"\027\252Sw\034[\236J\212S}og\311UHG\026\251\020\014"
 222      1C5B9E4A 
 222      8A537D6F 
 222      67C95548 
 222      4716A910 
 223 04d9 6B3C1A9E 		.ascii	"k<\032\236\352\321+\346Q_\326\305\"_\222J\230G}\325"
 223      EAD12BE6 
 223      515FD6C5 
 223      225F924A 
 223      98477DD5 
 224 04ed E9495EDA 		.ascii	"\351I^\332\024\300\242\241I\201q5\005\206\007\352\355"
 224      14C0A2A1 
 224      49817135 
 224      058607EA 
 224      ED
 225 04fe 7A467ADC 		.ascii	"zFz\334\231\213\235\003\216=\204\215\321O\200\327\334"
 225      998B9D03 
 225      8E3D848D 
 225      D14F80D7 
 225      DC
 226 050f 9189B286 		.ascii	"\221\211\262\206\002\375\314\216LRG&TG\262\263o\367"
 226      02FDCC8E 
 226      4C524726 
 226      5447B2B3 
 226      6FF7
 227 0521 FB524764 		.ascii	"\373RGd\234\235G\357\215\267\015\310I\022\023\2021\215"
 227      9C9D47EF 
 227      8DB70DC8 
 227      49121382 
 227      318D
 228 0533 2363CAA7 		.ascii	"#c\312\247\023\310\"u`\313\350\201\333\022\271\312\035"
 228      13C82275 
 228      60CBE881 
 228      DB12B9CA 
 228      1D
 229 0544 48EA1F3E 		.ascii	"H\352\037>;K\255\210\011o\332zP\270\347\361\005\273"
 229      3B4BAD88 
 229      096FDA7A 
 229      50B8E7F1 
 229      05BB
 230 0556 DBCE112F 		.ascii	"\333\316\021/j\275\265\211\212\267\227K\322*y\302\263"
 230      6ABDB589 
 230      8AB7974B 
 230      D22A79C2 
 230      B3
 231 0567 219A4797 		.ascii	"!\232G\227nex\223.f\223T\357o=e\004#\337\36563\3236"
 231      6E657893 
 231      2E669354 
 231      EF6F3D65 
 231      0423DFF5 
 232 057f 3B7E33AA 		.ascii	";~3\252\2467\211\270<D\243\000\233\305\000H\022\371"
 232      A63789B8 
 232      3C44A300 
 232      9BC50048 
 232      12F9
 233 0591 AE4707D8 		.ascii	"\256G\007\330\256\347\307\036\351\222\251\337\2354\233"
ARM GAS  /tmp/ccVRGfyZ.s 			page 18


 233      AEE7C71E 
 233      E992A9DF 
 233      9D349B
 234 05a0 59C10148 		.ascii	"Y\301\001H\020Y\374\332\212\037\364\317\322\306o\355"
 234      1059FCDA 
 234      8A1FF4CF 
 234      D2C66FED 
 235 05b0 5B9AF06D 		.ascii	"[\232\360m\0251|[D%|}\243]}\222\022\276\211\303~y\266"
 235      15317C5B 
 235      44257C7D 
 235      A35D7D92 
 235      12BE89C3 
 236 05c7 DCF7A804 		.ascii	"\334\367\250\004\304\211\256\330\3413\217\335\327,v"
 236      C489AED8 
 236      E1338FDD 
 236      D72C76
 237 05d6 672B0F3C 		.ascii	"g+\017<!\344.\217]\333\344\226\203\300\010\320Y\347"
 237      21E42E8F 
 237      5DDBE496 
 237      83C008D0 
 237      59E7
 238 05e8 93DA7CF1 		.ascii	"\223\332|\361\\\247\3369\251\311\234TNs\227M\234yRS"
 238      5CA7DE39 
 238      A9C99C54 
 238      4E73974D 
 238      9C795253 
 239 05fc 29AB1495 		.ascii	")\253\024\225\325\323\323M?SH\215\274\236\237OI\241"
 239      D5D3D34D 
 239      3F53488D 
 239      BC9E9F4F 
 239      49A1
 240 060e 006CD390 		.ascii	"\000l\323\220\332\246\222\2623R\311q\273\203\311\010"
 240      DAA692B2 
 240      3352C971 
 240      BB83C908 
 241 061e E774B266 		.ascii	"\347t\262f\364\216\211\214\361NQ\346h\027]*\360\015"
 241      F48E898C 
 241      F14E51E6 
 241      68175D2A 
 241      F00D
 242 0630 53C091E3 		.ascii	"S\300\221\343G\307\212\370\342\371\005\377\266t\330"
 242      47C78AF8 
 242      E2F905FF 
 242      B674D8
 243 063f 4E0CFA90 		.ascii	"N\014\372\220x\035\223\357,\352\353`\362;\320X\272\250"
 243      781D93EF 
 243      2CEAEB60 
 243      F23BD058 
 243      BAA8
 244 0651 8334CEFF 		.ascii	"\2034\316\377\346\350`\231N)\210UJ\325\204\235\370\016"
 244      E6E86099 
 244      4E298855 
 244      4AD5849D 
 244      F80E
 245 0663 7689DA82 		.ascii	"v\211\332\202\270\255\367\305\250\027\331\312\301\352"
 245      B8ADF7C5 
 245      A817D9CA 
ARM GAS  /tmp/ccVRGfyZ.s 			page 19


 245      C1EA
 246 0671 EEA5DFD3 		.ascii	"\356\245\337\323{P\202\014\004w\327\373\246\260+H\233"
 246      7B50820C 
 246      0477D7FB 
 246      A6B02B48 
 246      9B
 247 0682 5699A2B6 		.ascii	"V\231\242\266\216f\251iu~r\347y\035/\231lc?\\=n\342"
 247      8E66A969 
 247      757E72E7 
 247      791D2F99 
 247      6C633F5C 
 248 0699 25B38ABE 		.ascii	"%\263\212\276.-\335\\\343Cvp\353\352Yc.?k\250\325v."
 248      2E2DDD5C 
 248      E3437670 
 248      EBEA5963 
 248      2E3F6BA8 
 249 06b0 AFB60777 		.ascii	"\257\266\007w\355\030\323\223,.\272\267\270)u\266\247"
 249      ED18D393 
 249      2C2EBAB7 
 249      B82975B6 
 249      A7
 250 06c1 8F825C71 		.ascii	"\217\202\\q\332G\001\255IG\322\013M\344\010\323%\267"
 250      DA4701AD 
 250      4947D20B 
 250      4DE408D3 
 250      25B7
 251 06d3 5A86249A 		.ascii	"Z\206$\232\305\364\023\216f\351~Q\0228\222-\327\225"
 251      C5F4138E 
 251      66E97E51 
 251      1238922D 
 251      D795
 252 06e5 D1021B87 		.ascii	"\321\002\033\207}\230\316\007X:\243\310\373l\214\226"
 252      7D98CE07 
 252      583AA3C8 
 252      FB6C8C96 
 253 06f5 AE6B13D9 		.ascii	"\256k\023\331&r\222s\251(\330vA\357\211\313A\217\\\032"
 253      26729273 
 253      A928D876 
 253      41EF89CB 
 253      418F5C1A 
 254 0709 1D85E326 		.ascii	"\035\205\343&R\313u_\3107\222\364\244\211w\032\352\366"
 254      52CB755F 
 254      C83792F4 
 254      A489771A 
 254      EAF6
 255 071b 55FA7A02 		.ascii	"U\372z\002:\344\021h\330\221s\020H7\323\325\027n\252"
 255      3AE41168 
 255      D8917310 
 255      4837D3D5 
 255      176EAA
 256 072e CB9C0581 		.ascii	"\313\234\005\201\201\201\376\201\374\264\322287\336"
 256      8181FE81 
 256      FCB4D232 
 256      3837DE
 257 073d 969BE745 		.ascii	"\226\233\347E)\303\021\0048\201\023\224#*\276\341\007"
 257      29C31104 
 257      38811394 
ARM GAS  /tmp/ccVRGfyZ.s 			page 20


 257      232ABEE1 
 257      07
 258 074e DF611C3F 		.ascii	"\337a\034?&\006B6zGO88\343\216A1CN\372\000m\011L|\251"
 258      26064236 
 258      7A474F38 
 258      38E38E41 
 258      31434EFA 
 259 0768 535A39D8 		.ascii	"SZ9\330p\350\306\301\371.\350|\017\320y\012t\016\205"
 259      70E8C6C1 
 259      F92EE87C 
 259      0FD0790A 
 259      740E85
 260 077b E6D96463 		.ascii	"\346\331dc\331\344D<\301s\011\212P\3528\266\243\242"
 260      D9E4443C 
 260      C173098A 
 260      50EA38B6 
 260      A3A2
 261 078d E6A0553B 		.ascii	"\346\240U;\370\216\013\277\320\003~\201\202\257\234"
 261      F88E0BBF 
 261      D0037E81 
 261      82AF9C
 262 079c B5EC6DC9 		.ascii	"\265\354m\311\021\244\237\307\360N\316P\375l\177\017"
 262      11A49FC7 
 262      F04ECE50 
 262      FD6C7F0F 
 263 07ac 36A15801 		.ascii	"6\241X\001\362`\026\223b{\307\361\024\023\036\010\371"
 263      F2601693 
 263      627BC7F1 
 263      14131E08 
 263      F9
 264 07bd 89907EDF 		.ascii	"\211\220~\337\322S\332\0364\272\233:\001\247\024\315"
 264      D253DA1E 
 264      34BA9B3A 
 264      01A714CD 
 265 07cd 6F51EB   		.ascii	"oQ\353"
 266 07d0 B4932CC6 		.ascii	"\264\223,\306\254\345\021\306Y\316X\003'Qb/\332855p"
 266      ACE511C6 
 266      59CE5803 
 266      2751622F 
 266      DA383535 
 267 07e5 15E08ADC 		.ascii	"\025\340\212\334\243w\362lr\375\032\272>`\273\"\354"
 267      A377F26C 
 267      72FD1ABA 
 267      3E60BB22 
 267      EC
 268 07f6 F900B9B9 		.ascii	"\371\000\271\271$+_Y\277v9\301\215\015;\367z Ds\261"
 268      242B5F59 
 268      BF7639C1 
 268      8D0D3BF7 
 268      7A204473 
 269 080b FE4AADDB 		.ascii	"\376J\255\333\347M\211\233\201R\266,\351\215\236\023"
 269      E74D899B 
 269      8152B62C 
 269      E98D9E13 
 270 081b C64E95E9 		.ascii	"\306N\225\351\264\262\264\216\272d\313\270l\031\223"
 270      B4B2B48E 
 270      BA64CBB8 
ARM GAS  /tmp/ccVRGfyZ.s 			page 21


 270      6C1993
 271 082a DD937A64 		.ascii	"\335\223zd\247\333.\342p;\177\234\341\262g\230\354\351"
 271      A7DB2EE2 
 271      703B7F9C 
 271      E1B26798 
 271      ECE9
 272 083c 33131346 		.ascii	"3\023\023F\355\241\315#\207r&;>\332[\350\266\027\323"
 272      EDA1CD23 
 272      8772263B 
 272      3EDA5BE8 
 272      B617D3
 273 084f 7DD0255B 		.ascii	"}\320%[\301e+\230lv\367\376N_\255l\252\033\337J.Ko\301"
 273      C1652B98 
 273      6C76F7FE 
 273      4E5FAD6C 
 273      AA1BDF4A 
 274 0867 8B1707E1 		.ascii	"\213\027\007\341\177\214\331\022\031\263\326l\371\347"
 274      7F8CD912 
 274      19B3D66C 
 274      F9E7
 275 0875 A2A8A8F0 		.ascii	"\242\250\250\360\240\340U\221\177\216^\264r\345\362"
 275      A0E05591 
 275      7F8E5EB4 
 275      72E5F2
 276 0884 A0704BE4 		.ascii	"\240pK\344\006\263%6\350/\177Z\375\253\017\226,\331"
 276      06B32536 
 276      E82F7F5A 
 276      FDAB0F96 
 276      2CD9
 277 0896 18B46149 		.ascii	"\030\264aIP(\212\204\250\003\213\303\014+\376\370\327"
 277      50288A84 
 277      A8038BC3 
 277      0C2BFEF8 
 277      D7
 278 08a7 859F2E5B 		.ascii	"\205\237.[&H\0211\221\321!1\321\3770[~\024\032\023\032"
 278      26481131 
 278      91D12131 
 278      D1FF305B 
 278      7E141A13 
 279 08bc F569F47A 		.ascii	"\365i\364z\253%:j\005\035\265~\362\277\332Y+\370\252"
 279      AB253A6A 
 279      051DB57E 
 279      F2BFDA59 
 279      2BF8AA
 280 08cf CFCB99F0 		.ascii	"\317\313\231\360<kL,\353\206P9f6\304\274>\304\252\013"
 280      3C6B4C2C 
 280      EB865039 
 280      6636C4BC 
 280      3EC4AA0B 
 281 08e3 5B1B6A79 		.ascii	"[\033jyk\012\201\325\326P\2539\304*~(\030B-\3536|\264"
 281      6B0A81D5 
 281      D650AB39 
 281      C42A7E28 
 281      18422DEB 
 282 08fa 689D2085 		.ascii	"h\235 \205E[\254\346\215\213\326-\025\336v\203\2120"
 282      455BACE6 
 282      8D8BD62D 
ARM GAS  /tmp/ccVRGfyZ.s 			page 22


 282      15DE7683 
 282      8A30
 283 090c 5B9D707E 		.ascii	"[\235p~\024\347\263\215\221V\012\360e\354\377\301\217"
 283      14E7B38D 
 283      91560AF0 
 283      65ECFFC1 
 283      8F
 284 091d B029D662 		.ascii	"\260)\326b5\326\346La\275\302l\375\371\233\355\361\361"
 284      35D6E64C 
 284      61BDC26C 
 284      FDF99BED 
 284      F1F1
 285 092f E095181E 		.ascii	"\340\225\030\036Fu\371\337\"\202cc\315\026\353\252\330"
 285      4675F9DF 
 285      22826363 
 285      CD16EBAA 
 285      D8
 286 0940 087DC827 		.ascii	"\010}\310'\321\321QS1W\233\255::Q^1\241a\1777\207{\207"
 286      D1D15153 
 286      31579BAD 
 286      3A3A515E 
 286      31A1617F 
 287 0958 464546AC 		.ascii	"FEF\2547\207KT\214O\225n\235\331\032\352\247\366\203"
 287      37874B54 
 287      8C4F956E 
 287      9DD91AEA 
 287      A7F683
 288 096b C3ACE852 		.ascii	"\303\254\350R\210\325+\224=\370\253\343\313#-f\034\211"
 288      88D52B94 
 288      3DF8ABE3 
 288      CB232D66 
 288      1C89
 289 097d C6881BC3 		.ascii	"\306\210\033\303\325g_\365\355g\341\021\250\2433\343"
 289      D5675FF5 
 289      ED67E111 
 289      A8A333E3 
 290 098d CD39B60A 		.ascii	"\3159\266\012aC\254\377\002E\003\203T"
 290      6143ACFF 
 290      02450383 
 290      54
 291              		.text
 292              		.section	.gnu.lto_.symtab.7092bd14c35caf5,"e",%progbits
 293 0000 74707336 		.ascii	"tps6211x_lld_get_power_en\000"
 293      32313178 
 293      5F6C6C64 
 293      5F676574 
 293      5F706F77 
 294 001a 00       		.ascii	"\000"
 295 001b 00       		.ascii	"\000"
 296 001c 00       		.ascii	"\000"
 297 001d 00000000 		.ascii	"\000\000\000\000\000\000\000\000"
 297      00000000 
 298 0025 F4000000 		.ascii	"\364\000\000\000"
 299 0029 74707336 		.ascii	"tps6211x_lld_set_power_en\000"
 299      32313178 
 299      5F6C6C64 
 299      5F736574 
ARM GAS  /tmp/ccVRGfyZ.s 			page 23


 299      5F706F77 
 300 0043 00       		.ascii	"\000"
 301 0044 00       		.ascii	"\000"
 302 0045 00       		.ascii	"\000"
 303 0046 00000000 		.ascii	"\000\000\000\000\000\000\000\000"
 303      00000000 
 304 004e FA000000 		.ascii	"\372\000\000\000"
 305 0052 6170616C 		.ascii	"apalControlGpioGet\000"
 305      436F6E74 
 305      726F6C47 
 305      70696F47 
 305      657400
 306 0065 00       		.ascii	"\000"
 307 0066 02       		.ascii	"\002"
 308 0067 00       		.ascii	"\000"
 309 0068 00000000 		.ascii	"\000\000\000\000\000\000\000\000"
 309      00000000 
 310 0070 00010000 		.ascii	"\000\001\000\000"
 311 0074 6170616C 		.ascii	"apalDbgAssertMsg\000"
 311      44626741 
 311      73736572 
 311      744D7367 
 311      00
 312 0085 00       		.ascii	"\000"
 313 0086 02       		.ascii	"\002"
 314 0087 00       		.ascii	"\000"
 315 0088 00000000 		.ascii	"\000\000\000\000\000\000\000\000"
 315      00000000 
 316 0090 0B010000 		.ascii	"\013\001\000\000"
 317 0094 6170616C 		.ascii	"apalControlGpioSet\000"
 317      436F6E74 
 317      726F6C47 
 317      70696F53 
 317      657400
 318 00a7 00       		.ascii	"\000"
 319 00a8 02       		.ascii	"\002"
 320 00a9 00       		.ascii	"\000"
 321 00aa 00000000 		.ascii	"\000\000\000\000\000\000\000\000"
 321      00000000 
 322 00b2 10010000 		.ascii	"\020\001\000\000"
 323              		.text
 324              		.section	.gnu.lto_.opts,"e",%progbits
 325 0000 272D666E 		.ascii	"'-fno-openmp' '-fno-openacc' '-fno-pie' '-mcpu=cort"
 325      6F2D6F70 
 325      656E6D70 
 325      2720272D 
 325      666E6F2D 
 326 0033 65782D6D 		.ascii	"ex-m3' '-mthumb' '-mfloat-abi=soft' '-march=armv7-m"
 326      33272027 
 326      2D6D7468 
 326      756D6227 
 326      20272D6D 
 327 0066 2720272D 		.ascii	"' '-O2' '-fstack-usage' '-ffunction-sections' '-fda"
 327      4F322720 
 327      272D6673 
 327      7461636B 
 327      2D757361 
ARM GAS  /tmp/ccVRGfyZ.s 			page 24


 328 0099 74612D73 		.ascii	"ta-sections' '-fno-common' '-flto' '-fshort-enums'\000"
 328      65637469 
 328      6F6E7327 
 328      20272D66 
 328      6E6F2D63 
 329              		.text
 330              		.comm	__gnu_lto_v1,1,1
 331              		.comm	__gnu_lto_slim,1,1
 332              		.ident	"GCC: (GNU Arm Embedded Toolchain 9-2020-q2-update) 9.3.1 20200408 (release)"
ARM GAS  /tmp/ccVRGfyZ.s 			page 25


DEFINED SYMBOLS
                            *ABS*:0000000000000000 alld_TPS6211x.c
                            *COM*:0000000000000001 __gnu_lto_v1
                            *COM*:0000000000000001 __gnu_lto_slim

NO UNDEFINED SYMBOLS
