ARM GAS  /tmp/cctOnMUY.s 			page 1


   1              		.cpu cortex-m3
   2              		.eabi_attribute 20, 1
   3              		.eabi_attribute 21, 1
   4              		.eabi_attribute 23, 3
   5              		.eabi_attribute 24, 1
   6              		.eabi_attribute 25, 1
   7              		.eabi_attribute 26, 1
   8              		.eabi_attribute 30, 2
   9              		.eabi_attribute 34, 1
  10              		.eabi_attribute 18, 4
  11              		.file	"alld_A3906.c"
  12              		.section	.gnu.lto_.profile.7e104d977e71d1d8,"e",%progbits
  13 0000 789CE360 		.ascii	"x\234\343``\004B \000\000\000]\000\013"
  13      60044220 
  13      0000005D 
  13      000B
  14              		.text
  15              		.section	.gnu.lto_.icf.7e104d977e71d1d8,"e",%progbits
  16 0000 789CE360 		.ascii	"x\234\343``d\020a@\000f\206[\273{^01>:\325\363\216\213"
  16      60641061 
  16      40006686 
  16      5BBB7B5E 
  16      30313E3A 
  17 0018 E957EBDB 		.ascii	"\351W\353\333\227L\014\000f\304\011\266"
  17      974C0C00 
  17      66C409B6 
  18              		.text
  19              		.section	.gnu.lto_.jmpfuncs.7e104d977e71d1d8,"e",%progbits
  20 0000 789C9592 		.ascii	"x\234\225\222\277K\002a\030\307\237\347\336S\317\032"
  20      BF4B0261 
  20      18C79FE7 
  20      DE53CF1A 
  21 0010 FA0324D2 		.ascii	"\372\003$\322A\250A\257\010\202\"\004\301\321\026\267"
  21      41A841AF 
  21      08822204 
  21      C1D116B7 
  22 0020 68882BAF 		.ascii	"h\210+\257\022\016\222\263\204\026\013\232Z\\k\273\271"
  22      120E92B3 
  22      84160B9A 
  22      5A5C6BBB 
  22      B9
  23 0031 A6A686CA 		.ascii	"\246\246\206\312\262\037Z\031\350\320\036\205KD\341"
  23      B21F5A19 
  23      E8D01E85 
  23      4B44E1
  24 0040 E0568A3D 		.ascii	"\340V\212=\347]uYi\275\274\317\360>\317\367}\336\357"
  24      E75D7559 
  24      69BDBCCF 
  24      F03ECFF7 
  24      7DDEEF
  25 0053 E7E11500 		.ascii	"\347\341\025\000!\302\000\246\300X\0148D\266\2521\240"
  25      21C200A6 
  25      C0580C38 
  25      44B6AA31 
  25      A0
  26 0064 401E00B3 		.ascii	"@\036\000\263<\002E\203V\017|\236\021\271M\206\351\365"
  26      3C024583 
ARM GAS  /tmp/cctOnMUY.s 			page 2


  26      560F7C9E 
  26      11B94D86 
  26      E9F5
  27 0076 CAAD9066 		.ascii	"\312\255\220f\032\343\020p\037]\224\332\333x\336v\032"
  27      1AE31070 
  27      1F5D94DA 
  27      DB78DE76 
  27      1A
  28 0087 29C40374 		.ascii	")\304\003t\011|\334*\244\367\360\020]\226F\300\250\236"
  28      097CDC2A 
  28      A4F7F010 
  28      5D9646C0 
  28      A89E
  29 0099 7B2C6738 		.ascii	"{,g8\017jk[n\215\221(\203\236\017EM\177\032\231\265"
  29      0F6A6B5B 
  29      6E8D9128 
  29      839E0F45 
  29      4D7F1A99 
  30 00ae 0B15F008 		.ascii	"\013\025\360\010]z\350\371z\366\246\316<}\306m\033\340"
  30      5D7AE8F9 
  30      7AF6A6CE 
  30      3C7DC66D 
  30      1BE0
  31 00c0 F1F7DBEF 		.ascii	"\361\367\333\357r\335\365C\365i\307\246\267\261c\000"
  31      72DDF543 
  31      F569C7A6 
  31      B7B16300 
  32 00d0 B36446D7 		.ascii	"\263dF\327\006t=\240\005\337\321\006\277\361\265k\013"
  32      06743DA0 
  32      05DFD106 
  32      BFF1B56B 
  32      0B
  33 00e1 A483EC9D 		.ascii	"\244\203\354\235P\245\003\344\351\3576\177\242:kOu\267"
  33      50A503E4 
  33      E9EF367F 
  33      A23A6B4F 
  33      75B7
  34 00f3 9BAF761B 		.ascii	"\233\257v\033T%\300s\023\253\004M.2\370\227\261\347"
  34      5425C073 
  34      13AB044D 
  34      2E32F897 
  34      B1E7
  35 0105 FEE728DF 		.ascii	"\376\347(\337\336Q\245\3602i\030*\002^\230\206\212\206"
  35      DE51A5F0 
  35      3269182A 
  35      025E9886 
  35      8A86
  36 0117 218ED1F7 		.ascii	"!\216\321\367p\320\224\005\324\230\223\242\313\316\247"
  36      70D09405 
  36      D49893A2 
  36      CBCEA7
  37 0126 5A070C7C 		.ascii	"Z\007\014|\012-)\2443g\2250h\031\274@#\277\354\214y"
  37      0A2D29A4 
  37      33679530 
  37      6819BC40 
  37      23BFEC8C 
  38 013b F53FCC42 		.ascii	"\365?\314B{\314\332k\366\336\374Ne\300k\223\263lpB\257"
ARM GAS  /tmp/cctOnMUY.s 			page 3


  38      7BCCDA6B 
  38      F6DEFC4E 
  38      65C06B93 
  38      B36C7042 
  39 0150 37D1EF5D 		.ascii	"7\321\357]\036\030sKqI\011\315\314\007\023\011Y]r\317"
  39      1E18734B 
  39      714909CD 
  39      CC071309 
  39      595D72CF 
  40 0164 4931458E 		.ascii	"I1E\216\302\270\337/\322\216\313j,\276 \253+>E\211\212"
  40      C2B8DF2F 
  40      D28ECB6A 
  40      2CBE20AB 
  40      2B3E4589 
  41 0179 C1895864 		.ascii	"\301\211Xd\321\027\016\207\304\250\032K\312jB\014\016"
  41      D1170E87 
  41      C4A81A4B 
  41      CA6A420C 
  41      0E
  42 018a 8F0E8E88 		.ascii	"\217\016\216\210\311!Q\242\372t\363\344\237\2057\336"
  42      C92151A2 
  42      FA74F3E4 
  42      9F8537DE 
  43 019a 3D0A92   		.ascii	"=\012\222"
  44              		.text
  45              		.section	.gnu.lto_.inline.7e104d977e71d1d8,"e",%progbits
  46 0000 789C8D4F 		.ascii	"x\234\215OI\016\2030\014\034\333)\315\005z\354\225\027"
  46      490E8330 
  46      0C1CDB29 
  46      CD057AEC 
  46      9517
  47 0012 E5111409 		.ascii	"\345\021\024\011^\201\332[\217y\022O\342\011\035\247"
  47      5E81DA5B 
  47      8F79124F 
  47      E2091DA7 
  48 0022 6A4439E1 		.ascii	"jD9\341H\223\211\227\3118B \202\032\006\334\236\014"
  48      48938997 
  48      C9384220 
  48      821A06DC 
  48      9E0C
  49 0034 9D45D1B3 		.ascii	"\235E\321\263 \221\020\244\344\006\340\312{\325Q\301"
  49      209110A4 
  49      E406E0CA 
  49      7BD551C1 
  50 0044 53720F84 		.ascii	"Sr\017\204\312\242+\204\226\2409\345t\351\374\231\023"
  50      CAA22B84 
  50      96A039E5 
  50      74E9FC99 
  50      13
  51 0055 51E4CE96 		.ascii	"Q\344\316\226\267UU\207\320\370\234\215@\374\222\023"
  51      B7555587 
  51      D0F89C8D 
  51      40FC9213 
  52 0065 AAD889EE 		.ascii	"\252\330\211\356\250\242c\363f\023wqi\256\361bb\001"
  52      A8A263F3 
  52      66137771 
  52      69AEF162 
ARM GAS  /tmp/cctOnMUY.s 			page 4


  52      6201
  53 0077 CA1F47C3 		.ascii	"\312\037G\303\277as\233\177F\361\001\016\225,\350"
  53      BF61739B 
  53      7F46F101 
  53      0E952CE8 
  54              		.text
  55              		.section	.gnu.lto_.pureconst.7e104d977e71d1d8,"e",%progbits
  56 0000 789CE360 		.ascii	"x\234\343``d\340b```f\230\311\3028\213\205i\006\013"
  56      6064E062 
  56      60606066 
  56      98C9C238 
  56      8B856906 
  57 0015 000A9201 		.ascii	"\000\012\222\001\361"
  57      F1
  58              		.text
  59              		.section	.gnu.lto_a3906_lld_set_power.7e104d977e71d1d8,"e",%progbits
  60 0000 789C5D52 		.ascii	"x\234]R\337KSa\030~\237\363m\3638\235\375\270)\030\302"
  60      DF4B5361 
  60      187E9FF3 
  60      6DF3389D 
  60      FDB82918 
  61 0015 84C476A1 		.ascii	"\204\304v\241[\010A\021\225`wvQ\377\200\314\\5\0319"
  61      5B084111 
  61      95607776 
  61      51FF80CC 
  61      5C351939 
  62 0029 3633BAF2 		.ascii	"63\272\362\333T\206\024&\2228/\306\021BV\"Z\020\005"
  62      DB548614 
  62      2692382F 
  62      C6114256 
  62      225A1005 
  63 003d FEEA9469 		.ascii	"\376\352\224i9\205\312.\372qaP7%jAEB\376\350\375v\024"
  63      3985CA2E 
  63      FA716150 
  63      37256A41 
  63      4542FEE8 
  64 0054 A1C3391F 		.ascii	"\241\3039\037\337\373\275\317\363\276\357\363|G'\320"
  64      DFFBBDCF 
  64      F3BEEFF3 
  64      7C4727D0 
  65 0064 9C467485 		.ascii	"\234Ft\205\210\212\371\203 hR\312\323yq]\003r;\251\203"
  65      888AF983 
  65      206852CA 
  65      D379715D 
  65      03723BA9 
  66 0079 5A34B4E0 		.ascii	"Z4\264\340\226\350\025\030\033\032\371Q\344\315pF\232"
  66      96E81518 
  66      1B1AF951 
  66      E4CD7046 
  66      9A
  67 008a BD6BDE44 		.ascii	"\275k\336Dk\373AC\020\3651\261\322\015\277\233\324\203"
  67      6BFB4143 
  67      10F531B1 
  67      D20DBF9B 
  67      D483
  68 009c 517819BB 		.ascii	"Qx\031\273\230H\257\025v\012C\0006\016og\037\316:U\250"
  68      9848AF15 
ARM GAS  /tmp/cctOnMUY.s 			page 5


  68      760A4300 
  68      360E6F67 
  68      1FCE3A55 
  69 00b1 C1C361EF 		.ascii	"\301\303a\357\373\231\244K\234\002\361\276{\352\215"
  69      FB99A44B 
  69      9C02F1BE 
  69      7BEA8D
  70 00c0 AB6C4076 		.ascii	"\253l@v%\244\271\236\021\362\220!\004& T\325q\2701\006"
  70      25A4B99E 
  70      11F29021 
  70      04262054 
  70      D571B831 
  71 00d5 AECB675C 		.ascii	"\256\313g\\y\022e\214\037\035\232\374\233'\316\344\270"
  71      7912658C 
  71      1F1D9AFC 
  71      9B27CEE4 
  71      B8
  72 00e6 7FB20B0D 		.ascii	"\177\262\013\015\333\334_\356\2244a\010\033\236X\344"
  72      DBDC5FEE 
  72      94346108 
  72      1B9E58E4 
  73 00f6 ED91F884 		.ascii	"\355\221\370\204\251&\312H\021>?\330\354q9ljf5\353S"
  73      A926CA48 
  73      113E3FD8 
  73      EC71396C 
  73      6A6635EB 
  74 010b 38D805A2 		.ascii	"8\330\005\242\221\005\273)7\267\222\322\\=\220\255+"
  74      9105BB29 
  74      37B792D2 
  74      5C3D90AD 
  74      2B
  75 011c 00B3EC1A 		.ascii	"\000\263\354\032/\016\241v6^\362\354P\375u\250RNR\272"
  75      2F0EA176 
  75      365EF2EC 
  75      50FD75A8 
  75      524E52BA 
  76 0130 E98620E5 		.ascii	"\351\206 \345\205\015\322$\272)4+\210s\260\204\326\327"
  76      850DD224 
  76      BA29342B 
  76      8873B084 
  76      D6D7
  77 0142 C9954655 		.ascii	"\311\225FU?-\220\026vn\335\331\372}QW\026\010\020\236"
  77      3F2D9016 
  77      766EDDD9 
  77      FA7D5157 
  77      1608109E 
  78 0156 B1AA6524 		.ascii	"\261\252e$=\271\0118\231\276;\277\225\337\206D\\7\204"
  78      3DB90938 
  78      99BE3BBF 
  78      95DF8644 
  78      5C3784
  79 0169 DEC708C2 		.ascii	"\336\307\010\302\024\332@\314\346\354\364\322\227\011"
  79      14DA40CC 
  79      E6ECF4D2 
  79      9709
  80 0177 ADE49C21 		.ascii	"\255\344\234!S\036C\344+|\317\247\337\031\227\302\247"
  80      531E43E4 
ARM GAS  /tmp/cctOnMUY.s 			page 6


  80      2B7CCFA7 
  80      DF1997C2 
  80      A7
  81 0188 A4E43327 		.ascii	"\244\3443'\236\243\304R3\3154\006l\230o7D\211fQ\012"
  81      9EA3C452 
  81      33CD3406 
  81      6C986F37 
  81      44896651 
  82 019d 14A57FA9 		.ascii	"\024\245\177\251\373\035v)\205\230\331\241\274\260("
  82      FB1D7629 
  82      8598D9A1 
  82      BCB028
  83 01ac 5F7F2E0F 		.ascii	"_\177.\017\332\325\200.\234\304K\270\015Q\304B\022\343"
  83      DAD5802E 
  83      9CC44BB8 
  83      0D51C442 
  83      12E3
  84 01be DF3AA61C 		.ascii	"\337:\246\034\226\022\215Q\346\307\373\037\212\006p"
  84      96128D51 
  84      E6C7FB1F 
  84      8A0670
  85 01cd 27CE62FB 		.ascii	"'\316b\373\007\225I{X_N\220\3522\3748\363\312\345\037"
  85      0795497B 
  85      585F4E90 
  85      EA32FC38 
  85      F3CAE51F 
  86 01e1 965D9C6D 		.ascii	"\226]\234m0\304^\314b\000)\313\355,\374\312\231\311"
  86      30C45ECC 
  86      620029CB 
  86      ED2CFCCA 
  86      99C9
  87 01f3 24AC7222 		.ascii	"$\254r\"-t\246<\352X\271\227\257\372\332\000\314q\035"
  87      2D74A63C 
  87      EA58B997 
  87      AFFADA00 
  87      CC711D
  88 0206 6EBABE83 		.ascii	"n\272\276\203\2611\214\235j\367X\241\363?\257\366\365"
  88      B1318C9D 
  88      6AF758A1 
  88      F33FAFF6 
  88      F5
  89 0217 09FE8531 		.ascii	"\011\376\2051oy\2451\336\020\373i\025\211\035<\345\356"
  89      6F79A531 
  89      DE10FB69 
  89      15891D3C 
  89      E5EE
  90 0229 09BBF744 		.ascii	"\011\273\367Dt\242\242\302\307o$\030\015E.\007\243\327"
  90      74A2A2C2 
  90      C76F2418 
  90      0D452E07 
  90      A3D7
  91 023b CBC3E17A 		.ascii	"\313\303\341z_\325\331\320\371\306\362\232\232j_}4\324"
  91      5FD5D9D0 
  91      F9C6F29A 
  91      9A6A5F7D 
  91      34D4
  92 024d 1C8CC67C 		.ascii	"\034\214\306|U\225\307\374G}\315G|\001\316\327\346\242"
ARM GAS  /tmp/cctOnMUY.s 			page 7


  92      5595C7FC 
  92      477DCD47 
  92      7C01CED7 
  92      E6A2
  93 025f 8A0B640F 		.ascii	"\212\013d\017\250MA\244\361Z0Z\033k\0124\005\213Kc\207"
  93      A84D41A4 
  93      F15A305A 
  93      1B6B0A34 
  93      058B4B63 
  94 0274 4BAF7A8F 		.ascii	"K\257z\217{\002\221@\270\272\356RU,\026\2146y.\006B"
  94      7B029140 
  94      B8BAEE52 
  94      552C168C 
  94      36792E06 
  95 0289 E1603DFD 		.ascii	"\341`=\375\003:B\376\351"
  95      033A42FE 
  95      E9
  96              		.text
  97              		.section	.gnu.lto_a3906_lld_get_power.7e104d977e71d1d8,"e",%progbits
  98 0000 789C8D93 		.ascii	"x\234\215\223_lSU\034\307\317\367\236{\333\256\355\035"
  98      5F6C5355 
  98      1CC7CFF7 
  98      9E7BDBAE 
  98      ED1D
  99 0012 A8689086 		.ascii	"\250h\220\206\244Kl\306\036Xg\226\220\314\230\350\022"
  99      A44B6CC6 
  99      1E586796 
  99      90CC98E8 
  99      12
 100 0023 7CC3077C 		.ascii	"|\303\007|\302'RX\305&K\326\264\003\343\023g\035\244"
 100      C2275258 
 100      C5264BD6 
 100      B403E313 
 100      671DA4
 101 0036 E014C922 		.ascii	"\340\024\311\"\254[\322\334\231e\231\300\204\021\026"
 101      AC5BD2DC 
 101      996599C0 
 101      841116
 102 0045 A6FC1957 		.ascii	"\246\374\031W&C\006\2621\024\030\017\305\300\203\262"
 102      264306B2 
 102      3114180F 
 102      C5C083B2 
 103 0055 0818CD0C 		.ascii	"\010\030\315\014\341\257\277\337=43H\"M{r~\177\276\277"
 103      E1AFBFDF 
 103      3D343348 
 103      224D7B72 
 103      7E7FBEBF 
 104 0069 F3FB9CDF 		.ascii	"\363\373\234\337i@@\014\233B(!\304R\372A\012\030J\251"
 104      6940400C 
 104      9B422821 
 104      C452FA41 
 104      0A184AA9 
 105 007d B7FD6D01 		.ascii	"\267\375m\001\003\360v*\000\261\331\300f|.\273$\216"
 105      03F0762A 
 105      00B1D9C0 
 105      667C2EBB 
 105      248E
ARM GAS  /tmp/cctOnMUY.s 			page 8


 106 008f 0E1EF8A3 		.ascii	"\016\036\370\243\262f\200\"\312\355\372\306\267whJI"
 106      B2668022 
 106      CAEDFAC6 
 106      B777684A 
 106      49
 107 00a0 470AD14D 		.ascii	"G\012\321M\312\372\010\352\"\202?8\202\032J.\345\212"
 107      CAFA08EA 
 107      22823F38 
 107      821A4A2E 
 107      E58A
 108 00b2 77C33B28 		.ascii	"w\303;(\016\230d~11|&\310\246\201(\231]W\306\363\266"
 108      0E98647E 
 108      31317C26 
 108      C8A68128 
 108      995D57C6 
 109 00c8 7C0B82F6 		.ascii	"|\013\202\366\235c\027\354\352~\2653\247\334\007\003"
 109      9D6317EC 
 109      EA7EB533 
 109      A7DC0703 
 110 00d8 52BDE648 		.ascii	"R\275\346H\211\343\220\\\365\030\"8\012\252K>\252<\212"
 110      89E3905C 
 110      F5182238 
 110      0AAA4B3E 
 110      AA3C8A
 111 00eb 6ACA3F32 		.ascii	"j\312?28z\337/\337\361\264\207zs\303\341\2628\322\243"
 111      387ADF2F 
 111      DFF1B487 
 111      7A73C3E1 
 111      B238D2A3 
 112 00ff 5CD39126 		.ascii	"\\\323\221&N\374GM\234pQ-X\363\333V\365u\205\\\355\351"
 112      4EFC474D 
 112      9C70512D 
 112      58F3DB56 
 112      F575855C 
 113 0115 F3F9DC50 		.ascii	"\363\371\334P8\326\347!\225z\026\347\332UAQ\011\201"
 113      38D6E721 
 113      957A16E7 
 113      DA554151 
 113      0981
 114 0127 EF748979 		.ascii	"\357t\211y,\316\236\033\234\236\264\344\032O9\323Q\270"
 114      2CCE9E1B 
 114      9C9EB4E4 
 114      1A4F39D3 
 114      51B8
 115 0139 6792D2A5 		.ascii	"g\222\322\245\223/\365,j\177\242\2640\366,\345\365\203"
 115      932FF52C 
 115      6A7FA2B4 
 115      30F62CE5 
 115      F583
 116 014b 8F76D93E 		.ascii	"\217v\331>\023\337#\206\223\210\361\225\361U\235\202"
 116      13DF2386 
 116      9388F195 
 116      F1559D82 
 117 015b 8FA6208C 		.ascii	"\217\246 \214\262\377\300\264\345\252G\217\363\312\275"
 117      B2FFC0B4 
 117      E5AA478F 
 117      F3CABD
ARM GAS  /tmp/cctOnMUY.s 			page 9


 118 016a FDEA97DF 		.ascii	"\375\352\227\337\332\013A\255\373\014^$-~\223\226\200"
 118      DA0B41AD 
 118      FB0C5E24 
 118      2D7E9396 
 118      80
 119 017b C5A68F96 		.ascii	"\305\246\217\226\012?\370F\202`2[xuE\207\024\014cB\271"
 119      0A3FF846 
 119      8260325B 
 119      78754587 
 119      140C6342 
 120 0190 427C2A0D 		.ascii	"B|*\015m\264\2211\213\366\251\374\255Ca>\264(Q\224~"
 120      6DB49131 
 120      8BF6A9FC 
 120      AD43613E 
 120      B4285194 
 121 01a5 EA6B47FB 		.ascii	"\352kG\373\235R\200\307\"!0Nw\365;\362Q\257-\012\026"
 121      9D5280C7 
 121      2221304E 
 121      77F53BF2 
 121      51AF2D0A 
 122 01ba BF3AF7B8 		.ascii	"\277:\367\270b\013rm\001G\006\273)C\3404\266@\220\232"
 122      620B726D 
 122      014706BB 
 122      2943E034 
 122      B640909A 
 123 01ce A2A7666F 		.ascii	"\242\247fo\0347\252\326;\252\020ud\210\363w]\233\033"
 123      1C37AAD6 
 123      3BAA1075 
 123      6488F377 
 123      5D9B1B
 124 01e1 B039BFA0 		.ascii	"\2609\277\240\024\371\302\370\001U\032\361\014\311("
 124      14F9C2F8 
 124      01551AF1 
 124      0CC928
 125 01f0 E1A17BF1 		.ascii	"\341\241{\361\241\2542\264\304fI\357l\347e\314K*1Q\226"
 125      A1AC32B4 
 125      C46649EF 
 125      6CE765CC 
 125      4B2A3151 
 126 0205 9CD5923B 		.ascii	"\234\325\222;\023\367\336\347\376\026\340\274\3009D"
 126      13F7DEE7 
 126      FE16E0BC 
 126      C03944
 127 0214 1CB95093 		.ascii	"\034\271P\223\314\325k\020\243(\203\377\0061\011\344"
 127      CCD56B10 
 127      A32883FF 
 127      063109E4 
 128 0224 C7FF0739 		.ascii	"\307\377\0079\257A\214\347\003\231,w5\365\334 \027\312"
 128      AF418CE7 
 128      03992C77 
 128      35F5DC20 
 128      17CA
 129 0236 92692DF9 		.ascii	"\222i-\371eh\374\257\220&\231\024\270X&\311\035\273"
 129      6568FCAF 
 129      90269914 
 129      B85826C9 
 129      1DBB
ARM GAS  /tmp/cctOnMUY.s 			page 10


 130 0248 B9AF6F81 		.ascii	"\271\257o\201F\341\377\230{uh\246\262\037}m4\267\336"
 130      46E1FF98 
 130      7B7568A6 
 130      B21F7D6D 
 130      34B7DE
 131 025b C33CF517 		.ascii	"\303<\365\027hR\336h\370\230\375#\003\223v\335~\265"
 131      6852DE68 
 131      F898FD23 
 131      039376DD 
 131      7EB5
 132 026d 93A27FC3 		.ascii	"\223\242\177\303\221/\342'\364\243\240_\323\317\250"
 132      912FE227 
 132      F4A3A05F 
 132      D3CFA8
 133 027c 23ECAD51 		.ascii	"#\354\255Q]\315~\012\374\245niP\322%\015\316gu\316\\"
 133      5DCD7E0A 
 133      FCA56E69 
 133      50D2250D 
 133      CE6775CE 
 134 0291 3F1DE2A8 		.ascii	"?\035\342\250\362z^\344\275B\257gFq\344\313\334\337"
 134      F27A5EE4 
 134      BD42AF67 
 134      4671E4CB 
 134      DCDF
 135 02a3 EE9B8363 		.ascii	"\356\233\203c\353tE\357\371\362\355\217\346\241=\026"
 135      EB7445EF 
 135      F9F2ED8F 
 135      E6A13D16 
 136 02b3 39A9D0E1 		.ascii	"9\251\320\341\355\267\366T0\233\005\340\012\265J\272"
 136      EDB7F654 
 136      309B05E0 
 136      0AB54ABA 
 137 02c3 07E51C4E 		.ascii	"\007\345\034NcG\351\223\355\026{\236\206\254t\344+4"
 137      6347E993 
 137      ED167B9E 
 137      86AC74E4 
 137      2B34
 138 02d5 436F6802 		.ascii	"Coh\0023\204C\032\022\234,y\005\370L\222\374\372\347"
 138      3384431A 
 138      129C2C79 
 138      05F84C92 
 138      FCFAE7
 139 02e8 8D52A861 		.ascii	"\215R\250aDm\243\276,\201\253h\020\267\221\353\035\371"
 139      446DA3BE 
 139      2C81AB68 
 139      10B791EB 
 139      1DF9
 140 02fa 6CC9135A 		.ascii	"l\311\023Z\276\201\016\211\371\307/\304\233\265\265"
 140      BE810E89 
 140      F9C72FC4 
 140      9BB5B5
 141 0309 71FAA693 		.ascii	"q\372\246\223\231T\372\303d\346\343\345\315\315M\361"
 141      9954FAC3 
 141      64E6E3E5 
 141      CDCD4DF1 
 142 0319 C67753EF 		.ascii	"\306wS\357\265,_\265je\274)\223\332\224\314d\343\215"
 142      B52C5FB5 
ARM GAS  /tmp/cctOnMUY.s 			page 11


 142      6A65BC29 
 142      93DA94CC 
 142      64E38D
 143 032c F50D752B 		.ascii	"\365\015u+\342\233^\217'(\276\326\263j\327\013+\301"
 143      E29B5E8F 
 143      2728BED6 
 143      B36AD70B 
 143      2BC1
 144 033e 9B50BAE5 		.ascii	"\233P\272\345\243dfm\2665\321\232\364\361\2721\033\334"
 144      A364666D 
 144      B635D19A 
 144      F4F1BA31 
 144      1BDC
 145 0350 904EB568 		.ascii	"\220N\265h\317\322XvYlc\315\033\321D:\321\274r\335\206"
 145      CFD25876 
 145      596C63CD 
 145      1BD1443A 
 145      D1BC72DD 
 146 0365 C66C3699 		.ascii	"\306l6\231i\215~\220H5'\233\304?\002\377\242\311"
 146      698D7E90 
 146      4835279B 
 146      C43F02FF 
 146      A2C9
 147              		.text
 148              		.section	.gnu.lto_a3906_lld_set_pwm.7e104d977e71d1d8,"e",%progbits
 149 0000 789C5D92 		.ascii	"x\234]\222\337KSa\030\307\237\347<;\333\231:\353\332"
 149      DF4B5361 
 149      18C79FE7 
 149      3C3BDB99 
 149      3AEBDA
 150 0013 256C9098 		.ascii	"%l\220\230\027n\206\020\024AI\336e\027\365\017\304r"
 150      176E8610 
 150      144149DE 
 150      6517F50F 
 150      C472
 151 0025 2B07CBC6 		.ascii	"+\007\313\306fJW\276Nq\027\3252I\334\210q\024*+$\013"
 151      664A57BE 
 151      4E7117D5 
 151      3249DC88 
 151      71142A2B 
 152 003b 82305B9D 		.ascii	"\2020[\235R+u\325*\252\233X?\354jHv\023\004\376\352"
 152      522B75D5 
 152      2AAA9B58 
 152      3FEC6A48 
 152      761304FE 
 153 0050 79CF3184 		.ascii	"y\3171\204\016\347\300y\336\347\371|\317\367\371r4@"
 153      0EE7C079 
 153      DEE7F97C 
 153      CFF7F972 
 153      3440
 154 0062 B8A600B4 		.ascii	"\270\246\000\264\003@5?H\200\212\020\342\240\243GS\020"
 154      0340353F 
 154      48808A10 
 154      E2A0A347 
 154      5310
 155 0074 CD37A121 		.ascii	"\3157\241!t+\330\215\227h\230pj|\342We\335\030w\204"
 155      742BD88D 
ARM GAS  /tmp/cctOnMUY.s 			page 12


 155      97689870 
 155      6A7CE257 
 155      65DD1877 
 156 0089 313CE8B8 		.ascii	"1<\350\270}\267 H'\200\014\223\215nlp\203\274\360!\326"
 156      7DB72048 
 156      27800C93 
 156      8D6E6C70 
 156      83BCF021 
 157 009e F1703191 		.ascii	"\361p1\221\375S\221\342>\242\215\313+\363\367\347\312"
 157      FD5391E2 
 157      3EA28DCB 
 157      2BF3F7E7 
 157      CA
 158 00af 64A9A087 		.ascii	"d\251\240\207\313\313o\276fT:\200\300\357\245[3\323"
 158      CBCB6FBE 
 158      66543A80 
 158      C0EFA55B 
 158      33D3
 159 00c1 E5B5D785 		.ascii	"\345\265\327\205H\010c\351\006\211\235:\021\346\220"
 159      480863E9 
 159      06899D3A 
 159      11E690
 160 00d0 A4EC2374 		.ascii	"\244\354#t\343\024\2620\237\261\364c\254e`\374\363t"
 160      E314B230 
 160      9FB1F463 
 160      AC6560FC 
 160      F374
 161 00e2 D14E874C 		.ascii	"\321N\207L\370\355\217\327\027\235\014\0170\234\257"
 161      F8ED8FD7 
 161      179D0C0F 
 161      309CAF
 162 00f1 4A0B0375 		.ascii	"J\013\003u\262\341\023\213\3364\305'\314\032&\333?;"
 162      B2E1138B 
 162      DE34C527 
 162      CC1A26DB 
 162      3F3B
 163 0103 30E5B26C 		.ascii	"0\345\262l)\\\216~($\320\262\265]*\247\227\357 \035"
 163      295C8E7E 
 163      2824D0B2 
 163      B55D2AA7 
 163      97EF201D 
 164 0117 3695578A 		.ascii	"6\225W\212\371\253\264\251\274Z\235\021\206\242\223"
 164      F9ABB4A9 
 164      BC5A9D11 
 164      86A293
 165 0126 8AD396F2 		.ascii	"\212\323\226\3623\366\365\324\362\245\262\366\014\326"
 165      33F6F5D4 
 165      F2A5B2F6 
 165      0CD6
 166 0134 8264BEDF 		.ascii	"\202d\276\337[\037r\331m2\021\231\304,\3329d\200\211"
 166      5B1F72D9 
 166      6D321199 
 166      C42CDA39 
 166      648089
 167 0147 77AA21D6 		.ascii	"w\252!\3267\222\302\370\270ct\262\322\211\214\3319c"
 167      3792C2F8 
 167      B86374B2 
ARM GAS  /tmp/cctOnMUY.s 			page 13


 167      D2898CD9 
 167      3963
 168 0159 5E474569 		.ascii	"^GEi\314\216RB\003\231&\234'\220\021\333P\030\000\027"
 168      CC8E5242 
 168      0399269C 
 168      279011DB 
 168      50180017 
 169 016d 48B18A1E 		.ascii	"H\261\212\036.J\330[H\346&+\244p\2260Kr\205T\357rQ\223"
 169      2E4AD85B 
 169      48E6262B 
 169      A4709630 
 169      4B728554 
 170 0185 2B10023E 		.ascii	"+\020\002>gOK\230\364\230\237\346f\366f~\303\331\207"
 170      674F4B98 
 170      F4989FE6 
 170      66F6667E 
 170      C3D987
 171 0198 891E4D27 		.ascii	"\211\036M'G\206'\000_`\037\002\323\334\235--\346\024"
 171      47862700 
 171      5F601F02 
 171      D3DC9D2D 
 171      2DE614
 172 01ab EF515DA4 		.ascii	"\357Q]\244=:ir~\350\313\3571\227\234O\013\301gN|\211"
 172      3D3A6972 
 172      7EE8CBEF 
 172      31979C4F 
 172      0BC1674E 
 173 01c1 5E6B8D39 		.ascii	"^k\2159\306x`\315x\277F^\305B\312$2R\032\374\204[H9"
 173      C67860CD 
 173      78BF465E 
 173      C542CA24 
 173      32521AFC 
 174 01d9 CEFF4316 		.ascii	"\316\377C\026,du\305\370\246J\203\025\270\010\230G\267"
 174      2C6475C5 
 174      F8A64A83 
 174      15B80898 
 174      47B7
 175 01eb 4E2E36D9 		.ascii	"N.6\331?\362 Uem\242\375\347\2642C\374c\342+\313\251"
 175      3FF22055 
 175      656DA2FD 
 175      E7B43243 
 175      FC63E22B 
 176 0201 9225354B 		.ascii	"\222%5Kv\235\266\301OLx6\0210\223\302\255\244\000\366"
 176      769DB6C1 
 176      4F4C7836 
 176      113093C2 
 176      ADA400F6 
 177 0215 FB7C7EBE 		.ascii	"\373|~\276\243\241X8\332\026\212\235\253\217D\202\376"
 177      A3A15838 
 177      DA168A9D 
 177      AB8F4482 
 177      FE
 178 0226 A623E163 		.ascii	"\246#\341cg\352[Z\232\375\301X\2703\024\213\373\233"
 178      67EA5B5A 
 178      9AFDC158 
 178      B833148B 
 178      FB9B
ARM GAS  /tmp/cctOnMUY.s 			page 14


 179 0238 1AF736EC 		.ascii	"\032\3676\354\361w\356\366\007\270\177\334\254|\255"
 179      F177EEF6 
 179      07B87FDC 
 179      AC7CAD
 180 0247 40D1AED3 		.ascii	"@\321\256\323\216\326\266@{{(\242v\205\203\035m\325"
 180      8ED6B640 
 180      7B7B28A2 
 180      7685831D 
 180      6DD5
 181 0259 35F15D35 		.ascii	"5\361]5g\353\366y\002\321@\244\371\304\251\246x<\024"
 181      67EBF679 
 181      02D140A4 
 181      F9C4A9A6 
 181      783C14
 182 026c EBF09C0C 		.ascii	"\353\360\234\014\204#\241 \374\005F~\364\373"
 182      8423A120 
 182      FC05467E 
 182      F4FB
 183              		.text
 184              		.section	.gnu.lto_.symbol_nodes.7e104d977e71d1d8,"e",%progbits
 185 0000 789C75CE 		.ascii	"x\234u\316\301\021\202P\014\004\320\335\344\303\330"
 185      C1118250 
 185      0C04D0DD 
 185      E4C3D8
 186 000f 05ADC08C 		.ascii	"\005\255\300\214\245\320G8P\200\365p\346l\035\"j\013"
 186      A5D04738 
 186      5080F570 
 186      E66C1D22 
 186      6A0B
 187 0021 10FCFA4F 		.ascii	"\020\374\372OaO;\373\016\311\005D\"\000y\3200x\022o"
 187      614F3BFB 
 187      0EC90544 
 187      220079D0 
 187      3078126F 
 188 0035 77C08069 		.ascii	"w\300\200i\350p\010d\241\361\204\2364\211\211/\232n"
 188      E8700864 
 188      A1F1849E 
 188      3489892F 
 188      9A6E
 189 0047 BF345F86 		.ascii	"\2774_\206\037h]VZ\212\345M\253b\371\320\352P\024)?"
 189      1F685D56 
 189      5A8AE54D 
 189      AB62F9D0 
 189      EA501429 
 190 005c 7055686E 		.ascii	"pUhn3\225e\374\267\321\307\252\270\024\227:\267\036"
 190      339565FC 
 190      B7D1C7AA 
 190      B814973A 
 190      B71E
 191 006e 3BD46656 		.ascii	";\324fV\251"
 191      A9
 192              		.text
 193              		.section	.gnu.lto_.refs.7e104d977e71d1d8,"e",%progbits
 194 0000 789CE360 		.ascii	"x\234\343``\004B \000\000\000]\000\013"
 194      60044220 
 194      0000005D 
 194      000B
ARM GAS  /tmp/cctOnMUY.s 			page 15


 195              		.text
 196              		.section	.gnu.lto_.decls.7e104d977e71d1d8,"e",%progbits
 197 0000 789CA558 		.ascii	"x\234\245XyP\024W\032\357\327o\006\206\001\201\210\033"
 197      79501457 
 197      1AEFD76F 
 197      06860181 
 197      881B
 198 0012 DDD24D65 		.ascii	"\335\322MeSn\222\335-3FS\273\225J\262\025\243)\223\212"
 198      536E92DD 
 198      2D334653 
 198      BB954AB2 
 198      15A32993 
 199 0027 6EB2396A 		.ascii	"n\2629j\253\366\037\2020\001V\256\2021&\233M\322\310"
 199      ABF61F82 
 199      300156AE 
 199      8231269B 
 199      4DD2C8
 200 003a 211E205E 		.ascii	"!\036 ^(\030A@\004<\242\210Q\221[nP\274\000\271f\030"
 200      28184140 
 200      043CA288 
 200      51915B6E 
 200      50BC00B9 
 201 0050 46C403F0 		.ascii	"F\304\003\360\004A\005\334\357\275\327=t\017\215\331"
 201      044105DC 
 201      EFBDD73D 
 201      740F8DD9 
 202 0060 EC76CD37 		.ascii	"\354v\3157\335\357\365w\374\276\343]\255\343\020\327"
 202      DDEFF577 
 202      FCBEE35D 
 202      ADE310D7 
 203 0070 368BE3BE 		.ascii	"6\213\343\276\300\034gE\034\367\004.\015\307q\027\200"
 203      C01C6745 
 203      1CF7042E 
 203      0DC77117 
 203      80
 204 0081 5C816A81 		.ascii	"\\\201j\201\316\002\235\003j\005j\003\262\000\375\003"
 204      CE029D03 
 204      6A056A03 
 204      B200FD03 
 205 0091 A81B6806 		.ascii	"\250\033h\006\310<\0134\007\210\\\316@\177\200\347\005"
 205      C83C0B34 
 205      07885CCE 
 205      407F80E7 
 205      05
 206 00a2 406F01BD 		.ascii	"@o\001\275\003\364>\320G@\037\213<\362\3533\236\343"
 206      03F43ED0 
 206      47401F8B 
 206      3CF2EB33 
 206      9EE3
 207 00b4 BCE0FE32 		.ascii	"\274\340\3762\274\233N\364\311l^\005\372\212\350\206"
 207      BC9B4EF4 
 207      C96C5E05 
 207      FA8AE886 
 208 00c4 FBD74869 		.ascii	"\373\327Hi\377_\210ax\017\356\325p\377\006\356\377\006"
 208      FF5F8861 
 208      780FEED5 
 208      70FF06EE 
ARM GAS  /tmp/cctOnMUY.s 			page 16


 208      FF06
 209 00d6 5A0444CC 		.ascii	"Z\004D\314T\000a\021\313\373\"\016\307\313\010\266g"
 209      54006111 
 209      CBFB220E 
 209      C7CB08B6 
 209      67
 210 00e7 AAD8267E 		.ascii	"\252\330&~}\200\224\366\033\376K\014\337\002-\003\372"
 210      7D8094F6 
 210      1BFE4B0C 
 210      DF022D03 
 210      FA
 211 00f8 10A88B53 		.ascii	"\020\250\213SbY \213\205\343\365\015`\361t\300\"\217"
 211      6259208B 
 211      85E3F50D 
 211      60F174C0 
 211      228F
 212 010a EDD59FB1 		.ascii	"\355\325\237\261\377\035\320\233\242^b\353-\321\226"
 212      FF1DD09B 
 212      A25E62EB 
 212      2DD196
 213 0119 5ACC7760 		.ascii	"Z\314w`dY\263{\304-\001\243\351z\244\201\346\266\372"
 213      6459B37B 
 213      C42D01A3 
 213      E97AA481 
 213      E6B6FA
 214 012c 63757A68 		.ascii	"cuzh\316\320\243\347\241\231\371\244\372\230\023\346"
 214      CED0A3E7 
 214      A199F9A4 
 214      FA9813E6 
 215 013c 11E1BC6D 		.ascii	"\021\341\274m6\307\360\206C\002\273t\337q\250\010\341"
 215      36C7F086 
 215      4302BB74 
 215      DF71A808 
 215      E1
 216 014d 094503A3 		.ascii	"\011E\003\243\235E\316x)e\355\210\311K@^\233EV\0011"
 216      9D45CE78 
 216      2965ED88 
 216      C94B405E 
 216      9B455601 
 217 0162 D3A81479 		.ascii	"\323\250\024y\241bd\020\005\016\332\312r\246\341\277"
 217      A1626410 
 217      050EDACA 
 217      72A6E1BF 
 218 0172 51818BBB 		.ascii	"Q\201\213\273\007\343\364\222@\264(\200\312\020v\220"
 218      07E3F492 
 218      40B42880 
 218      CA107690 
 219 0182 D97EA020 		.ascii	"\331~\240 ^\357\266^\020\326\010{\242\004\227\367P9"
 219      5EEFB65E 
 219      10D6087B 
 219      A20497F7 
 219      5039
 220 0194 BC2E44B3 		.ascii	"\274.D\263\321)4\033\004N#7\312\307\237\350\255I\341"
 220      D129341B 
 220      044E2337 
 220      CAC79FE8 
 220      AD49E1
ARM GAS  /tmp/cctOnMUY.s 			page 17


 221 01a7 D15CAF0C 		.ascii	"\321\\\257\014\302Y\326\365\303k55\261Bb9\"\034\250"
 221      C259D6F5 
 221      C36B3535 
 221      B1426239 
 221      221CA8
 222 01ba 04D4562A 		.ascii	"\004\324V*\344\014\344\357U\370\243\010@\263\2004\234"
 222      E40CE4EF 
 222      55F8A308 
 222      40B38034 
 222      9C
 223 01cb EC7D2503 		.ascii	"\354}%\003\201*\320\\\021\310\375\334\332C.x\017\242"
 223      812AD05C 
 223      11C8FDDC 
 223      DA432E78 
 223      0FA2
 224 01dd E8D75E8C 		.ascii	"\350\327^\214\357\323x\211\262\321\012YT%\032S\212\307"
 224      EFD37889 
 224      B2D10A59 
 224      54251A53 
 224      8AC7
 225 01ef 7724F56B 		.ascii	"w$\365k\345~T+\360\324\210~\240\346\244\232!,\361EO"
 225      E57E542B 
 225      F0D4887E 
 225      A0E6A49A 
 225      212CF145 
 226 0204 C1876A91 		.ascii	"\301\207j\221\033\360\226Y\343\037bH\335\034=z\202\240"
 226      1BF09659 
 226      E31F6248 
 226      DD1C3D7A 
 226      82A0
 227 0216 5D737BA0 		.ascii	"]s{\240\011\2616Qu\243\254\271O\247\213%\252\204\012"
 227      09B13651 
 227      75A3ACB9 
 227      4FA78B25 
 227      AA840A
 228 0229 01CFE2D0 		.ascii	"\001\317\342\320\302\331h>\321\322\200t4\304\250\036"
 228      C2D9683E 
 228      D1D28074 
 228      34C4A81E 
 229 0239 14D78162 		.ascii	"\024\327\201b\340N\275\2224\250\305\007\231\177\005"
 229      E04EBD92 
 229      34A8C507 
 229      997F05
 230 0248 B7AAC6B4 		.ascii	"\267\252\306\264\222h\364\204(:\003\316M\222Fg\221\216"
 230      9268F484 
 230      283A03CE 
 230      4D924667 
 230      918E
 231 025a A4AAEFF8 		.ascii	"\244\252\357\370=\214K\230\206\312\334\343!\3728\252"
 231      3D8C4B98 
 231      86CADCE3 
 231      21FA38AA 
 232 026a 2053661B 		.ascii	" Sf\0335\"\212\217\004\307.~\016\351A\342Z\354\231q"
 232      35228A8F 
 232      04C72E7E 
 232      0EE941E2 
 232      5AEC9971 
ARM GAS  /tmp/cctOnMUY.s 			page 18


 233 027e 67569773 		.ascii	"gV\227sH\231\236\270\2266\215h\020\304\200A\377D\034"
 233      48999EB8 
 233      96368D68 
 233      10C48041 
 233      FF441C
 234 0291 2E203D49 		.ascii	". =I\":\317\300'\306\347u\361L\3667\320\314\352.\211"
 234      223ACFC0 
 234      27C6E775 
 234      F14CF637 
 234      D0CCEA2E 
 235 02a6 7261357D 		.ascii	"ra5}\235\004\246y\244\370\221\033n\246\310p\344\372"
 235      9D04A679 
 235      A4F8911B 
 235      6EA6C870 
 235      E4FA
 236 02b8 476D18E9 		.ascii	"Gm\030\351g#P\206T\0206\001\302f\242\276\005\030.\203"
 236      67235086 
 236      54103601 
 236      C266A2BE 
 236      05182E83 
 237 02cc FE644147 		.ascii	"\376dAG;\222\005\340\276\363=}\006\245\011\325\331\221"
 237      3B9205E0 
 237      BEF33D7D 
 237      06A509D5 
 237      D991
 238 02de BAE98904 		.ascii	"\272\351\211\004 \374\275\215H?\272\0042\027)\302V4"
 238      20FCBD8D 
 238      483FBA04 
 238      321729C2 
 238      5634
 239 02f0 9DC164CF 		.ascii	"\235\301d\317 p\323\022\235\207\345%\000\3352\227\332"
 239      2070D312 
 239      9D87E525 
 239      00DD3297 
 239      DA
 240 0301 586ADB68 		.ascii	"Xj\333hj\353\013.m\026\007\351\033\320\034\253\352n"
 240      6AEB0B2E 
 240      6D1607E9 
 240      1BD01CAB 
 240      EA6E
 241 0313 E3A70C46 		.ascii	"\343\247\014F\207\030\214v\026\214Cc\005\261z&\373&"
 241      87188C76 
 241      168C4363 
 241      05B17A26 
 241      FB26
 242 0325 C1B93FF3 		.ascii	"\301\271?\363\2468\300\255\030\332}\361\325c\036\216"
 242      A638C0AD 
 242      18DA7DF1 
 242      D5631E8E 
 243 0335 B8CDA0AC 		.ascii	"\270\315\240\254\223*\263\020\334\035\014\267\205\342"
 243      932AB310 
 243      DC1D0CB7 
 243      85E2
 244 0343 4E8CDB50 		.ascii	"N\214\333P\345\256RG\352\305\000\002\033\222F\007tr"
 244      E5AE5247 
 244      EAC50002 
 244      1B924607 
ARM GAS  /tmp/cctOnMUY.s 			page 19


 244      7472
 245 0355 47BB8069 		.ascii	"G\273\200i\002\256U\252\365\344\254\036\253V^\353j|"
 245      02AE55AA 
 245      F5E4AC1E 
 245      AB565EEB 
 245      6A7C
 246 0367 A89B06E4 		.ascii	"\250\233\006\344\320\361\215\273\304\352\230E\246\222"
 246      D0F18DBB 
 246      C4EA9845 
 246      A692
 247 0375 F21D832E 		.ascii	"\362\035\203.\270\235\325\332\331\252K;\235\361\025"
 247      B89DD5DA 
 247      D9AA4B3B 
 247      9DF115
 248 0384 96DEF2BD 		.ascii	"\226\336\362\275\227\363]\220\013K\357Z\012:*\321\023"
 248      97F35D90 
 248      0B4BEF5A 
 248      0A3A2AD1 
 248      13
 249 0395 D941F700 		.ascii	"\331A\367\000\350\253\310\205C\275\300pML/\351\240\351"
 249      E8ABC885 
 249      43BDC070 
 249      4D4C2FE9 
 249      A0E9
 250 03a7 F5A48FA0 		.ascii	"\365\244\217\2403\275\371\374\032\304\354y\222|$?\354"
 250      33BDF9FC 
 250      1AC4EC79 
 250      927C243F 
 250      EC
 251 03b8 70C73798 		.ascii	"p\3077\230\275\242\330\261\022\202\345%\030wpy\310\206"
 251      BDA2D8B1 
 251      1282E525 
 251      18777079 
 251      C886
 252 03ca DE4B6CE8 		.ascii	"\336Kl\350\345\356\335\234\341\204o3\366\024\353\201"
 252      E5EEDD9C 
 252      E1846F33 
 252      F614EB81 
 253 03da 74373616 		.ascii	"t76\026h8dsE?\242\"d4\364A\337M\026\277\303\367r3\235"
 253      68386473 
 253      453FA222 
 253      6434F441 
 253      DF4D16BF 
 254 03f3 F10893BE 		.ascii	"\361\010\223\276\232\327\023\351\216#\331\214\334\237"
 254      9AD713E9 
 254      8E23D98C 
 254      DC9F
 255 0401 7FAED659 		.ascii	"\177\256\326YmX\335\236<\254\200\275\364IR\251\2069"
 255      6D58DD9E 
 255      3CAC80BD 
 255      F44952A9 
 255      8639
 256 0413 4106686B 		.ascii	"A\006hk}\344\026\015N`\252\362+s\352\334q\022k\230\273"
 256      7DE4160D 
 256      4E60AAF2 
 256      2B73EADC 
 256      71126B98 
ARM GAS  /tmp/cctOnMUY.s 			page 20


 257 0428 13F29DD4 		.ascii	"\023\362\235\324!\336W\205\230\237\324\274\303\031g"
 257      21DE5785 
 257      989FD4BC 
 257      C31967
 258 0437 30E9518B 		.ascii	"0\351Q\213\271\206\307\271\2541\260\355\247\017\325"
 258      B986C7B9 
 258      AC31B0ED 
 258      A70FD5
 259 0446 353D50D5 		.ascii	"5=P\325tc\374\3605\015>\312?m\031y\250X\022b\342\007"
 259      7463FCF0 
 259      350D3ECA 
 259      3F6D1979 
 259      A8581262 
 260 045c 0E635CC0 		.ascii	"\016c\\\300$J\013+l\232I\353\310#0\245\024\332<(\334"
 260      244A0B2B 
 260      6C9A49EB 
 260      C82330A5 
 260      14DA3C28 
 261 0471 42F29A7C 		.ascii	"B\362\232|\254\230WG\245\2324\357\276}_\203+\370\237"
 261      AC985747 
 261      A59A34EF 
 261      BE7D5F83 
 261      2BF89F
 262 0484 9941C755 		.ascii	"\231A\307U\312>y\233\265\326\035\3271\321Gc\005\032"
 262      CA3E799B 
 262      B5D61DD7 
 262      31D14763 
 262      051A
 263 0496 B531F304 		.ascii	"\2651\363\004\220\251\011\267\265&\237\340q\023\023"
 263      90A909B7 
 263      B5269FE0 
 263      711313
 264 04a5 96D6E4E9 		.ascii	"\226\326\344\351lM\336_xc'\317F\260\300C;\366rI>\306"
 264      6C4DDE5F 
 264      786327CF 
 264      46B0C043 
 264      3BF67249 
 265 04bb 96A7862C 		.ascii	"\226\247\206,\206\227{o>\323\222\343\216mLb\310\226"
 265      86977B6F 
 265      3ED392E3 
 265      8E6D4C62 
 265      C896
 266 04cd 918E1D25 		.ascii	"\221\216\035%P,\217\035\204\216_\033Jr\225\207l-/\017"
 266      502C8F1D 
 266      848E5F1B 
 266      4A729587 
 266      6C2D2F0F 
 267 04e1 591CCF42 		.ascii	"Y\034\317B\346\322\2775\273@\217\346\316\365\232K/\266"
 267      E6D2BF35 
 267      BB408FE6 
 267      CEF59A4B 
 267      2FB6
 268 04f3 020F9BE7 		.ascii	"\002\017\233\347wdn\332(X\005\014\240uh\014\374\336"
 268      77646EDA 
 268      2858050C 
 268      A075680C 
 268      FCDE
ARM GAS  /tmp/cctOnMUY.s 			page 21


 269 0505 00F25200 		.ascii	"\000\362R\000\355\0130c\267u\342\024\241,\332\011\015"
 269      ED0B3063 
 269      B775E214 
 269      A12CDA09 
 269      0D
 270 0516 C3643424 		.ascii	"\303d4$\362N\330\272\213\024\3535\231\274\310\232\033"
 270      F24ED8BA 
 270      8B14EB35 
 270      99BCC89A 
 270      1B
 271 0527 C5CF466B 		.ascii	"\305\317Fkx\210j$\317$Hm\255\343\347\242D\240\365@\233"
 271      78886A24 
 271      CF24486D 
 271      ADE3E7A2 
 271      44A0F540 
 272 053c 80360325 		.ascii	"\2006\003%\000\305\003m\344\351z\314l\366v\341\222c"
 272      00C5036D 
 272      E4E97ACC 
 272      6CF676E1 
 272      9263
 273 054e 82B0CE8D 		.ascii	"\202\260\316\215\270\202\242yG\2436\372_\210\354 \253"
 273      B882A279 
 273      47A336FA 
 273      5F88EC20 
 273      AB
 274 055f BB70F111 		.ascii	"\273p\361\021\230N\334\310$\201\2568xdC\016.YD\227\006"
 274      984EDCC8 
 274      2481AE38 
 274      7864430E 
 274      2E594497 
 275 0574 C0A51B93 		.ascii	"\300\245\033\223\\\272\356\250\375\264Y\344\037\004"
 275      5CBAEEA8 
 275      FDB459E4 
 275      1F04
 276 0582 FE7B5384 		.ascii	"\376{S\204@\216\246S\202\017\305\213F&\011\030\034\370"
 276      408EA653 
 276      820FC58B 
 276      46260918 
 276      1CF8
 277 0594 7BCD12FA 		.ascii	"{\315\022\372;`\340\226\003\372\353v\364\220\371\246"
 277      3B60E096 
 277      03FAEB76 
 277      F490F9A6 
 278 05a4 FE55F830 		.ascii	"\376U\3700\246\305\262\273i`\201\227z\320\267\374\262"
 278      A6C5B2BB 
 278      69608197 
 278      7AD0B7FC 
 278      B2
 279 05b5 A083B21F 		.ascii	"\240\203\262\037o\3064*\006\341V\005\342m\264\242\310"
 279      6FC6342A 
 279      06E15605 
 279      E26DB4A2 
 279      C8
 280 05c6 0D78EB36 		.ascii	"\015x\3536\354ND\270\224\241\210\275\274\363\201F\232"
 280      EC4E44B8 
 280      94A188BD 
 280      BCF38146 
ARM GAS  /tmp/cctOnMUY.s 			page 22


 280      9A
 281 05d7 F7E4FB91 		.ascii	"\367\344\373\221\355\374\344\355D\022O\266\023\231?"
 281      EDFCE4ED 
 281      44124FB6 
 281      13993F
 282 05e6 1DCAF180 		.ascii	"\035\312\361\200A\363\"\231\244\261l\212~\221M\321\015"
 282      41F32299 
 282      A4B16C8A 
 282      7E914DD1 
 282      0D
 283 05f7 F74FE6F3 		.ascii	"\367O\346\363\370\274\250\277*\261p\032\033p\274l\362"
 283      F8BCA8BF 
 283      2AB1701A 
 283      1B70BC6C 
 283      F2
 284 0608 9FC126FF 		.ascii	"\237\301&\377\370\273\0057]\230\365\304\250h\355\313"
 284      F8BB0537 
 284      5D98F5C4 
 284      A868EDCB 
 285 0618 1CDA0531 		.ascii	"\034\332\0051H!1H\346\251Bb\177'\364\355 }?P\373\351"
 285      48213148 
 285      E6A94262 
 285      7F27F4ED 
 285      207D3F50 
 286 062e 666BA94B 		.ascii	"fk\251K7,i<\361\011\225z\300\022\304\321\023\2128\340"
 286      372C693C 
 286      F109957A 
 286      C012C4D1 
 286      138A38E0 
 287 0642 C81D9167 		.ascii	"\310\035\221g$\236\275\350\205\310%\362q\342\201F\352"
 287      249EBDE8 
 287      85C825F2 
 287      71E28146 
 287      EA
 288 0653 6337E98F 		.ascii	"c7\351\217\365\361\242\026^\334\227#&\303\264\323\246"
 288      F5F1A216 
 288      5EDC9723 
 288      26C3B4D3 
 288      A6
 289 0664 4C357B8F 		.ascii	"L5{\217\304\367\222\022& M\034\222\240\330\305\213\346"
 289      C4F79212 
 289      26204D1C 
 289      92A0D8C5 
 289      8BE6
 290 0676 E4126812 		.ascii	"\344\022h\022\342\011\205\234]\251t!\373\201!u,>\315"
 290      E209859C 
 290      5DA97421 
 290      FB812175 
 290      2C3ECD
 291 0689 DD86AC91 		.ascii	"\335\206\254\221d\033\363p\340/\034\372U\342\363\034"
 291      641BF370 
 291      E02F1CFA 
 291      55E2F31C 
 292 0699 4D40B1F5 		.ascii	"M@\261\365j#\217\037\260l\324T\036\351\235\246\001\217"
 292      6A238F1F 
 292      B06CD454 
 292      1EE99DA6 
ARM GAS  /tmp/cctOnMUY.s 			page 23


 292      018F
 293 06ab E8866095 		.ascii	"\350\206`\225\346)\323\\\272b\306jO\213v\236\264\026"
 293      E629D35C 
 293      BA62C66A 
 293      4F8B769E 
 293      B416
 294 06bd 90FDB892 		.ascii	"\220\375\270\222mpm\326\232i\3622\314P\224a\2468\261"
 294      6D706DD6 
 294      9A69F232 
 294      CC509461 
 294      A638B1
 295 06d0 A147FB2E 		.ascii	"\241G\373.\034\322S\034\320\205\366\360\032\266\370"
 295      1CD2531C 
 295      D085F6F0 
 295      1AB6F8
 296 06df 0F35909D 		.ascii	"\0175\220\235\331L\250+\322n\331\260\265\301\231\265"
 296      D94CA82B 
 296      D26ED9B0 
 296      B5C199B5 
 297 06ef 85EFC92A 		.ascii	"\205\357\311*\220\331\373\001^\257\241\216te\307\234"
 297      90D9FB01 
 297      5EAFA18E 
 297      7465C79C 
 298 06ff 426CDBA6 		.ascii	"Bl\333\246\\\256\263y*@\312f\037\224M\026O\327\200\334"
 298      5CAEB379 
 298      2A40CA66 
 298      1F944D16 
 298      4FD780DC 
 299 0713 9293FF9C 		.ascii	"\222\223\377\234\271\235\216\265(\301\223G9\274\336"
 299      B99D8EB5 
 299      28C19347 
 299      39BCDE
 300 0722 5E691CCA 		.ascii	"^i\034\312\345grh/\257a\330\352+\262/i_\330#X\255p\332"
 300      E5677268 
 300      2FAF61D8 
 300      EA2BB22F 
 300      695FD823 
 301 073a D980479B 		.ascii	"\331\200G\233\256\013\202^C\230P\032(\027\235%\317\034"
 301      AE0B825E 
 301      4398501A 
 301      28179D25 
 301      CF1C
 302 074c 4AE56D08 		.ascii	"J\345m\010\355\346\273I\232\366\363/\200\364\203\230"
 302      EDE6BB49 
 302      9AF6F32F 
 302      80F48398 
 303 075c D8DB5ADC 		.ascii	"\330\333Z\334\252Q_\345\250\344A~\362\"5i'H\030\311"
 303      AA515FE5 
 303      A8E4417E 
 303      F2223569 
 303      274818C9 
 304 0770 2E508D79 		.ascii	".P\215y\322.\360\020/\337\335\375(E\371NLc\206\023\215"
 304      D22EF010 
 304      2FDFDDFD 
 304      2845F94E 
 304      4C638613 
 305 0785 327489D9 		.ascii	"2t\211\331\276\321[\232\212\354\221?\314\"\277c\250"
ARM GAS  /tmp/cctOnMUY.s 			page 24


 305      BED15B9A 
 305      8AEC913F 
 305      CC22BF63 
 305      A8
 306 0796 BED063EA 		.ascii	"\276\320c\352\370\344\221\370\034\221\342\263\265\260"
 306      F8E491F8 
 306      1C91E2B3 
 306      B5B0
 307 07a4 7CCC458C 		.ascii	"|\314E\214\217\355\3270\261\002d\201'L\350\200,>\007"
 307      8FEDD730 
 307      B1026481 
 307      274CE880 
 307      2C3E07
 308 07b7 1CE37394 		.ascii	"\034\343s\224\306\247\260\370A\2263\356g\361\331\234"
 308      C6A7B0F8 
 308      419633EE 
 308      67F1D99C 
 309 07c7 90DFA091 		.ascii	"\220\337\240\221\206\277\360s\303"
 309      86BFF073 
 309      C3
 310 07d0 9F0CFD86 		.ascii	"\237\014\375\206\265\3531E\177\014\0202\217\332\307"
 310      B5EB3145 
 310      7F0C1032 
 310      8FDAC7
 311 07df 8B592938 		.ascii	"\213Y)8\356\334Tf0`\267e\027U\261\240\034\007\025?\261"
 311      EEDC5466 
 311      3060B765 
 311      1755B1A0 
 311      1C07153F 
 312 07f4 0064B537 		.ascii	"\000d\2657\3069MZ\270\311\332wRQ\337\271-w{&\215\025"
 312      C6394D5A 
 312      B8C9DA77 
 312      5251DFB9 
 312      2D777B26 
 313 080a 3A5D2BF9 		.ascii	":]+\371\206\016\247t)2T\240\030\007\247\244\014\015"
 313      860EA774 
 313      293254A0 
 313      1807A7A4 
 313      0C0D
 314 081c 6EC9FD1D 		.ascii	"n\311\375\035\305\002=\350\004\303\322\226\326\370\355"
 314      C5023DE8 
 314      04C3D296 
 314      D6F8ED
 315 082b D4B92822 		.ascii	"\324\271(\"\271(\224r\021\371\270g\324]\314E\375\034"
 315      B9289472 
 315      11F9B867 
 315      D45DCC45 
 315      FD1C
 316 083d 7B2E8009 		.ascii	"{.\200\011\345\313r\221\357\230\213b\232\213\342\242"
 316      E5CB7291 
 316      EF988B62 
 316      9A8BE2A2 
 317 084d AC3B188F 		.ascii	"\254;\030\217\263\\\264>Y\267\217\025\006\034\032\305"
 317      B35CB43E 
 317      59B78F15 
 317      061C1AC5 
 318 085d D0365796 		.ascii	"\3206W\226tji\0379\353\2272|i\315\346(~j\200\345\004"
ARM GAS  /tmp/cctOnMUY.s 			page 25


 318      746A691F 
 318      39EB9732 
 318      7C69CDE6 
 318      287E6A80 
 319 0873 609904F0 		.ascii	"`\231\004\360\356\261\363\277%\370\004\241\354\334~"
 319      EEB1F3BF 
 319      25F804A1 
 319      ECDC7E
 320 0882 6CD9B421 		.ascii	"l\331\264!^HG\224\011\225\310\000\3023\033\033\247)"
 320      5E484794 
 320      0995C800 
 320      C2331B1B 
 320      A729
 321 0894 B075C359 		.ascii	"\260u\303YMz\\\250\245\300\342z\206\212]\325V\250I\307"
 321      4D7A5CA8 
 321      A5C0E27A 
 321      868A5DD5 
 321      56A849C7 
 322 08a8 4960B6DE 		.ascii	"I`\266\336:\235\2508\011V\362\362\363\\\225\024\370"
 322      3A9DA838 
 322      0956F2F2 
 322      F35C9514 
 322      F8
 323 08b9 FAE35B8B 		.ascii	"\372\343[\213\330DH\273Hi\325\356\212\363\240=d\013"
 323      D84448BB 
 323      4869D5EE 
 323      8AF3A03D 
 323      640B
 324 08cb 52CD7C6D 		.ascii	"R\315|m\315\273\326\343*\3675\340Y\231\253\265\304\325"
 324      CDBBD6E3 
 324      2AF735E0 
 324      5999ABB5 
 324      C4D5
 325 08dd 1AC955DB 		.ascii	"\032\311U\333\260\331\246\027}\035\337\357\231\036\265"
 325      B0D9A617 
 325      7D1DDFEF 
 325      991EB5
 326 08ec E765C281 		.ascii	"\347e\302\201*d~VH~\326Q?m)\225G\334\361\031\355/=\327"
 326      2A647E56 
 326      487ED651 
 326      3F6D2995 
 326      47DCF119 
 327 0904 13D1F26D 		.ascii	"\023\321\362mqNrG\033\024\216\236\221\034\035\272^\233"
 327      714E7247 
 327      1B148E9E 
 327      911C1DBA 
 327      5E9B
 328 0916 C85278C6 		.ascii	"\310Rx\306>\007t^\267\374\200\355i=\313\\\035?Y\227"
 328      3E07745E 
 328      B7FC80ED 
 328      693DCB5C 
 328      1D3F5997 
 329 092a AD9D3AAD 		.ascii	"\255\235:\255\347\210\257\215\222\257\251\251M=\356"
 329      E788AF8D 
 329      92AFA9A9 
 329      4D3DEE
 330 0939 A2AF2DA3 		.ascii	"\242\257-\243\2632\210\257\300\201\352e\276\326K\276"
ARM GAS  /tmp/cctOnMUY.s 			page 26


 330      B33288AF 
 330      C081EA65 
 330      BED64BBE 
 331 0949 9EA7BE1E 		.ascii	"\236\247\276\036(?\232\356\201\273\230\257\265\331w"
 331      283F9AEE 
 331      81BB98AF 
 331      B5D977
 332 0958 D74BF2F5 		.ascii	"\327K\362\365)\260;;\315\212\366\202L\376\202$\177\221"
 332      29B03B3B 
 332      CD8AF682 
 332      4CFE8224 
 332      7F91
 333 096a CAC747EE 		.ascii	"\312\307G\356Z\204o2\361\243\025\303\355n\3706k\034"
 333      5A846F32 
 333      F1A315C3 
 333      ED6EF836 
 333      6B1C
 334 097c 491E3693 		.ascii	"I\0366\223\265\0045Q\001\262\031:\370\370\010[]\376"
 334      B5043551 
 334      01B2193A 
 334      F8F8085B 
 334      5DFE
 335 098e C8765D96 		.ascii	"\310v]\226\250\303}\323\360\003\306\337y\304\326A\371"
 335      A8C37DD3 
 335      F003C6DF 
 335      79C4D641 
 335      F9
 336 099f 2F83B116 		.ascii	"/\203\261\026^\203\232Y\000.\016\367\235\224\316;e\342"
 336      5E839A59 
 336      002E0EF7 
 336      9D94CE3B 
 336      65E2
 337 09b1 D846ADF0 		.ascii	"\330F\255\360\016\265)\306\366\306\356\221a'<\316\224"
 337      0EB529C6 
 337      F6C6EE91 
 337      61273CCE 
 337      94
 338 09c2 D55CDD76 		.ascii	"\325\\\335vU\253\"\204\332A\271RnK\216\331 OX\207bJ"
 338      55AB2284 
 338      DA41B952 
 338      6E4B8ED9 
 338      204F5887 
 339 09d8 E89412B6 		.ascii	"\350\224\022\266}\177\371\250\033\333!\225\221\366\211"
 339      7D7FF9A8 
 339      1BDB2195 
 339      91F689
 340 09e7 136B2BA6 		.ascii	"\023k+\246\341uNH\376\205q\006\373\302(m\256f\260\315"
 340      E1754E48 
 340      FE857106 
 340      FBC2286D 
 340      AE66B0CD 
 341 09fb D5BE1DDB 		.ascii	"\325\276\035\333\037kq\002c\335\235w~\223\207Z=u\253"
 341      1F6B7102 
 341      63DD9D77 
 341      7E93875A 
 341      3D75AB
 342 0a0e 4E8B1507 		.ascii	"N\213\025\007\266\345\270\3414*\213/\265\014\350\311"
ARM GAS  /tmp/cctOnMUY.s 			page 27


 342      B6E5B8E1 
 342      342A8B2F 
 342      B50CE8C9 
 343 0a1e 219F7CCA 		.ascii	"!\237|\312\241\207x^\3171MQ{&\016\374\034\355G=P#\275"
 343      A187785E 
 343      CF314D51 
 343      7B260EFC 
 343      1CED473D 
 344 0a35 FC6C76CA 		.ascii	"\374lv\312\237O\373@_\357\331\361T7\274\217a)\314\336"
 344      9F4FFB40 
 344      5FEFD9F1 
 344      5437BC8F 
 344      6129CCDE 
 345 0a49 785AAB86 		.ascii	"xZ\253\206\345\232*\226FK\316\250\033>\305dG\204\013"
 345      E59A2A96 
 345      464BCEA8 
 345      1B3EC564 
 345      47840B
 346 0a5c 715A5CC9 		.ascii	"qZ\\\311\032u5\231E\356j\212n\252*\032\262\244\355C"
 346      1A753599 
 346      45EE6A8A 
 346      6EAA2A1A 
 346      B2A4ED43 
 347 0a70 F81295D5 		.ascii	"\370\022\225\325\346\304\324$\273\302a\012NSl\333\336"
 347      E6C4D424 
 347      BBC2610A 
 347      4E536CDB 
 347      DE
 348 0a81 D237634D 		.ascii	"\3227cM\324\236t'\002\031\365\203\202;\220\021+o?F\241"
 348      D49E7427 
 348      0219F583 
 348      823B9011 
 348      2B6F3F46 
 349 0a96 3EE8BF05 		.ascii	">\350\277\005\333\354.\236m\365!\305\226>~\247\020\267"
 349      DBEC2E9E 
 349      6DF521C5 
 349      963E7EA7 
 349      10B7
 350 0aa8 006C7194 		.ascii	"\000lq\224}\212CWc\337\254\011\325WTT\333D\325V^:y\011"
 350      7D8A4357 
 350      63DFAC09 
 350      D5575454 
 350      DB44D556 
 351 0ac0 51B47CEC 		.ascii	"Q\264|\354\032\357\210\373\377\273\300u\033h@~\300\252"
 351      1AEF88FB 
 351      FFBBC075 
 351      1B68407E 
 351      C0AA
 352 0ad2 EE7B6E42 		.ascii	"\356{nB\377\015\025\375\327E\375\342\261#\2615\336\037"
 352      FF0D15FD 
 352      D745FDE2 
 352      B123B135 
 352      DE1F
 353 0ae4 B7B218B6 		.ascii	"\267\262\030\266\247\015\324zx\251\330D\367DE*f\241"
 353      A70DD47A 
 353      78A9D844 
 353      F744452A 
ARM GAS  /tmp/cctOnMUY.s 			page 28


 353      66A1
 354 0af6 283677FC 		.ascii	"(6w\374\230\340\206\340(\2528\263\230\301(;@\015\212"
 354      98E086E0 
 354      28AA38B3 
 354      98C1283B 
 354      400D8A
 355 0b09 920F406A 		.ascii	"\222\017@j\310\016\226L\020\375\020ga\347\347\350>p"
 355      C80E964C 
 355      10FD1067 
 355      61E7E7E8 
 355      3E70
 356 0b1b 58C0C6A0 		.ascii	"X\300\306\240c\340dg\251\306\376\347\322\243\204\332"
 356      63E06467 
 356      A9C6FEE7 
 356      D2A384DA 
 357 0b2b CFC98040 		.ascii	"\317\311\200@\227Df\225\257\313\340\310\332\343)\031"
 357      97446695 
 357      AFCBE0C8 
 357      DAE32919 
 358 0b3b 1AE90415 		.ascii	"\032\351\004\025\255@C?w\253\000\"\265X\333P\255\370"
 358      AD40433F 
 358      77AB0022 
 358      B558DB50 
 358      ADF8
 359 0b4d EC3DAC30 		.ascii	"\354=\25400\302NJ#\364\244\224\3678\377\244F\316K\346"
 359      30C24E4A 
 359      23F4A494 
 359      F738FFA4 
 359      46CE4BE6 
 360 0b61 F309DE87 		.ascii	"\363\011\336\207\214\367!\345}x/G\271\362X\024\337 "
 360      8CF721E5 
 360      7D782F47 
 360      B9F25814 
 360      DF20
 361 0b73 1F31DE47 		.ascii	"\0371\336G\224\367X\301\370\270\213\374\363\234*\206"
 361      94F758C1 
 361      F8B88BFC 
 361      F39C2A86 
 362 0b83 C79437B5 		.ascii	"\307\2247\265ko\247\273\3423\275\002\303(\343\035\245"
 362      6B6FA7BB 
 362      E233BD02 
 362      C328E31D 
 362      A5
 363 0b94 BCA3C3DD 		.ascii	"\274\243\303\3359\212E\341\234\202w\214\361\216Q\336"
 363      398A45E1 
 363      9C82778C 
 363      F18E51DE 
 364 0ba4 8B478522 		.ascii	"\213G\205\"\305g\363\"\005\3578\343%\2677^y\305\000"
 364      C567F322 
 364      05EF38E3 
 364      25B7375E 
 364      79C500
 365 0bb7 BF306378 		.ascii	"\2770cx`X\2001\374\353yAA~\206E\313\003?\016\235\267"
 365      60588031 
 365      FCEB7941 
 365      417E8645 
 365      CB033F0E 
ARM GAS  /tmp/cctOnMUY.s 			page 29


 366 0bcd 6CD91283 		.ascii	"l\331\022\203_x\340\227\306\360\010\303\242\205\257"
 366      5F78E097 
 366      C6F008C3 
 366      A285AF
 367 0bdc CFFF93E1 		.ascii	"\317\377\223\341\313W\015>\360\336\233\266^\361\325"
 367      CB570D3E 
 367      F0DE9BB6 
 367      5EF1D5
 368 0beb 2DFDEB67 		.ascii	"-\375\353g\317/~\375u\316%,t\2651\334;,0\344\031\237"
 368      CF2F7EFD 
 368      75CE252C 
 368      74B531DC 
 368      3B2C30E4 
 369 0c01 309FA0C5 		.ascii	"0\237\240\305\241!\246\360\320\240\245a\201\241\336"
 369      A121A6F0 
 369      D0A0A561 
 369      81A1DE
 370 0c10 A637FF77 		.ascii	"\2467\377w\003\001\234+}XBy\236\361!\317\336\34453g"
 370      03019C2B 
 370      7D584279 
 370      9EF121CF 
 370      DEE43533 
 371 0c25 7AD6C1D8 		.ascii	"z\326\301\330'&\037\223\321\333\244\361\015\360\011"
 371      27261F93 
 371      D1DBA4F1 
 371      0DF009
 372 0c34 D705F844 		.ascii	"\327\005\370Dx\257\3603\205k\275\337\011\015\015\322"
 372      78AFF033 
 372      856BBDDF 
 372      090D0DD2 
 373 0c44 FA0685FA 		.ascii	"\372\006\205\372\256\324\255\012\0141-\\\340m\322\001"
 373      AED4AD0A 
 373      0C312D5C 
 373      E06DD201 
 374 0c54 4B488831 		.ascii	"KH\2101(\302-lu\260\370\354mr6\206\370\254\0102\372"
 374      28C22D6C 
 374      75B0F8EC 
 374      6D723686 
 374      F8AC0832 
 375 0c69 B9D2CE90 		.ascii	"\271\322\316\220\340\210\225\336&'\002<\324OG\272BL"
 375      E08895DE 
 375      2627023C 
 375      D44F47BA 
 375      424C
 376 0c7b D0F60D0D 		.ascii	"\320\366\015\015\371\"\320\337\345\243\277/_L\237\264"
 376      F922D0DF 
 376      E5A3BF2F 
 376      5F4C9FB4 
 377 0c8b 11C4AA1E 		.ascii	"\021\304\252\036\336G0\363\344\025C\214M\201\301\256"
 377      DE4730F3 
 377      E415438C 
 377      4D81C1AE 
 378 0c9b 11A66062 		.ascii	"\021\246`b10\330\333\3646\013\305Jc8\2303,\016\010\\"
 378      3130D8DB 
 378      F4360BC5 
 378      4A633898 
 378      332C0E08 
ARM GAS  /tmp/cctOnMUY.s 			page 30


 379 0cb0 11F8E127 		.ascii	"\021\370\341'\206\320\010C\200O\220!,4\334\024a\370"
 379      86D00843 
 379      804F9021 
 379      2C34DC14 
 379      61F8
 380 0cc2 E4D3E50B 		.ascii	"\344\323\345\013\027\030H`>}\1779D\003\336x\203j\342"
 380      17184860 
 380      3E7D7F39 
 380      4403DE78 
 380      836AE2
 381 0cd5 3584C383 		.ascii	"5\204\303\2038lW\357m\362\024\333v\017\334\305\216\325"
 381      386C57EF 
 381      6DF214DB 
 381      760FDCC5 
 381      8ED5
 382 0ce7 817EA600 		.ascii	"\201~\246\000o\023\377\032\247\363\011\017\376\362\317"
 382      6F13FF1A 
 382      A7F3090F 
 382      FEF2CF
 383 0cf6 F38239BD 		.ascii	"\363\2029\275/\0300~5/x!\3475\021\311\010\243\211E\223"
 383      2F18307E 
 383      352F7821 
 383      E73511C9 
 383      08A38945 
 384 0d0b AA7AF7AB 		.ascii	"\252z\367\253@\023\011\342\252\210\377+o\276r\013\376"
 384      401309E2 
 384      AA88FF2B 
 384      6FBE720B 
 384      FE
 385 0d1c 9285671C 		.ascii	"\222\205g\034\254\256\016\236\356\230?\243\351\367O"
 385      ACAE0E9E 
 385      EE983FA3 
 385      E9F74F
 386 0d2b B7CAFA17 		.ascii	"\267\312\372\027-\203XP\300KV\370/\212\2100\206\233"
 386      2D835850 
 386      C04B56F8 
 386      2F8A8830 
 386      869B
 387 0d3d 9647F83B 		.ascii	"\226G\370;j[j4\351\305p\200b\215?t9\205\371\370\256"
 387      6A5B6A34 
 387      E9C57080 
 387      628D3F74 
 387      3985F9F8 
 388 0d52 34FA39FB 		.ascii	"4\3729\373\004\005\372\207\030\375\350kV\245\232`\243"
 388      0405FA87 
 388      18FDE86B 
 388      56A59A60 
 388      A3
 389 0d63 C9C7536A 		.ascii	"\311\307Sj/\3625\201w\220l\037\372\340%\365/\011\014"
 389      2FF23581 
 389      77906C1F 
 389      FAE025F5 
 389      2F090C
 390 0d76 37424F68 		.ascii	"7BOh\010d\331Ozv\227\336\276\353\347O\252\317\0107{"
 390      0864D94F 
 390      7A7697DE 
 390      BEEBE74F 
ARM GAS  /tmp/cctOnMUY.s 			page 31


 390      AACF0837 
 391 0d8b DF7250EB 		.ascii	"\337rP\353m\372\017#l1\376"
 391      6DFA0F23 
 391      6C31FE
 392              		.text
 393              		.section	.gnu.lto_.symtab.7e104d977e71d1d8,"e",%progbits
 394 0000 61333930 		.ascii	"a3906_lld_set_power\000"
 394      365F6C6C 
 394      645F7365 
 394      745F706F 
 394      77657200 
 395 0014 00       		.ascii	"\000"
 396 0015 00       		.ascii	"\000"
 397 0016 00       		.ascii	"\000"
 398 0017 00000000 		.ascii	"\000\000\000\000\000\000\000\000"
 398      00000000 
 399 001f 2A010000 		.ascii	"*\001\000\000"
 400 0023 61333930 		.ascii	"a3906_lld_get_power\000"
 400      365F6C6C 
 400      645F6765 
 400      745F706F 
 400      77657200 
 401 0037 00       		.ascii	"\000"
 402 0038 00       		.ascii	"\000"
 403 0039 00       		.ascii	"\000"
 404 003a 00000000 		.ascii	"\000\000\000\000\000\000\000\000"
 404      00000000 
 405 0042 32010000 		.ascii	"2\001\000\000"
 406 0046 61333930 		.ascii	"a3906_lld_set_pwm\000"
 406      365F6C6C 
 406      645F7365 
 406      745F7077 
 406      6D00
 407 0058 00       		.ascii	"\000"
 408 0059 00       		.ascii	"\000"
 409 005a 00       		.ascii	"\000"
 410 005b 00000000 		.ascii	"\000\000\000\000\000\000\000\000"
 410      00000000 
 411 0063 3D010000 		.ascii	"=\001\000\000"
 412 0067 6170616C 		.ascii	"apalControlGpioSet\000"
 412      436F6E74 
 412      726F6C47 
 412      70696F53 
 412      657400
 413 007a 00       		.ascii	"\000"
 414 007b 02       		.ascii	"\002"
 415 007c 00       		.ascii	"\000"
 416 007d 00000000 		.ascii	"\000\000\000\000\000\000\000\000"
 416      00000000 
 417 0085 42010000 		.ascii	"B\001\000\000"
 418 0089 6170616C 		.ascii	"apalDbgAssertMsg\000"
 418      44626741 
 418      73736572 
 418      744D7367 
 418      00
 419 009a 00       		.ascii	"\000"
 420 009b 02       		.ascii	"\002"
ARM GAS  /tmp/cctOnMUY.s 			page 32


 421 009c 00       		.ascii	"\000"
 422 009d 00000000 		.ascii	"\000\000\000\000\000\000\000\000"
 422      00000000 
 423 00a5 49010000 		.ascii	"I\001\000\000"
 424 00a9 6170616C 		.ascii	"apalControlGpioGet\000"
 424      436F6E74 
 424      726F6C47 
 424      70696F47 
 424      657400
 425 00bc 00       		.ascii	"\000"
 426 00bd 02       		.ascii	"\002"
 427 00be 00       		.ascii	"\000"
 428 00bf 00000000 		.ascii	"\000\000\000\000\000\000\000\000"
 428      00000000 
 429 00c7 50010000 		.ascii	"P\001\000\000"
 430 00cb 6170616C 		.ascii	"apalPWMSet\000"
 430      50574D53 
 430      657400
 431 00d6 00       		.ascii	"\000"
 432 00d7 02       		.ascii	"\002"
 433 00d8 00       		.ascii	"\000"
 434 00d9 00000000 		.ascii	"\000\000\000\000\000\000\000\000"
 434      00000000 
 435 00e1 52010000 		.ascii	"R\001\000\000"
 436              		.text
 437              		.section	.gnu.lto_.opts,"e",%progbits
 438 0000 272D666E 		.ascii	"'-fno-openmp' '-fno-openacc' '-fno-pie' '-mcpu=cort"
 438      6F2D6F70 
 438      656E6D70 
 438      2720272D 
 438      666E6F2D 
 439 0033 65782D6D 		.ascii	"ex-m3' '-mthumb' '-mfloat-abi=soft' '-march=armv7-m"
 439      33272027 
 439      2D6D7468 
 439      756D6227 
 439      20272D6D 
 440 0066 2720272D 		.ascii	"' '-O2' '-fstack-usage' '-ffunction-sections' '-fda"
 440      4F322720 
 440      272D6673 
 440      7461636B 
 440      2D757361 
 441 0099 74612D73 		.ascii	"ta-sections' '-fno-common' '-flto' '-fshort-enums'\000"
 441      65637469 
 441      6F6E7327 
 441      20272D66 
 441      6E6F2D63 
 442              		.text
 443              		.comm	__gnu_lto_v1,1,1
 444              		.comm	__gnu_lto_slim,1,1
 445              		.ident	"GCC: (GNU Arm Embedded Toolchain 9-2020-q2-update) 9.3.1 20200408 (release)"
ARM GAS  /tmp/cctOnMUY.s 			page 33


DEFINED SYMBOLS
                            *ABS*:0000000000000000 alld_A3906.c
                            *COM*:0000000000000001 __gnu_lto_v1
                            *COM*:0000000000000001 __gnu_lto_slim

NO UNDEFINED SYMBOLS
