ARM GAS  /tmp/cce4we84.s 			page 1


   1              		.cpu cortex-m3
   2              		.eabi_attribute 20, 1
   3              		.eabi_attribute 21, 1
   4              		.eabi_attribute 23, 3
   5              		.eabi_attribute 24, 1
   6              		.eabi_attribute 25, 1
   7              		.eabi_attribute 26, 1
   8              		.eabi_attribute 30, 2
   9              		.eabi_attribute 34, 1
  10              		.eabi_attribute 18, 4
  11              		.file	"alld_LED.c"
  12              		.section	.gnu.lto_.profile.67b0900bde3b1f63,"e",%progbits
  13 0000 789CE360 		.ascii	"x\234\343``\004B \000\000\000]\000\013"
  13      60044220 
  13      0000005D 
  13      000B
  14              		.text
  15              		.section	.gnu.lto_.icf.67b0900bde3b1f63,"e",%progbits
  16 0000 789CE360 		.ascii	"x\234\343``d\020a@\000f\206\265\027w\036cb|\262\375"
  16      60641061 
  16      40006686 
  16      B517771E 
  16      63627CB2 
  17 0015 E06A26A6 		.ascii	"\340j&\246u\363\217~fc\000\000b\340\0117"
  17      75F38F7E 
  17      66630000 
  17      62E00937 
  18              		.text
  19              		.section	.gnu.lto_.jmpfuncs.67b0900bde3b1f63,"e",%progbits
  20 0000 789CE360 		.ascii	"x\234\343``d\020ef`\010g\200\000f\006&FF\346\372\371"
  20      60641065 
  20      66600867 
  20      80006606 
  20      264646E6 
  21 0016 CC0C40CC 		.ascii	"\314\014@\314\310\302\300\300x\200\205\221\001\210\377"
  21      C8C2C0C0 
  21      78808591 
  21      0188FF
  22 0025 03013F03 		.ascii	"\003\001?\003\202\317\310\3104\235\231\261\257\371\375"
  22      82CFC8C8 
  22      349D99B1 
  22      AFF9FD
  23 0034 3D8E3EE6 		.ascii	"=\216>\346\371\314L\214\014\214\273\030\245\201B\333"
  23      F9CC4C8C 
  23      0C8CBB18 
  23      A58142DB 
  24 0044 3ADFAEE4 		.ascii	":\337\256\344\204\01012\356f\224\346`)@V\010\264\217"
  24      84083132 
  24      EE6694E6 
  24      60294056 
  24      08B48F
  25 0057 710FA334 		.ascii	"q\017\2434\222A\014\314@\371\243\257\036\357eRd\234"
  25      92410CCC 
  25      40F9A3AF 
  25      1EEF6552 
  25      649C
  26 0069 DF304361 		.ascii	"\3370Ca>3P\321^FE\270\212? \253\031\231\221M\001J0\356"
ARM GAS  /tmp/cce4we84.s 			page 2


  26      3E3350D1 
  26      5E4645B8 
  26      8A3F20AB 
  26      1999914D 
  27 0081 63940661 		.ascii	"c\224\006a\220xo\363\372U\254\212\362\020\335\254\014"
  27      90786FF3 
  27      FA55AC8A 
  27      F210DDAC 
  27      0C
  28 0092 8CFB3175 		.ascii	"\214\3731u\303\224\203\\}\357\342\374x\220)l\214\266"
  28      C394835C 
  28      7DEFE2FC 
  28      7890296C 
  28      8CB6
  29 00a4 8C07806E 		.ascii	"\214\007\200n\001)\265\005)g`D\362=;\036\337\377G5\024"
  29      0129B505 
  29      29676044 
  29      F23D3B1E 
  29      DFFF4735 
  30 00b9 CD8FEC40 		.ascii	"\315\217\354@\327\035\004\312\020\360\343!\334\256\304"
  30      D71D04CA 
  30      10F0E321 
  30      DCAEC4
  31 00c8 E6A9C3F8 		.ascii	"\346\251\303\370=\265\356\331\227\025\334\020_\235f"
  31      3DB5EED9 
  31      9715DC10 
  31      5F9D66
  32 00d7 603C02F5 		.ascii	"`<\002\365\326i\006\260\277\200\016$&\324\217\222\346"
  32      D66906B0 
  32      BF800E24 
  32      26D48F92 
  32      E6
  33 00e8 A263F85D 		.ascii	"\242c\370]\364\364i\317u.\210\213N10\036\207\272\350"
  33      F4F469CF 
  33      752E888B 
  33      4E31301E 
  33      87BAE8
  34 00fb 14C445A0 		.ascii	"\024\304E\240\324\001\012h&\364@&\322\251'Hs\352I\374"
  34      D4010A68 
  34      26F44026 
  34      D2A92748 
  34      73EA49FC 
  35 010f 4E9DF2E7 		.ascii	"N\235\362\347\351\014\036\210So10\236\202:\365\026\304"
  35      E90C1E88 
  35      536F3130 
  35      9E823AF5 
  35      16C4
  36 0121 A90CB2AA 		.ascii	"\251\014\262\252\305\032\252\245\232V\012\211\005\211"
  36      C51AAAA5 
  36      9A560A89 
  36      0589
  37 012f 392E49E9 		.ascii	"9.I\351\216\305\305\251E%\012i\211\2319\251)\014\026"
  37      8EC5C5A9 
  37      45250A69 
  37      899939A9 
  37      290C16
  38 0142 7A7AFA40 		.ascii	"zz\372@T\220Z\224Y\220\221ZT\251\233\223\223\242\357"
ARM GAS  /tmp/cce4we84.s 			page 3


  38      54905A94 
  38      5990915A 
  38      54A99B93 
  38      93A2EF
  39 0155 E89B1994 		.ascii	"\350\233\031\224\257\353\343\343\242\237R\224Y\226Z"
  39      AFEBE3E3 
  39      A29F5294 
  39      59965A
  40 0164 54ACEFE3 		.ascii	"T\254\357\343\352\242_f\250\237\010\224\215\007\262"
  40      EAA25F66 
  40      A89F0894 
  40      8D07B2
  41 0173 F5921900 		.ascii	"\365\222\031\000G\013\366\000"
  41      470BF600 
  42              		.text
  43              		.section	.gnu.lto_.inline.67b0900bde3b1f63,"e",%progbits
  44 0000 789C8D8F 		.ascii	"x\234\215\217A\016\2030\014\004w\355@sh\341\310\225"
  44      410E8330 
  44      0C0477ED 
  44      407368E1 
  44      C895
  45 0012 17E51110 		.ascii	"\027\345\021\020\251}F\217=\346I}\022\037@\302\016\022"
  45      A97D468F 
  45      3DE6497D 
  45      121F40C2 
  45      0E12
  46 0024 A5874A75 		.ascii	"\245\207Ju\244\315\306\262G\233\010b\305\247\024\350"
  46      A4CDC6B2 
  46      479B0862 
  46      C5A714E8 
  47 0034 9F56F2A0 		.ascii	"\237V\362\240`$\300h\022X{\023p\261\373-Y`\247\366f"
  47      6024C068 
  47      12587B13 
  47      70B1FB2D 
  47      5960A7F6 
  48 0049 84C34527 		.ascii	"\204\303E'\204\233\211\224TR\323\371\263$Sr\260\221"
  48      849B8994 
  48      5452D3F9 
  48      B3245372 
  48      B091
  49 005b 971E5497 		.ascii	"\227\036T\227\320\372\236f \356\346\017*N\320\223\025"
  49      D0FA9E66 
  49      20EEE60F 
  49      2A4ED093 
  49      15
  50 006c 7436BCE8 		.ascii	"t6\274\350\235\254|\325J\234\177\004\366\217^=\326W"
  50      9DAC7CD5 
  50      4A9C7F04 
  50      F68F5E3D 
  50      D657
  51 007e 486C57EC 		.ascii	"HlW\354,L"
  51      2C4C
  52              		.text
  53              		.section	.gnu.lto_.pureconst.67b0900bde3b1f63,"e",%progbits
  54 0000 789CE360 		.ascii	"x\234\343``d\340b```f\230\311\3028\213\205i&\013\000"
  54      6064E062 
  54      60606066 
ARM GAS  /tmp/cce4we84.s 			page 4


  54      98C9C238 
  54      8B856926 
  55 0016 0A9401F2 		.ascii	"\012\224\001\362"
  56              		.text
  57              		.section	.gnu.lto_led_lld_set.67b0900bde3b1f63,"e",%progbits
  58 0000 789C5D52 		.ascii	"x\234]R\337K\024Q\024>\337\334Y\235]]\373\361R\264\010"
  58      DF4B1451 
  58      143EDFDC 
  58      599D5D5D 
  58      FBF152B4 
  59 0015 2B24B684 		.ascii	"+$\266\204\356F=D\021%\350\233\275\364\017\310\232["
  59      EE463D44 
  59      1125E89B 
  59      BDF40FC8 
  59      9A5B
  60 0027 6D2C28BB 		.ascii	"m,(\273&\364\344\335]e\261\037\266\017\211\353\3032"
  60      26F4E4DD 
  60      5D65B11F 
  60      B60F89EB 
  60      C332
  61 0039 659825A1 		.ascii	"e\230%\241\005Q\224\256M\245\245&\364\203z(\322\240"
  61      055194AE 
  61      4DA5A526 
  61      F4837A28 
  61      D2A0
  62 004b 204A2C83 		.ascii	" J,\203,z\010\355\334\035Eh\230\271\234s\317\367\235"
  62      2C7A08ED 
  62      DC1D4568 
  62      98B99C73 
  62      CFF79D
  63 005e 7BBEEF8E 		.ascii	"{\276\357\216A\240i\215\250\201\210J\371\203 hR\312"
  63      41A0698D 
  63      A881884A 
  63      F9832068 
  63      52CA
  64 0070 43857143 		.ascii	"C\205qC\003\362\2214@m\032\332pA\364\010\214\334\030"
  64      03F29134 
  64      406D1ADA 
  64      7041F408 
  64      8CDC18
  65 0083 FE51E21B 		.ascii	"\376Q\342\033\340\212\264z~\373\022\311\216\255\246"
  65      E08AB47A 
  65      7EFB12C9 
  65      8EADA6
  66 0092 20EA65E2 		.ascii	" \352e\342n\017\002\036R\017\356\303\307\330\271D\366"
  66      6E0F021E 
  66      520FEEC3 
  66      C7D8B944 
  66      F6
  67 00a3 4F719730 		.ascii	"Oq\2270\005\240szq\372\366\224K\245\032\274\234\276"
  67      05A0737A 
  67      71FAF694 
  67      4BA51ABC 
  67      9CBE
  68 00b5 799F5BD2 		.ascii	"y\237[\322\305~\020\307_\226\322;+\372e:!\255\205\253"
  68      C57E10C7 
  68      5F96D23B 
ARM GAS  /tmp/cce4we84.s 			page 5


  68      2BFA653A 
  68      21AD85AB 
  69 00c9 426E3785 		.ascii	"Bn7\205@\016Bu\035\205\007#\340\276\274\307\235\307"
  69      400E4275 
  69      1D850723 
  69      E0BEBCC7 
  69      9DC7
  70 00db 50C1F8D9 		.ascii	"P\301\370\331\354\342O]\034\314s\223\203\367:\213V\311"
  70      ECE24F5D 
  70      1CCC7393 
  70      83F73A8B 
  70      56C9
  71 00ed E3DB32D2 		.ascii	"\343\3332\322\202)t<\260\331\2533\361\016s-T\220b|\274"
  71      8229743C 
  71      B0D9AB33 
  71      F10E732D 
  71      5490627C 
  72 0102 B5DCED2E 		.ascii	"\265\334\355.\320\325\320j\330\207(`\033\210\206_9,"
  72      D0D5D06A 
  72      D8872860 
  72      1B88865F 
  72      392C
  73 0114 B9BC9292 		.ascii	"\271\274\222\222\326\347-g\032\212\300,\207\306K\201"
  73      D6E72D67 
  73      1A8AC02C 
  73      87C64B81 
  74 0124 5091CE4B 		.ascii	"P\221\316K\241\003j\000\003\252\225\213\224p:+H\231"
  74      A1036A00 
  74      03AA958B 
  74      94703A2B 
  74      4899
  75 0136 A1435A44 		.ascii	"\241CZD\347\204f'qN\346\221|\221\232mR\375\263\002Y"
  75      E7846627 
  75      714EE691 
  75      7C919A6D 
  75      52FDB302 
  76 014b E1E0A3BB 		.ascii	"\341\340\243\273\222\213s\206\362@\200\360\210e- \345"
  76      928B7386 
  76      F24080F0 
  76      88652D20 
  76      E5
  77 015c CD4FC0C5 		.ascii	"\315O\300\305\354\265\231\025g;\022q\303\024F/#\010"
  77      ECB59915 
  77      673B1271 
  77      C314462F 
  77      2308
  78 016e 8FD10E62 		.ascii	"\217\321\016b6W'\346?\345\264\262ZSf\274\246p*|\367"
  78      365727E6 
  78      3FE5B4B2 
  78      5A5366BC 
  78      A6702A7C 
  79 0183 875F036E 		.ascii	"\207_\003n\205\317H\311{.\214\243\314V3\3014\006\234"
  79      85CF48C9 
  79      7B2E8CA3 
  79      CC5633C1 
  79      34069C
  80 0196 4F0E0F3A 		.ascii	"O\016\017:\3124\233R\244(}\311\313\257\235\353\224b"
ARM GAS  /tmp/cce4we84.s 			page 6


  80      CA349B52 
  80      A4287DC9 
  80      CBAF9DEB 
  80      9462
  81 01a8 3C59A33C 		.ascii	"<Y\243<\265)s/\315z5\237\033\0070\011\217)JXGb\364\353"
  81      B529732F 
  81      CD7A359F 
  81      1B073009 
  81      8F294A58 
  82 01c0 CA1E5B87 		.ascii	"\312\036[\207\306\030\353\335\315\267%\375\270\022g"
  82      C618EBDD 
  82      CDB725FD 
  82      B81267
  83 01cf A997FA94 		.ascii	"\251\227\372\224E\033X]^\216:c\350\356\300sw`H\246\271"
  83      451B585D 
  83      5E8E3A63 
  83      E8EEC073 
  83      776048A6 
  84 01e4 7AD2141B 		.ascii	"z\322\024\0331\205~dl\257\247\021P\276\214\245`\267"
  84      31857E64 
  84      6CAFA711 
  84      50BE8CA5 
  84      60B7
  85 01f6 13596130 		.ascii	"\023Ya0\345N\347\267\353Nu\254\016\340\031\367\3413"
  85      E54EE7B7 
  85      EB4E75AC 
  85      0EE019F7 
  85      E133
  86 0208 FFAE6174 		.ascii	"\377\256at\206\261O\035^;u\375\347\324\246^\301\177"
  86      86B14F1D 
  86      5E3B75FD 
  86      E7D4A65E 
  86      C17F
  87 021a 30666CA7 		.ascii	"0fl\2474\306\233b3}Gb\015O\371[\302\372-\021\355\255"
  87      34C69B62 
  87      337D4762 
  87      0D4FF95B 
  87      C2FA2D11 
  88 0230 AAF2F3DB 		.ascii	"\252\362\363\333\034\212\206\233O\204\242\247+#\221"
  88      1C8A869B 
  88      4F84A2A7 
  88      2B2391
  89 023f 467FF5E1 		.ascii	"F\177\365\341\360\221\246\312\272\272\032\177c4\334"
  89      F091A6CA 
  89      BABA1A7F 
  89      6334DC
  90 024e 1A8AC6FC 		.ascii	"\032\212\306\374u\2655\376\326]\376 W\3539\256:J\"\022"
  90      75B535FE 
  90      D65DFE20 
  90      57EB39AE 
  90      3A4A2212 
  91 0262 6A74C45A 		.ascii	"jt\304Z\202-\241\322\362\330\216\362S\276}\336`s0R\323"
  91      822DA1D2 
  91      F2D88EF2 
  91      53BE7DDE 
  91      60733052 
  92 0277 70BC3A16 		.ascii	"p\274:\026\013E[\274\307\202a\206\320?\212\322\371l"
ARM GAS  /tmp/cce4we84.s 			page 7


  92      0B455BBC 
  92      C7826186 
  92      D03F8AD2 
  92      F96C
  93              		.text
  94              		.section	.gnu.lto_led_lld_get.67b0900bde3b1f63,"e",%progbits
  95 0000 789C8D93 		.ascii	"x\234\215\223mh\223W\024\307\317\377\271\317\223&iS"
  95      6D689357 
  95      14C7CFFF 
  95      B9CF9326 
  95      6953
  96 0012 DDD4A116 		.ascii	"\335\324\241\026%\005C-bS\361\313\334>L\241~\253_\366"
  96      2505432D 
  96      6253F1CB 
  96      DC3E4CA1 
  96      7EAB5FF6 
  97 0026 C58F12D7 		.ascii	"\305\217\022\327\250\201\202%\251\202\237\274M\224\250"
  97      A8818225 
  97      A9829FBC 
  97      4D94A8
  98 0035 5557862F 		.ascii	"UW\206/\211\020\037\265\324\252h[qNP\253\217os\326j"
  98      89101FB5 
  98      D4AA685B 
  98      714E50AB 
  98      8F6F73D6 
  99 004a 6BD569C5 		.ascii	"k\325i\305ePq\276\340\033\256\212\310P\317\275OC\207"
  99      655071BE 
  99      E01BAE8A 
  99      C850CFBD 
  99      4F4387
 100 005d 0E66482E 		.ascii	"\016fH.\367\236s\376\347\234\337=7^\002\0355\211\032"
 100      F79E73FE 
 100      E79CDF3D 
 100      375E021D 
 100      35891A
 101 0070 89680AFF 		.ascii	"\211h\012\377 \010\206\224rnQ\223\327\000\364NzA\253"
 101      20088694 
 101      726E5193 
 101      D700F44E 
 101      7A41AB
 102 0083 0DACC68F 		.ascii	"\015\254\306\217b\273\300\211\203\235/J+\333\331#\235"
 102      62BBC089 
 102      839D2F4A 
 102      2BDBD923 
 102      9D
 103 0094 ED5D9E03 		.ascii	"\355]\236\003]\375R\330\202(\313\312\331e\250.#\365"
 103      5DFD52D8 
 103      8228CBCA 
 103      D965A82E 
 103      23F5
 104 00a6 C1715472 		.ascii	"\301qTrp>\231{S\262\231\375\200\311\307-=?_\362\253"
 104      703E997B 
 104      53B299FD 
 104      80C9C72D 
 104      3D3F5FF2 
 105 00bb A381201F 		.ascii	"\243\201 \037o\336\355\0366\305\267 \336?\034n\231Q"
 105      6FDEED1E 
ARM GAS  /tmp/cce4we84.s 			page 8


 105      36C5B720 
 105      DE3F1C6E 
 105      9951
 106 00cd D1265B92 		.ascii	"\321&[\222\322y\262W\310i\266\020\350\206PYO\242\014"
 106      D279B257 
 106      C869B610 
 106      E8865059 
 106      4FA20C
 107 00e0 27C079D9 		.ascii	"'\300y\331\306\231O\241\202\343\377\310=\377\333\024"
 107      C6994FA1 
 107      82E3FFC8 
 107      3DFFDB14 
 108 00f0 DF696DFB 		.ascii	"\337im\373\341-C\336\021q\357\344\035\3221ma\342\364"
 108      E12D43DE 
 108      1171EFE4 
 108      1DD2316D 
 108      61E2F4
 109 0103 276AE684 		.ascii	"'j\346\204\203\012\322\365\326\312C>1_\353\323\351d"
 109      830AD2F5 
 109      D6CA433E 
 109      315FEBD3 
 109      E964
 110 0115 5749A855 		.ascii	"WI\250U#\275\316NL\246dFr\012\302\0317\305(\226\212"
 110      23BDCE4E 
 110      4CA66446 
 110      720AC219 
 110      37C52896 
 111 012a 7E7570A0 		.ascii	"~up\240\317\022\265Z9\330\234yk\262\322\341\312\317"
 111      CF12B55A 
 111      39D89C79 
 111      6BB2D2E1 
 111      CACF
 112 013c B2E35323 		.ascii	"\262\343S#J\013\347\376K9t\370\335\326\200\307\304y"
 112      4A0BE7FE 
 112      4B3974F8 
 112      DDD680C7 
 112      C479
 113 014e 84701621 		.ascii	"\204p\026!ue\352\252.\300\303S \243`\357\034\260\034"
 113      7565EAAA 
 113      2EC0C353 
 113      20A360EF 
 113      1CB01C
 114 0161 F9EE7D5A 		.ascii	"\371\356}Z:W'\355n\013\214\005\267\3561\324\"x)2y\361"
 114      3A5727ED 
 114      6E0B8C05 
 114      B7EE31D4 
 114      22782932 
 115 0177 5AEAE8E1 		.ascii	"Z\352\350\341\305W\004u#~(\262\000\351\274\324,H\301"
 115      C5570475 
 115      237E28B2 
 115      00E9BCD4 
 115      2C48C1
 116 018a 98900ED1 		.ascii	"\230\220\016\321Fa\270\207&><F\252?}\350H\211*\232\023"
 116      4661B887 
 116      263E3C46 
 116      AA3F7DE8 
 116      48892A9A 
ARM GAS  /tmp/cce4we84.s 			page 9


 117 019f C88922EE 		.ascii	"\310\211\"\356ks\352y\336\253\306\"@\370\225\357\352"
 117      6B73EA79 
 117      DEABC622 
 117      40F895EF 
 117      EA
 118 01b0 09D241DD 		.ascii	"\011\322A\335\026;s\373z\337\373\326 \331\344\265\205"
 118      163B73FB 
 118      7ADFFBD6 
 118      20D9E4B5 
 118      85
 119 01c1 3FCB1184 		.ascii	"?\313\021\204\213X\003b5{/<\276\327m\224/\264e&h\213"
 119      8B580362 
 119      357B2F3C 
 119      BED76D94 
 119      2FB46526 
 120 01d7 6215BFF5 		.ascii	"b\025\277\365\317W\355\001\025\237\221\222m%\370\015"
 120      CF57ED01 
 120      159F9192 
 120      6D25F80D 
 121 01e7 E52EE225 		.ascii	"\345.\342%\226q\300\246T\347\001\253\334p%\001%\331"
 121      9671C0A6 
 121      54E701AB 
 121      DC702501 
 121      25D9
 122 01f9 93DA7DC3 		.ascii	"\223\332}\3037*)EOAr\331\225\334\277\277\361\226~7c"
 122      372A2945 
 122      4F4172D9 
 122      95DCBFBF 
 122      F1967E37 
 123 020e D043E845 		.ascii	"\320C\350E\231-\306\272(Gg\273$FN\370\377Mb2\311\225"
 123      992DC6BA 
 123      284767BB 
 123      24464EF8 
 123      FF4D6232 
 124 0224 FF27B9EA 		.ascii	"\377'\271\352\222\030\237G\322Wh\253\377\263I\256\025"
 124      92189F47 
 124      D25768AB 
 124      FFB349AE 
 124      15
 125 0235 2403AEA4 		.ascii	"$\003\256\244\343\257\341}\305.\311e\302\365\002I\362"
 125      E3AFE17D 
 125      C52EC965 
 125      C2F50249 
 125      F2
 126 0246 E4A39DAD 		.ascii	"\344\243\235\255c\\\024\365's\356t\015\226\266\241\265"
 126      635C14F5 
 126      2773EE74 
 126      0D96B6A1 
 126      B5
 127 0257 8907B7AB 		.ascii	"\211\007\267\253C\215\375\013\036\225\236\215*\323q"
 127      438DFD0B 
 127      1E959E8D 
 127      2AD371
 128 0266 ACBD2F50 		.ascii	"\254\275/P\335![\330\373\032\266\370\0227\320\206\214"
 128      DD215BD8 
 128      FB1AB6F8 
 128      1237D086 
ARM GAS  /tmp/cce4we84.s 			page 10


 128      8C
 129 0277 FB9C6EA2 		.ascii	"\373\234n\242\232\261\327\006\335l\201\217\300\307e"
 129      9AB1D706 
 129      DD6C818F 
 129      C0C765
 130 0286 85C141BF 		.ascii	"\205\301A\277\273\340\252\326O\203C\027\213\225W\352"
 130      BBE0AAD6 
 130      4F834317 
 130      8B9557EA 
 131 0296 9EC7EB67 		.ascii	"\236\307\353g\250{\276\305A\266\230\240\372\333\366"
 131      A87BBEC5 
 131      41B698A0 
 131      FADBF6
 132 02a5 C83E37D5 		.ascii	"\310>7\325\315\250\337\257\272\375Si\270\026\213\215"
 132      CDA8DFAF 
 132      BAFD5369 
 132      B8168B8D 
 133 02b5 9CE897F5 		.ascii	"\234\350\227\365O\367\373\024\233\005\3406\267\312\272"
 133      4FF7FB14 
 133      9B05E036 
 133      B7CABA
 134 02c4 7F0A312A 		.ascii	"\177\0121*L\031\362\033\366\013e\371\030\262\324\026"
 134      4C19F21B 
 134      F60B65F9 
 134      18B2D416 
 135 02d4 5FF10CF5 		.ascii	"_\361\014\365\320\010\203\214\303\032\026\234\315\353"
 135      D008838C 
 135      C31A169C 
 135      CDEB
 136 02e2 04AA264B 		.ascii	"\004\252&K\036\274\274\227/\236sL\256\343\276,\302\035"
 136      1EBCBC97 
 136      2F9E734C 
 136      AEE3BE2C 
 136      C21D
 137 02f4 CCA16748 		.ascii	"\314\241gH\356j\3354y\204V\335@\263\300\350\353'\372"
 137      EE6ADD34 
 137      798456DD 
 137      40B3C0E8 
 137      EB27FA
 138 0307 BAAA2ACC 		.ascii	"\272\252*\314\337\206h<\326\260,\032_5\263\276\276."
 138      DF86683C 
 138      D6B02C1A 
 138      5F35B3BE 
 138      BE2E
 139 0319 3C6F41EC 		.ascii	"<oA\354\373\3453kkk\302u\361\330\312h<\021\256\235_"
 139      FBE5336B 
 139      6B6BC275 
 139      F1D8CA68 
 139      3C11AE9D 
 140 032e 135E392B 		.ascii	"\023^9+\034a\357\"\336W\375@\242>Zg%\032#\215Q\217Z"
 140      1C61EF22 
 140      DE57FD40 
 140      A23E5A67 
 140      251A238D 
 141 0345 5724FC4B 		.ascii	"W$\374K\033b\313\027i\313\224PbzhE\3457\301HC\244\276"
 141      1B62CB17 
 141      69CB9450 
ARM GAS  /tmp/cce4we84.s 			page 11


 141      627A6845 
 141      E537C148 
 142 035c 66F1D279 		.ascii	"f\361\322y\211D4\336\030\\\022\211\261\210>\000;y\234"
 142      894434DE 
 142      185C1289 
 142      B1883E00 
 142      3B799C
 143 036f E6       		.ascii	"\346"
 144              		.text
 145              		.section	.gnu.lto_led_lld_toggle.67b0900bde3b1f63,"e",%progbits
 146 0000 789C6552 		.ascii	"x\234eRMHTQ\024>\337\273\317\361\2159N?\273\006a\006"
 146      4D485451 
 146      143EDFBB 
 146      CFF18D39 
 146      4E3FBB06 
 147 0016 121B42C7 		.ascii	"\022\033B\307h\023\265(\301v\266i\035\304\224SM\014"
 147      6813B528 
 147      C176B669 
 147      1DC49453 
 147      4D0C
 148 0028 243325B4 		.ascii	"$3%\264\362\316\017\270\250\314\205\342\270\030\236"
 148      F2CE0FB8 
 148      A8CC85E2 
 148      B8189E
 149 0037 16C3C454 		.ascii	"\026\303\304T\216A \344L\275J+MJ\244\026I\030\024A\211"
 149      8E4120E4 
 149      4CBD4A2B 
 149      4D4AA416 
 149      49181441 
 150 004c 940B8516 		.ascii	"\224\013\205\026\241\235\373\036\242\324\343\275\313"
 150      A19DFB1E 
 150      A2D4E3BD 
 150      CB
 151 0059 39F73BDF 		.ascii	"9\367;\337w\376\236A\240{\032\321i\"\252\347\017\202"
 151      77FE9E41 
 151      A07B1AD1 
 151      6922AAE7 
 151      0F82
 152 006b A049298F 		.ascii	"\240I)\217W'\015\015\260-i\200\2725t\343\226\030\024"
 152      57270D0D 
 152      B02D6980 
 152      BA3574E3 
 152      961814
 153 007e 98B85F5A 		.ascii	"\230\270_Z\251\013\026\030\221\326\340\212\25386'\205"
 153      A90B1618 
 153      91D6E08A 
 153      AB383627 
 153      85
 154 008f 29888698 		.ascii	")\210\206\230y\310\207\026\037\251\007\217\021\344\340"
 154      79C88716 
 154      1FA9078F 
 154      11E4E0
 155 009e C554EE77 		.ascii	"\305T\356wm/\343\200\316n\377\314\243\351\032\345j\360"
 155      6D2FE380 
 155      CE6EFFCC 
 155      A3E91AE5 
 155      6AF0
ARM GAS  /tmp/cce4we84.s 			page 12


 156 00b0 B3FBE153 		.ascii	"\263\373\341SeU\027GAl\177_\355;\320\230\227})iM\026"
 156      65551747 
 156      416C7F5F 
 156      ED3BD098 
 156      977D2969 
 157 00c6 84DC670A 		.ascii	"\204\334g\012\201\012\204R-\303\207\011\260.\337\261"
 157      810A8452 
 157      2DC38709 
 157      B02EDFB1 
 158 00d6 F2133492 		.ascii	"\362\0234\222b|y\270>\340q\351*\261J\370\024.\356\205"
 158      627C79B8 
 158      3EE071E9 
 158      2AB14AF8 
 158      142EEE85 
 159 00ea A8345F65 		.ascii	"\2504_e\311\365\215\036i\275\365\215\254y\334`\232\256"
 159      C9F58D1E 
 159      69BDF58D 
 159      AC79DC60 
 159      9AAE
 160 00fc F15125F8 		.ascii	"\361Q%\370p\351P\002\006\251\222\351\272 \325\207\016"
 160      70E95002 
 160      06A992E9 
 160      BA20D587 
 160      0E
 161 010d 6911DD10 		.ascii	"i\021\335\020\232\343$\331YBz\256\347\301x\255\222\315"
 161      9AE324D9 
 161      59427AAE 
 161      E7C178AD 
 161      92CD
 162 011f 09E4842A 		.ascii	"\011\344\204*\2777\375k\321P\345\013\020,\256h\031="
 162      BF37FD6B 
 162      D150E50B 
 162      102CAE68 
 162      193D
 163 0131 7E3B3183 		.ascii	"~;1\203\271\273\263\033\356\014RI\303\024\325C\034A"
 163      B9BBB31B 
 163      EE0C5249 
 163      C314D543 
 163      1C41
 164 0143 78860C88 		.ascii	"x\206\014\210\331\214N-}\255h\201c\246\314\372Ma\250"
 164      D98C4E2D 
 164      7DAD6881 
 164      63A6CCFA 
 164      4D61A8
 165 0156 F881CF6B 		.ascii	"\370\201\317k\005\217\212\317J\311wn<G\300i\342\005"
 165      058F8ACF 
 165      4AC9776E 
 165      3C47C069 
 165      E205
 166 0168 D338E066 		.ascii	"\3238\340f\272T\254\012h\016\245FQn\247G\336\273\267"
 166      BA54AC0A 
 166      680EA546 
 166      516EA747 
 166      DEBBB7
 167 017b 283B30B9 		.ascii	"(;0\271I\231r(\375\177\276e\355q\327b\201\360\022>S"
 167      49997228 
 167      FD7FBE65 
ARM GAS  /tmp/cce4we84.s 			page 13


 167      ED71D762 
 167      81F0123E 
 168 0190 78B89554 		.ascii	"x\270\225T\371G9\355uZ\3218\314Z\030\373X\227\307\235"
 168      F94739ED 
 168      755AD138 
 168      CC5A18FB 
 168      5897C79D 
 169 01a4 A4B475EA 		.ascii	"\244\264u\352\270;\273\035\225ct\274\360\316\3232*\373"
 169      B83BBB1D 
 169      956374BC 
 169      F0CED332 
 169      2AFB
 170 01b6 6CC88B57 		.ascii	"l\310\213W\310#\353L\3705Zl\261\351\275\216\224\330"
 170      C823EB4C 
 170      F8355A6C 
 170      B1E9BD8E 
 170      94D8
 171 01c8 3E12AFBD 		.ascii	">\022\257\275\305\355\312\303E5\365\235\234\022\323"
 171      C5EDCAC3 
 171      4535F59D 
 171      9C12D3
 172 01d7 FF8B0F5F 		.ascii	"\377\213\017_2\305.\314\330\352jmx\303\352\313\310\370"
 172      32C52ECC 
 172      D8EA6A6D 
 172      78C3EACB 
 172      C8F8
 173 01e9 1D6DE39F 		.ascii	"\035m\343\237\211\356\036\022\374\227b\326\231(\347"
 173      89EE1E12 
 173      FC9762D6 
 173      9928E7
 174 01f8 DB433F91 		.ascii	"\333C?\221\332\014&{\227\330\332%\321\341\346\346\020"
 174      DA0C267B 
 174      97D8DA25 
 174      D1E1E6E6 
 174      10
 175 0209 BF9D9178 		.ascii	"\277\235\221x\264\363b$~\255)\026\353\010\265\236\214"
 175      B4F36224 
 175      7EAD2916 
 175      EB08B59E 
 175      8C
 176 021a 9EBADCD4 		.ascii	"\236\272\334\324\336\336\026\352\210G\273\"\361D\250"
 176      DEDE16EA 
 176      8847BB22 
 176      F144A8
 177 0229 FD445BA8 		.ascii	"\375D[\250\353`(\314\350\031\266\233\317\221\210E:\352"
 177      EB6028CC 
 177      E819B69B 
 177      CF918845 
 177      3AEA
 178 023b 1B12FB1B 		.ascii	"\033\022\373\033\256\006\217\370\303\235\341X\333\331"
 178      AE068FF8 
 178      C39DE158 
 178      DBD9
 179 0249 0BAD8944 		.ascii	"\013\255\211D$~\305\177>\034e\220\376\002D\350\363\015"
 179      247EC57F 
 179      3E1C6590 
 179      FE0244E8 
ARM GAS  /tmp/cce4we84.s 			page 14


 179      F30D
 180              		.text
 181              		.section	.gnu.lto_.symbol_nodes.67b0900bde3b1f63,"e",%progbits
 182 0000 789C75CE 		.ascii	"x\234u\316\273\021\302@\014\004\320]\351\316C\027n\005"
 182      BB11C240 
 182      0C04D05D 
 182      E9CE4317 
 182      6E05
 183 0012 66E84B17 		.ascii	"f\350K\027\270\000\027A\025\304\216\251\203\217\241"
 183      B8001741 
 183      15C48EA9 
 183      838FA1
 184 0021 055BE6CC 		.ascii	"\005[\346\314Eb\243\235}\201t\000\221\011@\3564\024"
 184      4562A39D 
 184      7D817400 
 184      910940EE 
 184      3414
 185 0033 4FE27803 		.ascii	"O\342x\003\014\270\226\0236\201<h\374CO\232\304\304"
 185      0CB89613 
 185      36813C68 
 185      FC434F9A 
 185      C4C4
 186 0045 99A6CB9E 		.ascii	"\231\246\313\236\376\313\360\003G\227\027-\305\362\246"
 186      FECBF003 
 186      4797172D 
 186      C5F2A6
 187 0054 E5583EB4 		.ascii	"\345X>\264.\024E\252\017\234\025Z\333De\033\177m\360"
 187      2E1445AA 
 187      0F9C155A 
 187      DB44651B 
 187      7F6DF0
 188 0067 313797E6 		.ascii	"17\227\346\322\325v!V,\351V\353"
 188      D2D57621 
 188      562CE956 
 188      EB
 189              		.text
 190              		.section	.gnu.lto_.refs.67b0900bde3b1f63,"e",%progbits
 191 0000 789CE360 		.ascii	"x\234\343``\004B \000\000\000]\000\013"
 191      60044220 
 191      0000005D 
 191      000B
 192              		.text
 193              		.section	.gnu.lto_.decls.67b0900bde3b1f63,"e",%progbits
 194 0000 789C9D58 		.ascii	"x\234\235XkP\024W\026\356\323=\3000\016\217\0256\272"
 194      6B501457 
 194      16EED33D 
 194      C0300E8F 
 194      1536BA
 195 0013 85A64C96 		.ascii	"\205\246L\226\252\354\326\256\222\254\251\322\324\276"
 195      AAECD6AE 
 195      92ACA9D2 
 195      D4BE
 196 0021 346A99AA 		.ascii	"4j\231\252\325\374\330\307\237\375\203,L!\265(\026L"
 196      D5FCD8C7 
 196      9FFD832C 
 196      4C21B528 
 196      164C
ARM GAS  /tmp/cce4we84.s 			page 15


 197 0033 AC64FFA4 		.ascii	"\254d\377\244q\020P\001A@E\345\241(\020A\005%\200\202"
 197      71105001 
 197      414045E5 
 197      A1281041 
 197      05258082 
 198 0047 32BC1184 		.ascii	"2\274\021\204\200\002\242\002\016\370\200\010\006\237"
 198      8002A202 
 198      0EF88008 
 198      069F
 199 0055 3B08027B 		.ascii	";\010\002{\356\275\3353\335\330X\331\264\336\351{o\237"
 199      EEBDDD33 
 199      DDD858D9 
 199      B4DEE97B 
 199      6F9F
 200 0067 C777BE7B 		.ascii	"\307w\276{\356\013=\007\334\357}8n\007\317qc\300q\263"
 200      EE0B3D07 
 200      DCEF7D38 
 200      6E07CF71 
 200      63C071B3 
 201 007b F8E8388E 		.ascii	"\370\3508\216\353\304\242\307\322\214\245\015\313wX"
 201      EBC4A2C7 
 201      D28CA50D 
 201      CB7758
 202 008a 7AB1DCC2 		.ascii	"z\261\334\3022\200\345\237X\0069\366\270ay\212\345\025"
 202      3280E59F 
 202      580639F6 
 202      B861798A 
 202      E515
 203 009c 96692C3C 		.ascii	"\226i,<\332\361\300\342\213\345=\340\336x\356a\037\272"
 203      DAF1C0E2 
 203      8BE53DE0 
 203      DE78EE61 
 203      1FBA
 204 00ae E4C6B12C 		.ascii	"\344\306\261,\304\342\253\360\243\307o\177\302\262\004"
 204      C4E2ABF0 
 204      A3C76F7F 
 204      C2B204
 205 00bd EB7F06B5 		.ascii	"\353\177\006\265\3175\300\374\032\361\335\210\357\265"
 205      CF35C0FC 
 205      1AF1DD88 
 205      EFB5
 206 00cb F8FE140B 		.ascii	"\370\376\024\013\220\202\355z,\202\204\205\370\3475"
 206      9082ED7A 
 206      2C828485 
 206      F8E735
 207 00da 7C3FC7BE 		.ascii	"|?\307\276E\032\276I,^\240\366\337\372#1\254\303\342"
 207      451ABE49 
 207      2C5EA0F6 
 207      DFFA2331 
 207      ACC3E2
 208 00ed 4D62C272 		.ascii	"Mb\302r\227Scy\3059\271\230\373L\001\363?\027\213\214"
 208      97536379 
 208      C539B998 
 208      FB4C01F3 
 208      3F178B8C 
 209 0101 6113FC38 		.ascii	"a\023\3748\377\177\304\262\031\313\347X\226\221\270"
 209      FF7FC4B2 
ARM GAS  /tmp/cce4we84.s 			page 16


 209      19CBE758 
 209      9691B8
 210 0110 25FF7F00 		.ascii	"%\377\177\000\206aZ\302\2405\026\207\004\030\330\225"
 210      86615AC2 
 210      A0351687 
 210      0418D895 
 211 0120 39614C12 		.ascii	"9aL\022`\241\001t\330Lk)\275j\300\246\257\001\226as"
 211      60A10174 
 211      D84C6B29 
 211      BD6AC0A6 
 211      AF019661 
 212 0135 B42829D5 		.ascii	"\264()\325  \225X\237yRd\347\003\316\210\354\321\377"
 212      20209558 
 212      9F795264 
 212      E703CE88 
 212      ECD1FF
 213 0148 87832A10 		.ascii	"\207\203*\020\234\206\022\243\217\256\025\326Q\311;"
 213      9C8612A3 
 213      8FAE15D6 
 213      51C93B
 214 0157 BB4B92C0 		.ascii	"\273K\222\300'E\222\024\201y\206j\360\201\313\020 \311"
 214      27459214 
 214      8179866A 
 214      F081CB10 
 214      20C9
 215 0169 170D590B 		.ascii	"\027\015Y\013<\204\317\250\302\365\314\027\361\006Y"
 215      3C84CFA8 
 215      C2F5CC17 
 215      F10659
 216 0178 21465200 		.ascii	"!FR\000+\010st\322\013/&\032\214{Eq\227\230c\021\335"
 216      2B087374 
 216      D20B2F26 
 216      1A8C7B45 
 216      71979863 
 217 018e 3F831AFC 		.ascii	"?\203\032\374\\\011~p\011\374P\241\026\214T\216\267"
 217      5C097E70 
 217      09FC50A1 
 217      168C548E 
 217      B7
 218 019f 5E68EC72 		.ascii	"^h\354r\003\037\177j\021%E\320q\012\271:f\024\352\301"
 218      031F7F6A 
 218      112545D0 
 218      710AB93A 
 218      6614EAC1 
 219 01b3 9F183E41 		.ascii	"\237\030>A\354Yo\036]\326\324\024+&\327\000\261\003"
 219      EC596F1E 
 219      5DD6D414 
 219      2B26D700 
 219      B103
 220 01c5 57D0799D 		.ascii	"W\320y\235\312z\000\371\371\310\217\002y\370\350y\001"
 220      CA7A00F9 
 220      F9C88F02 
 220      79F8E879 
 220      01
 221 01d6 08A940D1 		.ascii	"\010\251@\321?\213\213^\356#\271\212Q\271\202\006\311"
 221      3F8B8B5E 
 221      EE23B98A 
ARM GAS  /tmp/cce4we84.s 			page 17


 221      51B98206 
 221      C9
 222 01e7 8AC21B2A 		.ascii	"\212\302\033*4\332\332\272\274\224a4\252\0345Ia\300"
 222      34DADABA 
 222      BC946134 
 222      AA1C3549 
 222      61C0
 223 01f9 6C6145AF 		.ascii	"laE\257\233,\0273\217\0344\203\021e\255\266\304W\002"
 223      9B2C1733 
 223      8F1C3483 
 223      1165ADB6 
 223      C45702
 224 020c 0EDC1203 		.ascii	"\016\334\022\003\314\002\266\233\306\037w\001k\023S"
 224      CC02B69B 
 224      C61F7701 
 224      6B1353
 225 021b DF5BBB47 		.ascii	"\337[\273G\365\372XbJ\254\023\205\305\034\254\364\203"
 225      F5FA5862 
 225      4AAC1385 
 225      C51CACF4 
 225      83
 226 022c 0F899556 		.ascii	"\017\211\225V\320S\206\241\005\015_E\303(\2359\376\252"
 226      D05386A1 
 226      050D5F45 
 226      C3289D39 
 226      FEAA
 227 023e DB4BC864 		.ascii	"\333K\310d\341\3455\355\237v\227Uc\234\252p\015\203"
 227      E1E535ED 
 227      9F769755 
 227      639CAA70 
 227      0D83
 228 0250 7B431BDA 		.ascii	"{C\033\332@OFj\264\354\231 \234a\026\352\277)\333n\210"
 228      404F466A 
 228      B4EC9920 
 228      9C6116EA 
 228      BF29DB6E 
 229 0265 A7067215 		.ascii	"\247\006r\025\276\241\035(>B\216C\375;0\240\306p\354"
 229      BEA11D28 
 229      3E428E43 
 229      FD3B30A0 
 229      C670EC
 230 0278 B5193796 		.ascii	"\265\0317\226\225KH\222\226\017g{\020\013\242D\030\366"
 230      954B4892 
 230      960F677B 
 230      100BA244 
 230      18F6
 231 028a 3B79E804 		.ascii	";y\350\004\003\031\035\350`\340\223\023K\356\362Lw)"
 231      03191DE8 
 231      60E09313 
 231      4BEEF24C 
 231      7729
 232 029c 364F0D5E 		.ascii	"6O\015^\261\270\263\214\036!\304tO\\\2364\012\365\024"
 232      B1B8B38C 
 232      1E21C474 
 232      4F5C9E34 
 232      0AF514
 233 02af 9910BD77 		.ascii	"\231\020\275w\362\226\000\006?@c\240\201\260\013\021"
ARM GAS  /tmp/cce4we84.s 			page 18


 233      F2960006 
 233      3F4063A0 
 233      81B00B11 
 234 02bf 7613F33D 		.ascii	"v\023\363=(p\023\355g\210z\332\221!\242\364\223\257"
 234      287013ED 
 234      67887ADA 
 234      9121A2F4 
 234      93AF
 235 02d1 691D8D26 		.ascii	"i\035\215&5\346G\353\027&\023\200\370\263\006H?\334"
 235      35E647EB 
 235      17261380 
 235      F8B30648 
 235      3FDC
 236 02e3 409DEB14 		.ascii	"@\235\353\024a/,d0Y\035\025\036\015\304\224\010\312"
 236      612F2C64 
 236      30591D15 
 236      1E0DC494 
 236      08CA
 237 02f5 14C06E45 		.ascii	"\024\300nEH\267\330\320\336\242C[\232\221\224\240c\001"
 237      48B7D8D0 
 237      DEA2435B 
 237      9A9194A0 
 237      6301
 238 0307 ADC2E674 		.ascii	"\255\302\346t\303\355la^2\356Hd\334fdt\246\336\276\353"
 238      C3ED6C61 
 238      5E32EE48 
 238      64DC6664 
 238      74A6DEBE 
 239 031c CE745763 		.ascii	"\316tWc\263#7-\316\215\221a\025\260]y\2551\006\346\342"
 239      B323372D 
 239      CE8D9161 
 239      15B05D79 
 239      AD3106E6 
 240 0331 EE47637D 		.ascii	"\356Gc}\324\330\000\301}\207\341\036\240\2703\206\272"
 240      D4D800C1 
 240      7D87E11E 
 240      A0B83386 
 240      BA
 241 0342 77BB6AE4 		.ascii	"w\273j\344\221v2\240B\315\213\363\011\236\312@\357\242"
 241      917632A0 
 241      42CD8BF3 
 241      099ECA40 
 241      EFA2
 242 0354 9013AE4D 		.ascii	"\220\023\256M\316\365\302\022\373~U\256k\311\301 %\344"
 242      CEF5C212 
 242      FB7E55AE 
 242      6BC9C120 
 242      25E4
 243 0366 78BFADDA 		.ascii	"x\277\255\332}\020%\310Z\007\220\341\006\034\371G~\330"
 243      7D1025C8 
 243      5A0790E1 
 243      061CF947 
 243      7ED8
 244 0378 CA41DE00 		.ascii	"\312A\336\000\322\3460+?@\036I\216\223v\015\271\217"
 244      D2E6302B 
 244      3F401E49 
 244      8E93760D 
ARM GAS  /tmp/cce4we84.s 			page 19


 244      B98F
 245 038a BDE41FD6 		.ascii	"\275\344\037\326\307KVxi\221\223v\032f\2356\025\246"
 245      C74B5678 
 245      69919376 
 245      1A669D36 
 245      15A6
 246 039c D97790BE 		.ascii	"\331w\220\276\313F\230\202\274\000\312\212R\027/\271"
 246      CB469882 
 246      BC00CA8A 
 246      52172FB9 
 247 03ac 536AC01B 		.ascii	"Sj\300\033\210\235\0069\207Q\371\001\307\352\2335\235"
 247      889D0639 
 247      8751F901 
 247      C7EA9B35 
 247      9D
 248 03bd 98ED3904 		.ascii	"\230\3559\004\266h\034I\353\363\322\245\034\374<y\031"
 248      B6681C49 
 248      EBF3D2A5 
 248      1CFC3C79 
 248      19
 249 03ce 4767DFEC 		.ascii	"Gg\337\354\356\264Z\020ll*\026f^\0376\3520\"\312\357"
 249      EEB45A10 
 249      6C6C2A16 
 249      665E1F36 
 249      EA3022CA 
 250 03e3 17BAB72C 		.ascii	"\027\272\267,\327\017UK\357X\266m\202\177c\211&\353"
 250      D70F554B 
 250      EF58B66D 
 250      827F6389 
 250      26EB
 251 03f5 9B5AAEC8 		.ascii	"\233Z\256\310~(\305\250\034\357a\325\2325\"\217\367"
 251      7E28C5A8 
 251      1CEF61D5 
 251      9A35228F 
 251      F7
 252 0406 7056EE5E 		.ascii	"pV\356^/\012\004\273\340\001P$\261\015\311\225\036,"
 252      2F0A04BB 
 252      E0015024 
 252      B10DC995 
 252      1E2C
 253 0418 5B7932CE 		.ascii	"[y2\316\335\035\273\200e\25376\253b_\266\222\255j\021"
 253      DD1DBB80 
 253      65AB3736 
 253      AB625FB6 
 253      92AD6A11 
 254 042c 2E7144BA 		.ascii	".qD\272g_j\253\033k\213_\223\334\314}\370\027a\214\305"
 254      675F6AAB 
 254      1B6B8B5F 
 254      93DCCC7D 
 254      F817618C 
 255 0441 79377FF7 		.ascii	"y7\177\367%`\223D=\243\177\000\252@\326\234\307\210"
 255      25609344 
 255      3DA37F00 
 255      AA40D69C 
 255      C788
 256 0453 6A8C6569 		.ascii	"j\214eiO\371\310\270qQ:\235\007\026\321\233\207q\234"
 256      4FF9C8B8 
ARM GAS  /tmp/cce4we84.s 			page 20


 256      71513A9D 
 256      0716D19B 
 256      87719C
 257 0466 07A3F8FD 		.ascii	"\007\243\370\375\021E\375\004\026q\360=\350\030\364"
 257      1145FD04 
 257      1671F03D 
 257      E818F4
 258 0475 0317F78D 		.ascii	"\003\027\367\215z\276\237#\332l\242u\274\372\267\371"
 258      7ABE9F23 
 258      DA6CA275 
 258      BCFAB7F9 
 259 0485 0DB16207 		.ascii	"\015\261b\007*\256\241rp\037\035Ht\220:\007\367`\010"
 259      2AAEA172 
 259      701F1D48 
 259      74903A07 
 259      F76008
 260 0498 F0FF2019 		.ascii	"\360\377 \031\311\247\360>\032\270\367\2428A'\224\361"
 260      C9A7F03E 
 260      1AB8F7A2 
 260      38412794 
 260      F1
 261 04a9 DA2B33D5 		.ascii	"\332+3\325|\2561\225\336\230{D\220\314;-\3417\346\335"
 261      7CAE3195 
 261      DE987B44 
 261      90CC3B2D 
 261      E137E6DD 
 262 04bd 0BD57C7A 		.ascii	"\013\325|z)\217\303\343\232\364N\201\216\003vI\011\321"
 262      298FC3E3 
 262      9AF44E81 
 262      8E037649 
 262      09D1
 263 04cf D9963208 		.ascii	"\331\2262\010\216\261\371/\033\233\266\224\311-\363"
 263      8EB1F92F 
 263      1B9BB694 
 263      C92DF3
 264 04de 33344118 		.ascii	"34A\030\262\313\014u$\215|,\021T\373\213#\242\025\001"
 264      B2CB0C75 
 264      248D7C2C 
 264      1154FB8B 
 264      23A21501 
 265 04f2 8B3C9181 		.ascii	"\213<\221\201g\012v\236\315e\347\025e\347\216e\262\305"
 265      670A769E 
 265      CD65E715 
 265      65E78E65 
 265      B2C5
 266 0504 53A865EC 		.ascii	"S\250e\354\214\331Zln\016(\014^B\327\271.a~(\257\011"
 266      8CD95A6C 
 266      6E0E280C 
 266      5E42D7B9 
 266      2E617E28 
 267 051a 942919CA 		.ascii	"\224)\031\312\364P\326KW\031\213\237\003\013\012\301"
 267      F450D64B 
 267      57198B9F 
 267      030B0AC1 
 268 052a A402CBE4 		.ascii	"\244\002\313\344\\,\323\024\313\345\252SO\004\241\223"
 268      5C2CD314 
 268      CBE5AA53 
ARM GAS  /tmp/cce4we84.s 			page 21


 268      4F04A193 
 269 053a 61E99DDD 		.ascii	"a\351\235\335\223\307h\301MJ\302\322]\177\245\317\205"
 269      93C768C1 
 269      4D4AC2D2 
 269      5D7FA5CF 
 269      85
 270 054b F69143C3 		.ascii	"\366\221C\303,\243*\273\273\337\302\317\0170\232G\200"
 270      2CA32ABB 
 270      BBDFC2CF 
 270      0F309A47 
 270      80
 271 055c 222F017C 		.ascii	"\"/\001|Z\332\361\036\301\207\363v\270o\365t\357\210"
 271      5ADAF11E 
 271      C187F376 
 271      B86FF574 
 271      EF88
 272 056e 186FA032 		.ascii	"\030o\24020\243\3007#\035\265`\027Op\355\261\237\352"
 272      30A3C037 
 272      231DB560 
 272      174F70ED 
 272      B19FEA
 273 0581 3290ED9E 		.ascii	"2\220\355\236X\210\277\377\362\362\002y\177\215y\333"
 273      5888BFFF 
 273      F2F20279 
 273      7F8D79DB 
 274 0591 EE85C2B6 		.ascii	"\356\205\302\266\037j\223U\033O\014\257\334>v\363R^"
 274      1F6A9355 
 274      1B4F0CAF 
 274      DC3E76F3 
 274      525E
 275 05a3 B494A556 		.ascii	"\264\224\245Vy\320\300h\027I\200\206\033\207\335\204"
 275      79D0C068 
 275      17498086 
 275      1B87DD84 
 276 05b3 6CEA53A8 		.ascii	"l\352S\2509y\363\202;\270\263\2153\216\272\266$\343"
 276      3979F382 
 276      3BB8B38D 
 276      338EBAB6 
 276      24E3
 277 05c5 3158761D 		.ascii	"1Xv\035\307#.\336\235\203=\274\037\354\345\331\306I"
 277      C7232EDE 
 277      9D833DBC 
 277      1FECE5D9 
 277      C649
 278 05d7 3AE8C6E9 		.ascii	":\350\306\351M\253d\2067\037\215g\253\000v@,O\351\353"
 278      4DAB6486 
 278      371F8D67 
 278      AB007640 
 278      2C4FE9EB 
 279 05eb 2D19BEBF 		.ascii	"-\031\276\277@I\337\326w\024\354%\020\366\366\311\354"
 279      4049DFD6 
 279      7714EC25 
 279      10F6F6C9 
 279      EC
 280 05fc 0DD9FB87 		.ascii	"\015\331\373\207\014\022}3\247\275\217[r~E$\300\302"
 280      0C127D33 
 280      A7BD8F5B 
ARM GAS  /tmp/cce4we84.s 			page 22


 280      727E4524 
 280      C0C2
 281 060e 3BB9C33A 		.ascii	";\271\303:\343.\221r7t\244\276\330S8%\374\277G\023\242"
 281      E32E9172 
 281      3774A4BE 
 281      D8533825 
 281      FCBF4713 
 282 0623 5A9316EF 		.ascii	"Z\223\026\357\252$o\277\212\274d\231\274\227#\315\311"
 282      AA246FBF 
 282      8ABC6499 
 282      BC9723CD 
 282      C9
 283 0634 2C2BB04B 		.ascii	",+\260K\312\224\276\221\201c\202#SRX\2503\025W\363]"
 283      CA94BE91 
 283      81638223 
 283      535258A8 
 283      331557F3 
 284 0649 E6CF9454 		.ascii	"\346\317\224T\022\353\0019\326\254\254\256\373\236R"
 284      12EB0139 
 284      D6ACACAE 
 284      FB9E52
 285 0658 AC3DAF17 		.ascii	"\254=\257\027\237 \261\242\004$)bM\222cM\243\261V\267"
 285      9F20B1A2 
 285      04242962 
 285      4D92634D 
 285      A3B156B7 
 286 066c 8E947B08 		.ascii	"\216\224{\010\025,\326\363u\366\333F\241\2115\2123\354"
 286      152CD6F3 
 286      75F6DB46 
 286      A189358A 
 286      33EC
 287 067e FD068403 		.ascii	"\375\006\204\003\007\251\006\366\234-\232*6P\200\277"
 287      07A906F6 
 287      9C2D9A2A 
 287      365080BF 
 288 068e 6187DC01 		.ascii	"a\207\334\001\313\271Q\017\241\235\311\367\025\017\335"
 288      CBB9510F 
 288      A19DC9F7 
 288      150FDD
 289 069d A1F219E8 		.ascii	"\241\362\031\350\3550\257\203C,\202\353\366\321\012"
 289      ED30AF83 
 289      432C82EB 
 289      F6D10A
 290 06ac 9DB42F58 		.ascii	"\235\264/X\245\315\003\216\34078\312+\367\205\204\301"
 290      A5CD038E 
 290      E03738CA 
 290      2BF78584 
 290      C1
 291 06bd 09BBABD0 		.ascii	"\011\273\253\320\303\2145=H{\340\242\241\004\307\320"
 291      C38C353D 
 291      487BE0A2 
 291      A104C7D0 
 292 06cd B85AEF40 		.ascii	"\270Z\357@A\177\200\222\361L^\271\235d\311\2147\315"
 292      417F8092 
 292      F14C5EB9 
 292      9D64C98C 
 292      37CD
ARM GAS  /tmp/cce4we84.s 			page 23


 293 06df DA6F31C6 		.ascii	"\332o1\306\263\034\214\037l/~\265`~rs\010\271\3312\271"
 293      B31C8C1F 
 293      6C2F7EB5 
 293      607E7273 
 293      08B9D932 
 294 06f4 1D134FDB 		.ascii	"\035\023O\333\027H\344\266|uD\304\365\007\005 ]\301"
 294      1748E4B6 
 294      7C7544C4 
 294      F5070520 
 294      5DC1
 295 0706 6DBACCED 		.ascii	"m\272\314\355q\306\355\354\301j\351XFO\274\247k^\033"
 295      71C6EDEC 
 295      C16AE958 
 295      464FBCA7 
 295      6B5E1B
 296 0719 A5A31531 		.ascii	"\245\243\0251X^\036W\347!\014\262\200\345[\226/\273"
 296      585E1E57 
 296      E7210CB2 
 296      80E55B96 
 296      2FBB
 297 072b 65C9FB9C 		.ascii	"e\311\373\234/\333\347\362\016\245O\271\010\017\231"
 297      2FDBE7F2 
 297      0EA54FB9 
 297      080F99
 298 073a 686649C7 		.ascii	"hfI\307~/\255\224\314\347\265R\262\2560\255\300(\330"
 298      7E2FAD94 
 298      CCE7B552 
 298      B2AE30AD 
 298      C028D8
 299 074d D9ACBCD1 		.ascii	"\331\254\274\321\363\330@&$9\320\222\011W\310\0338f"
 299      F3D84026 
 299      2439D092 
 299      0957C81B 
 299      3866
 300 075f C992E39C 		.ascii	"\311\222\343\234\234\034\355\207\32383\213\350\314D"
 300      9C1CED87 
 300      D338338B 
 300      E8CC44
 301 076e 910F691F 		.ascii	"\221\017i\037\271\331\264\315d\031\205\031\206\2452"
 301      B9D9B4CD 
 301      64198519 
 301      86A532
 302 077d 3FA1D645 		.ascii	"?\241\326E\013\313\031M,\355\003\005\257\215\302\001"
 302      0BCB194D 
 302      2CED0305 
 302      AF8DC201 
 303 078d 1DD59D10 		.ascii	"\035\325\235\020;\343]\204c\254q\265)\267\312S\313P"
 303      3BE35D84 
 303      63AC71B5 
 303      29B7CA53 
 303      CB50
 304 079f B1A6A197 		.ascii	"\261\246\241\227\003\331y \024R]\227\202\335M\031\013"
 304      03D97920 
 304      14525D97 
 304      82DD4D19 
 304      0B
 305 07b0 C0DFDFDF 		.ascii	"\300\337\337\337\307\237\335\324zF}wYr\216\273\022\310"
ARM GAS  /tmp/cce4we84.s 			page 24


 305      C79FDDD4 
 305      7A467D77 
 305      59728EBB 
 305      12C8
 306 07c2 701E0D94 		.ascii	"p\036\015\224aN\344\361Rlx\366-\301"
 306      614EE4F1 
 306      526C78F6 
 306      2DC1
 307 07d0 FE52DE1F 		.ascii	"\376R\336\037Nat\344v\207C:0\312\037\026\343\177\207"
 307      4E6174E4 
 307      7687433A 
 307      30CA1F16 
 307      E37F87
 308 07e3 BE382ABE 		.ascii	"\2768*\276\322!-]\352\230\351\366\321\305N\323\337h"
 308      D2212D5D 
 308      EA98E9F6 
 308      D1C54ED3 
 308      DF68
 309 07f5 982E904C 		.ascii	"\230.\220L\347\021\323,\201-4\201\035\026\313X\372B"
 309      E711D32C 
 309      812D3481 
 309      1D16CB58 
 309      FA42
 310 0807 394A7D8B 		.ascii	"9J}\213\345\002\257\270d6\216\276\353\264\177N\303\376"
 310      E502AFB8 
 310      64368EBE 
 310      EBB47F4E 
 310      C3FE
 311 0819 59C9BE74 		.ascii	"Y\311\276t\317L\356M\014\025\212\031\207\267\263\037"
 311      CF4CEE4D 
 311      0C158A19 
 311      87B7B31F 
 312 0829 377BF968 		.ascii	"7{\371h\370\204\012\311\220\206[L\212\224;g\223\214"
 312      F8840AC9 
 312      90865B4C 
 312      8A943B67 
 312      938C
 313 083b 781966B7 		.ascii	"x\031f\267ar\326'W\324\\tz\202\004\001\227$\315*\324"
 313      6172D627 
 313      57D45C74 
 313      7A820401 
 313      9724CD2A 
 314 0850 AA748025 		.ascii	"\252t\200%k\314\030\362,\036\336\002\027Q\342$\372\270"
 314      6BCC18F2 
 314      2C1EDE02 
 314      1751E224 
 314      FAB8
 315 0862 3497B84A 		.ascii	"4\227\270Jp27\366\356q\213\330\274\205\316?ry\276\304"
 315      703237F6 
 315      EE718BD8 
 315      BC85CE3F 
 315      7279BEC4 
 316 0876 CF77798E 		.ascii	"\317wy\216+;rBZ2\222\305\030\025\032z\347\327\000Dr"
 316      2B3B7242 
 316      5A3292C5 
 316      18151A7A 
 316      E7D70044 
ARM GAS  /tmp/cce4we84.s 			page 25


 317 088b B1B9B551 		.ascii	"\261\271\265Qu\367\277\254rp\205\256\004\344\205\262"
 317      75F7BFAC 
 317      727085AE 
 317      04E485B2 
 318 089b 2553172A 		.ascii	"%S\027*tJY\262%8e\253\231l5\225m\316\023\363\364J\331"
 318      744A59B2 
 318      253865AB 
 318      996C3595 
 318      6DCE13F3 
 319 08b2 01D54DCC 		.ascii	"\001\325M\314\312d\255T\266\364\342\314\214\273\362"
 319      CA64AD54 
 319      B6F4E2CC 
 319      8CBBF2
 320 08c1 92A289A1 		.ascii	"\222\242\211\241\206\312f\335=\331\247:\200E\2530\324"
 320      86CA66DD 
 320      3DD9A73A 
 320      8045AB30 
 320      D4
 321 08d2 32D95A2A 		.ascii	"2\331Z*\373\332>X\240\332WRU\262uL\266\216\312\036\235"
 321      FBDA3E58 
 321      A0DA5752 
 321      55B2754C 
 321      B68ECA1E 
 322 08e7 79160B42 		.ascii	"y\026\013B5\313\211\252\330\351+\344\010\374\001\036"
 322      35CB89AA 
 322      D8E92BE4 
 322      08FC011E 
 323 08f7 89F1F152 		.ascii	"\211\361\361R\\\374?`\027\377\203\015\323\265z\241\236"
 323      5CFC3F60 
 323      17FF830D 
 323      D3B57AA1 
 323      9E
 324 0908 89374EA5 		.ascii	"\2117N\245L\272\263iH\375(\376R\321\304S\025\302{#\016"
 324      4CBAB369 
 324      48FD28FE 
 324      52D1C453 
 324      15C27B23 
 325 091d 46034F26 		.ascii	"F\003O&\"_\224^[f\220\377\220\222\214g'\222u\222\016"
 325      225F945E 
 325      5B6690FF 
 325      90928C67 
 325      27927592 
 326 0932 5BE5AF4A 		.ascii	"[\345\257J\203\325\242L\363\361\014\341\260%.Q\264\305"
 326      83D5A24C 
 326      F3F10CE1 
 326      B0252E51 
 326      B4C5
 327 0944 23BF98D1 		.ascii	"#\277\230\321\365h\374\352\274\371\320:~1F\332\0154"
 327      F568FCEA 
 327      BCF9D03A 
 327      7E3146DA 
 327      0D34
 328 0956 5CD03D61 		.ascii	"\\\320=a\216\027T*\233\030\333\245:\307\264\252\354"
 328      8E17542A 
 328      9B18DBA5 
 328      3AC7B4AA 
 328      EC
ARM GAS  /tmp/cce4we84.s 			page 26


 329 0967 5F63945D 		.ascii	"_c\224]\243\224}{.\243L\257\0346M\33166\304gF\226*\315"
 329      A3947D7B 
 329      2EA34CAF 
 329      1C364DD9 
 329      3636C467 
 330 097f E6A846A2 		.ascii	"\346\250F\242\235\211\222\327\252\025+\002\360\377\016"
 330      9D8992D7 
 330      AA152B02 
 330      F0FF0E
 331 098e 5364D88E 		.ascii	"Sd\330\216\255\246\310\257\226\207\207\207\004\254\335"
 331      ADA6C8AF 
 331      96878787 
 331      04ACDD
 332 099d 1CF6D788 		.ascii	"\034\366\327\210\345\2336\255\017\010\211\014\333i\212"
 332      E59B36AD 
 332      0F08890C 
 332      DB698A
 333 09ac 8C0AD8B4 		.ascii	"\214\012\330\264a}\300\316\217\002\202\360k \326W\004"
 333      617DC0CE 
 333      8F0282F0 
 333      6B20D657 
 333      04
 334 09bd EB377EFE 		.ascii	"\3537~\376\217e\353>\371\204\323\205\356\010\213\370"
 334      8F65EB3E 
 334      F984D385 
 334      EE088BF8 
 335 09cd 59D08EA0 		.ascii	"Y\320\216\240\360u\021\333\315\221\021\341\033\261\035"
 335      F07511DB 
 335      CD9111E1 
 335      1BB11D
 336 09dc 685EFDD3 		.ascii	"h^\375\323\354n\345\334\361\265\236~\365\0127\205\004"
 336      EC6EE5DC 
 336      F1B59E7E 
 336      F50A3785 
 336      04
 337 09ed 920F51E6 		.ascii	"\222\017Q\346 \263)\320\374\316\034'\177c\335\272\340"
 337      20B329D0 
 337      FCCE1C27 
 337      7F63DDBA 
 337      E0
 338 09fe AD4191FC 		.ascii	"\255A\221\374\307\234>(r\333\316U\313\267q\206\340\210"
 338      C79C3E28 
 338      72DBCE55 
 338      CBB77186 
 338      E088
 339 0a10 48B3E9CB 		.ascii	"H\263\351\313\345\333Vr\013\034&Lfo\242\276\341\313"
 339      E5DB5672 
 339      0B1C264C 
 339      666FA2BE 
 339      E1CB
 340 0a22 3033D1FB 		.ascii	"03\321\373\"\352'C\014vZ\0155\231=\345\2729\"44\334"
 340      22EA2743 
 340      0C765A0D 
 340      35993DE5 
 340      BA392234 
 341 0a38 B4702E46 		.ascii	"\264p.F\223\371\327ow\303\372\327n\302\320)\302\365"
 341      93F9D76F 
ARM GAS  /tmp/cce4we84.s 			page 27


 341      77C3FAD7 
 341      6EC2D029 
 341      C2F5
 342 0a4a FF0A5D1B 		.ascii	"\377\012]\033\025e\2124o\216\012u\011\3744\"\"|\256"
 342      15658A34 
 342      6F8E0A75 
 342      09FC3422 
 342      227CAE
 343 0a5d CD8DE895 		.ascii	"\315\215\350\225t\221\372\337\251W\327\035A\301\377"
 343      7491FADF 
 343      A957D71D 
 343      41C1FF
 344 0a6c 3685B805 		.ascii	"6\205\270\005\205\207\205n7\205\030\344\257H\3166\223"
 344      8587856E 
 344      378518E4 
 344      AF48CE36 
 344      93
 345 0a7d 39C85B6E 		.ascii	"9\310[n\257\0156cL\201f\327 Z\361\221\373\327\207E\232"
 345      AF0D3663 
 345      4C8166D7 
 345      205AF191 
 345      FBD78745 
 346 0a92 B027627B 		.ascii	"\260'b{\240\331=D\256;|l\010\011%4\233\360\345\350\333"
 346      A0D93D44 
 346      AE3B7C6C 
 346      08092534 
 346      9BF0E5E8 
 347 0aa7 8C66B12F 		.ascii	"\214f\261/<l\273I\037\026A^\201\346_j\005\032\024\021"
 347      3C6CBB49 
 347      1F16415E 
 347      81E65F6A 
 347      051A1411 
 348 0abb 15A808F1 		.ascii	"\025\250\010\361\177\330bH@"
 348      7FD86248 
 348      40
 349              		.text
 350              		.section	.gnu.lto_.symtab.67b0900bde3b1f63,"e",%progbits
 351 0000 6C65645F 		.ascii	"led_lld_set\000"
 351      6C6C645F 
 351      73657400 
 352 000c 00       		.ascii	"\000"
 353 000d 00       		.ascii	"\000"
 354 000e 00       		.ascii	"\000"
 355 000f 00000000 		.ascii	"\000\000\000\000\000\000\000\000"
 355      00000000 
 356 0017 F1000000 		.ascii	"\361\000\000\000"
 357 001b 6C65645F 		.ascii	"led_lld_get\000"
 357      6C6C645F 
 357      67657400 
 358 0027 00       		.ascii	"\000"
 359 0028 00       		.ascii	"\000"
 360 0029 00       		.ascii	"\000"
 361 002a 00000000 		.ascii	"\000\000\000\000\000\000\000\000"
 361      00000000 
 362 0032 F9000000 		.ascii	"\371\000\000\000"
 363 0036 6C65645F 		.ascii	"led_lld_toggle\000"
 363      6C6C645F 
ARM GAS  /tmp/cce4we84.s 			page 28


 363      746F6767 
 363      6C6500
 364 0045 00       		.ascii	"\000"
 365 0046 00       		.ascii	"\000"
 366 0047 00       		.ascii	"\000"
 367 0048 00000000 		.ascii	"\000\000\000\000\000\000\000\000"
 367      00000000 
 368 0050 FD000000 		.ascii	"\375\000\000\000"
 369 0054 6170616C 		.ascii	"apalControlGpioSet\000"
 369      436F6E74 
 369      726F6C47 
 369      70696F53 
 369      657400
 370 0067 00       		.ascii	"\000"
 371 0068 02       		.ascii	"\002"
 372 0069 00       		.ascii	"\000"
 373 006a 00000000 		.ascii	"\000\000\000\000\000\000\000\000"
 373      00000000 
 374 0072 02010000 		.ascii	"\002\001\000\000"
 375 0076 6170616C 		.ascii	"apalDbgAssertMsg\000"
 375      44626741 
 375      73736572 
 375      744D7367 
 375      00
 376 0087 00       		.ascii	"\000"
 377 0088 02       		.ascii	"\002"
 378 0089 00       		.ascii	"\000"
 379 008a 00000000 		.ascii	"\000\000\000\000\000\000\000\000"
 379      00000000 
 380 0092 0D010000 		.ascii	"\015\001\000\000"
 381 0096 6170616C 		.ascii	"apalControlGpioGet\000"
 381      436F6E74 
 381      726F6C47 
 381      70696F47 
 381      657400
 382 00a9 00       		.ascii	"\000"
 383 00aa 02       		.ascii	"\002"
 384 00ab 00       		.ascii	"\000"
 385 00ac 00000000 		.ascii	"\000\000\000\000\000\000\000\000"
 385      00000000 
 386 00b4 14010000 		.ascii	"\024\001\000\000"
 387 00b8 6170616C 		.ascii	"apalGpioToggle\000"
 387      4770696F 
 387      546F6767 
 387      6C6500
 388 00c7 00       		.ascii	"\000"
 389 00c8 02       		.ascii	"\002"
 390 00c9 00       		.ascii	"\000"
 391 00ca 00000000 		.ascii	"\000\000\000\000\000\000\000\000"
 391      00000000 
 392 00d2 21010000 		.ascii	"!\001\000\000"
 393              		.text
 394              		.section	.gnu.lto_.opts,"e",%progbits
 395 0000 272D666E 		.ascii	"'-fno-openmp' '-fno-openacc' '-fno-pie' '-mcpu=cort"
 395      6F2D6F70 
 395      656E6D70 
 395      2720272D 
ARM GAS  /tmp/cce4we84.s 			page 29


 395      666E6F2D 
 396 0033 65782D6D 		.ascii	"ex-m3' '-mthumb' '-mfloat-abi=soft' '-march=armv7-m"
 396      33272027 
 396      2D6D7468 
 396      756D6227 
 396      20272D6D 
 397 0066 2720272D 		.ascii	"' '-O2' '-fstack-usage' '-ffunction-sections' '-fda"
 397      4F322720 
 397      272D6673 
 397      7461636B 
 397      2D757361 
 398 0099 74612D73 		.ascii	"ta-sections' '-fno-common' '-flto' '-fshort-enums'\000"
 398      65637469 
 398      6F6E7327 
 398      20272D66 
 398      6E6F2D63 
 399              		.text
 400              		.comm	__gnu_lto_v1,1,1
 401              		.comm	__gnu_lto_slim,1,1
 402              		.ident	"GCC: (GNU Arm Embedded Toolchain 9-2020-q2-update) 9.3.1 20200408 (release)"
ARM GAS  /tmp/cce4we84.s 			page 30


DEFINED SYMBOLS
                            *ABS*:0000000000000000 alld_LED.c
                            *COM*:0000000000000001 __gnu_lto_v1
                            *COM*:0000000000000001 __gnu_lto_slim

NO UNDEFINED SYMBOLS
