ARM GAS  /tmp/ccoIY92f.s 			page 1


   1              		.cpu cortex-m3
   2              		.eabi_attribute 20, 1
   3              		.eabi_attribute 21, 1
   4              		.eabi_attribute 23, 3
   5              		.eabi_attribute 24, 1
   6              		.eabi_attribute 25, 1
   7              		.eabi_attribute 26, 1
   8              		.eabi_attribute 30, 2
   9              		.eabi_attribute 34, 1
  10              		.eabi_attribute 18, 4
  11              		.file	"bufstreams.c"
  12              		.section	.gnu.lto_.profile.87832668611a9f86,"e",%progbits
  13 0000 789CE360 		.ascii	"x\234\343``\004B \000\000\000]\000\013"
  13      60044220 
  13      0000005D 
  13      000B
  14              		.text
  15              		.section	.gnu.lto_.icf.87832668611a9f86,"e",%progbits
  16 0000 789CE360 		.ascii	"x\234\343``d0`@\000\016\206\243\177~r3\336\277~\257"
  16      60643060 
  16      40000E86 
  16      A37F7E72 
  16      33DEBF7E 
  17 0015 979FE9F1 		.ascii	"\227\237\351\361\303}\013\231\231\257\234z;\223\211"
  17      C37D0B99 
  17      99AF9C7A 
  17      3B9389
  18 0024 65CDB1EF 		.ascii	"e\315\261\357[\330X\267\267\035Jf\373\262\346\350u&"
  18      5BD858B7 
  18      B71D4A66 
  18      FBB2E6E8 
  18      7526
  19 0036 F6256F37 		.ascii	"\366%o7\035\341g\000\000e\013\030x"
  19      1DE16700 
  19      00650B18 
  19      78
  20              		.text
  21              		.section	.gnu.lto_.jmpfuncs.87832668611a9f86,"e",%progbits
  22 0000 789C754F 		.ascii	"x\234uO9\016\3020\020\234\361:\007\025\017\240\311\013"
  22      390EC230 
  22      109CF13A 
  22      07150FA0 
  22      C90B
  23 0012 78A25D50 		.ascii	"x\242]P\321D\242\242t\215DM\001H\360\016\212\374\000"
  23      D144A2A2 
  23      748D444D 
  23      0148F00E 
  23      8AFC00
  24 0025 F104D845 		.ascii	"\361\004\330E\011 '\2544\222\265;\236\243\006q!>SAH"
  24      092027AC 
  24      3492B53B 
  24      9EA30671 
  24      213E5341 
  25 003a 56310998 		.ascii	"V1\011\230\364\231\304\225\000\257\236P<u\346\360\201"
  25      F499C495 
  25      00AF9E50 
  25      3C75E6F0 
ARM GAS  /tmp/ccoIY92f.s 			page 2


  25      81
  26 004b 1CAD5CCE 		.ascii	"\034\255\\\316\212\015\035)\275\222\370\011\225\237"
  26      8A0D1D29 
  26      BD92F809 
  26      959F
  27 0059 1595EF06 		.ascii	"\025\225\357\006\276Bg\310\241\360\321rL\370f\242\224"
  27      BE4267C8 
  27      A1F0D172 
  27      4CF866A2 
  27      94
  28 006a ADB05D3D 		.ascii	"\255\260]=\272\272\225$\205\262\217\\\030r\363Q\247"
  28      BABA9524 
  28      85B28F5C 
  28      1872F351 
  28      A7
  29 007b 91D0BF9F 		.ascii	"\221\320\277\237\261\361\032\314rM4.\206\223\017\310"
  29      B1F11ACC 
  29      724D342E 
  29      86930FC8 
  30 008b A3967DBB 		.ascii	"\243\226}\273RQ\345\376_?\247\0156\373\333\322\012\324"
  30      5251E5FE 
  30      5F3FA70D 
  30      36FBDBD2 
  30      0AD4
  31 009d 0C3C6904 		.ascii	"\014<i\004\243\006\243\303\256\207\365}7\263\263\012"
  31      A306A3C3 
  31      AE87F57D 
  31      37B3B30A 
  32 00ad F2DC9FDF 		.ascii	"\362\334\237\337j\300\013\207?xF"
  32      6AC00B87 
  32      3F7846
  33              		.text
  34              		.section	.gnu.lto_.inline.87832668611a9f86,"e",%progbits
  35 0000 789C9D51 		.ascii	"x\234\235Q;N\303@\020}3\3438\033\342H\006\312\244\360"
  35      3B4EC340 
  35      107D33E3 
  35      381BE248 
  35      06CAA4F0 
  36 0014 01287284 		.ascii	"\001(r\204\234 g\010I\370t\344\004(\210\002E\"Q\012"
  36      9C206708 
  36      49F874E4 
  36      04288802 
  36      4522510A 
  37 0028 A4144880 		.ascii	"\244\024H\200h\020\035\242\240\010\001!Q\322\300\005"
  37      68101DA2 
  37      A0080121 
  37      51D2C005 
  38 0038 10A2A241 		.ascii	"\020\242\242AP A\001\210Y;v\214\240\212\275\036\277"
  38      50204101 
  38      88593B76 
  38      8CA08ABD 
  38      1EBF
  39 004a F1F3CEBC 		.ascii	"\361\363\316\274}c@\020Are\201B[/Y!B\240\\\34086\347"
  39      7D634010 
  39      41726581 
  39      425B2F59 
  39      2142A05C 
ARM GAS  /tmp/ccoIY92f.s 			page 3


  40 0062 26E04680 		.ascii	"&\340F\200\301\240\020\326\031N\202\341\204\373\347"
  40      C1A010D6 
  40      194E82E1 
  40      84FBE7
  41 0071 3548BF6A 		.ascii	"5H\277jo\202\247\314+OY\312\235\323\300\266\020#\177"
  41      6F82A7CC 
  41      2B4F59CA 
  41      9DD3C0B6 
  41      10237F
  42 0084 3BF8BCE0 		.ascii	";\370\274\340er\311\254\015\204:G7[\371\236\354\213"
  42      6572C9AC 
  42      0D843A47 
  42      375BF99E 
  42      EC8B
  43 0096 D037D190 		.ascii	"\3207\321\220\212 \323\012\337\010,\337\333|\2717\226"
  43      8A20D30A 
  43      DF082CDF 
  43      DB7CB937 
  43      96
  44 00a7 67029D53 		.ascii	"g\002\235SQj\010Z\021 CZ\326\312\251\031`C\373\255\377"
  44      516A085A 
  44      1120435A 
  44      D6CAA919 
  44      6043FBAD 
  45 00bc 92134BAC 		.ascii	"\222\023K\254\200\256\273{_\262h\030m\322\220\031>\035"
  45      80AEBB7B 
  45      5FB26818 
  45      6DD29019 
  45      3E1D
  46 00ce 5E72D3D8 		.ascii	"^r\323\330\014\334\335\375x\227z`\263 \2252\3543auA"
  46      0CDCDDFD 
  46      78977A60 
  46      B3209532 
  46      EC336175 
  47 00e3 7F81A014 		.ascii	"\177\201\240\024\272\272JN\324\233\203\261\014\220\015"
  47      BABA4A4E 
  47      D49B83B1 
  47      0C900D
  48 00f2 D9BCB20F 		.ascii	"\331\274\262\017\274\004\344\024\\\311\037g$\334\336"
  48      BC04E414 
  48      5CC91F67 
  48      24DCDE
  49 0101 506742AD 		.ascii	"PgB\255\322\204\007\016\371\006J\011Z\260\2769\205\311"
  49      D284070E 
  49      F9064A09 
  49      5AB0BE39 
  49      85C9
  50 0113 08D2E370 		.ascii	"\010\322\343p\0205\231r\034\231Y\015\324\257f\340=\236"
  50      10359972 
  50      1C99590D 
  50      D4AF66E0 
  50      3D9E
  51 0125 9C8E7418 		.ascii	"\234\216t\030Nd\366Y\347\3718\027\231M4\212\315\036"
  51      4E64F659 
  51      E7F93817 
  51      994D348A 
  51      CD1E
ARM GAS  /tmp/ccoIY92f.s 			page 4


  52 0137 037B56A8 		.ascii	"\003{V\250\345R\311\375\347v\322\315W\203\355\311U\215"
  52      E552C9FD 
  52      E776D2CD 
  52      5783EDC9 
  52      558D
  53 0149 0F7EDBBE 		.ascii	"\017~\333\276\333\221\272\201o@!\266S\320\025'H\177"
  53      DB91BA81 
  53      6F4021B6 
  53      53D01527 
  53      487F
  54 015b 2FA789B2 		.ascii	"/\247\211\2625\334\207x\352\203U\353bF\313\036\304\207"
  54      35DC8778 
  54      EA8355EB 
  54      6246CB1E 
  54      C487
  55 016d 06C746A6 		.ascii	"\006\307F\246\215N\231\246\361\007\355\026\250\303"
  55      8D4E99A6 
  55      F107ED16 
  55      A8C3
  56              		.text
  57              		.section	.gnu.lto_.pureconst.87832668611a9f86,"e",%progbits
  58 0000 789C05C1 		.ascii	"x\234\005\301\011\001\000 \014\304\260\016\312\243\000"
  58      09010020 
  58      0CC4B00E 
  58      CAA300
  59 000f EF3BB524 		.ascii	"\357;\265$\227\342\001\207\266\332\021g\264]q\307\017"
  59      97E20187 
  59      B6DA1167 
  59      B45D71C7 
  59      0F
  60 0020 33E5048B 		.ascii	"3\345\004\213"
  61              		.text
  62              		.section	.gnu.lto__writes.87832668611a9f86,"e",%progbits
  63 0000 789C6D90 		.ascii	"x\234m\220\317k\023A\024\307\337wfw\263\211M\377\201"
  63      CF6B1341 
  63      14C7DF77 
  63      6677B389 
  63      4DFF81
  64 0013 22E42084 		.ascii	"\"\344 \204\202d{\021\024\177\202\027o\036\374\013\032"
  64      82647B11 
  64      147F8217 
  64      6F1EFC0B 
  64      1A
  65 0024 89341A6B 		.ascii	"\2114\032ki\364\334I\252\365\020\251=\324T\017q\225"
  65      69F4DC49 
  65      AAF510A9 
  65      3DD4540F 
  65      7195
  66 0036 1273AB0A 		.ascii	"\022s\253\012\202\277\242]\265Z\023\025\177\321\202"
  66      82BFA25D 
  66      B55A1315 
  66      7FD182
  67 0045 A22DF656 		.ascii	"\242-\366V\251z\361 \210\3257\263\021+\315\262;\314"
  67      A97AF120 
  67      88D537B3 
  67      112BCDB2 
  67      3BCC
ARM GAS  /tmp/ccoIY92f.s 			page 5


  68 0057 DB379FCF 		.ascii	"\3337\237\317\274\367\\\002\325\005\321n\"\332\310\037"
  68      BCF75C02 
  68      D505D16E 
  68      22DAC81F 
  69 0067 244128A5 		.ascii	"$A(\245\366D\012\256\000\314N\271\240!\201!\234\225"
  69      F6440AAE 
  69      00CC4EB9 
  69      A0218121 
  69      9C95
  70 0079 13120BC5 		.ascii	"\023\022\013\305\312\217\216Q\351\363A\213\303\361\346"
  70      CA8F8E51 
  70      E9F3418B 
  70      C3F1E6
  71 0088 8D464C87 		.ascii	"\215FL\207@\202\303\223\363\027o[\3355\245\212*\230"
  71      4082C393 
  71      F3176F5B 
  71      DD35A58A 
  71      2A98
  72 009a 98DF7979 		.ascii	"\230\337yy\370\324>_\012\272\300\247\357\242\013w\320"
  72      F8D43E5F 
  72      0ABAC0A7 
  72      EFA20B77 
  72      D0
  73 00ab 45FA411D 		.ascii	"E\372A\035\335|\372\355\213\271\261\210\334\012\342"
  73      DD7CFAED 
  73      8BB9B188 
  73      DC0AE2
  74 00ba 7DF37579 		.ascii	"}\363uy\332MV\015\2712)\325&_J\334\203\374\017\345\177"
  74      DA4D560D 
  74      B93229D5 
  74      265F4ADC 
  74      83FC0FE5 
  75 00cf 0CDF4792 		.ascii	"\014\337G\222\201\237\245\271rTn7p\365\325\247%\273"
  75      819FA5B9 
  75      72546E37 
  75      70F5D5A7 
  75      25BB
  76 00e1 05CF5C31 		.ascii	"\005\317\\1\260\205\351u\260\305p`\340_j\274\334)w\031"
  76      B085E975 
  76      B0C57060 
  76      E05F6ABC 
  76      DC297719 
  77 00f5 78797176 		.ascii	"xyqv\004-\370C\315\300\002\017\326\301<%<D\2224\262"
  77      042DF843 
  77      CDC0020F 
  77      D6C13C25 
  77      3C449234 
  78 010a 747DF55C 		.ascii	"t}\365\\\334\261t_\272\233Gpx\216DW\337\330\201Z\375"
  78      DCB1745F 
  78      BA9B4770 
  78      788E4457 
  78      DFD8815A 
  79 011f 7D5A05DF 		.ascii	"}Z\005\337k\370h\307\300\230-xq$/\021\013\272t\007\272"
  79      6BF868C7 
  79      C0982D78 
  79      71242F11 
  79      0BBA7407 
ARM GAS  /tmp/ccoIY92f.s 			page 6


  80 0134 8608B42C 		.ascii	"\206\010\264,\032zK\222x\322\312\202\012\210\316H\021"
  80      1A7A4B92 
  80      78D2CA82 
  80      0A88CE48 
  80      11
  81 0145 06050E3E 		.ascii	"\006\005\016>\243X_\376\262C\337P\221\340\233G\207\277"
  81      A3585FFE 
  81      B243DF50 
  81      91E09B47 
  81      87BF
  82 0157 2DB87ADE 		.ascii	"-\270z\336\256\251=x\177\355]g\025\223\005&\022\276"
  82      AEA93D78 
  82      7FED5D67 
  82      15930526 
  82      12BE
  83 0169 8C56B8EF 		.ascii	"\214V\270\357\031]/\347\012\376\342-\247gJ\205)\033"
  83      195D2FE7 
  83      0AFEE22D 
  83      A7674A85 
  83      291B
  84 017b 8F51C5F9 		.ascii	"\217Q\305\371\260\340'\3501\352\306\346\320,\326\232"
  84      B0E027E8 
  84      31EAC6E6 
  84      D02CD69A 
  85 018b ED76E618 		.ascii	"\355v\346\030_\217\331\266f\007O\215YO\000\215\277\346"
  85      5F8FD9B6 
  85      66074F8D 
  85      594F008D 
  85      BFE6
  86 019d 6DA159AE 		.ascii	"m\241Y\2565;\355\314\033\370z4[\346\251\233\265\227"
  86      353BEDCC 
  86      1BF87A34 
  86      5BE6A99B 
  86      B597
  87 01af 71368F99 		.ascii	"q6\217\231T\007\236\031\263\320\346\347l^\301\310\245"
  87      54079E19 
  87      B3D0E6E7 
  87      6C5EC1C8 
  87      A5
  88 01c0 C3A1985B 		.ascii	"\303\241\230[\225\304EU$\007\021_\306\351+\212\211V"
  88      95C44555 
  88      2407115F 
  88      C6E92B8A 
  88      8956
  89 01d2 4E375992 		.ascii	"N7Y\222\3707T\242-\251\224\307\357\221\314`\177&\347"
  89      F83754A2 
  89      2DA994C7 
  89      EF91CC60 
  89      7F26E7
  90 01e5 EDEDCBA6 		.ascii	"\355\355\313\246\263\373\017x\307\362^_o\316\313e\323"
  90      B3FB0F78 
  90      C7F25E5F 
  90      6FCECB65 
  90      D3
  91 01f6 5EFEF860 		.ascii	"^\376\370`\246\367h\336K\2378\324\332\246\016\222\310"
  91      A6F768DE 
  91      4B9F38D4 
ARM GAS  /tmp/ccoIY92f.s 			page 7


  91      DAA60E92 
  91      C8
  92 0207 0E88F400 		.ascii	"\016\210\364\000\372\377\000\303_\354I"
  92      FAFF00C3 
  92      5FEC49
  93              		.text
  94              		.section	.gnu.lto__put.87832668611a9f86,"e",%progbits
  95 0000 789C6D90 		.ascii	"x\234m\220Mk\023Q\024\206\317{\317\344fR\023\377@\020"
  95      4D6B1351 
  95      1486CF7B 
  95      CFE46652 
  95      13FF4010 
  96 0014 B2104241 		.ascii	"\262\020BA2\001\021\024]\010\202[\027\376\202F\"\215"
  96      32011114 
  96      5D08825B 
  96      17FE8246 
  96      228D
  97 0026 C60F1A75 		.ascii	"\306\017\032u\333;\361k\321R\273P\253b\034\241\204\202"
  97      DB3BF16B 
  97      D152BB50 
  97      AB621CA1 
  97      8482
  98 0038 8B5AA150 		.ascii	"\213Z\241P\261\325\2166j\023\025\277pQ\027\025\004\027"
  98      B1D58E36 
  98      6A1315BF 
  98      70511715 
  98      0417
  99 004a 4AD19DB8 		.ascii	"J\321\235\270\252\236;\023\261B\206\231\3139s\316\373"
  99      AA9E3B13 
  99      B1428699 
  99      CB3973CE 
  99      FB
 100 005b 9CF75C97 		.ascii	"\234\367\\\227@g\024\321\036\"\332\"\037\230\240\214"
 100      406714D1 
 100      1E22DA22 
 100      1F98A08C 
 101 006b 317B93BE 		.ascii	"1{\223\276\253\200(2.hXa\030\227x\202\261Zo\374J\217"
 101      AB802832 
 101      2E685861 
 101      18977882 
 101      B15A6FFC 
 102 0081 71208D8E 		.ascii	"q \215\216\244\227;\263\355>\233\0029IG\375\225y\356"
 102      A4973BB3 
 102      ED3E9B02 
 102      394947FD 
 102      9579EE
 103 0094 9F129D09 		.ascii	"\237\022\235\011'f\364\255\3317&\025\260\242\353\322"
 103      2766F4AD 
 103      D9372615 
 103      B0A2EBD2 
 104 00a4 3E8F2C1E 		.ascii	">\217,\036 K\366\301\002\372\245\375\375\253\017\343"
 104      204BF6C1 
 104      02FAA5FD 
 104      FDAB0FE3 
 105 00b4 49DE0992 		.ascii	"I\336\011\222\270\363\366\352\242\233o\032S7\341\313"
 105      B8F3F6EA 
 105      A29B6F1A 
ARM GAS  /tmp/ccoIY92f.s 			page 8


 105      5337E1CB 
 106 00c4 49365B03 		.ascii	"I6[\003f<\004\377'\225\177\"~\204\274\010n^\270\363"
 106      663C04FF 
 106      27957F22 
 106      7E84BC08 
 106      6E5EB8F3 
 107 00d8 85797724 		.ascii	"\205yw$~\361s\271\245\272\342\265sl\322\001;X\214\305"
 107      7EF173B9 
 107      A5BAE2B5 
 107      736CD201 
 107      3B588CC5 
 108 00ec DBB32846 		.ascii	"\333\263(FRG\244!\362d\005\237\357\255_\311h\307\032"
 108      5247A421 
 108      F264059F 
 108      EFAD5FC9 
 108      68C71A
 109 00ff B3761E43 		.ascii	"\263v\036C\313M\020\335}\227\010\315\372\357\213&l5"
 109      CB4D10DD 
 109      7D9708CD 
 109      FAEF8B26 
 109      6C35
 110 0111 31B73F05 		.ascii	"1\267?\005\221%\224\034\232\345H:\260\2635,\306%\273"
 110      9125941C 
 110      9AE5483A 
 110      B0B3352C 
 110      C625BB
 111 0124 188D30D9 		.ascii	"\030\2150\331m\035\230\220h\224U\234\370\222|C}\341"
 111      6D1D9890 
 111      6894559C 
 111      F8927C43 
 111      7DE1
 112 0136 EB8DA5A4 		.ascii	"\353\215\245\244\2057\0302t\354\354\217U\327^\226\033"
 112      85371832 
 112      74ECEC8F 
 112      55D75E96 
 112      1B
 113 0147 990E3FCE 		.ascii	"\231\016?\316\254lnb\322\027I.\340TC<?\261[J\315\017"
 113      AC6C6E62 
 113      D217492E 
 113      E054433C 
 113      3FB15B4A 
 114 015d 3EDDD7C5 		.ascii	">\335\327\305i\023\227\022XB\023\327b\257-\024#v{[L"
 114      69139712 
 114      584213D7 
 114      62AF2D14 
 114      23767B5B 
 115 0172 561BC989 		.ascii	"V\033\311\211^\344>\031\217\247=\311\032\317\"\262]"
 115      5EE43E19 
 115      8FA73DC9 
 115      1ACF22B2 
 115      5D
 116 0183 1ECFFF92 		.ascii	"\036\317\377\222w\305d\336H\326\275\310\233d<\226\273"
 116      77C564DE 
 116      48D6BDC8 
 116      9B643C96 
 116      BB
 117 0194 E4E9B9A9 		.ascii	"\344\351\271\251\327\031!\217G\2454\332\021YYrG\310"
ARM GAS  /tmp/ccoIY92f.s 			page 9


 117      D719218F 
 117      47A534DA 
 117      11595972 
 117      47C8
 118 01a6 6B387FFB 		.ascii	"k8\177\373H\014v\205Mb\252\301:\340\014}G=\327-\330"
 118      480C7685 
 118      4D62AAC1 
 118      3AE00C7D 
 118      473DD72D 
 119 01bb 0D4718FF 		.ascii	"\015G\030\377\256\224hG\241\340\311{\264<t\274\\\365"
 119      AE946847 
 119      A1E0C97B 
 119      B43C74BC 
 119      5CF5
 120 01cd F60D564A 		.ascii	"\366\015VJ\225\003\007\275\0235op\240\352U+%\257vj\250"
 120      950307BD 
 120      13356F70 
 120      A0EA552B 
 120      25AF766A 
 121 01e2 3C70ACE6 		.ascii	"<p\254\346\225N\037\356\206\205C\244*'Q\372\003i\311"
 121      954E1FEE 
 121      868543A4 
 121      2A2751FA 
 121      0369C9
 122 01f5 D618     		.ascii	"\326\030"
 123              		.text
 124              		.section	.gnu.lto__unget.87832668611a9f86,"e",%progbits
 125 0000 789C7D93 		.ascii	"x\234}\223\337KTA\024\307\347;s\357\335u\335\352\017"
 125      DF4B5441 
 125      14C7E73B 
 125      73EFDD75 
 125      DDEA0F
 126 0013 58081F02 		.ascii	"X\010\037\002\021\302\273\030A\220`\320C/A\017\021\364"
 126      11C2BB18 
 126      419060D0 
 126      432F410F 
 126      11F4
 127 0025 EA86E192 		.ascii	"\352\206\341\222\375@\353UgU\224j\265\240\037\376\\"
 127      FD40EB55 
 127      6755946A 
 127      B5A01FFE 
 127      5C
 128 0036 774916C3 		.ascii	"wI\026\303\2072\020\372\241\351\226V\256fXf\244\304"
 128      873210FA 
 128      A1E99656 
 128      AE665866 
 128      A4C4
 129 0048 9A811146 		.ascii	"\232\201\021F\026=\230\205i\347\354]\222B\274\334;\314"
 129      163D9885 
 129      69E7EC5D 
 129      9242BCDC 
 129      3BCC
 130 005a 39339F73 		.ascii	"93\237s\276\347\314\\\267\200(TB\024\012!\016\322\007"
 130      BEE7CC5C 
 130      B7802854 
 130      42140A21 
 130      0ED207
ARM GAS  /tmp/ccoIY92f.s 			page 10


 131 006d 4B406AAD 		.ascii	"K@j\255\367\271Bn)\315\233\035;\015\355Qo\347&\213\014"
 131      F7B9426E 
 131      29CD9B1D 
 131      3B0DED51 
 131      6FE7268B 
 132 0082 ED55D26C 		.ascii	"\355U\322ln9B\016\343\323\307nv\03003{M =\323n\210*"
 132      6E39420E 
 132      E3D3C76E 
 132      76183033 
 132      7B4D203D 
 133 009a A90C1355 		.ascii	"\251\014\023U\270\244\232\024R\325\221eo\243\212*\001"
 133      B8A49A14 
 133      52D59165 
 133      6FA38A2A 
 133      01
 134 00ab 83CCABA3 		.ascii	"\203\314\253\243\275I\017\233@\016\231\341\320t\237"
 134      BD490F9B 
 134      400E99E1 
 134      D0749F
 135 00ba CAEB2254 		.ascii	"\312\353\"T'\232RVG\357\204\316\212*)Zh{\037|x\000\237"
 135      279A5256 
 135      47EF84CE 
 135      8A2A295A 
 135      687B1F7C 
 136 00d1 E007FDC8 		.ascii	"\340\007\375\310\243\355\223\343S\227]j\017\004\315"
 136      A3ED93E3 
 136      53975D6A 
 136      0F04CD
 137 00e0 475F5E1F 		.ascii	"G_^\037t\347\306\265\256\326\211w\235J\357\210*\205"
 137      74E7C6B5 
 137      AED68977 
 137      9D4AEF88 
 137      2A85
 138 00f2 8750FFA0 		.ascii	"\207P\377\240\344#x\000\271\004\264\327u\317+\2657\015"
 138      E4237800 
 138      B904B4D7 
 138      75CF2BB5 
 138      370D
 139 0104 8F2D8D0C 		.ascii	"\217-\215\014\313\014\274R\253\2647\252\014\014:\360"
 139      CB0CBC52 
 139      ABB437AA 
 139      0C0C3AF0 
 140 0114 2E1FFC69 		.ascii	".\037\374i\324 4\201\\\301\300\207;\253\327\266X\006"
 140      D4203481 
 140      5CC1C087 
 140      3BABD7B6 
 140      5806
 141 0126 0B63398F 		.ascii	"\013c9\217\270O4\271\375\312L\350\325\265z\235x\035"
 141      B84F34B9 
 141      FDCA4CE8 
 141      D5B57A9D 
 141      781D
 142 0138 C79503D9 		.ascii	"\307\225\003\331 \314\224<(\032$u\205r[\3400\036v\010"
 142      20CC943C 
 142      281A2475 
 142      85725BE0 
 142      301E7608 
ARM GAS  /tmp/ccoIY92f.s 			page 11


 143 014c 715109AE 		.ascii	"qQ\011\256\326\200N\010\021V\3221Bd\314\243vv\350M\233"
 143      D6804E08 
 143      1156D231 
 143      4264CCA3 
 143      7676E84D 
 144 0161 97834794 		.ascii	"\227\203G\224EI\317w\215\325gs\263\014\254\002\2173"
 144      4549CF77 
 144      8DD56773 
 144      B30CAC02 
 144      8F33
 145 0173 BD082B35 		.ascii	"\275\010+5\324\320\361[1\204\005T\367'\217:\010\010"
 145      D4D0F15B 
 145      31840554 
 145      F7278F3A 
 145      0808
 146 0185 69ACF99A 		.ascii	"i\254\371\232r3b\245\353L\314\364Lo\215\2433DYr\242"
 146      723362A5 
 146      EB4CCCF4 
 146      4C6F8DA3 
 146      33445972 
 147 019a CA155126 		.ascii	"\312\025Q&\2068\016\255\205\242\263\367,\377-\355,\271"
 147      86380EAD 
 147      85A2B3F7 
 147      2CFF2DED 
 147      2CB9
 148 01ac 318C389A 		.ascii	"1\2148\232\235\362\236\300\357\310\03166\010MG\214\247"
 148      9DF29EC0 
 148      EFC81936 
 148      36084D47 
 148      8CA7
 149 01be 7FC5180D 		.ascii	"\177\305\030\015m\313?\322b\304\002j\332\353\276\334"
 149      6DCB3FD2 
 149      62C4026A 
 149      DAEBBEDC 
 150 01ce 8DC181A4 		.ascii	"\215\301\201\244\303\205o\314\324(\207[\243g\033\236"
 150      C3856FCC 
 150      D428875B 
 150      A3671B9E 
 151 01de 114BBA53 		.ascii	"\021K\272S\027~\272x\343\1772c\003\334\304M\225\216"
 151      177EBA78 
 151      E37F3263 
 151      03DCC44D 
 151      958E
 152 01f0 AC2B4DC2 		.ascii	"\254+M\302O\2118\\k\262h\243h\3337\215\225\205\321t"
 152      4F89385C 
 152      6BB268A3 
 152      68DB378D 
 152      9585D174 
 153 0204 2C3E4B5A 		.ascii	",>KZ\234\232[l\267\012zx1V\311m\037s\302s\246\347(\240"
 153      9C9A5B6C 
 153      B70A7A78 
 153      3156C96D 
 153      1F73C273 
 154 021c 53E14C2B 		.ascii	"S\341L+\365\015\367K\235\022=\354\342.\230\353\347\270"
 154      F50DF74B 
 154      9D123DEC 
 154      E22E98EB 
ARM GAS  /tmp/ccoIY92f.s 			page 12


 154      E7B8
 155 022e 0829227C 		.ascii	"\010)\"|\357\304\022\370\017\370\374\"\366-\213\353"
 155      EFC412F8 
 155      0FF8FC22 
 155      F62D8BEB 
 156 023e 97A8C438 		.ascii	"\227\250\3048|\352\327\342{\020j\264~\237\000;$;\350"
 156      7CEAD7E2 
 156      7B106AB4 
 156      7E9F003B 
 156      243BE8
 157 0251 6260FD62 		.ascii	"b`\375b\010\261;?\337\246\367DI\371\251\2222{\177i0"
 157      08B13B3F 
 157      DFA6F744 
 157      49F9A992 
 157      327B7F69 
 158 0266 103C74D8 		.ascii	"\020<t\330>]a\227\026\227\331e\301\200]q\266\274\244"
 158      3E5D6197 
 158      1697D965 
 158      C1805D71 
 158      B6BCA4
 159 0279 F864851D 		.ascii	"\370d\205\0358w<3\315?&d\360\014\002\177\000\351\000"
 159      38773C33 
 159      CD3F2664 
 159      F00C027F 
 159      00E900
 160 028c 2A03     		.ascii	"*\003"
 161              		.text
 162              		.section	.gnu.lto__reads.87832668611a9f86,"e",%progbits
 163 0000 789C9593 		.ascii	"x\234\225\223\311OSQ\024\306\357\367\356k\373\036\320"
 163      C94F5351 
 163      14C6EFF7 
 163      EE6BFB1E 
 163      D0
 164 0011 2298E082 		.ascii	"\"\230\340\202\230\260\320\0207\224\215\211\3068$nX"
 164      98B0D010 
 164      37948D89 
 164      C638246E 
 164      58
 165 0022 98B8F02F 		.ascii	"\230\270\360/\240Z\"\021\321\200&\306\015\257\005k\004"
 165      A05A2211 
 165      D18026C6 
 165      0DAF056B 
 165      04
 166 0033 5416086A 		.ascii	"T\026\010j|T\323\024\304\304\211\030'P\353\210 \310"
 166      7C54D314 
 166      C4C48918 
 166      2750EB88 
 166      20C8
 167 0045 A0A0B880 		.ascii	"\240\240\270\200h\334h\234\342F\023\307s\356-\342@\214"
 167      68DC689C 
 167      E24613C7 
 167      73EE2DE2 
 167      408C
 168 0057 36EDCD1D 		.ascii	"6\355\315\035\316\367\273\347|\347\326\022\020\245\036"
 168      CEF7BBE7 
 168      7CE7D612 
 168      10A51E
ARM GAS  /tmp/ccoIY92f.s 			page 13


 169 0066 214A8410 		.ascii	"!J\204\020\363\351\007)`8\216\263\312\027\261\014@\315"
 169      F3E90729 
 169      60388EB3 
 169      CA17B10C 
 169      40CD
 170 0078 1C0BA2C6 		.ascii	"\034\013\242\306@\015\366\313V\211\311\250\3731k\237"
 170      400DF6CB 
 170      5689C9A8 
 170      FB316B9F 
 171 0088 8C53A049 		.ascii	"\214S\240I\313\346\376s}\031\274\004\012hY7\336v\311"
 171      CBE6FE73 
 171      7D19BC04 
 171      0A685937 
 171      DE76C9
 172 009b 5CD4E138 		.ascii	"\\\324\3418Q'\325\372n\371\261\332]%qi\210C\024\335"
 172      5127D5FA 
 172      6EF9B1DA 
 172      5D257169 
 172      884314DD 
 173 00af 8D7C5C46 		.ascii	"\215|\\F\276\340\017z\260\210\242\037\014\2165\371\344"
 173      BEE00F7A 
 173      B088A21F 
 173      0C8E35F9 
 173      E4
 174 00c0 12089AF7 		.ascii	"\022\010\232\367\217\264\\\263\012\223J\371<!\235\005"
 174      8FB45CB3 
 174      0A934AF9 
 174      3C219D05 
 175 00d0 71297105 		.ascii	"q)q\005\362\027)\355\221\370*\012I\360\251a\254\305"
 175      F21729ED 
 175      91F82A0A 
 175      49F0A961 
 175      ACC5
 176 00e2 96CB9438 		.ascii	"\226\313\22489\374\364\231'-\036H*\261\211k\177\210"
 176      39FCF499 
 176      272D1E48 
 176      2AB1896B 
 176      7F88
 177 00f4 4D12A794 		.ascii	"M\022\247\224\370\213\323\334\022\220+\224\370\305T"
 177      F88BD3DC 
 177      12902B94 
 177      F8C554
 178 0103 6F0CD337 		.ascii	"o\014\3237\267+\261\201\353\177\210\015\022\337@\241"
 178      B72BB181 
 178      EB7F880D 
 178      12DF40A1 
 179 0113 6049A2D7 		.ascii	"`I\242\327\251\267\345*%?849b-L(\371\370\005\317a'U"
 179      A9B7E52A 
 179      253F3834 
 179      39622D4C 
 179      28F9F805 
 180 012b 57C0849B 		.ascii	"W\300\204\233\277\021\370C\341\317\316~=\340\367\232"
 180      BF11F843 
 180      E1CFCE7E 
 180      3DE0F79A 
 181 013b B885856C 		.ascii	"\270\205\205l\013\233q\033^j\203\000\357\235\036\365"
 181      0B9B711B 
ARM GAS  /tmp/ccoIY92f.s 			page 14


 181      5E6A8300 
 181      EF9D1EF5 
 182 014b A49CAFDF 		.ascii	"\244\234\257\337v;\251;\037\320\336\335\210y\240\273"
 182      763BA93B 
 182      1FD0DEDD 
 182      8879A0BB 
 183 015b 3D060F44 		.ascii	"=\006\017D\243\010\223\246^\017\257\2754\370|<\263x"
 183      A30893A6 
 183      5E0FAFBD 
 183      34F87C3C 
 183      B378
 184 016d B069B032 		.ascii	"\260i\2602h\2603i\310\310\342\202\375|\020\340!\033"
 184      68B03369 
 184      C8C8E282 
 184      FD7C10E0 
 184      211B
 185 017f EC5B0EB8 		.ascii	"\354[\016\270\206\\\260\015y\272\250\006)\250\315\216"
 185      865CB00D 
 185      79BAA806 
 185      29A8CD8E 
 186 018f 09272544 		.ascii	"\011'%D\2434\364\"B\213\227\210\366\274\370|\006\234"
 186      A334F422 
 186      428B9788 
 186      F6BCF87C 
 186      069C
 187 01a1 A02B41C9 		.ascii	"\240+A\311\357\253};iq\2673U\351\251'g&\002I$\"$\241"
 187      EFAB7D3B 
 187      6971B733 
 187      55E9A927 
 187      67260249 
 188 01b9 9AB35C99 		.ascii	"\232\263\\\231\215;\\+\235E\342S\027\275\305\247\034"
 188      8D3B5C2B 
 188      9D45E253 
 188      17BDC5A7 
 188      1C
 189 01ca 7D64A017 		.ascii	"}d\240\027I\034\324\365\336E1\261k\333b\235\266F\033"
 189      491CD4F5 
 189      DE4531B1 
 189      6BDB629D 
 189      B6461B
 190 01dd 147F7ECF 		.ascii	"\024\177~\317\353N\233\321\364\354\320\207|\272\220"
 190      EB4E9BD1 
 190      F4ECD087 
 190      7CBA90
 191 01ec 83DE7B85 		.ascii	"\203\336{\205+%\205\2702\207\023j\256?yv\207V\231\277"
 191      2B2585B8 
 191      3287136A 
 191      AE3F7976 
 191      875699BF 
 192 0200 6570F404 		.ascii	"ep\364\004[\365\227$\374\350WI@w\242g\352y\227Q\207"
 192      5BF59724 
 192      FCE85749 
 192      4077A267 
 192      EA799751 
 193 0215 A8D2EE24 		.ascii	"\250\322\356$Sq\217\022\023\030@\035t~}~}\223G'$y\267"
 193      53718F12 
 193      1318401D 
ARM GAS  /tmp/ccoIY92f.s 			page 15


 193      747E7D7E 
 193      7D934727 
 194 022c 2BB6546F 		.ascii	"+\266Tor\006t$^!V\240ZHH\367\370\3007\233\221V\\\006"
 194      72067424 
 194      5E2156A0 
 194      5A4848F7 
 194      F8C0379B 
 195 0244 0EF14518 		.ascii	"\016\361E\030d\232+s\225\200\312\313\326\2666$|\032"
 195      649A2B73 
 195      9580CACB 
 195      D6B63624 
 195      7C1A
 196 0256 E3FB271F 		.ascii	"\343\373'\037\213\330\227\3733\026\016i\013\217\304"
 196      8BD897FB 
 196      33160E69 
 196      0B8FC4
 197 0265 D2CDB194 		.ascii	"\322\315\261\224I>fO\326\253\275\177\307\016\317`GP"
 197      493E664F 
 197      D6ABBD7F 
 197      C70ECF60 
 197      4750
 198 0277 4C2C9DE1 		.ascii	"L,\235\341\336D@\263\355\377\352\264\205Q\3053\230\367"
 198      DE4440B3 
 198      EDFFEAB4 
 198      8551C533 
 198      98F7
 199 0289 40A519ED 		.ascii	"@\245\031\355\351[\251Q\031?\277!k\26674\207\356\303"
 199      E95BA951 
 199      193FBF21 
 199      6BB63734 
 199      87EEC3
 200 029c C359C936 		.ascii	"\303Y\3116\306\024\231S\305\3704y\215&g\376L\266g#\347"
 200      C6149953 
 200      C5F83479 
 200      8D2667FE 
 200      4CB66723 
 201 02b1 D0F57894 		.ascii	"\320\365x\224&\237\272\3201\344'r\223:\312\305cE6\231"
 201      269FBAD0 
 201      31E42772 
 201      933ACAC5 
 201      63453699 
 202 02c5 3CA1ADED 		.ascii	"<\241\255\355\212Mx4:KuO\352'\221\366\333\3572O\376"
 202      8A4D7834 
 202      3A4B754F 
 202      EA2791F6 
 202      DBEF324F 
 203 02da 68BE2B03 		.ascii	"h\276+\003\224\003\365\331V\361\376\270\234\253\373"
 203      9403F5D9 
 203      56F1FEB8 
 203      9CABFB
 204 02e9 73290DC9 		.ascii	"s)\015\311S\015\012\2107\210\246\005y\354x\203\304\314"
 204      530D0A88 
 204      3788A605 
 204      79EC7883 
 204      C4CC
 205 02fb 9F4F88C5 		.ascii	"\237O\210\305EEA\372n\012WU\206+\202\2537\226\207\312"
 205      454541FA 
ARM GAS  /tmp/ccoIY92f.s 			page 16


 205      6E0A5755 
 205      862B82AB 
 205      379687CA 
 206 030f D7AE0B6E 		.ascii	"\327\256\013n\251\016n,\255\010V\224\207\202\325\333"
 206      A90E6E2C 
 206      AD085694 
 206      8782D5DB 
 207 031f AAC2A59B 		.ascii	"\252\302\245\233\253\203\241\355e\351i\321za\224o5B"
 207      AB83A1ED 
 207      65E969D1 
 207      7A61946F 
 207      3542
 208 0331 5B5169D1 		.ascii	"[Qi\321nY\270*\274\341;}e\266\210"
 208      6E59B82A 
 208      BCE13B7D 
 208      65B688
 209              		.text
 210              		.section	.gnu.lto__get.part.0.87832668611a9f86,"e",%progbits
 211 0000 789C6D91 		.ascii	"x\234m\221\317k\023A\024\307\347;o\263\371a\243\010"
 211      CF6B1341 
 211      14C7E73B 
 211      6FB3F961 
 211      A308
 212 0012 DE7AE9C1 		.ascii	"\336z\351\301\022\203\220\255\007A\350A\301Ko\036\374"
 212      128390AD 
 212      0741E841 
 212      C14B6F1E 
 212      FC
 213 0023 0B128934 		.ascii	"\013\022\2114\030\265$z\356$\021<\244\324\036\324\332"
 213      18B5247A 
 213      EE24113C 
 213      A4D41ED4 
 213      DA
 214 0034 43DC4208 		.ascii	"C\334B\010\305KU((I\265\251?\223\330jT<\324C\005o\212"
 214      C54B5528 
 214      2849B5A9 
 214      3F93D86A 
 214      543CD443 
 215 004b E8C9D683 		.ascii	"\350\311\326\203T\337\314&%\006\227\335\3317o\277\357"
 215      54DFCC26 
 215      250697DD 
 215      D9376FBF 
 215      EF
 216 005c F3BEF336 		.ascii	"\363\276\3636  \016\221\020\307\205\020G\370\201O\300"
 216      20200E91 
 216      10C78510 
 216      47F8814F 
 216      C0
 217 006d 524A9DF0 		.ascii	"RJ\235\360\303\202\364\002\0112A.@\200\211T\000b\322"
 217      C382F402 
 217      0932412E 
 217      40808954 
 217      0062D2
 218 0080 9284495C 		.ascii	"\222\204I\\\243Y\302f\276\364k`\232\\\342b\336^o-5C"
 218      A359C266 
 218      BEF46B60 
 218      9A5CE262 
ARM GAS  /tmp/ccoIY92f.s 			page 17


 218      DE5E6F2D 
 219 0096 7A0B0CF1 		.ascii	"z\013\014\361v*\267Q\243\350\002W\252\372l\325\276\275"
 219      762AB751 
 219      A3E80257 
 219      AAFA6CD5 
 219      BEBD
 220 00a8 D4564197 		.ascii	"\324VA\227\244\230cy\015\203\250bP\350\253O\332^\225"
 220      A4986379 
 220      0D83A862 
 220      50E8AB4F 
 220      DA5E95
 221 00bb 639E0CBB 		.ascii	"c\236\014\2732,#\252]>B\224\325\357\327?\314\370\351"
 221      322C23AA 
 221      5D3E4294 
 221      D5EFD73F 
 221      CCF8E9
 222 00ce 187465EB 		.ascii	"\030te\353\355\315\225@\244\242T^\325\327\312\244\016"
 222      EDCD9540 
 222      A4A2545E 
 222      D5D7CAA4 
 222      0E
 223 00df BA44780C 		.ascii	"\272Dx\014\372\247\011\347D\277\270\215\261]iO\243\025"
 223      FAA709E7 
 223      44BFB88D 
 223      B15D694F 
 223      A315
 224 00f1 448C1A75 		.ascii	"D\214\032uDL\315\347\373;7\302\266\245]{^\177\327~\316"
 224      444CCDE7 
 224      FB3B37C2 
 224      B6A55D7B 
 224      5E7FD77E 
 225 0106 EFA351D3 		.ascii	"\357\243Q\323\275Z\331.\372\207\313\006\2705w\240\\"
 225      BD5AD92E 
 225      FA87CB06 
 225      B83577A0 
 225      5C
 226 0117 500D65B9 		.ascii	"P\015e\271d\341I\237\203Nm\257\276\215^m\217\205\247"
 226      64E1499F 
 226      834E6DAF 
 226      BE8D5E6D 
 226      8F85A7
 227 012a 18EEC83B 		.ascii	"\030\356\310;\275\361\2143Z\262\012\233\235=\347\025"
 227      BDF18C33 
 227      5AB20A9B 
 227      9D3DE715 
 228 013a FCD6E9BB 		.ascii	"\374\326\351\273\357|J\355\374\271\252T\365\360\376"
 228      EF7C4AED 
 228      FCB9AA54 
 228      F5F0FE
 229 0149 20A06D4B 		.ascii	" \240mK>\257\217xa\327.\371}\274\004l\275\010Q$\241"
 229      3EAF8F78 
 229      61D72EF9 
 229      7DBC046C 
 229      BD085124 
 230 015e 676C4187 		.ascii	"glA\207\226\027\222\230\"\331\015\277\"\277\374\345"
 230      96179298 
 230      22D90DBF 
ARM GAS  /tmp/ccoIY92f.s 			page 18


 230      22BFFCE5 
 231 016e 4E21A49B 		.ascii	"N!\244\233\224H\262\207\351\302\217\315\200\376\251"
 231      9448B287 
 231      E9C28FCD 
 231      80FEA9
 232 017d 963971FD 		.ascii	"\2269q\375\343\275\215\275\025\224\341R\260\304\226"
 232      E3BD8DBD 
 232      1594E152 
 232      B0C496
 233 018c 5EE8D371 		.ascii	"^\350\323q>\347~zh\217,j\316\020\267\307KTp\313\214"
 233      3EE77E7A 
 233      688F2C6A 
 233      CE10B7C7 
 233      4B5470CB 
 234 01a1 0C0D8C18 		.ascii	"\014\015\214\030n3\346Q\251\227\352\353\247\206\270"
 234      6E33E651 
 234      A997EAEB 
 234      A786B8
 235 01b0 2D9AFFA5 		.ascii	"-\232\377\245\332h\031*4\365U\227:\352Q\255^\252\335"
 235      DA68192A 
 235      34F55597 
 235      3AEA51AD 
 235      5EAADD
 236 01c3 4FDDC36D 		.ascii	"O\335\303m\261\326\241.>Xx\023f\352\214\241\016`\335"
 236      B1D6A12E 
 236      3E587813 
 236      66EA8CA1 
 236      0E60DD
 237 01d6 50A5A6BE 		.ascii	"P\245\246\276f\3527\\\231\317xP\037s\005\033r),\212"
 237      66EA375C 
 237      99CF7850 
 237      1F73051B 
 237      72292C8A 
 238 01ea 52352C33 		.ascii	"R5,3|\301\023\243\356\304\276C\262B'\267L\205\224<Z"
 238      7CC113A3 
 238      EEC4BE43 
 238      B24227B7 
 238      4C85943C 
 239 01ff 785F35F2 		.ascii	"x_5\362h,\346\360}.\231\271\220L;'\307S\211\324\251"
 239      682CE6F0 
 239      7D2E99B9 
 239      904C3B27 
 239      C75389D4 
 240 0214 D3CEC5AC 		.ascii	"\323\316\305\2543\036O;\351T\302\311^\312$\343\347\263"
 240      331E4F3B 
 240      E954C2C9 
 240      5ECA24E3 
 240      E7B3
 241 0226 4EE2F2D9 		.ascii	"N\342\362\331N\030;#dj\302Jd\343\023\177\001\020\311"
 241      4E183B23 
 241      646AC24A 
 241      64E3137F 
 241      0110C9
 242 0239 0760     		.ascii	"\007`"
 243              		.text
 244              		.section	.gnu.lto__get.87832668611a9f86,"e",%progbits
 245 0000 789C7D51 		.ascii	"x\234}Q\317KTQ\024>\337;\367\275y\343\214\375\003n\\"
ARM GAS  /tmp/ccoIY92f.s 			page 19


 245      CF4B5451 
 245      143EDF3B 
 245      F7BD79E3 
 245      8CFD036E 
 246 0015 04E2669E 		.ascii	"\004\342f\236HA\264\012\242\266-\372\0134\014\207\354"
 246      4841B40A 
 246      A2B62DFA 
 246      0B340C87 
 246      EC
 247 0026 075A9B36 		.ascii	"\007Z\2336\3367JR\015f`\231\340\364\006d\3106f\241\021"
 247      DE374A52 
 247      0D666099 
 247      E0F40664 
 247      C83666A1 
 248 003b 6AF9CA7E 		.ascii	"j\371\312~)\032Z\270\260@\251h\221\331\264(\242Eh\347"
 248      291A5AB8 
 248      B040A968 
 248      91D9B428 
 248      A24568E7 
 249 004f BE191872 		.ascii	"\276\031\030r\341\345\275\313\371q\317\367\235\357\034"
 249      E1E5BDCB 
 249      F971CFF7 
 249      9DEF1C
 250 005e 9740AB16 		.ascii	"\227@\253\026\321A\":\"?\034\202\245\265>\024\363]\313"
 250      D141223A 
 250      223F1C82 
 250      A5B53E14 
 250      F35DCB
 251 0071 E207C589 		.ascii	"\342\007\305\211j\245\253\324\233\353\363\215J'\031"
 251      6AA5ABD4 
 251      9BEBF38D 
 251      4A2719
 252 0080 7694832A 		.ascii	"v\224\203*\033\276k\003\221\245]P\247\305\312F'\256"
 252      1BBE6B03 
 252      91A55D50 
 252      A7C5CA46 
 252      27AE
 253 0092 F100632D 		.ascii	"\361\000c-\223\373\223\354\345\200\011J\334\376\371"
 253      93FB93EC 
 253      E580094A 
 253      DCFEF9
 254 00a1 F1B92AE3 		.ascii	"\361\271*\343\002\265\342f\375\325)\256\277#\245:\034"
 254      02B5E266 
 254      FDD529AE 
 254      BF23A53A 
 254      1C
 255 00b2 98746E8F 		.ascii	"\230tn\217/\351x\300\026\015\312\363)\324`\0225d\016"
 255      2FE978C0 
 255      160DCAF3 
 255      29D46012 
 255      35640E
 256 00c5 A6512FCF 		.ascii	"\246Q/\317\337-\256\364\305\370\000H\354\371\345\233"
 256      DF2DAEF4 
 256      C5F80048 
 256      ECF9E59B 
 257 00d5 336E5D41 		.ascii	"3n]A\353\214\016\027\206Y\357\015\230\361\030\374_\251"
 257      EB8C0E17 
ARM GAS  /tmp/ccoIY92f.s 			page 20


 257      8659EF0D 
 257      98F118FC 
 257      5FA9
 258 00e7 C4A4F809 		.ascii	"\304\244\370\011\352\310\224|\272\277u\243\332Q\006"
 258      EAC8947C 
 258      BABF75A3 
 258      DA5106
 259 00f6 DD60CE18 		.ascii	"\335`\316\030\225b\334{k\207zk\273G\207\233\303\370"
 259      9562DC7B 
 259      6B877A6B 
 259      BB47879B 
 259      C3F8
 260 0108 70340929 		.ascii	"p4\011)S,\227\255\214e\313\3458rY1\030\250\2041\211"
 260      532C97AD 
 260      8C65CBE5 
 260      38725931 
 260      18A88431 
 261 011d AE3299B6 		.ascii	"\2562\231\266\025tH\224e\253\344\370\342l 3\375u\344"
 261      15744894 
 261      65ABE4F8 
 261      E26C2033 
 261      FD75E4
 262 0130 B3630872 		.ascii	"\263c\010r\014!\356\355\372\261\346\032\325\261\250"
 262      0C21EEED 
 262      FAB1E61A 
 262      D5B1A8
 263 013f F5F0FDD8 		.ascii	"\365\360\375\330\352\236\002\206})\251\015\330\315I"
 263      EA9E0286 
 263      7D29A90D 
 263      D8CD49
 264 014e 3C34ED4A 		.ascii	"<4\355J\316\017\326\0379\015\243\272\224\212\343)\012"
 264      CE0FD61F 
 264      390DA3BA 
 264      948AE329 
 264      0A
 265 015f B855EAF7 		.ascii	"\270U\352\367\031\032\350\013\272\327g\367U\220\037"
 265      191AE80B 
 265      BAD767F7 
 265      55901F
 266 016e 5EFE7E37 		.ascii	"^\376~7n\220\343\000f\313\323\3122\367\375\034\375F"
 266      6E90E300 
 266      66CBD3CA 
 266      32F7FD1C 
 266      FD46
 267 0180 51379BB2 		.ascii	"Q7\233\262\245\350\271\331Fnda;\336\215\214\357\006"
 267      A5E8B9D9 
 267      466E6461 
 267      3BDE8D8C 
 267      EF06
 268 0192 5C35C8A2 		.ascii	"\\5\310\242\036\317\321\015\222\016\002ND\245\352Wv"
 268      1ECFD10D 
 268      920E024E 
 268      44A5EA57 
 268      76
 269 01a3 B99FCB42 		.ascii	"\271\237\313B\272\206.-N\344\255\022\200\022\312\210"
 269      BA862E2D 
 269      4EE4AD12 
ARM GAS  /tmp/ccoIY92f.s 			page 21


 269      8012CA88 
 270 01b3 4304AE5D 		.ascii	"C\004\256]\201\011\356\020\223/\232\331\355\252\347"
 270      8109EE10 
 270      932F9AD9 
 270      EDAAE7
 271 01c2 4545CF4B 		.ascii	"EE\317K4\010\250A[\232K\225(\354\235\200\027w\307K\342"
 271      3408A841 
 271      5B9A4B95 
 271      28EC9D80 
 271      1777C74B 
 272 01d7 558467D6 		.ascii	"U\204g\326(\311\225\217\305!\247q\314$\363\223\010\270"
 272      28C9958F 
 272      C521A771 
 272      CC24F393 
 272      08B8
 273 01e9 1AAF0D07 		.ascii	"\032\257\015\007\"\27294\032\256\277=(q%\204.RlWVW\204"
 273      22BA3934 
 273      1AAEBF3D 
 273      28712584 
 273      2E526C57 
 274 0200 25B37024 		.ascii	"%\263p$\374;\032\031\213\227P\226,\033\333r8Z6\321\376"
 274      FC3B1A19 
 274      8B975096 
 274      2C1BDB72 
 274      385A36D1 
 275 0215 54CA93EF 		.ascii	"T\312\223\357TK\373\231\2266\357pk\2729}\354\270w\266"
 275      544BFB99 
 275      9636EF70 
 275      6BBA397D 
 275      ECB877B6 
 276 0229 C36B6D6A 		.ascii	"\303kmj\363\332\322\315^\307\371\366\226\246\323\035"
 276      F3DAD2CD 
 276      5EC7F9F6 
 276      96A6D31D 
 277 0239 5EF38593 		.ascii	"^\363\205\223e3u\202\254\364\271\177y\372\377A"
 277      65337582 
 277      ACF4B97F 
 277      79FAFF41 
 278              		.text
 279              		.section	.gnu.lto_bsaObjectInit.87832668611a9f86,"e",%progbits
 280 0000 789C9D53 		.ascii	"x\234\235SKk\023Q\024\276\337\234I2I\037\272\254\004"
 280      4B6B1351 
 280      14BEDF9C 
 280      4932491F 
 280      BAAC04
 281 0013 250BA174 		.ascii	"%\013\241t\223\311Fp#(\356\334\270\360\027$Ri\261ji"
 281      93C94670 
 281      2328EEDC 
 281      B8F01724 
 281      5269B16A 
 282 0028 145CD99B 		.ascii	"\024\\\331\233\264\266h\244E\250\364\001a\002%\370\300"
 282      B4B668A4 
 282      45A8F401 
 282      610225F8 
 282      C0
 283 0039 3722DA36 		.ascii	"7\"\3326ul\255\332\332\372(\250X\264\001\021\253\241"
 283      756CADDA 
ARM GAS  /tmp/ccoIY92f.s 			page 22


 283      DAFA28A8 
 283      58B40111 
 283      ABA1
 284 004b 5688150A 		.ascii	"V\210\025\012\326\324sg\002\212\202\240\303\334\341"
 284      D6D47367 
 284      028A82A0 
 284      C3DCE1
 285 005a 9EC7F79D 		.ascii	"\236\307\367\235\357\234{\307\020\020\273H\210\035B"
 285      EF9C7BC7 
 285      1010BB48 
 285      881D42
 286 0069 888DBC40 		.ascii	"\210\215\274@\002\232\224r\273/ah\200\263\223\006D\253"
 286      029A9472 
 286      BB2F6168 
 286      80B39306 
 286      44AB
 287 007b 86567453 		.ascii	"\206VtS/a\254\363\375m\255\356,G\244\335\373\302\327"
 287      2F61ACF3 
 287      FD6DADEE 
 287      2C47A4DD 
 287      FBC2D7
 288 008e 218FD758 		.ascii	"!\217\327XL\320\317\313}0\204:\316\233O\246W*\273\310"
 288      4CD0CFCB 
 288      7D30843A 
 288      CE9B4FA6 
 288      572ABBC8 
 289 00a2 224067B3 		.ascii	"\"@g\263g\352\306d@\231\032Bl\256\016\177\315\254\243"
 289      67EAC664 
 289      40991A42 
 289      6CAE0E7F 
 289      CDACA3
 290 00b5 AD10BCB7 		.ascii	"\255\020\274\267\013\317\263\025\265Y)\223\322~\235"
 290      0BCFB315 
 290      B5592993 
 290      D27E9D
 291 00c4 25B9D922 		.ascii	"%\271\331\"B\016\304\224\030A\020\303\010\012\301>\246"
 291      420EC494 
 291      184110C3 
 291      080AC13E 
 291      A6
 292 00d5 1E452D03 		.ascii	"\036E-\003\226\007_\026u\332\346\200/\215\247\276y\313"
 292      96075F16 
 292      75DAE680 
 292      2F8DA7BE 
 292      79CB
 293 00e7 E0D59A01 		.ascii	"\340\325\232\001i\353\026\351\270\363\007Zg\264\215"
 293      69EB16E9 
 293      B8F3075A 
 293      67B48D
 294 00f6 5AA1306F 		.ascii	"Z\2410o\257\225\316Ty\365\262f\334\205\227\247 \304"
 294      AF95CE54 
 294      79F5B266 
 294      DC8597A7 
 294      20C4
 295 0108 95598F2D 		.ascii	"\225Y\217-Kk\235\322^\3340T2\374`\230\207\345sQ\017"
 295      4B6B9DD2 
 295      5EDC3054 
ARM GAS  /tmp/ccoIY92f.s 			page 23


 295      32FC6098 
 295      87E57351 
 296 011d 5C708A84 		.ascii	"\\p\212\204j\\\207\264\2058E\232k$\330( \331s\362M."
 296      6A5C87B4 
 296      8538459A 
 296      6B24D828 
 296      20D973F2 
 297 0133 0345C735 		.ascii	"\003E\3075\272\332>\317\033\252_r{\234\273\372\252:"
 297      BADA3ECF 
 297      1BAA5F72 
 297      7B9CBBFA 
 297      AA3A
 298 0145 8BC10403 		.ascii	"\213\301\004\0032\233,\362\24690\246\244q0a\345oy#\227"
 298      329B2CF2 
 298      A63930A6 
 298      A4713061 
 298      E56F7923 
 299 015a 1559C822 		.ascii	"\025Y\310\"\037\306\221E\237\253\355\036\"\277\222\371"
 299      1FC69145 
 299      9FABED1E 
 299      22BF92F9 
 300 016a 1CB2E1E5 		.ascii	"\034\262\341\345\\\301\337\216d\202'\357\033T\211\354"
 300      5CC1DF8E 
 300      648227EF 
 300      1B5489EC 
 301 017a CCCBE24C 		.ascii	"\314\313\342L@UXo\221\201\373h\007&\312\374_\026&F\015"
 301      4055586F 
 301      9181FB68 
 301      0726CAFC 
 301      5F162646 
 302 018f 95DFC7C5 		.ascii	"\225\337\307\305/@\321<\340\022L\377\220\323\224\364"
 302      2F40D13C 
 302      E0124CFF 
 302      90D394F4 
 303 019f 818F4B6D 		.ascii	"\201\217Km\201\262\362\177\220\252c\322\221\252\246"
 303      81B2F27F 
 303      90AA63D2 
 303      91AAA6
 304 01ae 872944D2 		.ascii	"\207)D\322\344q\007\361=wT\261\245\011\277\021\206\376"
 304      E47107F1 
 304      3D7754B1 
 304      A509BF11 
 304      86FE
 305 01c0 CAE7C723 		.ascii	"\312\347\307#\207Os[\032\311\277\273\256)\335n\324\203"
 305      874F735B 
 305      1AC9BFBB 
 305      AE29DD6E 
 305      D483
 306 01d2 6944B8D0 		.ascii	"iD\270\320\214\022\275\210\216L\265st\234\230>7\275"
 306      8C12BD88 
 306      8E4CB573 
 306      749C983E 
 306      37BD
 307 01e4 E60CC4B0 		.ascii	"\346\014\304\260(\320\257\344\340\261Jr\353\237\276"
 307      28D0AFE4 
 307      E0B14A72 
 307      EB9FBE
ARM GAS  /tmp/ccoIY92f.s 			page 24


 308 01f3 381756C3 		.ascii	"8\027V\303\253\3001<A\220=7O|:\357W\256J\000O\021\264"
 308      ABC0313C 
 308      41903D37 
 308      4F7C3AEF 
 308      57AE4A00 
 309 020a A84AE92E 		.ascii	"\250J\351.~X\371\237)T\342\231\243Z\035\004f\021Q\214"
 309      7E58F99F 
 309      2954E299 
 309      A35A1D04 
 309      6611518C 
 310 021e 6209C9CC 		.ascii	"b\011\311\314B\267s\033\234\277\"E\370ys\204\330\022"
 310      42B7731B 
 310      9CBF2245 
 310      F8797384 
 310      D812
 311 0230 0E9BFCEE 		.ascii	"\016\233\374\356\257o9X\337d\356lh\2145\356\336c\036"
 311      AF6F3958 
 311      DF64EE6C 
 311      688C35EE 
 311      DE631E
 312 0243 8A9B0DD1 		.ascii	"\212\233\015\321&\263\2511f\306\017\267\324G\017\304"
 312      26B3A931 
 312      66C60FB7 
 312      D4470FC4 
 313 0253 CDD8917D 		.ascii	"\315\330\221}\345mx\257\320c\361h3\177\342\315?\000"
 313      E56D78AF 
 313      D063F168 
 313      337FE2CD 
 313      3F00
 314 0265 A91026D5 		.ascii	"\251\020&\325"
 315              		.text
 316              		.section	.gnu.lto_vmt.87832668611a9f86,"e",%progbits
 317 0000 789CE360 		.ascii	"x\234\343``d\270\301\300\300`\316\000\001\323\231\031"
 317      6064B8C1 
 317      C0C060CE 
 317      0001D399 
 317      19
 318 0011 E7AE38F3 		.ascii	"\347\2568\363\237\263\205\261\251\261\243\241\341A\367"
 318      9FB385B1 
 318      A9B1A3A1 
 318      E141F7
 319 0020 19E6E8F9 		.ascii	"\031\346\350\371\314\0143\2311\345\026lc\232\317\314"
 319      CC0C3399 
 319      31E5166C 
 319      639ACFCC 
 320 0030 38939911 		.ascii	"8\223\231\021S\346\037#X\017\023\246\314>\240\014\323"
 320      53E61F23 
 320      580F13A6 
 320      CC3EA00C 
 320      D3
 321 0041 4C66664C 		.ascii	"LffL\231\252\371\314\3143\231Y\300\022\307\337\277\275"
 321      99AAF9CC 
 321      CC339959 
 321      C012C7DF 
 321      BFBD
 322 0053 C2D8C73C 		.ascii	"\302\330\307<\237\231\205\021\304]\266\270\347\015\213"
 322      9F998511 
ARM GAS  /tmp/ccoIY92f.s 			page 25


 322      C45DB6B8 
 322      E70D8B
 323 0062 E5F6868E 		.ascii	"\345\366\206\216\005\015\011\363\231Yg030\356g\224\236"
 323      050D09F3 
 323      99596730 
 323      3330EE67 
 323      949E
 324 0074 C1CCC8B8 		.ascii	"\301\314\310\270\217\261\205q\0063\023\343^0\315\314"
 324      8FB18571 
 324      063313E3 
 324      5E30CDCC 
 325 0084 B8074CB3 		.ascii	"\270\007L\2630\356\006\323\254\214\273\2004\003\343"
 325      30EE06D3 
 325      AC8CBB80 
 325      3403E3
 326 0093 01464B06 		.ascii	"\001FK\006S==} \312N-\312K\315\321w\316\310L\312\364"
 326      533D3D7D 
 326      20CA4E2D 
 326      CA4BCDD1 
 326      77CEC84C 
 327 00a9 0FD6CF2F 		.ascii	"\017\326\317/\326\317H\314\321\317\311L\322/.)JM\314"
 327      D6CF48CC 
 327      D1CFC94C 
 327      D22F2E29 
 327      4A4DCC
 328 00bc 2DD64F2A 		.ascii	"-\326O*M\2032\365\222\031\000R\225\\Z"
 328      4D8332F5 
 328      92190052 
 328      955C5A
 329              		.text
 330              		.section	.gnu.lto_.symbol_nodes.87832668611a9f86,"e",%progbits
 331 0000 789C75D0 		.ascii	"x\234u\320\275\021\3020\014\005\340\367b9\030\226\200"
 331      BD11C230 
 331      0C05E0F7 
 331      62391896 
 331      80
 332 0011 6312D881 		.ascii	"c\022\330\201\011XD.\030 Mz&\240\006\272,\300\024\024"
 332      0958442E 
 332      18204D7A 
 332      26A006BA 
 332      2CC01414 
 333 0025 81F07B0C 		.ascii	"\201\360{\014\000\001\373\370\271\303\252\336\351\223"
 333      0001FBF8 
 333      B9C3AADE 
 333      E993
 334 0033 0AC98198 		.ascii	"\012\311\201\230\020@VS\341\333\022\026\033@\201\345"
 334      10405653 
 334      E1DB1216 
 334      1B4081E5 
 335 0043 BCF2399E 		.ascii	"\274\3629\236\206lOe\022\017\324,\211;\252I\342\225"
 335      866C4F65 
 335      120FD42C 
 335      893BAA49 
 335      E295
 336 0055 2ADFC895 		.ascii	"*\337\310\225\257\374 bC\265\311\315\0235\377\301\265"
 336      AFFC2062 
 336      43B5C9CD 
ARM GAS  /tmp/ccoIY92f.s 			page 26


 336      1335FFC1 
 336      B5
 337 0066 1F07B247 		.ascii	"\037\007\262G\302\017\001\303\013\265s\217\325\177\315"
 337      C20F01C3 
 337      0BB5738F 
 337      D57FCD
 338 0075 A1BD7004 		.ascii	"\241\275p\004\360Lu\177E\342\013JB\370\216\306\270\220"
 338      F04C757F 
 338      45E20B4A 
 338      42F88EC6 
 338      B890
 339 0087 B794784C 		.ascii	"\267\224xL\331\203\310g\300Jq[4\340\324\344\335\320"
 339      D983C867 
 339      C04A715B 
 339      34E0D4E4 
 339      DDD0
 340 0099 9D110F07 		.ascii	"\235\021\017\007\203dy"
 340      836479
 341              		.text
 342              		.section	.gnu.lto_.refs.87832668611a9f86,"e",%progbits
 343 0000 789C05C1 		.ascii	"x\234\005\301\307\015\0000\014\3040\235\002\227w\366"
 343      C70D0030 
 343      0CC4309D 
 343      029777F6 
 344 0010 1FD6E412 		.ascii	"\037\326\344\022>\220vR#>c)\007\004\256\000N"
 344      3E907652 
 344      233E6329 
 344      0704AE00 
 344      4E
 345              		.text
 346              		.section	.gnu.lto_.decls.87832668611a9f86,"e",%progbits
 347 0000 789C9D58 		.ascii	"x\234\235X{PT\327\031\277\337\275\313.,\0173>\022\247"
 347      7B5054D7 
 347      19BFDFBD 
 347      CB2E2C0F 
 347      333E12A7 
 348 0014 A4332643 		.ascii	"\2443&C&\235iq\215I\306:\223\266&v&\351\264\211\355"
 348      269D6971 
 348      8D49C63A 
 348      93B62676 
 348      26E9B489 
 349 0029 A44D6BD2 		.ascii	"\244Mk\322\226\360XeS^\201%\217\376u\021\0045\274|\241"
 349      96F05865 
 349      535E8125 
 349      8FFE7511 
 349      0435BC7C 
 350 003e 80114104 		.ascii	"\200\021A\004\242\362PT\212\274V@`\001u\025A\345%\022"
 350      A2F25054 
 350      8ABC5640 
 350      60017515 
 350      41E52512 
 351 0052 15D42824 		.ascii	"\025\324($\212\217 n\277s\316\275\313\275\273\213I\274"
 351      8A8F206E 
 351      BF73CEBD 
 351      CBBDBB8B 
 351      49BC
 352 0064 F2EDBDE7 		.ascii	"\362\355\275\347\334\357\361\373~\347;\347\334\243'"
ARM GAS  /tmp/ccoIY92f.s 			page 27


 352      DCEFF1FB 
 352      7EE73BE7 
 352      DCA327
 353 0073 075CE43C 		.ascii	"\007\\\344<\216\013\3479\256S\3408;^^\034\307\235F!"
 353      8E0BE739 
 353      AE53E038 
 353      3B5E5E1C 
 353      C79D4621 
 354 0087 F7D5288D 		.ascii	"\367\325(\215(-(\255(m(\035(\303(\327Q\336\347\330E"
 354      282D28AD 
 354      286D281D 
 354      28C328D7 
 354      51DEE7D8 
 355 009c 74EFA04C 		.ascii	"t\357\240L\241\330Q<\200\343|Q\364(\363P^@1\240\340"
 355      A1D8513C 
 355      80E37C51 
 355      F428F350 
 355      5E4031A0 
 356 00b1 1FF77BE0 		.ascii	"\037\367{\340T\3275l\373\341}6\312\\)\226\034\227\304"
 356      54D7356C 
 356      FBE17D36 
 356      CA5C2996 
 356      1C97C4
 357 00c4 7807DF2F 		.ascii	"x\007\337/\005\026\363\022\321Gy\033\333+Pn\3433\302"
 357      0516F312 
 357      D147791B 
 357      DB2B506E 
 357      E333C2
 358 00d7 E6FA5046 		.ascii	"\346\372PFP\376$\305\270\303\271^\223Nq&\2458\255\212"
 358      50FE24C5 
 358      B8C3B95E 
 358      934E7126 
 358      A538AD8A 
 359 00eb 38AFBA89 		.ascii	"8\257\272\211\363g\224\207Nq\336\224\342L\271\211c'"
 359      F3679487 
 359      4E71DE94 
 359      E24CB989 
 359      6327
 360 00fd 79CF1067 		.ascii	"y\317\020g%7\355\237\344\331\216\202\324s\203(\0279"
 360      2537ED9F 
 360      E4D98E82 
 360      D4738328 
 360      1739
 361 010f E6D3EEC6 		.ascii	"\346\323\356\306\2477\317|9s\324&\371$cbR\344\261D\221"
 361      A737CF7C 
 361      3973D426 
 361      F9246362 
 361      52E4B144 
 362 0124 0789F117 		.ascii	"\007\211\361\027l\377\035\246s\372\007\212\006\305C"
 362      6CFF1DA6 
 362      73FA078A 
 362      06C543
 363 0133 115BCEED 		.ascii	"\021[\316\355-`\230<\244qs\276\374y\367<\3125A\342\277"
 363      2D60983C 
 363      A47173BE 
 363      FC79F73C 
 363      CA3541E2 
ARM GAS  /tmp/ccoIY92f.s 			page 28


 364 0148 8CA275E2 		.ascii	"\214\242u\342q%\212\027\250y\374\243\024K/\325\213\363"
 364      71258A17 
 364      A879FCA3 
 364      144B2FD5 
 364      8BF3
 365 015a 356F8658 		.ascii	"5o\206X$g\342\377Y'>\337G\037>\300rnu\342\366qq~)\305"
 365      2467E2FF 
 365      59273EDF 
 365      471F3EC0 
 365      726E75E2 
 366 0174 0957C492 		.ascii	"\011W\304\222\363\351\220\374\177\200v\313%\337\377"
 366      F3E990FC 
 366      7F8076CB 
 366      25DFFF
 367 0183 0456FB24 		.ascii	"\004V\373$\346B\302%\336\373\245\274.J1I\274y\217\251"
 367      E642C225 
 367      DEFBA5BC 
 367      2E4A3149 
 367      BC798FA9 
 368 0197 FBF53CCB 		.ascii	"\373\365<\313\341U\211\257%R\235\223\334\226K\374\375"
 368      E15589AF 
 368      25529D93 
 368      DC964BFC 
 368      FD
 369 01a8 0EEF6FA0 		.ascii	"\016\357o\240\374\006\3455\224e(\257K\343f\227\362\231"
 369      FC06E535 
 369      946528AF 
 369      4BE36697 
 369      F299
 370 01ba 92C6CA5D 		.ascii	"\222\306\312]\315o\023`p\315\227\367}\322\005\230\255"
 370      CD6F1360 
 370      70CD97F7 
 370      7DD20598 
 370      AD
 371 01cb 070D36B7 		.ascii	"\007\0156\267\264\037\262\352\2619W\017\013\260i\031"
 371      B41FB2EA 
 371      B139570F 
 371      0BB06919 
 372 01db 4A7B2060 		.ascii	"J{ `\363Y=\330\001\333\255c7\317\002k\023\343=m\373"
 372      F3593DD8 
 372      01DBAD63 
 372      37CF026B 
 372      13E33D6D 
 373 01f0 BB74024F 		.ascii	"\273t\002O\237\253\216\177\375\271\241Td\227g4\007\365"
 373      9FAB8E7F 
 373      FDB9A154 
 373      64976734 
 373      07F5
 374 0202 204C87F9 		.ascii	" L\207\371*\257\244\331WXF5\277*l\352\364\326\257\023"
 374      2AAFA4D9 
 374      57584635 
 374      BF2A6CEA 
 374      F4D6AF13 
 375 0216 C535A2B8 		.ascii	"\3055\242\270;I\230\317\301\313\376\260\310\237\003"
 375      3B4998CF 
 375      C1CBFEB0 
 375      C89F03
ARM GAS  /tmp/ccoIY92f.s 			page 29


 376 0225 0B50CF0D 		.ascii	"\013P\317\015`\200:\360\207Z\360'\352W\357UO\362>\033"
 376      60803AF0 
 376      875AF027 
 376      EA57EF55 
 376      4FF23E1B 
 377 0239 88FAAE44 		.ascii	"\210\372\256D\321\353-8\006z\250\301\367G\361=\007\215"
 377      D1EB2D38 
 377      067AA8C1 
 377      F747F13D 
 377      078D
 378 024b E0C3B11B 		.ascii	"\340\303\261\033\352\326&O\325\353\020\337J\304\213"
 378      EAD6264F 
 378      D5EB10DF 
 378      4AC48B
 379 025a D72C05E4 		.ascii	"\327,\005\344\225\014r\341\203\261*\037\341-\372\334"
 379      950C72E1 
 379      83B12A1F 
 379      E12DFADC 
 380 026a 3DB62D85 		.ascii	"=\266-\205g@\250g\316\341\026\216\003\265 P\232\261"
 380      6740A867 
 380      CEE1168E 
 380      03B52050 
 380      9AB1
 381 027c AF89F4B5 		.ascii	"\257\211\364\265\200\036\215n\234\262T:\320\213\217"
 381      801E8D6E 
 381      9CB2543A 
 381      D08B8F
 382 028b 470FADD4 		.ascii	"G\017\255\324\344\321\341\234\022\2152\203VU\006m,\203"
 382      E4D1E19C 
 382      128D3283 
 382      5655066D 
 382      2C83
 383 029d 369A4155 		.ascii	"6\232AU]o\206\037q/J\272\263\225\252V\320s`\360\307"
 383      5D6F861F 
 383      712F4ABA 
 383      B395AA56 
 383      D07360F0 
 384 02b2 3F823FBD 		.ascii	"?\202?\275\373d\2510;\2232\236(.\003\352\227\241\341"
 384      FB64A930 
 384      3B93329E 
 384      282E03EA 
 384      97A1E1
 385 02c5 A01D6633 		.ascii	"\240\035f3}\312\177^\312\332f\025\004|\255\360\333\301"
 385      7DCA7F5E 
 385      CADA6615 
 385      047CADF0 
 385      DBC1
 386 02d7 20745008 		.ascii	" tP\010\015\366\254\006\015+\011Ol\026'\325\\\360\022"
 386      0DF6AC06 
 386      0D2B094F 
 386      6C1627D5 
 386      5CF012
 387 02ea 5650C6EE 		.ascii	"VP\306\356\354>\367\235Fx\217>\367\255=\220\016s6J#"
 387      EC3EF79D 
 387      46788F3E 
 387      F7AD3D90 
 387      0E73364A 
ARM GAS  /tmp/ccoIY92f.s 			page 30


 388 02ff 2E02AB5F 		.ascii	".\002\253_8\005s\010\007\322\270g\227WW\372\012\037"
 388      38057308 
 388      07D2B867 
 388      975757FA 
 388      0A1F
 389 0311 50836B3D 		.ascii	"P\203k=\245\0274\316\006`C\332\3246-\305\233\015J\250"
 389      A51734CE 
 389      066043DA 
 389      D4362DC5 
 389      9B0D4AA8 
 390 0325 A7F1ED34 		.ascii	"\247\361\3554\3243\024*\252m\264\027\236\365\022b\250"
 390      D433142A 
 390      AA6DB417 
 390      9EF51262 
 390      A8
 391 0336 EBD1940B 		.ascii	"\353\321\224\013\337x\010f\372<\2345z\311\333%\314Y"
 391      DF780866 
 391      FA3C9C35 
 391      7AC9DB25 
 391      CC59
 392 0348 0CD3AD0A 		.ascii	"\014\323\255\012\223\331\321\235\305\313zI3\353\225"
 392      93D9D19D 
 392      C5CB7A49 
 392      33EB95
 393 0357 A55AB3B5 		.ascii	"\245Z\263\265J<=*<\347d<\371\335\2665\300h{\012\233"
 393      4A3C3D2A 
 393      3CE7643C 
 393      F9DDB635 
 393      C0687B0A 
 394 036c A5F691DC 		.ascii	"\245\366\221\334Yl&\211d\352\344\215\357\037\327\013"
 394      596C2689 
 394      64EAE48D 
 394      EF1FD70B 
 395 037c 6940307A 		.ascii	"i@0z\0244\357,\367\201\200\2009\001\001\005\304\261"
 395      1434EF2C 
 395      F7818080 
 395      39010105 
 395      C4B1
 396 038e E5D4DE5F 		.ascii	"\345\324\336_\344\264$\213\231\307\200$\010'\021\305"
 396      E4B4248B 
 396      99C78024 
 396      082711C5 
 397 039e 802A8C81 		.ascii	"\200*\214\201\374\324\220Gfp2g\356\236D\261\355C\022"
 397      FCD49047 
 397      66703267 
 397      EE9E44B1 
 397      ED4312
 398 03b1 1FBADCAB 		.ascii	"\037\272\334\253\277\204?4?R\"\240\341\340\002\276?"
 398      BF843F34 
 398      3F5222A0 
 398      E1E002BE 
 398      3F
 399 03c2 4FDF0FB0 		.ascii	"O\337\017\260\024\241\037\002\240\017\345\"\312 \004"
 399      14A11F02 
 399      A00FE522 
 399      CA2004
 400 03d1 909499FF 		.ascii	"\220\224\231\377\236\034m\216hI\322\222\252\207^\027"
ARM GAS  /tmp/ccoIY92f.s 			page 31


 400      9E1C6D8E 
 400      6849D292 
 400      AA875E17 
 401 03e1 FF9DA0C4 		.ascii	"\377\235\240\304#\212\026\013l\377\220\026\325\011I"
 401      238A160B 
 401      6CFF9016 
 401      D50949
 402 03f0 57AE43A6 		.ascii	"W\256C\246I\240\220\005\243\350\374v\275\320JI\200C"
 402      49A09005 
 402      A3E8FC76 
 402      BDD04A49 
 402      8043
 403 0402 CD3BE57A 		.ascii	"\315;\345zp\006\010C\222\227\0310\242uoQ\322\270\252"
 403      70060843 
 403      92971930 
 403      A2756F51 
 403      D2B8AA
 404 0415 A22FA900 		.ascii	"\242/\251\000\016\263\212\036\246\025=\231\321\337!"
 404      0EB38A1E 
 404      A6153D99 
 404      D1DF21
 405 0424 08032CEC 		.ascii	"\010\003,\354@\331x\023\357R\037_c\300\313\252q\037"
 405      40D97813 
 405      EF521F5F 
 405      63C0CBAA 
 405      711F
 406 0436 BF98D6E8 		.ascii	"\277\230\326\350\343R\037\256z\275[\217\210\036J WT"
 406      E3521FAE 
 406      7ABD5B8F 
 406      881E4A20 
 406      5754
 407 0448 40AE4AF5 		.ascii	"@\256J\365\301\347\324=,\327C\300\034\306\357X\375+"
 407      C1E7D43D 
 407      2CD743C0 
 407      1CC6EF58 
 407      FD2B
 408 045a 3907AF89 		.ascii	"9\007\257\211\342\246\371D\203\216\340\350cF\020=S\202"
 408      E2A6F944 
 408      838EE0E8 
 408      6346103D 
 408      5382
 409 046c A6DF8F4A 		.ascii	"\246\337\217J\354\2148\030\331xz\355\025\011\260\263"
 409      EC8C3818 
 409      D9787AED 
 409      1509B0B3 
 410 047c 3A9D65AE 		.ascii	":\235e\256\026)\217\216\346\253\226\326k*\010\327\031"
 410      16298F8E 
 410      E6AB96D6 
 410      6B2A08D7 
 410      19
 411 048d 87D72987 		.ascii	"\207\327)\207\371\003C\015^\227p\020\310\306\005p\036"
 411      F903430D 
 411      5E977010 
 411      C8C60570 
 411      1E
 412 049e F76AF28F 		.ascii	"\367j\362\217\3740f\310\035\3103\021\273|\001\271$="
 412      FC3066C8 
ARM GAS  /tmp/ccoIY92f.s 			page 32


 412      1DC83311 
 412      BB7C01B9 
 412      243D
 413 04b0 4EDAEAE4 		.ascii	"N\332\352\344>v\223\177X\037/y\341\245\275\003\230\015"
 413      3E76937F 
 413      581F2F79 
 413      E1A5BD03 
 413      980D
 414 04c2 F34E9B0A 		.ascii	"\363N\233\012\327\354=H\357e'\314@^\217dC\251\213\227"
 414      D7EC3D48 
 414      EF6527CC 
 414      405E8F64 
 414      43A98B97 
 415 04d6 C2292DC0 		.ascii	"\302)-\300\005\361\264C\316\341T\276\300\261\251\355"
 415      05F1B443 
 415      CEE154BE 
 415      C0B1A9ED 
 416 04e6 9C4ACBF3 		.ascii	"\234J\313\363\033\206\241\004d\274\"\367\300\213\034"
 416      1B86A104 
 416      64BC22F7 
 416      C08B1C
 417 04f5 CCCB5CC0 		.ascii	"\314\313\\\300\321\"\353\332[\033.4\260\235\261\272"
 417      D122EBDA 
 417      5B1B2E34 
 417      B09DB1BA 
 418 0505 6C6B8FA0 		.ascii	"lk\217\240\301\204\350\\\212\327\320E\305v\177+\320"
 418      C184E85C 
 418      8AD7D045 
 418      C5767F2B 
 418      D0
 419 0516 3EDCB8E0 		.ascii	">\334\270\340\026\320N\333@\3611-\355\\\355\003c\254"
 419      16D04EDB 
 419      40F1312D 
 419      ED5CED03 
 419      63AC
 420 0528 2FF97866 		.ascii	"/\371xf\215/[Ux\305\"3\227-2\031\342\226$\3753[\351"
 420      8D2F5B55 
 420      78C52233 
 420      972D3219 
 420      E29624FD 
 421 053f 144A149F 		.ascii	"\024J\024\237\342i\204\357p\000\277\245\003x\033\236"
 421      E26984EF 
 421      7000BFA5 
 421      03781B9E 
 422 054f E1601C34 		.ascii	"\341`\0344\014\356\232\336}\015\263\236\337%Z\206D\213"
 422      0CEE9ADE 
 422      7D0DB39E 
 422      DF255A86 
 422      448B
 423 0561 FDFCAFEE 		.ascii	"\375\374\257\3566%\21364\\F\365\340&V\210T\324\344\231"
 423      36258B36 
 423      345C46F5 
 423      E0265688 
 423      54D4E499 
 424 0575 836F70F2 		.ascii	"\203op\362\300\015\234V\330q\007\236'[i\335\216\346"
 424      C00D9C56 
 424      D871079E 
ARM GAS  /tmp/ccoIY92f.s 			page 33


 424      275B69DD 
 424      8EE6
 425 0587 59C214CB 		.ascii	"Y\302\024\313\312zjC\242\037\005\333\352\310j\357\206"
 425      CA7A6A43 
 425      A21F05DB 
 425      EAC86AEF 
 425      86
 426 0598 CA421F39 		.ascii	"\312B\0379\201\273,\201\211c;ld7\321\262-Y\207]=\333"
 426      81BB2C81 
 426      89633B6C 
 426      6437D1B2 
 426      2D59875D 
 427 05ae 5A97B01E 		.ascii	"Z\227\260\036\002\3743\3549\227\332\325\247\025\326"
 427      02FC33EC 
 427      3997DAD5 
 427      A715D6
 428 05bd 08D4F3F7 		.ascii	"\010\324\363\367\331\017\017x+\266@E\031\177\017\324"
 428      D90F0F78 
 428      2BB64045 
 428      197F0FD4 
 429 05cd 8C54F103 		.ascii	"\214T\361\003\354\273\317\276\020\232s\353;\275\225"
 429      ECBBCFBE 
 429      109A73EB 
 429      3BBD95
 430 05dc 2C4CAA58 		.ascii	",L\252XxHX\270'\263\320\327\271\255\004$\026Z\262\237"
 430      784858B8 
 430      27B3D0D7 
 430      B9AD0424 
 430      165AB29F 
 431 05f0 CD4F144B 		.ascii	"\315O\024K\320n\001\321\202\011\005\007\023\316\034"
 431      D06E01D1 
 431      82090507 
 431      13CE1C
 432 05ff 4C510EF2 		.ascii	"LQ\016\362\033o\324\315\022\3261\244\275\353\327\247"
 432      1B6FD4CD 
 432      12D631A4 
 432      BDEBD7A7 
 433 060f EB245FDF 		.ascii	"\353$_\337\377\014\327K\374&\020y\352\352\221\302\325"
 433      FF0CD74B 
 433      FC261079 
 433      EAEA91C2 
 433      D5
 434 0620 23675776 		.ascii	"#gWv\352\252\245o\344\201V\310\020f,\222\202\352\222"
 434      EAAAA56F 
 434      E48156C8 
 434      10662C92 
 434      82EA92
 435 0633 5BAC48F0 		.ascii	"[\254H\360\333\000\022xV\020\217\356_up\274\206\365"
 435      DB001278 
 435      56108FEE 
 435      5F7570BC 
 435      86F5
 436 0645 4D54744C 		.ascii	"MTtL\370\315\\\006I<\022\220\310K\004|y\360\213\"o\231"
 436      F8CD5C06 
 436      493C1290 
 436      C84B047C 
 436      79F08B22 
ARM GAS  /tmp/ccoIY92f.s 			page 34


 437 065b 807B8203 		.ascii	"\200{\202\0035j\201\310O\243\306g5\352\265<A=\\\323"
 437      356A81C8 
 437      4FA3C667 
 437      35EAB53C 
 437      413D5CD3 
 438 066f 39AA15B2 		.ascii	"9\252\025\262\030\352\244\341}k=\205\002\326(\333?Y"
 438      18EAA4E1 
 438      7D6B3D85 
 438      02D628DB 
 438      3F59
 439 0681 A19791B1 		.ascii	"\241\227\221\261\014R6\357\237\322\314<2\353\011\260"
 439      0C5236EF 
 439      9FD2CC3C 
 439      32EB09B0 
 440 0691 7532B0D2 		.ascii	"u2\260\322\211[MZ\011\330-yd2\027\020-HQ\000Kq\002\366"
 440      895B4D5A 
 440      09D82D79 
 440      64321710 
 440      2D485100 
 441 06a9 44A15349 		.ascii	"D\241SI\350/\344\320}\207Z-\362@\332\022xR\021\213\210"
 441      E82FE4D0 
 441      7D875A2D 
 441      F240DA12 
 441      7852118B 
 442 06be 0A243BE2 		.ascii	"\012$;\342\302\006\376y\322Ts\222F9\351m|x\303W(f4\214"
 442      C206FE79 
 442      D2547392 
 442      4639E96D 
 442      7C78C357 
 443 06d6 5E16EB7C 		.ascii	"^\026\353|)\026\262\223303|+e\362\312\215\304\326\272"
 443      2916B293 
 443      3330337C 
 443      2B65F2CA 
 443      8DC4D6BA 
 444 06ea E745977D 		.ascii	"\347E\227}\211l\204j\265\207#}\270f(\026\355\215\274"
 444      896C846A 
 444      B587237D 
 444      B8662816 
 444      ED8DBC
 445 06fd 72D1DEC4 		.ascii	"r\321\336\304K\337#\011\271\223\351\014\007vA\006\253"
 445      4BDF2309 
 445      B993E90C 
 445      07764106 
 445      AB
 446 070e 94ABFD49 		.ascii	"\224\253\375I\243\036JV\302\237V\220\262\205\220\262"
 446      A31E4A56 
 446      C29F5690 
 446      B28590B2 
 447 071e 59266570 		.ascii	"Y&ep\373!+Y/\206\220\224\301\235>\216BA-HW\214G\272"
 447      FB212B59 
 447      2F869094 
 447      C19D3E8E 
 447      42412D48 
 448 0736 33295B29 		.ascii	"3)[))\271{k*\265\302aF\312\211\362k_h\205Z\326\250\310"
 448      29B97B6B 
 448      2AB5C261 
 448      46CA89F2 
ARM GAS  /tmp/ccoIY92f.s 			page 35


 448      6B5F6885 
 449 074e BDDAAE43 		.ascii	"\275\332\256Cd\260\215\027X\250\212\004K\261\257p\214"
 449      64B08D17 
 449      58A88A04 
 449      4BB1AF70 
 449      8C
 450 075f BD2ED8B3 		.ascii	"\275.\330\263\363\214\027y\235M\034og\300\335\315\217"
 450      F38C1779 
 450      9D4D1C6F 
 450      67C0DDCD 
 450      8F
 451 0770 D3C59B76 		.ascii	"\323\305\233v\363\264\317\344\003\271Lo\323\255Z\253"
 451      F3B4CFE4 
 451      03B94C6F 
 451      D3AD5AAB 
 452 0780 A31276B0 		.ascii	"\243\022v\260\276\236\304\324\273~\317Y\205<\321\223"
 452      BE9EC4D4 
 452      BB7ECF59 
 452      853CD193 
 453 0790 46ABCBBE 		.ascii	"F\253\313\276V\251\241:;\371\347h\317\335\341\264\315"
 453      56A9A13A 
 453      3BF9E768 
 453      CFDDE1B4 
 453      CD
 454 07a1 3AA183C5 		.ascii	":\241\203\305\3776\357v\021Y\206a\027&\231G\330 _\276"
 454      FF36EF76 
 454      11598661 
 454      17269947 
 454      D8205FBE 
 455 07b5 FDD9B51E 		.ascii	"\375\331\265\036B\027\323\330\267\255\320F\023( \010"
 455      4217D3D8 
 455      B7ADD046 
 455      13282008 
 456 07c5 F359948B 		.ascii	"\363Y\224\213\303\033\316\352\224\324\""
 456      C31BCEEA 
 456      94D422
 457 07d0 00895A40 		.ascii	"\000\211Z@\230\034\024\022v\277\224\331m\334e\277\347"
 457      981C1412 
 457      76BF94D9 
 457      6DDC65BF 
 457      E7
 458 07e1 4BD8C5AA 		.ascii	"K\330\305\252\2738\371\333\315M\311\026\\\215\205\212"
 458      BB38F9DB 
 458      CD4DC916 
 458      5C8D858A 
 459 07f1 9F133DC8 		.ascii	"\237\023=\310\222\371\205\034b\232\305\263\263\024\354"
 459      92F9851C 
 459      629AC5B3 
 459      B314EC
 460 0800 A1D49657 		.ascii	"\241\324\226W\325\246y\010\325\232\031\330T\023X\374"
 460      D5A67908 
 460      D59A19D8 
 460      541358FC 
 461 0810 63087C5F 		.ascii	"c\010|_\017_\271!p/\353s\313\210\232\204\375?LB)\311"
 461      0F5FB921 
 461      702FEB73 
 461      CB889A84 
ARM GAS  /tmp/ccoIY92f.s 			page 36


 461      FD3F4C42 
 462 0826 A48C90B0 		.ascii	"\244\214\220\260O&!\313:5\250\227Hh/\0242\267\210C\242"
 462      4F2621CB 
 462      3A35A897 
 462      48682F14 
 462      32B78843 
 463 083b 78D98F68 		.ascii	"x\331\217hA\221\203\202\022bX$SPN)(=\222\232\253c\373"
 463      41918382 
 463      12625824 
 463      53504E29 
 463      283D929A 
 464 0852 E27C6CB6 		.ascii	"\342|l\266\333\276\033\367a\373\242\205|m\227\017\024"
 464      DBBE1BF7 
 464      61FBA285 
 464      7C6D970F 
 464      14
 465 0863 ACF3152C 		.ascii	"\254\363\025,\214\241J[\355m\275r\306\220\025ez\306"
 465      8CA14A5B 
 465      ED6DBD72 
 465      C6901565 
 465      7AC6
 466 0875 54CA33C6 		.ascii	"T\3123\306>v{\320GhfFG\254G\357y)\215\310\252>mtX6\272"
 466      3E767BD0 
 466      47686646 
 466      47AC47EF 
 466      79298DC8 
 467 0890 957C74C0 		.ascii	"\225|t\300OhcF\315\215\347FT\337\202I\252HU\262Q\367"
 467      4F686346 
 467      CD8DE746 
 467      54DF8249 
 467      AA4855B2 
 468 08a6 48F55D6F 		.ascii	"H\365]o\341\0043\272\223y\275J5\241o\253\"U\313FegF"
 468      E10433BA 
 468      9379BD4A 
 468      35A16FAB 
 468      2255CB46 
 469 08bd 2778A18B 		.ascii	"'x\241\213\031%\0368pF#|M\033\272u\0119Y<;NL\037(^\333"
 469      19251E38 
 469      7046237C 
 469      4D1BBA75 
 469      0939593C 
 470 08d8 2E1D2810 		.ascii	".\035(\020*\034B2\353\371\231\277\340\321\302\006x\232"
 470      2A1C4232 
 470      EBF999BF 
 470      E0D1C206 
 470      789A
 471 08ea 40847064 		.ascii	"@\204pd\006]\227\343\304\001\336\037*x\177vh\252g\213"
 471      065D97E3 
 471      C401DE1F 
 471      2A787F76 
 471      68AA678B 
 472 08fe 1434F001 		.ascii	"\0244\360\001\320\210R\207R\213bA9\306+N\0264\016\251"
 472      D0885287 
 472      528B6241 
 472      39C62B4E 
 472      16340EA9 
 473 0912 C1A32E71 		.ascii	"\301\243.q\034\337\274\012M\034\0358\350\242y\036\334"
ARM GAS  /tmp/ccoIY92f.s 			page 37


 473      1CDFBC0A 
 473      4D1C1D38 
 473      E8A2791E 
 473      DC
 474 0923 A892446B 		.ascii	"\250\222DkfPuN\024Y\205\377\271\007@U\221\342{\366\211"
 474      6650754E 
 474      145985FF 
 474      B9074055 
 474      91E27BF6 
 475 0938 0E6FF97C 		.ascii	"\016o\371|\222\364D\031\223\377Q\231*I\365za\267h\263"
 475      92F44419 
 475      93FF5199 
 475      2A49F57A 
 475      61B768B3 
 476 094c D0AFAE1D 		.ascii	"\320\257\256\035\265kEq6\340\011\204~\363\023{\331)"
 476      B56B4571 
 476      36E00984 
 476      7EF3137B 
 476      D929
 477 095e 477BFE4D 		.ascii	"G{\376M\246^3\377\002\232\366\333o^\366c5>\227\234\237"
 477      A65E33FF 
 477      029AF6DB 
 477      6F5EF663 
 477      353E979C 
 478 0973 5B72AFFA 		.ascii	"[r\257\372\262\032\337\2055\256\315o\272\260[#\215\272"
 478      B21ADF85 
 478      35AECD6F 
 478      BAB05B23 
 478      8DBA
 479 0985 7CA808C8 		.ascii	"|\250\010\310v\032t\353O\030tw\272.\203\336\202h\217"
 479      761A74EB 
 479      4F187477 
 479      BA2E83DE 
 479      82688F
 480 0998 130AC849 		.ascii	"\023\012\310I\310*Q\320\216)w\242\264\241\264\242t\314"
 480      C82A51D0 
 480      8E2977A2 
 480      B4A1B4A2 
 480      74CC
 481 09aa 38E0D61F 		.ascii	"8\340\326\037=\340\326\037\036py\020\3358\225\007\361"
 481      3DE0D61F 
 481      1E707910 
 481      DD389507 
 481      F1
 482 09bb A6F5CA0D 		.ascii	"\246\365\312\015\215z\020\177J\006\350\241>5\363\234"
 482      8D7A107F 
 482      4A06E8A1 
 482      3E35F39C 
 483 09cb EA907442 		.ascii	"\352\220tB\025\355$\235\236\344\206\272\0359UfY5i\206"
 483      15ED249D 
 483      9EE486BA 
 483      1D395566 
 483      59356986 
 484 09df 990CA7A8 		.ascii	"\231\014\247\250\352\311\315]E\274R\327\335\372\002"
 484      EAC9CD5D 
 484      45BC52D7 
 484      DDFA02
ARM GAS  /tmp/ccoIY92f.s 			page 38


 485 09ee 36AA3BD5 		.ascii	"6\252;\325\331T\355\255\204P\250ZVN3\335\323T\327\335"
 485      D954EDAD 
 485      8450A85A 
 485      564E33DD 
 485      D354D7DD 
 486 0a02 3A7F77CF 		.ascii	":\177w\317\344a\235l\237\200\366\037=\25507I\353\313"
 486      E4619D6C 
 486      9F80F61F 
 486      3DAD3037 
 486      49EBCB
 487 0a15 586AC323 		.ascii	"Xj\303#v\374\350B^\317\360\356M\303\225\246\270\272"
 487      76FCE842 
 487      5ECFF0EE 
 487      4DC395A6 
 487      B8BA
 488 0a27 D3251A15 		.ascii	"\323%\032\025\017\366V7\261\363@7Z\237e\326\033\322"
 488      0FF65637 
 488      B1F34037 
 488      5A9F65D6 
 488      1BD2
 489 0a39 CA333C1F 		.ascii	"\3123<\037\267'\236#\333A\017\335\016\3103Y\015\257"
 489      B7279E23 
 489      DB410FDD 
 489      0EC83359 
 489      0DAF
 490 0a4b 575EF156 		.ascii	"W^\361V\362\342n\011\205\3634\327\023E-\353\275\224"
 490      F2E26E09 
 490      85F334D7 
 490      13452DEB 
 490      BD94
 491 0a5d BAEE1676 		.ascii	"\272\356\026v\270@u]6\201T\225n/\323\355\245\272\227"
 491      B840755D 
 491      36815495 
 491      6E2FD3ED 
 491      A5BA97
 492 0a70 320ACFFA 		.ascii	"2\012\317\372*u\233TC\336\307t\373\334\217M\231\312"
 492      2A759B54 
 492      43DEC774 
 492      FBDC8F4D 
 492      99CA
 493 0a82 6F3FD325 		.ascii	"o?\323%\267W\026.4\340\337\177\214\261Q\306\010\303"
 493      B757162E 
 493      34E0DF7F 
 493      8CB151C6 
 493      08C3
 494 0a94 F2705388 		.ascii	"\362pS\210i\305\273\206\3508Cxp\204!\302\024b\2103\307"
 494      69C5BB86 
 494      E8384378 
 494      708421C2 
 494      14628833 
 495 0aa9 1A8323E3 		.ascii	"\032\203#\343\014!\361\253\244\307\205\241\236o\276"
 495      0C21F1AB 
 495      A4C785A1 
 495      9E6FBE
 496 0ab8 F3B705CB 		.ascii	"\363\267\005\313\227.\345t\361\246(\363\257\203\314"
 496      972EE574 
 496      F1A628F3 
ARM GAS  /tmp/ccoIY92f.s 			page 39


 496      AF83CC
 497 0ac7 DA38D37F 		.ascii	"\3328\323\177\215xC\245U\306XMH\\\\\314\3347\202\343"
 497      8D7843A5 
 497      55C6584D 
 497      485C5CCC 
 497      DC3782E3 
 498 0adb 8CEF1A3F 		.ascii	"\214\357\032?\2167F\231M\301\021\357R[\341\223H\363"
 498      8E374699 
 498      4DC111EF 
 498      525BE193 
 498      48F3
 499 0aed FC37A892 		.ascii	"\3747\250\2221\214u\275\036\026\034c6\306\276\367\366"
 499      318C75BD 
 499      1E161C63 
 499      36C6BEF7 
 499      F6
 500 0afe 5F85A8B0 		.ascii	"_\205\250\260\317^}\0028\341\334<\267.\237q\207\000"
 500      CF5E7D02 
 500      38E1DC3C 
 500      B72E9F71 
 500      8700
 501 0b10 E32C7E5C 		.ascii	"\343,~\\\014SThD|\230\221<\007M\007\340_\341<\203c#"
 501      0C535468 
 501      447C9891 
 501      3C074D07 
 501      E05FE13C 
 502 0b27 3F591218 		.ascii	"?Y\022\030\311\351C\243c\315\306\317\002#_\346tA\237"
 502      C9E943A3 
 502      63CDC6CF 
 502      02235FE6 
 502      74419F
 503 0b3a C69ACCC6 		.ascii	"\306\232\314\306\270'A\035\312i\202b\342\315\036\221"
 503      B827411D 
 503      CA698262 
 503      E2CD1E91 
 504 0b4a 71AB91B8 		.ascii	"q\253\221\270\240\370\250\325F\274\341\273\2608\357"
 504      A0F8A8D5 
 504      46BCE1BB 
 504      B038EF
 505 0b59 207C5E18 		.ascii	" |^\030\023\034k^\270HC\236}C\342\202W\204|d\0145\377"
 505      131C6B5E 
 505      B848439E 
 505      7D43E282 
 505      57847C64 
 506 0b70 21CA64D6 		.ascii	"!\312d\326F\032#Cc>\327D\030\203W\351\242\242\315\341"
 506      461A2343 
 506      633ED744 
 506      188357E9 
 506      A2A2CDE1 
 507 0b84 B1D19FC2 		.ascii	"\261\321\237\302K\272UQ\013\342b\214\241\330\023\025"
 507      4BBA5551 
 507      0BE2628C 
 507      A1D81315 
 508 0b94 151F11F1 		.ascii	"\025\037\021\361/Cxt\244\321\020c2\033V\207\206\006"
 508      2F437874 
 508      A4D11063 
 508      321B5687 
ARM GAS  /tmp/ccoIY92f.s 			page 40


 508      8606
 509 0ba6 22FA4063 		.ascii	"\"\372@cd\2101,\314\030\346\350@Uc\24018\304\024\270"
 509      6488312C 
 509      CC18E6E8 
 509      405563A0 
 509      3138C414 
 510 0bbb 3470F1A2 		.ascii	"4p\361\242\305\213\002?^\034\030\037\023\026l6\032T"
 510      C58B023F 
 510      5E1C181F 
 510      13166C36 
 510      1A54
 511 0bcd AF1DAC20 		.ascii	"\257\035\254 xS\324j$\204`\2103\232\005\004'`\026\032"
 511      7853D46A 
 511      24846088 
 511      339A0504 
 511      2760161A 
 512 0be1 82DB8392 		.ascii	"\202\333\203\2221\313\024\025g\016\216\0125\006E\257"
 512      31CB1415 
 512      670E8E0A 
 512      350645AF 
 513 0bf1 5A852A1E 		.ascii	"Z\205*\0364\263\377\003\032@ \264"
 513      34B3FF03 
 513      1A4020B4 
 514              		.text
 515              		.section	.gnu.lto_.symtab.87832668611a9f86,"e",%progbits
 516 0000 6273614F 		.ascii	"bsaObjectInit\000"
 516      626A6563 
 516      74496E69 
 516      7400
 517 000e 00       		.ascii	"\000"
 518 000f 00       		.ascii	"\000"
 519 0010 00       		.ascii	"\000"
 520 0011 00000000 		.ascii	"\000\000\000\000\000\000\000\000"
 520      00000000 
 521 0019 15010000 		.ascii	"\025\001\000\000"
 522              		.text
 523              		.section	.gnu.lto_.opts,"e",%progbits
 524 0000 272D666E 		.ascii	"'-fno-openmp' '-fno-openacc' '-fno-pie' '-mcpu=cort"
 524      6F2D6F70 
 524      656E6D70 
 524      2720272D 
 524      666E6F2D 
 525 0033 65782D6D 		.ascii	"ex-m3' '-mthumb' '-mfloat-abi=soft' '-march=armv7-m"
 525      33272027 
 525      2D6D7468 
 525      756D6227 
 525      20272D6D 
 526 0066 2720272D 		.ascii	"' '-O2' '-fstack-usage' '-ffunction-sections' '-fda"
 526      4F322720 
 526      272D6673 
 526      7461636B 
 526      2D757361 
 527 0099 74612D73 		.ascii	"ta-sections' '-fno-common' '-flto' '-fshort-enums'\000"
 527      65637469 
 527      6F6E7327 
 527      20272D66 
 527      6E6F2D63 
ARM GAS  /tmp/ccoIY92f.s 			page 41


 528              		.text
 529              		.comm	__gnu_lto_v1,1,1
 530              		.comm	__gnu_lto_slim,1,1
 531              		.ident	"GCC: (GNU Arm Embedded Toolchain 9-2020-q2-update) 9.3.1 20200408 (release)"
ARM GAS  /tmp/ccoIY92f.s 			page 42


DEFINED SYMBOLS
                            *ABS*:0000000000000000 bufstreams.c
                            *COM*:0000000000000001 __gnu_lto_v1
                            *COM*:0000000000000001 __gnu_lto_slim

NO UNDEFINED SYMBOLS
