ARM GAS  /tmp/cco7Ap3X.s 			page 1


   1              		.cpu cortex-m4
   2              		.eabi_attribute 27, 1
   3              		.eabi_attribute 20, 1
   4              		.eabi_attribute 21, 1
   5              		.eabi_attribute 23, 3
   6              		.eabi_attribute 24, 1
   7              		.eabi_attribute 25, 1
   8              		.eabi_attribute 26, 1
   9              		.eabi_attribute 30, 2
  10              		.eabi_attribute 34, 1
  11              		.eabi_attribute 18, 4
  12              		.file	"alld_TPS6211x.c"
  13              		.section	.gnu.lto_.profile.cb223e1595ecef18,"e",%progbits
  14 0000 789CE360 		.ascii	"x\234\343``\004B \000\000\000]\000\013"
  14      60044220 
  14      0000005D 
  14      000B
  15              		.text
  16              		.section	.gnu.lto_.icf.cb223e1595ecef18,"e",%progbits
  17 0000 789CE360 		.ascii	"x\234\343``d\340c@\000&\206\017S/Nae|\372\370\3465^"
  17      6064E063 
  17      40002686 
  17      0F532F4E 
  17      61657CFA 
  18 0018 060031B3 		.ascii	"\006\0001\263\006\216"
  18      068E
  19              		.text
  20              		.section	.gnu.lto_.jmpfuncs.cb223e1595ecef18,"e",%progbits
  21 0000 789CE360 		.ascii	"x\234\343``dHgb`Hd\200\000&\006&FF\346\372\371\314\014"
  21      60644867 
  21      62604864 
  21      80002606 
  21      264646E6 
  22 0018 40CCC8C2 		.ascii	"@\314\310\302\300\300x\200\205\221\001\210\377\003\001"
  22      C0C07880 
  22      85910188 
  22      FF0301
  23 0027 3F031A9F 		.ascii	"?\003\032\237\221y:3c_\363\373{\034}\314\363\231\231"
  23      91793A33 
  23      635FF3FB 
  23      7B1C7DCC 
  23      F39999
  24 003a 18191877 		.ascii	"\030\031\030w1J\2030\007K\001\262\014#Pf7P\006\256\233"
  24      314A8330 
  24      074B01B2 
  24      0C235066 
  24      375006AE 
  25 004f 9101A4F3 		.ascii	"\221\001\244\363\350\253\307{\231\024\031\3477\314P"
  25      E8ABC77B 
  25      991419E7 
  25      37CC50
  26 005e 98CFCCCC 		.ascii	"\230\317\314\314\300\270\207Q\021\256\342\017\304|\230"
  26      C0B88751 
  26      11AEE20F 
  26      C47C98
  27 006d 8120E5C7 		.ascii	"\201 \345\307~\256\234\306\247(\017Q\316\302\300\270"
  27      7EAE9CC6 
ARM GAS  /tmp/cco7Ap3X.s 			page 2


  27      A7280F51 
  27      CEC2C0B8 
  28 007d 17B77226 		.ascii	"\027\267r&\240\362\027\237\337\254b\005\331\316\312"
  28      A0F2179F 
  28      DFAC6205 
  28      D9CECA
  29 008c 68C7B88F 		.ascii	"h\307\270\217Q\032\254\326\016\244\236\001\315y\300"
  29      511AACD6 
  29      0EA49E01 
  29      CD79C0
  30 009b 3060DC0F 		.ascii	"0`\334\017T@\300y\007Hs\336A\374\316\273wq~<\304u\266"
  30      5440C079 
  30      074873DE 
  30      41FCCEBB 
  30      77717E3C 
  31 00b2 8C87A0AE 		.ascii	"\214\207\240\256\263\005\273\216\021)\012\330\360D\001"
  31      B305BB8E 
  31      11290AD8 
  31      F04401
  32 00c1 232313B2 		.ascii	"##\023\262/\330\201\2768\314(\015\024\332\326\371v%"
  32      2FD881BE 
  32      38CC280D 
  32      14DAD6F9 
  32      7625
  33 00d3 27448891 		.ascii	"'D\210\221\361\01086\210\361\337Q\322\374w\014\277\377"
  33      F1083836 
  33      88F1DF51 
  33      D2FC770C 
  33      BFFF
  34 00e5 DE9FFA15 		.ascii	"\336\237\372\025\011\361\3379\006\306\343P\017\236c"
  34      09F1DF39 
  34      06C6E350 
  34      0F9E63
  35 00f4 00FB9041 		.ascii	"\000\373\220AV\265XC\265T\323J!\261 1\307%)\335\261"
  35      56B55843 
  35      B554D34A 
  35      21B12031 
  35      C72529DD 
  36 0109 B838B5A8 		.ascii	"\2708\265\250D!-13'5\205\301IOO\037\210\012R\2132\013"
  36      44212D31 
  36      33273585 
  36      C1494F4F 
  36      1F880A52 
  37 0120 32528B2A 		.ascii	"2R\213*usrR\364\035}3\203\362u}|\\\364S\2122\313R\213"
  37      75737252 
  37      F41D7D33 
  37      83F2757D 
  37      7C5CF453 
  38 0139 8AF54302 		.ascii	"\212\365C\002\202\315\214\014\015+\364\313\014\365\023"
  38      82CD8C0C 
  38      0D2BF4CB 
  38      0CF513
  39 0148 814AE261 		.ascii	"\201J\342a\002z\311\014\000d\244\312Q"
  39      027AC90C 
  39      0064A4CA 
  39      51
  40              		.text
ARM GAS  /tmp/cco7Ap3X.s 			page 3


  41              		.section	.gnu.lto_.inline.cb223e1595ecef18,"e",%progbits
  42 0000 789C8D8C 		.ascii	"x\234\215\2141\022\2000\010\004\017\022\225F-m}Q\036"
  42      31128030 
  42      08040F12 
  42      95462D6D 
  42      7D511E
  43 0013 A1163E83 		.ascii	"\241\026>\203\3222\317\261\364iB\234\211\226R\300rs"
  43      D232CFB1 
  43      F469429C 
  43      899652C0 
  43      7273
  44 0025 B302C289 		.ascii	"\263\002\302\211w\0304\251\352\021vb\314\004\220\257"
  44      771834A9 
  44      EA117662 
  44      CC0490AF 
  45 0035 D85AA661 		.ascii	"\330Z\246a\003\344\001\266\";\362\212XI\334\020{\327"
  45      03E401B6 
  45      223BF28A 
  45      5849DC10 
  45      7BD7
  46 0047 E48466F0 		.ascii	"\344\204f\360\317\000_$\214\245]\375\342~*\331\002t"
  46      CF005F24 
  46      8CA55DFD 
  46      E27E2AD9 
  46      0274
  47 0059 762FFEE3 		.ascii	"v/\376\343\317\351c\305\015\360\201\037\216"
  47      CFE963C5 
  47      0DF0811F 
  47      8E
  48              		.text
  49              		.section	.gnu.lto_.pureconst.cb223e1595ecef18,"e",%progbits
  50 0000 789CE360 		.ascii	"x\234\343``d`g```b\230\305\3028\223\005\000\005:\001"
  50      60646067 
  50      60606062 
  50      98C5C238 
  50      93050005 
  51 0016 4F       		.ascii	"O"
  52              		.text
  53              		.section	.gnu.lto_tps6211x_lld_get_power_en.cb223e1595ecef18,"e",%progbits
  54 0000 789C8D93 		.ascii	"x\234\215\223YhSA\024\206\347\277so\232\244M\334\327"
  54      59685341 
  54      1486E7BF 
  54      736F9AA4 
  54      4DDCD7
  55 0013 A2A40FA1 		.ascii	"\242\244\017\241\366\301\246U\020\024\024\025}S\021"
  55      F6C1A655 
  55      10141415 
  55      7D5311
  56 0022 F5CD8712 		.ascii	"\365\315\207\022\333\250\201BCR\267''IK\264\025\025"
  56      DBA88142 
  56      4352B727 
  56      27494BB4 
  56      1515
  57 0034 71498570 		.ascii	"qI\205p\013\265\324\212Z\005Qp\275nUk\265\213k\013F"
  57      0BB5D48A 
  57      5A055170 
  57      BD6E556B 
ARM GAS  /tmp/cco7Ap3X.s 			page 4


  57      B58B6B0B 
  58 0049 A8B8E286 		.ascii	"\250\270\342\206\273\342v\346\336\206\212\012\032\222"
  58      BBE276E6 
  58      DE868A0A 
  58      1A92
  59 0057 61CE99F3 		.ascii	"a\316\231\363\2359\3779\023;\003;\2542\026g\214\215"
  59      9D39FF39 
  59      133B033B 
  59      AC321667 
  59      8C8D
  60 0069 A31F3883 		.ascii	"\243\0378\203\"\204\230\231\025\265+\200\271\023v\260"
  60      22849899 
  60      15B52B80 
  60      B91376B0 
  61 0079 F50AD663 		.ascii	"\365\012\326c\013\337\305qb\177\313kwA\023\235\010c"
  61      0BDFC571 
  61      627FCB6B 
  61      7741139D 
  61      0863
  62 008b D7878258 		.ascii	"\327\207\202X\274z\264\316\031\253#pr.\212r\231\374"
  62      BC7AB4CE 
  62      19AB2370 
  62      722E8A72 
  62      99FC
  63 009d E0380A28 		.ascii	"\3408\012(6\035K}\312\331\314u\016\250dno;r\305)M\005"
  63      361D4B7D 
  63      CAD9CC75 
  63      0EA8646E 
  63      6F3B72C5 
  64 00b4 1E32A35D 		.ascii	"\0362\243]\037\353\035|.\030\355\253\032\337\366\332"
  64      1FEB1D7C 
  64      2E18EDAB 
  64      1ADFF6DA 
  65 00c4 F31BC5D6 		.ascii	"\363\033\305\326\2300.\214\331-\014U\347\034\247\300"
  65      98302E8C 
  65      D92D0C55 
  65      E71CA7C0 
  66 00d4 65DE93C8 		.ascii	"e\336\223\310\305\011Pf\362Q\356\323\310'b\317\356-"
  66      C5095066 
  66      F251EED3 
  66      C82762CF 
  66      EE2D
  67 00e6 4D2A5F60 		.ascii	"M*_`\322-\367\257u\332\372\351\366\361\026\255\342\314"
  67      D22DF7AF 
  67      75DAFAE9 
  67      F6F116AD 
  67      E2CC
  68 00f8 1F340985 		.ascii	"\0374\011\205\201|&\231'\325\342\200\203/1\371D\"v("
  68      817C2699 
  68      27D5E280 
  68      832F31F9 
  68      44227628 
  69 010c C7DB606A 		.ascii	"\307\333`j\272\236\034\035\213\213\244\240\024\014g"
  69      BA9E1C1D 
  69      8B8BA4A0 
  69      140C67
  70 011b AD1403C2 		.ascii	"\255\024\003\302d\364\373\375\335\035\032_j\222=\265"
ARM GAS  /tmp/cco7Ap3X.s 			page 5


  70      64F4FBFD 
  70      DD1D1A5F 
  70      6A923DB5 
  71 012b C92F2A91 		.ascii	"\311/*\221\006\335\334\232\034\036\357'5\234\377\033"
  71      06DDDC9A 
  71      1C1EEF27 
  71      359CFF1B 
  72 013b D977F8FB 		.ascii	"\331w\370\373\016\227M\305\005xq\016^\3314\331\254\213"
  72      0E974DC5 
  72      0578710E 
  72      5ED934D9 
  72      AC8B
  73 014d B0D11898 		.ascii	"\260\321\030\230\222\361\267tk\206\370\376#!\214G\243"
  73      92F1B774 
  73      6B86F8FE 
  73      23218C47 
  73      A3
  74 015e 6A4A0783 		.ascii	"jJ\007\203*\267)r\341\264d\251\264\3305i\332hqdA6\304"
  74      2AB72972 
  74      E1B464A9 
  74      B4D83569 
  74      DA687164 
  75 0175 0929CCC5 		.ascii	"\011)\314\305\314\264\254\2263\251E\2050\030\333\304"
  75      CCB4AC96 
  75      33A94585 
  75      3018DBC4 
  76 0185 15CB8892 		.ascii	"\025\313\210\222\361\014\361\316\304\275\012ye\212#"
  76      F10CF1CE 
  76      C4BD0A79 
  76      658A23
  77 0194 C5B3A8AA 		.ascii	"\305\263\250\252\315\361Wi\273\034\013\007C+u\3529\022"
  77      CDF15769 
  77      BB1C0B07 
  77      432B75EA 
  77      3912
  78 01a6 1EB3283A 		.ascii	"\036\263(:L\355m\377\341\250B,j\327\271\263\216\"\030"
  78      4CED6DFF 
  78      E1A8422C 
  78      6AD7B9B3 
  78      8E2218
  79 01b9 2EA10A8C 		.ascii	".\241\012\214h:\275\370\354\301)%o\271.\222\036\235"
  79      683ABDF8 
  79      ECC12925 
  79      6FB92E92 
  79      1E9D
  80 01cb 67CBF81D 		.ascii	"g\313\370\035\367\3377\271d|R\010\362\345\3402\362,"
  80      F7DF37B9 
  80      647C5208 
  80      F2E5E032 
  80      F22C
  81 01dd 815708A3 		.ascii	"\201W\010\243\200\326\317\315;\335y\212\205\270$\362"
  81      80D6CFCD 
  81      3BDD798A 
  81      85B824F2 
  82 01ed ED5DDB2D 		.ascii	"\355]\333-\014 n\264e\220\253\026\222\356\322Kd}\203"
  82      0C206EB4 
  82      6590AB16 
ARM GAS  /tmp/cco7Ap3X.s 			page 6


  82      92EED24B 
  82      647D83
  83 0200 301DEDC8 		.ascii	"0\035\355\310\325\371`K\307\303A\226\016%\305\235\277"
  83      D5F9604B 
  83      C7C34196 
  83      0E25C59D 
  83      BF
  84 0211 EA5049C7 		.ascii	"\352PI\307\265\177\353\270n\351P\376OGG\246\250\316"
  84      B57FEBB8 
  84      6EE950FE 
  84      4F4747A6 
  84      A8CE
  85 0223 FFD6D195 		.ascii	"\377\326\321\225A\272-\344\311\333\347\3734K\310\014"
  85      41BA2DE4 
  85      C9DBE7FB 
  85      344BC80C 
  86 0233 DCC80889 		.ascii	"\334\310\010\211\235|\272\261\241_\211\374\203\031\275"
  86      9D7CBAB1 
  86      A15F89FC 
  86      8319BD
  87 0242 877ADC8D 		.ascii	"\207z\334\215h\210\322\320\352\373\344\310\207\320\234"
  87      6888D2D0 
  87      EAFBE4C8 
  87      87D09C
  88 0251 CCC1C85B 		.ascii	"\314\301\310[\016\036k\352p\025\035\024[\351\364\003"
  88      0E1E6BEA 
  88      70151D14 
  88      5BE9F403 
  89 0261 743E1437 		.ascii	"t>\0247\321\210\244\365\222n\241\210TW{\254l\256\337"
  89      D188A4F5 
  89      926EA188 
  89      54577BAC 
  89      6CAEDF
  90 0274 740FABE3 		.ascii	"t\017\253\343\012\005\335\266t\313\273\266\365\364]"
  90      0A05DDB6 
  90      74CBBBB6 
  90      F5F45D
  91 0283 CA96A7C2 		.ascii	"\312\226\247\302,y\270\371\002\315\222\357P\220\316"
  91      2C79B8F9 
  91      02CD92EF 
  91      5090CE
  92 0292 47C8FA76 		.ascii	"G\310\372v>\2559_je4\237\256l\376\351\004,\217FNJtt"
  92      3EAD395F 
  92      6A65349F 
  92      AE6CFEE9 
  92      042C8F46 
  93 02aa E38B6687 		.ascii	"\343\213f\207\224\246\001\270K\245\022\3675\023#\303"
  93      94A601B8 
  93      4BA512F7 
  93      351323C3 
  94 02ba A4235DD3 		.ascii	"\244#]\323\314\245\347w\221n\235\217\244\021\2323c\350"
  94      CCA5E777 
  94      916E9D8F 
  94      A4119A33 
  94      63E8
  95 02cc 2139C410 		.ascii	"!9\304\020p.m&\220w\022\362\370\315\203t\366\324cb\003"
  95      702E6D26 
ARM GAS  /tmp/cco7Ap3X.s 			page 7


  95      907712F2 
  95      F8CD8374 
  95      F6D46362 
  96 02e1 D5A531F4 		.ascii	"\325\2451\364b*{\211X}\313\246\261\375je\007j9\006^"
  96      622A7B89 
  96      587DCBA6 
  96      B1FD6A65 
  96      076A3906 
  97 02f6 3E63B30B 		.ascii	">c\263\013\013}\364\015\005\302\301\320\312@x\335\304"
  97      0B7DF40D 
  97      05C2C1D0 
  97      CA4078DD 
  97      C4
  98 0307 F2F232DF 		.ascii	"\362\3622\337\254\371\301E\025\023\347\315\233\343+"
  98      ACF9C145 
  98      1513E7CD 
  98      9BE32B
  99 0316 0B075707 		.ascii	"\013\007W\007\302\021\337\222\205\213\247L*.^\353[]"
  99      C211DF92 
  99      858BA74C 
  99      2A2E5EEB 
  99      5B5D
 100 0328 ECF35348 		.ascii	"\354\363SHI\306QX\312\354\225\241\210\271\327B\025k"
 100      49C65158 
 100      CAEC95A1 
 100      88B9D742 
 100      156B
 101 033a 02615BA4 		.ascii	"\002a[\244\322_\271*\342\\\021\012V\224\310}`\23472"
 101      D25FB92A 
 101      E25C110A 
 101      5694C87D 
 101      609C3732 
 102 034e C1BBAA60 		.ascii	"\301\273\252`\232\307\037\362\227\317Y\266bV$\022\010"
 102      9AC71FF2 
 102      97CF59B6 
 102      62562412 
 102      08
 103 035f 577A96FB 		.ascii	"Wz\226\373\203\345\2012\366\023\305\201\242*"
 103      83E58132 
 103      F613C581 
 103      A22A
 104              		.text
 105              		.section	.gnu.lto_tps6211x_lld_set_power_en.cb223e1595ecef18,"e",%progbits
 106 0000 789C5D52 		.ascii	"x\234]R]HSa\030\376\236\363\235\315\263\351\326\317"
 106      5D485361 
 106      18FE9EF3 
 106      9DCDB3E9 
 106      D6CF
 107 0012 9D0C635E 		.ascii	"\235\014c^\210y\241\323\202.\272\312\260;\213(o\272"
 107      8879A1D3 
 107      822EBACA 
 107      B03B8B28 
 107      6FBA
 108 0024 8A95AB16 		.ascii	"\212\225\253\026\003\327fVW~\233\223\021\205JdNa\034"
 108      03D76656 
 108      577E9B93 
 108      11854A64 
ARM GAS  /tmp/cco7Ap3X.s 			page 8


 108      4E611C
 109 0037 A3C63442 		.ascii	"\243\3064B\215\302\"\177:\345_.)\015\272\310\013\203"
 109      8DC2227F 
 109      3AE55F2E 
 109      290DBAC8 
 109      0B83
 110 0049 BA4A5283 		.ascii	"\272JR\203\212~(\355\375v\032B\207s>\336\237\347y\177"
 110      8A7E28ED 
 110      FD761A42 
 110      87733EDE 
 110      9FE7797F 
 111 005d 9EEF680C 		.ascii	"\236\357h\014lAa\354\034c\254\210>p\006E\010\261//\242"
 111      6C4161EC 
 111      1C63AC88 
 111      3E700645 
 111      08B12F2F 
 112 0072 2940D612 		.ascii	")@\326\022\032X\263\202f\264\363.\216\221\273\203\237"
 112      1A58B382 
 112      66B4F32E 
 112      8E91BB83 
 112      9F
 113 0083 9D6569CA 		.ascii	"\235ei\312\010\243\353\221\365\316\320\274\340:g\254"
 113      08A3EB91 
 113      F5CED0BC 
 113      E03A67AC 
 114 0093 9B98BB5D 		.ascii	"\233\230\273]\250t1\371\3401\312\010\274\024M\376(h"
 114      A87431F9 
 114      E031CA08 
 114      BC144DFE 
 114      2868
 115 00a5 A33CA092 		.ascii	"\243<\240\222{=\363`\326.]\005nr#\013\337{m\374\000"
 115      7B3DF360 
 115      D62E5D05 
 115      6E72230B 
 115      DF7B6DFC 
 116 00ba 18D9B1D4 		.ascii	"\030\331\261\324\227E\2554%:\242\302\230,\354\021\206"
 116      9745AD34 
 116      253AA2C2 
 116      982CEC11 
 116      86
 117 00cb AA738E31 		.ascii	"\252s\2161pYw\024.\214\200*S\214j\217\243\224\030\267"
 117      70597714 
 117      2E8C802A 
 117      538C6A8F 
 117      A39418B7 
 118 00df 7BDAD32A 		.ascii	"{\332\323*?\224e_k\215\304x\216\275#!\014\350\\\305"
 118      3F94655F 
 118      6B8DC478 
 118      8EBD2321 
 118      0CE85CC5 
 119 00f3 1393FD6F 		.ascii	"\023\223\375o*\212\020\327@)\223\214\367\367\326;\035"
 119      2A8A10D7 
 119      4029938C 
 119      F7F7D63B 
 119      1D
 120 0104 56558E2D 		.ascii	"VU\216-\307}\012+)\301\330\340k\213!\3267\342\302X-"
 120      C77D0A2B 
ARM GAS  /tmp/cco7Ap3X.s 			page 9


 120      29C1D8E0 
 120      6B8B21D6 
 120      37E2C258 
 121 0119 BC9972E4 		.ascii	"\274\231r\344\203h\026\205\016+\227\226JG\236\005r\002"
 121      83681685 
 121      0E2B9796 
 121      4A479E05 
 121      7202
 122 012b 0DB2969D 		.ascii	"\015\262\226\235\311\335\331\025\316\244 *\204\301\330"
 122      C9DDD915 
 122      CEA4202A 
 122      84C1D8
 123 013a 55AE984E 		.ascii	"U\256\230N\204\234e\264\314\307W\356\027\310\016I\216"
 123      849C65B4 
 123      CCC757EE 
 123      17C80E49 
 123      8E
 124 014b 24B750F3 		.ascii	"$\267P\363\266\226\265%M\352\300\301\360\214\026\373"
 124      B696B525 
 124      4DEAC0C1 
 124      F08C16FB 
 125 015b 84B83B3B 		.ascii	"\204\270;;\003%\223}s\033\266\030\242\021M\347Z7!\030"
 125      0325937D 
 125      731BB618 
 125      A2114DE7 
 125      5A372118 
 126 016f 26100323 		.ascii	"&\020\003#6e\247\226?\214)\305u\272H\270un\223\370\316"
 126      3665A796 
 126      3F8C29C5 
 126      75BA48B8 
 126      756E93F8 
 127 0184 77DFD20E 		.ascii	"w\337\322\016\211O\010A1;&Ql\3563E4\002L\377\354\277"
 127      894F0841 
 127      313B2651 
 127      6CEE3345 
 127      34024CFF 
 128 019a E12C564C 		.ascii	"\341,VLJ\276\244\374\371\232y\203MJ\001\246s\224\031"
 128      4ABEA4FC 
 128      F99A7983 
 128      4D4A01A6 
 128      739419
 129 01ad 93B296F9 		.ascii	"\223\262\226\371uL\316\347\300K\206\347p\351\334I\233"
 129      754CCEE7 
 129      C04B86E7 
 129      70E9DC49 
 129      9B
 130 01be 44473FF6 		.ascii	"DG?\366MX\315M\024B\031\213Co\235)\334\212\320\266\275"
 130      4D58CD4D 
 130      1442198B 
 130      436F9D29 
 130      DC8AD0B6 
 131 01d3 C352A52D 		.ascii	"\303R\245-\264_v!\331e\340a\372\225\243r@tP\366\254"
 131      B45F7621 
 131      D965E061 
 131      FA95A372 
 131      407450F6 
 132 01e8 CEB76216 		.ascii	"\316\267b\026)$L\2753\250\224\322\214\307a\226\343I"
ARM GAS  /tmp/cco7Ap3X.s 			page 10


 132      29244CBD 
 132      33A894D2 
 132      8CC76196 
 132      E349
 133 01fa AE1165F8 		.ascii	"\256\021e\370\362J\277M6V\001\274\240:\324\364w\016"
 133      F24ABF4D 
 133      365601BC 
 133      A03AD4F4 
 133      770E
 134 020c A3128C94 		.ascii	"\243\022\214\224ju\233\256\375?\255\266us\372\2211g"
 134      6A759BAE 
 134      FD3FADB6 
 134      7573FA91 
 134      3167
 135 021e 6AA5105E 		.ascii	"j\245\020^\347\333\331*\2429<\313^\0246/\212\261\375"
 135      E7DBD92A 
 135      A2393CCB 
 135      5E14362F 
 135      8AB1FD
 136 0231 15151E7A 		.ascii	"\025\025\036z\203\276\220?x\306\027\272T\036\010\324"
 136      83BE903F 
 136      78C617BA 
 136      541E08D4 
 137 0241 7BAA0FFA 		.ascii	"{\252\017\372\2174\224\327\326\326x\352C\376&_(\354"
 137      8F3494D7 
 137      D6D678EA 
 137      43FE265F 
 137      28EC
 138 0253 A93B7C74 		.ascii	"\251;|t\317\256\252\252\213\236\246*\217\227 \307s\201"
 138      CFAEAAAA 
 138      8B9EA62A 
 138      8F9720C7 
 138      7381
 139 0265 8A934C6B 		.ascii	"\212\223Lk\014\206\263\266%\330p\301\027**\011\357,"
 139      0C86B3B6 
 139      25D870C1 
 139      172A2A09 
 139      EF2C
 140 0277 395FB6D7 		.ascii	"9_\266\327\355\015z\0035'NW\207\303\276P\243\373\224"
 140      ED0D7A03 
 140      35274E57 
 140      87C3BE50 
 140      A3FB94
 141 028a D71FF0D5 		.ascii	"\327\037\360\325\263\277\357\327\001\177"
 141      B3BFEFD7 
 141      017F
 142              		.text
 143              		.section	.gnu.lto_.symbol_nodes.cb223e1595ecef18,"e",%progbits
 144 0000 789C6DCD 		.ascii	"x\234m\315\273\021\2000\014\003PYN\301\026\254\002w"
 144      BB118030 
 144      0C035059 
 144      4EC116AC 
 144      0277
 145 0012 ECE5140C 		.ascii	"\354\345\024\014\300\032\374\026\200\226\232\225\300"
 145      C01AFC16 
 145      80969A95 
 145      C0
ARM GAS  /tmp/cco7Ap3X.s 			page 11


 146 001f 10481555 		.ascii	"\020H\025U:\277;\271\202`\207\207#\015\321\023d8\001"
 146      3ABF3BB9 
 146      82608787 
 146      230DD113 
 146      643801
 147 0032 03B6D83A 		.ascii	"\003\266\330:>4\321\244L\262\320x}\251_\206\2574.3M"
 147      3E34D1A4 
 147      4CB2D078 
 147      7DA95F86 
 147      AF342E33 
 148 0047 CBB2D242 		.ascii	"\313\262\322BQ\024\232\336t\271\365\242`\252\207\250"
 148      51149ADE 
 148      74B9F5A2 
 148      60AA87A8 
 149 0057 6497F01F 		.ascii	"d\227\360\037q\003\232\314>`"
 149      71039ACC 
 149      3E60
 150              		.text
 151              		.section	.gnu.lto_.refs.cb223e1595ecef18,"e",%progbits
 152 0000 789CE360 		.ascii	"x\234\343``\004B \000\000\000]\000\013"
 152      60044220 
 152      0000005D 
 152      000B
 153              		.text
 154              		.section	.gnu.lto_.decls.cb223e1595ecef18,"e",%progbits
 155 0000 789CAD57 		.ascii	"x\234\255WiPT\331\025~\347\335n\240\333f\211X\243S\230"
 155      695054D9 
 155      157EE7DD 
 155      6EA0DB66 
 155      8958A353 
 156 0015 2933C58F 		.ascii	")3\305\217IM\224q\306\312\304$?\206\031\247LU\306T*"
 156      494D9471 
 156      C6CAC424 
 156      3F8619A7 
 156      4C55C654 
 157 002a 2655A9FC 		.ascii	"&U\251\374A\002\035\244\202B5=\306\374\232\207\215\210"
 157      41021DA4 
 157      8242353D 
 157      C6FC9A87 
 157      8D88
 158 003c 0BD80EB8 		.ascii	"\013\330\016\270\340\302*\202;\214\016 \213\262(\213"
 158      E0C22A82 
 158      3B8C0E20 
 158      8BB2288B 
 159 004c 0BA2B20A 		.ascii	"\013\242\262\0124\213(8\210\243\216\210\002B\316\275"
 159      348B2838 
 159      88A38E88 
 159      0242CEBD 
 160 005c F7BDEED7 		.ascii	"\367\275\356\327\3600\251$\017n\277w\357\373\316w\226"
 160      F030A924 
 160      0F6EBF77 
 160      EFFBCE77 
 160      96
 161 006d 7BEEB9EF 		.ascii	"{\356\271\357z\011 \024\373\011\302&Q\020\326\201 L"
 161      7A092014 
 161      FB09C226 
 161      5110D681 
ARM GAS  /tmp/cco7Ap3X.s 			page 12


 161      204C
 162 007f E3450441 		.ascii	"\343E\004A\270\205\315\013[=\266\233\330:\260\265cs"
 162      B885CD0B 
 162      5B3DB69B 
 162      D83AB0B5 
 162      6373
 163 0091 60FB0BB6 		.ascii	"`\373\013\266\036l}\002\277\364\330\236c\033\247\035"
 163      1E6C7D02 
 163      BFF4D89E 
 163      631BA71D 
 164 00a1 E49887CD 		.ascii	"\344\230\207\315\017\204Y\327C\034[\210\367g\330\346"
 164      0F8459D7 
 164      431C5B88 
 164      F767D8E6 
 165 00b1 635BA0E2 		.ascii	"c[\240\342\247\\\036\370\376cl\213\361\371\032\266_"
 165      A75C1EF8 
 165      FE636C8B 
 165      F1F91AB6 
 165      5F
 166 00c2 00D7D921 		.ascii	"\000\327\331!\353]\011\\\267\021\357\265x\377%\336\177"
 166      EB5D095C 
 166      B711EFB5 
 166      78FF25DE 
 166      7F
 167 00d3 856D129F 		.ascii	"\205m\022\237\247\261\335\340\352\205\313\330\210l\023"
 167      A7B1DDE0 
 167      EA85CBD8 
 167      886C13
 168 00e2 B545D0B0 		.ascii	"\265E\320\260e\024\307\3745l\351\231a\307\177b\303\257"
 168      6514C7FC 
 168      356CE999 
 168      61C77F62 
 168      C3AF
 169 00f4 B1F982BB 		.ascii	"\261\371\202\273\356qa\3568\354'\340\330r\344\245)\231"
 169      EE7161EE 
 169      38EC27E0 
 169      D872E4A5 
 169      2999
 170 0106 C07C23E8 		.ascii	"\300|#\350\260\233z\365|\203\021\273\013\214\260\004"
 170      B09B7AF5 
 170      7C8311BB 
 170      0B8CB004 
 171 0116 BB9D1537 		.ascii	"\273\235\0257\033\274\211\010\024y\374\360\310s\010"
 171      1BBC8908 
 171      1479FCF0 
 171      C87308
 172 0125 3A2DF1CB 		.ascii	":-\361\313k\027\021\240\034\210\213\251\347p\365\001"
 172      6B1711A0 
 172      1C888BA9 
 172      E770F501 
 173 0135 0FB28661 		.ascii	"\017\262\206a;\267\026&\203\377\036\031+\001\327\015"
 173      3BB71626 
 173      83FF1E19 
 173      2B01D70D 
 174 0145 97C01F2A 		.ascii	"\227\300\037* H\0268\325_\231\357M\376\314\004n\037"
 174      20481638 
 174      D55F99EF 
ARM GAS  /tmp/cco7Ap3X.s 			page 13


 174      4DFECC04 
 174      6E1F
 175 0157 799E6854 		.ascii	"y\236hT\004\342e\001\250\0042Cf\357\311\013IF\323\016"
 175      04E26501 
 175      A8043243 
 175      66EFC90B 
 175      4946D30E 
 176 016b 49DA2265 		.ascii	"I\332\"e\332$\303o\240\012_\227A\000\224B\000\012T\203"
 176      DA24C36F 
 176      A00A5F97 
 176      41009442 
 176      000A5483 
 177 017f 89E1C4E7 		.ascii	"\211\341\304\347)\367\333|\300?\2201\"R\002\235\240"
 177      29F7DB7C 
 177      C03F9031 
 177      2252029D 
 177      A0
 178 0190 C2D57052 		.ascii	"\302\325pR\270\014\201\2248\233\362U\266\035YQW\227"
 178      B80C8194 
 178      389BF255 
 178      B61D5951 
 178      5797
 179 01a2 20D9AB80 		.ascii	" \331\253\200\362\300ET^\343\306\036D\177\226\0070C"
 179      F2C04554 
 179      5EE3C61E 
 179      447F9607 
 179      3043
 180 01b4 8EE60DBC 		.ascii	"\216\346\015\274\020\311i`\326'\215\226\226\023\177"
 180      10C96960 
 180      D6278D96 
 180      96137F
 181 01c3 5957BC9B 		.ascii	"YW\274\233.\270\"\323\250\324\241\304\017\255\215En"
 181      2EB822D3 
 181      A8D4A1C4 
 181      0FAD8D45 
 181      6E
 182 01d4 7ED4BA69 		.ascii	"~\324\272i\252\223\375\200\027\303\3117=\025\\\374\034"
 182      AA93FD80 
 182      17C3C937 
 182      3D155CFC 
 182      1C
 183 01e5 38A80713 		.ascii	"8\250\007\023b+{\223^\021\234\273\305F\230\006\354\327"
 183      622B7B93 
 183      5E119CBB 
 183      C5469806 
 183      ECD7
 184 01f7 7D3FD20C 		.ascii	"}?\322\014\274O\251\036V\266\014{y%P*\251F\"\213\004"
 184      BC4FA91E 
 184      56B60C7B 
 184      7925502A 
 184      A946228B 
 185 020c F828003E 		.ascii	"\370(\000>\240,\327\300\213\205\030\256\"q\003\022#"
 185      A02CD7C0 
 185      8B8518AE 
 185      22710312 
 185      23
 186 021d 7A7AD8D1 		.ascii	"zz\330\321\253'\345\334\277\241=[\007u\032\242p\035"
ARM GAS  /tmp/cco7Ap3X.s 			page 14


 186      AB27E5DC 
 186      BFA13D5B 
 186      07751AA2 
 186      701D
 187 022f 9DD392BE 		.ascii	"\235\323\222\276^\332V\350\253v\357\006\202\\f7*\356"
 187      5EDA56E8 
 187      AB76EF06 
 187      825C6637 
 187      2AEE
 188 0241 8D5CCFEA 		.ascii	"\215\\\317\352\026\325\356i\341\340&so0\341\372\224"
 188      16D5EE69 
 188      E1E02673 
 188      6F30E1FA 
 188      94
 189 0252 27CFD4C5 		.ascii	"'\317\324\3054q\213\0073\274\215\211\362\374\242(\216"
 189      34718B07 
 189      33BC8D89 
 189      F2FCA228 
 189      8E
 190 0263 BB246F81 		.ascii	"\273$o\201\221\316\0274q{\354I\205=\"\227\3751vs\373"
 190      91CE1734 
 190      717BEC49 
 190      853D2297 
 190      FD317673 
 191 0278 2EDA0C3C 		.ascii	".\332\014<\313\207h\244Z^V\214\233H3s\226\304\355\030"
 191      CB8768A4 
 191      5A5E568C 
 191      9B483373 
 191      96C4ED18 
 192 028c EF20600C 		.ascii	"\357 `\014\000$\203D\346s\216\332\347f\364\271\205\322"
 192      00248344 
 192      E6738EDA 
 192      E766F4B9 
 192      85D2
 193 029e B722A00D 		.ascii	"\267\"\240\015\371\323$/6\220&!\372\311W\354\031I\223"
 193      F9D3242F 
 193      36902621 
 193      FAC957EC 
 193      194993
 194 02b1 6BF3E2BC 		.ascii	"k\363\342\274\346\333\251\201\370\363\011\320q\270\203"
 194      E6DBA981 
 194      F8F309D0 
 194      71B883
 195 02c0 32B79985 		.ascii	"2\267\231\205\3550\237\233\311\002\361\235#\276\220"
 195      ED309F9B 
 195      C902F19D 
 195      23BE90
 196 02cf A80386AF 		.ascii	"\250\003\206\257U\356t\360@t\260@\024>\036\3105pg\252"
 196      55EE74F0 
 196      4074B040 
 196      143E1EC8 
 196      357067AA 
 197 02e3 A8EC838E 		.ascii	"\250\354\203\216\247\005\2069#\321)G\342.\217DN|U\212"
 197      A7058639 
 197      23D12947 
 197      E22E8F44 
 197      4E7C558A 
ARM GAS  /tmp/cco7Ap3X.s 			page 15


 198 02f7 BCDEAB69 		.ascii	"\274\336\253i\337\326\320T\353\301Ca\247\005 \356E\361"
 198      DFD6D054 
 198      EBC14361 
 198      A70520EE 
 198      45F1
 199 0309 19C34CAB 		.ascii	"\031\303L\253\273\221\255\213\2619\250\325\235\314j"
 199      BB91AD8B 
 199      B139A8D5 
 199      9DCC6A
 200 0318 FA8C02C5 		.ascii	"\372\214\002\305\245)\307\235\271\021\377\357r\003z"
 200      A529C79D 
 200      B911FFEF 
 200      72037A
 201 0327 C08B2EE3 		.ascii	"\300\213.\343\341\242g\204t\360\354\272|\274h\243Q#"
 201      E1A26784 
 201      74F0ECBA 
 201      7CBC68A3 
 201      5123
 202 0339 D0BDC072 		.ascii	"\320\275\300r\227.\034\247x\037\030Q\"\253\273\367\222"
 202      972E1CA7 
 202      781F1851 
 202      22ABBBF7 
 202      92
 203 034a A10FB944 		.ascii	"\241\017\271Dj\007\014y\202@\377\350\017/\034\364\016"
 203      6A070C79 
 203      8240FFE8 
 203      0F2F1CF4 
 203      0E
 204 035b F419E49D 		.ascii	"\364\031\344\235\204]@/\031'\310eR\031\3437\345\207"
 204      845D402F 
 204      1927C865 
 204      5219E337 
 204      E587
 205 036d 8F89328B 		.ascii	"\217\2112\213(\0279\3402\234\235uU\324\374=\310\357"
 205      281739E0 
 205      329C9D75 
 205      55D4FC3D 
 205      C8EF
 206 037f 15122EA0 		.ascii	"\025\022.\240\324?EP\036\022euj\011\230e\261\213Pp\222"
 206      D43F4550 
 206      1E126575 
 206      6A099865 
 206      B18B5070 
 207 0394 2A1738AB 		.ascii	"*\0278\253\357tsu\275\241\037z\343p\342\012^g\006\012"
 207      EF747375 
 207      BDA11F7A 
 207      E370E20A 
 207      5E67060A 
 208 03a8 E0635F22 		.ascii	"\340c_\"\260\370\356\257}uOOv\212\332U\200\321\334\327"
 208      B0F8EEAF 
 208      7D754F4F 
 208      768ADA55 
 208      80D1DCD7 
 209 03bc 58C3B316 		.ascii	"X\303\263\026=\005\322I\325\002\317Z\360\017\334\026"
 209      3D05D249 
 209      D502CF5A 
 209      F00FDC16 
ARM GAS  /tmp/cco7Ap3X.s 			page 16


 210 03cc F2A0B2E0 		.ascii	"\362\240\262\340S\354S\017u:\221\017\301\227\2727l\026"
 210      53EC530F 
 210      753A910F 
 210      C197BA37 
 210      6C16
 211 03de 0FDD0AFF 		.ascii	"\017\335\012\377\3236\\\375\2636\010Z\\\335q\251\331"
 211      D3365CFD 
 211      B336085A 
 211      5CDD71A9 
 211      D9
 212 03ef DF76BB15 		.ascii	"\337v\273\025\326\357\334\012\346\260b\310\303[m\245"
 212      D6EFDC0A 
 212      E6B062C8 
 212      C35B6DA5 
 213 03ff DECC101C 		.ascii	"\336\314\020\034\302*\300,I\270b/\363\346\213C\244i"
 213      C22AC02C 
 213      49B8622F 
 213      F3E68B43 
 213      A469
 214 0411 D6D2B405 		.ascii	"\326\322\264\005\370\332\360\303ny\302\3505\272t\026"
 214      F8DAF0C3 
 214      6E79C2E8 
 214      35BA7416 
 215 0421 627DA5E8 		.ascii	"b}\245\350\326\235)\327<y_\372\012\373i9\017~Kry\230"
 215      D69D29D7 
 215      3C795FFA 
 215      0AFB6939 
 215      0F7E4B72 
 216 0437 7BF2B696 		.ascii	"{\362\266\226\002_\223\356I\375\024\230\000M\352'h\325"
 216      025F93EE 
 216      49FD1498 
 216      004DEA27 
 216      68D5
 217 0449 F73C7C25 		.ascii	"\367<|%\215\3317a\341^\266\352l\222\237\010\317p\325"
 217      8DD93761 
 217      E15EB6EA 
 217      6C929F08 
 217      CF70D5
 218 045c 3DC6F723 		.ascii	"=\306\367#\314\352\037`\241\000\217\320Ff\372\205S\247"
 218      CCEA1F60 
 218      A1008FD0 
 218      4666FA85 
 218      53A7
 219 046e 727CDFCD 		.ascii	"r|\337\315\224z{\245\312\261\306\237\345]I\220\232P"
 219      947A7BA5 
 219      CAB1C69F 
 219      E55D4990 
 219      9A50
 220 0480 F0138683 		.ascii	"\360\023\206\203\001T \207\203>\013p\017\372\001\377"
 220      01542087 
 220      833E0B70 
 220      0FFA01FF 
 221 0490 FB68223D 		.ascii	"\373h\"=\207w\221 \377\316\355\001\221\274\022\377\273"
 221      87779120 
 221      FFCEED01 
 221      91BC12FF 
 221      BB
ARM GAS  /tmp/cco7Ap3X.s 			page 17


 222 04a1 DA5E73B0 		.ascii	"\332^s\260?\335\304\"\367\002\337\362)\334\335\323\225"
 222      3FDDC422 
 222      F702DFF2 
 222      29DCDDD3 
 222      95
 223 04b2 62744673 		.ascii	"btFs\214G\363A\315\276\343>s;\365\212:\365Rq*\245\342"
 223      8C47F341 
 223      CDBEE33E 
 223      733BF58A 
 223      3AF55271 
 224 04c9 F584A7EC 		.ascii	"\365\204\247\354T\377\333\007\245J4G\022)\010FU\036"
 224      54FFDB07 
 224      A54A3447 
 224      12290846 
 224      551E
 225 04db 8DCEF468 		.ascii	"\215\316\364h\234y\324\177\360r\201\017I!\314\243\376"
 225      9C79D47F 
 225      F072810F 
 225      4921CCA3 
 225      FE
 226 04ec AAD4440F 		.ascii	"\252\324D\017u\012`\321P\245\300\244\222\002\243C\365"
 226      750A60D1 
 226      50A5C0A4 
 226      9202A343 
 226      F5
 227 04fd 763D337A 		.ascii	"v=3z\322\231\213]C\216\303\204\215\321O\200\327\334"
 227      D2998B5D 
 227      438EC384 
 227      8DD14F80 
 227      D7DC
 228 050f 91A99286 		.ascii	"\221\251\222\206<\375\334\216LSG\246\024G\322\323\233"
 228      3CFDDC8E 
 228      4C5347A6 
 228      1447D2D3 
 228      9B
 229 0520 077CA823 		.ascii	"\007|\250#\022\316\316\243\367&\333\207\244D#\003\301"
 229      12CECEA3 
 229      F726DB87 
 229      A4442303 
 229      C1
 230 0531 84CA9109 		.ascii	"\204\312\221\011\371\323\011$\221:\260},\267\331H\232"
 230      F9D30924 
 230      913AB07D 
 230      2CB7D948 
 230      9A
 231 0542 B8038903 		.ascii	"\270\003\211\003\243\025\363\224\212\030\377\246\255"
 231      A315F394 
 231      8A18FFA6 
 231      AD
 232 054f 07C1BD8F 		.ascii	"\007\301\275\217\253\355n;\307\026Q\355\255M\224\275"
 232      ABED6E3B 
 232      C71651ED 
 232      AD4D94BD 
 233 055f BD5A9452 		.ascii	"\275Z\224R\316\023\236\015\341\310\215+w\016x\222>\246"
 233      CE139E0D 
 233      E1C88D2B 
 233      770E7892 
ARM GAS  /tmp/cco7Ap3X.s 			page 18


 233      3EA6
 234 0571 93541D6D 		.ascii	"\223T\035m;g\000\003\337\365\2661\3256;~3*\252\267\212"
 234      3B670003 
 234      DFF5B631 
 234      D5363B7E 
 234      332AAAB7 
 235 0586 B83C4483 		.ascii	"\270<D\203\000\333\304\000H\024\371\256G\007\330\256"
 235      00DBC400 
 235      4814F9AE 
 235      4707D8AE 
 236 0596 E7C71EE9 		.ascii	"\347\307\036\351\222\251?\224\350\313\264\340\000\304"
 236      92A93F94 
 236      E8CBB4E0 
 236      00C4
 237 05a4 8B2C7EED 		.ascii	"\213,~\355\205\203\003\363\324\361[\377\226*|;D\014"
 237      858303F3 
 237      D4F15BFF 
 237      962A7C3B 
 237      440C
 238 05b6 DF76510E 		.ascii	"\337vQ\016_\377Xw\277Q\016\337\324\011\277,[\346{\024"
 238      5FFF5877 
 238      BF510EDF 
 238      D409BF2C 
 238      5BE67B14 
 239 05ca 0171A22B 		.ascii	"\001q\242+v\370\314c\267\223\305\256\242<\367\011!\203"
 239      76F8CC63 
 239      B793C5AE 
 239      A23CF709 
 239      2183
 240 05dc 3C76EDD3 		.ascii	"<v\355\323\333\217\0013\200\316:\237\324\226\313\027"
 240      DB8F0133 
 240      80CE3A9F 
 240      D496CB17 
 241 05ec BBF4CE49 		.ascii	"\273\364\316IM\342Fe\264t\333\304\271'u7\265*Y\261\352"
 241      4DE24665 
 241      B474DBC4 
 241      B9277537 
 241      B52A59B1 
 242 0601 E9F9A69F 		.ascii	"\351\371\246\237\310F\275x\275(\233\032\205\000\330"
 242      C846BD78 
 242      BD289B1A 
 242      8500D8
 243 0610 A5326A97 		.ascii	"\2452j\227b\224\235\031\225\024w(\230\214s\233\276\251"
 243      62949D19 
 243      95147728 
 243      988C739B 
 243      BEA9
 244 0622 19BB6B22 		.ascii	"\031\273k\"\323\274S\2206\326M\227\012|\315\004p\344"
 244      D3BC5390 
 244      36D64D97 
 244      0A7CCD04 
 244      70E4
 245 0634 CCA98902 		.ascii	"\314\251\211\002\276x\336\347\337\226\016\333\331ao"
 245      BE78DEE7 
 245      DF960EDB 
 245      D9616F
 246 0643 92A063F8 		.ascii	"\222\240c\370\256\202\376N\206\337\213\312RE\035\244"
ARM GAS  /tmp/cco7Ap3X.s 			page 19


 246      AE82FE4E 
 246      86DF8BCA 
 246      52451DA4 
 247 0653 70FB6F8F 		.ascii	"p\373o\217\015\227\350\344\202X)WM\330\207\357`\277"
 247      0D97E8E4 
 247      82582957 
 247      4DD887EF 
 247      60BF
 248 0665 A82E88BB 		.ascii	"\250.\210\273\372^\216y\220dNVw?\365\276^C\010\016 "
 248      FA5E8E79 
 248      90644E56 
 248      773FF5BE 
 248      5E43080E 
 249 067a B9BBDCD7 		.ascii	"\271\273\334\327\371\335A\352\264J\023\325u\364\240"
 249      F9DD41EA 
 249      B44A13D5 
 249      75F4A0
 250 0689 925697A6 		.ascii	"\222V\227\246\367]\322\361\222\3116\366\023U\223&^2"
 250      F75DD2F1 
 250      92C936F6 
 250      13559326 
 250      5E32
 251 069b 2BE9EBE2 		.ascii	"+\351\353\342\342m5\336$\215kW\316\032\013\370YC\251"
 251      E26D35DE 
 251      248D6B57 
 251      CE1A0BF8 
 251      5943A9
 252 06ae B60B78B5 		.ascii	"\266\013x\265=\266\177\357\204\236\244s\350\221\302"
 252      3DB67FEF 
 252      849EA473 
 252      E891C2
 253 06bd A6DDBE5A 		.ascii	"\246\335\276Z\037\005\231\342\254\217\002Z\223N\246"
 253      1F0599E2 
 253      AC8F025A 
 253      934EA6
 254 06cc E69BC859 		.ascii	"\346\233\310Y&K\356\264\216\030i\026\323O8\232\245G"
 254      264BEEB4 
 254      8E186916 
 254      D34F389A 
 254      A547
 255 06de 45A3C099 		.ascii	"E\243\300\231l\231\256\214\026\3308\344`:\347\262tF"
 255      6C99AE8C 
 255      16D838E4 
 255      603AE7B2 
 255      7446
 256 06f0 C8076C8C 		.ascii	"\310\007l\214\226\256\033S\351&R\304m)\313\333U\255"
 256      96AE1B53 
 256      E92652C4 
 256      6D29CBDB 
 256      55AD
 257 0702 D7B2E598 		.ascii	"\327\262\345\230\246-\215\216\374I\023\271\312e_J\267"
 257      A62D8D8E 
 257      FC4913B9 
 257      CA655F4A 
 257      B7
 258 0713 12F5A499 		.ascii	"\022\365\244\231w\032\352r\312}\264\210\216k\022\215"
 258      771AEA72 
ARM GAS  /tmp/cco7Ap3X.s 			page 20


 258      CA7DB488 
 258      8E6B128D 
 259 0723 3A328E01 		.ascii	":2\216\001\271\307d\365\371[\353\322\346A``\240\177"
 259      B9C764F5 
 259      F95BEBD2 
 259      E6416060 
 259      A07F
 260 0735 203FADB4 		.ascii	" ?\255\264\016/\330b\313\314\362\240&\303I$8\213\023"
 260      0E2FD862 
 260      CBCCF2A0 
 260      26C34924 
 260      388B13
 261 0748 9421CABE 		.ascii	"\224!\312\276\341\007\337\011\034?-\006B:zGO88\343\216"
 261      E107DF09 
 261      1C3F2D06 
 261      423A7A47 
 261      4F3838E3 
 262 075d 61F18094 		.ascii	"a\361\200\224\370!\352\022\030\374#'Z>\330p\352\306"
 262      F821EA12 
 262      18FC2327 
 262      5A3ED870 
 262      EAC6
 263 076f E1452EEA 		.ascii	"\341E.\352l\015\352,\231:\203R\363l\262\261lr2\236\345"
 263      6C0DEA2C 
 263      993A8352 
 263      F36CB2B1 
 263      6C72329E 
 264 0784 B9040588 		.ascii	"\271\004\005\210:\203\355\224\250:h\325\016\277\343"
 264      3A83ED94 
 264      A83A68D5 
 264      0EBFE3
 265 0793 E2CFD7E0 		.ascii	"\342\317\327\340\317\223\371\345\263\226\275=)\202\014"
 265      CF93F9E5 
 265      B396BD3D 
 265      29820C
 266 07a2 F118DECD 		.ascii	"\361\030\336\315\030\251\367\365\327\320\011\2052\221"
 266      18A9F7F5 
 266      D7D00985 
 266      3291
 267 07b0 865A4C8A 		.ascii	"\206ZL\212=\235g\222Mx \344'B\372}KOi\207Q\351!\352"
 267      3D9D6792 
 267      4D7820E4 
 267      2742FA7D 
 267      4B4F6987 
 268 07c8 049C9325 		.ascii	"\004\234\223%\277E\251\363"
 268      BF45A9F3 
 269 07d0 4E633166 		.ascii	"Nc1f\255\2170\316\322\201u\360\015\"\216\240\216s3\003"
 269      AD8F30CE 
 269      D28175F0 
 269      0D228EA0 
 269      8E733303 
 270 07e4 5706AEC8 		.ascii	"W\006\256\310=z'\313&\325\257\243\353\003\366\310`\355"
 270      3D7A27CB 
 270      26D5AFA3 
 270      EB03F6C8 
 270      60ED
 271 07f6 03E4B6A2 		.ascii	"\003\344\266\242\203\331\362\372\265K\361n\326\260s"
ARM GAS  /tmp/cco7Ap3X.s 			page 21


 271      83D9F2FA 
 271      B54BF16E 
 271      D6B073
 272 0805 AF864134 		.ascii	"\257\206A4\027\353\257\325\272}\336\024\271)(f\313\222"
 272      17EBAFD5 
 272      BA7DDE14 
 272      B9292866 
 272      CB92
 273 0817 DEE83961 		.ascii	"\336\3509a\342\\\211N\215\245u\324\205-\341\330\022"
 273      E25C894E 
 273      8DA575D4 
 273      852DE1D8 
 273      12
 274 0828 863DBCFB 		.ascii	"\206=\274\373\344>\267]\304\341v\376\270\300\261\027"
 274      E43EB75D 
 274      C4E176FE 
 274      B8C0B117 
 275 0838 18F6FC85 		.ascii	"\030\366\374\205\251)\203\372\320\246iC)\303N\216\365"
 275      A92983FA 
 275      D0A66943 
 275      29C34E8E 
 275      F5
 276 0849 E5BBEDC5 		.ascii	"\345\273\355\305t\037ta\3138\266\214a\323{\216v\371"
 276      741F7461 
 276      CB38B68C 
 276      61D37B8E 
 276      76F9
 277 085b A8B1BBDD 		.ascii	"\250\261\273\335\354-\347Xz\013^\266,\010\377c\314\226"
 277      EC2DE758 
 277      7A0B5EB6 
 277      2C08FF63 
 277      CC96
 278 086d C898F566 		.ascii	"\310\230\365f\313?\227FE\205\007\005\257\211\374C\364"
 278      CB3F9746 
 278      45850705 
 278      AF89FC43 
 278      F4
 279 087e D22FBE58 		.ascii	"\322/\276X\025\024n\211\334d\266\304\006\375\361\367"
 279      15146E89 
 279      DC64B6C4 
 279      06FDF1F7 
 280 088e 6B7FFEE1 		.ascii	"k\177\376\341\362\345\233\2036-\017\012EH\2102\260,"
 280      F2E59B83 
 280      362D0F0A 
 280      45488832 
 280      B02C
 281 08a0 CC6BF5EF 		.ascii	"\314k\365\357\376\264\344\263\225+\005cDLdtHL\364?\314"
 281      FEB4E4B3 
 281      952B0563 
 281      444C6474 
 281      484CF43F 
 282 08b5 961F85C6 		.ascii	"\226\037\205\306\204F}\026\275\321j\211\216ZMG\255\237"
 282      84467D16 
 282      BDD16A89 
 282      8E5A4D47 
 282      AD9F
 283 08c7 FEAF7AD6 		.ascii	"\376\257z\326\013>\312\363*\006^h\215\211e\335\020\212"
ARM GAS  /tmp/cco7Ap3X.s 			page 22


 283      0B3ECAF3 
 283      2A065E68 
 283      8D8965DD 
 283      108A
 284 08d9 636A43CC 		.ascii	"cjC\314\033C\254\272\260\365\241\226\267f\030\260\326"
 284      1B43ACBA 
 284      B0F5A196 
 284      B76618B0 
 284      D6
 285 08ea 1A6A3587 		.ascii	"\032j5\207X\305\025\202)\324\262a\323\307\346\245\033"
 285      58C51582 
 285      29D4B261 
 285      D3C7E6A5 
 285      1B
 286 08fb DEFF5B8C 		.ascii	"\336\377[\214`\014\213\266X\315\233\227nX!\274\355F"
 286      600C8BB6 
 286      58CD9B97 
 286      6E5821BC 
 286      ED46
 287 090d 1761B63A 		.ascii	"\027a\266:)\375(\327\347\233#\255\224\344\313\330\377"
 287      29FD28D7 
 287      E79B23AD 
 287      94E4CBD8 
 287      FF
 288 091e 832F6133 		.ascii	"\203/a3\264\305\252\264\315\237a\371j\263\365\247o\326"
 288      B4C5AAB4 
 288      CD9F61F9 
 288      6AB3F5A7 
 288      6FD6
 289 0930 C7C783BF 		.ascii	"\307\307\203\277\300\0201SW\3755\"86\326l\261\256\211"
 289      C0103153 
 289      57FD3522 
 289      3836D66C 
 289      B1AE89
 290 0943 8DD0877C 		.ascii	"\215\320\207|\032\035\0355\223s\255\331\252\243\223"
 290      1A1D1D35 
 290      9373ADD9 
 290      AAA393
 291 0952 E511131A 		.ascii	"\345\021\023\032\366ws\270ghTd\304Fs\270\221\302\370"
 291      F67773B8 
 291      67685464 
 291      C44673B8 
 291      91C2F8
 292 0965 74E93698 		.ascii	"t\3516\230\255\241~J?8\314\212.\205X=B\331\203\2772"
 292      ADA17E4A 
 292      3F38CC8A 
 292      2E85583D 
 292      42D983BF 
 293 097a BE2AD262 		.ascii	"\276*\322b\306\221h\214\272!\\y\366Q\336~\036\036\201"
 293      C691688C 
 293      BA215C79 
 293      F651DE7E 
 293      1E1E81
 294 098d 323A33DE 		.ascii	"2:3\336\234ck\2206\304\372/\231\021\205\263"
 294      9C636B90 
 294      36C4FA2F 
 294      991185B3 
ARM GAS  /tmp/cco7Ap3X.s 			page 23


 295              		.text
 296              		.section	.gnu.lto_.symtab.cb223e1595ecef18,"e",%progbits
 297 0000 74707336 		.ascii	"tps6211x_lld_get_power_en\000"
 297      32313178 
 297      5F6C6C64 
 297      5F676574 
 297      5F706F77 
 298 001a 00       		.ascii	"\000"
 299 001b 00       		.ascii	"\000"
 300 001c 00       		.ascii	"\000"
 301 001d 00000000 		.ascii	"\000\000\000\000\000\000\000\000"
 301      00000000 
 302 0025 F4000000 		.ascii	"\364\000\000\000"
 303 0029 74707336 		.ascii	"tps6211x_lld_set_power_en\000"
 303      32313178 
 303      5F6C6C64 
 303      5F736574 
 303      5F706F77 
 304 0043 00       		.ascii	"\000"
 305 0044 00       		.ascii	"\000"
 306 0045 00       		.ascii	"\000"
 307 0046 00000000 		.ascii	"\000\000\000\000\000\000\000\000"
 307      00000000 
 308 004e FA000000 		.ascii	"\372\000\000\000"
 309 0052 6170616C 		.ascii	"apalControlGpioGet\000"
 309      436F6E74 
 309      726F6C47 
 309      70696F47 
 309      657400
 310 0065 00       		.ascii	"\000"
 311 0066 02       		.ascii	"\002"
 312 0067 00       		.ascii	"\000"
 313 0068 00000000 		.ascii	"\000\000\000\000\000\000\000\000"
 313      00000000 
 314 0070 00010000 		.ascii	"\000\001\000\000"
 315 0074 6170616C 		.ascii	"apalDbgAssertMsg\000"
 315      44626741 
 315      73736572 
 315      744D7367 
 315      00
 316 0085 00       		.ascii	"\000"
 317 0086 02       		.ascii	"\002"
 318 0087 00       		.ascii	"\000"
 319 0088 00000000 		.ascii	"\000\000\000\000\000\000\000\000"
 319      00000000 
 320 0090 0B010000 		.ascii	"\013\001\000\000"
 321 0094 6170616C 		.ascii	"apalControlGpioSet\000"
 321      436F6E74 
 321      726F6C47 
 321      70696F53 
 321      657400
 322 00a7 00       		.ascii	"\000"
 323 00a8 02       		.ascii	"\002"
 324 00a9 00       		.ascii	"\000"
 325 00aa 00000000 		.ascii	"\000\000\000\000\000\000\000\000"
 325      00000000 
 326 00b2 10010000 		.ascii	"\020\001\000\000"
ARM GAS  /tmp/cco7Ap3X.s 			page 24


 327              		.text
 328              		.section	.gnu.lto_.opts,"e",%progbits
 329 0000 272D666E 		.ascii	"'-fno-openmp' '-fno-openacc' '-fno-pie' '-mcpu=cort"
 329      6F2D6F70 
 329      656E6D70 
 329      2720272D 
 329      666E6F2D 
 330 0033 65782D6D 		.ascii	"ex-m4' '-mthumb' '-mfloat-abi=softfp' '-mfpu=fpv4-s"
 330      34272027 
 330      2D6D7468 
 330      756D6227 
 330      20272D6D 
 331 0066 702D6431 		.ascii	"p-d16' '-march=armv7e-m+fp' '-O2' '-fstack-usage' '"
 331      36272027 
 331      2D6D6172 
 331      63683D61 
 331      726D7637 
 332 0099 2D666675 		.ascii	"-ffunction-sections' '-fdata-sections' '-fno-common"
 332      6E637469 
 332      6F6E2D73 
 332      65637469 
 332      6F6E7327 
 333 00cc 2720272D 		.ascii	"' '-flto' '-fshort-enums'\000"
 333      666C746F 
 333      2720272D 
 333      6673686F 
 333      72742D65 
 334              		.text
 335              		.comm	__gnu_lto_v1,1,1
 336              		.comm	__gnu_lto_slim,1,1
 337              		.ident	"GCC: (GNU Arm Embedded Toolchain 9-2020-q2-update) 9.3.1 20200408 (release)"
ARM GAS  /tmp/cco7Ap3X.s 			page 25


DEFINED SYMBOLS
                            *ABS*:0000000000000000 alld_TPS6211x.c
                            *COM*:0000000000000001 __gnu_lto_v1
                            *COM*:0000000000000001 __gnu_lto_slim

NO UNDEFINED SYMBOLS
