ARM GAS  /tmp/ccJdkHt5.s 			page 1


   1              		.cpu cortex-m4
   2              		.eabi_attribute 27, 1
   3              		.eabi_attribute 20, 1
   4              		.eabi_attribute 21, 1
   5              		.eabi_attribute 23, 3
   6              		.eabi_attribute 24, 1
   7              		.eabi_attribute 25, 1
   8              		.eabi_attribute 26, 1
   9              		.eabi_attribute 30, 2
  10              		.eabi_attribute 34, 1
  11              		.eabi_attribute 18, 4
  12              		.file	"hal_flash.c"
  13              		.section	.gnu.lto_.profile.c1b24359e3f8d2b2,"e",%progbits
  14 0000 789CE360 		.ascii	"x\234\343``\004B \000\000\000]\000\013"
  14      60044220 
  14      0000005D 
  14      000B
  15              		.text
  16              		.section	.gnu.lto_.icf.c1b24359e3f8d2b2,"e",%progbits
  17 0000 789CE360 		.ascii	"x\234\343``d\220c@\000V\206\035K'o\340b\354\237\270"
  17      60649063 
  17      40005686 
  17      1D4B276F 
  17      E062EC9F 
  18 0015 610A13D3 		.ascii	"a\012\023\323\317\351\373\345\230\327\257\271\323\314"
  18      CFE9FBE5 
  18      98D7AFB9 
  18      D3CC
  19 0023 C7F2E6C3 		.ascii	"\307\362\346\303\023?\006\000\311\335\015\212"
  19      133F0600 
  19      C9DD0D8A 
  20              		.text
  21              		.section	.gnu.lto_.jmpfuncs.c1b24359e3f8d2b2,"e",%progbits
  22 0000 789C8D8E 		.ascii	"x\234\215\216\261\015\302P\014D\357\331\277H\307\000"
  22      B10DC250 
  22      0C44EFD9 
  22      BF48C700 
  23 0010 BFC92EEC 		.ascii	"\277\311.\354E\012Z\224\2262\005[\000Bt\0244\024\324"
  23      450A5A94 
  23      9632055B 
  23      00427414 
  23      3414D4
  24 0023 6C80B200 		.ascii	"l\200\262\000\022\370\013\221H\241\211\245+|\266\237"
  24      12F80B91 
  24      48A189A5 
  24      2B7CB69F 
  25 0033 AF125AA2 		.ascii	"\257\022Z\242\241\\@\323\271L\342\234P\350\035\265P"
  25      A15C40D3 
  25      B94CE29C 
  25      50E81DB5 
  25      50
  26 0044 4A2B4DBD 		.ascii	"J+M\275\261\177\225\036\337:\355\272\177T\255w\016b"
  26      B17F951E 
  26      DF3AEDBA 
  26      7F54AD77 
  26      0E62
  27 0056 4F2E6A6A 		.ascii	"O.jj\014\274pCf\276\363\277\323\337n\032'`\001\274\364"
ARM GAS  /tmp/ccJdkHt5.s 			page 2


  27      0CBC7043 
  27      66BEF3BF 
  27      D3DF6E1A 
  27      276001BC 
  28 006b CF3B05E8 		.ascii	"\317;\005\350\001<\220\303:mnW\377Zp$[\361\2073\311"
  28      013C90C3 
  28      3A6D6E57 
  28      FF5A7024 
  28      5BF18733 
  29 0080 222B93AC 		.ascii	"\"+\223\254M\355\323\014\314\313P\340\363\277\350\003"
  29      4DEDD30C 
  29      CCCB50E0 
  29      F3BFE803 
  30 0090 91C85109 		.ascii	"\221\310Q\011"
  31              		.text
  32              		.section	.gnu.lto_.inline.c1b24359e3f8d2b2,"e",%progbits
  33 0000 789CE360 		.ascii	"x\234\343``d`bd\200\003f\006\026\341\267G\327\035f\312"
  33      60646062 
  33      64800366 
  33      0616E1B7 
  33      47D71D66 
  34 0015 068AF35F 		.ascii	"\006\212\363_\355\276\333\300\224\311\300\300~f\335"
  34      EDBEDBC0 
  34      94C9C0C0 
  34      7E66DD
  35 0024 9745CCA9 		.ascii	"\227E\314\251L\014L 5L\334@\015\214\023\374\330\204"
  35      4C0C4C20 
  35      354CDC40 
  35      0D8C13FC 
  35      D884
  36 0036 8034D369 		.ascii	"\2004\323i\016\240\021\342\2636?{\303\234\316\310\304"
  36      0EA011E2 
  36      B3363F7B 
  36      C39CCEC8 
  36      C4
  37 0047 A0C00834 		.ascii	"\240\300\0104\203\021H2\260\212544,`Jc``\0032\032\230"
  37      83114832 
  37      B08A3534 
  37      342C604A 
  37      63606003 
  38 005e 5240DA19 		.ascii	"R@\332\031\301\314$&\006\0268\233\201\205\201\351\354"
  38      C1CC2426 
  38      0616389B 
  38      818581E9 
  38      EC
  39 006f CCCDCF80 		.ascii	"\314\315\317\200,\016\210\361@\002\352$\246\011~\014"
  39      2C0E88F1 
  39      4002EA24 
  39      A6097E0C 
  40 007f AC820C60 		.ascii	"\254\202\014`\353\230\031@\006\276@\267E\004\250w\032"
  40      EB981940 
  40      06BE40B7 
  40      4504A877 
  40      1A
  41 0090 F56C6100 		.ascii	"\365la\000\000\316\2762l"
  41      00CEBE32 
  41      6C
ARM GAS  /tmp/ccJdkHt5.s 			page 3


  42              		.text
  43              		.section	.gnu.lto_.pureconst.c1b24359e3f8d2b2,"e",%progbits
  44 0000 789CE360 		.ascii	"x\234\343``d\340b```f\330\311\3028\223\205y&\013\000"
  44      6064E062 
  44      60606066 
  44      D8C9C238 
  44      93857926 
  45 0016 0B920212 		.ascii	"\013\222\002\022"
  46              		.text
  47              		.section	.gnu.lto_flashWaitErase.c1b24359e3f8d2b2,"e",%progbits
  48 0000 789C7D53 		.ascii	"x\234}S[KTQ\024\336\337\331\3476\352$\364\024\370\342"
  48      5B4B5451 
  48      14DEDFD9 
  48      E736EA24 
  48      F414F8E2 
  49 0014 43124139 		.ascii	"C\022A9B=\344\203\020\364\003\"\372\001Q6\241e\027f"
  49      423DE483 
  49      10F40322 
  49      FA015136 
  49      A1651766 
  50 0028 A2D7F65C 		.ascii	"\242\327\366\\\354:\245\017Y\026\331D2t!\254 2\262\313"
  50      EC3AA50F 
  50      5916D944 
  50      327421AC 
  50      2032B2CB 
  51 003c 314BD3EC 		.ascii	"1K\323\354f\367\240)\2220\273Z\221E\204\265\326>\307"
  51      66F7A029 
  51      9230BB5A 
  51      914584B5 
  51      D63EC7
  52 004f B2A88699 		.ascii	"\262\250\206\2315k\257\375}\337Z\347\333\373\270\002"
  52      356BAFFD 
  52      7DDF5AE7 
  52      DBFBB802 
  53 005f 62B92944 		.ascii	"b\271)D\235\020b\001\375`\013\030J\251\271N\3025 \203"
  53      9D106201 
  53      FD600B18 
  53      4AA9B94E 
  53      C2352083 
  54 0073 4C1A665B 		.ascii	"L\032f[C\275c\252\002k`\344\353\034S\025\231\200\336"
  54      43BD63AA 
  54      026B60E4 
  54      EB1C5315 
  54      9980DE
  55 0086 53AE15A0 		.ascii	"S\256\025\240:]\210\365\2064-P\024??\015r\227D\323\346"
  55      3A5D88F5 
  55      86342D50 
  55      143F3F0D 
  55      729744D3 
  56 009b 8EFBE1E9 		.ascii	"\216\373\341\351\007\225J*o\327hU\"U?%K\230\335R`V\011"
  56      07954A2A 
  56      6FD76855 
  56      22553F25 
  56      4B98DD52 
  57 00b2 2A4A3412 		.ascii	"*J4\022g0\235\260\371d\313\227\242\3552+\001\223\226"
  57      67309DB0 
  57      F964CB97 
ARM GAS  /tmp/ccJdkHt5.s 			page 4


  57      A2ED322B 
  57      019396
  58 00c5 3BFA4EF6 		.ascii	";\372N\366\026\360\322@)-\033\357\275=*e\004\202\362"
  58      16F0D240 
  58      292D1BEF 
  58      BD3D2A65 
  58      0482F2
  59 00d8 DE8F8D7B 		.ascii	"\336\217\215{C\323rZ\265?'\325\324\254\2248\007\311"
  59      43D3725A 
  59      B53F27D5 
  59      D4AC9438 
  59      07C9
  60 00ea B2675182 		.ascii	"\262gQ\202\016\2200\325H\372<\246\011\246<;1\326\024"
  60      0E9030D5 
  60      48FA3CA6 
  60      09A63C3B 
  60      31D614
  61 00fd B64DEECC 		.ascii	"\266M\356\314\035/\300\306oU\010\015;p\270\365#\344"
  61      1D2FC0C6 
  61      6F55080D 
  61      3B70B8F5 
  61      23E4
  62 010f 6CDD65DB 		.ascii	"l\335e\333\343w\237\254\262V\345Q\227\261!\271Gy\351"
  62      E3779FAC 
  62      B256E551 
  62      97B121B9 
  62      4779E9
  63 0122 D2AC34D1 		.ascii	"\322\2544\321\371G#\341S\273\367\367\3649\262RSG\357"
  63      F94723E1 
  63      53BBF7F7 
  63      F439B252 
  63      5347EF
  64 0135 ED7BC854 		.ascii	"\355{\310T\036p\264\335jV^\202\250\002]>\365\327\243"
  64      1E70B4DD 
  64      6A565E82 
  64      A8025D3E 
  64      F5D7A3
  65 0148 4F180D97 		.ascii	"O\030\015\227P\206\213(\323\303M\334I\223\313j\377`"
  65      50868B28 
  65      D3C34DDC 
  65      4993CB6A 
  65      FF60
  66 015a C612B80C 		.ascii	"\306\022\270\014[\217:att\323\243x\314@\017eB\030\343"
  66      5B8F3A61 
  66      7474D3A3 
  66      78CC400F 
  66      654218E3 
  67 016e 42C7062C 		.ascii	"B\307\006,O\215}\337\250\274\374g\344^e0\031d\212eP"
  67      4F8D7DDF 
  67      A8BCFC67 
  67      E45E6530 
  67      19648A65 
  68 0183 B02505C7 		.ascii	"\260%\005\307\244\340Z\034l\016\016\007\2277\012\301"
  68      A4E05A1C 
  68      6C0E0E07 
  68      97370AC1 
  69 0193 BE85052B 		.ascii	"\276\205\005+\025\353(\304V)F\276\036\232\003\345qn"
ARM GAS  /tmp/ccJdkHt5.s 			page 5


  69      15EB28C4 
  69      562946BE 
  69      1E9A03E5 
  69      716E
  70 01a5 E83C4179 		.ascii	"\350<AyF\362-P&R\264x\211\344\331\341-\2036\017\332"
  70      46F22D50 
  70      2652B478 
  70      89E4D9E1 
  70      2D83360F 
  71 01ba 22D9E1ED 		.ascii	"\"\331\341\355\251wy\227OQjc\274G\307\037N\312\2415"
  71      A9777997 
  71      4F516A63 
  71      BC47C71F 
  71      4ECAA135 
  72 01ce 41147224 		.ascii	"A\024r$\324\"\013q\205M\244\275D\366\311i\273\242M\371"
  72      D4220B71 
  72      854DA4BD 
  72      44F6C969 
  72      BBA24DF9 
  73 01e2 5B167A91 		.ascii	"[\026z\221C\263\177\\}\250\320\332!_\330\230(l\375M"
  73      43B37F5C 
  73      7DA8D0DA 
  73      215FD898 
  73      286CFD4D 
  74 01f6 B880BAE3 		.ascii	"\270\200\272\343j \334\326~\360F\230\204\033\365V!\372"
  74      6A20DCD6 
  74      7EF04698 
  74      841BF556 
  74      21FA
  75 0208 B5309F38 		.ascii	"\2650\2378\256\221\360k\324\227\372\272a\222\0264\022"
  75      AE91F06B 
  75      D497FABA 
  75      61921634 
  75      12
  76 0219 713A1247 		.ascii	"q:\022G\336\333i$\003\275\"6\224A\002\327\221FV\206"
  76      DEDB6924 
  76      03BD2236 
  76      944102D7 
  76      91465686 
  77 022d C573A45F 		.ascii	"\305s\244_t\345\233+\002*qNm~s8\304#\011\0007\202\253"
  77      74E59B2B 
  77      022A714E 
  77      6D7E7338 
  77      C4230900 
  78 0244 9191E67B 		.ascii	"\221\221\346{\366\312\267\347b~8\323\3450\205\005\211"
  78      F6CAB7E7 
  78      627E38D3 
  78      E5308505 
  78      89
  79 0255 33F46130 		.ascii	"3\364a0_X\331\2566\221&\035\346MT\212\267H\006\363\024"
  79      5F58D9AE 
  79      3691261D 
  79      E64D548A 
  79      B74806F3 
  80 026a 137F14C5 		.ascii	"\023\177\024\305\244.\037={\000\322\262\032\352\357"
  80      A42E1F3D 
  80      7B00D2B2 
ARM GAS  /tmp/ccJdkHt5.s 			page 6


  80      1AEAEF
  81 0279 F7C871AF 		.ascii	"\367\310q\257w\0167\267\302\207J}u\250\366mcP1\251H"
  81      770E37B7 
  81      C2874A7D 
  81      75A8F66D 
  81      635031A9 
  82 028e 85D4F10D 		.ascii	"\205\324\361\015A\301\242\032u\274\266o\317\003\375"
  82      41C1A21A 
  82      75BCB66F 
  82      CF03FD
  83 029d 9AB9F0D2 		.ascii	"\232\271\360\322U\270Es\022j\3578\212\201\204\032\356"
  83      55B84573 
  83      126AEF38 
  83      8A81841A 
  83      EE
  84 02ae BC7D3740 		.ascii	"\274}7@\0159\030\360A\247\307A\016\341\0104ryg\225\217"
  84      0D3918F0 
  84      41A7C741 
  84      0EE10834 
  84      72796795 
  85 02c3 79E1E0B6 		.ascii	"y\341\340\266\306\374\352\357\022\214\274M?\375\234"
  85      C6FCEAEF 
  85      128CBC4D 
  85      3FFD9C
  86 02d2 6AEA015F 		.ascii	"j\352\001_N>\213\226C\375\337C\354\253\233\225\223v"
  86      4E3E8B96 
  86      43FDDF43 
  86      ECAB9B95 
  86      9376
  87 02e4 D3BBDDCD 		.ascii	"\323\273\335\315\236\336!O\311x\252\025k\223\360o\207"
  87      9EDE214F 
  87      C978AA15 
  87      6B93F06F 
  87      87
  88 02f5 EE92437C 		.ascii	"\356\222C|\003\241]Mz\354\361\214\362\362\010}WDc\253"
  88      03A15D4D 
  88      7AECF18C 
  88      F2F2087D 
  88      574463AB 
  89 0309 A2759179 		.ascii	"\242u\221y5\265Kj\347/\214\254\216Gj\026\327E\342\261"
  89      35B54B6A 
  89      E72F8CAC 
  89      8E476A16 
  89      D745E2B1 
  90 031d 6AFE5FB4 		.ascii	"j\376_\264\254nq\274\246\274Z\230K\243\353\326\230+"
  90      AC6E71BC 
  90      A6BC5A98 
  90      4BA3EBD6 
  90      982B
  91 032f E3D16A19 		.ascii	"\343\321j\031\215\305\"\377\243\256\216S\210\255\235"
  91      8DC522FF 
  91      A3AE8E53 
  91      88AD9D
  92 033e B9AAD6CF 		.ascii	"\271\252\326\317\313k\304\017\267\250\216\243"
  92      CB6BC40F 
  92      B7A88EA3 
  93              		.text
ARM GAS  /tmp/ccJdkHt5.s 			page 7


  94              		.section	.gnu.lto_flashGetSectorOffset.c1b24359e3f8d2b2,"e",%progbits
  95 0000 789C9554 		.ascii	"x\234\225T\335O\\E\024\237s\317\334\273w\027XA\240\""
  95      DD4F5C45 
  95      149F73CF 
  95      DCBB7717 
  95      5841A022 
  96 0014 F8C08384 		.ascii	"\370\300\203\2044i\330&\366\305\370b\322\304\370`\342"
  96      3469D826 
  96      F6C5F862 
  96      D2C4F860 
  96      E2
  97 0025 837F8069 		.ascii	"\203\177\200i\227%\020\2114l\343kg?\24416H\242\246\335"
  97      97251089 
  97      346CE36B 
  97      673FA431 
  97      3648A2A6 
  98 003a 8DEB25AE 		.ascii	"\215\353%\256\320&5-Jc\213\364c\225\326v[\260\037V\244"
  98      D026352D 
  98      4A638BF4 
  98      6395D676 
  98      5BB01F56 
  99 004f A8C53476 		.ascii	"\250\3054vU\242\220\024\322hB\300sf.\037E^z\263;;3\347"
  99      55A29014 
  99      D26842C0 
  99      73662E1F 
  99      455E7AB3 
 100 0067 FC7EE777 		.ascii	"\374~\347w~3{]\001b\321\026\342\025!D+}\301\025`)\245"
 100      7E337B5D 
 100      0162D116 
 100      E2152144 
 100      2B7DC115 
 101 007e 5E0C245C 		.ascii	"^\014$\\\313\302\211\314\260#UH\016\227\306\237\227"
 101      CBC289CC 
 101      B0235548 
 101      0E97C69F 
 101      97
 102 008f AA1C41FA 		.ascii	"\252\034A\3721i\331\331\341\322\016\2129\245\361L5\305"
 102      3169D9D9 
 102      E1D20E8A 
 102      39A5F14C 
 102      35C5
 103 00a1 6C08F831 		.ascii	"l\010\3701gm\026\000\3203\345\2028`\241\264\235\000"
 103      676D1600 
 103      D033E582 
 103      3860A1B4 
 103      9D00
 104 00b3 1C80F7F0 		.ascii	"\034\200\367\3600\302\335d\356\237\362^\364P\200\244"
 104      30C2DD64 
 104      EE9FF25E 
 104      F45080A4 
 105 00c3 E507574F 		.ascii	"\345\007WO\025C\274\004h\244ez\362\343\021\271\375\250"
 105      1543BC04 
 105      68A4657A 
 105      F2E311B9 
 105      FDA8
 106 00d5 52495538 		.ascii	"RIU8<\345\034;uC\005=\264D\206\322G\241\001\276\202"
 106      3CE51C3B 
ARM GAS  /tmp/ccJdkHt5.s 			page 8


 106      7543053D 
 106      B44486D2 
 106      47A101BE 
 107 00ea 06C10F9C 		.ascii	"\006\301\017\234\205\355\224\33679\367\031b\004\004"
 107      85ED94DE 
 107      3739F719 
 107      620404
 108 00f9 CD8B0B7D 		.ascii	"\315\213\013}\037\005\233\0074\364\342 \252g=D8\007"
 108      1F059B07 
 108      34F4E220 
 108      AA673D44 
 108      3807
 109 010b F80894F6 		.ascii	"\370\010\224\366\010|\036\232\0110SH\246%\356\322\340"
 109      087C1E9A 
 109      09305348 
 109      A625EED2 
 109      E0
 110 011c E30BC99B 		.ascii	"\343\013\311\233\025>x.[7\230R/{(\341\302\377\340\222"
 110      153E782E 
 110      5B379852 
 110      2F7B28E1 
 110      C2FFE092 
 111 0130 E0056816 		.ascii	"\340\005h\026\014\372\262poD\342\013\232\340\267\376"
 111      0CFAB270 
 111      6F44E20B 
 111      9AE0B7FE 
 112 0140 BEA5F2A6 		.ascii	"\276\245\362\246\274&X\316\326\347S\352\212\222\036"
 112      BC2658CE 
 112      D6E753EA 
 112      8A921E
 113 014f DAF0F526 		.ascii	"\332\360\365&\012~(\177\361\375\351\2310\276\244\261"
 113      0A7E287F 
 113      F1FDE999 
 113      30BEA4B1 
 114 015f 0F16DE19 		.ascii	"\017\026\336\031\226>\366a\266\346\023\037k\301\330"
 114      963EF661 
 114      B6E6131F 
 114      6BC1D8
 115 016e D6D87B9F 		.ascii	"\326\330{\237/\177X\341H\270\010M\360\0154\2619l\311"
 115      2F7F58E1 
 115      48B8084D 
 115      F00D34B1 
 115      396CC9
 116 0181 2570E850 		.ascii	"%p\350P\005\256\356\347Q\234\274e\027\324\362\312Aj"
 116      05AEEEE7 
 116      519CBC65 
 116      17D4F2CA 
 116      416A
 117 0193 AA7E69F1 		.ascii	"\252~i\361~U-P\013\216EC\000ip%\015A\233\206\220\303"
 117      7E552D50 
 117      0B8E4543 
 117      00697025 
 117      0D419B86 
 118 01a9 43808632 		.ascii	"C\200\2062\227\003A\236\205xV&\230/\014lZ\245`\336*"
 118      9703419E 
 118      85785626 
 118      982F0C6C 
ARM GAS  /tmp/ccJdkHt5.s 			page 9


 118      5AA560DE 
 119 01be 6007AAF5 		.ascii	"`\007\252\365~\215\036\205x\027\005\035\270\222\240"
 119      7E8D1E85 
 119      7817051D 
 119      B892A0
 120 01cd 0A421C42 		.ascii	"\012B\034B\313,\022\264\230\205\344\331?O\216mcy9\004"
 120      CB2C12B4 
 120      9885E4D9 
 120      3F4F8E6D 
 120      63793904 
 121 01e1 92DF9B9A 		.ascii	"\222\337\233\232\277\353\362\221\243\356\2760=t'<\000"
 121      BFEBF291 
 121      A3EEBE30 
 121      3D74273C 
 121      00
 122 01f2 F904411A 		.ascii	"\371\004A\032=,\317a\030\276\345n)\226\360f\3168;O("
 122      3D2CCF61 
 122      18BEE56E 
 122      2996F066 
 122      CE383B4F 
 123 0207 1372E032 		.ascii	"\023r\3402\014\300\021\323\355\025\330\251\271\203\206"
 123      0CC011D3 
 123      ED15D8A9 
 123      B98386
 124 0216 D8DA48EC 		.ascii	"\330\332H\354lE\\A\325\241\350\023\2378}\364z\005\021"
 124      6C455C41 
 124      D5A1E813 
 124      9F387DF4 
 124      7A0511
 125 0229 F7E95018 		.ascii	"\367\351P\030\256jb`\342kD\374\027\244\033\015o%Q\013"
 125      AE6A6260 
 125      E26B44FC 
 125      17A41B0D 
 125      6F25510B 
 126 023d 92E4E113 		.ascii	"\222\344\341\023\246\225\221\250\011\340\306\202\366"
 126      A69591A8 
 126      09E0C682 
 126      F6
 127 024a 5605095A 		.ascii	"V\005\011Z\011\343[\026\254\202\011]\320\342\202\337"
 127      09E35B16 
 127      AC82095D 
 127      D0E282DF 
 128 025a E94E5267 		.ascii	"\351NRg\016\202a\226D\236\303*.\267\264\272g\3236\251"
 128      0E826196 
 128      449EC32A 
 128      2EB7B4BA 
 128      67D336A9 
 129 026e 7ADB57E5 		.ascii	"z\333W\345\020\343\350\342\271\331`\032\222\211:\017"
 129      10E3E8E2 
 129      B9D9601A 
 129      92893A0F 
 130 027e 9FCCB076 		.ascii	"\237\314\260v\270\016i \2616E/\317\377}\033XZ\010\004"
 130      B80E6920 
 130      B136452F 
 130      CFFF7D1B 
 130      585A0804 
 131 0292 DC80060F 		.ascii	"\334\200\006\017\253\305}H\377\261\333'\340=}\237\016"
ARM GAS  /tmp/ccJdkHt5.s 			page 10


 131      ABC57D48 
 131      FFB1DB27 
 131      E03D7D9F 
 131      0E
 132 02a3 21D21FF9 		.ascii	"!\322\037\3719>+k\265m\026\234;6\276\242\351]\017k2"
 132      393E2B6B 
 132      B56D169C 
 132      3B36BEA2 
 132      E95D0F6B 
 133 02b8 AC146E32 		.ascii	"\254\024n2\375\306\266k\365r\243\220\332<\232;:\243"
 133      FDC6B66B 
 133      F572A390 
 133      DA3C9A3B 
 133      3AA3
 134 02ca 1E4C84D8 		.ascii	"\036L\204\330\213J\017\267\301\367\204\204[\276\025"
 134      8B4A0FB7 
 134      C1F78484 
 134      5BBE15
 135 02d9 0BBF5F3A 		.ascii	"\013\277_:\357r\376\021\355E-\334&/\314\355\375\201"
 135      EF72FE11 
 135      ED452DDC 
 135      262FCCED 
 135      FD81
 136 02eb F23C7C4A 		.ascii	"\362<|J\313\222\233\356\320h>d\264\007\036\313\352:"
 136      CB929BEE 
 136      D0683E64 
 136      B4071ECB 
 136      EA3A
 137 02fd 98D456B3 		.ascii	"\230\324V\263.\370\221\254f\027\306v\255S\255uSGNM\255"
 137      2EF891AC 
 137      6617C676 
 137      AD53AD75 
 137      53474E4D 
 138 0312 B962D32B 		.ascii	"\271b\323+\260d\371\345SC=\023\247?\265\014\310\245"
 138      B064F9E5 
 138      53433D13 
 138      A73FB50C 
 138      C8A5
 139 0324 C321DCBF 		.ascii	"\303!\334\277s\003S\3108\011.\334!\034\245}\321\343"
 139      730353C8 
 139      38092EDC 
 139      211CA57D 
 139      D1E3
 140 0336 9F5790B8 		.ascii	"\237W\220\270)S+/>c\366j6\351\356\037\344?\342\323\224"
 140      29532B2F 
 140      3E63F66A 
 140      36E9EE1F 
 140      E43FE2D3 
 141 034b 6CCA3E2A 		.ascii	"l\312>*\275\277dyX\017\323Z\274d\361?\221xV\346\320"
 141      BDBF6479 
 141      580FD35A 
 141      BC64F13F 
 141      917856E6 
 142 0360 4B3903EB 		.ascii	"K9\003\353\306\\\310\3575\005B\217eL\003\374\254\271"
 142      C65CC8EF 
 142      3505428F 
 142      654C03FC 
ARM GAS  /tmp/ccJdkHt5.s 			page 11


 142      ACB9
 143 0372 6DE6FEC5 		.ascii	"m\346\376\305\334\301\241\236\"\032\256j\242\343K\310"
 143      DCC1A19E 
 143      221AAE6A 
 143      A2E34BC8 
 144 0382 0503EB27 		.ascii	"\005\003\353'1\007\311\376\343\275\365&\247\214\242"
 144      3107C9FE 
 144      E3BDF526 
 144      A78CA2
 145 0391 0FA18C3A 		.ascii	"\017\241\214:\263\263\363\277\002\201\234\331.z\025"
 145      B3B3F3BF 
 145      02819CD9 
 145      2E7A15
 146 03a0 C00A3DA8 		.ascii	"\300\012=\250_\005B\354hi\211\320\347\215X\367\233\261"
 146      5F0542EC 
 146      686989D0 
 146      E78D58F7 
 146      9BB1
 147 03b2 CEC8EEF6 		.ascii	"\316\310\356\366\216\275\035\257\276\026\351\212G\332"
 147      8EBD1DAF 
 147      BE16E98A 
 147      47DA
 148 03c0 F77446E2 		.ascii	"\367tF\342\335Q\376}\275\255sO\274\275%*dk\354\255}"
 148      DD51FE7D 
 148      BDAD734F 
 148      BCBD252A 
 148      646BECAD 
 149 03d5 4E3C16DD 		.ascii	"N<\026\335\337\325\035j\215\305\243\335\035\373h\352"
 149      DFD51D6A 
 149      8DC5A3DD 
 149      1DFB68EA 
 150 03e5 74B5B5C5 		.ascii	"t\265\265\305c\373\377\003\323{\007="
 150      63FBFF03 
 150      D37B073D 
 151              		.text
 152              		.section	.gnu.lto_flashGetSectorSize.c1b24359e3f8d2b2,"e",%progbits
 153 0000 789C9554 		.ascii	"x\234\225T\337o\024U\024\276\337\234;\263\263c\227\226"
 153      DF6F1455 
 153      14BEDF9C 
 153      3BB3B363 
 153      9796
 154 0012 96E2DAC6 		.ascii	"\226\342\332\306\244\0176\015\011\351\222\300\213\361"
 154      A40F360D 
 154      09E992C0 
 154      8BF1
 155 0020 C584C418 		.ascii	"\305\204\304\030_|\360\0170\270]\323\306FH\327\370 "
 155      5F7CF00F 
 155      30B85DD3 
 155      C64648D7 
 155      F820
 156 0032 09CCFE00 		.ascii	"\011\314\376\000\022%\320\007\014,q\231\352f\203Q\203"
 156      1225D007 
 156      0C2C7199 
 156      EA668351 
 156      83
 157 0043 681B8542 		.ascii	"h\033\205B\353j\371Uh\005*T~\010M\210Vhj\033\255!\220"
 157      EB6AF955 
ARM GAS  /tmp/ccJdkHt5.s 			page 12


 157      68052A54 
 157      7E084D88 
 157      56686A1B 
 158 005a 345BCFBD 		.ascii	"4[\317\2753\375AmL\234\354\336\275\367\236\363}\347"
 158      33FD416D 
 158      4C9CECDE 
 158      BDF79EF3 
 158      7DE7
 159 006c 3BDFBDB3 		.ascii	";\337\275\263\266\200\270m\012\361\212\020\242\205\277"
 159      B680B86D 
 159      0AF18A10 
 159      A285BF
 160 007b B0050CD7 		.ascii	"\260\005\014\327u_\014\245l\303\240\341\\\267%]Gv\217"
 160      755F0CA5 
 160      6CC3A0E1 
 160      5CB7255D 
 160      47768F
 161 008e 0F3D2FDD 		.ascii	"\017=/\335\012\202\014b\3220\017w\217\257\347\2305>"
 161      0A820C62 
 161      D2300F77 
 161      8FAFE798 
 161      353E
 162 00a0 94ABE198 		.ascii	"\224\253\341\230\211P\020\263\026f!@\317\\\033b\247"
 162      895010B3 
 162      16662140 
 162      CF5C1B62 
 162      A7
 163 00b1 41D2B442 		.ascii	"A\322\264B\330\211\375t\220p7\235\177T\261\217<\022"
 163      D889FD74 
 163      9070379D 
 163      7F54B18F 
 163      3C12
 164 00c3 90BC3C70 		.ascii	"\220\274<p\261g\320QK\240\201\227\331\321#'\345\272"
 164      B167D051 
 164      4BA08197 
 164      D9D12327 
 164      E5BA
 165 00d5 A3AE9B76 		.ascii	"\243\256\233vK\007{C\207{\256\270a\217\014\221\343\364"
 165      4B077B43 
 165      877BAEB8 
 165      618F0C91 
 165      E3F4
 166 00e7 53A8472F 		.ascii	"S\250G/\352\205zp\032\3538\275st\352\013\242\030\004"
 166      EA857A70 
 166      1AEB38BD 
 166      7374EA0B 
 166      A21804
 167 00fa CF07673A 		.ascii	"\317\007g:?\0127\0255\364L\221\334\347<\"\364\201\236"
 167      3F0A3715 
 167      35F44C91 
 167      DCE73C22 
 167      F4819E
 168 010d 80F21E83 		.ascii	"\200\362\036\203\373\321\304\200\261R:+i\223\006\177"
 168      FBD1C480 
 168      B1523A2B 
 168      6993067F 
 169 011d 3E93BE1A 		.ascii	">\223\276\032\011\300\017\363\321b\306}\331#\211\357"
ARM GAS  /tmp/ccJdkHt5.s 			page 13


 169      09C00FF3 
 169      D162C67D 
 169      D92389EF 
 170 012d FE05970C 		.ascii	"\376\005\227\014/\241I(\3207\245{'%\275\240\011~\355"
 170      2FA14928 
 170      D037A57B 
 170      2725BDA0 
 170      097EED
 171 0140 EA9CAD68 		.ascii	"\352\234\255h,h\202sG\352\012\031\367\202+=2\361\375"
 171      2C688273 
 171      47EA0A19 
 171      F7822B3D 
 171      32F1FD
 172 0153 320AF570 		.ascii	"2\012\365p\376'\251\353\227\"\364\222\306\376\271\253"
 172      FE27A9EB 
 172      9722F492 
 172      C6FEB9AB 
 173 0163 7F241260 		.ascii	"\177$\022`\313\371\350\307\001\326\300\300\312\330{"
 173      CBF9E8C7 
 173      01D6C0C0 
 173      CAD87B
 174 0172 5F953F8C 		.ascii	"_\225?\214X\022g\320\210\037\320\250\314Q\226\234\205"
 174      581267D0 
 174      881FD0A8 
 174      CC51969C 
 174      85
 175 0183 C5872A68 		.ascii	"\305\207*h~\277@\342\313\021\263\344\226\347\366pS\317"
 175      7EBF40E2 
 175      CB11B3E4 
 175      96E7F670 
 175      53CF
 176 0195 4EF69457 		.ascii	"N\366\224W\257\001\267`\031<\204\210\007[\362\0206y"
 176      AF01B760 
 176      193C8488 
 176      075BF210 
 176      3679
 177 01a7 702C3584 		.ascii	"p,5\204xx\312V\201\260\2329BQE\240\374\252\024\212\262"
 177      7878CA56 
 177      81B09A39 
 177      425145A0 
 177      FCAA148A 
 178 01bc 0AAAF96A 		.ascii	"\012\252\371j\275_\243G!> \301g\355J\270%!\366\222\341"
 178      BD5FA347 
 178      213E20C1 
 178      67ED4AB8 
 178      2521F692 
 179 01d1 2F52BC98 		.ascii	"/R\274\230@\372\364\203\373\003k\225\262<\201\225\357"
 179      40FAF483 
 179      FB036B95 
 179      B23C8195 
 179      EF
 180 01e2 CB4CDFB5 		.ascii	"\313L\337\265\325i\223n\274t\353\370\315UE\024R\014"
 180      D569936E 
 180      BC74EBF8 
 180      CD554514 
 180      520C
 181 01f4 69F0A822 		.ascii	"i\360\250\"O\021\234S\215r,\345\215\235\2606\034s\375"
ARM GAS  /tmp/ccJdkHt5.s 			page 14


 181      4F119C53 
 181      8D722CE5 
 181      8D9DB036 
 181      1C73FD
 182 0207 9085F328 		.ascii	"\220\205\363(\342\220\337\350\005l\320\334a\237\330"
 182      E290DFE8 
 182      056CD0DC 
 182      619FD8
 183 0216 584A6CAD 		.ascii	"XJl\255D\034\341\352\030\014\210\217}{\364r\204\211"
 183      441CE1EA 
 183      180C888F 
 183      7D7BF472 
 183      8489
 184 0228 3B756815 		.ascii	";uh\025.jb(\342KL<\211l\203\317[\311\324\202%yT\351"
 184      2E6A6228 
 184      E24B4C3C 
 184      896C83CF 
 184      5BC9D482 
 185 0240 B73211F7 		.ascii	"\2672\021\367\003\264\264\240\271R\301*Fch\305\202\253"
 185      03B4B4A0 
 185      B952C12A 
 185      466368C5 
 185      82AB
 186 0252 31AC0B1A 		.ascii	"1\254\013\032\252\340\217\272\223\314\211=\360\231%"
 186      AAE08FBA 
 186      93CC893D 
 186      F09925
 187 0261 93E7A94A 		.ascii	"\223\347\251J\225\233\235\3373y\233U\355\012TY\314x"
 187      959B9DDF 
 187      33799B55 
 187      ED0A5459 
 187      CC78
 188 0273 EAEFBE89 		.ascii	"\352\357\276\211p\026\351T\324\243\352\234\322\216\313"
 188      7016E954 
 188      D4A3EA9C 
 188      D28ECB
 189 0282 C882C59A 		.ascii	"\310\202\305\232\034=?\375\3075(i\016\004\256\240\336"
 189      1C3D3FFD 
 189      C7352869 
 189      0E04AEA0 
 189      DE
 190 0293 A31AF11B 		.ascii	"\243\032\361\033\262\3677\007\004jO_\245\275D\374\016"
 190      B2F73707 
 190      046A4F5F 
 190      A5BD44FC 
 190      0E
 191 02a4 6F546765 		.ascii	"oTge\314\267\255\004\347?\035\232\323\364\266GkrJ)\256"
 191      CCB7AD04 
 191      E73F1D9A 
 191      D3F4B647 
 191      6B724A29 
 192 02b9 2AFAA56D 		.ascii	"*\372\245m\327\352\345R!\265\005\362\257\347\230\373"
 192      D7EAE552 
 192      21B505F2 
 192      AFE798FB 
 193 02c9 D7B0A3BC 		.ascii	"\327\260\243\274\250\362h-~b$F\002+f~?\333o\253\374"
 193      A8F2682D 
ARM GAS  /tmp/ccJdkHt5.s 			page 15


 193      7E622446 
 193      022B667E 
 193      3FDB6FAB 
 194 02de 43DA8B5A 		.ascii	"C\332\213Z\\c/\374\213{\235\363<zZ\313\222\313\356\320"
 194      5C632FFC 
 194      8B7B9DF3 
 194      3C7A5ACB 
 194      92CBEED0 
 195 02f2 64C1F1B5 		.ascii	"d\301\361\265\207\376\227\325Q\214j\253\225.\374\314"
 195      87FE97D5 
 195      518C6AAB 
 195      952EFCCC 
 196 0302 562B1706 		.ascii	"V+\027\0066-R-t\023e\247n,\270b\362\277\337\270\021"
 196      362D522D 
 196      741365A7 
 196      6E2CB862 
 196      F2BFDFB8 
 197 0317 94CF1CDF 		.ascii	"\224\317\034\337}\247o68\013\233\017\207q\217\247\212"
 197      7DA76F36 
 197      380B9B0F 
 197      87718FA7 
 197      8A
 198 0328 3748E124 		.ascii	"7H\341$l\334d\034\247}\275;\310\01137gj\345\203u\376"
 198      6CDC641C 
 198      A77DBD3B 
 198      C8093337 
 198      676AE583 
 199 033e 5ECD32DD 		.ascii	"^\3152\335]e\365\">\303\311~\331'\245w\365\033\036\325"
 199      5D65F522 
 199      3EC3C97E 
 199      D927A577 
 199      F51B1ED5 
 200 0352 E196162F 		.ascii	"\341\226\026/\225\370\333,^)\263\370\3778\207Ec\036"
 200      95F8DB2C 
 200      5E29B3F8 
 200      FF388745 
 200      631E
 201 0364 0D587E81 		.ascii	"\015X~\201\352\345\005zU\201\377\360\246\016\277hzS"
 201      EAE5057A 
 201      5581FFF0 
 201      A60EBF68 
 201      7A53
 202 0376 D1DF09E8 		.ascii	"\321\337\011\350C\213\276O!\3355\275?\220\357p\364!"
 202      438BBE4F 
 202      21DD35BD 
 202      3F90EF70 
 202      F421
 203 0388 1CEEC3FC 		.ascii	"\034\356\303\374l;\027\263\336\337\301\257=\346\370"
 203      6C3B17B3 
 203      DEDFC1AF 
 203      3DE6F8
 204 0397 21FDDA0B 		.ascii	"!\375\332\013\261\276\2719\306\237\267\022\035o'\332"
 204      B1BEB939 
 204      C69FB712 
 204      1D6F27DA 
 205 03a7 639B5BDB 		.ascii	"c\233[\333\336h{\365\265\330\326d\254uK{,\331\021W\277"
 205      DE687BF5 
ARM GAS  /tmp/ccJdkHt5.s 			page 16


 205      B5D8D664 
 205      AC754B7B 
 205      2CD91157 
 206 03bc AFBFD9BE 		.ascii	"\257\277\331\276%\331\332\034\027\262%\361\3566+\231"
 206      25D9DA1C 
 206      17B225F1 
 206      EE362B99 
 207 03cc 88BFB3B5 		.ascii	"\210\277\263\265\303iI$\343\035m\333x*\223m\357%\376"
 207      C3694924 
 207      E31D6DDB 
 207      782A936D 
 207      EF25FE
 208 03df 013A0EFF 		.ascii	"\001:\016\377Q"
 208      51
 209              		.text
 210              		.section	.gnu.lto_.symbol_nodes.c1b24359e3f8d2b2,"e",%progbits
 211 0000 789C75CD 		.ascii	"x\234u\315\275\016\001Q\024\004\340\2319ww\275\205\304"
 211      BD0E0151 
 211      1404E099 
 211      397777BD 
 211      85C4
 212 0012 2B68943C 		.ascii	"+h\224<\224\372\334FM\253W\370\247VK4\242\365\002\242"
 212      94FADC46 
 212      4DAB57F8 
 212      A7564B34 
 212      A2F502A2 
 213 0026 566B58BB 		.ascii	"VkX\273\254\302\232j\222o\222i\200H\010@39n\367i\207"
 213      ACC29A6A 
 213      926F9269 
 213      80480840 
 213      33396EF7 
 214 003c A313E0C0 		.ascii	"\243\023\340\300.\366\360\002h.g\314\023~(\331\010\261"
 214      2EF6F002 
 214      682E67CC 
 214      137E28D9 
 214      08B1
 215 004e 05981672 		.ascii	"\005\230\026r\375\331l\305b\303\245\334\036\3574\213"
 215      FDD96CC5 
 215      62C3A5DC 
 215      1EEF348B 
 216 005e 1D106317 		.ascii	"\035\020c\027\340Z\036\352e%Oj\305\220\014\007\347\203"
 216      E05A1EEA 
 216      65254F6A 
 216      C5900C07 
 216      E783
 217 0070 719F0594 		.ascii	"q\237\005\224\317\375\374#+\353\205\306\364z\034\267"
 217      CFFDFC23 
 217      2BEB85C6 
 217      F47A1CB7 
 218 0080 3949032B 		.ascii	"9I\003+\266/[\305\366a<\001DDRH"
 218      B62F5BC5 
 218      F6613C01 
 218      44445248 
 219              		.text
 220              		.section	.gnu.lto_.refs.c1b24359e3f8d2b2,"e",%progbits
 221 0000 789CE360 		.ascii	"x\234\343``d\340f```ddb\342ddfb\341d\000\000\002\022"
 221      6064E066 
ARM GAS  /tmp/ccJdkHt5.s 			page 17


 221      60606064 
 221      6462E264 
 221      646662E1 
 222 0019 0037     		.ascii	"\0007"
 223              		.text
 224              		.section	.gnu.lto_.decls.c1b24359e3f8d2b2,"e",%progbits
 225 0000 789CAD58 		.ascii	"x\234\255XkT\024\327\035\237;w\331\205e\027,\232\306"
 225      6B5414D7 
 225      1D9F3B77 
 225      D9856517 
 225      2C9AC6
 226 0013 1E735A93 		.ascii	"\036sZ\223Cj\332D\311\303\2234\247\375\220\223\234\266"
 226      436ADA44 
 226      C9C39334 
 226      A7FD9093 
 226      9CB6
 227 0025 F9D2E483 		.ascii	"\371\322\344\203i{\322\234v\263\342*\264\010vw\261\261"
 227      697BD29C 
 227      76B3E22A 
 227      B4087677 
 227      B1B1
 228 0037 FDD00116 		.ascii	"\375\320\001\026\344\245\202Fy\251<D\005\361\001\202"
 228      E4A58246 
 228      79A93C44 
 228      05F10182 
 229 0047 F8407041 		.ascii	"\370@pA\236>`EP\021A\360\005\312SA\020P\351\377\336"
 229      9E3E6045 
 229      501141F0 
 229      05CA5341 
 229      1050E9FF 
 230 005c 3BB3CCC0 		.ascii	";\263\314\300\256IO;\360\337\231{\347\377\372\375\356"
 230      AE494F3B 
 230      F0DF997B 
 230      E7FFFAFD 
 230      EE
 231 006d 73AE2787 		.ascii	"s\256'\207\270\037,\342\270\015\230\343\226\363\034"
 231      B81F2CE2 
 231      B80D98E3 
 231      96F31C
 232 007c 370D978A 		.ascii	"7\015\227\212\343\270K \344\356\000\271\001\322\005"
 232      E3B84B20 
 232      E4EE00B9 
 232      01D205
 233 008b A2E6D845 		.ascii	"\242\346\330E\356\203 \217A\236\202\360\210\3434 ~ "
 233      EE83208F 
 233      419E82F0 
 233      88E33420 
 233      7E20
 234 009d E0827B05 		.ascii	"\340\202{\005\356?A\234\342\352\200\362<\270\367\203"
 234      EE3F419C 
 234      E2EA80F2 
 234      3CB8F783 
 235 00ad F8812C10 		.ascii	"\370\201,\020}O\202\374\005\336\375\024d\011<\277\001"
 235      7D4F82FC 
 235      05DEFD14 
 235      64093CBF 
 235      01
ARM GAS  /tmp/ccJdkHt5.s 			page 18


 236 00be D204F267 		.ascii	"\322\004\362g(\033@^\003y\035\344k\020$\372\277\000"
 236      281B405E 
 236      03791DE4 
 236      6B1024FA 
 236      BF00
 237 00d0 F22778C6 		.ascii	"\362'x\306b\036+\021\313a\366\325\007u\257\310\342\215"
 237      621E2B11 
 237      CB61F6D5 
 237      0775AFC8 
 237      E28D
 238 00e2 88310996 		.ascii	"\2101\011\226\015\210\305\375\\\214\373/\304pE\241\231"
 238      0D88C5FD 
 238      5C8CFB2F 
 238      C47045A1 
 238      99
 239 00f3 F83690CF 		.ascii	"\3706\220\317@\276\001\211\006\211\001\331\010\022\013"
 239      40BE0189 
 239      068901D9 
 239      08120B
 240 0102 1207B290 		.ascii	"\022\007\262\220\330\200\304\203D\202$\200$\212~H\216"
 240      D880C483 
 240      44822480 
 240      248A7E48 
 240      8E
 241 0113 5FC1B305 		.ascii	"_\301\263\005$\034D\000Y'\346Lx\363\0239C\"_\362k\002"
 241      241C4400 
 241      5927E64C 
 241      78F31339 
 241      43225FF2 
 242 0129 CA8B6479 		.ascii	"\312\213dyO\376\037\363&m\331\316)\363v\227s\204,\347"
 242      4FFE1FF3 
 242      266DD9CE 
 242      29F37697 
 242      73842CE7 
 243 013d A7B3729E 		.ascii	"\247\263r\236\335\276)\030uF\356z\242\333\214\221\237"
 243      DDBE2918 
 243      7546EE7A 
 243      A2DB8C91 
 243      9F
 244 014e 16A9A0F8 		.ascii	"\026\251\240\370\355\271\222\006-\024\027h\321b(&O\347"
 244      EDB99206 
 244      2D141768 
 244      D1622826 
 244      4FE7
 245 0160 B6786168 		.ascii	"\266xah&xN\234L\317\367\302j\372<\332\226\226\252\015"
 245      26784E9C 
 245      4CCFF7C2 
 245      6AFA3CDA 
 245      9696AA0D 
 246 0174 3824B0CB 		.ascii	"8$\260\313\363\257\034*Gx\306i\376\205\216\375\010\377"
 246      F3AF1C2A 
 246      4778C669 
 246      FE858EFD 
 246      08FF
 247 0186 92AA66E4 		.ascii	"\222\252f\344U\215\371\314O\026U\005DS@g\020Fv4\037"
 247      558DF9CC 
 247      4F165505 
ARM GAS  /tmp/ccJdkHt5.s 			page 19


 247      44534067 
 247      10467634 
 248 019b 55A000D1 		.ascii	"U\240\000\321&\26382\311[\322\263\271\327+h\237JV\351"
 248      26B33832 
 248      C95BD2B3 
 248      B9D72B68 
 248      9F4A56E9 
 249 01af E2052152 		.ascii	"\342\005!R\310\212\022\274>E\225\360\272\014-B\247\020"
 249      C88A12BC 
 249      3E4595F0 
 249      BA0C2D42 
 249      A710
 250 01c1 D08FAA90 		.ascii	"\320\217\252\220\216\351\235\231\336qF\305\200yBq\373"
 250      8EE99D99 
 250      DE7146C5 
 250      80794271 
 250      FB
 251 01d2 81CAA73A 		.ascii	"\201\312\247:\006\314N^w\354\032\032Q\341Oi\212\366"
 251      06CC4E5E 
 251      77EC1A1A 
 251      51E14F69 
 251      8AF6
 252 01e4 AE4D1318 		.ascii	"\256M\023\030\336\275\242E\323\010\312uC\003-\210\225"
 252      DEBDA245 
 252      D308CA75 
 252      43032D88 
 252      95
 253 01f5 C9EBFBF6 		.ascii	"\311\353\373\366\326>O\317\030\022Q8+\340\205\034zo"
 253      D63E4FCF 
 253      18125138 
 253      2BE0851C 
 253      7A6F
 254 0207 117A9B04 		.ascii	"\021z\233\004\253G\23643T\007\361k!>a\360\304\306\373"
 254      AB479E34 
 254      335407F1 
 254      6B213E61 
 254      F0C4C6FB 
 255 021b 5AFC19B5 		.ascii	"Z\374\031\265\334\\1T\346\341\302\0225\000,\027\306"
 255      DC5C3154 
 255      E6E1C212 
 255      35002C17 
 255      C6
 256 022c F8FC93B6 		.ascii	"\370\374\223\266Q/4\337\337\237\362\220D\370Rq\250\032"
 256      512F34DF 
 256      DF9FF290 
 256      44F85271 
 256      A81A
 257 023e 14CE5274 		.ascii	"\024\316Rt\347\031\025\350\002\362G\027\221?\241$\207"
 257      E71915E8 
 257      02F24717 
 257      913FA124 
 257      87
 258 024f 78B7F764 		.ascii	"x\267\367d\374\252\354i\257 l]H\030@\247\301\377y\005"
 258      FCAAEC69 
 258      AF206C5D 
 258      481840A7 
 258      C1FF7905 
ARM GAS  /tmp/ccJdkHt5.s 			page 20


 259 0263 2F01E4E7 		.ascii	"/\001\344\347\235E\222~\355iu\252`\217P\243s\220E\215"
 259      9D45927E 
 259      ED6975AA 
 259      608F50A3 
 259      7390458D 
 260 0277 A82DC1A2 		.ascii	"\250-\301\242\272e\304\0140\330\306\212\"\274\361&D"
 260      BA65C40C 
 260      30D8C68A 
 260      22BCF126 
 260      44
 261 0288 01B51496 		.ascii	"\001\265\024\226\035C\363]&\207\032E/\263\362\003\253"
 261      1D43F35D 
 261      26871A45 
 261      2FB3F203 
 261      AB
 262 0299 83D57155 		.ascii	"\203\325qUX\336dM\212\324\034\264\311\310\015tc\313"
 262      58DE644D 
 262      8AD41CB4 
 262      C9C80D74 
 262      63CB
 263 02ab 0A4A116B 		.ascii	"\012J\021k6?(\226\036N-\327jcI@f\012\3653\226\315HK"
 263      363F2896 
 263      1E4E2DD7 
 263      6A634940 
 263      660AF533 
 264 02c3 B2459718 		.ascii	"\262E\227\030\365\347\0237\226\3732\333\371\244\335"
 264      F5E71337 
 264      96FB32DB 
 264      F9A4DD
 265 02d2 FA333B7C 		.ascii	"\3723;|X\223\247\222fm}R>\251\303)\024\011\216\210\237"
 265      5893A792 
 265      666D7D52 
 265      3EA9C329 
 265      14098E88 
 266 02e7 6CC348BB 		.ascii	"l\303H\273\010\2013\024K[h\217\274\205Z\001\315\025"
 266      08813314 
 266      4B5B688F 
 266      BC855A01 
 266      CD15
 267 02f9 E2FE2A28 		.ascii	"\342\376*(\\\003\377i\202'\255H\023@{\370\337\364\031"
 267      5C03FF69 
 267      8227AD48 
 267      13407BF8 
 267      DFF419
 268 030c 9C16160F 		.ascii	"\234\026\026\017\216\251\374\222DF>B\244\036\265\200"
 268      8EA9FC92 
 268      44463E42 
 268      A41EB580 
 269 031c CD659A61 		.ascii	"\315e\232a\033\362ciR\"b\357<.\367\326\212\321l/\212"
 269      1BF26369 
 269      522262EF 
 269      3C2EF7D6 
 269      8AD16C2F 
 270 0331 06CA8F9A 		.ascii	"\006\312\217\232s.b\271\347\353/\360<^\264w\211\234"
 270      732E62B9 
 270      E7EB2FF0 
 270      3C5EB477 
ARM GAS  /tmp/ccJdkHt5.s 			page 21


 270      899C
 271 0343 E176E427 		.ascii	"\341v\344'\343\351\006c\370\006e\370t\314\263\012\015"
 271      E3E90663 
 271      F80665F8 
 271      74CCB30A 
 271      0D
 272 0354 D0B2047A 		.ascii	"\320\262\004z;\\\276\262\016\277\204u\370\251\343\303"
 272      3B5CBEB2 
 272      0EBF8475 
 272      F8A9E3C3 
 273 0364 A96ABC93 		.ascii	"\251j\274\2235\371\343[\221}\276,g\352\232s\372E7\021"
 273      35F9E35B 
 273      917DBE2C 
 273      67EA9A73 
 273      FA453711 
 274 0378 35210DDE 		.ascii	"5!\015\336\011u\035\244\256\013i\301(\273\243\353\214"
 274      09751DA4 
 274      AE0B69C1 
 274      28BBA3EB 
 274      8C
 275 0389 57372890 		.ascii	"W7(\220\231\037\241v\017\304\221?\362\303\3065\271#"
 275      991FA176 
 275      0FC4913F 
 275      F2C3C635 
 275      B923
 276 039b 242E0FD3 		.ascii	"$.\017\323\322\205\310%\352q\342\234%\325\261\233\364"
 276      D285C825 
 276      EA71E29C 
 276      25D5B19B 
 276      F4
 277 03ac C3EA78D1 		.ascii	"\303\352x\321\013/N=\210\3310\357\264(s\315\336#\361"
 277      0B2F4E3D 
 277      88D930EF 
 277      B42873CD 
 277      DE23F1
 278 03bf BDE48419 		.ascii	"\275\344\204\031\260\254f\014\305*^\014'\267@s2\236"
 278      B0AC660C 
 278      C52A5E0C 
 278      27B74073 
 278      329E
 279 03d1 71C8399D 		.ascii	"q\3109\235J\027r\316\211\323-U\365^\267PW\004\264gW"
 279      4A1772CE 
 279      89D32D55 
 279      F55EB750 
 279      5704B467 
 280 03e6 7BFFCB1C 		.ascii	"{\377\313\034\362IZ\314Q\212\253'\353\004O\\\313\370"
 280      F2495ACC 
 280      518AAB27 
 280      EB044F5C 
 280      CBF8
 281 03f8 6E8F2EDA 		.ascii	"n\217.\332\214f\317\227\034\272\243\230\004\313\372"
 281      8C66CF97 
 281      1CBAA398 
 281      04CBFA
 282 0407 9287F939 		.ascii	"\222\207\3719\223*\031\201J\275\355\371\331\273u\362"
 282      932A1981 
 282      4ABDEDF9 
ARM GAS  /tmp/ccJdkHt5.s 			page 22


 282      D9BB75F2 
 283 0417 7E715731 		.ascii	"~qW1\362\356I\223\345\345\226\236I^\305\263*\024\256"
 283      F2EE4993 
 283      E5E5969E 
 283      495EC5B3 
 283      2A14AE
 284 042a 22753135 		.ascii	"\"u15Iez6\232x\322\244\255\216H\304F\323\274\027N\212"
 284      49657A36 
 284      9A78D2A4 
 284      AD8E48C4 
 284      46D3BC17 
 285 0440 0F5C4C8A 		.ascii	"\017\\L\212W\217<\255\321\340V\2060\256-\245G\355jV"
 285      578F3CAD 
 285      D1E05686 
 285      30AE2DA5 
 285      47ED6A56 
 286 0454 EC83FC5D 		.ascii	"\354\203\374]Y\307\234\235,F/o\247#!J\230\307\243~P"
 286      59C79C9D 
 286      2C462F6F 
 286      A723214A 
 286      98C7A37E 
 287 0469 BA0FEF7B 		.ascii	"\272\017\357{)\212\001\004d\366 \225\010\345lB\275\357"
 287      298A0104 
 287      64F62095 
 287      08E56C42 
 287      BDEF
 288 047b 6B594257 		.ascii	"kYBW\227`\277y\372\255\361\2631\202\003\014?\242z\350"
 288      9760BF79 
 288      FAADF1B3 
 288      3182030C 
 288      3FA27AE8 
 289 048f 368410E9 		.ascii	"6\204\020\351!\317\034\272\005\177\250\033\376\240b"
 289      21CF1CBA 
 289      057FA81B 
 289      FEA062
 290 049e 10BD4606 		.ascii	"\020\275F\006\351\316\353\331z\234\304\026\275\243\333"
 290      E9CEEBD9 
 290      7A9CC416 
 290      BDA3DB
 291 04ad FB050D25 		.ascii	"\373\005\015%\006:\266HL\377\251o\243tN\262\206\021"
 291      063AB648 
 291      4CFFA96F 
 291      A3744EB2 
 291      8611
 292 04bf AD2C2B4E 		.ascii	"\255,+N;\241\302{\231\325\336\2108\207\336\365\230y"
 292      3BA1C27B 
 292      99D5DE88 
 292      3887DEF5 
 292      9879
 293 04d1 3477CC80 		.ascii	"4w\314\200\301\256\346\321A^\216p\004\242\315 \034%"
 293      C1AEE6D1 
 293      415E8E70 
 293      04A2CD20 
 293      1C25
 294 04e3 081F4A08 		.ascii	"\010\037J\010\213\266\2267`\021\341\275\364y9QB\036"
 294      8BB69637 
 294      6011E1BD 
ARM GAS  /tmp/ccJdkHt5.s 			page 23


 294      F4793951 
 294      421E
 295 04f5 D82D265A 		.ascii	"\330-&ZhH\206oh6\276\307\024_\302\241\364|O\\\362}\361"
 295      6848866F 
 295      6836BEC7 
 295      145FC2A1 
 295      F47C4F5C 
 296 050c 8D337CF9 		.ascii	"\2153|\371\271\3119j\\\307\254\322\273\012\262u\256"
 296      B9C9396A 
 296      5CC7ACD2 
 296      BB0AB275 
 296      AE
 297 051d F14DB8C4 		.ascii	"\361M\270\304W\234u\354\202\247\034\337\244\002\337"
 297      579C75EC 
 297      82A71CDF 
 297      A402DF
 298 052c 14C1F744 		.ascii	"\024\301\367D\302w\346\334\216\235z\021\337\340\256"
 298      C277E6DC 
 298      8E9D7A11 
 298      DFE0AE
 299 053b 05D9123E 		.ascii	"\005\331\022>\320Bc2|c\263\361=\245\370\322\223\342"
 299      D0426332 
 299      7C63B3F1 
 299      3DA5F8D2 
 299      93E2
 300 054d EA7DB083 		.ascii	"\352}\260\203e:\326\220R\240\307\355\342\016&\241;W"
 300      653AD690 
 300      52A0C7ED 
 300      E20E26A1 
 300      3B57
 301 055f E33AEDE7 		.ascii	"\343:\355\347.\323N\314\331W\201(\023\323Nv\272\356"
 301      2ED34ECC 
 301      D9578128 
 301      13D34E76 
 301      BAEE
 302 0571 8C6FD6CA 		.ascii	"\214o\326\312\241\004\375P\206$\202\007$\002/\"\351"
 302      A104FD50 
 302      86248207 
 302      24022F22 
 302      E9
 303 0582 DCD53B8E 		.ascii	"\334\325;\216\010\022A\2607u\274q\255\260W\210\325R"
 303      081241B0 
 303      3775BC71 
 303      ADB05788 
 303      D552
 304 0594 25F44C06 		.ascii	"%\364L\006\344\231\270wB\221<\001`\037\316M\3058\015"
 304      E499B877 
 304      42913C01 
 304      601FCE4D 
 304      C5380D
 305 05a7 D39CBB06 		.ascii	"\323\234\273\006\253\222\024k'Y\005fF\260\215\027G\360"
 305      AB92146B 
 305      27590566 
 305      46B08D17 
 305      47F0
 306 05b9 B9D26DA7 		.ascii	"\271\322m\247\3654U\250\022S\255-.\334\207\334\246\032"
 306      F53455A8 
ARM GAS  /tmp/ccJdkHt5.s 			page 24


 306      1253AD2D 
 306      2EDC87DC 
 306      A61A
 307 05cb 43528D96 		.ascii	"CR\215\226R\315w8.y\210\251\266\367\373\227\225\010"
 307      52CD7738 
 307      2E7988A9 
 307      B6F7FB97 
 307      9508
 308 05dd 360FA282 		.ascii	"6\017\242\202\242\370\231D\341\231%\272\221&:\321\226"
 308      A2F89944 
 308      E19925BA 
 308      91263AD1 
 308      96
 309 05ee 39A9C797 		.ascii	"9\251\307\227X\242\207\"\247j<\361-Vx\324y#\217t!\024"
 309      58A28722 
 309      A76A3CF1 
 309      2D5678D4 
 309      79238F74 
 310 0604 472DA0E6 		.ascii	"G-\240\346\342\221\373\011j\334\313^\227\364m\313\360"
 310      E291FB09 
 310      6ADCCB5E 
 310      97F46DCB 
 310      F0
 311 0615 20AF13E0 		.ascii	" \257\023\3405\212\347i\266\205\021\366\375z<\3004\252"
 311      358AE769 
 311      B68511F6 
 311      FD7A3CC0 
 311      34AA
 312 0627 DAEFF690 		.ascii	"\332\357\366\220~\2116\021\215D\246q\370\340T\241\226"
 312      7E893611 
 312      8D44A671 
 312      F8E054A1 
 312      96
 313 0638 62544BAD 		.ascii	"bTK\255\321\275\377n\270T\263\205i\355h\252\352\307"
 313      D1BDFF6E 
 313      B854B385 
 313      69ED68AA 
 313      EAC7
 314 064a 72D46A79 		.ascii	"r\324jyWK&\250\223$\324BEV\244\016P\017g\011Y\351\302"
 314      574B26A8 
 314      9324D442 
 314      4556A40E 
 314      500F6709 
 315 0661 C79142A2 		.ascii	"\307\221B\242`/\346\211\022\212\225p\243\315\240M\212"
 315      602FE689 
 315      128A9570 
 315      A3CDA04D 
 315      8A
 316 0672 0CFA560A 		.ascii	"\014\372V\012\375\306\364\300\035\03769. \263a\376\223"
 316      FDC6F4C0 
 316      1D1F3639 
 316      2E20B361 
 316      FE93
 317 0684 77DDEE52 		.ascii	"w\335\356R\276\345\331.e\033O;\325Dw\325\260\0073}\011"
 317      BEE5D92E 
 317      651B4F3B 
 317      D54477D5 
ARM GAS  /tmp/ccJdkHt5.s 			page 25


 317      B007337D 
 318 0699 8AD1576E 		.ascii	"\212\321Wn\306x\261y5\217\354R\034;\206\012\364\263"
 318      C678B179 
 318      358FEC52 
 318      1C3B860A 
 318      F4B3
 319 06ab 37143BF8 		.ascii	"7\024;\370Eh;O\234\245\360~\314#\315\177\227-2R3{\217"
 319      45683B4F 
 319      9CA5F07E 
 319      CC23CD7F 
 319      972D3252 
 320 06c2 E04EF9D6 		.ascii	"\340N\371\326\251\033Y>\257>\306\231\260\223I\2057P"
 320      A91B593E 
 320      AF3EC699 
 320      B0934985 
 320      3750
 321 06d4 551EDD7D 		.ascii	"U\036\335}\323\013'\250(\347\331\027Gvhq\032+\034v\304"
 321      D30B27A8 
 321      28E7D917 
 321      47766871 
 321      1A2B1C76 
 322 06e9 5678BFBE 		.ascii	"Vx\277\276Gp\330\3114\352\237\261O\210M\212\240v(\003"
 322      4770D8C9 
 322      34EA9FB1 
 322      4F884D8A 
 322      A0762803 
 323 06fd 9881A944 		.ascii	"\230\201\251D\026'\035j\322\370W\341i'\377:\030\237"
 323      16271D6A 
 323      D2F857E1 
 323      6927FF3A 
 323      189F
 324 070f 109A9EE9 		.ascii	"\020\232\236\351_\315Q\221H\260\023!\376*cj\236\360"
 324      5FCD5191 
 324      48B01321 
 324      FE2A636A 
 324      9EF0
 325 0721 B89439DF 		.ascii	"\270\2249\337T\030\237\343+:o\376qD\226\335\266\230"
 325      54189FE3 
 325      2B3A6FFE 
 325      714496DD 
 325      B698
 326 0733 EE588867 		.ascii	"\356X\210g\030\304\262]\316n\250\331E=gR\317\207J\023"
 326      18C4B25D 
 326      CE6EA8D9 
 326      453D6752 
 326      CF874A13 
 327 0747 33348CBC 		.ascii	"34\214\274\205d}+}\006\371W3\2571\343u~\362\2212\251"
 327      85647D2B 
 327      7D06F957 
 327      33AF31E3 
 327      757EF291 
 328 075d 182939D2 		.ascii	"\030)9\322H\231NHiQ\321>\223\343\034)\007\343\267\335"
 328      48994E48 
 328      6951D13E 
 328      93E31C29 
 328      07E3B7DD 
 329 0771 61EBDF1A 		.ascii	"a\353\337\032\035\332\303\372Q\373\365\207'}\335\257"
ARM GAS  /tmp/ccJdkHt5.s 			page 26


 329      1DDAC3FA 
 329      51FBF587 
 329      277DDDAF 
 330 0781 3A7B4947 		.ascii	":{IG\312\225:R\304\245\233yH\036\034^\313\202\357\223"
 330      CA953A52 
 330      C4A59B79 
 330      481E1C5E 
 330      CB82EF93 
 331 0795 824BABA8 		.ascii	"\202K\253\250\037[EON\236\331\253\305\016\225\333\271"
 331      1F5B454F 
 331      4E9ED9AB 
 331      C50E95DB 
 331      B9
 332 07a6 786B4F6A 		.ascii	"xkOj\263\257\224X>Kl\242.\253\034\273O\254\200$v@J\354"
 332      B3AF9458 
 332      3E4B6CA2 
 332      2EAB1CBB 
 332      4FAC8024 
 333 07be D9B10375 		.ascii	"\331\261\003u\212\304\012\024\211\035\224\022+oj\253"
 333      8AC40A14 
 333      891D9412 
 333      2B6F6AAB 
 334 07ce 52E3     		.ascii	"R\343"
 335 07d0 DB62E33B 		.ascii	"\333b\343;\007\332\032\211\241\233E''4\356\203\036!"
 335      07DA1A89 
 335      A19B4527 
 335      2734EE83 
 335      1E21
 336 07e2 410F4B41 		.ascii	"A\017KA\037<\334:\340-\017zD\021\264P\012\272\247\343"
 336      1F3CDC3A 
 336      E02D0F7A 
 336      4411B450 
 336      0ABAA7E3 
 337 07f6 4E831E8F 		.ascii	"N\203\036\217\260\240\371\231y\325z<%\026r\317^p\271"
 337      B0A0F999 
 337      79D57A3C 
 337      251672CF 
 337      5E70B9
 338 0809 533ECAD3 		.ascii	"S>\312\323\35722Q\313v\010\367\306ON\361\362\200\305"
 338      EF323251 
 338      CB7608F7 
 338      C64F4EF1 
 338      F280C5
 339 081c BCBCED4B 		.ascii	"\274\274\355K\234(7\025\265\373P`%\316\266\227\366\303"
 339      9C283715 
 339      B5FB5060 
 339      25CEB697 
 339      F6C3
 340 082e 5FCEDD0F 		.ascii	"_\316\335\017\177\311\366\303\271\023C\307u8\312\203"
 340      7FC9F6C3 
 340      B91343C7 
 340      7538CA83 
 341 083e 165A8752 		.ascii	"\026Z\207R6\362\256\027\221\023<5!\271\035\207\261Q"
 341      36F2AE17 
 341      91133C35 
 341      21B91D87 
 341      B151
ARM GAS  /tmp/ccJdkHt5.s 			page 27


 342 0850 CAC67B5E 		.ascii	"\312\306{^r\356y\326\267NBR\307X\033Fw\306M\2615\226"
 342      72EE79D6 
 342      B74E4252 
 342      C7581B46 
 342      77C64DB1 
 343 0866 ACF4A758 		.ascii	"\254\364\247Xe^cG\275\263\261\313X\335\230mO\203\227"
 343      655E6347 
 343      BDB3B1CB 
 343      58DD986D 
 343      4F8397
 344 0879 7BDECB09 		.ascii	"{\336\313\011\357\247%\336\217\332\256\014\251\3454"
 344      EFA725DE 
 344      8FDAAE0C 
 344      A9E534
 345 0888 942B78AF 		.ascii	"\224+x\257\220h\030\2149\325\341\203\343\031\240\276"
 345      9068188C 
 345      39D5E183 
 345      E319A0BE 
 346 0898 267BB193 		.ascii	"&{\261\223j\341;\251~~,=O\361\375mWP])\305H\271\233"
 346      6AE13BA9 
 346      7E7E2C3D 
 346      4FF1FD6D 
 346      57505D29 
 347 08b0 D9C16057 		.ascii	"\331\301`W:\251\35693Y\243rRQ\305\020\356\335\024_\251"
 347      3AA9EE39 
 347      3359A372 
 347      5251C510 
 347      EEDD145F 
 348 08c5 71527196 		.ascii	"qRq\226U\356\031\235\330\342!QQ\315\352ND\216\364{\272"
 348      55EE199D 
 348      D8E22151 
 348      51CDEA4E 
 348      448EF47B 
 349 08da A7A29650 		.ascii	"\247\242\226PQ\343\234\331\023\357w{\310\323\254UPQ"
 349      51E39CD9 
 349      13EF777B 
 349      C8D3AC55 
 349      5051
 350 08ec 27A5997A 		.ascii	"'\245\231z\351\366\250\036o\361p\327\357\335l\307\317"
 350      E9F6A81E 
 350      6FF170D7 
 350      EFDD6CC7 
 350      CF
 351 08fd F1F26D76 		.ascii	"\361\362mv\343@m4\217w3';*\216\345\350\347\034d\234"
 351      E3406D34 
 351      8F773327 
 351      3B2A8EE5 
 351      E8E71C64 
 352 0912 07329546 		.ascii	"\0072\225F\327F\213\276\222'x\201\227o\315/J\011\036"
 352      D7468BBE 
 352      92277881 
 352      976FCD2F 
 352      4A091E
 353 0925 196E3BA9 		.ascii	"\031n;\251\030x\360F\206\272\221\240n\220P\227L\324"
 353      1878F046 
 353      86BA91A0 
 353      6E905097 
ARM GAS  /tmp/ccJdkHt5.s 			page 28


 353      4CD4
 354 0937 1D550CBC 		.ascii	"\035U\014\274F\005\352&\311\351\341\346\336\307<.b\011"
 354      4605EA26 
 354      C9E9E1E6 
 354      DEC73C2E 
 354      6209
 355 0949 4B673E7E 		.ascii	"Kg>~\354\314\347@\331\375T\236-H\002\331\370\267d56"
 355      ECCCE740 
 355      D9FD549E 
 355      2D4802D9 
 355      F8B76435 
 356 095e 615C4975 		.ascii	"a\\Iu\275:\237\013\303Z\344\017\327|\362\303\016\023"
 356      BD3A9F0B 
 356      C35AE40F 
 356      D77CF2C3 
 356      0E13
 357 0970 6E672C3F 		.ascii	"ng,?Y\"\010q:2\235\240<@zM\201e?\357<P`\006\016T\377"
 357      59220871 
 357      3A329DA0 
 357      3C407A4D 
 357      81653FEF 
 358 098b 35E98DA8 		.ascii	"5\351\215\250h\216.;\347\230\255\0133\006:\344\306\357"
 358      688E2E3B 
 358      E798AD0B 
 358      33063AE4 
 358      C6EF
 359 099d 3B4A55D2 		.ascii	";JU\322\263\034sT\235\307\037\212\263\213f\030\245\227"
 359      B31C7354 
 359      9DC71F8A 
 359      B38B6618 
 359      A597
 360 09af C0093D66 		.ascii	"\300\011=f\272\306Z\007]\345\375Q;\310\015\220V\220"
 360      BAC65A07 
 360      5DE5FD51 
 360      3BC80D90 
 360      5690
 361 09c1 2B202D20 		.ascii	"+ - \327A\332x\331\231\013\015G\020_\236\023.\313%b"
 361      D741DA78 
 361      D9990B0D 
 361      47105F9E 
 361      132ECB25 
 362 09d6 580550B6 		.ascii	"X\005P\266\033\335Y(\240\245P\275k\024\263\275BWFg\334"
 362      1BDD5928 
 362      A0A550BD 
 362      6B14B3BD 
 362      42574667 
 363 09eb F0F80E3B 		.ascii	"\360\370\016;\303)\355\357<\340!\035\333\330\376'\350"
 363      C329EDEF 
 363      3CE0211D 
 363      DBD8FE27 
 363      E8
 364 09fc E02DB97C 		.ascii	"\340-\271|\177\252\342\243\262C\021\271\223v2r#{\371"
 364      7FAAE2A3 
 364      B24311B9 
 364      93763272 
 364      237BF9
 365 0a0f B6B4731A 		.ascii	"\266\264s\032I\327\346f]D7\251\256\255\246lB1\263D("
ARM GAS  /tmp/ccJdkHt5.s 			page 29


 365      49D7E666 
 365      5D4437A9 
 365      AEADA66C 
 365      4231B344 
 366 0a24 74BB986E 		.ascii	"t\273\230n\027\325\215OO;\353\201\033Y\007no\330\232"
 366      17D58D4F 
 366      4F3BEB81 
 366      1B59076E 
 366      6FD89A
 367 0a37 A4825D9C 		.ascii	"\244\202]\234\035>\030\306\313\360\356\223\205\227\""
 367      1D3E18C6 
 367      CBF0EE93 
 367      859722
 368 0a46 8405362F 		.ascii	"\204\0056/\352\240[\266\177\355\346g}1\334\242\233\271"
 368      EAA05BB6 
 368      7FEDE667 
 368      7D31DCA2 
 368      9BB9
 369 0a58 96A2A146 		.ascii	"\226\242\241F\036ofG\233\215\003\331\253\360\016\366"
 369      1E6F6647 
 369      9B8D03D9 
 369      ABF00EF6 
 370 0a68 3C92BF37 		.ascii	"<\222\2777\331\027\357Q\277\350\303\374\236bPw]+\257"
 370      D917EF51 
 370      BFE8C3FC 
 370      9E625077 
 370      5D2BAF
 371 0a7b F6C505CC 		.ascii	"\366\305\005\314\"\262\266\357\261j\316L\320\003\011"
 371      22B2B6EF 
 371      B16ACE4C 
 371      D00309
 372 0a8a 298D1E94 		.ascii	")\215\036\224;\034z9\360^\005\241\367\245Q\333Z\237"
 372      3B1C7A39 
 372      F05E05A1 
 372      F7A551DB 
 372      5A9F
 373 0a9c 31AEC135 		.ascii	"1\256\3015\314\371y[\316mo|\231\025\206\343\332\267"
 373      CCF9795B 
 373      CE6D6F7C 
 373      991586E3 
 373      DAB7
 374 0aae 62DCC10A 		.ascii	"b\334\301\012=1\027\236\213{\244W\240x\341ie\205x\362"
 374      3D31179E 
 374      8B7BA457 
 374      A078E169 
 374      658578F2 
 375 0ac2 D9453698 		.ascii	"\331E6\2309\021\255\347\365\270\227\352z\216\026\217"
 375      3911ADE7 
 375      F5B897EA 
 375      7A8E168F 
 376 0ad2 367B2336 		.ascii	"6{#6\230\245\341\334\223\341\177\360\021;K$[\250;\220"
 376      98A5E1DC 
 376      93E17FF0 
 376      113B4B24 
 376      5BA83B90 
 377 0ae6 EF4337E3 		.ascii	"\357C7\343N1\232\006\241K\015\320W\017\305\3764\012"
 377      4E319A06 
ARM GAS  /tmp/ccJdkHt5.s 			page 30


 377      A14B0DD0 
 377      570FC5FE 
 377      340A
 378 0af8 FD660C64 		.ascii	"\375f\014d\004\3441\3100\3108\310#\3710j^\232.\330m"
 378      04E431C8 
 378      30C838C8 
 378      23F9306A 
 378      5E9A2ED8 
 379 0b0d 6A1A6B68 		.ascii	"j\032khN\254\331\243\343\301\317\2316\331\"=\230\243"
 379      4EACD9A3 
 379      E3C1CF99 
 379      36D9223D 
 379      98A3
 380 0b1f 3DD3EB45 		.ascii	"=\323\353E\355\237\315\370\356\237\243=\353L\264\263"
 380      ED9FCDF8 
 380      EE9FA33D 
 380      EB4CB4B3 
 381 0b2f 60616E94 		.ascii	"`an\224\000#\012\010Gw\335\370\226\215\276\306\003~"
 381      00230A08 
 381      4777DDF8 
 381      968DBEC6 
 381      037E
 382 0b41 7BA83EF1 		.ascii	"{\250>\361\336\347\332\273L}\354\340\002\246N\326\303"
 382      DEE7DABB 
 382      4C7DECE0 
 382      02A64ED6 
 382      C3
 383 0b52 DB6E4895 		.ascii	"\333nH\225N]\2637\217=R)G\254D/]J\276'\303\344sx\313"
 383      4E5DB337 
 383      8F3D5229 
 383      47AC442F 
 383      5D4ABE27 
 384 0b6b 8152ADBC 		.ascii	"\201R\255\274s=Q\204\235`\243j\202\216\252\2135\227"
 384      733D5184 
 384      9D60A36A 
 384      828EAA8B 
 384      3597
 385 0b7d 53357880 		.ascii	"S5x\200v\015\\\231{\265\330\013y\261\023\322\215t{\020"
 385      760D5C99 
 385      7BB5D80B 
 385      79B113D2 
 385      8D747B10 
 386 0b91 95340F39 		.ascii	"\2254\0179\267\007\223\220\306\024\357\005\237\335\220"
 386      B7079390 
 386      C614EF05 
 386      9FDD90
 387 0ba0 D8339E9D 		.ascii	"\3303\236\235\220\222\012zB:\217\275\203\037\360;\272"
 387      90920A7A 
 387      423A8FBD 
 387      831FF03B 
 387      BA
 388 0bb1 EDFA4D1F 		.ascii	"\355\372M\037<\302\374\026>\215n\322\275\340\214{Z\204"
 388      3CC2FC16 
 388      3E8D6ED2 
 388      BDE08C7B 
 388      5A84
 389 0bc3 26607F14 		.ascii	"&`\177\024\201e\035\345y\246\3107\331'<\207\350\323"
ARM GAS  /tmp/ccJdkHt5.s 			page 31


 389      81651DE5 
 389      79A6C837 
 389      D9273C87 
 389      E8D3
 390 0bd5 2F6ACDEB 		.ascii	"/j\315\353o(\273\225\013e\211\354k\327\253{uJ\262\235"
 390      6F28BB95 
 390      0B6589EC 
 390      6BD7AB7B 
 390      754AB29D 
 391 0be9 A7DA3DA2 		.ascii	"\247\332=\242\351\254\214\310\341@\343\310\023\305\227"
 391      E9AC8CC8 
 391      E140E3C8 
 391      13C597
 392 0bf8 79249647 		.ascii	"y$\226G\210\302\224X\270\221I\245\252|R'\237\006]\255"
 392      88C29458 
 392      B89149A5 
 392      AA7C5227 
 392      9F065DAD 
 393 0c0c CBC84675 		.ascii	"\313\310Fu\217\227l\035WK\033L\333w\036\270Fcr\340\032"
 393      8F976C1D 
 393      574B1B4C 
 393      DB771EB8 
 393      466372E0 
 394 0c21 57F3A849 		.ascii	"W\363\250I\221L\262\"@\014K&\206%su\322\341\334G\331"
 394      914CB222 
 394      400C4B26 
 394      86257375 
 394      D2E1DC47 
 395 0c36 5EF0818C 		.ascii	"^\360\201\2146\342\227\311\006ml\257\340#\367\035\243"
 395      36E297C9 
 395      066D6CAF 
 395      E023F71D 
 395      A3
 396 0c47 F01DCB7C 		.ascii	"\360\035\313|\307R\337}w\366\247(\326\006\362\3018\243"
 396      C752DF7D 
 396      77F6A728 
 396      D606F2C1 
 396      38A3
 397 0c59 1BC774E3 		.ascii	"\033\307t\343X\036\373\0359z9).\011\214\247\272)\231"
 397      581EFB1D 
 397      397A3929 
 397      2E098CA7 
 397      BA2999
 398 0c6c E35BDC90 		.ascii	"\343[\334\220\342\342D\015%PR\306\267\365\016z\2736"
 398      E2E2440D 
 398      255052C6 
 398      B7F50E7A 
 398      BB36
 399 0c7e 72714C85 		.ascii	"rqL\205\022\261\226\303\353\327Z\337\\\266,\000\376"
 399      12B196C3 
 399      EBD75ADF 
 399      5CB62C00 
 399      FE
 400 0c8f FF663287 		.ascii	"\377f2\207\232B\002>\011\012^\031\374\371\212\2000K"
 400      9A42023E 
 400      090A5E19 
 400      FCF98A80 
ARM GAS  /tmp/ccJdkHt5.s 			page 32


 400      304B
 401 0ca1 40903124 		.ascii	"@\2201$\300b\016$w\303\352\020\243%hY\240\347o?\373"
 401      C0620E24 
 401      77C3EA10 
 401      A3256859 
 401      A0E76F3F 
 402 0cb6 FDE24F3E 		.ascii	"\375\342O>\374\220\323}l\264\230~C*\377\360\273/<,V"
 402      FC90D37D 
 402      6CB4987E 
 402      432AFFF0 
 402      BB2F3C2C 
 403 0ccb A3D5A4A7 		.ascii	"\243\325\244\247:\006\372l\260\276\375\"\257\301\241"
 403      3A06FA6C 
 403      B0BEFD22 
 403      AFC1A1
 404 0cda 8121E1AB 		.ascii	"\201!\341\253L2\317A\234\227\323\243*0\310h\366\021"
 404      4C32CF41 
 404      9C97D3A3 
 404      2A30C868 
 404      F611
 405 0cec BD9902AD 		.ascii	"\275\231\002\255af\203\225_\316\351\214\346\265\353"
 405      61668395 
 405      5FCEE98C 
 405      E6B5EB
 406 0cfb 3F302D5D 		.ascii	"?0-]\373\346\352u\23460\314l5}\263t\355r\216i\376\321"
 406      FBE6EA75 
 406      9C3630CC 
 406      6C357DB3 
 406      74ED728E 
 407 0d12 186CFDB5 		.ascii	"\030l\375\265\031\\\210i\230\314fb\367\326\177\001\216"
 407      195C8869 
 407      98CC6662 
 407      F7D67F01 
 407      8E
 408 0d23 5B401F7E 		.ascii	"[@\037~k\262\256\240Q?_\275\332b\262\212\211\204\321"
 408      6BB2AEA0 
 408      513F5FBD 
 408      DA62B28A 
 408      8984D1
 409 0d36 82C1EAA7 		.ascii	"\202\301\352\247\324Y\021\374O\223gxp\250\365\275w\015"
 409      D45911FC 
 409      4F936778 
 409      70A8F5BD 
 409      770D
 410 0d48 566D60D0 		.ascii	"Vm`\320\027A\253V\204\230L\353\364\226\015\026\2505"
 410      1741AB56 
 410      84984CEB 
 410      F4960D16 
 410      A835
 411 0d5a 99D7837F 		.ascii	"\231\327\203\177k\200\273,\314V'\027\201A\326 \263\311"
 411      6B80BB2C 
 411      CC562717 
 411      8141D620 
 411      B3C9
 412 0d6c B8CA42B8 		.ascii	"\270\312B\270\010\014Z\261\301\362\2511\304\272\364"
 412      080C5AB1 
 412      C1F2A931 
ARM GAS  /tmp/ccJdkHt5.s 			page 33


 412      C4BAF4
 413 0d7b 7B599A8C 		.ascii	"{Y\232\214\346\220\015`7\317`X\031\036\034b\015\016"
 413      E6900D60 
 413      37CF6058 
 413      191E1C62 
 413      0D0E
 414 0d8d 3598BE59 		.ascii	"5\230\276Y\007\011z\004\206\205Z\254\252\020\223q\265"
 414      07097A04 
 414      86855AAC 
 414      AA109371 
 414      B5
 415 0d9e 26340C02 		.ascii	"&4\014\002\204\375\343%W 9\275\301\260:<4\320`X\366"
 415      84FDE325 
 415      572039BD 
 415      C1B03A3C 
 415      34D06058 
 416 0db3 E1FBEFBF 		.ascii	"\341\373\357\277\357)\225\346\317E\253P\375\340=\357"
 416      EF2995E6 
 416      CF45AB50 
 416      FDE03DEF 
 417 0dc3 BF879BCC 		.ascii	"\277\207\233\314\033\200n\240\336\017\332\336le\317"
 417      1B806EA0 
 417      DE0FDADE 
 417      6C65CF
 418 0dd2 62CBF9CA 		.ascii	"b\313\371\312\253\214!!\232u\346\2605f\343Z\015\341"
 418      AB8C2121 
 418      9A75E6B0 
 418      3566E35A 
 418      0DE1
 419 0de4 EC1706AB 		.ascii	"\354\027\006\253\332\002.\015V\025A\356\263\006\010"
 419      DA022E0D 
 419      561541EE 
 419      B30608
 420 0df3 5E65B204 		.ascii	"^e\262\004\232\203\327\201)cZVa\260\372\006\003\032"
 420      9A83D781 
 420      29635A56 
 420      61B0FA06 
 420      031A
 421 0e05 6368A049 		.ascii	"ch\240Il\016\335z\2239x\265\030\3357\314b\014\371\202"
 421      6C0EDD7A 
 421      933978B5 
 421      18DD37CC 
 421      620CF982 
 422 0e19 72489BC0 		.ascii	"rH\233\300-\351\244\351\211.p\27044\230=\003y\032\343"
 422      2DE9A4E9 
 422      892E70B8 
 422      3434983D 
 422      03791AE3 
 423 0e2d AA556693 		.ascii	"\252Uf\223\305\242c\231[\014$5\215X\370\221\242;\312"
 423      C5A26399 
 423      5B0C2435 
 423      8D58F891 
 423      A23BCA
 424 0e40 73D24BEA 		.ascii	"s\322K\352\201a\341\241V\257u\3065&j\2515Z\255\346\340"
 424      8161E1A1 
 424      56AF75C6 
 424      35266AA9 
ARM GAS  /tmp/ccJdkHt5.s 			page 34


 424      355AADE6 
 425 0e55 95E15693 		.ascii	"\225\341V\223EE\312\036\206\217\303\302B\324,\361\377"
 425      4545CA1E 
 425      868FC3C2 
 425      42D42CF1 
 425      FF
 426 0e66 004930FA 		.ascii	"\000I0\372\301"
 426      C1
 427              		.text
 428              		.section	.gnu.lto_.symtab.c1b24359e3f8d2b2,"e",%progbits
 429 0000 666C6173 		.ascii	"flashWaitErase\000"
 429      68576169 
 429      74457261 
 429      736500
 430 000f 00       		.ascii	"\000"
 431 0010 00       		.ascii	"\000"
 432 0011 00       		.ascii	"\000"
 433 0012 00000000 		.ascii	"\000\000\000\000\000\000\000\000"
 433      00000000 
 434 001a EE000000 		.ascii	"\356\000\000\000"
 435 001e 666C6173 		.ascii	"flashGetSectorOffset\000"
 435      68476574 
 435      53656374 
 435      6F724F66 
 435      66736574 
 436 0033 00       		.ascii	"\000"
 437 0034 00       		.ascii	"\000"
 438 0035 00       		.ascii	"\000"
 439 0036 00000000 		.ascii	"\000\000\000\000\000\000\000\000"
 439      00000000 
 440 003e F5000000 		.ascii	"\365\000\000\000"
 441 0042 666C6173 		.ascii	"flashGetSectorSize\000"
 441      68476574 
 441      53656374 
 441      6F725369 
 441      7A6500
 442 0055 00       		.ascii	"\000"
 443 0056 00       		.ascii	"\000"
 444 0057 00       		.ascii	"\000"
 445 0058 00000000 		.ascii	"\000\000\000\000\000\000\000\000"
 445      00000000 
 446 0060 FC000000 		.ascii	"\374\000\000\000"
 447 0064 63685468 		.ascii	"chThdSleep\000"
 447      64536C65 
 447      657000
 448 006f 00       		.ascii	"\000"
 449 0070 02       		.ascii	"\002"
 450 0071 00       		.ascii	"\000"
 451 0072 00000000 		.ascii	"\000\000\000\000\000\000\000\000"
 451      00000000 
 452 007a 02010000 		.ascii	"\002\001\000\000"
 453 007e 63685379 		.ascii	"chSysHalt\000"
 453      7348616C 
 453      7400
 454 0088 00       		.ascii	"\000"
 455 0089 02       		.ascii	"\002"
 456 008a 00       		.ascii	"\000"
ARM GAS  /tmp/ccJdkHt5.s 			page 35


 457 008b 00000000 		.ascii	"\000\000\000\000\000\000\000\000"
 457      00000000 
 458 0093 07010000 		.ascii	"\007\001\000\000"
 459              		.text
 460              		.section	.gnu.lto_.opts,"e",%progbits
 461 0000 272D666E 		.ascii	"'-fno-openmp' '-fno-openacc' '-fno-pie' '-mcpu=cort"
 461      6F2D6F70 
 461      656E6D70 
 461      2720272D 
 461      666E6F2D 
 462 0033 65782D6D 		.ascii	"ex-m4' '-mthumb' '-mfloat-abi=softfp' '-mfpu=fpv4-s"
 462      34272027 
 462      2D6D7468 
 462      756D6227 
 462      20272D6D 
 463 0066 702D6431 		.ascii	"p-d16' '-march=armv7e-m+fp' '-O2' '-fstack-usage' '"
 463      36272027 
 463      2D6D6172 
 463      63683D61 
 463      726D7637 
 464 0099 2D666675 		.ascii	"-ffunction-sections' '-fdata-sections' '-fno-common"
 464      6E637469 
 464      6F6E2D73 
 464      65637469 
 464      6F6E7327 
 465 00cc 2720272D 		.ascii	"' '-flto' '-fshort-enums'\000"
 465      666C746F 
 465      2720272D 
 465      6673686F 
 465      72742D65 
 466              		.text
 467              		.comm	__gnu_lto_v1,1,1
 468              		.comm	__gnu_lto_slim,1,1
 469              		.ident	"GCC: (GNU Arm Embedded Toolchain 9-2020-q2-update) 9.3.1 20200408 (release)"
ARM GAS  /tmp/ccJdkHt5.s 			page 36


DEFINED SYMBOLS
                            *ABS*:0000000000000000 hal_flash.c
                            *COM*:0000000000000001 __gnu_lto_v1
                            *COM*:0000000000000001 __gnu_lto_slim

NO UNDEFINED SYMBOLS
