ARM GAS  /tmp/ccvrGEwE.s 			page 1


   1              		.cpu cortex-m4
   2              		.eabi_attribute 27, 1
   3              		.eabi_attribute 20, 1
   4              		.eabi_attribute 21, 1
   5              		.eabi_attribute 23, 3
   6              		.eabi_attribute 24, 1
   7              		.eabi_attribute 25, 1
   8              		.eabi_attribute 26, 1
   9              		.eabi_attribute 30, 2
  10              		.eabi_attribute 34, 1
  11              		.eabi_attribute 18, 4
  12              		.file	"urt_message.c"
  13              		.section	.gnu.lto_.profile.6825c39d126cc666,"e",%progbits
  14 0000 789CE360 		.ascii	"x\234\343``\004B \000\000\000]\000\013"
  14      60044220 
  14      0000005D 
  14      000B
  15              		.text
  16              		.section	.gnu.lto_.icf.6825c39d126cc666,"e",%progbits
  17 0000 789CE360 		.ascii	"x\234\343``d\340`@\000F\206\027\207\037\036ee\000\000"
  17      6064E060 
  17      40004686 
  17      17871F1E 
  17      65650000 
  18 0014 10B20369 		.ascii	"\020\262\003i"
  19              		.text
  20              		.section	.gnu.lto_.jmpfuncs.6825c39d126cc666,"e",%progbits
  21 0000 789CE360 		.ascii	"x\234\343``dX\301\310\300\020\301\000\001\214\014L\214"
  21      606458C1 
  21      C8C010C1 
  21      00018C0C 
  21      4C8C
  22 0012 8CCCF5F3 		.ascii	"\214\314\365\363\231\031\200\230\221\211i:3\343\304"
  22      99198098 
  22      9189693A 
  22      33E3C4
  23 0021 35B7F4FA 		.ascii	"5\267\364\372\230\347331\3261\356b\224f`<\300\302X\007"
  23      98E73333 
  23      31D631EE 
  23      62946660 
  23      3CC0C258 
  24 0036 C40C0C1C 		.ascii	"\304\014\014\034\314@\351\246\346\365\213x\015\364\346"
  24      CC40E9A6 
  24      E6F58B78 
  24      0DF4E6
  25 0045 33332F66 		.ascii	"33/ff\230\301\0146d7\243\001X\031\003\020\377\370\377"
  25      6698C10C 
  25      366437A3 
  25      01581903 
  25      10FFF8FF 
  26 0059 FF3F3F23 		.ascii	"\377??#He_\363\373{\034 \223\200\022\214{\030\245A\030"
  26      48655FF3 
  26      FB7B1C20 
  26      9380128C 
  26      7B18A541 
  27 006e 247E76FF 		.ascii	"$~v\377\367o\354\212\214\363\033f(\314gfe`\334\313\250"
  27      F76FEC8A 
ARM GAS  /tmp/ccvrGEwE.s 			page 2


  27      8CF31B66 
  27      28CC6766 
  27      6560DCCB 
  28 0083 08D7FD07 		.ascii	"\010\327\375\007\242\033Y\371\255-\253b\025\345 \252"
  28      A21B59F9 
  28      AD2DAB62 
  28      15E520AA 
  29 0093 D91818F7 		.ascii	"\331\030\030\367\341V\015r}\327\337)\255< K\331\031"
  29      E1560D72 
  29      7DD7DF29 
  29      AD3C204B 
  29      D919
  30 00a5 8F3230EE 		.ascii	"\21720\356\207\272\377(\003\026\017p\200=\000\024f\000"
  30      87BAFF28 
  30      03160F70 
  30      803D0014 
  30      6600
  31 00b7 8A6E3E37 		.ascii	"\212n>7\373\016\033H\224\223\361\000\243\301\014f&\220"
  31      FB0E1B48 
  31      9493F100 
  31      A3C10C66 
  31      2690
  32 00c9 BF0E42FD 		.ascii	"\277\016B\375\305\202\360\027>\217\034\"\311#\207\361"
  32      C582F017 
  32      3E8F1C22 
  32      C92387F1 
  33 00d9 7804DDE1 		.ascii	"x\004\335\341\0142\252\305\032\252\245\232V\012\211"
  33      0C32AAC5 
  33      1AAAA59A 
  33      560A89
  34 00e8 F9C52E49 		.ascii	"\371\305.I\351\216\305\305\251E%\012i\211\2319\251)"
  34      E98EC5C5 
  34      A945250A 
  34      69899939 
  34      A929
  35 00fa 0C56FA19 		.ascii	"\014V\372\031\371\271\251\372\005\231%\372\216\301\256"
  35      F9B9A9FA 
  35      059925FA 
  35      8EC1AE
  36 0109 FA8EBE99 		.ascii	"\372\216\276\231A\371\272\216\005\005\305\372\271\231"
  36      41F9BA8E 
  36      0505C5FA 
  36      B999
  37 0117 292939A9 		.ascii	"))9\251\345\211E\251\372\245A!\372\305E\311\372\245"
  37      E58945A9 
  37      FAA54121 
  37      FAC545C9 
  37      FAA5
  38 0129 4525F1B9 		.ascii	"E%\361\271\251\305\305\211\351\251z\311\014\000\242"
  38      A9C5C589 
  38      E9A97AC9 
  38      0C00A2
  39 0138 689462   		.ascii	"h\224b"
  40              		.text
  41              		.section	.gnu.lto_.inline.6825c39d126cc666,"e",%progbits
  42 0000 789CE360 		.ascii	"x\234\343``d\250a@\000F\006\006\271s37?cJgdfP\310\237"
  42      6064A861 
ARM GAS  /tmp/ccvrGEwE.s 			page 3


  42      40004606 
  42      06B97333 
  42      373F634A 
  43 001a CECCD8D7 		.ascii	"\316\314\330\327\374\376\036G\037\363|f\240\034\343"
  43      FCFE1E47 
  43      1FF37C66 
  43      A01CE3
  44 0029 2E466906 		.ascii	".Fi\006\006\205\002(\015T\314\302\325\320\320p\200)"
  44      06850228 
  44      0D54CCC2 
  44      D5D0D070 
  44      8029
  45 003b 95814100 		.ascii	"\225\201A\000\304`Neb`b`\0012\033\230R\030\004\030\330"
  45      C4604E65 
  45      62606260 
  45      01321B98 
  45      52180418 
  46 0050 80469D61 		.ascii	"\200F\235aNba`\001\031\316\304\015\324\0004\206\225"
  46      4E626160 
  46      0119CEC4 
  46      0DD40034 
  46      8695
  47 0062 0F448385 		.ascii	"\017D\203\205\220\230\014\000e\222\027Y"
  47      90980C00 
  47      65921759 
  48              		.text
  49              		.section	.gnu.lto_.pureconst.6825c39d126cc666,"e",%progbits
  50 0000 789CE360 		.ascii	"x\234\343``d`a`\000\222\263X\000\001\322\000\255"
  50      60646061 
  50      600092B3 
  50      580001D2 
  50      00AD
  51              		.text
  52              		.section	.gnu.lto_urtMessageInit.6825c39d126cc666,"e",%progbits
  53 0000 789C9D55 		.ascii	"x\234\235UmPTU\030>\317=w\357\335]\026,\310\302PZfr"
  53      6D505455 
  53      183ECF3D 
  53      77EFDD5D 
  53      162CC8C2 
  54 0018 88A6DCFD 		.ascii	"\210\246\334\375\321/g\232\211)\373\347\037\353o\323"
  54      D12F679A 
  54      8929FBE7 
  54      1FEB6FD3 
  55 0028 6CB0190D 		.ascii	"l\260\031\015\014\014\013\323\364'/\013\212#e_\030\273"
  55      0C0C0BD3 
  55      F4272F0B 
  55      8A23655F 
  55      18BB
  56 003a 242D8514 		.ascii	"$-\205\024Y\011\214\216\223J\271Bj\022\024\021R\256"
  56      59098C8E 
  56      934AB942 
  56      6A121411 
  56      52AE
  57 004c 0809B2A1 		.ascii	"\010\011\262\241\361Q\226\324\237\264\363\236\273\037"
  57      F15196D4 
  57      9FB4F39E 
  57      BB1F
ARM GAS  /tmp/ccvrGEwE.s 			page 4


  58 005a 904A0C77 		.ascii	"\220J\014w\346\316\234s\336\363<\357\373<\347\274\367"
  58      E6CE9C73 
  58      DEF33CEF 
  58      FB3CE7BC 
  58      F7
  59 006b 5A19D8A0 		.ascii	"Z\031\330\240\316X\021c\254P\274\2602(\206a<\246WY\025"
  59      CE581163 
  59      AC50BCB0 
  59      32288661 
  59      3CA65759 
  60 0080 8547FB82 		.ascii	"\205G\373\202\031\252a\327\033\017F\037R\015\007W\324"
  60      19AA61D7 
  60      1B0F461F 
  60      520D0757 
  60      D4
  61 0091 E9968BAB 		.ascii	"\351\226\213\253\305\212\245~\344\275\007\305\212\012"
  61      C58AA57E 
  61      E4BD07C5 
  61      8A0A
  62 009f 2DB6DB92 		.ascii	"-\266\333\222\030i\320c#\035\220#\303\012\266M\341\252"
  62      1869D063 
  62      231D9023 
  62      C30AB64D 
  62      E1AA
  63 00b1 45D3B10D 		.ascii	"E\323\261\015\257\363\006\216\356\332\350\021%\357#"
  63      AFF3068E 
  63      EEDAE811 
  63      25EF23
  64 00c0 1136C20D 		.ascii	"\0216\302\015\357h;\214\355\231!\316XP\274\346\203\243"
  64      EF683B8C 
  64      ED9921CE 
  64      5850BCE6 
  64      83A3
  65 00d2 C813FB46 		.ascii	"\310\023\373F\375M\177;v\363\020\007T1\255\357=t\306"
  65      FD4D7F3B 
  65      76F31007 
  65      5431ADEF 
  65      3D74C6
  66 00e5 4E53054E 		.ascii	"NS\005N1\035\351\357mH\341\217\202\211q\357\265\231"
  66      311DE9EF 
  66      6D48E18F 
  66      828971EF 
  66      B599
  67 00f7 27735B0D 		.ascii	"'s[\015\303o\204/\355\343\306\375!\316\361\005\270`"
  67      C36F842F 
  67      EDE3C6FD 
  67      21CEF105 
  67      B860
  68 0109 4417B270 		.ascii	"D\027\262p\014Y\214\2115\301\374%r\305\376\256\371@"
  68      0C598C89 
  68      35C1FC25 
  68      72C5FEAE 
  68      F940
  69 011b DB2ABE49 		.ascii	"\333*\276Ib\253.t\017\2501\360\310\207\022\254\342\370"
  69      62AB2E74 
  69      0FA831F0 
  69      C88712AC 
ARM GAS  /tmp/ccvrGEwE.s 			page 5


  69      E2F8
  70 012d 4D605580 		.ascii	"M`U\200\303\310e\004\031\357\274\276'USc\025\343\004"
  70      C3C86504 
  70      19EFBCBE 
  70      27555363 
  70      15E304
  71 0140 34612563 		.ascii	"4a%c\355\203\226\260q\375F\255\021\216f\276\337\231"
  71      ED8396B0 
  71      71FD46AD 
  71      118E66BE 
  71      DF99
  72 0152 9A0E01B3 		.ascii	"\232\016\001\263\250\240\234\016\230\340:\316H\266\012"
  72      A8A09C0E 
  72      98E03ACE 
  72      48B60A
  73 0161 23CCD8AB 		.ascii	"#\314\330\253\\1'Ub2\211\232\261\236\331\200FlM\234"
  73      5C312755 
  73      6232899A 
  73      B19ED980 
  73      466C4D9C 
  74 0175 F4EEAE9E 		.ascii	"\364\356\256\236\033\265\222^\016\206n\252\202\021\206"
  74      1BB5925E 
  74      0E866EAA 
  74      821186
  75 0184 1F142703 		.ascii	"\037\024'\003\302\340\012\374]6\023\200\205\000M\012"
  75      C2E00AFC 
  75      5D361380 
  75      85004D0A 
  76 0194 6B6AEBBB 		.ascii	"kj\353\273a\253\201\277\312*VZ\250T\2618|\376\324\000"
  76      61AB81BF 
  76      CA2A565A 
  76      A854B138 
  76      7CFED400 
  77 01a8 5AD18210 		.ascii	"Z\321\202\020\327\361\025j\200\036b\026\221\243o\355"
  77      D7F1156A 
  77      801E6216 
  77      91A36FED 
  78 01b8 ECD0DC07 		.ascii	"\354\320\334\007\250\"g\210[qRl\013H\201\"X3\365q\304"
  78      A8226788 
  78      5B71526C 
  78      0B488122 
  78      5833F571 
  79 01cd 9E08DA70 		.ascii	"\236\010\332p\012\356\000'\3158\015\267\254\375\361"
  79      0AEE0027 
  79      CD380DB7 
  79      ACFDF1
  80 01dc 641DAD75 		.ascii	"d\035\255u\037\034K\245:lP\360u\242p\325?\274\367\021"
  80      1F1C4BA5 
  80      3A6C50F0 
  80      75A270D5 
  80      3FBCF711 
  81 01f0 AA5B9946 		.ascii	"\252[\231F\255S\272\366\237*\355A\342\304\031Q\326\362"
  81      AD53BAF6 
  81      9F2AED41 
  81      E2C41951 
  81      D6F2
  82 0202 04F42E25 		.ascii	"\004\364.%\340\233\333\013HA\037\011P\314\330\211\263"
ARM GAS  /tmp/ccvrGEwE.s 			page 6


  82      E09BDB0B 
  82      48411F09 
  82      50CCD889 
  82      B3
  83 0213 91B739E5 		.ascii	"\221\2679\345\331)\203\016\364\303m\036\352\267\202"
  83      D929830E 
  83      F4C36D1E 
  83      EAB782
  84 0222 5F6CE83F 		.ascii	"_l\350?\376\327\274\236\2639d\004D8\225 ]=\373\217\244"
  84      FED7BC9E 
  84      B3396404 
  84      44389520 
  84      5D3DFB8F 
  85 0237 11242021 		.ascii	"\021$ !i\370\0169&d\300\204D\016\355\177&G1\021\253"
  85      69F80E39 
  85      2664C084 
  85      440EED7F 
  85      26473111 
  86 024c E49D19DF 		.ascii	"\344\235\031\337\363\2315\211\270\003\337\307\021\203"
  86      F3993589 
  86      B803DFC7 
  86      1183
  87 025a 2662D73F 		.ascii	"&b\327?\365\333\345m\277\023'\031~@V\210\247K\337,\235"
  87      F5DBE56D 
  87      BF132719 
  87      7E405688 
  87      A74BDF2C 
  88 026f 6F744C32 		.ascii	"otL22\216\377\217qC\3136\356\354\355\215\313\300\260"
  88      328EFF8F 
  88      7143CB36 
  88      EEECED8D 
  88      CBC0B0
  89 0282 342E06EB 		.ascii	"4.\006\353\336\265c\330\2364\347.\374\0307\347\247e"
  89      DEB563D8 
  89      9E34E72E 
  89      FC1837E7 
  89      A765
  90 0294 9B732E2E 		.ascii	"\233s..5\262\\s\316\307\021#T\350\0023\264\304\355\267"
  90      35B25C73 
  90      CEC71123 
  90      54E80233 
  90      B4C4EDB7 
  91 02a8 4CA3E696 		.ascii	"L\243\346\226f\254\016\322\301\342B\314\2147?\215l "
  91      66AC0ED2 
  91      C1E242CC 
  91      8C373F8D 
  91      6C20
  92 02ba 5BEFC62B 		.ascii	"[\357\306+\030%\242{$\221\236l=\321FW\247\002-v\"\023"
  92      1825A27B 
  92      24919E6C 
  92      3DD14657 
  92      A7022D76 
  93 02d0 8070A4E3 		.ascii	"\200p\244\343\\\2320\252Jlh~Q\364p\246\350G\263\001"
  93      5C9A30AA 
  93      4A6C687E 
  93      51F470A6 
  93      E847B301 
ARM GAS  /tmp/ccvrGEwE.s 			page 7


  94 02e4 E973111A 		.ascii	"\351s\021\032\373<i\326\032\214I\263Tj\205\237\341^"
  94      FB3C69D6 
  94      1A8C49B3 
  94      546A859F 
  94      E15E
  95 02f6 D8856B44 		.ascii	"\330\205kD\333^\024(I\037\234\320W@\177/\306%\275\205"
  95      DB5E1428 
  95      491F9CD0 
  95      57407F2F 
  95      C625BD85 
  96 030a E82724FD 		.ascii	"\350'$\375\351\271\231!\020}\226\240\277\024\247o,\270"
  96      E9B99921 
  96      107D96A0 
  96      BF14A76F 
  96      2CB8
  97 031c 05BB7349 		.ascii	"\005\273sI\356\265\230\224\334\232y\316\207\207\332"
  97      EEB59894 
  97      DC9A79CE 
  97      8787DA
  98 032b 7B6D89E0 		.ascii	"{m\211\340:D\251At\312\373\313bY\353D\336)3o\343\345"
  98      3A44A941 
  98      74CAFBCB 
  98      6259EB44 
  98      DE29336F 
  99 0341 77AB5396 		.ascii	"w\253S\226%+\364\311\2761G\202]\305e\231\332J\364W\340"
  99      252BF4C9 
  99      BE314782 
  99      5DC56599 
  99      DA4AF457 
 100 0356 6EE20E53 		.ascii	"n\342\016S\306\336\025\035B6~\225t6\242\233^\\m\266"
 100      C6DE151D 
 100      42367E95 
 100      7436A29B 
 100      5E5C6DB6 
 101 036a A87626EE 		.ascii	"\250v&\356RSu\372\212\350g%\275\235\350\347\304\355"
 101      525375FA 
 101      8AE86725 
 101      BD9DE8E7 
 101      C4ED
 102 037c 4FF08526 		.ascii	"O\360\205&V\302w\037~\223|)7\031\337|X4\247\023\277"
 102      56C2771F 
 102      7E937C29 
 102      3719DF7C 
 102      5834A713 
 103 0391 93F50ECA 		.ascii	"\223\365\016\312vu\261\030\247\020\363G<y\333D\306\212"
 103      7675B118 
 103      A710F347 
 103      3C79DB44 
 103      C68A
 104 03a3 92FFB954 		.ascii	"\222\377\271T\362l\\\243\344\251\224|>&u\026\376\346"
 104      F26C5CA3 
 104      E4A9947C 
 104      3E267516 
 104      FEE6
 105 03b5 F6D7B86C 		.ascii	"\366\327\270l5z\3528\222\3770\3066\272^(-\361\272\312"
 105      357AEA38 
 105      92FF30C6 
ARM GAS  /tmp/ccvrGEwE.s 			page 8


 105      36BA5E28 
 105      2DF1BACA 
 106 03c9 8A2A5CF9 		.ascii	"\212*\\\371Omr\345o.\332R\372p~Y\231\317URTXX\354}\311"
 106      4F6D72E5 
 106      6F2EDA52 
 106      FA707E59 
 106      99CF5552 
 107 03e3 53EE7555 		.ascii	"S\356uUny\332\345+/pU\226W<[\342\365\371<[\275\033\012"
 107      6E79DAE5 
 107      2B2F7055 
 107      96573C5B 
 107      E2F5F93C 
 108 03fb 981E1BEA 		.ascii	"\230\036\033\352e\236\227\213K=\205k\327\373\036X_\231"
 108      659E978B 
 108      4B3D856B 
 108      D7FB1E58 
 108      5F99
 109 040d B7D1E929 		.ascii	"\267\321\351)\365=\361\334\326|\237\317[^\341|\336S"
 109      F53DF1DC 
 109      D67C9FCF 
 109      5B5EE17C 
 109      DE53
 110 041f 54EC2D64 		.ascii	"T\354-d\377\002\340q\274!"
 110      FF02E071 
 110      BC21
 111              		.text
 112              		.section	.gnu.lto_.symbol_nodes.6825c39d126cc666,"e",%progbits
 113 0000 789CE360 		.ascii	"x\234\343``d\250d\000\002\2469\314\365\014\015@\300"
 113      6064A864 
 113      0002A639 
 113      CCF50C0D 
 113      40C0
 114 0012 C238E11C 		.ascii	"\3028\341\034\003C=\003\303\256\006G\240$\020\260\316"
 114      03433D03 
 114      C3AE0647 
 114      A02410B0 
 114      CE
 115 0023 65665000 		.ascii	"efP\000\322\214\363\231\353\031\377C\201<X\031\003P"
 115      D28CF399 
 115      EB19FF43 
 115      813C5819 
 115      0350
 116 0035 8B035066 		.ascii	"\213\003Pf\036s=\023V\031f\006\346\246ksL\030[\030\201"
 116      1E733D13 
 116      56196606 
 116      E6A66B73 
 116      4C185B18 
 117 004a AC8D1336 		.ascii	"\254\215\0236<e`\\\002d2m~vf&#\343\021F\006\000\254"
 117      3C65605C 
 117      0264326D 
 117      7E766626 
 117      23E31146 
 118 0061 762978   		.ascii	"v)x"
 119              		.text
 120              		.section	.gnu.lto_.refs.6825c39d126cc666,"e",%progbits
 121 0000 789CE360 		.ascii	"x\234\343``d\340a```f``dbbdabde\000\000\002\000\000"
 121      6064E061 
ARM GAS  /tmp/ccvrGEwE.s 			page 9


 121      60606066 
 121      60606462 
 121      62646162 
 122 001b 2B       		.ascii	"+"
 123              		.text
 124              		.section	.gnu.lto_.decls.6825c39d126cc666,"e",%progbits
 125 0000 789C9D5A 		.ascii	"x\234\235ZyTTW\232\257[\267\250*\212\2420\342\2443c"
 125      79545457 
 125      9AAF5BB7 
 125      A82A8AA2 
 125      30E2A433 
 126 0015 4E4E4F1F 		.ascii	"NNO\037\273;=3\011\351\351\234\351N\367\2349\223\311"
 126      BB3B3D33 
 126      09E9E99C 
 126      E94EF79C 
 126      3993C9
 127 0028 E44C32D3 		.ascii	"\344L2\323\351\364\351\244gN\367?t\005J\251\011[W\025"
 127      E9F4E9A4 
 127      674EF73F 
 127      74054AA9 
 127      095B5715 
 128 003c 26E97FBA 		.ascii	"&\351\177\272X\025\005DD\241\330\021P\024\020\220Ed"
 128      58150544 
 128      44A1D811 
 128      50141090 
 128      4564
 129 004e 1164DF04 		.ascii	"\021d\337\004\334\220E\021PQP@DQP`\276\273\024\365\036"
 129      DC904511 
 129      50515040 
 129      44515060 
 129      BEBB14F5 
 130 0063 F5CACE19 		.ascii	"\365\312\316\031\222\353{\337{\337\367\335\337\267\334"
 130      92EB7BDF 
 130      7BDFF7DD 
 130      DFB7DC
 131 0072 EF2EF5D4 		.ascii	"\357.\365\3242$\253\371G\231\354\252J&\373\034\311d"
 131      3224ABF9 
 131      4799ECAA 
 131      4A26FB1C 
 131      C964
 132 0084 EBF02797 		.ascii	"\353\360'\227\311d\027\241i\240-B\333\005M\011M\001"
 132      C96417A1 
 132      69A02D42 
 132      DB054D09 
 132      4D01
 133 0096 EFDDA0E9 		.ascii	"\357\335\240\351\240yC\373=<S\001s\032\334c\270\377"
 133      A07943FB 
 133      3D3C5301 
 133      731ADC63 
 133      B8FF
 134 00a8 3BB8FF11 		.ascii	";\270\377\021\264\347\234~\027\356\377\031\332\207\320"
 134      B4E79C7E 
 134      17EEFF19 
 134      DA87D0
 135 00b7 E091EC63 		.ascii	"\340\221\354c\242X\360gT\310d\177\013\327\000h[\241"
 135      A258F067 
 135      54C8647F 
ARM GAS  /tmp/ccvrGEwE.s 			page 10


 135      0BD70068 
 135      5BA1
 136 00c9 6D13F457 		.ascii	"m\023\364W\010\002\377\011\374\037\311Y\037'\201\376"
 136      0802FF09 
 136      FC1FC959 
 136      1F2781FE 
 137 00d9 2FDED72F 		.ascii	"/\336\327/\345\014\303'r\206\343Wr\206\345\337\345\016"
 137      E50CC327 
 137      7286E357 
 137      7286E5DF 
 137      E50E
 138 00eb 8C9FCA19 		.ascii	"\214\237\312\031\346_\300\365\021\\\177\015\327kp\375"
 138      E65FC0F5 
 138      115C7F0D 
 138      D76B70FD 
 139 00fb 1DB42BD0 		.ascii	"\035\264+\320\006\240\265C\273\007m\002\232N\306\260"
 139      06A0B543 
 139      BB076D02 
 139      9A4EC6B0 
 140 010b AF21869F 		.ascii	"\257!\206\237\3302\003\317\346\241=\340\376\270\017"
 140      D83203CF 
 140      E6A13DE0 
 140      FEB80F
 141 011a ED21B439 		.ascii	"\355!\2649h\323\320\356@\273-s\330\372!\267W\312\326"
 141      68D3D0EE 
 141      40BB2D73 
 141      D8FA21B7 
 141      57CAD6
 142 012d 148CC622 		.ascii	"\024\214\306\"2\237i\0230\332\252A\012 \223\273+\273"
 142      329F6913 
 142      30DAAA41 
 142      0A2093BB 
 142      2BBB
 143 013f 34406ED3 		.ascii	"4@n\323\240\357\012\310\255\214\314\275:\020\201\030"
 143      A0EF0AC8 
 143      AD8CCCBD 
 143      3A108118 
 144 014f B905C892 		.ascii	"\271\005\310\222\365\273\351^\214\331\212\010]\035\227"
 144      F5BBE95E 
 144      8CD98A08 
 144      5D1D97
 145 015e AE62AF5F 		.ascii	"\256b\257_\003\362\364P\301\015/,G\244\233\372\230\325"
 145      03F2F450 
 145      C10D2F2C 
 145      47A49BFA 
 145      98D5
 146 0170 73E4D5EF 		.ascii	"s\344\325\3574\210\004\323\013\036u\314\317^A\354\021"
 146      348804D3 
 146      0B1E75CC 
 146      CF5E41EC 
 146      11
 147 0181 E1383ABC 		.ascii	"\3418:\274~X\211_\245\367\027VN\244\250|J\254\354O]"
 147      7E58895F 
 147      A5F71756 
 147      4EA4A87C 
 147      4AACEC4F 
 148 0196 8865A805 		.ascii	"\210e\250\005a\007\350\374\345\3713Z\374;\312{u>e\217"
ARM GAS  /tmp/ccvrGEwE.s 			page 11


 148      6107E8FC 
 148      E5F9335A 
 148      FC3BCA7B 
 148      753E658F 
 149 01aa 5CB3D76A 		.ascii	"\\\263\327j\215\260\346DZ\335?\222\241:\264\035\325"
 149      8DB0E644 
 149      5ADD3F92 
 149      A13AB41D 
 149      D5
 150 01bb A2ED32D4 		.ascii	"\242\3552\324\206\250\366V\344\203\232\341\331yxF:\012"
 150      86A8F656 
 150      E4839AE1 
 150      D9797846 
 150      3A0A
 151 01cd BFDAE389 		.ascii	"\277\332\343\211\377\300`-\245\026za\003\275o\\?\322"
 151      FFC0602D 
 151      A5167A61 
 151      03BD6F5C 
 151      3FD2
 152 01df A860E8D5 		.ascii	"\250`\350\325@\036>y\376\205\226\031\327D^\3076\355"
 152      401E3E79 
 152      FE859619 
 152      D7445EC7 
 152      36ED
 153 01f1 6BD5E020 		.ascii	"k\325\340 \312\232\222\222R\241\306&z_<\377\244\216"
 153      CA9A9292 
 153      52A1C626 
 153      7A5F3CFF 
 153      A48E
 154 0203 58F6A606 		.ascii	"X\366\246\006\375Y`\325\233\314\252=Q\205\007<\260\025"
 154      FD5960D5 
 154      9BCCAA3D 
 154      5185073C 
 154      B015
 155 0215 51623C39 		.ascii	"Qb<9\266E\311\240\226EZ_\011\377\261\014u\003\256.\202"
 155      B645C9A0 
 155      96455A5F 
 155      09FFB10C 
 155      7503AE2E 
 156 022a B51F5119 		.ascii	"\265\037Q\031\202\265\017\236]\240X\345\215\345{\323"
 156      82B50F9E 
 156      5DA058E5 
 156      8DE57BD3 
 157 023a 956887F7 		.ascii	"\225h\207\367Q\"\323\324\177\342\335\272\232\007V\353"
 157      5122D3D4 
 157      7FE2DDBA 
 157      9A0756EB 
 158 024a A415A301 		.ascii	"\244\025\243\001\244A= s\011yo(\221!\037\362\317\217"
 158      A4413D20 
 158      7309796F 
 158      2891211F 
 158      F2CF8F
 159 025d E19F83C4 		.ascii	"\341\237\203\304q\320\211\025\275&\350\244\227\013\220"
 159      71D08915 
 159      BD26E8A4 
 159      970B90
 160 026c 5E2EA21D 		.ascii	"^.\242\035\334\233\341\363\327\377\001\3473\210Y\227"
ARM GAS  /tmp/ccvrGEwE.s 			page 12


 160      DC9BE1F3 
 160      D7FF01E7 
 160      33885997 
 161 027c 126FB979 		.ascii	"\022o\271yKK_\226\224\256>\036?\203q9\023_X?>\241\304"
 161      4B4B5F96 
 161      94AE3E1E 
 161      3F837139 
 161      135F583F 
 162 0293 958CA8BC 		.ascii	"\225\214\250\274VuN'\035\231A\311\310$^_\256\367\300"
 162      56754E27 
 162      1D9941C9 
 162      C8245E5F 
 162      AEF7C0
 163 02a6 AD4CFAC6 		.ascii	"\255L\372\306\371\226\"9\356bD\351\324\344\023\005\203"
 163      F9962239 
 163      EE6244E9 
 163      D4E41305 
 163      83
 164 02b7 45FE1049 		.ascii	"E\376\020If\031\032\006-#\014\020\007\023Y\265V\202"
 164      66191A06 
 164      2D230C10 
 164      071359B5 
 164      5682
 165 02c9 B4FB36BA 		.ascii	"\264\3736\272\244\257\355\275\312\320(\3222\276\226"
 165      A4AFEDBD 
 165      CAD028D2 
 165      32BE96
 166 02d8 33A3D372 		.ascii	"3\243\323r\026\353wH\232W\015\017\362\254\267b\240\373"
 166      16EB7748 
 166      9A570D0F 
 166      F2ACB762 
 166      A0FB
 167 02ea CA5716B5 		.ascii	"\312W\026\265\370*\353\273y\321V\346\216o2\342\341\302"
 167      F82AEBBB 
 167      79D156E6 
 167      8E6F32E2 
 167      E1C2
 168 02fc 855837FC 		.ascii	"\205X7\374\200\021\275y1\035:\027\361\034\227\212':"
 168      8011BD79 
 168      311D3A17 
 168      F11C978A 
 168      273A
 169 030e B0D8F66B 		.ascii	"\260\330\366k\034\311\206\304\355\376\350\263Z\234I"
 169      1CC986C4 
 169      EDFEE8B3 
 169      5A9C49
 170 031d 09BCBA54 		.ascii	"\011\274\272TR\253A;\354\221~z\341\235\264\312{Vk\322"
 170      52AB413B 
 170      EC917E7A 
 170      E19DB4CA 
 170      7B566BD2 
 171 0331 6BA81D02 		.ascii	"k\250\035\002}\013\224M\211,a\341&\221f\002K\266m\025"
 171      7D0B944D 
 171      892C61E1 
 171      26916602 
 171      4BB66D15 
 172 0345 91D6BD91 		.ascii	"\221\326\275\221Z4\001\37479\277\253\304H\264\262\320"
ARM GAS  /tmp/ccvrGEwE.s 			page 13


 172      5A3401FC 
 172      3739BFAB 
 172      C448B4B2 
 172      D0
 173 0356 9E83F70D 		.ascii	"\236\203\367\015\004\355$\027 p\357\240\035\350\366"
 173      04ED2417 
 173      2070EFA0 
 173      1DE8F6
 174 0365 4678CF1D 		.ascii	"Fx\317\035k\375\010O3\304\317\255\307\276\366\226Vp"
 174      6BFD084F 
 174      33C4CFAD 
 174      C7BEF696 
 174      5670
 175 0377 D79502F5 		.ascii	"\327\225\002\365\261\007k\371\3042\260\015\332Q\"\335"
 175      B1076BF9 
 175      C432B00D 
 175      DA5122DD 
 176 0387 3478E28D 		.ascii	"4x\342\215CV\212\366\036\310\214\201\354,\\\355\312"
 176      43568AF6 
 176      1EC88C81 
 176      EC2C5CED 
 176      CA
 177 0398 64A87EB3 		.ascii	"d\250~\263u\031o\034\215\264v\376\201\004\020\015qv"
 177      75196F1C 
 177      8DB476FE 
 177      8104100D 
 177      7176
 178 03aa 87337CC4 		.ascii	"\2073|\304\334\203\331[s)\367.-\352tbn\020\352\006,"
 178      DC83D95B 
 178      7329F72E 
 178      2DEA7462 
 178      6E10EA06 
 179 03bf 73595B4E 		.ascii	"sY[N3\317]\001\276\036\316\357\360\234\303\323\"\313"
 179      33CF5D01 
 179      BE1ECEEF 
 179      F09CC3D3 
 179      22CB
 180 03d1 6F00C375 		.ascii	"o\000\303ub\3710\227 \226\317\200\345\363\320\036@\273"
 180      62F93097 
 180      2096CF80 
 180      E5F3D01E 
 180      40BB
 181 03e3 0FED21B4 		.ascii	"\017\355!\2649h\323\314\033\014\336T\3416\006\217D\266"
 181      3968D3CC 
 181      1B0CDE54 
 181      E136068F 
 181      44B6
 182 03f5 C9095FE3 		.ascii	"\311\011_\343f\3333_e\266_\003\366\253\322\266\327\241"
 182      66DB335F 
 182      65B65F03 
 182      F6ABD2B6 
 182      D7A1
 183 0407 0DF6B56C 		.ascii	"\015\366\265l\201\366\016\027\326S~\010h\314\355\374"
 183      81F60E17 
 183      D6537E08 
 183      68CCEDFC 
 184 0417 B32A1C8D 		.ascii	"\263*\034\215itS{\367_s\363\2266r\341\333\033\011\232"
ARM GAS  /tmp/ccvrGEwE.s 			page 14


 184      6974537B 
 184      F75F73F3 
 184      963672E1 
 184      DB1B099A 
 185 042b 22CEDD7A 		.ascii	"\"\316\335z\246\025\216\302G\"\014\213t\024\222\013"
 185      A6158EC2 
 185      47220C8B 
 185      7414920B 
 186 043b F01E5CCF 		.ascii	"\360\036\\\317\277\342\216\0171\010U\015\371yJ2\000"
 186      BFE28E0F 
 186      3108550D 
 186      F9794A32 
 186      00
 187 044c 6961BDD1 		.ascii	"ia\275\321z@\3554\346\237\000\222%\321\230/k\315\256"
 187      7A40ED34 
 187      E69F0092 
 187      25D1982F 
 187      6BCDAE
 188 045f DDE08B72 		.ascii	"\335\340\213r\315\027w/+\327S\210\352\251\010\3253{"
 188      CD17772F 
 188      2BD75388 
 188      EAA908D5 
 188      337B
 189 0471 6D183C31 		.ascii	"m\030<1\236\240\305\005\034\304\365\2261%.gD\365\343"
 189      9EA0C505 
 189      1CC4F596 
 189      31252E67 
 189      44F5E3
 190 0484 CA636EF8 		.ascii	"\312cn\370,#VN'\215\273;\301{\016\335\276\020u\233P"
 190      2C23564E 
 190      278DBB3B 
 190      C17B0EDD 
 190      BE10759B 
 191 0499 5EF3DC1D 		.ascii	"^\363\334\035w0\241g\371sV\245\223\320\252\223\320\363"
 191      7730A167 
 191      F97356A5 
 191      93D0AA93 
 191      D0F3
 192 04ab AC92B322 		.ascii	"\254\222\263\"\254k\"\254\353\034+\256-\252\351\321"
 192      AC6B22AC 
 192      EB1C2BAE 
 192      2DAAE9D1 
 193 04bb C2FCB083 		.ascii	"\302\374\260\203\005\377\356\312;%k\254l\2009\3501\350"
 193      05FFEECA 
 193      3B256BAC 
 193      6C8039E8 
 193      31E8
 194 04cd 0D974B8E 		.ascii	"\015\227K\216\024G\230\025\202\242\265\314\005H\230"
 194      14479815 
 194      82A2B5CC 
 194      054898
 195 04dc ADF21D28 		.ascii	"\255\362\035(B.\310\333\271\022e\232\265)JIzG+\322\252"
 195      422EC8DB 
 195      B912659A 
 195      B5294A49 
 195      7A472BD2 
 196 04f1 ED897568 		.ascii	"\355\211uh\317\3753\036x\221\031}}tx\014{K\367\030)"
ARM GAS  /tmp/ccvrGEwE.s 			page 15


 196      CFFD331E 
 196      7891197D 
 196      7D74780C 
 196      7B4BF718 
 197 0506 97EC1145 		.ascii	"\227\354\021E\311\275A2\376QC\254\227\320\015Q\242."
 197      C9BD4132 
 197      FE5143AC 
 197      97D00D51 
 197      A22E
 198 0518 A3E53491 		.ascii	"\243\3454\221\340B\312\351\261\356oXE\337\016\324\350"
 198      E042CAE9 
 198      B1EE6F58 
 198      45DF0ED4 
 198      E8
 199 0529 C0E183EE 		.ascii	"\300\341\203\356\2444[\271$<w\010\302\202\201\000F1"
 199      A4345BB9 
 199      243C7708 
 199      C2828100 
 199      4631
 200 053b 725A95EF 		.ascii	"rZ\225\357\306\364\256\361u\313\353\244\254\2778\177"
 200      C6F4AEF1 
 200      75CBEBA4 
 200      ACBF387F 
 201 054b 8ECFFCE3 		.ascii	"\216\317\374\343dYs\365Y\303\212\026\257Qcp\370\276"
 201      645973F5 
 201      59C38A16 
 201      AF516370 
 201      F8BE
 202 055d 95618C34 		.ascii	"\225a\2144\333\021(C\264\364[\363\254\030\306\312O\266"
 202      DB112843 
 202      B4F45BF3 
 202      AC18C6CA 
 202      4FB6
 203 056f A377C0A0 		.ascii	"\243w\300\240}`\320~\242>N\276\035\305\203~\233UM\037"
 203      7D60D07E 
 203      A23E4EBE 
 203      1DC5837E 
 203      9B554D1F 
 204 0583 D8ACC0FD 		.ascii	"\330\254\300\375\360\317\364\036\224^\236\037\\TlM\344"
 204      F0CFF41E 
 204      945E9E1F 
 204      5C546C4D 
 204      E4
 205 0594 4EF95744 		.ascii	"N\371WD\236\243X\220\331+'\010\023\344[\031LvO\246\216"
 205      9EA35890 
 205      D92B2708 
 205      13E45B19 
 205      4C764FA6 
 206 05a9 DCC11A0F 		.ascii	"\334\301\032\017\006\362= \367\256\336\331\247ri`\""
 206      06F23D20 
 206      F7AEDED9 
 206      A7726960 
 206      22
 207 05ba 37F00033 		.ascii	"7\360\0003\260\245\351B\022\227\3759\220\266\3451\276"
 207      B0A5E942 
 207      1297FD39 
 207      90B6E531 
ARM GAS  /tmp/ccvrGEwE.s 			page 16


 207      BE
 208 05cb 6C1B2083 		.ascii	"l\033 \203m\361\310\332o7#I\002$\007)\222C\004I\"Cr"
 208      6DF1C8DA 
 208      6F372349 
 208      02240729 
 208      92430449 
 209 05e2 8822992E 		.ascii	"\210\"\231.\250\252tg\332\206t@w5O\255\361\205\323u"
 209      A8AA7467 
 209      DA867440 
 209      77354FAD 
 209      F185D375 
 210 05f6 D25B6B4A 		.ascii	"\322[kJA\256;\367\237\033\320K\367f\362\371d;D\"u\262"
 210      41AE3BF7 
 210      9F1BD04B 
 210      F766F2F9 
 210      643B4422 
 211 060c 6E3A95D3 		.ascii	"n:\225\323V9Y\177\214\304\025\250\370\354K\226\225\307"
 211      5639597F 
 211      8CC415A8 
 211      F8EC4B96 
 211      95C7
 212 061e A3EA86DD 		.ascii	"\243\352\206\335q\244\202&O\323x\3742f\314\353$\030"
 212      71A48226 
 212      4FD378FC 
 212      3266CCEB 
 212      2418
 213 0630 83FDCF73 		.ascii	"\203\375\317s\025.\355\316\340v\2473\273g\367\255\246"
 213      152EEDCE 
 213      E076A733 
 213      BB67F7AD 
 213      A6
 214 0641 786D36CD 		.ascii	"xm6\315\006\246\245R\3232\211i\031\3244\342\244\231"
 214      06A6A552 
 214      D3328969 
 214      19D434E2 
 214      A499
 215 0653 B93CBED6 		.ascii	"\271<\276\326\335K`V'\236\211\341f\015\220\367\375\017"
 215      DD4B6056 
 215      279E89E1 
 215      660D90F7 
 215      FD0F
 216 0665 CE45BB71 		.ascii	"\316E\273q\230\304\254\316\323\231\331*\274\217\301"
 216      98C4ACCE 
 216      D399D92A 
 216      BC8FC1
 217 0674 BC7868E4 		.ascii	"\274xh\344&\367\311\317H\312\257\317\336\3261r\033\361"
 217      26F7C9CF 
 217      48CAAFCF 
 217      DED63172 
 217      1BF1
 218 0686 587BFA94 		.ascii	"X{\372\224'\023\315!F\314\034\354\251\365\304\007\231"
 218      2713CD21 
 218      46CC1CEC 
 218      A9F5C407 
 218      99
 219 0697 E8E1B4A9 		.ascii	"\350\341\264\251\327p\246B\264L\376\241\3632\371\207"
 219      D770A642 
ARM GAS  /tmp/ccvrGEwE.s 			page 17


 219      B44CFEA1 
 219      F332F987 
 220 06a7 6C415914 		.ascii	"lAY\024{\371\033\234\307\270\217\226\016\226\273I/\260"
 220      7BF91B9C 
 220      C7B88F96 
 220      0E96BB49 
 220      2FB0
 221 06b9 4EC8A904 		.ascii	"N\310\251\004\031V\205`\357q\346\017\333\361\325\001"
 221      19568560 
 221      EF71E60F 
 221      DBF1D501 
 222 06c9 8CCB9874 		.ascii	"\214\313\230t\373\201\2508\015>\303\210\341\305c5\036"
 222      FB81A838 
 222      0D3EC388 
 222      E1C56335 
 222      1E
 223 06da D2AA8A25 		.ascii	"\322\252\212%U5,\325\267\351p\013\223\276?U4(\307\275"
 223      55352CD5 
 223      B7E9700B 
 223      93BE3F55 
 223      3428C7BD 
 224 06ee 8C88DA63 		.ascii	"\214\210\332c\353\222;\325\270R\320R&\027\326\270\212"
 224      EB923BD5 
 224      B852D052 
 224      2617D6B8 
 224      8A
 225 06ff F5133118 		.ascii	"\365\0231\030\017r\241'\331KnNB\345NBG\212.d\252\205"
 225      0F72A127 
 225      D94B6E4E 
 225      42E54E42 
 225      478A2E64 
 226 0715 15E1B4A8 		.ascii	"\025\341\264\250\"T\310y\021/O\276\270\256\3047\231"
 226      2254C879 
 226      112F4FBE 
 226      B8AEC437 
 226      99
 227 0726 F26737F2 		.ascii	"\362g7\362/8\227\352JP^%R\336_~9\\\207\347\230PI\327"
 227      2F3897EA 
 227      4A505E25 
 227      52DE5F7E 
 227      395C87E7 
 228 073e D571EC24 		.ascii	"\325q\354$T\355$T\276Z3(\252QgD\210j\354\210r\017\331"
 228      54ED2454 
 228      BE5A3328 
 228      AA516744 
 228      886AEC88 
 229 0755 0AB4789D 		.ascii	"\012\264x\235*W&?\234\356\223#\262 \332\261CT\030\363"
 229      2A57263F 
 229      9CEE9323 
 229      B220DAB1 
 229      435418F3 
 230 0769 C1C379E0 		.ascii	"\301\303y\340a\212\256\226\027\306\006(\214\347\240"
 230      618AAE96 
 230      17C60628 
 230      8CE7A0
 231 0778 D543AB83 		.ascii	"\325C\253\203\326(,\313O\013ql^B\2745'\002F\026\244"
 231      D6282CCB 
ARM GAS  /tmp/ccvrGEwE.s 			page 18


 231      4F0B716C 
 231      5E42BC35 
 231      27024616 
 232 078d F7312EB8 		.ascii	"\3671.\270y\255(X#\254\034\307\326\374wP\011p\027\271"
 232      79AD2858 
 232      23AC1CC7 
 232      D6FC7750 
 232      097017B9 
 233 07a1 E016ACA6 		.ascii	"\340\026\254\246\216\253X\331\007K\350\332\253VzFa\334"
 233      8EAB58D9 
 233      074BE8DA 
 233      AB567A46 
 233      61DC
 234 07b3 334C35C4 		.ascii	"3L5\304\001\235rR\275y\2552\226\2725\217\256U\010\356"
 234      019D7252 
 234      BD79AD32 
 234      96BA358F 
 234      AE5508EE 
 235 07c7 B34EEC8E 		.ascii	"\263N\354\216\225\032\031\215%"
 235      951A198D 
 235      25
 236 07d0 695F7B4B 		.ascii	"i_{K\273\252\372/\273\212T\365\312\214I\035\256r\243"
 236      BBAAFA2F 
 236      BB8A54F5 
 236      CA8C491D 
 236      AE72A3
 237 07e3 C16D99BE 		.ascii	"\301m\231\276\275W\203\033)!\177T\270\324 \337\330d"
 237      BD57831B 
 237      29217F54 
 237      B8D420DF 
 237      D864
 238 07f5 8DD9B631 		.ascii	"\215\331\2661Pv{[_2\203\346D2,\033\203\245Y\316\004"
 238      50767B5B 
 238      5F3283E6 
 238      44322C1B 
 238      83A559CE 
 239 080a 0896968D 		.ascii	"\010\226\226\215\276GW\332\"\274p/\353;*\267\242X\345"
 239      BE4757DA 
 239      22BC702F 
 239      EB3B2AB7 
 239      A258E5
 240 081d 2D2DDE26 		.ascii	"--\336&)>\236\267T\203\360(\023\277s\364\301_\261\312"
 240      293E9EB7 
 240      5483F028 
 240      13BF73F4 
 240      C15FB1CA 
 241 0831 F2261979 		.ascii	"\362&\031y'G\256\350\360\004{u\252\370y\231FA\366\372"
 241      2747AEE8 
 241      F0047B75 
 241      AAF87999 
 241      4641F6FA 
 242 0845 B0F20D53 		.ascii	"\260\362\015S\320\362YY[\241\3053\354}\374x~\261\363"
 242      D0F25959 
 242      5BA1C533 
 242      EC7DFC78 
 242      7EB1F3
 243 0858 38E8813E 		.ascii	"8\350\201>{E)\335\364\274fT\213\2373\241\212\275\365"
ARM GAS  /tmp/ccvrGEwE.s 			page 19


 243      7B4529DD 
 243      F4BC6654 
 243      8B9F33A1 
 243      8ABDF5
 244 086b E35A27A1 		.ascii	"\343Z'\241\013NB\375\327\352\257\270\013\307A\237\310"
 244      0B4E42FD 
 244      D7EAAFB8 
 244      0BC7419F 
 244      C8
 245 087c 6FFDF671 		.ascii	"o\375\366qp\243\272\347\270'\005\011\217P\267\234\302"
 245      70A3BAE7 
 245      B8270509 
 245      8F50B79C 
 245      C2
 246 088d 8C694BAC 		.ascii	"\214iK\254\363dV\311\005\347\014\333\3309C\306`i\267"
 246      F36456C9 
 246      05E70CDB 
 246      D83943C6 
 246      6069B7
 247 08a0 FA3B8769 		.ascii	"\372;\207i\360#\255[\344(\340Ut\011\242\177\221V\361"
 247      F023AD5B 
 247      E428E055 
 247      7409A27F 
 247      9156F1
 248 08b3 CBF2EFC8 		.ascii	"\313\362\357\310\320\000\350\241\352\273_\274\310R\010"
 248      D000E8A1 
 248      EABB5FBC 
 248      C85208
 249 08c2 61C06B01 		.ascii	"a\300k\001\214+\320'\305\014\254\205g\222\213<\360~"
 249      8C2BD027 
 249      C50CAC85 
 249      67928B3C 
 249      F07E
 250 08d4 2535F369 		.ascii	"%5\363i_\317=\227r\350*\230+\024\275\021]\333\252\306"
 250      5FCF3D97 
 250      72E82A98 
 250      2B14BD11 
 250      5DDBAAC6 
 251 08e8 C94CB47B 		.ascii	"\311L\264{\262\372\013\234\311\356\247NG\236P\273\330"
 251      B2FA0B9C 
 251      C9EEA74E 
 251      479E50BB 
 251      D8
 252 08f9 120EC9A5 		.ascii	"\022\016\311\245\266\204\225\243\205u\036\270\214\211"
 252      B68495A3 
 252      85751EB8 
 252      8C89
 253 0907 77E596CE 		.ascii	"w\345\226\316y\342zF\\\033x\332\243u\261\027\037\225"
 253      79E27A46 
 253      5C1B78DA 
 253      A375B117 
 253      1F95
 254 0919 4BEDC5BB 		.ascii	"K\355\305\273\007\036=\264\237Y\220y\346q\353\002\254"
 254      071E3DB4 
 254      9F599079 
 254      E671EB02 
 254      AC
ARM GAS  /tmp/ccvrGEwE.s 			page 20


 255 092a 3D7B99BA 		.ascii	"={\231\272\222\234\305L\214\373\0311Q\334\034\253\304"
 255      929CC54C 
 255      8CFB1931 
 255      51DC1CAB 
 255      C4
 256 093b 971971E2 		.ascii	"\227\031q\342IB:\237\371\310\304W{\265\347\250\216\317"
 256      49423A9F 
 256      F9C8C457 
 256      7BB5E7A8 
 256      8ECF
 257 094d DFE4F583 		.ascii	"\337\344\365\203\221\375g\020\036b\2749\315\023o\341"
 257      91FD6710 
 257      1E62BC39 
 257      CD136FE1 
 258 095d 31761F73 		.ascii	"1v\037s\273d\025\343[\214h\277\324\005\313\374\315y"
 258      BB6415E3 
 258      5B8C68BF 
 258      D405CBFC 
 258      CD79
 259 096f 7207704E 		.ascii	"r\007pN\211\362$\366\334\251@\274\300d*f\316t8/\207"
 259      89F224F6 
 259      DCA940BC 
 259      C0642A66 
 259      CE74382F 
 260 0984 EF3AC98C 		.ascii	"\357:\311\214W\275H\023m\353\357\211rk\332\236[\367"
 260      57BD4813 
 260      6DEBEF89 
 260      726BDA9E 
 260      5BF7
 261 0996 3A97EEA8 		.ascii	":\227\356\250q\270\212*_\352J)\362\304{\030\021\267"
 261      71B88A2A 
 261      5FEA4A29 
 261      F2C47B18 
 261      11B7
 262 09a8 7F225F25 		.ascii	"\177\"_%=\277\335\227\232\337\024\235Y\023\377B\366"
 262      3DBFDD97 
 262      9ADF149D 
 262      5913FF42 
 262      F6
 263 09b9 E37C657D 		.ascii	"\343|e}\177\006\367\265\304X\023\317#\322\033\272\015"
 263      7F06F7B5 
 263      C45813CF 
 263      23D21BBA 
 263      0D
 264 09ca 32F32FAD 		.ascii	"2\363/\255mk\031\274\266=\200\3326\343\304.\265\253"
 264      6D6B19BC 
 264      B63D80DA 
 264      36E3C42E 
 264      B5AB
 265 09dc 84423009 		.ascii	"\204B0\011\000&HM\273\303%\010\252\207P\307f\241\315"
 265      0026484D 
 265      BBC32508 
 265      AA8750C7 
 265      66A1CD
 266 09ef 8956E319 		.ascii	"\211V\343\031\274LM\3632%\001\207\227\316'\361\0157"
 266      BC4C4DF3 
 266      32250187 
ARM GAS  /tmp/ccvrGEwE.s 			page 21


 266      97CE27F1 
 266      0D37
 267 0a01 B4DED2FD 		.ascii	"\264\336\322\375\334u\335\017Y\325\324g\314z\342\026"
 267      DC75DD0F 
 267      59D5D467 
 267      CC7AE216 
 268 0a11 EA42B782 		.ascii	"\352B\267\202\331\225e\204\004\273\370k\3138;\357\222"
 268      D9956584 
 268      04BBF86B 
 268      CB383BEF 
 268      92
 269 0a22 95CE3C0B 		.ascii	"\225\316<\013\240\343\026\350z\014W\273rW\333\215\033"
 269      A0E316E8 
 269      7A0C57BB 
 269      7257DB8D 
 269      1B
 270 0a33 F09EEC72 		.ascii	"\360\236\354ri\345y\314;_\204\216\227\240=\201\366T"
 270      69E579CC 
 270      3B5F848E 
 270      97A03D81 
 270      F654
 271 0a45 68E85ADA 		.ascii	"h\350Z\332\266|\373n\376&\027p\261\233'\325;m+\343\036"
 271      B67CFB6E 
 271      FE261770 
 271      B19B27D5 
 271      3B6D2BE3 
 272 0a5a 04B78C3B 		.ascii	"\004\267\214;\261;M\205#\333\331\344F\242\364\310\205"
 272      B13B4D85 
 272      23DBD9E4 
 272      46A2F4C8 
 272      85
 273 0a6b 76FBA6A6 		.ascii	"v\373\246\246,\301v\321\323[\332\224\013/7\005\244\013"
 273      2CC176D1 
 273      D35BDA94 
 273      0B2F3705 
 273      A40B
 274 0a7d 56D3173D 		.ascii	"V\323\027=\361\012K\307\334\376\006X\210E\251\351b\340"
 274      F10A4BC7 
 274      DCFE0658 
 274      8845A9E9 
 274      62E0
 275 0a8f 42E5B5FD 		.ascii	"B\345\265\375\316\213\001\341\366{\031\264?\267\357"
 275      CE8B01E1 
 275      F67B19B4 
 275      3FB7EF
 276 0a9e 92F00EF4 		.ascii	"\222\360\016\364\0024\257B[\203\266\276\341,\010\311"
 276      0234AF42 
 276      5B83B6BE 
 276      E12C08C9 
 277 0aae DD58B753 		.ascii	"\335X\267S\267\272a1\020\367\016\272\016\002#\\\320"
 277      B7BA6131 
 277      10F70EBA 
 277      0E02235C 
 277      D0
 278 0abf 719CB1F9 		.ascii	"q\234\261\371xa*\375u~\3741\014.\270\346\304\277\371"
 278      78612AFD 
 278      757EFC31 
ARM GAS  /tmp/ccvrGEwE.s 			page 22


 278      0C2EB8E6 
 278      C4BFF9
 279 0ad2 28A62FE3 		.ascii	"(\246/\343\265\334\015\007wqv\207\307:\345\233On\034"
 279      B5DC0D07 
 279      77717687 
 279      C73AE59B 
 279      4F6E1C
 280 0ae5 67312B2E 		.ascii	"g1+.\270\355\341\000\374}i\257&Y\011\3733\340\033\343"
 280      B8EDE100 
 280      FC7D69AF 
 280      265909FB 
 280      33E01BE3 
 281 0af9 FC76278B 		.ascii	"\374v'\213\263\272\262a\255\312\013\027\252\331\026"
 281      B3BAB261 
 281      ADCA0B17 
 281      AAD916
 282 0b08 73BDB2DA 		.ascii	"s\275\262\332\325\331E8\376\213\316#\347\\\253+\355"
 282      D5D94538 
 282      FE8BCE23 
 282      E75CAB2B 
 282      ED
 283 0b19 6A5CC9D4 		.ascii	"j\\\311\324\025\346-6b\351j\021\211%\252\205[\365\311"
 283      15E62D36 
 283      62E96A11 
 283      8925AA85 
 283      5BF5C9
 284 0b2c 94351D2D 		.ascii	"\2245\035-\027|lt\330\334nT\344\307Z\255\255\341J\024"
 284      177C6C74 
 284      D8DC6E54 
 284      E4C75AAD 
 284      ADE14A14 
 285 0b40 81BD5107 		.ascii	"\201\275Q\007\030\263\007\256vX\233\026Z \262\226\205"
 285      18B307AE 
 285      76589B16 
 285      5A20B296 
 285      85
 286 0b51 4FC16E32 		.ascii	"O\301n2V\213\232\000m\001\347\267\257rd\350\250\303"
 286      568B9A00 
 286      6D01E7B7 
 286      AF7264E8 
 286      A8C3
 287 0b63 59224373 		.ascii	"Y\"Cs\200#\233\276#\374\004\330^\2602\032Z,\264\030"
 287      80239BBE 
 287      23FC04D8 
 287      5EB0321A 
 287      5A2CB418 
 288 0b77 2C184BED 		.ascii	",\030K\355\231\370l%\355\"\012\263\303$\"\"\275\230"
 288      99F86C25 
 288      ED220AB3 
 288      C3242222 
 288      BD98
 289 0b89 23C77459 		.ascii	"#\307tY\270\230\261\267\003\242\363\362\315\354G\345"
 289      B898B1B7 
 289      03A2F3F2 
 289      CDEC47E5 
 290 0b99 8278F475 		.ascii	"\202x\364u\314N\361-\3173\017\240\317\316\334\331\215"
 290      CC4EF12D 
ARM GAS  /tmp/ccvrGEwE.s 			page 23


 290      CF330FA0 
 290      CFCEDCD9 
 290      8D
 291 0baa 6F337F46 		.ascii	"o3\177F\247.V\271\343\373\214H\036no\3229\025\3758\360"
 291      A72E56B9 
 291      E3FB8C48 
 291      1E6E6FD2 
 291      3915FD38 
 292 0bbf 6B3C1616 		.ascii	"k<\026\026\375\371\204\350c*\247s\035g\276\334\324\375"
 292      FDF984E8 
 292      632AA773 
 292      1D67BEDC 
 292      D4FD
 293 0bd1 E7443377 		.ascii	"\347D3w\202\010\344\001\314'\207\211\311\322(9^e \352"
 293      8208E401 
 293      CC278789 
 293      C9D22839 
 293      5E6520EA 
 294 0be5 5AA3AB3D 		.ascii	"Z\243\253=q\234;\233\323\322\207\316j\234\020\035\204"
 294      719C3B9B 
 294      D3D287CE 
 294      6A9C101D 
 294      84
 295 0bf6 9E92C488 		.ascii	"\236\222\304\210Z2\217\251p&\023\272\231}/\336y\356"
 295      5A328FA9 
 295      702613BA 
 295      997D2FDE 
 295      79EE
 296 0c08 3AE42454 		.ascii	":\344$Ty\272*Q\264.J\026\301;\314\341\341\204\224\325"
 296      79BA2A51 
 296      B42E4A16 
 296      C13BCCE1 
 296      E18494D5 
 297 0c1c 05775205 		.ascii	"\005wR\005\244\017J\022A\361\021\036\337T\210k\212("
 297      A40F4A12 
 297      41F1111E 
 297      DF54886B 
 297      8A28
 298 0c2e AECFF8D1 		.ascii	"\256\317\370\321\014h\243G3G\234\303*\234\233\346_e"
 298      0C68A347 
 298      33479CC3 
 298      2A9C9BE6 
 298      5F65
 299 0c40 45127C43 		.ascii	"E\022|C\017\211$\330yT\347\207#\232\274p\0113\271q\260"
 299      0F8924D8 
 299      7954E787 
 299      239ABC70 
 299      0933B971 
 300 0c55 E28ED2C5 		.ascii	"\342\216\322\305A\216M\032\037H\215\331\036\307\360"
 300      418E4D1A 
 300      1F488DD9 
 300      1EC7F0
 301 0c64 EDFE3849 		.ascii	"\355\3768I\214\273]\217K\335q=S\231\177\271vT\211;("
 301      8CBB5D8F 
 301      4BDD713D 
 301      53997FB9 
 301      7654893B 
ARM GAS  /tmp/ccvrGEwE.s 			page 24


 302 0c79 818FA545 		.ascii	"\201\217\245E<\360\340\207\340VR\313\205\351\007k\027"
 302      3CF0E087 
 302      E05652CB 
 302      85E9076B 
 302      17
 303 0c8a 94F3B26C 		.ascii	"\224\363\262lmO\027\216\237\014\316\356\030?>\022\303"
 303      6D4F178E 
 303      9F0CCEEE 
 303      183F3E12 
 303      C3
 304 0c9b 4750C265 		.ascii	"GP\302e\224\235\300\317\002\370\331\033\360\247\327"
 304      949DC0CF 
 304      02F8D91B 
 304      F0A7D7
 305 0caa 4AEF2A70 		.ascii	"J\357*p\237\273\3504\342u~\032a\337\234\277\3166\347"
 305      9FBBE834 
 305      E2757E1A 
 305      61DF9CBF 
 305      CE36E7
 306 0cbd 978666B2 		.ascii	"\227\206f\262\345\370*\343}\260\257\310\306w\347\342"
 306      E5F82AE3 
 306      7DB0AFC8 
 306      C677E7E2 
 307 0ccd 23A27C4C 		.ascii	"#\242|L\005HWyx;:\212\351:\360F\346\374\242\002\337"
 307      05485779 
 307      783B3A8A 
 307      E93AF046 
 307      E6FCA202 
 308 0ce2 65B24337 		.ascii	"e\262C7\333\273\020\236e\304\351\261}\235X\035C\025"
 308      DBBB109E 
 308      65C4E9B1 
 308      7D9D581D 
 308      4315
 309 0cf4 B508151D 		.ascii	"\265\010\025\035\007E\205XM\223M\250*\274 \374\177\360"
 309      07458558 
 309      4D934DA8 
 309      2ABC20FC 
 309      7FF0
 310 0d06 0B269CBA 		.ascii	"\013&\234\272\010KB)\341\023.\204\367\014.\330\370\201"
 310      084B4229 
 310      E1132E84 
 310      F70C2ED8 
 310      F881
 311 0d18 CB1009D7 		.ascii	"\313\020\011\327\321\201\241\034\035\216g\006\356\275"
 311      D181A11C 
 311      1D8E6706 
 311      EEBD
 312 0d26 FDA4C1C3 		.ascii	"\375\244\301\303nS\324\313\216\275\310\252m\2569\021"
 312      6E53D4CB 
 312      8EBDC8AA 
 312      6DAE3911 
 313 0d36 0B33BF04 		.ascii	"\0133\277\004\013\317jN\331\007f\304d\365 \302\311\254"
 313      0BCF6A4E 
 313      D90766C4 
 313      64F520C2 
 313      C9AC
 314 0d48 876B152D 		.ascii	"\207k\025-=|\361\331t\203<X\265\365\304\252\260\215"
ARM GAS  /tmp/ccvrGEwE.s 			page 25


 314      3D7CF1D9 
 314      74833C58 
 314      B5F5C4AA 
 314      B08D
 315 0d5a BDBD9279 		.ascii	"\275\275\222y\271\236\037d\325\022\377\327\335\034/"
 315      B99E1F64 
 315      D512FFD7 
 315      DD1C2F
 316 0d69 55BB3C0D 		.ascii	"U\273<\015\252\300\3544\3504\263l\254t\264U\201\363"
 316      AAC0EC34 
 316      E834B36C 
 316      AC74B455 
 316      81F3
 317 0d7b 98A6BED9 		.ascii	"\230\246\276\331\350$\017\027\013\365J,\271P\357\034"
 317      E8240F17 
 317      0BF54A2C 
 317      B950EF1C 
 318 0d8b 4FD4380E 		.ascii	"O\3248\016\223^CU`N\0318\256\010\223\316\252\361V\326"
 318      935E4355 
 318      604E1938 
 318      AE0893CE 
 318      AAF156D6 
 319 0d9f 23B5A923 		.ascii	"#\265\251#y\256J\216O\261\276:z\333l\034u\0159\322I"
 319      79AE4A8E 
 319      4FB1BE3A 
 319      7ADB6C1C 
 319      750D39D2 
 320 0db4 A84E5DE1 		.ascii	"\250N]\341\307AM\317\011\303`\312\205>\035\256a\334"
 320      C7414DCF 
 320      09C360CA 
 320      853E1DAE 
 320      61DC
 321 0dc6 AB779B4F 		.ascii	"\253w\233O\271\361\000\320\325yva\253'nf/\357\3677U"
 321      B9F100D0 
 321      D5797661 
 321      AB276E66 
 321      2FEFF737 
 322 0ddb 78482555 		.ascii	"xH%U\275dR\225-]\311R\340n&\033^\224\\\246\301W\031"
 322      BD645295 
 322      2D5DC952 
 322      E06E261B 
 322      5E945CA6 
 323 0df2 517FA5F6 		.ascii	"Q\177\245\366\000\302\327\031\321[\323{\313\035\337"
 323      00C2D719 
 323      D15BD37B 
 323      CB1DDF
 324 0e01 66C4E4F1 		.ascii	"f\304\344\361\230\273\316\277\265\235\007\375\315\242"
 324      98BBCEBF 
 324      B59D07FD 
 324      CDA2
 325 0e0f C296529D 		.ascii	"\302\226R\235T\255\301O\230\320Bk|\227\302\251X\267"
 325      54ADC14F 
 325      98D0426B 
 325      7C97C2A9 
 325      58B7
 326 0e21 380915AF 		.ascii	"8\011\025\257N&k\2049\321*\032\322m\366j\3304\034;\244"
 326      4E266B84 
ARM GAS  /tmp/ccvrGEwE.s 			page 26


 326      39D12A1A 
 326      D26DF66A 
 326      D8341C3B 
 327 0e36 70590D65 		.ascii	"pY\015e\250\235\217\325\016\030\253\235\302R\270\326"
 327      A89D8FD5 
 327      0E18AB9D 
 327      C252B8D6 
 328 0e46 80BB58D1 		.ascii	"\200\273X\321\000]\250\011\000\264\277\254hL\235\303"
 328      005DA809 
 328      00B4BFAC 
 328      684C9DC3 
 329 0e56 E98CFDF7 		.ascii	"\351\214\375\367\032\324(\315m_\377\365\244\017\204"
 329      1AD428CD 
 329      6D5FFFF5 
 329      A40F84
 330 0e65 F36D5227 		.ascii	"\363mR'\335\353\225\036\3701\336\353AKWRkj\224\353\352"
 330      DDEB951E 
 330      F831DEEB 
 330      414B5752 
 330      6B6A94EB 
 331 0e7a 0D4B5D8E 		.ascii	"\015K]\216\367\002\340\355\025\342\235\252\3075\014"
 331      F702E0ED 
 331      15E29DAA 
 331      C7350C
 332 0e89 80BD76F7 		.ascii	"\200\275v\367\274\264v\317\325\341:\307\024\336\215"
 332      BCB476CF 
 332      D5E13AC7 
 332      14DE8D
 333 0e98 25F979F1 		.ascii	"%\371y\361\266\377\204\275\225\377\204]\273l;\250\306"
 333      B6FF84BD 
 333      95FF845D 
 333      BB6C3BA8 
 333      C6
 334 0ea9 491E7CEF 		.ascii	"I\036|\3575_\213p&#R#\012\343tRU\002V\251\350\242D\225"
 334      355F8B70 
 334      26235223 
 334      0AE37452 
 334      550256A9 
 335 0ec1 486B4C2D 		.ascii	"HkL-P\341\022&\235u+/V!%}\311\205t\374\340\323!w\334"
 335      50E11226 
 335      9D752B2F 
 335      5621257D 
 335      C98574FC 
 336 0eda C8A42F55 		.ascii	"\310\244/U\226\247z\342\016F\314\306?ZS\341>F\014\357"
 336      96A77AE2 
 336      0E46CCC6 
 336      3F5A53E1 
 336      3E460CEF 
 337 0eee 79DCED86 		.ascii	"y\334\355\206\257QB\361\342\326\322\272\032\361\025"
 337      AF5142F1 
 337      E2D6D2BA 
 337      1AF115
 338 0efd 165988D6 		.ascii	"\026Y\210\326\340,>; \015\032\204\236\206]8Nr\347#\243"
 338      E02C3E3B 
 338      200D1A84 
 338      9E865D38 
 338      4E72E723 
ARM GAS  /tmp/ccvrGEwE.s 			page 27


 339 0f12 EC2424A3 		.ascii	"\354$$\243\020\222!h#\302\260\314\234\305lF%\312\257"
 339      10922168 
 339      23C2B0CC 
 339      9CC56C46 
 339      25CAAF
 340 0f25 3A29DF7C 		.ascii	":)\337|H6sJ\300~M\032\013\017\312\211\201\263-|\235"
 340      4836734A 
 340      C07E4D1A 
 340      0B0FCA89 
 340      81B32D7C 
 341 0f3a F42E9099 		.ascii	"\364.\220\231\261M\305\374\260<\207\034\306/\365wE\353"
 341      B14DC5FC 
 341      B03C871C 
 341      C62FF577 
 341      45EB
 342 0f4c F04DE600 		.ascii	"\360M\346\000\373I\3716~R\336\363d\337\272\034\337a"
 342      FB49F936 
 342      7E52DEF3 
 342      64DFBA1C 
 342      DF61
 343 0f5e 2FC76DF9 		.ascii	"/\307m\371G\224L\221\012\310\316\027\251\207\345.K\341"
 343      47944C91 
 343      0AC8CE17 
 343      A987E52E 
 343      4BE1
 344 0f70 242F8513 		.ascii	"$/\205\023,\000)\361E\267Dk&r0\356\340\276\205\035G"
 344      2C0029F1 
 344      45B7446B 
 344      267230EE 
 344      E0BE851D 
 345 0f85 1D27466E 		.ascii	"\035'FnObG\331S\320\2277!\226lgp\233\224\275I{\331\253"
 345      4F6247D9 
 345      53D09737 
 345      21966C67 
 345      709B94BD 
 346 0f9d EE4A69   		.ascii	"\356Ji"
 347 0fa0 75C30F3C 		.ascii	"u\303\017<Dg\342\333\330\231\370\354\263\307\367ux\221"
 347      4467E2DB 
 347      D899F8EC 
 347      B3C7F775 
 347      7891
 348 0fb2 BD3BD36F 		.ascii	"\275;\323oK\341\340\225d^]\036\273\347\272\216Os\360"
 348      4BE1E095 
 348      645E5D1E 
 348      BBE7BA8E 
 348      4F73F0
 349 0fc5 F7F84C79 		.ascii	"\367\370Ly\252\357\206\333\346S\375)\314\214\223\241"
 349      AAEF86DB 
 349      E653FD29 
 349      CC8C93A1 
 350 0fd5 198268DA 		.ascii	"\031\202h\332\216h\240\257n\022\266]\254\327\353q\213"
 350      8E68A0AF 
 350      6E12B65D 
 350      ACD7EB71 
 350      8B
 351 0fe6 F5084769 		.ascii	"\365\010Gi\351\266\253jy\340\261\006\011\177\226n/\301"
 351      E9B6AB6A 
ARM GAS  /tmp/ccvrGEwE.s 			page 28


 351      79E0B106 
 351      097F966E 
 351      2FC1
 352 0ff8 996C0501 		.ascii	"\231l\005\001V\241q\010"
 352      56A17108 
 353 1000 E33C84D1 		.ascii	"\343<\204\321a\253`;\310w\233\305\302\034\274\303\005"
 353      61AB603B 
 353      C8779BC5 
 353      C21CBCC3 
 353      05
 354 1011 A476A7E2 		.ascii	"\244v\247\342%\007h\274N\261\316\363\034|\004\371\367"
 354      250768BC 
 354      4EB1CEF3 
 354      1C7C04F9 
 354      F7
 355 1022 10DA02B4 		.ascii	"\020\332\002\2649h\263\302\\\\9)H\256\373N\235\210*"
 355      3968B3C2 
 355      5C5C3929 
 355      48AEFB4E 
 355      9D882A
 356 1035 04296945 		.ascii	"\004)iE8\003\254\200\035\035x\002\335\345\374\016\377"
 356      3803AC80 
 356      1D1D7802 
 356      DDE5FC0E 
 356      FF
 357 1046 381DF09E 		.ascii	"8\035\360\236\024\032\361@Z?K^\365\344P\303y%\3751\237"
 357      141AF140 
 357      5A3F4B5E 
 357      F5E450C3 
 357      7925FD31 
 358 105b 1F8D901F 		.ascii	"\037\215\220\037\320\317\341\024\272g#\245\363\034\210"
 358      D0CFE114 
 358      BA6723A5 
 358      F31C88
 359 106a 2F63E106 		.ascii	"/c\341\0062{\323\216p\254\026\227\226Qx\227\2412\364"
 359      327BD38E 
 359      70AC1697 
 359      96517897 
 359      A132F4
 360 107d 737E5630 		.ascii	"s~V0d\250\017o\262f\256\236k'e.W\276Y{\027\336\264="
 360      64A80F6F 
 360      B266AE9E 
 360      6B27652E 
 360      57BE597B 
 361 1095 3D814F89 		.ascii	"=\201O\211\313\351\262\313\362Olo\304\231\014L\003f"
 361      CBE9B2CB 
 361      F24F6C6F 
 361      C4990C4C 
 361      0366
 362 10a7 47E74230 		.ascii	"G\347B0uB\345\200e\351,\307BF\367\025\216\334QP\034"
 362      7542E580 
 362      65E92CC7 
 362      4246F715 
 362      8EDC5150 
 363 10bc DB2151B4 		.ascii	"\333!Q\264\217\000\303a\372j\231G{\011\"\274\002\355"
 363      8F00C361 
 363      FA6A9947 
ARM GAS  /tmp/ccvrGEwE.s 			page 29


 363      7B0922BC 
 363      02ED
 364 10ce 19B4C7D0 		.ascii	"\031\264\307\320\236@[\204\366\024\013\266\362\335%"
 364      9E405B84 
 364      F6140BB6 
 364      F2DD25
 365 10dd 389C469D 		.ascii	"8\234F\235Dc\214w\346\310\034\341\314\344\261\362pl"
 365      44638C77 
 365      E6C81CE1 
 365      CCE4B1F2 
 365      706C
 366 10ef 51CDC322 		.ascii	"Q\315\303\"\310\347\245t|\222\345s\032\310\356\007\035"
 366      C8E7A574 
 366      7C92E573 
 366      1AC8EE07 
 366      1D
 367 1100 110AA1F3 		.ascii	"\021\012\241\363\366mv\366R\002\346\337e\300j\006\225"
 367      F66D76F6 
 367      5202E6DF 
 367      65C06A06 
 367      95
 368 1111 7301C71A 		.ascii	"s\001\307\032g\363\212\273\020\247\262L\313\224oEir"
 368      67F38ABB 
 368      10A7B24C 
 368      CB946F45 
 368      6972
 369 1123 C6EEF87D 		.ascii	"\306\356\370}-eS\350\347Rq1\363\366I\010\3751\256\336"
 369      2D6553E8 
 369      E7527131 
 369      F3F64908 
 369      FD31AEDE 
 370 1137 EEEDF44D 		.ascii	"\356\355\364M\241\034;\200\263Y(a\245\210J9\267#\224"
 370      A11C3B80 
 370      B3592861 
 370      A5884A39 
 370      B72394
 371 114a 459BF807 		.ascii	"E\233\370\007m\270\204i/\200X\346Jj\377\211\003{6>\314"
 371      6DB88469 
 371      2F8058E6 
 371      4A6AFF89 
 371      037B363E 
 372 115f 4CDDC313 		.ascii	"L\335\303\023\213p;\366\322Y\022\301\204\211\355,\370"
 372      8B703BF6 
 372      D25912C1 
 372      8489ED2C 
 372      F8
 373 1170 A20654A1 		.ascii	"\242\006T\2413\\?\211\347\013\210\335:\264(\305\016"
 373      335C3F89 
 373      E70B88DD 
 373      3AB428C5 
 373      0E
 374 1181 B406572B 		.ascii	"\264\006W+\\\243\241=\207\373p\270\256\3025R!\210\355"
 374      5CA3A13D 
 374      87FB70B8 
 374      AEC23552 
 374      2188ED
 375 1194 48238F2D 		.ascii	"H#\217-\211i-\327\344\310\223\344M~kO\025z\242\330\205"
ARM GAS  /tmp/ccvrGEwE.s 			page 30


 375      89692DD7 
 375      E4C893E4 
 375      4D7E6B4F 
 375      157AA2D8 
 376 11a9 2784C728 		.ascii	"'\204\307(\351\3048HT\262\245)\342\26696:\351X\220<"
 376      E9C43848 
 376      54B2A529 
 376      E2B63936 
 376      3AE95890 
 377 11be 68A4AD6C 		.ascii	"h\244\255lQ\203\367k\3319\351\364\251^\344-mr\214\342"
 377      5183F76B 
 377      D939E9F4 
 377      A95EE42D 
 377      6D728CE2 
 378 11d2 FF6532DA 		.ascii	"\377e2\332\243 \277\345\037\231\215|\312\367\025\235"
 378      A320BFE5 
 378      1F998D7C 
 378      CAF7159D 
 379 11e2 64116C2B 		.ascii	"d\021l+\237\277\357\211SX\267\366\357\261\266\261\357"
 379      9FBFEF89 
 379      5358B7F6 
 379      EFB1B6B1 
 379      EF
 380 11f3 B14E7676 		.ascii	"\261Nvv\016{\342\014\366.\257\252\244\220\374\\\375"
 380      0E7BE20C 
 380      F62EAFAA 
 380      A490FC5C 
 380      FD
 381 1204 03F29B28 		.ascii	"\003\362\233(\026l\272~\300\226\236\255+#1\036\270\220"
 381      166CBA7E 
 381      C0969EAD 
 381      2B23311E 
 381      B890
 382 1216 31C7965C 		.ascii	"1\307\226\\z\350\305\326\307\211\221V\2677e\033?\024"
 382      7AE8C5D6 
 382      C7899156 
 382      B737651B 
 382      3F14
 383 1228 A0040515 		.ascii	"\240\004\005\025!\350\343\025\333Q\234\202N&y\247&\013"
 383      21E8E315 
 383      DB519C82 
 383      4E2679A7 
 383      260B
 384 123a 3D711D93 		.ascii	"=q\035\223n>\220<\352\205[\031\021\321:\362\224\357"
 384      6E3E903C 
 384      EA855B19 
 384      11D13AF2 
 384      94EF
 385 124c 9C725A44 		.ascii	"\234rZD\207@2\224\244\340\213\032\301\327k\261\223%"
 385      87403294 
 385      A4E08B1A 
 385      C1D76BB1 
 385      9325
 386 125e 6B5ADCCD 		.ascii	"kZ\334\315\2043\272\237\214 Iat\010pH\311\017\034Oj"
 386      8433BA9F 
 386      8C204961 
 386      74087048 
ARM GAS  /tmp/ccvrGEwE.s 			page 31


 386      C90F1C4F 
 387 1273 D7E0112A 		.ascii	"\327\340\021*\357\266p\271\243\301q\240\00490\237\241"
 387      EFB670B9 
 387      A3C171A0 
 387      0439309F 
 387      A1
 388 1284 9A6BEB89 		.ascii	"\232k\353\211\263\346\204ct@\241A\211\240%\025\202\341"
 388      B3E68463 
 388      7440A141 
 388      89A02515 
 388      82E1
 389 1296 F81DC469 		.ascii	"\370\035\304i\227_\302?\034J\206\316\016r\366\277\364"
 389      975FC23F 
 389      1C4A86CE 
 389      0E72F6BF 
 389      F4
 390 12a7 2988A39A 		.ascii	")\210\243\232\245\362H\247@4\217@K\203f\023&\361R\315"
 390      A5F248A7 
 390      40348F40 
 390      4B836613 
 390      26F152CD 
 391 12bb 36A69FEC 		.ascii	"6\246\237\354\316\017;\351\337<\315\254\225\276\236"
 391      CE0F3BE9 
 391      DF3CCDAC 
 391      95BE9E
 392 12ca 14692DFC 		.ascii	"\024i-\374\003E\277_\032\375>\005K\311\266\202\212\363"
 392      0345BF5F 
 392      1AFD3E05 
 392      4BC9B682 
 392      8AF3
 393 12dc 726CF564 		.ascii	"rl\365d{\316\226\226D\245\213\343\353t\256\307\005P"
 393      7BCE9696 
 393      44A58BE3 
 393      EB74AEC7 
 393      0550
 394 12ee 72EAD3D1 		.ascii	"r\352\323\321\031\243\306\007\230\252\363s\013\247\025"
 394      19A3C607 
 394      98AAF373 
 394      0BA715
 395 12fd F83023E2 		.ascii	"\3700#\342\303\323\337\307\251\364\036\337\036\236\272"
 395      C3D3DFC7 
 395      A9F41EDF 
 395      1E9EBA
 396 130c AF7AC9F2 		.ascii	"\257z\311\362=\207\367\221\013\272\217\012\2350_\244"
 396      3D87F791 
 396      0BBA8F0A 
 396      9D305FA4 
 397 131c 3A10BD9F 		.ascii	":\020\275\237\375\372J\374\220\015\200r\244\375\314"
 397      FDFA4AFC 
 397      900D8072 
 397      A4FDCC
 398 132b 04267FC4 		.ascii	"\004&\177\304\347r`\316\222f\266\017\314;Q\373\223\275"
 398      E77260CE 
 398      9266B60F 
 398      CC3B51FB 
 398      93BD
 399 133d 702D437B 		.ascii	"p-C{l\264|\326\213\357\012\311\360\211\316m\316\341"
ARM GAS  /tmp/ccvrGEwE.s 			page 32


 399      6CB47CD6 
 399      8BEF0AC9 
 399      F089CE6D 
 399      CEE1
 400 134f 3F9135AD 		.ascii	"?\2215\255\322\223\232g\373\026\274p\033\345v+^Z\204"
 400      D2939A67 
 400      FB16BC70 
 400      1BE5762B 
 400      5E5A84
 401 1362 35B4602A 		.ascii	"5\264`*\230+\332\306\016V3\240\277X\350\267P!\234\272"
 401      982BDAC6 
 401      0E5633A0 
 401      BF58E8B7 
 401      50219CBA 
 402 1376 F62A24AB 		.ascii	"\366*$\253]\001\214\223|x\205\362\270\004\361\301I\360"
 402      5D018C93 
 402      7C7885F2 
 402      B804F1C1 
 402      49F0
 403 1388 4111B413 		.ascii	"A\021\264\023\320\216\013}1u\362\215\203\274\244\002"
 403      D08E0B7D 
 403      3175F28D 
 403      83BCA402 
 404 1398 6B2617B1 		.ascii	"k&\027\261\227\017\211/\357\262_?H1\221\257z\216qv\211"
 404      970F892F 
 404      EFB25F3F 
 404      483191AF 
 404      7A8E7176 
 405 13ad 4F1639F7 		.ascii	"O\0269\367\011\015\253\231\304c\244\246\211\271\035"
 405      090DAB99 
 405      C463A4A6 
 405      89B91D
 406 13bc E9460092 		.ascii	"\351F\000\222c\301\033\343\215\356\023\350&\"\337<#"
 406      63C11BE3 
 406      8DEE13E8 
 406      2622DF3C 
 406      23
 407 13cd 94F51592 		.ascii	"\224\365\025\222\221\377\310?lsJ\256\210\334#\376\205"
 407      91FFC83F 
 407      6C734AAE 
 407      88DC23FE 
 407      85
 408 13de 39FD43E4 		.ascii	"9\375C\344\217\363\261\013a`\317\330\305\376\017{&\347"
 408      8FF3B10B 
 408      6160CFD8 
 408      C5FE0F7B 
 408      26E7
 409 13f0 5AEC5F56 		.ascii	"Z\354_V#&\303\264SR\240\232\275G\374\275]\011\023`\250"
 409      2326C3B4 
 409      5352A09A 
 409      BD47FCBD 
 409      5D091360 
 410 1405 1C82FC91 		.ascii	"\034\202\374\221\234w'\224@N\210\035\012e\033J\355\177"
 410      9C772794 
 410      404E881D 
 410      0A651B4A 
 410      ED7F
ARM GAS  /tmp/ccvrGEwE.s 			page 33


 411 1417 FC1E5CB2 		.ascii	"\374\036\\\262~\245\271\323}\022\215\207\223\020?I\360"
 411      7EA5B9D3 
 411      7D128D87 
 411      93103F49 
 411      F0
 412 1428 FD05D225 		.ascii	"\375\005\322%~W\3066\2001\371\317\334\361\264\247\253"
 412      7E57C636 
 412      8031F9CF 
 412      DCF1B4A7 
 412      AB
 413 1439 DF915B97 		.ascii	"\337\221[\227\032\012\234\017m\027\234>\300\355\313"
 413      1A0A9C0F 
 413      6D179C3E 
 413      C0EDCB
 414 1448 6CAB970B 		.ascii	"l\253\227\0137\026e\242\374.W\3603\237=\2211Q\012\332"
 414      371665A2 
 414      FC2E57F0 
 414      339F3D91 
 414      31510ADA 
 415 145c 053C42A5 		.ascii	"\005<B\245\012\332IM\317\301\005\255\313\337y+\024\337"
 415      0ADA494D 
 415      CFC105AD 
 415      CBDF792B 
 415      14DF
 416 146e 91A1D30A 		.ascii	"\221\241\323\012\376;oYC\317\204\327\367r\254\343\343"
 416      FE3B6F59 
 416      43CF84D7 
 416      F772ACE3 
 416      E3
 417 147f D6A68E46 		.ascii	"\326\246\216F\325\376\226i\253U\243 L\350\024\244\022"
 417      D5FE9669 
 417      AB55A320 
 417      4CE814A4 
 417      12
 418 1490 4744EE65 		.ascii	"GD\356e\250D1\211P\261b\202\270\251R\361=\220\276w\261"
 418      A8443189 
 418      50B16282 
 418      B8A952F1 
 418      3D90BE77 
 419 14a5 2303E30A 		.ascii	"#\003\343\012\0355\367\311\371\214\001\362\241\217\222"
 419      1D35F7C9 
 419      F98C01F2 
 419      A18F92
 420 14b4 7D74A3A2 		.ascii	"}t\243\242\0072\035?eO\010\230\257\311\271T\334\345"
 420      07321D3F 
 420      654F0898 
 420      AFC9B954 
 420      DCE5
 421 14c6 51256E60 		.ascii	"Q%n`\022+\266\027\345\036\202\355\212\240\272\327(\250"
 421      122BB617 
 421      E51E82ED 
 421      8AA0BAD7 
 421      28A8
 422 14d8 18192867 		.ascii	"\030\031(g`\364T\263Yfy\272\254\331\235\232{\026\252"
 422      60F454B3 
 422      596679BA 
 422      ACD99D9A 
ARM GAS  /tmp/ccvrGEwE.s 			page 34


 422      7B16AA
 423 14eb 1F73E983 		.ascii	"\037s\351\203\350+\217t.\255\255#\326\326\332\255\015"
 423      E82B8F74 
 423      2EADAD23 
 423      D6D6DAAD 
 423      0D
 424 14fc DF73A745 		.ascii	"\337s\247EK\254\205\201psHu?6&\336\232\213(\027\252"
 424      4BAC8581 
 424      70734875 
 424      3F3626DE 
 424      9A8B2817 
 425 1511 12980BF7 		.ascii	"\022\230\013\367,\346\365\324\314\334\331\314\001O\274"
 425      2CE6F5D4 
 425      CCDCD9CC 
 425      014FBC
 426 1520 C8407757 		.ascii	"\310@wW\037\252g?\274\323\2237x2\032]\236\340\364\223"
 426      1FAA673F 
 426      BCD39337 
 426      78321A5D 
 426      9EE0F493 
 427 1534 AD0C352A 		.ascii	"\255\0145*\204\021\265\225\236\255\360\304/\230\216"
 427      8411B595 
 427      9EADF0C4 
 427      2F988E
 428 1543 E9C19261 		.ascii	"\351\301\222a\347\263\241&@ \026j?~\310G\230\005\347"
 428      E7B3A126 
 428      4020166A 
 428      3F7EC847 
 428      9805E7
 429 1556 4559D06C 		.ascii	"EY\320l\317\202\203\341\213\307T\024\022<B\347X\026"
 429      CF8283E1 
 429      8BC75414 
 429      123C42E7 
 429      5816
 430 1568 AC9D1E69 		.ascii	"\254\235\036iGB\277\374^#\360K+\361K\213\335/\263\275"
 430      4742BFFC 
 430      5E23F04B 
 430      2BF14B8B 
 430      DD2FB3BD 
 431 157c 3DA372EE 		.ascii	"=\243r\356\227\376\031\325\275\276\230\246_S\036\324"
 431      97FE19D5 
 431      BDBE98A6 
 431      5F531ED4 
 432 158c 20F04A83 		.ascii	" \360J\203\335+m\324+\263I\2664\035n\363b\263\300TG"
 432      DD2B6DD4 
 432      2BB349B6 
 432      341D6EF3 
 432      62B3C054 
 433 15a1 BF17EE62 		.ascii	"\277\027\356bDn\303\201\243:o\351\022\330\361\362\022"
 433      446EC381 
 433      A33A6FE9 
 433      12D8F1F2 
 433      12
 434 15b2 08D2E58B 		.ascii	"\010\322\345\213\021\311\352\357\347Q00/\\?\336c\265"
 434      11C9EAEF 
 434      E7513030 
 434      2F5C3FDE 
ARM GAS  /tmp/ccvrGEwE.s 			page 35


 434      63B5
 435 15c4 E66A5127 		.ascii	"\346jQ'\010\26534\033\332d\344\011A\324\245\370>H\036"
 435      08B53334 
 435      1BDA64E4 
 435      0941D4A5 
 435      F83E481E 
 436 15d8 4A385927 		.ascii	"J8Y'\0325\235\"\177uS\177\221\013\360>\036\273\232\240"
 436      1A359D22 
 436      7F75537F 
 436      910BF03E 
 436      1EBB9AA0 
 437 15ec 139DA029 		.ascii	"\023\235\240)\204\0378\3640\336\036\312\373t\314V\345"
 437      841F38F4 
 437      30DE1ECA 
 437      FB74CC56 
 437      E5
 438 15fd 26E44D13 		.ascii	"&\344M\023m\206z\031o/\345\215\033\252\022\035\314%"
 438      6D867A19 
 438      6F2FE58D 
 438      1BAA121D 
 438      CC25
 439 160f C092DEC1 		.ascii	"\300\222\336\301z\201\261^\240\254\207&\226\213E\237"
 439      7A81B15E 
 439      A0AC8726 
 439      968B459F 
 440 161f 3C1D12F1 		.ascii	"<\035\022\361\3661\336>\312[\3266\235!\372\026\270N"
 440      F631DE3E 
 440      CA5BD636 
 440      9D21FA16 
 440      B84E
 441 1631 04B79FF1 		.ascii	"\004\267\237\361\366S\336\373I\2131\242\257^\305\337"
 441      F653DEFB 
 441      498B31A2 
 441      AF5EC5DF 
 442 1641 2E0F305E 		.ascii	".\0170^r\361\016\016\013\372\310d\371 $\330\034\026"
 442      72F10E0E 
 442      0BFAC864 
 442      F92024D8 
 442      1C16
 443 1653 6430997F 		.ascii	"d0\231\177i\330iy\317' $\310\340\023j\264\370\274\377"
 443      69D86979 
 443      CF272024 
 443      C8E0136A 
 443      B4F8BCFF 
 444 1667 D9873EEF 		.ascii	"\331\207>\357\177b\374M\310[\357\207\206\232}\202\214"
 444      7F62FC4D 
 444      C85BEF87 
 444      869A7D82 
 444      8C
 445 1678 FEFE8186 		.ascii	"\376\376\201\206\257\364&\203O\330o>\3671\233\374|\302"
 445      AFF42683 
 445      4FD86F3E 
 445      F7319BFC 
 445      7CC2
 446 168a 4C16DF20 		.ascii	"L\026\337 \203\331\254\337ex\333O\375\037\277\372\355"
 446      83D9ACDF 
 446      6578DB4F 
ARM GAS  /tmp/ccvrGEwE.s 			page 36


 446      FD1FBFFA 
 446      ED
 447 169b 773F78EF 		.ascii	"w?x\357=\231\322l\374\223\301\327\242 \027U\250\376"
 447      3D99D26C 
 447      FC93C1D7 
 447      A2201755 
 447      A8FE
 448 16ad 9BC010BD 		.ascii	"\233\300\020\275\277\302b\0142x\352C\314\276\344\306"
 448      BFC2620C 
 448      3278EA43 
 448      CCBEE4C6 
 449 16bd 6CD10785 		.ascii	"l\321\007\205\252\303\214\301\226\177z\327\327\3627"
 449      AAC38CC1 
 449      967F7AD7 
 449      D7F237
 450 16cc 6FBFED03 		.ascii	"o\277\355\003\377\373\205\200fc\260\237\217\235\353"
 450      FFFB8580 
 450      6663B09F 
 450      8F9DEB
 451 16db ED009996 		.ascii	"\355\000\231\226\364\020b\376\034(_\213\334\350\357"
 451      F41062FE 
 451      1C285F8B 
 451      DCE8EF
 452 16ea 25E8D1E8 		.ascii	"%\350\321\350\017}\004\033\276\266x\010\036\272\207"
 452      0F7D041B 
 452      BEB67808 
 452      1EBA87
 453 16f9 9A42761A 		.ascii	"\232Bv\032\003\215\301\273\264a\026\270\376Io1\202y"
 453      038DC1BB 
 453      B46116B8 
 453      FE496F31 
 453      8279
 454 170b AF12968D 		.ascii	"\257\022\226\215W~!a\301\026\203\311\327\362\327\002"
 454      577E2161 
 454      C11683C9 
 454      D7F2D702 
 455 171b 49C76B7F 		.ascii	"I\307k\177\275E\277\005\\#\362\313\317\277\255_\210"
 455      BD45BF05 
 455      5C23F2CB 
 455      CFBFAD5F 
 455      88
 456 172c 0542BF04 		.ascii	"\005B\277\004\310\266\273\354\305\327\342)|g\301\273"
 456      C8B6BBEC 
 456      C5D7E229 
 456      7C67C1BB 
 457 173c 832C9EEF 		.ascii	"\203,\236\357\207\230?\375\314b2\350\203\376\373\223"
 457      87983FFD 
 457      CC6232E8 
 457      83FEFB93 
 458 174c CF3D8833 		.ascii	"\317=\2103B\314\224T\371\005\350\203\203\015\201\324"
 458      42CC9454 
 458      F905E883 
 458      830D81D4 
 459 175c 8DC6104E 		.ascii	"\215\306\020Ni\201\377\343O?`\304\033\022\2564rq@\242"
 459      6981FFE3 
 459      4F3F60C4 
 459      1B12AE34 
ARM GAS  /tmp/ccvrGEwE.s 			page 37


 459      727140A2 
 460 1770 71E85680 		.ascii	"q\350V\200\270I\371E\330\316\235\006\223\322d\010\012"
 460      B849F945 
 460      D8CE9D06 
 460      93D26408 
 460      0A
 461 1781 B1183C0C 		.ascii	"\261\030<\014\273-\2774\232-\206`\203\311mg\240~\227"
 461      BB2DBF34 
 461      9A2D8660 
 461      83C96D67 
 461      A07E97
 462 1794 596BD86D 		.ascii	"Yk\330m\010\266\320[_\213\222\022f\017z\011\322\233"
 462      08B6D05B 
 462      5F8B9212 
 462      660F7A09 
 462      D29B
 463 17a6 BFF4B5A8 		.ascii	"\277\364\265\250\0039\273\273_\200\257%\000\364\372"
 463      0339BBBB 
 463      5F80AF25 
 463      00F4FA
 464 17b5 ABD9C5D7 		.ascii	"\253\331\305\327\242\243|\276v\216-b\022\324}E\365\276"
 464      A2A37CBE 
 464      768E2D62 
 464      12D47D45 
 464      F5BE
 465 17c7 CD107F69 		.ascii	"\315\020\177i0\001|\237\017"
 465      30017C9F 
 465      0F
 466 17d0 028C5F18 		.ascii	"\002\214_\030?\375\314'\304\354c\262\020\013\002\303"
 466      3FFDCC27 
 466      C4EC63B2 
 466      100B02C3 
 467 17e0 FC0D3E7E 		.ascii	"\374\015>~\001\254k\260\300\0350~\026\022f\36230l\276"
 467      01AC6BB0 
 467      C01D307E 
 467      161266F2 
 467      33306CBE 
 468 17f4 664AE884 		.ascii	"fJ\350\204\204\257\305\215\244\217I\355\247\017\014"
 468      84AFC58D 
 468      A48F49ED 
 468      A70F0C
 469 1803 FC42EFF7 		.ascii	"\374B\357\367\345\026@\267\333h\262\204\351\003ib\231"
 469      E51640B7 
 469      DB68B284 
 469      E9036962 
 469      99
 470 1814 BC4414D8 		.ascii	"\274D\024\330\261\333\2623,\330\017n\214$1v\353\003"
 470      B1DBB233 
 470      2CD80F6E 
 470      8C243176 
 470      EB03
 471 1826 B712CF05 		.ascii	"\267\022\317\005\206\004\357\262?\360\265xXL\306]\273"
 471      8604EFB2 
 471      3FF0B578 
 471      584CC65D 
 471      BB
 472 1837 0C2622E3 		.ascii	"\014&\"\343%\312dH\315\335\026\034\2527)\210\0267\177"
ARM GAS  /tmp/ccvrGEwE.s 			page 38


 472      25CA6448 
 472      CDDD161C 
 472      AA372988 
 472      16377F
 473 184a 62A422D4 		.ascii	"b\244\"\324d\330\355\011\035\373\033\002!\320\344\221"
 473      64D8ED09 
 473      1DFB1B02 
 473      21D0E491 
 474 185a 97880294 		.ascii	"\227\210\002\224\224\3604\177cvt\362\326\267r\007\221"
 474      94F0347F 
 474      637674F2 
 474      D6B77207 
 474      91
 475 186b 27DE80C0 		.ascii	"'\336\200\300\221\301\345\363\255\204B\276\370_\203"
 475      91C1E5F3 
 475      AD8442BE 
 475      F85F83
 476 187a 1F73A21D 		.ascii	"\037s\242\035\275I\345\367\005\300\326\007mw1\004M\300"
 476      BD49E5F7 
 476      05C0D607 
 476      6D773104 
 476      4DC0
 477 188c EDB141F8 		.ascii	"\355\261A\370Z\274\311\2759\300\020\030\310R\206\214"
 477      5ABCC9BD 
 477      39C01018 
 477      C852868C 
 478 189c 412959CA 		.ascii	"A)Y\312B\000\262\324{\005\362\3563\362h#\257u\300E\231"
 478      4200B2D4 
 478      7B05F2EE 
 478      33F26823 
 478      AF75C045 
 479 18b1 18C3960D 		.ascii	"\030\303\226\015!\236\325^v\011\236\330:\261\006M\210"
 479      219ED55E 
 479      76099ED8 
 479      3AB1064D 
 479      88
 480 18c2 D99EA94A 		.ascii	"\331\236\251J\026t\245_H\360N\343\256W\034\212(\015"
 480      1674A55F 
 480      48F04EE3 
 480      AE571C8A 
 480      280D
 481 18d4 5E861059 		.ascii	"^\206\020Y\014\272\215\347\224\334\"&!\033a\\\006\205"
 481      0CBA8DE7 
 481      94DC2226 
 481      211B615C 
 481      0685
 482 18e6 423DD107 		.ascii	"B=\321\007\031\334y\012\177\245\327\230-_\352\003\215"
 482      19DC790A 
 482      7FA5D798 
 482      2D5FEA03 
 482      8D
 483 18f7 BB827D2D 		.ascii	"\273\202}-\356\033\022\356!\241\006\023-+*R\301~\346"
 483      EE1B12EE 
 483      21A10613 
 483      2D2B2A52 
 483      C17EE6
 484 190a 6BD118BE 		.ascii	"k\321\030\2766\370\021Eaf\210\210\005\002\251\362\013"
ARM GAS  /tmp/ccvrGEwE.s 			page 39


 484      36F81145 
 484      61668888 
 484      0502A9F2 
 484      0B
 485 191b 090AD207 		.ascii	"\011\012\322\007\373\013\354b\017\266n~\000\232M\206"
 485      FB0BEC62 
 485      0FB66E7E 
 485      009A4D86 
 486 192b 3F864122 		.ascii	"?\206A\"\031\3745\201z\320\342GT{m\3601\372\225M\264"
 486      19FC3581 
 486      7AD0E247 
 486      547B6DF0 
 486      31FA954D 
 487 1940 AF451500 		.ascii	"\257E\025\000\016\0101}\2434\370\033AVm6\004Bx\015\376"
 487      0E08317D 
 487      A334F81B 
 487      41566D36 
 487      0442780D 
 488 1955 2ABF3093 		.ascii	"*\2770\223\011\006\203\233184\314\242\324\233v\301 "
 488      0906839B 
 488      313834CC 
 488      A2D49B76 
 488      C120
 489 1967 579A0D7F 		.ascii	"W\232\015\177\0144\004\223\013P\356\300b\0161\205\206"
 489      0C340493 
 489      0B50EEC0 
 489      620E3185 
 489      86
 490 1978 9895F070 		.ascii	"\230\225\360p\227%\300cC;)\333fs\250GP\210\177\030\350"
 490      9725C063 
 490      433B29DB 
 490      6673A847 
 490      50887F18 
 491 198d 23859241 		.ascii	"#\205\222A\206\207\354\031\011\271\232\335~\354O\234"
 491      8687EC19 
 491      09B99ADD 
 491      7EEC4F9C 
 492 199d BB8B8D06 		.ascii	"\273\213\215\006\302A)\360\207\371\233`?\026\026\251"
 492      C24129F0 
 492      87F99B60 
 492      3F1616A9 
 493 19ad DA4E3821 		.ascii	"\332N8!7t\366{V\011\335h\377\362\020\263bW\2501\344"
 493      3774F67B 
 493      5609DD68 
 493      FFF210B3 
 493      6257A831 
 494 19c2 7529B96F 		.ascii	"u)\271o\300I\264\2149(\265\275\272\311\337\225i\365"
 494      C049B48C 
 494      3928B5BD 
 494      BAC9DF95 
 494      69F5
 495 19d4 A6A0DD3F 		.ascii	"\246\240\335?5\274\025\364\367;Ce\032\020\265\030\276"
 495      35BC15F4 
 495      F73B4365 
 495      1A10B518 
 495      BE
 496 19e5 7E2BE85D 		.ascii	"~+\350]\231\016j\354'\254\304~\034l\374\366\225\334"
ARM GAS  /tmp/ccvrGEwE.s 			page 40


 496      990E6AEC 
 496      27ACC47E 
 496      1C6CFCF6 
 496      95DC
 497 19f7 69869341 		.ascii	"i\206\223A\231\373<\300\377\303\257\215\026\267 3\344"
 497      99FB3CC0 
 497      FFC3AF8D 
 497      16B72033 
 497      E4
 498 1a08 D6B71B78 		.ascii	"\326\267\033x,\235\310\300S\373\005\204\232 gvn\373"
 498      2C9DC8C0 
 498      53FB0584 
 498      9A206776 
 498      6EFB
 499 1a1a 37BDD9F0 		.ascii	"7\275\331\360\031\211{\260\305\250\347I\375\023W\332"
 499      19897BB0 
 499      C5A8E749 
 499      FD1357DA 
 500 1a2a 02F4813E 		.ascii	"\002\364\201>\201\306/|\230\245f\037\273\026\320\210"
 500      81C62F7C 
 500      98A5661F 
 500      BB16D088 
 501 1a3a C1155A87 		.ascii	"\301\025Z\207;|-\377\007q\222LD"
 501      3B7C2DFF 
 501      0771924C 
 501      44
 502              		.text
 503              		.section	.gnu.lto_.symtab.6825c39d126cc666,"e",%progbits
 504 0000 7572744D 		.ascii	"urtMessageInit\000"
 504      65737361 
 504      6765496E 
 504      697400
 505 000f 00       		.ascii	"\000"
 506 0010 00       		.ascii	"\000"
 507 0011 00       		.ascii	"\000"
 508 0012 00000000 		.ascii	"\000\000\000\000\000\000\000\000"
 508      00000000 
 509 001a 34020000 		.ascii	"4\002\000\000"
 510 001e 616F7300 		.ascii	"aos\000"
 511 0022 00       		.ascii	"\000"
 512 0023 02       		.ascii	"\002"
 513 0024 00       		.ascii	"\000"
 514 0025 00000000 		.ascii	"\000\000\000\000\000\000\000\000"
 514      00000000 
 515 002d 49020000 		.ascii	"I\002\000\000"
 516 0031 63685468 		.ascii	"chThdExit\000"
 516      64457869 
 516      7400
 517 003b 00       		.ascii	"\000"
 518 003c 02       		.ascii	"\002"
 519 003d 00       		.ascii	"\000"
 520 003e 00000000 		.ascii	"\000\000\000\000\000\000\000\000"
 520      00000000 
 521 0046 3C020000 		.ascii	"<\002\000\000"
 522 004a 63687072 		.ascii	"chprintf\000"
 522      696E7466 
 522      00
ARM GAS  /tmp/ccvrGEwE.s 			page 41


 523 0053 00       		.ascii	"\000"
 524 0054 02       		.ascii	"\002"
 525 0055 00       		.ascii	"\000"
 526 0056 00000000 		.ascii	"\000\000\000\000\000\000\000\000"
 526      00000000 
 527 005e 45020000 		.ascii	"E\002\000\000"
 528              		.text
 529              		.section	.gnu.lto_.opts,"e",%progbits
 530 0000 272D666E 		.ascii	"'-fno-openmp' '-fno-openacc' '-fno-pie' '-mcpu=cort"
 530      6F2D6F70 
 530      656E6D70 
 530      2720272D 
 530      666E6F2D 
 531 0033 65782D6D 		.ascii	"ex-m4' '-mthumb' '-mfloat-abi=softfp' '-mfpu=fpv4-s"
 531      34272027 
 531      2D6D7468 
 531      756D6227 
 531      20272D6D 
 532 0066 702D6431 		.ascii	"p-d16' '-march=armv7e-m+fp' '-O2' '-fstack-usage' '"
 532      36272027 
 532      2D6D6172 
 532      63683D61 
 532      726D7637 
 533 0099 2D666675 		.ascii	"-ffunction-sections' '-fdata-sections' '-fno-common"
 533      6E637469 
 533      6F6E2D73 
 533      65637469 
 533      6F6E7327 
 534 00cc 2720272D 		.ascii	"' '-flto' '-fshort-enums'\000"
 534      666C746F 
 534      2720272D 
 534      6673686F 
 534      72742D65 
 535              		.text
 536              		.comm	__gnu_lto_v1,1,1
 537              		.comm	__gnu_lto_slim,1,1
 538              		.ident	"GCC: (GNU Arm Embedded Toolchain 9-2020-q2-update) 9.3.1 20200408 (release)"
ARM GAS  /tmp/ccvrGEwE.s 			page 42


DEFINED SYMBOLS
                            *ABS*:0000000000000000 urt_message.c
                            *COM*:0000000000000001 __gnu_lto_v1
                            *COM*:0000000000000001 __gnu_lto_slim

NO UNDEFINED SYMBOLS
