ARM GAS  /tmp/ccl7KkBq.s 			page 1


   1              		.cpu cortex-m4
   2              		.eabi_attribute 27, 1
   3              		.eabi_attribute 20, 1
   4              		.eabi_attribute 21, 1
   5              		.eabi_attribute 23, 3
   6              		.eabi_attribute 24, 1
   7              		.eabi_attribute 25, 1
   8              		.eabi_attribute 26, 1
   9              		.eabi_attribute 30, 2
  10              		.eabi_attribute 34, 1
  11              		.eabi_attribute 18, 4
  12              		.file	"alld_switch.c"
  13              		.section	.gnu.lto_.profile.c89f3f01853fcd83,"e",%progbits
  14 0000 789CE360 		.ascii	"x\234\343``\004B \000\000\000]\000\013"
  14      60044220 
  14      0000005D 
  14      000B
  15              		.text
  16              		.section	.gnu.lto_.icf.c89f3f01853fcd83,"e",%progbits
  17 0000 789CE360 		.ascii	"x\234\343``d\340`@\000F\206\017\233\373\233\330\031"
  17      6064E060 
  17      40004686 
  17      0F9BFB9B 
  17      D819
  18 0012 000E8502 		.ascii	"\000\016\205\002\316"
  18      CE
  19              		.text
  20              		.section	.gnu.lto_.jmpfuncs.c89f3f01853fcd83,"e",%progbits
  21 0000 789CE360 		.ascii	"x\234\343``dhed`\210e\200\000F\006&FF\346\372\371\314"
  21      60646865 
  21      64608865 
  21      80004606 
  21      264646E6 
  22 0017 0C40CCC8 		.ascii	"\014@\314\310\002\0248\300\302\310\000\304\377\201\200"
  22      021438C0 
  22      C2C800C4 
  22      FF8180
  23 0026 9F018DCF 		.ascii	"\237\001\215\317\310<\235\231\261\257\371\375=\216>"
  23      C83C9D99 
  23      B1AFF9FD 
  23      3D8E3E
  24 0035 E6F9CC4C 		.ascii	"\346\371\314L\214\014\214\273\030\245A\230\203\245\000"
  24      8C0C8CBB 
  24      18A54198 
  24      83A500
  25 0044 59861128 		.ascii	"Y\206\021(\263\033(\003\327\315\310\000\322y\364\325"
  25      B31B2803 
  25      D7CDC800 
  25      D279F4D5 
  26 0054 E3BD4C8A 		.ascii	"\343\275L\212\214\363\033f(\314gff`\334\303\250\010"
  26      8CF31B66 
  26      28CC6766 
  26      6660DCC3 
  26      A808
  27 0066 57F10762 		.ascii	"W\361\007b>\314@\220\362\2257\337\275\342W\224\207("
  27      3ECC4090 
  27      F29537DF 
ARM GAS  /tmp/ccl7KkBq.s 			page 2


  27      BDE25794 
  27      8728
  28 0078 676160DC 		.ascii	"ga`\334\213[9\023P\371\213\317oV\261\202lge\264c\334"
  28      8B5B3913 
  28      50F98BCF 
  28      6F56B182 
  28      6C6765B4 
  29 008e C7280D56 		.ascii	"\307(\015Vk\007R\317\200\346<\240\257\031\367\003\025"
  29      6B0752CF 
  29      80E63CA0 
  29      AF19F703 
  29      15
  30 009f 1070DE01 		.ascii	"\020p\336\001\322\234w\020\277\363\356]\234\037\017"
  30      D29C7710 
  30      BFF3EE5D 
  30      9C1F0F
  31 00ae 719D2DE3 		.ascii	"q\235-\343!\250\353l\301\256c\220U-\326P-\325\264RH"
  31      21A8EB6C 
  31      C1AE6390 
  31      552DD650 
  31      2DD5B452 
  32 00c3 2C48CC71 		.ascii	",H\314qIJw,.N-*QHK\314\314IMa\260\323\323\323\007\242"
  32      494A772C 
  32      2E4E2D2A 
  32      51484BCC 
  32      CC494D61 
  33 00dd 82D4A2CC 		.ascii	"\202\324\242\314\202\214\324\242J\335\234\234\024}G"
  33      828CD4A2 
  33      4ADD9C9C 
  33      147D47
  34 00ec DFCCA07C 		.ascii	"\337\314\240|]\037\037\027\375\224\242\314\262\324\242"
  34      5D1F1F17 
  34      FD94A2CC 
  34      B2D4A2
  35 00fb 62FDE2F2 		.ascii	"b\375\342\362\314\222\344\014\3752C\375D\240\202x\010"
  35      CC92E40C 
  35      FD3243FD 
  35      44A08278 
  35      08
  36 010c 572F9901 		.ascii	"W/\231\001\000\013.\216\006"
  36      000B2E8E 
  36      06
  37              		.text
  38              		.section	.gnu.lto_.inline.c89f3f01853fcd83,"e",%progbits
  39 0000 789CE360 		.ascii	"x\234\343``dHb@\000F\006F\361\206\206\206\016\346\014"
  39      60644862 
  39      40004606 
  39      46F18686 
  39      860EE60C 
  40 0014 46260605 		.ascii	"F&\006\005F\240\000\210`a\003\21250\24700p@\030L\014"
  40      46A00088 
  40      6061038A 
  40      3530A730 
  40      30704018 
  41 002a 40086232 		.ascii	"@\010b2%3\260\300Y\034 \023Xx\201\004\323\004?\006V"
  41      2533B0C0 
  41      591C2013 
ARM GAS  /tmp/ccl7KkBq.s 			page 3


  41      58788104 
  41      D3043F06 
  42 003f 3E100FC8 		.ascii	">\020\017\310`@f2\000\000\213\253\017\327"
  42      60406632 
  42      00008BAB 
  42      0FD7
  43              		.text
  44              		.section	.gnu.lto_.pureconst.c89f3f01853fcd83,"e",%progbits
  45 0000 789CE360 		.ascii	"x\234\343``d`a`\000\222\263X\000\001\322\000\255"
  45      60646061 
  45      600092B3 
  45      580001D2 
  45      00AD
  46              		.text
  47              		.section	.gnu.lto_switch_lld_get.c89f3f01853fcd83,"e",%progbits
  48 0000 789C8D93 		.ascii	"x\234\215\223\177hSW\024\307\357\367\335\367\2224mZ"
  48      7F685357 
  48      14C7EFF7 
  48      DDF79234 
  48      6D5A
  49 0012 E7D4C982 		.ascii	"\347\324\311\202\230\202\241\026f\323\341_\012\226\025"
  49      9882A116 
  49      66D3E15F 
  49      0A9615
  50 0021 FC67A00C 		.ascii	"\374g\240\014\374\303\177K\326f6PhI\252C\377\260\267"
  50      FCC37F4B 
  50      D6663650 
  50      6849AA43 
  50      FFB0B7
  51 0034 494BB4F5 		.ascii	"IK\264\365G7t\246Bx\205Rb\305\265\0122aj\367V\177\255"
  51      473774A6 
  51      42788552 
  51      62C5B50A 
  51      32616AF7 
  52 004b 9DDADACD 		.ascii	"\235\332\332\315iD#\264\350\332\322\351\230\266\210"
  52      694423B4 
  52      E8DAD2E9 
  52      98B688
  53 005a 887AEEBB 		.ascii	"\210z\356\273\015\025\025fH.\367\234{\276\347\236\317"
  53      0D151566 
  53      482EF79C 
  53      7BBEE79E 
  53      CF
  54 006b 39372E06 		.ascii	"97.\006\326\2473\266\2331\266\202~\340\014\232\020\342"
  54      D6A733B6 
  54      9B31B682 
  54      7EE00C9A 
  54      10E2
  55 007d 0B67B34B 		.ascii	"\013g\263K\003\354\235p\2015ih\302A~\204\343\354\211"
  55      03EC9D70 
  55      81356968 
  55      C2417E84 
  55      E3EC89
  56 0090 FE7F0B4B 		.ascii	"\376\177\013K\323t\"\254#s\245\261x\353r\2233\326I\302"
  56      D37422AC 
  56      2373A5B1 
  56      78EB7293 
ARM GAS  /tmp/ccl7KkBq.s 			page 4


  56      33D649C2 
  57 00a4 B55E947B 		.ascii	"\265^\224{\231\374\340g\224Rl6\226zVp\200\233\034\320"
  57      99FCE067 
  57      94526C36 
  57      967A5670 
  57      809B1CD0 
  58 00b8 C93C347C 		.ascii	"\311<4|z\310-M\015>2\277\033\035\375\214W\202\321vb"
  58      7AC82D4D 
  58      0D3E32BF 
  58      1B1DFD8C 
  58      5782D176 
  59 00cd F6E6AE92 		.ascii	"\366\346\256\222\036\321\021\023\326\3354\027\253L\316"
  59      1ED11113 
  59      D6DD3417 
  59      AB4CCE
  60 00dc 711E5C26 		.ascii	"q\036\\&=\007/\316\202\322\222\217\022\017\240\204\342"
  60      3D072FCE 
  60      82D2928F 
  60      120FA084 
  60      E2
  61 00ed EFA51E3F 		.ascii	"\357\245\036?\321\371\227\2666}\352\320\270k^\374\324"
  61      D1F997B6 
  61      367DEAD0 
  61      B86B5EFC 
  61      D4
  62 00fe 7B5458BA 		.ascii	"{TX\272\311u\374\362\216\232(a\241\204I\315d\253\370"
  62      C975FCF2 
  62      8E9A2861 
  62      A18449CD 
  62      64ABF8
  63 0111 318F7F65 		.ascii	"1\217\177e\353\023\211\330\311\002\177\267\015t=\271"
  63      EB1389D8 
  63      C9027FB7 
  63      0D743DB9 
  64 0121 3C161749 		.ascii	"<\026\027IA)\030~U)\026\250d\364\354\211\261\021\203"
  64      4129187E 
  64      552916A8 
  64      64F4EC89 
  64      B11183
  65 0134 6FB59599 		.ascii	"o\265\225\231\366\344s\235\224\026\335|9\271$>\2574"
  65      F6E4739D 
  65      9416DD7C 
  65      39B9243E 
  65      AF34
  66 0146 70E17DCA 		.ascii	"p\341}\312\361S/\017{\034:.\302\217A\370e\307d\247."
  66      F1532F0F 
  66      7B1C3A2E 
  66      C28F41F8 
  66      65C764A7 
  67 015b C1413360 		.ascii	"\301A3`Z\316\337?fX\342\345\253\204\260\036~\322V\275"
  67      5ACEDF3F 
  67      6658E2E5 
  67      AB84B01E 
  67      7ED256BD 
  68 016f 0854B943 		.ascii	"\010T\271C\223\013\247\305\251\323\3422\244\351\240"
  68      930BA7C5 
  68      A9D3E232 
ARM GAS  /tmp/ccl7KkBq.s 			page 5


  68      A4E9A0
  69 017e 25CF09D9 		.ascii	"%\317\011\331\0207$\230\207\331iY;g\222E\207\260\030"
  69      10372498 
  69      87D96959 
  69      3B679245 
  69      87B018
  70 0191 DBC73565 		.ascii	"\333\3075e4\2231\215\370h\342^\275\2742\305\221\342"
  70      3493318D 
  70      F868E25E 
  70      BDBC32C5 
  70      91E2
  71 01a3 4EAAEA40 		.ascii	"N\252\352@\374q\326%g\302\301p\231:5\203\204\317.\212"
  71      FC71D625 
  71      67C2C170 
  71      993A3583 
  71      84CF2E8A 
  72 01b7 0E53C7AE 		.ascii	"\016S\307\256\276\312kA\254\331erw'E0\\A\013\030\251"
  72      BECA6B41 
  72      ACD96572 
  72      77274530 
  72      5C410B18 
  73 01cc E9F4D2F4 		.ascii	"\351\364\322\364\304y\2558h\212\244\317\344\3712\376"
  73      C479AD38 
  73      688AA4CF 
  73      E4F932FE 
  74 01dc F0FDD9B4 		.ascii	"\360\375\331\264G\306'\205 _\001~C\261\002\034\"\031"
  74      47C62785 
  74      205F017E 
  74      43B1021C 
  74      2219
  75 01ee 05F4661E 		.ascii	"\005\364f\036M\027\025kJ\342\221\222\336\256\013\373"
  75      4D17156B 
  75      4AE29192 
  75      DEAE0BFB 
  76 01fe 5D0B9242 		.ascii	"]\013\222B\014\347$\277+I\366\206Y%\353+\302\006\\\205"
  76      0CE724BF 
  76      2B49F686 
  76      5925EB2B 
  76      C2065C85 
  77 0212 D7E48B14 		.ascii	"\327\344\213\024\307\203\"\305\241\245\270\373M\016"
  77      C78322C5 
  77      A1A5B8FB 
  77      4D0E
  78 0220 9D38AEFD 		.ascii	"\2358\256\375?\307u\305\241}\030\307H\256\250\321\017"
  78      3FC775C5 
  78      A17D18C7 
  78      48AEA8D1 
  78      0F
  79 0231 E6B89193 		.ascii	"\346\270\221\223\214)\311\344\223\231\343\206\002\251"
  79      8C29C9E4 
  79      9399E386 
  79      02A9
  80 023f C01F3990 		.ascii	"\300\0379\220\330\271\251\275\335\363$\362\337e\335"
  80      D8B9A9BD 
  80      DDF324F2 
  80      DF65DD
  81 024e 399929EC 		.ascii	"9\231)\354Aw3\015\255k@\216\374#\232\223=\030yK\337"
ARM GAS  /tmp/ccl7KkBq.s 			page 6


  81      4177330D 
  81      AD6B408E 
  81      FC239A93 
  81      3D18794B 
  82 0263 99F488A7 		.ascii	"\231\364\210\247\274Ot\320\351\034L\276\030\177\242"
  82      BC4F74D0 
  82      E91C4CBE 
  82      187FA2
  83 0272 0749F592 		.ascii	"\007I\365\222n\242\234\250[}*\233\347-\356\217;\271"
  83      6EA29CA8 
  83      5B7D2A9B 
  83      E72DEE8F 
  83      3BB9
  84 0284 46417F29 		.ascii	"FA\177)ny\327\367\231\361+\371\362T\330%/\261_\240]"
  84      6E79D7F7 
  84      99F12BF9 
  84      F254D825 
  84      2FB15FA0 
  85 0299 F22D0A32 		.ascii	"\362-\0122\371RY\337\017Sm\335+UF\373\351\312\346\017"
  85      F95259DF 
  85      0F536DDD 
  85      2B5546FB 
  85      E9CAE60F 
  86 02ad 24A03C06 		.ascii	"$\240<\0069)\321O{\377\351\315\223h\006\200\333T*\351"
  86      3929D14F 
  86      7BFFE9CD 
  86      93680680 
  86      DB542AE9 
  87 02c1 5EE46264 		.ascii	"^\344bd\230td\333z\271\364\274\015Yh\362e4B{f\014\031"
  87      987464DB 
  87      7AB9F4BC 
  87      0D5968F2 
  87      6534427B 
  88 02d8 C2210D09 		.ascii	"\302!\015\011\006\263v\002y'I\376\376o\"\233\277\356"
  88      06B37602 
  88      792749FE 
  88      FE6F229B 
  88      BFEE
  89 02ea 8CD84375 		.ascii	"\214\330Cu\031\014w\260\216=B\254\253\177\337\247\363"
  89      190C77B0 
  89      8E3D42AC 
  89      AB7FDFA7 
  89      F3
  90 02fb B4B203ED 		.ascii	"\264\262\003\355\034\013/\237\261\212\262\262\000}\033"
  90      1C0B2F9F 
  90      B18AB2B2 
  90      007D1B
  91 030a 42917043 		.ascii	"B\221pCm(\262sM]]M\240rsxK\375\232M\2336\006j\"\341"
  91      6D28B273 
  91      4D5D5D4D 
  91      A0727378 
  91      4BFD9A4D 
  92 0324 1DA14834 		.ascii	"\035\241H4\020\3756\334X]\033\330\361y H\001U\312,\253"
  92      10FD36DC 
  92      585D1BD8 
  92      F1792048 
  92      0155CA2C 
ARM GAS  /tmp/ccl7KkBq.s 			page 7


  93 0339 664EB5AB 		.ascii	"fN\265\2531\242\215\301\306\220C\256\333\243\356m\015"
  93      31A28DC1 
  93      C69043AE 
  93      DBA3EE6D 
  93      0D
  94 034a E1FA2ADB 		.ascii	"\341\372*\333\263\302\037]\355\337^\272\336\027l\010"
  94      B3C21F5D 
  94      EDDF5EBA 
  94      DE176C08 
  95 035a D66DFC7A 		.ascii	"\326m\374z[e4\032\2124\372\276\011\206\353B5\3545I\265"
  95      5B65341A 
  95      8A34FABE 
  95      0986EB42 
  95      35EC3549 
  96 036f A10A     		.ascii	"\241\012"
  97              		.text
  98              		.section	.gnu.lto_.symbol_nodes.c89f3f01853fcd83,"e",%progbits
  99 0000 789CE360 		.ascii	"x\234\343``d(d\000\002\246\225L\365\014\015@\300\302"
  99      60642864 
  99      0002A695 
  99      4CF50C0D 
  99      40C0C2
 100 0013 38E11C03 		.ascii	"8\341\034\003C=\003\303\256\006G\240$\0200\256f\252"
 100      433D03C3 
 100      AE0647A0 
 100      241030AE 
 100      66AA
 101 0025 67FC0F05 		.ascii	"g\374\017\005\362`i\006\240R\007\240\314*\246z&\254"
 101      F2606906 
 101      A05207A0 
 101      CC2AA67A 
 101      26AC
 102 0037 32CC0C4C 		.ascii	"2\314\014L\020\303\\\340\254\026Ff\006F\010\363\010"
 102      10C35CE0 
 102      AC164666 
 102      064608F3 
 102      08
 103 0048 23030012 		.ascii	"#\003\000\022\001&x"
 103      012678
 104              		.text
 105              		.section	.gnu.lto_.refs.c89f3f01853fcd83,"e",%progbits
 106 0000 789CE360 		.ascii	"x\234\343``\004B \000\000\000]\000\013"
 106      60044220 
 106      0000005D 
 106      000B
 107              		.text
 108              		.section	.gnu.lto_.decls.c89f3f01853fcd83,"e",%progbits
 109 0000 789CA557 		.ascii	"x\234\245W]P\024W\026\356\323w\006f\306\001Y\240b\252"
 109      5D501457 
 109      16EED377 
 109      0666C601 
 109      59A062AA 
 110 0014 30292AC5 		.ascii	"0)*\305Cv\015N\262I\325V\036\222\012\033S\356\326j\036"
 110      43760D4E 
 110      B249D556 
 110      1E920A1B 
 110      53EED66A 
ARM GAS  /tmp/ccl7KkBq.s 			page 8


 111 0029 D6CACBBE 		.ascii	"\326\312\313\276\020\026f\201Z\024\012&n\366)\015\003"
 111      10166681 
 111      5A140A26 
 111      6EF6290D 
 111      03
 112 003a 3851C011 		.ascii	"8Q\300\021!\212\200\200( \022\003k\202$\242\014\242"
 112      218A8080 
 112      28201203 
 112      6B8224A2 
 112      0CA2
 113 004c FC881251 		.ascii	"\374\210\022Q@\020\031\007D\301\000\376!\013\012\013"
 113      40101907 
 113      44C100FE 
 113      210B0A0B 
 114 005c 7BEEBDDD 		.ascii	"{\356\275\335L\017\214\276\244\341N\367=\375\235\357"
 114      4C0F8CBE 
 114      A4E14EF7 
 114      3DFD9DEF 
 115 006c FCF43DA7 		.ascii	"\374\364=\247o\353\004\020\006\375\005!T\024\204\036"
 115      6FEB0410 
 115      06FD0521 
 115      5414841E 
 116 007c 411096F0 		.ascii	"A\020\226\360\300K\241\033\207\017\216v\034?\343\030"
 116      C04BA11B 
 116      870F8E76 
 116      1C3FE318 
 117 008c C0D18FC3 		.ascii	"\300\321\217\303\211\343o\002?\010\216\3078\236\341"
 117      89E36F02 
 117      3F088EC7 
 117      389EE1
 118 009b D080B0EA 		.ascii	"\320\200\260\352\270\203\262ux~\210#\020G\260\212\357"
 118      B883B275 
 118      787E8823 
 118      1047B08A 
 118      EF
 119 00ac 29B585E3 		.ascii	")\265\205\343w\210Y\217\347N\034\033\200\333\030\220"
 119      7788598F 
 119      E74E1C1B 
 119      80DB1890 
 120 00bc EDBC05DC 		.ascii	"\355\274\005\334\026\301s+\236\303\361\274\021\307\014"
 120      16C1732B 
 120      9EC3F1BC 
 120      11C70C
 121 00cb 5ECFE1B8 		.ascii	"^\317\341\270\202\203\232\275\240\362\205\372\361l\265"
 121      82839ABD 
 121      A0F285FA 
 121      F16CB5
 122 00da 2BC20102 		.ascii	"+\302\001\002\316\264\3429c\016\201@\003hp\232w\351"
 122      CEB4E239 
 122      630E8140 
 122      0368709A 
 122      77E9
 123 00ec FB0E034E 		.ascii	"\373\016\003N\203\015\020\212\323\313\243.\033\020\021"
 123      830D108A 
 123      D3CBA32E 
 123      1B1011
 124 00fb 2872BA72 		.ascii	"(r\272r\376\250\277\351[\211\037:\033\021\240\021\210"
ARM GAS  /tmp/ccl7KkBq.s 			page 9


 124      FEA8BFE9 
 124      5B891F3A 
 124      1B11A011 
 124      88
 125 010c 9B293BB5 		.ascii	"\233);\2650\202\374\231A\0073\352r h\237\014\225\200"
 125      3082FC99 
 125      410733EA 
 125      7220689F 
 125      0C9580
 126 011f A7019A20 		.ascii	"\247\001\232 \010\316\202I\306\327\2148\252\374\310"
 126      08CE8249 
 126      C6D78C38 
 126      AAFCC8
 127 012e A74CE15A 		.ascii	"\247L\341Z\361S\233AQH\227\025\300\001d\205N\376\211"
 127      F1539B41 
 127      51489715 
 127      C0016485 
 127      4EFE89
 128 0141 1FB30DC6 		.ascii	"\037\263\015\306\335\222\224&\225Z%\375\237\240\031"
 128      DD929426 
 128      955A25FD 
 128      9FA019
 129 0150 6F9F8110 		.ascii	"o\237\201\020\370\011BP\341<\030\031Nt\234j\355\361"
 129      F8094250 
 129      E13C1819 
 129      4E749C6A 
 129      EDF1
 130 0162 85A030C6 		.ascii	"\205\2400\306\210H\0114\202\012\327\302I\341\002\204"
 130      88480934 
 130      820AD7C2 
 130      49E10284 
 131 0172 51E22394 		.ascii	"Q\342#\224\317\321V\024\332\326\226)\331\233\201\362"
 131      CFD15614 
 131      DAD69629 
 131      D99B81F2 
 132 0182 C03934DE 		.ascii	"\30094\336\342\301n\242?\357\2040G\012\306o\375@H\011"
 132      E2C16EA2 
 132      3FEF8430 
 132      470AC66F 
 132      FD404809 
 133 0196 30EF176F 		.ascii	"0\357\027o\\\233\367\017\222m\245{\330\202\2132\215"
 133      5C9BF70F 
 133      926DA57B 
 133      D8828B32 
 133      8D
 134 01a7 CA1C6AB4 		.ascii	"\312\034j\264M\357\351\361Q\307\321\352a\251M\216\003"
 134      4DEFE9F1 
 134      51C7D1EA 
 134      61A94D8E 
 134      03
 135 01b8 4A2AEF34 		.ascii	"J*\3574\353\024\\\372\013p\320\016F\304:\\\331\317\010"
 135      EB145CFA 
 135      0B70D00E 
 135      46C43A5C 
 135      D9CF08
 136 01cb 3EBAF506 		.ascii	">\272\365\006X\002j\343\341T\017\3609\245\272\357\350"
 136      58026AE3 
ARM GAS  /tmp/ccl7KkBq.s 			page 10


 136      E1540FF0 
 136      39A5BAEF 
 136      E8
 137 01dc 9DD0E932 		.ascii	"\235\320\3512)\225\324\"\221W\005x7\004\336\246,\235"
 137      2995D422 
 137      91570578 
 137      3704DEA6 
 137      2C9D
 138 01ee A0632986 		.ascii	"\240c)\206KH\334\201\304\210>\224\327xZCjx|\305E\323"
 138      4B48DC81 
 138      C4883E94 
 138      D7785A43 
 138      6A787CC5 
 139 0204 BDDE54E1 		.ascii	"\275\336T\3412\006\347M\373\311\364\3611\242\016\357"
 139      3206E74D 
 139      FBC9F4F1 
 139      31A20EEF 
 140 0214 0A82DC6E 		.ascii	"\012\202\334nw)\341U6\354M[\253\016\317\033\016~f\341"
 140      7729E155 
 140      36EC4D5B 
 140      AB0ECF1B 
 140      0E7E66E1 
 141 0228 8D655E5E 		.ascii	"\215e^^\364\345\013u=]\267\247\307J\374\0146\371\371"
 141      F4E50B75 
 141      3D5DB7A7 
 141      C74AFC0C 
 141      36F9F9
 142 023b A22ACADD 		.ascii	"\242*\312\335\232\335`\240\317\013\256r\177\354\331"
 142      9ADD60A0 
 142      CF0BAE72 
 142      7FECD9
 143 024a 75B745AE 		.ascii	"u\267E\256\373\032N\217\015\237\263\352\371\"\037\247"
 143      FB1A4E8F 
 143      0D9FB3EA 
 143      F9221FA7 
 144 025a 99EA9D3B 		.ascii	"\231\352\235;\373\334H\232X\260$u\367\363\001\002\206"
 144      FBDC489A 
 144      58B02475 
 144      F7F30102 
 144      86
 145 026b 104032B0 		.ascii	"\020@2\260\261\230\313\3251\367`\314\275\224\276\017"
 145      B198CBD5 
 145      31F760CC 
 145      BD94BE0F 
 146 027b 013790BF 		.ascii	"\0017\220\277@\3221A\201\204\350G_\261k$\315i\255L\325"
 146      40D23141 
 146      8184E847 
 146      5FB16B24 
 146      CD69AD4C 
 147 0290 05DAA983 		.ascii	"\005\332\251\203\370\363\021P9\\G\235k\314\303~\010"
 147      F8F31150 
 147      395C479D 
 147      6BCCC37E 
 147      08
 148 02a1 E46EB244 		.ascii	"\344n\262D\374\342L\257\363H\030\336V\2053\300\0231"
 148      FCE24CAF 
 148      F34818DE 
ARM GAS  /tmp/ccl7KkBq.s 			page 11


 148      568533C0 
 148      1331
 149 02b3 C012E1EC 		.ascii	"\300\022\341\354.\211\344\261|\200\263{S\303\367\311"
 149      2E89E4B1 
 149      7C80B37B 
 149      53C3F7C9 
 150 02c3 0BF33028 		.ascii	"\013\3630(\347\341&\317\303\370\364d\265\226\353~\210"
 150      E7E126CF 
 150      C3F8F464 
 150      B596EB7E 
 150      88
 151 02d4 D3E11F0A 		.ascii	"\323\341\037\012st<\017\217\010\255\302\311\\\353\232"
 151      73743C0F 
 151      8F08ADC2 
 151      C95CEB9A 
 152 02e4 952E0F21 		.ascii	"\225.\017!\331-F\346\244.\0172\227\3515*\224\015\271"
 152      D92D46E6 
 152      A42E0F32 
 152      97E9352A 
 152      940DB9
 153 02f7 9AF4C370 		.ascii	"\232\364\303p\033hs\004\310\362\005\201\376\321\037"
 153      1B687304 
 153      C8F20581 
 153      FED11F
 154 0306 5EC1F40C 		.ascii	"^\301\364\014\364\232\216%\345\000z\3108~\242\000.\343"
 154      F49A8E25 
 154      E5007AC8 
 154      387EA200 
 154      2EE3
 155 0318 27E587CB 		.ascii	"'\345\207\313D\231E\224\233\015p\035\316\316\246*j~"
 155      44994594 
 155      9B0D701D 
 155      CECEA62A 
 155      6A7E
 156 032a 1FE4FB0A 		.ascii	"\037\344\373\012\011WP\032\221\242(\213D\331\234Z\003"
 156      0957501A 
 156      91A2288B 
 156      44D99C5A 
 156      03
 157 033b 5679EC26 		.ascii	"Vy\354&\024\226I\225\003\226\273\340R\317\371v\375\010"
 157      14964995 
 157      0396BBE0 
 157      52CFF976 
 157      FD08
 158 034d B8523189 		.ascii	"\270R1\211\217\036\327\276&\200\277=T`et\270\353N\255"
 158      8F1ED7BE 
 158      2680BF3D 
 158      54606574 
 158      B8EB4EAD 
 159 0361 96DC06EF 		.ascii	"\226\334\006\357\345\310hF\274\024\323\252\352\243@"
 159      E5C86846 
 159      BC14D3AA 
 159      EAA340
 160 0370 5A79DEC0 		.ascii	"Zy\336\300\253*\357\216GE\215*\225w\266\274\372\230"
 160      AB2AEF8E 
 160      47458D2A 
 160      9577B6BC 
ARM GAS  /tmp/ccl7KkBq.s 			page 12


 160      FA98
 161 0382 AF46E422 		.ascii	"\257F\344\"\370B\363\222\256}\317\243\003w9\263\252"
 161      F842F392 
 161      AE7DCFA3 
 161      037739B3 
 161      AA
 162 0393 75AB3A35 		.ascii	"u\253:5\355r\236\270\212\226\007}\036\235z\314\243s"
 162      ED729EB8 
 162      8A96077D 
 162      1E9D7ACC 
 162      A373
 163 03a5 8D2B8EF4 		.ascii	"\215+\216\364,92\364\314\021\024\301]`\236d^\264\237"
 163      2C3932F4 
 163      CC1114C1 
 163      5D609E64 
 163      5EB49F
 164 03b8 F1E3EB54 		.ascii	"\361\343\353T\244\313\254\367j\032\360u\032\200\323"
 164      A4CBACF7 
 164      6A1AF075 
 164      1A80D3
 165 03c7 C6CC994E 		.ascii	"\306\314\231N\372\312Z\207\215\216\242\373\366\354\357"
 165      FACA5A87 
 165      8D8EA2FB 
 165      F6ECEF
 166 03d6 F4E573E9 		.ascii	"\364\345s\351+\332\233\313\357\375\205<\340i\276]\231"
 166      2BDA9BCB 
 166      EFFD853C 
 166      E069BE5D 
 166      99
 167 03e7 F113F0F2 		.ascii	"\361\023\360\362\360,\343\007\300\024h[\236B\257&y\372"
 167      F02CE307 
 167      C014685B 
 167      9E42AF26 
 167      79FA
 168 03f9 3AACF565 		.ascii	":\254\365e\306u\371\254\002\254R\200\010\017\261\002"
 168      C675F9AC 
 168      02AC5280 
 168      080FB102 
 169 0409 26F0FE2F 		.ascii	"&\360\376/\314\353G\260N\200\373\350#s\275\260\350\362"
 169      CCEB47B0 
 169      4E80FBE8 
 169      2373BDB0 
 169      E8F2
 170 041b 43C31BA5 		.ascii	"C\303\033\245\222\313%9\226\232\336\252\274\230)]E\305"
 170      92CB2539 
 170      969ADEAA 
 170      BC98295D 
 170      45C5
 171 042d 8F180E86 		.ascii	"\217\030\016\206\321\200\234\016z-\200\013\037\030\226"
 171      D1809C0E 
 171      7A2D800B 
 171      1F1896
 172 043c CA305D48 		.ascii	"\3120]H\217\341\015$\0309t\241\326\237\234\343\257\327"
 172      8FE10D24 
 172      183974A1 
 172      D69F9CE3 
 172      AFD7
ARM GAS  /tmp/ccl7KkBq.s 			page 13


 173 044e FC89FA27 		.ascii	"\374\211\372'\204t\363\311\205\343\365;\014^\232\317"
 173      8474F3C9 
 173      85E3F53B 
 173      0C5E9ACF 
 174 045e 34B07E4E 		.ascii	"4\260~N\275V=\364\221\346<\233\307\333\344)\250\233"
 174      BD563DF4 
 174      91E63C9B 
 174      C7DBE429 
 174      A89B
 175 0470 C08C92EB 		.ascii	"\300\214\222\353\231\361v\273\226\345zf\371\241\337"
 175      99F176BB 
 175      96E57A66 
 175      F9A1DF
 176 047f 1A771611 		.ascii	"\032w\026\021&\243/\275\377\362\374/6tTj_\234\2069\232"
 176      26A32FBD 
 176      FFF2FC2F 
 176      3674546A 
 176      5F9C8639 
 177 0494 8659250D 		.ascii	"\206Y%\015\207\017\367\214\372\3234H\370\016\035zs\241"
 177      870FF78C 
 177      FAD33448 
 177      F80E1D7A 
 177      73A1
 178 04a6 7F5CB219 		.ascii	"\177\\\262\031\030\010\236\250r\360D\336+\3003\026\373"
 178      18089EA8 
 178      72F044DE 
 178      2BC03316 
 178      FB
 179 04b7 D7B3C77A 		.ascii	"\327\263\307z\014$\227\260pm\2433g\327(\361\246\277"
 179      0C2497B0 
 179      706DA333 
 179      67D728F1 
 179      A6BF
 180 04c9 ACD922D8 		.ascii	"\254\331\"\330\365\340\274\335c\211\317{D\273\240D{"
 180      F5E0BCDD 
 180      6389CF7B 
 180      44BBA044 
 180      7B
 181 04da A97E7FA3 		.ascii	"\251~\177\243\037\213\214\211Pr\345\342\365\203\276"
 181      1F8B8C89 
 181      5072E5E2 
 181      F583BE
 182 04e9 A49CD924 		.ascii	"\244\234\331$\315Go\234\322\203\236\367\371]\314\264"
 182      CD476F9C 
 182      D2839EF7 
 182      F95DCCB4 
 183 04f9 D51E00CB 		.ascii	"\325\036\000\313\246\027\321\364\022\350\005\220\304"
 183      A617D1F4 
 183      12E80590 
 183      C4
 184 0506 10481579 		.ascii	"\020H\025y\237\247\002\326\347\003\330%]\233\355\205"
 184      9FA702D6 
 184      E703D825 
 184      5D9BED85 
 185 0516 B6B5CC0A 		.ascii	"\266\265\314\012\012\340\177<\177\375uc\243k\324\371"
 185      0AE07F3C 
 185      7FFD7563 
ARM GAS  /tmp/ccl7KkBq.s 			page 14


 185      A36BD4F9 
 186 0526 8B7B4595 		.ascii	"\213{E\225>\253\210\351K\023\345\364\215\314\016\215"
 186      3EAB88E9 
 186      4B13E5F4 
 186      8DCC0E8D 
 187 0536 18E4F42D 		.ascii	"\030\344\364-V\007\224YK\337\244\010x\256\312\335s%"
 187      56079459 
 187      4BDFA408 
 187      78AECADD 
 187      7325
 188 0548 77E922CD 		.ascii	"w\351\"\315\335\177Zfo\032\311q\236\273\332\202\331"
 188      DD7F5A66 
 188      6F1AC971 
 188      9EBBDA82 
 188      D9
 189 0559 21033A00 		.ascii	"!\003:\000\031\"\341\214'k\346k\015\314\245\015|\263"
 189      1922E18C 
 189      276BE66B 
 189      0DCCA50D 
 189      7CB3
 190 056b E2B47E37 		.ascii	"\342\264~7\341Gj9\376V\355\310 \303\333D\002\273D\015"
 190      E1476A39 
 190      FE56EDC8 
 190      20C3DB44 
 190      02BB440D 
 191 057f 648ACCE7 		.ascii	"d\212\314\347k\263\023\015\032\271\260\035r\365\303"
 191      6BB3130D 
 191      1AB9B01D 
 191      72F5C3
 192 058e D7780F76 		.ascii	"\327x\017v\213\352\302\316\032\236\233\365!\015\234"
 192      8BEAC2CE 
 192      1A9E9BF5 
 192      210D9C
 193 059d ACED6EDE 		.ascii	"\254\355n\336]\255\027%\330\203\344\236z\271UC&\365"
 193      5DAD1725 
 193      D883E49E 
 193      7AB95543 
 193      26F5
 194 05af 53CB12D5 		.ascii	"S\313\022\325\375 [\224\237Z\323\3227M\032^\372:Z\025"
 194      FD205B94 
 194      9F5AD3D2 
 194      374D1A5E 
 194      FA3A5A15 
 195 05c3 D5CD0B46 		.ascii	"\325\315\013F^\372\016z\373\364\351]-~\244\205[W\366"
 195      5EFA0E7A 
 195      FBF4E95D 
 195      2D7EA485 
 195      5B57F6
 196 05d6 AEC17CEF 		.ascii	"\256\301|\357\252t\215`\3365*\016\344\317kI;\207\026"
 196      AA748D60 
 196      DE352A0E 
 196      E4CF6B49 
 196      3B8716
 197 05e9 D75DDDBB 		.ascii	"\327]\335\273\326[E\355\027\275UT\313\211\274*#\031"
 197      D65B45ED 
 197      17BD5554 
 197      CB89BC2A 
ARM GAS  /tmp/ccl7KkBq.s 			page 15


 197      2319
 198 05fb E02BE57A 		.ascii	"\340+\345z\337\224\201.\022\272'\240\213\340\200h\020"
 198      DF94812E 
 198      12BA27A0 
 198      8BE08068 
 198      10
 199 060c 3893B5D4 		.ascii	"8\223\265\324\275`\004&\207op\265\034d\253\005!o3\031"
 199      BD600426 
 199      876F70B5 
 199      1C64AB05 
 199      216F3319 
 200 0620 7D4B5F59 		.ascii	"}K_Y<l$.\356\313\231\312\254\363Zo\276\024x\365\245"
 200      3C6C242E 
 200      EECB99CA 
 200      ACF35A6F 
 200      BE1478F5 
 201 0635 CB59B560 		.ascii	"\313Y\265`$O\271\356\234\324m\323\222E>\351h+o\364\367"
 201      244FB9EE 
 201      9CD46DD3 
 201      92453EE9 
 201      682B6FF4 
 202 064a 4654E495 		.ascii	"FT\344\225h\306YR\001$[Cu\265U\031m\005k ,,,(\214o\177"
 202      68C65952 
 202      01245B43 
 202      75B55519 
 202      6D056B20 
 203 0665 FB2682D3 		.ascii	"\373&\202\323\254\245e>\324e8\214\004G\360\001\345\212"
 203      ACA5653E 
 203      D465388C 
 203      0447F001 
 203      E58A
 204 0677 726CB887 		.ascii	"rl\270\207(Fy\251\030\006\3730:\272e\306'\356\234\020"
 204      284679A9 
 204      1806FB30 
 204      3ABA65C6 
 204      27EE9C10 
 205 068b 0F4AB6DF 		.ascii	"\017J\266\337\243-\201\301\337]F\313;eN\3355\361\252"
 205      A32D81C1 
 205      DF5D46CB 
 205      3B654EDD 
 205      35F1AA
 206 069e 9B3ADF0B 		.ascii	"\233:\337\013u\236L\235K\251\371j\262\262\325\264\314"
 206      759E4C9D 
 206      4BA9F96A 
 206      B2B2D5B4 
 206      CC
 207 06af 7884AF25 		.ascii	"x\204\257%(GT\031\216\022Q\265so\235x\335\315_\350\205"
 207      28475419 
 207      8E1251B5 
 207      736F9D78 
 207      DDCD5FE8 
 208 06c4 FF90CC2F 		.ascii	"\377\220\314/o\336\355\375\331\261$\227\345\001n\226"
 208      6FDEEDFD 
 208      D9B12497 
 208      E5016E96 
 209 06d4 4CB5AF0D 		.ascii	"L\265\257\015\362b\023\216\312D^\314\342\242\3307x2"
 209      F262138E 
ARM GAS  /tmp/ccl7KkBq.s 			page 16


 209      CA445ECC 
 209      E2A2D837 
 209      7832
 210 06e6 C7885F18 		.ascii	"\307\210_\030\374\023\203\356\231\350\266\177/\032\315"
 210      FC1383EE 
 210      99E8B67F 
 210      2F1ACD
 211 06f5 A1414085 		.ascii	"\241A@\205\254Y\205Z\225\313\316b\316\372&1\317\322"
 211      AC59855A 
 211      95CBCE62 
 211      CEFA2631 
 211      CFD2
 212 0707 C1CFE118 		.ascii	"\301\317\341\030\"\354h\243be\342\316\200;s\223\257"
 212      22EC68A3 
 212      6265E2CE 
 212      803B7393 
 212      AF
 213 0718 9759A5F6 		.ascii	"\227Y\245\366\317i}\260/\222\012\361E_$\273\352\017"
 213      CF697DB0 
 213      2F920AF1 
 213      455F24BB 
 213      EA0F
 214 072a 1D91EBD7 		.ascii	"\035\221\353\327.\245{x\303>\244\2748D\327b{g\253\307"
 214      2EA57B78 
 214      C33EA4BC 
 214      3844D762 
 214      7B67ABC7 
 215 073e 6BFAB887 		.ascii	"k\372\270\207\201jV\226\364\204\330\272\371S\015\032"
 215      816A5696 
 215      F484D8BA 
 215      F9530D1A 
 216 074e 3596B629 		.ascii	"5\226\266)7\366\004\307\236`\330\357\306\247]F5\326"
 216      37F604C7 
 216      9E60D8EF 
 216      C6A75D46 
 216      35D6
 217 0760 E9B1A1AD 		.ascii	"\351\261\241\255\341\330\032\206\375\376\307\305E\275"
 217      E1D81A86 
 217      FDFEC7C5 
 217      45BD
 218 076e FA2BC0AB 		.ascii	"\372+\300\253\017\3372\354\302\354p\225\307\253\216"
 218      0FDF32EC 
 218      C2EC7095 
 218      C7AB8E
 219 077d BE66DCD8 		.ascii	"\276f\334\330\223\034KO\037l\334h\302\377$sr|R\2349"
 219      931C4B4F 
 219      1F6CDC68 
 219      C2FF2473 
 219      727C529C 
 220 0792 F9DFE109 		.ascii	"\371\337\341\011\0111\246\210\255\361\177M\014\337\262"
 220      0931A688 
 220      ADF17F4D 
 220      0CDFB2
 221 07a1 65932926 		.ascii	"e\223)&9~\24799\305\224\362\257xKt\234i\347;\246(\004"
 221      397EA739 
 221      39C594F2 
 221      AF784B74 
ARM GAS  /tmp/ccl7KkBq.s 			page 17


 221      9C69E73B 
 222 07b8 44F2E9C6 		.ascii	"D\362\351\306h\335\346O?\013\375\370\375\367\005MlR"
 222      68DDE64F 
 222      3F0BFDF8 
 222      FDF7054D 
 222      6C52
 223 07ca 7CE26FA2 		.ascii	"|\342o\242\222\242"
 223      92A2
 224 07d0 123E4EDC 		.ascii	"\022>N\334aINL\330\214\363H\313\207\277\206=N0ncW\233"
 224      61494E4C 
 224      D88CF348 
 224      CB87BF86 
 224      3D4E306E 
 225 07e7 182C908B 		.ascii	"\030,\220\213#\031\302\022e1GZ4\321qQ\311\342{\2021"
 225      2319C212 
 225      6531475A 
 225      34D17151 
 225      C9E27B82 
 226 07fc 2A79FBCE 		.ascii	"*y\373\316?\230\303\267o\370G\222`\210NL\266\230\277"
 226      3F98C3B7 
 226      6FF84792 
 226      60884E4C 
 226      B698BF
 227 080f 0CDFFE9E 		.ascii	"\014\337\376\236\340\257R\2115[\002\250\177\237|\031"
 227      E0AF5289 
 227      355B02A8 
 227      7F9F7C19 
 228 081f 6FD986EA 		.ascii	"o\331\206\352_\244\374J\367\242\205\300\025\361n6[^"
 228      5FA4FC4A 
 228      F7A285C0 
 228      15F16E36 
 228      5B5E
 229 0831 5921DAC6 		.ascii	"Y!\332\306\035\375\355\313\015qy\304\026\014\231\371"
 229      1DFDEDCB 
 229      0D7179C4 
 229      160C99F9 
 230 0841 B8E9EFB1 		.ascii	"\270\351\357\261\021))\346d\313\326\224Xm\344\037\023"
 230      112929E6 
 230      64CBD694 
 230      586DE41F 
 230      13
 231 0852 13137C92 		.ascii	"\023\023|\222\242\242\377i\216\361\215J\210\217\335"
 231      A2A2FF69 
 231      8EF18D4A 
 231      888FDD
 232 0861 618E3150 		.ascii	"a\2161P\024O\261f\273\331\022\025\240\314#\242-\350"
 232      144FB166 
 232      BBD91215 
 232      A0CC23A2 
 232      2DE8
 233 0873 73A4C527 		.ascii	"s\244\305'\212]\004)\362M\361\311f\224$\356\210\264"
 233      8A5D0429 
 233      F24DF1C9 
 233      669424EE 
 233      88B4
 234 0885 E863946B 		.ascii	"\350c\224k\177\345\356'1\2614\233f<-\313\266\"m\244"
 234      7FE5EE27 
ARM GAS  /tmp/ccl7KkBq.s 			page 18


 234      31B1349B 
 234      663C2DCB 
 234      B6226DA4 
 235 0899 E5FFAD38 		.ascii	"\345\377\2558\333\003"
 235      DB03
 236              		.text
 237              		.section	.gnu.lto_.symtab.c89f3f01853fcd83,"e",%progbits
 238 0000 73776974 		.ascii	"switch_lld_get\000"
 238      63685F6C 
 238      6C645F67 
 238      657400
 239 000f 00       		.ascii	"\000"
 240 0010 00       		.ascii	"\000"
 241 0011 00       		.ascii	"\000"
 242 0012 00000000 		.ascii	"\000\000\000\000\000\000\000\000"
 242      00000000 
 243 001a F1000000 		.ascii	"\361\000\000\000"
 244 001e 6170616C 		.ascii	"apalControlGpioGet\000"
 244      436F6E74 
 244      726F6C47 
 244      70696F47 
 244      657400
 245 0031 00       		.ascii	"\000"
 246 0032 02       		.ascii	"\002"
 247 0033 00       		.ascii	"\000"
 248 0034 00000000 		.ascii	"\000\000\000\000\000\000\000\000"
 248      00000000 
 249 003c F9000000 		.ascii	"\371\000\000\000"
 250 0040 6170616C 		.ascii	"apalDbgAssertMsg\000"
 250      44626741 
 250      73736572 
 250      744D7367 
 250      00
 251 0051 00       		.ascii	"\000"
 252 0052 02       		.ascii	"\002"
 253 0053 00       		.ascii	"\000"
 254 0054 00000000 		.ascii	"\000\000\000\000\000\000\000\000"
 254      00000000 
 255 005c 04010000 		.ascii	"\004\001\000\000"
 256              		.text
 257              		.section	.gnu.lto_.opts,"e",%progbits
 258 0000 272D666E 		.ascii	"'-fno-openmp' '-fno-openacc' '-fno-pie' '-mcpu=cort"
 258      6F2D6F70 
 258      656E6D70 
 258      2720272D 
 258      666E6F2D 
 259 0033 65782D6D 		.ascii	"ex-m4' '-mthumb' '-mfloat-abi=softfp' '-mfpu=fpv4-s"
 259      34272027 
 259      2D6D7468 
 259      756D6227 
 259      20272D6D 
 260 0066 702D6431 		.ascii	"p-d16' '-march=armv7e-m+fp' '-O2' '-fstack-usage' '"
 260      36272027 
 260      2D6D6172 
 260      63683D61 
 260      726D7637 
 261 0099 2D666675 		.ascii	"-ffunction-sections' '-fdata-sections' '-fno-common"
ARM GAS  /tmp/ccl7KkBq.s 			page 19


 261      6E637469 
 261      6F6E2D73 
 261      65637469 
 261      6F6E7327 
 262 00cc 2720272D 		.ascii	"' '-flto' '-fshort-enums'\000"
 262      666C746F 
 262      2720272D 
 262      6673686F 
 262      72742D65 
 263              		.text
 264              		.comm	__gnu_lto_v1,1,1
 265              		.comm	__gnu_lto_slim,1,1
 266              		.ident	"GCC: (GNU Arm Embedded Toolchain 9-2020-q2-update) 9.3.1 20200408 (release)"
ARM GAS  /tmp/ccl7KkBq.s 			page 20


DEFINED SYMBOLS
                            *ABS*:0000000000000000 alld_switch.c
                            *COM*:0000000000000001 __gnu_lto_v1
                            *COM*:0000000000000001 __gnu_lto_slim

NO UNDEFINED SYMBOLS
