ARM GAS  /tmp/ccxuqGrs.s 			page 1


   1              		.cpu cortex-m4
   2              		.eabi_attribute 27, 1
   3              		.eabi_attribute 20, 1
   4              		.eabi_attribute 21, 1
   5              		.eabi_attribute 23, 3
   6              		.eabi_attribute 24, 1
   7              		.eabi_attribute 25, 1
   8              		.eabi_attribute 26, 1
   9              		.eabi_attribute 30, 2
  10              		.eabi_attribute 34, 1
  11              		.eabi_attribute 18, 4
  12              		.file	"alld_PCA9544A.c"
  13              		.section	.gnu.lto_.profile.c04736522d7e81ca,"e",%progbits
  14 0000 789CE360 		.ascii	"x\234\343``\004B \000\000\000]\000\013"
  14      60044220 
  14      0000005D 
  14      000B
  15              		.text
  16              		.section	.gnu.lto_.icf.c04736522d7e81ca,"e",%progbits
  17 0000 789CE360 		.ascii	"x\234\343``d\220g@\000V\2069+V,\345c\274\374r\342\017"
  17      60649067 
  17      40005686 
  17      392B562C 
  17      E563BCFC 
  18 0017 7EA6A39B 		.ascii	"~\246\243\233on\343g^?q\332'6\226\025\307\347\2720\000"
  18      6F6EE367 
  18      5E3F71DA 
  18      27369615 
  18      C7E7BA30 
  19 002c 00EA020E 		.ascii	"\000\352\002\016_"
  19      5F
  20              		.text
  21              		.section	.gnu.lto_.jmpfuncs.c04736522d7e81ca,"e",%progbits
  22 0000 789CC594 		.ascii	"x\234\305\224\315k\023A\030\306\337ggk\322mi\377\200"
  22      CD6B1341 
  22      18C6DF67 
  22      676BD26D 
  22      69FF80
  23 0013 20268782 		.ascii	" &\207\202\036\232E\210\007\275E{\254 \376\003\262\232"
  23      1E9A4588 
  23      07BD457B 
  23      AC20FE03 
  23      B29A
  24 0025 550301C3 		.ascii	"U\003\001\303F\013^\252\350\241Vlo\242'W\360\003Tz("
  24      460B5EAA 
  24      E8A1566C 
  24      6FA22757 
  24      F003547A 
  25 003a 01516B6D 		.ascii	"\001Qkm\242\266\266\3653~\177\200\220\332S\213\332K"
  25      A2B6B6F5 
  25      337E7F80 
  25      90DA538B 
  25      DA4B
  26 004c 838782CE 		.ascii	"\203\207\202\316d\266\313\262\332M\026D\227\235\303"
  26      64B6CBB2 
  26      DA4D1644 
  26      979DC3
ARM GAS  /tmp/ccxuqGrs.s 			page 2


  27 005b CE3EEFCC 		.ascii	"\316>\357\314\357}\236\235\215\022\350F\204\310 y\265"
  27      EF7D9E9D 
  27      8D12E846 
  27      84C82079 
  27      B5
  28 006c 10031039 		.ascii	"\020\003\0209f3\342\003\260\231\242\021\241\244\202"
  28      6633E203 
  28      B099A211 
  28      A1A482
  29 007b F8F8C9AF 		.ascii	"\370\370\311\257N\362>3(\347\030\246/\026\227\224af"
  29      4EF23E33 
  29      28E718A6 
  29      2F169794 
  29      6166
  30 008d 338625C2 		.ascii	"3\206%\302\035\304\370\\\365\352BJN\011\325\030bj?\374"
  30      1DC4F85C 
  30      F5EA424A 
  30      4E09D518 
  30      626A3FFC 
  31 00a1 2B89DA9B 		.ascii	"+\211\332\233\203_\257\265\012\241\3127\276\213X]R\227"
  31      835FAFB5 
  31      0AA1CA37 
  31      BE8B585D 
  31      5297
  32 00b3 91DAAFF8 		.ascii	"\221\332\257\370+\242j\236\327\014\237\374\3769*j\000"
  32      2BA26A9E 
  32      D70C9FFC 
  32      FE392A6A 
  32      00
  33 00c4 C2386270 		.ascii	"\3028bpU \306\337O.|\031W\022\260\217\237\217\333\254"
  33      5520C6DF 
  33      4F2E7C19 
  33      5712B08F 
  33      9F8FDBAC 
  34 00d8 85700F09 		.ascii	"\205p\017\011W\261\"\326\001\363\256\262\216\327O\360"
  34      57B122D6 
  34      01F3AEB2 
  34      8ED74FF0 
  35 00e8 55F810F3 		.ascii	"U\370\020\363\243\213#\023Zb\203\254\216\360\302\337"
  35      A38B2313 
  35      5A6283AC 
  35      8EF0C2DF 
  36 00f8 AB57E5A2 		.ascii	"\253W\345\242\201\321o\363W\352\015DQ&\224\235\016\312"
  36      81D16FF3 
  36      57EA0D44 
  36      5126949D 
  36      0ECA
  37 010a 546FC1C7 		.ascii	"To\301\307\313\335\306}\256h\300\373`\355\035\377\004"
  37      CBDDC67D 
  37      AE68C0FB 
  37      60ED1DFF 
  37      04
  38 011b F83018F0 		.ascii	"\3700\030\360\354\365\362J\273\004,\021&\035\300\222"
  38      ECF5F24A 
  38      BB042C11 
  38      261DC092 
  39 012b 048437EF 		.ascii	"\004\2047\357V\221wG\203\274E\276\"O\237\314\263\247"
ARM GAS  /tmp/ccxuqGrs.s 			page 3


  39      56917747 
  39      83BC45BE 
  39      224F9FCC 
  39      B3A7
  40 013d 2F464544 		.ascii	"/FED\344\212\177\270\311\273\256\360\027\230\362H\326"
  40      E48A7FB8 
  40      C9BBAEF0 
  40      1798F248 
  40      D6
  41 014e 4ABE19EB 		.ascii	"J\276\031\353\036\205\263n:\330\272\231\013S'Ti]\205"
  41      1E85B36E 
  41      3AD8BA99 
  41      0B532754 
  41      695D85
  42 0161 30E33056 		.ascii	"0\3430V$\244\342\265Nk\346\250\204\266\256\361\011\320"
  42      24A4E2B5 
  42      4E6BE6A8 
  42      84B6AEF1 
  42      09D0
  43 0173 B877B38D 		.ascii	"\270w\263\215O\300\343p\266<\011\266e\261x\352\223c"
  43      4FC0E370 
  43      B63C09B6 
  43      65B178EA 
  43      9363
  44 0185 CB1CE1A9 		.ascii	"\313\034\341\251\203<\347~\362\315\004\365,\034\321"
  44      833CE77E 
  44      F2CD04F5 
  44      2C1CD1
  45 0194 F360A233 		.ascii	"\363`\2423\227Gj\232$\252\022^8DUI\304\274A\265\375"
  45      97476A9A 
  45      24AA125E 
  45      38445549 
  45      C4BC41B5 
  46 01a9 A7A0DA78 		.ascii	"\247\240\332xD\225\306A\275\014g\313\253`[n\015^\272"
  46      4495C641 
  46      BD0C67CB 
  46      AB605B6E 
  46      0D5EBA
  47 01bc DD216DA9 		.ascii	"\335!m\251\021^;\310\265PA\275\011G\3646\230\2506P\034"
  47      115E3BC8 
  47      B55041BD 
  47      0947F436 
  47      98A83650 
  48 01d1 5324D132 		.ascii	"S$\3212\341\235C\264\354\034{oP\355\377\356g\364\327"
  48      E19D43B4 
  48      EC1C7B6F 
  48      50EDFFEE 
  48      67F4D7
  49 01e4 FE3EEFC3 		.ascii	"\376>\357\303y\365!\330\253\323\363\225\331N\351\325"
  49      79F521D8 
  49      ABD3F395 
  49      D94EE9D5 
  50 01f4 10F0D161 		.ascii	"\020\360\321a\034\222\215\320\372\256\302\306\256#\233"
  50      1C928DD0 
  50      FAAEC2C6 
  50      AE239B
  51 0203 B6C58DBC 		.ascii	"\266\305\215\274\221\353\331{ ](\230\326\341\370~#\233"
ARM GAS  /tmp/ccxuqGrs.s 			page 4


  51      91EBD97B 
  51      205D2898 
  51      D6E1F87E 
  51      239B
  52 0215 3333B43D 		.ascii	"33\264=\231\324\371\2357\255l\376\240i\035\355\316\345"
  52      99D4F99D 
  52      37AD6CFE 
  52      A0691DED 
  52      CEE5
  53 0227 327A7A67 		.ascii	"2zzgv\367\241\356\336\336\036=ce\373L\253\240\357\332"
  53      76F7A1EE 
  53      DEDE1E3D 
  53      6365FB4C 
  53      ABA0EFDA 
  54 023b 91DEBA25 		.ascii	"\221\336\272%\225J\353}\233u\203K\366\254N$\367\321"
  54      954AEB7D 
  54      9B75834B 
  54      F6AC4E24 
  54      F7D1
  55 024d 2F6DB83B 		.ascii	"/m\270;\265"
  55      B5
  56              		.text
  57              		.section	.gnu.lto_.inline.c04736522d7e81ca,"e",%progbits
  58 0000 789CE360 		.ascii	"x\234\343``d`gb\200\003V\006\006\311\206\206\206\031"
  58      60646067 
  58      62800356 
  58      0606C986 
  58      868619
  59 0013 CC198C4C 		.ascii	"\314\031\214L\014\012\214\014\014\214 \202\205\005("
  59      0C0A8C0C 
  59      0C8C2082 
  59      850528
  60 0022 D6C094C2 		.ascii	"\326\300\224\302\300\300\001b0\24701\000!X,\231\201"
  60      C0C00162 
  60      30A73031 
  60      0021582C 
  60      9981
  61 0034 05CEE200 		.ascii	"\005\316\342\000\231\300.\0002f\202\037\0102L\360c\345"
  61      99C02E00 
  61      3266821F 
  61      08324CF0 
  61      63E5
  62 0046 03725980 		.ascii	"\003rY\200L\240 \202\311\310 \012\324\262\201)\203\221"
  62      4CA02082 
  62      C9C8200A 
  62      D4B28129 
  62      8391
  63 0058 116C0B33 		.ascii	"\021l\0133~\013\200\200S\010d6\330P @1\227\211Q\006"
  63      7E0B8080 
  63      53086436 
  63      D8502040 
  63      31978951 
  64 006d 64189A93 		.ascii	"d\030\232\2239\201b\013\230R\201:\201\214\003D:\231"
  64      3981620B 
  64      9852813A 
  64      818C0344 
  64      3A99
ARM GAS  /tmp/ccxuqGrs.s 			page 5


  65 007f 01A78B99 		.ascii	"\001\247\213\231\031\025\200:\216\240Y\"\0006\033h\011"
  65      1915803A 
  65      8EA05922 
  65      00361B68 
  65      09
  66 0090 17552C61 		.ascii	"\027U,aa\224<\374z\361Y`\260\2600r\024Lgf\374{b\365"
  66      61943CFC 
  66      7AF15960 
  66      B0B03072 
  66      144C6766 
  67 00a8 2DAE3EE6 		.ascii	"-\256>\346\371\314<\214\377\031\031w1J30r\344\203i\210"
  67      F9CC3C8C 
  67      FF191977 
  67      314A3330 
  67      72E48369 
  68 00bd 23388004 		.ascii	"#8\200\004+\033$\310\260\206\235\000\003,d\025\030\230"
  68      2B1B24C8 
  68      B0869D00 
  68      032C6415 
  68      1898
  69 00cf 963EFC7A 		.ascii	"\226>\374z\221)\211\205A\201P\2102\000\000n)a\335"
  69      91298985 
  69      41815088 
  69      3200006E 
  69      2961DD
  70              		.text
  71              		.section	.gnu.lto_.pureconst.c04736522d7e81ca,"e",%progbits
  72 0000 789CE360 		.ascii	"x\234\343``d\020````e\230\311\3028\223\205i\026\013"
  72      60641060 
  72      60606065 
  72      98C9C238 
  72      93856916 
  73 0015 F32C1696 		.ascii	"\363,\026\226\231,\000\033;\003<"
  73      992C001B 
  73      3B033C
  74              		.text
  75              		.section	.gnu.lto_pca9544a_lld_read.c04736522d7e81ca,"e",%progbits
  76 0000 789C8D93 		.ascii	"x\234\215\223[H\024a\024\307\317\231ov\235Uw\273\223"
  76      5B481461 
  76      14C7CF99 
  76      6F769D55 
  76      77BB93
  77 0013 B018EB83 		.ascii	"\260\030\353\203\330>\350*\331C\365\222eo\026Q\217="
  77      D83EE82A 
  77      D943F592 
  77      656F1651 
  77      8F3D
  78 0025 C4A65B6D 		.ascii	"\304\246[m\030\312z\241\236\234]\015+\315$\0245\330"
  78      18CA7AA1 
  78      9E9C5D0D 
  78      2BCD2414 
  78      35D8
  79 0037 2608312B 		.ascii	"&\0101+o\321\205\3626\246\346%K3\273\022\026eAV*\211"
  79      6FD185F2 
  79      36A6E625 
  79      4B33BB12 
  79      16654156 
ARM GAS  /tmp/ccxuqGrs.s 			page 6


  80 004d E18368E7 		.ascii	"\341\203h\347\233\331\305P\"\207\235\217\357r~\377\371"
  80      9BD9C550 
  80      22879D8F 
  80      EF727EFF 
  80      F9
  81 005e FEE79C95 		.ascii	"\376\347\234\225\000a\207\010p\012\000\"\351E\006(\310"
  81      00618708 
  81      700A0022 
  81      E9450628 
  81      C8
  82 006f B2BC33C4 		.ascii	"\262\2743\304+\011\210\332L\226\020\362\004\314\303"
  82      2B0988DA 
  82      4C9610F2 
  82      04CCC3
  83 007e 8BAC8261 		.ascii	"\213\254\202a\363\255\206)\213\275\206Nd\265b\316\356"
  83      F3AD8629 
  83      8BBD864E 
  83      64B562CE 
  83      EE
  84 008f CB3F13A1 		.ascii	"\313?\023\2410\200*\002\267X1\336\012\374\301\207h\247"
  84      30802A02 
  84      B75831DE 
  84      0AFCC187 
  84      68A7
  85 00a1 D8519F7F 		.ascii	"\330Q\237\1776\274\204)\014Q\244eY\377\235\276P\276"
  85      36BC8429 
  85      0C51A465 
  85      59FF9DBE 
  85      50BE
  86 00b3 14D046CB 		.ascii	"\024\320F\313\007\243\3233\022\333\203@\363\336\331"
  86      07A3D333 
  86      12DB8340 
  86      F3DED9
  87 00c2 C9B8986A 		.ascii	"\311\270\230j\271\324'\253]\021\227eUT\030\303Vd\\\266"
  87      B9D427AB 
  87      5D119765 
  87      555418C3 
  87      56645CB6 
  88 00d6 05ADD88C 		.ascii	"\005\255\330\214$L{$\335\2061\004\334\374\335\323\202"
  88      244C7B24 
  88      DD863104 
  88      DCFCDDD3 
  88      82
  89 00e7 6C9F065F 		.ascii	"l\237\006_\031k\3550\006\350\021\253N\213\330\276\214"
  89      196BED30 
  89      06E811AB 
  89      4E8BD8BE 
  89      8C
  90 00f8 269FA86A 		.ascii	"&\237\250j\364\373\222\262/\026vP\243\317N\017y-\001"
  90      F4FB92B2 
  90      2F167650 
  90      A3CF4E0F 
  90      792D01
  91 010b 7A60934E 		.ascii	"z`\223N\033\260c\031m \372\021\306\000g>5\315\227\233"
  91      1BB06319 
  91      6D20FA11 
  91      C600673E 
ARM GAS  /tmp/ccxuqGrs.s 			page 7


  91      35CD979B 
  92 011f 8D2277CD 		.ascii	"\215\"w\315\335v\242\221\362\010\3200lP\345\371\205"
  92      DD76A291 
  92      F208D030 
  92      6C50E5F9 
  92      85
  93 0130 42599DDF 		.ascii	"BY\235\337x>\325\202D\031\005>0\032BD\032$\003\037\214"
  93      783ED582 
  93      4419053E 
  93      301A4244 
  93      1A24031F 
  94 0145 C85D9890 		.ascii	"\310]\230\220\337&\014\271\252\031x\022\241\210\001"
  94      DF260CB9 
  94      AA197812 
  94      A18801
  95 0154 4FAC88B2 		.ascii	"O\254\210\262\012P\314\004}\341\245\3058\346\017\025"
  95      0A50CC04 
  95      7DE1A5C5 
  95      38E60F15 
  96 0164 5E680AE7 		.ascii	"^h\012\347\337\3623\3643#]\243$\177rT\342\011e\010\330"
  96      DFF233F4 
  96      33235DA3 
  96      247F7254 
  96      E2096508 
  97 0179 45D7FC81 		.ascii	"E\327\374\201\2056\3556t\350\277>\260`*@\237WR\230\251"
  97      8536ED36 
  97      74E8BF3E 
  97      B0602A40 
  97      9F575298 
  98 018e 8A2200BB 		.ascii	"\212\"\000\273\261\000\201h:\355\036\377\334*D\035R"
  98      B1008168 
  98      3AED1EFF 
  98      DC2A441D 
  98      52
  99 019f E44A9BC2 		.ascii	"\344J\233\302By|\371\207\231\0323\217\257\224e\332\013"
  99      42797CF9 
  99      87991A33 
  99      8FAF9465 
  99      DA0B
 100 01b1 C3C718A5 		.ascii	"\303\307\030\245;\353!\214\002\232\276\327\265\207F"
 100      3BEB218C 
 100      029ABED7 
 100      B58746
 101 01c0 093A12CE 		.ascii	"\011:\022\316\221\272\273\037\033M\213\210\031{\203"
 101      91BABB1F 
 101      1B4D8B88 
 101      197B83
 102 01cf 489F8E94 		.ascii	"H\237\216\224\337\350\230\323\032\300\202*`?Z\025\266"
 102      DFE898D3 
 102      1AC0822A 
 102      603F5A15 
 102      B6
 103 01e0 4AB7529E 		.ascii	"J\267R\236\240;\021\374\314\364\267\023\221\234<\371"
 103      A03B11FC 
 103      CCF4B713 
 103      919C3CF9 
 104 01f0 BF9301DD 		.ascii	"\277\223\001\335\211\2602'O\203\327z\266b'\203Ad(\200"
ARM GAS  /tmp/ccxuqGrs.s 			page 8


 104      89B03227 
 104      4F83D77A 
 104      B6622783 
 104      41642880 
 105 0204 4C8C559B 		.ascii	"L\214U\233t'\035\200\317\203N|-\337\212:\215\272\025"
 105      74271D80 
 105      CF834E7C 
 105      2DDF8A3A 
 105      8DBA15
 106 0217 FEEF50DF 		.ascii	"\376\357P\3375\276\265T\3435/\025\356j\033\257\375j"
 106      35BEB554 
 106      E3352F15 
 106      EE6A1BAF 
 106      FD6A
 107 0229 2A95561B 		.ascii	"*\225V\033\376\231\372\3735\203\346\370z\271\224NO("
 107      FE99FAFB 
 107      3583E6F8 
 107      7AB9944E 
 107      4F28
 108 023b 6C0D0E63 		.ascii	"l\015\016c5V\352M\364\002\3435\301\276z\246\353\211"
 108      3556EA4D 
 108      F402E335 
 108      C1BE7AA6 
 108      EB89
 109 024d 4BF46CFF 		.ascii	"K\364l\377\026\243\243\2658\242i\361>\304\227\232V\376"
 109      16A3A3B5 
 109      38A269F1 
 109      3EC4979A 
 109      56FE
 110 025f A5C2DA80 		.ascii	"\245\302\332\200\226A\227\273]\374\365\227V\017\011"
 110      964197BB 
 110      5DFCF597 
 110      560F09
 111 026e A7005F69 		.ascii	"\247\000_iy\256\244\016\323b\314KR\275\256\212\011\244"
 111      79AEA40E 
 111      D362CC4B 
 111      52BDAE8A 
 111      09A4
 112 0280 F55A4F35 		.ascii	"\365ZO5\323Dx\255\356\235\373Y\253\245b=\"\276A\253"
 112      D34478AD 
 112      EE9DFB59 
 112      ABA5623D 
 112      22BE41AB 
 113 0294 9F85296C 		.ascii	"\237\205)l\003L\240\317\026\020\002\255\225q\261\225"
 113      034CA0CF 
 113      161002AD 
 113      9571B195 
 114 02a4 0176C5C5 		.ascii	"\001v\305\3059\350\227\351\362\2703\217\273<\247c\323"
 114      39E897E9 
 114      F2B8338F 
 114      BB3CA763 
 114      D3
 115 02b5 D3D31C49 		.ascii	"\323\323\034I{\335\0072bSR\222\035i\036w\256\313\223"
 115      7BDD0732 
 115      62535292 
 115      1D691E77 
 115      AECB93
ARM GAS  /tmp/ccxuqGrs.s 			page 9


 116 02c8 E5D8BF3B 		.ascii	"\345\330\277;i\333\326\304\304$Gn\202\303I!\207\203"
 116      69DBD6C4 
 116      C424476E 
 116      82C34921 
 116      8783
 117 02da 1B71A920 		.ascii	"\033q\251 e\246:\371\334)\2469\263\235!\331\356\223"
 117      65A63AF9 
 117      DC29A639 
 117      B39D21D9 
 117      EE93
 118 02ec AE8C9CEC 		.ascii	"\256\214\234\354\310\350\254\315\3219\366\3556g\246"
 118      C8E8ACCD 
 118      D139F6ED 
 118      3667A6
 119 02fb 333DF9C8 		.ascii	"3=\371\310\261\244\254,\227'\333v\324\351Nw\245\301"
 119      B1A4AC2C 
 119      9727DB76 
 119      D4E94E77 
 119      A5C1
 120 030d 1F0E9676 		.ascii	"\037\016\226v\032"
 120      1A
 121              		.text
 122              		.section	.gnu.lto_pca9544a_lld_write.c04736522d7e81ca,"e",%progbits
 123 0000 789C7552 		.ascii	"x\234uRKLSA\024\235\373\346\265\274\026Z\277\250\261"
 123      4B4C5341 
 123      149DFBE6 
 123      B5BC165A 
 123      BFA8B1
 124 0013 C1940541 		.ascii	"\301\224\005A\026\264\030q\241+\253\270Cct\351\302<"
 124      16B41871 
 124      A12BABB8 
 124      436374E9 
 124      C23C
 125 0025 A16A4D0D 		.ascii	"\241jM\015M\371DWL\013\246\032\011\022\003\241\220\324"
 125      4DF94457 
 125      4C0BA61A 
 125      091203A1 
 125      90D4
 126 0037 6A0CA980 		.ascii	"j\014\251\200\374\214h\224\337\323\362\027\245\240\033"
 126      FC8C6894 
 126      DFD3F217 
 126      A5A01B
 127 0046 8D4183C1 		.ascii	"\215A\203\301D\374@$\030V\340\235\367JP\214\315\353"
 127      44FC4024 
 127      1856E09D 
 127      F74A508C 
 127      CDEB
 128 0058 64E6DE73 		.ascii	"d\346\336s\316\275\367\314H\004H\023%\344\022!$\005"
 128      CEBDF7CC 
 128      48044813 
 128      25E41221 
 128      2405
 129 006a FF400908 		.ascii	"\377@\011\010\214\261\203\011>I\000PwL\002R*@)\334\240"
 129      8CB18309 
 129      3E490050 
 129      774C0252 
 129      2A4029DC 
ARM GAS  /tmp/ccxuqGrs.s 			page 10


 130 007f B514BAEE 		.ascii	"\265\024\272\356\267\315\2333\"\230aJm\257\276\251="
 130      B7CD9B33 
 130      2298614A 
 130      6DAFBEA9 
 130      3D
 131 0090 C6681815 		.ascii	"\306h\030\025\352\220\271\327\002Y\026\302\177\360\024"
 131      EA90B9D7 
 131      025916C2 
 131      7FF014
 132 009f 32103CE5 		.ascii	"2\020<\345\017-%Ub\036@\304c\365\350\303\021#?\012`"
 132      0F2D2555 
 132      621E40C4 
 132      63F5E8C3 
 132      11233F0A 
 133 00b4 C5E393A9 		.ascii	"\305\343\223\251\205E\211\036\001\202\373\341\2459["
 133      8545891E 
 133      0182FBE1 
 133      A5395B
 134 00c3 7A03ABF2 		.ascii	"z\003\253\3623elG=S\3040\245\320\003\224\313v\203\005"
 134      33656C47 
 134      3D53C430 
 134      A5D00394 
 134      CB768305 
 135 00d7 BA008531 		.ascii	"\272\000\2051\206\322\275\220\216\204\346_C\335@\217"
 135      86D2BD90 
 135      8E84E65F 
 135      43DD408F 
 136 00e7 A9E4C968 		.ascii	"\251\344\311h4\222\204\354\030g[\202L\2010\025\241O"
 136      349284EC 
 136      18675B82 
 136      4C813015 
 136      A14F
 137 00f9 63C79BC2 		.ascii	"c\307\233\302\010r\025\225\373\276\262z\306LO\252\334"
 137      08721595 
 137      FBBEB27A 
 137      C64C4FAA 
 137      DC
 138 010a AB0B319F 		.ascii	"\253\0131\2379^\271\177\227VY\007\317\376\251\254C\366"
 138      395EB97F 
 138      97565907 
 138      CFFEA9AC 
 138      43F6
 139 011c 7348279C 		.ascii	"sH'\2343\335\261\\c\322\213|f>k\024\364h#!m\223:\205"
 139      33DDB15C 
 139      63D28B7C 
 139      663E6B14 
 139      F4682321 
 140 0134 2DAF0498 		.ascii	"-\257\004\2302\270\363N\207)\021\220\246\027pI\240\270"
 140      32B8F34E 
 140      87291190 
 140      A6177049 
 140      A0B8
 141 0146 48225F74 		.ascii	"H\"_t\300\373\227\200k\031\0117\216\\\247\204\273)\002"
 141      C0FB9780 
 141      6B190937 
 141      8E5CA784 
 141      BB2902
ARM GAS  /tmp/ccxuqGrs.s 			page 11


 142 0159 5308A9A0 		.ascii	"S\010\251\240\202v\360\341a\026\312b\201Pg\022\257\020"
 142      8276F0E1 
 142      6116CA62 
 142      81506712 
 142      AF10
 143 016b A210A23A 		.ascii	"\242\020\242:,^Y67%q\023)\020\350\307\346\276A\300\252"
 143      2C5E5936 
 143      37257113 
 143      2910E8C7 
 143      E6BE41C0 
 144 0180 F680C9D0 		.ascii	"\366\200\311\320\275\261\025C9\370}R\230\032\352\020"
 144      BDB11543 
 144      39F87D52 
 144      981AEA10 
 145 0190 416000CA 		.ascii	"A`\000\312\201 \033\263\003\263\237z\204\324Sa\026\264"
 145      81201BB3 
 145      03B39F7A 
 145      84D45361 
 145      16B4
 146 01a2 86A991E3 		.ascii	"\206\251\221\343k>,FL\034\037d\014c\2110\010\251\332"
 146      6B3E2C46 
 146      4C1C1F64 
 146      0C638930 
 146      08A9DA
 147 01b5 3C434843 		.ascii	"<CHC@\307\327\226>c\252\240Q\2228\245\245\363c\273a"
 147      40C7D796 
 147      3E63AAA0 
 147      519238A5 
 147      A5F363BB 
 148 01ca 8D6282E1 		.ascii	"\215b\202\341U\312\210F\031\2715\350\027y\203f\230 "
 148      55CA8846 
 148      19B935E8 
 148      17798366 
 148      9820
 149 01dc 300A9630 		.ascii	"0\012\2260\335\200\243\370\273\2774G\365\332(\002\302"
 149      DD80A3F8 
 149      BBBF3447 
 149      F5DA2802 
 149      C2
 150 01ed 9477ED6F 		.ascii	"\224w\355o\315\015p\327\207\343\336\236\3466m\304\001"
 150      CD0D70D7 
 150      87E3DE9E 
 150      E6366DC4 
 150      01
 151 01fe D5897899 		.ascii	"\325\211x\231\326\307\221qSV+\253\302\354\2050\335\004"
 151      D6C79171 
 151      53562BAB 
 151      C2EC8530 
 151      DD04
 152 0210 2FA00182 		.ascii	"/\240\001\202\232\341c\220\245\012\216\264QM\217\256"
 152      9AE16390 
 152      A50A8EB4 
 152      514D8FAE 
 153 0220 D3B3FE5F 		.ascii	"\323\263\376_\014S\233\341\245\252\305\357\014^\251"
 153      0C539BE1 
 153      A5AAC5EF 
 153      0C5EA9
ARM GAS  /tmp/ccxuqGrs.s 			page 12


 154 022f 5A653703 		.ascii	"Ze7\003\215q-Q\223{P\361\371\247\372t%\230'0\256\372"
 154      8D712D51 
 154      937B50F1 
 154      F9A7FA74 
 154      25982730 
 155 0245 5C8FF7A2 		.ascii	"\\\217\367\242b\214\353\254\336RG\005\324\212iV\013"
 155      628CEBAC 
 155      DE524705 
 155      D48A6956 
 155      0B
 156 0256 288280E8 		.ascii	"(\202\200\350L\317\225D\016\320\252n\345\217O3jB3\352"
 156      4CCF9544 
 156      0ED0AA6E 
 156      E58F4F33 
 156      6A4233EA 
 157 026a D1B5EF8D 		.ascii	"\321\265\357\215\006^\"\031\000&\301\362\347\345n\303"
 157      065E2219 
 157      0026C1F2 
 157      E7E56EC3 
 158 027a CB7DFD77 		.ascii	"\313}\375w(\031Co\300\022\242Xp;\371\001~k\274\031\242"
 158      2819436F 
 158      C012A258 
 158      703BF901 
 158      7E6BBC19 
 159 028f 3E22587B 		.ascii	">\"X{D\204\034\262\331\354\370y\234^\227\347\274\323"
 159      44841CB2 
 159      D9ECF879 
 159      9C5E97E7 
 159      BCD3
 160 02a1 7B39D3ED 		.ascii	"{9\323\355\316\267;\216\272N\024d\346\346\346\330\363"
 160      CEB73B8E 
 160      BA4E1464 
 160      E6E6E6D8 
 160      F3
 161 02b2 BDAE12A7 		.ascii	"\275\256\022\247\267\320~\374\260c\377\276\354l\207"
 161      B7D07EFC 
 161      B063FFBE 
 161      EC6C87
 162 02c1 BD648F5D 		.ascii	"\275d\217]F\310\351\325\200-\217H\236<\231\357e1_.\222"
 162      46C8E9D5 
 162      802D8F48 
 162      9E3C99EF 
 162      65315F2E 
 163 02d6 138A5C17 		.ascii	"\023\212\\\027\235\005\305E)i\205\273\323\2123\016X"
 163      9D05C545 
 163      296985BB 
 163      D38A330E 
 163      58
 164 02e7 658FECCE 		.ascii	"e\217\354\3169s\316QX\350\364\026Y\317\312.\2673\237"
 164      3973CE51 
 164      58E8F416 
 164      59CFCA2E 
 164      B7339F
 165 02fa FC066C75 		.ascii	"\374\006luI\370"
 165      49F8
 166              		.text
 167              		.section	.gnu.lto_pca9544a_lld_getintstatus.c04736522d7e81ca,"e",%progbits
ARM GAS  /tmp/ccxuqGrs.s 			page 13


 168 0000 789C8D94 		.ascii	"x\234\215\224_lSU\034\307\317\367\236\333\333\333\255"
 168      5F6C5355 
 168      1CC7CFF7 
 168      9EDBDBDB 
 168      AD
 169 0011 ED1015C1 		.ascii	"\355\020\025\301\212\351\036\232\271\007\326\031\361"
 169      8AE91E9A 
 169      B907D619 
 169      F1
 170 001e 613E39C5 		.ascii	"a>9\30574\306\304Gc:\326A\223\031\226\266#\341\211\323"
 170      3734C6C4 
 170      47633AD6 
 170      41931996 
 170      B623E189 
 171 0033 6EB02963 		.ascii	"n\260)cN\303\237MW\213\34221\216\015\377\2219pW\004"
 171      4EC39F4D 
 171      578BE232 
 171      318E0DFF 
 171      91397057 
 172 0048 64C8D804 		.ascii	"d\310\330\004\374\2631\013l\021\005d\020\010\206\007"
 172      FCB3310B 
 172      6C110564 
 172      10088607 
 173 0058 33FC9D73 		.ascii	"3\374\235s\326\214\014\2154\355\311=\347\374>\337s\276"
 173      D68C0C8D 
 173      34EDC93D 
 173      E7FC3EDF 
 173      73BE
 174 006a DF736E6D 		.ascii	"\337snm\006\266\336\305\330&\306\330R\372\2013\030B"
 174      06B6DEC5 
 174      D826C6D8 
 174      52FA8133 
 174      1842
 175 007c 88A7DD29 		.ascii	"\210\247\335)\333\000\324\223\260\3016\030\330\2007"
 175      DB00D493 
 175      B0C13618 
 175      D88037
 176 008b F90E8E81 		.ascii	"\371\016\216\201Oz\257\371K\273iF8;f\254\217\373F\005"
 176      4F7AAFF9 
 176      4BBB6946 
 176      383B66AC 
 176      8FFB4605 
 177 009f CF72C63A 		.ascii	"\317r\306:\210|\"\200\362\000\223\037|\205R*\316\245"
 177      887C2280 
 177      F200931F 
 177      7C85522A 
 177      CEA5
 178 00b1 33B7BCAD 		.ascii	"3\267\274\2554\017\230\324\335z\354\363\241\002\331"
 178      340F98D4 
 178      DD7AECF3 
 178      A102D9
 179 00c0 3510A46E 		.ascii	"5\020\244n\177\356\306M\233?\007F\317Go]-+\351\022m"
 179      7FEEC64D 
 179      9B3F0746 
 179      CF476F5D 
 179      2D2BE912 
 180 00d5 69E11C5A 		.ascii	"i\341\034Z\362\216p\314,\3478\000.e\367#\200\001\220"
ARM GAS  /tmp/ccxuqGrs.s 			page 14


 180      F28E70CC 
 180      2CE73800 
 180      2E65F723 
 180      800190
 181 00e8 308D91F4 		.ascii	"0\215\221\364\327(!\340\217\215\242\307\303_Pp\247\230"
 181      D72821E0 
 181      8F8DA2C7 
 181      C35F5070 
 181      A798
 182 00fa DEEE9DA5 		.ascii	"\336\356\235\245O?\252i\023\203w\321&\321\216\242'Z"
 182      4F3FAA69 
 182      138377D1 
 182      26D18EA2 
 182      275A
 183 010c B7FEE6E7 		.ascii	"\267\376\346\347/+\272\371\306h\312?KO\224j\332\205"
 183      2F2BBAF9 
 183      C668CA3F 
 183      4B4F946A 
 183      DA85
 184 011e 6FEEA229 		.ascii	"o\356\242)&\034D\011\223\314\356\017&\337\265\370+\212"
 184      261C4409 
 184      93CCEE0F 
 184      26DFB5F8 
 184      2B8A
 185 0130 3F35FCDE 		.ascii	"?5\374\336\2207\264K%2\335\2718\335 \332\005I0|\253"
 185      9037B44B 
 185      2532DDB9 
 185      38DD20DA 
 185      0549307C 
 186 0145 25E65291 		.ascii	"%\346R\221\325\335\215\003c\036^\245\310\2676\016\217"
 186      D5DD8D03 
 186      631E5EA5 
 186      C8B7360E 
 186      8F
 187 0156 5B443AB4 		.ascii	"[D:\264\362\205\316E\251Y\322\302\341\177#'\367\316"
 187      F285CE45 
 187      A959D2C2 
 187      E17F2327 
 187      F7CE
 188 0168 6CF35926 		.ascii	"l\363Y&\216 \204C\010\311\304e\322\337\301\242CdF~\274"
 188      8E208443 
 188      08C9C465 
 188      D2DFC1A2 
 188      4364467E 
 189 017d F7A4CB11 		.ascii	"\367\244\313\0213\267\233\204s\344\221\367\317\373\027"
 189      33B79B84 
 189      73E491F7 
 189      CFFB17
 190 018c 82B6EE36 		.ascii	"\202\266\3566d\303\251\261Mj<.\331X\324\024\270ecC\206"
 190      64C3A9B1 
 190      4D6A3C2E 
 190      D958D414 
 190      B8656343 
 191 01a1 5A08198E 		.ascii	"Z\010\031\216\017\322d\021SK\260\315\234I_&\204\303"
 191      0FD26411 
 191      534BB0CD 
 191      9C495F26 
ARM GAS  /tmp/ccxuqGrs.s 			page 15


 191      84C3
 192 01b3 580B3774 		.ascii	"X\0137t'E\235Kh\030m\312\364{\345\372\031\216\014\267"
 192      27459D4B 
 192      68186DCA 
 192      F47BE5FA 
 192      198E0CB7 
 193 01c7 698BAD0D 		.ascii	"i\213\255\015Ws\266<`\016\206\243\024\333\237h\012\252"
 193      5773B63C 
 193      600E86A3 
 193      14DB9F68 
 193      0AAA
 194 01d9 1DD264E6 		.ascii	"\035\322d\346\243\343\267=\215H\247\354,/\354\240\012"
 194      A3E3B73D 
 194      8D48A7EC 
 194      2C2FECA0 
 194      0A
 195 01ea 86213482 		.ascii	"\206!4\202\021M\263\207/M\0350\212cY\321\036\314r\257"
 195      114DB387 
 195      2F4D1D30 
 195      8A6359D1 
 195      1ECC72AF 
 196 01fe ACDF76F6 		.ascii	"\254\337v\366f\267O\326\267\013Ac>\034C\261v\373=aT"
 196      66B74FD6 
 196      B70B4163 
 196      3E1C43B1 
 196      76FB3D61 
 197 0213 B0F772CF 		.ascii	"\260\367r\317`A\261\241\021\277Dz\2768\327\347\231C"
 197      6041B1A1 
 197      11BF447A 
 197      BE38D7E7 
 197      9943
 198 0225 8A703C8F 		.ascii	"\212p<\217\014k\244\345\303\236\277\324\015\\\200\363"
 198      0C6BA4E5 
 198      C39EBFD4 
 198      0D5C80F3 
 199 0235 0C2710C8 		.ascii	"\014'\020\310\362\373\264\225\256\012\355\304\310\360"
 199      F2FBB495 
 199      AE0AEDC4 
 199      C8F0
 200 0243 C23B9D98 		.ascii	"\302;\235\230\344d\344\377\235\214j'\306\2759\371!\277"
 200      E464E4FF 
 200      9D8C6A27 
 200      C6BD39F9 
 200      21BF
 201 0255 AD93F7EC 		.ascii	"\255\223\367\354\344T\0369\255\221\313\2375\2371\265"
 201      E4541E39 
 201      AD91CB9F 
 201      359F31B5 
 202 0265 9349861F 		.ascii	"\223I\206\037\363N\322\373/\016O\371\265\025\371\272"
 202      F34ED2FB 
 202      2F0E4FF9 
 202      B515F9BA 
 203 0275 3AE37D63 		.ascii	":\343}c\376.\354J\321\301\355\234\2247`!\035\225:\033"
 203      FE2EEC4A 
 203      D1C1ED9C 
 203      94376021 
 203      1D953A1B 
ARM GAS  /tmp/ccxuqGrs.s 			page 16


 204 0289 B9CC9E7D 		.ascii	"\271\314\236}\335#\276\362=\242\215f\247\221\345\367"
 204      DD23BEF2 
 204      3DA28D66 
 204      A791E5F7 
 205 0299 E32774A1 		.ascii	"\343't\241]\337\254\237Q\256\024\207F\270\0264\347\011"
 205      5DDFAC9F 
 205      51AE1487 
 205      46B81634 
 205      E709
 206 02ab 06FF5B8D 		.ascii	"\006\377[\215\246\036\300/J\013RkLi5\274\335\324\357"
 206      A61EC02F 
 206      4A0B526B 
 206      4C6935BC 
 206      DDD4EF
 207 02be D65A2E2D 		.ascii	"\326Z.-\367i\313\205\353\352\037\302\203k\014\343*h"
 207      F769CB85 
 207      EBEA1FC2 
 207      836B0CE3 
 207      2A68
 208 02d0 7A09744D 		.ascii	"z\011tM\321\274\254\037\354\340\006i\235\321Ys\022\241"
 208      D1BCAC1F 
 208      ECE00669 
 208      9DD15973 
 208      12A1
 209 02e2 82B62DE3 		.ascii	"\202\266-\343\275\246,\320\033Z\244\336\003\225\324"
 209      BDA62CD0 
 209      1B5AA4DE 
 209      0395D4
 210 02f1 844EEACB 		.ascii	"\204N\352\313\327\257\354\366\310%\036\002\360+\002"
 210      D7AFECF6 
 210      C8251E02 
 210      F02B02
 211 0300 19EECBF2 		.ascii	"\031\356\313\362\305\322\331\366\213'\246,\275\224%"
 211      C5D2D9F6 
 211      8B27A62C 
 211      BD9425
 212 030f 31B9C3BF 		.ascii	"1\271\303\2777A\217\270i\360\316\277\260\0050\221\243"
 212      37418FB8 
 212      69F0CEBF 
 212      B0053091 
 212      A3
 213 0320 FD11977B 		.ascii	"\375\021\227{C\325\314\217\327\237\345K\350\366\250"
 213      43D5CC8F 
 213      D79FE54B 
 213      E8F6A8
 214 032f EBC27096 		.ascii	"\353\302p\226\314\223\012\325\037\314\251r\271\002!"
 214      CC930AD5 
 214      1FCCA972 
 214      B90221
 215 033e BF5F9FCA 		.ascii	"\277_\237\312\025V\354\023\315\0247m\362\034*\3304\322"
 215      1556EC13 
 215      CD14376D 
 215      F21C2AD8 
 215      34D2
 216 0350 3B075B1F 		.ascii	";\007[\037\2365-\263\337\3141\367\3361\366LYY\230\276"
 216      9E352DB3 
 216      DFCC31F7 
ARM GAS  /tmp/ccxuqGrs.s 			page 17


 216      DE31F64C 
 216      595998BE 
 217 0364 75D178AC 		.ascii	"u\321x\254nM4\276~Ymmu\270\362\371\330Kk\227\255\\\271"
 217      6E4D34BE 
 217      7E596D6D 
 217      75B8F2F9 
 217      D84B6B97 
 218 037b 225C1D8F 		.ascii	"\"\\\035\217\255\213\306\023\341\027\237\255\254xr\371"
 218      AD8BC613 
 218      E1179FAD 
 218      AC7872F9 
 219 038b F2CAF0BA 		.ascii	"\362\312\360\272\307\303\021*y5?P\266\212\331u\253\""
 219      C7C3112A 
 219      79353F50 
 219      B68AD975 
 219      AB22
 220 039d F2396225 		.ascii	"\3629b%\222\221d}\302\235\214\275\026][\2374e\327\252"
 220      9291647D 
 220      C29D8CBD 
 220      165D5B9F 
 220      3465D7AA 
 221 03b1 AAAFA989 		.ascii	"\252\257\251\211\306\227\206\022\217\205\352K\237\012"
 221      C6978612 
 221      8F85EA4B 
 221      9F0A
 222 03bf 46EA22B5 		.ascii	"F\352\"\265+\252VW&\022\321x2X\023\211\325F\253\331"
 222      2BAA5657 
 222      2612D178 
 222      32581389 
 222      D546ABD9 
 223 03d3 3F4FBDE1 		.ascii	"?O\275\341i"
 223      69
 224              		.text
 225              		.section	.gnu.lto_pca9544a_lld_getcurrentchannel.c04736522d7e81ca,"e",%progbits
 226 0000 789C8D94 		.ascii	"x\234\215\224]P\224U\030\307\317\377=\357~\341\262Q"
 226      5D509455 
 226      18C7CFFF 
 226      3DEF7EE1 
 226      B251
 227 0012 28494CCE 		.ascii	"(IL\316r\301\020\027\2624\341\005\3154\023e]Y\323t\321"
 227      72C11017 
 227      B234E105 
 227      CD341365 
 227      5D59D374 
 228 0027 65CD0A4B 		.ascii	"e\315\012K\322\2202\0138\323\225\357.4\253\211@\215"
 228      D290320B 
 228      38D395EF 
 228      2E34AB89 
 228      408D
 229 0039 22D46CAF 		.ascii	"\"\324l\257\3060d\241\240}\020\001\261I*\230\010)Z\020"
 229      C63064A1 
 229      A07D1001 
 229      B1492A98 
 229      08295A10 
 230 004d AE066262 		.ascii	"\256\006bb*\016\016\216\325(=\347\234\335`\260\017w"
 230      2A0E0E8E 
 230      D5283DE7 
ARM GAS  /tmp/ccxuqGrs.s 			page 18


 230      9CDD60B0 
 230      0F77
 231 005f 76CF9EF3 		.ascii	"v\317\236\363\236\347\367?\317\3779\347\274v\006\266"
 231      9EE7F73F 
 231      CFFF39E7 
 231      BC7606B6 
 232 006f C6CA5888 		.ascii	"\306\312X\2101\366<\375`e\320\014\303x\332\026\260k"
 232      31F63CFD 
 232      6065D00C 
 232      C378DA16 
 232      B06B
 233 0081 1AA79E5B 		.ascii	"\032\247\236[7\022t\365\357\344\260\304\346\364\277"
 233      371274F5 
 233      EFE4B0C4 
 233      E6F4BF
 234 0090 7B1640F6 		.ascii	"{\026@\366\014;\330\026\215\353\026lA-\337\315\321\325"
 234      0C3BD816 
 234      8DEB166C 
 234      412DDFCD 
 234      D1D5
 235 00a2 DA76C395 		.ascii	"\332v\303\225\325B\223Fd\367Y\333'\355\303\00679c\215"
 235      D5429346 
 235      64F759DB 
 235      27EDC306 
 235      3739638D 
 236 00b6 9CE18934 		.ascii	"\234\341\2114\344\2441\361\301\327\310\242\340h0|\333"
 236      E4A431F1 
 236      C1D7C8A2 
 236      E068307C 
 236      DB
 237 00c7 5943F380 		.ascii	"YC\363\200N\303\235\307?\037H\020C\015n\032vFo\316\331"
 237      4EC39DC7 
 237      3F1F4810 
 237      430D6E1A 
 237      76466FCE 
 238 00dc F97360D4 		.ascii	"\371s`\324\357\277=\223\235\331l\324\005\215\310\325"
 238      EFBF3D93 
 238      9DD96CD4 
 238      058DC8D5 
 239 00ec D4F78D88 		.ascii	"\324\367\215\210nr\216\036p!\333\2154t\201\204\351\031"
 239      6E728E1E 
 239      7021DB8D 
 239      34748184 
 239      E919
 240 00fe 497F834C 		.ascii	"I\177\203L\002Z\307\373\242V\376\242\204w\3246\374i"
 240      025AC7FB 
 240      A256FEA2 
 240      8477D436 
 240      FC69
 241 0110 8DD123AB 		.ascii	"\215\321#\253\024\255\243\367\036Z':\"\351\361\232\235"
 241      14ADA3F7 
 241      1E5A273A 
 241      22E9F19A 
 241      9D
 242 0121 532EFE8A 		.ascii	"S.\376\212\244\267\336\034\016\270b\364\305,E[\360\355"
 242      A4B7DE1C 
 242      0EB862F4 
ARM GAS  /tmp/ccxuqGrs.s 			page 19


 242      C52C455B 
 242      F0ED
 243 0133 3DB485E8 		.ascii	"=\264\205\350\303\310d\202\331\367\321\304\007V\376"
 243      C3C86482 
 243      D9F7D1C4 
 243      0756FE
 244 0142 AAE44F0F 		.ascii	"\252\344O\017~8\340\314h\222\0259i\256\014V\032\015"
 244      7E38E0CC 
 244      68921539 
 244      69AE0C56 
 244      1A0D
 245 0154 064930F4 		.ascii	"\006I0\364)\211\205\252\210\350\226\252\256Q\007/\220"
 245      298985AA 
 245      88E896AA 
 245      AE51072F 
 245      90
 246 0165 E4BB6F0F 		.ascii	"\344\273o\017\216Y\211\214\320\312G\315\224@\214\264"
 246      8E59898C 
 246      D0CA47CD 
 246      94408CB4 
 247 0175 E2C83F91 		.ascii	"\342\310?\221\023\007\357\356J\264\3528\212\014|\207"
 247      1307EFEE 
 247      4AB4EA38 
 247      8A0C7C87 
 248 0185 0C517151 		.ascii	"\014QqQ\351cbs\031\323\342\317\333NY\"\306\335\371\220"
 248      E9636273 
 248      19D3E2CF 
 248      DB4E5922 
 248      C6DDF990 
 249 0199 11B9B46A 		.ascii	"\021\271\264j\357\336\345+@\251\3334\321pj\354:5\016"
 249      EFDEE52B 
 249      40A9DB34 
 249      D1706AEC 
 249      3A350E
 250 01ac 8B68ACD4 		.ascii	"\213h\254\324$\330D\343\200(\252\023\2428.\010\223I"
 250      24D844E3 
 250      8028AA13 
 250      A2382E08 
 250      9349
 251 01be 4C48258B 		.ascii	"LH%\213I\306\266s&\314\3510\"\214UsM\015\0024\270\202"
 251      49C6B673 
 251      26CCE930 
 251      228C5573 
 251      4D0D0234 
 252 01d4 CAE1D0B9 		.ascii	"\312\341\320\271\036\247H\"\314\021\346\016\312\263"
 252      1EA74822 
 252      CC11E60E 
 252      CAB3
 253 01e2 A672266A 		.ascii	"\246r&j\027\273\314\301\320O\265\273\212\220[\246I\223"
 253      17BBCCC1 
 253      D04FB5BB 
 253      8A905BA6 
 253      4993
 254 01f4 E18F4FCC 		.ascii	"\341\217O\314;\252\020\014\330M\276\254\221\"\030\006"
 254      3BAA100C 
 254      D84DBEAC 
 254      91221806 
ARM GAS  /tmp/ccxuqGrs.s 			page 20


 255 0204 50054634 		.ascii	"P\005F4\315\036\2712\331\243\245\277a\032\015n\223;"
 255      CD1EB932 
 255      D9A3A5BF 
 255      611A0D6E 
 255      933B
 256 0216 45FCAEF3 		.ascii	"E\374\256\363s-\211\"\276\201\316\252\311\023q\034\351"
 256      732D8922 
 256      BE81CEAA 
 256      C913711C 
 256      E9
 257 0227 CAF2F784 		.ascii	"\312\362\367\204Q\300\301\337\366\367&\244k\012q\011"
 257      51C0C1DF 
 257      F6F726A4 
 257      6B0A7109 
 258 0237 64FF1717 		.ascii	"d\377\027\027\332\035\013\310\0038\021G\006\025r+\364"
 258      DA1D0BC8 
 258      03381147 
 258      0615722B 
 258      F4
 259 0248 59972612 		.ascii	"Y\227&\022L\302\034\303I\244\231\374Aee\352)\345D\013"
 259      4CC21CC3 
 259      49A499FC 
 259      416565EA 
 259      29E5440B 
 260 025c 73E76227 		.ascii	"s\347b':9\031\372\177'\303\312\211v\177N~\210\247u\352"
 260      3A3919FA 
 260      7F27C3CA 
 260      89767F4E 
 260      7E88A775 
 261 0271 BE9D9C8E 		.ascii	"\276\235\234\216##\012\371j[S\247K9\271\305p&\356$\330"
 261      23230AF9 
 261      6A5B53A7 
 261      4B39B9C5 
 261      7026EE24 
 262 0286 3DFDFBA4 		.ascii	"=\375\373\244KY\021w62\326>\352jFS\2006n\317\2048\006"
 262      4B591177 
 262      3632D63E 
 262      EA6A4653 
 262      80366ECF 
 263 029d 0FD156C9 		.ascii	"\017\321V\311\275\021\313\034\350h\031J\3149`\324\321"
 263      BD11CB1C 
 263      E868194A 
 263      CC3960D4 
 263      D1
 264 02ae EC75983C 		.ascii	"\354u\230<\031g\321\214\006u\274~D\216T\034\030\342"
 264      1967D18C 
 264      0675BC7E 
 264      448E541C 
 264      18E2
 265 02c0 4A505F22 		.ascii	"JP_\"\350\376w5\232Z\216\237\244\026\204\326\250\324"
 265      E8FE7735 
 265      9A5A8E9F 
 265      A41684D6 
 265      A8D4
 266 02d2 AA7C2FD4 		.ascii	"\252|/\324iSZ\026%w\250\372\322\254|M8p\203aL\026\232"
 266      69535A16 
 266      2577A8FA 
ARM GAS  /tmp/ccxuqGrs.s 			page 21


 266      D2AC7C4D 
 266      38708361 
 267 02e9 6E828A49 		.ascii	"n\202\212IZR\353\025\215\\#\255\237U\2559\211P@\335"
 267      5A52EB15 
 267      8D5C23AD 
 267      9F55AD39 
 267      895040DD 
 268 02fd 8EB1365D 		.ascii	"\216\2616]\004\250\204R\344e\220\225\032W\225\372r\333"
 268      04A88452 
 268      E4659095 
 268      1A5795FA 
 268      72DB
 269 030f B57D0EB1 		.ascii	"\265}\016\261\304\303\000\316!-\314]&_)\234\325O\377"
 269      C4C300CE 
 269      212DCC5D 
 269      265F299C 
 269      D54FFF
 270 0322 D1174BC7 		.ascii	"\321\027K\307*0\221a\275\215\244\223\351\301\342wX\002"
 270      2A309161 
 270      BD8DA493 
 270      E9C1E277 
 270      5802
 271 0334 744429B7 		.ascii	"tD)\267)T]\356\313UD2\005\034\233\2716\002\025\300p"
 271      29545DEE 
 271      CB554432 
 271      051C9BB9 
 271      360215C0 
 272 0349 1EEAC256 		.ascii	"\036\352\302Vs.r\321\342\327\244>\324\323\333\015\005"
 272      732E72D1 
 272      E2D7A43E 
 272      D4D3DB0D 
 272      05
 273 035a D99470F0 		.ascii	"\331\224p\360Lk\207Kq\034\027\210\243d\242\357L\313"
 273      4C6B874B 
 273      711C1788 
 273      A364A2EF 
 273      4CCB
 274 036c 322FDDB4 		.ascii	"2/\335\264\024\223\247\322\231\224\207\220\341\027*"
 274      1493A7D2 
 274      99948790 
 274      E1172A
 275 037b 29C9C865 		.ascii	")\311\310e\364\305\313\004g/\337Qf\376[`\202\004(\342"
 275      F4C5CB04 
 275      672FDF51 
 275      66FE5B60 
 275      820428E2 
 276 038f 4EFFA763 		.ascii	"N\377\247c\362}\234\212y`R\246^\315-\213\357\367\341"
 276      F27D9C8A 
 276      796052A6 
 276      5ECD2D8B 
 276      EFF7E1
 277 03a2 A84C5A14 		.ascii	"\250LZ\024\206\200_g'\243\313\362:\214\255tJ\250\266"
 277      86805F67 
 277      27A3CBF2 
 277      3A8CAD74 
 277      4AA8B6
 278 03b5 1791C7AE 		.ascii	"\027\221\307\256#\270g\276\366\221\330^\011\353\333"
ARM GAS  /tmp/ccxuqGrs.s 			page 22


 278      23B867BE 
 278      F691D85E 
 278      09EBDB
 279 03c4 39165E17 		.ascii	"9\026^\027\214=\223\235\355\241o\251\317_\\\272\301"
 279      8C3D939D 
 279      EDA16FA9 
 279      CF5F5CBA 
 279      C1
 280 03d5 E77F6B75 		.ascii	"\347\177kuII\241'\377\205\342\2277\255^\267n\255\247"
 280      4949A127 
 280      FF85E297 
 280      37AD5EB7 
 280      6EADA7
 281 03e8 D05FBCD9 		.ascii	"\320_\274\331\347/\363\274\364l~\336\232\334\334|\317"
 281      E72FF3BC 
 281      F46C7EDE 
 281      9ADCDC7C 
 281      CF
 282 03f9 E6C73D5E 		.ascii	"\346\307=^\012y-\376 \273\200\331K\013\274\242\357\265"
 282      0A792DFE 
 282      20BB80D9 
 282      4B0BBCA2 
 282      EFB5
 283 040b 156CF06E 		.ascii	"\025l\360n\334\350+\261\225\027\277\351\333TQ\256\227"
 283      DCE82BB1 
 283      9517BFE9 
 283      DB5451AE 
 283      97
 284 041c 957BCBAD 		.ascii	"\225{\313\255\353+\212\212|\376G3\312\036\313\250\310"
 284      EB2B8A8A 
 284      7CFE4733 
 284      CA1ECBA8 
 284      C8
 285 042d 7AD2ED2D 		.ascii	"z\322\355-\365\226\254]\377z~Y\231\317_\356.\362\026"
 285      F596AC5D 
 285      FF7A7E59 
 285      99CF5FEE 
 285      2EF216
 286 0440 97F80AD9 		.ascii	"\227\370\012\331_i\265'\360"
 286      5F69B527 
 286      F0
 287              		.text
 288              		.section	.gnu.lto_pca9544a_lld_setchannel.c04736522d7e81ca,"e",%progbits
 289 0000 789C7553 		.ascii	"x\234uS]L\034U\024\276\337\334\331ag\273L[\025l\262"
 289      5D4C1C55 
 289      14BEDFDC 
 289      D96167BB 
 289      4C5B156C 
 290 0015 69B23C10 		.ascii	"i\262<\020\212IY\214\325\004}\021\255o\325\030\037|"
 290      8A49598C 
 290      D5047D11 
 290      AD6FD518 
 290      1F7C
 291 0027 D46C61B0 		.ascii	"\324la\260\333\254-Y\240\211O\275\273`\250\012H\015"
 291      DBAC2D59 
 291      A0894FBD 
 291      BB60A80A 
ARM GAS  /tmp/ccxuqGrs.s 			page 23


 291      480D
 292 0039 95A5C93A 		.ascii	"\225\245\311:U\262n\321\266\320F\333(\255\035\213(\320"
 292      55B26ED1 
 292      B6D046DB 
 292      28AD1D8B 
 292      28D0
 293 004b 3FE89FB2 		.ascii	"?\350\237\262\301\325\266P\025\253mZ1\215\211\340\271"
 293      C1D5B650 
 293      15AB6D5A 
 293      318D89E0 
 293      B9
 294 005c 338BFD31 		.ascii	"3\213\3751Nvo\356=\347|\337\371\371\356\3652\260A\225"
 294      4E766FEE 
 294      3DE77CDF 
 294      F9F9EEF5 
 294      32B04195 
 295 0070 B10463EC 		.ascii	"\261\004c\354\011\372\303\303\240\010!\236,\210{\025"
 295      09FAC3C3 
 295      A008219E 
 295      2C887B15 
 296 0080 85774DBD 		.ascii	"\205wM\275\367\220*|\352\325\336\213E\252\360s\250y"
 296      F7902A7C 
 296      EAD5DE8B 
 296      45AAF073 
 296      A879
 297 0092 9F0A383B 		.ascii	"\237\0128;\341\005\333\252p\025[\3616\357\346\030\334"
 297      E105DBAA 
 297      70155BF1 
 297      36EFE618 
 297      DC
 298 00a3 D37FDD28 		.ascii	"\323\177\335(\317\220O\330\335\007}\037\015\214\013"
 298      CF904FD8 
 298      DD077D1F 
 298      0D8C0B
 299 00b2 6E71C67A 		.ascii	"nq\306z8\303#\001T\006\230\374\3609\312)8\227H\335\362"
 299      38C32301 
 299      540698FC 
 299      F039CA29 
 299      389748DD 
 300 00c7 77901F50 		.ascii	"w\220\037P\351\3305\366\311\250O\036\025\004\351\370"
 300      E9D835F6 
 300      C9A84F1E 
 300      1504E9F8 
 301 00d7 59EEE69C 		.ascii	"Y\356\346\234\227?\003F\373\221[\327*\312\322\2423!"
 301      973F0346 
 301      FB915BD7 
 301      2ACAD2A2 
 301      3321
 302 00e9 EC3F56EC 		.ascii	"\354?V\354\024\266jq\216#\340\222\3660\002\030\004\021"
 302      14B66A71 
 302      8E23E092 
 302      F6300218 
 302      0411
 303 00fb 938DA8BF 		.ascii	"\223\215\250\277@\031\001\366L\015\3454\376\234\003"
 303      401901F6 
 303      4C0DE534 
 303      FE9C03
ARM GAS  /tmp/ccxuqGrs.s 			page 24


 304 010a 9E983ED5 		.ascii	"\236\230>\325\256\347\321\347V&\205\015\213\012>\352"
 304      AEE7D1E7 
 304      5626850D 
 304      8B0A3EEA 
 305 011a A2F34591 		.ascii	"\242\363E\221\205\260\266\203\235\352\350\2321\370\213"
 305      85B0B683 
 305      9DEAE89A 
 305      31F88B
 306 0129 0E76DBCD 		.ascii	"\016v\333\315\361\270\221\307N\257r3{\360\345\1772{"
 306      F1B891C7 
 306      4EAF7233 
 306      7BF0E57F 
 306      327B
 307 013b 087D0C65 		.ascii	"\010}\014eLb2-\203\223:\177\311\301o\177\375dV+\355"
 307      4C62322D 
 307      83933A7F 
 307      C9C16F7F 
 307      FD64562B 
 308 0150 1536E1E7 		.ascii	"\0256\341\347\373\212\343\315\")\210B\303\320]\351\345"
 308      FB8AE3CD 
 308      22298842 
 308      C3D05DE9 
 308      E5
 309 0161 47D197F6 		.ascii	"G\321\227\366\317\357(\324T|\205R919\251ah$\021\203"
 309      CFEF28D4 
 309      547C8552 
 309      393139A9 
 309      61682411 
 310 0176 B4F59FF1 		.ascii	"\264\365\237\361\330b~\241U\330W\312\337O\027-\003%"
 310      D8627EA1 
 310      55D857CA 
 310      DF4F172D 
 310      0325
 311 0188 2E5068F1 		.ascii	".Ph\361rZtU.\036Z4\015r\014:dC>i\360CVg0)\005{\2133"
 311      725A7455 
 311      2E1E5A34 
 311      0D720C3A 
 311      64433E69 
 312 01a6 A98F0A61 		.ascii	"\251\217\012a3\326\306\025\367\020\247\303,\232\307"
 312      33D6C615 
 312      F710A7C3 
 312      2C9AC7
 313 01b5 5BBF3FEB 		.ascii	"[\277?\353\227YS\034)\256QQ\035\315\327r^)\013\007\303"
 313      9759531C 
 313      29AE5151 
 313      1DCDD772 
 313      5E290B07 
 314 01ca D7D4EE55 		.ascii	"\327\324\356U\264\006\235\272\310\231\332}bAoA\"\356"
 314      B4069DBA 
 314      C899DA7D 
 314      62416F41 
 314      22EE
 315 01dc B5B8AF87 		.ascii	"\265\270\257\207\313J\277A\013\030\241\311;<{\371\210"
 315      CB4ABF41 
 315      0B18A1C9 
 315      3B3C7BF9 
 315      88
ARM GAS  /tmp/ccxuqGrs.s 			page 25


 316 01ed 52625A22 		.ascii	"RbZ\"\031\264\370\022\031\277\343\207\271L\241\214O"
 316      19B4F812 
 316      19BFE387 
 316      B94CA18C 
 316      4F
 317 01fe 0A41363F 		.ascii	"\012A6?FP\342\3668J0\012\330\377\353\336\243\276\022"
 317      4650E2F6 
 317      384A300A 
 317      D8FFEBDE 
 317      A3BE12
 318 0211 C585144A 		.ascii	"\305\205\024J\310\336O\177\034\320oC\014\214-B\216\273"
 318      C8DE4F7F 
 318      1CD06F43 
 318      0C8C2D42 
 318      8EBB
 319 0223 9037A727 		.ascii	"\2207\247'\306\226\312\002\227\242\0358\201\200\305"
 319      C696CA02 
 319      97A21D38 
 319      8180C5
 320 0232 97B119B4 		.ascii	"\227\261\031\264\374<4\337\367\230\333\212Na\177\217"
 320      FC3C34DF 
 320      F798DB8A 
 320      4E617F8F 
 321 0242 7C9C75AE 		.ascii	"|\234u\256\227\212\005\340$\334\261\267q\236\27687\241"
 321      978A05E0 
 321      24DCB1B7 
 321      719EBE38 
 321      37A1
 322 0254 C8FE41FD 		.ascii	"\310\376A\375\277\323\012\027\342sQ\037\316l\3576\\"
 322      BFD30A17 
 322      E273511F 
 322      CE6CEF36 
 322      5C
 323 0265 948A530E 		.ascii	"\224\212S\016\250\215\253\377\216L\235E\342]]\"\244"
 323      A88DABFF 
 323      8E4C9D45 
 323      E25D5D22 
 323      A4
 324 0276 4029BA07 		.ascii	"@)\272\007d8\374\313\356a\315eQ\210\302\316\016L\032"
 324      6438FCCB 
 324      EE61CD65 
 324      5188C2CE 
 324      0E4C1A
 325 0289 69F4C609 		.ascii	"i\364\306\011\264\353\222\324k9M\326\031\245\354o\337"
 325      B4EB92D4 
 325      6B394DD6 
 325      19A5EC6F 
 325      DF
 326 029a A1CCE9C2 		.ascii	"\241\314\351\302\312}\242\223\274\033-~\037N#\215\244"
 326      CA7DA293 
 326      BC1B2D7E 
 326      1F4E238D 
 326      A4
 327 02ab ABFE382A 		.ascii	"\253\3768*\035\302\321~\356\362\361{\370\202\377OF\256"
 327      1DC2D17E 
 327      EEF2F17B 
 327      F882FF4F 
ARM GAS  /tmp/ccxuqGrs.s 			page 26


 327      46AE
 328 02bd FB31E170 		.ascii	"\3731\341pAr\235q\270\250\301\276<\227\352\322\035h"
 328      41729D71 
 328      B8A8C1BE 
 328      3C97EAD2 
 328      1D68
 329 02cf BB72C379 		.ascii	"\273r\303y\205:\2563\234u\004\336I\33591\306=\032?\320"
 329      853AAE33 
 329      9C7504DE 
 329      49DD3931 
 329      C63D1A3F 
 330 02e4 C315E23A 		.ascii	"\303\025\342:\347j\254\020\011\005t\266g\373U\031 \033"
 330      E76AAC10 
 330      090574B6 
 330      67FB5519 
 330      201B
 331 02f6 FCC0B078 		.ascii	"\374\300\260x\221\034\206\253\321yW\243\203o\374\326"
 331      911C86AB 
 331      D17957A3 
 331      836FFCD6 
 332 0306 A7CB24C5 		.ascii	"\247\313$\305\000. p\347\275z\220\356\325\267w\233\212"
 332      002E2070 
 332      E7BD7A90 
 332      EED5B777 
 332      9B8A
 333 0318 C9F41D02 		.ascii	"\311\364\035\002)\356\267\370\012\252\372X\016\2133"
 333      29EEB7F8 
 333      0AAAFA58 
 333      0E8B33
 334 0327 A6B09F6E 		.ascii	"\246\260\237n\\\316-\251:$\266\321C\246\024\223\250"
 334      5CCE2DA9 
 334      3A24B6D1 
 334      43A61493 
 334      A8
 335 0338 62BF23B1 		.ascii	"b\277#\261kc\276dj\366OxHA\376Wf\022w\322jD\233E@Q\350"
 335      6B63BE64 
 335      6AF64F78 
 335      4841FE57 
 335      661277D2 
 336 0353 0DE0F61B 		.ascii	"\015\340\366\033`\354\251\212\212\020\375\352\315X\244"
 336      60ECA98A 
 336      8A10FDEA 
 336      CD58A4
 337 0362 7E83197B 		.ascii	"~\203\031{mu4Z\033\252~6\362\302\346\325\353\326\255"
 337      6D75345A 
 337      1BAA7E36 
 337      F2C2E6D5 
 337      EBD6AD
 338 0375 0DD5C622 		.ascii	"\015\325\306\"[\314XC\350\371\247\253\253\036]\263\246"
 338      5BCC5843 
 338      E8F9A7AB 
 338      AB1E5DB3 
 338      A6
 339 0386 3AB4E5E1 		.ascii	":\264\345\341P\230B^^4T\3240o}MX\356\303\0055\033\302"
 339      5098425E 
 339      5E3454D4 
 339      306F7D4D 
ARM GAS  /tmp/ccxuqGrs.s 			page 27


 339      58EEC305 
 340 039d 9B3699D1 		.ascii	"\2336\231\321\202\306\310\253\346\346\246Fm}S]\235\031"
 340      82C6C8AB 
 340      E6E6A646 
 340      6D7D535D 
 340      9D19
 341 03af 5B59DAB0 		.ascii	"[Y\332\260\252\264\251\374\361`\270>\034]\273\376\225"
 341      AAB4A9FC 
 341      F160B83E 
 341      1C5DBBFE 
 341      95
 342 03c0 EA860633 		.ascii	"\352\206\0063\326\030\254\013G\242f-\373\007bn\252\242"
 342      D618AC0B 
 342      47A2662D 
 342      FB07626E 
 342      AAA2
 343              		.text
 344              		.section	.gnu.lto_.symbol_nodes.c04736522d7e81ca,"e",%progbits
 345 0000 789C75CE 		.ascii	"x\234u\316\275\021\3020\014\005\340\247'\307\311\026"
 345      BD11C230 
 345      0C05E0A7 
 345      27C7C916 
 346 0010 5925DCB1 		.ascii	"Y%\334\261\010\223(\005\003\260F \001jjjV\002C\202\334"
 346      08932805 
 346      03B04620 
 346      016A6A6A 
 346      56024382 
 347 0025 D8AADEE9 		.ascii	"\330\252\336\351;\375t\020\034\004\000'\032\306TAN/"
 347      3BFD7410 
 347      1C040027 
 347      1AC65441 
 347      4E2F
 348 0037 C080C7B8 		.ascii	"\300\200\307\270\303W\3003M*t\241\261B3M+\264\320B\231"
 348      C357C033 
 348      4D2A74A1 
 348      B142334D 
 348      2BB4D042 
 349 004c E4466BDE 		.ascii	"\344Fk\336[\365?FzkHr\245\305\262\334imQ\024q=\263\367"
 349      5BF53F46 
 349      7A6B4872 
 349      A5C5B2DC 
 349      696D5114 
 350 0064 741445B3 		.ascii	"t\024E\263\305\250\342.\355\232\236\242\364&\363\020"
 350      C5A8E22E 
 350      ED9A9EA2 
 350      F426F310 
 351 0074 F390BA6B 		.ascii	"\363\220\272kv\315\036\334\303\177i\304\007\251\314"
 351      76CD1EDC 
 351      C37F69C4 
 351      07A9CC
 352 0083 65D7     		.ascii	"e\327"
 353              		.text
 354              		.section	.gnu.lto_.refs.c04736522d7e81ca,"e",%progbits
 355 0000 789CE360 		.ascii	"x\234\343``\004B \000\000\000]\000\013"
 355      60044220 
 355      0000005D 
 355      000B
ARM GAS  /tmp/ccxuqGrs.s 			page 28


 356              		.text
 357              		.section	.gnu.lto_.decls.c04736522d7e81ca,"e",%progbits
 358 0000 789CB559 		.ascii	"x\234\265YyPUW\232\277\347\236\307\333\330\014\332\255"
 358      79505557 
 358      9ABFE79E 
 358      C7DBD80C 
 358      DAAD
 359 0012 894E8FD5 		.ascii	"\211N\217\325C\265Iu\231g\022{\246S\323\177\26413\335"
 359      43B54975 
 359      9967127B 
 359      A653D37F 
 359      B43133DD 
 360 0026 53937477 		.ascii	"S\223tw%\351\251\352\371\347\015\201\247P\303\326\217"
 360      25E9A9EA 
 360      F9E70D81 
 360      A750C3D6 
 360      8F
 361 0037 876DBAAA 		.ascii	"\207m\272\252\247\037\360dQA\004eQP\020\210\354JD\215"
 361      A71FF064 
 361      51410465 
 361      51501088 
 361      EC4A448D 
 362 004b 51647301 		.ascii	"Qds\001\0276\021E\005AYD\224\035\224E\230\357\234s\357"
 362      17361145 
 362      05415944 
 362      941D9445 
 362      98EF9C73 
 363 0060 E35EDE7D 		.ascii	"\343^\336}\244S\251~\372q\317\371\356\367}\347\367}"
 363      A453A97E 
 363      FA71CFF9 
 363      EEF77DE7 
 363      F77D
 364 0072 DFD9AF96 		.ascii	"\337\331\257\226C\334{\377\310q\233T\034\347\2179n\001"
 364      43DC7BFF 
 364      C8719B54 
 364      1CE78F39 
 364      6E01
 365 0084 7E6A8EE3 		.ascii	"~j\216\343\232\201\334\201n\001\265\003u\000\335\000"
 365      9A81DC81 
 365      6E01B503 
 365      7500DD00 
 366 0094 EA067A0A 		.ascii	"\352\006z\0124\0104\002\364\337@\243@\223@3@\263\034"
 366      34083402 
 366      F4DF40A3 
 366      40934033 
 366      40B31C
 367 00a7 FB69815C 		.ascii	"\373i\201\\\021\307\275\006\264\032h=\320\006\240M@"
 367      11C7BD06 
 367      B41A683D 
 367      D006A04D 
 367      40
 368 00b8 BF00FA15 		.ascii	"\277\000\372\025\342\034~\253y\216\373!<u\360\316\013"
 368      E21C7EAB 
 368      798EFB21 
 368      3C75F0CE 
 368      0B
 369 00c9 9EAB96B4 		.ascii	"\236\253\226\264\377\317\300\317\007\372\011\224\013"
ARM GAS  /tmp/ccxuqGrs.s 			page 29


 369      FFCFC0CF 
 369      07FA0994 
 369      0B
 370 00d6 901C4721 		.ascii	"\220\034G!bX\376\0251\354E\360,\006*A\014\263\001\236"
 370      6258FE15 
 370      31EC45F0 
 370      2C062A41 
 370      0CB3019E 
 371 00ea 609E6B00 		.ascii	"`\236k\000j\004\302\002\276_\010\230\226\376\376\011"
 371      6A04C202 
 371      BE5F0898 
 371      96FEFE09 
 372 00fa 84D72860 		.ascii	"\204\327(`\031\375\036XJ\201>\020\360\020\237\376]\001"
 372      19FD1E58 
 372      4A813E10 
 372      F0109FFE 
 372      5D01
 373 010c D36BCBC4 		.ascii	"\323k\313\304\307\000\302o(`\232\0240\335Y\202k\335"
 373      C700C26F 
 373      28609A14 
 373      30DD5982 
 373      6BDD
 374 011e 778CD35D 		.ascii	"w\214\323]n1V\343\234#\266\325\313\304k\213\023l3\177"
 374      6E3156E3 
 374      9C23B6D5 
 374      CBC46B8B 
 374      136C337F 
 375 0132 076C2F15 		.ascii	"\007l/\025\260\255_\006\333oA\370u\005l\263N\260}\227"
 375      B0AD5F06 
 375      DB6F41F8 
 375      75056CB3 
 375      4EB07D97 
 376 0146 7C8AB89C 		.ascii	"|\212\270\234\345s\3032\371L\305\25032\363\245[\002"
 376      E573C332 
 376      F94CC5A8 
 376      3332F3A5 
 376      5B02
 377 0158 465E7AA4 		.ascii	"F^z\244\202\352\201k\345\365z\250\256\322\243\365P\215"
 377      82EA816B 
 377      E5F57AA8 
 377      AED2A3F5 
 377      508D
 378 016a BE9C78DE 		.ascii	"\276\234x\336\235\275\345\241\232}\273)\022\261\267"
 378      9DBDE5A1 
 378      9A7DBB29 
 378      12B1B7
 379 0179 2BA05AF4 		.ascii	"+\240Z\364\354\253z\214yD\354\014\316\315\307\352\260"
 379      ECAB7A8C 
 379      7944EC0C 
 379      CECDC7EA 
 379      B0
 380 018a 86965B9A 		.ascii	"\206\226[\232G\272]\014%V\366\323\246c\016U\"\274\330"
 380      47BA5D0C 
 380      2556F6D3 
 380      A6630E55 
 380      22BCD8
 381 019d E67C446C 		.ascii	"\346|Dl\215\033\376\204\312&\017'\037\325\254\334/\310"
ARM GAS  /tmp/ccxuqGrs.s 			page 30


 381      8D1BFE84 
 381      CA260F27 
 381      1FD5ACDC 
 381      2FC8
 382 01af 5A114589 		.ascii	"Z\021E\211\252\021F5h%\252B\006Ag.\275\177\017\217}"
 382      AA114635 
 382      6825AA42 
 382      0641672E 
 382      BD7F0F8F 
 383 01c4 A8CEC185 		.ascii	"\250\316\301\205\372_;\250\324:\250$5\264\367\351\334"
 383      FA5F3BA8 
 383      D43AA824 
 383      35B4F7E9 
 383      DC
 384 01d5 765BAD91 		.ascii	"v[\255\221\326\254(\253\356\327\350\022\274>\217\326"
 384      D6AC28AB 
 384      EED7E812 
 384      BC3E8FD6 
 385 01e5 A26FD05A 		.ascii	"\242o\320ZP\270\214\334\230\\\345BJ\245\2129\251%\326"
 385      50B88CDC 
 385      985CE542 
 385      4AA58A39 
 385      A925D6
 386 01f8 0BABE7DC 		.ascii	"\013\253\347\334\230\223U\344\365\201S%\273t\370\217"
 386      989355E4 
 386      F5815325 
 386      BB74F88F 
 387 0208 B4E59CD3 		.ascii	"\264\345\234\323%\371\236\360\356'z\264\260\200\201"
 387      25F99EF0 
 387      EE277AB4 
 387      B08081
 388 0217 7175F879 		.ascii	"qu\370y+b\014\362\2765j\367C\017\274\203\226{\272\233"
 388      2B620CF2 
 388      BE356AF7 
 388      430FBC83 
 388      967BBA9B 
 389 022b 5FEAF5B1 		.ascii	"_\352\365\261\244\371\304(\253\313\233\034\252\200\266"
 389      A4F9C428 
 389      ABCB9B1C 
 389      AA80B6
 390 023a 2F40DBE8 		.ascii	"/@\333\350:\242\032\000\025]\003^=\360R1\356M*\036\320"
 390      3AA21A00 
 390      155D035E 
 390      3DF05231 
 390      EE4D2A1E 
 391 024f A195DEDE 		.ascii	"\241\225\336\336\324\265D\342\232\212CWA\340\012\005"
 391      D4B544E2 
 391      9A8A4357 
 391      41E00A05 
 392 025f 7C937987 		.ascii	"|\223y\207\032\2207jD\336\304\313c\304zU\177\376\346"
 392      1A90376A 
 392      44DEC4CB 
 392      63C47A55 
 392      7FFEE6
 393 0272 AB97A3AD 		.ascii	"\253\227\243\255\211\325\2108\205.\202\365\2332W\015"
 393      89D58838 
 393      852E82F5 
ARM GAS  /tmp/ccxuqGrs.s 			page 31


 393      9B32570D 
 394 0282 E4CF3B6B 		.ascii	"\344\317;kE\371\251T\227tkU\244\032\335@zT'H\213\340"
 394      45F9A954 
 394      97746B55 
 394      A41ADD40 
 394      7A542748 
 395 0298 04E9F3A4 		.ascii	"\004\351\363\244\010^T<-\235p\307W\021u\251\264\340"
 395      085E543C 
 395      2D9D70C7 
 395      571175A9 
 395      B4E0
 396 02aa E443D795 		.ascii	"\344C\327\225\002<\233\014\036j\022\354,A\010Z\365W"
 396      023C9B0C 
 396      1E6A12EC 
 396      2C41085A 
 396      F557
 397 02bc 9F9D7691 		.ascii	"\237\235v\221\346\241Y\006\256E\314C\353l[\254\273("
 397      E6A15906 
 397      AE45CC43 
 397      EB6C5BAC 
 397      BB28
 398 02ce 67732287 		.ascii	"gs\"\207n!7\220\255\352\212\237\306\020\367u\220\010"
 398      6E213790 
 398      ADEA8A9F 
 398      C610F775 
 398      9008
 399 02e0 24C9C33A 		.ascii	"$\311\303:\226\207\202\243\371\227\334q\033C=\330Xu"
 399      968782A3 
 399      F997DC71 
 399      1B433DD8 
 399      5875
 400 02f2 CA9525C2 		.ascii	"\312\225%\302\232c\305k8\364\336Z\264\011 \267!\252"
 400      9A63C56B 
 400      38F4DE5A 
 400      B40920B7 
 400      21AA
 401 0304 4010DF86 		.ascii	"@\020\337\206fZi\032\320\374\351C\371*)\334;\020\245"
 401      665A691A 
 401      D0FCE943 
 401      F92A29DC 
 401      3B10A5
 402 0317 45187745 		.ascii	"E\030wE\270\017\236EN\313\340*\311\241v\012\367B\364"
 402      B80F9E45 
 402      4ECBE02A 
 402      C9A1760A 
 402      F742F4
 403 032a AB8B1A80 		.ascii	"\253\213\032\200\267\201\364\233\205\005O\011\342\015"
 403      B781F49B 
 403      85054F09 
 403      E20D
 404 0338 0CF1C8C9 		.ascii	"\014\361\310\311\370#z\334\311\020?\237\332\233\243"
 404      F8237ADC 
 404      C9103F9F 
 404      DA9BA3
 405 0347 6288A969 		.ascii	"b\210\251i\316n\027=@T\205`\276\017\274{\204\327\201"
 405      CE6E173D 
 405      40548560 
ARM GAS  /tmp/ccxuqGrs.s 			page 32


 405      BE0FBC7B 
 405      84D781
 406 035a F49236FE 		.ascii	"\364\2226\376\340\330\306\037X\033\271\323\303g\335"
 406      E0D8C61F 
 406      581BB9D3 
 406      C367DD
 407 0369 F0006B23 		.ascii	"\360\000k#\261jz\314C\271\215.DUH\033\017\201\327Ix"
 407      B16A7ACC 
 407      43B98D2E 
 407      4455481B 
 407      0F81D749 
 408 037e DDB48DFE 		.ascii	"\335\264\215\376\350\033\363\0326T\326\221\311\343l"
 408      E81BF31A 
 408      3654D691 
 408      C9E36C
 409 038d FF517762 		.ascii	"\377Qwb\303*\204\312K\032\201\307HO:\023z\304\342\232"
 409      C32A84CA 
 409      4B1A81C7 
 409      484F3A13 
 409      7AC4E29A 
 410 03a1 185FF690 		.ascii	"\030_\366\220g\272\377\000\325\274\356\213Q:6\314\236"
 410      67BAFF00 
 410      D5BCEE8B 
 410      513A36CC 
 410      9E
 411 03b2 900CDE7E 		.ascii	"\220\014\336~Y1\343\206G(8\034\261{\246\035#\375Z\004"
 411      5931E386 
 411      4728381C 
 411      B17BA61D 
 411      23FD5A04 
 412 03c6 C69042E6 		.ascii	"\306\220B\346\372\000a?1\377\004\004\006\300~\272UK"
 412      FA00613F 
 412      31FF0404 
 412      06C07EBA 
 412      554B
 413 03d8 19E95690 		.ascii	"\031\351V\220\036\371+-\203\321\204+\307#\264^\211\302"
 413      1EF92B2D 
 413      83D1842B 
 413      C723B45E 
 413      89C2
 414 03ea 78FA2522 		.ascii	"x\372%\"|\324\013:=\024\341S\344\305`\2622(<\355\264"
 414      7CD40B3A 
 414      3D14E153 
 414      E4C560B2 
 414      32283CED 
 415 03ff 956169F2 		.ascii	"\225ai\362\201-qi\220%u\220&\265l\250'O\307\034\252"
 415      812D7169 
 415      90257590 
 415      26B56CA8 
 415      274FC71C 
 416 0414 268DF5B5 		.ascii	"&\215\365\265\217\236\3249\215\306s!\032\317X4rl\325"
 416      8F9ED439 
 416      8DC67321 
 416      1ACF5834 
 416      726CD5
 417 0427 C9C2BC5B 		.ascii	"\311\302\274[C\352Q\365MW\324,\034\211d\"\216\230:["
 417      43EA51F5 
ARM GAS  /tmp/ccxuqGrs.s 			page 33


 417      4D57D42C 
 417      1C896422 
 417      8E983A5B 
 418 043b AA5B8A7C 		.ascii	"\252[\212|\030\254\015Qk#\004\371s\206|\204\"/\310\255"
 418      18AC0D51 
 418      6B2304F9 
 418      73867C84 
 418      222FC8AD 
 419 044f BD61EFE5 		.ascii	"\275a\357\345\266\345{9\032\245\331,\275\336\362\245"
 419      B6E57B39 
 419      1AA5D92C 
 419      BDDEF2A5 
 420 045f 164FB2FE 		.ascii	"\026O\262\376\0205\0303\313+\215\2221\305Qr\263\347"
 420      10351833 
 420      CB2B8D92 
 420      31C55172 
 420      B3E7
 421 0471 558A461A 		.ascii	"U\212F\032\250qY\357\237\020G\311\304\371\275\227\365"
 421      A87159EF 
 421      9F1047C9 
 421      C4F9BD97 
 421      F5
 422 0482 D251A224 		.ascii	"\322Q\242$\207&i@\007\252n\017j\265\321\024B\255\004"
 422      87266940 
 422      07AA6E0F 
 422      6AB5D114 
 422      42AD04
 423 0495 0287A690 		.ascii	"\002\207\246\220\226N\354R\004g\253\352\"1N`\313O\332"
 423      964EEC52 
 423      0467ABEA 
 423      22314E60 
 423      CB4FDA
 424 04a8 E3BC2B48 		.ascii	"\343\274+HA\025\275\000\364J\332\247l\307k\325R\374"
 424      4115BD00 
 424      F44ADAA7 
 424      6CC76BD5 
 424      52FC
 425 04ba 2F416811 		.ascii	"/Ah\021\327\264\210\377n\311\036\033\222\342W\222C3"
 425      D7B488FF 
 425      6EC91E1B 
 425      92E25792 
 425      4333
 426 04cc 14FFF58A 		.ascii	"\024\377\365\212\003q\236\"\010\333\267\201@\263t\271"
 426      03719E22 
 426      08DBB781 
 426      40B374B9 
 427 04dc C9EEE8AA 		.ascii	"\311\356\350\252\324u\303@#\0137B\327`\217@\376\221"
 427      D475C340 
 427      230B3742 
 427      D7608F40 
 427      FE91
 428 04ee 3F6C6123 		.ascii	"?la#OD\312\204\026\304\037\"?A\216=\210\000\343\261"
 428      4F44CA84 
 428      16C41F22 
 428      3F418E3D 
 428      8800E3B1 
 429 0502 87F887F1 		.ascii	"\207\370\207\361x\301\012/,\303\210\3510\353\264*1\315"
ARM GAS  /tmp/ccxuqGrs.s 			page 34


 429      78C10A2F 
 429      2CC388E9 
 429      30EBB42A 
 429      31CD
 430 0514 DE23E1BD 		.ascii	"\336#\341\275h\204)0T\213\212\002\213\027\232\223j "
 430      68842930 
 430      548B8A02 
 430      8B179A93 
 430      6A20
 431 0526 07C48B06 		.ascii	"\007\304\213\0069\273Q\361\207\354\373\203\205\326\232"
 431      39BB51F1 
 431      87ECFB83 
 431      85D69A
 432 0535 3ADD23D4 		.ascii	":\335#\324\025\001\235\277)\275`\003\207<\022\327s4"
 432      15019DBF 
 432      29BD6003 
 432      873C12D7 
 432      7334
 433 0547 CF63ED83 		.ascii	"\317c\355\2035Z\\\301\222>\337w\243\031\211S\230\365"
 433      355A5CC1 
 433      923EDF77 
 433      A3198953 
 433      98F5
 434 0559 DBA64950 		.ascii	"\333\246IPxQ\230\334\354\246\202\020\300\242\241G\341"
 434      785198DC 
 434      ECA68210 
 434      C0A2A147 
 434      E1
 435 056a 2ADA585D 		.ascii	"*\332X]k\237;\345\301\214\215\254<e\336\337U\226\200"
 435      6B9F3BE5 
 435      C18C8DAC 
 435      3C65DEDF 
 435      559680
 436 057d 966E3138 		.ascii	"\226n18\024\311K\367\027\225\025\365\035\236\242\220"
 436      14C94BF7 
 436      179515F5 
 436      1D9EA290 
 437 058d 4DDC8790 		.ascii	"M\334\207\220uP.\327\035\237\260Q\332\323\242x\351\262"
 437      75502ED7 
 437      1D9FB051 
 437      DAD3A278 
 437      E9B2
 438 059f 66E3859E 		.ascii	"f\343\205\2366}>iPM\201\000\013E0 \027\242'\257\223"
 438      367D3E69 
 438      504D8100 
 438      0B453020 
 438      17A227AF 
 439 05b4 6962354C 		.ascii	"ib5L\352\244\336\266'\371\272\206\325\255\177\205zz"
 439      EAA4DEB6 
 439      27F9BA86 
 439      D5AD7F85 
 439      7A7A
 440 05c6 4EDF7FE2 		.ascii	"N\337\177\342F\026\216\207\307w}\203\330\374#\037\301"
 440      46168E87 
 440      C7777D83 
 440      D8FC231F 
 440      C1
ARM GAS  /tmp/ccxuqGrs.s 			page 35


 441 05d7 B13C5520 		.ascii	"\261<U \301\210\341\327\242h\236\006\343F]j\246~\365"
 441      C188E1D7 
 441      A2689E06 
 441      E3465D6A 
 441      A67EF5
 442 05ea 413AC344 		.ascii	"A:\303DYW\360(\216\327Kv\001\273\371\325\034\332\005"
 442      5957F028 
 442      8ED74B76 
 442      01BBF9D5 
 442      1CDA05
 443 05fd 2828B88C 		.ascii	"((\270\214\233'\336\372q\226\265\253\313Zu\371\301\233"
 443      9B27DEFA 
 443      7196B5AB 
 443      CB5A75F9 
 443      C19B
 444 060f C7A2ACF9 		.ascii	"\307\242\254\371\240\266\236\010\241ypXp\226\2249\364"
 444      A0B69E08 
 444      A1797058 
 444      70969439 
 444      F4
 445 0620 0A667C34 		.ascii	"\012f|4\007+\0060\366\360?\006\355\230\221\321H-\316"
 445      072B0630 
 445      F6F03F06 
 445      ED9891D1 
 445      482DCE
 446 0633 C1C85912 		.ascii	"\301\310Y\022FG\016X])\217,\242\361\314\367\332\210"
 446      46470E58 
 446      5D298F2C 
 446      A2F1CCF7 
 446      DA88
 447 0645 A6F2C580 		.ascii	"\246\362\305\200$0\346\\Y~\212\213s\324\211\004\365"
 447      2430E65C 
 447      597E8A8B 
 447      73D48904 
 447      F5
 448 0656 3E11F542 		.ascii	">\021\365B\273mZ#\300\236y\375\020\354y@\215'Bh/\277"
 448      BB6D5A23 
 448      C09E79FD 
 448      10EC7940 
 448      8D274268 
 449 066c 881ACA72 		.ascii	"\210\032\312r\324\373)\352\312\356\356\233*|\3069\352"
 449      D4FB29EA 
 449      CAEEEE9B 
 449      2A7CC639 
 449      EA
 450 067d E6EC8839 		.ascii	"\346\354\2109\326u`\032C\311\014`^bC;\266\243>\300\230"
 450      D675601A 
 450      43C90C60 
 450      5E62433B 
 450      B6A33EC0 
 451 0692 5171F155 		.ascii	"Qq\361U\274s\324)\004\365A\021u{\361d\023/\242^kG\015"
 451      BC73D429 
 451      04F54111 
 451      757BF164 
 451      132FA25E 
 452 06a9 42284982 		.ascii	"B(I\202:i)\352T\212\372\304hv\247\01279G\3550\313Rk"
 452      3A6929EA 
ARM GAS  /tmp/ccxuqGrs.s 			page 36


 452      548AFAC4 
 452      6876A70A 
 452      373947ED 
 453 06c1 8778C739 		.ascii	"\207x\3079\322aR%\202d.S\022v\230P\017\363\322\2112"
 453      D2615225 
 453      82642E53 
 453      12769850 
 453      0FF3D289 
 454 06d6 43ECE651 		.ascii	"C\354\346Q\315\375\023\210B\002\026Jg\361i+\230\265"
 454      CDFD1388 
 454      4202164A 
 454      67F1692B 
 454      98B5
 455 06e8 B9DA8396 		.ascii	"\271\332\203\226\311\230\205Ie\205\256\316\203v\224"
 455      C9988549 
 455      6585AECE 
 455      837694
 456 06f7 04ED8818 		.ascii	"\004\355\210\030\264\336\330\213\265H\010\332\275\037"
 456      B4DED88B 
 456      B54808DA 
 456      BD1F
 457 0705 D9830642 		.ascii	"\331\203\006B(M\022\264\264\245A\313\242A\313\311\356"
 457      284D12B4 
 457      B4A541CB 
 457      A241CBC9 
 457      EE
 458 0716 AD70C5C3 		.ascii	"\255p\305\303\316\203\366\235\327\227\212\366\303V\346"
 458      CE83F69D 
 458      D7978AF6 
 458      C356E6
 459 0725 660EC4E1 		.ascii	"f\016\304\341\030\363(5c\246\306\323\356f\256\340\373"
 459      18F32835 
 459      63A6C6D3 
 459      EE66AEE0 
 459      FB
 460 0736 B98E0177 		.ascii	"\271\216\001w\347n~I\334\314\023\335|p-/T\364\362-\273"
 460      E76E7E49 
 460      DCCC13DD 
 460      7C702D2F 
 460      54F4F22D 
 461 074b 972083B2 		.ascii	"\227 \203\262%^f/\365\3628\365\262|j\270\\\205cTN\275"
 461      255E662F 
 461      F5F238F5 
 461      B27C6AB8 
 461      5C856354 
 462 0761 BC3D9C1A 		.ascii	"\274=\234\032\303+O\250\012{BP\260\235\236\272\301S"
 462      C32B4FA8 
 462      0A7B4250 
 462      B09D9EBA 
 462      C153
 463 0773 238500BA 		.ascii	"#\205\000\272\2009t=\265\253Pm\237Q\213\030\363eG\374"
 463      8039743D 
 463      B5AB506D 
 463      9F518B18 
 463      F36547FC 
 464 0787 613656C8 		.ascii	"a6V\310\241\243\2301gr\363.0urn)a\314\221\274;\245:"
 464      A1A39831 
ARM GAS  /tmp/ccxuqGrs.s 			page 37


 464      6772F32E 
 464      3075726E 
 464      2961CC91 
 465 079f E7F13841 		.ascii	"\347\3618A\342Q*\306c\364r\306\230;\011\210\025\216"
 465      E2512AC6 
 465      63F472C6 
 465      983B0988 
 465      158E
 466 07b1 417B70C6 		.ascii	"A{p\306\271\223\315\021\211\253\250\024\312\227D\004"
 466      B993CD11 
 466      89ABA814 
 466      CA974404 
 467 07c1 CAAC9F9F 		.ascii	"\312\254\237\237\244\221\210{\221\327\252\307WX$"
 467      A491887B 
 467      91D7AAC7 
 467      575824
 468 07d0 627B262B 		.ascii	"b{&+\024wN\016\273L\020\356\032\252I\224m\020\277\342"
 468      14774E0E 
 468      BB4C10EE 
 468      1AAA4994 
 468      6D10BFE2 
 469 07e4 A5FB9953 		.ascii	"\245\373\231Sb7\277v&\371\002\363\227\262\310\216\351"
 469      6237BF76 
 469      26F902F3 
 469      97B2C88E 
 469      E9
 470 07f5 F2AD340D 		.ascii	"\362\2554\015\276C\333\304\325\271wN\351\220\216mpc"
 470      BE43DBC4 
 470      D5B9774E 
 470      E9908E6D 
 470      7063
 471 0807 68D35189 		.ascii	"h\323Q\211+\220\275\351\323\200\375\014\257\343\320"
 471      2B90BDE9 
 471      D380FD0C 
 471      AFE3D0
 472 0816 5998B0BF 		.ascii	"Y\230\260\277\346\331\006\2270\350\006w\005-\202\315"
 472      E6D90697 
 472      30E80677 
 472      052D82CD 
 473 0826 F16B7D56 		.ascii	"\361k}V\017\335\337\242\017\302G\372/OxPH\347x\035*"
 473      0FDDDFA2 
 473      0FC247FA 
 473      2F4F7850 
 473      48E7781D 
 474 083b 67D1AE68 		.ascii	"g\321\256h\274(\037d\376?\224\004\373<\011\3667b\260"
 474      BC281F64 
 474      FE3F9404 
 474      FB3C09F6 
 474      3762B0
 475 084e AF771EBA 		.ascii	"\257w\036\272\217\204`\317\027\256\310\216\312z\223"
 475      8F8460CF 
 475      17AEC88E 
 475      CA7A93
 476 085d 48A03249 		.ascii	"H\2402I\240\313\304@_\240\201n\275\330^\214q\207\363"
 476      A0CBC440 
 476      5FA0816E 
 476      BDD85E8C 
ARM GAS  /tmp/ccxuqGrs.s 			page 38


 476      7187F3
 477 0870 2E27EF41 		.ascii	".'\357A\027\225zP\2450\035\2146\034T\333%\253\030\263"
 477      17957A50 
 477      A5301D8C 
 477      361C54DB 
 477      25AB18B3 
 478 0884 EFC5B959 		.ascii	"\357\305\271Y^\232\216Q\331\366\262FL\307|\303\360("
 478      5E9A8E51 
 478      D9F6B246 
 478      4CC77CC3 
 478      F028
 479 0896 530616AA 		.ascii	"S\006\026\252f\312\266\203}O<\354}\262\2261S\306{2\264"
 479      66CAB683 
 479      7D4F3CEC 
 479      7DB29631 
 479      53C67B32 
 480 08ab F63E7949 		.ascii	"\366>yI\000\324\274\273k\2311z\205\204\351\262\030\246"
 480      00D4BCBB 
 480      6B99317A 
 480      8584E9B2 
 480      18A6
 481 08bd F2D6A941 		.ascii	"\362\326\251A\235\020\246\316J\\\\n\265\271\020\021"
 481      9D10A6CE 
 481      4A5C5C6E 
 481      B5B91011 
 482 08cd 54218953 		.ascii	"T!\211S\205\030\247\2534N\265g\357\017\010\207\243M"
 482      8518A7AB 
 482      344EB567 
 482      EF0F0887 
 482      A34D
 483 08df A98BD730 		.ascii	"\251\213\3270^\354\032F\274w\361b\367.%\013\375\207"
 483      5EEC1A46 
 483      BC77F162 
 483      F72E250B 
 483      FD87
 484 08f1 3DD959C1 		.ascii	"=\331Y\301J\216N\227n\336;\353\201\307Y\220\363w\215"
 484      4A8E4E97 
 484      6EDE3BEB 
 484      81C75990 
 484      F3778D
 485 0904 24A9F12C 		.ascii	"$\251\361,\253\344d\217M\352q\204\013\255T6\355\333"
 485      ABE4648F 
 485      4DEA7184 
 485      0BAD5436 
 485      EDDB
 486 0916 A5C571B4 		.ascii	"\245\305q\264\342\322\221}i\326\023y\303o%\273\024X"
 486      E2D2917D 
 486      69D61379 
 486      C36F25BB 
 486      1458
 487 0928 28C0F165 		.ascii	"(\300\361e\371-\021\326\334M4F7\001l\253l\247\302n!"
 487      F92D11D6 
 487      DC4D3446 
 487      37016CAB 
 487      6CA7C26E 
 488 093d 16AF111A 		.ascii	"\026\257\021\032\342p}\271\325\032\347F\023r\303\211"
 488      E2707DB9 
ARM GAS  /tmp/ccxuqGrs.s 			page 39


 488      D51AE746 
 488      1372C389 
 489 094d 3CBD4860 		.ascii	"<\275H`\012C\013\253r\243\254u\377C\263\332\350 \277"
 489      0A430BAB 
 489      72A3AC75 
 489      FF43B3DA 
 489      E820BF
 490 0960 E496A221 		.ascii	"\344\226\242!Vj\276AY\234Z\227\335\227\\\207\016\177"
 490      566ABE41 
 490      599C5A97 
 490      DD975C87 
 490      0E7F
 491 0972 8D27EF5A 		.ascii	"\215'\357Z\331.\014\265\360\336\350\026P\023P3/\336"
 491      D92E0CB5 
 491      F0DEE816 
 491      50135033 
 491      2FDE
 492 0984 4A7C1D75 		.ascii	"J|\035u?\003\341&\026\032'\373\2756\331>\256\267h \323"
 492      3F03E126 
 492      161A27FB 
 492      BD36D93E 
 492      AEB76820 
 493 0999 15B7318D 		.ascii	"\025\2671\215\214/\347~\343\260\367\273\003 \345:#\273"
 493      8C2FE77E 
 493      E3B0F7BB 
 493      0320E53A 
 493      23BB
 494 09ab 6F3C941D 		.ascii	"o<\224\035\223\356\312|h\027\373\347\261\202\270L-\036"
 494      93EECA7C 
 494      6817FBE7 
 494      B182B84C 
 494      2D1E
 495 09bd 60B6A3C7 		.ascii	"`\266\243\307\352\023tx\230U\012r\367\037S\343iV9\324"
 495      EA137478 
 495      98550A72 
 495      F71F53E3 
 495      695639D4 
 496 09d1 5594EDE6 		.ascii	"U\224\355\346d\307\313+\355x\017\227\025\365\271\341"
 496      64C7CB2B 
 496      ED780F97 
 496      15F5B9E1 
 497 09e1 4835CDF9 		.ascii	"H5\315\371\360\363\254I\017\222\363\225\336,\304}\363"
 497      F0F3AC49 
 497      0F92F395 
 497      DE2CC47D 
 497      F3
 498 09f2 42420007 		.ascii	"BB\000\007\272\015\006\036-\237\300\232\377\203%\307"
 498      BA0D061E 
 498      2D9FC09A 
 498      FF8325C7 
 499 0a02 A6A6E2F7 		.ascii	"\246\246\342\367\234\210/&\260\357\225\027\263\336\001"
 499      9C882F26 
 499      B0EF9517 
 499      B3DE01
 500 0a11 F9BBEF20 		.ascii	"\371\273\357 \376\255\371{$\344\3571\344\255\033\250"
 500      FEADF97B 
 500      24E4EF31 
ARM GAS  /tmp/ccxuqGrs.s 			page 40


 500      E4AD1BA8 
 501 0a21 0BE8212F 		.ascii	"\013\350!/\271\367\252\371\013\203C\354w*\333\177\207"
 501      B9F7AAF9 
 501      0B8343EC 
 501      772ADB7F 
 501      87
 502 0a32 DE62E15B 		.ascii	"\336b\341[Of\213\335\221\367*\3427\214\312\241y}\004"
 502      4F668BDD 
 502      91F72AE2 
 502      378CCAA1 
 502      797D04
 503 0a45 D5040D0E 		.ascii	"\325\004\015\016\365\362\253$\255\332\325\222\224Q\021"
 503      F5F2AB24 
 503      ADDAD592 
 503      945111
 504 0a54 6982AA07 		.ascii	"i\202\252\007\320\364\331\321\200\321\2268\314\214\266"
 504      D0F4D9D1 
 504      80D19638 
 504      CC8CB6
 505 0a63 2E63944C 		.ascii	".c\224LE%\351/\324x\257\232\335M\355/\331\253Q\276$"
 505      4525E92F 
 505      D478AF9A 
 505      DD4DED2F 
 505      D9AB51BE 
 506 0a78 ECE7152E 		.ascii	"\354\347\025.\011Q\311\231\275\207\205\033\2305\344"
 506      0951C999 
 506      BD87851B 
 506      9835E4
 507 0a87 4AE7D53E 		.ascii	"J\347\325>w\234\"\330\352+j\343q&\253\330b\322\353y"
 507      779C22D8 
 507      EA2B6AE3 
 507      7126ABD8 
 507      62D2EB79 
 508 0a9b 874BD241 		.ascii	"\207K\322A\260\371L\326AO-\024Dc|\\P\232<:\345\342\240"
 508      B0F94CD6 
 508      414F2D14 
 508      44637C5C 
 508      509A3C3A 
 509 0ab2 F4DC4129 		.ascii	"\364\334A)\245\350f\246V\332\253\207d\221\037\026{\365"
 509      A5E866A6 
 509      56DAAB87 
 509      64911F16 
 509      7BF5
 510 0ac4 B9FD49CF 		.ascii	"\271\375I\317\265\370$3\336\323X^\255v\246\204F\240"
 510      B5F82433 
 510      DED3585E 
 510      AD76A684 
 510      46A0
 511 0ad6 11BBDED7 		.ascii	"\021\273\336\327\225\02734\270\226\351\025\275\260\235"
 511      95173334 
 511      B896E915 
 511      BDB09D
 512 0ae5 F6C4F5AC 		.ascii	"\366\304\365\2542\223|\356\264+nd\225\304\007\323\027"
 512      32937CEE 
 512      B42B6E64 
 512      95C407D3 
 512      17
ARM GAS  /tmp/ccxuqGrs.s 			page 41


 513 0af6 5CF16D56 		.ascii	"\\\361mVi\274\376\310\204\357\261\362\243\211\222\343"
 513      69BCFEC8 
 513      84EFB1F2 
 513      A38992E3 
 514 0b06 8ECE4F41 		.ascii	"\216\316OA\023/d~\2145\246n\303\217\231N\362\265\270"
 514      132F647E 
 514      8C35A66E 
 514      C38F994E 
 514      F2B5B8
 515 0b19 41BD83CE 		.ascii	"A\275\203\316K\007\235\226\264\272\325R/\246e\256\317"
 515      4B079D96 
 515      B4BAD552 
 515      2FA665AE 
 515      CF
 516 0b2a 882E64D5 		.ascii	"\210.d\325to\304C\3244\216\232\355\373/\247\367\272"
 516      746FC443 
 516      D4348E9A 
 516      EDFB2FA7 
 516      F7BA
 517 0b3c 14D69CD0 		.ascii	"\024\326\234\320\325\347\241S\275\222v\361\207\235x"
 517      D5E7A153 
 517      BD9276F1 
 517      879D78
 518 0b4b 5F6D42BC 		.ascii	"_mB\2745+\022\023\333hV\020V\032FLcl\015\033\024DzR"
 518      352B1213 
 518      DB685610 
 518      561A464C 
 518      636C0D1B 
 519 0b63 595AE888 		.ascii	"YZ\350\210\007\223\323z\361JeP/\225A\221\003X^\343]"
 519      0793D37A 
 519      F14A6550 
 519      2F954191 
 519      03585EE3 
 520 0b78 2DCE6637 		.ascii	"-\316f7\375=\343\305\023\236\016A\263b\214\"\2604h\325"
 520      FD3DE3C5 
 520      139E0E41 
 520      B3628C22 
 520      B03468D5 
 521 0b8c AFDA33F4 		.ascii	"\257\3323\364\270\220)U\227\367\226z8(E:(}\025Q|_6w"
 521      B8902955 
 521      97F7967A 
 521      3828453A 
 521      287D1551 
 522 0ba4 4661D9C1 		.ascii	"Fa\331\301\031\263P\253b\317\014$\361hqV\2735\204\347"
 522      19B350AB 
 522      62CF0C24 
 522      F1687156 
 522      BB3584E7 
 523 0bb8 D8C2011D 		.ascii	"\330\302\001\035\012\215\203'1\330\351<\005\003\267"
 523      0A8D8327 
 523      31D8E93C 
 523      0503B7
 524 0bc7 2D55C306 		.ascii	"-U\303\006\356\0028<!\210/^\273\333C\2468MQgc\030n\024"
 524      EE02383C 
 524      21882F5E 
 524      BBDB43A6 
 524      384D5167 
ARM GAS  /tmp/ccxuqGrs.s 			page 42


 525 0bdf 8DBDD12E 		.ascii	"\215\275\321.\240X,I\341\324q\015\313\010\000\246\031"
 525      A0582C49 
 525      E1D4710D 
 525      CB0800A6 
 525      19
 526 0bf0 5142235E 		.ascii	"QB#^\267\337\234/\234E+\225[\212t\336\02295\216\367"
 526      B7DF9C2F 
 526      9C452B95 
 526      5B8A74DE 
 526      1239358E 
 527 0c05 E970278B 		.ascii	"\351p'\213ptVV\261\013\356e\225\341\330\222g\032\345"
 527      70745656 
 527      B10BEE65 
 527      95E1D892 
 527      671AE5
 528 0c18 35630F56 		.ascii	"5c\017VZ3\006\346O\364\253\360\010\323n\233\254{\214"
 528      5A3306E6 
 528      4FF4ABF0 
 528      08D36E9B 
 528      AC7B8C
 529 0c2b F10B56B9 		.ascii	"\361\013V\2717\324z\3041s\011`e\237,s\265]m}\030Gk\251"
 529      37D47AC4 
 529      31730960 
 529      659F2C73 
 529      B55D6D7D 
 530 0c43 52D2587A 		.ascii	"R\322Xz\223\306a\251LtP\332\235\224\220\354*M\367~Y"
 530      93C661A9 
 530      4C7450DA 
 530      9D9490EC 
 530      2A4DF77E 
 531 0c58 9C928474 		.ascii	"\234\222\204t\243\216\314\341q\025Nd\306\235_\031\036"
 531      A38ECCE1 
 531      71154E64 
 531      C69D5F19 
 531      1E
 532 0c69 C08E87B2 		.ascii	"\300\216\207\262\246\276KO\335p\012S\235>\034\263K\361"
 532      A6BE4B4F 
 532      DD700A53 
 532      9D3E1CB3 
 532      4BF1
 533 0c7b 487710A0 		.ascii	"Hw\020\240)i7'\337{(\334\367\376\234\030\3139\020\243"
 533      29693727 
 533      DF7B28DC 
 533      F7FE9C18 
 533      CB3910A3 
 534 0c8f 11BE1391 		.ascii	"\021\276\023\221OAi\007\007\3060\316\326.\267\2418$"
 534      4F416907 
 534      07C630CE 
 534      D62EB7A1 
 534      3824
 535 0ca1 F338EBD5 		.ascii	"\3638\353\325l\264;\316c\032\267\367G\3049\016\245\303"
 535      6CB43BCE 
 535      631AB7F7 
 535      47C4390E 
 535      A5C3
 536 0cb3 8045AE94 		.ascii	"\200E\256\224V\232\276G\366y\"C\026\246L!L\272\332\304"
 536      569ABE47 
ARM GAS  /tmp/ccxuqGrs.s 			page 43


 536      F6792243 
 536      16A64C21 
 536      4CBADAC4 
 537 0cc7 53CFE862 		.ascii	"S\317\350b\357-Y\360a\223w\341D\343^kV\004FOx\366\361"
 537      EF2D59F0 
 537      619377E1 
 537      44E35E6B 
 537      5604464F 
 538 0cde 270F4B3F 		.ascii	"'\017K?\376\324\363K\276\025\275\\\227C\027q\210?\212"
 538      FED4F34B 
 538      BE15BD5C 
 538      97431771 
 538      883F8A
 539 0cf1 C74CDCC9 		.ascii	"\307L\334\311\354C\216\005\323o$[\211x\034\210\215\361"
 539      EC438E05 
 539      D36F245B 
 539      89781C88 
 539      8DF1
 540 0d03 4C7C711D 		.ascii	"L|q\035t\330Q\264|\301\306\306^\254G\273\035\254/\335"
 540      74D851B4 
 540      7CC1C6C6 
 540      5EAC47BB 
 540      1DAC2FDD 
 541 0d17 51B4EC4C 		.ascii	"Q\264\354L\263VE\250Q\012d'Y\220\026\363m\220\017\352"
 541      B35645A8 
 541      510A6427 
 541      599016F3 
 541      6D900FEA 
 542 0d2b CE38CC80 		.ascii	"\3168\314\200\300B\314-A\301|\224\240\230\217\303\027"
 542      C042CC2D 
 542      41C17C94 
 542      A0988FC3 
 542      17
 543 0d3c D98C01E1 		.ascii	"\331\214\001\341C\351\0168\352\026\025dC3\015\257\205"
 543      43E90E38 
 543      EA161564 
 543      43330DAF 
 543      85
 544 0d4d FDF75AF6 		.ascii	"\375\367Z\366\2752O\030\232\307`X\036\005\312\006\312"
 544      BD324F18 
 544      9AC76058 
 544      1E05CA06 
 544      CA
 545 0d5e 02FA12E8 		.ascii	"\002\372\022\350\010P\016P\256tb\2702\373\006\013\355"
 545      08500E50 
 545      AE7462B8 
 545      32FB060B 
 545      ED
 546 0d6f 284C534F 		.ascii	"(LSO\371\245\215\016\360\322\211!\373\321\235\250%\223"
 546      F9A58D0E 
 546      F0D28921 
 546      FBD19DA8 
 546      2593
 547 0d81 B5BDF5DA 		.ascii	"\265\275\365\332\357\326:9\215G^\211\225\215\265\343"
 547      EFD63A39 
 547      8D475E89 
 547      958DB5E3 
ARM GAS  /tmp/ccxuqGrs.s 			page 44


 548 0d91 B2A6F369 		.ascii	"\262\246\363i'\"\017r\240\2706\236\355&\225%G\276E\331"
 548      27220F72 
 548      A0B8369E 
 548      ED269525 
 548      47BE45D9 
 549 0da5 02265B40 		.ascii	"\002&[@e3\366\025\245\310N\307#\262\317'\205L\266\220"
 549      6533F615 
 549      A5C84EC7 
 549      23B2CF27 
 549      854CB690 
 550 0db9 CA3EEEB8 		.ascii	"\312>\356\270tT\366e@\021C\021\225\255\331;Q\310\213"
 550      7454F665 
 550      40114311 
 550      95ADD93B 
 550      51C88B
 551 0dcc DB24DBB7 		.ascii	"\333$\333\267}KE\305\230|\336\030:\231z\313S\012\346"
 551      7D4B45C5 
 551      987CDE18 
 551      3A997ACB 
 551      530AE6
 552 0ddf 840C7809 		.ascii	"\204\014x\011k\240\2046p\262-\343\201\207T\366\212L"
 552      6BA08436 
 552      70B22DE3 
 552      818754F6 
 552      8A4C
 553 0df1 B694C992 		.ascii	"\266\224\311\222\207*\340]_\277-o\277m\200\377\241&"
 553      872AE05D 
 553      5FBF2D6F 
 553      BF6D80FF 
 553      A126
 554 0e03 7340A8BF 		.ascii	"s@\250\277\311\374\305\306\300@?\303\226\217\003>\011"
 554      C9FCC5C6 
 554      C0403FC3 
 554      968F033E 
 554      09
 555 0e14 D9F8D147 		.ascii	"\331\370\321G\037\032\374\314\001;L\3460\303\357\266"
 555      1F1AFCCC 
 555      013B4CE6 
 555      30C3EFB6 
 556 0e24 6E79FF67 		.ascii	"ny\377g\2337o1\354x\307\340\003\"F\221\361\266\257\366"
 556      9B376F31 
 556      EC78C7E0 
 556      03224691 
 556      F1B6AFF6 
 557 0e38 57BFF9FD 		.ascii	"W\277\371\375\372\255\357\277\317y\370\373\004\032\301"
 557      FAADEFBF 
 557      CF79F8FB 
 557      041AC1
 558 0e47 A6912979 		.ascii	"\246\221)y\372\204\372\004\376\307\273[?\2445\243E\345"
 558      FA84FA04 
 558      FEC7BB5B 
 558      3FA435A3 
 558      45E5
 559 0e59 E3E76776 		.ascii	"\343\347gv\027\230\244l\264|\360}\033\367\347<\3042"
 559      1798A46C 
 559      B47CF07D 
 559      1BF7E73C 
ARM GAS  /tmp/ccxuqGrs.s 			page 45


 559      C432
 560 0e6b 6B46131E 		.ascii	"kF\023\036\020l\371\271\321\242'\355|\026\020d2Z\324"
 560      106CF9B9 
 560      D1A227ED 
 560      7C161064 
 560      325AD4
 561 0e7e 61017F86 		.ascii	"a\001\177\206\207\312\327\337\307\274&\324\327\207H"
 561      87CAD7DF 
 561      C7BC26D4 
 561      D78748
 562 0e8d FB188919 		.ascii	"\373\030\211\031\020\015\263\370X\302\303\214\226\225"
 562      100DB3F8 
 562      58C2C38C 
 562      9695
 563 0e9b B217BEFE 		.ascii	"\262\027\276\376\001~F\013\277\231s\3631\007\355\370"
 563      017E460B 
 563      BF9973F3 
 563      3107EDF8 
 564 0eab 17D3C6A0 		.ascii	"\027\323\306\240\237n\013\345\364\276!f\213i\347\306"
 564      9F6E0BE5 
 564      F4BE2166 
 564      8B69E7C6 
 565 0ebb A0CDDC6B 		.ascii	"\240\315\334k2q\263\311\307o\005i\360\337v\006X>\025"
 565      3271B3C9 
 565      C76F0569 
 565      F0DF7606 
 565      583E15
 566 0ece 2C7E6FDF 		.ascii	",~o\337|9/Y+\1772\007XL\257\313X\333M\026\273\017?Z"
 566      7C392F59 
 566      2B7F3207 
 566      584CAFCB 
 566      58DB4D16 
 567 0ee6 FAC637DC 		.ascii	"\372\3067\334l6\005[\300\355\340`S\340j\331\3530\223"
 567      6C36055B 
 567      C0EDE060 
 567      53E06AD9 
 567      EB3093
 568 0ef9 C85F2524 		.ascii	"\310_%$\344c\2370\213\311\374\211\311\327\004\270\336"
 568      E4639F30 
 568      8BC9FC89 
 568      C9D704B8 
 568      DE
 569 0f0a 5A1E3BE3 		.ascii	"Z\036;\343o\371\010\302O\335\376\360\363\355[\302\302"
 569      6FF908C2 
 569      4FDDFEF0 
 569      F3ED5BC2 
 569      C2
 570 0f1b 4C66CBC7 		.ascii	"Lf\313\307a\333]\214\037\204\204\004\376@f\3653\263"
 570      61DB5D8C 
 570      1F848404 
 570      FE4066F5 
 570      33B3
 571 0f2d 4F705850 		.ascii	"OpXP\200Ec\331\371\371\027\026S\230\013<\303\267i\314"
 571      804563D9 
 571      F9F91716 
 571      53980B3C 
 571      C3B769CC 
ARM GAS  /tmp/ccxuqGrs.s 			page 46


 572 0f41 42CD4C6A 		.ascii	"B\315Lj\277dM\376\257\311\014\240\014[\375\003>\017"
 572      BF644DFE 
 572      AFC90CA0 
 572      0C5BFD03 
 572      3E0F
 573 0f53 F8EDA786 		.ascii	"\370\355\247\206\2200\003t*C(\004>\314\360\351g\037"
 573      90300374 
 573      2A432804 
 573      3ECCF0E9 
 573      671F
 574 0f65 BFF7AE81 		.ascii	"\277\367\256\201\000\000\313\020.\261\273\0018@\342"
 574      0000CB10 
 574      2EB1BB01 
 574      3840E2
 575 0f74 E217E463 		.ascii	"\342\027\344c\331\351\025f\011z\357]#\224\215a\026\310"
 575      D9E91566 
 575      097AEF5D 
 575      23948D61 
 575      16C8
 576 0f86 4B90D142 		.ascii	"K\220\321B^\230w\352,;\341\031\024\342g\322\222.\002"
 576      5E9877EA 
 576      2C3BE119 
 576      14E267D2 
 576      922E02
 577 0f99 32169D59 		.ascii	"2\026\235Yd\351\300"
 577      64E9C0
 578 0fa0 0CEB916A 		.ascii	"\014\353\221j\213?\311\246\316\327\337\310JZ\3660Z\274"
 578      8B3FC9A6 
 578      CED7DFC8 
 578      4A5AF630 
 578      5ABC
 579 0fb2 8482D9B4 		.ascii	"\204\202\331\264\315\004q\365\205.\345\022\024\016\375"
 579      CD0471F5 
 579      852EE512 
 579      140EFD
 580 0fc1 C125E44F 		.ascii	"\301%\344O\301&\263\313\037\303M\341&U\260i\247E\013"
 580      C126B3CB 
 580      1FC34DE1 
 580      2655B069 
 580      A7450B
 581 0fd4 CAB4A617 		.ascii	"\312\264\246\027\013\320\373B\315\246\035\033\235\371"
 581      0BD0FB42 
 581      CDA61D1B 
 581      9DF9
 582 0fe2 68B61802 		.ascii	"h\266\030\002\202}\003\303\375L\006_\377\300\2000K\030"
 582      827D03C3 
 582      FD4C065F 
 582      FFC08030 
 582      4B18
 583 0ff4 3844CCD0 		.ascii	"8D\314\320\0064\364\257\321\362\323\277"
 583      0634F4AF 
 583      D1F2D3BF 
 584 1000 493DC8B2 		.ascii	"I=\310\262\023\224\325&\2639\304\034\246\007\307\266"
 584      1394D526 
 584      B339C41C 
 584      A607C7B6 
 585 1010 05FA6C87 		.ascii	"\005\372l\207\376\250\366\015\011\336\026\260\335>H"
ARM GAS  /tmp/ccxuqGrs.s 			page 47


 585      FEA8F60D 
 585      09DE16B0 
 585      DD3E48
 586 101f 595507A1 		.ascii	"YU\007\241\334JK.\244\033\231\210\002-\030-\030\212"
 586      DC4A4B2E 
 586      A41B9988 
 586      022D182D 
 586      188A
 587 1031 AEF0DAF8 		.ascii	"\256\360\332\370\331\027\241\246\017M\333\376\037i/"
 587      D917A1A6 
 587      0F4DDBFE 
 587      1F692F
 588 1040 7B26     		.ascii	"{&"
 589              		.text
 590              		.section	.gnu.lto_.symtab.c04736522d7e81ca,"e",%progbits
 591 0000 70636139 		.ascii	"pca9544a_lld_read\000"
 591      35343461 
 591      5F6C6C64 
 591      5F726561 
 591      6400
 592 0012 00       		.ascii	"\000"
 593 0013 00       		.ascii	"\000"
 594 0014 00       		.ascii	"\000"
 595 0015 00000000 		.ascii	"\000\000\000\000\000\000\000\000"
 595      00000000 
 596 001d 0B010000 		.ascii	"\013\001\000\000"
 597 0021 70636139 		.ascii	"pca9544a_lld_write\000"
 597      35343461 
 597      5F6C6C64 
 597      5F777269 
 597      746500
 598 0034 00       		.ascii	"\000"
 599 0035 00       		.ascii	"\000"
 600 0036 00       		.ascii	"\000"
 601 0037 00000000 		.ascii	"\000\000\000\000\000\000\000\000"
 601      00000000 
 602 003f 11010000 		.ascii	"\021\001\000\000"
 603 0043 70636139 		.ascii	"pca9544a_lld_getintstatus\000"
 603      35343461 
 603      5F6C6C64 
 603      5F676574 
 603      696E7473 
 604 005d 00       		.ascii	"\000"
 605 005e 00       		.ascii	"\000"
 606 005f 00       		.ascii	"\000"
 607 0060 00000000 		.ascii	"\000\000\000\000\000\000\000\000"
 607      00000000 
 608 0068 17010000 		.ascii	"\027\001\000\000"
 609 006c 70636139 		.ascii	"pca9544a_lld_getcurrentchannel\000"
 609      35343461 
 609      5F6C6C64 
 609      5F676574 
 609      63757272 
 610 008b 00       		.ascii	"\000"
 611 008c 00       		.ascii	"\000"
 612 008d 00       		.ascii	"\000"
 613 008e 00000000 		.ascii	"\000\000\000\000\000\000\000\000"
ARM GAS  /tmp/ccxuqGrs.s 			page 48


 613      00000000 
 614 0096 20010000 		.ascii	" \001\000\000"
 615 009a 70636139 		.ascii	"pca9544a_lld_setchannel\000"
 615      35343461 
 615      5F6C6C64 
 615      5F736574 
 615      6368616E 
 616 00b2 00       		.ascii	"\000"
 617 00b3 00       		.ascii	"\000"
 618 00b4 00       		.ascii	"\000"
 619 00b5 00000000 		.ascii	"\000\000\000\000\000\000\000\000"
 619      00000000 
 620 00bd 27010000 		.ascii	"'\001\000\000"
 621 00c1 6170616C 		.ascii	"apalI2CMasterReceive\000"
 621      4932434D 
 621      61737465 
 621      72526563 
 621      65697665 
 622 00d6 00       		.ascii	"\000"
 623 00d7 02       		.ascii	"\002"
 624 00d8 00       		.ascii	"\000"
 625 00d9 00000000 		.ascii	"\000\000\000\000\000\000\000\000"
 625      00000000 
 626 00e1 30010000 		.ascii	"0\001\000\000"
 627 00e5 6170616C 		.ascii	"apalDbgAssertMsg\000"
 627      44626741 
 627      73736572 
 627      744D7367 
 627      00
 628 00f6 00       		.ascii	"\000"
 629 00f7 02       		.ascii	"\002"
 630 00f8 00       		.ascii	"\000"
 631 00f9 00000000 		.ascii	"\000\000\000\000\000\000\000\000"
 631      00000000 
 632 0101 3C010000 		.ascii	"<\001\000\000"
 633 0105 6170616C 		.ascii	"apalI2CMasterTransmit\000"
 633      4932434D 
 633      61737465 
 633      72547261 
 633      6E736D69 
 634 011b 00       		.ascii	"\000"
 635 011c 02       		.ascii	"\002"
 636 011d 00       		.ascii	"\000"
 637 011e 00000000 		.ascii	"\000\000\000\000\000\000\000\000"
 637      00000000 
 638 0126 47010000 		.ascii	"G\001\000\000"
 639              		.text
 640              		.section	.gnu.lto_.opts,"e",%progbits
 641 0000 272D666E 		.ascii	"'-fno-openmp' '-fno-openacc' '-fno-pie' '-mcpu=cort"
 641      6F2D6F70 
 641      656E6D70 
 641      2720272D 
 641      666E6F2D 
 642 0033 65782D6D 		.ascii	"ex-m4' '-mthumb' '-mfloat-abi=softfp' '-mfpu=fpv4-s"
 642      34272027 
 642      2D6D7468 
 642      756D6227 
ARM GAS  /tmp/ccxuqGrs.s 			page 49


 642      20272D6D 
 643 0066 702D6431 		.ascii	"p-d16' '-march=armv7e-m+fp' '-O2' '-fstack-usage' '"
 643      36272027 
 643      2D6D6172 
 643      63683D61 
 643      726D7637 
 644 0099 2D666675 		.ascii	"-ffunction-sections' '-fdata-sections' '-fno-common"
 644      6E637469 
 644      6F6E2D73 
 644      65637469 
 644      6F6E7327 
 645 00cc 2720272D 		.ascii	"' '-flto' '-fshort-enums'\000"
 645      666C746F 
 645      2720272D 
 645      6673686F 
 645      72742D65 
 646              		.text
 647              		.comm	__gnu_lto_v1,1,1
 648              		.comm	__gnu_lto_slim,1,1
 649              		.ident	"GCC: (GNU Arm Embedded Toolchain 9-2020-q2-update) 9.3.1 20200408 (release)"
ARM GAS  /tmp/ccxuqGrs.s 			page 50


DEFINED SYMBOLS
                            *ABS*:0000000000000000 alld_PCA9544A.c
                            *COM*:0000000000000001 __gnu_lto_v1
                            *COM*:0000000000000001 __gnu_lto_slim

NO UNDEFINED SYMBOLS
