ARM GAS  /tmp/ccutlBR9.s 			page 1


   1              		.cpu cortex-m4
   2              		.eabi_attribute 27, 1
   3              		.eabi_attribute 20, 1
   4              		.eabi_attribute 21, 1
   5              		.eabi_attribute 23, 3
   6              		.eabi_attribute 24, 1
   7              		.eabi_attribute 25, 1
   8              		.eabi_attribute 26, 1
   9              		.eabi_attribute 30, 2
  10              		.eabi_attribute 34, 1
  11              		.eabi_attribute 18, 4
  12              		.file	"hal_pal.c"
  13              		.section	.gnu.lto_.profile.234b9e6eac4e691e,"e",%progbits
  14 0000 789CE360 		.ascii	"x\234\343``\004B \000\000\000]\000\013"
  14      60044220 
  14      0000005D 
  14      000B
  15              		.text
  16              		.section	.gnu.lto_.icf.234b9e6eac4e691e,"e",%progbits
  17 0000 789CE360 		.ascii	"x\234\343``d0d@\000\016\206y\327Z\3339\030g?Zq\215\207"
  17      60643064 
  17      40000E86 
  17      79D75ADB 
  17      3918673F 
  18 0018 69F1F54D 		.ascii	"i\361\365M\271\314\347\247|hgdY9\365\332En\326\243\007"
  18      B9CCE7A7 
  18      7C686764 
  18      5939F5DA 
  18      456ED6A3 
  19 002d 275F6567 		.ascii	"'_eg\273x\352\376\011n\216eO\316\355aa\000\000HK\027"
  19      BB78EAFE 
  19      096E8E65 
  19      4FCEED61 
  19      61000048 
  20 0043 AD       		.ascii	"\255"
  21              		.text
  22              		.section	.gnu.lto_.jmpfuncs.234b9e6eac4e691e,"e",%progbits
  23 0000 789CBD91 		.ascii	"x\234\275\221\261\012\0021\020Dg\262\27136\372\001\367"
  23      B10A0231 
  23      104467B2 
  23      B93336FA 
  23      01F7
  24 0012 AF5AD8CA 		.ascii	"\257Z\330\312\265\226)\374\013\025\261\263\260\261\260"
  24      B59629FC 
  24      0B15B1B3 
  24      B0B1B0
  25 0021 B6BF42EE 		.ascii	"\266\277B\356\007\204\270\213\334\035\206\023\254\014"
  25      0784B88B 
  25      DC1D8613 
  25      AC0C
  26 002f 0C24B3B3 		.ascii	"\014$\263\263\273\017\022@4D\177\012\220\\F\201\223"
  26      BB0F1240 
  26      34447F0A 
  26      905C4681 
  26      93
  27 0040 AD003C79 		.ascii	"\255\000<yB\365L)\315)\033a\275j\357\241\226($\270c"
  27      42F54C29 
ARM GAS  /tmp/ccutlBR9.s 			page 2


  27      CD291B61 
  27      BD6AEFA1 
  27      962824B8 
  28 0055 65F24390 		.ascii	"e\362C\220t\032:\267\217\033-\3444\264g\245\326q}\275"
  28      741A3AB7 
  28      8F1B2DE4 
  28      34B467A5 
  28      D6717DBD 
  29 0069 C8DB220F 		.ascii	"\310\333\"\017\254\234\371}\033\3609\303\212c)\247\335"
  29      AC9CF97D 
  29      1BF039C3 
  29      8A6329A7 
  29      DD
  30 007a 62782A31 		.ascii	"bx*1D\346\210\343L\337\346\375\230\352\2662\212/\207"
  30      44E688E3 
  30      4CDFE6FD 
  30      98EAB632 
  30      8A2F87
  31 008d 96642B91 		.ascii	"\226d+\221\277\375\202\271e\244\356\037\244\245U9C\224"
  31      BFFD82B9 
  31      65A4EE1F 
  31      A4A55539 
  31      4394
  32 009f 42794BD5 		.ascii	"ByK\325D\025\202\376\026\3556\355\034\274\000\307\252"
  32      441582FE 
  32      16ED36ED 
  32      1CBC00C7 
  32      AA
  33 00b0 67D6     		.ascii	"g\326"
  34              		.text
  35              		.section	.gnu.lto_.inline.234b9e6eac4e691e,"e",%progbits
  36 0000 789C958F 		.ascii	"x\234\225\217=\012\002A\014\205\337$3\313\212\010\253"
  36      3D0A0241 
  36      0C85DF24 
  36      33CB8A08 
  36      AB
  37 0011 60EF513C 		.ascii	"`\357Q<\301\336A\334\237k\2147\330Z,\004\033{[\213\005"
  37      C1DE41DC 
  37      9F6B8C37 
  37      D85A2C04 
  37      1B7B5B8B 
  38 0026 5B1B4B5B 		.ascii	"[\033K[\013\033k{\223\321\365\007T\330\014<\336\220"
  38      0B1B6B7B 
  38      93D1F507 
  38      54D80C3C 
  38      DE90
  39 0038 F0BE2486 		.ascii	"\360\276$\206\301\332\340Y\016Hv\227\325\221\013C\030"
  39      C1DAE059 
  39      0E487697 
  39      D5910B43 
  39      18
  40 0049 694384C7 		.ascii	"iC\204\307\256\343\275_R\016\250\2519#\020\254XO\031"
  40      AEE3BD5F 
  40      520EA8A9 
  40      392310AC 
  40      584F19
  41 005c 2CCC7C73 		.ascii	",\314|s\336\363\204\020\023\334L'3\304\032G]\221G<U"
ARM GAS  /tmp/ccutlBR9.s 			page 3


  41      DEF38410 
  41      13DC4C27 
  41      33C41A47 
  41      5D91473C 
  42 0071 E9CB1086 		.ascii	"\351\313\020\206\247\353aK\245\3417\214Q\033\365%\266"
  42      A7EB614B 
  42      A5E1378C 
  42      511BF525 
  42      B6
  43 0082 A2A2158B 		.ascii	"\242\242\025\213B\177\212\344/\325b \324\005\227\237"
  43      427F8AE4 
  43      2FD56220 
  43      D405979F 
  44 0092 C739E548 		.ascii	"\3079\345HL\313\343lO\204\253T\337Od\004\027\222r\003"
  44      4CCBE36C 
  44      4F84AB54 
  44      DF4F6404 
  44      17927203 
  45 00a6 6A3211DD 		.ascii	"j2\021\335\215r\244\342\360\257e\304\204\255\370\333"
  45      8D72A4E2 
  45      F0AF65C4 
  45      84ADF8DB 
  46 00b6 5C73A055 		.ascii	"\\s\240U0p\003\3722S\006"
  46      307003FA 
  46      325306
  47              		.text
  48              		.section	.gnu.lto_.pureconst.234b9e6eac4e691e,"e",%progbits
  49 0000 789CE360 		.ascii	"x\234\343``d\020````e\230\305\3024\213\205e&\013\333"
  49      60641060 
  49      60606065 
  49      98C5C234 
  49      8B856526 
  50 0016 2C168E59 		.ascii	",\026\216Y,\000\033\212\003H"
  50      2C001B8A 
  50      0348
  51              		.text
  52              		.section	.gnu.lto_palReadBus.234b9e6eac4e691e,"e",%progbits
  53 0000 789C9553 		.ascii	"x\234\225S\315KTQ\024\277\347\235\367\336\274\031\237"
  53      CD4B5451 
  53      14BFE79D 
  53      F7DEBC19 
  53      9F
  54 0011 A3630581 		.ascii	"\243c\005\201\033\027\201\030\344\270m\027\010-k\321"
  54      1B178118 
  54      E4B86D17 
  54      082D6BD1 
  55 0021 1F102A82 		.ascii	"\037\020*\202\222T(\255\2753\216\271\360\243\210R\247"
  55      925428AD 
  55      BD338EB9 
  55      F0A38852 
  55      A7
  56 0032 185F300D 		.ascii	"\030_0\015\272\262D!\362\253I3\363+?\222\240\010\243"
  56      BAB24421 
  56      F2AB4933 
  56      F32B3F92 
  56      A008A3
  57 0045 202BB384 		.ascii	" +\263\204r\321B\264s\356{\332$n|\314\234w\317\271\347"
ARM GAS  /tmp/ccutlBR9.s 			page 4


  57      72D142B4 
  57      73EE7BDA 
  57      246E7CCC 
  57      9C77CFB9 
  58 005a FCEEF9FD 		.ascii	"\374\356\371\375\356y\226\000q_\027\242D\010q\216\376"
  58      EE799600 
  58      715F17A2 
  58      4408718E 
  58      FE
  59 006b 600AD0A4 		.ascii	"`\012\320\244\224g|\021K\323\364\271x\277\251\313\000"
  59      94677C11 
  59      4BD3F4B9 
  59      78BFA9CB 
  59      00
  60 007c F6AFCE9E 		.ascii	"\366\257\316\236\326\245\215{\021\303\213\350`x\331"
  60      D6A58D7B 
  60      11C38BE8 
  60      6078D9
  61 008b 06805A49 		.ascii	"\006\200ZI\013D\275\206\272\001\365p\003;\020V\242\211"
  61      0B44BD86 
  61      BA01F570 
  61      033B1056 
  61      A289
  62 009d 3F761B3A 		.ascii	"?v\033:(@'\367\366\364\300T\200]\200\002rco\272\236"
  62      284027F7 
  62      F6F4C054 
  62      805D8002 
  62      72636FBA 
  63 00b2 E845DD52 		.ascii	"\350E\335RFe\272\343\226\3315\260 \375\016j\"N\351C"
  63      4665BAE3 
  63      96D935B0 
  63      20FD0E6A 
  63      224EE943 
  64 00c6 900F8390 		.ascii	"\220\017\203\220/\370\201a(\242\364\306\305\216\353"
  64      2FF88161 
  64      28A2F4C6 
  64      C58EEB
  65 00d5 88A740D0 		.ascii	"\210\247@\320\272\241\253\275'\2530\245J7\037\240<\341"
  65      BAA1ABBD 
  65      27AB30A5 
  65      4A371FA0 
  65      3CE1
  66 00e7 20C208E0 		.ascii	" \302\010\340\177\245\024\243\342Q(\024\\\362\251o\373"
  66      7FA514A3 
  66      E2512814 
  66      5CF2A96F 
  66      FB
  67 00f8 4EB6A933 		.ascii	"N\266\2513:c>e\272\364N\242x\270d\244\345\366N\223L"
  67      3A633E65 
  67      BAF44EA2 
  67      78B864A4 
  67      E5F64E93 
  68 010d BF4F41E2 		.ascii	"\277OA\342l\036P\245\256\2211\220\215N\30648f\262\353"
  68      6C1E50A5 
  68      AE913190 
  68      8D4EC634 
  68      3866B2EB 
ARM GAS  /tmp/ccutlBR9.s 			page 5


  69 0121 636391F1 		.ascii	"cc\221\361\371\311X\001\336\315\342\225\315&\010|`H"
  69      F9C95801 
  69      DECDE295 
  69      CD26087C 
  69      6048
  70 0133 300FD18C 		.ascii	"0\017\321\214\202t\221:\310\264\020-\250\271N\204\234"
  70      8274913A 
  70      C8B4102D 
  70      A8B94E84 
  70      9C
  71 0144 3568186D 		.ascii	"5h\030m\032\351\263\271\215\004B\002\203\324a[\303\306"
  71      1AE9B3B9 
  71      8D044202 
  71      83D4615B 
  71      C3C6
  72 0156 8AC5F220 		.ascii	"\212\305\362 \010H\023\2035\210n5\201\233\243Q\232X"
  72      08481383 
  72      35886E35 
  72      819BA351 
  72      9A58
  73 0168 87C602D7 		.ascii	"\207\306\002\327eu\2076G\326\3741\210F\216;\350\217"
  73      65758736 
  73      47D6FC31 
  73      88468E3B 
  73      E88F
  74 017a 23B37906 		.ascii	"#\263y\0061\020\224L\273\223\033?\226\201\321\014B\033"
  74      3110944C 
  74      BB931B3F 
  74      9681D10C 
  74      421B
  75 018c 837C0703 		.ascii	"\203|\007\003\3423\304\276\226z\000\034S\362\266 \336"
  75      E233C4BE 
  75      967A001C 
  75      53F2B620 
  75      DE
  76 019d A52B456E 		.ascii	"\245+En\014\351\310a\277\233\3017\226~\367\350m0\005"
  76      0CE9C861 
  76      BF9BC137 
  76      967EF7E8 
  76      6D3005
  77 01b0 C908755E 		.ascii	"\311\010u^\340`\0265\252:cA{\037w\317g\227\364\312\233"
  77      E0601635 
  77      AA3A6341 
  77      7B1F77CF 
  77      6797F4CA 
  78 01c5 6ACB8671 		.ascii	"j\313\206qHA\247+\356s(a\212\203\273\315\033.ZR\316"
  78      4841A72B 
  78      EE732861 
  78      8A83BBCD 
  78      1B2E5A52 
  79 01da 749ADC92 		.ascii	"t\232\334\222\01590\261\217 \247e\020\364\035L\360\205"
  79      0D3930B1 
  79      8F20A765 
  79      10F41D4C 
  79      F085
  80 01ec 4BD03C80 		.ascii	"K\320<\200\221/\203\221>\376=\371Q0#}\035b\012\222["
  80      912F8391 
ARM GAS  /tmp/ccutlBR9.s 			page 6


  80      3EFE3DF9 
  80      5130237D 
  80      1D620A92 
  81 0201 4EF4CCEE 		.ascii	"N\364\314\356(@\313\301\3548_\021L2`\246\370A\345f\036"
  81      2840CBC1 
  81      EC385F11 
  81      4C3260A6 
  81      F841E566 
  82 0216 1D4C322B 		.ascii	"\035L2+\012~\220\277\346\002\254F\256\20390E\225\360"
  82      0A7E90BF 
  82      E602AC46 
  82      AE833930 
  82      4595F0
  83 0229 D213E3F7 		.ascii	"\322\023\343\367\227\211Q\213\363;\225\032A\230&5\334"
  83      9789518B 
  83      F33B951A 
  83      41982635 
  83      DC
  84 023a 219BA13C 		.ascii	"!\233\241<\007sU_F\346\010D\207\277\265\216\233n\363"
  84      0773555F 
  84      46E60844 
  84      87BFB58E 
  84      9B6EF3
  85 024d D6A1C40E 		.ascii	"\326\241\304\016\301\254\022\033X\3549%\366\330\356"
  85      C1AC121B 
  85      58EC3925 
  85      F6D8EE
  86 025c B5F933C9 		.ascii	"\265\3713\311\344)2\373\200\217\320q\360\312\003N\264"
  86      E42932FB 
  86      808FD071 
  86      F0CA034E 
  86      B4
  87 026d DE5B4502 		.ascii	"\336[E\002\216Ex\353(\314+`\215\201\027\024\360\336"
  87      8E4578EB 
  87      28CC2B60 
  87      8D811714 
  87      F0DE
  88 027f 3C040E39 		.ascii	"<\004\0169\017\213\377\346a\311\235\207\255\353\336"
  88      0F8BFFE6 
  88      61C99D87 
  88      ADEBDE
  89 028e 5D539D9F 		.ascii	"]S\235\237\0003\321\355C\241\037\203\327\012\235\341"
  89      0033D1ED 
  89      43A11F83 
  89      D70A9DE1 
  90 029e 61D9456F 		.ascii	"a\331Eo\337\235\244\220:\300\026?!\352\015S\210\273"
  90      DF9DA490 
  90      3AC0163F 
  90      21EA0D53 
  90      88BB
  91 02b0 6846D8A1 		.ascii	"hF\330\241\007\325\327(\304\311\342\3420\375.U\326^"
  91      07D5D728 
  91      C4C9E2E2 
  91      30FD2E55 
  91      D65E
  92 02c2 AEAC0997 		.ascii	"\256\254\011\227VU\227W\237\277\020\276R\027\256*\253"
  92      56559757 
ARM GAS  /tmp/ccutlBR9.s 			page 7


  92      9FBF10BE 
  92      5217AE2A 
  92      AB
  93 02d3 09D7D556 		.ascii	"\011\327\325V\360\373\342\325\262\232\342\012\201\345"
  93      F0FBE2D5 
  93      B29AE20A 
  93      81E5
  94 02e1 D7EAFE02 		.ascii	"\327\352\376\002\276\313\200\320"
  94      BECB80D0 
  95              		.text
  96              		.section	.gnu.lto_palWriteBus.234b9e6eac4e691e,"e",%progbits
  97 0000 789C9554 		.ascii	"x\234\225T\315OTW\024\277\277w\336{\363\346{\244EI\330"
  97      CD4F5457 
  97      14BFBF77 
  97      DE7BF3E6 
  97      7BA44549 
  98 0015 B0A82136 		.ascii	"\260\250!6\221\301\215\246\273&\356\333E\377\200F\214"
  98      91C18DA6 
  98      BB26EEDB 
  98      45FF8046 
  98      8C
  99 0026 8944D236 		.ascii	"\211D\3226R\343\322;\303\300,DkL\013\203v\234\266\023"
  99      52E3D23B 
  99      C3C02C44 
  99      6B4C0B83 
  99      769CB613 
 100 003a AA6EFC88 		.ascii	"\252n\374\210&FA:\305\017\252\202\242\365\013M4\232"
 100      2646413A 
 100      C50FAA82 
 100      A2F50B4D 
 100      349A
 101 004c 8806B124 		.ascii	"\210\006\261$-1Mc\240\347\334\367\220)u\303\313\274"
 101      2D314D63 
 101      A0E7DCF7 
 101      902975C3 
 101      CBBC
 102 005e 33EF9C7B 		.ascii	"3\357\234{\316\357\376\316\357\334\\OA\335s\224\332"
 102      CEEFFECE 
 102      EFDC5C4F 
 102      41DD7394 
 102      DA
 103 006f A094FA84 		.ascii	"\240\224\372\204_\270\012\226\326\372\343P\306\263,"
 103      5FB80A96 
 103      D6FAE350 
 103      C6B32C
 104 007e 7BACEF94 		.ascii	"{\254\357\224k\353\010\235\232\034\375\310\3261z\033"
 104      6BEB089D 
 104      9A1CFDC8 
 104      D6317A1B 
 105 008e 7182880D 		.ascii	"q\202\210\015'\310v\000\363\245=\250]\026\331\016v\341"
 105      27C87600 
 105      F3A53DA8 
 105      5D16D90E 
 105      76E1
 106 00a0 1BEA250C 		.ascii	"\033\352%\014\347'\317Zk\016\363\242\256\364\316\272"
 106      E727CF5A 
 106      6B0EF3A2 
ARM GAS  /tmp/ccutlBR9.s 			page 8


 106      AEF4CEBA 
 107 00b0 5DBAB3AE 		.ascii	"]\272\263\256DJ\365\361\353?8\2075\234\367([\374;\266"
 107      444AF5F1 
 107      EB3F3887 
 107      359CF728 
 107      5BFC3BB6 
 108 00c4 974A04D8 		.ascii	"\227J\004\330\354~{\365\364\225\210\270\026\032\330"
 108      EC7E7BF5 
 108      F49588B8 
 108      161AD8
 109 00d3 EDBCD9DB 		.ascii	"\355\274\331\333E\264\026\212\277;\016\365\034\2116"
 109      45B4168A 
 109      BF3B0EF5 
 109      1C8936
 110 00e2 F66B9DD5 		.ascii	"\366k\235\325\2257e\322\037\224\210p\036\304\220\030"
 110      953765D2 
 110      1F948870 
 110      1EC49018 
 111 00f2 443D0650 		.ascii	"D=\006P\257\024\307\030z\010\215\\P\234\373i$J\353L"
 111      AF14C718 
 111      7A088D5C 
 111      509CFB69 
 111      244AEB4C 
 112 0106 F1CC93C2 		.ascii	"\361\314\223\302Q\004\305\243?\233b\033\277\374\257"
 112      5104C5A3 
 112      3F9B621B 
 112      BFFCAF
 113 0115 D8E6E20A 		.ascii	"\330\346\342\012\032\225\224<=9\367]\334\265\003\312"
 113      1A95943C 
 113      3D39F75D 
 113      DCB503CA 
 114 0125 F8152E38 		.ascii	"\370\025.8:1~bw\202\326\033\320\343z\340Pxu\331\200"
 114      3A317E62 
 114      7782D61B 
 114      D0E37AE0 
 114      507875D9 
 115 013a BE3EE81E 		.ascii	"\276>\350\036\320\225\\C\211\034\014/\301\225g\021\020"
 115      D0955C43 
 115      891C0C2F 
 115      C1956711 
 115      10
 116 014b 17B0DAC0 		.ascii	"\027\260\332\300\011\352EFU\312*s:\207\217\337r*zn>"
 116      09EA4546 
 116      55CA2A73 
 116      3A878FDF 
 116      722A7A6E 
 117 0160 AF2B77EB 		.ascii	"\257+w\353gf\037\257\250\003sr-6!\022c\263\361\034\211"
 117      67661FAF 
 117      A8037372 
 117      2D362112 
 117      63B3F11C 
 118 0175 B9E286C4 		.ascii	"\271\342\206\304xl\302a1\0211QI\211\211\211\213\233"
 118      786CC261 
 118      31113151 
 118      49898989 
 118      8B9B
 119 0187 10931493 		.ascii	"\020\223\024\223b\023\251\201hS\013ir\245\331R\251\335"
ARM GAS  /tmp/ccutlBR9.s 			page 9


 119      6213A981 
 119      68530B69 
 119      72A5D952 
 119      A9DD
 120 0199 A4644A36 		.ascii	"\244dJ6tE\251n\262|'\303\316\024:\206\362cgbB\266\310"
 120      7445A96E 
 120      B27C27C3 
 120      CE143A86 
 120      F2636762 
 121 01b0 7A520D77 		.ascii	"zR\015w\261\267c\346\221'\023\"(\\\342\366\246\220}"
 121      B1B763E6 
 121      91271322 
 121      285CE2F6 
 121      A6907D
 122 01c3 93879F63 		.ascii	"\223\207\237cq\232\232Fg\203\357\312A\030\230=?\025"
 122      719A9A46 
 122      6783EFCA 
 122      4118983D 
 122      3F15
 123 01d5 CE219BE1 		.ascii	"\316!\233\341\371G\373xY\3412rP\234\314\253#3\257nC"
 123      F947FB78 
 123      59E13272 
 123      509CCCAB 
 123      2333AF6E 
 124 01ea D0428C36 		.ascii	"\320B\2146\202\372\022\305\3243\344^l\014\000$f\364"
 124      82FA12C5 
 124      D433E45E 
 124      6C0C0024 
 124      66F4
 125 01fc EB263AC0 		.ascii	"\353&:\300\247\217\204\030\361\226\203a?C\016M\345\301"
 125      A78F8418 
 125      F1968361 
 125      3F430E4D 
 125      E5C1
 126 020e 8989443F 		.ascii	"\211\211D?\312\031f\316\003\2103Q\303LD?v\346\360\215"
 126      CA1966CE 
 126      03883351 
 126      C34C443F 
 126      76E6F08D 
 127 0222 78F331BD 		.ascii	"x\3631\275\317,%\360\033\372Q\360'z\005\315\322\342"
 127      CF2C25F0 
 127      1BFA51F0 
 127      277A05CD 
 127      D2E2
 128 0234 B905F28E 		.ascii	"\271\005\362\216\217V\326\327\012\256PJ \211\253K\032"
 128      8F56D6D7 
 128      0AAE504A 
 128      2089AB4B 
 128      1A
 129 0245 94B4AA06 		.ascii	"\224\264\252\006C\357n\360\232\337\240\373\216\216B"
 129      43EF6EF0 
 129      9ADFA0FB 
 129      8E8E42
 130 0254 551DD917 		.ascii	"U\035\331\027^\226\237(\351\310\236F\316@\012\345\342"
 130      5E969F28 
 130      E9C89E46 
 130      CE400AE5 
ARM GAS  /tmp/ccutlBR9.s 			page 10


 130      E2
 131 0265 91D17903 		.ascii	"\221\321y\003\350\225(\331G\026\003\216\012`\265\370"
 131      E89528D9 
 131      4716038E 
 131      0A60B5F8 
 132 0275 29E3566F 		.ascii	")\343Vo\235*\223\177\314\036\353?\307\"\242F\252D+p"
 132      9D2A937F 
 132      CC1EEB3F 
 132      C722A246 
 132      AA442B70 
 133 0289 9D2B3116 		.ascii	"\235+1\026\210\361\327\363KC\236\344\027\214\032)\334"
 133      88F1D7F3 
 133      4B439EE4 
 133      178C1A29 
 133      DC
 134 029a 6035CCB6 		.ascii	"`5\314\266\030\347\274\022\325\030^N\365\021\310\026"
 134      18E7BC12 
 134      D5185E4E 
 134      F511C816 
 135 02aa F2CF36C8 		.ascii	"\362\3176\3109-\222W\244Z\345ko\374\360\262\264\177"
 135      392D9257 
 135      A45AE56B 
 135      6FFCF0B2 
 135      B47F
 136 02bc 0F378DF6 		.ascii	"\0177\215\366\020\355o\371\332\367\260\256\006*b\320"
 136      10ED6FF9 
 136      DAF7B0AE 
 136      062A62D0 
 137 02cc C3D5E8D1 		.ascii	"\303\325\350\321eN\366\367\305\311\336\366\321\277\357"
 137      654EF6F7 
 137      C5C9DEF6 
 137      D1BFEF
 138 02db 0AD0633E 		.ascii	"\012\320c>\332\217w\306\263\346\260yH\341\216\231l\307"
 138      DA8F77C6 
 138      B3E6B079 
 138      48E18E99 
 138      6CC7
 139 02ed 3F0B3971 		.ascii	"?\0139qC\"\366\037V\011\246\344\367\274\230\2274\341"
 139      4322F61F 
 139      5609A6E4 
 139      F7BC9897 
 139      34E1
 140 02ff A8C4F62F 		.ascii	"\250\304\366/\344\2554\345\311j\366\251e\261\177\037"
 140      E4AD34E5 
 140      C96AF6A9 
 140      65B17F1F 
 141 030f 770D7B4B 		.ascii	"w\015{K\330\3373\354\207{\014R\365\320k\315\320\227"
 141      D8DF33EC 
 141      877B0C52 
 141      F5D06BCD 
 141      D097
 142 0321 A0F2DE29 		.ascii	"\240\362\336)\334\017P\213{\016N\022\243\3462\262\264"
 142      DC0F508B 
 142      7B0E4E12 
 142      A3E632B2 
 142      B4
 143 0332 0A130635 		.ascii	"\012\023\00658\030\335\323\017\007\243o\027\353\360"
ARM GAS  /tmp/ccutlBR9.s 			page 11


 143      3818DDD3 
 143      0F07A36F 
 143      17EBF0
 144 0341 00CD05B9 		.ascii	"\000\315\005\271\361\024\036\242\231\233P\177 \373\303"
 144      F1141EA2 
 144      999B507F 
 144      20FBC3
 145 0350 FC1E0477 		.ascii	"\374\036\004w\223\334\014\230\347\207\314\315\240\324"
 145      93DC0C98 
 145      E787CCCD 
 145      A0D4
 146 035e 874D4D69 		.ascii	"\207MMi\376m\333\262\375\213-m\351\215[[[Z?\375,\375"
 146      FE6DDBB2 
 146      FD8B2D6D 
 146      E98D5B5B 
 146      5B5A3FFD 
 147 0374 657B7AEB 		.ascii	"e{z\353\246\266t\373\366\315\362\377\371W\233\332\232"
 147      A6B674FB 
 147      F6CDF2FF 
 147      F9579BDA 
 147      9A
 148 0385 362B6AD9 		.ascii	"6+j\331\321n\267\264~\335\216\235\377\002\370\210\334"
 148      D16EB7B4 
 148      7EDD8E9D 
 148      FF02F888 
 148      DC
 149 0396 DD       		.ascii	"\335"
 150              		.text
 151              		.section	.gnu.lto_palSetBusMode.234b9e6eac4e691e,"e",%progbits
 152 0000 789C9553 		.ascii	"x\234\225S\317KTQ\024\276\347\235\367\336\274\371\325"
 152      CF4B5451 
 152      14BEE79D 
 152      F7DEBCF9 
 152      D5
 153 0011 9815046E 		.ascii	"\230\025\004n\\\004b\220c\213\026\355\002\027\355j\321"
 153      5C046290 
 153      638B16ED 
 153      0217ED6A 
 153      D1
 154 0022 1F106A82 		.ascii	"\037\020j\202\222e(\255\2753\2163\013E\203J\235\300"
 154      926528AD 
 154      BD338E33 
 154      0B45834A 
 154      9DC0
 155 0034 5E304DDA 		.ascii	"^0M\332\306\012\203H\035\23343u\31447\005\031\005Y\230"
 155      C60A8348 
 155      1D9B3433 
 155      75CC3437 
 155      05190559 
 156 0049 26648B10 		.ascii	"&d\213\020\321\316\271o\262\251\334xy\357\276{\316="
 156      D1CEB96F 
 156      B2A9DC78 
 156      79EFBE7B 
 156      CE3D
 157 005b E7BBDFF9 		.ascii	"\347\273\337\371\316}\226\000\321\241\013qL\010q\212"
 157      CE7D9600 
 157      D1A10B71 
ARM GAS  /tmp/ccutlBR9.s 			page 12


 157      4C08718A 
 158 006b 5E300568 		.ascii	"^0\005hR\312\023\256\220\245i\372t\274\337\324\245\007"
 158      52CA13AE 
 158      90A569FA 
 158      74BCDFD4 
 158      A507
 159 007d FB1733C7 		.ascii	"\373\0273\307u\351\303m\217\221\365\350`d\243\015\000"
 159      75E9C36D 
 159      8F91F5E8 
 159      6064A30D 
 159      00
 160 008e B5921688 		.ascii	"\265\222\026\210F\015u\003\032\241\035;\021Fb\213\217"
 160      460D7503 
 160      1AA11D3B 
 160      1146628B 
 160      8F
 161 009f B5E21EDA 		.ascii	"\265\342\036\332\224\351\3169WT6\037\264Q\2108\275\316"
 161      94E9CE39 
 161      5754361F 
 161      B4518838 
 161      BDCE
 162 00b1 800128A6 		.ascii	"\200\001(\246\270\205p\367O_\033\332\010\240\223ym\362"
 162      B88570F7 
 162      4F5F1BDA 
 162      08A09379 
 162      6DF2
 163 00c3 E184874D 		.ascii	"\341\204\207M\015\012\311l\236\355\214\"\036\001A\353"
 163      0D0AC96C 
 163      9EED8C22 
 163      1E0141EB 
 164 00d3 A69B1DBD 		.ascii	"\246\233\035\275\336\242\244\224a\231\316\334Fy\310"
 164      DEA2A494 
 164      6199CEDC 
 164      4679C8
 165 00e2 46841420 		.ascii	"F\204\024 A\302\020\024\300 \024\010A>\202\036\206\""
 165      41C21014 
 165      C0201408 
 165      413E821E 
 165      8622
 166 00f4 4A58EB4F 		.ascii	"JX\353O^\365\342Q\225\334\275\336\323\356\312&o$U\262"
 166      5EF5E251 
 166      95DCBDDE 
 166      D3EECA26 
 166      6F2455B2 
 167 0108 0E4FFE4B 		.ascii	"\016O\376K&M \015E\202S>>\330\274\3567\365,ex\312\""
 167      264D200D 
 167      4582533E 
 167      3ED8BCEE 
 167      37F52C65 
 168 011f D13781E2 		.ascii	"\3217\201\342\336\234\221\226\233[1\231^\276\003\357"
 168      DE9C9196 
 168      9B5B3199 
 168      5EBE03EF 
 169 012f 4EE60365 		.ascii	"N\346\003e\032\032M&\362\244\323\3442\330g\262\351\342"
 169      1A1A4D26 
 169      F2A4D3E4 
 169      32D867B2 
ARM GAS  /tmp/ccutlBR9.s 			page 13


 169      E9E2
 170 0141 C9A2C972 		.ascii	"\311\242\311r\323\344\366\360\256\227W~`\242y\340\234"
 170      D3E4F6F0 
 170      AE97577E 
 170      60A279E0 
 170      9C
 171 0152 D88282C5 		.ascii	"\330\202\202\305\322A\246\205hE\3151Bd,A\323p,\225\362"
 171      D241A685 
 171      6845CD31 
 171      42642C41 
 171      D3702C95 
 172 0167 31856E2A 		.ascii	"1\205n*\005\375\304\256\255iu\301b\241\020\004\214\020"
 172      05FDC4AE 
 172      AD6975C1 
 172      62A11004 
 172      8C10
 173 0179 FB25086F 		.ascii	"\373%\010o\304\300\211\321(L,Cs\241cr?\006\177\244\226"
 173      C4C089D1 
 173      284C2C43 
 173      73A16372 
 173      3F067FA4 
 174 018e DC110887 		.ascii	"\334\021\010\207\250\015\2368r%\243\020\001A\301\264"
 174      A80D9E38 
 174      7225A310 
 174      0141C1B4 
 175 019e 3BBEBA32 		.ascii	";\276\2722\017\214f\022\3323(\260\321+>A\344KY\026\200"
 175      0F8C6612 
 175      DA3328B0 
 175      D12B3E41 
 175      E44B5916 
 176 01b3 7DAA6BAD 		.ascii	"}\252k\255\2107\350\022 \023C:r\310\355Dp\357\322o\357"
 176      8837E812 
 176      2013433A 
 176      72C8ED44 
 176      70EFD26F 
 177 01c8 BFD99384 		.ascii	"\277\331\223\204D\210\230\027\332\350#\242\212\031\213"
 177      44889817 
 177      DAE823A2 
 177      8A198B
 178 01d7 D9F7A867 		.ascii	"\331\367\250g\306_\332'\257\250-?\214A\022\272\034a"
 178      C65FDA27 
 178      AFA82D3F 
 178      8C4112BA 
 178      1C61
 179 01e9 9F432997 		.ascii	"\237C)\2278\360\233\274\341\240%\344T\227\311\224\374"
 179      38F09BBC 
 179      E1A025E4 
 179      5497C994 
 179      FC
 180 01fa 1080F17F 		.ascii	"\020\200\361\177\012\344\260\234\002];\027\370\302)"
 180      0AE4B09C 
 180      025D3B17 
 180      F8C229
 181 0209 D0DCA122 		.ascii	"\320\334\241\"WNE\372\350\327\304\007\301\025\351\313"
 181      574E45FA 
 181      E8D7C407 
 181      C115E9CB 
ARM GAS  /tmp/ccutlBR9.s 			page 14


 182 0219 105190EA 		.ascii	"\020Q\220\352\312\364f\266\024\240e\343\2368j\0048\301"
 182      CAF466B6 
 182      14A065E3 
 182      9E386A04 
 182      38C1
 183 022b 80B9E207 		.ascii	"\200\271\342\007\224\231{t \301U\221\363\275\374>\355"
 183      94997B74 
 183      20C15591 
 183      F3BDFC3E 
 183      ED
 184 023c 6135F26C 		.ascii	"a5\362l\314\203)\312\204\311\254\030k\237\307\206-\216"
 184      CC8329CA 
 184      84C9AC18 
 184      6B9FC786 
 184      2D8E
 185 024e EF526A04 		.ascii	"\357Rj\004 Cj8\027l\232\342l\334\253x\031\271W <tw\005"
 185      20436A38 
 185      176C9AE2 
 185      6CDCAB78 
 185      19B95720 
 186 0266 1DEED6AE 		.ascii	"\035\356\326\256\264\316\207\227Jk`\255g\224\326\333"
 186      B4CE8797 
 186      4A6B60AD 
 186      6794D6DB 
 187 0276 5D73EF0A 		.ascii	"]s\357\012i\037\274RH\032#\315\376\215\344\331e\377"
 187      691FBC52 
 187      481A23CD 
 187      FE8DE4D9 
 187      65FF
 188 0288 E7FEF4FF 		.ascii	"\347\376\364\377\265\323\377\365h\266\267^\342E\200"
 188      B5D3FFF5 
 188      68B6B75E 
 188      E24580
 189 0297 D4DEE88E 		.ascii	"\324\336\350\216\275\330\037W\377\370\274\323\\K%\220"
 189      BDD81F57 
 189      FFF8BCD3 
 189      5C4B2590 
 190 02a7 C607C437 		.ascii	"\306\007\3047\010\337\032lw\204\344\321\202\260E\003"
 190      08DF1A6C 
 190      7784E4D1 
 190      82B04503 
 191 02b7 D51F25C4 		.ascii	"\325\037%\304\341\222\222 =\347\253\352/V\325\006\313"
 191      E1929220 
 191      3DE7ABEA 
 191      2F56D506 
 191      CB
 192 02c8 AA6B2A6A 		.ascii	"\252k*jN\237\011\3265\004\253\313k\203\015\365\225\374"
 192      4E9F09D6 
 192      3504ABCB 
 192      6B830DF5 
 192      95FC
 193 02da 3D7BA9BC 		.ascii	"={\251\274\266\244R`\305\345\006\375B\335\271\252_\233"
 193      B6A45260 
 193      C5E506FD 
 193      42DDB9AA 
 193      5F9B
 194 02ec 517E76   		.ascii	"Q~v"
ARM GAS  /tmp/ccutlBR9.s 			page 15


 195              		.text
 196              		.section	.gnu.lto_palSetPadCallbackI.234b9e6eac4e691e,"e",%progbits
 197 0000 789C8591 		.ascii	"x\234\205\221\317O\023Q\020\307\347\273o\273]\012h\342"
 197      CF4F1351 
 197      10C7E7BB 
 197      6FBB5D0A 
 197      68E2
 198 0012 C984683C 		.ascii	"\311\204h<\2304\230\320\222\036LL<\230x1^<\370\007\230"
 198      983498D0 
 198      921E4C4C 
 198      3C987831 
 198      5E3CF807 
 199 0027 5289101B 		.ascii	"R\211\020\033i\212w^K\001M\015\\V@\223f1\224\312\301"
 199      698A775E 
 199      4B014D0D 
 199      5C564093 
 199      663194CA 
 200 003c A0460E2A 		.ascii	"\240F\016**kA\260\245\"r\360\240\011\007Q\014\342\217"
 200      2A6B41B0 
 200      A52272F0 
 200      A0090751 
 200      0CE28F
 201 004f C478D083 		.ascii	"\304x\320\203\324y\333\032cz\340e_\366\315\233\371\314"
 201      D479DB1A 
 201      637AE065 
 201      5FF6CD9B 
 201      F9CC
 202 0061 7CF7BB26 		.ascii	"|\367\273&\201\212\032\321Q\"\332\307\033\202\240I)"
 202      818A1AD1 
 202      5122DAC7 
 202      1B82A049 
 202      29
 203 0072 8F7913A6 		.ascii	"\217y\023\246\006\270'i\202z4\364`H\214\010\344\007"
 203      06B82769 
 203      827A34F4 
 203      60488C08 
 203      E407
 204 0084 361E68CD 		.ascii	"6\036h\31579#\235\221a_\277\354\333k\013\242k\274+\013"
 204      3739239D 
 204      91615FBF 
 204      ECDB6B0B 
 204      A26BBC2B 
 205 0099 0FD1CC75 		.ascii	"\017\321\314uk\311\314\317\206Aa\013@\347\320*N\027"
 205      6BC9CCCF 
 205      8641610B 
 205      40E7D02A 
 205      4E17
 206 00ab 7C2AD470 		.ascii	"|*\324p\200\303\271\345\362}\237h\001\361yk*\367}\227"
 206      80C3B9E5 
 206      F27D9F68 
 206      01F1796B 
 206      2AF77D97 
 207 00bf 7F42CAA4 		.ascii	"\177B\312\244t\336g\205<h\013\201\307\020\334\022\217"
 207      74DE6785 
 207      3C680B81 
 207      C710DC12 
 207      8F
ARM GAS  /tmp/ccutlBR9.s 			page 16


 208 00d0 D0841934 		.ascii	"\320\204\0314\021\361\035\267~\002\277\352\365ei\217"
 208      11F11DB7 
 208      7E02BFEA 
 208      F565698F 
 209 00e0 08B9ECEF 		.ascii	"\010\271\354\357\351\227\213\365\177\331\234\313\352"
 209      E9978BF5 
 209      7FD99CCB 
 209      EA
 210 00ed 98AD6175 		.ascii	"\230\255auf\035\227\315\257\\\036\336-\016\273p\366"
 210      661D97CD 
 210      AF5C1EDE 
 210      2D0EBB70 
 210      F6
 211 00fe CDAD7463 		.ascii	"\315\255tc\025\336\230\334\237\355\225'l\341\301\323"
 211      15DE98DC 
 211      9FED9527 
 211      6CE1C1D3 
 212 010e 1ADCC378 		.ascii	"\032\334\303x\336\305\267d\232\225\035q\361\222\225"
 212      DEC5B764 
 212      9A951D71 
 212      F19295
 213 011d DA44152F 		.ascii	"\332D\025/Uf\033\230\253\201\015\206\347\341'\205\274"
 213      55661B98 
 213      AB810D86 
 213      E7E12785 
 213      BC
 214 012e BBBB7DB5 		.ascii	"\273\273}\265\321\320\253n\341\031\014\366\237\350\366"
 214      D1D0AB6E 
 214      E1190CF6 
 214      9FE8F6
 215 013d AAC791DB 		.ascii	"\252\307\221\333\345\001\351\374\310\341\336I/\240\324"
 215      E501E9FC 
 215      C8E1DE49 
 215      2FA0D4
 216 014c B2733CD4 		.ascii	"\262s<\324\203\012\235\026\244<\327!\035\242+B\253\004"
 216      830A9D16 
 216      A43CD721 
 216      1DA22B42 
 216      AB04
 217 015e 090E3E21 		.ascii	"\011\016>!y}s\350\203\241\332\361\214\301\336ok\246"
 217      797D73E8 
 217      83A1DAF1 
 217      8CC1DE6F 
 217      6BA6
 218 0170 72DAEBAA 		.ascii	"r\332\353\252\314L\226\312u)$\023\246-\314q5\227/_\277"
 218      CC4C96CA 
 218      75292413 
 218      A62DCC71 
 218      35972F5F 
 219 0185 5D58C104 		.ascii	"]X\301\004\306a\213:,\"\005,(\261\234\371\265\372j\276"
 219      C6618B3A 
 219      2C22052C 
 219      28B19CF9 
 219      B5FA6ABE 
 220 0199 21744775 		.ascii	"!tGu\037\233\261Zl\341\303s\256\314\010\245S\025\\\372"
 220      1F9BB15A 
 220      6CE1C373 
ARM GAS  /tmp/ccutlBR9.s 			page 17


 220      AECC08A5 
 220      53155CFA 
 221 01ad 2C73DED6 		.ascii	",s\336\326)\267`\3262\224a\005\204F+\037TDk\206\177"
 221      29B760D6 
 221      32946105 
 221      84462B1F 
 221      54446B86 
 222 01c2 94AB68B4 		.ascii	"\224\253h\264\317[U\264\263\204\245\035$\224\376\223"
 222      CF5B55B4 
 222      B384A51D 
 222      2494FE93 
 223 01d2 D09FBA51 		.ascii	"\320\237\272Q\250\257JXW\022\014\274P\022T\036\313J"
 223      A8AF4A58 
 223      57120CBC 
 223      5012541E 
 223      CB4A
 224 01e4 8287BE22 		.ascii	"\202\207\276\"9\366\321\202k\261Zi\201\177\366\021\035"
 224      39F6D182 
 224      6BB15A69 
 224      817FF611 
 224      1D
 225 01f5 0A0482FC 		.ascii	"\012\004\202\374\234o\217_h\217\006\217wt\266u\236:"
 225      9C6F8F5F 
 225      688F068F 
 225      7774B675 
 225      9E3A
 226 0207 1DECEA0E 		.ascii	"\035\354\352\016v\204\243\301\356xD\275\317\304\302"
 226      7684A3C1 
 226      EE7844BD 
 226      CFC4C2
 227 0216 D14084F4 		.ascii	"\321@\204\364XW\374\242\210\205\317j\2216\021\216\237"
 227      5857FCA2 
 227      8885CF6A 
 227      9136118E 
 227      9F
 228 0227 FB03E6E7 		.ascii	"\373\003\346\347\367#"
 228      F723
 229              		.text
 230              		.section	.gnu.lto_palSetLineCallbackI.234b9e6eac4e691e,"e",%progbits
 231 0000 789C8592 		.ascii	"x\234\205\222]K\024a\024\307\317\177\316\354\354\254"
 231      5D4B1461 
 231      14C7CF7F 
 231      CEECECAC 
 232 0010 29DE0A12 		.ascii	")\336\012\022t\021,\006\356\312B\320e\320\007\350\242"
 232      74112C06 
 232      EECA42D0 
 232      65D007E8 
 232      A2
 233 0021 0F10EBB2 		.ascii	"\017\020\353\262\244\264X\254\037\300g\327u-6\364\""
 233      A4B458AC 
 233      1FC067D7 
 233      752D36F4 
 233      22
 234 0032 57CB58C6 		.ascii	"W\313X\306\360\245.B\015\274\360\245r2\263\32660\243"
 234      F0A52E42 
 234      0DBCF0A5 
 234      7232B3D6 
ARM GAS  /tmp/ccutlBR9.s 			page 18


 234      3630A3
 235 0045 880A2F7A 		.ascii	"\210\012/zE{\203\350\242\"\264\363\314,Dx\3410\017\363"
 235      457B83E8 
 235      A222B4F3 
 235      CC2C4478 
 235      E1300FF3 
 236 0059 9CE79CFF 		.ascii	"\234\347\234\377y~\347\317\330\004\2323\210\216\020"
 236      797EE7CF 
 236      D8049A33 
 236      888E10
 237 0068 D17E5960 		.ascii	"\321~Y`\202\241\224:\032\314\330\006\340\355\224\015"
 237      82A1943A 
 237      1ACCD806 
 237      E0ED940D 
 238 0078 EA32D085 		.ascii	"\3522\320\205~\036b,\365~\2303\232\256IF\271C/j\362"
 238      7E1E622C 
 238      F57E9833 
 238      9AAE4946 
 238      B9432F6A 
 239 008d AAA7C161 		.ascii	"\252\247\301a\242\313\262\374\007\363h\222\272\215l"
 239      A2CBB2FC 
 239      07F36892 
 239      BA8D6C
 240 009c E9676D1F 		.ascii	"\351gm\037;\014\230\022\016\254\316\224kth\340\200\204"
 240      3B0C9812 
 240      0EACCE94 
 240      6B7468E0 
 240      8084
 241 00ae 57B6BFE7 		.ascii	"W\266\277\347\301\315 \331\217\315\376~g\207\307\225"
 241      C1CD20D9 
 241      8FCDFE7E 
 241      6787C795 
 242 00be CA2AF7F5 		.ascii	"\312*\367\365\030\253\203\0163n\203\245%n\241\021\013"
 242      18AB830E 
 242      336E83A5 
 242      256EA111 
 242      0B
 243 00cf 68249233 		.ascii	"h$\2223i}\007a\215\260v~\260\236c\276\370\345\215B]"
 243      697D0761 
 243      8DB0767E 
 243      B09E63BE 
 243      F8E58D42 
 244 00e4 55FC67C2 		.ascii	"U\374g\302\023\233X\334%6E\354z\342O\252 \275\017{\342"
 244      139B58DC 
 244      253645EC 
 244      7AE24FAA 
 244      20BD0F7B 
 245 00f9 CA406E13 		.ascii	"\312@n\023Uq\245aX\271\246\303\001\334\335\245\016\210"
 245      5571A561 
 245      58B9A6C3 
 245      01DCDDA5 
 245      0E88
 246 010b 7A0961D2 		.ascii	"z\011a\322\23277\267\213u\226Y\035\030\367`\211\205"
 246      9A3737B7 
 246      8B759659 
 246      1D18F760 
 246      8985
ARM GAS  /tmp/ccutlBR9.s 			page 19


 247 011d 4453EB01 		.ascii	"DS\353\001Wm\357\364*\367G\303\374dH,s\330\022\007\205"
 247      576DEFF4 
 247      2AF747C3 
 247      FC64482C 
 247      73D81207 
 248 0132 D884BEDA 		.ascii	"\330\204\276\332\202\337\242\300\244\2753\241\\\242"
 248      82DFA2C0 
 248      A4BD33A1 
 248      5CA2
 249 0140 0B6CF841 		.ascii	"\013l\370AF\202-t\017\366~y6\003\335\264\304(\261!\367"
 249      46822D74 
 249      0FF67E79 
 249      3603DDB4 
 249      C428B121 
 250 0155 B9D3179F 		.ascii	"\271\323\027\237\006\265q\026\352\261,<[\310\016oN\275"
 250      06B57116 
 250      EAB12C3C 
 250      5BC80E6F 
 250      4EBD
 251 0167 B77495E4 		.ascii	"\267t\225\344\373\272\277m\330:\037\364F*]\257\354\204"
 251      FBBABF6D 
 251      D83A1FF4 
 251      462A5DAF 
 251      EC84
 252 0179 72C8666C 		.ascii	"r\310fl\207\355Q\315(\207\317_\255\254a\034\243p8\204"
 252      87ED51CD 
 252      2887CF5F 
 252      ADAC611C 
 252      A3703884 
 253 018d 15E480FB 		.ascii	"\025\344\200\373z0\311\374Z\177\262\\\033\233\326\020"
 253      7A30C9FC 
 253      5A7FB25C 
 253      1B9BD610 
 254 019d 230BC566 		.ascii	"#\013\305f\207k\360@*\345v\362\245\347>\253\211`\313"
 254      876BF040 
 254      2AE576F2 
 254      A5E73EAB 
 254      8960CB
 255 01b0 A457B058 		.ascii	"\244W\260X\264\264\273\017\021\273\344\017_FKI\254\365"
 255      B4B4BB0F 
 255      11BBE40F 
 255      5F464B49 
 255      ACF5
 256 01c2 88667B82 		.ascii	"\210f{\202U\242\275\021V\367@x\364\037B>w\265\274\257"
 256      55A2BD11 
 256      56F74078 
 256      F41F423E 
 256      77B5BCAF 
 257 01d6 8AF05623 		.ascii	"\212\360V#\004P\321\010:\217\307\032\301\242\257\310"
 257      0450D108 
 257      3A8FC71A 
 257      C1A2AFC8 
 258 01e6 8E7C2C7A 		.ascii	"\216|,z\316y?a\201\361\317e\242C\221HT\336\323\311t"
 258      CE793F61 
 258      81F1CF65 
 258      A2439148 
 258      54DED3C9 
ARM GAS  /tmp/ccutlBR9.s 			page 20


 259 01fb 4732153D 		.ascii	"G2\025=\326\326\336\332~\374D\364Lg\264-\236\212v\246"
 259      D6D6DEDA 
 259      7EFC44F4 
 259      4C67B42D 
 259      9E8A76A6 
 260 020f 13FA7BF2 		.ascii	"\023\372{\362l<\025I\220\231j\357H\032\211V\216\247"
 260      6C3C1549 
 260      90996AEF 
 260      481A8956 
 260      8EA7
 261 0221 4FFD0541 		.ascii	"O\375\005A\252\360I"
 261      AAF049
 262              		.text
 263              		.section	.gnu.lto_.symbol_nodes.234b9e6eac4e691e,"e",%progbits
 264 0000 789C75CE 		.ascii	"x\234u\316\273\015\302P\014\205\341\343\343\233\204"
 264      BB0DC250 
 264      0C85E1E3 
 264      E39B84
 265 000f C7102026 		.ascii	"\307\020 &\201]`\016\247`\000jZ*\336\217P\321B\211\330"
 265      815D600E 
 265      A760006A 
 265      5A2ADE8F 
 265      50D14289 
 266 0024 0109D130 		.ascii	"\001\011\3210\004\334pQB\221\270\262\364\375\222\335"
 266      04DC7051 
 266      4291B8B2 
 266      F4FD92DD 
 267 0034 80602400 		.ascii	"\200`$\0008\247!\365\343dr\003\0148\245\003\344\202"
 267      38A721F5 
 267      E3647203 
 267      0C38A503 
 267      E482
 268 0046 6847A43D 		.ascii	"hG\244=@\271\240IM\263\247\204fIcMs C\263\242iMs\244"
 268      40B9A049 
 268      4DB3A784 
 268      6649634D 
 268      732043B3 
 269 005f 76F377D6 		.ascii	"v\363w\3264W\235\310\226\026\275\177\323\3712\374\347"
 269      34579DC8 
 269      9616BD7F 
 269      D3F932FC 
 269      E7
 270 0070 7D2F1B5A 		.ascii	"}/\033Z\\-\031-\251\024E+\234\031\372m\232=\257*\343"
 270      5C2D192D 
 270      A914452B 
 270      9C19FA6D 
 270      9A3DAF2A 
 271 0085 58D13CBF 		.ascii	"X\321<\277fw\310%V\026\316\322Y\272+\334\225\356\376"
 271      6677C825 
 271      5616CED2 
 271      59BA2BDC 
 271      95EEFE
 272 0098 BC1DFC91 		.ascii	"\274\035\374\221\340\003\031RkW"
 272      E0031952 
 272      6B57
 273              		.text
 274              		.section	.gnu.lto_.refs.234b9e6eac4e691e,"e",%progbits
ARM GAS  /tmp/ccutlBR9.s 			page 21


 275 0000 789C0DC4 		.ascii	"x\234\015\304\301\021\000 \010\003\301\\Pa\250\202\376"
 275      C1110020 
 275      0803C15C 
 275      5061A882 
 275      FE
 276 0011 AB947D6C 		.ascii	"\253\224}l\011\215\264\233\306\216\346\370\266\037\011"
 276      098DB49B 
 276      C68EE6F8 
 276      B61F09
 277 0020 69D74686 		.ascii	"i\327F\206>\015\014\000\232"
 277      3E0D0C00 
 277      9A
 278              		.text
 279              		.section	.gnu.lto_.decls.234b9e6eac4e691e,"e",%progbits
 280 0000 789C9D59 		.ascii	"x\234\235YyPTG\032\177\375z\006\206a\006,4\327\262\225"
 280      79505447 
 280      1A7FFD7A 
 280      06866106 
 280      2C34D7B2 
 281 0015 D2148949 		.ascii	"\322\024\211I6\221$fs\355\376\341zl\222Z\023(\314Q\326"
 281      36912466 
 281      73EDFEE1 
 281      7A6C925A 
 281      1328CC51 
 282 002a EED60411 		.ascii	"\356\326\004\021\204\012\202\005C\216\255\332\315c\206"
 282      840A8205 
 282      438EADDA 
 282      CD6386
 283 0039 43F102BC 		.ascii	"C\361\002\274@b8<Q.\317D\001\031\0065\034\"\367!\212"
 283      4062383C 
 283      512ECF44 
 283      01190635 
 283      1C22F721 
 284 004e 22727821 		.ascii	"\"rx!\212\202\210\"\373u\367{3o\206\031\327\315\303"
 284      8A828822 
 284      FB75F77B 
 284      336F8619 
 284      D7CDC3
 285 0061 6FFA75F7 		.ascii	"o\372u\367w\374\276\257\273\277~\335\2528\304\215?\307"
 285      77FCBEAF 
 285      BBBF7EDD 
 285      AA38C48D 
 285      3FC7
 286 0073 717FC21C 		.ascii	"q\177\302\034\247\001\232\200\307\205\343\270\006 5"
 286      A7019A80 
 286      C785E3B8 
 286      062035
 287 0082 503B500F 		.ascii	"P;P\017\020i\253\000\352\003z\006q\334s@\317\003-\203"
 287      1069AB00 
 287      EA037A06 
 287      71DC7340 
 287      CF032D83 
 288 0096 FA7428C9 		.ascii	"\372t(\311\243\002z\005\336g\001\315\006\372\000h\016"
 288      A3027A05 
 288      DE6701CD 
 288      06FA0068 
 288      0E
ARM GAS  /tmp/ccutlBR9.s 			page 22


 289 00a7 D002207F 		.ascii	"\320\002 \177\240/\200\024\300\363\025\224!@a@\337\211"
 289      A02F8014 
 289      C0F31594 
 289      21406140 
 289      DF89
 290 00b9 B2D2B388 		.ascii	"\262\322\263\210\347\270\247\241\364\002\232&\332$\030"
 290      E7B8A7A1 
 290      F4029A26 
 290      DA2418
 291 00c8 FE851886 		.ascii	"\376\205\030\206\305@O\303\373L(\377\015\245\037P\033"
 291      C5404FC3 
 291      FB4C28FF 
 291      0DA51F50 
 291      1B
 292 00d9 BCFF07CA 		.ascii	"\274\377\007\312\037\200\004\240\177\000\315\007\212"
 292      1F8004A0 
 292      7F00CD07 
 292      8A
 293 00e6 0532003D 		.ascii	"\0052\000=\005t\015x\214\242\375f\240F\240)Po\201\022"
 293      05740D78 
 293      8CA2FD66 
 293      A046A029 
 293      506F8112 
 294 00fa 8BB8FD45 		.ascii	"\213\270\375E\254H\304(\177\376\011\270 L\\\250\014"
 294      AC48C428 
 294      7FFE09B8 
 294      204C5CA8 
 294      0C
 295 010b 5BBB886F 		.ascii	"[\273\210o\320\016\337L\021\243#|q@A\">\243\035\306"
 295      D00EDF4C 
 295      11A3237C 
 295      71404122 
 295      3EA31DC6 
 296 011f 098EE154 		.ascii	"\011\216\341T\212\030[D\234\236\320\367H\3049\313\016"
 296      8A185B44 
 296      9C9ED0F7 
 296      48C439CB 
 296      0E
 297 0130 67881DCE 		.ascii	"g\210\035\316eb\374\354q\366\375\0371$\343}\231\263"
 297      6562FCEC 
 297      71F6FD1F 
 297      3124E37D 
 297      99B3
 298 0142 C690E08C 		.ascii	"\306\220\340\214\007\372\0341\014R\374\010>\022\317"
 298      07FA1C31 
 298      0C52FC08 
 298      3E12CF
 299 0151 D9324C5F 		.ascii	"\3312L_\210\270\302\354p\305\000.w;\\\366\363(\001\312"
 299      88B8C2EC 
 299      70C5002E 
 299      773B5CF6 
 299      F32801CA 
 300 0165 44A06F81 		.ascii	"D\240o\201\276\001\002\021.\032J\275\250\363\003\261"
 300      BE010211 
 300      2E1A4ABD 
 300      A8F303B1 
 301 0175 B49F33B1 		.ascii	"\264\2373\261\016tO\227\351\235\371\004\272\3478\321"
ARM GAS  /tmp/ccutlBR9.s 			page 23


 301      0E744F97 
 301      E99DF904 
 301      BAE738D1 
 302 0185 BD05A30B 		.ascii	"\275\005\243\013\206m\243\232u\030y\251\221\002\252"
 302      866DA39A 
 302      751879A9 
 302      9102AA
 303 0194 1BAB0F55 		.ascii	"\033\253\017U\251\241:M\215\246C\265lbs\231\202\365"
 303      A9A13A4D 
 303      8DA643B5 
 303      6C627399 
 303      82F5
 304 01a6 AAA03AB1 		.ascii	"\252\240:\261\253h\225\012\363\210\010\226$\214\037"
 304      AB68950A 
 304      F3880896 
 304      248C1F
 305 01b5 7785AE99 		.ascii	"w\205\256\231jD\226\225'4\375:8\320\214X\023\3418\330"
 305      6A449695 
 305      2734FD3A 
 305      38D08C58 
 305      13E138D8 
 306 01c9 3D50A9C1 		.ascii	"=P\251\301\256\364\375\306\341\356H\337|\201=\2520\016"
 306      AEF4FDC6 
 306      E1EE48DF 
 306      7C813DAA 
 306      300E
 307 01db 9910B682 		.ascii	"\231\020\266\202\210;1\222\242\305\037P\316\354\323"
 307      883B3192 
 307      A2C51F50 
 307      CEECD3
 308 01ea 9DF19EEA 		.ascii	"\235\361\236\352\225\202`\020\262\214\202\333G\034*"
 308      95826010 
 308      B28C82DB 
 308      471C2A
 309 01f9 46DEE818 		.ascii	"F\336\350\030\362\346\220\031Q\335\345\310\027\225A"
 309      F2E69019 
 309      51DDE5C8 
 309      179541
 310 0208 DB716803 		.ascii	"\333qh\003\201\226\333C\233=\360\207T\370\\\374\376"
 310      8196DB43 
 310      9B3DF087 
 310      54F85CFC 
 310      FE
 311 0219 75686A8A 		.ascii	"uhj\212hG@\314_t\022M%R\2425S\355\350!%\376\224\012"
 311      684740CC 
 311      5F74124D 
 311      2552A235 
 311      53EDE821 
 312 0231 B4B457AE 		.ascii	"\264\264W\256\363\264\027@\247\300\220\255\314\372\346"
 312      F3B41740 
 312      A7C090AD 
 312      CCFAE6
 313 0240 E2532E9A 		.ascii	"\342S.\232$\013*\364+tK\3008T\2114\214\357\347Ui\375"
 313      240B2AF4 
 313      2B744BC0 
 313      38548934 
 313      8CEFE755 
ARM GAS  /tmp/ccutlBR9.s 			page 24


 314 0256 5AFC77AA 		.ascii	"Z\374w\252{{ik\205\306\231\014\252\002\033\026\261\334"
 314      7B7B696B 
 314      85C6990C 
 314      AA021B16 
 314      B1DC
 315 0268 E175196A 		.ascii	"\341u\031j\026g\015T\217\265\324\344x\260Q\350\"\335"
 315      16670D54 
 315      8FB5D4E4 
 315      78B051E8 
 315      22DD
 316 027a 7737745C 		.ascii	"w7t\\\364\300!6q_<9\356\213Y\334o\324\3275!\274\234"
 316      F4C02136 
 316      715F3C39 
 316      EE8B59DC 
 316      6FD4D735 
 317 0291 BEA79FD8 		.ascii	"\276\247\237\330\322\240v\034\315zD%H4\353\240\355\014"
 317      D2A0761C 
 317      CD7A4425 
 317      4834EBA0 
 317      ED0C
 318 02a3 8DA6E246 		.ascii	"\215\246\342F\243\341\204\032\371L\365\361\311!B\246"
 318      A3E1841A 
 318      F94CF5F1 
 318      C92142A6 
 319 02b3 B6CCD70A 		.ascii	"\266\314\327\012\207\256\010B\352\263\250\032i\320\011"
 319      87AE0842 
 319      EAB3A81A 
 319      69D009
 320 02c2 106AB271 		.ascii	"\020j\262q\335\227\374\274\011?4\210\311$\210\012\016"
 320      DD97FCBC 
 320      093F3488 
 320      C924880A 
 320      0E
 321 02d3 9D86FE1A 		.ascii	"\235\206\376\032\332\337\304\342\210\032\221\017j\001"
 321      DADFC4E2 
 321      881A910F 
 321      6A01
 322 02e1 6A463E24 		.ascii	"jF>$\246L\373\265\367\266\012\2468\027\324\200\324\250"
 322      A64CFBB5 
 322      F7B60AA6 
 322      3817D480 
 322      D4A8
 323 02f3 7692EA12 		.ascii	"v\222\352\022$\351f\334\325\"w\005p\227:\006RL^\301"
 323      24E966DC 
 323      D5227705 
 323      70973A06 
 323      524C5EC1 
 324 0307 EFFBB977 		.ascii	"\357\373\271w\356b\234\213h\020\256\\\336~X\234\025"
 324      EE629C8B 
 324      6810AE5C 
 324      DE7E589C 
 324      15
 325 0318 C9429C0D 		.ascii	"\311B\234\015>\324*\352q\000\021$S7\325\033m\206\260"
 325      3ED42AEA 
 325      71001124 
 325      5337D51B 
 325      6D86B0
ARM GAS  /tmp/ccutlBR9.s 			page 25


 326 032b CDC6643B 		.ascii	"\315\306d;\035?R\220\241?ue\247\270\222\264P\255\314"
 326      1D3F5290 
 326      A13F7565 
 326      A7B892B4 
 326      50ADCC
 327 033e AC3DE641 		.ascii	"\254=\346A\"/\210\242\320n\225\354@j\202\030\235es\270"
 327      222F88A2 
 327      D06E95EC 
 327      406A8218 
 327      9D6573B8 
 328 0352 383BA1C2 		.ascii	"8;\241\302\205\311z@\365\300\232\276!\015\033\377[t"
 328      85C97A40 
 328      F5C09ABE 
 328      210D1BFF 
 328      5B74
 329 0364 968E968E 		.ascii	"\226\216\226\216ip!\365\006\307&\215\235\305H\355\215"
 329      697021F5 
 329      06C7268D 
 329      9DC548ED 
 329      8D
 330 0375 4019A223 		.ascii	"@\031\242#+l\027\360\263\034\232\355\215\336\000\217"
 330      2B6C17F0 
 330      B31C9AED 
 330      8DDE008F 
 331 0385 3AC1A30B 		.ascii	":\301\243\013D\375E`\350\002\375\351\202\2126\244\013"
 331      44FD4560 
 331      E802FDE9 
 331      828A36A4 
 331      0B
 332 0396 C07DEB07 		.ascii	"\300}\353\007\372\016J;\216\335\253\305^\311\342\250"
 332      FA0E4A3B 
 332      8EDDABC5 
 332      5EC9E2A8 
 333 03a6 CD41A41D 		.ascii	"\315A\244\035\235\007\231s\024\341%\344\305`\322@\254"
 333      9D079973 
 333      14E125E4 
 333      C560D240 
 333      AC
 334 03b7 EC192E75 		.ascii	"\354\031.uW\213\326\342\036g\015\230\313\253j;x\271"
 334      578BD6E2 
 334      1E670D98 
 334      CBAB6A3B 
 334      78B9
 335 03c9 E6EEC768 		.ascii	"\346\356\307h\336\231\231~\006\313C|\031y\311\002\325"
 335      DE99997E 
 335      06CB437C 
 335      1979C902 
 335      D5
 336 03da C342DC43 		.ascii	"\303B\334CC\274\2676\367\241\002\037b\243:\222P7\352"
 336      43BCB736 
 336      F7A1021F 
 336      62A33A92 
 336      5037EA
 337 03ed EA786AF7 		.ascii	"\352xj\367NN\024\250\017\251e\371\315\213\345\267\242"
 337      4E4E14A8 
 337      0FA965F9 
 337      CD8BE5B7 
ARM GAS  /tmp/ccutlBR9.s 			page 26


 337      A2
 338 03fe 898D5D5A 		.ascii	"\211\215]Z\\\312\024\346\356H\311q\301fV\251zx\362W"
 338      5CCA14E6 
 338      EE48C971 
 338      C16656A9 
 338      7A78F257 
 339 0412 0DD16E9C 		.ascii	"\015\321n\234\244\375\252\3034\224\177dM\206+\323\374"
 339      A4FDAAC3 
 339      34947F64 
 339      4D862BD3 
 339      FC
 340 0423 2C54BB0D 		.ascii	",T\273\015\207*\265\270\206)[\273\321lV\340\006V\331"
 340      872AB5B8 
 340      86295BBB 
 340      D16C56E0 
 340      0656D9
 341 0436 9E9E92A8 		.ascii	"\236\236\222\250\304\255\254\262\265k_\266\306\261\023"
 341      C4ADACB2 
 341      B56B5FB6 
 341      C6B113
 342 0445 8ECDE4A6 		.ascii	"\216\315\344\246&\027\251q;\223\316n\2517 6O\246@5\341"
 342      2617A971 
 342      3B93CE6E 
 342      A9372036 
 342      4FA64035 
 343 045a 6472B196 		.ascii	"dr\261\226A\340\241\232\266\267m\314\015w\210V\017\347"
 343      41E0A19A 
 343      B6B76DCC 
 343      0D778856 
 343      0FE7
 344 046c EFF184BE 		.ascii	"\357\361\204\276\227H\332\300\262\244\361\022K\032\307"
 344      9748DAC0 
 344      B2A4F112 
 344      4B1AC7
 345 047b 53CEF5A9 		.ascii	"S\316\365\251q\027cn\310\036^)\346\340d\243\240|\231"
 345      7117636E 
 345      C81E5E29 
 345      E6E064A3 
 345      A07C99
 346 048e 43B701C1 		.ascii	"C\267\001\301\020A5\202\250\010A5\014mw\031*\303hN\211"
 346      10413582 
 346      A8084135 
 346      0C6D7719 
 346      2AC3684E 
 347 04a3 0A5F6513 		.ascii	"\012_e\023\364R\326\203q\232B\330\252\275^\372F\306"
 347      F452D683 
 347      719A42D8 
 347      AABD5EFA 
 347      46C6
 348 04b5 014188D7 		.ascii	"\001A\210\327\240{0\015FA~\014\026\221\244\320a\002"
 348      A07B300D 
 348      46417E0C 
 348      1691A4D0 
 348      6102
 349 04c7 E139D90C 		.ascii	"\3419\331\014\030\023W\347}X\231\017l\222\207w\272`"
 349      181357E7 
 349      7D58990F 
ARM GAS  /tmp/ccutlBR9.s 			page 27


 349      6C928777 
 349      BA60
 350 04d9 32B850B5 		.ascii	"2\270P\265w\034\253\275\315\322\001\256k9]\341\211\246"
 350      771CABBD 
 350      CDD201AE 
 350      6B395DE1 
 350      89A6
 351 04eb F9F8A48A 		.ascii	"\371\370\244\212\353\221&\001\253\215\207h\032\265\361"
 351      EB912601 
 351      AB8D8768 
 351      1AB5F1
 352 04fa 086C8C5B 		.ascii	"\010l\214[l\010\202i$\303#\226\032!\312o\201\021\302"
 352      6C088269 
 352      24C32396 
 352      1A21CA6F 
 352      8111C2
 353 050d E920F931 		.ascii	"\351 \3711D\255\031^\333\215B\345Wh\020 \335t\316\015"
 353      44AD195E 
 353      DB8D42E5 
 353      57681020 
 353      DD74CE0D 
 354 0521 11DBD7BD 		.ascii	"\021\333\327\275\247B3\015\340\304>\031\034\331h{\261"
 354      A742330D 
 354      E0C43E19 
 354      1CD9687B 
 354      B1
 355 0532 D18EAB68 		.ascii	"\321\216\253h9\254\301\005l7\356\255)4\250\360\001V"
 355      39ACC105 
 355      6C37EEAD 
 355      2934A8F0 
 355      0156
 356 0544 F9A9B6A0 		.ascii	"\371\251\266\240F\211\217\260J\361\276\202F\036\227"
 356      46898FB0 
 356      4AF1BE82 
 356      461E97
 357 0553 B04ADED1 		.ascii	"\260J\336\321[\253\021>\301*\267\023\013\365\270F\224"
 357      5BAB113E 
 357      C12AB713 
 357      0BF5B846 
 357      94
 358 0564 CFB9F114 		.ascii	"\317\271\361\024S\3752\324n\336^\273K\374\0120\221\231"
 358      53FD32D4 
 358      6EDE5EBB 
 358      4BFC0A30 
 358      9199
 359 0576 349ADD93 		.ascii	"4\232\335\223\312\343\006\312\352>|\370^-\014\257\345"
 359      CAE306CA 
 359      EA3E7CF8 
 359      5E2D0CAF 
 359      E5
 360 0587 999A23C4 		.ascii	"\231\232#\304\031!9\377\236%\347k\340\372\025p}#/\317"
 360      192139FF 
 360      9E25E76B 
 360      E0FA1570 
 360      7D232FCF 
 361 059b 94FDB254 		.ascii	"\224\375\262TN\270\207~g\3456\362\366\334,\361\323\\"
 361      4EB8877E 
ARM GAS  /tmp/ccutlBR9.s 			page 28


 361      67E536F2 
 361      F6DC2CF1 
 361      D35C
 362 05ad CED8AFC9 		.ascii	"\316\330\257\311\330\343\234\260[\225\233ePnL\202r\335"
 362      D8E39CB0 
 362      5B959B65 
 362      506E4C82 
 362      72DD
 363 05bf 5E79A38C 		.ascii	"^y\243\214}\325$\345\3756\3540\031\036e\250\031\377"
 363      7DD524E5 
 363      FD36EC30 
 363      191E65A8 
 363      19FF
 364 05d1 048CD280 		.ascii	"\004\214\322\200\023\365V0\217\266\212s\202\2507LR/"
 364      13F55630 
 364      8FB68A73 
 364      82A8374C 
 364      522F
 365 05e3 F0B6ECDD 		.ascii	"\360\266\354\3352O\343'q\373\332A7{[\271c\235\350\226"
 365      324FE327 
 365      71FBDA41 
 365      377B5BB9 
 365      639DE896 
 366 05f7 B177C894 		.ascii	"\261w\310\224'8V>i'_\311{\243D\252\210p\223Y\271\201"
 366      2738563E 
 366      69275FC9 
 366      7BA344AA 
 366      88709359 
 367 060d F7412940 		.ascii	"\367A)@k\200V\003%\003\245\002\255\007Z\013\224\004"
 367      6B805603 
 367      2503A502 
 367      AD075A0B 
 367      9404
 368 061f B48E9766 		.ascii	"\264\216\227fmkc\347\302\251\0165\322\317\254\337\246"
 368      6D6B63E7 
 368      C2A90E35 
 368      D2CFACDF 
 368      A6
 369 0630 F4C8F947 		.ascii	"\364\310\371GI\236\362Mc\223\215'\233y\015\373v#_C\261"
 369      499EF24D 
 369      63938D27 
 369      9B790DFB 
 369      76235F43 
 370 0645 FBEB3D9C 		.ascii	"\373\353=\234\261\322\2570\0137\332\302\223]\246\363"
 370      B1D2AF30 
 370      0B37DAC2 
 370      935DA6F3 
 371 0655 CC9E4F71 		.ascii	"\314\236Oq+[\027\2536\026\374\331qzN\343'\3571\351<"
 371      2B5B17AB 
 371      3616FCD9 
 371      717A4EE3 
 371      27EF31E9 
 372 066a D9630AF2 		.ascii	"\331c\012\362\036\024\251\025\360\015\216\226iP\214"
 372      1E14A915 
 372      F00D8E96 
 372      69508C
 373 0679 82A869AC 		.ascii	"\202\250i\254\250\314\367|f\023\215\202Q\230\302\243"
ARM GAS  /tmp/ccutlBR9.s 			page 29


 373      A8CCF77C 
 373      66138D82 
 373      5198C2A3 
 374 0689 D0A765A9 		.ascii	"\320\247e\251*\203\177\206C[y\005\363\315\334\\0\342"
 374      2A837F86 
 374      435B7905 
 374      F3CDDC5C 
 374      30E2
 375 069b 2E070CDD 		.ascii	".\007\014\3352\337~\224\371\266?c\333\036-\356bP\317"
 375      32DF7E94 
 375      F9B63F63 
 375      DB1E2DEE 
 375      6250CF
 376 06ae 1EC8B78D 		.ascii	"\036\310\267\215\211\\\016m\003\270\026Q\364\023ut\363"
 376      895C0E6D 
 376      03B81651 
 376      F4137574 
 376      F3
 377 06bf C971B30A 		.ascii	"\311q\263\012\337d\342\247\036\244\214\2719v5\323\201"
 377      DF64E2A7 
 377      1EA48CB9 
 377      397635D3 
 377      81
 378 06d0 AB59D4D5 		.ascii	"\253Y\324\325\354\316\2562\267K\260\367\223\023\007"
 378      ECCEAE32 
 378      B74BB0F7 
 378      931307
 379 06df 4283EE88 		.ascii	"B\203\356\210#\177\344\207}I\223\022\221wB\023\322\203"
 379      237FE487 
 379      7D499312 
 379      91774213 
 379      D283
 380 06f1 C823F271 		.ascii	"\310#\362q\342\331Djc\205\364\303\332xQ\013/\036\031"
 380      E2D9446A 
 380      6385F4C3 
 380      DA78510B 
 380      2F1E19
 381 0704 109361DA 		.ascii	"\020\223a\332iU\246\232\365#\261_R\302\004\244\003\201"
 381      6955A69A 
 381      F523B15F 
 381      52C204A4 
 381      0381
 382 0716 242836F1 		.ascii	"$(6\361\2429\271\004\232\204\330\252\220\263(\225\036"
 382      A239B904 
 382      9A84D8AA 
 382      90B32895 
 382      1E
 383 0727 6439CB4C 		.ascii	"d9\313L4\233+\335\272QW,\331h\312J\337\346\220G\362"
 383      349B2BDD 
 383      BA51572C 
 383      D968CA4A 
 383      DFE69047 
 384 073c 748E86F8 		.ascii	"t\216\206\370Rc\311\270\012\247\342\307\035Uv\360\362"
 384      5263C9B8 
 384      0AA7E2C7 
 384      1D5576F0 
 384      F2
ARM GAS  /tmp/ccutlBR9.s 			page 30


 385 074d 63C7B69C 		.ascii	"c\307\266\234\237\252\224\022S\234t<!\337\254\266|\233"
 385      9FAA9412 
 385      539C743C 
 385      21DFACB6 
 385      7C9B
 386 075f CACE0FA8 		.ascii	"\312\316\017\250\344c\277\323f=\354\342\305sF\335\231"
 386      E463BFD3 
 386      663DECE2 
 386      C57346DD 
 386      99
 387 0770 8BEB5574 		.ascii	"\213\353UtjB\22387\233\312\317v\271\313\347&\371\274"
 387      6A429338 
 387      379BCACF 
 387      76B9CBE7 
 387      26F9BC
 388 0783 B64ECE3D 		.ascii	"\266N\316=dr\356\226&g\367\275\2562\374B\226\320\325"
 388      6472EE96 
 388      2667F7BD 
 388      AE32FC42 
 388      96D0D5
 389 0796 259806AF 		.ascii	"%\230\006\257\373\244\225\300\321@\255 Lh;\314\022\021"
 389      FBA495C0 
 389      D140AD20 
 389      4C683BCC 
 389      1211
 390 07a8 1179E750 		.ascii	"\021y\347P\016\337\215P6\177\211\004.\227\177\001\244"
 390      0EDF8D50 
 390      367F8904 
 390      2E977F01 
 390      A4
 391 07b9 77A7196B 		.ascii	"w\247\031k\334q%\013\300\217\371Y\231Z\212\205\030d"
 391      DC71250B 
 391      C08FF959 
 391      995A8A85 
 391      1864
 392 07cb 5846C71A 		.ascii	"XF\307\032\216"
 392      8E
 393 07d0 58F1EDE3 		.ascii	"X\361\355\343ici\332`\007\357t\361\344\023|y\022\276"
 393      696369DA 
 393      6007EF74 
 393      F1E4137C 
 393      7912BE
 394 07e3 F8752377 		.ascii	"\370u#w<E|\255\031\032Hw\360\301*\360\204\013\355\225"
 394      3C457CAD 
 394      191A4877 
 394      F0C12AF0 
 394      840BED95 
 395 07f7 01DC6B0F 		.ascii	"\001\334k\017\260\200\002\034\277py\210\307\315\014"
 395      B080021C 
 395      BF707988 
 395      C7CD0C
 396 0806 A0F168E2 		.ascii	"\240\361h\342qw\012\246\317\002pbx\334\210-\000\213"
 396      71770AA6 
 396      CF027062 
 396      78DC882D 
 396      008B
 397 0818 18C05D39 		.ascii	"\030\300]9\347\367\271:\005x\200\000\334/\001<w\264"
ARM GAS  /tmp/ccutlBR9.s 			page 31


 397      E7F7B93A 
 397      05788000 
 397      DC2F013C 
 397      77B4
 398 082a E6B2BB08 		.ascii	"\346\262\273\010\260\372y\013>`B\2052|\205\366\370\016"
 398      B0FA790B 
 398      3E604285 
 398      327C85F6 
 398      F80E
 399 083c 527CE53B 		.ascii	"R|\345;\012\275q7\203\347 \315d\366\265_p\245M\260\300"
 399      0ABD7137 
 399      83E720CD 
 399      64F6B55F 
 399      70A54DB0 
 400 0851 D16186EE 		.ascii	"\321a\206\356\307\324\342L\2366BzBGXc\362\225+\275\314"
 400      C7D4E24C 
 400      9E36427A 
 400      42475863 
 400      F2952BBD 
 401 0866 3772AAFB 		.ascii	"7r\252\373\2315nk\273\032\352\324\215\243\304\215_$"
 401      99356E6B 
 401      BB1AEAD4 
 401      8DA3C48D 
 401      5F24
 402 0878 37FA8F65 		.ascii	"7\372\217emP\210nt\274lq\003\230\320!\231\033\207\354"
 402      6D50886E 
 402      74BC6C71 
 402      0398D021 
 402      991B87EC 
 403 088c DD3846DD 		.ascii	"\3358F\335H\272!\034t\305\303O\350G\011CW\327\232^\315"
 403      48BA211C 
 403      74C5C34F 
 403      E8470943 
 403      57D79A5E 
 404 08a1 2043EE41 		.ascii	" C\356A\245\254\361\226\241\360\276\363\304ZF0\037\227"
 404      A5ACF196 
 404      A1F0BEF3 
 404      C45A4630 
 404      1F97
 405 08b3 301F389E 		.ascii	"0\0378\236\332)a\356~\325\202\271\214\244I\031\346b"
 405      DA2961EE 
 405      7ED582B9 
 405      8CA44919 
 405      E662
 406 08c5 7BCC268A 		.ascii	"{\314&\212\331tkG\032\306\253\024\024s\327Ms\262\315"
 406      D9746B47 
 406      1AC6AB14 
 406      1473D74D 
 406      73B2CD
 407 08d8 A1859C70 		.ascii	"\241\205\234p\254\353\315,\255\267\352#\033J\330\034"
 407      ACEBCD2C 
 407      ADB7EA23 
 407      1B4AD81C 
 408 08e8 375BD6DB 		.ascii	"7[\326\333\251\203E\273\220S\310'\010\344\012\011rn"
 408      A98345BB 
 408      9053C827 
 408      08E40A09 
ARM GAS  /tmp/ccutlBR9.s 			page 32


 408      726E
 409 08fa 7D7D8392 		.ascii	"}}\203\222@\206O\321\213I\370hb\302Z!\033Q.T.\303\014"
 409      40864FD1 
 409      8B49F868 
 409      62C25A21 
 409      1B512E54 
 410 0911 EFE24D07 		.ascii	"\357\342M\007\305z\377l\346\230\026\2273\254\371\206"
 410      C57AFF6C 
 410      E6981697 
 410      33ACF986 
 411 0921 072755B8 		.ascii	"\007'U\270\221U\206.\234\337\243\001@\350W*\001-\265"
 411      9155862E 
 411      9CDFA301 
 411      40E8572A 
 411      012DB5
 412 0934 855757BB 		.ascii	"\205WW\273\340v\326}\350\372\206\014%\351\256\"A\250"
 412      E076D67D 
 412      E8FA860C 
 412      25E9AE22 
 412      41A8
 413 0946 64312E8A 		.ascii	"d1.\2125\355\326\342N\306a>\327\333O\206\006\325\020"
 413      35EDD6E2 
 413      4EC6613E 
 413      D7DB4F86 
 413      06D510
 414 0959 8E6AC661 		.ascii	"\216j\306a\035B\027i\241\\\332\335\033#\265\3242\256"
 414      1D421769 
 414      A15CDADD 
 414      1B23B5D4 
 414      32AE
 415 096b CD75E61B 		.ascii	"\315u\346\033X\356\270\213<\317\324\021\307\317H\216"
 415      58EEB88B 
 415      3CCFD411 
 415      C7CF488E 
 416 097b 0BC7B30C 		.ascii	"\013\307\263\014\032p\374V\226\220\265U\230k\020\326"
 416      1A70FC56 
 416      9690B555 
 416      986B10D6 
 417 098b 08A6833C 		.ascii	"\010\246\203<aB\247$\277\321i\340&U\346z=u}`\247q\203"
 417      6142A724 
 417      BFD169E0 
 417      2655E67A 
 417      3D757D60 
 418 09a2 27EE5538 		.ascii	"'\356U8]\301\355k\372\232\024\226\264\323\310\240\025"
 418      5DC1ED6B 
 418      FA9A1496 
 418      B4D3C8A0 
 418      15
 419 09b3 AF1AAC75 		.ascii	"\257\032\254u\261,\207&\326\270\261\245w\247\213\323"
 419      B12C8726 
 419      D6B8B1A5 
 419      77A78BD3 
 420 09c3 816A2178 		.ascii	"\201j!x\233%\274\305\331\325\367\2618P\3472\361\365"
 420      9B25BCC5 
 420      D9D5F7B1 
 420      3850E732 
 420      F1F5
ARM GAS  /tmp/ccutlBR9.s 			page 33


 421 09d5 BA04933F 		.ascii	"\272\004\223?\345A\015\262aj\220\260\266\262\325\\\221"
 421      E5410DB2 
 421      616A90B0 
 421      B6B2D55C 
 421      91
 422 09e6 DA2A7ED0 		.ascii	"\332*~\320\223\315\264\265pO\236\326\351\215A;\317n"
 422      93CDB4B5 
 422      704F9ED6 
 422      E98D413B 
 422      CF6E
 423 09f8 0CDA787A 		.ascii	"\014\332xz\342\2529\325\277\0253Yw\222\270\372\315\005"
 423      E2AA39D5 
 423      BF153359 
 423      7792B8FA 
 423      CD05
 424 0a0a 4AF6C5DE 		.ascii	"J\366\305\336N\272\357\254\273\027d\177\266\357\200"
 424      4EBAEFAC 
 424      BB17647F 
 424      B6EF80
 425 0a19 EFAEB3F4 		.ascii	"\357\256\263\364K\356\034\357\305\024R\354\035\361\247"
 425      4BEE1CEF 
 425      C51452EC 
 425      1DF1A7
 426 0a28 1B94F6C7 		.ascii	"\033\224\366\307ug\314\2732~Z\255\234Q\252\314\024T"
 426      7567CCBB 
 426      327E5AAD 
 426      9C51AACC 
 426      1454
 427 0a3a E83CF490 		.ascii	"\350<\364\220\353\225\333\335eZ\\\245dG\322\332;\233"
 427      EB95DBDD 
 427      655A5CA5 
 427      6447D2DA 
 427      3B9B
 428 0a4c D5B88D55 		.ascii	"\325\270\215UJ\222\316T\241\027\267\013\365&\262[\274"
 428      4A92CE54 
 428      A117B70B 
 428      F526B25B 
 428      BC
 429 0a5d 96B64B58 		.ascii	"\226\266KX\231\034K\345\320E\010\013l\0122;\027\240"
 429      991C4BE5 
 429      D045080B 
 429      6C0A323B 
 429      17A0
 430 0a6f A5939F01 		.ascii	"\245\223\237\001o]\374\213\344\303-\311\360\300\325"
 430      6F5DFC8B 
 430      E4C32DC9 
 430      F0C0D5
 431 0a7e 69382E89 		.ascii	"i8.\211\3418\313\302\221u\361\346\200\213\275\303\326"
 431      E138CBC2 
 431      9175F1E6 
 431      808BBDC3 
 431      D6
 432 0a8f 4BA86EE2 		.ascii	"K\250n\342\303%\311\207\224\212\316}\223\034v\306|\352"
 432      C325C987 
 432      948ACE7D 
 432      931C76C6 
 432      7CEA
ARM GAS  /tmp/ccutlBR9.s 			page 34


 433 0aa1 58799E7A 		.ascii	"Xy\236zF\027u\3702s\270iK\317\000\217\007\230\217\303"
 433      461775F8 
 433      3273B869 
 433      4BCF008F 
 433      07988FC3 
 434 0ab5 AB0EB779 		.ascii	"\253\016\267y\210>v{\307f\231\342\246\023>\352 l*2\275"
 434      883E767B 
 434      C76699E2 
 434      A6133EEA 
 434      206C2A32 
 435 0aca BDD0D243 		.ascii	"\275\320\322C\035\354\243\016\3665\376\270O5\343\001"
 435      1DECA30E 
 435      F635FEB8 
 435      4F35E301 
 436 0ada D38CA8E6 		.ascii	"\323\214\250\346;\023M%\032\234\344B5o\352I\314q\023"
 436      3B134D25 
 436      1A9CE442 
 436      356FEA49 
 436      CC7113
 437 0aed 35773C2F 		.ascii	"5w</jFL3l\007\262\033\225+\320\322O5_\245\232\263Z:"
 437      6A464C33 
 437      6C07B21B 
 437      952BD0D2 
 437      4F355FA5 
 438 0b05 7B34388D 		.ascii	"{48\215\251\311\237\350\317\360d3E@\2443\257\243Z<\334"
 438      A9C99FE8 
 438      CFF06433 
 438      4540A433 
 438      AFA35A3C 
 439 0b1a 09E452D7 		.ascii	"\011\344R\327T\264\241I\274\270 \227\211\331\355\303"
 439      54B4A149 
 439      BCB82097 
 439      89D9EDC3 
 440 0b2a 1DCEEFAD 		.ascii	"\035\316\357\255n\212a\037`a7\327\257\332\354\211w\210"
 440      6E8A611F 
 440      606137D7 
 440      AFDAEC89 
 440      7788
 441 0b3c 78F7963F 		.ascii	"x\367\226?\024o\255L\244~]X]\212\360n\332\211\315\375"
 441      146FAD4C 
 441      A47E5D58 
 441      5D8AF06E 
 441      DA89CDFD 
 442 0b50 4346359A 		.ascii	"CF5\232\352\343cs\024\270\005\243\317NoC\3429\340\016"
 442      EAE36373 
 442      14B805A3 
 442      CF4E6F43 
 442      E239E00E 
 443 0b64 7CE7DFE5 		.ascii	"|\347\337\345e\247\374\266\314\267\363\304\013H\262"
 443      65A7FCB6 
 443      CCB7F3C4 
 443      0B48B2
 444 0b73 190C82AB 		.ascii	"\031\014\202\253C\216\217-\214\377L\3764v\336\202\335"
 444      438E8F2D 
 444      8CFF4CFE 
 444      3476DE82 
 444      DD
ARM GAS  /tmp/ccutlBR9.s 			page 35


 445 0b84 E4B66366 		.ascii	"\344\266cf\351\222\260dcw\242;\336\307\320\033:V'k\247"
 445      E992B064 
 445      6377A23B 
 445      DEC7D01B 
 445      3A56276B 
 446 0b99 3A448786 		.ascii	":D\207\206E=v\000\311\346z!\245Yk\235J\0124\002l7@\356"
 446      453D7600 
 446      C9E67A21 
 446      A5596B9D 
 446      4A0A3402 
 447 0bb1 3A9DD3F7 		.ascii	":\235\323\367\310T\272)M\245\334\2543\231\030\006\224"
 447      C854BA29 
 447      4DA5DCAC 
 447      33991806 
 447      94
 448 0bc2 66F34C7C 		.ascii	"f\363L|n\260Z\020\262y\302\204\256\261,!\023\275Fs\005"
 448      6EB05A10 
 448      B279C284 
 448      AEB12C21 
 448      13BD4673 
 449 0bd7 1AA5035A 		.ascii	"\032\245\003Z{\262)\315\025\037a\241,\337\321v\320\015"
 449      7BB229CD 
 449      151F61A1 
 449      2CDFD176 
 449      D00D
 450 0be9 B9B10BC0 		.ascii	"\271\261\013\300Dz%gL\236\202,Wr\367A\327\030\357\306"
 450      447A2567 
 450      4C9E822C 
 450      5772F741 
 450      D718EFC6 
 451 0bfd A107A0EC 		.ascii	"\241\007\240\354!\317.\000I\003\275\000\234\302\372"
 451      21CF2E00 
 451      4903BD00 
 451      9CC2FA
 452 0c0c E0871C6F 		.ascii	"\340\207\034oN\016\325\331\354cu6g\215q\272\217\221"
 452      4E0ED5D9 
 452      EC637536 
 452      678D71BA 
 452      8F91
 453 0c1e 82A498CC 		.ascii	"\202\244\230\314\255m\356\322\001!\356\177]%\243G\364"
 453      AD6DEED2 
 453      0121EE7F 
 453      5D25A347 
 453      F4
 454 0c2f 80B07364 		.ascii	"\200\260sd\247`s\372:ac`\202\031\230\240\006~9\334y"
 454      A76073FA 
 454      3A616360 
 454      821998A0 
 454      067E39DC 
 455 0c44 C84DCE4B 		.ascii	"\310M\316K\362\204\3544\213)/\024d\322\346\355\351\266"
 455      F284EC34 
 455      8B292F14 
 455      64D2E6ED 
 455      E9B6
 456 0c56 1C92E29C 		.ascii	"\034\222\342\234\037\000Q,e\337\262\276\260\\\343\214"
 456      1F00512C 
 456      65DFB2BE 
ARM GAS  /tmp/ccutlBR9.s 			page 36


 456      B05CE38C 
 457 0c66 DDEE1068 		.ascii	"\335\356\020h\240\022}\271;z\261co\035\3747\0042b\342"
 457      A0127DB9 
 457      3B7AB163 
 457      6F1DFC37 
 457      043262E2 
 458 0c7a EDBD2DB7 		.ascii	"\355\275-\267\257!\233\273L\033\017\342\230\007q\324"
 458      AF219BBB 
 458      4C1B0FE2 
 458      980771D4 
 459 0c8a C0C9AAF6 		.ascii	"\300\311\252\366;6\274-6\221\211g\274\361\224\267\261"
 459      3B36BC2D 
 459      36918967 
 459      BCF194B7 
 459      B1
 460 0c9b B768C086 		.ascii	"\267h\300\206w\304\306\333\004\306\233\300\364v$\257"
 460      77C4C6DB 
 460      04C69BC0 
 460      F47624AF 
 461 0cab D7CA79EF 		.ascii	"\327\312y\357\331`Hd\274\244P,\017\214\376\372\225Y"
 461      D9604864 
 461      BCA4502C 
 461      0F8CFEFA 
 461      9559
 462 0cbd B37CE1DF 		.ascii	"\263|\341\337\327\301Q\021\301\341\276\363B\303\226"
 462      D7C15111 
 462      C1E1BEF3 
 462      42C396
 463 0ccc 84F92DF2 		.ascii	"\204\371-\362\215\214\366\015\015\014\367\215\216\012"
 463      8D8CF60D 
 463      0D0CF78D 
 463      8E0A
 464 0cda 22A56E45 		.ascii	"\"\245nE`\370\254 \325\207\237~>}\336\373\357s\232\260"
 464      60F8AC20 
 464      D5879F7E 
 464      3E7DDEFB 
 464      EF739AB0 
 465 0cee C8159151 		.ascii	"\310\025\221Qz\"\255\323\273\220\327\260\245\232h\375"
 465      7A22ADD3 
 465      BB90D7B0 
 465      A59A68FD 
 466 0cfe F2D96FE9 		.ascii	"\362\331o\351\226\255\010\213\324\351\325\214!l)tG\206"
 466      96AD088B 
 466      D4E9D58C 
 466      216C2974 
 466      4786
 467 0d10 844407EB 		.ascii	"\204D\007\35351a\021z]H`\264\376=\235~\326\343L\206"
 467      35316111 
 467      7A5D4860 
 467      B4FE3D9D 
 467      7ED6E34C 
 468 0d25 450485C7 		.ascii	"E\004\205\307,\015\266\230\015\345\224\037\373\315\215"
 468      2C0DB698 
 468      0DE5941F 
 468      FBCD8D
 469 0d34 89560485 		.ascii	"\211V\004\205\006F\251\302\"\227G.\015\326\351\025\177"
 469      0646A9C2 
ARM GAS  /tmp/ccutlBR9.s 			page 37


 469      2297472E 
 469      0DD6E915 
 469      7F
 470 0d45 F96BC042 		.ascii	"\371k\300B\025Q\012F\365\312\205~\363\376\026\240\230"
 470      15510A46 
 470      F5CA857E 
 470      F3FE16A0 
 470      98
 471 0d56 BB282000 		.ascii	"\273( \000}\211>R\006\205\007\003/\351}\363\035\235"
 471      7D893E52 
 471      06850703 
 471      2FE97DF3 
 471      1D9D
 472 0d68 1E83FD39 		.ascii	"\036\203\3759\2173I\260F\373.\372\354\223\331o\371."
 472      8F3349B0 
 472      46FB2EFA 
 472      EC93D96F 
 472      F92E
 473 0d7a 5C38DFF7 		.ascii	"\\8\337\367C\377\217\375\276y\313\327\352\021\200\300"
 473      43FF8FFD 
 473      BE79CBD7 
 473      EA1180C0 
 474 0d8a 7EF303F0 		.ascii	"~\363\003\360\307\363\003\224\376\237\373\317\017p\365"
 474      C7F30394 
 474      FE9FFBCF 
 474      0F70F5
 475 0d99 5BE4BF60 		.ascii	"[\344\277`\301\374\000\027\277\317\026\373/\010P~\342"
 475      C1FC0017 
 475      BFCF16FB 
 475      2F08507E 
 475      E2
 476 0daa 377F4100 		.ascii	"7\177A\000\301\364\221\033\270\036\270\224x\256\005"
 476      C1F4911B 
 476      B81EB894 
 476      78AE05
 477 0db9 F44181E1 		.ascii	"\364A\201\341\341K\002\203 L\200<<,\002\220\363os\232"
 477      E14B0283 
 477      204C803C 
 477      3C2C0290 
 477      F36F739A 
 478 0dcd C0A8E5DF 		.ascii	"\300\250\345\337\274\033\374\372\362?\204\254\340\324"
 478      BC1BFCFA 
 478      F23F84AC 
 478      E0D4
 479 0ddb 41603DF8 		.ascii	"A`=\370\273\327\227\277\315\251A\" 8p)x\373\352\023"
 479      BBD797BF 
 479      CDA94122 
 479      20387029 
 479      78FBEA13 
 480 0def 8F0AE70E 		.ascii	"\217\012\347\016\305\227Qa\372`\020#6\027\005\353\341"
 480      C5975161 
 480      FA601023 
 480      361705EB 
 480      E1
 481 0e00 ED130893 		.ascii	"\355\023\010\223\027\253\371\007.\235'\342\370x*kZ\010"
 481      17ABF907 
 481      2E9D27E2 
ARM GAS  /tmp/ccutlBR9.s 			page 38


 481      F8782A6B 
 481      5A08
 482 0e12 502C6D6E 		.ascii	"P,mnA\241\213\276\217\376(0\\\377\2723\253Qz\313\270"
 482      41A18BBE 
 482      8FFE2830 
 482      5CFFBA33 
 482      AB517ACB 
 483 0e27 0485426C 		.ascii	"\004\205Bl\303\277\207\220L\321\351\226\304\204\205"
 483      C3BF8790 
 483      4CD1E996 
 483      C48485
 484 0e36 EBC32274 		.ascii	"\353\303\"t\301\337\255\010\016\322+\203\"#\242\365"
 484      C1DFAD08 
 484      0ED22B83 
 484      2223A2F5 
 485 0e46 0A087E88 		.ascii	"\012\010~\210kD\244>4*\362\333\247\010H]x\370R\035\014"
 485      6B44A43E 
 485      342AF2DB 
 485      A708485D 
 485      78F8521D 
 486 0e5b C2B2A8C8 		.ascii	"\302\262\250\310\230\025d\374\376\362\033FCt\230\350"
 486      981564FC 
 486      FEF21B46 
 486      437498E8 
 487 0e6b 02DBEED6 		.ascii	"\002\333\356\326PqZ\235.$&\"H\247\233\365\376;\177|"
 487      50715A9D 
 487      2E242622 
 487      48A79BF5 
 487      FE3B7F7C 
 488 0e7f 5725D534 		.ascii	"W%\3254\262\270\330\360\274\363\226\207M\230l;\337s"
 488      B2B8D8F0 
 488      BCF39687 
 488      4D986C3B 
 488      DF73
 489 0e91 A76682BF 		.ascii	"\247f\202\277\011\216\320G\363AKp`\324220\264\001\246"
 489      098ED047 
 489      F3414B70 
 489      60D43232 
 489      30B401A6 
 490 0ea5 9A6E6E64 		.ascii	"\232nndd\370\177\001J]\241Y"
 490      64F87F01 
 490      4A5DA159 
 491              		.text
 492              		.section	.gnu.lto_.symtab.234b9e6eac4e691e,"e",%progbits
 493 0000 70616C52 		.ascii	"palReadBus\000"
 493      65616442 
 493      757300
 494 000b 00       		.ascii	"\000"
 495 000c 00       		.ascii	"\000"
 496 000d 00       		.ascii	"\000"
 497 000e 00000000 		.ascii	"\000\000\000\000\000\000\000\000"
 497      00000000 
 498 0016 29010000 		.ascii	")\001\000\000"
 499 001a 70616C57 		.ascii	"palWriteBus\000"
 499      72697465 
 499      42757300 
 500 0026 00       		.ascii	"\000"
ARM GAS  /tmp/ccutlBR9.s 			page 39


 501 0027 00       		.ascii	"\000"
 502 0028 00       		.ascii	"\000"
 503 0029 00000000 		.ascii	"\000\000\000\000\000\000\000\000"
 503      00000000 
 504 0031 2E010000 		.ascii	".\001\000\000"
 505 0035 70616C53 		.ascii	"palSetBusMode\000"
 505      65744275 
 505      734D6F64 
 505      6500
 506 0043 00       		.ascii	"\000"
 507 0044 00       		.ascii	"\000"
 508 0045 00       		.ascii	"\000"
 509 0046 00000000 		.ascii	"\000\000\000\000\000\000\000\000"
 509      00000000 
 510 004e 33010000 		.ascii	"3\001\000\000"
 511 0052 70616C53 		.ascii	"palSetPadCallbackI\000"
 511      65745061 
 511      6443616C 
 511      6C626163 
 511      6B4900
 512 0065 00       		.ascii	"\000"
 513 0066 00       		.ascii	"\000"
 514 0067 00       		.ascii	"\000"
 515 0068 00000000 		.ascii	"\000\000\000\000\000\000\000\000"
 515      00000000 
 516 0070 3A010000 		.ascii	":\001\000\000"
 517 0074 70616C53 		.ascii	"palSetLineCallbackI\000"
 517      65744C69 
 517      6E654361 
 517      6C6C6261 
 517      636B4900 
 518 0088 00       		.ascii	"\000"
 519 0089 00       		.ascii	"\000"
 520 008a 00       		.ascii	"\000"
 521 008b 00000000 		.ascii	"\000\000\000\000\000\000\000\000"
 521      00000000 
 522 0093 40010000 		.ascii	"@\001\000\000"
 523 0097 5F70616C 		.ascii	"_pal_events\000"
 523      5F657665 
 523      6E747300 
 524 00a3 00       		.ascii	"\000"
 525 00a4 02       		.ascii	"\002"
 526 00a5 00       		.ascii	"\000"
 527 00a6 00000000 		.ascii	"\000\000\000\000\000\000\000\000"
 527      00000000 
 528 00ae 78010000 		.ascii	"x\001\000\000"
 529 00b2 63685379 		.ascii	"chSysHalt\000"
 529      7348616C 
 529      7400
 530 00bc 00       		.ascii	"\000"
 531 00bd 02       		.ascii	"\002"
 532 00be 00       		.ascii	"\000"
 533 00bf 00000000 		.ascii	"\000\000\000\000\000\000\000\000"
 533      00000000 
 534 00c7 45010000 		.ascii	"E\001\000\000"
 535 00cb 5F70616C 		.ascii	"_pal_lld_setgroupmode\000"
 535      5F6C6C64 
ARM GAS  /tmp/ccutlBR9.s 			page 40


 535      5F736574 
 535      67726F75 
 535      706D6F64 
 536 00e1 00       		.ascii	"\000"
 537 00e2 02       		.ascii	"\002"
 538 00e3 00       		.ascii	"\000"
 539 00e4 00000000 		.ascii	"\000\000\000\000\000\000\000\000"
 539      00000000 
 540 00ec 56010000 		.ascii	"V\001\000\000"
 541              		.text
 542              		.section	.gnu.lto_.opts,"e",%progbits
 543 0000 272D666E 		.ascii	"'-fno-openmp' '-fno-openacc' '-fno-pie' '-mcpu=cort"
 543      6F2D6F70 
 543      656E6D70 
 543      2720272D 
 543      666E6F2D 
 544 0033 65782D6D 		.ascii	"ex-m4' '-mthumb' '-mfloat-abi=softfp' '-mfpu=fpv4-s"
 544      34272027 
 544      2D6D7468 
 544      756D6227 
 544      20272D6D 
 545 0066 702D6431 		.ascii	"p-d16' '-march=armv7e-m+fp' '-O2' '-fstack-usage' '"
 545      36272027 
 545      2D6D6172 
 545      63683D61 
 545      726D7637 
 546 0099 2D666675 		.ascii	"-ffunction-sections' '-fdata-sections' '-fno-common"
 546      6E637469 
 546      6F6E2D73 
 546      65637469 
 546      6F6E7327 
 547 00cc 2720272D 		.ascii	"' '-flto' '-fshort-enums'\000"
 547      666C746F 
 547      2720272D 
 547      6673686F 
 547      72742D65 
 548              		.text
 549              		.comm	__gnu_lto_v1,1,1
 550              		.comm	__gnu_lto_slim,1,1
 551              		.ident	"GCC: (GNU Arm Embedded Toolchain 9-2020-q2-update) 9.3.1 20200408 (release)"
ARM GAS  /tmp/ccutlBR9.s 			page 41


DEFINED SYMBOLS
                            *ABS*:0000000000000000 hal_pal.c
                            *COM*:0000000000000001 __gnu_lto_v1
                            *COM*:0000000000000001 __gnu_lto_slim

NO UNDEFINED SYMBOLS
