ARM GAS  /tmp/ccQqT3ot.s 			page 1


   1              		.cpu cortex-m4
   2              		.eabi_attribute 27, 1
   3              		.eabi_attribute 20, 1
   4              		.eabi_attribute 21, 1
   5              		.eabi_attribute 23, 3
   6              		.eabi_attribute 24, 1
   7              		.eabi_attribute 25, 1
   8              		.eabi_attribute 26, 1
   9              		.eabi_attribute 30, 2
  10              		.eabi_attribute 34, 1
  11              		.eabi_attribute 18, 4
  12              		.file	"hal_st_lld.c"
  13              		.section	.gnu.lto_.profile.be4d14baf411c125,"e",%progbits
  14 0000 789CE360 		.ascii	"x\234\343``\004B \000\000\000]\000\013"
  14      60044220 
  14      0000005D 
  14      000B
  15              		.text
  16              		.section	.gnu.lto_.icf.be4d14baf411c125,"e",%progbits
  17 0000 789CE360 		.ascii	"x\234\343``d\020a@\000f\206\213\347\033\31711\236\231"
  17      60641061 
  17      40006686 
  17      8BE71BCF 
  17      31319E99 
  18 0014 74681D2F 		.ascii	"th\035/SC\377\343\347\234\014\000^\372\010\322"
  18      5343FFE3 
  18      E79C0C00 
  18      5EFA08D2 
  19              		.text
  20              		.section	.gnu.lto_.jmpfuncs.be4d14baf411c125,"e",%progbits
  21 0000 789CE360 		.ascii	"x\234\343``d\020d@\000f\030\203\221\201\201\011D\003"
  21      60641064 
  21      40006618 
  21      83918181 
  21      094403
  22 0013 00037A00 		.ascii	"\000\003z\000!"
  22      21
  23              		.text
  24              		.section	.gnu.lto_.inline.be4d14baf411c125,"e",%progbits
  25 0000 789CE360 		.ascii	"x\234\343``d\350g@\000f\006\006\256\206\206\206\015"
  25      6064E867 
  25      40006606 
  25      06AE8686 
  25      860D
  26 0012 CC198C0C 		.ascii	"\314\031\214\014L,@V\003S\012\003\003\033\204\301\304"
  26      4C2C4056 
  26      03530A03 
  26      031B84C1 
  26      C4
  27 0023 C00452C3 		.ascii	"\300\004R\303\310\205\227d\020\005*>\300\224\0164@\005"
  27      C8859764 
  27      10052A3E 
  27      C0940E34 
  27      4005
  28 0035 C85AC094 		.ascii	"\310Z\300\224\216n\000\023\003\357\246ggN2\247\001\225"
  28      8E6E0013 
  28      03EFA667 
ARM GAS  /tmp/ccQqT3ot.s 			page 2


  28      674E32A7 
  28      0195
  29 0047 088195A4 		.ascii	"\010\201\225\244a\267\203\001\000\027\201\030\361"
  29      61B78301 
  29      00178118 
  29      F1
  30              		.text
  31              		.section	.gnu.lto_.pureconst.be4d14baf411c125,"e",%progbits
  32 0000 789CE360 		.ascii	"x\234\343``d\340b```f\330\305\3128\213\205i\026\013"
  32      6064E062 
  32      60606066 
  32      D8C5CA38 
  32      8B856916 
  33 0015 000BA502 		.ascii	"\000\013\245\002\025"
  33      15
  34              		.text
  35              		.section	.gnu.lto_st_lld_serve_interrupt.part.0.be4d14baf411c125,"e",%progbits
  36 0000 789C7D53 		.ascii	"x\234}SKL\023Q\024}w\336\320N\021\023\334\031I\260\204"
  36      4B4C1351 
  36      147D77DE 
  36      D04E1113 
  36      DC1949B0 
  37 0015 7461D40E 		.ascii	"ta\324\016\352\326\205\246\206\244\221\306H\335\270"
  37      EAD685A6 
  37      86A491C6 
  37      48DDB8
  38 0024 225A1B5B 		.ascii	"\"Z\033[m)\231\251\006V<\012\021\015\015u\241\001\014"
  38      6D2999A9 
  38      06563C0A 
  38      110D0D75 
  38      A1010C
  39 0037 50A341D9 		.ascii	"P\243A\331\250\361\263P\374U\020\371\370\303\037\250"
  39      A8F1B350 
  39      FC5510F9 
  39      F8C31FA8 
  40 0047 4029F889 		.ascii	"@)\370\211\361\233\270 \020\023\365\2757m\235V\240i"
  40      F19BB820 
  40      1013F5BD 
  40      376D9D56 
  40      A069
  41 0059 3BF7DD7B 		.ascii	";\367\335{\356\275g\356=OB\200&D\204\362\000\241\015"
  41      EEBD67EE 
  41      3D4F4280 
  41      264484F2 
  41      00A10D
  42 006c 0821C841 		.ascii	"\010!\310A \022B\266\030A\004A3\004\300\334\250\223"
  42      201242B6 
  42      18410441 
  42      3304C0DC 
  42      A893
  43 007e 3000B788 		.ascii	"0\000\267\210\004\250V\0240\324B\004\267`\350m\374x"
  43      04A85614 
  43      30D44204 
  43      B760E86D 
  43      FC78
  44 0090 4358739E 		.ascii	"CXs\236\306H\254\345x\3614\031!8\212\021j\243?\355\223"
  44      C648ACE5 
ARM GAS  /tmp/ccQqT3ot.s 			page 3


  44      78F13419 
  44      21388A11 
  44      6AA33FED 
  45 00a5 05223161 		.ascii	"\005\"1a\245\006\000\326\264\007\326\260\307M\366\240"
  45      A50600D6 
  45      B407D6B0 
  45      C74DF6A0 
  46 00b5 C878A863 		.ascii	"\310x\250c.\257\231V\000\020\351\361\304\360\265\241"
  46      2EAF9956 
  46      0010E9F1 
  46      C4F0B5A1 
  47 00c5 5C7614C0 		.ascii	"\\v\024\300L\217\327IlF\304\245\300\220?\337\367^\316"
  47      4C8FD749 
  47      6C46C4A5 
  47      C0903FDF 
  47      F75ECE
  48 00d8 B59C2524 		.ascii	"\265\234%$Db\243a\334~\215\220c[\242\030\303\035\300"
  48      4462A361 
  48      DC7E8D90 
  48      635BA218 
  48      C31DC0
  49 00eb B439DC86 		.ascii	"\2649\334\206\002\270\005\005i\0163\227\177\237\\n\020"
  49      02B80505 
  49      690E3397 
  49      7F9F5C6E 
  49      10
  50 00fc E12E5892 		.ascii	"\341.X\222\344\250\363\350\267\3011\011\333y\301\320"
  50      E4A8F3E8 
  50      B7C13109 
  50      DB79C1D0 
  51 010c 91CF53A6 		.ascii	"\221\317S\246d\301x\030w'\013\212po\341\202z\374\010"
  51      64C17818 
  51      77270B8A 
  51      706FE182 
  51      7AFC08
  52 011f 0C12318D 		.ascii	"\014\0221\215\2054\026zi7\015\2764_]\312\335tJ\212\362"
  52      8534167A 
  52      69370DBE 
  52      345F5DCA 
  52      DD744A8A 
  53 0134 7DB0401F 		.ascii	"}\260@\037\247\015\020\003\003\035W?\030\340\037\200"
  53      A70D1003 
  53      031D573F 
  53      18E01F80 
  54 0144 06848C0C 		.ascii	"\006\204\214\014\352\300zG\003\233|\342Wx\325)\027\317"
  54      EAC07A47 
  54      039B7CE2 
  54      5778D529 
  54      17CF
  55 0156 E5611D1C 		.ascii	"\345a\035\034\006i\275\001VY\357\034\242\316\007\274"
  55      0669BD01 
  55      5659EF1C 
  55      A2CE07BC 
  56 0166 DD30B510 		.ascii	"\3350\265\020\022\030\011F\346\322\363\034B~\377i$$"
  56      12180946 
  56      E6D2F31C 
  56      427EFF69 
ARM GAS  /tmp/ccQqT3ot.s 			page 4


  56      2424
  57 0178 5EDD5A6C 		.ascii	"^\335ZlB\250\011#\326A\004f\212\232\211Q\030\013)\363"
  57      42A80923 
  57      D6410466 
  57      8A9A8951 
  57      180B29F3 
  58 018c 0B84667E 		.ascii	"\013\204f~Ez\246@+\005\250\237\321']\237\006\370v1\224"
  58      457AA640 
  58      2B05A89F 
  58      D1275D9F 
  58      06F87631 
  59 01a1 D0E399E8 		.ascii	"\320\343\231\350\225\271\334\242Q\210\222Vs\024\347"
  59      95B9DCA2 
  59      51889256 
  59      7314E7
  60 01b0 302E17DE 		.ascii	"0.\027\336\335$\222H_\016\036A\021g\327\037\236\034"
  60      DD249248 
  60      5F0E1E41 
  60      1167D71F 
  60      9E1C
  61 01c2 32520F3C 		.ascii	"2R\017<\246*}\310\326\001O\270T\272\357\364}\310+z\223"
  61      A62A7DC8 
  61      D6014FB8 
  61      54BAEFF4 
  61      7DC82B7A 
  62 01d7 CC36F091 		.ascii	"\3146\360\221_\274\362j\031\317~\312\262a\004D\364\025"
  62      5FBCF26A 
  62      19CF7ECA 
  62      B2610444 
  62      F415
  63 01e9 EA135D9D 		.ascii	"\352\023]\235\355\205\354\355\030\246\243\373\321\037"
  63      ED85ECED 
  63      18A6A3FB 
  63      D11F
  64 01f7 530384EA 		.ascii	"S\003\204\352\244(6\266\321\015\322Q x\006\015\200\242"
  64      A42836B6 
  64      D10DD251 
  64      2078060D 
  64      80A2
  65 0209 5862F0D3 		.ascii	"Xb\360\323\2677/\002\316\321\300\317u\340\304|x\366"
  65      B7372F02 
  65      CED1C0CF 
  65      75E0C47C 
  65      78F6
  66 021b 40C6220C 		.ascii	"@\306\"\014\377/\242ir\305\316\344\036\262F\376\222"
  66      FF2FA269 
  66      72C5CEE4 
  66      1EB246FE 
  66      92
  67 022c 4EE7051F 		.ascii	"N\347\005\037\371\253\005;\032\031\002\301\250\276\343"
  67      F9AB053B 
  67      1A1902C1 
  67      A8BEE3
  68 023b F9CED978 		.ascii	"\371\316\331x\246\030\244l1\2302\035\\>\2573\326\255"
  68      A618A46C 
  68      3198321D 
  68      5C3EAF33 
ARM GAS  /tmp/ccQqT3ot.s 			page 5


  68      D6AD
  69 024d 119B0FE7 		.ascii	"\021\233\017\347\267S\245\277a\314\244\314\224\2674"
  69      B753A5BF 
  69      61CCA4CC 
  69      94B734
  70 025c 658C331B 		.ascii	"e\2143\033_\220Y.C \230\3203\353\352\234+\\\004\276"
  70      5F90592E 
  70      432098D0 
  70      33EBEA9C 
  70      2B5C04BE 
  71 0270 4C834FA6 		.ascii	"L\203O\246\340L \363\221\236\325\372\226\343i\375\305"
  71      E04C20F3 
  71      919ED5FA 
  71      96E369FD 
  71      C5
  72 0281 75A269AE 		.ascii	"u\242i\256\377\021\2274\321\360\033\374\341\334\270"
  72      FF119734 
  72      D1F01BFC 
  72      E1DCB8
  73 0290 94D2C314 		.ascii	"\224\322\303\024\327C\202\353!{\371\323t\371\210j\022"
  73      D74382EB 
  73      217BF9D3 
  73      74F9886A 
  73      12
  74 02a1 A734F91D 		.ascii	"\2474\371\035B\211\246\310U\221M\203\337\351&\014Z\214"
  74      4289A6C8 
  74      55914D83 
  74      DFE9260C 
  74      5A8C
  75 02b3 5D269BD5 		.ascii	"]&\233\325*\323\357A\267R\351\366\3116\217w\257w\207"
  75      2AD3EF41 
  75      B752E9F6 
  75      C9368F77 
  75      AF7787
  76 02c6 530EA8B2 		.ascii	"S\016\250\262g\217O\256\012(AUv\356rl\332(\227\225m"
  76      678F4FAE 
  76      0A284155 
  76      76EE726C 
  76      DA289795 
  77 02db 939DBB9D 		.ascii	"\223\235\273\235\273\354\266\355\2077\260h\205\032\254"
  77      BBECB6ED 
  77      8737B068 
  77      851AAC
  78 02ea F0F9F659 		.ascii	"\360\371\366Y]HP\0251\350\365W\311K\325\012\250\364"
  78      5D485015 
  78      31E8F557 
  78      C94BD50A 
  78      A8F4
  79 02fc 4F09AEAF 		.ascii	"O\011\256\257\364j\266\325\203J\027\303\273\002~\177"
  79      F46AB6D5 
  79      834A17C3 
  79      BB027E7F 
  80 030c A0527657 		.ascii	"\240RvW\007\345\255\345\016\331\346p\332\235\262-\240"
  80      07E5ADE5 
  80      0ED9E670 
  80      DA9DB22D 
  80      A0
ARM GAS  /tmp/ccQqT3ot.s 			page 6


  81 031d B8657BA5 		.ascii	"\270e{\245\313wh\237[v\371U\257Z\261\337\345\242e\362"
  81      CB77689F 
  81      5B76F955 
  81      AF5AB1DF 
  81      E5A265F2 
  82 0331 1DCE72F3 		.ascii	"\035\316r\363\336=\252\273J\361\2563[J\220\240 \243"
  82      DE3DAABB 
  82      4AF1AE33 
  82      5B4A90A0 
  82      20A3
  83 0343 DFED0F28 		.ascii	"\337\355\017(5h\355b-\224\240\354M\325\362\2505*\255"
  83      3568ED62 
  83      2D94A0EC 
  83      4DD5F2A8 
  83      352AAD
  84 0356 F3178D24 		.ascii	"\363\027\215$\325s"
  84      D573
  85              		.text
  86              		.section	.gnu.lto_st_lld_init.be4d14baf411c125,"e",%progbits
  87 0000 789CA595 		.ascii	"x\234\245\225\315O\023A\024\300\347\355l\333m\0154&"
  87      CD4F1341 
  87      14C0E7ED 
  87      6CDB6D0D 
  87      3426
  88 0012 1E4C88D1 		.ascii	"\036L\210\321+\036\330\212\377\200\011z0b<\224\213\211"
  88      2B1ED88A 
  88      FF80097A 
  88      30623C94 
  88      8B89
  89 0024 09F18304 		.ascii	"\011\361\203\004b#\006\210G\231\212\210J\241\204\304"
  89      62230688 
  89      47998A88 
  89      4AA184C4 
  90 0034 2026BA8D 		.ascii	" &\272\215\215!\\D<\030D\304ZA\024D\020\004\025\021"
  90      8D215C44 
  90      3C1844C4 
  90      5A411444 
  90      10041511 
  91 0048 F93460C4 		.ascii	"\3714`\304*\036\374\"\340{\263\245m\360b\353\244;\351"
  91      2A1EFC22 
  91      E07BB3A5 
  91      6DF062EB 
  91      A43BE9
  92 005b CC9BFC7E 		.ascii	"\314\233\374~o\336L\267\032\003v\310\312\330\036\306"
  92      6FDE4CB7 
  92      1A0376C8 
  92      CAD81EC6 
  93 006b D8167C80 		.ascii	"\330\026|\2003P\204\020\273l^M\001\220\337\204\006\254"
  93      33508410 
  93      BB6C5E4D 
  93      0190DF84 
  93      06AC
  94 007d 5C8172F0 		.ascii	"\\\201r\360\363\006\016\341\252\017w\225\314&\214\210"
  94      F3060EE1 
  94      AA0F7795 
  94      CC268C88 
  95 008d 50C3B5AD 		.ascii	"P\303\265\255\347D\345f\2033\326\210\217\331\240\035"
ARM GAS  /tmp/ccQqT3ot.s 			page 7


  95      E744E566 
  95      8333D688 
  95      8FD9A01D 
  96 009d 3219C395 		.ascii	"2\031\303\225\323\255+\227\322\254j4\004\367\300\212"
  96      D3AD2B97 
  96      D2AC6A34 
  96      04F7C08A 
  97 00ad 32C65A86 		.ascii	"2\306Z\206,!\261\262Z%B]A\370>\255m\002fpP\250\343\324"
  97      2C21B1B2 
  97      5A25425D 
  97      41F83EAD 
  97      6D026670 
  98 00c5 A9D469D4 		.ascii	"\251\324i\324\331\251sP\307X5g\244TA\204\030\363q\305"
  98      D9A97350 
  98      C7583567 
  98      A4544184 
  98      18F371C5 
  99 00d9 1C7871F0 		.ascii	"\034xq\360\021\302\035\013\013\305\304\277\312\001\275"
  99      11C21D0B 
  99      0BC5C4BF 
  99      CA01BD
 100 00e8 B5159109 		.ascii	"\265\025\221\011\255\226\033\\\001J\243\245\246q4\315"
 100      AD961B5C 
 100      014AA3A5 
 100      A67134CD 
 101 00f8 1C8A2FE7 		.ascii	"\034\212/\347\205\212S\263\015m\313p\003\202^\204l3"
 101      858A53B3 
 101      0D6DCB70 
 101      03825E84 
 101      6C33
 102 010a 3887FB90 		.ascii	"8\207\373\220\001\035\220!\323nk7\372m\256\233\342,"
 102      011D9021 
 102      D36E6B37 
 102      FA6DAE9B 
 102      E22C
 103 011c 185C854E 		.ascii	"\030\\\205N\\w\331\334\300\003p\241\254\242\276\012"
 103      5C77D9DC 
 103      C00370A1 
 103      ACA2BE0A 
 104 012c 4C9762EA 		.ascii	"L\227b\352:}\203}\234\370\200-\204\020Lh\342\242\\\223"
 104      3A7D837D 
 104      9CF8802D 
 104      84104C68 
 104      E2A25C93 
 105 0140 9CEA615C 		.ascii	"\234\352a\\\025\006\027\362\345\326\354\246\214'\307"
 105      150617F2 
 105      E5D6ECA6 
 105      8C27C7
 106 014f 7A245954 		.ascii	"z$YTn\350Z\227\266\212\260\377\312\263;\316~Ly\252\211"
 106      6EE85A97 
 106      B68AB0FF 
 106      CAB33BCE 
 106      7E4C79AA 
 107 0164 796AFFCC 		.ascii	"yj\377\314\362RL\205\2368\355\211\3144\334\321\374\311"
 107      F2524C85 
 107      9E38ED89 
 107      CC34DCD1 
ARM GAS  /tmp/ccQqT3ot.s 			page 8


 107      FCC9
 108 0176 69C2EC89 		.ascii	"i\302\354\211\247i\221\247Y_W9\3510\207\"T'\322qj\244"
 108      A76991A7 
 108      595F5739 
 108      E9308722 
 108      5427D271 
 109 018c ADB7DE19 		.ascii	"\255\267\336\031\327Y\241\027uO\243\272vc\346\267%\226"
 109      D759A117 
 109      754FA3BA 
 109      7663E6B7 
 109      2596
 110 019e 7A9F9429 		.ascii	"z\237\224)${\266\256,\016\324\375]\226$\330\375q\366"
 110      247BB6AE 
 110      2C0ED4FD 
 110      5D9624D8 
 110      FD71F6
 111 01b1 732A8B83 		.ascii	"s*\213\203HK\363\021\177z\224\025\333\211M\356\344\353"
 111      484BF311 
 111      7F7A9415 
 111      DB894DEE 
 111      E4EB
 112 01c3 5CD0EF34 		.ascii	"\\\320\3574\207\3622\343T\340\312\267`Z\324\0268\215"
 112      87F232E3 
 112      54E0CAB7 
 112      605AD416 
 112      388D
 113 01d5 175F8341 		.ascii	"\027_\203A\364\015D}\235\343\363M\211\245{!\215tc`\010"
 113      F40D447D 
 113      9DE3F34D 
 113      89A57B21 
 113      8D746360 
 114 01ea 5C946D75 		.ascii	"\\\224mu\317\342\006\363*\0163\03067\2634\377#\226B"
 114      CFE206F3 
 114      2A0E3318 
 114      3637B334 
 114      FF239642 
 115 01fe 92829752 		.ascii	"\222\202\227R\240\222`D\012|\327\307*\344]Wa\025\233"
 115      A0926044 
 115      0A7CD7C7 
 115      2AE45D57 
 115      61159B
 116 0211 1346D71C 		.ascii	"\023F\327\034?Su\274\222\016\0139^KG\254L*0x\263\306"
 116      3F5375BC 
 116      920E0B39 
 116      5E4B47AC 
 116      4C2A3078 
 117 0227 FF951ADF 		.ascii	"\377\225\032\337\016c\222\217\2578\012.O\015D\034\331"
 117      0E63928F 
 117      AF380A2E 
 117      4F0D441C 
 117      D9
 118 0238 B72818B8 		.ascii	"\267(\030\270-O\355-\270`{\206\374\321\215Cv\334\347"
 118      2D4FED2D 
 118      B8607B86 
 118      FCD18D43 
 118      76DCE7
 119 024b 6B9D84D4 		.ascii	"k\235\204\3246\364N\012mD\234@x\214X\2232\361\275$j"
ARM GAS  /tmp/ccQqT3ot.s 			page 9


 119      36F44E0A 
 119      6D449C40 
 119      788C5893 
 119      32F1BD24 
 120 0260 449C4C24 		.ascii	"D\234L$\326\246L\234\222D;\021\247e\321\357\\Xl\266"
 120      D6A64C9C 
 120      92443B11 
 120      A765D1EF 
 120      5C586CB6 
 121 0274 9B450798 		.ascii	"\233E\007\230Y\023\370S\026\314J\201\203\004s\2302\021"
 121      5913F853 
 121      16CC4A81 
 121      83047398 
 121      3211
 122 0286 3FC39940 		.ascii	"?\303\231@\244{\243\374\037\240V\315!\376Fg,'+K\307"
 122      A47BA3FC 
 122      1FA056CD 
 122      21FE4667 
 122      2C272B4B 
 123 029b CFF18292 		.ascii	"\317\361\202\222\023\005\036=\247\260\350H\321\001\267"
 123      13051E3D 
 123      A7B0E848 
 123      D101B7
 124 02aa 5E5CAA17 		.ascii	"^\\\252\027\036\366\350'\213K\312Juw\336\376\235\331"
 124      1EF6E827 
 124      8B4BCA4A 
 124      7577DEFE 
 124      9DD9
 125 02bc 7A6EEE6E 		.ascii	"zn\356n\335}\320\235\2677g\337\251\035\024\315/-\313"
 125      DD7DD09D 
 125      B73767DF 
 125      A91D14CD 
 125      2F2DCB
 126 02cf F7788E65 		.ascii	"\367x\216e\035e\177\000&\317,\230"
 126      1D657F00 
 126      26CF2C98 
 127              		.text
 128              		.section	.gnu.lto_st_lld_serve_interrupt.be4d14baf411c125,"e",%progbits
 129 0000 789C8552 		.ascii	"x\234\205RMH\224A\030\236\347\233\331\335Os\221\016"
 129      4D489441 
 129      189EE79B 
 129      D9DD4F73 
 129      910E
 130 0012 9D8C10C4 		.ascii	"\235\214\020\304\203\035\374\264:u\022\214(2:\254\227"
 130      831DFCB4 
 130      3A75128C 
 130      28323AAC 
 130      97
 131 0023 4ED28FA0 		.ascii	"N\322\217\240\264d\270\342\325\331uqI7\327C\345Z-+,"
 131      B464B8E2 
 131      D5D97571 
 131      4937D743 
 131      E55A2D2B 
 132 0038 A25D8C05 		.ascii	"\242]\214\005\017\225\246_kjk\026\026\321)\244$\303"
 132      0F95A65F 
 132      6B6A6B16 
 132      16D129A4 
ARM GAS  /tmp/ccQqT3ot.s 			page 10


 132      24C3
 133 004a A2D20AA2 		.ascii	"\242\322\012\242\202\264wf\004\301\213\3037\303\274"
 133      82B47766 
 133      04C18BC3 
 133      37C3BC
 134 0059 EFFBCCF3 		.ascii	"\357\373\314\363\274\3177c30\306\031;\301\030;J\023"
 134      BCCF3763 
 134      3330C619 
 134      3BC1183B 
 134      4A13
 135 006b 1E064B4A 		.ascii	"\036\006KJY\343\013\333\226\305\273G\023\373\204,\024"
 135      59E30BDB 
 135      96C5BB47 
 135      13FB842C 
 135      14
 136 007c BF5EAE1F 		.ascii	"\277^\256\037\024\262\210C\350\032\004\2407\322\006"
 136      14B28843 
 136      E81A04A0 
 136      37D206
 137 008b EBB0B840 		.ascii	"\353\260\270@\007\022\274\237#\027\373\370\300\252\030"
 137      0712BC9F 
 137      2317FBF8 
 137      C0AA18
 138 009a A69A74FB 		.ascii	"\246\232t\373\373\312\336\313E\311\323D?@\323\014<D"
 138      FBCADECB 
 138      45C9D344 
 138      3F40D30C 
 138      3C44
 139 00ac 0563045D 		.ascii	"\005c\004]\212\244~\027\365R\025\020\024^\237\037\313"
 139      8AA47E17 
 139      F5521510 
 139      145E9F1F 
 139      CB
 140 00bd 17AAD042 		.ascii	"\027\252\320B)\205\367\245\273,\370q(\344\217\017\271"
 140      2985F7A5 
 140      BB2CF871 
 140      28E48F0F 
 140      B9
 141 00ce 6C617946 		.ascii	"layF\312\210t\337\304\371\2351)\257\326\2449\307#p\""
 141      CA8874DF 
 141      C4F99D31 
 141      29AFD6A4 
 141      39C72370 
 142 00e3 C6044A30 		.ascii	"\306\004J0\216\022\303O\370\345\354\306\015\277W`\022"
 142      8E12C34F 
 142      F8E5ECC6 
 142      0DBF5760 
 142      12
 143 00f4 E55BC298 		.ascii	"\345[\302\230\202W\031\205\312\335{\345q\345\306fL\272"
 143      82571985 
 143      CADD7BE5 
 143      71E5C666 
 143      4CBA
 144 0106 B37164F3 		.ascii	"\263qd\363\033\311\262=`i.,\265p\265\020\226p>\265\265"
 144      1BC9B23D 
 144      60692E2C 
 144      B570B510 
ARM GAS  /tmp/ccQqT3ot.s 			page 11


 144      96703EB5 
 145 011b F596B11E 		.ascii	"\365\226\261\036\316\224)\001\3512\026\347\226\011:"
 145      CE942901 
 145      E93216E7 
 145      96093A
 146 012a 29F88CDC 		.ascii	")\370\214\334\304\247\347\331\375J#\305\275\244\337"
 146      C4A7E7D9 
 146      FD4A23C5 
 146      BDA4DF
 147 0139 DBB9B664 		.ascii	"\333\271\266d++\036\335\376\367\225L\242\330\204\372"
 147      2B2B1EDD 
 147      FEF7954C 
 147      A2D884FA 
 148 0149 14A5066F 		.ascii	"\024\245\006o\375\314\370\207\220\011S<\330N:^<&\023"
 148      FDCCF887 
 148      9009533C 
 148      D84E3A5E 
 148      3C2613
 149 015c AE3241E5 		.ascii	"\2562A\345\311\267\253\303\276\252Q\031\015\313\322"
 149      C9B7ABC3 
 149      BEAA5119 
 149      0DCBD2
 150 016b 34F72187 		.ascii	"4\367!\207!$\215\221iTi\305\273/\252\215 v\320\225\356"
 150      21248D91 
 150      695469C5 
 150      BB2FAA8D 
 150      2076D095 
 151 0180 46F64493 		.ascii	"F\366D\223A\221\315h\262\316\233\261\274\307\220\371"
 151      4191CD68 
 151      B2CE9BB1 
 151      BCC790F9 
 152 0190 0C9FFBEE 		.ascii	"\014\237\373\356\332\037\256:\026\330\004f\211H\243"
 152      DA1FAE3A 
 152      16D80466 
 152      8948A3
 153 019f 9A0DC826 		.ascii	"\232\015\310&\227\004\245\\$\031\3737\320Ul\322\026"
 153      9704A55C 
 153      2419FB37 
 153      D0556CD2 
 153      16
 154 01b0 55546B4B 		.ascii	"UTkK\335y\2562;m\036\330\255\261\271m\227OQE\204F5u"
 154      DD79AE32 
 154      3B6D1ED8 
 154      ADB1B96D 
 154      974F5145 
 155 01c8 7BD66F14 		.ascii	"{\326o\0248)\320\271\256\231\276q\277\351\316B\236\310"
 155      3829D0B9 
 155      AE99BE71 
 155      BFE9CE42 
 155      9EC8
 156 01da 56105D9D 		.ascii	"V\020]\235>\262\205!\300\334\332\327\3270\000\206\371"
 156      3EB28521 
 156      C0DCDAD7 
 156      D7300086 
 156      F9
 157 01eb AD8711E7 		.ascii	"\255\207\021\347|q\375\357\010\364\235}\201nQu\221\032"
 157      7C71FDEF 
ARM GAS  /tmp/ccQqT3ot.s 			page 12


 157      08F49D7D 
 157      816E5175 
 157      911A
 158 01fd 59D82C88 		.ascii	"Y\330,\210\"\022\266\323\334\036P\377\005\317\020U\017"
 158      2212B6D3 
 158      DC1E50FF 
 158      05CF1055 
 158      0F
 159 020e A2409F12 		.ascii	"\242@\237\022\3337\375\015\221\301\251\205\275\372\244"
 159      DB37FD0D 
 159      91C1A985 
 159      BDFAA4
 160 021d 1A3DDC5C 		.ascii	"\032=\334\\(\"\256\012k++\035\372.5\266^n\014:\265M"
 160      2822AE0A 
 160      6B2B2B1D 
 160      FA2E35B6 
 160      5E6E0C3A 
 161 0233 CDE79BCF 		.ascii	"\315\347\233\317\004\234\226\220\323t.\350\\iim\013"
 161      049C9690 
 161      D3742EE8 
 161      5C69696D 
 161      0B
 162 0244 3981FAD3 		.ascii	"9\201\372\323\207\0179uu\307\234\300\331@\375\311\332"
 162      870F3975 
 162      75C79CC0 
 162      D940FDC9 
 162      DA
 163 0255 53EDD5AA 		.ascii	"S\355\325\252\332\020jk\010\006/V^`V\250\365?\214\261"
 163      DA106A6B 
 163      08062F56 
 163      5E6056A8 
 163      F53F8CB1 
 164 0269 12BE     		.ascii	"\022\276"
 165              		.text
 166              		.section	.gnu.lto_.symbol_nodes.be4d14baf411c125,"e",%progbits
 167 0000 789C6DCE 		.ascii	"x\234m\316\273\015\302@\020\204\341\331\331\363\231"
 167      BB0DC240 
 167      1084E1D9 
 167      D9F399
 168 000f 0E08A114 		.ascii	"\016\010\241\024\220(\205>\366\002\027@\015\210\000"
 168      9028853E 
 168      F6021740 
 168      0D8800
 169 001e 102F9199 		.ascii	"\020/\221\231\014\211\030Q\212c'pp\016\010v\242_\372"
 169      0C891851 
 169      8A632770 
 169      700E0876 
 169      A25FFA
 170 0031 82DD1104 		.ascii	"\202\335\021\004c\001\300+\015)/\310\352\011\030\244"
 170      6301C02B 
 170      0D292FC8 
 170      EA0918A4 
 171 0041 6DEE698A 		.ascii	"m\356i\212\257\201;\232\374#ni>\320\236F\237\344@\323"
 171      AF813B9A 
 171      FC236E69 
 171      3ED09E46 
 171      9FE440D3 
ARM GAS  /tmp/ccQqT3ot.s 			page 13


 172 0055 F7B0C98F 		.ascii	"\367\260\311\217\221O\314\262\034i\301\227\023\255\362"
 172      914FCCB2 
 172      1C69C197 
 172      13ADF2
 173 0064 E54C8BBE 		.ascii	"\345L\213\276\\h\265+\212\272\274\366\020E,\271\311"
 173      5C68B52B 
 173      8ABABCF6 
 173      10452CB9 
 173      C9
 174 0075 59956C72 		.ascii	"Y\225lr\206\222K\205\226Z(\361\352\372\255\310:\342"
 174      86924B85 
 174      965A28F1 
 174      EAFAADC8 
 174      3AE2
 175 0087 03B41461 		.ascii	"\003\264\024aq"
 175      71
 176              		.text
 177              		.section	.gnu.lto_.refs.be4d14baf411c125,"e",%progbits
 178 0000 789CE360 		.ascii	"x\234\343``\004B \000\000\000]\000\013"
 178      60044220 
 178      0000005D 
 178      000B
 179              		.text
 180              		.section	.gnu.lto_.decls.be4d14baf411c125,"e",%progbits
 181 0000 789CC558 		.ascii	"x\234\305XkPTG\026\236\276=\300\3140\242\213y\256\225"
 181      6B505447 
 181      169EBE3D 
 181      C0CC30A2 
 181      8B79AE95 
 182 0014 AC95A5CA 		.ascii	"\254\225\245\312\324&:\200fwS[\265\025\035P\250\225"
 182      D4263A80 
 182      6677535B 
 182      B5151D50 
 182      A895
 183 0026 68CD90AD 		.ascii	"h\315\220\255M\376L\021\034\003\025\036\356\200Y\255"
 183      4DFE4C11 
 183      1C03151E 
 183      EE8059AD 
 184 0036 DADA5C5E 		.ascii	"\332\332\\^\012\210\210\017P\361\215h|\000\212/DEF\006"
 184      0A88880F 
 184      50F18D68 
 184      7C008A2F 
 184      44454606 
 185 004a 10501409 		.ascii	"\020P\024\011 \017A\300\027\202\012J\020D\014{\372\366"
 185      200F41C0 
 185      17820A4A 
 185      10440C7B 
 185      FAF6
 186 005c 1DA6672E 		.ascii	"\035\246g.cekkkG\277\271}\272\277\376\372t\237\276\323"
 186      63656B6B 
 186      6B47BFB9 
 186      7DBABFFE 
 186      FA749FBE 
 187 0071 A751C890 		.ascii	"\247Q\310\220l\373\257e\262\021\271L\226\214d\262q\370"
 187      6CFBAF65 
 187      B211B94C 
 187      968C64B2 
ARM GAS  /tmp/ccQqT3ot.s 			page 14


 187      71F8
 188 0083 40517643 		.ascii	"@QvCf\373(\000\025\200\313\000\013\240\032p\005P\013"
 188      66FB2800 
 188      1580CB00 
 188      0BA01A70 
 188      05500B
 189 0096 B8EEC0B5 		.ascii	"\270\356\300\265~\326\201\226\022\236a\000O\300\033"
 189      7ED68196 
 189      129E6100 
 189      4FC01B
 190 00a5 809B8077 		.ascii	"\200\233\200w\241\376}\300o\001^\2002\221\257\026\265"
 190      A1FE7DC0 
 190      6F015E80 
 190      3291AF16 
 190      B5
 191 00b6 C938BF83 		.ascii	"\3118\277\203\372\217\221m\2349\210\216\345\015O_\344"
 191      FA8F916D 
 191      9C39888E 
 191      E50D4F5F 
 191      E4
 192 00c7 7CCC0DD0 		.ascii	"|\314\015\320\246\022\307\234\005X\015\366*@;\224\023"
 192      A612C79C 
 192      05580DF6 
 192      2A403B94 
 192      13
 193 00d8 E19980E8 		.ascii	"\341\231\200\350\370\357\000\372\240\316\035\360w(\033"
 193      F8EF00FA 
 193      A0CE1DF0 
 193      77281B
 194 00e7 00718069 		.ascii	"\000q\200i\000\027\200\032 \007\374\012\340\006x\013"
 194      0017801A 
 194      2007FC0A 
 194      E006780B 
 195 00f7 A0002071 		.ascii	"\240\000 q\015\034?k\231q\331\271\316\222\331\306#>"
 195      0D1C3F6B 
 195      9971D9B9 
 195      CE92D9C6 
 195      233E
 196 0109 24C1B31C 		.ascii	"$\301\263\034\236\034\031[\324\347\230y;~\266b\264\257"
 196      9E1C195B 
 196      D4E79879 
 196      3B7EB662 
 196      B4AF
 197 011b BDB354D9 		.ascii	"\275\263T\331\205n#\302C\210C2\362\217|\021g\350\023"
 197      856E23C2 
 197      43884332 
 197      F28F7C11 
 197      67E813
 198 012e 91321263 		.ascii	"\2212\022c'|\020\371\210<\231\350\270\265\216>\254_"
 198      277C10F9 
 198      883C99E8 
 198      B8B58E3E 
 198      AC5F
 199 0140 B48E1355 		.ascii	"\264\216\023U8q`D\373Pu\301d\244i;\022\333\255\"\264"
 199      38716044 
 199      FB5075C1 
 199      64A4693B 
ARM GAS  /tmp/ccQqT3ot.s 			page 15


 199      12DBAD22 
 200 0155 03F5CAD6 		.ascii	"\003\365\312\326Q\254\342\304\341\330\036H\342\261M"
 200      51ACE2C4 
 200      E1D81E48 
 200      E2B14D
 201 0164 5036216A 		.ascii	"P6!j\375\240\211\025\031o(\253Rv\243\3168\236\347\353"
 201      FDA08915 
 201      196F28AB 
 201      5276A3CE 
 201      389EE7EB 
 202 0178 829147C6 		.ascii	"\202\221G\306Lh\204\372W\017n[\334\360{B\371\310\305"
 202      4C6884FA 
 202      570F6E5B 
 202      DCF07B42 
 202      F9C8C5
 203 018b DD292AFC 		.ascii	"\335)*\374'\241\274+++G\215uB9\321\334\177L\256\311"
 203      27A1BC2B 
 203      2B2B478D 
 203      754239D1 
 203      DC7F4CAE 
 204 01a0 E7E94791 		.ascii	"\347\351G\221\357\"C\027\021\266\255\366\232\212\214"
 204      EF224317 
 204      11B6ADF6 
 204      9A8A8C
 205 01af F353D231 		.ascii	"\363S\3221\362T!\216,~c]<\002\363\015\025\232\006ff"
 205      F254218E 
 205      2C7E635D 
 205      3C02F30D 
 205      159A0666 
 206 01c4 4E7983F2 		.ascii	"Ny\203\362\355L\3225#\201\237\306\241\260\267\320%4"
 206      ED4CD235 
 206      23819FC6 
 206      A1B0B7D0 
 206      2534
 207 01d6 0399D10C 		.ascii	"\003\231\321\014p\260\014\275-C+\345Th\363\266\354~"
 207      70B00CBD 
 207      2D432BE5 
 207      5468F3B6 
 207      EC7E
 208 01e8 F4C15EBE 		.ascii	"\364\301^\276\263\2237\017\037\235\231fy\310\363\251"
 208      B393370F 
 208      1F9D9966 
 208      79C8F3A9 
 209 01f8 3C2F9713 		.ascii	"</\227\023\032*A\030\225\"\2150/(\313\320y\324\215\320"
 209      1A2A4118 
 209      95228D30 
 209      2F28CBD0 
 209      79D48DD0 
 210 020c 39D48584 		.ascii	"9\324\205\204\316\257\037\247\234\035\347\347\376\213"
 210      CEAF1FA7 
 210      9C1DE7E7 
 210      FE8B
 211 021a 634A18C7 		.ascii	"cJ\030\307\014\343\324\305q\207\240\2137a\240\013\023"
 211      0CE3D4C5 
 211      7187A08B 
 211      3761A00B 
 211      13
ARM GAS  /tmp/ccQqT3ot.s 			page 16


 212 022b 43200BFA 		.ascii	"C \013\372\200\230v\243\240\012\364\001t\177\232\326"
 212      809876A3 
 212      A00AF401 
 212      747F9AD6 
 213 023b BF772A86 		.ascii	"\277w*\206Za\330\256\306=\256\242\317\243\377\314\346"
 213      5A61D8AE 
 213      C63DAEA2 
 213      CFA3FFCC 
 213      E6
 214 024c CDF1A0C6 		.ascii	"\315\361\240\306\011\016W2\016W:J]\026\244R.\244\326"
 214      090E5732 
 214      0E573A4A 
 214      5D16A452 
 214      2EA4D6
 215 025f C9F1132A 		.ascii	"\311\361\023*\325\377\352V%q\253\223\347\315\375\325"
 215      D5FFEA56 
 215      2571AB93 
 215      E7CDFDD5 
 216 026f 5ED9C77B 		.ascii	"^\331\307{\370d\225\260D\250\212\221\252\022\327\036"
 216      F86495B0 
 216      44A88A91 
 216      AA12D71E 
 217 027f 550B12A5 		.ascii	"U\013\022\245\311;\232\344\370<'H<>\323Y\247\022%\372"
 217      C93B9AE4 
 217      F83C2748 
 217      3C3ED359 
 217      A71225FA 
 218 0293 5ABDF24F 		.ascii	"Z\275\362O\361\211.\202@\015#Pc\025\270B}(\262\254\307"
 218      F1892E82 
 218      400D2350 
 218      6315B842 
 218      7D28B2AC 
 219 02a8 38010B02 		.ascii	"8\001\013\002\255=c\311\356\242\300`\257W\353\204\300"
 219      AD3D63C9 
 219      EEA2C060 
 219      AF57EB84 
 219      C0
 220 02b9 5546E0AA 		.ascii	"UF\340\252U\240V\020h8\261\366\201\002\227Q\201}\273"
 220      55A05610 
 220      6838B1F6 
 220      81029751 
 220      817DBB
 221 02cc 0EDD709D 		.ascii	"\016\335p\235\360\340C\233\007\327\030\201kV\201\353"
 221      F0E0439B 
 221      07D71881 
 221      6B5681EB 
 222 02dc 82406373 		.ascii	"\202@cs\372\260\007\356\240\002/\267=/T[\005\252?\314"
 222      FAB007EE 
 222      A0022FB7 
 222      3D2F545B 
 222      05AA3FCC 
 223 02f0 9E10A863 		.ascii	"\236\020\250c\004\352\254\0027\004\201\013k^]t\203-"
 223      04EAAC02 
 223      3704810B 
 223      6B5E5D74 
 223      832D
 224 0302 374B85C8 		.ascii	"7K\205\310k1\025\252.\367?n@\264\212\250\036\316\335"
ARM GAS  /tmp/ccQqT3ot.s 			page 17


 224      6B3115AA 
 224      2EF73F6E 
 224      40B48AA8 
 224      1ECEDD
 225 0315 98E38AC7 		.ascii	"\230\343\212\307\350\020\035\361\273F\324t\303\312\301"
 225      E8101DF1 
 225      BB46D474 
 225      C3CAC1
 226 0324 DC5273AA 		.ascii	"\334Rs\252ZE7\354L0\263;\217\356S\253\222y>\236\337"
 226      5A4537EC 
 226      4C30B33B 
 226      8FEE53AB 
 226      92793E9E 
 227 0339 9BC02B03 		.ascii	"\233\300+\003d\250\011\266Q#l#\324\200\004A\360\002"
 227      64A809B6 
 227      51236C23 
 227      D4800441 
 227      F002
 228 034b FD0875F5 		.ascii	"\375\010u\365\244\356&R\011\357QY\201\013\225l&C\224"
 228      A4EE2652 
 228      09EF5159 
 228      810B956C 
 228      264394
 229 035e 8E6795CA 		.ascii	"\216g\225\312\251\255 \273\344\310\24515\035\302L\232"
 229      A9AD20BB 
 229      E4C8A531 
 229      351DC24C 
 229      9A
 230 036f CF6414AD 		.ascii	"\317d\024\255\021\233\353\210mi\272< \307Ir\301\275"
 230      119BEB88 
 230      6D69BA3C 
 230      20C74972 
 230      C1BD
 231 0381 EAB18ACB 		.ascii	"\352\261\212\313\202\003\011\277\304\001\350p\365\352"
 231      820309BF 
 231      C401E870 
 231      F5EA
 232 038f CB5A17BC 		.ascii	"\313Z\027\274\216\366\276\262\243.NE\245\253\210\275"
 232      8EF6BEB2 
 232      A32E4E45 
 232      A5AB88BD 
 233 039f E59CE5BC 		.ascii	"\345\234\345\274;N\247\215wR\273-\256x35\254Ny\212N"
 233      3B4EA78D 
 233      7752BB2D 
 233      AE783335 
 233      AC4E798A 
 234 03b4 ED691B82 		.ascii	"\355i\033\202\255\261\2256Z\212\332\036r\264\321\233"
 234      ADB19536 
 234      5A8ADA1E 
 234      72B4D19B 
 235 03c4 79A93DE9 		.ascii	"y\251=\351K\235?\376`\307T:\037\036\201]R\177\3533\274"
 235      4B9D3FFE 
 235      60C7543A 
 235      1F1E815D 
 235      527FEB33 
 236 03d9 93F68C6F 		.ascii	"\223\366\214o\314+\362\240T\014feSe\215\202\314\206"
 236      CC2BF2A0 
ARM GAS  /tmp/ccQqT3ot.s 			page 18


 236      540C6665 
 236      53658D82 
 236      CC86
 237 03eb A7B321F5 		.ascii	"\247\263!\365\326\371\310\320C\004;\\3\003\365\320\231"
 237      D6F9C8D0 
 237      43043B5C 
 237      3303F5D0 
 237      99
 238 03fc E43CDEC9 		.ascii	"\344<\336\311+=3\204\227\230\347?\223\223\325E\367\201"
 238      2B3D3384 
 238      9798E73F 
 238      9393D545 
 238      F781
 239 040e 7D4F60F7 		.ascii	"}O`\367\"O\332Ex\215\207\252\233\017\273\263\344\366"
 239      224FDA45 
 239      788D87AA 
 239      9B0FBBB3 
 239      E4F6
 240 0420 D7900BF6 		.ascii	"\327\220\013\366\037\330\252\302{\251\213\367r\036\275"
 240      1FD8AAC2 
 240      7BA98BF7 
 240      721EBD
 241 042f 493DFC10 		.ascii	"I=\374\020\254\203\317\317'(p.m\332|qW\255\033>D\015"
 241      AC83CFCF 
 241      2728702E 
 241      6DDA7C71 
 241      57AD1B3E 
 242 0445 EBCEF0A4 		.ascii	"\353\316\360\244;#\376\346\002\234G[J7njG\37085\362"
 242      3B23FEE6 
 242      029C475B 
 242      4A376E6A 
 242      47F83835 
 243 045a CFA4ED70 		.ascii	"\317\244\355p\243\264w\310\272^\351\233\205O\323\246"
 243      A3B477C8 
 243      BA5EE99B 
 243      854FD3A6 
 244 046a 9FAB2CB3 		.ascii	"\237\253,\263\360yZ\256<s\350\007\204/Q\343Yve\237\012"
 244      F0795AAE 
 244      3C73E807 
 244      842F51E3 
 244      5976659F 
 245 047f 5750636F 		.ascii	"WPco\375\316\263\012\\E\215\203#Y\007\325\270\226\032"
 245      FDCEB30A 
 245      5C458D83 
 245      235907D5 
 245      B8961A
 246 0492 0DC58DC9 		.ascii	"\015\305\215\311\356\270\236\032\311\205\205\333\334"
 246      EEB89E1A 
 246      C98585DB 
 246      DC
 247 049f 711335CE 		.ascii	"q\0235\3165^\311\021\227\271\223\3307N]\330\242\020"
 247      355EC911 
 247      97B993D8 
 247      374E5DD8 
 247      A210
 248 04b1 43E20A76 		.ascii	"C\342\012vj\375\325a\204[)\271\250\244u\203\207\323"
 248      6AFDD561 
ARM GAS  /tmp/ccQqT3ot.s 			page 19


 248      845B29B9 
 248      A8A47583 
 248      87D3
 249 04c3 208C8B41 		.ascii	" \214\213A\360\026b\220\374\344\200Y\355\030\203V \267"
 249      F0166290 
 249      FCE48059 
 249      ED188356 
 249      20B7
 250 04d5 08649EF3 		.ascii	"\010d\236\363\244=\204e\315o~z\017;\306\300\011\371"
 250      A43D8465 
 250      CD6F7E7A 
 250      0F3BC6C0 
 250      09F9
 251 04e7 CD94DCC2 		.ascii	"\315\224\334\302b%\362\222~\246{\345\360\211\011\274"
 251      6225F292 
 251      7EA67BE5 
 251      F08909BC 
 252 04f7 797C072E 		.ascii	"y|\007.(\274{#\216\317\365\026\204n\301v\317\344\246"
 252      28BC7B23 
 252      8ECFF516 
 252      846EC176 
 252      CFE4A6
 253 050a 33AEB609 		.ascii	"3\256\266\011\337M\344\233v\251\371\036~s\023]\005\372"
 253      DF4DE49B 
 253      76A9F91E 
 253      7E73135D 
 253      05FA
 254 051c 0B099D7A 		.ascii	"\013\011\235z\341C\331q\274\271;\031\307\011\364>\344"
 254      E143D971 
 254      BCB93B19 
 254      C709F43E 
 254      E4
 255 052d 891E8874 		.ascii	"\211\036\210t\333\226\271\353\250^\237\214m\362O$\362"
 255      DB96B9EB 
 255      A85E9F8C 
 255      6DF24F24 
 255      F2
 256 053e 8F1DF9CF 		.ascii	"\217\035\371\317\030o~\222\320\007\035\351e\014}TB\327"
 256      186F7E92 
 256      D0071DE9 
 256      650C7D54 
 256      42D7
 257 0550 38B047FF 		.ascii	"8\260G\377ec\277\234\234\3553Ane=\177$a\337E\016\364"
 257      6563BF9C 
 257      9CED3341 
 257      6E653D7F 
 257      2461DF45 
 258 0566 5486DE25 		.ascii	"T\206\336%\241\337v\2443\216\017K\330\367\034\330\275"
 258      A1DF76A4 
 258      338E0F4B 
 258      D8F71CD8 
 258      BD
 259 0577 0C7BC8C9 		.ascii	"\014{\310\311\252\330b4\232*\306(\216\363D?\213t\333"
 259      AAD86234 
 259      9A2AC628 
 259      8EF3443F 
 259      8B74DB
ARM GAS  /tmp/ccQqT3ot.s 			page 20


 260 058a 966A7610 		.ascii	"\226jv\020\357f=\357t\3429\273\212\2143\317$\364\001"
 260      EF663DEF 
 260      74E239BB 
 260      8A8C33CF 
 260      24F401
 261 059d 07F51A76 		.ascii	"\007\365\032v\031\373\235l\000\033\275\236\021\037q"
 261      19FB9D6C 
 261      001BBD9E 
 261      111F71
 262 05ac B21BD9F8 		.ascii	"\262\033\331\370\263\352O\2358\303\360{\331\271v8y9"
 262      B3EA4F9D 
 262      38C3F07B 
 262      D9B97638 
 262      7939
 263 05be 987567E5 		.ascii	"\230ug\345\357H\350\3356\371\215\342\013\314#\271\014"
 263      EF48E8DD 
 263      36F98DE2 
 263      0BCC23B9 
 263      0C
 264 05cf BD02C698 		.ascii	"\275\002\306\230\320F\370\344\254I\346\274\320Z@\002"
 264      D046F8E4 
 264      AC49E6BC 
 264      D05A4002 
 265 05df 6023601D 		.ascii	"`#`\035 \013\220\006X\003\330\000\330\004\310\000$\001"
 265      200B9006 
 265      5803D800 
 265      D804C800 
 265      2401
 266 05f1 52008980 		.ascii	"R\000\211\200-\200T@:`3 \036\260\236\363\"'\267\030"
 266      2D805440 
 266      3A603320 
 266      1EB09EF3 
 266      2227B718 
 267 0605 3C66BD9E 		.ascii	"<f\275\236;\331G\202\203\360S\323~\265\351\220\007\336"
 267      3BD94782 
 267      83F053D3 
 267      7EB5E990 
 267      07DE
 268 0617 ED424FB9 		.ascii	"\355BO\271\206\263'\247L\237\324m\264\225\303\377K\317"
 268      86B327A7 
 268      4C9FD46D 
 268      B495C3FF 
 268      4BCF
 269 0629 61F4E28A 		.ascii	"a\364\342\212\242*wu\352D\212\200\266\331\371\275\235"
 269      A22A7775 
 269      EA448A80 
 269      B6D9F9BD 
 269      9D
 270 063a 23F732F2 		.ascii	"#\3672\362 \311\315H\311\250\032\037\021\334\306q\251"
 270      20C9CD48 
 270      C9A81A1F 
 270      11DCC671 
 270      A9
 271 064b A32D18A9 		.ascii	"\243-\030\251f \340\"!\305\340\367\363\370\035\031\232"
 271      6620E022 
 271      21C5E0F7 
 271      F3F81D19 
ARM GAS  /tmp/ccQqT3ot.s 			page 21


 271      9A
 272 065c 2BFCFAA2 		.ascii	"+\374\372\242lp}\007\007\277\306;\271\031h\0277C\266"
 272      6C707D07 
 272      07BFC63B 
 272      B9196817 
 272      3743B6
 273 066f 9D570815 		.ascii	"\235W\010\025\333y`\017|/\224A\364lAY\207\334\366\263"
 273      DB79600F 
 273      7C2F9441 
 273      F46C4159 
 273      87DCF6B3 
 274 0683 8B483D93 		.ascii	"\213H=\223\355\356\266\375\354\22229\000\256o\337\352"
 274      EDEEB6FD 
 274      EC923239 
 274      00AE6FDF 
 274      EA
 275 0694 4A4F0B72 		.ascii	"JO\013r8\230_t\3648?\224\367r\364<\330\303\011\007B"
 275      38985F74 
 275      F4383F94 
 275      F772F43C 
 275      D8C30907 
 276 06a9 E7F6DC2C 		.ascii	"\347\366\334,\261\257\0339h6\267\336V\322\203\346\217"
 276      B1AF1B39 
 276      6836B7DE 
 276      56D283E6 
 276      8F
 277 06ba 242C05D7 		.ascii	"$,\005\327\332]\034]\311\001\367\367qDk?q\205\010\322"
 277      DA5D1C5D 
 277      C901F7F7 
 277      71446B3F 
 277      718508D2 
 278 06ce 32C9412A 		.ascii	"2\311A*\236\014Na\027\217$w\266\301s\351\342\345\012"
 278      9E0C4E61 
 278      178F2477 
 278      B6C173E9 
 278      E2E50A
 279 06e1 8B77F37E 		.ascii	"\213w\363~\3312|\214\206\374H\376\356\343\036\270\204"
 279      D9327C8C 
 279      86FC48FE 
 279      EEE31EB8 
 279      84
 280 06f2 1AEBCA2C 		.ascii	"\032\353\312,;]\345\234\014\035\3440\215\311\375\216"
 280      3B5DE59C 
 280      0C1DE430 
 280      8DC9FD8E 
 281 0702 F43617A8 		.ascii	"\3646\027\250\02122\222\352C\335\266\307\273z\335\235"
 281      11323292 
 281      EA43DDB6 
 281      C7BB7ADD 
 281      9D
 282 0713 DE090E73 		.ascii	"\336\011\016sp'8\304\211\227\002\363\351\362\0267\361"
 282      702738C4 
 282      899702F3 
 282      E9F21637 
 282      F1
 283 0724 5270BB18 		.ascii	"Rp\273\030\267\365\247\257\347\367\306\361\237Uq\204"
 283      B7F5A7AF 
ARM GAS  /tmp/ccQqT3ot.s 			page 22


 283      E7F7C6F1 
 283      9F557184 
 284 0734 880E7062 		.ascii	"\210\016pb\366\211~\200\036\304\264\317\347\217p$\021"
 284      F6897E80 
 284      1EC4B4CF 
 284      E78F7024 
 284      11
 285 0745 1D787E65 		.ascii	"\035x~e#\306\233\\\005\037\033wnI\226\213\212\303\275"
 285      23C69B5C 
 285      051F1B77 
 285      6E49968B 
 285      8AC3BD
 286 0758 1F8F34F7 		.ascii	"\037\2174\367\010\327\231DD\3573G9[>{\324Q.O\220\033"
 286      08D79944 
 286      44EF3347 
 286      395B3E7B 
 286      D4512E4F 
 287 076e 19BA7449 		.ascii	"\031\272tI\201\367S\271}\035\217:\260(\367\362\032."
 287      81F753B9 
 287      7D1D8F3A 
 287      B028F7F2 
 287      1A2E
 288 0780 3E6D2F97 		.ascii	">m/\227\317\310\345;\312\025\010r[\016\\N\221\343\007"
 288      CFC8E53B 
 288      CA150872 
 288      5B0E5C4E 
 288      91E307
 289 0793 54EE7E5E 		.ascii	"T\356~^A\326TQ\0162\375\227\247x>\211\347\313\250\330"
 289      41D65451 
 289      0E32FD97 
 289      A7783E89 
 289      E7CBA8D8 
 290 07a7 3146EC98 		.ascii	"1F\354\230\243\330qA,\247\271\345\204+\036\245b\251"
 290      A3D87141 
 290      2CA7B9E5 
 290      842B1EA5 
 290      62A9
 291 07b9 9909952A 		.ascii	"\231\011\225*\233o\027O\332\373V\310\310\025:\312\235"
 291      9B6F174F 
 291      DAFB56C8 
 291      C8153ACA 
 291      9D
 292 07ca 10E4AC19 		.ascii	"\020\344\254\031\245\247"
 292      A5A7
 293 07d0 98519A2B 		.ascii	"\230Q\232+\323\036#\274\301M\220O[\2379,6\216\010\267"
 293      D31E23BC 
 293      C14D904F 
 293      5B9F392C 
 293      368E08B7 
 294 07e4 D9B2E1E6 		.ascii	"\331\262\341\346)8\2236\236H\273\377LLc\007\210\275"
 294      29389336 
 294      9E48BBFF 
 294      4C4C6307 
 294      88BD
 295 07f6 B5B87BC0 		.ascii	"\265\270{\300\003\357\241\215\033-C\203\356x?5,\031"
 295      03EFA18D 
 295      1B2D4383 
ARM GAS  /tmp/ccQqT3ot.s 			page 23


 295      EE783F35 
 295      2C19
 296 0808 E64BE246 		.ascii	"\346K\342F\356\021.\271cc\211r|\2106\326\307o\316u\305"
 296      EE112EB9 
 296      63638972 
 296      7C8836D6 
 296      C76FCE75 
 297 081d 27A8F1F2 		.ascii	"'\250\361\362\311\017\003\256\370\202\330mp\347S5\256"
 297      C90F03AE 
 297      F882D86D 
 297      70E75335 
 297      AE
 298 082e A446526E 		.ascii	"\244FRnC\232\033\256\243\306`\333\372J5n\245Fy\325\235"
 298      439A1BAE 
 298      A3C660DB 
 298      FA4A356E 
 298      A54679D5 
 299 0843 1F15F82E 		.ascii	"\037\025\370.5\342z\216\257\305\370\0115\236\326YR\225"
 299      35E27A8E 
 299      AFC5F809 
 299      359ED659 
 299      5295
 300 0855 78841AB5 		.ascii	"x\204\032\265)\23329\014\257\265\214y\227<\351\2734"
 300      299B3239 
 300      0CAFB58C 
 300      79973CE9 
 300      BB34
 301 0867 BE636097 		.ascii	"\276c`\227\032'\323\266\013\373\223\016+\360&j$^[\177"
 301      1A27D3B6 
 301      0BFB930E 
 301      2BF0266A 
 301      245E5B7F 
 302 087b 4B8DB3A9 		.ascii	"K\215\263\251Q\320\263\326\354\206sDZ\355\213<\017|"
 302      51D0B3D6 
 302      EC867344 
 302      5AED8B3C 
 302      0F7C
 303 088d 4434DA4E 		.ascii	"D4\332Nk\360)Z\336\327S\274y*.\241FW\373\203T\017\\"
 303      6BF0295A 
 303      DED753BC 
 303      792A2EA1 
 303      4657FB83 
 304 08a4 498D35A5 		.ascii	"I\2155\245\231%J\\G\215\362N8HZh\271/\325\334\302\341"
 304      99254A5C 
 304      478DF24E 
 304      38485A68 
 304      B92FD5DC 
 305 08ba 6E6A1C2E 		.ascii	"nj\034.^\337\345\202\373\250q\247(\361\271\034\367S"
 305      5EDFE582 
 305      FBA871A7 
 305      28F1B91C 
 305      F753
 306 08cc E3E8D8EE 		.ascii	"\343\350\330\356:%\376\211\032u\347:\357y\3401jt\324"
 306      3A25FE89 
 306      1A75E73A 
 306      EF79E031 
 306      6A74D4
ARM GAS  /tmp/ccQqT3ot.s 			page 24


 307 08df 94DE11EF 		.ascii	"\224\336\021\3575\311$\2127\262\312*\246\210\367\036"
 307      35C9248A 
 307      37B2CA2A 
 307      A688F71E 
 308 08ef 720FCA3D 		.ascii	"r\017\312=\3339\206\360\270@\376MS\355\2061\227\311"
 308      DB3986F0 
 308      B840FE4D 
 308      53ED8631 
 308      97C9
 309 0901 D2419A12 		.ascii	"\322A\232\022\322O\016yy\3157\017\273\234-\314M\341"
 309      D24F0E79 
 309      79CD370F 
 309      BB9C2DCC 
 309      4DE1
 310 0913 49620839 		.ascii	"Ib\0109%*\203\015\325o\227\026H2\224\024\346\354\253"
 310      252A830D 
 310      D56F9716 
 310      48329414 
 310      E6ECAB
 311 0926 13E9CE53 		.ascii	"\023\351\316S\2242\226\376\243\204\356\230\212\225\261"
 311      943296FE 
 311      A384EE98 
 311      8A95B1
 312 0935 07F11509 		.ascii	"\007\361\025\011]rp\327\254c\370\227$|\307\203{\224"
 312      5D7270D7 
 312      AC63F897 
 312      247CC783 
 312      7B94
 313 0947 3DB81B26 		.ascii	"=\270\033&\367\206I:Xq\263\023q6\213`\371%\022\376\230"
 313      F786493A 
 313      5871B313 
 313      71368B60 
 313      F92512FE 
 314 095c E3D2A431 		.ascii	"\343\322\2441\364b\011\275\210\263\247?c\325/8Qg\363"
 314      F46209BD 
 314      88B3A73F 
 314      63D52F38 
 314      5167F3
 315 096f 3176E5AF 		.ascii	"1v\345\257:YJ*OvB\2155;$\333\240F\262\015\034\023\262"
 315      3A594A2A 
 315      4F76428D 
 315      353B24DB 
 315      A046B20D 
 316 0986 56D6F953 		.ascii	"V\326\371S\022\365\223\016\316\327\260\364\263N\346"
 316      12F5930E 
 316      CED7B0F4 
 316      B34EE6
 317 0995 CA3ACFEE 		.ascii	"\312:\317\356\003\213\204\337\3558\331nv\262\327\235"
 317      038B84DF 
 317      ED38D96E 
 317      76B2D79D 
 318 09a5 EC4A910F 		.ascii	"\354J\221\017\347\243\271\333\272\230\344L\273(\341"
 318      E7A3B9DB 
 318      BA98E44C 
 318      BB28E1
 319 09b4 37DBF161 		.ascii	"7\333\361au\352\323\230\3259#Y\235\323\016\323\265\313"
 319      75EAD398 
ARM GAS  /tmp/ccQqT3ot.s 			page 25


 319      D5392359 
 319      9DD30ED3 
 319      B5CB
 320 09c6 FAAB24F2 		.ascii	"\372\253$\362\222\353\220]\256}Y\302\257`\344\211\367"
 320      92EB905D 
 320      AE7D59C2 
 320      AF60E489 
 320      F7
 321 09d7 13E92AF1 		.ascii	"\023\351*\361\276\322\011\235\361~t\035\343\375y\211"
 321      BED2099D 
 321      F17E741D 
 321      E3FD7989 
 322 09e7 F7E71C83 		.ascii	"\367\347\034\203\305.f\275D\336v\367\263K\023\233 5"
 322      C52E66BD 
 322      44DE76F7 
 322      B34B139B 
 322      2035
 323 09f9 691494FA 		.ascii	"i\024\224\372\305\034\261\035r\273V\300\023\3003@\013"
 323      C51CB11D 
 323      72BB56C0 
 323      13C03340 
 323      0B
 324 0a0a E0016008 		.ascii	"\340\001`\0100\010\350\006\264\001\356\000~\002\364"
 324      3008E806 
 324      B401EE00 
 324      7E02F4
 325 0a19 02FA008F 		.ascii	"\002\372\000\217\000O\001\367\001\315\200[\200\016\300"
 325      004F01F7 
 325      01CD805B 
 325      800EC0
 326 0a28 00A00770 		.ascii	"\000\240\007p\033\320\005x\014\350\004\334\003<\004"
 326      1BD00578 
 326      0CE804DC 
 326      033C04
 327 0a37 DC053C67 		.ascii	"\334\005<g\263\340V\366\225)u\022e\346\015c\243P\356"
 327      B3E056F6 
 327      95297512 
 327      65E60D63 
 327      A350EE
 328 0a4a 64D3313F 		.ascii	"d\3231?\017\3542\335p\262L\314\236{\226\302D\255V\302"
 328      0FEC32DD 
 328      70B24CCC 
 328      9E7B96C2 
 328      44AD56C2 
 329 0a5e 975C62EB 		.ascii	"\227\\b\353Yw\252\235l\"\346R\302\272s\315\211<s\275"
 329      5977AA9D 
 329      6C22E652 
 329      C2BA73CD 
 329      893C73BD 
 330 0a72 63DFC89B 		.ascii	"c\337\310\233N^`\353\025a(/\257\335\035W+\205\263(#"
 330      4E5E60EB 
 330      1561282F 
 330      AFDD1D57 
 330      2B85B328 
 331 0a87 3DEFA6CB 		.ascii	"=\357\246\313\364Ic\217\206E\241\377s\370I\372\274\241"
 331      F449638F 
 331      8645A1FF 
ARM GAS  /tmp/ccQqT3ot.s 			page 26


 331      73F849FA 
 331      BCA1
 332 0a99 EB1CC766 		.ascii	"\353\034\307f\303#v\363{A\263\341\027B6\374\242>=\311"
 332      C32376F3 
 332      7B41B3E1 
 332      174236FC 
 332      A23E3DC9 
 333 0aad 0537D2E9 		.ascii	"\0057\322\351Y\332\217\037W\340[\324xu\267\264S\211"
 333      59DA8F1F 
 333      57E05BD4 
 333      7875B7B4 
 333      5389
 334 0abf EF0886CB 		.ascii	"\357\010\206\313X\307\321!W\304\374Y\245\367K\333\022"
 334      58C7D121 
 334      57C4FC59 
 334      A5F74BDB 
 334      12
 335 0ad0 8EC1CC79 		.ascii	"\216\301\314y\374\332[i\353\227\366\207\217=\335\361"
 335      FCDA5B69 
 335      EB97F687 
 335      8F3DDDF1 
 336 0ae0 28AC67D8 		.ascii	"(\254g\330/'gK\336A\333_\\\010\233\004a\034\026\345"
 336      2F27674B 
 336      DE41DB5F 
 336      5C089B04 
 336      611C16E5 
 337 0af4 67401CF6 		.ascii	"g@\034\366B\257\354n\210\214\374\250\023\337}h\364\267"
 337      42AFEC6E 
 337      888CFCA8 
 337      13DF7D68 
 337      F4B7
 338 0b06 DD7D05F7 		.ascii	"\335}\005\367\377^\272\"\015--\333\361\364IGE\361\030"
 338      FF5EBA22 
 338      0D2D2DDB 
 338      F1F44947 
 338      45F118
 339 0b19 BF6E60E8 		.ascii	"\277n`\350}rpO\221\202\215J\202\335\260\211X\210\012"
 339      7D72704F 
 339      91828D4A 
 339      82DDB089 
 339      58880A
 340 0b2c 3C26BBCF 		.ascii	"<&\273\317\224\333\335g\222(\227<\270y2u\210)\362\273"
 340      94DBDD67 
 340      9228973C 
 340      B8793275 
 340      8829F2BB 
 341 0b40 3F186747 		.ascii	"?\030gG~\264|\205L\025\032m\2125\256\232\0359O\366^"
 341      7EB47C85 
 341      4C151A6D 
 341      8A35AE9A 
 341      1D394FF6 
 342 0b55 4CAC2122 		.ascii	"L\254!\"b\231!\306h\372\316h\010\217\2125\232L+W\304"
 342      629921C6 
 342      68FACE68 
 342      088F8A35 
 342      9A4C2B57 
 343 0b6a CE591162 		.ascii	"\316Y\021b\212\235\343\375\326\344\255\013\346\314\321"
ARM GAS  /tmp/ccQqT3ot.s 			page 27


 343      8A9DE3FD 
 343      D6E4AD0B 
 343      E6CCD1
 344 0b79 C0FF6F8D 		.ascii	"\300\377o\215\246(c\204F\033\026\376u\370\022\275&:"
 344      A6286384 
 344      461B16FE 
 344      75F812BD 
 344      263A
 345 0b8b 46131612 		.ascii	"F\023\026\022\241Y\001\3321\032}p\320\\_\315\342\305"
 345      A15901DA 
 345      311A7D70 
 345      D05C5FCD 
 345      E2C5
 346 0b9d 7E1AFD97 		.ascii	"~\032\375\227\372\340@\355_\276\363!\255\006*8'T\261"
 346      FAE040ED 
 346      5FBEF321 
 346      AD062A38 
 346      2754B1
 347 0bb0 E8F32F66 		.ascii	"\350\363/fj?\375T\246\375\357\265d\356\242\233\341Q"
 347      6A3FFD54 
 347      A6FDEFB5 
 347      64EEA29B 
 347      E151
 348 0bc2 E1B1EF1B 		.ascii	"\341\261\357\033\240>$6\206|\233b\015\221\306\220\230"
 348      A03E2436 
 348      867C9B62 
 348      0D91C690 
 348      98
 349 0bd3 9526A321 		.ascii	"\225&\243!\324\024\036k\010\2171\315v6\234)V\023\036"
 349      D4141E6B 
 349      088F31CD 
 349      76369C29 
 349      56131E
 350 0be6 151AB172 		.ascii	"\025\032\261r\231Q\023\032&(\314\011\223\275k0,\373"
 350      9951131A 
 350      2628CC09 
 350      93BD6B30 
 350      2CFB
 351 0bf8 FA1B4368 		.ascii	"\372\033Ch\2301\364[CD4|-7EG\376r\235e\306\257W~\003"
 351      9831F45B 
 351      4344347C 
 351      2D374547 
 351      FE729D65 
 352 0c11 3A9EA161 		.ascii	":\236\241a\372\3251\301\341\221FS@H\324\262\010\243"
 352      FAD531C1 
 352      E1914653 
 352      4048D4B2 
 352      08A3
 353 0c23 29F0A35F 		.ascii	")\360\243_\346\310j\342\306\014\326\215\225Qv\216\274"
 353      E6C86AE2 
 353      C60CD68D 
 353      9551768E 
 353      BC
 354 0c34 679B6FF4 		.ascii	"g\233o\364\012\311t\025+!hs}\015\261.Zm\220n.\267D'"
 354      0AC97415 
 354      2B216873 
 354      7D0DB12E 
ARM GAS  /tmp/ccQqT3ot.s 			page 28


 354      5A6D906E 
 355 0c4c F70B9AAF 		.ascii	"\367\013\232\257\303~Z\235|\201_\260\016k\265:\254\003"
 355      C37E5A9D 
 355      7C815FB0 
 355      0E6BB53A 
 355      AC03
 356 0c5e CCD7E9F0 		.ascii	"\314\327\351\360R\275\026k?\017\226k\265\376:\201\357"
 356      52BD166B 
 356      3F0F966B 
 356      B5FE3A81 
 356      EF
 357 0c6f 2B7CFB60 		.ascii	"+|\373`\377E:N\017=\003\375ur}\020\260\265:_\200\017"
 357      FF453A4E 
 357      0F3D03FD 
 357      75727D10 
 357      B0B53A5F 
 358 0c85 30FFA6FB 		.ascii	"0\377\246\373\363\177\022\300\340\300 \010^Ll$\361)"
 358      F37F12C0 
 358      E0C02008 
 358      5E4C6C24 
 358      F129
 359 0c97 3C12E6E6 		.ascii	"<\022\346\346>a\030b\345\241a!\246)0!c\254a\301|\275"
 359      3E611862 
 359      E5A16121 
 359      A6293021 
 359      63AC61C1 
 360 0cad FF525DE0 		.ascii	"\377R]\340\224\220\210\177\204\254\216\201\320F\204"
 360      9490887F 
 360      84AC8E81 
 360      D04684
 361 0cbc 4719173A 		.ascii	"G\031\027:\033+4:22:Jc\\\025\253\231\257\013\322h\203"
 361      1B2B343A 
 361      32323A4A 
 361      635C15AB 
 361      99AF0BD2 
 362 0cd2 F4817A8D 		.ascii	"\364\201z\2156\332d\324\004Z\32722&<\306\360Mh(\214"
 362      36DA64D4 
 362      045AD732 
 362      32263CC6 
 362      F04D6828 
 363 0ce7 394D08C7 		.ascii	"9M\010\307bX\306\205\260\212\201z\335\364\350\230\220"
 363      6258C685 
 363      B08A817A 
 363      DDF4E898 
 363      90
 364 0cf8 8825F601 		.ascii	"\210%\366\001\322\274n^\204\017\221\232\035\025N\313"
 364      D2BC6E5E 
 364      840F919A 
 364      1D154ECB 
 365 0d08 1331FE42 		.ascii	"\0231\376B\210\216(\373\006ir\254t\321\353\265\213t"
 365      888E28FB 
 365      066972AC 
 365      74D1EBB5 
 365      8B74
 366 0d1a 4A9DBFDE 		.ascii	"J\235\277\336_\367W\177\277\337c\255\236\304Bk\253\372"
 366      5FF7577F 
 366      BFDF63AD 
ARM GAS  /tmp/ccQqT3ot.s 			page 29


 366      9EC4426B 
 366      ABFA
 367 0d2c 44397FE9 		.ascii	"D9\177\351\002\337\305K\375?\327\221\222\017-Y[\347"
 367      02DFC54B 
 367      FD3FD791 
 367      920F2D59 
 367      5BE7
 368 0d3e 29E7072C 		.ascii	")\347\007,\230+\266\006L\360\002\034ys\335\210\012\324"
 368      982BB606 
 368      4CF0021C 
 368      7973DD88 
 368      0AD4
 369 0d50 90A70FDB 		.ascii	"\220\247\017\333\342\353F\024\204\226\000\221\021`\317"
 369      E2EB4614 
 369      84960091 
 369      1160CF
 370 0d5f F05190BE 		.ascii	"\360Q\220\276:}\260\216\024|Ha\242\315[Az\323\266\000"
 370      3A7DB08E 
 370      147C4861 
 370      A2CD5B41 
 370      7AD3B600 
 371 0d73 2B298092 		.ascii	"+)\200\222\2606P'\327.\\\244s[\272x1yrZ\235\012\212"
 371      B0365027 
 371      D72E5CA4 
 371      735BBA78 
 371      3179725A 
 372 0d8a 81BE7A62 		.ascii	"\201\276zb9\335*L\370\364\301t\273,\234\267j\025\335"
 372      39DD2A4C 
 372      F8F4C174 
 372      BB2C9CB7 
 372      6A15DD
 373 0d9d 28CBE779 		.ascii	"(\313\347y\177\262j\025\331*:\255\326\020\274z\205\321"
 373      7FB26A15 
 373      D92A3AAD 
 373      D610BC7A 
 373      85D1
 374 0daf CFB8DC95 		.ascii	"\317\270\334\225\370\265\360+\327@?\355\022?\177b\371"
 374      F8B5F02B 
 374      D7403FED 
 374      123F7F62 
 374      F9
 375 0dc0 2EFCCAC3 		.ascii	".\374\312\303o\301\242 \355\027V\316\277\001\262iG\340"
 375      6FC1A220 
 375      ED1756CE 
 375      BF01B269 
 375      47E0
 376              		.text
 377              		.section	.gnu.lto_.symtab.be4d14baf411c125,"e",%progbits
 378 0000 73745F6C 		.ascii	"st_lld_init\000"
 378      6C645F69 
 378      6E697400 
 379 000c 00       		.ascii	"\000"
 380 000d 00       		.ascii	"\000"
 381 000e 00       		.ascii	"\000"
 382 000f 00000000 		.ascii	"\000\000\000\000\000\000\000\000"
 382      00000000 
 383 0017 C7000000 		.ascii	"\307\000\000\000"
ARM GAS  /tmp/ccQqT3ot.s 			page 30


 384 001b 73745F6C 		.ascii	"st_lld_serve_interrupt\000"
 384      6C645F73 
 384      65727665 
 384      5F696E74 
 384      65727275 
 385 0032 00       		.ascii	"\000"
 386 0033 00       		.ascii	"\000"
 387 0034 00       		.ascii	"\000"
 388 0035 00000000 		.ascii	"\000\000\000\000\000\000\000\000"
 388      00000000 
 389 003d C3000000 		.ascii	"\303\000\000\000"
 390 0041 5F5F7374 		.ascii	"__stats_start_measure_crit_isr\000"
 390      6174735F 
 390      73746172 
 390      745F6D65 
 390      61737572 
 391 0060 00       		.ascii	"\000"
 392 0061 02       		.ascii	"\002"
 393 0062 00       		.ascii	"\000"
 394 0063 00000000 		.ascii	"\000\000\000\000\000\000\000\000"
 394      00000000 
 395 006b C9000000 		.ascii	"\311\000\000\000"
 396 006f 5F5F6462 		.ascii	"__dbg_check_lock_from_isr\000"
 396      675F6368 
 396      65636B5F 
 396      6C6F636B 
 396      5F66726F 
 397 0089 00       		.ascii	"\000"
 398 008a 02       		.ascii	"\002"
 399 008b 00       		.ascii	"\000"
 400 008c 00000000 		.ascii	"\000\000\000\000\000\000\000\000"
 400      00000000 
 401 0094 CB000000 		.ascii	"\313\000\000\000"
 402 0098 63685379 		.ascii	"chSysTimerHandlerI\000"
 402      7354696D 
 402      65724861 
 402      6E646C65 
 402      724900
 403 00ab 00       		.ascii	"\000"
 404 00ac 02       		.ascii	"\002"
 405 00ad 00       		.ascii	"\000"
 406 00ae 00000000 		.ascii	"\000\000\000\000\000\000\000\000"
 406      00000000 
 407 00b6 CD000000 		.ascii	"\315\000\000\000"
 408 00ba 5F5F6462 		.ascii	"__dbg_check_unlock_from_isr\000"
 408      675F6368 
 408      65636B5F 
 408      756E6C6F 
 408      636B5F66 
 409 00d6 00       		.ascii	"\000"
 410 00d7 02       		.ascii	"\002"
 411 00d8 00       		.ascii	"\000"
 412 00d9 00000000 		.ascii	"\000\000\000\000\000\000\000\000"
 412      00000000 
 413 00e1 CF000000 		.ascii	"\317\000\000\000"
 414 00e5 5F5F7374 		.ascii	"__stats_stop_measure_crit_isr\000"
 414      6174735F 
ARM GAS  /tmp/ccQqT3ot.s 			page 31


 414      73746F70 
 414      5F6D6561 
 414      73757265 
 415 0103 00       		.ascii	"\000"
 416 0104 02       		.ascii	"\002"
 417 0105 00       		.ascii	"\000"
 418 0106 00000000 		.ascii	"\000\000\000\000\000\000\000\000"
 418      00000000 
 419 010e D1000000 		.ascii	"\321\000\000\000"
 420              		.text
 421              		.section	.gnu.lto_.opts,"e",%progbits
 422 0000 272D666E 		.ascii	"'-fno-openmp' '-fno-openacc' '-fno-pie' '-mcpu=cort"
 422      6F2D6F70 
 422      656E6D70 
 422      2720272D 
 422      666E6F2D 
 423 0033 65782D6D 		.ascii	"ex-m4' '-mthumb' '-mfloat-abi=softfp' '-mfpu=fpv4-s"
 423      34272027 
 423      2D6D7468 
 423      756D6227 
 423      20272D6D 
 424 0066 702D6431 		.ascii	"p-d16' '-march=armv7e-m+fp' '-O2' '-fstack-usage' '"
 424      36272027 
 424      2D6D6172 
 424      63683D61 
 424      726D7637 
 425 0099 2D666675 		.ascii	"-ffunction-sections' '-fdata-sections' '-fno-common"
 425      6E637469 
 425      6F6E2D73 
 425      65637469 
 425      6F6E7327 
 426 00cc 2720272D 		.ascii	"' '-flto' '-fshort-enums'\000"
 426      666C746F 
 426      2720272D 
 426      6673686F 
 426      72742D65 
 427              		.text
 428              		.comm	__gnu_lto_v1,1,1
 429              		.comm	__gnu_lto_slim,1,1
 430              		.ident	"GCC: (GNU Arm Embedded Toolchain 9-2020-q2-update) 9.3.1 20200408 (release)"
ARM GAS  /tmp/ccQqT3ot.s 			page 32


DEFINED SYMBOLS
                            *ABS*:0000000000000000 hal_st_lld.c
                            *COM*:0000000000000001 __gnu_lto_v1
                            *COM*:0000000000000001 __gnu_lto_slim

NO UNDEFINED SYMBOLS
