ARM GAS  /tmp/ccLd3Khy.s 			page 1


   1              		.cpu cortex-m3
   2              		.eabi_attribute 20, 1
   3              		.eabi_attribute 21, 1
   4              		.eabi_attribute 23, 3
   5              		.eabi_attribute 24, 1
   6              		.eabi_attribute 25, 1
   7              		.eabi_attribute 26, 1
   8              		.eabi_attribute 30, 2
   9              		.eabi_attribute 34, 1
  10              		.eabi_attribute 18, 4
  11              		.file	"alld_PCA9544A.c"
  12              		.section	.gnu.lto_.profile.925d243988a8deed,"e",%progbits
  13 0000 789CE360 		.ascii	"x\234\343``\004B \000\000\000]\000\013"
  13      60044220 
  13      0000005D 
  13      000B
  14              		.text
  15              		.section	.gnu.lto_.icf.925d243988a8deed,"e",%progbits
  16 0000 789CE360 		.ascii	"x\234\343``dP`@\000V\206Y\015\277\216s2\336]tn'\007"
  16      60645060 
  16      40005686 
  16      590DBF8E 
  16      7332DE5D 
  17 0018 D3C39957 		.ascii	"\323\303\231Wf\2602o\375\374\273\237\211\245\357\353"
  17      66B0326F 
  17      FDFCBB9F 
  17      89A5EFEB 
  18 0028 A70B5C0C 		.ascii	"\247\013\\\014\000\377\266\017\231"
  18      00FFB60F 
  18      99
  19              		.text
  20              		.section	.gnu.lto_.jmpfuncs.925d243988a8deed,"e",%progbits
  21 0000 789CC594 		.ascii	"x\234\305\224\315k\023A\030\306\337ggk\322mi\377\200"
  21      CD6B1341 
  21      18C6DF67 
  21      676BD26D 
  21      69FF80
  22 0013 20268782 		.ascii	" &\207\202\036\232E\210\007\275E{\254 \376\003\262\232"
  22      1E9A4588 
  22      07BD457B 
  22      AC20FE03 
  22      B29A
  23 0025 550301C3 		.ascii	"U\003\001\303F\013^\252\350\241Vlo\242'W\360\003Tz("
  23      460B5EAA 
  23      E8A1566C 
  23      6FA22757 
  23      F003547A 
  24 003a 01516B6D 		.ascii	"\001Qkm\242\266\266\3653~\177\200\220\332S\213\332K"
  24      A2B6B6F5 
  24      337E7F80 
  24      90DA538B 
  24      DA4B
  25 004c 838782CE 		.ascii	"\203\207\202\316d\266\313\262\332M\026D\227\235\303"
  25      64B6CBB2 
  25      DA4D1644 
  25      979DC3
  26 005b CE3EEFCC 		.ascii	"\316>\357\314\357}\236\235\215\022\350F\204\310 y\265"
ARM GAS  /tmp/ccLd3Khy.s 			page 2


  26      EF7D9E9D 
  26      8D12E846 
  26      84C82079 
  26      B5
  27 006c 10031039 		.ascii	"\020\003\0209f3\342\003\260\231\242\021\241\244\202"
  27      6633E203 
  27      B099A211 
  27      A1A482
  28 007b F8F8C9AF 		.ascii	"\370\370\311\257N\362>3(\347\030\246/\026\227\224af"
  28      4EF23E33 
  28      28E718A6 
  28      2F169794 
  28      6166
  29 008d 338625C2 		.ascii	"3\206%\302\035\304\370\\\365\352BJN\011\325\030bj?\374"
  29      1DC4F85C 
  29      F5EA424A 
  29      4E09D518 
  29      626A3FFC 
  30 00a1 2B89DA9B 		.ascii	"+\211\332\233\203_\257\265\012\241\3127\276\213X]R\227"
  30      835FAFB5 
  30      0AA1CA37 
  30      BE8B585D 
  30      5297
  31 00b3 91DAAFF8 		.ascii	"\221\332\257\370+\242j\236\327\014\237\374\3769*j\000"
  31      2BA26A9E 
  31      D70C9FFC 
  31      FE392A6A 
  31      00
  32 00c4 C2386270 		.ascii	"\3028bpU \306\337O.|\031W\022\260\217\237\217\333\254"
  32      5520C6DF 
  32      4F2E7C19 
  32      5712B08F 
  32      9F8FDBAC 
  33 00d8 85700F09 		.ascii	"\205p\017\011W\261\"\326\001\363\256\262\216\327O\360"
  33      57B122D6 
  33      01F3AEB2 
  33      8ED74FF0 
  34 00e8 55F810F3 		.ascii	"U\370\020\363\243\213#\023Zb\203\254\216\360\302\337"
  34      A38B2313 
  34      5A6283AC 
  34      8EF0C2DF 
  35 00f8 AB57E5A2 		.ascii	"\253W\345\242\201\321o\363W\352\015DQ&\224\235\016\312"
  35      81D16FF3 
  35      57EA0D44 
  35      5126949D 
  35      0ECA
  36 010a 546FC1C7 		.ascii	"To\301\307\313\335\306}\256h\300\373`\355\035\377\004"
  36      CBDDC67D 
  36      AE68C0FB 
  36      60ED1DFF 
  36      04
  37 011b F83018F0 		.ascii	"\3700\030\360\354\365\362J\273\004,\021&\035\300\222"
  37      ECF5F24A 
  37      BB042C11 
  37      261DC092 
  38 012b 048437EF 		.ascii	"\004\2047\357V\221wG\203\274E\276\"O\237\314\263\247"
  38      56917747 
ARM GAS  /tmp/ccLd3Khy.s 			page 3


  38      83BC45BE 
  38      224F9FCC 
  38      B3A7
  39 013d 2F464544 		.ascii	"/FED\344\212\177\270\311\273\256\360\027\230\362H\326"
  39      E48A7FB8 
  39      C9BBAEF0 
  39      1798F248 
  39      D6
  40 014e 4ABE19EB 		.ascii	"J\276\031\353\036\205\263n:\330\272\231\013S'Ti]\205"
  40      1E85B36E 
  40      3AD8BA99 
  40      0B532754 
  40      695D85
  41 0161 30E33056 		.ascii	"0\3430V$\244\342\265Nk\346\250\204\266\256\361\011\320"
  41      24A4E2B5 
  41      4E6BE6A8 
  41      84B6AEF1 
  41      09D0
  42 0173 B877B38D 		.ascii	"\270w\263\215O\300\343p\266<\011\266e\261x\352\223c"
  42      4FC0E370 
  42      B63C09B6 
  42      65B178EA 
  42      9363
  43 0185 CB1CE1A9 		.ascii	"\313\034\341\251\203<\347~\362\315\004\365,\034\321"
  43      833CE77E 
  43      F2CD04F5 
  43      2C1CD1
  44 0194 F360A233 		.ascii	"\363`\2423\227Gj\232$\252\022^8DUI\304\274A\265\375"
  44      97476A9A 
  44      24AA125E 
  44      38445549 
  44      C4BC41B5 
  45 01a9 A7A0DA78 		.ascii	"\247\240\332xD\225\306A\275\014g\313\253`[n\015^\272"
  45      4495C641 
  45      BD0C67CB 
  45      AB605B6E 
  45      0D5EBA
  46 01bc DD216DA9 		.ascii	"\335!m\251\021^;\310\265PA\275\011G\3646\230\2506P\034"
  46      115E3BC8 
  46      B55041BD 
  46      0947F436 
  46      98A83650 
  47 01d1 5324D132 		.ascii	"S$\3212\341\235C\264\354\034{oP\355\377\356g\364\327"
  47      E19D43B4 
  47      EC1C7B6F 
  47      50EDFFEE 
  47      67F4D7
  48 01e4 FE3EEFC3 		.ascii	"\376>\357\303y\365!\330\253\323\363\225\331N\351\325"
  48      79F521D8 
  48      ABD3F395 
  48      D94EE9D5 
  49 01f4 10F0D161 		.ascii	"\020\360\321a\034\222\215\320\372\256\302\306\256#\233"
  49      1C928DD0 
  49      FAAEC2C6 
  49      AE239B
  50 0203 B6C58DBC 		.ascii	"\266\305\215\274\221\353\331{ ](\230\326\341\370~#\233"
  50      91EBD97B 
ARM GAS  /tmp/ccLd3Khy.s 			page 4


  50      205D2898 
  50      D6E1F87E 
  50      239B
  51 0215 3333B43D 		.ascii	"33\264=\231\324\371\2357\255l\376\240i\035\355\316\345"
  51      99D4F99D 
  51      37AD6CFE 
  51      A0691DED 
  51      CEE5
  52 0227 327A7A67 		.ascii	"2zzgv\367\241\356\336\336\036=ce\373L\253\240\357\332"
  52      76F7A1EE 
  52      DEDE1E3D 
  52      6365FB4C 
  52      ABA0EFDA 
  53 023b 91DEBA25 		.ascii	"\221\336\272%\225J\353}\233u\203K\366\254N$\367\321"
  53      954AEB7D 
  53      9B75834B 
  53      F6AC4E24 
  53      F7D1
  54 024d 2F6DB83B 		.ascii	"/m\270;\265"
  54      B5
  55              		.text
  56              		.section	.gnu.lto_.inline.925d243988a8deed,"e",%progbits
  57 0000 789CE360 		.ascii	"x\234\343``d`gb\200\003V\006\006\311\206\206\206\031"
  57      60646067 
  57      62800356 
  57      0606C986 
  57      868619
  58 0013 CC198C4C 		.ascii	"\314\031\214L\014\012\214\014\014\214 \202\205\005("
  58      0C0A8C0C 
  58      0C8C2082 
  58      850528
  59 0022 D6C094C2 		.ascii	"\326\300\224\302\300\300\001b0\24701\000!X,\231\201"
  59      C0C00162 
  59      30A73031 
  59      0021582C 
  59      9981
  60 0034 05CEE200 		.ascii	"\005\316\342\000\231\300.\0002f\202\037\0102L\360c\345"
  60      99C02E00 
  60      3266821F 
  60      08324CF0 
  60      63E5
  61 0046 03725980 		.ascii	"\003rY\200L\240 \202\311\310 \012\324\262\201)\203\221"
  61      4CA02082 
  61      C9C8200A 
  61      D4B28129 
  61      8391
  62 0058 116C0B33 		.ascii	"\021l\0133~\013\200\200S\010d6\330P @1\227\211Q\006"
  62      7E0B8080 
  62      53086436 
  62      D8502040 
  62      31978951 
  63 006d 64189A93 		.ascii	"d\030\232\2239\201b\013\230R\201:\201\214\003D:\231"
  63      3981620B 
  63      9852813A 
  63      818C0344 
  63      3A99
  64 007f 01A78B99 		.ascii	"\001\247\213\231\031\025\200:\216\240Y\"\0006\033h\011"
ARM GAS  /tmp/ccLd3Khy.s 			page 5


  64      1915803A 
  64      8EA05922 
  64      00361B68 
  64      09
  65 0090 17552C61 		.ascii	"\027U,aa\224<\374z\361Y`\260\2600r\024Lgf\374{b\365"
  65      61943CFC 
  65      7AF15960 
  65      B0B03072 
  65      144C6766 
  66 00a8 2DAE3EE6 		.ascii	"-\256>\346\371\314<\214\377\031\031w1J30r\344\203i\210"
  66      F9CC3C8C 
  66      FF191977 
  66      314A3330 
  66      72E48369 
  67 00bd 23388004 		.ascii	"#8\200\004+\033$\310\260\206\235\000\003,d\025\030\230"
  67      2B1B24C8 
  67      B0869D00 
  67      032C6415 
  67      1898
  68 00cf 963EFC7A 		.ascii	"\226>\374z\221)\211\205A\201P\2102\000\000n)a\335"
  68      91298985 
  68      41815088 
  68      3200006E 
  68      2961DD
  69              		.text
  70              		.section	.gnu.lto_.pureconst.925d243988a8deed,"e",%progbits
  71 0000 789CE360 		.ascii	"x\234\343``d\020````e\230\311\3028\223\205i\026\013"
  71      60641060 
  71      60606065 
  71      98C9C238 
  71      93856916 
  72 0015 F32C1696 		.ascii	"\363,\026\226\231,\000\033;\003<"
  72      992C001B 
  72      3B033C
  73              		.text
  74              		.section	.gnu.lto_pca9544a_lld_read.925d243988a8deed,"e",%progbits
  75 0000 789C8D93 		.ascii	"x\234\215\223[H\024a\024\307\317\231ov\235Uw\273\223"
  75      5B481461 
  75      14C7CF99 
  75      6F769D55 
  75      77BB93
  76 0013 B018EB83 		.ascii	"\260\030\353\203\330>\350*\331C\365\222eo\026Q\217="
  76      D83EE82A 
  76      D943F592 
  76      656F1651 
  76      8F3D
  77 0025 C4A65B6D 		.ascii	"\304\246[m\030\312z\241\236\234]\015+\315$\0245\330"
  77      18CA7AA1 
  77      9E9C5D0D 
  77      2BCD2414 
  77      35D8
  78 0037 2608312B 		.ascii	"&\0101+o\321\205\3626\246\346%K3\273\022\026eAV*\211"
  78      6FD185F2 
  78      36A6E625 
  78      4B33BB12 
  78      16654156 
  79 004d E18368E7 		.ascii	"\341\203h\347\233\331\305P\"\207\235\217\357r~\377\371"
ARM GAS  /tmp/ccLd3Khy.s 			page 6


  79      9BD9C550 
  79      22879D8F 
  79      EF727EFF 
  79      F9
  80 005e FEE79C95 		.ascii	"\376\347\234\225\000a\207\010p\012\000\"\351E\006(\310"
  80      00618708 
  80      700A0022 
  80      E9450628 
  80      C8
  81 006f B2BC33C4 		.ascii	"\262\2743\304+\011\210\332L\226\020\362\004\314\303"
  81      2B0988DA 
  81      4C9610F2 
  81      04CCC3
  82 007e 8BAC8261 		.ascii	"\213\254\202a\363\255\206)\213\275\206Nd\265b\316\356"
  82      F3AD8629 
  82      8BBD864E 
  82      64B562CE 
  82      EE
  83 008f CB3F13A1 		.ascii	"\313?\023\2410\200*\002\267X1\336\012\374\301\207h\247"
  83      30802A02 
  83      B75831DE 
  83      0AFCC187 
  83      68A7
  84 00a1 D8519F7F 		.ascii	"\330Q\237\1776\274\204)\014Q\244eY\377\235\276P\276"
  84      36BC8429 
  84      0C51A465 
  84      59FF9DBE 
  84      50BE
  85 00b3 14D046CB 		.ascii	"\024\320F\313\007\243\3233\022\333\203@\363\336\331"
  85      07A3D333 
  85      12DB8340 
  85      F3DED9
  86 00c2 C9B8986A 		.ascii	"\311\270\230j\271\324'\253]\021\227eUT\030\303Vd\\\266"
  86      B9D427AB 
  86      5D119765 
  86      555418C3 
  86      56645CB6 
  87 00d6 05ADD88C 		.ascii	"\005\255\330\214$L{$\335\2061\004\334\374\335\323\202"
  87      244C7B24 
  87      DD863104 
  87      DCFCDDD3 
  87      82
  88 00e7 6C9F065F 		.ascii	"l\237\006_\031k\3550\006\350\021\253N\213\330\276\214"
  88      196BED30 
  88      06E811AB 
  88      4E8BD8BE 
  88      8C
  89 00f8 269FA86A 		.ascii	"&\237\250j\364\373\222\262/\026vP\243\317N\017y-\001"
  89      F4FB92B2 
  89      2F167650 
  89      A3CF4E0F 
  89      792D01
  90 010b 7A60934E 		.ascii	"z`\223N\033\260c\031m \372\021\306\000g>5\315\227\233"
  90      1BB06319 
  90      6D20FA11 
  90      C600673E 
  90      35CD979B 
ARM GAS  /tmp/ccLd3Khy.s 			page 7


  91 011f 8D2277CD 		.ascii	"\215\"w\315\335v\242\221\362\010\3200lP\345\371\205"
  91      DD76A291 
  91      F208D030 
  91      6C50E5F9 
  91      85
  92 0130 42599DDF 		.ascii	"BY\235\337x>\325\202D\031\005>0\032BD\032$\003\037\214"
  92      783ED582 
  92      4419053E 
  92      301A4244 
  92      1A24031F 
  93 0145 C85D9890 		.ascii	"\310]\230\220\337&\014\271\252\031x\022\241\210\001"
  93      DF260CB9 
  93      AA197812 
  93      A18801
  94 0154 4FAC88B2 		.ascii	"O\254\210\262\012P\314\004}\341\245\3058\346\017\025"
  94      0A50CC04 
  94      7DE1A5C5 
  94      38E60F15 
  95 0164 5E680AE7 		.ascii	"^h\012\347\337\3623\3643#]\243$\177rT\342\011e\010\330"
  95      DFF233F4 
  95      33235DA3 
  95      247F7254 
  95      E2096508 
  96 0179 45D7FC81 		.ascii	"E\327\374\201\2056\3556t\350\277>\260`*@\237WR\230\251"
  96      8536ED36 
  96      74E8BF3E 
  96      B0602A40 
  96      9F575298 
  97 018e 8A2200BB 		.ascii	"\212\"\000\273\261\000\201h:\355\036\377\334*D\035R"
  97      B1008168 
  97      3AED1EFF 
  97      DC2A441D 
  97      52
  98 019f E44A9BC2 		.ascii	"\344J\233\302By|\371\207\231\0323\217\257\224e\332\013"
  98      42797CF9 
  98      87991A33 
  98      8FAF9465 
  98      DA0B
  99 01b1 C3C718A5 		.ascii	"\303\307\030\245;\353!\214\002\232\276\327\265\207F"
  99      3BEB218C 
  99      029ABED7 
  99      B58746
 100 01c0 093A12CE 		.ascii	"\011:\022\316\221\272\273\037\033M\213\210\031{\203"
 100      91BABB1F 
 100      1B4D8B88 
 100      197B83
 101 01cf 489F8E94 		.ascii	"H\237\216\224\337\350\230\323\032\300\202*`?Z\025\266"
 101      DFE898D3 
 101      1AC0822A 
 101      603F5A15 
 101      B6
 102 01e0 4AB7529E 		.ascii	"J\267R\236\240;\021\374\314\364\267\023\221\234<\371"
 102      A03B11FC 
 102      CCF4B713 
 102      919C3CF9 
 103 01f0 BF9301DD 		.ascii	"\277\223\001\335\211\2602'O\203\327z\266b'\203Ad(\200"
 103      89B03227 
ARM GAS  /tmp/ccLd3Khy.s 			page 8


 103      4F83D77A 
 103      B6622783 
 103      41642880 
 104 0204 4C8C559B 		.ascii	"L\214U\233t'\035\200\317\203N|-\337\212:\215\272\025"
 104      74271D80 
 104      CF834E7C 
 104      2DDF8A3A 
 104      8DBA15
 105 0217 FEEF50DF 		.ascii	"\376\357P\3375\276\265T\3435/\025\356j\033\257\375j"
 105      35BEB554 
 105      E3352F15 
 105      EE6A1BAF 
 105      FD6A
 106 0229 2A95561B 		.ascii	"*\225V\033\376\231\372\3735\203\346\370z\271\224NO("
 106      FE99FAFB 
 106      3583E6F8 
 106      7AB9944E 
 106      4F28
 107 023b 6C0D0E63 		.ascii	"l\015\016c5V\352M\364\002\3435\301\276z\246\353\211"
 107      3556EA4D 
 107      F402E335 
 107      C1BE7AA6 
 107      EB89
 108 024d 4BF46CFF 		.ascii	"K\364l\377\026\243\243\2658\242i\361>\304\227\232V\376"
 108      16A3A3B5 
 108      38A269F1 
 108      3EC4979A 
 108      56FE
 109 025f A5C2DA80 		.ascii	"\245\302\332\200\226A\227\273]\374\365\227V\017\011"
 109      964197BB 
 109      5DFCF597 
 109      560F09
 110 026e A7005F69 		.ascii	"\247\000_iy\256\244\016\323b\314KR\275\256\212\011\244"
 110      79AEA40E 
 110      D362CC4B 
 110      52BDAE8A 
 110      09A4
 111 0280 F55A4F35 		.ascii	"\365ZO5\323Dx\255\356\235\373Y\253\245b=\"\276A\253"
 111      D34478AD 
 111      EE9DFB59 
 111      ABA5623D 
 111      22BE41AB 
 112 0294 9F85296C 		.ascii	"\237\205)l\003L\240\317\026\020\002\255\225q\261\225"
 112      034CA0CF 
 112      161002AD 
 112      9571B195 
 113 02a4 0176C5C5 		.ascii	"\001v\305\3059\350\227\351\362\2703\217\273<\247c\323"
 113      39E897E9 
 113      F2B8338F 
 113      BB3CA763 
 113      D3
 114 02b5 D3D31C49 		.ascii	"\323\323\034I{\335\0072bSR\222\035i\036w\256\313\223"
 114      7BDD0732 
 114      62535292 
 114      1D691E77 
 114      AECB93
 115 02c8 E5D8BF3B 		.ascii	"\345\330\277;i\333\326\304\304$Gn\202\303I!\207\203"
ARM GAS  /tmp/ccLd3Khy.s 			page 9


 115      69DBD6C4 
 115      C424476E 
 115      82C34921 
 115      8783
 116 02da 1B71A920 		.ascii	"\033q\251 e\246:\371\334)\2469\263\235!\331\356\223"
 116      65A63AF9 
 116      DC29A639 
 116      B39D21D9 
 116      EE93
 117 02ec AE8C9CEC 		.ascii	"\256\214\234\354\310\350\254\315\3219\366\3556g\246"
 117      C8E8ACCD 
 117      D139F6ED 
 117      3667A6
 118 02fb 333DF9C8 		.ascii	"3=\371\310\261\244\254,\227'\333v\324\351Nw\245\301"
 118      B1A4AC2C 
 118      9727DB76 
 118      D4E94E77 
 118      A5C1
 119 030d 1F0E9676 		.ascii	"\037\016\226v\032"
 119      1A
 120              		.text
 121              		.section	.gnu.lto_pca9544a_lld_write.925d243988a8deed,"e",%progbits
 122 0000 789C7552 		.ascii	"x\234uRKLSA\024\235\373\346\265\274\026Z\277\250\261"
 122      4B4C5341 
 122      149DFBE6 
 122      B5BC165A 
 122      BFA8B1
 123 0013 C1940541 		.ascii	"\301\224\005A\026\264\030q\241+\253\270Cct\351\302<"
 123      16B41871 
 123      A12BABB8 
 123      436374E9 
 123      C23C
 124 0025 A16A4D0D 		.ascii	"\241jM\015M\371DWL\013\246\032\011\022\003\241\220\324"
 124      4DF94457 
 124      4C0BA61A 
 124      091203A1 
 124      90D4
 125 0037 6A0CA980 		.ascii	"j\014\251\200\374\214h\224\337\323\362\027\245\240\033"
 125      FC8C6894 
 125      DFD3F217 
 125      A5A01B
 126 0046 8D4183C1 		.ascii	"\215A\203\301D\374@$\030V\340\235\367JP\214\315\353"
 126      44FC4024 
 126      1856E09D 
 126      F74A508C 
 126      CDEB
 127 0058 64E6DE73 		.ascii	"d\346\336s\316\275\367\314H\004H\023%\344\022!$\005"
 127      CEBDF7CC 
 127      48044813 
 127      25E41221 
 127      2405
 128 006a FF400908 		.ascii	"\377@\011\010\214\261\203\011>I\000PwL\002R*@)\334\240"
 128      8CB18309 
 128      3E490050 
 128      774C0252 
 128      2A4029DC 
 129 007f B514BAEE 		.ascii	"\265\024\272\356\267\315\2333\"\230aJm\257\276\251="
ARM GAS  /tmp/ccLd3Khy.s 			page 10


 129      B7CD9B33 
 129      2298614A 
 129      6DAFBEA9 
 129      3D
 130 0090 C6681815 		.ascii	"\306h\030\025\352\220\271\327\002Y\026\302\177\360\024"
 130      EA90B9D7 
 130      025916C2 
 130      7FF014
 131 009f 32103CE5 		.ascii	"2\020<\345\017-%Ub\036@\304c\365\350\303\021#?\012`"
 131      0F2D2555 
 131      621E40C4 
 131      63F5E8C3 
 131      11233F0A 
 132 00b4 C5E393A9 		.ascii	"\305\343\223\251\205E\211\036\001\202\373\341\2459["
 132      8545891E 
 132      0182FBE1 
 132      A5395B
 133 00c3 7A03ABF2 		.ascii	"z\003\253\3623elG=S\3040\245\320\003\224\313v\203\005"
 133      33656C47 
 133      3D53C430 
 133      A5D00394 
 133      CB768305 
 134 00d7 BA008531 		.ascii	"\272\000\2051\206\322\275\220\216\204\346_C\335@\217"
 134      86D2BD90 
 134      8E84E65F 
 134      43DD408F 
 135 00e7 A9E4C968 		.ascii	"\251\344\311h4\222\204\354\030g[\202L\2010\025\241O"
 135      349284EC 
 135      18675B82 
 135      4C813015 
 135      A14F
 136 00f9 63C79BC2 		.ascii	"c\307\233\302\010r\025\225\373\276\262z\306LO\252\334"
 136      08721595 
 136      FBBEB27A 
 136      C64C4FAA 
 136      DC
 137 010a AB0B319F 		.ascii	"\253\0131\2379^\271\177\227VY\007\317\376\251\254C\366"
 137      395EB97F 
 137      97565907 
 137      CFFEA9AC 
 137      43F6
 138 011c 7348279C 		.ascii	"sH'\2343\335\261\\c\322\213|f>k\024\364h#!m\223:\205"
 138      33DDB15C 
 138      63D28B7C 
 138      663E6B14 
 138      F4682321 
 139 0134 2DAF0498 		.ascii	"-\257\004\2302\270\363N\207)\021\220\246\027pI\240\270"
 139      32B8F34E 
 139      87291190 
 139      A6177049 
 139      A0B8
 140 0146 48225F74 		.ascii	"H\"_t\300\373\227\200k\031\0117\216\\\247\204\273)\002"
 140      C0FB9780 
 140      6B190937 
 140      8E5CA784 
 140      BB2902
 141 0159 5308A9A0 		.ascii	"S\010\251\240\202v\360\341a\026\312b\201Pg\022\257\020"
ARM GAS  /tmp/ccLd3Khy.s 			page 11


 141      8276F0E1 
 141      6116CA62 
 141      81506712 
 141      AF10
 142 016b A210A23A 		.ascii	"\242\020\242:,^Y67%q\023)\020\350\307\346\276A\300\252"
 142      2C5E5936 
 142      37257113 
 142      2910E8C7 
 142      E6BE41C0 
 143 0180 F680C9D0 		.ascii	"\366\200\311\320\275\261\025C9\370}R\230\032\352\020"
 143      BDB11543 
 143      39F87D52 
 143      981AEA10 
 144 0190 416000CA 		.ascii	"A`\000\312\201 \033\263\003\263\237z\204\324Sa\026\264"
 144      81201BB3 
 144      03B39F7A 
 144      84D45361 
 144      16B4
 145 01a2 86A991E3 		.ascii	"\206\251\221\343k>,FL\034\037d\014c\2110\010\251\332"
 145      6B3E2C46 
 145      4C1C1F64 
 145      0C638930 
 145      08A9DA
 146 01b5 3C434843 		.ascii	"<CHC@\307\327\226>c\252\240Q\2228\245\245\363c\273a"
 146      40C7D796 
 146      3E63AAA0 
 146      519238A5 
 146      A5F363BB 
 147 01ca 8D6282E1 		.ascii	"\215b\202\341U\312\210F\031\2715\350\027y\203f\230 "
 147      55CA8846 
 147      19B935E8 
 147      17798366 
 147      9820
 148 01dc 300A9630 		.ascii	"0\012\2260\335\200\243\370\273\2774G\365\332(\002\302"
 148      DD80A3F8 
 148      BBBF3447 
 148      F5DA2802 
 148      C2
 149 01ed 9477ED6F 		.ascii	"\224w\355o\315\015p\327\207\343\336\236\3466m\304\001"
 149      CD0D70D7 
 149      87E3DE9E 
 149      E6366DC4 
 149      01
 150 01fe D5897899 		.ascii	"\325\211x\231\326\307\221qSV+\253\302\354\2050\335\004"
 150      D6C79171 
 150      53562BAB 
 150      C2EC8530 
 150      DD04
 151 0210 2FA00182 		.ascii	"/\240\001\202\232\341c\220\245\012\216\264QM\217\256"
 151      9AE16390 
 151      A50A8EB4 
 151      514D8FAE 
 152 0220 D3B3FE5F 		.ascii	"\323\263\376_\014S\233\341\245\252\305\357\014^\251"
 152      0C539BE1 
 152      A5AAC5EF 
 152      0C5EA9
 153 022f 5A653703 		.ascii	"Ze7\003\215q-Q\223{P\361\371\247\372t%\230'0\256\372"
ARM GAS  /tmp/ccLd3Khy.s 			page 12


 153      8D712D51 
 153      937B50F1 
 153      F9A7FA74 
 153      25982730 
 154 0245 5C8FF7A2 		.ascii	"\\\217\367\242b\214\353\254\336RG\005\324\212iV\013"
 154      628CEBAC 
 154      DE524705 
 154      D48A6956 
 154      0B
 155 0256 288280E8 		.ascii	"(\202\200\350L\317\225D\016\320\252n\345\217O3jB3\352"
 155      4CCF9544 
 155      0ED0AA6E 
 155      E58F4F33 
 155      6A4233EA 
 156 026a D1B5EF8D 		.ascii	"\321\265\357\215\006^\"\031\000&\301\362\347\345n\303"
 156      065E2219 
 156      0026C1F2 
 156      E7E56EC3 
 157 027a CB7DFD77 		.ascii	"\313}\375w(\031Co\300\022\242Xp;\371\001~k\274\031\242"
 157      2819436F 
 157      C012A258 
 157      703BF901 
 157      7E6BBC19 
 158 028f 3E22587B 		.ascii	">\"X{D\204\034\262\331\354\370y\234^\227\347\274\323"
 158      44841CB2 
 158      D9ECF879 
 158      9C5E97E7 
 158      BCD3
 159 02a1 7B39D3ED 		.ascii	"{9\323\355\316\267;\216\272N\024d\346\346\346\330\363"
 159      CEB73B8E 
 159      BA4E1464 
 159      E6E6E6D8 
 159      F3
 160 02b2 BDAE12A7 		.ascii	"\275\256\022\247\267\320~\374\260c\377\276\354l\207"
 160      B7D07EFC 
 160      B063FFBE 
 160      EC6C87
 161 02c1 BD648F5D 		.ascii	"\275d\217]F\310\351\325\200-\217H\236<\231\357e1_.\222"
 161      46C8E9D5 
 161      802D8F48 
 161      9E3C99EF 
 161      65315F2E 
 162 02d6 138A5C17 		.ascii	"\023\212\\\027\235\005\305E)i\205\273\323\2123\016X"
 162      9D05C545 
 162      296985BB 
 162      D38A330E 
 162      58
 163 02e7 658FECCE 		.ascii	"e\217\354\3169s\316QX\350\364\026Y\317\312.\2673\237"
 163      3973CE51 
 163      58E8F416 
 163      59CFCA2E 
 163      B7339F
 164 02fa FC066C75 		.ascii	"\374\006luI\370"
 164      49F8
 165              		.text
 166              		.section	.gnu.lto_pca9544a_lld_getintstatus.925d243988a8deed,"e",%progbits
 167 0000 789C8D94 		.ascii	"x\234\215\224_lSU\034\307\317\367\236\333\333\333\255"
ARM GAS  /tmp/ccLd3Khy.s 			page 13


 167      5F6C5355 
 167      1CC7CFF7 
 167      9EDBDBDB 
 167      AD
 168 0011 ED1015C1 		.ascii	"\355\020\025\301\212\351\036\232\271\007\326\031\361"
 168      8AE91E9A 
 168      B907D619 
 168      F1
 169 001e 613E39C5 		.ascii	"a>9\30574\306\304Gc:\326A\223\031\226\266#\341\211\323"
 169      3734C6C4 
 169      47633AD6 
 169      41931996 
 169      B623E189 
 170 0033 6EB02963 		.ascii	"n\260)cN\303\237MW\213\34221\216\015\377\2219pW\004"
 170      4EC39F4D 
 170      578BE232 
 170      318E0DFF 
 170      91397057 
 171 0048 64C8D804 		.ascii	"d\310\330\004\374\2631\013l\021\005d\020\010\206\007"
 171      FCB3310B 
 171      6C110564 
 171      10088607 
 172 0058 33FC9D73 		.ascii	"3\374\235s\326\214\014\2154\355\311=\347\374>\337s\276"
 172      D68C0C8D 
 172      34EDC93D 
 172      E7FC3EDF 
 172      73BE
 173 006a DF736E6D 		.ascii	"\337snm\006\266\336\305\330&\306\330R\372\2013\030B"
 173      06B6DEC5 
 173      D826C6D8 
 173      52FA8133 
 173      1842
 174 007c 88A7DD29 		.ascii	"\210\247\335)\333\000\324\223\260\3016\030\330\2007"
 174      DB00D493 
 174      B0C13618 
 174      D88037
 175 008b F90E8E81 		.ascii	"\371\016\216\201Oz\257\371K\273iF8;f\254\217\373F\005"
 175      4F7AAFF9 
 175      4BBB6946 
 175      383B66AC 
 175      8FFB4605 
 176 009f CF72C63A 		.ascii	"\317r\306:\210|\"\200\362\000\223\037|\205R*\316\245"
 176      887C2280 
 176      F200931F 
 176      7C85522A 
 176      CEA5
 177 00b1 33B7BCAD 		.ascii	"3\267\274\2554\017\230\324\335z\354\363\241\002\331"
 177      340F98D4 
 177      DD7AECF3 
 177      A102D9
 178 00c0 3510A46E 		.ascii	"5\020\244n\177\356\306M\233?\007F\317Go]-+\351\022m"
 178      7FEEC64D 
 178      9B3F0746 
 178      CF476F5D 
 178      2D2BE912 
 179 00d5 69E11C5A 		.ascii	"i\341\034Z\362\216p\314,\3478\000.e\367#\200\001\220"
 179      F28E70CC 
ARM GAS  /tmp/ccLd3Khy.s 			page 14


 179      2CE73800 
 179      2E65F723 
 179      800190
 180 00e8 308D91F4 		.ascii	"0\215\221\364\327(!\340\217\215\242\307\303_Pp\247\230"
 180      D72821E0 
 180      8F8DA2C7 
 180      C35F5070 
 180      A798
 181 00fa DEEE9DA5 		.ascii	"\336\356\235\245O?\252i\023\203w\321&\321\216\242'Z"
 181      4F3FAA69 
 181      138377D1 
 181      26D18EA2 
 181      275A
 182 010c B7FEE6E7 		.ascii	"\267\376\346\347/+\272\371\306h\312?KO\224j\332\205"
 182      2F2BBAF9 
 182      C668CA3F 
 182      4B4F946A 
 182      DA85
 183 011e 6FEEA229 		.ascii	"o\356\242)&\034D\011\223\314\356\017&\337\265\370+\212"
 183      261C4409 
 183      93CCEE0F 
 183      26DFB5F8 
 183      2B8A
 184 0130 3F35FCDE 		.ascii	"?5\374\336\2207\264K%2\335\2718\335 \332\005I0|\253"
 184      9037B44B 
 184      2532DDB9 
 184      38DD20DA 
 184      0549307C 
 185 0145 25E65291 		.ascii	"%\346R\221\325\335\215\003c\036^\245\310\2676\016\217"
 185      D5DD8D03 
 185      631E5EA5 
 185      C8B7360E 
 185      8F
 186 0156 5B443AB4 		.ascii	"[D:\264\362\205\316E\251Y\322\302\341\177#'\367\316"
 186      F285CE45 
 186      A959D2C2 
 186      E17F2327 
 186      F7CE
 187 0168 6CF35926 		.ascii	"l\363Y&\216 \204C\010\311\304e\322\337\301\242CdF~\274"
 187      8E208443 
 187      08C9C465 
 187      D2DFC1A2 
 187      4364467E 
 188 017d F7A4CB11 		.ascii	"\367\244\313\0213\267\233\204s\344\221\367\317\373\027"
 188      33B79B84 
 188      73E491F7 
 188      CFFB17
 189 018c 82B6EE36 		.ascii	"\202\266\3566d\303\251\261Mj<.\331X\324\024\270ecC\206"
 189      64C3A9B1 
 189      4D6A3C2E 
 189      D958D414 
 189      B8656343 
 190 01a1 5A08198E 		.ascii	"Z\010\031\216\017\322d\021SK\260\315\234I_&\204\303"
 190      0FD26411 
 190      534BB0CD 
 190      9C495F26 
 190      84C3
ARM GAS  /tmp/ccLd3Khy.s 			page 15


 191 01b3 580B3774 		.ascii	"X\0137t'E\235Kh\030m\312\364{\345\372\031\216\014\267"
 191      27459D4B 
 191      68186DCA 
 191      F47BE5FA 
 191      198E0CB7 
 192 01c7 698BAD0D 		.ascii	"i\213\255\015Ws\266<`\016\206\243\024\333\237h\012\252"
 192      5773B63C 
 192      600E86A3 
 192      14DB9F68 
 192      0AAA
 193 01d9 1DD264E6 		.ascii	"\035\322d\346\243\343\267=\215H\247\354,/\354\240\012"
 193      A3E3B73D 
 193      8D48A7EC 
 193      2C2FECA0 
 193      0A
 194 01ea 86213482 		.ascii	"\206!4\202\021M\263\207/M\0350\212cY\321\036\314r\257"
 194      114DB387 
 194      2F4D1D30 
 194      8A6359D1 
 194      1ECC72AF 
 195 01fe ACDF76F6 		.ascii	"\254\337v\366f\267O\326\267\013Ac>\034C\261v\373=aT"
 195      66B74FD6 
 195      B70B4163 
 195      3E1C43B1 
 195      76FB3D61 
 196 0213 B0F772CF 		.ascii	"\260\367r\317`A\261\241\021\277Dz\2768\327\347\231C"
 196      6041B1A1 
 196      11BF447A 
 196      BE38D7E7 
 196      9943
 197 0225 8A703C8F 		.ascii	"\212p<\217\014k\244\345\303\236\277\324\015\\\200\363"
 197      0C6BA4E5 
 197      C39EBFD4 
 197      0D5C80F3 
 198 0235 0C2710C8 		.ascii	"\014'\020\310\362\373\264\225\256\012\355\304\310\360"
 198      F2FBB495 
 198      AE0AEDC4 
 198      C8F0
 199 0243 C23B9D98 		.ascii	"\302;\235\230\344d\344\377\235\214j'\306\2759\371!\277"
 199      E464E4FF 
 199      9D8C6A27 
 199      C6BD39F9 
 199      21BF
 200 0255 AD93F7EC 		.ascii	"\255\223\367\354\344T\0369\255\221\313\2375\2371\265"
 200      E4541E39 
 200      AD91CB9F 
 200      359F31B5 
 201 0265 9349861F 		.ascii	"\223I\206\037\363N\322\373/\016O\371\265\025\371\272"
 201      F34ED2FB 
 201      2F0E4FF9 
 201      B515F9BA 
 202 0275 3AE37D63 		.ascii	":\343}c\376.\354J\321\301\355\234\2247`!\035\225:\033"
 202      FE2EEC4A 
 202      D1C1ED9C 
 202      94376021 
 202      1D953A1B 
 203 0289 B9CC9E7D 		.ascii	"\271\314\236}\335#\276\362=\242\215f\247\221\345\367"
ARM GAS  /tmp/ccLd3Khy.s 			page 16


 203      DD23BEF2 
 203      3DA28D66 
 203      A791E5F7 
 204 0299 E32774A1 		.ascii	"\343't\241]\337\254\237Q\256\024\207F\270\0264\347\011"
 204      5DDFAC9F 
 204      51AE1487 
 204      46B81634 
 204      E709
 205 02ab 06FF5B8D 		.ascii	"\006\377[\215\246\036\300/J\013RkLi5\274\335\324\357"
 205      A61EC02F 
 205      4A0B526B 
 205      4C6935BC 
 205      DDD4EF
 206 02be D65A2E2D 		.ascii	"\326Z.-\367i\313\205\353\352\037\302\203k\014\343*h"
 206      F769CB85 
 206      EBEA1FC2 
 206      836B0CE3 
 206      2A68
 207 02d0 7A09744D 		.ascii	"z\011tM\321\274\254\037\354\340\006i\235\321Ys\022\241"
 207      D1BCAC1F 
 207      ECE00669 
 207      9DD15973 
 207      12A1
 208 02e2 82B62DE3 		.ascii	"\202\266-\343\275\246,\320\033Z\244\336\003\225\324"
 208      BDA62CD0 
 208      1B5AA4DE 
 208      0395D4
 209 02f1 844EEACB 		.ascii	"\204N\352\313\327\257\354\366\310%\036\002\360+\002"
 209      D7AFECF6 
 209      C8251E02 
 209      F02B02
 210 0300 19EECBF2 		.ascii	"\031\356\313\362\305\322\331\366\213'\246,\275\224%"
 210      C5D2D9F6 
 210      8B27A62C 
 210      BD9425
 211 030f 31B9C3BF 		.ascii	"1\271\303\2777A\217\270i\360\316\277\260\0050\221\243"
 211      37418FB8 
 211      69F0CEBF 
 211      B0053091 
 211      A3
 212 0320 FD11977B 		.ascii	"\375\021\227{C\325\314\217\327\237\345K\350\366\250"
 212      43D5CC8F 
 212      D79FE54B 
 212      E8F6A8
 213 032f EBC27096 		.ascii	"\353\302p\226\314\223\012\325\037\314\251r\271\002!"
 213      CC930AD5 
 213      1FCCA972 
 213      B90221
 214 033e BF5F9FCA 		.ascii	"\277_\237\312\025V\354\023\315\0247m\362\034*\3304\322"
 214      1556EC13 
 214      CD14376D 
 214      F21C2AD8 
 214      34D2
 215 0350 3B075B1F 		.ascii	";\007[\037\2365-\263\337\3141\367\3361\366LYY\230\276"
 215      9E352DB3 
 215      DFCC31F7 
 215      DE31F64C 
ARM GAS  /tmp/ccLd3Khy.s 			page 17


 215      595998BE 
 216 0364 75D178AC 		.ascii	"u\321x\254nM4\276~Ymmu\270\362\371\330Kk\227\255\\\271"
 216      6E4D34BE 
 216      7E596D6D 
 216      75B8F2F9 
 216      D84B6B97 
 217 037b 225C1D8F 		.ascii	"\"\\\035\217\255\213\306\023\341\027\237\255\254xr\371"
 217      AD8BC613 
 217      E1179FAD 
 217      AC7872F9 
 218 038b F2CAF0BA 		.ascii	"\362\312\360\272\307\303\021*y5?P\266\212\331u\253\""
 218      C7C3112A 
 218      79353F50 
 218      B68AD975 
 218      AB22
 219 039d F2396225 		.ascii	"\3629b%\222\221d}\302\235\214\275\026][\2374e\327\252"
 219      9291647D 
 219      C29D8CBD 
 219      165D5B9F 
 219      3465D7AA 
 220 03b1 AAAFA989 		.ascii	"\252\257\251\211\306\227\206\022\217\205\352K\237\012"
 220      C6978612 
 220      8F85EA4B 
 220      9F0A
 221 03bf 46EA22B5 		.ascii	"F\352\"\265+\252VW&\022\321x2X\023\211\325F\253\331"
 221      2BAA5657 
 221      2612D178 
 221      32581389 
 221      D546ABD9 
 222 03d3 3F4FBDE1 		.ascii	"?O\275\341i"
 222      69
 223              		.text
 224              		.section	.gnu.lto_pca9544a_lld_getcurrentchannel.925d243988a8deed,"e",%progbits
 225 0000 789C8D94 		.ascii	"x\234\215\224]P\224U\030\307\317\377=\357~\341\262Q"
 225      5D509455 
 225      18C7CFFF 
 225      3DEF7EE1 
 225      B251
 226 0012 28494CCE 		.ascii	"(IL\316r\301\020\027\2624\341\005\3154\023e]Y\323t\321"
 226      72C11017 
 226      B234E105 
 226      CD341365 
 226      5D59D374 
 227 0027 65CD0A4B 		.ascii	"e\315\012K\322\2202\0138\323\225\357.4\253\211@\215"
 227      D290320B 
 227      38D395EF 
 227      2E34AB89 
 227      408D
 228 0039 22D46CAF 		.ascii	"\"\324l\257\3060d\241\240}\020\001\261I*\230\010)Z\020"
 228      C63064A1 
 228      A07D1001 
 228      B1492A98 
 228      08295A10 
 229 004d AE066262 		.ascii	"\256\006bb*\016\016\216\325(=\347\234\335`\260\017w"
 229      2A0E0E8E 
 229      D5283DE7 
 229      9CDD60B0 
ARM GAS  /tmp/ccLd3Khy.s 			page 18


 229      0F77
 230 005f 76CF9EF3 		.ascii	"v\317\236\363\236\347\367?\317\3779\347\274v\006\266"
 230      9EE7F73F 
 230      CFFF39E7 
 230      BC7606B6 
 231 006f C6CA5888 		.ascii	"\306\312X\2101\366<\375`e\320\014\303x\332\026\260k"
 231      31F63CFD 
 231      6065D00C 
 231      C378DA16 
 231      B06B
 232 0081 1AA79E5B 		.ascii	"\032\247\236[7\022t\365\357\344\260\304\346\364\277"
 232      371274F5 
 232      EFE4B0C4 
 232      E6F4BF
 233 0090 7B1640F6 		.ascii	"{\026@\366\014;\330\026\215\353\026lA-\337\315\321\325"
 233      0C3BD816 
 233      8DEB166C 
 233      412DDFCD 
 233      D1D5
 234 00a2 DA76C395 		.ascii	"\332v\303\225\325B\223Fd\367Y\333'\355\303\00679c\215"
 234      D5429346 
 234      64F759DB 
 234      27EDC306 
 234      3739638D 
 235 00b6 9CE18934 		.ascii	"\234\341\2114\344\2441\361\301\327\310\242\340h0|\333"
 235      E4A431F1 
 235      C1D7C8A2 
 235      E068307C 
 235      DB
 236 00c7 5943F380 		.ascii	"YC\363\200N\303\235\307?\037H\020C\015n\032vFo\316\331"
 236      4EC39DC7 
 236      3F1F4810 
 236      430D6E1A 
 236      76466FCE 
 237 00dc F97360D4 		.ascii	"\371s`\324\357\277=\223\235\331l\324\005\215\310\325"
 237      EFBF3D93 
 237      9DD96CD4 
 237      058DC8D5 
 238 00ec D4F78D88 		.ascii	"\324\367\215\210nr\216\036p!\333\2154t\201\204\351\031"
 238      6E728E1E 
 238      7021DB8D 
 238      34748184 
 238      E919
 239 00fe 497F834C 		.ascii	"I\177\203L\002Z\307\373\242V\376\242\204w\3246\374i"
 239      025AC7FB 
 239      A256FEA2 
 239      8477D436 
 239      FC69
 240 0110 8DD123AB 		.ascii	"\215\321#\253\024\255\243\367\036Z':\"\351\361\232\235"
 240      14ADA3F7 
 240      1E5A273A 
 240      22E9F19A 
 240      9D
 241 0121 532EFE8A 		.ascii	"S.\376\212\244\267\336\034\016\270b\364\305,E[\360\355"
 241      A4B7DE1C 
 241      0EB862F4 
 241      C52C455B 
ARM GAS  /tmp/ccLd3Khy.s 			page 19


 241      F0ED
 242 0133 3DB485E8 		.ascii	"=\264\205\350\303\310d\202\331\367\321\304\007V\376"
 242      C3C86482 
 242      D9F7D1C4 
 242      0756FE
 243 0142 AAE44F0F 		.ascii	"\252\344O\017~8\340\314h\222\0259i\256\014V\032\015"
 243      7E38E0CC 
 243      68921539 
 243      69AE0C56 
 243      1A0D
 244 0154 064930F4 		.ascii	"\006I0\364)\211\205\252\210\350\226\252\256Q\007/\220"
 244      298985AA 
 244      88E896AA 
 244      AE51072F 
 244      90
 245 0165 E4BB6F0F 		.ascii	"\344\273o\017\216Y\211\214\320\312G\315\224@\214\264"
 245      8E59898C 
 245      D0CA47CD 
 245      94408CB4 
 246 0175 E2C83F91 		.ascii	"\342\310?\221\023\007\357\356J\264\3528\212\014|\207"
 246      1307EFEE 
 246      4AB4EA38 
 246      8A0C7C87 
 247 0185 0C517151 		.ascii	"\014QqQ\351cbs\031\323\342\317\333NY\"\306\335\371\220"
 247      E9636273 
 247      19D3E2CF 
 247      DB4E5922 
 247      C6DDF990 
 248 0199 11B9B46A 		.ascii	"\021\271\264j\357\336\345+@\251\3334\321pj\354:5\016"
 248      EFDEE52B 
 248      40A9DB34 
 248      D1706AEC 
 248      3A350E
 249 01ac 8B68ACD4 		.ascii	"\213h\254\324$\330D\343\200(\252\023\2428.\010\223I"
 249      24D844E3 
 249      8028AA13 
 249      A2382E08 
 249      9349
 250 01be 4C48258B 		.ascii	"LH%\213I\306\266s&\314\3510\"\214UsM\015\0024\270\202"
 250      49C6B673 
 250      26CCE930 
 250      228C5573 
 250      4D0D0234 
 251 01d4 CAE1D0B9 		.ascii	"\312\341\320\271\036\247H\"\314\021\346\016\312\263"
 251      1EA74822 
 251      CC11E60E 
 251      CAB3
 252 01e2 A672266A 		.ascii	"\246r&j\027\273\314\301\320O\265\273\212\220[\246I\223"
 252      17BBCCC1 
 252      D04FB5BB 
 252      8A905BA6 
 252      4993
 253 01f4 E18F4FCC 		.ascii	"\341\217O\314;\252\020\014\330M\276\254\221\"\030\006"
 253      3BAA100C 
 253      D84DBEAC 
 253      91221806 
 254 0204 50054634 		.ascii	"P\005F4\315\036\2712\331\243\245\277a\032\015n\223;"
ARM GAS  /tmp/ccLd3Khy.s 			page 20


 254      CD1EB932 
 254      D9A3A5BF 
 254      611A0D6E 
 254      933B
 255 0216 45FCAEF3 		.ascii	"E\374\256\363s-\211\"\276\201\316\252\311\023q\034\351"
 255      732D8922 
 255      BE81CEAA 
 255      C913711C 
 255      E9
 256 0227 CAF2F784 		.ascii	"\312\362\367\204Q\300\301\337\366\367&\244k\012q\011"
 256      51C0C1DF 
 256      F6F726A4 
 256      6B0A7109 
 257 0237 64FF1717 		.ascii	"d\377\027\027\332\035\013\310\0038\021G\006\025r+\364"
 257      DA1D0BC8 
 257      03381147 
 257      0615722B 
 257      F4
 258 0248 59972612 		.ascii	"Y\227&\022L\302\034\303I\244\231\374Aee\352)\345D\013"
 258      4CC21CC3 
 258      49A499FC 
 258      416565EA 
 258      29E5440B 
 259 025c 73E76227 		.ascii	"s\347b':9\031\372\177'\303\312\211v\177N~\210\247u\352"
 259      3A3919FA 
 259      7F27C3CA 
 259      89767F4E 
 259      7E88A775 
 260 0271 BE9D9C8E 		.ascii	"\276\235\234\216##\012\371j[S\247K9\271\305p&\356$\330"
 260      23230AF9 
 260      6A5B53A7 
 260      4B39B9C5 
 260      7026EE24 
 261 0286 3DFDFBA4 		.ascii	"=\375\373\244KY\021w62\326>\352jFS\2006n\317\2048\006"
 261      4B591177 
 261      3632D63E 
 261      EA6A4653 
 261      80366ECF 
 262 029d 0FD156C9 		.ascii	"\017\321V\311\275\021\313\034\350h\031J\3149`\324\321"
 262      BD11CB1C 
 262      E868194A 
 262      CC3960D4 
 262      D1
 263 02ae EC75983C 		.ascii	"\354u\230<\031g\321\214\006u\274~D\216T\034\030\342"
 263      1967D18C 
 263      0675BC7E 
 263      448E541C 
 263      18E2
 264 02c0 4A505F22 		.ascii	"JP_\"\350\376w5\232Z\216\237\244\026\204\326\250\324"
 264      E8FE7735 
 264      9A5A8E9F 
 264      A41684D6 
 264      A8D4
 265 02d2 AA7C2FD4 		.ascii	"\252|/\324iSZ\026%w\250\372\322\254|M8p\203aL\026\232"
 265      69535A16 
 265      2577A8FA 
 265      D2AC7C4D 
ARM GAS  /tmp/ccLd3Khy.s 			page 21


 265      38708361 
 266 02e9 6E828A49 		.ascii	"n\202\212IZR\353\025\215\\#\255\237U\2559\211P@\335"
 266      5A52EB15 
 266      8D5C23AD 
 266      9F55AD39 
 266      895040DD 
 267 02fd 8EB1365D 		.ascii	"\216\2616]\004\250\204R\344e\220\225\032W\225\372r\333"
 267      04A88452 
 267      E4659095 
 267      1A5795FA 
 267      72DB
 268 030f B57D0EB1 		.ascii	"\265}\016\261\304\303\000\316!-\314]&_)\234\325O\377"
 268      C4C300CE 
 268      212DCC5D 
 268      265F299C 
 268      D54FFF
 269 0322 D1174BC7 		.ascii	"\321\027K\307*0\221a\275\215\244\223\351\301\342wX\002"
 269      2A309161 
 269      BD8DA493 
 269      E9C1E277 
 269      5802
 270 0334 744429B7 		.ascii	"tD)\267)T]\356\313UD2\005\034\233\2716\002\025\300p"
 270      29545DEE 
 270      CB554432 
 270      051C9BB9 
 270      360215C0 
 271 0349 1EEAC256 		.ascii	"\036\352\302Vs.r\321\342\327\244>\324\323\333\015\005"
 271      732E72D1 
 271      E2D7A43E 
 271      D4D3DB0D 
 271      05
 272 035a D99470F0 		.ascii	"\331\224p\360Lk\207Kq\034\027\210\243d\242\357L\313"
 272      4C6B874B 
 272      711C1788 
 272      A364A2EF 
 272      4CCB
 273 036c 322FDDB4 		.ascii	"2/\335\264\024\223\247\322\231\224\207\220\341\027*"
 273      1493A7D2 
 273      99948790 
 273      E1172A
 274 037b 29C9C865 		.ascii	")\311\310e\364\305\313\004g/\337Qf\376[`\202\004(\342"
 274      F4C5CB04 
 274      672FDF51 
 274      66FE5B60 
 274      820428E2 
 275 038f 4EFFA763 		.ascii	"N\377\247c\362}\234\212y`R\246^\315-\213\357\367\341"
 275      F27D9C8A 
 275      796052A6 
 275      5ECD2D8B 
 275      EFF7E1
 276 03a2 A84C5A14 		.ascii	"\250LZ\024\206\200_g'\243\313\362:\214\255tJ\250\266"
 276      86805F67 
 276      27A3CBF2 
 276      3A8CAD74 
 276      4AA8B6
 277 03b5 1791C7AE 		.ascii	"\027\221\307\256#\270g\276\366\221\330^\011\353\333"
 277      23B867BE 
ARM GAS  /tmp/ccLd3Khy.s 			page 22


 277      F691D85E 
 277      09EBDB
 278 03c4 39165E17 		.ascii	"9\026^\027\214=\223\235\355\241o\251\317_\\\272\301"
 278      8C3D939D 
 278      EDA16FA9 
 278      CF5F5CBA 
 278      C1
 279 03d5 E77F6B75 		.ascii	"\347\177kuII\241'\377\205\342\2277\255^\267n\255\247"
 279      4949A127 
 279      FF85E297 
 279      37AD5EB7 
 279      6EADA7
 280 03e8 D05FBCD9 		.ascii	"\320_\274\331\347/\363\274\364l~\336\232\334\334|\317"
 280      E72FF3BC 
 280      F46C7EDE 
 280      9ADCDC7C 
 280      CF
 281 03f9 E6C73D5E 		.ascii	"\346\307=^\012y-\376 \273\200\331K\013\274\242\357\265"
 281      0A792DFE 
 281      20BB80D9 
 281      4B0BBCA2 
 281      EFB5
 282 040b 156CF06E 		.ascii	"\025l\360n\334\350+\261\225\027\277\351\333TQ\256\227"
 282      DCE82BB1 
 282      9517BFE9 
 282      DB5451AE 
 282      97
 283 041c 957BCBAD 		.ascii	"\225{\313\255\353+\212\212|\376G3\312\036\313\250\310"
 283      EB2B8A8A 
 283      7CFE4733 
 283      CA1ECBA8 
 283      C8
 284 042d 7AD2ED2D 		.ascii	"z\322\355-\365\226\254]\377z~Y\231\317_\356.\362\026"
 284      F596AC5D 
 284      FF7A7E59 
 284      99CF5FEE 
 284      2EF216
 285 0440 97F80AD9 		.ascii	"\227\370\012\331_i\265'\360"
 285      5F69B527 
 285      F0
 286              		.text
 287              		.section	.gnu.lto_pca9544a_lld_setchannel.925d243988a8deed,"e",%progbits
 288 0000 789C7553 		.ascii	"x\234uS]L\034U\024\276\337\334\331ag\273L[\025l\262"
 288      5D4C1C55 
 288      14BEDFDC 
 288      D96167BB 
 288      4C5B156C 
 289 0015 69B23C10 		.ascii	"i\262<\020\212IY\214\325\004}\021\255o\325\030\037|"
 289      8A49598C 
 289      D5047D11 
 289      AD6FD518 
 289      1F7C
 290 0027 D46C61B0 		.ascii	"\324la\260\333\254-Y\240\211O\275\273`\250\012H\015"
 290      DBAC2D59 
 290      A0894FBD 
 290      BB60A80A 
 290      480D
ARM GAS  /tmp/ccLd3Khy.s 			page 23


 291 0039 95A5C93A 		.ascii	"\225\245\311:U\262n\321\266\320F\333(\255\035\213(\320"
 291      55B26ED1 
 291      B6D046DB 
 291      28AD1D8B 
 291      28D0
 292 004b 3FE89FB2 		.ascii	"?\350\237\262\301\325\266P\025\253mZ1\215\211\340\271"
 292      C1D5B650 
 292      15AB6D5A 
 292      318D89E0 
 292      B9
 293 005c 338BFD31 		.ascii	"3\213\3751Nvo\356=\347|\337\371\371\356\3652\260A\225"
 293      4E766FEE 
 293      3DE77CDF 
 293      F9F9EEF5 
 293      32B04195 
 294 0070 B10463EC 		.ascii	"\261\004c\354\011\372\303\303\240\010!\236,\210{\025"
 294      09FAC3C3 
 294      A008219E 
 294      2C887B15 
 295 0080 85774DBD 		.ascii	"\205wM\275\367\220*|\352\325\336\213E\252\360s\250y"
 295      F7902A7C 
 295      EAD5DE8B 
 295      45AAF073 
 295      A879
 296 0092 9F0A383B 		.ascii	"\237\0128;\341\005\333\252p\025[\3616\357\346\030\334"
 296      E105DBAA 
 296      70155BF1 
 296      36EFE618 
 296      DC
 297 00a3 D37FDD28 		.ascii	"\323\177\335(\317\220O\330\335\007}\037\015\214\013"
 297      CF904FD8 
 297      DD077D1F 
 297      0D8C0B
 298 00b2 6E71C67A 		.ascii	"nq\306z8\303#\001T\006\230\374\3609\312)8\227H\335\362"
 298      38C32301 
 298      540698FC 
 298      F039CA29 
 298      389748DD 
 299 00c7 77901F50 		.ascii	"w\220\037P\351\3305\366\311\250O\036\025\004\351\370"
 299      E9D835F6 
 299      C9A84F1E 
 299      1504E9F8 
 300 00d7 59EEE69C 		.ascii	"Y\356\346\234\227?\003F\373\221[\327*\312\322\2423!"
 300      973F0346 
 300      FB915BD7 
 300      2ACAD2A2 
 300      3321
 301 00e9 EC3F56EC 		.ascii	"\354?V\354\024\266jq\216#\340\222\3660\002\030\004\021"
 301      14B66A71 
 301      8E23E092 
 301      F6300218 
 301      0411
 302 00fb 938DA8BF 		.ascii	"\223\215\250\277@\031\001\366L\015\3454\376\234\003"
 302      401901F6 
 302      4C0DE534 
 302      FE9C03
 303 010a 9E983ED5 		.ascii	"\236\230>\325\256\347\321\347V&\205\015\213\012>\352"
ARM GAS  /tmp/ccLd3Khy.s 			page 24


 303      AEE7D1E7 
 303      5626850D 
 303      8B0A3EEA 
 304 011a A2F34591 		.ascii	"\242\363E\221\205\260\266\203\235\352\350\2321\370\213"
 304      85B0B683 
 304      9DEAE89A 
 304      31F88B
 305 0129 0E76DBCD 		.ascii	"\016v\333\315\361\270\221\307N\257r3{\360\345\1772{"
 305      F1B891C7 
 305      4EAF7233 
 305      7BF0E57F 
 305      327B
 306 013b 087D0C65 		.ascii	"\010}\014eLb2-\203\223:\177\311\301o\177\375dV+\355"
 306      4C62322D 
 306      83933A7F 
 306      C9C16F7F 
 306      FD64562B 
 307 0150 1536E1E7 		.ascii	"\0256\341\347\373\212\343\315\")\210B\303\320]\351\345"
 307      FB8AE3CD 
 307      22298842 
 307      C3D05DE9 
 307      E5
 308 0161 47D197F6 		.ascii	"G\321\227\366\317\357(\324T|\205R919\251ah$\021\203"
 308      CFEF28D4 
 308      547C8552 
 308      393139A9 
 308      61682411 
 309 0176 B4F59FF1 		.ascii	"\264\365\237\361\330b~\241U\330W\312\337O\027-\003%"
 309      D8627EA1 
 309      55D857CA 
 309      DF4F172D 
 309      0325
 310 0188 2E5068F1 		.ascii	".Ph\361rZtU.\036Z4\015r\014:dC>i\360CVg0)\005{\2133"
 310      725A7455 
 310      2E1E5A34 
 310      0D720C3A 
 310      64433E69 
 311 01a6 A98F0A61 		.ascii	"\251\217\012a3\326\306\025\367\020\247\303,\232\307"
 311      33D6C615 
 311      F710A7C3 
 311      2C9AC7
 312 01b5 5BBF3FEB 		.ascii	"[\277?\353\227YS\034)\256QQ\035\315\327r^)\013\007\303"
 312      9759531C 
 312      29AE5151 
 312      1DCDD772 
 312      5E290B07 
 313 01ca D7D4EE55 		.ascii	"\327\324\356U\264\006\235\272\310\231\332}bAoA\"\356"
 313      B4069DBA 
 313      C899DA7D 
 313      62416F41 
 313      22EE
 314 01dc B5B8AF87 		.ascii	"\265\270\257\207\313J\277A\013\030\241\311;<{\371\210"
 314      CB4ABF41 
 314      0B18A1C9 
 314      3B3C7BF9 
 314      88
 315 01ed 52625A22 		.ascii	"RbZ\"\031\264\370\022\031\277\343\207\271L\241\214O"
ARM GAS  /tmp/ccLd3Khy.s 			page 25


 315      19B4F812 
 315      19BFE387 
 315      B94CA18C 
 315      4F
 316 01fe 0A41363F 		.ascii	"\012A6?FP\342\3668J0\012\330\377\353\336\243\276\022"
 316      4650E2F6 
 316      384A300A 
 316      D8FFEBDE 
 316      A3BE12
 317 0211 C585144A 		.ascii	"\305\205\024J\310\336O\177\034\320oC\014\214-B\216\273"
 317      C8DE4F7F 
 317      1CD06F43 
 317      0C8C2D42 
 317      8EBB
 318 0223 9037A727 		.ascii	"\2207\247'\306\226\312\002\227\242\0358\201\200\305"
 318      C696CA02 
 318      97A21D38 
 318      8180C5
 319 0232 97B119B4 		.ascii	"\227\261\031\264\374<4\337\367\230\333\212Na\177\217"
 319      FC3C34DF 
 319      F798DB8A 
 319      4E617F8F 
 320 0242 7C9C75AE 		.ascii	"|\234u\256\227\212\005\340$\334\261\267q\236\27687\241"
 320      978A05E0 
 320      24DCB1B7 
 320      719EBE38 
 320      37A1
 321 0254 C8FE41FD 		.ascii	"\310\376A\375\277\323\012\027\342sQ\037\316l\3576\\"
 321      BFD30A17 
 321      E273511F 
 321      CE6CEF36 
 321      5C
 322 0265 948A530E 		.ascii	"\224\212S\016\250\215\253\377\216L\235E\342]]\"\244"
 322      A88DABFF 
 322      8E4C9D45 
 322      E25D5D22 
 322      A4
 323 0276 4029BA07 		.ascii	"@)\272\007d8\374\313\356a\315eQ\210\302\316\016L\032"
 323      6438FCCB 
 323      EE61CD65 
 323      5188C2CE 
 323      0E4C1A
 324 0289 69F4C609 		.ascii	"i\364\306\011\264\353\222\324k9M\326\031\245\354o\337"
 324      B4EB92D4 
 324      6B394DD6 
 324      19A5EC6F 
 324      DF
 325 029a A1CCE9C2 		.ascii	"\241\314\351\302\312}\242\223\274\033-~\037N#\215\244"
 325      CA7DA293 
 325      BC1B2D7E 
 325      1F4E238D 
 325      A4
 326 02ab ABFE382A 		.ascii	"\253\3768*\035\302\321~\356\362\361{\370\202\377OF\256"
 326      1DC2D17E 
 326      EEF2F17B 
 326      F882FF4F 
 326      46AE
ARM GAS  /tmp/ccLd3Khy.s 			page 26


 327 02bd FB31E170 		.ascii	"\3731\341pAr\235q\270\250\301\276<\227\352\322\035h"
 327      41729D71 
 327      B8A8C1BE 
 327      3C97EAD2 
 327      1D68
 328 02cf BB72C379 		.ascii	"\273r\303y\205:\2563\234u\004\336I\33591\306=\032?\320"
 328      853AAE33 
 328      9C7504DE 
 328      49DD3931 
 328      C63D1A3F 
 329 02e4 C315E23A 		.ascii	"\303\025\342:\347j\254\020\011\005t\266g\373U\031 \033"
 329      E76AAC10 
 329      090574B6 
 329      67FB5519 
 329      201B
 330 02f6 FCC0B078 		.ascii	"\374\300\260x\221\034\206\253\321yW\243\203o\374\326"
 330      911C86AB 
 330      D17957A3 
 330      836FFCD6 
 331 0306 A7CB24C5 		.ascii	"\247\313$\305\000. p\347\275z\220\356\325\267w\233\212"
 331      002E2070 
 331      E7BD7A90 
 331      EED5B777 
 331      9B8A
 332 0318 C9F41D02 		.ascii	"\311\364\035\002)\356\267\370\012\252\372X\016\2133"
 332      29EEB7F8 
 332      0AAAFA58 
 332      0E8B33
 333 0327 A6B09F6E 		.ascii	"\246\260\237n\\\316-\251:$\266\321C\246\024\223\250"
 333      5CCE2DA9 
 333      3A24B6D1 
 333      43A61493 
 333      A8
 334 0338 62BF23B1 		.ascii	"b\277#\261kc\276dj\366OxHA\376Wf\022w\322jD\233E@Q\350"
 334      6B63BE64 
 334      6AF64F78 
 334      4841FE57 
 334      661277D2 
 335 0353 0DE0F61B 		.ascii	"\015\340\366\033`\354\251\212\212\020\375\352\315X\244"
 335      60ECA98A 
 335      8A10FDEA 
 335      CD58A4
 336 0362 7E83197B 		.ascii	"~\203\031{mu4Z\033\252~6\362\302\346\325\353\326\255"
 336      6D75345A 
 336      1BAA7E36 
 336      F2C2E6D5 
 336      EBD6AD
 337 0375 0DD5C622 		.ascii	"\015\325\306\"[\314XC\350\371\247\253\253\036]\263\246"
 337      5BCC5843 
 337      E8F9A7AB 
 337      AB1E5DB3 
 337      A6
 338 0386 3AB4E5E1 		.ascii	":\264\345\341P\230B^^4T\3240o}MX\356\303\0055\033\302"
 338      5098425E 
 338      5E3454D4 
 338      306F7D4D 
 338      58EEC305 
ARM GAS  /tmp/ccLd3Khy.s 			page 27


 339 039d 9B3699D1 		.ascii	"\2336\231\321\202\306\310\253\346\346\246Fm}S]\235\031"
 339      82C6C8AB 
 339      E6E6A646 
 339      6D7D535D 
 339      9D19
 340 03af 5B59DAB0 		.ascii	"[Y\332\260\252\264\251\374\361`\270>\034]\273\376\225"
 340      AAB4A9FC 
 340      F160B83E 
 340      1C5DBBFE 
 340      95
 341 03c0 EA860633 		.ascii	"\352\206\0063\326\030\254\013G\242f-\373\007bn\252\242"
 341      D618AC0B 
 341      47A2662D 
 341      FB07626E 
 341      AAA2
 342              		.text
 343              		.section	.gnu.lto_.symbol_nodes.925d243988a8deed,"e",%progbits
 344 0000 789C75CE 		.ascii	"x\234u\316\313\021\3020\014\004\320]\311q\322EZ\011"
 344      CB11C230 
 344      0C04D05D 
 344      C971D245 
 344      5A09
 345 0012 33344225 		.ascii	"34B%\312\201\002\250'g\316\324\221\360-\001\014\011"
 345      CA8102A8 
 345      2767CED4 
 345      91F02D01 
 345      0C09
 346 0024 F2C5D669 		.ascii	"\362\305\326iGo\364\351@\034\010@f\032\306T\201\247"
 346      476FF4E9 
 346      401C0840 
 346      661AC654 
 346      81A7
 347 0036 0B60C034 		.ascii	"\013`\3004\356\360\025\310Bc\205\2564\251\320\215\246"
 347      EEF015C8 
 347      426385AE 
 347      34A9D08D 
 347      A6
 348 0047 15BAD342 		.ascii	"\025\272\323B\231\370\2445\357\255\372\037#\2755$y\320"
 348      99F8A435 
 348      EFADFA1F 
 348      23BD3524 
 348      79D0
 349 0059 62595EB4 		.ascii	"bY^\264\266(\212\270\236\331{:R\321l1*\335\331\256\351"
 349      B6288AB8 
 349      9ED97B3A 
 349      52D16C31 
 349      2ADDD9AE 
 350 006e 4C156F4A 		.ascii	"L\025oJ\036\222<\244\356\232]\263\007\367\360_\032\361"
 350      1E923CA4 
 350      EE9A5DB3 
 350      07F7F05F 
 350      1AF1
 351 0080 019BA467 		.ascii	"\001\233\244g\307"
 351      C7
 352              		.text
 353              		.section	.gnu.lto_.refs.925d243988a8deed,"e",%progbits
 354 0000 789CE360 		.ascii	"x\234\343``\004B \000\000\000]\000\013"
ARM GAS  /tmp/ccLd3Khy.s 			page 28


 354      60044220 
 354      0000005D 
 354      000B
 355              		.text
 356              		.section	.gnu.lto_.decls.925d243988a8deed,"e",%progbits
 357 0000 789CB559 		.ascii	"x\234\265Y{T\024W\232\257[\267i\272\233\227Ag4\301\235"
 357      7B541457 
 357      9AAF5BB7 
 357      69BA9B97 
 357      416734C1 
 358 0015 F5CC7292 		.ascii	"\365\314r\222\314\2311\235\327\356Nv\376\031\307\314"
 358      CC99319D 
 358      D7EE4E76 
 358      FE19C7CC 
 359 0025 ECECD964 		.ascii	"\354\354\331dfO\222\335sf\377\351%\320\012gE\235\246"
 359      664F92DD 
 359      7366FFE9 
 359      25D00A67 
 359      459DA6
 360 0038 75CC9EB3 		.ascii	"u\314\236\263;\005\335\274\024\020A\005\004\024\004"
 360      3B05DDBC 
 360      14104105 
 360      041404
 361 0047 94A74AC4 		.ascii	"\224\247J\304\030#\310K\024\004\025\020QT\004\024PD"
 361      1823C84B 
 361      14041510 
 361      51540414 
 361      5044
 362 0059 E52520EF 		.ascii	"\345% \357\375\356\275UM\025]M&'gZ?\252\356W\337\367"
 362      FDEEBD55 
 362      4D155D4D 
 362      2627675A 
 362      3FAAEE57 
 363 006f DDDFF7B8 		.ascii	"\335\337\367\270\217\272\245\343\020\247\373[\216\373"
 363      8FBAA5E3 
 363      10A7FB5B 
 363      8EFB
 364 007d 9986E382 		.ascii	"\231\206\343\2021\307-\300O\313q\\\013\220\027\320\015"
 364      31C72DC0 
 364      4FCB715C 
 364      0B9017D0 
 364      0D
 365 008e A00EA04E 		.ascii	"\240\016\240N\240&\240\036\240'@\203@\303@\377\0114"
 365      A026A01E 
 365      A0274083 
 365      40C340FF 
 365      0934
 366 00a0 02340E34 		.ascii	"\0024\0164\0154\303\261\237\016\310\003q\334+@\253\201"
 366      0D34C3B1 
 366      9F0EC803 
 366      71DC2B40 
 366      AB81
 367 00b2 D601BD01 		.ascii	"\326\001\275\001\3646\320/\200~\2038\247\337j\236\343"
 367      F436D02F 
 367      807E8338 
 367      A7DF6A9E 
 367      E3
ARM GAS  /tmp/ccLd3Khy.s 			page 29


 368 00c3 7E08573D 		.ascii	"~\010W=<\363\205\353\252%\375\377\003\360\217\003\275"
 368      3CF385EB 
 368      AA25FDFF 
 368      03F08F03 
 368      BD
 369 00d4 0EF7F948 		.ascii	"\016\367\371H\211\243\0001,\377\204\030\366B\270\026"
 369      89A30031 
 369      2CFF8418 
 369      F642B816 
 370 00e4 01152386 		.ascii	"\001\025#\206\331\010W0\317]\003\272\016\204E|\277\020"
 370      D9085730 
 370      CF5D03BA 
 370      0E84457C 
 370      BF10
 371 00f6 312DFDFD 		.ascii	"1-\375\375\035\010\257Q\3012\362=\260\224\000m\020\361"
 371      1D08AF51 
 371      C132F23D 
 371      B094006D 
 371      10F1
 372 0108 109F7EAD 		.ascii	"\020\237~\255\202\351\225e\342c\004\341\327T0\215\213"
 372      82E99565 
 372      E26304E1 
 372      D754308D 
 372      8B
 373 0119 986E2DC1 		.ascii	"\230n-\301\265\366;\306\3516\267\030\2531\316\031\333"
 373      B5F63BC6 
 373      E936B718 
 373      AB31CE19 
 373      DB
 374 012a EA65E2B5 		.ascii	"\352e\342\265\301\005\266\351\277\002\266\227*\330\326"
 374      C105B6E9 
 374      BF02B697 
 374      2AD8D6
 375 0139 2D83EDF7 		.ascii	"-\203\355\367 \374\252\012\266\031\027\330\276K>%\\"
 375      20FCAA0A 
 375      B61917D8 
 375      BE4B3E25 
 375      5C
 376 014a AEF2F9C6 		.ascii	"\256\362\371\3062\371L\301\350~D\346K\317\004\214|\015"
 376      32F94CC1 
 376      E87E44E6 
 376      4BCF048C 
 376      7C0D
 377 015c 4803CDFD 		.ascii	"H\003\315\375W\312\032\014\320\\e@\353\240\031U\227"
 377      57CA1A0C 
 377      D05C6540 
 377      EBA01955 
 377      97
 378 016d 78DE8B3D 		.ascii	"x\336\213=\345\241\231}\2639\002\261\247+\240Y\364\364"
 378      E5A1997D 
 378      B33902B1 
 378      A72BA059 
 378      F4F4
 379 017f CB068C79 		.ascii	"\313\006\214yD\354\014\316\316\307\350\261;\275om\031"
 379      44EC0CCE 
 379      CEC7E8B1 
 379      3BBD6F6D 
ARM GAS  /tmp/ccLd3Khy.s 			page 30


 379      19
 380 0190 EE713396 		.ascii	"\356q3\226\010\354\247K\303\034\252Dx\261\317\371\360"
 380      08ECA74B 
 380      C31CAA44 
 380      78B1CFF9 
 380      F0
 381 01a1 981A4FFC 		.ascii	"\230\032O\374\011\225M\036J>\342\276r\237(+ \212\022"
 381      09954D1E 
 381      4A3EE2BE 
 381      729F282B 
 381      208A12
 382 01b4 55238C6A 		.ascii	"U#\214j\320JT\205\214\242\316l\332\243=<\016\240:\007"
 382      D04A5485 
 382      8CA2CE6C 
 382      DAA33D3C 
 382      0EA03A07 
 383 01c8 161A7EEB 		.ascii	"\026\032~\353\244R\353\244\222t\255\243_\357\271[\020"
 383      A452EBA4 
 383      9274ADA3 
 383      5FEFB95B 
 383      10
 384 01d9 22842C9B 		.ascii	"\"\204,\233\240\377-\272\010\217\317#?\364\015\362\003"
 384      A0FF2DBA 
 384      088FCF23 
 384      3FF40DF2 
 384      03
 385 01ea 853AE4C9 		.ascii	"\205:\344\311\344*\027\016Vj\230\223:b\275\260z\326"
 385      E42A170E 
 385      566A9893 
 385      3A62BDB0 
 385      7AD6
 386 01fc 93395945 		.ascii	"\2239YE\036\357?]\022\251\307\177\244=\347\234)\311"
 386      1EEF3F5D 
 386      12A9C77F 
 386      A43DE79C 
 386      29C9
 387 020e F78167AF 		.ascii	"\367\201g\257\033\320\302\002\006\306\345\241gm\210"
 387      1BD0C202 
 387      06C6E5A1 
 387      676D88
 388 021d 31C8F336 		.ascii	"1\310\3636\333\356.o\274\223\336\367\366\264\2744\030"
 388      DBEE2E6F 
 388      BC93DEF7 
 388      F6B4BC34 
 388      18
 389 022e 6248F789 		.ascii	"bH\367\2116\301\355M\016U@\337\345\3207jDT\003\240\242"
 389      36C1ED4D 
 389      0E5540DF 
 389      E5D0376A 
 389      445403A0 
 390 0243 2BC06B00 		.ascii	"+\300k\000^\012\306}I\305\003z\264\322\337\237\272\226"
 390      5E0AC67D 
 390      49C5037A 
 390      B4D2DF9F 
 390      BA96
 391 0255 485CD370 		.ascii	"H\\\323p\3502\010\\\242\200\2572\357\3205\344\217\256"
 391      E832085C 
ARM GAS  /tmp/ccLd3Khy.s 			page 31


 391      A280AF32 
 391      EFD035E4 
 391      8FAE
 392 0267 237FE2E5 		.ascii	"#\177\342\345Qb\275\352Q\376\373\227\353\242\204\304"
 392      5162BDEA 
 392      51FEFB97 
 392      EBA284C4 
 393 0277 6A449C42 		.ascii	"jD\234B\027\300\372U\205\253F\362\347\035?I~\"\305-"
 393      17C0FA55 
 393      85AB46F2 
 393      E71D3F49 
 393      7E22C52D 
 394 028b 4DA88AD0 		.ascii	"M\250\212\320\242&d@\365\242\264\004N\224>On\301\213"
 394      A2266440 
 394      F5A2B404 
 394      4E943E4F 
 394      6EC18B
 395 029e 8A27275E 		.ascii	"\212''^x\341\313\210\272t\242\340T\227\307J\021\236"
 395      78E1CB88 
 395      BA74A2E0 
 395      5497C74A 
 395      119E
 396 02b0 5D010F35 		.ascii	"]\001\0175\213v\226 \004\255\206\313O\317\270\311\363"
 396      8B769620 
 396      04AD86CB 
 396      4FCFB8C9 
 396      F3
 397 02c1 D0A200D7 		.ascii	"\320\242\000\327*\345\241m\246=\306K\222\263\273\220"
 397      2AE5A16D 
 397      A63DC64B 
 397      92B3BB90 
 398 02d1 43379027 		.ascii	"C7\220'\310Vu\307Oa\210\373ZH\004\222\345a-\313C\301"
 398      C85675C7 
 398      4F6188FB 
 398      5A480492 
 398      E5612DCB 
 399 02e7 91FC8B5E 		.ascii	"\221\374\213^\270\235\241\036\274^u\332\203%B\310\021"
 399      B89DA11E 
 399      BC5E75DA 
 399      832542C8 
 399      11
 400 02f8 F01A0EBD 		.ascii	"\360\032\016\275\347\207\336\006\310\355\210*\020\304"
 400      E787DE06 
 400      C8ED882A 
 400      10C4
 401 0306 37A19B36 		.ascii	"7\241\2336\232\0064\177\346P\276F\016\367\026Di\021"
 401      9A06347F 
 401      E650BE46 
 401      0EF71644 
 401      6911
 402 0318 C66D09EE 		.ascii	"\306m\011\356\275\247\021S\012\270jr\250\203\302-\217"
 402      BDA71153 
 402      0AB86A72 
 402      A883C22D 
 402      8F
 403 0329 9ABBE00E 		.ascii	"\232\273\340\016\360\336 u\263\260\340#C\374\006C<|"
 403      F0DE2075 
ARM GAS  /tmp/ccLd3Khy.s 			page 32


 403      B3B0E023 
 403      43FC0643 
 403      3C7C
 404 033b 2AFEB001 		.ascii	"*\376\260\001\337g\210\237M\304\345h\030bj\232s\330"
 404      DF67889F 
 404      4DC4E568 
 404      18626A9A 
 404      73D8
 405 034d 45F71055 		.ascii	"E\367\020U!\230\357\002\357\016\341u\"\203\254\217?"
 405      2198EF02 
 405      EF0EE175 
 405      2283AC8F 
 405      3F
 406 035e 38F7F107 		.ascii	"8\367\361\007\326G\356\324\320YO<\300\372H\254\232\032"
 406      D647EED4 
 406      D0594F3C 
 406      C0FA48AC 
 406      9A1A
 407 0370 F556EFA3 		.ascii	"\365V\357\243\033Q\025\322G\027\360\356\023^\017\355"
 407      1B5115D2 
 407      4717F0EE 
 407      135E0FED 
 408 0380 E35154D3 		.ascii	"\343QT\323\274;\033*k\311\344q\366\321\021/bC\020C\345"
 408      BC3B1B2A 
 408      6BC9E471 
 408      F6D1112F 
 408      62431043 
 409 0395 2B8FC043 		.ascii	"+\217\300Cd \305\204\036\260\270&\306\227v\361L\367"
 409      6420C584 
 409      1EB0B826 
 409      C69776F1 
 409      4CF7
 410 03a7 6FA099D7 		.ascii	"o\240\231\327s\301\246g\303\3541\311\340\315\227\025"
 410      73C1A667 
 410      C3EC31C9 
 410      E0CD9715 
 411 03b7 D39E7898 		.ascii	"\323\236x\230\202\303\341\273\247;02\370!0\206T2\327"
 411      82C3E1BB 
 411      A73B3032 
 411      F8213086 
 411      5432D7
 412 03ca 0F081F11 		.ascii	"\017\010\037\021\363\217A`\000\354\247\011:\312H\023"
 412      F38F4160 
 412      00ECA709 
 412      3ACA4813 
 413 03da 407AF8CF 		.ascii	"@z\370\317\364\036\214&\\:\036\256\363M\024\307\323"
 413      F41E8C26 
 413      5C3A1EAE 
 413      F34D14C7 
 413      D3
 414 03eb 2F11E1A3 		.ascii	"/\021\341\243>\320\351\245\010\237 _\006\223\335\203"
 414      3ED0E9A5 
 414      089F205F 
 414      0693DD83 
 415 03fb C293FBF6 		.ascii	"\302\223\373\366R,O>\260e.\015\262\244\016\322\244\226"
 415      522C4F3E 
 415      B0652E0D 
ARM GAS  /tmp/ccLd3Khy.s 			page 33


 415      B2A40ED2 
 415      A496
 416 040d 3EEFCDD3 		.ascii	">\357\315\3233\207\252Ig\375\035#\247\364.\243\361L"
 416      3387AA49 
 416      67FD1D23 
 416      A7F42EA3 
 416      F14C
 417 041f 8CC65316 		.ascii	"\214\306S\026\215\034{u\2628\357\326\220\266\255\241"
 417      8D1C7B75 
 417      B238EFD6 
 417      90B6ADA1 
 418 042f F9929685 		.ascii	"\371\222\226\205#\221L\304\341\023gO\350\227\"\037\002"
 418      23914CC4 
 418      E113674F 
 418      E897221F 
 418      02
 419 0440 6BCFA9B5 		.ascii	"k\317\251\265a\202\374\031C>L\221\027\344\32669\252"
 419      6182FC19 
 419      433E4C91 
 419      17E4D636 
 419      39AA
 420 0452 DCBE7C95 		.ascii	"\334\276|\225\243\021\232\315\023\215\255\307tx\234"
 420      A3119ACD 
 420      138DADC7 
 420      74789C
 421 0461 D5836D30 		.ascii	"\325\203m0z\206W\033%\243\252\243\344j\357\334Awy\240"
 421      7A86571B 
 421      25A3AAA3 
 421      E46AEFDC 
 421      417779A0 
 422 0475 C614D5FF 		.ascii	"\306\024\325\377B\032%/\316\307\325\031\344\243DM\016"
 422      421A252F 
 422      CEC7D519 
 422      E4A3444D 
 422      0E
 423 0486 8DD3800E 		.ascii	"\215\323\200\016T\335\034\324\351\242(\204Z\031\004"
 423      54DD1CD4 
 423      E9A22884 
 423      5A1904
 424 0495 0E4D201D 		.ascii	"\016M \035\235\330\345\010\316V\325G`\234\300\226\237"
 424      9DD8E508 
 424      CE56D547 
 424      609CC096 
 424      9F
 425 04a6 D4877997 		.ascii	"\324\207y\227\220\212*\232\004\364j\332\247\355\307"
 425      908A2A9A 
 425      04F46ADA 
 425      A7EDC7
 426 04b5 6BB572FC 		.ascii	"k\265r\374/Ah\021\327\224\204\377v\311\036;\222\343"
 426      2F416811 
 426      D79484FF 
 426      76C91E3B 
 426      92E3
 427 04c7 579343D3 		.ascii	"W\223C\323\024\177c\305\376X\037\011\204\375\333@\240"
 427      147F63C5 
 427      FE581F09 
 427      84FDDB40 
ARM GAS  /tmp/ccLd3Khy.s 			page 34


 427      A0
 428 04d8 19BADC64 		.ascii	"\031\272\334dwvW\352{`\240\221\205\033\241+\260G \377"
 428      777657EA 
 428      7B60A091 
 428      851BA12B 
 428      B04720FF 
 429 04ec C81FB6B0 		.ascii	"\310\037\266\260\221+\"\367\204\026\244\037\"?Q\216"
 429      912B22F7 
 429      8416A41F 
 429      223F518E 
 430 04fc 5D8800E3 		.ascii	"]\210\000\343\261\213\364\207\361x\321\012/.\303\210"
 430      B18BF487 
 430      F178D10A 
 430      2F2EC388 
 431 050c E930EBB4 		.ascii	"\3510\353\264)3\315\236#\361\271d\204)0T\213\212\"\213"
 431      2933CD9E 
 431      23F1B964 
 431      84293054 
 431      8B8A228B 
 432 0520 17BB936B 		.ascii	"\027\273\223k '\304\213\0069\207Q\351\207\034\373\203"
 432      2027C48B 
 432      06398751 
 432      E9871CFB 
 432      83
 433 0531 C373F147 		.ascii	"\303s\361G\274\037\240\356p(\376\346\264\251\3279\364"
 433      BC1FA0EE 
 433      7028FEE6 
 433      B4A9D739 
 433      F4
 434 0542 83C4751C 		.ascii	"\203\304u\034\315\363h\307`\215\016\237cI\237\357oj"
 434      CDF368C7 
 434      608D0E9F 
 434      63499FEF 
 434      6F6A
 435 0554 41D21426 		.ascii	"A\322\024&|\3334\011\012\223\205\311-\236\032\010\001"
 435      7CDB3409 
 435      0A9385C9 
 435      2D9E1A08 
 435      01
 436 0565 2C1A06B4 		.ascii	",\032\006\264CCx\013\365m\375^\224\00736\022x\312\274"
 436      4343780B 
 436      F56DFD5E 
 436      94073336 
 436      1278CABC 
 437 0579 1B599A80 		.ascii	"\033Y\232\200\226n18\024\301\313\367\027\225\025\015"
 437      966E3138 
 437      14C1CBF7 
 437      1795150D 
 438 0589 9D3E9290 		.ascii	"\235>\222\220]\332\207\220uP)\327\023\237\260^^i6^\276"
 438      5DDA8790 
 438      755029D7 
 438      139FB05E 
 438      5E69365E 
 439 059e ACD979B1 		.ascii	"\254\331y\261\322\246\316'\015j)\020`\241p\006\244<"
 439      D2A6CE27 
 439      0D6A2910 
 439      60A17006 
ARM GAS  /tmp/ccLd3Khy.s 			page 35


 439      A43C
 440 05b0 6ABC914C 		.ascii	"j\274\221L\023\253aR'\355\366=\311\215\356\254-\374"
 440      13AB6152 
 440      27EDF63D 
 440      C98DEEAC 
 440      2DFC
 441 05c2 19DA6939 		.ascii	"\031\332i9\375\377\212\033Y8\272\216G~\203\330\374\243"
 441      FDFF8A1B 
 441      5938BA8E 
 441      477E83D8 
 441      FCA3
 442 05d4 1CC1313C 		.ascii	"\034\3011<U \301\210\346\375P\024O\203\321T\237\222"
 442      5520C188 
 442      E6FD5014 
 442      4F83D154 
 442      9F92
 443 05e6 69587D80 		.ascii	"iX}\200\31606a\005\217by\203l\027\260\233_\315\241H"
 443      CE303661 
 443      058F6279 
 443      836C17B0 
 443      9B5FCDA1 
 444 05fb 4041C109 		.ascii	"@A\301\011\267.\314i\177\234%tw\013U}w\337<j\023\362"
 444      B72ECC69 
 444      7F9C2574 
 444      770B557D 
 444      77DF3C6A 
 445 0611 416F1D91 		.ascii	"Ao\035\221B\363\340\261\350-\271\347\320\034L\371h\026"
 445      42F3E0B1 
 445      E82DB9E7 
 445      D01C4CF9 
 445      6816
 446 0623 960C60EC 		.ascii	"\226\014`\354\341\177\014\352\321\303#\021:|\004#WY"
 446      E17F0CEA 
 446      D1C32311 
 446      3A7C0423 
 446      5759
 447 0635 1819DE2F 		.ascii	"\030\031\336/xP\036YE\343\231\363\265\341\315e\213\021"
 447      78501E59 
 447      45E399F3 
 447      B5E1CD65 
 447      8B11
 448 0647 4960CCD9 		.ascii	"I`\314\331\322\374\203n\256a'\022\330{%\330c9\311\303"
 448      D2FC836E 
 448      AE612712 
 448      D87B25D8 
 448      6339C9C3 
 449 065b 3E22ECE9 		.ascii	">\"\354\351W\017\301\246\007\324x\"\204\342\370E\324"
 449      570FC1A6 
 449      07D47822 
 449      84E2F845 
 449      D4
 450 066c 70AF44BD 		.ascii	"p\257D\275\217\242\256\354\351\271\252\301_\272F\335"
 450      8FA2AEEC 
 450      E9B9AAC1 
 450      5FBA46DD 
 451 067c 921D3ECB 		.ascii	"\222\035>\313j\007\3461\224\314\000\346%^\353\300\016"
 451      6A07E631 
ARM GAS  /tmp/ccLd3Khy.s 			page 36


 451      94CC00E6 
 451      255EEBC0 
 451      0E
 452 068d D4FB19D3 		.ascii	"\324\373\031\323\026\033_\305\273F}\220\240> \241\316"
 452      161B5FC5 
 452      BB467D90 
 452      A03E20A1 
 452      CE
 453 069e ED6B8A75 		.ascii	"\355k\212u\240\366s\240\006!\224$C\235\264\024u\012"
 453      A0F673A0 
 453      06219424 
 453      439DB414 
 453      750A
 454 06b0 457D7224 		.ascii	"E}r$\373\276\0067\271F\3554\315Rk\207x\347I\322iV%\202"
 454      FBBE0637 
 454      B946ED34 
 454      CD526B87 
 454      78E749D2 
 455 06c8 64325313 		.ascii	"d2S\023v\232Q\323y\371L\231!\325\271\255\345\321\013"
 455      769A51D3 
 455      79F94C99 
 455      21D5B9AD 
 455      E5D10B
 456 06db 4421010B 		.ascii	"D!\001\013\245\261\370\264\027\314\330=\034A\313d\314"
 456      A5B1F8B4 
 456      17CCD83D 
 456      1C41CB64 
 456      CC
 457 06ec C2A4D242 		.ascii	"\302\244\322B\017\327A;B\202vX\012\332\376\007\271\321"
 457      0FD7413B 
 457      42827658 
 457      0ADAFE07 
 457      B9D1
 458 06fe BC18B43B 		.ascii	"\274\030\264;?r\004\015\204P\252,h\251K\203\226E\203"
 458      3F72040D 
 458      8450AA2C 
 458      68A94B83 
 458      964583
 459 0711 9693DD57 		.ascii	"\226\223\335W\341\201\007]\007\355;/0\025\035\351\002"
 459      E181075D 
 459      07ED3B2F 
 459      30151DE9 
 459      02
 460 0722 733307E2 		.ascii	"s3\007\342p\224y\224\2221]\343\343p3W\364\375\\\347"
 460      70947994 
 460      92315DE3 
 460      E3703357 
 460      F4FD5CE7 
 461 0736 80976B37 		.ascii	"\200\227k7\217\0217\363$73\306\232K\275%7\177\342p\023"
 461      8F1137F3 
 461      243733C6 
 461      9A4BBD25 
 461      377FE270 
 462 074b 8450B6CC 		.ascii	"\204P\266\314\315\354\245n\036\247n\226M\014\225i\260"
 462      CDECA56E 
 462      1EA76E96 
 462      4D0C9569 
ARM GAS  /tmp/ccLd3Khy.s 			page 37


 462      B0
 463 075c 4DE3D2CD 		.ascii	"M\343\322\315\233C)\321\274\372\224\252\262+\004\005"
 463      9B4329D1 
 463      BCFA94AA 
 463      B22B0405 
 464 076c FB998926 		.ascii	"\373\231\211&\236\032)\004\324\005\314\243\306\224\356"
 464      9E1A2904 
 464      D405CCA3 
 464      C694EE
 465 077b 42AD634E 		.ascii	"B\255cN-b\314\227\235\361\351l\260\220\327\216b\306"
 465      2D62CC97 
 465      9DF1E96C 
 465      B090D78E 
 465      62C6
 466 078d 9CCECD2B 		.ascii	"\234\316\315+g\352\344\315\245\2041\207\363n\235\320"
 466      67EAE4CD 
 466      A5843187 
 466      F36E9DD0 
 467 079d BB0EC849 		.ascii	"\273\016\310I\022\220\023R@F\3522F\275H@\004\241\352"
 467      12901352 
 467      4046EA32 
 467      46BD4840 
 467      04A1EA
 468 07b0 F21E9C71 		.ascii	"\362\036\234q\356TKx\342**\205\362e\021\201{V\350\247"
 468      EE544B78 
 468      E22A2A85 
 468      F2651181 
 468      7B56E8A7 
 469 07c4 68246227 		.ascii	"h$b'\363\332\014\270\206E\"\246"
 469      F3DA0CB8 
 469      864522A6 
 470 07d0 77BC4275 		.ascii	"w\274Bu\357\344\264\317\004\341\356\3475\211\212-\342"
 470      EFE4B4CF 
 470      04E1EEE7 
 470      35898A2D 
 470      E2
 471 07e1 97BC7C47 		.ascii	"\227\274|GsZ\252\363+_%\2273\177)\213\354\231\352n\244"
 471      735AAAF3 
 471      2B5F2597 
 471      337F298B 
 471      EC99EA6E 
 472 07f6 BAE31BB4 		.ascii	"\272\343\033\264O\\\235{\353\264\036\351\331\0267\232"
 472      4F5C9D7B 
 472      EBB41EE9 
 472      D916379A 
 473 0806 766D4B5C 		.ascii	"vmK\\\201\034]\237\001\354_\361z\016\235\205)\373k\236"
 473      811C5D9F 
 473      01EC5FF1 
 473      7A0E9D85 
 473      29FB6B9E 
 474 081a 6D710983 		.ascii	"mq\011\203nqW\320[\262}\250O\217a\025\005\014T\306\002"
 474      6E7157D0 
 474      5BB27DA8 
 474      4F8F6115 
 474      050C54C6 
 475 082f 78BBF451 		.ascii	"x\273\364Q\257b\340\004\377P\026\277oH\374\316I\361"
 475      AF62E004 
ARM GAS  /tmp/ccLd3Khy.s 			page 38


 475      FF5016BF 
 475      6F48FCCE 
 475      49F1
 476 0841 7B30D9F9 		.ascii	"{0\331\371\300 \306o\276pE\266-\353M\"\201Je\261+\225"
 476      C020C66F 
 476      BE7045B6 
 476      2DEB4D22 
 476      814A65B1 
 477 0857 62779EC6 		.ascii	"bw\236\306\256\355BG1\306\035\256\253HY\024\025jEqA"
 477      AEED4247 
 477      31C61DAE 
 477      AB485914 
 477      156A4571 
 478 086c 1CE223D7 		.ascii	"\034\342#\327\016h\035\222\225\214\331?yn\206\227Gx"
 478      0E681D92 
 478      958CD93F 
 478      796E8697 
 478      4778
 479 087e 44B167AC 		.ascii	"D\261g\254\226\"<\177mh\204)\003\013U1e\373\201\376"
 479      96223C7F 
 479      6D688429 
 479      030B5531 
 479      65FB81FE 
 480 0892 C7DE8E32 		.ascii	"\307\336\2162\253a\314\203c\275\031:G\231\325\212\200"
 480      AB61CC83 
 480      63BD193A 
 480      4799D58A 
 480      80
 481 08a3 5A76772F 		.ascii	"Zvw/3\356\352H\230.Ja*k\233\030\324\213a\272_\211\213"
 481      33EEEA48 
 481      982E4A61 
 481      2A6B9B18 
 481      D48B61BA 
 482 08ba CB04BB1B 		.ascii	"\313\004\273\033\021A\345\2628\225Kq\272D\343T{\366"
 482      1141E5B2 
 482      38954B71 
 482      BA44E354 
 482      7BF6
 483 08cc EE80F8C6 		.ascii	"\356\200\370\306\363v\312\342\331\212/;[\221\016S|\331"
 483      F376CAE2 
 483      D98A2F3B 
 483      5B910E53 
 483      7CD9
 484 08de 614AC9C2 		.ascii	"aJ\311\302\243t\037\366\002 \220\367\241\213W\357\234"
 484      A3741FF6 
 484      022090F7 
 484      A18B57EF 
 484      9C
 485 08ef F5C6432C 		.ascii	"\365\306C,\310\371\221\303IZ<\311\0329\331\243\343\006"
 485      C8F991C3 
 485      495A3CC9 
 485      1A39D9A3 
 485      E306
 486 0901 3CC71A95 		.ascii	"<\307\032\225\315{#u8\322\2154\334:\263/\316\370 \177"
 486      CD7B2375 
 486      38D28D34 
 486      DC3AB32F 
ARM GAS  /tmp/ccLd3Khy.s 			page 39


 486      CEF8207F 
 487 0915 F8AD646F 		.ascii	"\370\255do\372]\0058\2764\2775\\\310}\233\306\250\011"
 487      FA5D0538 
 487      BE34BF35 
 487      5CC87D9B 
 487      C6A809
 488 0928 C0DE506C 		.ascii	"\300\336Pl?\330\321\302\342\331\300\265X\334P&\010\261"
 488      3FD8D1C2 
 488      E2D9C0B5 
 488      58DC5026 
 488      08B1
 489 093a 9E34218D 		.ascii	"\2364!\215.\344\351\351\000Sx\276\260*\327&\324\377"
 489      2EE4E9E9 
 489      005378BE 
 489      B02AD726 
 489      D4FF
 490 094c 17CDEA35 		.ascii	"\027\315\3525'\371%G\017\327b\344\346\257\252\213S\353"
 490      27F92547 
 490      0FD762E4 
 490      E6AFAA8B 
 490      53EB
 491 095e 8A43902B 		.ascii	"\212C\220+0\006\032x\362\354\006\333Z\241\026\336\037"
 491      30061A78 
 491      F2EC06DB 
 491      5AA116DE 
 491      1F
 492 096f B5025D07 		.ascii	"\265\002]\007j\346\245\243\206\257mw3\020n\242\321p"
 492      6AE6A5A3 
 492      86AF6D77 
 492      33106EA2 
 492      D170
 493 0981 B589BBA9 		.ascii	"\265\211\273\251\330\234\365\025\015dz\340V\246\221"
 493      D89CF515 
 493      0D647AE0 
 493      56A691
 494 0990 716CF677 		.ascii	"ql\366wN\033\272v\000\251\324\031\336\335\324\245x\367"
 494      4E1BBA76 
 494      00A9D419 
 494      DEDDD4A5 
 494      78F7
 495 09a2 B9A5F0E1 		.ascii	"\271\245\360\341\266T\237G\013b3u\270\217\331\216\032"
 495      B6549F47 
 495      0B623375 
 495      B88FD98E 
 495      1A
 496 09b3 6D48D0E3 		.ascii	"mH\320\343A\326(\310\335wT\213\307Y\343PwQ\266\247\372"
 496      41D628C8 
 496      DD77548B 
 496      C759E350 
 496      7751B6A7 
 497 09c8 9C7B9757 		.ascii	"\234{\227W\333\306\246\227\026\365{\342y\226\363\241"
 497      DBC6A697 
 497      16F57BE2 
 497      7996F3A1 
 498 09d8 6759E3DE 		.ascii	"gY\343\336$\347+\375Y\210\373\347\245\204@\302\333\300"
 498      24E72BFD 
 498      5988FBE7 
ARM GAS  /tmp/ccLd3Khy.s 			page 40


 498      A58440C2 
 498      DBC0
 499 09ea 40CFF209 		.ascii	"@\317\362\011\254\371?XE\354Z*\336\341B|1\201\375s\276"
 499      ACF93F58 
 499      45EC5A2A 
 499      DEE1427C 
 499      3181FD73 
 500 09ff CCFA3DC8 		.ascii	"\314\372=\310\337\035'\361o\315_\217\230\277\007\220"
 500      DF1D27F1 
 500      6FCD5F8F 
 500      98BF0790 
 501 0a0f B76EA02E 		.ascii	"\267n\240.\240\373\274\3540\253\346\177\031\034b\277"
 501      A0FBBCEC 
 501      30ABE67F 
 501      191C62BF 
 502 0a1f 53DDFE3B 		.ascii	"S\335\376;\364h\012\337x<S\354\205\374W\021\277aT>\237"
 502      F4680ADF 
 502      783C53EC 
 502      85FC5711 
 502      BF61543E 
 503 0a34 3784534D 		.ascii	"7\204SM\320\340P/\277J\326\253C-I\035\025\221&\250\036"
 503      D0E0502F 
 503      BF4AD6AB 
 503      432D491D 
 503      159126A8 
 504 0a49 029A3E07 		.ascii	"\002\232>\007\0320\332\032\213\231\321\033\313\030%"
 504      1A30DA1A 
 504      8B99D11B 
 504      CB1825
 505 0a58 535149DA 		.ascii	"SQI\332\244\026\307h\331\201\323\276\2228w\365\223\277"
 505      A416C768 
 505      D981D3BE 
 505      923877F5 
 505      93BF
 506 0a6a 7E5EE5E4 		.ascii	"~^\345\344\017\225|\025\227.\036\253\254!\373\277\271"
 506      0F957C15 
 506      972E1EAB 
 506      AC21FBBF 
 506      B9
 507 0a7b BD5E3849 		.ascii	"\275^8I\264\325_\004\005\230\306\032\366\350\264\006"
 507      B4D55F04 
 507      0598C61A 
 507      F6E8B406 
 508 0a8b DEE9E4F3 		.ascii	"\336\351\344\363\011\330\034T\024\350\351\205\202(\214"
 508      09D81C54 
 508      14E8E985 
 508      82288C
 509 0a9a 7344A5F1 		.ascii	"sD\245\361#\023nNJO\235\224\016\026]\315\324\311\253"
 509      23136E4E 
 509      4A4F9D94 
 509      0E165DCD 
 509      D4C9AB
 510 0aad FA9922F2 		.ascii	"\372\231\"\362\317\245\252>\267/\351\231\016\0273\343"
 510      CFA5AA3E 
 510      B72FE999 
 510      0E1733E3 
 511 0abd BDD7CBAA 		.ascii	"\275\327\313\252\265\256\224\320\020t\342\320\373\272"
ARM GAS  /tmp/ccLd3Khy.s 			page 41


 511      B5AE94D0 
 511      1074E2D0 
 511      FBBA
 512 0acb F242863B 		.ascii	"\362B\206;\256dzE\223\3663>\270\2165\246\223\317\235"
 512      AE647A45 
 512      93F6333E 
 512      B88E35A6 
 512      93CF9D
 513 0ade F1C08DAC 		.ascii	"\361\300\215\254\221xo\252\334\003\267\260\306\365\306"
 513      91786FAA 
 513      DC03B7B0 
 513      C6F5C6
 514 0aed 0766DCCE 		.ascii	"\007f\334\316\356\037\274(9\356\354\3748t1\241\360c"
 514      EE1FBC28 
 514      39EEECFC 
 514      387431A1 
 514      F063
 515 0aff F47ACA26 		.ascii	"\364z\312&\334\305t\222\257\304\016\032\234t&\235tZ"
 515      DCC57492 
 515      AFC40E1A 
 515      9C74269D 
 515      745A
 516 0b11 53EB572B 		.ascii	"S\353W+\016\003\024\256OI.d\325\364\254\307O\250il\233"
 516      0E0314AE 
 516      4F492E64 
 516      D5F4ACC7 
 516      4FA8696C 
 517 0b26 E9FF0F97 		.ascii	"\351\377\017\227\207\265\024\326\214X\352sPT\263\362"
 517      87B514D6 
 517      8C58EA73 
 517      5054B3F2 
 518 0b36 125FE8C4 		.ascii	"\022_\350\304{k\023\342\205\254\010Ll\243iQXm\0301\215"
 518      7B6B13E2 
 518      85AC084C 
 518      6CA36951 
 518      586D1831 
 519 0b4b D1356C50 		.ascii	"\3215lP\020\351\027\352\322b!\036HN\355\303+\325AM\252"
 519      10E917EA 
 519      D262211E 
 519      484EEDC3 
 519      2BD5414D 
 520 0b60 83222F55 		.ascii	"\203\"/Uy\327o\353p&;\276\357\035+~\341\343\024\264"
 520      79D76FEB 
 520      70263BBE 
 520      EF1D2B7E 
 520      E1E314B4 
 521 0b74 055016B0 		.ascii	"\005P\026\260<h\325s\035\031\006|\214)U\227\365\235"
 521      3C68D573 
 521      1D19067C 
 521      8C295597 
 521      F59D
 522 0b86 F076520A 		.ascii	"\360vR\012\307K\225\276\014/\276\253\230;#\260\334\025"
 522      C74B95BE 
 522      0C2FBEAB 
 522      983B23B0 
 522      DC15
 523 0b98 1B66A1D6 		.ascii	"\033f\241\326\304|5\220\304\243\305Ym\354\031\236e\013"
ARM GAS  /tmp/ccLd3Khy.s 			page 42


 523      C47C3590 
 523      C4A3C559 
 523      6DEC199E 
 523      650B
 524 0baa 0714141A 		.ascii	"\007\024\024\032\0050Q\330\345<\005\003\267=\305\235"
 524      053051D8 
 524      E53C0503 
 524      B73DC59D 
 525 0bba 0DDC7970 		.ascii	"\015\334ypxL\024_<Kw\204Lu\232\242\316F1\334(\022\373"
 525      784C145F 
 525      3C4B7784 
 525      4C759AA2 
 525      CE4631DC 
 526 0bd1 233B5034 		.ascii	"#;P4\226\245p\342\270;\313\010\000\246\031QC#\235\241"
 526      96A570E2 
 526      B83BCB08 
 526      00A61951 
 526      43239DA1 
 527 0be5 5F9D2F9C 		.ascii	"_\235/\234A+\325{\"\021r\321\023hv\214\365\353\361\035"
 527      412BD57B 
 527      221172D1 
 527      1368768C 
 527      F5EBF11D 
 528 0bf9 16E1A8AC 		.ascii	"\026\341\250\254\254b7\334\303\032C1%O\335\325\327\214"
 528      AC6237DC 
 528      C31A4331 
 528      254FDDD5 
 528      D78C
 529 0c0b DD586DCD 		.ascii	"\335Xm\315\030\230?\371H\203\2372\355\366\361\372\207"
 529      18983FF9 
 529      48839F32 
 529      EDF6F1FA 
 529      87
 530 0c1c 188FB1C6 		.ascii	"\030\217\261\306\235\347m\207\2353\027\017V\022\024"
 530      9DE76D87 
 530      9D33170F 
 530      561214
 531 0c2b 99ABED6E 		.ascii	"\231\253\355n\357\3078BG\225\222F\323\232\335\235\226"
 531      EFC73842 
 531      47959246 
 531      D39ADD9D 
 531      96
 532 0c3c CABD4E4A 		.ascii	"\312\275NJ\273\223\022\222=\344\351NT\304i\237\230n"
 532      BB931292 
 532      3DE4E94E 
 532      54C4699F 
 532      986E
 533 0c4e D4993934 		.ascii	"\324\23194\246\301q\314\270\353s\300d\354\374\242\325"
 533      A6C171CC 
 533      B8EB73C0 
 533      64ECFCA2 
 533      D5
 534 0c5f DC7FF189 		.ascii	"\334\177\361\211'Nb\252S\351\321\221\252\257i\373\001"
 534      274E62AA 
 534      53E9D191 
 534      AAAF69FB 
 534      01
ARM GAS  /tmp/ccLd3Khy.s 			page 43


 535 0c70 9A9A764B 		.ascii	"\232\232vK\362\235.\361\020\367\347\304X\316\376hw\361"
 535      F29D2EF1 
 535      10F7E7C4 
 535      58CEFE68 
 535      77F1
 536 0c82 E30FF9BE 		.ascii	"\343\017\371\276\223z``\024\343L\335r\033\2124\205\307"
 536      937A6060 
 536      14E34CDD 
 536      721B8A34 
 536      85C7
 537 0c94 59733351 		.ascii	"Ys3Q^8\233i\334\334\027\036\353<\224\016\001\026\245"
 537      5E389B69 
 537      DCDC171E 
 537      EB3C940E 
 537      0116A5
 538 0ca7 52EA89B4 		.ascii	"R\352\211\264=\212o\016\351\2120e\210a\322\327&\236"
 538      3D8A6F0E 
 538      E98A3065 
 538      8861D2D7 
 538      269E
 539 0cb9 7E4A177B 		.ascii	"~J\027{\177\331\202\017\233\274\362\223\327\343\204"
 539      7FD9820F 
 539      9BBCF293 
 539      D7E384
 540 0cc8 AC707859 		.ascii	"\254pxY\341\331\027\235\\,\377\242S\317/\371\000\364"
 540      E1D9179D 
 540      5C2CFFA2 
 540      53CF2FF9 
 540      00F4
 541 0cda 726D0E5D 		.ascii	"rm\016]\304!\376(\0163q\027\263\017y-\230z-Y \3421 "
 541      C421FE28 
 541      0E337117 
 541      B30F792D 
 541      987A2D59 
 542 0cf2 36C233F1 		.ascii	"6\3023\361\305u\320iG\321\372\005\033\033{\260\001\305"
 542      C575D069 
 542      47D1FA05 
 542      1B1B7BB0 
 542      01C5
 543 0d04 3A595FBA 		.ascii	":Y_\272\243h\335\225*T\205k\321\001\310N\222(-\345\333"
 543      A368DD95 
 543      2A54856B 
 543      D101C84E 
 543      92282DE5 
 544 0d19 A81CD4F7 		.ascii	"\250\034\324\367c1\003\002\0131\267\004\005\363Q\206"
 544      63310302 
 544      0B31B704 
 544      05F35186 
 545 0d29 623E165F 		.ascii	"b>\026_`3\006\204\017\245:\341\270\274\250\240\030\232"
 545      60330684 
 545      0FA53AE1 
 545      B8BCA8A0 
 545      189A
 546 0d3b 29D80F1D 		.ascii	")\330\017\035\304~\354#d\25684\263aX\036\006\312\002"
 546      C47EEC23 
 546      64AE3834 
 546      B361581E 
ARM GAS  /tmp/ccLd3Khy.s 			page 44


 546      06CA02
 547 0d4e 3A029407 		.ascii	":\002\224\007\224\011t\024(G>1\\\232y\215\205v\030\246"
 547      94097414 
 547      28473E31 
 547      5C9A798D 
 547      857618A6 
 548 0d62 A9017E69 		.ascii	"\251\001~i\247\217y\371\304\220\375\340\226m\311d\355"
 548      A78F79F9 
 548      C490FDE0 
 548      966DC964 
 548      ED
 549 0d73 E8BDF6BB 		.ascii	"\350\275\366\273\365N^\260#.\305(\306\3321E\327\307"
 549      F54E5EB0 
 549      232EC528 
 549      C6DA3145 
 549      D7C7
 550 0d85 6911910B 		.ascii	"i\021\221\013\310\226\316\234\376ZQp\344\225oQ6\237"
 550      C896CE9C 
 550      FE5A5170 
 550      E4956F51 
 550      369F
 551 0d97 C9E653D9 		.ascii	"\311\346S\331\214\275E\007\025/\274\303\212o\"\005L"
 551      8CBD4507 
 551      152FBCC3 
 551      8A6F2205 
 551      4C
 552 0da8 B680CA3E 		.ascii	"\266\200\312>\354\274xDq\334\257\212\241\220\312\326"
 552      ECBC7844 
 552      71DCAF8A 
 552      A190CAD6 
 553 0db8 C4BD28E4 		.ascii	"\304\275(\344\245m\222\375\333>\220\242\"L\276Y<?\225"
 553      A56D92FD 
 553      DB3E90A2 
 553      224CBE59 
 553      3C3F95
 554 0dcb 72C3470E 		.ascii	"r\303G\016\346\244\002x1\353\240\230vp\252=\343\236"
 554      E6A40278 
 554      31EBA098 
 554      7670AA3D 
 554      E39E
 555 0ddd B75CB64E 		.ascii	"\267\\\266N![\302d\311E\023\362n`\320\206\267\3362\302"
 555      215BC264 
 555      C94513F2 
 555      6E60D086 
 555      B7DE32C2 
 556 0df1 FFED664B 		.ascii	"\377\355fK\310\366`\263\345\213\365[\266\004\0317|\034"
 556      C8F660B3 
 556      E58BF55B 
 556      B6041937 
 556      7C1C
 557 0e03 F2C9B6F5 		.ascii	"\362\311\266\365\037}\364\2411\310\022\262\323l\011"
 557      1F7DF4A1 
 557      31C812B2 
 557      D36C09
 558 0e12 33FEDBC6 		.ascii	"3\376\333\306\015\037\374\375\373\357o0\356|\307\030"
 558      0D1FFCFD 
 558      FBEF6F30 
ARM GAS  /tmp/ccLd3Khy.s 			page 45


 558      EE7CC718 
 559 0e22 00222689 		.ascii	"\000\"&\211\361V\240\356\237\177\367\357\3536~\360\001"
 559      F156A0EE 
 559      9F7FF7EF 
 559      EB367EF0 
 559      01
 560 0e33 E71D1CB0 		.ascii	"\347\035\034\260\305\0046ML\311'`{\300\226\177yw\343"
 560      C504364D 
 560      4CC92760 
 560      7BC0967F 
 560      7977E3
 561 0e46 87B465B2 		.ascii	"\207\264e\262j\002\202\202,^\"\223\334\233\254\277\372"
 561      6A028282 
 561      2C5E2293 
 561      DC9BACBF 
 561      FA
 562 0e57 BE9D0773 		.ascii	"\276\235\007s\336\322=\353\306}G\310V\353\317MV\003"
 562      DED23DEB 
 562      C67D47C8 
 562      56EBCF4D 
 562      5603
 563 0e69 E9E7B390 		.ascii	"\351\347\263\220P\263\311\252\015\013\371\037\270h\002"
 563      50B3C9AA 
 563      0D0BF91F 
 563      B86802
 564 0e78 83032C6B 		.ascii	"\203\003,k\266\007\006\020\351\000\0231\003\242a\326"
 564      B6070610 
 564      E9001331 
 564      03A261D6 
 565 0e88 00EB8E30 		.ascii	"\000\353\2160\223u\245\342A`pH\220\311\312\277\317\351"
 565      9375A5E2 
 565      41607048 
 565      90C9CABF 
 565      CFE9
 566 0e9a 022CA13B 		.ascii	"\002,\241;\377q}(g\010\334f\261\232w\255\017}\217{E"
 566      FF717D28 
 566      6708DC66 
 566      B19A77AD 
 566      0F7D8F7B 
 567 0eaf 216A3107 		.ascii	"!j1\007\004\255 \235\375zW\210\365S\321\332\367\366"
 567      04AD209D 
 567      FD7A5788 
 567      F553D1DA 
 567      F7F6
 568 0ec1 2B90F355 		.ascii	"+\220\363U\364\362'K\210\325\374\252\202\265\331lu\340"
 568      F4F2274B 
 568      88D5FCAA 
 568      82B5D96C 
 568      75E0
 569 0ed3 FFD1D227 		.ascii	"\377\321\322'\201;,\026\363V+\270\274u\253y\313j\305"
 569      813B2C16 
 569      F3562BB8 
 569      BC75AB79 
 569      CB6AC5
 570 0ee6 E330B3C4 		.ascii	"\3430\263\304_%&\343\343\2000\253\331\362\2119\320\014"
 570      5F2526E3 
 570      E38030AB 
ARM GAS  /tmp/ccLd3Khy.s 			page 46


 570      D9F28939 
 570      D00C
 571 0ef8 B87EB23C 		.ascii	"\270~\262<v\306\337\360\021\204\236\272\375\341\347"
 571      76C6DFF0 
 571      11849EBA 
 571      FDE1E7
 572 0f07 9B378485 		.ascii	"\2337\204\205\231-\326\217\3036\273\231~\265m\333\226"
 572      992DD68F 
 572      C336BB99 
 572      7EB56DDB 
 572      96
 573 0f18 1F28AC7E 		.ascii	"\037(\254~f\011\330\032\026\032bu\267\356\372\374\013"
 573      6609D81A 
 573      161A6275 
 573      B7EEFAFC 
 573      0B
 574 0f29 AB39CC0D 		.ascii	"\2539\314\015\256;6\271[\304\226\205\264~\311\272\374"
 574      AE3B36B9 
 574      5BC49685 
 574      B47EC9BA 
 574      FC
 575 0f3a 6FB30540 		.ascii	"o\263\005@\0317\006\207|\036\362\373O\215\333\302\214"
 575      19370687 
 575      7C1EF2FB 
 575      4F8DDBC2 
 575      8C
 576 0f4b 5050C6ED 		.ascii	"PP\306\355\020\3700\343\247\237}\374\336\273F\002\000"
 576      10F830E3 
 576      A79F7DFC 
 576      DEBB4602 
 576      00
 577 0f5c 2C43B8A4 		.ascii	",C\270\244R\003p\200\304-(4\300\272\3137\314\032\372"
 577      52037080 
 577      C42D2834 
 577      C0BACB37 
 577      CC1AFA
 578 0f6f DEBB26B8 		.ascii	"\336\273&\2707\205Y!/\241&+y`\331\245\267\356\202k\350"
 578      37855921 
 578      2FA1262B 
 578      7960D9A5 
 578      B7EE826B 
 579 0f84 B620B38E 		.ascii	"\266 \263\216\224\007\310X\365\026\211\245\0073\254"
 579      9407C858 
 579      F51689A5 
 579      0733AC
 580 0f93 1AB5D660 		.ascii	"\032\265\326`\222M}`\260\211\335\351\330"
 580      924D7D60 
 580      B089DDE9 
 580      D8
 581 0fa0 C564F515 		.ascii	"\305d\365\025o,\346Mf\210k \224\223[\350\016\250\007"
 581      6F2CE64D 
 581      66886B20 
 581      94935BE8 
 581      0EA807
 582 0fb3 B76D7FDA 		.ascii	"\267m\177\332j\266\270\375q\207y\207Y\263\325\274\313"
 582      6AB6B8FD 
 582      71877987 
ARM GAS  /tmp/ccLd3Khy.s 			page 47


 582      59B3D5BC 
 582      CB
 583 0fc4 AA0365DA 		.ascii	"\252\003e\3322H7Py\333-\346\235\353]\371h\261\032C\266"
 583      32483750 
 583      79DB2DE6 
 583      9DEB5DF9 
 583      68B11A43 
 584 0fd9 066ED911 		.ascii	"\006n\331\021d6\006\006o\011\011\263\206\201C\304\014"
 584      64360606 
 584      6F0909B3 
 584      868143C4 
 584      0C
 585 0fea EDC09DFE 		.ascii	"\355\300\235\3765Y\177\372\027\251\207Zw\201\262\326"
 585      35597FFA 
 585      17A9875A 
 585      7781B2D6 
 586 0ffa 6CB16CB3 		.ascii	"l\261l\263\204\031"
 586      8419
 587 1000 C0B14D5B 		.ascii	"\300\261M[\0026C=j\003\267m\335\024\262\3311@YS\017"
 587      0236433D 
 587      6A03B76D 
 587      DD14B2D9 
 587      31405953 
 588 1015 A1DC48EF 		.ascii	"\241\334H\357\334H\031\231\211\002\2751Y1\334z\300c"
 588      DC481999 
 588      8902BD31 
 588      5931DC7A 
 588      C063
 589 1027 D3675F6C 		.ascii	"\323g_l7\177h\336\364\377\242Cnf"
 589      377F68DE 
 589      F4FFA243 
 589      6E66
 590              		.text
 591              		.section	.gnu.lto_.symtab.925d243988a8deed,"e",%progbits
 592 0000 70636139 		.ascii	"pca9544a_lld_read\000"
 592      35343461 
 592      5F6C6C64 
 592      5F726561 
 592      6400
 593 0012 00       		.ascii	"\000"
 594 0013 00       		.ascii	"\000"
 595 0014 00       		.ascii	"\000"
 596 0015 00000000 		.ascii	"\000\000\000\000\000\000\000\000"
 596      00000000 
 597 001d 0B010000 		.ascii	"\013\001\000\000"
 598 0021 70636139 		.ascii	"pca9544a_lld_write\000"
 598      35343461 
 598      5F6C6C64 
 598      5F777269 
 598      746500
 599 0034 00       		.ascii	"\000"
 600 0035 00       		.ascii	"\000"
 601 0036 00       		.ascii	"\000"
 602 0037 00000000 		.ascii	"\000\000\000\000\000\000\000\000"
 602      00000000 
 603 003f 11010000 		.ascii	"\021\001\000\000"
 604 0043 70636139 		.ascii	"pca9544a_lld_getintstatus\000"
ARM GAS  /tmp/ccLd3Khy.s 			page 48


 604      35343461 
 604      5F6C6C64 
 604      5F676574 
 604      696E7473 
 605 005d 00       		.ascii	"\000"
 606 005e 00       		.ascii	"\000"
 607 005f 00       		.ascii	"\000"
 608 0060 00000000 		.ascii	"\000\000\000\000\000\000\000\000"
 608      00000000 
 609 0068 17010000 		.ascii	"\027\001\000\000"
 610 006c 70636139 		.ascii	"pca9544a_lld_getcurrentchannel\000"
 610      35343461 
 610      5F6C6C64 
 610      5F676574 
 610      63757272 
 611 008b 00       		.ascii	"\000"
 612 008c 00       		.ascii	"\000"
 613 008d 00       		.ascii	"\000"
 614 008e 00000000 		.ascii	"\000\000\000\000\000\000\000\000"
 614      00000000 
 615 0096 20010000 		.ascii	" \001\000\000"
 616 009a 70636139 		.ascii	"pca9544a_lld_setchannel\000"
 616      35343461 
 616      5F6C6C64 
 616      5F736574 
 616      6368616E 
 617 00b2 00       		.ascii	"\000"
 618 00b3 00       		.ascii	"\000"
 619 00b4 00       		.ascii	"\000"
 620 00b5 00000000 		.ascii	"\000\000\000\000\000\000\000\000"
 620      00000000 
 621 00bd 27010000 		.ascii	"'\001\000\000"
 622 00c1 6170616C 		.ascii	"apalI2CMasterReceive\000"
 622      4932434D 
 622      61737465 
 622      72526563 
 622      65697665 
 623 00d6 00       		.ascii	"\000"
 624 00d7 02       		.ascii	"\002"
 625 00d8 00       		.ascii	"\000"
 626 00d9 00000000 		.ascii	"\000\000\000\000\000\000\000\000"
 626      00000000 
 627 00e1 30010000 		.ascii	"0\001\000\000"
 628 00e5 6170616C 		.ascii	"apalDbgAssertMsg\000"
 628      44626741 
 628      73736572 
 628      744D7367 
 628      00
 629 00f6 00       		.ascii	"\000"
 630 00f7 02       		.ascii	"\002"
 631 00f8 00       		.ascii	"\000"
 632 00f9 00000000 		.ascii	"\000\000\000\000\000\000\000\000"
 632      00000000 
 633 0101 3B010000 		.ascii	";\001\000\000"
 634 0105 6170616C 		.ascii	"apalI2CMasterTransmit\000"
 634      4932434D 
 634      61737465 
ARM GAS  /tmp/ccLd3Khy.s 			page 49


 634      72547261 
 634      6E736D69 
 635 011b 00       		.ascii	"\000"
 636 011c 02       		.ascii	"\002"
 637 011d 00       		.ascii	"\000"
 638 011e 00000000 		.ascii	"\000\000\000\000\000\000\000\000"
 638      00000000 
 639 0126 46010000 		.ascii	"F\001\000\000"
 640              		.text
 641              		.section	.gnu.lto_.opts,"e",%progbits
 642 0000 272D666E 		.ascii	"'-fno-openmp' '-fno-openacc' '-fno-pie' '-mcpu=cort"
 642      6F2D6F70 
 642      656E6D70 
 642      2720272D 
 642      666E6F2D 
 643 0033 65782D6D 		.ascii	"ex-m3' '-mthumb' '-mfloat-abi=soft' '-march=armv7-m"
 643      33272027 
 643      2D6D7468 
 643      756D6227 
 643      20272D6D 
 644 0066 2720272D 		.ascii	"' '-O2' '-fstack-usage' '-ffunction-sections' '-fda"
 644      4F322720 
 644      272D6673 
 644      7461636B 
 644      2D757361 
 645 0099 74612D73 		.ascii	"ta-sections' '-fno-common' '-flto' '-fshort-enums'\000"
 645      65637469 
 645      6F6E7327 
 645      20272D66 
 645      6E6F2D63 
 646              		.text
 647              		.comm	__gnu_lto_v1,1,1
 648              		.comm	__gnu_lto_slim,1,1
 649              		.ident	"GCC: (GNU Arm Embedded Toolchain 9-2020-q2-update) 9.3.1 20200408 (release)"
ARM GAS  /tmp/ccLd3Khy.s 			page 50


DEFINED SYMBOLS
                            *ABS*:0000000000000000 alld_PCA9544A.c
                            *COM*:0000000000000001 __gnu_lto_v1
                            *COM*:0000000000000001 __gnu_lto_slim

NO UNDEFINED SYMBOLS
