ARM GAS  /tmp/ccq0dAXl.s 			page 1


   1              		.cpu cortex-m3
   2              		.eabi_attribute 20, 1
   3              		.eabi_attribute 21, 1
   4              		.eabi_attribute 23, 3
   5              		.eabi_attribute 24, 1
   6              		.eabi_attribute 25, 1
   7              		.eabi_attribute 26, 1
   8              		.eabi_attribute 30, 2
   9              		.eabi_attribute 34, 1
  10              		.eabi_attribute 18, 4
  11              		.file	"alld_LTC4412.c"
  12              		.section	.gnu.lto_.profile.6a75fadc9e4cd951,"e",%progbits
  13 0000 789CE360 		.ascii	"x\234\343``\004B \000\000\000]\000\013"
  13      60044220 
  13      0000005D 
  13      000B
  14              		.text
  15              		.section	.gnu.lto_.icf.6a75fadc9e4cd951,"e",%progbits
  16 0000 789CE360 		.ascii	"x\234\343``d\020a@\000f\2067\177\366\177\346a\234r\345"
  16      60641061 
  16      40006686 
  16      377FF67F 
  16      E6619C72 
  17 0015 FF4E76A6 		.ascii	"\377Nv\246\275\337\177\375da\000\000q=\012\234"
  17      BDDF7FFD 
  17      64610000 
  17      713D0A9C 
  18              		.text
  19              		.section	.gnu.lto_.jmpfuncs.6a75fadc9e4cd951,"e",%progbits
  20 0000 789CE360 		.ascii	"x\234\343``d\270\310\314\300\020\317\000\001\314\014"
  20      6064B8C8 
  20      CCC010CF 
  20      0001CC0C 
  21 0010 4C8C8CCC 		.ascii	"L\214\214\314\365\363\231\031\200\230\221\205\201\201"
  21      F5F39919 
  21      80989185 
  21      8181
  22 001e F1000B23 		.ascii	"\361\000\013#\003\020\377\007\002~\0064>#\363tf\306"
  22      0310FF07 
  22      027E0634 
  22      3E23F374 
  22      66C6
  23 0030 BEE6F7F7 		.ascii	"\276\346\367\3678\372\230\34733120\356b\224\006a\016"
  23      38FA98E7 
  23      33333132 
  23      30EE6294 
  23      06610E
  24 0043 96026419 		.ascii	"\226\002d\031F\240\314n\240\014\\7#\003H\347\321W\217"
  24      46A0CC6E 
  24      A00C5C37 
  24      230348E7 
  24      D1578F
  25 0056 F7322932 		.ascii	"\3672)2\316o\230\2410\237\231\231\201q\017\243\"\\\305"
  25      CE6F98A1 
  25      309F9999 
  25      81710FA3 
  25      225CC5
ARM GAS  /tmp/ccq0dAXl.s 			page 2


  26 0069 1F88F930 		.ascii	"\037\210\3710\003A\312\327,\3708\203WQ\036\242\234\205"
  26      0341CAD7 
  26      2CF83883 
  26      57511EA2 
  26      9C85
  27 007b 81712F6E 		.ascii	"\201q/n\345L@\345/>\277Y\305\012\262\235\225\321\216"
  27      E54C40E5 
  27      2F3EBF59 
  27      C50AB29D 
  27      95D18E
  28 008e 711FA334 		.ascii	"q\037\2434X\255\035H=\003\232\363\200a\300\270\037\250"
  28      58AD1D48 
  28      3D039AF3 
  28      8061C0B8 
  28      1FA8
  29 00a0 8080F30E 		.ascii	"\200\200\363\016\220\346\274\203\370\235w\357\342\374"
  29      90E6BC83 
  29      F89D77EF 
  29      E2FC
  30 00ae 7888EB6C 		.ascii	"x\210\353l\031\017A]g\013v\035#R\024\260\341\211\002"
  30      190F415D 
  30      670B761D 
  30      235214B0 
  30      E18902
  31 00c1 46462664 		.ascii	"FF&d_\260\003}q\230Q\032(\264\255\363\355JN\210\020"
  31      5FB0037D 
  31      7198511A 
  31      28B4ADF3 
  31      ED4A4E88 
  32 00d6 23E31170 		.ascii	"#\343\021pl\020\343\277\243\244\371\357\030~\377\275"
  32      6C10E3BF 
  32      A3A4F9EF 
  32      187EFFBD 
  33 00e6 3FF52B12 		.ascii	"?\365+\022\342\277s\014\214\307\241\036<\307\000\366"
  33      E2BF730C 
  33      8CC7A11E 
  33      3CC700F6 
  34 00f6 2113920F 		.ascii	"!\023\222\0179\010'2\034\251\212\003\350\341\023\204"
  34      39082732 
  34      1CA98A03 
  34      E8E11384 
  35 0106 53D549D2 		.ascii	"S\325I\322\274u\012\277\267N\036z\366\217\005\342\257"
  35      BC750ABF 
  35      B74E1E7A 
  35      F68F05E2 
  35      AF
  36 0117 3B0C8CA7 		.ascii	";\014\214\247\241\376\272\303\000KW\304\004\364\031"
  36      A1FEBAC3 
  36      004B57C4 
  36      04F419
  37 0126 D25C7416 		.ascii	"\322\\t\026\277\213\346w\035j\340\202\270\3506\003\343"
  37      BF8BE677 
  37      1D6AE082 
  37      B8E83603 
  37      E3
  38 0137 39A88B6E 		.ascii	"9\250\213nC\\\304 \253Z\254\241Z\252i\245\220X\220\230"
  38      435CC420 
ARM GAS  /tmp/ccq0dAXl.s 			page 3


  38      AB5AACA1 
  38      5AAA69A5 
  38      90589098 
  39 014b E39294EE 		.ascii	"\343\222\224\356X\\\234ZT\242\220\226\230\231\223\232"
  39      585C9C5A 
  39      54A29096 
  39      9899939A 
  40 015b C2E0A0A7 		.ascii	"\302\340\240\247\247\017D\005\251E\231\005\031\251E"
  40      A70F4405 
  40      A9459905 
  40      19A945
  41 016a 95BA3939 		.ascii	"\225\27299)\372\216\276\231A\371\272>>.\372)E\231e\251"
  41      29FA8EBE 
  41      9941F9BA 
  41      3E3E2EFA 
  41      29459965 
  42 017f 45C5FA3E 		.ascii	"E\305\372>!\316&&\206F\372e\206\372\211@\025\361P\276"
  42      21CE2626 
  42      8646FA65 
  42      86FA8940 
  42      15F150BE 
  43 0193 5E320300 		.ascii	"^2\003\000\216S/C"
  43      8E532F43 
  44              		.text
  45              		.section	.gnu.lto_.inline.6a75fadc9e4cd951,"e",%progbits
  46 0000 789CB58E 		.ascii	"x\234\265\2161\016\2000\010E?\264*\213:\352\350\211"
  46      310E8030 
  46      08453FB4 
  46      2A8B3AEA 
  46      E889
  47 0012 7A0875F0 		.ascii	"z\010u\360\030\214\216=\222G\023j\3228\272\330&\237"
  47      188C8E3D 
  47      9247136A 
  47      D238BAD8 
  47      269F
  48 0024 57202F15 		.ascii	"W /\025\020fB=\0014\251\352\031\016b,6 \217\330ZO\303"
  48      1066423D 
  48      0134A9EA 
  48      190E622C 
  48      36208FD8 
  49 003b 0EC8030C 		.ascii	"\016\310\003\014\273\216\274!V\0227\304\336\202sB3\370"
  49      BB8EBC21 
  49      561237C4 
  49      DE827342 
  49      33F8
  50 004d CB006F24 		.ascii	"\313\000o$\214e\273\372\305\375Tz+\320Y\275\370\213"
  50      8C65BBFA 
  50      C5FD547A 
  50      2BD059BD 
  50      F88B
  51 005f 3FA79795 		.ascii	"?\247\227\225\177\3765no\255.\\"
  51      7FFE356E 
  51      6FAD2E5C 
  52              		.text
  53              		.section	.gnu.lto_.pureconst.6a75fadc9e4cd951,"e",%progbits
  54 0000 789CE360 		.ascii	"x\234\343``d\340b```f\230\305\3028\223\205i\026\013"
  54      6064E062 
ARM GAS  /tmp/ccq0dAXl.s 			page 4


  54      60606066 
  54      98C5C238 
  54      93856916 
  55 0015 000A9901 		.ascii	"\000\012\231\001\363"
  55      F3
  56              		.text
  57              		.section	.gnu.lto_ltc4412_lld_get_ctrl.6a75fadc9e4cd951,"e",%progbits
  58 0000 789C8D93 		.ascii	"x\234\215\223YH\224Q\024\307\357\377\273\337,\216\216"
  58      59489451 
  58      14C7EFFF 
  58      BBDF2C8E 
  58      8E
  59 0011 B6275930 		.ascii	"\266'Y0>\014\346C\216-/\005EQo\031D\004=\312\250S\015"
  59      3E0CE643 
  59      8E2D2F05 
  59      45516F19 
  59      44043DCA 
  60 0028 0C283353 		.ascii	"\014(3S\320\223\327\231dR\243\215\2261\030>\301\304"
  60      D093D799 
  60      6452A38D 
  60      9631183E 
  60      C1C4
  61 003a 0A530349 		.ascii	"\012S\003Ih\261\257\305\366\264\246\325\240\211\212"
  61      68B1AFC5 
  61      F6B4A6D5 
  61      A0898A
  62 0049 566CB385 		.ascii	"Vl\263\205\220\250\316\375\276\031\214\012j\230\271"
  62      90A8CEFD 
  62      BE198C0A 
  62      6A98B9
  63 0058 DC73EEF9 		.ascii	"\334s\356\371\235{\376\347\334\2613\260.\225\261Z\306"
  63      9D7BFEE7 
  63      DCB133B0 
  63      2E95B15A 
  63      C6
  64 0069 D80CFA81 		.ascii	"\330\014\372\2013(B\210\305\266:\273\002\030;a\007\253"
  64      33284288 
  64      C5B63ABB 
  64      02183B61 
  64      07AB
  65 007b 55508BED 		.ascii	"UP\213\355|\037\307\211\216\256\367\271\305\355t\"\364"
  65      7C1FC789 
  65      8EAEF7B9 
  65      C5ED7422 
  65      F4
  66 008c 7D5F8A23 		.ascii	"}_\212#\321\372|\2153\326L\340\334\002\224\0260\371"
  66      D1FA7C8D 
  66      33D64CE0 
  66      DC029416 
  66      30F9
  67 009e C1711453 		.ascii	"\301q\024Sl*\222\370\232\263\215k\034P\311\334}\245"
  67      6C2A92F8 
  67      9AB38D6B 
  67      1C50C9DC 
  67      7DA5
  68 00b0 E7B2439A 		.ascii	"\347\262C\232\012\\d\036\035\275\323\306\371R0\332\037"
  68      0A5C641E 
ARM GAS  /tmp/ccq0dAXl.s 			page 5


  68      1DBDD3C6 
  68      F95230DA 
  68      1F
  69 00c1 1849F63B 		.ascii	"\030I\366;\213\332\304\216\210\320o\347\357\027\272"
  69      8BDAC48E 
  69      88D06FE7 
  69      EF17BA
  70 00d0 AA718E53 		.ascii	"\252q\216S\3402\357I\024\340\004(3\371(w\037\212\210"
  70      E032EF49 
  70      14E00428 
  70      33F92877 
  70      1F8A88
  71 00e3 18E8FCD4 		.ascii	"\030\350\374\324\235\307\227\033tOg\375\316\2744=<\335"
  71      9DC7971B 
  71      744F67FD 
  71      CEBC343D 
  71      3CDD
  72 00f5 A4559CFE 		.ascii	"\244U\234\376\203&\241\320Q\304$\363\262^\034\311\342"
  72      8326A1D0 
  72      51C424F3 
  72      B25E1CC9 
  72      E2
  73 0106 2B0D3E16 		.ascii	"+\015>\026\213t\347\270[\015M\003\361\374HT\304\005"
  73      8B74E7B8 
  73      5B0D4D03 
  73      F1FC4854 
  73      C405
  74 0118 A5603863 		.ascii	"\245`8c\246\030\023&\243?w$\007-|\215A\0165\305GU\""
  74      A6181326 
  74      A33F7724 
  74      072D7C8D 
  74      410E35C5 
  75 012f 75BAF942 		.ascii	"u\272\371B|R4MZp\356o\344\223\243\337\3678\255*\316"
  75      7C52344D 
  75      5A70EE6F 
  75      E493A3DF 
  75      F738AD2A 
  76 0144 C38DB370 		.ascii	"\303\215\263p\313\246\311f\365\303Jc`J\306\337\225\264"
  76      CBA6C966 
  76      F5C34A63 
  76      604AC6DF 
  76      95B4
  77 0156 E8E2FB8F 		.ascii	"\350\342\373\217\230\320\237Om\254\034\007\252\334\252"
  77      98D09F4F 
  77      6DAC1C07 
  77      AADCAA
  78 0165 C885D362 		.ascii	"\310\205\323bSi\261[\244i\245%\313\006\331\020\007\244"
  78      5369B15B 
  78      A469A525 
  78      CB06D910 
  78      07A4
  79 0177 302733D2 		.ascii	"0'3\322\262&\316\244\026\025Bgl+WL\243\216\214\327\210"
  79      B226CEA4 
  79      16154267 
  79      6C2B574C 
  79      A38E8CD7 
  80 018c DE883DAC 		.ascii	"\336\210=\254\226W&8\022\334FUm\213\276K\331\345X8\030"
ARM GAS  /tmp/ccq0dAXl.s 			page 6


  80      96572638 
  80      12DC4655 
  80      6D8BBE4B 
  80      D9E55838 
  81 01a1 2E50A786 		.ascii	".P\247\206\021s\031E\321a\342\340\265\037Y\233\021\251"
  81      11731945 
  81      D161E2E0 
  81      B51F599B 
  81      11A9
  82 01b3 B36BDCD1 		.ascii	"\263k\334\321L\021\014\027\261\031\214h:\355\177\375"
  82      4C110C17 
  82      B1198C68 
  82      3AED7FFD 
  83 01c3 F4945258 		.ascii	"\364\224RX\241\211\270K\343\3312~\317\243\317\355N\031"
  83      A189B84B 
  83      E3D9327E 
  83      CFA3CFED 
  83      4E19
  84 01d5 1F17827C 		.ascii	"\037\027\202|9\270\204BS\340e\302(\240\243\345C\334"
  84      39B88442 
  84      53E065C2 
  84      28A0A3E5 
  84      43DC
  85 01e7 59A89888 		.ascii	"Y\250\230\210S\"\311\307\243\323\306\210\\\\\311\020"
  85      5322C9C7 
  85      A3D3C688 
  85      5C5CC910 
  86 01f7 574D2275 		.ascii	"WM\"uS+\227\345\345a!\256\241@\343\343L\031\317\362"
  86      532B97E5 
  86      E56121AE 
  86      A140E3E3 
  86      4C19CFF2 
  87 020b 4C194A82 		.ascii	"L\031J\202;~\225\241\222\214\353\377\2261`\312P\376"
  87      3B7E95A1 
  87      928CEBFF 
  87      963160CA 
  87      50FE
  88 021d 4FC660A6 		.ascii	"O\306`\246\250\033\377+\343f\206H\232\304\313\217\303"
  88      A81BFF2B 
  88      E3668648 
  88      9AC4CB8F 
  88      C3
  89 022e 872DA68E 		.ascii	"\207-\246\216E\270\225\321\0219\371\252\2415-D\376\275"
  89      45B895D1 
  89      1139F9AA 
  89      A1352D44 
  89      FEBD
  90 0240 F407DD43 		.ascii	"\364\007\335C\271mh\255\243\221\265\364\311\201\217"
  90      B96D68AD 
  90      A391B5F4 
  90      C9818F
  91 024f A7291963 		.ascii	"\247)\031c\221\227t\366\266\017:K;\305\016:\375\002"
  91      919774F6 
  91      B60F3A4B 
  91      3BC50E3A 
  91      FD02
  92 0261 8D4FC06D 		.ascii	"\215O\300m\264!n\276\243;(%\321\365.3\233\3637\331\023"
ARM GAS  /tmp/ccq0dAXl.s 			page 7


  92      B4216EBE 
  92      A33B2825 
  92      D1F52E33 
  92      9BF337D9 
  93 0276 9BB94241 		.ascii	"\233\271BAwM\331\362\256]CO.f\313Sa\224<\311x\177F\311"
  93      774DD9F2 
  93      AE5D434F 
  93      2E66CB53 
  93      61943CC9 
  94 028e F72848E3 		.ascii	"\367(H\343\223e}{_5F+\314\214\306\303\225\275\357\213"
  94      93657D7B 
  94      5F35462B 
  94      CC8CC6C3 
  94      95BDEF8B 
  95 02a2 C1F458C8 		.ascii	"\301\364X\310I\211\2165\2749\224%\245Y\000\334\247R"
  95      49898E35 
  95      BC399425 
  95      A55900DC 
  95      A752
  96 02b4 89FB9689 		.ascii	"\211\373\226\211\221a\322\221j\244\276\223\347w\221"
  96      9161D291 
  96      6AA4BE93 
  96      E77791
  97 02c3 B91A9F42 		.ascii	"\271\032\237B\0234F\3060Dr\210!\340l\312H \357$\344"
  97      133446C6 
  97      30447288 
  97      21E06CCA 
  97      4820EF24 
  98 02d8 C5C8D354 		.ascii	"\305\310\323T\366\374^\261\205\352\2620<\300|\366\026"
  98      F6FC5EB1 
  98      85EAB230 
  98      3CC07CF6 
  98      16
  99 02e9 9196AEAD 		.ascii	"\221\226\256\255\323\322je\007\2328\306\336=c\213KJ"
  99      D3D26A65 
  99      079A38C6 
  99      DE3D638B 
  99      4B4A
 100 02fb 3CF4ADF1 		.ascii	"<\364\255\361\005\3755\353}\301M\263\002\201*\317\222"
 100      05FD35EB 
 100      7DC14DB3 
 100      02812ACF 
 100      92
 101 030c 15FE55D5 		.ascii	"\025\376U\325\263\312\312\226y\252\202\376\215\276`"
 101      B3CACA96 
 101      79AA82FE 
 101      8DBE60
 102 031b C853B67A 		.ascii	"\310S\266z\351\274y\263\347x6\316\366x)\242<m\227T2"
 102      E9BC79B3 
 102      E77836CE 
 102      F67829A2 
 102      3C6D9754 
 103 0330 5B205C29 		.ascii	"[ \\)\267je8\030\260\206\302\336\360\206\220c]\215\277"
 103      B76A6538 
 103      18B086C2 
 103      DEF08690 
 103      635D8DBF 
ARM GAS  /tmp/ccq0dAXl.s 			page 8


 104 0344 BA5CEE7D 		.ascii	"\272\\\356}3\334\241\231\356\015\305\013\\\336\032o"
 104      33DCA199 
 104      EE0DC50B 
 104      5CDE1A6F 
 105 0354 6059C5BA 		.ascii	"`Y\305\272%\241\220/\030v\255\365\372\003\276*\366\023"
 105      25A1902F 
 105      1876ADF5 
 105      FA03BE2A 
 105      F613
 106 0366 DA949E41 		.ascii	"\332\224\236A"
 107              		.text
 108              		.section	.gnu.lto_ltc4412_lld_set_ctrl.6a75fadc9e4cd951,"e",%progbits
 109 0000 789C5D52 		.ascii	"x\234]RMHTQ\024>\337\273o\306\347\350h\265\252&a\\\210"
 109      4D485451 
 109      143EDFBB 
 109      6FC6E7E8 
 109      68B5AA26 
 110 0017 B9D0D172 		.ascii	"\271\320\321r\325J\321]\006\021mZ\305\244SML$3&\264"
 110      D54AD15D 
 110      06116D5A 
 110      C5A4534D 
 110      4C243326 
 111 002c F2CE680C 		.ascii	"\362\316h\014Q\230\213\3041\030\236Q\203\026\342OEE"
 111      51988BC4 
 111      31189E51 
 111      8316E24F 
 111      4545
 112 003e FEF4CACC 		.ascii	"\376\364\312\3144Q\221Z\324\302\350g\223\244V\030\204"
 112      3451915A 
 112      D4C2E867 
 112      93A45618 
 112      84
 113 004f 8476EE3C 		.ascii	"\204v\356<E\350\361\336\345\234{\276\357\334\363}\367"
 113      45E8F1DE 
 113      E59C7BBE 
 113      EFDCF37D 
 113      F7
 114 0060 19049AD3 		.ascii	"\031\004\232\323\210\316\023Q\036\177\020\004MJY\221"
 114      88CE1351 
 114      1E7F1004 
 114      4D4A5991 
 115 0070 11353420 		.ascii	"\02154 \035I\003\324\244\241\011\327E\207\300Po\377"
 115      1D4903D4 
 115      A4A109D7 
 115      4587C050 
 115      6FFF
 116 0082 8F9CA26E 		.ascii	"\217\234\242n\256H\253\343\211\363\336\300\234\024\246"
 116      AE48ABE3 
 116      89F3DEC0 
 116      9C14A6
 117 0091 20EA64E6 		.ascii	" \352d\346A\017J=\244\036<E\021\203\027b\311?\331\255"
 117      410F4A3D 
 117      A41E3C45 
 117      11831762 
 117      C93FD9AD 
 118 00a5 5C07744E 		.ascii	"\\\007tNoL=\234t\251T\203\227\323\301\265w)!\252@\034"
 118      6F4C3D9C 
ARM GAS  /tmp/ccq0dAXl.s 			page 9


 118      74A95483 
 118      97D3C1B5 
 118      772921AA 
 119 00bb DFF9353F 		.ascii	"\337\3715?\356.L\311\266\230\264\336\356\276)-\335\024"
 119      EE2E4CC9 
 119      B698B4DE 
 119      EEBE292D 
 119      DD14
 120 00cd 022310AA 		.ascii	"\002#\020\252\3570<\030\002w\346=\356=\212Bf\314\364"
 120      EF303C18 
 120      0277E63D 
 120      EE3D8A42 
 120      66CCF4
 121 00e0 AD0EE48A 		.ascii	"\255\016\344\212\303iv\337\2529\253o\262\277\356KH\013"
 121      C36976DF 
 121      AA39AB6F 
 121      B2BFEE4B 
 121      480B
 122 00f2 A6D0F1CC 		.ascii	"\246\320\361\314foN\305;\314\265PH\212\361yp\275\335"
 122      666F4EC5 
 122      3BCCB550 
 122      488AF179 
 122      70BDDD
 123 0105 EDD4D5D8 		.ascii	"\355\324\325\330j\334\347p\262\023D\375\363\016K\256"
 123      6ADCE770 
 123      B21344FD 
 123      F30E4BAE 
 124 0115 6FC4A5B5 		.ascii	"o\304\245\265\274\347V\312\235\005\24694^\234BE:/\031"
 124      BCE756CA 
 124      9D05A639 
 124      345E9C42 
 124      453A2F19 
 125 0129 0EA8090C 		.ascii	"\016\250\011\014\250^.R\332\351\252 e\210\016i\021]"
 125      A85E2E52 
 125      DAE9AA20 
 125      65880E69 
 125      115D
 126 013b 139A9D44 		.ascii	"\023\232\235D9YD\363\\|\351A\266:!)\220\024\016>\274"
 126      395944F3 
 126      5C7CE941 
 126      B63A2129 
 126      90140E3E 
 127 0150 B57965C1 		.ascii	"\265ye\301P>\010\020^\260\260\357\210{\3233p1\3313\275"
 127      503E0810 
 127      5EB0B0EF 
 127      887BD333 
 127      7031D933 
 128 0165 91D98258 		.ascii	"\221\331\202X\3240\205\321\311\010\302\030Z@\314\346"
 128      D43085D1 
 128      C908C218 
 128      5A40CCE6 
 129 0175 EAF8E297 		.ascii	"\352\370\342\227\021-\377\250)\023^Sd*|\373\307\337"
 129      112DFFA8 
 129      29135E53 
 129      642A7CFB 
 129      C7DF
 130 0187 DD6E854F 		.ascii	"\335n\205OH\311{.\274D\276\255g\234i\014\350\355\372"
ARM GAS  /tmp/ccq0dAXl.s 			page 10


 130      48C97B2E 
 130      BC44BEAD 
 130      679C690C 
 130      E8EDFA
 131 019a 9970E76B 		.ascii	"\231p\347k6%KQ\346?\255\355\335fd\343\325\026c\302f"
 131      36254B51 
 131      E63FADED 
 131      DD6664E3 
 131      D51663C2 
 132 01af AC4CAD9D 		.ascii	"\254L\255\235P\343\2711Cx\015\217)rXHl\370[\317\230"
 132      50E3B931 
 132      43780D8F 
 132      29725848 
 132      6CF85BCF 
 133 01c4 D316A231 		.ascii	"\323\026\2421\312\3720\360>'\205\333Q\026\333u_\231"
 133      CAFA30F0 
 133      3E2785DB 
 133      5116DB75 
 133      5F99
 134 01d6 94CBF2D2 		.ascii	"\224\313\362\322z\322w\362\270{\326]\332'\333\270z\316"
 134      7AD277F2 
 134      B87BD65D 
 134      DA27DBB8 
 134      7ACE
 135 01e8 143B3089 		.ascii	"\024;0\211\024\022\266\335S(U\316\214\306a\267\023I"
 135      1412B6DD 
 135      532855CE 
 135      8CC661B7 
 135      1349
 136 01fa 6130E5D1 		.ascii	"a0\345\321\225\245\273\231\352`\035\300\033\356\303"
 136      95A5BB99 
 136      EA601DC0 
 136      1BEEC3
 137 0209 87FEDDC2 		.ascii	"\207\376\335\302\350\014c\243.{\355\324\365\237U;;\005"
 137      E80C63A3 
 137      2E7BEDD4 
 137      F59F553B 
 137      3B05
 138 021b FFC798B6 		.ascii	"\377\307\230\266\255\322\030o\212]\264\214\330\026\236"
 138      ADD2186F 
 138      8A5DB48C 
 138      D8169E
 139 022a D2F784ED 		.ascii	"\322\367\204\355{\"\252()\361\361[\037\010\007\353\317"
 139      7B22AA28 
 139      29F1F15B 
 139      1F0807EB 
 139      CF
 140 023b 06C2978A 		.ascii	"\006\302\227\212C\241:_\345\221\340\261\013\30555\325"
 140      43A13A5F 
 140      E591E0B1 
 140      0BC53535 
 140      D5
 141 024c BEBA70B0 		.ascii	"\276\272p\2601\020\216\370j\216W\225\227\227\035\360"
 141      31108EF8 
 141      6A8E5795 
 141      97971DF0 
 142 025c 3596F9FC 		.ascii	"5\226\371\374\2148\271\231\227\324RF\250\241V\205zm"
ARM GAS  /tmp/ccq0dAXl.s 			page 11


 142      8C38B999 
 142      97D45246 
 142      A8A15685 
 142      7A6D
 143 026e 43389457 		.ascii	"C8\224W\020\331_p\261\350\220\327_\357\017U\237:S\031"
 143      10D95F70 
 143      B1E890D7 
 143      5FEF0F55 
 143      9F3A5319 
 144 0282 8904C20D 		.ascii	"\211\004\302\015\336\323\376`(PG\377\000\327$\000\247"
 144      DED3FE60 
 144      285047FF 
 144      00D72400 
 144      A7
 145              		.text
 146              		.section	.gnu.lto_ltc4412_lld_get_stat.6a75fadc9e4cd951,"e",%progbits
 147 0000 789C8D93 		.ascii	"x\234\215\223_h\323W\024\307\317\367w\177\371\323\264"
 147      5F68D357 
 147      14C7CFF7 
 147      777FF9D3 
 147      B4
 148 0011 896E7343 		.ascii	"\211nsC\314\204\364!\324>\330\324M\030\356I\321\267"
 148      CC84F421 
 148      D43ED8D4 
 148      4D18EE49 
 148      D1B7
 149 0023 7530C6C0 		.ascii	"u0\306\300GImt\201\200%\251\202O\275M\224L\273U\031"
 149      47496D74 
 149      818025A9 
 149      824FBD4D 
 149      944CBB55 
 150 0038 53D395F0 		.ascii	"S\323\225\360\353\326\225\256R\265\202[Am\375\255[\255"
 150      EBD695AE 
 150      52B5825B 
 150      416DFDAD 
 150      5BAD
 151 004a 756EEDA2 		.ascii	"un\355\242v\253\323\214U\330\246\370\267\240\214\"u"
 151      76ABD38C 
 151      55D8A6F8 
 151      B7A08C22 
 151      75
 152 005b E7FE6E43 		.ascii	"\347\376nC\207\012\032\222\313=\347\236\317\271\347"
 152      870A1A92 
 152      CB3DE79E 
 152      CFB9E7
 153 006a 7BCE8D97 		.ascii	"{\316\215\227@\337\230D\315D\264\234\177\020\004CJ\271"
 153      40DF9844 
 153      CD44B49C 
 153      7F100443 
 153      4AB9
 154 007c D6D3E235 		.ascii	"\326\323\3425\000g'\275\240f\003\315\330'\016\011\234"
 154      006727BD 
 154      A06603CD 
 154      D8270E09 
 154      9C
 155 008d EA3B762F 		.ascii	"\352;v/P\335\303'\322>4\343>\334?!\205%\210\332\231"
 155      50DDC327 
ARM GAS  /tmp/ccq0dAXl.s 			page 12


 155      D23E34E3 
 155      3EDC3F21 
 155      852588DA 
 156 00a2 7C3388DA 		.ascii	"|3\210\332 \251\017N\242\232\203\213\351\374\277\025"
 156      20A90F4E 
 156      A29A838B 
 156      E9FCBF15 
 157 00b2 6D7C0E98 		.ascii	"m|\016\230l~v\376\304\230O\231\006Bl\036\237\275\334"
 157      6C7E76FE 
 157      C4984F99 
 157      06426C1E 
 157      9FBDDC
 158 00c5 2DC47A10 		.ascii	"-\304z\020\357\277\232)\214\370\253\272\345\376\264"
 158      EFBF9A29 
 158      8CF8ABBA 
 158      E5FEB4
 159 00d4 B42F2DFD 		.ascii	"\264/-\375\\\332\246%\004\006!T\336\323\010\342\024"
 159      5CDAA625 
 159      04062154 
 159      DED308E2 
 159      14
 160 00e5 3833FB38 		.ascii	"83\3738\367\020\252\230\350\375r\272\303-\336q\350\311"
 160      F710AA98 
 160      E8FD72BA 
 160      C32DDE71 
 160      E8C9
 161 00f7 6B9F8CFA 		.ascii	"k\237\214\372\346\351[\257k\332\304\231\247hV\012\033"
 161      E6E95BAF 
 161      6BDAC499 
 161      A768560A 
 161      1B
 162 0108 55A4987F 		.ascii	"U\244\230\177v\313#e\342=\207\317f\323\375\025\341."
 162      76CB2365 
 162      E23D87CF 
 162      66D3FD15 
 162      E12E
 163 011a 47D45CC7 		.ascii	"G\324\\\307\322tF\346$\247 |\247S,\010S\321\017\372"
 163      D27446E6 
 163      24A7207C 
 163      A7532C08 
 163      53D10FFA 
 164 012e 0AE32EB1 		.ascii	"\012\343.\261\321!\247Zs\263&\2236\337\374\260cIf\236"
 164      D121A75A 
 164      73B32693 
 164      36DFFCB0 
 164      6349669E 
 165 0142 74E1FB67 		.ascii	"t\341\373g\221\323\307\347\016\370\335&~@\030\303\010"
 165      91D3C7E7 
 165      0EF8DD26 
 165      7E4018C3 
 165      08
 166 0153 ABA6A966 		.ascii	"\253\246\251f\215\300\315s \243\344?Vp\331r\356qV\332"
 166      8DC0CD73 
 166      20A3E43F 
 166      5670D972 
 166      EE7156DA 
 167 0167 93C12F7A 		.ascii	"\223\301/z\003\213\301\245\273\015\265\010^<&/^\227"
ARM GAS  /tmp/ccq0dAXl.s 			page 13


 167      038BC1A5 
 167      BB0DB508 
 167      5E3C262F 
 167      5E97
 168 0179 32DDBC94 		.ascii	"2\335\274\224y\240:\342\203R\346''/\265\012RbLH\233"
 168      79A03AE2 
 168      8352E627 
 168      272FB50A 
 168      52624C48 
 169 018e E8636168 		.ascii	"\350cah\243\205\215\233\310Ld\007\007*\324\245y\201"
 169      A3858D9B 
 169      C84C6407 
 169      072AD4A5 
 169      7981
 170 01a0 BCF0705D 		.ascii	"\274\360p]m\231\273E\257\032\214\000\341,\367\352\026"
 170      6D99BB45 
 170      AF1A8C00 
 170      E12CF7EA 
 170      16
 171 01b1 B221A72C 		.ascii	"\262!\247,>\314\177}\341q\331.\244[\274\226\360\265"
 171      3ECC7F7D 
 171      E171D92E 
 171      A45BBC96 
 171      F0B5
 172 01c3 73046114 		.ascii	"s\004a\024\273@L\363\351\310\315\353\203Fe\275%s!K\224"
 172      BB404CF3 
 172      E9C8CDEB 
 172      834665BD 
 172      2573214B 
 173 01d8 ABF8037F 		.ascii	"\253\370\003\177<\350\361\253\370\234\224\354\253\300"
 173      3CE8F1AB 
 173      F89C94EC 
 173      ABC0
 174 01e6 39546A89 		.ascii	"9Tj\211c\214q@_\347\375\234\277\322\320\210_!\205?g"
 174      638C7140 
 174      5FE7FD9C 
 174      BFD2D088 
 174      5F21853F 
 175 01fb 972D1001 		.ascii	"\227-\020\001\234/\021?j\302\332;,\235\207\263\010\277"
 175      9C2F113F 
 175      6AC2DA3B 
 175      2C9D87B3 
 175      08BF
 176 020d 132E2068 		.ascii	"\023. h\211\305Z\311\310[Z\210\221\027\276\377\0131"
 176      89C55AC9 
 176      C85B5A88 
 176      9117BEFF 
 176      0B31
 177 021f 59C84FCF 		.ascii	"Y\310O\317\027\362\263\026b\274\230\220\361RY\023/*"
 177      17F2B316 
 177      62BC9890 
 177      F1525913 
 177      2F2A
 178 0231 E4971251 		.ascii	"\344\227\022Q\320\304\330\360_s\246\026r\225p\261$$"
 178      D0C4D8F0 
 178      5F73A616 
 178      729570B1 
ARM GAS  /tmp/ccq0dAXl.s 			page 14


 178      2424
 179 0243 7DFAC699 		.ascii	"}\372\306\231\256EZ\211\372\223\331W\372\247\002\335"
 179      AE455A89 
 179      FA93D957 
 179      FAA702DD 
 180 0253 E86AE1B1 		.ascii	"\350j\341\261u\016\251\241\277\304\203r&\243n9:\320"
 180      750EA9A1 
 180      BFC48372 
 180      26A36E39 
 180      3AD0
 181 0265 33EEAF3D 		.ascii	"3\356\257=*\367\363\351CX\342e\\B7r\3721]F-\253\336"
 181      2AF7F3E9 
 181      4358E265 
 181      5C423772 
 181      FA315D46 
 182 027c 1DD2D9FC 		.ascii	"\035\322\331\374O\350~\245]\030\0344\251u\253\273>\235"
 182      4FE87EA5 
 182      5D181C34 
 182      A975ABBB 
 182      3E9D
 183 028e 9A1E2D57 		.ascii	"\232\036-W\247\322\251y\211\363\010\235\232\177\345"
 183      A7D2A979 
 183      89F3089D 
 183      9A7FE5
 184 029d 204BBCAA 		.ascii	" K\274\252\352;x\343\\\246^gt^\257j\376P\026\332\343"
 184      EA3B78E3 
 184      5CA65E67 
 184      745EAF6A 
 184      FE5016DA 
 185 02b2 622727FA 		.ascii	"b''\372v\317\355\3362\245\315\005\3407.\225\271G\245"
 185      76CFEDDE 
 185      32A5CD05 
 185      E0372E95 
 185      B947A5
 186 02c5 1815A61C 		.ascii	"\030\025\246\034\305\275\334x\366<)2`\211\327x\204\316"
 186      C5BDDC78 
 186      F63C2932 
 186      6089D778 
 186      84CE
 187 02d7 CC08532C 		.ascii	"\314\010S,\207\031\006\206\213N\002u'#\177\317\\/\226"
 187      87190686 
 187      8B4E0275 
 187      27237FCF 
 187      5C2F96
 188 02ea AF19901F 		.ascii	"\257\031\220\037q].\302\025\254\241;Hw\366\264-\233"
 188      715D2EC2 
 188      15ACA13B 
 188      4877F6B4 
 188      2D9B
 189 02fc 57AB3AD0 		.ascii	"W\253:\320*\260\360\366\211\326\326\324D\370\333\030"
 189      2AB0F0F6 
 189      89D6D6D4 
 189      44F8DB18 
 190 030c 4BC61B3F 		.ascii	"K\306\033?\214%w\256L$\032\"\353\336\215\277\277me]"
 190      8C2577AE 
 190      4C241A22 
 190      EBDE8DBF 
ARM GAS  /tmp/ccq0dAXl.s 			page 15


 190      BF6D655D 
 191 0320 DD864843 		.ascii	"\335\206HC2\276#\226LE\352>X\277z\365\2527\";VE\242"
 191      32BE2396 
 191      4C45EA3E 
 191      58BF7AF5 
 191      AA37223B 
 192 0337 1CB169DE 		.ascii	"\034\261i\336\256\331L\236D\323f\2655SM\321&\267Z\266"
 192      AED94C9E 
 192      44D366B5 
 192      35534DD1 
 192      26B75AB6 
 193 034b A77C5B1B 		.ascii	"\247|[\033\343\3336\251}ly8\265\"\274\275\372\355P\264"
 193      E3DB36A9 
 193      7D6C7938 
 193      B522BCBD 
 193      FAED50B4 
 194 035f 319AD850 		.ascii	"1\232\330P\277u]*\025K6\205\266D\343\211X\003\375\007"
 194      BF755D2A 
 194      154B3685 
 194      B644E389 
 194      5803FD07 
 195 0373 9F11A1CB 		.ascii	"\237\021\241\313"
 196              		.text
 197              		.section	.gnu.lto_.symbol_nodes.6a75fadc9e4cd951,"e",%progbits
 198 0000 789C75CD 		.ascii	"x\234u\315\275\015\203P\014\004\340;\373=\211-\262\012"
 198      BD0D8350 
 198      0C04E03B 
 198      FB3D892D 
 198      B20A
 199 0012 48D9CB14 		.ascii	"H\331\313\024\014\300<\324\324\231\203\204\244M\013"
 199      0CC03CD4 
 199      D4998384 
 199      A44D0B
 200 0021 E647A679 		.ascii	"\346G\246y\\e\335'\353*\020\177xd\242\241\365$\366/"
 200      5C65DD27 
 200      EB2A107F 
 200      7864A2A1 
 200      F524F62F 
 201 0035 C080A16D 		.ascii	"\300\200\241m\0347z\323xC\037\232\224\211_\232.g\036"
 201      1C377AD3 
 201      78431F9A 
 201      94895F9A 
 201      2E671E
 202 0048 3BC3076A 		.ascii	";\303\007j\227\231\226\312\362\243\345\242(\3221\363"
 202      979996CA 
 202      F2A3E5A2 
 202      28D231F3 
 203 0058 8CABA342 		.ascii	"\214\253\243B\217s\2442\2349J\211R\256'\211'\254>\265"
 203      8F73A432 
 203      9C394A89 
 203      52AE2789 
 203      27AC3EB5 
 204 006c 4E5F     		.ascii	"N_"
 205              		.text
 206              		.section	.gnu.lto_.refs.6a75fadc9e4cd951,"e",%progbits
 207 0000 789CE360 		.ascii	"x\234\343``\004B \000\000\000]\000\013"
 207      60044220 
ARM GAS  /tmp/ccq0dAXl.s 			page 16


 207      0000005D 
 207      000B
 208              		.text
 209              		.section	.gnu.lto_.decls.6a75fadc9e4cd951,"e",%progbits
 210 0000 789CA558 		.ascii	"x\234\245X[P\024W\032\356\277\317\000\3030 \0016\270"
 210      5B501457 
 210      1AEEBFCF 
 210      00C33020 
 210      0136B8
 211 0013 85499914 		.ascii	"\205I\231\024\017\331\332(1Z\265\225\247\350j\326\354"
 211      0FD9DA28 
 211      315AB595 
 211      A7E86AD6 
 211      EC
 212 0024 46F3B0D9 		.ascii	"F\363\260\331\274\354\013aa\012\251E\261`\264\262Oi"
 212      BCEC0B61 
 212      610AA945 
 212      B160B4B2 
 212      4F69
 213 0036 1D6E1A21 		.ascii	"\035n\032!\240\240\202r\021DP\024\301\013\312E\031@"
 213      A0A08272 
 213      11445014 
 213      C10BCA45 
 213      1940
 214 0048 01C10B72 		.ascii	"\001\301\013r\023\225\353(\202\242\242\211\012\012\302"
 214      1395EB28 
 214      82A2A289 
 214      0A0AC2
 215 0057 FEE79CEE 		.ascii	"\376\347\234\356\241\007\032v+i=\323}\376\376\376\333"
 215      A1071A76 
 215      2B693DD3 
 215      7DFEFEFE 
 215      DB
 216 0068 77FE734E 		.ascii	"w\376sN\037\364\002\010m^\202\220 \012\302\013\020\204"
 216      1FF40208 
 216      6D5E8290 
 216      200AC20B 
 216      1084
 217 007a 29BC7482 		.ascii	")\274t\202 \334\304\346\212\355*\266Vl\335\330\272\260"
 217      20DCC4E6 
 217      8AED2AB6 
 217      566CDDD8 
 217      BAB0
 218 008c D9B0FD13 		.ascii	"\331\260\375\023\333=l\003\330\036\011\374r\306\366"
 218      DB3D6C03 
 218      D81E09FC 
 218      72C6F6
 219 009b 161B411B 		.ascii	"\026\033A\033n\330\336\301\266\010\333\007 \314\272"
 219      6ED8DEC1 
 219      B608DB07 
 219      20CCBA
 220 00aa C651E64B 		.ascii	"\306Q\346K\357\330\320\265\340\243\362Cm\372\342\373"
 220      EFD8D0B5 
 220      E0A3F243 
 220      6DFAE2FB 
 221 00ba BF507D7C 		.ascii	"\277P}|\276\201m-p\337\335\262\377/\201\307\340\207"
 221      BE816D2D 
ARM GAS  /tmp/ccq0dAXl.s 			page 17


 221      70DFDDB2 
 221      FF2F81C7 
 221      E087
 222 00cc F746BCFF 		.ascii	"\367F\274\377\025\357\177\303\346\216\315\023x\354\324"
 222      15EF7FC3 
 222      E68ECD13 
 222      78ECD4
 223 00db 6D038D47 		.ascii	"m\003\215G\216k\221\034\323\314\313\005\363\366\326"
 223      8E6B911C 
 223      D3CCCB05 
 223      F3F6D6
 224 00ea 88E5DE8C 		.ascii	"\210\345\336\2148\376\237\030\276\302\266\030\034}\223"
 224      38FE9F18 
 224      BEC2B618 
 224      1C7D93
 225 00f9 7978F015 		.ascii	"yx\360\025\265yx\244\301\303\203_\301\303\220\314C\235"
 225      B57978A4 
 225      C1C3835F 
 225      C1C390CC 
 225      439D
 226 010b 1C8B1BCC 		.ascii	"\034\213\033\314\315\303>\002=\3333\306\214\211\004"
 226      CDC33E02 
 226      3DDB33C6 
 226      8C8904
 227 011a BC0CA0C3 		.ascii	"\274\014\240\303nJ\343\231+\006\354\372\030`1v\313\336"
 227      6E4AE399 
 227      2B06ECFA 
 227      18603176 
 227      CBDE
 228 012c 94F71A88 		.ascii	"\224\367\032\210\010\024\371z\357T*!F\366\334\236]\323"
 228      0814F97A 
 228      EF542A21 
 228      46F6DC9E 
 228      5DD3
 229 013e EA1C7042 		.ascii	"\352\034pB\342\227\376 \021\340\002\220i\253wcJ\022"
 229      E297FE20 
 229      11E00290 
 229      69AB7763 
 229      4A12
 230 0150 C13B597E 		.ascii	"\301;Y~/\001\367\015U\340\015\027!@\006\035\267Y\013"
 230      2F01F70D 
 230      55E00D17 
 230      2140061D 
 230      B7590B
 231 0163 DCC9B7CC 		.ascii	"\334\311\267\314`K\306\213x\203\242\020-+\200\025\310"
 231      604BC68B 
 231      7883A210 
 231      2D2B8015 
 231      C8
 232 0174 0C9DD4C2 		.ascii	"\014\235\324\302\262\004\203q\247$m\227\262-\222\353"
 232      B2048371 
 232      A7246D97 
 232      B22D92EB 
 233 0184 97508DAF 		.ascii	"\227P\215\257+\300\017\312\301\017\025j\300\310qUS{"
 233      2BC00FCA 
 233      C10F156A 
 233      C0C87155 
ARM GAS  /tmp/ccq0dAXl.s 			page 18


 233      537B
 234 0196 AB743C2D 		.ascii	"\253t<-=U;V=a\344iY\351\353\304\304\356{\006\022J]\223"
 234      3D553B56 
 234      3D61E469 
 234      59E9EBC4 
 234      C4EE7B06 
 235 01ae BE8EA325 		.ascii	"\276\216\243%\256\340\357\355\237C\255Zod~\274\177l"
 235      AEE0EFED 
 235      9F43AD5A 
 235      6F647EBC 
 235      7F6C
 236 01c0 4892762F 		.ascii	"H\222v/\244\326\3402\206P\357\340#\200\376T\320G\026"
 236      A4D6E032 
 236      8650EFE0 
 236      2380FE54 
 236      D04716
 237 01d3 6E12CD4F 		.ascii	"n\022\315O'\300%\004\3242@=\217\030\032\300\037\352"
 237      27C02504 
 237      D432403D 
 237      8F181AC0 
 237      1FEA
 238 01e5 C09F46CE 		.ascii	"\300\237F\316M\267,L\227\254\321\316\314n\245\266\335"
 238      4DB72C4C 
 238      97ACD1CE 
 238      CC6EA5B6 
 238      DD
 239 01f6 657E2CFC 		.ascii	"e~,\374\232\204\226\001gr\012\0307\317c'\236\271{\313"
 239      9A849601 
 239      67720A18 
 239      37CF6327 
 239      9EB97BCB 
 240 020a CEA21D9C 		.ascii	"\316\242\035\234\301\025\331\314\014\177\250\225\323"
 240      C115D9CC 
 240      0C7FA895 
 240      D3
 241 0217 76E29E9B 		.ascii	"v\342\236\233\232\251F\007oM\012S\215}/*E\005\027=\007"
 241      9AA94607 
 241      6F4D0A53 
 241      8D7D2F2A 
 241      4505173D 
 242 022c 0EAE8211 		.ascii	"\016\256\202\021\261\326\276\204\327\004i\\d\200)\300"
 242      B1D6BE84 
 242      D704695C 
 242      648029C0 
 243 023c 7EFDC893 		.ascii	"~\375\310\2236\340}j\352\241\265}X\257\217\245\246\244"
 243      36E07D6A 
 243      EAA1B57D 
 243      58AF8FA5 
 243      A6A4
 244 024e 5A892C14 		.ascii	"Z\211,\024`\271\037|B\255\334\000=\033D\270\216\206"
 244      60B91F7C 
 244      42ADDC00 
 244      3D1B44B8 
 244      8E86
 245 0260 AFA1615A 		.ascii	"\257\241aZO\275\007\013\235\211\225\347\330\3608\255"
 245      4FBD070B 
 245      9D8995E7 
ARM GAS  /tmp/ccq0dAXl.s 			page 19


 245      D8F038AD 
 246 0270 D0454315 		.ascii	"\320EC\025\2321A-\355\033\271\266^\275:\275\233\010"
 246      9A31412D 
 246      ED1BB9B6 
 246      5EBD3ABD 
 246      9B08
 247 0282 9A0EBB45 		.ascii	"\232\016\273EI\257$3\275\314\240NO\013\007\255,\275"
 247      49AF2433 
 247      BDCCA04E 
 247      4F0B07AD 
 247      2CBD
 248 0294 C1D8AB93 		.ascii	"\301\330\253\223.\274h\026\321\251qn0\313\335\020Oy"
 248      2EBC6816 
 248      D1A9716E 
 248      30CBDD10 
 248      4F79
 249 02a6 E72E503E 		.ascii	"\347.P>\255\331\016\006:f\320\306\343IJ(\351\025\271"
 249      ADD90E06 
 249      3A66D0C6 
 249      E3494A28 
 249      E915B9
 250 02b9 EE7BD8CD 		.ascii	"\356{\330\315\353\277hq\345\0057D\231j\037\273\360\306"
 250      EBBF6871 
 250      E5053744 
 250      996A1FBB 
 250      F0C6
 251 02cb 485A59B2 		.ascii	"HZY\262d\333\3167\267\011\030\374\000\215A<\3139W\235"
 251      64DBCE37 
 251      B70918FC 
 251      008D413C 
 251      CB39579D 
 252 02df 7327E67C 		.ascii	"s'\346|\233\232\277\203\200\273h?M\3223A\232\204\350"
 252      9B9ABF83 
 252      80BB683F 
 252      4DD23341 
 252      9A84E8
 253 02f2 673FB067 		.ascii	"g?\260gZ\305u\371\333\364^Ir\025\256\004*\207[\250\323"
 253      5AC575F9 
 253      DBF45E49 
 253      7215AE04 
 253      2A875BA8 
 254 0307 C122EC02 		.ascii	"\301\"\354\002/\036&#\342QOt\011Q\023\206\257U\351t"
 254      2F1E2623 
 254      E2514F74 
 254      09511386 
 254      AF55E974 
 255 031b 7322BA19 		.ascii	"s\"\272\031\021W\313\022\363\365<\231\317\261\373$q"
 255      1157CB12 
 255      F3F53C99 
 255      CFB1FB24 
 255      71
 256 032c DC794E1E 		.ascii	"\334yN\036ze\036z8\017\312L\363\222g\332\300\310@\241"
 256      7A651E7A 
 256      380FCA4C 
 256      F39267DA 
 256      C0C840A1 
 257 0340 3B2742A2 		.ascii	";'B\242\013L}}\\\377\202\2311\367\243\265>f\315Fc\356"
ARM GAS  /tmp/ccq0dAXl.s 			page 20


 257      0B4C7D7D 
 257      5CFF8299 
 257      31F7A3B5 
 257      3E66CD46 
 258 0356 6531D367 		.ascii	"e1\323gT\250\316\257\315\320)\225\021\375\277*\003\356"
 258      54A8CEAF 
 258      CDD02995 
 258      11FDBF2A 
 258      03EE
 259 0368 F1F93E5C 		.ascii	"\361\371>\\\3723!\235\274\266.\035-\335d\320\240\371"
 259      FA33219D 
 259      BCB62E1D 
 259      2DDD64D0 
 259      A0F9
 260 037a 3EB0CAA5 		.ascii	">\260\312\245S\307\256>\000\206y\013\371\201F)V\247"
 260      53C7AE3E 
 260      0086790B 
 260      F9814629 
 260      56A7
 261 038c 758EBB92 		.ascii	"u\216\273\222\021\356,\246\274\250M\263\220\007\321"
 261      11EE2CA6 
 261      BCA84DB3 
 261      9007D1
 262 039b 9B96B635 		.ascii	"\233\226\2665\345\354\204\213z\\\206\034\012\364\241"
 262      E5EC848B 
 262      7A5C861C 
 262      0AF4A1
 263 03aa 52C8E3C3 		.ascii	"R\310\343\303\203\321\240.d-\034<b\343w\250\273\257"
 263      83D1A02E 
 263      642D1C3C 
 263      62E377A8 
 263      BBAF
 264 03bc CAB51F79 		.ascii	"\312\265\037y\024\251\014v\272\202@\377\321\037\276"
 264      14A90C76 
 264      BA8240FF 
 264      D11FBE
 265 03cb B0D23BD0 		.ascii	"\260\322;\320g\220w\177v\001\275d\234 oi\212\214\337"
 265      6790777F 
 265      7601BD64 
 265      9C206F69 
 265      8A8CDF
 266 03de 941F2E13 		.ascii	"\224\037.\023e+\242\274\360\003\327\341\326YWe\232\277"
 266      652BA2BC 
 266      F003D7E1 
 266      D6595765 
 266      9ABF
 267 03f0 07F9BD62 		.ascii	"\007\371\275b\204+(\373\203\242(\213D\331\235Z\003f"
 267      842B28FB 
 267      83A2288B 
 267      44D99D5A 
 267      0366
 268 0402 453C6D50 		.ascii	"E<mP\260\033U.\260\357H\231o\023\262<l\320\267\015\013"
 268      B01B552E 
 268      B0EF4899 
 268      6F13B23C 
 268      6CD0B70D 
 269 0417 AF39F9B5 		.ascii	"\2579\371\265\277\000\277KZ,\360\215m\347\251n\003I"
ARM GAS  /tmp/ccq0dAXl.s 			page 21


 269      BF00BF4B 
 269      5A2CF08D 
 269      6DE7A96E 
 269      0349
 270 0429 13B5D730 		.ascii	"\023\265\3270f\346\251\306\300\315Z\262(\220\026\245"
 270      66E6A9C6 
 270      C0CD5AB2 
 270      289016A5 
 271 0439 1678D672 		.ascii	"\026x\326r5\3420z\317\224Q\276\3656a\267\207N\344\""
 271      35E2307A 
 271      CF9451BE 
 271      F53661B7 
 271      874EE422 
 272 044d D8A29B67 		.ascii	"\330\242\233g3\375\331ac\264\215\326-\231\265\177\322"
 272      33FDD961 
 272      63B48DD6 
 272      2D99B57F 
 272      D2
 273 045e DDC11156 		.ascii	"\335\301\021V_q\240h\201:\216_\034V\373\027J\034O;\223"
 273      5F71A068 
 273      813A8E5F 
 273      1C56FB17 
 273      4A1C4F3B 
 274 0473 73088B03 		.ascii	"s\010\213\003E\360\034X \261\227\223*\334\371\334\026"
 274      45F01C58 
 274      20B19793 
 274      2ADCF9DC 
 274      16
 275 0484 6995B537 		.ascii	"i\225\2657o\007>\265=\261[\031\373\262\211\316|_\334"
 275      6F073EB5 
 275      3DB15B19 
 275      FBB289CE 
 275      7C5FDC
 276 0497 1C28BAE3 		.ascii	"\034(\272\343\307=M.\274/\375\200\375\264\334\007_\221"
 276      C73D4D2E 
 276      BC2FFD80 
 276      FDB4DC07 
 276      5F91
 277 04a9 22CE726F 		.ascii	"\"\316ro~L9\360%\305qN\276\001\246@\347\344k\214j\214"
 277      7E4C39F0 
 277      25C5714E 
 277      BE01A640 
 277      E7E46B8C 
 278 04bf B3579FDC 		.ascii	"\263W\237\334\034\343\346\233\312\026\015\213\344)\302"
 278      1CE3E69B 
 278      CA160D8B 
 278      E429C2
 279 04ce 382E1AA3 		.ascii	"8.\032\243\370\376\025\213z\002|\005x\011:\036zJ\367"
 279      F8FE158B 
 279      7A027C05 
 279      78093A1E 
 279      7A4AF7
 280 04e1 538BCB87 		.ascii	"S\213\313\207\331R_\237d\235\272\361q\376\345X\251\031"
 280      D9525F9F 
 280      649DBAF1 
 280      71FEE558 
 280      A919
ARM GAS  /tmp/ccq0dAXl.s 			page 22


 281 04f3 1557321C 		.ascii	"\025W2\034<A\0072\035\364Y\200\307\270\316\3000.A(x"
 281      3C410732 
 281      1DF45980 
 281      C7B8CEC0 
 281      302E4128 
 282 0508 0B1FA281 		.ascii	"\013\037\242\201\362\223\307\343]\210D~\335\306\224"
 282      F293C7E3 
 282      5D88447E 
 282      DDC694
 283 0517 F3AAE90C 		.ascii	"\363\252\351\0140\346\246\360-\037A[\\\237\316N\246"
 283      30E6A6F0 
 283      2D1F415B 
 283      5C9FCE4E 
 283      A6
 284 0528 2432594B 		.ascii	"$2YK\341\303t\367\271s\332.bN\333D9\247\023\245\267"
 284      E1C374F7 
 284      B973DA2E 
 284      624EDB44 
 284      39A713A5 
 285 053d 73F5724E 		.ascii	"s\365rN\266\337\343W\004F#\211\024\004\223\252\204&"
 285      B6DFE357 
 285      04462389 
 285      140493AA 
 285      8426
 286 054f 67266411 		.ascii	"g&d\021iB{\244\323\2778\221T2O\201\307\210\2633\231"
 286      69427BA4 
 286      D3BF3891 
 286      54324F81 
 286      C788B333 
 287 0564 B5945120 		.ascii	"\265\224Q ]\306\264\300\263\226\261XQ]\340q\242\\Xi"
 287      5DC6B4C0 
 287      B396B158 
 287      515DE071 
 287      A25C5869 
 288 0578 A355456E 		.ascii	"\243UEn\214\013\024\311\364\224\264\226&\270\331\371"
 288      8C0B14C9 
 288      F494B496 
 288      26B8D9F9 
 289 0588 89E7FCE4 		.ascii	"\211\347\374\344\305\024n\231\233\236\235\224\236\035"
 289      C5146E99 
 289      9B9E9D94 
 289      9E1D
 290 0596 0A3D8519 		.ascii	"\012=\205\031\266\367dv\032\375\354\354 \006\242\305"
 290      B6F76476 
 290      1AFDECEC 
 290      2006A2C5 
 291 05a6 6976F0D9 		.ascii	"iv\360\331\221\235\037\031;\266\364K\305\036\344\030"
 291      919D1F19 
 291      3BB6F44B 
 291      C51EE418 
 292 05b6 67C7569D 		.ascii	"g\307V\235\022\357\254N\0037\004U\032\011J\032/\207"
 292      12EFAC4E 
 292      03370455 
 292      1A094A1A 
 292      2F87
 293 05c8 1A929C58 		.ascii	"\032\222\234X\310\011\3664\272\206z\016\3629C?\360\022"
 293      C809F634 
ARM GAS  /tmp/ccq0dAXl.s 			page 23


 293      BA867A0E 
 293      F239433F 
 293      F012
 294 05da 791A93E7 		.ascii	"y\032\223\347\257\344;\315\235G\022\315\343'%\217\314"
 294      AFE43BCD 
 294      9D4712CD 
 294      E327258F 
 294      CC
 295 05eb CCB6FB1E 		.ascii	"\314\266\373\0364\021I\262\216\214|4\3219$\305\033\030"
 295      341149B2 
 295      8E8C7C34 
 295      D13924C5 
 295      1B18
 296 05fd 0876A912 		.ascii	"\010v\251\022\301g>j\311,\201\035\243ym\0062\310\023"
 296      C1673E6A 
 296      C92C811D 
 296      A3796D06 
 296      32C813
 297 0610 88BFFFF2 		.ascii	"\210\277\377\362\202\233\262\333E\317\367Q\201\340\276"
 297      829BB2DB 
 297      45CFF751 
 297      81E0BE
 298 061f A735490E 		.ascii	"\2475I\016\337\004{Du\266)J\266\215\245{*\335YfL\204"
 298      DF047B44 
 298      75B6294A 
 298      B68DA57B 
 298      2ADD5966 
 299 0635 926B975B 		.ascii	"\222k\227[\367\273\2201\346\223T\037\276u\332\025\\"
 299      F7BB9031 
 299      E693541F 
 299      BE75DA15 
 299      5C
 300 0646 F9F74C1C 		.ascii	"\371\367L\034smI\302\263\210\342z/\306\276Ot\025`\277"
 300      736D49C2 
 300      B388E27A 
 300      2FC6BE4F 
 300      741560BF 
 301 065a E8076922 		.ascii	"\350\007i\"\377\236\241\002\366=\343\311\036\351z\322"
 301      FF9EA102 
 301      F63DE3C9 
 301      1EE97AD2 
 302 066a 70207E01 		.ascii	"p ~\001\363\202\002H\345\374u\226\014\336w\230\372\033"
 302      F3820248 
 302      E5FC7596 
 302      0CDE7798 
 302      FA1B
 303 067c DE55D177 		.ascii	"\336U\321w\200\322\227\256\320g\033\355\266\031d\372"
 303      80D297AE 
 303      D0671BED 
 303      B61964FA 
 304 068c 268F791E 		.ascii	"&\217y\036\262d\177D\021\260[\305\335n\205\273\203\214"
 304      B2647F44 
 304      11B05BC5 
 304      DD6E85BB 
 304      838C
 305 069e BB0B9579 		.ascii	"\273\013\225y\317\010\231\344\334uN\3558\302\247.\035"
 305      CF0899E4 
ARM GAS  /tmp/ccq0dAXl.s 			page 24


 305      DC754EED 
 305      38C2A72E 
 305      1D
 306 06af 753EA8ED 		.ascii	"u>\250\355\227.v9\331\0075\223\007\225\325\336m\021"
 306      972E7639 
 306      D9073593 
 306      0795D5DE 
 306      6D11
 307 06c1 E71ED46C 		.ascii	"\347\036\324l\032U\226\022\325\3633\315\037\310A\275"
 307      1A559612 
 307      D5F333CD 
 307      1FC841BD 
 308 06d1 7ABB3087 		.ascii	"z\2730\207\006\205\000\310P\005\225\241\004u\210\005"
 308      068500C8 
 308      500595A1 
 308      04758805 
 309 06e1 95B0EDC0 		.ascii	"\225\260\355\300*\222\254c1\235\252\035\275c${y\247"
 309      2A92AC63 
 309      319DAA1D 
 309      BD63247B 
 309      79A7
 310 06f3 386DB4DB 		.ascii	"8m\264\333\200\301@.S@I\321\361\361b\003\013\357\217"
 310      80C1402E 
 310      534049D1 
 310      F1F16203 
 310      0BEF8F
 311 0706 FCE4D063 		.ascii	"\374\344\320c99\354N28\276\253\330v\227\341\217\240"
 311      3939EC4E 
 311      3238BEAB 
 311      D87697E1 
 311      8FA0
 312 0718 B33C5107 		.ascii	"\263<Q\007\207\345\265gt\370\274N\336-\254\362\216\002"
 312      87E5B567 
 312      74F8BC4E 
 312      DE2DACF2 
 312      8E02
 313 072a F9F80E0A 		.ascii	"\371\370\016\012D\365n\261\253\177l\324\231\344qc\365"
 313      44F56EB1 
 313      AB7F6CD4 
 313      99E47163 
 313      F5
 314 073b 0329034E 		.ascii	"\003)\003N\032Jp\024\215;\352\355.\350\016P\227\325"
 314      1A4A7014 
 314      8D3BEAED 
 314      2EE80E50 
 314      97D5
 315 074d 3151BDC9 		.ascii	"1Q\275\311\024*eu\356\\\\\255;)\346\346\225\203\250"
 315      142A6575 
 315      EE5C5CAD 
 315      3B29E6E6 
 315      9583A8
 316 0760 0F3F882A 		.ascii	"\017?\210*{\215\017\337k\216\354K\035w\"g94\243\244"
 316      7B8D0FDF 
 316      6B8EEC4B 
 316      1D772267 
 316      3934A3A4 
 317 0774 F9A7055A 		.ascii	"\371\247\005Z_t'\305Y_t\010\257-L)0\222:\246KZ;\236"
ARM GAS  /tmp/ccq0dAXl.s 			page 25


 317      5F7427C5 
 317      595F7408 
 317      AF2D4C29 
 317      30923AA6 
 318 078c 186899D2 		.ascii	"\030h\231\322\257oZ\206\247E\203\300-Y\262\247KV`r8"
 318      AF6F5A86 
 318      A74583C0 
 318      2D59B2A7 
 318      4B566072 
 319 07a1 85F57A86 		.ascii	"\205\365z\206\325+B>a2\264\367\340\332d\246\221\\\343"
 319      D52B423E 
 319      6132B4F7 
 319      E0DA64A6 
 319      915CE3
 320 07b4 B154E4EF 		.ascii	"\261T\344\357\252q\322\212\345\254f,\327{\012&\214\244"
 320      AA71D28A 
 320      E5AC662C 
 320      D77B0A26 
 320      8CA4
 321 07c6 9FEB8E49 		.ascii	"\237\353\216I7\343\235\3100\357"
 321      37E39DC8 
 321      30EF
 322 07d0 5CA9CFAD 		.ascii	"\\\251\317\255\364\3202t^\323\320\313\236\254#@\336"
 322      F4D03274 
 322      5ED3D0CB 
 322      9EAC2340 
 322      DE
 323 07e1 305DA782 		.ascii	"0]\247\202\230\37247\360\367\267\037b;\206}\266[\262"
 323      98FA3437 
 323      F0F7B71F 
 323      623B867D 
 323      B65BB2
 324 07f4 0F39D390 		.ascii	"\0179\323\220\241\234V\032\216@\221(\347\206_\353e("
 324      A19C561A 
 324      8E409128 
 324      E7865FEB 
 324      6528
 325 0806 AF14FDE1 		.ascii	"\257\024\375\341\004fGO\2478\244=\303\342~)\376S\364"
 325      0466474F 
 325      A738A43D 
 325      C3E27E29 
 325      FE53F4
 326 0819 2530F872 		.ascii	"%0\370r;Z>\227r\323\327\207\027N\233.\3210],\233.\022"
 326      3B5A3E97 
 326      72D3D787 
 326      174E9B2E 
 326      D1305D2C 
 327 0830 9523B264 		.ascii	"\225#\262da\345b\267x\221\027\013T!\352\002\266\012"
 327      61E562B7 
 327      7891170B 
 327      5421EA02 
 327      B60A
 328 0842 517548AE 		.ascii	"QuH\256\033~\177\332\3769\015\373\245\262}\371\250\234"
 328      1B7E7FDA 
 328      FE390DFB 
 328      A5B27DF9 
 328      A89C
ARM GAS  /tmp/ccq0dAXl.s 			page 26


 329 0854 D499104A 		.ascii	"\324\231\020J\2468\207w\262\2364,\360\326\360\011V\331"
 329      A6388777 
 329      B29E342C 
 329      F0D6F009 
 329      56D9
 330 0866 90865B2C 		.ascii	"\220\206[,\212\344\273E\211F\360\366\367\237\343D_#"
 330      8AE4BB45 
 330      8946F0F6 
 330      F79FE344 
 330      5F23
 331 0878 6B5E42AD 		.ascii	"k^B\255Z{\260\310Y\307c\344Y\332\377\035T#\3428\372"
 331      5A7BB0C8 
 331      59C763E4 
 331      59DAFF1D 
 331      5423E238 
 332 088d A899491C 		.ascii	"\250\231I\034\373C\201\314\334\343\367\017Y\244\206"
 332      FB4381CC 
 332      DCE3F70F 
 332      59A486
 333 089c EFE80480 		.ascii	"\357\350\004\200\034\031\254}\376\217+M\317\321\315"
 333      1C19AC7D 
 333      FE8F2B4D 
 333      CFD1CD
 334 08ab 71E4A77F 		.ascii	"q\344\247\177\024\321\010\210\326bCS\235\303\037G.;"
 334      14D10888 
 334      D6624353 
 334      9DC31F47 
 334      2E3B
 335 08bd 38A863F3 		.ascii	"8\250c\363\216\336\350\236;~\372\274N\215\245\013\345"
 335      8EDEE89E 
 335      3B7EFABC 
 335      4E8DA50B 
 335      E5
 336 08ce 34B69E63 		.ascii	"4\266\236c\353\031\366QIK\276\250\306\332\034\216\216"
 336      EB19F651 
 336      494BBEA8 
 336      C6DA1C8E 
 336      8E
 337 08df 0D1CDBC0 		.ascii	"\015\034\333\300\260g\312&']\325\307\024\315\030\256"
 337      B067CA26 
 337      275DD5C7 
 337      14CD18AE 
 338 08ef 30ECC468 		.ascii	"0\354\304h\177\201\303f\233\344\020C#\30762lf\357\341"
 338      7F81C366 
 338      9BE41043 
 338      23C73632 
 338      6C66EFE1 
 339 0903 2E0F3536 		.ascii	".\01756\333\001\333\304\261\364\346\032\2729,\"0\330"
 339      DB01DBC4 
 339      B1F4E61A 
 339      BA392C22 
 339      30D8
 340 0915 1C19FEF9 		.ascii	"\034\031\376\371\322\245\001\370\177\263)2l\363\006"
 340      D2A501F8 
 340      7FB32932 
 340      6CF306
 341 0924 53E47F96 		.ascii	"S\344\177\226\204\207\207\004\254Z\037\366\367\210%"
ARM GAS  /tmp/ccq0dAXl.s 			page 27


 341      84878704 
 341      AC5A1FF6 
 341      F78825
 342 0933 EBD6AD09 		.ascii	"\353\326\255\011\010\211\014\333j\212\214\012X\367\217"
 342      08890CDB 
 342      6A8A8C0A 
 342      58F78F
 343 0942 D52B562C 		.ascii	"\325+V,\3734`\353\262\200 D\004\312\375\245\301\372"
 343      FB3460EB 
 343      B2802044 
 343      04CAFDA5 
 343      C1FA
 344 0954 B55F7FBB 		.ascii	"\265_\177\273x\365g\237\011\357\004m\016\012_\035\261"
 344      78F5679F 
 344      09EF046D 
 344      0E0A5F1D 
 344      B1
 345 0965 C91C1911 		.ascii	"\311\034\031\021\276\226Z7s'Q\346 \363\312\337\346d"
 345      BE965A37 
 345      732751E6 
 345      20F3CADF 
 345      E664
 346 0977 83E02E3F 		.ascii	"\203\340.?\256aH\257ps0\355\005R\020M\"\320\254\013"
 346      AE6148AF 
 346      707330ED 
 346      0552104D 
 346      22D0AC0B 
 347 098b DE1014F9 		.ascii	"\336\020\024\371\356\214\020\276A\327\246@\263\003\234"
 347      EE8C10BE 
 347      41D7A640 
 347      B3039C
 348 099a 86136816 		.ascii	"\206\023h\026W\010\372\240\310\215[\377\264d\243`\010"
 348      5708FAA0 
 348      C88D5BFF 
 348      B464A360 
 348      08
 349 09ab 8E88349B 		.ascii	"\216\2104\233\276_\262q\271\340\243F\206\232\314\314"
 349      BE5FB271 
 349      B9E0A346 
 349      869ACCCC 
 350 09bb B827B5FA 		.ascii	"\270'\265\372\305\367afjnKT\340o\315&\330\321M\224\354"
 350      C5F76166 
 350      6A6E4B54 
 350      E06FCD26 
 350      D8D14D94 
 351 09d0 66966F1A 		.ascii	"f\226o\032\251\327\214\214\326\232\314\177\230\337;"
 351      A9D78C8C 
 351      D69ACC7F 
 351      98DF3B
 352 09df 97AF5A87 		.ascii	"\227\257Z\207\244\261\300\327\374+tUT\224)\322\274>"
 352      A4B1C0D7 
 352      FC2B7455 
 352      549429D2 
 352      BC3E
 353 09f1 2AD429F0 		.ascii	"*\324)\360\317\021\021\3413m~c2\353\350H9o\016\012\376"
 353      CF1111E1 
 353      336D7E63 
ARM GAS  /tmp/ccq0dAXl.s 			page 28


 353      32EBE848 
 353      396F0E0A 
 354 0a06 B729C425 		.ascii	"\267)\304%(<,t\223)\304@a| u\033M\346 O\245\277*\330"
 354      283C2C74 
 354      9329C440 
 354      617C2075 
 354      1B4DE620 
 355 0a1f 8C09069A 		.ascii	"\214\011\006\232\235\203\330\203\267\"_\023\026iBI\304"
 355      9D83D883 
 355      B7225F13 
 355      16694249 
 355      C4
 356 0a30 261CF910 		.ascii	"&\034\371\020\345\331Cy\373EH(\352\350Lx\263\313\326"
 356      E5D94379 
 356      FB454828 
 356      EAE84C78 
 356      B3CBD6
 357 0a43 A3D940F3 		.ascii	"\243\331@\363\177\001\264\352.\311"
 357      7F01B4EA 
 357      2EC9
 358              		.text
 359              		.section	.gnu.lto_.symtab.6a75fadc9e4cd951,"e",%progbits
 360 0000 6C746334 		.ascii	"ltc4412_lld_get_ctrl\000"
 360      3431325F 
 360      6C6C645F 
 360      6765745F 
 360      6374726C 
 361 0015 00       		.ascii	"\000"
 362 0016 00       		.ascii	"\000"
 363 0017 00       		.ascii	"\000"
 364 0018 00000000 		.ascii	"\000\000\000\000\000\000\000\000"
 364      00000000 
 365 0020 FD000000 		.ascii	"\375\000\000\000"
 366 0024 6C746334 		.ascii	"ltc4412_lld_set_ctrl\000"
 366      3431325F 
 366      6C6C645F 
 366      7365745F 
 366      6374726C 
 367 0039 00       		.ascii	"\000"
 368 003a 00       		.ascii	"\000"
 369 003b 00       		.ascii	"\000"
 370 003c 00000000 		.ascii	"\000\000\000\000\000\000\000\000"
 370      00000000 
 371 0044 03010000 		.ascii	"\003\001\000\000"
 372 0048 6C746334 		.ascii	"ltc4412_lld_get_stat\000"
 372      3431325F 
 372      6C6C645F 
 372      6765745F 
 372      73746174 
 373 005d 00       		.ascii	"\000"
 374 005e 00       		.ascii	"\000"
 375 005f 00       		.ascii	"\000"
 376 0060 00000000 		.ascii	"\000\000\000\000\000\000\000\000"
 376      00000000 
 377 0068 0B010000 		.ascii	"\013\001\000\000"
 378 006c 6170616C 		.ascii	"apalControlGpioGet\000"
 378      436F6E74 
ARM GAS  /tmp/ccq0dAXl.s 			page 29


 378      726F6C47 
 378      70696F47 
 378      657400
 379 007f 00       		.ascii	"\000"
 380 0080 02       		.ascii	"\002"
 381 0081 00       		.ascii	"\000"
 382 0082 00000000 		.ascii	"\000\000\000\000\000\000\000\000"
 382      00000000 
 383 008a 11010000 		.ascii	"\021\001\000\000"
 384 008e 6170616C 		.ascii	"apalDbgAssertMsg\000"
 384      44626741 
 384      73736572 
 384      744D7367 
 384      00
 385 009f 00       		.ascii	"\000"
 386 00a0 02       		.ascii	"\002"
 387 00a1 00       		.ascii	"\000"
 388 00a2 00000000 		.ascii	"\000\000\000\000\000\000\000\000"
 388      00000000 
 389 00aa 1C010000 		.ascii	"\034\001\000\000"
 390 00ae 6170616C 		.ascii	"apalControlGpioSet\000"
 390      436F6E74 
 390      726F6C47 
 390      70696F53 
 390      657400
 391 00c1 00       		.ascii	"\000"
 392 00c2 02       		.ascii	"\002"
 393 00c3 00       		.ascii	"\000"
 394 00c4 00000000 		.ascii	"\000\000\000\000\000\000\000\000"
 394      00000000 
 395 00cc 21010000 		.ascii	"!\001\000\000"
 396              		.text
 397              		.section	.gnu.lto_.opts,"e",%progbits
 398 0000 272D666E 		.ascii	"'-fno-openmp' '-fno-openacc' '-fno-pie' '-mcpu=cort"
 398      6F2D6F70 
 398      656E6D70 
 398      2720272D 
 398      666E6F2D 
 399 0033 65782D6D 		.ascii	"ex-m3' '-mthumb' '-mfloat-abi=soft' '-march=armv7-m"
 399      33272027 
 399      2D6D7468 
 399      756D6227 
 399      20272D6D 
 400 0066 2720272D 		.ascii	"' '-O2' '-fstack-usage' '-ffunction-sections' '-fda"
 400      4F322720 
 400      272D6673 
 400      7461636B 
 400      2D757361 
 401 0099 74612D73 		.ascii	"ta-sections' '-fno-common' '-flto' '-fshort-enums'\000"
 401      65637469 
 401      6F6E7327 
 401      20272D66 
 401      6E6F2D63 
 402              		.text
 403              		.comm	__gnu_lto_v1,1,1
 404              		.comm	__gnu_lto_slim,1,1
 405              		.ident	"GCC: (GNU Arm Embedded Toolchain 9-2020-q2-update) 9.3.1 20200408 (release)"
ARM GAS  /tmp/ccq0dAXl.s 			page 30


ARM GAS  /tmp/ccq0dAXl.s 			page 31


DEFINED SYMBOLS
                            *ABS*:0000000000000000 alld_LTC4412.c
                            *COM*:0000000000000001 __gnu_lto_v1
                            *COM*:0000000000000001 __gnu_lto_slim

NO UNDEFINED SYMBOLS
