ARM GAS  /tmp/ccOvBXvK.s 			page 1


   1              		.cpu cortex-m3
   2              		.eabi_attribute 20, 1
   3              		.eabi_attribute 21, 1
   4              		.eabi_attribute 23, 3
   5              		.eabi_attribute 24, 1
   6              		.eabi_attribute 25, 1
   7              		.eabi_attribute 26, 1
   8              		.eabi_attribute 30, 2
   9              		.eabi_attribute 34, 1
  10              		.eabi_attribute 18, 4
  11              		.file	"aos_time.c"
  12              		.section	.gnu.lto_.profile.a97aeadc89244818,"e",%progbits
  13 0000 789CE360 		.ascii	"x\234\343``\004B \000\000\000]\000\013"
  13      60044220 
  13      0000005D 
  13      000B
  14              		.text
  15              		.section	.gnu.lto_.icf.a97aeadc89244818,"e",%progbits
  16 0000 789CE360 		.ascii	"x\234\343``d\340`@\000F\206\336\251g\25633\000\000\015"
  16      6064E060 
  16      40004686 
  16      DEA967AE 
  16      33330000 
  17 0015 8802DB   		.ascii	"\210\002\333"
  18              		.text
  19              		.section	.gnu.lto_.jmpfuncs.a97aeadc89244818,"e",%progbits
  20 0000 789CE360 		.ascii	"x\234\343``d\320ef`0g\200\000F\006fFFF\366\372\371\314"
  20      6064D065 
  20      66603067 
  20      80004606 
  20      66464646 
  21 0018 0C40CC08 		.ascii	"\014@\314\010\242\231\230\24633N\\sK\257\217y>3\023"
  21      A29998A6 
  21      33334E5C 
  21      734BAF8F 
  21      793E3313 
  22 002c 631DE32E 		.ascii	"c\035\343.Fi\006\306\003,\214u@\314\300\300\301\014"
  22      466906C6 
  22      032C8C75 
  22      40CCC0C0 
  22      C10C
  23 003e 946E6A5E 		.ascii	"\224nj^\277\210\327@o>3\363bf\206\031\314`\223v3\032"
  23      BF88D740 
  23      6F3E33F3 
  23      62668619 
  23      CC609376 
  24 0054 80953100 		.ascii	"\200\2251\000\361\217\377\377\377\3633\202T\3665\277"
  24      F18FFFFF 
  24      FFF33382 
  24      54F635BF 
  25 0064 BFC70132 		.ascii	"\277\307\0012\011(\301\270\207Q\032\204A\342\037\356"
  25      0928C1B8 
  25      87511A84 
  25      41E21FEE 
  26 0074 AFFCC8AE 		.ascii	"\257\374\310\256\3108\277a\206\302|fV\006\306\275\214"
  26      C838BF61 
  26      86C27C66 
ARM GAS  /tmp/ccOvBXvK.s 			page 2


  26      5606C6BD 
  26      8C
  27 0085 8A70DD7F 		.ascii	"\212p\335\177 \272\221\225\277~xv\013\207\242,D9\033"
  27      20BA9195 
  27      BF7E7876 
  27      0B87A22C 
  27      44391B
  28 0098 03E33EDC 		.ascii	"\003\343>\334\312A\316\377\367q\367<N\220\255\354\214"
  28      CA41CEFF 
  28      F771F73C 
  28      4E90ADEC 
  28      8C
  29 00a9 871918F7 		.ascii	"\207\031\030\367C=p\230\001\213\0178\300>\000\0123\000"
  29      433D7098 
  29      018B0F38 
  29      C03E000A 
  29      3300
  30 00bb 45379F9B 		.ascii	"E7\237\233}\207\015$\312\311x\200\321`\0063\023\310"
  30      7D870D24 
  30      CAC97880 
  30      D1600633 
  30      13C8
  31 00cd 6307A11E 		.ascii	"c\007\241\036cAx\014\237O\016\221\346\223\303x|\202"
  31      6341780C 
  31      9F4F0E91 
  31      E693C378 
  31      7C82
  32 00df EE722626 		.ascii	"\356r&&b#\343\010fd\340s\363Q\322\334|\014\177\350/"
  32      6223E308 
  32      6664E073 
  32      F351D2DC 
  32      7C0C7FE8 
  33 00f4 6E393899 		.ascii	"n98\231\007\022\372\207\030\030\217C]|\210\224\320?"
  33      0712FA87 
  33      18188F43 
  33      5D7C8894 
  33      D03F
  34 0106 010FFD93 		.ascii	"\001\017\375\223\244\205\376)\322|r\032_\350\243\271"
  34      A485FE29 
  34      D27C721A 
  34      5FE8A3B9 
  35 0116 9C415AB5 		.ascii	"\234AZ\265XC\265T\323J!1\277\330%)\3359#59[!-13'5\205"
  35      5843B554 
  35      D34A2131 
  35      BFD82529 
  35      DD392335 
  36 0133 414A4F4F 		.ascii	"AJOO\037\210\222\363\213R\365\213\213\222\365\201J\342"
  36      1F8892F3 
  36      8B52F58B 
  36      8B92F581 
  36      4AE2
  37 0145 4B327353 		.ascii	"K2sS\365\222\031\000\323I\365Z"
  37      F5921900 
  37      D349F55A 
  38              		.text
  39              		.section	.gnu.lto_.inline.a97aeadc89244818,"e",%progbits
  40 0000 789C7D8E 		.ascii	"x\234}\216=\012\302P\020\204g\366\031Y\374\343\3656"
ARM GAS  /tmp/ccOvBXvK.s 			page 3


  40      3D0AC250 
  40      108467F6 
  40      1959FCE3 
  40      F536
  41 0012 39427A1B 		.ascii	"9Bz\033\317\242Q,\024<\302\006\313\200\255e@\360\022"
  41      CFA2512C 
  41      143CC206 
  41      CB80AD65 
  41      40F012
  42 0025 6A61E7B5 		.ascii	"ja\347\265\334\367\004\323\271\305\316\307\314\024\243"
  42      DCF704D3 
  42      B9C5CEC7 
  42      CC14A3
  43 0034 20DEE88F 		.ascii	" \336\350\217\300\2421{\206\035\013\352\341\022xk\257"
  43      C0A2317B 
  43      861D0BEA 
  43      E112786B 
  43      AF
  44 0045 8FE93974 		.ascii	"\217\3519t\201\024\3369\007u\237\025\321\313T\177\222"
  44      8114DE39 
  44      07759F15 
  44      D1CB547F 
  44      92
  45 0056 48272733 		.ascii	"H''3\01350t5\251\005\362E\367\"b6\267(!M\242\225\242"
  45      0B353074 
  45      35A905F2 
  45      45F72262 
  45      36B72821 
  46 006e 548C1C5F 		.ascii	"T\214\034_\262\301\022\222\3635\252_\363\230\366\310"
  46      B2C11292 
  46      F335AA5F 
  46      F398F6C8 
  47 007e 388F2A66 		.ascii	"8\217*f.\203d\364\364'\302\007\005i p"
  47      2E8364F4 
  47      F427C207 
  47      05692070 
  48              		.text
  49              		.section	.gnu.lto_.pureconst.a97aeadc89244818,"e",%progbits
  50 0000 789CE360 		.ascii	"x\234\343``d`a`\000\2223X\000\001\316\000\253"
  50      60646061 
  50      60009233 
  50      580001CE 
  50      00AB
  51              		.text
  52              		.section	.gnu.lto_aosTimeDayOfWeekFromDate.a97aeadc89244818,"e",%progbits
  53 0000 789C8D56 		.ascii	"x\234\215V\333W\224U\024?\373;\337\334o\210 *\326\202"
  53      DB579455 
  53      143FFB3B 
  53      DFDC6F88 
  53      202AD682 
  54 0014 87115143 		.ascii	"\207\021QCJ\237zj-{\251\036\372\023Z\204\224\2562Wj"
  54      4A9F7A6A 
  54      2D7BA91E 
  54      FA135A84 
  54      94AE3257 
  55 0029 6BE54B7E 		.ascii	"k\345K~\014\343 \202@\"\312\250\210J\224t1]x\007m\220"
  55      0CE32082 
ARM GAS  /tmp/ccOvBXvK.s 			page 4


  55      4022CAA8 
  55      884A9474 
  55      315D7807 
  56 003f 34115142 		.ascii	"4\021QB@E\021E\274!\250\204\267\024\241}.\337\314\240"
  56      40451145 
  56      BC21A884 
  56      B714A17D 
  56      2EDFCCA0 
  57 0053 388DCBD9 		.ascii	"8\215\313\331\234o\357\337o\237}~g\357o\306L\200|\340"
  57      9C6FEFDF 
  57      6F9F7D7E 
  57      67EF6FC6 
  57      4C807CE0 
  58 0067 20E46342 		.ascii	" \344cBH\033~ \206\200\242i\332{\246l\263\242P\\%\251"
  58      481B7E20 
  58      8680A269 
  58      DA7BA66C 
  58      B3A2505C 
  59 007d 9AD524FE 		.ascii	"\232\325$\376\332\251\242\366W^\213G\217a\375\345\255"
  59      DAA9A2F6 
  59      575E8B47 
  59      8F61FDE5 
  59      AD
  60 008e 33D1A382 		.ascii	"3\321\243\202Q\242\015\301\225\021LreR\3142\203]f0+"
  60      51A20DC1 
  60      95114C72 
  60      6552CC32 
  60      835D6630 
  61 00a3 1699C12A 		.ascii	"\026\231\301*3X\300&\321\326\340\312\006v\271\262+\016"
  61      3358C026 
  61      D1D6E0CA 
  61      0676B9B2 
  61      2B0E
  62 00b5 99C12933 		.ascii	"\231\301)38\300%c\316\340\312\005\300W\232\031\310J"
  62      38C02563 
  62      CEE0CA05 
  62      C0579A19 
  62      C84A
  63 00c7 85AA06A3 		.ascii	"\205\252\006\243\311l\261\332\354\016\247\013VB\021"
  63      C96CB1DA 
  63      EC0EA70B 
  63      564211
  64 00d6 DD48A134 		.ascii	"\335H\2414\257\366\274#\365'M\363h\201\215\305F\377"
  64      AFF6BC23 
  64      F5274DF3 
  64      68818DC5 
  64      46FF
  65 00e8 EE168D56 		.ascii	"\356\026\215VPB\374\224\300\334DHO$\354\037\034\206"
  65      5042FC94 
  65      C0DC4448 
  65      4F24EC1F 
  65      1C86
  66 00fa 5404FB8E 		.ascii	"T\004\373\216\027\327:\0121\016\240\340\343\366\366"
  66      17D73A0A 
  66      310EA0E0 
  66      E3F6F6
  67 0109 160FB047 		.ascii	"\026\017\260G\005b\360q\260\377\352E\023}\003\010\256"
ARM GAS  /tmp/ccOvBXvK.s 			page 5


  67      0562F071 
  67      B0FFEA45 
  67      137D0308 
  67      AE
  68 011a AFDFD4EE 		.ascii	"\257\337\324\356\332R\252\264bL{z\003\325\342*(\205"
  68      DA52AAB4 
  68      624C7B7A 
  68      03D5E22A 
  68      2885
  69 012c 234059DA 		.ascii	"#@Y\332:H\204Z\300\304\350\303\324G!\005\011\353\032"
  69      3A48845A 
  69      C0C4E8C3 
  69      D4472105 
  69      09EB1A
  70 013f 86CED969 		.ascii	"\206\316\331i2'7\226T\326*\222\334;\271L\013@\005U\341"
  70      32273796 
  70      54D62A92 
  70      DC3BB94C 
  70      0B400555 
  71 0154 0FC19645 		.ascii	"\017\301\226E\241\007\271\001\316\335t\240\272\031h"
  71      A107B901 
  71      CEDD74A0 
  71      BA1968
  72 0163 0AE7AEDD 		.ascii	"\012\347\256\335\277\355\211\316mK\364k\001\205\355"
  72      BFED89CE 
  72      6D4BF46B 
  72      0185ED
  73 0172 5C3FEECE 		.ascii	"\\?\356\316\307 \2050\316\025O\371S\2738\226\212\217"
  73      C7208530 
  73      CE154FF9 
  73      53BB3896 
  73      8A8F
  74 0184 EB4FED6D 		.ascii	"\353O\355m\264\212c%\341\343\231\241\274R\033\235\315"
  74      B48A6325 
  74      E1E399A1 
  74      BC521B9D 
  74      CD
  75 0195 B3D7D53F 		.ascii	"\263\327\325?|frW\362\354\217\375q;r\264\223\232ZA\015"
  75      7C667257 
  75      F2EC8FFD 
  75      713B72B4 
  75      939A5A41 
  76 01aa 705C6CF0 		.ascii	"p\\l\360'n\320\000B3\206/-\251;k\241i\234\273\247\250"
  76      276ED000 
  76      4233862F 
  76      2DA93B6B 
  76      A1699CBB 
  77 01c0 67C02AB9 		.ascii	"g\300*\271=S6i\001o\022c\3765>\263\251\376\271\327D"
  77      3D533669 
  77      016F1263 
  77      FE353EB3 
  77      A9FEB9D7 
  78 01d5 D339F3E7 		.ascii	"\3239\363\347\256\332|\233dv\206\230\215\3433\037vo"
  78      AEDA7C9B 
  78      64768698 
  78      8DE3331F 
  78      766F
ARM GAS  /tmp/ccOvBXvK.s 			page 6


  79 01e7 F628F41D 		.ascii	"\366(\364\035\316<wf\363\220*\231\247B\314\246\361\231"
  79      CE3C7766 
  79      F3902A99 
  79      A742CCA6 
  79      F199
  80 01f9 3D7B464A 		.ascii	"={FJ\035F\025N\203\033N\341\347$~N\200\233\365\002\353"
  80      1D46154E 
  80      831B4EE1 
  80      E7247E4E 
  80      809BF502 
  81 020e 816630E2 		.ascii	"\201f0\342T\220W\342\277\267\032\002\332\310h\256\026"
  81      549057E2 
  81      BFB71A02 
  81      DAC868AE 
  81      16
  82 021f 3833797B 		.ascii	"83y{\225\343-@y\215\012\032\023EcV\331\312\200\306b"
  82      95E32D40 
  82      798D0A1A 
  82      13456356 
  82      D9CA80C6 
  83 0234 64C6C4A2 		.ascii	"d\306\304\242ff,h\254Vfl\314\330\231q0\343d\306\305"
  83      66662C68 
  83      AC56666C 
  83      CCD89971 
  83      30E364C6 
  84 0249 4C0C3313 		.ascii	"L\0143\023\230\211ef\"3q\314\30433\211\245O@c\230\006"
  84      98896566 
  84      223371CC 
  84      C4333389 
  84      A54F4063 
  85 025f AC8D9281 		.ascii	"\254\215\222\2015\204\233\260\002\2473w\01233\200]t"
  85      35849BB0 
  85      02A73377 
  85      0A333380 
  85      5D74
  86 0271 2A6125CF 		.ascii	"*a%\317$\254\350Y\204\225=\233\260>'\371\224\340\214"
  86      24ACE859 
  86      84953D9B 
  86      B03E27F9 
  86      94E08C
  87 0284 682A6801 		.ascii	"h*h\001B\012\250\"\036\262\361\241\017r\266\370~\333"
  87      420AA822 
  87      1EB2F1A1 
  87      0F72B6F8 
  87      7EDB
  88 0296 6367072F 		.ascii	"cg\007/\247PN\247\241F\327~\354\233\307z\203\302\350"
  88      A7504EA7 
  88      A146D77E 
  88      EC9BC77A 
  88      83C2E8
  89 02a9 28F606AA 		.ascii	"(\366\006\252w\003\274]\363%\006\001m\332\255\021\233"
  89      7703BC5D 
  89      F3250601 
  89      6DDAAD11 
  89      9B
  90 02ba 40BC0967 		.ascii	"@\274\011g\245\272\005\224fc^\205\345\205>\360\324Y"
  90      A5BA0594 
ARM GAS  /tmp/ccOvBXvK.s 			page 7


  90      66635E85 
  90      E5853EF0 
  90      D459
  91 02cc 04814D51 		.ascii	"\004\201MQa\316\375+fF\260\361++\337yz\324\342\005O"
  91      61CEFD2B 
  91      6646B0F1 
  91      2B2BDF79 
  91      7AD4E205 
  92 02e1 B6193D95 		.ascii	"\266\031=\225T\334L\307\245\023-P\005\2258\010v\370"
  92      54DC4CC7 
  92      A5132D50 
  92      05953808 
  92      76F8
  93 02f3 1BBC002D 		.ascii	"\033\274\000-,3F\016\257[\275\333\230\276\213U\215W"
  93      2C33460E 
  93      AF5BBDDB 
  93      98BE8B55 
  93      8D57
  94 0305 EB805684 		.ascii	"\353\200V\204\225Qy\241\336\333\325\235\326`\320\011"
  94      955179A1 
  94      DEDBD59D 
  94      D660D009 
  95 0315 E720BD8C 		.ascii	"\347 \275\214\002\273\3136Hg\205w\317\017\325Q\225\277"
  95      02BBCB36 
  95      48678577 
  95      CF0FD551 
  95      95BF
  96 0327 430CB713 		.ascii	"C\014\267\023\024h\017\026\256\356*Zu\236\260\302\225"
  96      14680F16 
  96      AEEE2A5A 
  96      759EB0C2 
  96      95
  97 0338 7EC84DE2 		.ascii	"~\310M\342]\360R\231.?K\012\035XWt'8\037\351\004\027"
  97      5DF05299 
  97      2E3F4B0A 
  97      1D585774 
  97      27381FE9 
  98 034e 5E7F8218 		.ascii	"^\177\202\030\270\310N\240\210X}{g\011e\373\254\346"
  98      B8C84EA0 
  98      88587D7B 
  98      670965FB 
  98      ACE6
  99 0360 C109D009 		.ascii	"\301\011\320\011\351\242I/a~\004<\350\256\0364%\317"
  99      E9A2492F 
  99      617E043C 
  99      E8AE1E34 
  99      25CF
 100 0372 ABD0CA30 		.ascii	"\253\320\3120\034\313\337,;\2336\360\322\3128e\"\\\206"
 100      1CCBDF2C 
 100      3B9B36F0 
 100      D2CA3865 
 100      225C86
 101 0385 6441E912 		.ascii	"dA\351\022\224\273\327\232\367\232\223\025A\211\343"
 101      94BBD79A 
 101      F79A9315 
 101      4189E3
 102 0394 85B7F765 		.ascii	"\205\267\367e\233C\224x\270\242S\272\005\245\322[_\302"
ARM GAS  /tmp/ccOvBXvK.s 			page 8


 102      9B439478 
 102      B8A253BA 
 102      05A5D25B 
 102      5FC2
 103 03a6 DF1E1638 		.ascii	"\337\036\0268F\340*$V\320I\\9C\353\203g;\201)G\377G"
 103      46E02A24 
 103      56D0495C 
 103      3943EB83 
 103      673B8129 
 104 03bd B96B512B 		.ascii	"\271kQ+\327\363z\345\022\340:WN\322\216\255\361uXC\352"
 104      D7F37AE5 
 104      12E03A57 
 104      4ED28EAD 
 104      F1755843 
 105 03d2 4C865E5D 		.ascii	"L\206^]\235\033Q\253sS?\352\255\250\325\271\255S\356"
 105      9D1B51AB 
 105      73533FEA 
 105      ADA8D5B9 
 105      AD53EE
 106 03e5 B04AC3D4 		.ascii	"\260J\303\3240\006\007\300\320\017\336q\325\230\342"
 106      300607C0 
 106      D00FDE71 
 106      D598E2
 107 03f4 67578BF3 		.ascii	"gW\213\363!\324\370\376\327\3164\246\353T\370\016\356"
 107      21D4F8FE 
 107      D7CE34A6 
 107      EB54F80E 
 107      EE
 108 0405 B244893C 		.ascii	"\262D\211<\221\351\245\011\335\367\266\350aZN\223\221"
 108      91E9A509 
 108      DDF7B6E8 
 108      615A4E93 
 108      91
 109 0416 F5E2E42F 		.ascii	"\365\342\344/\235\374\355\255\302(@\377\330\001e\337"
 109      9DFCEDAD 
 109      C22840FF 
 109      D80165DF 
 110 0426 7835BDAD 		.ascii	"x5\275\255\353\215\002`\203\201`\237\233\307\035P5\252"
 110      EB8D0260 
 110      8381609F 
 110      9BC71D50 
 110      35AA
 111 0438 5BB917A9 		.ascii	"[\271\027\251\237\357G\232\310\007\301\211\034\034;"
 111      9FEF479A 
 111      C807C189 
 111      1C1C3B
 112 0447 916AD808 		.ascii	"\221j\330\010Z\242\036\301\177\242n\244\241H%?\2144"
 112      5AA21EC1 
 112      7FA26EA4 
 112      A148253F 
 112      8C34
 113 0459 828F228D 		.ascii	"\202\217\"\215\340c\275\311\236D\335dO\365\216\3717"
 113      E063BDC9 
 113      9E44DD64 
 113      4FF58EF9 
 113      37
 114 046a EA267BA6 		.ascii	"\352&{\246S\236\013\312\310`\355V\213\030\301\006\002"
ARM GAS  /tmp/ccOvBXvK.s 			page 9


 114      539E0BCA 
 114      C860ED56 
 114      8B18C106 
 114      02
 115 047b C3A1A6B3 		.ascii	"\303\241\246\263F=\202/\242Vn$\322\010\216F\034AM\221"
 115      463D822F 
 115      A2566E24 
 115      D2088E46 
 115      1C414D91 
 116 048f EA642BD1 		.ascii	"\352d+\321\252\343Q\344Qs\224h\325\361\352\224UH\011"
 116      AAE351E4 
 116      51739468 
 116      D5F1EA94 
 116      554809
 117 04a2 57C316F5 		.ascii	"W\303\026\365\010\372\220I\302\207\316\036>t\236\341"
 117      08FA9049 
 117      C287CE1E 
 117      3E749EE1 
 118 04b2 DCF21A94 		.ascii	"\334\362\032\224\2257\252\033\277\027\371\2105t\370"
 118      9537AA1B 
 118      BF17F988 
 118      3574F8
 119 04c1 F74B5F72 		.ascii	"\367K_r\370\327\211\212_'\271\212\336\313\2161c6\234"
 119      F8D7898A 
 119      5F27B98A 
 119      DECB8E31 
 119      63369C
 120 04d4 2B192948 		.ascii	"+\031)H\342qg0\256\360\370!\207\000\030\030\200\317"
 120      E2716730 
 120      AEF0F821 
 120      87001818 
 120      80CF
 121 04e6 BB64301F 		.ascii	"\273d0\037nS\375\250p\263U\\\275\035V\3436\202e\023"
 121      6E53FDA8 
 121      70B3555C 
 121      BD1D56E3 
 121      36826513 
 122 04fa A0E988E3 		.ascii	"\240\351\210\343i]\301\372UL\322\342;R\323/\363\230"
 122      695DC1FA 
 122      554CD2E2 
 122      3B52D32F 
 122      F398
 123 050c CAE90CCC 		.ascii	"\312\351\014\314s\241th\230\3471B/\201<=Q\265A\240R"
 123      73A17468 
 123      98E73142 
 123      2F813C3D 
 123      51B541A0 
 124 0521 11C8B63F 		.ascii	"\021\310\266?\350k\0162\315\310|\0259\023\003\242\320"
 124      E86B0E32 
 124      CDC87C15 
 124      391303A2 
 124      D0
 125 0532 819A6D8A 		.ascii	"\201\232m\212\360Y\312i\002\356q\264\240\245\211\262"
 125      F059CA69 
 125      02EE71B4 
 125      A0A589B2 
 126 0542 3DAC00B0 		.ascii	"=\254\000\260\206\023sv\353\347\261\"\0141\007N\334"
ARM GAS  /tmp/ccOvBXvK.s 			page 10


 126      86137376 
 126      EBE7B122 
 126      0C31074E 
 126      DC
 127 0553 AEB20B8C 		.ascii	"\256\262\013\214\003\362\005\346\240O?\217\015q\354"
 127      03F205E6 
 127      A04F3F8F 
 127      0D71EC
 128 0562 CABB2AB7 		.ascii	"\312\273*\267\201\000\031\240@\200\266\370\374&\001"
 128      810019A0 
 128      4080B6F8 
 128      FC2601
 129 0571 B2739C5B 		.ascii	"\262s\234[8\363\244~\016\356Oe\316a\237\337%\234N\364"
 129      38F3A47E 
 129      0EEE4F65 
 129      CE619FDF 
 129      259C4EF4 
 130 0585 84FFACB7 		.ascii	"\204\377\254\267\340U\255\325\3235J\246\213\223\235"
 130      E055ADD5 
 130      D3354AA6 
 130      8B939D
 131 0594 827948BE 		.ascii	"\202yH\276lc\360\240!\350\035\231o\002G\307\210s]\234"
 131      6C63F0A0 
 131      21E81D99 
 131      6F0247C7 
 131      88735D9C 
 132 05a8 2B9CB108 		.ascii	"+\234\261\010\015\337\304\212\233\024\012\346V_\236"
 132      0DDFC48A 
 132      9B140AE6 
 132      565F9E
 133 05b7 044DE4E4 		.ascii	"\004M\344\344X\302/G\227r\026\372\221y\325\377\303\006"
 133      58C22F47 
 133      977216FA 
 133      9179D5FF 
 133      C306
 134 05c9 A3609AA0 		.ascii	"\243`\232\240H\337s\355\276o\005*\016\201\272\010-\276"
 134      48DF73ED 
 134      BE6F052A 
 134      0E81BA08 
 134      2DBE
 135 05db 43921B8F 		.ascii	"C\222\033\217\001\011\306\313\311\223\322L\302\300\230"
 135      0109C6CB 
 135      C993D24C 
 135      C2C098
 136 05ea 2E9A8D3E 		.ascii	".\232\215>\334b\177\336@5\177\201\020\274\231bd\335"
 136      DC627FDE 
 136      40357F81 
 136      10BC9962 
 136      64DD
 137 05fc 034F9244 		.ascii	"\003O\222D`\377<\206\004lQG\347\315\013\330\206\323"
 137      60FF3C86 
 137      046C5147 
 137      E7CD0BD8 
 137      86D3
 138 060e 9D0AFE68 		.ascii	"\235\012\376h\204\320\217FB\246\246\245\315\301\377"
 138      84D08F46 
 138      42A6A6A5 
ARM GAS  /tmp/ccOvBXvK.s 			page 11


 138      CDC1FF
 139 061d 994B9666 		.ascii	"\231K\226f\315Y\2664sN\306\222e\237,_\2648+-\223\320"
 139      CD59B634 
 139      734EC692 
 139      659F2C5F 
 139      B4382B2D 
 140 0633 05192B0C 		.ascii	"\005\031+\014\213\227|\265|\241\272\"+c),\204\017\341"
 140      8B977CB5 
 140      7CA1BA22 
 140      2B63292C 
 140      840FE1
 141 0646 23F83AD1 		.ascii	"#\370:\321\275l\206\373\233\324w\223\020\372\376\247"
 141      BD6C86FB 
 141      9BD47793 
 141      10FAFEA7 
 142 0656 9FCF5F98 		.ascii	"\237\317_\230\225\371E\322g\031\213\276\314Z@\376\003"
 142      95F945D2 
 142      67198BBE 
 142      CC5A40FE 
 142      03
 143 0667 93CC4C95 		.ascii	"\223\314L\225"
 144              		.text
 145              		.section	.gnu.lto_.symbol_nodes.a97aeadc89244818,"e",%progbits
 146 0000 789CE360 		.ascii	"x\234\343``d\230\315\000\004L\023\230\352\031\032\200"
 146      606498CD 
 146      00044C13 
 146      98EA191A 
 146      80
 147 0011 808571C2 		.ascii	"\200\205q\3029\006\206z\006\206]\015\216@I `\235\310"
 147      3906867A 
 147      06865D0D 
 147      8E404920 
 147      609DC8
 148 0024 C4A000A4 		.ascii	"\304\240\000\244\031'3\3253\376\207\002y\2602\006\240"
 148      192733D5 
 148      33FE8702 
 148      79B03206 
 148      A0
 149 0035 1607A0CC 		.ascii	"\026\007\240\314$\246z&\2542\314\014\314\353\372[\257"
 149      24A67A26 
 149      AC32CC0C 
 149      CCEBFA5B 
 149      AF
 150 0046 33302E61 		.ascii	"30.a\0042/}\370\265\202\221\361\010\220\311\324\010"
 150      04322F7D 
 150      F8B58291 
 150      F10890C9 
 150      D408
 151 0058 B48A89F1 		.ascii	"\264\212\211\361\011#\\A\013;\\\301\022v\270\202#\354"
 151      09235C41 
 151      0B3B5CC1 
 151      1276B882 
 151      23EC
 152 006a 0C00FA56 		.ascii	"\014\000\372V3\340"
 152      33E0
 153              		.text
 154              		.section	.gnu.lto_.refs.a97aeadc89244818,"e",%progbits
ARM GAS  /tmp/ccOvBXvK.s 			page 12


 155 0000 789C05C1 		.ascii	"x\234\005\301\301\015\000 \014\304\260\344**\204\350"
 155      C10D0020 
 155      0CC4B0E4 
 155      2A2A84E8 
 156 0010 93FD57C5 		.ascii	"\223\375W\305\336\310\003\032\254\270b\343\2117\016"
 156      DEC8031A 
 156      ACB862E3 
 156      89370E
 157 001f 1F059B00 		.ascii	"\037\005\233\000d"
 157      64
 158              		.text
 159              		.section	.gnu.lto_.decls.a97aeadc89244818,"e",%progbits
 160 0000 789C9D3A 		.ascii	"x\234\235:\013PT\331\225}\3736M\323\3200\203fb\242\233"
 160      0B5054D9 
 160      957DFB36 
 160      4DD3D030 
 160      836662A2 
 161 0015 4AA54C66 		.ascii	"J\245Lfv\267\024\215\251I\262\265\265\233l\262\273I"
 161      76B7148D 
 161      A949B2B5 
 161      B59B6CB2 
 161      BB49
 162 0027 D5EECE56 		.ascii	"\325\356\316V\315\354\246\222\332*\202\320\012\031>"
 162      CDECA692 
 162      DA2A82D0 
 162      0A193E
 163 0036 A6BB35BA 		.ascii	"\246\2735\272\265Ui\004\371\250 (\312\377'\250 \177"
 163      B5556904 
 163      F9A82028 
 163      CAFF27A8 
 163      207F
 164 0048 41440445 		.ascii	"AD\004EA\276\012\370C\376\002\"\202\012(\002\012\012"
 164      41BE0AF8 
 164      43FE0222 
 164      820A2802 
 164      0A0A
 165 005a ECB9F7DC 		.ascii	"\354\271\367\334\246_\323\257'\2510s\355w\336;\377s"
 165      A65FD3AF 
 165      27A93073 
 165      ED77DE3B 
 165      FF73
 166 006c EEB9E7DE 		.ascii	"\356\271\347\336\3674\012\242\030\331\252P\264\252\025"
 166      F7340AA2 
 166      18D9AA50 
 166      B4AA15
 167 007b 8A0D44A1 		.ascii	"\212\015D\241X\201?\245B\241\270\003C\013\343:\214\233"
 167      58813FA5 
 167      42A1B803 
 167      430BE33A 
 167      8C9B
 168 008d 30E0B1A2 		.ascii	"0\340\261\242\027F\037\214Q\030\3430~\003\343\031\320"
 168      17461F8C 
 168      5118E330 
 168      7E03E319 
 168      D0
 169 009e FC1F0CCA 		.ascii	"\374\037\014\312\360\201\320\005\306S\001\177\004\327"
 169      F081D005 
ARM GAS  /tmp/ccOvBXvK.s 			page 13


 169      C653017F 
 169      04D7
 170 00ac DF82F131 		.ascii	"\337\202\3611\014\270\245\370[\306X\362\267E\245Pl\202"
 170      0CB8A5F8 
 170      5BC658F2 
 170      B745A550 
 170      6C82
 171 00be DF3478E8 		.ascii	"\3374x\350\011\277\353%\362\266\000\356\367\3407\212"
 171      09BFEB25 
 171      F2B600EE 
 171      F7E0378A 
 172 00ce 200E93F5 		.ascii	" \016\223\3651\214\255p\377o\224(\3670\014/%\312\337"
 172      318CAD70 
 172      FF6F9428 
 172      F7300C2F 
 172      25CADF
 173 00e1 A644BDB6 		.ascii	"\246D\275\266+Q\267\3573z\245U\347\035J\264\341\257"
 173      2B51B7EF 
 173      337AA555 
 173      E71D4AB4 
 173      E1AF
 174 00f3 E017C472 		.ascii	"\340\027\304r=\307\011\352\312\364\266\350\373\261\320"
 174      3DC709EA 
 174      CAF4B6E8 
 174      FBB1D0
 175 0102 594EDF44 		.ascii	"YN\337DJr.\026\345y\304R\362=-YY\241p\243iz\362>\301"
 175      4A722E16 
 175      E579C452 
 175      F23D2D59 
 175      59A170A3 
 176 011b 1BEC79F8 		.ascii	"\033\354y\370\373\362,%U\362\353\274\372\3501\017\257"
 176      FBF22C25 
 176      55F2EBBC 
 176      FAE8310F 
 176      AF
 177 012c 2233FE69 		.ascii	"\"3\376i\376^Aj\010\265\262\272\032\3377\246\245\337"
 177      FE5E416A 
 177      08B5B2BA 
 177      1ADF37A6 
 177      A5DF
 178 013e E5A81137 		.ascii	"\345\250\0217\343\256\350\200\213\247\226(\001\314~"
 178      E3AEE880 
 178      8BA79628 
 178      01CC7E
 179 014d D0799031 		.ascii	"\320y\2201]\257%\037\000\030\235\337\235F\264Qf\363"
 179      5DAF251F 
 179      00189DDF 
 179      9D46B451 
 179      66F3
 180 015f 41735C58 		.ascii	"As\\X\270\323'\012RG6\222kd\243\202\\%\\t-\361\"W\340"
 180      B8D3270A 
 180      52473692 
 180      6B64A382 
 180      5C255C74 
 181 0178 5E35BB77 		.ascii	"^5\273w\235h\201\250n(f\201\002\217M\240)\221(\272\011"
 181      9D6881A8 
 181      6E286681 
ARM GAS  /tmp/ccOvBXvK.s 			page 14


 181      028F4DA0 
 181      299128BA 
 182 018d 15CDCFCC 		.ascii	"\025\315\317\314k\320\321\255x\235[\177\313\025\371"
 182      6BD0D1AD 
 182      789D5B7F 
 182      CB15F9
 183 019c 9B73C2E9 		.ascii	"\233s\302\351\006\005\331\261\221l\003N\015\204\343"
 183      0605D9B1 
 183      916C034E 
 183      0D84E3
 184 01ab 33EEF5C0 		.ascii	"3\356\365\300\375\006\343~\223sOh\255h\321\242\206\337"
 184      FD06E37E 
 184      93734F68 
 184      AD68D1A2 
 184      86DF
 185 01bd 0670F060 		.ascii	"\006p\360`\372[7\324_\005`\374J\356}\027\372)g~\261"
 185      FA5B37D4 
 185      5F0560FC 
 185      4AEE7D17 
 185      FA29677E 
 186 01d2 3637474D 		.ascii	"67GM\377\216_\027\0164\034\323\254\213\027\0361\023"
 186      FF8E5F17 
 186      0E341CD3 
 186      AC8B171E 
 186      3113
 187 01e4 E6640569 		.ascii	"\346d\005i\001)\255d\035\023#\\S\332\220Y\275\212\027"
 187      0129AD64 
 187      1D13235C 
 187      53DA9059 
 187      BD8A17
 188 01f7 EE18EFE8 		.ascii	"\356\030\357\350xF\266\316\3550S<+\314\354\362\013\322"
 188      7846B6CE 
 188      ED30533C 
 188      2BCCECF2 
 188      0BD2
 189 0209 068F1B41 		.ascii	"\006\217\033A\323&\320TAn\0217\304\353\312\037\212u"
 189      D326D054 
 189      416E1137 
 189      C4EBCA1F 
 189      8A75
 190 021b A3BFE03A 		.ascii	"\243\277\340:\\[9uM\205\252j\000<y\376\372{74\244\216"
 190      5C5B3975 
 190      4D85AA6A 
 190      003C79FE 
 190      FA7B3734 
 191 0231 ABD85F3F 		.ascii	"\253\330_?\250\246_p\324\312\331\212\263N\364\177\370"
 191      A8A65F70 
 191      D4CAD98A 
 191      B34EF47F 
 191      F8
 192 0242 F5E285E3 		.ascii	"\365\342\205\343C.v\252\337\001\225\356\332\250\024"
 192      432E76AA 
 192      DF0195EE 
 192      DAA814
 193 0251 5B56F5CE 		.ascii	"[V\365\316\205\376\216\323\274\315\2352\253\355h\356"
 193      85FE8ED3 
 193      BCCD9D32 
ARM GAS  /tmp/ccOvBXvK.s 			page 15


 193      ABED68EE 
 194 0261 D9D1BCCB 		.ascii	"\331\321\274\313(\272lc\306}\0333\036\0103huAU\233\033"
 194      28BA6C63 
 194      C67D1B33 
 194      1E083368 
 194      7541559B 
 195 0276 D9BC6EF3 		.ascii	"\331\274n\363i\206Z\267\222\261\255hy\334l>\276\201"
 195      69865AB7 
 195      92B1AD68 
 195      79DC6C3E 
 195      BE81
 196 0288 594A9A81 		.ascii	"YJ\232\201\357C\033B/\366\317v\370\207\253\020\307T"
 196      EF431B42 
 196      2FF6CF76 
 196      F887AB10 
 196      C754
 197 029a 50294807 		.ascii	"P)H\007<og\221\274-\010Xx\273\310f\322M63\205\220\371"
 197      3C6F6791 
 197      BC2D0858 
 197      78BBC866 
 197      D24D3633 
 198 02b1 54913AC5 		.ascii	"T\221:\305\\\027\256f\322I\247<\353Fv\011\372\237\210"
 198      5C17AE66 
 198      D249A73C 
 198      EB467609 
 198      FA9F88
 199 02c4 7C7EC995 		.ascii	"|~\311\225\236\"\334\350\376\276\236A\272N^b\217\274"
 199      9E22DCE8 
 199      FEBE9E41 
 199      BA4E5E62 
 199      8FBC
 200 02d6 44D24BD6 		.ascii	"D\322K\326\001e\314Lm\264\207\324\015\2756\"\373\270"
 200      0165CC4C 
 200      6DB487D4 
 200      0DBD3622 
 200      FBB8
 201 02e8 1BD80FE0 		.ascii	"\033\330\017\340f6\367\017j0\212\337\004p~\252c\300"
 201      6636F70F 
 201      6A308ADF 
 201      04707EAA 
 201      63C0
 202 02fa 8365B059 		.ascii	"\203e\260Y\220\302}+\345\000\3212\215I?@\200<z\266\365"
 202      90C27D2B 
 202      E500D132 
 202      8D493F40 
 202      803C7AB6 
 203 030f 00926E64 		.ascii	"\000\222nd\011\220r\264I\207\011\320\315\346\311\203"
 203      099072B4 
 203      498709D0 
 203      CDE6C983 
 204 031f B7B58B6E 		.ascii	"\267\265\213n4\233\033CC\017/\366P\242\335H\200\027"
 204      349B1B43 
 204      430F2FF6 
 204      50A2DD48 
 204      8017
 205 0331 1113C42C 		.ascii	"\021\023\304,\231 C`\3200\343>\002\010\217\201}\262"
 205      99204360 
ARM GAS  /tmp/ccOvBXvK.s 			page 16


 205      D030E33E 
 205      02088F81 
 205      7DB2
 206 0343 59C36F24 		.ascii	"Y\303o$\233\001\373\345\037\37150}\321\027\336@<\343"
 206      9B01FBE5 
 206      1FF93530 
 206      7DD117DE 
 206      403CE3
 207 0356 84537E42 		.ascii	"\204S~B\330}\362\010h\006\271\202\243\304\023\265\304"
 207      D87DF208 
 207      6806B982 
 207      A3C413B5 
 207      C4
 208 0367 6B20C89A 		.ascii	"k \310\232.y)\262\364\033\000\246\274\032\275\257vh"
 208      2E7929B2 
 208      F41B00A6 
 208      BC1ABDAF 
 208      7668
 209 0379 DF98B0EF 		.ascii	"\337\230\260\357\011\332\367\274\345\361E'\264\250\223"
 209      09DAF7BC 
 209      E5F14527 
 209      B4A893
 210 0388 5994FD62 		.ascii	"Y\224\375b\252U\265V\370S\202\376P\220q&|\014\205\217"
 210      AA55B556 
 210      F85382FE 
 210      50907126 
 210      7C0C858F 
 211 039c 73E17397 		.ascii	"s\341s\227';\325(<J\007p\313\215\261e\241L?\023\320"
 211      273BD528 
 211      3C4A0770 
 211      CB8DB165 
 211      A14C3F13 
 212 03b1 907826DB 		.ascii	"\220x&\333\005\005\0149\001\334\321\221?\247\025\370"
 212      05050C39 
 212      01DCD191 
 212      3FA715F8 
 213 03c1 AE009FBF 		.ascii	"\256\000\237\2772\221\244D\330\314\312Yh\357\3213\316"
 213      3291A444 
 213      D8CCCA59 
 213      68EFD133 
 213      CE
 214 03d2 886F66F5 		.ascii	"\210of\365\354\\\370\225\036\027z\026\363\305R\247<"
 214      EC5CF895 
 214      1E177A16 
 214      F3C552A7 
 214      3C
 215 03e3 459DEAEA 		.ascii	"E\235\352\352x\227\255rh\352+a\352K4u\362\360R\242\307"
 215      7897AD72 
 215      68EA2B61 
 215      EA4B3475 
 215      F2F052A2 
 216 03f8 5AD3A600 		.ascii	"Z\323\246\000{\222c\3170\323^q\323X\031\215,\331\217"
 216      7B9263CF 
 216      30D35E71 
 216      D358198D 
 216      2CD98F
 217 040b 82AA5809 		.ascii	"\202\252X\011\253\214\273\024!\254\352d\217;^\\=$\334"
ARM GAS  /tmp/ccOvBXvK.s 			page 17


 217      AB8CBB14 
 217      21ACEA64 
 217      8F3B5E5C 
 217      3D24DC
 218 041e 66665635 		.ascii	"ffV5_H\317t\246E\250\345\235\023\275\217\\\020\371G"
 218      5F48CF74 
 218      A645A8E5 
 218      9D13BD8F 
 218      5C10F947 
 219 0432 2CC95726 		.ascii	",\311W&G\335\021\\\017\340Dc\352\230\310\241,f\303\263"
 219      47DD115C 
 219      0FE04463 
 219      EA98C8A1 
 219      2C66C3B3 
 220 0446 F8B66A1D 		.ascii	"\370\266j\035\255@RK1\367\304b~2el\003\255\303G5\021"
 220      AD40524B 
 220      31F7C462 
 220      7E32656C 
 220      03ADC347 
 221 045c 4B579963 		.ascii	"KW\231c>f\253\311\312\212\207\244L\177\214e\272 \372"
 221      3E66ABC9 
 221      CA8A87A4 
 221      4C7F8C65 
 221      BA20FA
 222 046f DE01DA88 		.ascii	"\336\001\332\210\330\247K\272\312\234\260Ls\317(V\375"
 222      D8A74BBA 
 222      CA9CB04C 
 222      73CF2856 
 222      FD
 223 0480 029EE314 		.ascii	"\002\236\343\024l^-\303\275%\364N\362\271\245NJ\357"
 223      6C5E2DC3 
 223      BD25F44E 
 223      F2B9A54E 
 223      4AEF
 224 0492 2175E3B1 		.ascii	"!u\343\261\360\243Z\332\213@\317\353\263U\256\362\254"
 224      F0A35ADA 
 224      8B40CFEB 
 224      B355AEF2 
 224      AC
 225 04a3 0E2AE558 		.ascii	"\016*\345X\325\316\327\334t\247cH\375|\254\240KI\247"
 225      D5CED7DC 
 225      74A76348 
 225      FD7CACA0 
 225      4B49A7
 226 04b6 11088F4C 		.ascii	"\021\010\217LnQ\332\025\271C\300%B)-r\345+\371\021\224"
 226      6E51DA15 
 226      B943C025 
 226      42292D72 
 226      E52BF911 
 227 04cb 2E08A2B9 		.ascii	".\010\242\271\314y';\242H;\242S\005\267\3235\322\222"
 227      CC79273B 
 227      A2483BA2 
 227      5305B7D3 
 227      35D292
 228 04de 10A59496 		.ascii	"\020\245\224\226\204h\245(\360q\375\0135\256\364 \256"
 228      8468A528 
 228      F071FD0B 
ARM GAS  /tmp/ccOvBXvK.s 			page 18


 228      35AEF420 
 228      AE
 229 04ef BB650977 		.ascii	"\273e\011wV\3244\022\201\267\003\271\267\355\353\366"
 229      56D43412 
 229      81B703B9 
 229      B7EDEBF6 
 230 04ff 119074D4 		.ascii	"\021\220t\324FRG\331\275Pwz\012\211\212Z\036\014Q;\242"
 230      465247D9 
 230      BD50777A 
 230      0A898A5A 
 230      1E0C513B 
 231 0514 183BA2B2 		.ascii	"\030;\242\262\245\252.\233\212\025k\243\3361\213z\331"
 231      A5AA2E9B 
 231      8A156BA3 
 231      DE318B7A 
 231      D9
 232 0525 2792CFB8 		.ascii	"'\222\317\270\321s\234\271:\341\345D\273\222\254\333"
 232      D1739CB9 
 232      3AE1E544 
 232      BB92ACDB 
 233 0535 CCFE6CCA 		.ascii	"\314\376l\312\344\002\020\276e!`\332\305\243 \222\240"
 233      E40210BE 
 233      652160DA 
 233      C5A32092 
 233      A0
 234 0546 DC4C4EC2 		.ascii	"\334LN\3028\001\3438\214SJI\221~s{s\322\014\256\000"
 234      3801E338 
 234      8C534A49 
 234      917E737B 
 234      73D20CAE 
 235 055b 66A596BC 		.ascii	"f\245\226\274'Hg\325\240\235\254\326i\244X<G\315\271"
 235      274867D5 
 235      A09DACD6 
 235      69A4583C 
 235      47CDB9
 236 056e DB481860 		.ascii	"\333H\030`\207*\345\261\267\257\"w\235s\3065\000\014"
 236      872AE5B1 
 236      B7AF2277 
 236      9D73C635 
 236      000C
 237 0580 2187EDD0 		.ascii	"!\207\355\320\275l\261\237!k\210\011\011\227\307\225"
 237      BD6CB19F 
 237      216B8809 
 237      0997C795 
 238 0590 E83198E4 		.ascii	"\3501\230\344\231\023fn\376-\327;\316\016\375\335\252"
 238      9913666E 
 238      FE2DD73B 
 238      CE0EFDDD 
 238      AA
 239 05a1 266CA216 		.ascii	"&l\242\026\245\354_'\357\251\230?\355)`p\253\"m\304"
 239      A5EC5F27 
 239      EFA9983F 
 239      ED296070 
 239      AB226DC4 
 240 05b5 9D0E606C 		.ascii	"\235\016`l\353'F\243\264\364)\007\2243y\363\265JXQ\205"
 240      EB2746A3 
 240      B4F42907 
ARM GAS  /tmp/ccOvBXvK.s 			page 19


 240      943379F3 
 240      B54A5851 
 241 05ca 52C9EB51 		.ascii	"R\311\353Q)\213\275\251\362\366\306\213\342\304uY\235"
 241      298BBDA9 
 241      F2F6C68B 
 241      E2C47559 
 241      9D
 242 05db 38C98280 		.ascii	"8\311\202\200\351\222\262*\273o\361\346A\017:\213\262"
 242      E992B22A 
 242      BB6FF1E6 
 242      410F3A8B 
 242      B2
 243 05ec C3B3CB0B 		.ascii	"\303\263\313\013\235\327\311\223\247\311\222\327_\352"
 243      9DD7C993 
 243      A7C992D7 
 243      5FEA
 244 05fa 9B10A574 		.ascii	"\233\020\245t\033k\273.\366t\211\266\313\314\272\317"
 244      1B6BBB2E 
 244      F67489B6 
 244      CBCCBACF 
 245 060a A19CF92A 		.ascii	"\241\234\371*B\303(\347\376\344\364\213\257!\352'l\222"
 245      42C328E7 
 245      FEE4F48B 
 245      AF21EA27 
 245      6C92
 246 061c 9EEFBDEF 		.ascii	"\236\357\275\357N\243\361Qq\341\273R\255\212\265\265"
 246      4EA3F151 
 246      71E1BB52 
 246      AD8AB5B5 
 247 062c BBDDC85E 		.ascii	"\273\335\310^\025\257\273\025\325\345n\3648>\217\031"
 247      15AFBB15 
 247      D5E56EF4 
 247      383E8F19 
 248 063c CA2DB49F 		.ascii	"\312-\264\237%\271\240\322\031\233\204\257{W\325\347"
 248      25B9A0D2 
 248      199B84AF 
 248      7B57D5E7 
 249 064c 467390A8 		.ascii	"Fs\220\250<\252f\310\315\216\350\254\035Q\307\303\232"
 249      3CAA66C8 
 249      CD8EE8AC 
 249      1D51C7C3 
 249      9A
 250 065d FB2ED259 		.ascii	"\373.\322Yr\316\306\255y\226Y2P\331vN\307\225\204[$"
 250      72CEC6AD 
 250      79965932 
 250      50D9764E 
 250      C795845B 
 251 0672 47C9D54C 		.ascii	"G\311\325L\353*i\325|\375$\217~\230\371\003%\361\377"
 251      EB2A69D5 
 251      7CFD248F 
 251      7E98F903 
 251      25F1FF
 252 0685 68B5FB55 		.ascii	"h\265\373U\220\363\312\257+H\276R\205\014Z\337\277\317"
 252      90F3CAAF 
 252      2B48BE52 
 252      850C5ADF 
 252      BFCF
ARM GAS  /tmp/ccOvBXvK.s 			page 20


 253 0697 504905C1 		.ascii	"PI\005\301c\211\240\002\340\312\265b\275\371\245\204"
 253      6389A002 
 253      E0CAB562 
 253      BDF9A584 
 254 06a7 02575A8E 		.ascii	"\002WZ\216\206\274io\033wHG\012\301 )\251\245\365\365"
 254      86BC696F 
 254      1B774847 
 254      0AC12029 
 254      A9A5F5F5 
 255 06bb C4D677E0 		.ascii	"\304\326w\340Pu\203\206\326 \247\302\351\271+\254\240"
 255      50758386 
 255      D620A7C2 
 255      E9B92BAC 
 255      A0
 256 06cc 7FA2257F 		.ascii	"\177\242%\177\224\024\363O\260\230\267\216T\356\244"
 256      9414F34F 
 256      B098B78E 
 256      54EEA4
 257 06db 371173EC 		.ascii	"7\021s\354BX\276\006+pi\230\371\303\320\355\2226\351"
 257      4258BE06 
 257      2B706998 
 257      F9C3D0ED 
 257      9236E9
 258 06ee 829293B0 		.ascii	"\202\222\223\260L(Sn$\245J^\202\213*\217\246:\243\334"
 258      4C28536E 
 258      24A54A5E 
 258      828B2A8F 
 258      A63AA3DC 
 259 0702 0D0056F4 		.ascii	"\015\000V\364\345]q\245\335\310-11\261\\CG\021\210\256"
 259      E55D71A5 
 259      DDC82D31 
 259      31B15C43 
 259      471188AE 
 260 0716 3BDCA0A5 		.ascii	";\334\240\2453\010D\206\347\035s\245o\020\030J\210\256"
 260      33084486 
 260      E71D73A5 
 260      6F10184A 
 260      88AE
 261 0728 573B105A 		.ascii	"W;\020Z%'Ty\255,*U\275:A\232\242hmdS\2149\353\3506r"
 261      25275479 
 261      AD2C2A55 
 261      BD3A419A 
 261      A2686D64 
 262 0743 1926EE25 		.ascii	"\031&\356%\240\271\002\301\2640Y;GJY\222o\220\010\251"
 262      A0B902C1 
 262      B430593B 
 262      474A5992 
 262      6F9008A9 
 263 0757 14044C4A 		.ascii	"\024\004LJ\365j\222\267d\227L\351h\235\212\353\370\260"
 263      F56A92B7 
 263      64974CE9 
 263      689D8AEB 
 263      F8B0
 264 0769 F34D9BC8 		.ascii	"\363M\233\310*;\362\032Y\362\326\316\231\227\226\026"
 264      2A3BF21A 
 264      59F2D6CE 
 264      99979616 
ARM GAS  /tmp/ccOvBXvK.s 			page 21


 265 0779 9EADBEB3 		.ascii	"\236\255\276\263\015\257\240\005\357DvEY\257\323a\015"
 265      0DAFA005 
 265      EF447645 
 265      59AFD361 
 265      0D
 266 078a 4460B8F0 		.ascii	"D`\270\360F\264\232>D \177.6U\304\221u\224\325\017\332"
 266      46B49A3E 
 266      44207F2E 
 266      3655C491 
 266      7594D50F 
 267 079f 4EBB8BA6 		.ascii	"N\273\213\246\206\267l\275G.\021\332\217\270Y7\206\267"
 267      86B76CBD 
 267      472E11DA 
 267      8FB85937 
 267      86B7
 268 07b1 D011BC8E 		.ascii	"\320\021\274\216\030-Z\242\364)\002\215w[f\210\335\034"
 268      182D5AA2 
 268      F429028D 
 268      775B6688 
 268      DD1C
 269 07c3 68043D9B 		.ascii	"h\004=\233l\346@\364\325\342@:\207"
 269      6CE640F4 
 269      D5E2403A 
 269      87
 270 07d0 34E5CF2E 		.ascii	"4\345\317.5\331o\013\232\355h\206.\276O!\322\264l\261"
 270      35D96F0B 
 270      9AED6886 
 270      2EBE4F21 
 270      D2B46CB1 
 271 07e4 9937AD96 		.ascii	"\2317\255\226y3\336<\377DC\0179q\346\363-\211\005:z"
 271      7933DE3C 
 271      FF44430F 
 271      3971E6F3 
 271      2D89053A 
 272 07f9 0481A347 		.ascii	"\004\201\243G\206s\235\345\227\371[r\313\274\2529c\370"
 272      86739DE5 
 272      97F95B72 
 272      CBBCAA39 
 272      63F8
 273 080b 1FC8E6D5 		.ascii	"\037\310\346\325\035FG\001m\257\217\205x\037\244L\034"
 273      1D464701 
 273      6DAF8F85 
 273      781FA44C 
 273      1C
 274 081c B909449D 		.ascii	"\271\011D\235_Y\327\227\323D]\277\015\351\321f\207n"
 274      5F59D797 
 274      D3445DBF 
 274      0DE9D166 
 274      876E
 275 082e 5D616CEA 		.ascii	"]al\352y=$\334\015H8\356\270N\021\340;P\303\333atHW"
 275      793D24DC 
 275      0D4838EE 
 275      B84E11E0 
 275      3B50C3DB 
 276 0846 BCA93451 		.ascii	"\274\2514Q\242[E\211\226QG,\033s1\265\003n\353\344\345"
 276      A25B4589 
 276      9651472C 
ARM GAS  /tmp/ccOvBXvK.s 			page 22


 276      1B7331B5 
 276      036EEBE4 
 277 085b 343B96C3 		.ascii	"4;\226\303\232\275\232\264I\035m\342>t:3\271\010M\313"
 277      9ABD9AB4 
 277      491D6DE2 
 277      3E743A33 
 277      B9084DCB 
 278 086f 66B65E9F 		.ascii	"f\266^\237f\274\352\336\\\246\2319w\315\334)w\201G\003"
 278      66BCEADE 
 278      5CA69939 
 278      77CDDC29 
 278      77814703 
 279 0883 F07A00BF 		.ascii	"\360z\000\277\026\346\216\366]W\341y\005\023\236+\010"
 279      16E68EF6 
 279      5D57E179 
 279      05139E2B 
 279      08
 280 0894 98F0FB20 		.ascii	"\230\360\373 \370!\214.\030\335RC\227S\326\347rC\241"
 280      F8218C2E 
 280      18DD5243 
 280      9753D6E7 
 280      7243A1
 281 08a7 60D70902 		.ascii	"`\327\011\002\271\365Q\254\\)\236\210]\004n\271n\207"
 281      B9F551AC 
 281      5C299E88 
 281      5D046EB9 
 281      6E87
 282 08b9 6ED706F4 		.ascii	"n\327\006\364n\304\205\235E\351\236\003\356\226\335"
 282      6EC4859D 
 282      45E99E03 
 282      EE96DD
 283 08c8 5D696CF2 		.ascii	"]il\362\035\335:yS\316~\265)@}f)\365\265\216.c>fw\324"
 283      1DDD3A79 
 283      53CE7EB5 
 283      29407D66 
 283      29F5B58E 
 284 08e2 42431AA5 		.ascii	"BC\032\245\346}\320\355\212\207G\354\373 \230\356\231"
 284      E67DD0ED 
 284      8A8747EC 
 284      FB2098EE 
 284      99
 285 08f3 C03D8371 		.ascii	"\300=\203q\357\005\356\375\202\3730p\035\2001\010\343"
 285      EF05EEFD 
 285      82FB3070 
 285      1D803108 
 285      E3
 286 0904 118CA155 		.ascii	"\021\214\241UgAH\232Zi\361\343V\254K\265@pQ\020Z\353"
 286      6741489A 
 286      5A69F1E3 
 286      56AC4BB5 
 286      40705110 
 287 091a 5285D2D6 		.ascii	"R\205\322\326ac\251\233.\204\231\243\302\334H9\270\240"
 287      6163A99B 
 287      2E8499A3 
 287      C2DC4839 
 287      B8A0
 288 092c C40EBF78 		.ascii	"\304\016\277x\015~{\332\206\354U\007\237\026\350V\217"
ARM GAS  /tmp/ccOvBXvK.s 			page 23


 288      0D7E7BDA 
 288      86EC5507 
 288      9F16E856 
 288      8F
 289 093d 65AF419F 		.ascii	"e\257A\237O\363\314\266D\257\317\001\266%\034\240\177"
 289      4FF3CCB6 
 289      44AFCF01 
 289      B6251CA0 
 289      7F
 290 094e 7BCA47C7 		.ascii	"{\312G\307\315\014\275\007\360\256\011|\213\223m\263"
 290      CD0CBD07 
 290      F0AE097C 
 290      8B936DB3 
 291 095e BAA276F9 		.ascii	"\272\242v\371\242\007-T\343^{\245\242\322i\235\274\363"
 291      A2072D54 
 291      E35E7BA5 
 291      A2D2699D 
 291      BCF3
 292 0970 46FEB4F3 		.ascii	"F\376\264\363Xou.\346\031\245U\310\356\352\322b\243"
 292      586F752E 
 292      E619A555 
 292      C8EEEAD2 
 292      62A3
 293 0982 865E4120 		.ascii	"\206^A /\347\3655*_;\236\310\325\016\247\312\363\211"
 293      2FE7F535 
 293      2A5F3B9E 
 293      C8D50EA7 
 293      CAF389
 294 0995 CBEEBC78 		.ascii	"\313\356\274x\210\211\262\322C\007\312s\243\315\346"
 294      8889B2D2 
 294      4307CA73 
 294      A3CDE6
 295 09a4 86503579 		.ascii	"\206P5y\014\252d\001\335\004\374Zt\\\323q\002\311r\006"
 295      0CAA6401 
 295      DD04FC5A 
 295      745CD371 
 295      02C97206 
 296 09b8 2D863D76 		.ascii	"-\206=v\264\033I\004\274E\202\370\226vOA\336X3\323\306"
 296      B41B4904 
 296      BC4582F8 
 296      96764F41 
 296      DE5833D3 
 297 09cd EA39C098 		.ascii	"\3529\300\230\345\317&\204\311\317\300\314\2470\236"
 297      E5CF2684 
 297      C9CFC0CC 
 297      A7309E
 298 09dc C318974E 		.ascii	"\303\030\227N\254\306tz\271\202\213\030\203\310\217"
 298      ACC6747A 
 298      B9828B18 
 298      83C88F
 299 09eb 0A95E4BB 		.ascii	"\012\225\344\273Z\320\250+\203\026\"z:\240%\331\241"
 299      5AD0A82B 
 299      8316227A 
 299      3AA025D9 
 299      A1
 300 09fc BF9176AA 		.ascii	"\277\221v\252\335\346\211V\321\255\345\261-\346\345"
 300      DDE68956 
ARM GAS  /tmp/ccOvBXvK.s 			page 24


 300      D1ADE5B1 
 300      2DE6E5
 301 0a0b 674FF6D1 		.ascii	"gO\366\321\347\350\317CI\257/\272\320\031\004\022z\032"
 301      E7E8CF43 
 301      49AF2FBA 
 301      D0190412 
 301      7A1A
 302 0a1d EBDCED96 		.ascii	"\353\334\355\226\200)\340>m\263\004L\307\036:\353lw"
 302      8029E03E 
 302      6DB3044C 
 302      C71E3AEB 
 302      6C77
 303 0a2f 10668F97 		.ascii	"\020f\217\227\235t\344\252M\007\363\322F\311W\226\245"
 303      9D74E4AA 
 303      4D07F3D2 
 303      46C95796 
 303      A5
 304 0a40 6278A404 		.ascii	"bx\244\004z\363pg\256\304\225\206C\225:z\002\201\254"
 304      7AF37067 
 304      AEC49586 
 304      43953A7A 
 304      0281AC
 305 0a53 D4EECB5A 		.ascii	"\324\356\313Z;\215^\203\244Y[\215\352\323\317:\323\\"
 305      3B8D5E83 
 305      A4595B8D 
 305      EAD3CF3A 
 305      D35C
 306 0a65 247A9439 		.ascii	"$z\2249\036c\277\222\315\331\021U\\\270\030g\323\001"
 306      1E63BF92 
 306      CDD91155 
 306      5CB81867 
 306      D301
 307 0a77 CEDBFA50 		.ascii	"\316\333\372P\250Gc\023\227^\271\260\222 \177|4\003"
 307      A8476313 
 307      975EB9B0 
 307      92207F7C 
 307      3403
 308 0a89 8CDF8AF8 		.ascii	"\214\337\212\370.B\\\027l\342\372V\034X\0017~`\365\366"
 308      2E425C17 
 308      6CE2FA56 
 308      1C580137 
 308      7E60F5F6 
 309 0a9d AB17AAE9 		.ascii	"\253\027\252\351\217\260b\202o\370\321\231\014\272\210"
 309      8FB06282 
 309      6FF8D199 
 309      0CBA88
 310 0aac EA74CFC1 		.ascii	"\352t\317\301:\017Z\201&_\353*\177\242vp\274\365N^?"
 310      3A0F5A81 
 310      265FEB2A 
 310      7FA27670 
 310      BCF54E5E 
 311 0ac1 A08A7D5F 		.ascii	"\240\212}_\365J\234\027\304\261\304x\3322[\342B\353"
 311      F54A9C17 
 311      C4B1C478 
 311      DA325BE2 
 311      42EB
 312 0ad3 9165EEBD 		.ascii	"\221e\356\275\352>5m\347\000=\233r\360\205+\233E\230"
ARM GAS  /tmp/ccOvBXvK.s 			page 25


 312      EA3E356D 
 312      E7003D9B 
 312      72F0852B 
 312      9B4598
 313 0ae6 7E8329D2 		.ascii	"~\203)\322\364[\001\001\007\351Wdkc\252t\376,\013t\353"
 313      F45B0101 
 313      07E95764 
 313      6B63AA74 
 313      FE2C0B74 
 314 0afb FCF19299 		.ascii	"\374\361\222\231>\222z\256\340\350L}3\335LB\251E\375"
 314      3E927AAE 
 314      E0E84C7D 
 314      33DD4C42 
 314      A945FD
 315 0b0e 89E592A7 		.ascii	"\211\345\222\247*\372\000\325\275\333\375,SI\373\021"
 315      2AFA00D5 
 315      BDDBFD2C 
 315      5349FB11 
 316 0b1e 7871B820 		.ascii	"xq\270 \331I+s2\026N\355\216\216Y\263\234>\375ZE\247"
 316      D9492B73 
 316      32164EED 
 316      8E8E59B3 
 316      9C3EFD5A 
 317 0b34 90B6FB51 		.ascii	"\220\266\373Qc\013\241\263\010\\\030<\334L5\021\234"
 317      630BA1B3 
 317      085C183C 
 317      DC4C3511 
 317      9C
 318 0b45 51BD9451 		.ascii	"Q\275\224Q$0\212\242\032\236MRV\241gB\177E\3034\234"
 318      24308AA2 
 318      1A9E4D52 
 318      56A16742 
 318      7F45C334 
 319 0b5a 38E93574 		.ascii	"8\3515t\200r\304\321\016\210g\222\207\237\211^:\212"
 319      8072C4D1 
 319      0E886792 
 319      879F895E 
 319      3A8A
 320 0b6c C5E37467 		.ascii	"\305\343tgw\226;M@nQ\243s\265\262\307\341v\247}\254"
 320      77963B4D 
 320      406E51A3 
 320      73B5B2C7 
 320      E176A77D 
 321 0b81 499BBA11 		.ascii	"I\233\272\021G\245\251\035C\245\347U\261T\314\274\203"
 321      47A5A91D 
 321      43A5E755 
 321      B154CCBC 
 321      83
 322 0b92 23955D84 		.ascii	"#\225]\204\246\242\204\323\221g\2735\242c\345gOK\311"
 322      A6A284D3 
 322      9167BB35 
 322      A263E567 
 322      4F4BC9
 323 0ba5 6DD1CE34 		.ascii	"m\321\3164\013\237ZN\223<\305iR\373\354\311\327\216"
 323      0B9F5A4E 
 323      933CC569 
 323      52FBECC9 
ARM GAS  /tmp/ccOvBXvK.s 			page 26


 323      D78E
 324 0bb7 0F374F50 		.ascii	"\0177OP<\021;N\271>\203%}\015*z\0369\265O\036:\356\352"
 324      3C113B4E 
 324      B93E8325 
 324      7D0D2A7A 
 324      1E39B54F 
 325 0bcf A0DF4FA0 		.ascii	"\240\337O\240r\233\214\342\370\267\015:\353\201\332"
 325      729B8CE2 
 325      F8B70D3A 
 325      EB81DA
 326 0bde 067212CC 		.ascii	"\006r\022\314\211\243\033\311\021\312\204\235\242\236"
 326      89A31BC9 
 326      11CA849D 
 326      A29E
 327 0bec 2891DBD4 		.ascii	"(\221\333\324\2240\005+\355E\224u\367H\351Sqh8\316\016"
 327      9430052B 
 327      ED459475 
 327      F748E953 
 327      716838CE 
 328 0c01 0D87F3DA 		.ascii	"\015\207\363\332\303\305qZ\335\024C\350J\274\335\356"
 328      C3C5715A 
 328      DD1443E8 
 328      4ABCDDEE 
 329 0c11 4EAF21F6 		.ascii	"N\257!\366\322\323\033\305N\210\335\315\217\224:\352"
 329      D2D31BC5 
 329      4E88DDCD 
 329      8F943AEA 
 330 0c21 CA5DE5F2 		.ascii	"\312]\345\362H\346\025\004\353I\346\357g\250h\013\362"
 330      48E61504 
 330      EB49E6EF 
 330      67A8680B 
 330      F2
 331 0c32 0A2D4828 		.ascii	"\012-H(\325\322\373\010\324\334\257>Fh\037\002\267\252"
 331      D5D2FB08 
 331      D4DCAF3E 
 331      46681F02 
 331      B7AA
 332 0c44 6E3D76A1 		.ascii	"n=v\241\217\021\0309\027\361TeW\254\262\300\015\331"
 332      8F111839 
 332      17F15465 
 332      57ACB2C0 
 332      0DD9
 333 0c56 545AAC12 		.ascii	"TZ\254\022+\217Wj\351,\022\275j\210iQ\331\025\340\323"
 333      2B8F576A 
 333      E92C12BD 
 333      6A886951 
 333      D915E0D3 
 334 0c6a 7644854B 		.ascii	"vD\205K#\011Zi\032\344\330L\323\\\221\006\264\256'\272"
 334      23095A69 
 334      1AE4D84C 
 334      D35C9106 
 334      B4AE27BA 
 335 0c7e 5BE5B0C2 		.ascii	"[\345\260\302)\310\0311\377\316\302\374;G\245\375`-"
 335      29C81931 
 335      FFCEC2FC 
 335      3B47A5FD 
 335      602D
ARM GAS  /tmp/ccOvBXvK.s 			page 27


 336 0c90 6DC14200 		.ascii	"m\301B\000\274H&(p\346\253\012\301\330U\232\212\350"
 336      BC482628 
 336      70E6AB0A 
 336      C1D8559A 
 336      8AE8
 337 0ca2 BFD1920C 		.ascii	"\277\321\222\014ylK\203\327\226\332\031*6B\315|kZrl"
 337      796C4B83 
 337      D796DA19 
 337      2A3642CD 
 337      7C6B5A72 
 338 0cb7 3B8D74E1 		.ascii	";\215t\341\345\350xCR\270\343\212\014\033p\241o!\350"
 338      E5E87843 
 338      52B8E38A 
 338      0C1B70A1 
 338      6F21E8
 339 0cca 5B20D577 		.ascii	"[ \325w\254\206V\241\002\226z|\336\201\006\242\261\277"
 339      AC8656A1 
 339      02967A7C 
 339      DE8106A2 
 339      B1BF
 340 0cdc 42AF5897 		.ascii	"B\257X\227\345|*\213/\012\262\345\235\215\247xgS\275"
 340      E57C2A8B 
 340      2F0AB2E5 
 340      9D8DA778 
 340      6753BD
 341 0cef 901CAFA1 		.ascii	"\220\034\257\241\361.bw5]Mh\032\002I\007\363\216\272"
 341      F12E6277 
 341      355D4D68 
 341      1A024907 
 341      F38EBA
 342 0d02 CB158612 		.ascii	"\313\025\206\022\020P*S\030R\256%\235q\246\205H\235"
 342      10502A53 
 342      1852AE25 
 342      9D71A685 
 342      489D
 343 0d14 F138275A 		.ascii	"\3618'Z%G]\346\200:\246\353M\267\013\275\212\324w+\312"
 343      25475DE6 
 343      803AA6EB 
 343      4DB70BBD 
 343      8AD4772B 
 344 0d29 9274B4D1 		.ascii	"\222t\264\321\305\346\244\367\327\366'\275\277\306\303"
 344      C5E6A4F7 
 344      D7F627BD 
 344      BFC6C3
 345 0d38 81DC85E9 		.ascii	"\201\334\205\351Kn\3646\242?\230N\214T\3127_\227('a"
 345      4B6EF436 
 345      A23F984E 
 345      8C54CA37 
 345      5F972827 
 346 0d4d 4EAF8479 		.ascii	"N\257\204yy\021\247\375d\314\314\2623\275\217\324=\221"
 346      7911A7FD 
 346      64CCCCB2 
 346      33BD8FD4 
 346      3D91
 347 0d5f B3AD4E74 		.ascii	"\263\255Nt\200\003\252\367\217\347W4Dte\254\223\255"
 347      8003AAF7 
 347      8FE75734 
ARM GAS  /tmp/ccOvBXvK.s 			page 28


 347      447465AC 
 347      93AD
 348 0d71 A219E8E8 		.ascii	"\242\031\350\350*\230\332\227\201[\215\203\300\310n"
 348      2A98DA97 
 348      815B8D83 
 348      C0C86E
 349 0d80 9D141C9D 		.ascii	"\235\024\034\235I\277\012!\277\002\243V\032\366g\227"
 349      49BF0A21 
 349      BF02A356 
 349      1AF66797 
 350 0d90 29AEC28C 		.ascii	")\256\302\214y\205\035\363\265'\214\317\212%\350\325"
 350      79851DF3 
 350      B5278CCF 
 350      8A25E8D5 
 351 0da0 F2BA88A0 		.ascii	"\362\272\210\240\347w^\256\027K\350\017\000L\217\256"
 351      E7775EAE 
 351      174BE80F 
 351      004C8FAE 
 352 0db0 2B14EF20 		.ascii	"+\024\357 \262\330I\330|G\313!w\372\004\035`y\001\261"
 352      B2D849D8 
 352      7C47CB21 
 352      77FA041D 
 352      607901B1 
 353 0dc4 5EBC8068 		.ascii	"^\274\200h\233;\014K\347s|8\224\234{J\024*g\000\233"
 353      9B3B0C4B 
 353      E7737C38 
 353      949C7B4A 
 353      142A6700 
 354 0dd9 DF279D54 		.ascii	"\337'\235T:\254\2567Eum@7'\306\024<\266\351\263\330"
 354      3AACAE37 
 354      45756D40 
 354      3727C614 
 354      3CB6E9B3 
 355 0dee FB062B76 		.ascii	"\373\006+v#\265\036\023\345\367\216\216Pk%U\361\207"
 355      23B51E13 
 355      E5F78E8E 
 355      506B2555 
 355      F187
 356 0e00 372062B8 		.ascii	"7 b\270\265hb\225\364\246\245\222V\266$68\321\031\027"
 356      B5686295 
 356      F4A6A592 
 356      56B62436 
 356      38D11917 
 357 0e14 9B770DEB 		.ascii	"\233w\015\353\361]\303\344\333\331\347\356t\001\237"
 357      F15DC3E4 
 357      DBD9E7EE 
 357      74019F
 358 0e23 5DEA484E 		.ascii	"]\352HN\024\312\253\001\254[\030\034\3278T\376\226P"
 358      14CAAB01 
 358      AC5B181C 
 358      D73854FE 
 358      9650
 359 0e35 BE0D951F 		.ascii	"\276\015\225\037(n\037pZ\373\262\244\205\242q\012r\233"
 359      286E1F70 
 359      5AFBB2A4 
 359      85A2710A 
 359      729B
ARM GAS  /tmp/ccOvBXvK.s 			page 29


 360 0e47 6974CBA2 		.ascii	"it\313\242Qg\373\225\021\0355cn\366\037}]C\350a\016"
 360      5167FB95 
 360      111D3563 
 360      6EF61F7D 
 360      5D43E861 
 361 0e5c A82F2E74 		.ascii	"\250/.t\316j\261\317\027\215~c\021M\307\256\003\254"
 361      CE6AB1CF 
 361      178D7E63 
 361      114DC7AE 
 361      03AC
 362 0e6e 22F510C6 		.ascii	"\"\365\020\306\273\020F\253\255\222\375\244\330\256"
 362      BB1046AB 
 362      AD92FDA4 
 362      D8AE
 363 0e7c 164A73B0 		.ascii	"\026Js\260Y\020\310momr\260\0168^\343\272\336\0259\370"
 363      5910C86D 
 363      6F6D72B0 
 363      0E385EE3 
 363      BADE1539 
 364 0e91 00F2EF1E 		.ascii	"\000\362\357\036\214\3730\356\300\350\224\346\342\342"
 364      8CFB30EE 
 364      C0E894E6 
 364      E2E2
 365 0e9f 794972B5 		.ascii	"yIr\265\333\011\261\251@\254d\026\3204\260\002\266\204"
 365      DB09B1A9 
 365      40AC6416 
 365      D034B002 
 365      B684
 366 0eb1 E009D22A 		.ascii	"\340\011\322*\360\255\376\261;\035?/5\242C\236?&\257"
 366      F0ADFEB1 
 366      3B1D3F2F 
 366      35A2439E 
 366      3F26AF
 367 0ec4 66A4BBF6 		.ascii	"f\244\273\366\272\232\360\255.\036\256\200\274\251\253"
 367      BA9AF0AD 
 367      2E1EAE80 
 367      BCA9AB
 368 0ed3 34916FFA 		.ascii	"4\221o\372XiN\007\362~*\335\201\316\256\335\342W\323"
 368      58694E07 
 368      F27E2ADD 
 368      81CEAEDD 
 368      E257D3
 369 0ee6 9252AEDE 		.ascii	"\222R\256\336\005\250<\305\002\037\013\222\202\024\321"
 369      05A83CC5 
 369      021F0B92 
 369      8214D1
 370 0ef5 35D64CD5 		.ascii	"5\326L\325\010\356\254\214\316\223\265\334\363\350\232"
 370      08EEAC8C 
 370      CE93B5DC 
 370      F3E89A
 371 0f04 FD6D3E2D 		.ascii	"\375m>-\266-\327\375\016\227\027f\3735\232\216\312\244"
 371      B62DD7FD 
 371      0E971766 
 371      FB359A8E 
 371      CAA4
 372 0f16 517CEF20 		.ascii	"Q|\357 U&U\312\034t\231\277,ta\263\273\\hn-(o\344\243"
 372      552655CA 
ARM GAS  /tmp/ccOvBXvK.s 			page 30


 372      1C7499BF 
 372      2C7461B3 
 372      BB5C686E 
 373 0f2f FD1C843F 		.ascii	"\375\034\204?\343\217\372E\264{ \302\0030\372`<\204"
 373      E38FFA45 
 373      B47B20C2 
 373      0330FA60 
 373      3C84
 374 0f41 D10DA30B 		.ascii	"\321\015\243\013F/\225\234\005\264\026\321P\036u\026"
 374      462F959C 
 374      05B416D1 
 374      501E7516 
 375 0f51 8DEB4298 		.ascii	"\215\353B\2305s\244+\237\353\302\331\326K:\021\026K"
 375      3573A42B 
 375      9FEBC2D9 
 375      D64B3A11 
 375      164B
 376 0f63 3E33571F 		.ascii	">3W\037\243\231\350\014h\337\3101\340\361\304\306\031"
 376      A399E80C 
 376      68DFC831 
 376      E0F1C4C6 
 376      19
 377 0f74 47D6D8D7 		.ascii	"G\326\330\327\236JOr\373X\367\314^\2530tkO\275d\263"
 377      9E4A4F72 
 377      FB58F7CC 
 377      5EAB3074 
 377      6B4FBD64 
 378 0f89 DD67DE4B 		.ascii	"\335g\336K\246E\350\275C\340\2750\301\337\342=D\337"
 378      A645E8BD 
 378      43E0BD30 
 378      C1DFE23D 
 378      44DF
 379 0f9b 61EDE933 		.ascii	"a\355\3513\031"
 379      19
 380 0fa0 777654C1 		.ascii	"wvT\301v\236,\224\014\333\272\343}\275f\017\335{M8\200"
 380      769E2C94 
 380      0CDBBAE3 
 380      7DBD660F 
 380      DD7B4D38 
 381 0fb5 199E2298 		.ascii	"\031\236\"\230[\2359\261\006}>\226\236@\366\320\334"
 381      5B9D39B1 
 381      067D3E96 
 381      9E40F6D0 
 381      DC
 382 0fc6 9178816F 		.ascii	"\221x\201om\371\326D\2761I\352\233\243\016|c\277CO\006"
 382      6DF9D644 
 382      BE3149EA 
 382      9BA30E7C 
 382      63BF434F 
 383 0fdb 8649F00C 		.ascii	"\206I\360\014\032Z$a\001}\014\301\033\2041\012c\034"
 383      1A5A2461 
 383      017D0CC1 
 383      1B84310A 
 383      631C
 384 0fed C6108C47 		.ascii	"\306\020\214G0\236\302\030\2061\006cD\032\334\306<\232"
 384      309EC218 
 384      86310663 
ARM GAS  /tmp/ccOvBXvK.s 			page 31


 384      441ADCC6 
 384      3C9A
 385 0fff 84       		.ascii	"\204"
 386 1000 73748678 		.ascii	"st\206x\222i\341\013\353\013\337\027k\215K\245\347\261"
 386      9269E10B 
 386      EB0BDF17 
 386      6B8D4BA5 
 386      E7B1
 387 1012 32BD07DF 		.ascii	"2\275\007\337M\212\320X\247\301\213\265\241\231J\242"
 387      4D8AD058 
 387      A7C18BB5 
 387      A1994AA2 
 388 1022 85189AC3 		.ascii	"\205\030\232\3030\313\"dC#\026\244\336\233\245\257\265"
 388      30CB2264 
 388      432316A4 
 388      DE9BA5AF 
 388      B5
 389 1033 341E2B64 		.ascii	"4\036+dM\346P\244j\235\274\305\023\177\231\305\344\031"
 389      4DE650A4 
 389      6A9DBCC5 
 389      137F99C5 
 389      E419
 390 1045 655F450C 		.ascii	"e_E\014\027\334J\026\235\362[\326W'\227M?\327\321t\024"
 390      17DC4A16 
 390      9DF25BD6 
 390      5727974D 
 390      3FD7D174 
 391 105a 6B793DB4 		.ascii	"ky=\264\036_\017\235on\356\321\321\323\370\254a\261"
 391      1E5F0F9D 
 391      6F6EEED1 
 391      D1D3F8AC 
 391      61B1
 392 106c 37C29516 		.ascii	"7\302\225\026#\020]t\367\245\207\345\023\"\263\315'"
 392      23105D74 
 392      F7A587E5 
 392      1322B3CD 
 392      27
 393 107d 44D3D4EE 		.ascii	"D\323\324\356\023\" \310)\036\311\323\321\353H}\343"
 393      132220C8 
 393      291EC9D3 
 393      D1EB487D 
 393      E3
 394 108e 58429F07 		.ascii	"XB\237\007mE\340`C\357\033\261\331\312\252\267\351M"
 394      6D45E060 
 394      43EF1BB1 
 394      D9CAAAB7 
 394      E94D
 395 10a0 20172D4D 		.ascii	" \027-M\221\2445\211\036)Zv\243\235H\234\326:\327Kd"
 395      91A43589 
 395      1E295A76 
 395      A39D489C 
 395      D63AD74B 
 396 10b5 89C92CE8 		.ascii	"\211\311,\350!G\337y\356x\243\226\016qz\247W\367\232"
 396      2147DF79 
 396      EE78A396 
 396      0E717AA7 
 396      57F79A
ARM GAS  /tmp/ccOvBXvK.s 			page 32


 397 10c8 6AAD874C 		.ascii	"j\255\207L\020\260G\003NS7\333\216\232\263B)y\011\263"
 397      10B04703 
 397      4E5337DB 
 397      8E9AB342 
 397      297909B3 
 398 10dc E9157059 		.ascii	"\351\025pY`3~\365\035\221\335\316\277\350\243\323|\347"
 398      60337EF5 
 398      1D91DDCE 
 398      BFE8A3D3 
 398      7CE7
 399 10ee 3F07C266 		.ascii	"?\007\302f\004\372\237\372h\306Z\255\026D$\337B\244"
 399      04FA9FFA 
 399      68C65AAD 
 399      164424DF 
 399      42A4
 400 1100 DEC07807 		.ascii	"\336\300x\007cQ\232\243\363U\353\221?\333\261\317\333"
 400      63519AA3 
 400      F355EB91 
 400      3FDBB1CF 
 400      DB
 401 1111 F15FBB8C 		.ascii	"\361_\273\214,\227l:\036f\316\373-\327~J^\373I\212)"
 401      2C976C3A 
 401      1E66CEFB 
 401      2DD77E4A 
 401      5EFB498A 
 402 1126 77F34CF9 		.ascii	"w\363L\371u%\215p\305mj}}\234\332\301\371\366{\301\307"
 402      75258D70 
 402      C56D6A7D 
 402      7D9CDAC1 
 402      F9F67BC1 
 403 113b 81A22CAD 		.ascii	"\201\242,\255\232\232#4\364$\262\272>\365\352\202\212"
 403      9A9A2334 
 403      F424B2BA 
 403      3EF5EA82 
 403      8A
 404 114c A6221013 		.ascii	"\246\"\020\023\232\372S\232\301\257\351h\317\330s\347"
 404      9AFA539A 
 404      C1AFE968 
 404      CFD873E7 
 405 115c AF68FF43 		.ascii	"\257h\377CU(\343\240j3\011SI\234\360\350\205\323\261"
 405      5528E3A0 
 405      6A330953 
 405      499CF0E8 
 405      85D3B1
 406 116f 4347F0CD 		.ascii	"CG\360\315\001\363\203YE9\262\303\015\313\310_\343Z"
 406      01F38359 
 406      4539B2C3 
 406      0DCBC85F 
 406      E35A
 407 1181 CD8F39A8 		.ascii	"\315\2179\250,\262e\277\362$\374H\202\007\255Cm\373"
 407      2CB265BF 
 407      F224FC48 
 407      8207AD43 
 407      6DFB
 408 1193 DF26BFB2 		.ascii	"\337&\277\262|{\342\316z\337K\223\243\226m\347K~z\363"
 408      7C7BE2CE 
 408      7ADF4B93 
ARM GAS  /tmp/ccOvBXvK.s 			page 33


 408      A3966DE7 
 408      4B7E7AF3 
 409 11a7 F6F02B0F 		.ascii	"\366\360+\017\332\306\261\235\352\242\007cux\346l3W"
 409      DAC6B19D 
 409      EAA20763 
 409      7578E66C 
 409      3357
 410 11b9 23541BC9 		.ascii	"#T\033\311!\025;\266\000=\243\204Q\207\301\250\2430"
 410      21153BB6 
 410      003DA384 
 410      5187C1A8 
 410      A330
 411 11cb A2611C91 		.ascii	"\242a\034\221\0327v\376[\361X2a\212\222e\212$\226\371"
 411      1A3776FE 
 411      5BF15832 
 411      618A9265 
 411      8A2496F9 
 412 11df BEE6749E 		.ascii	"\276\346t\236\255\305\231\233\342\371\372\300>h\212"
 412      ADC5999B 
 412      E2F9FAC0 
 412      3E688A
 413 11ee 141264DE 		.ascii	"\024\022d\336\231\011\354\202\365x\030\274\004\314_"
 413      9909EC82 
 413      F57818BC 
 413      04CC5F
 414 11fd 08E6D6FC 		.ascii	"\010\346\326\374{\276f\361\231\312\327b\271g\036c\213"
 414      7BBE66F1 
 414      99CAD762 
 414      B9671E63 
 414      8B
 415 120e 8F2D736B 		.ascii	"\217-sk\2721{\330Q\341\300\3205\227a\362\210\260\217"
 415      BA317BD8 
 415      51E1C0D0 
 415      359761F2 
 415      88B08F
 416 1221 1B0929F4 		.ascii	"\033\011)\364&\012\366\037\373\0077\267\354\227\260"
 416      260AF61F 
 416      FB0737B7 
 416      EC97B0
 417 1230 6B223E07 		.ascii	"k\">\007\345\177\204\375\011<\374a\010x\017\177,\377"
 417      E57F84FD 
 417      093CFC61 
 417      08780F7F 
 417      2CFF
 418 1242 E03DA5E0 		.ascii	"\340=\245\340b\371\204\222 \015r\347\240\2045>'\342"
 418      62F98492 
 418      200D72E7 
 418      A084353E 
 418      27E2
 419 1254 B9850912 		.ascii	"\271\205\011\022\240VVBqK)\304I)\210\235\306V\206\212"
 419      A0565642 
 419      714B29C4 
 419      4929889D 
 419      C656868A 
 420 1268 55A6963F 		.ascii	"U\246\226?q\315\366yK1\231\356#d(\024\374\371r\356\210"
 420      71CDF679 
 420      4B3199EE 
ARM GAS  /tmp/ccOvBXvK.s 			page 34


 420      23642814 
 420      FCF972EE 
 421 127d 9F17F95A 		.ascii	"\237\027\371Z\334\267\0258\031.\277[\244\3649\346\332"
 421      DCB71538 
 421      192EBF5B 
 421      A4F439E6 
 421      DA
 422 128e 9DECB928 		.ascii	"\235\354\271(\007ET\346;L\266D\324\205\245\343k\367"
 422      074554E6 
 422      3B4CB644 
 422      D485A5E3 
 422      6BF7
 423 12a0 389556BC 		.ascii	"8\225V\274wo\237\214MV\362{\254u\212W\251\376\"\316"
 423      776F9F8C 
 423      4D56F27B 
 423      AC758A57 
 423      A9FE22CE 
 424 12b4 717726B2 		.ascii	"qw&\262)\347r\0028\037G.\305S7\236\331\274+g\022\254"
 424      29E77202 
 424      381F472E 
 424      C553379E 
 424      D9BC2B67 
 425 12ca A5E4A4EA 		.ascii	"\245\344\244\352\353\012\222\240\022/\313#&\336U\272"
 425      EB0A92A0 
 425      122FCB23 
 425      26DE55BA 
 426 12da 7F27CB3C 		.ascii	"\177'\313<4d\256{\032\345\034\225\023\001\263\225\374"
 426      3464AE7B 
 426      1AE51C95 
 426      1301B395 
 426      FC
 427 12eb 84619163 		.ascii	"\204a\221c\220\243\342l\203]+H\254j\204\220\030\325"
 427      90A3E26C 
 427      835D2B48 
 427      AC6A8490 
 427      18D5
 428 12fd 3073E829 		.ascii	"0s\350)\325w\200|\374NS\032\245\231n\3341s\327\323:"
 428      D577807C 
 428      FC4E531A 
 428      A5996EDC 
 428      3173D7D3 
 429 1312 D9A7546A 		.ascii	"\331\247Tj\334\335:\363\323\236\246\037\342\035\246"
 429      DCDD3AF3 
 429      D39EA61F 
 429      E21DA6
 430 1321 CE7EB8F3 		.ascii	"\316~\270\363\360\350\275>5\315G\212\305\344\367e\256"
 430      F0E8BD3E 
 430      35CD478A 
 430      C5E4F765 
 430      AE
 431 1332 928D8B64 		.ascii	"\222\215\213d\035HQq2fp2L\313$\0257xa\242\364\206\013"
 431      1D485171 
 431      32667032 
 431      4CCB2415 
 431      377861A2 
 432 1349 373875D5 		.ascii	"78u\325\225/\016\335\237qw\370m@:37\315bnh\344\223z"
 432      952F0EDD 
ARM GAS  /tmp/ccOvBXvK.s 			page 35


 432      9F7177F8 
 432      6D403A33 
 432      37CD626E 
 433 1361 37662E7B 		.ascii	"7f.{1\021\343\374<\032\314\315&\034\213$J\314\205k\314"
 433      3111E3FC 
 433      3C1ACCCD 
 433      261C8B24 
 433      4ACC856B 
 434 1376 8E0C6E66 		.ascii	"\216\014nf\366dz\247\216>B\245[+O\324\340\007\012\374"
 434      F6647AA7 
 434      8E3E42A5 
 434      5B2B4FD4 
 434      E0070AFC 
 435 138a 580FEEF4 		.ascii	"X\017\356\364\035*\213\265{\375\253 \331*\351\331Pr"
 435      1D2A8BB5 
 435      7BFDAB20 
 435      D92AE9D9 
 435      5072
 436 139c C9E5721D 		.ascii	"\311\345r\035\035G\036\023]E=\366\247P\247A\003[\242"
 436      1D471E13 
 436      5D453DF6 
 436      A750A741 
 436      035BA2
 437 13af C67327BC 		.ascii	"\306s'\274l\316\223l\352a\256J\034+\306\207\276>\353"
 437      6CCE936C 
 437      EA61AE4A 
 437      1C2BC687 
 437      BE3EEB
 438 13c2 CC55825B 		.ascii	"\314U\202[$\013\363`\371Bo#\221\372\3457\32248\313\374"
 438      240BF360 
 438      F9426F23 
 438      91FAE537 
 438      D23438CB 
 439 13d7 72C6E297 		.ascii	"r\306\342\227\311[m}J\341\227\351L\347\361\366\210\272"
 439      C95B6D7D 
 439      4AE197E9 
 439      4CE7F1F6 
 439      88BA
 440 13e9 FFE43824 		.ascii	"\377\3448$S\342\225L\213W\316q\257L\036ONq\247e:\234"
 440      53E2954C 
 440      8B57CE71 
 440      AF4C1E4F 
 440      4E71A765 
 441 13ff 22634D1D 		.ascii	"\"cM\035\036\364\"\002\245C\303'\265\353\344kk\376W"
 441      1EF42202 
 441      A543C327 
 441      B5EBE46B 
 441      6BFE57
 442 1412 D7569622 		.ascii	"\327V\226\"\365\257\313\224\337\315\341\312\300\012"
 442      F5AFCB94 
 442      DFCDE1CA 
 442      C00A
 443 1420 D27FAECD 		.ascii	"\322\177\256\315l\316v#\347\201(\017\265Y\345\246`w"
 443      6CCE7623 
 443      E781280F 
 443      B559E5A6 
 443      6077
ARM GAS  /tmp/ccOvBXvK.s 			page 36


 444 1432 984605AA 		.ascii	"\230F\005\252\357\262\335vn\374i5\275\201J\27491>\265"
 444      EFB2DD76 
 444      6EFC6935 
 444      BD814ABC 
 444      39313EB5 
 445 1446 FA755BB8 		.ascii	"\372u[\270Mr\025\252\354^]\221\"\025\377^:\177a\304"
 445      4D7215AA 
 445      EC5E5D91 
 445      2215FF5E 
 445      3A7F61C4 
 446 145a D9E62310 		.ascii	"\331\346#\020\033\217\027s\217\263\037\300\235\035|"
 446      1B8F1773 
 446      8FB31FC0 
 446      9D1D7C
 447 1469 10EB2EC5 		.ascii	"\020\353.\305e\376\262\342\226 n\011\307}3\230|\321"
 447      65FEB2E2 
 447      96206E09 
 447      C77D3398 
 447      7CD1
 448 147b 498AFBDE 		.ascii	"I\212\373\336\346EC)\342\226r\334\007\227\343{l\216"
 448      E6454329 
 448      E29672DC 
 448      0797E37B 
 448      6C8E
 449 148d 1746A1CB 		.ascii	"\027F\241\313\265\342\226!n\031\307M\310;\266b\363N"
 449      B5E29621 
 449      6E19C74D 
 449      C83BB662 
 449      F34E
 450 149f 65DC06F7 		.ascii	"e\334\006\367\002\342^\340\270\2457'\322\334\244\270"
 450      02E25EE0 
 450      B8A53727 
 450      D2DCA4B8 
 451 14af E936FA96 		.ascii	"\3516\372\226#.\373\371\306\326\255^\360\277o\210A\357"
 451      232EFBF9 
 451      C6D6AD5E 
 451      F0BF6F88 
 451      41EF
 452 14c1 6534F87A 		.ascii	"e4\370z\371\204\030\275M\001A\372\255\276\232\177\375"
 452      F98418BD 
 452      4D0141FA 
 452      ADBE9A7F 
 452      FD
 453 14d2 8FFFFAF6 		.ascii	"\217\377\372\366\317~\374c\205fo@\260i\373\247\336&"
 453      CF7EFC63 
 453      85666F40 
 453      B069FBA7 
 453      DE26
 454 14e4 6776F123 		.ascii	"gv\361#o\023\335\027d\322\3754\304\370\331\347&\203"
 454      6F13DD17 
 454      64D2FD34 
 454      C4F8D9E7 
 454      2683
 455 14f6 DE27E8BF 		.ascii	"\336'\350\277\377\375\013WF\026b\344\240\263\257\277"
 455      FFFD0B57 
 455      461662E4 
 455      A0B3AFBF 
ARM GAS  /tmp/ccOvBXvK.s 			page 37


 456 1506 4F70B03E 		.ascii	"Op\260>P\307\356\005\204\010\310\015\360\177\371\331"
 456      50C7EE05 
 456      8408C80D 
 456      F07FF9D9 
 457 1516 CF10F896 		.ascii	"\317\020\370\226Dh@0\012\015\020\344[\375\025Z+o\025"
 457      44684030 
 457      0A0D10E4 
 457      5BFD155A 
 457      2B6F15
 458 1529 901BD43B 		.ascii	"\220\033\324;\367\356\332\2457\250\015\372\240\020\223"
 458      F7EEDAA5 
 458      37A80DFA 
 458      A01093
 459 1538 DE55BFCF 		.ascii	"\336U\277\317\364o\001F\223>Xop\332\025\350\263\333"
 459      F46F0146 
 459      933E586F 
 459      70DA15E8 
 459      B3DB
 460 154a E8A6DFA7 		.ascii	"\350\246\337\247\0176\361Ko\223\232\003FW\376\023\344"
 460      0F36F14B 
 460      6F939A03 
 460      4657FE13 
 460      E4
 461 155b 63FCD2DB 		.ascii	"c\374\322\333\244\011\024\350.\276\376\336&\177\340"
 461      A40914E8 
 461      2EBEFEDE 
 461      267FE0
 462 156a EBA7C11F 		.ascii	"\353\247\301\037o\223*X\277\337\344\316\221\275-h\037"
 462      6F932A58 
 462      BFDFE4CE 
 462      91BD2D68 
 462      1F
 463 157b D882C0F3 		.ascii	"\330\202\300\363\017\234\371VT\373K\275\001l\360\372"
 463      0F9CF956 
 463      54FB4BBD 
 463      016CF0FA 
 464 158b 997FC0CE 		.ascii	"\231\177\300\316\200\317>\367\0121z\031L\314\214\300"
 464      80CF3EF7 
 464      0A317A19 
 464      4CCC8CC0 
 465 159b BD7E7A2F 		.ascii	"\275~z/_\177\224\017f\270\200\242\237\207\3545\370\352"
 465      5F7F940F 
 465      66B880A2 
 465      9F87EC35 
 465      F8EA
 466 15ad 51416F23 		.ascii	"QAo#\007\334\245\200\267\311\211y\333\240\361\365\011"
 466      07DCA580 
 466      B7C98979 
 466      DBA0F1F5 
 466      09
 467 15be 0CDCE9E3 		.ascii	"\014\334\351\343\373\345\007\240\342\276\000\203i\257"
 467      FBE507A0 
 467      E2BE0083 
 467      69AF
 468 15cc 4F208F83 		.ascii	"O \217\203\301\303\006\002c\366\231v\355\015\366\205"
 468      C1C30602 
 468      63F69976 
ARM GAS  /tmp/ccOvBXvK.s 			page 38


 468      ED0DF685 
 469 15dc 0B0886DE 		.ascii	"\013\010\206\336\260\317'\320\223\271/0$x\267\345\206"
 469      B0CF27D0 
 469      93B92F30 
 469      2478B7E5 
 469      86
 470 15ed B7C9D564 		.ascii	"\267\311\325d\010\330\275[o`4:KH\215&\237\240=*v\305"
 470      08D8BD5B 
 470      6F60343A 
 470      4B488D26 
 470      9FA03D2A 
 471 1603 23FAE90F 		.ascii	"#\372\351\017\274M\377\210\026\231\340\231\327\036\275"
 471      BC4DFF88 
 471      1699E099 
 471      D71EBD
 472 1612 21608FBF 		.ascii	"!`\217\277\336p`K`\240\237\327Ow\374x\333\247\336\373"
 472      DE70604B 
 472      60A09FD7 
 472      4F77FC78 
 472      DBA7DEFB 
 473 1626 B67B21C6 		.ascii	"\266{!\306\332h\361\024\361Wx\330\360\3666)\367\231"
 473      DA68F114 
 473      F15778D8 
 473      F0F63629 
 473      F799
 474 1638 E81E1F83 		.ascii	"\350\036\037\203\212i\350\344\307\034\250\332c\320\357"
 474      8A69E8E4 
 474      C71CA8DA 
 474      63D0EF
 475 1647 D381517E 		.ascii	"\323\201Q~\372@\223\017\367\251\207\015\004\036\340"
 475      FA40930F 
 475      F7A9870D 
 475      041EE0
 476 1656 80CE78C0 		.ascii	"\200\316x\300h5`\313\237\345jF\317<\015\231\021\030"
 476      683560CB 
 476      9FE56A46 
 476      CF3C0D99 
 476      1118
 477 1668 E2E3E7F5 		.ascii	"\342\343\347\365g\021\205\354\374\235\336\027\003d\321"
 477      671185EC 
 477      FC9DDE17 
 477      0364D1
 478 1677 DEE0ECBB 		.ascii	"\336\340\354\273\023\324\366\011\332\350\300T\003`\273"
 478      13D4F609 
 478      DAE8C054 
 478      0360BB
 479 1686 AE026067 		.ascii	"\256\002`g\200\337:\006\032\375\365\201\201\230\226"
 479      80DF3A06 
 479      1AFDF581 
 479      819896
 480 1695 01904C72 		.ascii	"\001\220Lr\344\034\205\351\210\351\375!\344\366\347"
 480      E41C85E9 
 480      88E9FD21 
 480      E4F6E7
 481 16a4 ECD6EADC 		.ascii	"\354\326\352\334q\007,\216\204\010\037\254\022\211\231"
 481      71072C8E 
 481      84081FAC 
ARM GAS  /tmp/ccOvBXvK.s 			page 39


 481      128999
 482 16b3 E361A110 		.ascii	"\343a\241\020\223\307\335\226\2036\304h\231\015j\314"
 482      93C7DD96 
 482      8336C468 
 482      990D6ACC 
 483 16c3 29B56F48 		.ascii	")\265oH\360\256\200\335\037Z\031q\030\034\015Q2\351"
 483      F0AE80DD 
 483      1F5A1971 
 483      181C0D51 
 483      32E9
 484 16d5 DD57EF73 		.ascii	"\335W\357s\360\003[\020\222}\217!$h\017L\014\237 \275"
 484      F0035B10 
 484      927D8F21 
 484      24680F4C 
 484      0C9F20BD 
 485 16e9 8B98267F 		.ascii	"\213\230&\177\360\321\032M_\372\004\006\354\016\366"
 485      F0D11A4D 
 485      5FFA0406 
 485      EC0EF6
 486 16f8 36B9AC52 		.ascii	"6\271\254R\270\204@\322\370\230\002B\202\265\372\375"
 486      B88440D2 
 486      F8980242 
 486      82B5FAFD 
 487 1708 7A5FC660 		.ascii	"z_\306`\257\021\202a\202\030:\373\206\004\005\371\004"
 487      AF118261 
 487      82183AFB 
 487      860405F9 
 487      04
 488 1719 FB49ECC1 		.ascii	"\373I\354\301\033\236ko\000G\203\376\367{!\207\364~"
 488      1B9E6B6F 
 488      004783FE 
 488      F77B2187 
 488      F47E
 489 172b DA401FE0 		.ascii	"\332@\037\340\342\313Xz\254\342!\374\341\032\030\352"
 489      E2CB587A 
 489      ACE221FC 
 489      E11A18EA 
 490 173b 913F181E 		.ascii	"\221?\030\036b8\240\326\373\005\000\255\332\030\360"
 490      6238A0D6 
 490      FB0500AD 
 490      DA18F0
 491 174a BFA0BFC6 		.ascii	"\277\240\277\306\250\017\204\000\353\375\234}\367\032"
 491      A80F8400 
 491      EBFD9C7D 
 491      F71A
 492 1758 0C30D59C 		.ascii	"\0140\325\234\002\202\367\3545\251}\014\273\241\216"
 492      0282F7EC 
 492      35A97D0C 
 492      BBA18E
 493 1767 A88DFADF 		.ascii	"\250\215\372\337\007\352\203\331\017@.\200b\0141\354"
 493      07EA83D9 
 493      0F402E80 
 493      620C31EC 
 494 1777 0931AAE1 		.ascii	"\0111\252\341\346n\223\277\353\252\020(\015F\243q\217"
 494      E66E93BF 
 494      EBAA1028 
 494      0D46A371 
ARM GAS  /tmp/ccOvBXvK.s 			page 40


 494      8F
 495 1788 6B5088DF 		.ascii	"kP\210\337^\340\027\2627\330\204\232\303M\274\307\""
 495      5EE017B2 
 495      37D8849A 
 495      C34DBCC7 
 495      22
 496 1799 AEC1CB5F 		.ascii	"\256\301\313_\3721\337\356\326{X08\344m\322\032\017"
 496      FA31DFEE 
 496      D67B5830 
 496      38E46DD2 
 496      1A0F
 497 17ab 04FB6254 		.ascii	"\004\373bT\276)\227\033\200\011\251\341n\271\366\363"
 497      BE29971B 
 497      8009A9E1 
 497      6EB9F6F3 
 498 17bb 81490161 		.ascii	"\201I\001ab\362\225!F\325\356=\001!\233\344\350\016"
 498      62F29521 
 498      46D5EE3D 
 498      01219BE4 
 498      E80E
 499 17cd 80AF78   		.ascii	"\200\257x"
 500 17d0 A5B4421A 		.ascii	"\245\264B\032K\001U\376@\241\3611\004\355\373\341\226"
 500      4B0155FE 
 500      40A1F131 
 500      04EDFBE1 
 500      96
 501 17e1 208516C8 		.ascii	" \205\026\310L\372\375[\202v(6\000\352\027\220\275?"
 501      4CFAFD5B 
 501      82762836 
 501      00EA1790 
 501      BD3F
 502 17f3 F739F0D9 		.ascii	"\3679\360\331\256_\351\365_\376\013\204\371\347\020"
 502      AE5FE9F5 
 502      5FFE0B84 
 502      F9E710
 503 1802 F16F3A5C 		.ascii	"\361o:\\\001\024P/\277\360\367\373\347\375\001&\247"
 503      0114502F 
 503      BFF0F7FB 
 503      E7FD0126 
 503      A7
 504 1813 202324D0 		.ascii	" #$\320\2377\3010g\330\004\323\370\372\3571\300\244"
 504      9F37C130 
 504      67D804D3 
 504      F8FAEF31 
 504      C0A4
 505 1825 DEB5FE9F 		.ascii	"\336\265\376\237|\214\372\317Y\220\203M\001>\"sw8\342"
 505      7C8CFACF 
 505      5990834D 
 505      013E2273 
 505      7738E2
 506 1838 E6EF13E8 		.ascii	"\346\357\023\350\025\030\260\323\013\3551zY\270\000"
 506      1518B0D3 
 506      0BED317A 
 506      59B800
 507 1847 470ADAB9 		.ascii	"G\012\332\271Y\215\206\000\260R\266\343\373\336\246"
 507      598D8600 
 507      B052B6E3 
ARM GAS  /tmp/ccOvBXvK.s 			page 41


 507      FBDEA6
 508 1856 FF07DB99 		.ascii	"\377\007\333\231\310\005"
 508      C805
 509              		.text
 510              		.section	.gnu.lto_.symtab.a97aeadc89244818,"e",%progbits
 511 0000 616F7354 		.ascii	"aosTimeDayOfWeekFromDate\000"
 511      696D6544 
 511      61794F66 
 511      5765656B 
 511      46726F6D 
 512 0019 00       		.ascii	"\000"
 513 001a 00       		.ascii	"\000"
 514 001b 00       		.ascii	"\000"
 515 001c 00000000 		.ascii	"\000\000\000\000\000\000\000\000"
 515      00000000 
 516 0024 16020000 		.ascii	"\026\002\000\000"
 517 0028 616F7300 		.ascii	"aos\000"
 518 002c 00       		.ascii	"\000"
 519 002d 02       		.ascii	"\002"
 520 002e 00       		.ascii	"\000"
 521 002f 00000000 		.ascii	"\000\000\000\000\000\000\000\000"
 521      00000000 
 522 0037 2B020000 		.ascii	"+\002\000\000"
 523 003b 63685468 		.ascii	"chThdExit\000"
 523      64457869 
 523      7400
 524 0045 00       		.ascii	"\000"
 525 0046 02       		.ascii	"\002"
 526 0047 00       		.ascii	"\000"
 527 0048 00000000 		.ascii	"\000\000\000\000\000\000\000\000"
 527      00000000 
 528 0050 1E020000 		.ascii	"\036\002\000\000"
 529 0054 63687072 		.ascii	"chprintf\000"
 529      696E7466 
 529      00
 530 005d 00       		.ascii	"\000"
 531 005e 02       		.ascii	"\002"
 532 005f 00       		.ascii	"\000"
 533 0060 00000000 		.ascii	"\000\000\000\000\000\000\000\000"
 533      00000000 
 534 0068 27020000 		.ascii	"'\002\000\000"
 535              		.text
 536              		.section	.gnu.lto_.opts,"e",%progbits
 537 0000 272D666E 		.ascii	"'-fno-openmp' '-fno-openacc' '-fno-pie' '-mcpu=cort"
 537      6F2D6F70 
 537      656E6D70 
 537      2720272D 
 537      666E6F2D 
 538 0033 65782D6D 		.ascii	"ex-m3' '-mthumb' '-mfloat-abi=soft' '-march=armv7-m"
 538      33272027 
 538      2D6D7468 
 538      756D6227 
 538      20272D6D 
 539 0066 2720272D 		.ascii	"' '-O2' '-fstack-usage' '-ffunction-sections' '-fda"
 539      4F322720 
 539      272D6673 
 539      7461636B 
ARM GAS  /tmp/ccOvBXvK.s 			page 42


 539      2D757361 
 540 0099 74612D73 		.ascii	"ta-sections' '-fno-common' '-flto' '-fshort-enums'\000"
 540      65637469 
 540      6F6E7327 
 540      20272D66 
 540      6E6F2D63 
 541              		.text
 542              		.comm	__gnu_lto_v1,1,1
 543              		.comm	__gnu_lto_slim,1,1
 544              		.ident	"GCC: (GNU Arm Embedded Toolchain 9-2020-q2-update) 9.3.1 20200408 (release)"
ARM GAS  /tmp/ccOvBXvK.s 			page 43


DEFINED SYMBOLS
                            *ABS*:0000000000000000 aos_time.c
                            *COM*:0000000000000001 __gnu_lto_v1
                            *COM*:0000000000000001 __gnu_lto_slim

NO UNDEFINED SYMBOLS
