ARM GAS  /tmp/ccAoOPl3.s 			page 1


   1              		.cpu cortex-m3
   2              		.eabi_attribute 20, 1
   3              		.eabi_attribute 21, 1
   4              		.eabi_attribute 23, 3
   5              		.eabi_attribute 24, 1
   6              		.eabi_attribute 25, 1
   7              		.eabi_attribute 26, 1
   8              		.eabi_attribute 30, 2
   9              		.eabi_attribute 34, 1
  10              		.eabi_attribute 18, 4
  11              		.file	"hal.c"
  12              		.section	.gnu.lto_.profile.65c59e5d9040e7cf,"e",%progbits
  13 0000 789CE360 		.ascii	"x\234\343``\004B \000\000\000]\000\013"
  13      60044220 
  13      0000005D 
  13      000B
  14              		.text
  15              		.section	.gnu.lto_.icf.65c59e5d9040e7cf,"e",%progbits
  16 0000 789CE360 		.ascii	"x\234\343``d\340`@\000F\206\366=\367\256r0\000\000\016"
  16      6064E060 
  16      40004686 
  16      F63DF7AE 
  16      72300000 
  17 0015 730311   		.ascii	"s\003\021"
  18              		.text
  19              		.section	.gnu.lto_.jmpfuncs.65c59e5d9040e7cf,"e",%progbits
  20 0000 789CE360 		.ascii	"x\234\343``d\260b@\000F$6\023\363bf\240\310\001\026"
  20      6064B062 
  20      40004624 
  20      3613F362 
  20      66A0C801 
  21 0015 460620FE 		.ascii	"F\006 \376\363\377\377\177~F\346\351\314\214}\315\357"
  21      F3FFFF7F 
  21      7E46E6E9 
  21      CC8C7DCD 
  21      EF
  22 0026 EF71F431 		.ascii	"\357q\3641\317g\006\252f\334\305(\015\302\014\014\000"
  22      CF6706AA 
  22      66DCC528 
  22      0DC20C0C 
  22      00
  23 0037 4CF20CEA 		.ascii	"L\362\014\352"
  24              		.text
  25              		.section	.gnu.lto_.inline.65c59e5d9040e7cf,"e",%progbits
  26 0000 789CE360 		.ascii	"x\234\343``dHb@\000F\006\006\276\206\206\2069\314\231"
  26      60644862 
  26      40004606 
  26      06BE8686 
  26      8639CC99 
  27 0014 8C0C4C0C 		.ascii	"\214\014L\014\014\215@v\035\003\003\033\220j`Ja\002"
  27      0C8D4076 
  27      1D03031B 
  27      906A604A 
  27      6102
  28 0026 0901D570 		.ascii	"\011\001\325p\221F2q\203\015\206p\030\000\250y\010f"
  28      91463271 
  28      830D8670 
ARM GAS  /tmp/ccAoOPl3.s 			page 2


  28      1800A879 
  28      0866
  29              		.text
  30              		.section	.gnu.lto_.pureconst.65c59e5d9040e7cf,"e",%progbits
  31 0000 789CE360 		.ascii	"x\234\343``d`a`\000\2223X\000\001\316\000\253"
  31      60646061 
  31      60009233 
  31      580001CE 
  31      00AB
  32              		.text
  33              		.section	.gnu.lto_halInit.65c59e5d9040e7cf,"e",%progbits
  34 0000 789C75D2 		.ascii	"x\234u\322\315J\303@\020\000\340\231l\332\246\245\025"
  34      CD4AC340 
  34      1000E099 
  34      6CDAA6A5 
  34      15
  35 0011 0F0A8A08 		.ascii	"\017\012\212\010\236\304^\232W\020<z\360\340\023h\021"
  35      9EC45E9A 
  35      57103C7A 
  35      F0E01368 
  35      11
  36 0022 2A1685F6 		.ascii	"*\026\205\366\001\272m\012=T\352A\264\366 \011\226\322"
  36      01BA6D0A 
  36      3D54EA41 
  36      B4F62009 
  36      96D2
  37 0034 DEA447AD 		.ascii	"\336\244G\255\325X\377A/>\200\242\370\203\342\277\336"
  37      D558FF41 
  37      2F3E80A2 
  37      F883E2BF 
  37      DE
  38 0045 C4EA2451 		.ascii	"\304\352$Q\314\241Y\262$\263\363\355\354$D\002\204\005"
  38      CCA159B2 
  38      24B3F3ED 
  38      EC244402 
  38      8405
  39 0057 01600000 		.ascii	"\001`\000\000zi\"\003\0248\347\203\236\244$ \232O\\"
  39      7A692203 
  39      1438E783 
  39      9EA42420 
  39      9A4F5C
  40 006a 42480898 		.ascii	"BH\010\230\3009\226g\330\310\334\254\011\3012e\270\236"
  40      C0399667 
  40      D8C8DCAC 
  40      09C13265 
  40      B89E
  41 007c 7FE9E615 		.ascii	"\177\351\346\025\035U\006P\240i\015\\\307 \000\311\313"
  41      1D550650 
  41      A0690D5C 
  41      C72000C9 
  41      CB
  42 008d 6A7321E0 		.ascii	"js!\340\026\177SXC7\035\006\260z\352\322y\363;\303\365"
  42      167F5358 
  42      43371D06 
  42      B07AEAD2 
  42      79F33BC3 
  43 00a2 AB159C1F 		.ascii	"\253\025\234\037\366\003d\031\030\345D\344:\300,\023"
ARM GAS  /tmp/ccAoOPl3.s 			page 3


  43      F6036419 
  43      18E544E4 
  43      3AC02C13 
  44 00b2 AC40A1E0 		.ascii	"\254@\241\340\001\025\355\263\307\334J\005\227+\307"
  44      0115EDB3 
  44      C7DC4A05 
  44      972BC7
  45 00c1 DFDE34A6 		.ascii	"\337\3364\246\222\222\312\260\300\250\030n`\032Ae\002"
  45      9292CAB0 
  45      C0A8186E 
  45      601A4165 
  45      02
  46 00d2 C9B456F5 		.ascii	"\311\264V\365\267\222\254@i\300\272!)\225S\236\317\244"
  46      B792AC40 
  46      69C0BA21 
  46      2995539E 
  46      CFA4
  47 00e4 1C539968 		.ascii	"\034S\231h\206\265\217\372\275)\273h\245htJ\213\347"
  47      86B58FFA 
  47      BD29BB68 
  47      A568744A 
  47      8BE7
  48 00f6 FCEDC457 		.ascii	"\374\355\304W\302b\262]e.\334\242\235\270\211=f\352"
  48      C262B25D 
  48      652EDCA2 
  48      9DB8893D 
  48      66EA
  49 0108 FD766F53 		.ascii	"\375voS2\374\022\347}F\021\035Kh\275\33369\225\271\315"
  49      32FC12E7 
  49      7D46111D 
  49      4B68BDDB 
  49      363995B9 
  50 011d A61F5BB6 		.ascii	"\246\037[\266BM\323\011\330\370oZ\321\356\002\016R$"
  50      424DD309 
  50      D8F86F5A 
  50      D1EE020E 
  50      5224
  51 012f B963976B 		.ascii	"\271c\227km\016\322Er\327.\257\235\244\233\344\236]"
  51      6D0ED245 
  51      72D72EAF 
  51      9DA49BE4 
  51      9E5D
  52 0141 BE3A490F 		.ascii	"\276:I\017\311}\273\254w8H\211\344\201]^t:H/\311C\273"
  52      C97DBBAC 
  52      77384889 
  52      E4815D5E 
  52      743A482F 
  53 0158 FC72923E 		.ascii	"\374r\222>\222G\177\362\011SZy\321\372\310\306\3102"
  53      92477FF2 
  53      09535A79 
  53      D1FAC8C6 
  53      C832
  54 016a B4FE9094 		.ascii	"\264\376\220\224n\204\375\241\220L\327\324Dlz\"*\017"
  54      6E84FDA1 
  54      904CD7D4 
  54      446C7A22 
  54      2A0F
ARM GAS  /tmp/ccAoOPl3.s 			page 4


  55 017c 4526C727 		.ascii	"E&\307'GF\345\231\270\034\031\213\312\361X\330\270\207"
  55      4746E599 
  55      B81C198B 
  55      CAF158D8 
  55      B887
  56 018e C2F00356 		.ascii	"\302\360\003V\006\327\231"
  56      06D799
  57              		.text
  58              		.section	.gnu.lto_.symbol_nodes.65c59e5d9040e7cf,"e",%progbits
  59 0000 789C6DD0 		.ascii	"x\234m\320\271\021\0021\020D\321\356\235]\355A\020`"
  59      B9110231 
  59      1044D1EE 
  59      9D5DED41 
  59      1060
  60 0012 10085411 		.ascii	"\020\010T\021\012y\314\032\004\200A\010D\201\215M\024"
  60      0A79CC1A 
  60      04804108 
  60      44818D4D 
  60      14
  61 0023 18DC6700 		.ascii	"\030\334g\000002G\216~\325k9j@\254\010\2408P\321\333"
  61      30303247 
  61      8E7ED56B 
  61      396A40AC 
  61      08A03850 
  62 0039 29B9DC01 		.ascii	")\271\334\001\012l\372)~\202\352L\214\354\346\233\312"
  62      0A6CFA29 
  62      7E82EA4C 
  62      8CECE69B 
  62      CA
  63 004a 4F3EC3FF 		.ascii	"O>\303\377\014\366db\362\242\026\261<\251\022\313\203"
  63      0CF66462 
  63      F2A216B1 
  63      3CA912CB 
  63      83
  64 005b 5AC672A7 		.ascii	"Z\306r\247V\261\334\250)\226+\265\216\345Bmb9Q\333X"
  64      56B1DCA8 
  64      29962BB5 
  64      8EE5426D 
  64      623951DB 
  65 0070 8ED42E14 		.ascii	"\216\324.\024\301\300?i,\350\274f\202\326k.h\274\026"
  65      C1C03F69 
  65      2CE8BC66 
  65      82D66B2E 
  65      68BC16
  66 0083 14D49E6B 		.ascii	"\024\324\236k\313\344\271\265\254<\367\226e\336&\201"
  66      CBE4B9B5 
  66      AC3CF796 
  66      65DE2681 
  67 0093 E4AD6591 		.ascii	"\344\255e\221\267\011_\016M\234S"
  67      B7095F0E 
  67      4D9C53
  68              		.text
  69              		.section	.gnu.lto_.refs.65c59e5d9040e7cf,"e",%progbits
  70 0000 789CE360 		.ascii	"x\234\343``d`c`\000\222L\214L\014\000\000\333\000\026"
  70      60646063 
  70      6000924C 
  70      8C4C0C00 
ARM GAS  /tmp/ccAoOPl3.s 			page 5


  70      00DB0016 
  71              		.text
  72              		.section	.gnu.lto_.decls.65c59e5d9040e7cf,"e",%progbits
  73 0000 789C9556 		.ascii	"x\234\225ViP\024G\024\2367\275\273\260\303\202\026&"
  73      69501447 
  73      149E37BD 
  73      BBB0C382 
  73      1626
  74 0012 D12A7350 		.ascii	"\321*sP\026&\346\207l<\252\242U\3761xV\231\204*\223"
  74      1626E687 
  74      6C3CAAA2 
  74      55FE3178 
  74      5699842A 
  75 0027 5FF94110 		.ascii	"_\371A\020P\266\344\312\262\030\253\362g@\020$\021\357"
  75      50B6E4CA 
  75      B218ABF2 
  75      67401024 
  75      11EF
  76 0039 28A2A290 		.ascii	"(\242\242\220\304#Q\360DA9\004\344T\301\003\025D\021"
  76      C42351F0 
  76      44413904 
  76      E454C103 
  76      154411
  77 004c 228A2837 		.ascii	"\"\212(7\012\"\220\327\3353\273\203\020\013\032\336"
  77      0A2290D7 
  77      DD33BB83 
  77      100B1ADE 
  78 005c F4BCEEEF 		.ascii	"\364\274\356\357\373\272_\277\356\236u\026@\210\227"
  78      FBBA5FBF 
  78      EE9E7516 
  78      408897
  79 006b 04E14322 		.ascii	"\004\341C\"\010\205\202 \014a\021\261\256B\003\264&"
  79      08858220 
  79      0C6111B1 
  79      AE4203B4 
  79      26
  80 007c 811717B4 		.ascii	"\201\027\027\264\027hmh\035h]h=h\257\320\372\320\372"
  80      17686D68 
  80      1D685D68 
  80      3D68AFD0 
  80      FAD0FA
  81 008f D106D074 		.ascii	"\321\006\320tH2\000\347:\2030\254\324\242\357\204u\020"
  81      483200E7 
  81      3A8330AC 
  81      D4A2EF84 
  81      7510
  82 00a1 9A11DF9F 		.ascii	"\232\021\337\237c-\001\037\3431\032\201\341cQ\035\252"
  82      632D011F 
  82      E3311A81 
  82      E163511D 
  82      AA
  83 00b2 37A0E8F7 		.ascii	"7\240\350\367)\343\365(\343w(\363\031m\254\335\004\036"
  83      29E3F528 
  83      E37728F3 
  83      196DACDD 
  83      041E
  84 00c4 44EFEF35 		.ascii	"D\357\3575%\022p\227@\207\356\316\2623\245\022\272\357"
ARM GAS  /tmp/ccAoOPl3.s 			page 6


  84      25127097 
  84      4087EECE 
  84      B233A512 
  84      BAEF
  85 00d6 49E0816E 		.ascii	"I\340\201nyre\224\304{K(\372hOb\262\342\233\320\315"
  85      79726594 
  85      C47B4B28 
  85      FA684F62 
  85      B2E29BD0 
  86 00eb BA5D9EEA 		.ascii	"\272]\236\352\306\321\365\264\273jG\315C#\357\236\207"
  86      C6D1F5B4 
  86      BB6A47CD 
  86      4323EF9E 
  86      87
  87 00fc EECD5795 		.ascii	"\356\315W\225q\022\021\201v\345\016\375\236\253\343"
  87      71121181 
  87      76E50EFD 
  87      9EABE3
  88 010b 5DCEE8A6 		.ascii	"]\316\350\246\025e\275v!F\326uq\343@\216\023v}&\001"
  88      1565BD76 
  88      2146D675 
  88      71E3408E 
  88      13767D26 
  89 0120 5DD809D8 		.ascii	"]\330\011\330T\334\366\342\026\360&\212H\357\337\361"
  89      54DCF6E2 
  89      16F0268A 
  89      48EFDFF1 
  90 0130 A789B8B2 		.ascii	"\247\211\270\262\367k\315)5\222\371\270\314\213\363"
  90      F76BCD29 
  90      3592F9B8 
  90      CC8BF3
  91 013f 5A018A80 		.ascii	"Z\001\212\2008\3429\372\307\266T\003Y\300\240{\353\377"
  91      38E239FA 
  91      C7B65403 
  91      59C0A07B 
  91      EBFF
  92 0151 3E6492E2 		.ascii	">d\222\342e9Z>\270A6.\023 \033\246B\026L\025\240\030"
  92      65395A3E 
  92      B841362E 
  92      13201BA6 
  92      42164C15 
  93 0167 98F81530 		.ascii	"\230\370\0250C!\266\025`\033\022\032\262\356G\211d1"
  93      4321B615 
  93      601B121A 
  93      B2EE4789 
  93      6431
  94 0179 230F265C 		.ascii	"#\017&\\l'd9}\3275\246\237Kt\203I\236\236\236\333\350"
  94      6C276439 
  94      7DD735A6 
  94      9F4B7483 
  94      499E9E9E 
  95 018f A05BD140 		.ascii	"\240[\321@'@\0162/!S\200r\230\304\264\256\201'\\E\253"
  95      27400E32 
  95      2F215380 
  95      7298C4B4 
  95      AE81275C 
  96 01a5 004F3A9F 		.ascii	"\000O:\237T:t^[\322\274\3757\236\312\362\366)P\002\022"
ARM GAS  /tmp/ccAoOPl3.s 			page 7


  96      543A745E 
  96      5BD2BCFD 
  96      379ECAF2 
  96      F6295002 
  97 01ba 94E1D014 		.ascii	"\224\341\320\024\257\316E\200|\366\2345U%4|\264W\316"
  97      AFCE4580 
  97      7CF69C35 
  97      5525347C 
  97      B457CE
  98 01cd 8B3130F4 		.ascii	"\21310\364\345\021h3}d\203\035}C\203.\035\035M\245i"
  98      E5116833 
  98      7D64831D 
  98      7D43832E 
  98      1D1D4DA5 
  99 01e2 0E06632A 		.ascii	"\016\006c*\015d\013\260\370R:\012\312\364\223F\215\007"
  99      0D640BB0 
  99      F8523A0A 
  99      CAF49346 
  99      8D07
 100 01f4 AE2B32A3 		.ascii	"\256+2\243\204\204\314\202\314\332f\221\247\362\013"
 100      8484CC82 
 100      CCDA6691 
 100      A7F20B
 101 0203 7413CEEE 		.ascii	"t\023\316\356H\233@R\271\252\272\177\334\371\376I\334"
 101      489B4052 
 101      B9AABA7F 
 101      DCF9FE49 
 101      DC
 102 0214 72FAA444 		.ascii	"r\372\244D\216\362\276\343\347~Kv\342}S\320={\365\374"
 102      8EF2BEE3 
 102      E77E4B76 
 102      E27D53D0 
 102      3D7BF5FC 
 103 0228 033DC9E0 		.ascii	"\003=\311\340}\367;\253\343\\H&w\322\337\354<l 9\334"
 103      7DF73BAB 
 103      E35C4826 
 103      77D2DFEC 
 103      3C6C2039 
 104 023d 69AF6E7C 		.ascii	"i\257n|\244\214v\213\372\345\231Ma|\313\035\324\243"
 104      A48C768B 
 104      FAE5994D 
 104      617CCB1D 
 104      D4A3
 105 024f DB3C70A5 		.ascii	"\333<p\245EO\212\030\326\371v\373\261c:\226'\317\267"
 105      454F8A18 
 105      D6F976FB 
 105      B1633A96 
 105      27CFB7
 106 0262 735583B1 		.ascii	"sU\203\261\335c+r_\011\254\016\203\252Gk@{\204\326\210"
 106      DD632B72 
 106      5F09AC0E 
 106      83AA476B 
 106      407B84D6 
 107 0277 F610ED81 		.ascii	"\366\020\355\201=w\262\234W\235\342\276C\226K~\204J"
 107      3D77B29C 
 107      579DE2BE 
 107      43964B7E 
ARM GAS  /tmp/ccAoOPl3.s 			page 8


 107      844A
 108 0289 64DDC565 		.ascii	"d\335\305e\241lG\336\315\232\304!\272\354\363(\226\012"
 108      A16C47DE 
 108      CD9AC421 
 108      BAECF328 
 108      960A
 109 029b 0AAE1D01 		.ascii	"\012\256\035\001\276\010\303\321\2353\034\350\274\021"
 109      BE08C3D1 
 109      9D331CE8 
 109      BC11
 110 02a9 E85CD0E6 		.ascii	"\350\\\320\346\031\341\015\2378\340wF\300\363\337\206"
 110      19E10D9F 
 110      38E07746 
 110      C0F3DF86 
 111 02b9 5FD6A8DF 		.ascii	"_\326\250\337\032\001\277\3716\274S\243^=\002~\373\255"
 111      1A01BFF9 
 111      36BC53A3 
 111      5E3D027E 
 111      FBAD
 112 02cb A9D768C4 		.ascii	"\251\327h\304o\214@W\201f\323\345\367=\217\235@*x23"
 112      6F8C4057 
 112      8166D3E5 
 112      F73D8F9D 
 112      402A7832 
 113 02e0 879ED481 		.ascii	"\207\236\324\201\272\351b\206%\006\376Ut\306\220\033"
 113      BAE96286 
 113      2506FE55 
 113      74C6901B 
 114 02f0 54EA683D 		.ascii	"T\352h=\334\015\246\004\373\331\206\307\303\266}\023"
 114      DC0DA604 
 114      FBD986C7 
 114      C3B67D13 
 115 0300 98045E21 		.ascii	"\230\004^!\366P]}\256\361\021\012\320;\033\340\204\023"
 115      F6505D7D 
 115      AEF1110A 
 115      D03B1BE0 
 115      8413
 116 0312 08F48F3E 		.ascii	"\010\364\217>\330\205\310j\240\357\324\206\324\002\264"
 116      D885C86A 
 116      A0EFD486 
 116      D402B4
 117 0321 283841B9 		.ascii	"(8A\271\255\3256^\251\017\336&**\242r\033\001\347pu"
 117      ADD5365E 
 117      A90FDE26 
 117      2A2AA272 
 117      1B01E770 
 118 0336 E66AA479 		.ascii	"\346j\244y?(\375\252\010'\360Y9\210J\223\250\014\247"
 118      3F28FDAA 
 118      0827F059 
 118      39884A93 
 118      A80CA7
 119 0349 65C08819 		.ascii	"e\300\210\031;\004\005\273\250Z\300~M\036\030\330\234"
 119      3B0405BB 
 119      A85AC07E 
 119      4D1E18D8 
 119      9C
 120 035a E2D600F5 		.ascii	"\342\326\000\365Q4\023\257\216|,\300\373[=\004~\340"
ARM GAS  /tmp/ccAoOPl3.s 			page 9


 120      513413AF 
 120      8E7C2CC0 
 120      FB5B3D04 
 120      7EE0
 121 036c 4ECB0D12 		.ascii	"N\313\015\022y\301\023\266\261hk\266+?}\"]\311\333\225"
 121      79C113B6 
 121      B1686BB6 
 121      2B3F7D22 
 121      5DC9DB95 
 122 0380 D1C04FDF 		.ascii	"\321\300O\337Dtw\245\026\3362N\336\305\322\271A\236"
 122      447477A5 
 122      16DE324E 
 122      DEC5D2B9 
 122      419E
 123 0392 2842D007 		.ascii	"(B\320\007\320\2029x\306r\360\034&\013\020\251\343\003"
 123      D0823978 
 123      C672F01C 
 123      260B10A9 
 123      E303
 124 03a4 5EE8EDDF 		.ascii	"^\350\355\337\3566\355\240\\_\217\027b\216\307\2233"
 124      EE36EDA0 
 124      5C5F8F17 
 124      628EC793 
 124      33
 125 03b5 B21C8B34 		.ascii	"\262\034\2134\035EA3\246\036\323\316\246\210\357\002"
 125      1D454133 
 125      A61ED3CE 
 125      A688EF02 
 126 03c5 3CC5CCC3 		.ascii	"<\305\314\303\023L=6\274\200i\310\217;\325\372PO\366"
 126      134C3D36 
 126      BC8069C8 
 126      8F3BD5FA 
 126      504FF6
 127 03d8 F18F89DC 		.ascii	"\361\217\211\334|g\247\216\212\341V|X1oO\306S\031?\317"
 127      7C67A78E 
 127      8AE1567C 
 127      58316F4F 
 127      C653193F 
 128 03ed 4CAA5523 		.ascii	"L\252U#\325\252|\030\240\215IT4\325\375B\252\270\302"
 128      D5AA7C18 
 128      A08D4954 
 128      34D5FD42 
 128      AAB8C2
 129 0400 B9B8C3D3 		.ascii	"\271\270\303\323\024\201\332\332y\307\0136\346\371p"
 129      1481DADA 
 129      79C70B36 
 129      E6F970
 130 040f 7EBB86DF 		.ascii	"~\273\206\337\256\362;\030\377\354\241\336\006W\322"
 130      AEF23B18 
 130      FFECA1DE 
 130      0657D2
 131 041e C4057E3D 		.ascii	"\304\005~=P\272G\257(t\325y\2368#\307\350\231@\247F"
 131      50BA47AF 
 131      2874D579 
 131      9E3823C7 
 131      E89940A7 
 132 0433 A05315E8 		.ascii	"\240S\025\350b\002\327\313\322\336\270\222\375\204\177"
ARM GAS  /tmp/ccAoOPl3.s 			page 10


 132      6202D7CB 
 132      D2DEB892 
 132      FD847F
 133 0442 9CCA6B96 		.ascii	"\234\312k\226)\374\306\3473*\354\374n\015\277[\345\367"
 133      29FCC6E7 
 133      332AECFC 
 133      6E0DBF5B 
 133      E5F7
 134 0454 307ED7B6 		.ascii	"0~\327\266\374\012\023\251\346\374M\031\247\313$u\002"
 134      FC0A13A9 
 134      E6FC4D19 
 134      A7CB2475 
 134      02
 135 0465 FD738FDA 		.ascii	"\375s\217\332\005^j\004^\252\002\257\230@\357\205\235"
 135      055E6A04 
 135      5EAA02AF 
 135      9840EF85 
 135      9D
 136 0476 C512D9AC 		.ascii	"\305\022\331\254c\002]\211G\006A\021hI \271\245\366"
 136      63025D89 
 136      47064111 
 136      684920B9 
 136      A5F6
 137 0488 35E8D528 		.ascii	"5\350\325(\364\252\012}L!\273\372\332\017\244\220\013"
 137      F4AA0A7D 
 137      4C21BBFA 
 137      DA0FA490 
 137      0B
 138 0499 B4A66FF9 		.ascii	"\264\246o\371K]\202\306$\222\\d\027x\255\021x\255\012"
 138      4B5D82C6 
 138      24925C64 
 138      1778AD11 
 138      78AD0A
 139 04ac F43381CD 		.ascii	"\3643\201\315w\213\032\014\244\237+\364\344\334\354"
 139      778B1A0C 
 139      A49F2BF4 
 139      E4DCEC
 140 04bb 7655D370 		.ascii	"vU\323p\204\224\026\333\025\336h\024\336\250\012\003"
 140      849416DB 
 140      15DE6814 
 140      DEA80A03 
 141 04cb 4CE1D83F 		.ascii	"L\341\330?I\217\215\344\224\236)\324\306\236LT.\024"
 141      498F8DE4 
 141      949E29D4 
 141      C69E4C54 
 141      2E14
 142 04dd 5AD49333 		.ascii	"Z\324\2233\304\357\021e\263\367^j>4A\005\305( v\337"
 142      C4EF1165 
 142      B3F75E6A 
 142      3E344105 
 142      C5282076 
 143 04f2 0CC715C6 		.ascii	"\014\307\025\306]\316s\321\336)\262\250\275S\242D\023"
 143      5DCE73D1 
 143      DE29B2A8 
 143      BD53A244 
 143      13
 144 0503 C7DDDD7D 		.ascii	"\307\335\335}\362\036\321\211\274\211\356p\032\312\245"
ARM GAS  /tmp/ccAoOPl3.s 			page 11


 144      F21ED189 
 144      BC89EE70 
 144      1ACAA5
 145 0512 F3FB9CFE 		.ascii	"\363\373\234\376\367(l\020\361(D\213\312Y\210\256\272"
 145      F7286C10 
 145      F128448B 
 145      CA5988AE 
 145      BA
 146 0523 77574D5D 		.ascii	"wWM]K\222g\033K\035B`P\023\365\240\032u\214H\243N:\260"
 146      4B92671B 
 146      4B1D4260 
 146      5013F5A0 
 146      1A758C48 
 147 053b 2583903C 		.ascii	"%\203\220<\036\365\366\312\374*'U\340\002\311u\254["
 147      1EF5F6CA 
 147      FC2A2755 
 147      E002C975 
 147      AC5B
 148 054d ACE850C0 		.ascii	"\254\350P\300w\256\260\221)\224\024\234x\351B\022\014"
 148      77AEB091 
 148      2994149C 
 148      78E94212 
 148      0C
 149 055e 4CA17828 		.ascii	"L\241x(-\206LO\223\333e\372\373\304\243\265=F\216wg"
 149      2D864C4F 
 149      93DB65FA 
 149      FBC4A3B5 
 149      3D468E77 
 150 0573 77681C57 		.ascii	"wh\034W\320|0\343\230\016\304\213\323\221\330X\324\332"
 150      D07C30E3 
 150      980EC48B 
 150      D391D858 
 150      D4DA
 151 0585 E5AA5D23 		.ascii	"\345\252]#:\252c\2156\2615\242\025b\237\365\244\334"
 151      3AAA638D 
 151      36B135A2 
 151      15629FF5 
 151      A4DC
 152 0597 D76BB134 		.ascii	"\327k\2614F\0076\201cie\360Y\262\310\317\346G\374\255"
 152      46073681 
 152      636965F0 
 152      59B2C8CF 
 152      E647FCAD 
 153 05ab C1D3BDBC 		.ascii	"\301\323\275\274\314\370\2776\320\032\032\030l\366\016"
 153      CCF8BF36 
 153      D01A1A18 
 153      6CF60E
 154 05ba B2ACB27C 		.ascii	"\262\254\262|\273\322\034\026a\016\362\0136GX\375i\355"
 154      BBD21C16 
 154      610EF20B 
 154      364758FD 
 154      69ED
 155 05cc E5EFBCF4 		.ascii	"\345\357\274\364\233\357=\274\347\317\027\234#-\241"
 155      9BEF3DBC 
 155      E7CF179C 
 155      232DA1
 156 05db B639B37D 		.ascii	"\2669\263}m$,\300\212\374\240\205\357\342\207\207Ym"
ARM GAS  /tmp/ccAoOPl3.s 			page 12


 156      6D242CC0 
 156      8AFCA085 
 156      EFE28787 
 156      596D
 157 05ed 11E695DF 		.ascii	"\021\346\225\337}=g\266y\305\212E\346\245>\313\277]"
 157      7D3D67B6 
 157      79C58A45 
 157      E6A53ECB 
 157      BF5D
 158 05ff 378B76F9 		.ascii	"7\213v\371\206\243\005\007\007x\005\011\356\021\266"
 158      86A30507 
 158      07780509 
 158      EE11B6
 159 060e 10545C13 		.ascii	"\020T\\\023n\011\363\215\010\264E\206\373\332\014>\213"
 159      6E09F38D 
 159      08B44586 
 159      FBDA0C3E 
 159      8B
 160 061f E9FC0C3E 		.ascii	"\351\374\014>\213x\345\315\253\257x\265\220WKie\364"
 160      8B78E5CD 
 160      ABAF78B5 
 160      90574B69 
 160      65F4
 161 0631 59B8C23B 		.ascii	"Y\270\302;,t\265e\2158Wp\366\263\206\254\373rf\210 "
 161      2C74B565 
 161      8D385770 
 161      F6B386AC 
 161      FB726688 
 162 0646 F9E3C081 		.ascii	"\371\343\300\201\353g\206\314\021\234p\260\345\241\026"
 162      EB6786CC 
 162      119C70B0 
 162      E5A116
 163 0655 DBA7638A 		.ascii	"\333\247c\212S0D\330(z\346\273\320\226P\377\340\310"
 163      533044D8 
 163      287AE6BB 
 163      D09650FF 
 163      E0C8
 164 0667 80401646 		.ascii	"\200@\026F\204\015#0\256\012\363\263\006P\236\344ef"
 164      840D2330 
 164      AE0AF3B3 
 164      06509EE4 
 164      6566
 165 0679 EFD8E864 		.ascii	"\357\330\350d\265\371\323&\257\261J!\036i\206\010&4"
 165      B5F9D326 
 165      AFB14A21 
 165      1E698608 
 165      2634
 166 068b 6BCC1308 		.ascii	"k\314\023\010\264Zp\3468\336O\201\226q\215\207xJ\013"
 166      B45A70E6 
 166      38DE4F81 
 166      96718D87 
 166      784A0B
 167 069e FF39645C 		.ascii	"\3779d\\4\304S\232e\366\370\242C<\245\371\373\205\216"
 167      34C4539A 
 167      65F6F8A2 
 167      433CA5F9 
 167      FB858E
ARM GAS  /tmp/ccAoOPl3.s 			page 13


 168 06b1 8B8678A4 		.ascii	"\213\206x\244\271\252\333\305\327\202dS\220\306Y0\326"
 168      B9AADBC5 
 168      D7826453 
 168      90C65930 
 168      D6
 169 06c2 FDC79E4B 		.ascii	"\375\307\236Kf\255_o\016rl=*\033\020\270\332/2\330\346"
 169      66AD5F6F 
 169      0E726C3D 
 169      2A1B10B8 
 169      DA2F32D8 
 170 06d7 EBCFB6D1 		.ascii	"\353\317\266\321\177\276=\030\326"
 170      7FBE3D18 
 170      D6
 171              		.text
 172              		.section	.gnu.lto_.symtab.65c59e5d9040e7cf,"e",%progbits
 173 0000 68616C49 		.ascii	"halInit\000"
 173      6E697400 
 174 0008 00       		.ascii	"\000"
 175 0009 00       		.ascii	"\000"
 176 000a 00       		.ascii	"\000"
 177 000b 00000000 		.ascii	"\000\000\000\000\000\000\000\000"
 177      00000000 
 178 0013 ED000000 		.ascii	"\355\000\000\000"
 179 0017 70616C5F 		.ascii	"pal_default_config\000"
 179      64656661 
 179      756C745F 
 179      636F6E66 
 179      696700
 180 002a 00       		.ascii	"\000"
 181 002b 02       		.ascii	"\002"
 182 002c 00       		.ascii	"\000"
 183 002d 00000000 		.ascii	"\000\000\000\000\000\000\000\000"
 183      00000000 
 184 0035 08010000 		.ascii	"\010\001\000\000"
 185 0039 7374496E 		.ascii	"stInit\000"
 185      697400
 186 0040 00       		.ascii	"\000"
 187 0041 02       		.ascii	"\002"
 188 0042 00       		.ascii	"\000"
 189 0043 00000000 		.ascii	"\000\000\000\000\000\000\000\000"
 189      00000000 
 190 004b EF000000 		.ascii	"\357\000\000\000"
 191 004f 626F6172 		.ascii	"boardInit\000"
 191      64496E69 
 191      7400
 192 0059 00       		.ascii	"\000"
 193 005a 02       		.ascii	"\002"
 194 005b 00       		.ascii	"\000"
 195 005c 00000000 		.ascii	"\000\000\000\000\000\000\000\000"
 195      00000000 
 196 0064 F1000000 		.ascii	"\361\000\000\000"
 197 0068 72746349 		.ascii	"rtcInit\000"
 197      6E697400 
 198 0070 00       		.ascii	"\000"
 199 0071 02       		.ascii	"\002"
 200 0072 00       		.ascii	"\000"
 201 0073 00000000 		.ascii	"\000\000\000\000\000\000\000\000"
ARM GAS  /tmp/ccAoOPl3.s 			page 14


 201      00000000 
 202 007b F3000000 		.ascii	"\363\000\000\000"
 203 007f 7364496E 		.ascii	"sdInit\000"
 203      697400
 204 0086 00       		.ascii	"\000"
 205 0087 02       		.ascii	"\002"
 206 0088 00       		.ascii	"\000"
 207 0089 00000000 		.ascii	"\000\000\000\000\000\000\000\000"
 207      00000000 
 208 0091 F5000000 		.ascii	"\365\000\000\000"
 209 0095 71656949 		.ascii	"qeiInit\000"
 209      6E697400 
 210 009d 00       		.ascii	"\000"
 211 009e 02       		.ascii	"\002"
 212 009f 00       		.ascii	"\000"
 213 00a0 00000000 		.ascii	"\000\000\000\000\000\000\000\000"
 213      00000000 
 214 00a8 F7000000 		.ascii	"\367\000\000\000"
 215 00ac 70776D49 		.ascii	"pwmInit\000"
 215      6E697400 
 216 00b4 00       		.ascii	"\000"
 217 00b5 02       		.ascii	"\002"
 218 00b6 00       		.ascii	"\000"
 219 00b7 00000000 		.ascii	"\000\000\000\000\000\000\000\000"
 219      00000000 
 220 00bf F9000000 		.ascii	"\371\000\000\000"
 221 00c3 69326349 		.ascii	"i2cInit\000"
 221      6E697400 
 222 00cb 00       		.ascii	"\000"
 223 00cc 02       		.ascii	"\002"
 224 00cd 00       		.ascii	"\000"
 225 00ce 00000000 		.ascii	"\000\000\000\000\000\000\000\000"
 225      00000000 
 226 00d6 FB000000 		.ascii	"\373\000\000\000"
 227 00da 63616E49 		.ascii	"canInit\000"
 227      6E697400 
 228 00e2 00       		.ascii	"\000"
 229 00e3 02       		.ascii	"\002"
 230 00e4 00       		.ascii	"\000"
 231 00e5 00000000 		.ascii	"\000\000\000\000\000\000\000\000"
 231      00000000 
 232 00ed FD000000 		.ascii	"\375\000\000\000"
 233 00f1 5F70616C 		.ascii	"_pal_lld_init\000"
 233      5F6C6C64 
 233      5F696E69 
 233      7400
 234 00ff 00       		.ascii	"\000"
 235 0100 02       		.ascii	"\002"
 236 0101 00       		.ascii	"\000"
 237 0102 00000000 		.ascii	"\000\000\000\000\000\000\000\000"
 237      00000000 
 238 010a 04010000 		.ascii	"\004\001\000\000"
 239 010e 68616C5F 		.ascii	"hal_lld_init\000"
 239      6C6C645F 
 239      696E6974 
 239      00
 240 011b 00       		.ascii	"\000"
ARM GAS  /tmp/ccAoOPl3.s 			page 15


 241 011c 02       		.ascii	"\002"
 242 011d 00       		.ascii	"\000"
 243 011e 00000000 		.ascii	"\000\000\000\000\000\000\000\000"
 243      00000000 
 244 0126 06010000 		.ascii	"\006\001\000\000"
 245              		.text
 246              		.section	.gnu.lto_.opts,"e",%progbits
 247 0000 272D666E 		.ascii	"'-fno-openmp' '-fno-openacc' '-fno-pie' '-mcpu=cort"
 247      6F2D6F70 
 247      656E6D70 
 247      2720272D 
 247      666E6F2D 
 248 0033 65782D6D 		.ascii	"ex-m3' '-mthumb' '-mfloat-abi=soft' '-march=armv7-m"
 248      33272027 
 248      2D6D7468 
 248      756D6227 
 248      20272D6D 
 249 0066 2720272D 		.ascii	"' '-O2' '-fstack-usage' '-ffunction-sections' '-fda"
 249      4F322720 
 249      272D6673 
 249      7461636B 
 249      2D757361 
 250 0099 74612D73 		.ascii	"ta-sections' '-fno-common' '-flto' '-fshort-enums'\000"
 250      65637469 
 250      6F6E7327 
 250      20272D66 
 250      6E6F2D63 
 251              		.text
 252              		.comm	__gnu_lto_v1,1,1
 253              		.comm	__gnu_lto_slim,1,1
 254              		.ident	"GCC: (GNU Arm Embedded Toolchain 9-2020-q2-update) 9.3.1 20200408 (release)"
ARM GAS  /tmp/ccAoOPl3.s 			page 16


DEFINED SYMBOLS
                            *ABS*:0000000000000000 hal.c
                            *COM*:0000000000000001 __gnu_lto_v1
                            *COM*:0000000000000001 __gnu_lto_slim

NO UNDEFINED SYMBOLS
