ARM GAS  /tmp/ccrC0eiM.s 			page 1


   1              		.cpu cortex-m3
   2              		.eabi_attribute 20, 1
   3              		.eabi_attribute 21, 1
   4              		.eabi_attribute 23, 3
   5              		.eabi_attribute 24, 1
   6              		.eabi_attribute 25, 1
   7              		.eabi_attribute 26, 1
   8              		.eabi_attribute 30, 2
   9              		.eabi_attribute 34, 1
  10              		.eabi_attribute 18, 4
  11              		.file	"hal_st_lld.c"
  12              		.section	.gnu.lto_.profile.dab0114c37cfba14,"e",%progbits
  13 0000 789CE360 		.ascii	"x\234\343``\004B \000\000\000]\000\013"
  13      60044220 
  13      0000005D 
  13      000B
  14              		.text
  15              		.section	.gnu.lto_.icf.dab0114c37cfba14,"e",%progbits
  16 0000 789CE360 		.ascii	"x\234\343``d\220b@\000\026\206-\027\317\377\346`\234"
  16      60649062 
  16      40001686 
  16      2D17CFFF 
  16      E6609C
  17 0013 FA60F659 		.ascii	"\372`\366Y&\246\256\276/\3239\230\347\367\314\372\303"
  17      26A6AEBE 
  17      2FD33998 
  17      E7F7CCFA 
  17      C3
  18 0024 C30000A7 		.ascii	"\303\000\000\247\214\013\334"
  18      8C0BDC
  19              		.text
  20              		.section	.gnu.lto_.jmpfuncs.dab0114c37cfba14,"e",%progbits
  21 0000 789CE360 		.ascii	"x\234\343``d\210`@\000\026\030\203\021\310f\232\316"
  21      60648860 
  21      40001618 
  21      8311C866 
  21      9ACE
  22 0012 CCF87FDB 		.ascii	"\314\370\177\333\247;<}\314\363\231\031\030\215\030"
  22      A73B3C7D 
  22      CCF39919 
  22      188D18
  23 0021 77314A33 		.ascii	"w1J30\036`a4\002b\006\006\220\364\317wKo0C\2449\030"
  23      301E6061 
  23      34026206 
  23      0690F4CF 
  23      774B6F30 
  24 0039 7743A539 		.ascii	"wC\2459 \322@S\230a\306\001\000.p\020A"
  24      20D24053 
  24      9861C601 
  24      002E7010 
  24      41
  25              		.text
  26              		.section	.gnu.lto_.inline.dab0114c37cfba14,"e",%progbits
  27 0000 789CE360 		.ascii	"x\234\343``d\270\301\200\000,\014\014\\\015\015\015"
  27      6064B8C1 
  27      80002C0C 
  27      0C5C0D0D 
ARM GAS  /tmp/ccrC0eiM.s 			page 2


  27      0D
  28 0011 1B983318 		.ascii	"\033\2303\030\031\230X\200\254\006\246\024\006\0066"
  28      19985880 
  28      AC06A614 
  28      060636
  29 0020 08838981 		.ascii	"\010\203\211\201\011\244\206\221\013/\311 \012T|\201"
  29      09A48691 
  29      0B2FC920 
  29      0A547C81 
  30 0030 391D6880 		.ascii	"9\035h\200\034\220\365\2009\015\335\000f\036 \301\004"
  30      1C90F580 
  30      390DDD00 
  30      661E20C1 
  30      04
  31 0041 42BC9B9E 		.ascii	"B\274\233\236\2359\311\234\006T*\004T\260\200\011C)"
  31      9D39C99C 
  31      06542A04 
  31      54B08009 
  31      4329
  32 0053 C44C6606 		.ascii	"\304Lf\006\016\2204\330Q\014\014\215@v\035i\216b\000"
  32      0E9034D8 
  32      510C0C8D 
  32      40761D69 
  32      8E6200
  33 0066 00E51A21 		.ascii	"\000\345\032!V"
  33      56
  34              		.text
  35              		.section	.gnu.lto_.pureconst.dab0114c37cfba14,"e",%progbits
  36 0000 789CE360 		.ascii	"x\234\343``d\340e```a\330\305\3128\213\205i\026\013"
  36      6064E065 
  36      60606061 
  36      D8C5CA38 
  36      8B856916 
  37 0015 F30C1600 		.ascii	"\363\014\026\000\023a\002\270"
  37      136102B8 
  38              		.text
  39              		.section	.gnu.lto_st_lld_serve_interrupt.part.0.dab0114c37cfba14,"e",%progbits
  40 0000 789C7D53 		.ascii	"x\234}SKL\023Q\024}w\336\320N\021\023\334\031I\260\204"
  40      4B4C1351 
  40      147D77DE 
  40      D04E1113 
  40      DC1949B0 
  41 0015 7461D40E 		.ascii	"ta\324\016\352\326\205\246\206\244\221\306H\335\270"
  41      EAD685A6 
  41      86A491C6 
  41      48DDB8
  42 0024 225A1B5B 		.ascii	"\"Z\033[m)\231\251\006V<\012\021\015\015u\241\001\014"
  42      6D2999A9 
  42      06563C0A 
  42      110D0D75 
  42      A1010C
  43 0037 50A341D9 		.ascii	"P\243A\331\250\361\263P\374U\020\371\370\303\037\250"
  43      A8F1B350 
  43      FC5510F9 
  43      F8C31FA8 
  44 0047 4029F889 		.ascii	"@)\370\211\361\233\270 \020\023\365\2757m\235V\240i"
  44      F19BB820 
ARM GAS  /tmp/ccrC0eiM.s 			page 3


  44      1013F5BD 
  44      376D9D56 
  44      A069
  45 0059 3BF7DD7B 		.ascii	";\367\335{\356\275g\356=OB\200&D\204\362\000\241\015"
  45      EEBD67EE 
  45      3D4F4280 
  45      264484F2 
  45      00A10D
  46 006c 0821C841 		.ascii	"\010!\310A \022B\266\030A\004A3\004\300\334\250\223"
  46      201242B6 
  46      18410441 
  46      3304C0DC 
  46      A893
  47 007e 3000B788 		.ascii	"0\000\267\210\004\250V\0240\324B\004\267`\350m\374x"
  47      04A85614 
  47      30D44204 
  47      B760E86D 
  47      FC78
  48 0090 4358739E 		.ascii	"CXs\236\306H\254\345x\3614\031!8\212\021j\243?\355\223"
  48      C648ACE5 
  48      78F13419 
  48      21388A11 
  48      6AA33FED 
  49 00a5 05223161 		.ascii	"\005\"1a\245\006\000\326\264\007\326\260\307M\366\240"
  49      A50600D6 
  49      B407D6B0 
  49      C74DF6A0 
  50 00b5 C878A863 		.ascii	"\310x\250c.\257\231V\000\020\351\361\304\360\265\241"
  50      2EAF9956 
  50      0010E9F1 
  50      C4F0B5A1 
  51 00c5 5C7614C0 		.ascii	"\\v\024\300L\217\327IlF\304\245\300\220?\337\367^\316"
  51      4C8FD749 
  51      6C46C4A5 
  51      C0903FDF 
  51      F75ECE
  52 00d8 B59C2524 		.ascii	"\265\234%$Db\243a\334~\215\220c[\242\030\303\035\300"
  52      4462A361 
  52      DC7E8D90 
  52      635BA218 
  52      C31DC0
  53 00eb B439DC86 		.ascii	"\2649\334\206\002\270\005\005i\0163\227\177\237\\n\020"
  53      02B80505 
  53      690E3397 
  53      7F9F5C6E 
  53      10
  54 00fc E12E5892 		.ascii	"\341.X\222\344\250\363\350\267\3011\011\333y\301\320"
  54      E4A8F3E8 
  54      B7C13109 
  54      DB79C1D0 
  55 010c 91CF53A6 		.ascii	"\221\317S\246d\301x\030w'\013\212po\341\202z\374\010"
  55      64C17818 
  55      77270B8A 
  55      706FE182 
  55      7AFC08
  56 011f 0C12318D 		.ascii	"\014\0221\215\2054\026zi7\015\2764_]\312\335tJ\212\362"
  56      8534167A 
ARM GAS  /tmp/ccrC0eiM.s 			page 4


  56      69370DBE 
  56      345F5DCA 
  56      DD744A8A 
  57 0134 7DB0401F 		.ascii	"}\260@\037\247\015\020\003\003\035W?\030\340\037\200"
  57      A70D1003 
  57      031D573F 
  57      18E01F80 
  58 0144 06848C0C 		.ascii	"\006\204\214\014\352\300zG\003\233|\342Wx\325)\027\317"
  58      EAC07A47 
  58      039B7CE2 
  58      5778D529 
  58      17CF
  59 0156 E5611D1C 		.ascii	"\345a\035\034\006i\275\001VY\357\034\242\316\007\274"
  59      0669BD01 
  59      5659EF1C 
  59      A2CE07BC 
  60 0166 DD30B510 		.ascii	"\3350\265\020\022\030\011F\346\322\363\034B~\377i$$"
  60      12180946 
  60      E6D2F31C 
  60      427EFF69 
  60      2424
  61 0178 5EDD5A6C 		.ascii	"^\335ZlB\250\011#\326A\004f\212\232\211Q\030\013)\363"
  61      42A80923 
  61      D6410466 
  61      8A9A8951 
  61      180B29F3 
  62 018c 0B84667E 		.ascii	"\013\204f~Ez\246@+\005\250\237\321']\237\006\370v1\224"
  62      457AA640 
  62      2B05A89F 
  62      D1275D9F 
  62      06F87631 
  63 01a1 D0E399E8 		.ascii	"\320\343\231\350\225\271\334\242Q\210\222Vs\024\347"
  63      95B9DCA2 
  63      51889256 
  63      7314E7
  64 01b0 302E17DE 		.ascii	"0.\027\336\335$\222H_\016\036A\021g\327\037\236\034"
  64      DD249248 
  64      5F0E1E41 
  64      1167D71F 
  64      9E1C
  65 01c2 32520F3C 		.ascii	"2R\017<\246*}\310\326\001O\270T\272\357\364}\310+z\223"
  65      A62A7DC8 
  65      D6014FB8 
  65      54BAEFF4 
  65      7DC82B7A 
  66 01d7 CC36F091 		.ascii	"\3146\360\221_\274\362j\031\317~\312\262a\004D\364\025"
  66      5FBCF26A 
  66      19CF7ECA 
  66      B2610444 
  66      F415
  67 01e9 EA135D9D 		.ascii	"\352\023]\235\355\205\354\355\030\246\243\373\321\037"
  67      ED85ECED 
  67      18A6A3FB 
  67      D11F
  68 01f7 530384EA 		.ascii	"S\003\204\352\244(6\266\321\015\322Q x\006\015\200\242"
  68      A42836B6 
  68      D10DD251 
ARM GAS  /tmp/ccrC0eiM.s 			page 5


  68      2078060D 
  68      80A2
  69 0209 5862F0D3 		.ascii	"Xb\360\323\2677/\002\316\321\300\317u\340\304|x\366"
  69      B7372F02 
  69      CED1C0CF 
  69      75E0C47C 
  69      78F6
  70 021b 40C6220C 		.ascii	"@\306\"\014\377/\242ir\305\316\344\036\262F\376\222"
  70      FF2FA269 
  70      72C5CEE4 
  70      1EB246FE 
  70      92
  71 022c 4EE7051F 		.ascii	"N\347\005\037\371\253\005;\032\031\002\301\250\276\343"
  71      F9AB053B 
  71      1A1902C1 
  71      A8BEE3
  72 023b F9CED978 		.ascii	"\371\316\331x\246\030\244l1\2302\035\\>\2573\326\255"
  72      A618A46C 
  72      3198321D 
  72      5C3EAF33 
  72      D6AD
  73 024d 119B0FE7 		.ascii	"\021\233\017\347\267S\245\277a\314\244\314\224\2674"
  73      B753A5BF 
  73      61CCA4CC 
  73      94B734
  74 025c 658C331B 		.ascii	"e\2143\033_\220Y.C \230\3203\353\352\234+\\\004\276"
  74      5F90592E 
  74      432098D0 
  74      33EBEA9C 
  74      2B5C04BE 
  75 0270 4C834FA6 		.ascii	"L\203O\246\340L \363\221\236\325\372\226\343i\375\305"
  75      E04C20F3 
  75      919ED5FA 
  75      96E369FD 
  75      C5
  76 0281 75A269AE 		.ascii	"u\242i\256\377\021\2274\321\360\033\374\341\334\270"
  76      FF119734 
  76      D1F01BFC 
  76      E1DCB8
  77 0290 94D2C314 		.ascii	"\224\322\303\024\327C\202\353!{\371\323t\371\210j\022"
  77      D74382EB 
  77      217BF9D3 
  77      74F9886A 
  77      12
  78 02a1 A734F91D 		.ascii	"\2474\371\035B\211\246\310U\221M\203\337\351&\014Z\214"
  78      4289A6C8 
  78      55914D83 
  78      DFE9260C 
  78      5A8C
  79 02b3 5D269BD5 		.ascii	"]&\233\325*\323\357A\267R\351\366\3116\217w\257w\207"
  79      2AD3EF41 
  79      B752E9F6 
  79      C9368F77 
  79      AF7787
  80 02c6 530EA8B2 		.ascii	"S\016\250\262g\217O\256\012(AUv\356rl\332(\227\225m"
  80      678F4FAE 
  80      0A284155 
ARM GAS  /tmp/ccrC0eiM.s 			page 6


  80      76EE726C 
  80      DA289795 
  81 02db 939DBB9D 		.ascii	"\223\235\273\235\273\354\266\355\2077\260h\205\032\254"
  81      BBECB6ED 
  81      8737B068 
  81      851AAC
  82 02ea F0F9F659 		.ascii	"\360\371\366Y]HP\0251\350\365W\311K\325\012\250\364"
  82      5D485015 
  82      31E8F557 
  82      C94BD50A 
  82      A8F4
  83 02fc 4F09AEAF 		.ascii	"O\011\256\257\364j\266\325\203J\027\303\273\002~\177"
  83      F46AB6D5 
  83      834A17C3 
  83      BB027E7F 
  84 030c A0527657 		.ascii	"\240RvW\007\345\255\345\016\331\346p\332\235\262-\240"
  84      07E5ADE5 
  84      0ED9E670 
  84      DA9DB22D 
  84      A0
  85 031d B8657BA5 		.ascii	"\270e{\245\313wh\237[v\371U\257Z\261\337\345\242e\362"
  85      CB77689F 
  85      5B76F955 
  85      AF5AB1DF 
  85      E5A265F2 
  86 0331 1DCE72F3 		.ascii	"\035\316r\363\336=\252\273J\361\2563[J\220\240 \243"
  86      DE3DAABB 
  86      4AF1AE33 
  86      5B4A90A0 
  86      20A3
  87 0343 DFED0F28 		.ascii	"\337\355\017(5h\355b-\224\240\354M\325\362\2505*\255"
  87      3568ED62 
  87      2D94A0EC 
  87      4DD5F2A8 
  87      352AAD
  88 0356 F3178D24 		.ascii	"\363\027\215$\325s"
  88      D573
  89              		.text
  90              		.section	.gnu.lto_st_lld_init.dab0114c37cfba14,"e",%progbits
  91 0000 789C9D94 		.ascii	"x\234\235\224\313O\023A\034\307\347\273\263m\267\200"
  91      CB4F1341 
  91      1CC7E7BB 
  91      B36DB780 
  92 0010 A09E4C1A 		.ascii	"\240\236L\032\243W<\320\202\376\001&\350\301\210\361"
  92      A3573CD0 
  92      82FE0126 
  92      E8C188F1 
  93 0020 00174FC4 		.ascii	"\000\027O\304\007\011\304F\014\020\2172\345!*\010H\""
  93      0709C446 
  93      0C108F32 
  93      E5212A08 
  93      4822
  94 0032 8F446C13 		.ascii	"\217Dl\023\002JLT8\020A\224Z\213<DP\020,\210<\012\032"
  94      024A4C54 
  94      38104194 
  94      5A8B3C44 
  94      50102C88 
ARM GAS  /tmp/ccrC0eiM.s 			page 7


  95 0049 20080931 		.ascii	" \010\0111\0210\241\316\314\226\226p\222n\272\223\316"
  95      1130A1CE 
  95      CC969670 
  95      926EBA93 
  95      CE
  96 005a FC663F9F 		.ascii	"\374f?\237\337\374fv5\002b6\022r\232\020r\230\337\240"
  96      DFFC6676 
  96      35026236 
  96      12729A10 
  96      7298DFA0 
  97 006e 040A63EC 		.ascii	"\004\012c\354\244\311\241)\200\374\3074\220|\005\371"
  97      A4C9A129 
  97      80FCC734 
  97      907C05F9 
  98 007e A8A03514 		.ascii	"\250\2405\024\236\222\237\355J\374c\036a\356\232GGn"
  98      9E929FED 
  98      4AFC631E 
  98      61EE9A47 
  98      476E
  99 0090 B1E2434E 		.ascii	"\261\342CNJH\035\277\365\013\035\210'\204\317\364\267"
  99      4A481DBF 
  99      F50B1D88 
  99      2784CFF4 
  99      B7
 100 00a1 6C3DD867 		.ascii	"l=\330gT\203!\274\202\221\313\010y>lp\263\255@\011s"
 100      548321BC 
 100      8291CB08 
 100      793E6C70 
 100      B3AD4009 
 101 00b6 7B1BF0C7 		.ascii	"{\033\360\307\257\035\004qR(\242\241\242QEc\022\015"
 101      AF1D0471 
 101      5228A2A1 
 101      A2514563 
 101      120D
 102 00c8 21A59408 		.ascii	"!\245\224\010\221\012\346&\244\214*z\307\301;K\360t"
 102      910AE626 
 102      A48C2A7A 
 102      C7C13B4B 
 102      F074
 103 00da 2E2E660B 		.ascii	"..f\013j=\005\267\225\027\256Ni\345\324I\025\010\371"
 103      6A3D05B7 
 103      9517AE4E 
 103      69E5D449 
 103      1508F9
 104 00ed 66756177 		.ascii	"fuaw\234\336e\256\333L\345C\363C->\255\021\015\016\016"
 104      9CDE65AE 
 104      DB4CE543 
 104      F3432D3E 
 104      AD110D0E 
 105 0102 39EAA414 		.ascii	"9\352\244\024\257aA',2\331\276\336\373^\325\366\214"
 105      AF614127 
 105      2C32D9BE 
 105      DEFB5ED5 
 105      F68C
 106 0114 15C14955 		.ascii	"\025\301IU\274A#j\365\264\273`\343\262\302\252\022\350"
 106      BC41236A 
 106      F5B4BB60 
ARM GAS  /tmp/ccrC0eiM.s 			page 8


 106      E3B2C2AA 
 106      12E8
 107 0126 2E45D775 		.ascii	".E\327u\005\252\273T\301\0074\2709\204'4uW\316\331\233"
 107      05AABB54 
 107      C10734B8 
 107      39842734 
 107      7557CED9 
 108 013b EA6D58E5 		.ascii	"\352mX\345\201\215\363\345\322\314\272\314\364\337,"
 108      818DF3E5 
 108      D2CCBACC 
 108      F4DF2C
 109 014a 8788A978 		.ascii	"\207\210\251x\027\246ye\342\236\316\346\3458\035FwV"
 109      17A67965 
 109      E29ECEE6 
 109      E5381D46 
 109      7756
 110 015c C920AB54 		.ascii	"\311 \253TUY<\023\245w\231\273\222\305\362\241\321\227"
 110      55593C13 
 110      A57799BB 
 110      92C5F2A1 
 110      D197
 111 016e FD557161 		.ascii	"\375Uqa\235\021\357\271\256;\250\353p\316\3755\204R"
 111      9D11EFB9 
 111      AE3BA8EB 
 111      70CEFD35 
 111      8452
 112 0180 EF9132B1 		.ascii	"\357\2212\261\247\350\335U%U\327\215\365\2646\230\364"
 112      A7E8DD55 
 112      2555D78D 
 112      F5B43698 
 112      F4
 113 0191 2A31B61F 		.ascii	"*1\266\037}\273\353\264\007Y\177X\366A\324I\025\244"
 113      7DBBEBB4 
 113      07597F58 
 113      F641D449 
 113      15A4
 114 01a3 B585D58A 		.ascii	"\265\205\325\212\330 +\2644\223\\Z\373\242\367i\254"
 114      D8202BB4 
 114      34935C5A 
 114      FBA2F769 
 114      AC
 115 01b4 DE65B54C 		.ascii	"\336e\265L\036\200\246\211\337#\321A\233\353&?a\032"
 115      1E80A689 
 115      DF23D141 
 115      9BEB263F 
 115      611A
 116 01c6 3E72DF40 		.ascii	">r\337@\320\327\\\351[\217\332Q\313AiT\204q\0106>az"
 116      D0D75CE9 
 116      5B8FDA51 
 116      CB416954 
 116      84710836 
 117 01dd CCDF1AAD 		.ascii	"\314\337\032\255\257\246\207\340\223\276\230\265\205"
 117      AFA687E0 
 117      93BE98B5 
 117      85
 118 01ea F5500A7B 		.ascii	"\365P\012{\024|\226\002\261[\030\226\202\331\246\245"
 118      147C9602 
ARM GAS  /tmp/ccrC0eiM.s 			page 9


 118      B15B1896 
 118      82D9A6A5 
 119 01fa 1382AF22 		.ascii	"\023\202\257\"\020\240\030\331\026lD*\370\"\005\252"
 119      10A018D9 
 119      166C442A 
 119      F82205AA 
 120 020a 108C4A41 		.ascii	"\020\214JA\250F*\010\306\266\371\233\221\361\315\370"
 120      A8462A08 
 120      C6B6F99B 
 120      91F1CDF8 
 121 021a 2AF90622 		.ascii	"*\371\006\"\203\343\203\305\017\243\222^\210\240\253"
 121      83E383C5 
 121      0FA3925E 
 121      88A0AB
 122 0229 556E990F 		.ascii	"Un\231\0176\034\263\310\3038\216\244\260\257\254e\006"
 122      361CB3C8 
 122      C3388EA4 
 122      B0AFAC65 
 122      06
 123 023a 912D6842 		.ascii	"\221-hB\012\215\202\370\215\303C\304{\021\023'%\321"
 123      0A8D82F8 
 123      8DC343C4 
 123      7B111327 
 123      25D1
 124 024c 2488DF77 		.ascii	"$\210\337w\022\313#&NI\242&\210\323\262\350mw~5\233"
 124      12CB2326 
 124      4E49A226 
 124      88D3B2E8 
 124      6D777E35 
 125 0261 F5A20333 		.ascii	"\365\242\0033\333\202\212\210\005\263R`\026\002?OY\020"
 125      DB828A88 
 125      05B35260 
 125      16023F4F 
 125      5910
 126 0273 9751EC5A 		.ascii	"\227Q\354Z\365&\312o,\177\242\376\311@\300\\\204\002"
 126      F526CA6F 
 126      2C7FA2FE 
 126      C940C05C 
 126      8402
 127 0285 87E6A451 		.ascii	"\207\346\244Qu\342\245\301\034\212\344k\021h[\233\214"
 127      75E2A5C1 
 127      1C8AE46B 
 127      11685B9B 
 127      8C
 128 0296 11C944F3 		.ascii	"\021\311D\363\035\231\207\205\017m\2544\372\250>\244"
 128      1D998785 
 128      0F6DAC34 
 128      FAA83EA4 
 129 02a6 E1072C4E 		.ascii	"\341\007,N\032CVP\340Z\355> \201\342*\245\010\177\210"
 129      1A435650 
 129      E05AED3E 
 129      2081E22A 
 129      A5087F88 
 130 02ba 09494E48 		.ascii	"\011INH\260\362\337\325\214\234k\031vkrf\326\245\254"
 130      B0F2DFD5 
 130      8C9C6B19 
 130      766B7266 
ARM GAS  /tmp/ccrC0eiM.s 			page 10


 130      D6A5AC
 131 02cd F3A9D6EC 		.ascii	"\363\251\326\354\\k\346E\273\365zvN^\25655\355\334\361"
 131      5C6BE645 
 131      BBF57A76 
 131      4E5EAE35 
 131      35EDDCF1 
 132 02e1 246B4ACA 		.ascii	"$kJ\312)k\352\205\324\2643\311go$\212hzn^\272\335~%"
 132      296BEA85 
 132      D4B433C9 
 132      676F248A 
 132      687A6E5E 
 133 02f9 E132F907 		.ascii	"\3412\371\007J\266\030\000"
 133      4AB61800 
 134              		.text
 135              		.section	.gnu.lto_st_lld_serve_interrupt.dab0114c37cfba14,"e",%progbits
 136 0000 789C8552 		.ascii	"x\234\205RMH\224A\030\236\347\233\331\335\317U\213\016"
 136      4D489441 
 136      189EE79B 
 136      D9DDCF55 
 136      8B0E
 137 0012 9D8C10C4 		.ascii	"\235\214\020\304\203\035\374\264:u\0226\242\310\350"
 137      831DFCB4 
 137      3A751236 
 137      A2C8E8
 138 0021 B05E3A49 		.ascii	"\260^:I?\202\322\222\341\212Wg\177pI7\365P\271R\313"
 138      3F82D292 
 138      E18A5767 
 138      7F704937 
 138      F550B952 
 139 0036 0A622981 		.ascii	"\012b)\201\261\340!\323\362k\375k\315\302~\210\350\260"
 139      B1E021D3 
 139      F26BFD6B 
 139      CDC27E88 
 139      E8B0
 140 0048 94546454 		.ascii	"\224TdTJDX\220\333;\337\010\202\027\207o\206y\337\367"
 140      4A445890 
 140      DB3BDF08 
 140      8217876F 
 140      8679DFF7 
 141 005c 99E7799F 		.ascii	"\231\347y\237o\306d`\2143v\2341v\204&\\\014\206\224"
 141      6FC66460 
 141      8C33769C 
 141      31768426 
 141      5C0C8694 
 142 0070 B2C61332 		.ascii	"\262\306\0232\015\203w\216\366\354\025\322+~\277X; "
 142      0D83778E 
 142      F6EC15D2 
 142      2B7EBF58 
 142      3B20
 143 0082 64118770 		.ascii	"d\021\207pj\020\200\263\221&X\273\301\005\332\321\303"
 143      6A1080B3 
 143      912658BB 
 143      C105DAD1 
 143      C3
 144 0093 FB3832B1 		.ascii	"\37382\261\317\343F\305\035\252I\273\257\267\354\203"
 144      CFE346C5 
 144      1DAA49BB 
ARM GAS  /tmp/ccrC0eiM.s 			page 11


 144      AFB7EC83 
 145 00a3 5C923C45 		.ascii	"\\\222<E\364\3754\365\300\003T0F\320\\8\271^\324MU@"
 145      F4FD34F5 
 145      C0035430 
 145      46D05C38 
 145      B95ED44D 
 146 00b9 50786D61 		.ascii	"Pxma,\353U\241\201R\012\357K{Y\360cP\310\237\0373io"
 146      2CEB55A1 
 146      81520AEF 
 146      4B7B59F0 
 146      6350C89F 
 147 00d1 F9A09461 		.ascii	"\371\240\224ai\277\211\363[cR^\251Iq\216\207\340D\214"
 147      69BF89F3 
 147      5B63525E 
 147      A949718E 
 147      87E0448C 
 148 00e5 49946002 		.ascii	"I\224`\002%\232\237\360\313\351\215\353\305n\201G(\337"
 148      259A9FF0 
 148      CBE98DEB 
 148      C56E8147 
 148      28DF
 149 00f7 14C614DC 		.ascii	"\024\306\024\334\312(T\356\336K\227-7\3621i\317\305"
 149      CA2854EE 
 149      DE4B972D 
 149      37F23169 
 149      CFC5
 150 0109 91CE6E24 		.ascii	"\221\316n$\312\012\301R\\\030j\341j!,\341<jk:[\306\272"
 150      CA0AC152 
 150      5C186AE1 
 150      6A212CE1 
 150      3C6A6B3A 
 151 0120 3853A604 		.ascii	"8S\246\004\244\315X\234\033:\210P\360\025\231\311\225"
 151      A4CD589C 
 151      1B3A8850 
 151      F01599C9 
 151      95
 152 0131 67E97D4A 		.ascii	"g\351}J#\311\335\244\337\035Y\315\231\312\212\313i\177"
 152      23C9DDA4 
 152      DF1D59CD 
 152      99CA8ACB 
 152      697F
 153 0143 7C65E6EE 		.ascii	"|e\346\356.\035\312\004\235\242\324\355w\277^\025\016"
 153      2E1DCA04 
 153      9DA2D4ED 
 153      77BF5E15 
 153      0E
 154 0154 6130442C 		.ascii	"a0D,\003m\244\343\306c2a+\023T\036\351}\273\356\255"
 154      036DA4E3 
 154      C6633261 
 154      2B13541E 
 154      E97DBBEE 
 155 0169 1A95D190 		.ascii	"\032\225\321\220,Mq\0172\030BB\033\231F\225\2438\362"
 155      2C4D710F 
 155      32184242 
 155      1B994695 
 155      A338F2
 156 017c BC5A0B62 		.ascii	"\274Z\013b\033]\351Nd3\016\031\024\331\254C\026\271"
ARM GAS  /tmp/ccrC0eiM.s 			page 12


 156      1B5DE94E 
 156      64330E19 
 156      14D9AC43 
 156      16B9
 157 018e 11CBBA34 		.ascii	"\021\313\2724\231G\363\331\357\257\376\341\252c\201"
 157      9947F3D9 
 157      EFAFFEE1 
 157      AA6381
 158 019d 3C304744 		.ascii	"<0GD\016\252I\203LrIP\312\205\023\261\177\375\035\273"
 158      0EAA4983 
 158      4C724950 
 158      CA8513B1 
 158      7FFD1DBB 
 159 01b1 75DAA08A 		.ascii	"u\332\240\212j-\327\231\345*\263\335\346\376\235\032"
 159      6A2DD799 
 159      E52AB3DD 
 159      E6FE9D1A 
 160 01c1 9BDF72F9 		.ascii	"\233\337r\371\004UD\250U\2237\347\212\265\002'\005:"
 160      045544A8 
 160      559337E7 
 160      8AB50227 
 160      053A
 161 01d3 D731DB3B 		.ascii	"\3271\333;Q\254\2733\220%\262O\210~\231>\274\211!\300"
 161      51ACBB33 
 161      9025B24F 
 161      887E993E 
 161      BC8921C0 
 162 01e7 FCEAF7D7 		.ascii	"\374\352\367\327\320\000\206\205\315\207\021\347|i\355"
 162      D0008685 
 162      CD8711E7 
 162      7C69ED
 163 01f6 EF309C3B 		.ascii	"\3570\234;\373\006\247E\325Erx1_\020E8d\246\270\331"
 163      FB06A745 
 163      D5457278 
 163      315F1045 
 163      3864A6B8 
 164 020b AFFE0B9E 		.ascii	"\257\376\013\236\"\252\036D\201sJl\335\364\017\204\007"
 164      22AA1E44 
 164      81734A6C 
 164      DDF40F84 
 164      07
 165 021c A616F738 		.ascii	"\246\026\3678'\325\350\342\320\305\260\255B_e\245E\337"
 165      27D5E8E2 
 165      D0C5B0AD 
 165      425F65A5 
 165      45DF
 166 022e C586964B 		.ascii	"\305\206\226K\015\001\313\327\330t\256\351\264\337j"
 166      0D01CBD7 
 166      D874AEE9 
 166      B4DF6A
 167 023d 0E5A8D67 		.ascii	"\016Z\215g\003\326\345\346\226\326\240\345\257;u\350"
 167      03D6E5E6 
 167      96D6A0E5 
 167      AF3B75E8 
 168 024d A0555B7B 		.ascii	"\240U[{\324\362\237\361\327\235\360\235l\253V\325\372"
 168      D4F29FF1 
 168      D79DF09D 
ARM GAS  /tmp/ccrC0eiM.s 			page 13


 168      6CAB56D5 
 168      FA
 169 025e 606B7D20 		.ascii	"`k} p\241\362<3\202-\377\001\231d\023\346"
 169      70A1F23C 
 169      33822DFF 
 169      01996413 
 169      E6
 170              		.text
 171              		.section	.gnu.lto_Vector108.dab0114c37cfba14,"e",%progbits
 172 0000 789CE360 		.ascii	"x\234\343``d\210gd`pe``\220\005bFf\006F\246\206\206"
 172      60648867 
 172      64607065 
 172      60609005 
 172      62466606 
 173 0018 0607F646 		.ascii	"\006\007\366F\016&FF0\253\201\203\221\241\236\211\261"
 173      0E264646 
 173      30AB8183 
 173      91A19E89 
 173      B1
 174 0029 9EB19F79 		.ascii	"\236\261\237y:3\343\241\366g;\2314\227\003e\032\016"
 174      3A33E3A1 
 174      F6673B99 
 174      34970365 
 174      1A0E
 175 003b 4CBF21D7 		.ascii	"L\277!\327\330\320*1\237\231\201a&\020C\000\343.FM\006"
 175      D8D02A31 
 175      9F998161 
 175      26104300 
 175      E32E464D 
 176 0050 06A0CA47 		.ascii	"\006\240\312G\033\377M\345ec\201J1\356fd\003Z\306\300"
 176      1BFF4DE5 
 176      6563814A 
 176      31EE6664 
 176      035AC6C0 
 177 0064 B0FE12EB 		.ascii	"\260\376\022\353\201\206\177\377\333\033\016|Y\314\370"
 177      81867FFF 
 177      DB1B0E7C 
 177      59CCF8
 178 0073 3D8E9D81 		.ascii	"=\216\235\201\241\233\231\001d\034\013c\303\001\006"
 178      A19B9901 
 178      641C0B63 
 178      C30106
 179 0082 861E6626 		.ascii	"\206\036f&\010\247\021\310y\303\330\274`\367^f\260^"
 179      08A711C8 
 179      79C3D8BC 
 179      60F75E66 
 179      B05E
 180 0094 A0897357 		.ascii	"\240\211sW\234\371\317\331\302\330\324\3101\237\231"
 180      9CF9CFD9 
 180      C2D8D4C8 
 180      319F99
 181 00a3 712633D0 		.ascii	"q&3\3204\306=\214-\214\014\363\231\231@J\025p\250c\002"
 181      34C63D8C 
 181      2D8C0CF3 
 181      9999404A 
 181      1570A863 
 182 00b8 AADB8BA4 		.ascii	"\252\333\213\244n\301C[\034*\201.e\334\207\254\362%"
ARM GAS  /tmp/ccrC0eiM.s 			page 14


 182      6EC1435B 
 182      1C2A812E 
 182      65DC87AC 
 182      F225
 183 00ca 2E952C40 		.ascii	".\225,@\225\373\211\260\233\025\250\356\000L\335;\306"
 183      95FB89B0 
 183      9B15A8EE 
 183      004CDD3B 
 183      C6
 184 00db A605EFF7 		.ascii	"\246\005\357\3672\202\225\202@73#\302\343\014\014\316"
 184      32829582 
 184      40373323 
 184      C2E30C0C 
 184      CE
 185 00ec 7A7AFA40 		.ascii	"zz\372@\224\235Z\224\227\232\243\357\234\221\231\224"
 185      949D5A94 
 185      979AA3EF 
 185      9C919994 
 186 00fc E91FAC9F 		.ascii	"\351\037\254\237_\254\237\221\230\243_\220_TR\254\037"
 186      5FAC9F91 
 186      98A35F90 
 186      5F5452AC 
 186      1F
 187 010d 1CE26B6C 		.ascii	"\034\342kl\244\357\343\343\242\037\034\031\034\342\351"
 187      A4EFE3E3 
 187      A21F1C19 
 187      1CE2E9
 188 011c EC5D6608 		.ascii	"\354]f\010\222\215/.\211\317\311I\321Kf\000\000\010"
 188      928D2F2E 
 188      89CFC949 
 188      D14B6600 
 188      0008
 189 012e C282FB   		.ascii	"\302\202\373"
 190              		.text
 191              		.section	.gnu.lto_.symbol_nodes.dab0114c37cfba14,"e",%progbits
 192 0000 789C75D1 		.ascii	"x\234u\321K\016\001A\024\205\341s\372\266\356\326X\003"
 192      4B0E0141 
 192      1485E173 
 192      FAB6EED6 
 192      5803
 193 0012 030B21B1 		.ascii	"\003\013!\261\022\261\217\333\003\013\260\0061\260\005"
 193      12B18FDB 
 193      030BB006 
 193      31B005
 194 0021 661263B1 		.ascii	"f\022c\261\014\357\267HL(\252\211\301uG\177\352\253"
 194      0CEFB748 
 194      4C28AA89 
 194      C175477F 
 194      EAAB
 195 0033 54255509 		.ascii	"T%U\011\2103\001\0047*27!{3@\301Qw\222\325\3602\004"
 195      88330104 
 195      372A3237 
 195      217B3340 
 195      C1517792 
 196 004b 4B2A7F11 		.ascii	"K*\177\021\343\254\231\323\212\032\374\241\005Ul\342"
 196      E3AC99D3 
 196      8A1AFCA1 
ARM GAS  /tmp/ccrC0eiM.s 			page 15


 196      05556CE2 
 197 005b 911A3EF2 		.ascii	"\221\032>\362\251\276\031\356\366\206\223\023\265`\313"
 197      A9BE19EE 
 197      F6869313 
 197      B560CB
 198 006a 991AD972 		.ascii	"\231\032\331r\241\306\266\\\251\211-{j\321\226\0355"
 198      A1C6B65C 
 198      A9892D7B 
 198      6AD1961D 
 198      35
 199 007b B5654B2D 		.ascii	"\265eK-\331\262\241\226mYS+\246\010\022\3778S\012b\237"
 199      D9B2A196 
 199      6D59532B 
 199      A60812FF 
 199      38530A62 
 200 0090 039791CF 		.ascii	"\003\227\221\317\256\313\202\317\216 \364\325\022\026"
 200      AECB82CF 
 200      8E20F4D5 
 200      1216
 201 009e 734E25C0 		.ascii	"sN%\300\374p\037\222\375H\244\342W\353\"\345\317N\311"
 201      FC701F92 
 201      FD48A4E2 
 201      57EB22E5 
 201      CF4EC9
 202 00b1 BFA52D52 		.ascii	"\277\245-R\372\036)\351\347\"<\001\350C\267\036"
 202      FA1E29E9 
 202      E7223C01 
 202      E843B71E 
 203              		.text
 204              		.section	.gnu.lto_.refs.dab0114c37cfba14,"e",%progbits
 205 0000 789CE360 		.ascii	"x\234\343``\004B \000\000\000]\000\013"
 205      60044220 
 205      0000005D 
 205      000B
 206              		.text
 207              		.section	.gnu.lto_.decls.dab0114c37cfba14,"e",%progbits
 208 0000 789CB558 		.ascii	"x\234\265X\013PT\327\031\276\347\236\005\226\005\321"
 208      0B5054D7 
 208      19BEE79E 
 208      059605D1 
 209 0010 0135699D 		.ascii	"\0015i\235\264N\306\216\316\264\272\240\231&\231N\333"
 209      B44EC68E 
 209      CEB4BAA0 
 209      9926994E 
 209      DB
 210 0021 E8A209D3 		.ascii	"\350\242\011\323\240\316.\3514\235L\267\210\033\331"
 210      A0CE2EE9 
 210      349D4CB7 
 210      881BD9
 211 0030 090FBB2C 		.ascii	"\011\017\273,Vg:\315\345\021\202\370\3027\212\017\304"
 211      56673ACD 
 211      E51182F8 
 211      C2378A0F 
 211      C4
 212 0041 47D4088A 		.ascii	"G\324\010\212\"\210\"\254l\024\005T@@\004\201\005\024"
 212      228822AC 
 212      6C140554 
ARM GAS  /tmp/ccrC0eiM.s 			page 16


 212      40400481 
 212      0514
 213 0053 7CE31B82 		.ascii	"|\343\033\202\242\375\3179w\331\263\273l\232L\247W\377"
 213      A2FDCF39 
 213      77D9B3BB 
 213      6C9A4CA7 
 213      57FF
 214 0065 BDF73FE7 		.ascii	"\275\367?\347;\337\371\316\177\376{\316\271(\005$|6"
 214      3BDFF9CE 
 214      7FFE7BCE 
 214      B9280524 
 214      7C36
 215 0077 5E10945E 		.ascii	"^\020\224^\202\360\024\011\302k\270\340Q\250\003\003"
 215      82F01409 
 215      C26BB8E0 
 215      51A80303 
 216 0087 573823B0 		.ascii	"W8#\260+\000\254\032\354\"\330\005\260\3132\346\012"
 216      2B00AC1A 
 216      EC22D805 
 216      B0CB32E6 
 216      0A
 217 0098 5823D855 		.ascii	"X#\330U\260k`\355`6\260.\260\033`=\202\373\265\031\210"
 217      B06B60ED 
 217      6036B02E 
 217      B01B603D 
 217      82FBB519 
 218 00ad 7DE11E0D 		.ascii	"}\341\036\015\026\0106V\356g\012\224O\005\233\0166\003"
 218      16083656 
 218      EE670A94 
 218      4F059B0E 
 218      3603
 219 00bf ECBC8CF7 		.ascii	"\354\274\214\367\227\373$\375\277\017\345\277C\216\276"
 219      97FB24FD 
 219      BF0FE5BF 
 219      438EBE
 220 00ce 7F8F58FF 		.ascii	"\177\217X\377\177\204\373L\344\320\341zeC\335(\271\317"
 220      7F84FB4C 
 220      E4D0E17A 
 220      6543DD28 
 220      B9CF
 221 00e0 C9607F05 		.ascii	"\311`\177\005\377S\260{\360\034\011\367\277#\326\377"
 221      FF53B07B 
 221      F01C09F7 
 221      BF23D6FF 
 222 00f0 64B04128 		.ascii	"d\260A([\200\230\24660\025\230\016\374\317\300~\011"
 222      5B8098A6 
 222      36301598 
 222      0EFCCFC0 
 222      7E09
 223 0102 36166C02 		.ascii	"6\026l\002X\020\330D\260\361`\277\002{\003L\224c\324"
 223      5810D844 
 223      B0F160BF 
 223      027B034C 
 223      9463D4
 224 0115 3E8286F5 		.ascii	">\202\206\365\210q\271\216{\262\340\350\233\350\211"
 224      8871B98E 
 224      7BB2E0E8 
ARM GAS  /tmp/ccrC0eiM.s 			page 17


 224      9BE889
 225 0124 827B95C0 		.ascii	"\202{\225\300\270~.\367!r1p\275vB=\226y\371\270y\313"
 225      B87E2EF7 
 225      21723170 
 225      BD76423D 
 225      9679F9B8 
 226 013a F3D423CF 		.ascii	"\363\324#\317\305\005y^l#\315\011F\245iCe>\2531\232"
 226      C505795E 
 226      6C23CD09 
 226      46A56943 
 226      653EAB31 
 227 014f AC42240B 		.ascii	"\254B$\013FCQe\337\375\006\304\212\010b\373\246M\271"
 227      46435165 
 227      DFFD06C4 
 227      8A0862FB 
 227      A64DB9
 228 0162 FE58A4CF 		.ascii	"\376X\244\317\251\226\276\303\012u\236\304.\345*,\240"
 228      A996BEC3 
 228      0A759EC4 
 228      2EE52A2C 
 228      A0
 229 0173 52841D6C 		.ascii	"R\204\035l\007\366\254\315\365\306s)\266=y\373\200?"
 229      07F6ACCD 
 229      F5C67329 
 229      B63D79FB 
 229      803F
 230 0185 D004AA90 		.ascii	"\320\004\252\220\002\334\015U\205\027T\340\216U\241"
 230      02DC0D55 
 230      851754E0 
 230      8E55A1
 231 0194 89E06EB5 		.ascii	"\211\340n\265}\273\313_\225.I\311RN\212\344\373\221"
 231      7DBBCB5F 
 231      952E49C9 
 231      524E8AE4 
 231      FB91
 232 01a6 802C6802 		.ascii	"\200,h\002*G\023\004T\206h\337\247\221\032\235\202\262"
 232      2A471304 
 232      548668DF 
 232      A7911A9D 
 232      82B2
 233 01b8 93A4EC0C 		.ascii	"\223\244\354\014RA\243]m\266r\337N\324\201H`\020:\214"
 233      5241A35D 
 233      6DB672DF 
 233      4ED48148 
 233      60103A8C 
 234 01cc 9140FE91 		.ascii	"\221@\376\221\037\222\266\354\216\3103\222\263\232^"
 234      1F92B6EC 
 234      8EC83392 
 234      B39A5E
 235 01db 885C328E 		.ascii	"\210\\2\216\335\010\200\225\261\233\375\207\225\211"
 235      DD088095 
 235      B19BFD87 
 235      9589
 236 01e9 328B280F 		.ascii	"2\213(\017\014\2616\214\235\272\0345\253Gr\275\235\204"
 236      0CB1368C 
 236      9DBA1C35 
 236      AB4772BD 
ARM GAS  /tmp/ccrC0eiM.s 			page 18


 236      9D84
 237 01fb 3560AA1C 		.ascii	"5`\252\034\015\345\"Q\356\216o\201\334\024;\010\205"
 237      0DE52251 
 237      EE8E6F81 
 237      DC143B08 
 237      85
 238 020c 6152FB85 		.ascii	"aR\373\205\206#\276ch\325\316\200.dK\202\371\310)>\024"
 238      8623BE63 
 238      68D5CE80 
 238      2E644B82 
 238      F9C8293E 
 239 0221 20A07199 		.ascii	" \240q\231\023\005:\001C\275\035V\037\034G\237\017\226"
 239      13053A01 
 239      43BD1D56 
 239      1F1C479F 
 239      0F96
 240 0233 ED58AEC2 		.ascii	"\355X\256\302+\021u\322\316f\236\032\305fF$Qm\254MF"
 240      2B1175D2 
 240      CE669E1A 
 240      C5664624 
 240      516DAC4D 
 241 0248 6C66C680 		.ascii	"lf\306\200\2731\367\273\006\33776\222\011\316L\221\306"
 241      BB31F7BB 
 241      06DF3736 
 241      9209CE4C 
 241      91C6
 242 025a 88287A3C 		.ascii	"\210(z<\252\204y8\007\363 \240\363\350\015\001%*X\347"
 242      AA847938 
 242      07F320A0 
 242      F3E80D01 
 242      252A58E7 
 243 026e 355DE5CD 		.ascii	"5]\345\315\350\355\034\311f\223,\035\207&\256\264\336"
 243      E8ED1CC9 
 243      66932C1D 
 243      8726AEB4 
 243      DE
 244 027f 96A40C49 		.ascii	"\226\244\014IR(\010\014\235\205y\204I\244z\341Y@V\324"
 244      5228080C 
 244      9D857984 
 244      49A47AE1 
 244      594056D4 
 245 0293 855005EA 		.ascii	"\205P\005\352D\264\361\017\367S\305\367s;\353`\007\351"
 245      44B4F10F 
 245      F753C5F7 
 245      733BEB60 
 245      07E9
 246 02a5 C702FDD4 		.ascii	"\307\002\375\324&\211\373\241I0A\240\357\206\273@\027"
 246      2689FBA1 
 246      493041A0 
 246      EF86BB40 
 246      17
 247 02b6 D0DBC475 		.ascii	"\320\333\304u\352\005U\243\267\241\371\243\225}9\243"
 247      EA0555A3 
 247      B7A1F9A3 
 247      957D39A3 
 248 02c6 712F1B7C 		.ascii	"q/\033|\347\323\343\007\225\262\346\301\177m\225,\311"
 248      E7D3E307 
ARM GAS  /tmp/ccrC0eiM.s 			page 19


 248      95B2E6C1 
 248      7F6D952C 
 248      C9
 249 02d7 C02652C1 		.ascii	"\300&R\3015\234\340\032W\252\213\224*\277=\345\245\022"
 249      359CE01A 
 249      57AA8B94 
 249      2ABF3DE5 
 249      A512
 250 02e9 3F6154CD 		.ascii	"?aT\315\255k\366b\231\252gPt\342\272\304q]r\345\272"
 250      AD6BF662 
 250      99AA6750 
 250      74E2BAC4 
 250      715D72E5 
 251 02fe 4CB99697 		.ascii	"L\271\226\227f\324*\360\020\343\352\033\272~\316\227"
 251      66D42AF0 
 251      10E3EA1B 
 251      BA7ECE97 
 252 030e 704992A5 		.ascii	"pI\222\245\267z\322\326#\267\244t\025\0157\252\345\250"
 252      B77AD2D6 
 252      23B7A474 
 252      150D37AA 
 252      E5A8
 253 0320 6AE5B70D 		.ascii	"j\345\267\015\325Q\212\362\364\354&\005\256b/\347\375"
 253      D5518AF2 
 253      F4EC2605 
 253      AE622FE7 
 253      FD
 254 0331 225BAD4A 		.ascii	"\"[\255J\246\350\276>)\257PJ\365\242\004\365\034A\275"
 254      A6E8BE3E 
 254      29AF504A 
 254      F5A204F5 
 254      1C41BD
 255 0344 9DE00AD3 		.ascii	"\235\340\012\323Pl]\205\361:L\011Zn\275L\367\223\011"
 255      506C5D85 
 255      F13A4C09 
 255      5A6EBD4C 
 255      F79309
 256 0357 EEDE9BD4 		.ascii	"\356\336\233\3242L\320\300\0214\330\011\032)A\303\321"
 256      324CD0C0 
 256      1134D809 
 256      1A2941C3 
 256      D1
 257 0368 AF7B95B8 		.ascii	"\257{\225\270\216\021\354\332\276\277\316{X\301\024"
 257      8E11ECDA 
 257      BEBFCE7B 
 257      58C114
 258 0377 8782268E 		.ascii	"\207\202&\216\240\311Np\225\02246\257\356\017\300\367"
 258      A0C94E70 
 258      95123436 
 258      AFEE0FC0 
 258      F7
 259 0388 19C18BAC 		.ascii	"\031\301\213\254\347\005\376v\202\352)[\207\011\232"
 259      E705FE76 
 259      82EA295B 
 259      87099A
 260 0397 3982663B 		.ascii	"9\202f;\3015J\220\335\320\265[\304+\024\224\240\247"
 260      C1354A90 
ARM GAS  /tmp/ccrC0eiM.s 			page 20


 260      DDD0B55B 
 260      C42B1494 
 260      A0A7
 261 03a9 7D75AB97 		.ascii	"}u\253\227\002^\\\262b\220\374\201\262\302\226\016\213"
 261      025E5CB2 
 261      6290FC81 
 261      B2C2960E 
 261      8B
 262 03ba 385CD68A 		.ascii	"8\\\326\212ha\322\300\212A\3541\373\332H\366]Gr\372"
 262      6861D2C0 
 262      8A41EC31 
 262      FBDA48F6 
 262      5D4772FA 
 263 03ce F5973DCD 		.ascii	"\365\227=\315\266\307\245{\005\336iM\263\314\247\030"
 263      B6C7A57B 
 263      05DE694D 
 263      B3CCA718 
 264 03de D4C2C96A 		.ascii	"\324\302\311j\261\313j\247\262\006\006\373\363G\343"
 264      B1CB6AA7 
 264      B20606FB 
 264      F347E3
 265 03ed 0626ABCB 		.ascii	"\006&\253\313\232S\352#3X\267\343\352b\307\354vp\024"
 265      9A53EA23 
 265      3358B7E3 
 265      EA62C7EC 
 265      767014
 266 0400 1D760A1B 		.ascii	"\035v\012\033\243x\265!U\205wzQ\212\302\326\332\365"
 266      A378B521 
 266      5585777A 
 266      518AC2D6 
 266      DAF5
 267 0412 01C3B10D 		.ascii	"\001\303\261\015v\304\266\223#\350\264\023tQ\202\301"
 267      76C4B693 
 267      23E8B413 
 267      745182C1 
 268 0422 E4C7D711 		.ascii	"\344\307\327\021>\316\010\036\035\263=\266gX\313\324"
 268      3ECE081E 
 268      1DB33DB6 
 268      6758CBD4 
 269 0432 AD52054B 		.ascii	"\255R\005K\324n\256y\267\275\371\015\332\334\372\362"
 269      D46EAE79 
 269      B7BDF90D 
 269      DADCFAF2 
 270 0442 EE67B89A 		.ascii	"\356g\270\232\265.)\332\271\303kxf\336\3312\334\375"
 270      B52E29DA 
 270      B9C36B78 
 270      66DED932 
 270      DCFD
 271 0454 4DAEFD4D 		.ascii	"M\256\375M{\373\036\332~\250\267\"\337\213\2553\315"
 271      7BFB1EDA 
 271      7EA8B722 
 271      DF8BAD33 
 271      CD
 272 0465 84A3FCF5 		.ascii	"\204\243\374\365\246r\005\363\225d\0018x\346\245?[w"
 272      A67205F3 
 272      95640138 
 272      78E6A53F 
ARM GAS  /tmp/ccrC0eiM.s 			page 21


 272      5B77
 273 0477 2CA4BA28 		.ascii	",\244\272(\2638M\256\256%\276\265\251\362\241\002\333"
 273      B3384DAE 
 273      AE25BEB5 
 273      A9F2A102 
 273      DB
 274 0488 58FF175E 		.ascii	"X\377\027^\236\255\244\373E\312\217\331/\310\332T\363"
 274      9EADA4FB 
 274      45CA8FD9 
 274      2FC8DA54 
 274      F3
 275 0499 E2A217EE 		.ascii	"\342\242\027\356a\255\253\263k\223T\214\372<\3617\234"
 275      61ADABB3 
 275      6B93548C 
 275      FA3CF137 
 275      9C
 276 04aa B49EF2C3 		.ascii	"\264\236\362\303\267YewF\227\325\033?`\216]T\240,jg"
 276      B7596577 
 276      4697D51B 
 276      3F608E5D 
 276      54A02C6A 
 277 04bf EBB32A84 		.ascii	"\353\263*\204\037\263Jkq\353m\221U\006s\013g [8\363"
 277      1FB34A6B 
 277      71EB6D91 
 277      5506730B 
 277      67205B38 
 278 04d4 5EF7668F 		.ascii	"^\367f\217f\343\221\020\370\247\353\257\177\200\373"
 278      66E39110 
 278      F8A7EBAF 
 278      7F80FB
 279 04e3 59CBE4C6 		.ascii	"Y\313\344\306C\305\001\014\212\301=\327t\256JIF#\261"
 279      43C5010C 
 279      8AC13DD7 
 279      74AE4A49 
 279      4623B1
 280 04f6 D1D0EEE4 		.ascii	"\321\320\356\344\361\010h\000An\250'\240~6\222\334\373"
 280      F1086800 
 280      416EA827 
 280      A07E3692 
 280      DCFB
 281 0508 DB24DFC0 		.ascii	"\333$\337\300L\232\252\222\364\201\202\246\3613@?\245"
 281      4C9AAA92 
 281      F48182A6 
 281      F133403F 
 281      A5
 282 0519 E8EF5120 		.ascii	"\350\357Q kBs\365\331\205\346\003~<\370\336\017\200"
 282      6B4273F5 
 282      D985E603 
 282      7E3CF8DE 
 282      0F80
 283 052b F377EFDD 		.ascii	"\363w\357\335\254\302/\230\304\233\271\367\3061\205"
 283      ACC22F98 
 283      C49BB9F7 
 283      C63185
 284 053a 53C0DBF7 		.ascii	"S\300\333\367\374T\212\022\277fU\353\313\266_\364\301"
 284      FC548A12 
 284      BF6655EB 
ARM GAS  /tmp/ccrC0eiM.s 			page 22


 284      CBB65FF4 
 284      C1
 285 054b 29DED4B1 		.ascii	")\336\324\261o\344\201l#O\276:\013\177\315j\312\327"
 285      6FE4816C 
 285      234FBE3A 
 285      0B7FCD6A 
 285      CAD7
 286 055d AE6B4378 		.ascii	"\256kCx\005s\362\212Vf\3730\330\233$\256\325w'\343L"
 286      0573F28A 
 286      5666FB30 
 286      D89B24AE 
 286      D57727E3 
 287 0572 56F5EABC 		.ascii	"V\365\352\274u2\336\304\236\317\025\355\377\006\341"
 287      7532DEC4 
 287      9ECF15ED 
 287      FF06E1
 288 0581 6DCC79BC 		.ascii	"m\314y\274\365\334]\025\316aNN\375\266\023J\274\233"
 288      F5DC5D15 
 288      CE614E4E 
 288      FDB6134A 
 288      BC9B
 289 0593 39FB0636 		.ascii	"9\373\0066\355\363\307\373\231\323P\322\230\356\207"
 289      EDF3C7FB 
 289      99D350D2 
 289      98EE87
 290 05a2 F398935E 		.ascii	"\363\230\223^P\220\345\207\013\230s\262\261:W\016\263"
 290      5090E587 
 290      0B9873B2 
 290      B13A570E 
 290      B3
 291 05b3 8DF87585 		.ascii	"\215\370u\205\245\033\224\362\224x\203\237Q_\323\017"
 291      A51B94F2 
 291      9478839F 
 291      515FD30F 
 292 05c3 2F040317 		.ascii	"/\004\003\027\237nY\023\340q\022V\213l\022\202\351\034"
 292      9F6E5913 
 292      E0711256 
 292      8B6C1282 
 292      E91C
 293 05d5 A43FD86B 		.ascii	"\244?\330k\361w\235\203\333\000\276E\301k\304@\326\202"
 293      F1779D83 
 293      DB00BE45 
 293      C16BC440 
 293      D682
 294 05e7 8635AFF9 		.ascii	"\2065\257\371\321M\354:\007\036\300\343\226\357)(\361"
 294      D14DEC3A 
 294      071EC0E3 
 294      96EF2928 
 294      F1
 295 05f8 4593DCAF 		.ascii	"E\223\334\257\240I\271Rj\212d\271z\031\347\027\334\250"
 295      A049B952 
 295      6A8A64B9 
 295      7A19E717 
 295      DCA8
 296 060a 4B92F604 		.ascii	"K\222\366\004S\242\273\220\356{\304 N\352\035\372k!"
 296      53A2BB90 
 296      EE7BC420 
ARM GAS  /tmp/ccrC0eiM.s 			page 23


 296      4EEA1DFA 
 296      6B21
 297 061c BFAC49D5 		.ascii	"\277\254I\325\227\260\027\245zSx\272\350\012g*B\030"
 297      97B017A5 
 297      7A5378BA 
 297      E80A672A 
 297      4218
 298 062e 3A49B274 		.ascii	":I\262t\245\343$\012\037D\201\350\271\314\356H\231'"
 298      A5E3240A 
 298      1F4481E8 
 298      B9CCEE48 
 298      9927
 299 0640 AEECF5E9 		.ascii	"\256\354\365\351\330A?\344\246\346\245+\3761\247&\305"
 299      D8413FE4 
 299      A6E6A52B 
 299      FE31A726 
 299      C5
 300 0651 4D4DB2E8 		.ascii	"MM\262\350\002\257\340\340\313\335\340j\027\364\340"
 300      02AFE0E0 
 300      CBDDE06A 
 300      17F4E0
 301 0660 BF1DE88C 		.ascii	"\277\035\350\214\221\321!\303\340\026^\371\0137\345"
 301      91D121C3 
 301      E0165EF9 
 301      0B37E5
 302 066f 4F900B3C 		.ascii	"O\220\013<\203\203?t\203?p\205s\302\323\334\244<uA\337"
 302      83833F74 
 302      833F7085 
 302      73C2D3DC 
 302      A43C7541 
 303 0684 E1D0A91E 		.ascii	"\341\320\251\036\242\342\230\243\301\014y\2162\305@"
 303      A2E298A3 
 303      C10C798E 
 303      32C540
 304 0693 B44A863B 		.ascii	"\264J\206;R\252\327\205\274\213W\336\347A9\037ENL\222"
 304      52AAD785 
 304      BC8B57DE 
 304      E741391F 
 304      454E4C92 
 305 06a7 9B98D72E 		.ascii	"\233\230\327.\354U|\030_yH\000\007\274\236#\377\332"
 305      EC557C18 
 305      5F794800 
 305      07BC9E23 
 305      FFDA
 306 06b9 4336F2F3 		.ascii	"C6\362\363\317\263K\036\304p\370;\374X\357{x9\270\270"
 306      CFB34B1E 
 306      C470F83B 
 306      FC58EF7B 
 306      7839B8B8 
 307 06cd F3F48FDD 		.ascii	"\363\364\217\335\340\217\034\364k\345\027X\202s\000"
 307      E08F1CF4 
 307      6BE51758 
 307      827300
 308 06dc 5A294E40 		.ascii	"Z)N@+\350\244\020<\331k6\213\223\320&\260u`9`[\301\366"
 308      2BE8A410 
 308      3CD96B36 
 308      8B93D026 
ARM GAS  /tmp/ccrC0eiM.s 			page 24


 308      B0756039 
 309 06f4 8265836D 		.ascii	"\202e\203m\004\333\001\266\013l'\330\006\260,\260\365"
 309      04DB01B6 
 309      0B6C27D8 
 309      06B02CB0 
 309      F5
 310 0705 60BBC1B6 		.ascii	"`\273\301\266\200m\007\313\005[\013\266M\234D\366My"
 310      806D07CB 
 310      055B0BB6 
 310      4D9C44F6 
 310      4D79
 311 0717 F2B8787D 		.ascii	"\362\270x}\345!\217\250@Xj\332j\232\366\007\340\357"
 311      E5218FA8 
 311      40586ADA 
 311      6A9AF607 
 311      E0EF
 312 0729 D98256DD 		.ascii	"\331\202V\335p\342\330\250\240\021e\243}2\321\377I9"
 312      70E2D8A8 
 312      A01165A3 
 312      7D32D1FF 
 312      4939
 313 073b 39219C2D 		.ascii	"9!\234->\357\347\2371\374E\207\276q\322\275_$_\364\344"
 313      3EEFE79F 
 313      31FC4587 
 313      BE71D2BD 
 313      5F245FF4 
 314 0750 460E7D03 		.ascii	"F\016}\003\247\007\375\361W>D6N\312\030\274\206\221"
 314      A707FDF1 
 314      573E4436 
 314      4ECA18BC 
 314      8691
 315 0762 6A02022C 		.ascii	"j\002\002,\242_\204\322n\011\277)\240\031t\365E\007"
 315      A25F84D2 
 315      6E09BF29 
 315      A01974F5 
 315      4507
 316 0774 40FA41B2 		.ascii	"@\372A\262\032\177\013\2039\004\203\331\")i\301\026"
 316      1A7F0B83 
 316      390483D9 
 316      222969C1 
 316      16
 317 0785 09D00FBF 		.ascii	"\011\320\017\277\244\317@z\"\277\242]\341Xv\021)\347"
 317      A4CF407A 
 317      22BFA25D 
 317      E1587611 
 317      29E7
 318 0797 CE74798E 		.ascii	"\316ty\216e\227<\223\015\340\362\226\315\336l\267 \233"
 318      65973C93 
 318      0DE0F296 
 318      CDDE6CB7 
 318      209B
 319 07a9 83E5FBF6 		.ascii	"\203\345\373\366[\2367\345\303\362~\220/\322\015\301"
 319      5B9E37E5 
 319      C3F27E90 
 319      2FD20DC1 
 320 07b9 B665CF26 		.ascii	"\266e\317&\271\255\017\331h\326\267t\370\262\215\346"
 320      B9AD0FD9 
ARM GAS  /tmp/ccrC0eiM.s 			page 25


 320      68D6B774 
 320      F8B28DE6 
 321 07c9 3D322DF9 		.ascii	"=2-\371\227\332\274"
 321      97DABC
 322 07d0 5CA51480 		.ascii	"\\\245\024\200\374#4\205\216\022)\207\231\224\243TJ"
 322      FC233485 
 322      8E122987 
 322      9994A354 
 322      4A
 323 07e1 F7D9074F 		.ascii	"\367\331\007OF\361\301#G+G\347\307X\360\216\321\340"
 323      46F1C123 
 323      472B47E7 
 323      C758F08E 
 323      D1E0
 324 07f3 5DEDA958 		.ascii	"]\355\251X\2103|\330w]\336\216#\0018\2139+*\254\333"
 324      88337CD8 
 324      775DDE8E 
 324      2301388B 
 324      392B2AAC 
 325 0808 BCE1A08B 		.ascii	"\274\341\240\213\216\213\230\315\311H\307\341\254\373"
 325      8E8B98CD 
 325      C948C7E1 
 325      ACFB
 326 0816 DBEFF879 		.ascii	"\333\357\370y<\371\236\020\341\344[,\312'_\353\272\272"
 326      3CF99E10 
 326      E1E45B2C 
 326      CA275FEB 
 326      BABA
 327 0828 13A3E40F 		.ascii	"\023\243\344\017\257\376{\270\265o\365*)'I\372\340\274"
 327      AFFE7BB8 
 327      B56FF52A 
 327      292749FA 
 327      E0BC
 328 083a 4880A850 		.ascii	"H\200\250P\224\317~\250\010Z\020\327\371;\247D$\307"
 328      94CF7EA8 
 328      085A10D7 
 328      F93BA744 
 328      24C7
 329 084c C087CFAB 		.ascii	"\300\207\317\253\327b|\237i\274{$S\362\223\031\373\356"
 329      D7627C9F 
 329      69BC7B24 
 329      53F29319 
 329      FBEE
 330 085e FD66A0F9 		.ascii	"\375f\240\371\026\375dLE\354\233\361\244\3508M\236t"
 330      16FD644C 
 330      45EC9BF1 
 330      A4E8384D 
 330      9E74
 331 0870 A53B45E9 		.ascii	"\245;E\351\006\236\2359\243\304\257\030]\315\341\256"
 331      069E9D39 
 331      A3C4AF18 
 331      5DCDE1AE 
 332 0880 1E854C77 		.ascii	"\036\205Lw%\303\253\344\2703])GW\352Jw\232\322m\330"
 332      25C3ABE4 
 332      B8335D29 
 332      4757EA4A 
 332      779AD26D 
ARM GAS  /tmp/ccrC0eiM.s 			page 26


 333 0895 5BB95C81 		.ascii	"[\271\\\201+\224\354\320\262\372D\362h\231\016\276\200"
 333      2B94ECD0 
 333      B2FA44F2 
 333      68990EBE 
 333      80
 334 08a6 5E144AD2 		.ascii	"^\024J\322W\222T\301\310\3128\2622W\262rJ\226\333|\355"
 334      579254C1 
 334      C8CA38B2 
 334      3257B272 
 334      4A96DB7C 
 335 08bb A8376E64 		.ascii	"\2507ndd\266\2645\353\375\035\332\312\2169k\263pt\026"
 335      64B6B435 
 335      EBFD1DDA 
 335      CA8E396B 
 335      B3707416 
 336 08cf 57BA3394 		.ascii	"W\2723\224n\255\365\331\023?|\207\321]\\\276n\243\210"
 336      6EADF5D9 
 336      133F7C87 
 336      D15D5CBE 
 336      6EA388
 337 08e2 FB98F3A8 		.ascii	"\373\230\363\250\326\232\341\213\373\231\223q\346Z\232"
 337      D69AE18B 
 337      FB999371 
 337      E65A9A
 338 08f1 2F7ECD9C 		.ascii	"/~\315\234]\267J\326\217\306i\276\324)m=\256\306k\330"
 338      5DB74AD6 
 338      8FC669BE 
 338      D4296D3D 
 338      AEC66BD8 
 339 0905 F3819255 		.ascii	"\363\201\222U\235^8\2139\335\305\251\317\025x\033sj"
 339      9D5E388B 
 339      39DDC5A9 
 339      CF15781B 
 339      736A
 340 0917 4FDA6E06 		.ascii	"O\332n\006\340]\314y\360h\325>\371\3574\026\362\327"
 340      E05DCC79 
 340      F068D53E 
 340      F9EF3416 
 340      F2D7
 341 0929 81CD255D 		.ascii	"\201\315%]\017\003\360\036Z\351W\177\271\256\327\033"
 341      0F03F01E 
 341      5AE9577F 
 341      B9AED71B 
 342 0939 B91D512A 		.ascii	"\271\035Q*\363\274\372\012\3668\216(U0\264\246\037\332"
 342      F3BCFA0A 
 342      F6388E28 
 342      5530B4A6 
 342      1FDA
 343 094b 882BB2B8 		.ascii	"\210+\262\270E\270\306\015\355\266\306w\255\341\360"
 343      45B8C60D 
 343      EDB6C677 
 343      ADE1F0
 344 095a 67DDF04F 		.ascii	"g\335\360O]\361-<\376\234\007<\267'\360\360\357\334"
 344      5DF12D3C 
 344      FE9C073C 
 344      B727F0F0 
 344      EFDC
ARM GAS  /tmp/ccrC0eiM.s 			page 27


 345 096c E04E9B31 		.ascii	"\340N\2331Q\317\303/\214<V\376\374\303\303\255\036\330"
 345      51CFC32F 
 345      8C3C56FE 
 345      FCC3C3AD 
 345      1ED8
 346 097e F9F3158F 		.ascii	"\371\363\025\217\257t\303\273m\230U<\376\274\007|\210"
 346      AF74C3BB 
 346      6D98553C 
 346      FEBC077C 
 346      88
 347 098f EB86560D 		.ascii	"\353\206V\015\253\021\333\251\233\344m\341\",\347\365"
 347      AB11DBA9 
 347      9BE46DE1 
 347      222CE7F5 
 348 099f 608D600D 		.ascii	"`\215`\015`\265`\227\301\352\300\256\200]\005\273\304"
 348      60B56097 
 348      C1EAC0AE 
 348      805D05BB 
 348      C4
 349 09b0 6F54837C 		.ascii	"oT\203|\307\025\036f1\204mT\317\016\035j\363\303\275"
 349      C7151E66 
 349      31846D54 
 349      CF0E1D6A 
 349      F3C3BD
 350 09c3 2CC7D22F 		.ascii	",\307\322/\026\365\371\006\215(\0075\313<?Q\021\371"
 350      16F5F906 
 350      8D280735 
 350      CB3C3F51 
 350      11F9
 351 09d5 4A294DDF 		.ascii	"J)M\337\340\264\001]s\222\323\302\326\320\026\272\206"
 351      E0B4015D 
 351      7392D3C2 
 351      D6D016BA 
 351      86
 352 09e6 5ADB8E1C 		.ascii	"Z\333\216\034Q\342'T\016~Zo+\302h8\233\273\376\346\030"
 352      51E22754 
 352      0E7E5A6F 
 352      2BC26838 
 352      9BBBFEE6 
 353 09fb 15C9E436 		.ascii	"\025\311\3446\017\263\353\244\337q\026k\223\305\267"
 353      0FB3EBA4 
 353      DF71166B 
 353      93C5B7
 354 0a0a 83B8EB7C 		.ascii	"\203\270\353|\270Z8\336\326\221y\345`e\335\030\262!"
 354      B85A38DE 
 354      D69179E5 
 354      6065DD18 
 354      B221
 355 0a1c 3CC88255 		.ascii	"<\310\202U\270\245\262\037\005\215\330\031\352\220i"
 355      B8A5B21F 
 355      058DD819 
 355      EA9069
 356 0a2b 5CFA231F 		.ascii	"\\\372#\037L\275\3519\001|0lN\275u\262`t\322`\344\034"
 356      4CBDE939 
 356      017C306C 
 356      4EBD75B2 
 356      6074D260 
ARM GAS  /tmp/ccrC0eiM.s 			page 28


 357 0a41 CE3BEDC3 		.ascii	"\316;\355\303c\333\2346\237.\206\355\242X\267\215\252"
 357      63DB9C36 
 357      9F2E86ED 
 357      A258B78D 
 357      AA
 358 0a52 CA09DBCD 		.ascii	"\312\011\333\315\260\3446k\33245\374\377\302`\2123\304"
 358      B0E4366B 
 358      DA3435FC 
 358      FFC2608A 
 358      33C4
 359 0a64 A835D1C6 		.ascii	"\2505\321\306\005\306y:u|\202::2F\2758\336dNP\353\""
 359      05C6793A 
 359      757C823A 
 359      3A3246BD 
 359      38DE644E 
 360 0a7b C2674C57 		.ascii	"\302gLW\177\374q\250Z\367\251.\"L\363\247%!\244V\237"
 360      7FFC71A8 
 360      5AF7A92E 
 360      224CF3A7 
 360      2521A456 
 361 0a90 60D6C7C4 		.ascii	"`\326\307\304,\234\026\245\374p\356'\0235\357\277/("
 361      2C9C16A5 
 361      FC70EE27 
 361      1335EFBF 
 361      2F28
 362 0aa2 138D71E6 		.ascii	"\023\215q\346\031\323\365f\361\035A\031i\212]\362\356"
 362      19D3F566 
 362      F11D4119 
 362      698A5DF2 
 362      EE
 363 0ab3 D4584115 		.ascii	"\324XA\025\005$\206\245Scg\010o\261\026\372\004\203"
 363      052486A5 
 363      53636708 
 363      6FB116FA 
 363      0483
 364 0ac5 6989410F 		.ascii	"i\211A\017X\203\311\224\270\330<mq\244\311<-x\374\310"
 364      5883C994 
 364      B8D83C6D 
 364      71A4C93C 
 364      2D78FCC8 
 365 0ad9 B59AFF5D 		.ascii	"\265\232\377]\240\340'S\033\343\214f\337?\033\242\314"
 365      A0E02753 
 365      1BE38C66 
 365      DF3F1BA2 
 365      CC
 366 0aea F1A690E0 		.ascii	"\361\246\220\340\367~\241\007D\2449\201\374\232\314"
 366      F77EA107 
 366      44A43981 
 366      FC9ACC
 367 0af9 FA584364 		.ascii	"\372XCdB\242\311\240\2172\031\315zc\202i\252\247\216"
 367      42A2C9A0 
 367      8F3219CD 
 367      7A638269 
 367      AAA78E
 368 0b0c 4D66B531 		.ascii	"Mf\2651.*&q\241A\035\025M\031\246E\013?\323\353\027"
 368      2E2A2671 
 368      A1411D15 
ARM GAS  /tmp/ccrC0eiM.s 			page 29


 368      4D19A645 
 368      0B3FD3EB 
 369 0b21 2E58A48F 		.ascii	".X\244\217\2126D}\241\217\211\207\237\317M\361\261?"
 369      8A36447D 
 369      A18F8987 
 369      9FCF4DF1 
 369      B13F
 370 0b33 9E67A161 		.ascii	"\236g\241aA\342\"\340\011\214\212\326-K\2100\306\032"
 370      41E222E0 
 370      098C8AD6 
 370      2D4B8830 
 370      C61A
 371 0b45 4C1F45C6 		.ascii	"L\037E\306-\2141\230\302~\375\343\204,#2&\3602\022\343"
 371      2D8C3198 
 371      C27EFDE3 
 371      842C2332 
 371      26F03212 
 372 0b5a 9C84BCE5 		.ascii	"\234\204\274\345\030o\374b\267\341\216\211[b\214\232"
 372      186FFC62 
 372      B7E18E89 
 372      5B628C9A 
 373 0b6a 1D17B920 		.ascii	"\035\027\271 \306\300\"\364\356\177\017|T|ll|\234z\246"
 373      C6C022F4 
 373      EE7F0F7C 
 373      547C6C6C 
 373      7C9C7AA6 
 374 0b7e 365C13BE 		.ascii	"6\\\023\276TM\010@B\220^Oj\365F\323?\364\206\305\306"
 374      544D0840 
 374      42905E4F 
 374      6AF546D3 
 374      3FF486C5 
 375 0b93 98F84589 		.ascii	"\230\370E\211\206\337z\342\222\031\030\035\360@\312"
 375      86DF7AE2 
 375      9219181D 
 375      F040CA
 376 0ba2 84C36020 		.ascii	"\204\303` g\014@5\316)\250\206H\222\027\011&\247R\003"
 376      670C4035 
 376      CE29A886 
 376      48921709 
 376      26A75203 
 377 0bb6 C913523A 		.ascii	"\311\023R:\326>:\010\211\011\306f \002\2744\232p\355"
 377      D63E3A08 
 377      8909C666 
 377      2002BC34 
 377      9A70ED
 378 0bc9 0C719E56 		.ascii	"\014q\236V\021\032>S\213C5Z\305\254\320\010-\326h\264"
 378      111A3E53 
 378      8B43355A 
 378      C5ACD008 
 378      2DD668B4 
 379 0bdd 580B3653 		.ascii	"X\0136S\253\305\363u\032\254\231\033\241\320hfk)~:\375"
 379      ABC5F375 
 379      1AAC991B 
 379      A1D06866 
 379      6B297E3A 
 380 0bf2 0DC1B33F 		.ascii	"\015\301\263?\324\212:h\0316[\253\320\205\003Z\243\235"
 380      D48A3A68 
ARM GAS  /tmp/ccrC0eiM.s 			page 30


 380      19365BAB 
 380      D085035A 
 380      A39D
 381 0c04 0E1602C8 		.ascii	"\016\026\002\310\277h\377\360S\3222\",\034R2\301\034"
 381      BF68FFF0 
 381      53D23222 
 381      2C1C5232 
 381      C11C
 382 0c16 4B5E0E63 		.ascii	"K^\016c,\214\314o\330\321\233\025Q\321\221\246Q \337"
 382      2C8CCC6F 
 382      D8D19B15 
 382      51D191A6 
 382      5120DF
 383 0c29 60D6CF9A 		.ascii	"`\326\317\232\251\233=_\0336*2\346\237\221\313\310X"
 383      A99B3D5F 
 383      1B362A32 
 383      E69F91CB 
 383      C858
 384 0c3b 628C7186 		.ascii	"b\214q\2069\377%z\206\245f\022;\265&\\\027\246Sk v\352"
 384      39FF257A 
 384      86A56612 
 384      3BB5265C 
 384      17A6536B 
 385 0c52 307B5EC4 		.ascii	"0{^\304&\030\023\364\213\242\310\304\214\241\251\365"
 385      261813F4 
 385      8BA2C8C4 
 385      8CA1A9F5 
 386 0c62 31A4C41C 		.ascii	"1\244\304\034\310\2100\2356(>!2f\236s\262\251\177h\\"
 386      C888309D 
 386      36283E21 
 386      32669E73 
 386      B2A97F68 
 387 0c77 040F5937 		.ascii	"\004\017Y75\316\310\236\207\363\365\023\232i2\355XR"
 387      35CEC89E 
 387      87F3F513 
 387      9A6932ED 
 387      5852
 388 0c89 E55A0871 		.ascii	"\345Z\010q\327h}f\316\237\0252{.\275O\207\273\367\314"
 388      D7687D66 
 388      CE9F1532 
 388      7B2EBD4F 
 388      87BBF7CC 
 389 0c9d 8F66C14D 		.ascii	"\217f\301MI\212\265\272\010\3720\235<`M\230V\241\231"
 389      498AB5BA 
 389      08FA309D 
 389      3C604D98 
 389      56A199
 390 0cb0 031340C2 		.ascii	"\003\023@\302\256\363\034m.\002\272\010\026\3619!K\227"
 390      AEF31C6D 
 390      2E02BA08 
 390      16F13921 
 390      4B97
 391 0cc2 B2587F1E 		.ascii	"\262X\177\036\022<c)\311#?\255F\243\217X\266\330\020"
 391      123C6329 
 391      C9233FAD 
 391      46A38F58 
 391      B6D810
ARM GAS  /tmp/ccrC0eiM.s 			page 31


 392 0cd5 6AF8DC3B 		.ascii	"j\370\334;,T3/tv@\350\254\017\3035\237\330K\377\003"
 392      2C54332F 
 392      747640E8 
 392      AC0FC335 
 392      9FD84BFF 
 393 0cea EA9E3ED7 		.ascii	"\352\236>\327"
 394              		.text
 395              		.section	.gnu.lto_.symtab.dab0114c37cfba14,"e",%progbits
 396 0000 73745F6C 		.ascii	"st_lld_init\000"
 396      6C645F69 
 396      6E697400 
 397 000c 00       		.ascii	"\000"
 398 000d 00       		.ascii	"\000"
 399 000e 00       		.ascii	"\000"
 400 000f 00000000 		.ascii	"\000\000\000\000\000\000\000\000"
 400      00000000 
 401 0017 CD000000 		.ascii	"\315\000\000\000"
 402 001b 73745F6C 		.ascii	"st_lld_serve_interrupt\000"
 402      6C645F73 
 402      65727665 
 402      5F696E74 
 402      65727275 
 403 0032 00       		.ascii	"\000"
 404 0033 00       		.ascii	"\000"
 405 0034 00       		.ascii	"\000"
 406 0035 00000000 		.ascii	"\000\000\000\000\000\000\000\000"
 406      00000000 
 407 003d C9000000 		.ascii	"\311\000\000\000"
 408 0041 56656374 		.ascii	"Vector108\000"
 408      6F723130 
 408      3800
 409 004b 00       		.ascii	"\000"
 410 004c 00       		.ascii	"\000"
 411 004d 00       		.ascii	"\000"
 412 004e 00000000 		.ascii	"\000\000\000\000\000\000\000\000"
 412      00000000 
 413 0056 CF000000 		.ascii	"\317\000\000\000"
 414 005a 5F5F7374 		.ascii	"__stats_start_measure_crit_isr\000"
 414      6174735F 
 414      73746172 
 414      745F6D65 
 414      61737572 
 415 0079 00       		.ascii	"\000"
 416 007a 02       		.ascii	"\002"
 417 007b 00       		.ascii	"\000"
 418 007c 00000000 		.ascii	"\000\000\000\000\000\000\000\000"
 418      00000000 
 419 0084 D1000000 		.ascii	"\321\000\000\000"
 420 0088 5F5F6462 		.ascii	"__dbg_check_lock_from_isr\000"
 420      675F6368 
 420      65636B5F 
 420      6C6F636B 
 420      5F66726F 
 421 00a2 00       		.ascii	"\000"
 422 00a3 02       		.ascii	"\002"
 423 00a4 00       		.ascii	"\000"
 424 00a5 00000000 		.ascii	"\000\000\000\000\000\000\000\000"
ARM GAS  /tmp/ccrC0eiM.s 			page 32


 424      00000000 
 425 00ad D3000000 		.ascii	"\323\000\000\000"
 426 00b1 63685379 		.ascii	"chSysTimerHandlerI\000"
 426      7354696D 
 426      65724861 
 426      6E646C65 
 426      724900
 427 00c4 00       		.ascii	"\000"
 428 00c5 02       		.ascii	"\002"
 429 00c6 00       		.ascii	"\000"
 430 00c7 00000000 		.ascii	"\000\000\000\000\000\000\000\000"
 430      00000000 
 431 00cf D5000000 		.ascii	"\325\000\000\000"
 432 00d3 5F5F6462 		.ascii	"__dbg_check_unlock_from_isr\000"
 432      675F6368 
 432      65636B5F 
 432      756E6C6F 
 432      636B5F66 
 433 00ef 00       		.ascii	"\000"
 434 00f0 02       		.ascii	"\002"
 435 00f1 00       		.ascii	"\000"
 436 00f2 00000000 		.ascii	"\000\000\000\000\000\000\000\000"
 436      00000000 
 437 00fa D7000000 		.ascii	"\327\000\000\000"
 438 00fe 5F5F7374 		.ascii	"__stats_stop_measure_crit_isr\000"
 438      6174735F 
 438      73746F70 
 438      5F6D6561 
 438      73757265 
 439 011c 00       		.ascii	"\000"
 440 011d 02       		.ascii	"\002"
 441 011e 00       		.ascii	"\000"
 442 011f 00000000 		.ascii	"\000\000\000\000\000\000\000\000"
 442      00000000 
 443 0127 D9000000 		.ascii	"\331\000\000\000"
 444 012b 6E766963 		.ascii	"nvicEnableVector\000"
 444      456E6162 
 444      6C655665 
 444      63746F72 
 444      00
 445 013c 00       		.ascii	"\000"
 446 013d 02       		.ascii	"\002"
 447 013e 00       		.ascii	"\000"
 448 013f 00000000 		.ascii	"\000\000\000\000\000\000\000\000"
 448      00000000 
 449 0147 DE000000 		.ascii	"\336\000\000\000"
 450 014b 5F5F706F 		.ascii	"__port_irq_epilogue\000"
 450      72745F69 
 450      72715F65 
 450      70696C6F 
 450      67756500 
 451 015f 00       		.ascii	"\000"
 452 0160 02       		.ascii	"\002"
 453 0161 00       		.ascii	"\000"
 454 0162 00000000 		.ascii	"\000\000\000\000\000\000\000\000"
 454      00000000 
 455 016a E0000000 		.ascii	"\340\000\000\000"
ARM GAS  /tmp/ccrC0eiM.s 			page 33


 456 016e 5F5F6462 		.ascii	"__dbg_check_leave_isr\000"
 456      675F6368 
 456      65636B5F 
 456      6C656176 
 456      655F6973 
 457 0184 00       		.ascii	"\000"
 458 0185 02       		.ascii	"\002"
 459 0186 00       		.ascii	"\000"
 460 0187 00000000 		.ascii	"\000\000\000\000\000\000\000\000"
 460      00000000 
 461 018f E2000000 		.ascii	"\342\000\000\000"
 462 0193 5F5F6462 		.ascii	"__dbg_check_enter_isr\000"
 462      675F6368 
 462      65636B5F 
 462      656E7465 
 462      725F6973 
 463 01a9 00       		.ascii	"\000"
 464 01aa 02       		.ascii	"\002"
 465 01ab 00       		.ascii	"\000"
 466 01ac 00000000 		.ascii	"\000\000\000\000\000\000\000\000"
 466      00000000 
 467 01b4 E4000000 		.ascii	"\344\000\000\000"
 468 01b8 5F5F7374 		.ascii	"__stats_increase_irq\000"
 468      6174735F 
 468      696E6372 
 468      65617365 
 468      5F697271 
 469 01cd 00       		.ascii	"\000"
 470 01ce 02       		.ascii	"\002"
 471 01cf 00       		.ascii	"\000"
 472 01d0 00000000 		.ascii	"\000\000\000\000\000\000\000\000"
 472      00000000 
 473 01d8 E6000000 		.ascii	"\346\000\000\000"
 474              		.text
 475              		.section	.gnu.lto_.opts,"e",%progbits
 476 0000 272D666E 		.ascii	"'-fno-openmp' '-fno-openacc' '-fno-pie' '-mcpu=cort"
 476      6F2D6F70 
 476      656E6D70 
 476      2720272D 
 476      666E6F2D 
 477 0033 65782D6D 		.ascii	"ex-m3' '-mthumb' '-mfloat-abi=soft' '-march=armv7-m"
 477      33272027 
 477      2D6D7468 
 477      756D6227 
 477      20272D6D 
 478 0066 2720272D 		.ascii	"' '-O2' '-fstack-usage' '-ffunction-sections' '-fda"
 478      4F322720 
 478      272D6673 
 478      7461636B 
 478      2D757361 
 479 0099 74612D73 		.ascii	"ta-sections' '-fno-common' '-flto' '-fshort-enums'\000"
 479      65637469 
 479      6F6E7327 
 479      20272D66 
 479      6E6F2D63 
 480              		.text
 481              		.comm	__gnu_lto_v1,1,1
ARM GAS  /tmp/ccrC0eiM.s 			page 34


 482              		.comm	__gnu_lto_slim,1,1
 483              		.ident	"GCC: (GNU Arm Embedded Toolchain 9-2020-q2-update) 9.3.1 20200408 (release)"
ARM GAS  /tmp/ccrC0eiM.s 			page 35


DEFINED SYMBOLS
                            *ABS*:0000000000000000 hal_st_lld.c
                            *COM*:0000000000000001 __gnu_lto_v1
                            *COM*:0000000000000001 __gnu_lto_slim

NO UNDEFINED SYMBOLS
