ARM GAS  /tmp/cc2bPV9O.s 			page 1


   1              		.cpu cortex-m3
   2              		.eabi_attribute 20, 1
   3              		.eabi_attribute 21, 1
   4              		.eabi_attribute 23, 3
   5              		.eabi_attribute 24, 1
   6              		.eabi_attribute 25, 1
   7              		.eabi_attribute 26, 1
   8              		.eabi_attribute 30, 2
   9              		.eabi_attribute 34, 1
  10              		.eabi_attribute 18, 4
  11              		.file	"urt_message.c"
  12              		.section	.gnu.lto_.profile.f856327adc463ab0,"e",%progbits
  13 0000 789CE360 		.ascii	"x\234\343``\004B \000\000\000]\000\013"
  13      60044220 
  13      0000005D 
  13      000B
  14              		.text
  15              		.section	.gnu.lto_.icf.f856327adc463ab0,"e",%progbits
  16 0000 789CE360 		.ascii	"x\234\343``d\340`@\000F\206\255S\026\336\347e\000\000"
  16      6064E060 
  16      40004686 
  16      AD5316DE 
  16      E7650000 
  17 0014 0DF302E9 		.ascii	"\015\363\002\351"
  18              		.text
  19              		.section	.gnu.lto_.jmpfuncs.f856327adc463ab0,"e",%progbits
  20 0000 789CE360 		.ascii	"x\234\343``dX\301\310\300\020\301\000\001\214\014L\214"
  20      606458C1 
  20      C8C010C1 
  20      00018C0C 
  20      4C8C
  21 0012 8CCCF5F3 		.ascii	"\214\314\365\363\231\031\200\230\221\211i:3\343\304"
  21      99198098 
  21      9189693A 
  21      33E3C4
  22 0021 35B7F4FA 		.ascii	"5\267\364\372\230\347331\3261\356b\224f`<\300\302X\007"
  22      98E73333 
  22      31D631EE 
  22      62946660 
  22      3CC0C258 
  23 0036 C40C0C1C 		.ascii	"\304\014\014\034\314@\351\246\346\365\213x\015\364\346"
  23      CC40E9A6 
  23      E6F58B78 
  23      0DF4E6
  24 0045 33332F66 		.ascii	"33/ff\230\301\0146d7\243\001X\031\003\020\377\370\377"
  24      6698C10C 
  24      366437A3 
  24      01581903 
  24      10FFF8FF 
  25 0059 FF3F3F23 		.ascii	"\377??#He_\363\373{\034 \223\200\022\214{\030\245A\030"
  25      48655FF3 
  25      FB7B1C20 
  25      9380128C 
  25      7B18A541 
  26 006e 247E76FF 		.ascii	"$~v\377\367o\354\212\214\363\033f(\314gfe`\334\313\250"
  26      F76FEC8A 
  26      8CF31B66 
ARM GAS  /tmp/cc2bPV9O.s 			page 2


  26      28CC6766 
  26      6560DCCB 
  27 0083 08D7FD07 		.ascii	"\010\327\375\007\242\033Y\371\255-\253b\025\345 \252"
  27      A21B59F9 
  27      AD2DAB62 
  27      15E520AA 
  28 0093 D91818F7 		.ascii	"\331\030\030\367\341V\015r}\327\337)\255< K\331\031"
  28      E1560D72 
  28      7DD7DF29 
  28      AD3C204B 
  28      D919
  29 00a5 8F3230EE 		.ascii	"\21720\356\207\272\377(\003\026\017p\200=\000\024f\000"
  29      87BAFF28 
  29      03160F70 
  29      803D0014 
  29      6600
  30 00b7 8A6E3E37 		.ascii	"\212n>7\373\016\033H\224\223\361\000\243\301\014f&\220"
  30      FB0E1B48 
  30      9493F100 
  30      A3C10C66 
  30      2690
  31 00c9 BF0E42FD 		.ascii	"\277\016B\375\305\202\360\027>\217\034\"\311#\207\361"
  31      C582F017 
  31      3E8F1C22 
  31      C92387F1 
  32 00d9 7804DDE1 		.ascii	"x\004\335\341\0142\252\305\032\252\245\232V\012\211"
  32      0C32AAC5 
  32      1AAAA59A 
  32      560A89
  33 00e8 F9C52E49 		.ascii	"\371\305.I\351\216\305\305\251E%\012i\211\2319\251)"
  33      E98EC5C5 
  33      A945250A 
  33      69899939 
  33      A929
  34 00fa 0C56FA19 		.ascii	"\014V\372\031\371\271\251\372\005\231%\372\216\301\256"
  34      F9B9A9FA 
  34      059925FA 
  34      8EC1AE
  35 0109 FA8EBE99 		.ascii	"\372\216\276\231A\371\272\216\005\005\305\372\271\231"
  35      41F9BA8E 
  35      0505C5FA 
  35      B999
  36 0117 292939A9 		.ascii	"))9\251\345\211E\251\372\245A!\372\305E\311\372\245"
  36      E58945A9 
  36      FAA54121 
  36      FAC545C9 
  36      FAA5
  37 0129 4525F1B9 		.ascii	"E%\361\271\251\305\305\211\351\251z\311\014\000\242"
  37      A9C5C589 
  37      E9A97AC9 
  37      0C00A2
  38 0138 689462   		.ascii	"h\224b"
  39              		.text
  40              		.section	.gnu.lto_.inline.f856327adc463ab0,"e",%progbits
  41 0000 789CE360 		.ascii	"x\234\343``d\250a@\000F\006\006\271s37?cJgdfP\310\237"
  41      6064A861 
  41      40004606 
ARM GAS  /tmp/cc2bPV9O.s 			page 3


  41      06B97333 
  41      373F634A 
  42 001a CECCD8D7 		.ascii	"\316\314\330\327\374\376\036G\037\363|f\240\034\343"
  42      FCFE1E47 
  42      1FF37C66 
  42      A01CE3
  43 0029 2E466906 		.ascii	".Fi\006\006\205\002(\015T\314\302\325\320\320p\200)"
  43      06850228 
  43      0D54CCC2 
  43      D5D0D070 
  43      8029
  44 003b 95814100 		.ascii	"\225\201A\000\304`Neb`b`\0012\033\230R\030\004\030\330"
  44      C4604E65 
  44      62606260 
  44      01321B98 
  44      52180418 
  45 0050 80469D61 		.ascii	"\200F\235aNba`\001\031\316\304\015\324\0004\206\225"
  45      4E626160 
  45      0119CEC4 
  45      0DD40034 
  45      8695
  46 0062 0F448385 		.ascii	"\017D\203\205\220\230\014\000e\222\027Y"
  46      90980C00 
  46      65921759 
  47              		.text
  48              		.section	.gnu.lto_.pureconst.f856327adc463ab0,"e",%progbits
  49 0000 789CE360 		.ascii	"x\234\343``d`a`\000\222\263X\000\001\322\000\255"
  49      60646061 
  49      600092B3 
  49      580001D2 
  49      00AD
  50              		.text
  51              		.section	.gnu.lto_urtMessageInit.f856327adc463ab0,"e",%progbits
  52 0000 789C9D55 		.ascii	"x\234\235UmPTU\030>\317=w\357\335]\026,\310\302PZfr"
  52      6D505455 
  52      183ECF3D 
  52      77EFDD5D 
  52      162CC8C2 
  53 0018 88A6DCFD 		.ascii	"\210\246\334\375\321/g\232\211)\373\347\037\353o\323"
  53      D12F679A 
  53      8929FBE7 
  53      1FEB6FD3 
  54 0028 6CB0190D 		.ascii	"l\260\031\015\014\014\013\323\364'/\013\212#e_\030\273"
  54      0C0C0BD3 
  54      F4272F0B 
  54      8A23655F 
  54      18BB
  55 003a 242D8514 		.ascii	"$-\205\024Y\011\214\216\223J\271Bj\022\024\021R\256"
  55      59098C8E 
  55      934AB942 
  55      6A121411 
  55      52AE
  56 004c 0809B2A1 		.ascii	"\010\011\262\241\361Q\226\324\237\264\363\236\273\037"
  56      F15196D4 
  56      9FB4F39E 
  56      BB1F
  57 005a 904A0C77 		.ascii	"\220J\014w\346\316\234s\336\363<\357\373<\347\274\367"
ARM GAS  /tmp/cc2bPV9O.s 			page 4


  57      E6CE9C73 
  57      DEF33CEF 
  57      FB3CE7BC 
  57      F7
  58 006b 5A19D8A0 		.ascii	"Z\031\330\240\316X\021c\254P\274\2602(\206a<\246WY\025"
  58      CE581163 
  58      AC50BCB0 
  58      32288661 
  58      3CA65759 
  59 0080 8547FB82 		.ascii	"\205G\373\202\031\252a\327\033\017F\037R\015\007W\324"
  59      19AA61D7 
  59      1B0F461F 
  59      520D0757 
  59      D4
  60 0091 E9968BAB 		.ascii	"\351\226\213\253\305\212\245~\344\275\007\305\212\012"
  60      C58AA57E 
  60      E4BD07C5 
  60      8A0A
  61 009f 2DB6DB92 		.ascii	"-\266\333\222\030i\320c#\035\220#\303\012\266M\341\252"
  61      1869D063 
  61      231D9023 
  61      C30AB64D 
  61      E1AA
  62 00b1 45D3B10D 		.ascii	"E\323\261\015\257\363\006\216\356\332\350\021%\357#"
  62      AFF3068E 
  62      EEDAE811 
  62      25EF23
  63 00c0 1136C20D 		.ascii	"\0216\302\015\357h;\214\355\231!\316XP\274\346\203\243"
  63      EF683B8C 
  63      ED9921CE 
  63      5850BCE6 
  63      83A3
  64 00d2 C813FB46 		.ascii	"\310\023\373F\375M\177;v\363\020\007T1\255\357=t\306"
  64      FD4D7F3B 
  64      76F31007 
  64      5431ADEF 
  64      3D74C6
  65 00e5 4E53054E 		.ascii	"NS\005N1\035\351\357mH\341\217\202\211q\357\265\231"
  65      311DE9EF 
  65      6D48E18F 
  65      828971EF 
  65      B599
  66 00f7 27735B0D 		.ascii	"'s[\015\303o\204/\355\343\306\375!\316\361\005\270`"
  66      C36F842F 
  66      EDE3C6FD 
  66      21CEF105 
  66      B860
  67 0109 4417B270 		.ascii	"D\027\262p\014Y\214\2115\301\374%r\305\376\256\371@"
  67      0C598C89 
  67      35C1FC25 
  67      72C5FEAE 
  67      F940
  68 011b DB2ABE49 		.ascii	"\333*\276Ib\253.t\017\2501\360\310\207\022\254\342\370"
  68      62AB2E74 
  68      0FA831F0 
  68      C88712AC 
  68      E2F8
ARM GAS  /tmp/cc2bPV9O.s 			page 5


  69 012d 4D605580 		.ascii	"M`U\200\303\310e\004\031\357\274\276'USc\025\343\004"
  69      C3C86504 
  69      19EFBCBE 
  69      27555363 
  69      15E304
  70 0140 34612563 		.ascii	"4a%c\355\203\226\260q\375F\255\021\216f\276\337\231"
  70      ED8396B0 
  70      71FD46AD 
  70      118E66BE 
  70      DF99
  71 0152 9A0E01B3 		.ascii	"\232\016\001\263\250\240\234\016\230\340:\316H\266\012"
  71      A8A09C0E 
  71      98E03ACE 
  71      48B60A
  72 0161 23CCD8AB 		.ascii	"#\314\330\253\\1'Ub2\211\232\261\236\331\200FlM\234"
  72      5C312755 
  72      6232899A 
  72      B19ED980 
  72      466C4D9C 
  73 0175 F4EEAE9E 		.ascii	"\364\356\256\236\033\265\222^\016\206n\252\202\021\206"
  73      1BB5925E 
  73      0E866EAA 
  73      821186
  74 0184 1F142703 		.ascii	"\037\024'\003\302\340\012\374]6\023\200\205\000M\012"
  74      C2E00AFC 
  74      5D361380 
  74      85004D0A 
  75 0194 6B6AEBBB 		.ascii	"kj\353\273a\253\201\277\312*VZ\250T\2618|\376\324\000"
  75      61AB81BF 
  75      CA2A565A 
  75      A854B138 
  75      7CFED400 
  76 01a8 5AD18210 		.ascii	"Z\321\202\020\327\361\025j\200\036b\026\221\243o\355"
  76      D7F1156A 
  76      801E6216 
  76      91A36FED 
  77 01b8 ECD0DC07 		.ascii	"\354\320\334\007\250\"g\210[qRl\013H\201\"X3\365q\304"
  77      A8226788 
  77      5B71526C 
  77      0B488122 
  77      5833F571 
  78 01cd 9E08DA70 		.ascii	"\236\010\332p\012\356\000'\3158\015\267\254\375\361"
  78      0AEE0027 
  78      CD380DB7 
  78      ACFDF1
  79 01dc 641DAD75 		.ascii	"d\035\255u\037\034K\245:lP\360u\242p\325?\274\367\021"
  79      1F1C4BA5 
  79      3A6C50F0 
  79      75A270D5 
  79      3FBCF711 
  80 01f0 AA5B9946 		.ascii	"\252[\231F\255S\272\366\237*\355A\342\304\031Q\326\362"
  80      AD53BAF6 
  80      9F2AED41 
  80      E2C41951 
  80      D6F2
  81 0202 04F42E25 		.ascii	"\004\364.%\340\233\333\013HA\037\011P\314\330\211\263"
  81      E09BDB0B 
ARM GAS  /tmp/cc2bPV9O.s 			page 6


  81      48411F09 
  81      50CCD889 
  81      B3
  82 0213 91B739E5 		.ascii	"\221\2679\345\331)\203\016\364\303m\036\352\267\202"
  82      D929830E 
  82      F4C36D1E 
  82      EAB782
  83 0222 5F6CE83F 		.ascii	"_l\350?\376\327\274\236\2639d\004D8\225 ]=\373\217\244"
  83      FED7BC9E 
  83      B3396404 
  83      44389520 
  83      5D3DFB8F 
  84 0237 11242021 		.ascii	"\021$ !i\370\0169&d\300\204D\016\355\177&G1\021\253"
  84      69F80E39 
  84      2664C084 
  84      440EED7F 
  84      26473111 
  85 024c E49D19DF 		.ascii	"\344\235\031\337\363\2315\211\270\003\337\307\021\203"
  85      F3993589 
  85      B803DFC7 
  85      1183
  86 025a 2662D73F 		.ascii	"&b\327?\365\333\345m\277\023'\031~@V\210\247K\337,\235"
  86      F5DBE56D 
  86      BF132719 
  86      7E405688 
  86      A74BDF2C 
  87 026f 6F744C32 		.ascii	"otL22\216\377\217qC\3136\356\354\355\215\313\300\260"
  87      328EFF8F 
  87      7143CB36 
  87      EEECED8D 
  87      CBC0B0
  88 0282 342E06EB 		.ascii	"4.\006\353\336\265c\330\2364\347.\374\0307\347\247e"
  88      DEB563D8 
  88      9E34E72E 
  88      FC1837E7 
  88      A765
  89 0294 9B732E2E 		.ascii	"\233s..5\262\\s\316\307\021#T\350\0023\264\304\355\267"
  89      35B25C73 
  89      CEC71123 
  89      54E80233 
  89      B4C4EDB7 
  90 02a8 4CA3E696 		.ascii	"L\243\346\226f\254\016\322\301\342B\314\2147?\215l "
  90      66AC0ED2 
  90      C1E242CC 
  90      8C373F8D 
  90      6C20
  91 02ba 5BEFC62B 		.ascii	"[\357\306+\030%\242{$\221\236l=\321FW\247\002-v\"\023"
  91      1825A27B 
  91      24919E6C 
  91      3DD14657 
  91      A7022D76 
  92 02d0 8070A4E3 		.ascii	"\200p\244\343\\\2320\252Jlh~Q\364p\246\350G\263\001"
  92      5C9A30AA 
  92      4A6C687E 
  92      51F470A6 
  92      E847B301 
  93 02e4 E973111A 		.ascii	"\351s\021\032\373<i\326\032\214I\263Tj\205\237\341^"
ARM GAS  /tmp/cc2bPV9O.s 			page 7


  93      FB3C69D6 
  93      1A8C49B3 
  93      546A859F 
  93      E15E
  94 02f6 D8856B44 		.ascii	"\330\205kD\333^\024(I\037\234\320W@\177/\306%\275\205"
  94      DB5E1428 
  94      491F9CD0 
  94      57407F2F 
  94      C625BD85 
  95 030a E82724FD 		.ascii	"\350'$\375\351\271\231!\020}\226\240\277\024\247o,\270"
  95      E9B99921 
  95      107D96A0 
  95      BF14A76F 
  95      2CB8
  96 031c 05BB7349 		.ascii	"\005\273sI\356\265\230\224\334\232y\316\207\207\332"
  96      EEB59894 
  96      DC9A79CE 
  96      8787DA
  97 032b 7B6D89E0 		.ascii	"{m\211\340:D\251At\312\373\313bY\353D\336)3o\343\345"
  97      3A44A941 
  97      74CAFBCB 
  97      6259EB44 
  97      DE29336F 
  98 0341 77AB5396 		.ascii	"w\253S\226%+\364\311\2761G\202]\305e\231\332J\364W\340"
  98      252BF4C9 
  98      BE314782 
  98      5DC56599 
  98      DA4AF457 
  99 0356 6EE20E53 		.ascii	"n\342\016S\306\336\025\035B6~\225t6\242\233^\\m\266"
  99      C6DE151D 
  99      42367E95 
  99      7436A29B 
  99      5E5C6DB6 
 100 036a A87626EE 		.ascii	"\250v&\356RSu\372\212\350g%\275\235\350\347\304\355"
 100      525375FA 
 100      8AE86725 
 100      BD9DE8E7 
 100      C4ED
 101 037c 4FF08526 		.ascii	"O\360\205&V\302w\037~\223|)7\031\337|X4\247\023\277"
 101      56C2771F 
 101      7E937C29 
 101      3719DF7C 
 101      5834A713 
 102 0391 93F50ECA 		.ascii	"\223\365\016\312vu\261\030\247\020\363G<y\333D\306\212"
 102      7675B118 
 102      A710F347 
 102      3C79DB44 
 102      C68A
 103 03a3 92FFB954 		.ascii	"\222\377\271T\362l\\\243\344\251\224|>&u\026\376\346"
 103      F26C5CA3 
 103      E4A9947C 
 103      3E267516 
 103      FEE6
 104 03b5 F6D7B86C 		.ascii	"\366\327\270l5z\3528\222\3770\3066\272^(-\361\272\312"
 104      357AEA38 
 104      92FF30C6 
 104      36BA5E28 
ARM GAS  /tmp/cc2bPV9O.s 			page 8


 104      2DF1BACA 
 105 03c9 8A2A5CF9 		.ascii	"\212*\\\371Omr\345o.\332R\372p~Y\231\317URTXX\354}\311"
 105      4F6D72E5 
 105      6F2EDA52 
 105      FA707E59 
 105      99CF5552 
 106 03e3 53EE7555 		.ascii	"S\356uUny\332\345+/pU\226W<[\342\365\371<[\275\033\012"
 106      6E79DAE5 
 106      2B2F7055 
 106      96573C5B 
 106      E2F5F93C 
 107 03fb 981E1BEA 		.ascii	"\230\036\033\352e\236\227\213K=\205k\327\373\036X_\231"
 107      659E978B 
 107      4B3D856B 
 107      D7FB1E58 
 107      5F99
 108 040d B7D1E929 		.ascii	"\267\321\351)\365=\361\334\326|\237\317[^\341|\336S"
 108      F53DF1DC 
 108      D67C9FCF 
 108      5B5EE17C 
 108      DE53
 109 041f 54EC2D64 		.ascii	"T\354-d\377\002\340q\274!"
 109      FF02E071 
 109      BC21
 110              		.text
 111              		.section	.gnu.lto_.symbol_nodes.f856327adc463ab0,"e",%progbits
 112 0000 789CE360 		.ascii	"x\234\343``d\250d\000\002\246\233L\365\014\015@\300"
 112      6064A864 
 112      0002A69B 
 112      4CF50C0D 
 112      40C0
 113 0012 C238E11C 		.ascii	"\3028\341\034\003C=\003\303\256\006G\240$\020\260\336"
 113      03433D03 
 113      C3AE0647 
 113      A02410B0 
 113      DE
 114 0023 62625000 		.ascii	"bbP\000\322\214w\230\352\031\377C\201<X\031\003P\213"
 114      D28C7798 
 114      EA19FF43 
 114      813C5819 
 114      03508B
 115 0036 0350E636 		.ascii	"\003P\3466S=\023V\031f\006\346\246ksL\030[\030\201\254"
 115      533D1356 
 115      196606E6 
 115      A66B734C 
 115      185B1881 
 116 004b 8D13363C 		.ascii	"\215\0236<e`\\\002d2m~vf&#\343\021F\006\000\3776*h"
 116      65605C02 
 116      64326D7E 
 116      76662623 
 116      E3114606 
 117              		.text
 118              		.section	.gnu.lto_.refs.f856327adc463ab0,"e",%progbits
 119 0000 789CE360 		.ascii	"x\234\343``d\340a```f``dbbdabde\000\000\002\000\000"
 119      6064E061 
 119      60606066 
 119      60606462 
ARM GAS  /tmp/cc2bPV9O.s 			page 9


 119      62646162 
 120 001b 2B       		.ascii	"+"
 121              		.text
 122              		.section	.gnu.lto_.decls.f856327adc463ab0,"e",%progbits
 123 0000 789C9D3A 		.ascii	"x\234\235:iTTg\226\365\325W\033EQ\030\261\323\2311'"
 123      69545467 
 123      96F5D557 
 123      1B455118 
 123      B1D39931 
 124 0015 A7A78FDD 		.ascii	"\247\247\217\335\235>g\022\222INw\247{\316\314d2\231"
 124      9D3E6712 
 124      92494E77 
 124      A77BCECC 
 124      643299
 125 0028 49663A9D 		.ascii	"If:\235>\235\364\314\351\376C\023(\245&l]U\030\355?"
 125      3E9DF4CC 
 125      E9FE4313 
 125      28A5266C 
 125      5D5518ED 
 126 003d 5D08A228 		.ascii	"]\010\242(  \312. \210   \213\354\" \262\310\342\206"
 126      2020CA2E 
 126      20882020 
 126      208BEC22 
 126      20B2C8E2 
 127 0052 2C8A808A 		.ascii	",\212\200\212\240,\"\212\200\002s\277\245\250\367\250"
 127      A02C228A 
 127      800273BF 
 127      A5A8F7A8 
 128 0062 57266748 		.ascii	"W&gH>\337\273\357\335{\277\273}\367\273\337}\245\221"
 128      3EDFBBEF 
 128      DD7BBFBB 
 128      7DF7BBDF 
 128      7DA591
 129 0075 2159E53F 		.ascii	"!Y\345?\310d\013j\231\354K$\223\255\301\237\\&\223]"
 129      C8640B6A 
 129      99EC4B24 
 129      93ADC19F 
 129      5C26935D 
 130 0089 86A18531 		.ascii	"\206\241\2051\017c\007\014\025\014\005\274W\302\320"
 130      0F63070C 
 130      150C05BC 
 130      57C2D0
 131 0098 C3F080F1 		.ascii	"\303\360\200\361Gx\246\006\344\024\270\307p\377S\270"
 131      4778A606 
 131      E414B8C7 
 131      70FF53B8 
 132 00a8 7F138642 		.ascii	"\177\023\206B\316\340\367\341\372\2170>\206\001(\262"
 132      CEE0F7E1 
 132      FA8F303E 
 132      860128B2 
 133 00b8 4F0963C1 		.ascii	"O\011c\301\237Q!\223\375\035\\\375`l\206\261E0_\036"
 133      9F512193 
 133      FD1D5CFD 
 133      606C86B1 
 133      45305F1E 
 134 00cc 10FC27E0 		.ascii	"\020\374'\340\177\"gs\234\002\370\277\370\\\277\226"
 134      7F226773 
ARM GAS  /tmp/cc2bPV9O.s 			page 10


 134      9C02F8BF 
 134      F85CBF96 
 135 00dc 33193E93 		.ascii	"3\031>\22339~#g\262\374\233\334.\343\347r&\363\257\340"
 135      33397E23 
 135      67B2FC9B 
 135      DC2EE3E7 
 135      7226F3AF 
 136 00f1 FA18AEBF 		.ascii	"\372\030\256\277\205\353\015\270\376\001\3065\030\275"
 136      85EB0DB8 
 136      FE01C635 
 136      18BD
 137 00ff 305A614C 		.ascii	"0ZaL\300\030\205\241\2271\331\225\\~\242\313\003x6\013"
 137      C01885A1 
 137      9731D995 
 137      5C7EA2CB 
 137      0378360B 
 138 0113 638ADBE3 		.ascii	"c\212\333\343!\214G0f`L\302\270\007\343\256\314\256"
 138      218C4730 
 138      66604CC2 
 138      B807E3AE 
 138      CCAE
 139 0125 EBC75C5F 		.ascii	"\353\307\\_)]\0231\032\336\223\276\250\213\301h\263"
 139      295D1331 
 139      1ADE93BE 
 139      A88BC168 
 139      B3
 140 0136 1629004C 		.ascii	"\026)\000L\350(o\327\002\270E\213~ \000730\353z\357"
 140      E8286FD7 
 140      02B8458B 
 140      7E200037 
 140      3330EB7A 
 141 014b 1EC4C04D 		.ascii	"\036\304\300M\000\026\255\335Oug\310VD\340\312\250T"
 141      0016ADDD 
 141      4F7567C8 
 141      5644E0CA 
 141      A854
 142 015d 357BFD1A 		.ascii	"5{\375\032\200g\372O\334r\307rD\246\251\213Xi \257\376"
 142      8067FA4F 
 142      DC72C772 
 142      44A6A98B 
 142      586920AF 
 143 0172 A045C499 		.ascii	"\240E\304\231\356\360\350\342\354\3645\304\036\021\214"
 143      EEF0E8E2 
 143      ECF435C4 
 143      1E118C
 144 0181 E3036B47 		.ascii	"\343\003kGT\370Uz\337\265\234\237\250\366,\262\262?"
 144      54F8557A 
 144      DFB59C9F 
 144      A8F62CB2 
 144      B23F
 145 0193 4D1E96A1 		.ascii	"M\036\226\241f\204\355B\347,\315\236\325\341?P\334\353"
 145      6684ED42 
 145      E72CCD9E 
 145      D5E13F50 
 145      DCEB
 146 01a5 B389FBE4 		.ascii	"\263\211\373\344\332\375V\353\036kf\230\325\345\023"
 146      DAFD56EB 
ARM GAS  /tmp/cc2bPV9O.s 			page 11


 146      1E6B6698 
 146      D5E513
 147 01b4 19AA455B 		.ascii	"\031\252E[Q\015\332*C\027\020\345\336\202<Q\023<;\017"
 147      510DDA2A 
 147      431710E5 
 147      DE823C51 
 147      133C3B0F 
 148 01c8 CFC844A1 		.ascii	"\317\310D\241\327;\335\360\237\230X\013Iy\356\330@\357"
 148      D73BDDF0 
 148      9F98580B 
 148      4979EED8 
 148      40EF
 149 01da CFAD1D3D 		.ascii	"\317\255\035=\247`\322k\000<r\352\374\013\035S\256\221"
 149      A760D26B 
 149      003C72EA 
 149      FC0B1D53 
 149      AE91
 150 01ec BC8E6C3C 		.ascii	"\274\216l<\320\242\305\001\024511\261L\203M\364\276"
 150      D0A2C501 
 150      14353131 
 150      B14C834D 
 150      F4BE
 151 01fe 70F6692D 		.ascii	"p\366i-\321\354M-\372\253@\2537\231V\373\302\363\016"
 151      D1EC4D2D 
 151      FAAB40AB 
 151      379956FB 
 151      C2F30E
 152 0211 B9622BA2 		.ascii	"\271b+\242\300HBd\263\212\211Z\022f}%\364]\031\352\000"
 152      C0484264 
 152      B38A895A 
 152      12667D25 
 152      F45D19EA 
 153 0226 B9DA89AC 		.ascii	"\271\332\211\254=\210\322\020Y\273\341Y\027\225U~\256"
 153      3D88D210 
 153      59BBE159 
 153      1795557E 
 153      AE
 154 0237 747FAA0A 		.ascii	"t\177\252\012m\3638Nh\032{\362\337\257\255\232\262Z"
 154      6DF3384E 
 154      681A7BF2 
 154      DFAFAD9A 
 154      B25A
 155 0249 C7AC18F5 		.ascii	"\307\254\030\365\"-\352\004\232+\310c\235\211\014y\222"
 155      222DEA04 
 155      9A2BC863 
 155      9D890C79 
 155      92
 156 025a 7FDE857F 		.ascii	"\177\336\205\177\342\210\341`\022+zM0\311%N@f\271\214"
 156      E288E160 
 156      122B7A4D 
 156      30C9254E 
 156      4066B98C 
 157 026e B6716B86 		.ascii	"\266qk\206\316\336\374{\334\316D<v%\366\216\322C\232"
 157      CEDEFC7B 
 157      DCCE443C 
 157      7625F68E 
 157      D2439A
ARM GAS  /tmp/cc2bPV9O.s 			page 12


 158 0281 FAAA2475 		.ascii	"\372\252$u\345\311\350\007\030\3671\362\271\265\223"
 158      E5C9E807 
 158      18F731F2 
 158      B9B593
 159 0290 A32A3CC0 		.ascii	"\243*<\300\200\362\033\025\015zi\317\364Iz&\366\346"
 159      80F21B15 
 159      0D7A69CF 
 159      F4497A26 
 159      F6E6
 160 02a2 529D2B9E 		.ascii	"R\235+\236d\324\267\3167\027\310\361\014\003\212\307"
 160      64D4B7CE 
 160      3717C8F1 
 160      0C038AC7 
 161 02b2 C79E2A98 		.ascii	"\307\236*\230X\344\017\221`\226\241\001\3402\310\004"
 161      58E40F91 
 161      6096A101 
 161      E032C804 
 162 02c2 E2C28455 		.ascii	"\342\302\204U\254\026!\335\201\365)\351k\333\25424\204"
 162      AC1621DD 
 162      81F529E9 
 162      6BDBAC32 
 162      3484
 163 02d4 740CAFF9 		.ascii	"t\014\257\371\354\320\244\234\371\372\035\022\346\025"
 163      ECD0A49C 
 163      F9FA1D12 
 163      E615
 164 02e2 037D3CEA 		.ascii	"\003}<\352\255\030\340\356\322\345y\035^fs7\315'\227"
 164      AD18E0EE 
 164      D2E5791D 
 164      5E667337 
 164      CD2797
 165 02f5 B8E07016 		.ascii	"\270\340p\026\307\217\346\272\"\2258\216\001\227\262"
 165      C78FE6BA 
 165      2295388E 
 165      0197B2
 166 0304 232EEA9D 		.ascii	"#.\352\235\370sD\312\237\350\320\374\205\337\342<F}"
 166      F87344CA 
 166      9FE8D0FC 
 166      85DFE23C 
 166      467D
 167 0316 B7676FB5 		.ascii	"\267go\265\0167Q\000\257,\024\325h\3216\233\247o\017"
 167      0E375100 
 167      AF2C14D5 
 167      68D1369B 
 167      A76F0F
 168 0329 BE93523E 		.ascii	"\276\223R>a\265\306\277\206Z\301\321w\200\331\270H\023"
 168      61B5C6BF 
 168      865AC1D1 
 168      7780D9B8 
 168      4813
 169 033b E66EE269 		.ascii	"\346n\342iF\260\220\274\245,\314\272?L\207F\001\377"
 169      46B090BC 
 169      A52CCCBA 
 169      3F4C8746 
 169      01FF
 170 034d 36C77716 		.ascii	"6\307w\026\030\261V\346\332\006x_O\244\035\343\004D"
 170      18B156E6 
ARM GAS  /tmp/cc2bPV9O.s 			page 13


 170      DA06785F 
 170      4FA41DE3 
 170      0444
 171 035f DC7B681B 		.ascii	"\334{h\033\272\273\356\336\206\334\226O0\230\206\334"
 171      BABBEEDE 
 171      86DC964F 
 171      309886DC 
 172 036f 3FB7E6EE 		.ascii	"?\267\346\356\362\220fp\337\031\003M\356\324j\016\321"
 172      F2906670 
 172      DF19034D 
 172      EED46A0E 
 172      D1
 173 0380 0C748371 		.ascii	"\014t\203q\234P7\366\345\277q\330J\245\235\000\232a"
 173      9C5037F6 
 173      E5BF71D8 
 173      4AA59D00 
 173      9A61
 174 0392 A09D86AB 		.ascii	"\240\235\206\253\215\231\014\325m\324.\355\215\343a"
 174      8D990CD5 
 174      6DD42EED 
 174      8DE361
 175 03a1 D6B63F11 		.ascii	"\326\266?\021\007\242~\216n7\206\247\030\273/cs\026"
 175      07A27E8E 
 175      6E3786A7 
 175      18BB2F63 
 175      7316
 176 03b3 C5DEA143 		.ascii	"\305\336\241Cm\016\310\365B\336 \313\314\261Mg\230\345"
 176      6D0EC8F5 
 176      42DE20CB 
 176      CCB14D67 
 176      98E5
 177 03c5 AE015E27 		.ascii	"\256\001^'\307\267[\316ni\221\346\267\000\341&\321|"
 177      C7B75BCE 
 177      6E6991E6 
 177      B700E126 
 177      D17C
 178 03d7 805310CD 		.ascii	"\200S\020\315\037\200\346\2630\246`<\204\361\010\306"
 178      1F80E6B3 
 178      30A6603C 
 178      84F108C6 
 179 03e7 0C8C4966 		.ascii	"\014\214If\015&\336x\336\026&\036\361l\243\203|\347"
 179      0D26DE78 
 179      DE16261E 
 179      F16CA383 
 179      7CE7
 180 03f9 36EA9EFE 		.ascii	"6\352\236\376*\323\375\006\240_\227\326\275\026\255"
 180      2AD3FD06 
 180      A05F97D6 
 180      BD16AD
 181 0408 A3AF6608 		.ascii	"\243\257f\010\270_t\242=\305\007\207F\334\315\251V\343"
 181      B85F74A2 
 181      3DC50787 
 181      46DCCDA9 
 181      56E3
 182 041a 53CCBB49 		.ascii	"S\314\273I\227\016\336PzH+9\367\335\225\004N{\032\356"
 182      970EDE50 
 182      7A482B39 
ARM GAS  /tmp/cc2bPV9O.s 			page 14


 182      F7DD9504 
 182      4E7B1AEE 
 183 042e 2CEA84AB 		.ascii	",\352\204\253\360\261H\206y\272\012\311\005p\343\326"
 183      F0B14886 
 183      79BA0AC9 
 183      0570E3D6 
 184 043e 72AEB9E0 		.ascii	"r\256\271\340*&BE}N\266\012\3271\240\360V\313!\215\303"
 184      2A264245 
 184      7D4EB60A 
 184      D731A0F0 
 184      56CB218D 
 185 0453 9A7F0A92 		.ascii	"\232\177\012\222,\210\326|IKF\315:^\270s\274\250\211"
 185      2C88D67C 
 185      494B46CD 
 185      3A5EB873 
 185      BCA889
 186 0466 63596E42 		.ascii	"cYnB\251\236\211\244Z\264\345\206\276\374\221\030\035"
 186      A99E89A4 
 186      5AB4E586 
 186      BEFC9118 
 186      1D
 187 0477 EEE042DC 		.ascii	"\356\340B\334l\036V\341>\006T>)\317U\342a\006,\237\211"
 187      6C1E56E1 
 187      3E06543E 
 187      29CF55E2 
 187      61062C9F 
 188 048c 1F717110 		.ascii	"\037qq\020\3579L\373B4mLi\325s\027<\305\210\026sf\254"
 188      EF394CFB 
 188      42346D4C 
 188      69D57317 
 188      3CC58816 
 189 04a3 2A07A215 		.ascii	"*\007\242\025\007\242\347\307\212\252E\262\256\212d"
 189      07A2E7C7 
 189      8AAA45B2 
 189      AE8A64
 190 04b2 5DE3B2E2 		.ascii	"]\343\262\342\232\202\252N\035\354\017\333\370\006\261"
 190      9A82AA4E 
 190      1DEC0FDB 
 190      F806B1
 191 04c1 F64ED12A 		.ascii	"\366N\321*K\033\240\016z\002|C\345\222+\305\356f\205"
 191      4B1BA00E 
 191      7A027C43 
 191      E5922BC5 
 191      EE6685
 192 04d4 20692D71 		.ascii	" i-q\002\342f\253|\033\332#\027\304\355L\221*\305\332"
 192      02E266AB 
 192      7C1BDA23 
 192      17C4ED4C 
 192      912AC5DA 
 193 04e8 18AE22B3 		.ascii	"\030\256\"\263\243ei\326\266\300:\274\357\341YW\234"
 193      A36569D6 
 193      B6C03ABC 
 193      EFE15957 
 193      9C
 194 04f9 A4A04ADF 		.ascii	"\244\240J\337\034\032\030\306\036\3223\206\311%gD\341"
 194      1C1A18C6 
 194      1ED23386 
ARM GAS  /tmp/cc2bPV9O.s 			page 15


 194      C9256744 
 194      E1
 195 050a 720FA08C 		.ascii	"r\017\240\214~\\\037\351.4C\270h\312\275r\032Hp!\351"
 195      7E5C1FE9 
 195      2E3443B8 
 195      68CABD72 
 195      1A487021 
 196 051f 34B76337 		.ascii	"4\267c7\313\350[\001\032\352=\022\347BR\263\225S\302"
 196      CBE85B01 
 196      1AEA3D12 
 196      E74252B3 
 196      9553C2
 197 0532 733B2114 		.ascii	"s;!\024\014D`\024!\247Y\371~\304\245U^\267\274N\322"
 197      0C446014 
 197      21A759F9 
 197      7EC4A555 
 197      5EB7BC4E 
 198 0547 FA8BF30D 		.ascii	"\372\213\363\015|\347\037!e\315\365\305\372e\035\316"
 198      7CE71F21 
 198      65CDF5C5 
 198      FA651DCE 
 199 0557 A6CAE0D0 		.ascii	"\246\312\340\320\003\313\003\030i\267\"`\206h\352\267"
 199      03CB0318 
 199      69B72260 
 199      8668EAB7 
 200 0567 665B31AC 		.ascii	"f[1\254\225\367\266\242w@\241\003\240\320A\302>J\276"
 200      95F7B6A2 
 200      7740A103 
 200      A0D041C2 
 200      3E4ABE
 201 057a 154503FF 		.ascii	"\025E\003\377d\253\206>H\266\002\366\243\277\322{`z"
 201      64AB863E 
 201      48B602F6 
 201      A3BFD27B 
 201      607A
 202 058c 75B66F5E 		.ascii	"u\266o^\2619\226\033\345_\020y\216\"\201f\277\234H\030"
 202      B139961B 
 202      E55F1079 
 202      8E228166 
 202      BF9C4818 
 203 05a0 23DFCCC4 		.ascii	"#\337\314\304d\367d\353\310\352\253reB~\000\340\376"
 203      64F764EB 
 203      C8EAAB72 
 203      65427E00 
 203      E0FE
 204 05b2 957B07D4 		.ascii	"\225{\007\324N\025\214\345\012\036b\01267v\305s\332"
 204      4E158CE5 
 204      0A1E620A 
 204      363776C5 
 204      73DA
 205 05c4 5F0298BC 		.ascii	"_\002\230\2744\314\313\266^\262\333\315\037]\375\375"
 205      34CCCBB6 
 205      5EB2DBCD 
 205      1F5DFDFD 
 206 05d4 4649E241 		.ascii	"FI\342A\2228*\311a\"I,\223\3440\225\344i\365t\257\212"
 206      92382AC9 
 206      6122492C 
ARM GAS  /tmp/cc2bPV9O.s 			page 16


 206      93E43095 
 206      E469F574 
 207 05ea 71DBEF06 		.ascii	"q\333\357\006p{\323\370*/\234n\222\331Z\022Od\271p\373"
 207      707BD3F8 
 207      2A2F9C6E 
 207      92D95A12 
 207      4F64B970 
 208 05ff 2901EEE9 		.ascii	")\001\356\351\311\177\312\213\310\375\256\000\237\252"
 208      C97FCA8B 
 208      C8FDAE00 
 208      9FAA
 209 060d 9D4CE29B 		.ascii	"\235L\342\233\257UN\352\217\301\250\023j\276\373\222"
 209      AF554EEA 
 209      8FC1A813 
 209      6ABEFB92 
 210 061d B2F26478 		.ascii	"\262\362dx\355\200\013\316c\301\3238\022\275\204\031"
 210      ED800BCE 
 210      63C1D338 
 210      12BD8419 
 211 062d F21A7146 		.ascii	"\362\032qF_\317\363,\205S\275\323\270\336\251L\357\351"
 211      5FCFF32C 
 211      8553BDD3 
 211      B8DEA94C 
 211      EFE9
 212 063f 032B89EE 		.ascii	"\003+\211\356\033UK\006\325\222\250j\351D\2654\252\032"
 212      1B554B06 
 212      D592A86A 
 212      E944B534 
 212      AA1A
 213 0651 29F0F615 		.ascii	")\360\366\025\357b\023Ui\311b\217=\033\301\265\352%"
 213      EF621355 
 213      69C9628F 
 213      3D1BC1B5 
 213      EA25
 214 0663 AF7BA61A 		.ascii	"\257{\246\032\366*\271\224D\253\2663\351\031j\\\314"
 214      F62AB994 
 214      44ABB633 
 214      E9196A5C 
 214      CC
 215 0674 A4BC7C78 		.ascii	"\244\274|x\360\266\013C\376\005\211\370\265\351\273"
 215      F0B60B43 
 215      FE0589F8 
 215      B5E9BB
 216 0683 7A066E01 		.ascii	"z\006n\001p\2625u\334\215\221f\022\035\036\304u\326"
 216      70B23575 
 216      DC8D9166 
 216      121D1EC4 
 216      75D6
 217 0695 B8E14A46 		.ascii	"\270\341JFz$e\3745\334\244\020U\311?q\254\222\177\302"
 217      7A2465FC 
 217      35DCA410 
 217      55C93F71 
 217      AC927FC2 
 218 06a9 EAC982C8 		.ascii	"\352\311\202\310\253\273q\033\303>^\334W\252\224\256"
 218      ABBB711B 
 218      C33E5EDC 
 218      57AA94AE 
ARM GAS  /tmp/cc2bPV9O.s 			page 17


 219 06b9 AFF2E594 		.ascii	"\257\362\345\224\202\254\252<P\367$3G\362\311\225^\214"
 219      82ACAA3C 
 219      50F72433 
 219      47F2C995 
 219      5E8C
 220 06cb AF33EAD6 		.ascii	"\2573\352\326C\341QZ|\223\001\003\363\271U\256\322\254"
 220      43E1515A 
 220      7C930103 
 220      F3B955AE 
 220      D2AC
 221 06dd 0A2559D5 		.ascii	"\012%Y\325/\324]\320\343\011F\375p\274\240O\216\347"
 221      2FD45DD0 
 221      E30946FD 
 221      70BCA04F 
 221      8EE7
 222 06ef 1810BE2F 		.ascii	"\030\020\276/\271]\356\220\342\212\201K\211\\\230\342"
 222      B95DEE90 
 222      E28A814B 
 222      895C98E2 
 223 06ff CAD6F223 		.ascii	"\312\326\362#0~\316\211\236f,(\035\210J\035\210\216"
 223      307ECE89 
 223      9E662C28 
 223      1D884A1D 
 223      888E
 224 0711 1674A56B 		.ascii	"\026t\245k\204\011\341\214(!\224\311y\016/M\270\274"
 224      8409E18C 
 224      282194C9 
 224      790E2F4D 
 224      B8BC
 225 0723 A6C2E14A 		.ascii	"\246\302\341J\226to\345t9f\352r`^!b\336Sz5T\217\017"
 225      96746FE5 
 225      743966EA 
 225      72605E21 
 225      62DE537A 
 226 073b 33A2A2F6 		.ascii	"3\242\242\366\353#\330\201\250\322\201\250t\245\252"
 226      EB23D881 
 226      A8D281A8 
 226      74A5AA
 227 074a 4F94A2CE 		.ascii	"O\224\242\316\212$\252\262I\224u8\371\204\016\347P\346"
 227      8A24AAB2 
 227      49947538 
 227      F9840EE7 
 227      50E6
 228 075c AA844793 		.ascii	"\252\204G\223\335rD\352\241m\333Dy1\007,\234\015\026"
 228      DD7244EA 
 228      A16DDB44 
 228      7931072C 
 228      9C0D16
 229 076f A6D2D5F0 		.ascii	"\246\322\325\360\274X\017y\261\001F\035\214Z\030\347"
 229      BC580F79 
 229      B101461D 
 229      8C5A18E7 
 230 077f 8459F976 		.ascii	"\204Y\371v\021\216\314\216\211\266f\356\201\205\005"
 230      118ECC8E 
 230      89B666EE 
 230      818505
 231 078e D19DCB09 		.ascii	"\321\235\313\0117\226\212\202\022a\371$\266\346\274"
ARM GAS  /tmp/cc2bPV9O.s 			page 18


 231      37968A82 
 231      1261F924 
 231      B6E6BC
 232 079d 838A00BB 		.ascii	"\203\212\000\273\300\011\266\240\230:\251fY\0374\241"
 232      C009B6A0 
 232      983AA966 
 232      591F34A1 
 233 07ad A5578DF4 		.ascii	"\245W\215\364\206\302\260\0370\326\340\007t\332\201"
 233      86C2B01F 
 233      30D6E007 
 233      74DA81
 234 07bc F5C65265 		.ascii	"\365\306Re8is6-U\210\334\325\016\350\366B\215\254\306"
 234      38697336 
 234      2D5588DC 
 234      D50EE8F6 
 234      428DACC6 
 235 07d0 A2945D1E 		.ascii	"\242\224]\036\322\246\252\374vS\221\244^\2366\246\307"
 235      D2A6AAFC 
 235      765391A4 
 235      5E9E36A6 
 235      C7
 236 07e1 83CCB9CD 		.ascii	"\203\314\271\315\223w\367k\361]\012\310\037\347-\324"
 236      9377F76B 
 236      F15D0AC8 
 236      1FE72DD4 
 237 07f1 CBD7CF58 		.ascii	"\313\327\317X\303\311[\230P6}[^\262\201f\2061Y\326\027"
 237      C3C95B98 
 237      50367D5B 
 237      5EB28166 
 237      863159D6 
 238 0806 4B939C11 		.ascii	"K\223\234\021\020Y\232\327\347\036Z\276\260\307\035"
 238      10599AD7 
 238      E71E5ABE 
 238      B0C71D
 239 0815 CFB1B9C3 		.ascii	"\317\261\271\303\263\312\012\325\036\322\344\027$\311"
 239      B3CA0AD5 
 239      1ED2E417 
 239      24C9
 240 0823 47B217AA 		.ascii	"G\262\027\252\020\266\252(\371\275\343S\337c\231\345"
 240      10B6AA28 
 240      F9BDE353 
 240      DF6399E5 
 241 0833 4DB2F24E 		.ascii	"M\262\362N\015^\323\343\010\366\352t\341\363\022-i\023"
 241      0D5ED3E3 
 241      08F6EA74 
 241      E1F3122D 
 241      6913
 242 0845 90C23744 		.ascii	"\220\3027DA\263gyM\231\016\037b\357\243Gr\012\035\327"
 242      41B36779 
 242      4D990E1F 
 242      62EFA347 
 242      720A1DD7 
 243 0859 4127CC79 		.ascii	"A'\314yI\024\322\215\317\253\206t8\223\021\225\355\257"
 243      4914D28D 
 243      CFAB8674 
 243      38931195 
 243      EDAF
ARM GAS  /tmp/cc2bPV9O.s 			page 19


 244 086b 1BD13910 		.ascii	"\033\3219\020u9\020\365\334\250\273\346\"\\\007\335"
 244      753910F5 
 244      DCA8BBE6 
 244      225C07DD 
 245 087b 22BBF5D8 		.ascii	"\"\273\365\330\326\301\255\312\316\223nTHx\204:\344"
 245      D6C1ADCA 
 245      CE936E54 
 245      4878843A 
 245      E4
 246 088c 54CC880B 		.ascii	"T\314\210\013\261\265nL+\271\240\315\260\205\265\031"
 246      B1B56E4C 
 246      2BB9A0CD 
 246      B085B519 
 247 089c D2FA8A3B 		.ascii	"\322\372\212;4\337?B\235\037f\335$G~\257\242+\340\375"
 247      34DF3F42 
 247      9D1F66DD 
 247      24477EAF 
 247      A22BE0FD 
 248 08b0 CB34895F 		.ascii	"\3134\211_\225\177_\206z\201\017e\337\361\342\3051\205"
 248      957F5F86 
 248      7A810F65 
 248      DFF1E2C5 
 248      3185
 249 08c2 500C782D 		.ascii	"P\014x-\020\343\032\314Ie\006\324\274\263\011\005\256"
 249      10E31ACC 
 249      496506D4 
 249      BCB30905 
 249      AE
 250 08d3 B884A9F9 		.ascii	"\270\204\251\371\254\273s\302)\035\272\016\352\012I"
 250      ACBB73C2 
 250      291DBA0E 
 250      EA0A49
 251 08e2 6FEDAD69 		.ascii	"o\355\255i\321\340jF\3321V\371\025nb\367\343g\302\362"
 251      D1E06A46 
 251      DA3156F9 
 251      156E62F7 
 251      E367C2F2 
 252 08f6 354E4E84 		.ascii	"5NN\204\375r\251\023a\371P^\255+\276\316\310\333\263"
 252      FD72A913 
 252      61F9505E 
 252      AD2BBECE 
 252      C8DBB3
 253 0909 8A67DCF0 		.ascii	"\212g\334\360(\003n\364>\353\32499\212\017\311\245\216"
 253      28036EF4 
 253      3EEBD439 
 253      398A0FC9 
 253      A58E
 254 091b E21DBD8F 		.ascii	"\342\035\275\217\037\331Z\026d\237y\3222\007\245\347"
 254      1FD95A16 
 254      649F79D2 
 254      3207A5E7 
 255 092b 1C635794 		.ascii	"\034cW\2249\237\216\361\023\006\214\0266E\252\360\""
 255      399F8EF1 
 255      13068C16 
 255      3645AAF0 
 255      22
 256 093c 03F29FC6 		.ascii	"\003\362\237\306\244\362\375\231\024R5\327;\217\353"
ARM GAS  /tmp/cc2bPV9O.s 			page 20


 256      A4F2FD99 
 256      145235D7 
 256      3B8FEB
 257 094b F9F64D5E 		.ascii	"\371\366M^O\015\036<\213\360\012\303\315l\032}\013\207"
 257      4F0D1E3C 
 257      8BF00AC3 
 257      CD6C1A7D 
 257      0B87
 258 095d A9113B3D 		.ascii	"\251\021;=\024\255`\274\237\001\255W\332\241\312\337"
 258      14AD60BC 
 258      9F01AD57 
 258      DAA1CADF 
 259 096d 1827F740 		.ascii	"\030'\367@\316qQ\234D6\234\366\307G\031M\331\203\263"
 259      CE71519C 
 259      44369CF6 
 259      C747194D 
 259      D983B3
 260 0980 171DABE1 		.ascii	"\027\035\253\341\373\0164#\025/RD\247\372\011QlM\332"
 260      FB0E3423 
 260      152F5244 
 260      A7FA0951 
 260      6C4DDA
 261 0993 626BA26D 		.ascii	"bk\242m\341\236\006\3472\346\013\355\211\005n\270\220"
 261      E19E06E7 
 261      32E60BED 
 261      89056EB8 
 261      90
 262 09a4 01510747 		.ascii	"\001Q\007Gs\324\322\373\333C\251\375M\321vl\364\237"
 262      73D4D2FB 
 262      DB43A9FD 
 262      4DD1766C 
 262      F49F
 263 09b6 C8719C17 		.ascii	"\310q\234\027\326Wgqws\2045\366<\"\263\241\273@3\373"
 263      D6576771 
 263      77738435 
 263      F63C22B3 
 263      A1BB4033 
 264 09cb D2DCB69A 		.ascii	"\322\334\266\232\306s\333\024\344\266\007\016\350R\207"
 264      C673DB14 
 264      E4B6070E 
 264      E85287
 265 09da 4A480463 		.ascii	"JH\004c \300(\311i\3678\005\221\352\021\344\261i\030"
 265      20C028C9 
 265      69F73805 
 265      91EA11E4 
 265      B16918
 266 09ed 33A2623C 		.ascii	"3\242b<\215\247\251I\236\246$\304\341\251\363it\375"
 266      8DA7A949 
 266      9EA624C4 
 266      E1A9F369 
 266      74FD
 267 09ff 2D9D87F4 		.ascii	"-\235\207\364<\367\235\317C\252\232\272\264i7<AM\250"
 267      3CF79DCF 
 267      43AA9ABA 
 267      B469373C 
 267      414DA8
 268 0a12 3C31BDBC 		.ascii	"<1\275\274\204\220\340\020\277\266\2023\262\257X\351"
ARM GAS  /tmp/cc2bPV9O.s 			page 21


 268      8490E010 
 268      BFB68233 
 268      B2AF58E9 
 269 0a22 CE33073C 		.ascii	"\3163\007<\356\000\257'p\2651wv\332\270\005\357\311"
 269      EE00AF27 
 269      70B53177 
 269      76DAB805 
 269      EFC9
 270 0a34 2197669E 		.ascii	"!\227f\236'|\362y\230x\001\306S\030\317\204\212\256"
 270      277CF279 
 270      987801C6 
 270      5318CF84 
 270      8AAE
 271 0a46 A66CC9B1 		.ascii	"\246l\311\261\035\346os\002'\207y\222\275S63\354>0\313"
 271      1DE66F73 
 271      02278779 
 271      92BD5336 
 271      33EC3E30 
 272 0a5b 8803BAC3 		.ascii	"\210\003\272\303V8\270\225mn\304K\217\235p\267\235i"
 272      5638B895 
 272      6D6EC44B 
 272      8F9D70B7 
 272      9D69
 273 0a6d 4A62922F 		.ascii	"Jb\222/\273yH\253\322\365rU\200\372\304J\352\274\033"
 273      BB7948AB 
 273      D2F57255 
 273      80FAC44A 
 273      EABC1B
 274 0a80 CED0D070 		.ascii	"\316\320\320p\314\352\251\207B,\237\002\252\256\362"
 274      CCEAA987 
 274      422C9F02 
 274      AAAEF2
 275 0a8f 1B071D8B 		.ascii	"\033\007\035\213\001\341\351{\011\270?\267\035\222\360"
 275      01E1E97B 
 275      09B83FB7 
 275      1D92F0
 276 0a9e 36F40238 		.ascii	"6\364\0028\257\300X\205\261\266n,pIO\214\362\364\235"
 276      AFC05885 
 276      B1B66E2C 
 276      70494F8C 
 276      F2F49D
 277 0ab1 0E2806A2 		.ascii	"\016(\006\242\336A7\201`\220\023\332\273\031\033\273"
 277      DE413781 
 277      609013DA 
 277      BB191BBB 
 278 0ac1 0BE3A9AF 		.ascii	"\013\343\251\257\363\356\307\000\230\340\206\003\376"
 278      F3EEC700 
 278      98E08603 
 278      FE
 279 0ace C64E4C77 		.ascii	"\306NLw\332kY\353\006n\347\350v\213\265\31176n\354\255"
 279      DA6B59EB 
 279      066EE7E8 
 279      768BB5C9 
 279      37366EEC 
 280 0ae3 986527D8 		.ascii	"\230e'\3306w\200\374\335)\257\306[\011\372\"\340\015"
 280      367780FC 
 280      DD29AFC6 
ARM GAS  /tmp/cc2bPV9O.s 			page 22


 280      5B09FA22 
 280      E00D
 281 0af5 737C9B91 		.ascii	"s|\233\221\305Q]^\277Z\341\216\273\230=o\256\225W:k"
 281      C5515D5E 
 281      BF5AE18E 
 281      BB983D6F 
 281      AE95573A 
 282 0b0a 5D84E26F 		.ascii	"]\204\342o5\036is\255,\267j\360\000c\227\227=\177\016"
 282      351E6973 
 282      AD2CB76A 
 282      F0006397 
 282      973D7F0E 
 283 0b1e 4B678B30 		.ascii	"Kg\2130,\221-\224\225\247\022W\3654]\360\2651\233\256"
 283      2C912D94 
 283      95A71257 
 283      F5345DF0 
 283      B5319BAE 
 284 0b32 BC559613 		.ascii	"\274U\226\023i\265\266\204\252\320\036\354\201.\202"
 284      69B5B684 
 284      AAD01EEC 
 284      812E82
 285 0b41 32FBE06A 		.ascii	"2\373\340j\023kC\241\005$\253\307\360i8LF\352P#H{\202"
 285      136B43A1 
 285      0524ABC7 
 285      F069384C 
 285      46EA5023 
 286 0b58 E3DBAA1C 		.ascii	"\343\333\252\034\031:n7\226H\321L\300\310\240\357\010"
 286      193A6E37 
 286      9648D14C 
 286      C0C8A0EF 
 286      08
 287 0b69 3E116C3F 		.ascii	">\021l?h\271\027F$\214\010,XK\255\351\270\272\234N\021"
 287      68B91746 
 287      248C082C 
 287      584BADE9 
 287      B8BA9C4E 
 288 0b7e 8E592F89 		.ascii	"\216Y/\211\220H\027s\244Kw\014\0272\364V\220\350\274"
 288      90481773 
 288      A44B770C 
 288      1732F456 
 288      90E8BC
 289 0b91 7C23FA71 		.ascii	"|#\372q\271\300\037\375\326\311\016~\250\313#\307\247"
 289      B9C01FFD 
 289      D6C90E7E 
 289      A8CB23C7 
 289      A7
 290 0ba2 EA07F776 		.ascii	"\352\007\367v\342H\027j\317\275I\363\025.8\226\001\011"
 290      E248176A 
 290      CFBD49F3 
 290      152E3896 
 290      0109
 291 0bb4 03AD8D7A 		.ascii	"\003\255\215z\207\244\037\005v\215\306\302\244?\033"
 291      87A41F05 
 291      768DC6C2 
 291      A43F1B
 292 0bc3 B33757ED 		.ascii	"\2637W\355\320\326q\304\313J:\330 \332\271cDB\036\302"
 292      D0D671C4 
ARM GAS  /tmp/cc2bPV9O.s 			page 23


 292      CB4A3AD8 
 292      20DAB963 
 292      44421EC2 
 293 0bd7 7C73181D 		.ascii	"|s\030\035+\016\227\343\343L\210\332\226\275\225n\270"
 293      2B0E97E3 
 293      E34C88DA 
 293      96BD956E 
 293      B8
 294 0be8 940199A9 		.ascii	"\224\001\231\251\375\325Z\007\211\342`\246x\261D\315"
 294      FDD55A07 
 294      89E260A6 
 294      78B144CD 
 295 0bf8 E9B96ADC 		.ascii	"\351\271j\334\304\210ngLD;\356]\207\035\210\312\317"
 295      C4886E67 
 295      4C443BEE 
 295      5D871D88 
 295      CACF
 296 0c0a 54C48AEA 		.ascii	"T\304\212\352\242\004\221xG\270x8&qe\316\205d\001\351"
 296      A2049178 
 296      47B87838 
 296      267165CE 
 296      856401E9 
 297 0c1e 3E492C30 		.ascii	">I,0>\312\375\233\004~M\024\371u\221wf\200\033\355\314"
 297      3ECAFD9B 
 297      047E4D14 
 297      F9759177 
 297      66801BED 
 298 0c33 1C7574AB 		.ascii	"\034ut\253po\232}\225%I\260\015\355\021I\240s\257\316"
 298      706F9A7D 
 298      952549B0 
 298      0DED1149 
 298      A073AFCE 
 299 0c47 0EEC6974 		.ascii	"\016\354it\307W\230\312\347\372\312\356\251\234\364"
 299      C75798CA 
 299      E7FACAEE 
 299      A99CF4
 300 0c56 7192A5E5 		.ascii	"q\222\245\345#\375\257\027Us\374,\034K\002\343~\373"
 300      23FDAF17 
 300      5573FC2C 
 300      1C4B02E3 
 300      7EFB
 301 0c68 9362173C 		.ascii	"\223b\027<\312X\346\\\255\031R\341)\012\340\334\224"
 301      CA58E65C 
 301      AD1952E1 
 301      290AE0DC 
 301      94
 302 0c79 3D53AEBC 		.ascii	"=S\256\274\007n%\271\\\030~P\273\240\314\227Ekk\252"
 302      076E25B9 
 302      5C187E50 
 302      BBA0CC97 
 302      456B6BAA 
 303 0c8d 70FDA471 		.ascii	"p\375\244qt\373\372\361\224X>\202\024.\243\350D\374"
 303      74FBFAF1 
 303      94583E82 
 303      142EA3E8 
 303      44FC
 304 0c9f 63207EC6 		.ascii	"c ~\306\272\370\223\253\305\367\025x\336E\324\214x\235"
ARM GAS  /tmp/cc2bPV9O.s 			page 24


 304      BAF893AB 
 304      C5F71578 
 304      DE45D48C 
 304      789D
 305 0cb1 37236C87 		.ascii	"7#l\207\363\327\331\341\374J\377\203\0149^f\270S\007"
 305      F3D7D9E1 
 305      FC4AFF83 
 305      0C395E66 
 305      B85307
 306 0cc4 0A92F9E9 		.ascii	"\012\222\371\351\\\334!\312\301\224\200L\225\215\267"
 306      5CDC21CA 
 306      C194804C 
 306      958DB7
 307 0cd3 A2E398D6 		.ascii	"\242\343\230\326\201\267\322g\347\0258\2121\352\277"
 307      81B7D267 
 307      E715388A 
 307      31EABF
 308 0ce2 DDDA8E70 		.ascii	"\335\332\216p<\003\316\014\037h\303\232\010\312\250"
 308      3C03CE0C 
 308      1F68C39A 
 308      08CAA8
 309 0cf1 59C8E824 		.ascii	"Y\310\350$0\312\303\032\032lBV\241'B\377\007g1\342\244"
 309      30CAC31A 
 309      1A6C4256 
 309      A12742FF 
 309      076731E2 
 310 0d06 792809A5 		.ascii	"y(\011\245\210\363\235\020?N\036}\300{a\373\211\273"
 310      88F39D10 
 310      3F4E1E7D 
 310      C07B61FB 
 310      89BB
 311 0d18 8EF7F667 		.ascii	"\216\367\366g\352\361\031\306m\377\335\247\365\2566"
 311      EAF119C6 
 311      6DFFDDA7 
 311      F5AE36
 312 0d27 9DC25FD6 		.ascii	"\235\302_\326\365\"U\333LS,\026F~\021\026\266jN\333"
 312      F52255DB 
 312      4C532C16 
 312      467E1116 
 312      B66A4EDB 
 313 0d3b 16E69EB1 		.ascii	"\026\346\236\261\312>\204\253\371W\300}\271\375\032"
 313      CA3E84AB 
 313      F957C07D 
 313      B9FD1A
 314 0d4a 5EC2D2B6 		.ascii	"^\302\322\266\313Jrg\244\0327\260\267\266F\312f\336"
 314      CB4A7267 
 314      A41A37B0 
 314      B7B646CA 
 314      66DE
 315 0d5c 48E97E72 		.ascii	"H\351~rd\336\335i3\250\014\263f\320\031\246\331p\361"
 315      64DEDD69 
 315      33A80CB3 
 315      66D019A6 
 315      D970F1
 316 0d6f 508B02B7 		.ascii	"P\213\002\2671N\335\323{\343]\235\024\352\345X\252P"
 316      314EDDD3 
 316      7BE35D9D 
ARM GAS  /tmp/cc2bPV9O.s 			page 25


 316      14EAE558 
 316      AA50
 317 0d81 3F1DB7D8 		.ascii	"?\035\267\330\342f\357%\275\206*@\235\0220\\\001&\223"
 317      E266EF25 
 317      BD862A40 
 317      9D12305C 
 317      012693
 318 0d94 55E2CD6C 		.ascii	"U\342\315lF\252\323\305\204\231\0129\276\312\303\342"
 318      46AAD3C5 
 318      84990A39 
 318      BECAC3E2 
 319 0da4 60C97DDE 		.ascii	"`\311}\336/\233 \375\262\321\274\356p\336Ij\234!\010"
 319      2F9B20FD 
 319      B2D1BCEE 
 319      70DE496A 
 319      9C2108
 320 0db7 7D895DDD 		.ascii	"}\211]\335z|\213a\257\334o:\255d\330\375\264:\317\310"
 320      7A7C8B61 
 320      AFDC6F3A 
 320      AD64D8FD 
 320      B43ACFC8 
 321 0dcb 6B71C3F7 		.ascii	"kq\303\367\331\313\207=\215e\256RAU'\031T%\013\327\216"
 321      D9CB873D 
 321      8D65AE52 
 321      41552719 
 321      54250BD7 
 322 0de0 29F02CA3 		.ascii	")\360,\243\015-H(\321\342e\006\324]\2539\204p\250+\373"
 322      0D2D4828 
 322      D1E26506 
 322      D45DAB39 
 322      8470A82B 
 323 0df5 8E5575E9 		.ascii	"\216Uu\351\216\013\216d\300\330\311\210\373\216\237"
 323      8E0B8E64 
 323      C0D8C988 
 323      FB8E9F
 324 0e04 DACE03FF 		.ascii	"\332\316\003\377&QbK\254\214\257\324\342\024F4\327\022"
 324      2651624B 
 324      AC8CAFD4 
 324      E2144634 
 324      D712
 325 0e16 DDAE7048 		.ascii	"\335\256pH\326\315\016D\205+c\011ZaL\264\210\226\364"
 325      D6CD0E44 
 325      852B6309 
 325      5A614CB4 
 325      8896F4
 326 0e29 055B366C 		.ascii	"\005[6l\034\210\354W8\315\2062\324\312\327\352EX\253"
 326      1C88EC57 
 326      38CD8632 
 326      D4CAD7EA 
 326      4558AB
 327 0e3c 6DC254B8 		.ascii	"m\302T\270Z\217\333Y\322\000^\250\021\004h}Y\322\030"
 327      5A8FDB59 
 327      D2005EA8 
 327      1104687D 
 327      59D218
 328 0e4f 6FC0A90C 		.ascii	"o\300\251\014\375\217ZtN\032\333V\377u\246\366\206\362"
 328      FD8F5A74 
ARM GAS  /tmp/cc2bPV9O.s 			page 26


 328      4E1ADB56 
 328      FF75A6F6 
 328      86F2
 329 0e61 63521B3D 		.ascii	"cR\033=\353\025\037z\027\027Q\375q|KR\270\363\354\015"
 329      EB151F7A 
 329      171751FD 
 329      717C4B52 
 329      B8F3EC0D 
 330 0e75 A52E97B7 		.ascii	"\245.\227\267\013\344\275$\224w\274\016W1\001l\271\273"
 330      0BE4BD24 
 330      9477BC0E 
 330      5731016C 
 330      B9BB
 331 0e87 F3A5B97B 		.ascii	"\363\245\271{\246\026\327\332\267\360\016,\211\317\223"
 331      A616D7DA 
 331      B7F00E2C 
 331      89CF93
 332 0e96 B7ED0BF6 		.ascii	"\267\355\013\366f\376\005\273f)9N\203\317\272\362\263"
 332      66FE05BB 
 332      6629394E 
 332      83CFBAF2 
 332      B3
 333 0ea7 D76C0DC2 		.ascii	"\327l\015\302M\014H\332\223\027\245\227\312\022P\245"
 333      4D0C48DA 
 333      9317A597 
 333      CA1250A5 
 334 0eb7 A2CB1259 		.ascii	"\242\313\022Y\"\345\\\322\0115\276\302\250\217\335\311"
 334      22E55CD2 
 334      0935BEC2 
 334      A88FDDC9 
 335 0ec7 8E544851 		.ascii	"\216THQ_qB\035\335\367\254\337\005\337e\324W\312K\223"
 335      5F71421D 
 335      DDF7ACDF 
 335      05DF65D4 
 335      57CA4B93 
 336 0edb DCF01403 		.ascii	"\334\360\024\003\246\243\037\257\252\361<\003\006\366"
 336      A6A31FAF 
 336      AAF13C03 
 336      06F6
 337 0ee9 3DE950E2 		.ascii	"=\351P\342\027\024P\274\270\263\260\246A\274\302\"\205"
 337      171450BC 
 337      B8B3B0A6 
 337      41BCC222 
 337      85
 338 0efa 68153EC6 		.ascii	"h\025>\306w\007\244E}0\323\200\023\303I\236|d\024\235"
 338      7707A445 
 338      7D30D380 
 338      13C3499E 
 338      7C64149D 
 339 0f0e B864085C 		.ascii	"\270d\010\\\322\017cP\350\226\007\325\230\355\250\204"
 339      D20F6350 
 339      E89607D5 
 339      98EDA884 
 340 0f1e F97507E6 		.ascii	"\371u\007\346\033\233d\017N\013\320oH\313\302\235\222"
 340      1B9B640F 
 340      4E0BD06F 
 340      48CBC29D 
ARM GAS  /tmp/cc2bPV9O.s 			page 27


 340      92
 341 0f2f DF5BDDCC 		.ascii	"\337[\335\314\267\303\367\001L\217l,\344\275\362L\322"
 341      B7C3F701 
 341      4C8F6C2C 
 341      E4BDF24C 
 341      D2
 342 0f40 8B5FE869 		.ascii	"\213_\350i\337\253\307\341:j\000[\243|\013o\224w>=\260"
 342      DFABC7E1 
 342      3A6A005B 
 342      A37C0B6F 
 342      94773E3D 
 343 0f55 26C707D8 		.ascii	"&\307\007\330\313\221\344\234\243<\253\250\001l{\221"
 343      CB91E49C 
 343      A33CABA8 
 343      016C7B91 
 344 0f65 7444EE34 		.ascii	"tD\3564\025\216\361T8\312\034\220\030]pGT3\221\276\270"
 344      158EF154 
 344      38CA1C90 
 344      185D7047 
 344      543391BE 
 345 0f7a 1DFB0EB6 		.ascii	"\035\373\016\266\267:\362\007\357\216a{\332S\320\227"
 345      B73AF207 
 345      EF8E617B 
 345      DA53D097 
 346 0f8a B7C197EC 		.ascii	"\267\301\227\354dp\227\244\2751[\332\253lOlQ\3428\235"
 346      647097A4 
 346      BD315BDA 
 346      AB6C4F6C 
 346      51E2389D 
 347 0f9e A827     		.ascii	"\250'"
 348 0fa0 BE85F5C4 		.ascii	"\276\205\365\304\247\027\237<\324\343$\366\356lOr\""
 348      A7179F3C 
 348      D4E324F6 
 348      EE6C4F72 
 348      22
 349 0fb1 175E45F6 		.ascii	"\027^E\366\325\245\341\011\215S\341'\271\360\023|\247"
 349      D5A5E109 
 349      8D53E127 
 349      B9F0137C 
 349      A7
 350 0fc2 3CDD7D4B 		.ascii	"<\335}K\271\261\251?\216\231r2\364\200H4i\223\250\267"
 350      B9B1A93F 
 350      8E997232 
 350      F4804834 
 350      6993A8B7 
 351 0fd6 BB760C8E 		.ascii	"\273v\014\216]l\326\233Q\363u\010\347S@U\261\324\373"
 351      5D6CD69B 
 351      51F37508 
 351      E7534055 
 351      B1D4FB
 352 0fe9 448B845F 		.ascii	"D\213\204_\245[\213p:\253 @+4\002n\234\0057\332u\025"
 352      A55B8B70 
 352      3AAB2040 
 352      2B34026E 
 352      9C0537DA 
 353 0fff 1C       		.ascii	"\034"
 354 1000 07F969B3 		.ascii	"\007\371i\263P\030\203\3678\201\324\351T\\r\000\307"
ARM GAS  /tmp/cc2bPV9O.s 			page 28


 354      501883F7 
 354      3881D4E9 
 354      545C7200 
 354      C7
 355 1011 9B54D659 		.ascii	"\233T\326Y\036\203\217!\376\036\301\230\2031\003cZ\030"
 355      1E838F21 
 355      FE1EC198 
 355      83310363 
 355      5A18
 356 1023 8BCBA704 		.ascii	"\213\313\247\004\301\365\320a\022Q\206 )\255\000\247"
 356      C1F5D061 
 356      12518620 
 356      29AD00A7 
 357 1033 811670A2 		.ascii	"\201\026p\242\003K\240\373\034\337n\037\207\006\357"
 357      034BA0FB 
 357      1CDF6E1F 
 357      8706EF
 358 1042 29A11253 		.ascii	")\241\022S\322\374Y\360j\306\372\353\317\253\350\267"
 358      D2FC59F0 
 358      6AC6FAEB 
 358      CFABE8B7 
 359 1052 7CDE1A21 		.ascii	"|\336\032!\337\317\033p\"=\263\221\324\331\000\344K"
 359      DFCF1B70 
 359      223DB391 
 359      D4D900E4 
 359      4B
 360 1063 587880CC 		.ascii	"Xx\200\314\330p\"\034\256\301\305%T\274\253\220\031"
 360      D870221C 
 360      AEC1C525 
 360      54BCAB90 
 360      19
 361 1074 7A383E4B 		.ascii	"z8>K\0302\324\2157h3S\307\271\2234\227%\337\310\275"
 361      1832D48D 
 361      37683353 
 361      C7B99334 
 361      9725DFC8 
 362 1089 1D6F389E 		.ascii	"\035o8\236\346\343\323\342t\272\3444\375\023\335\317"
 362      E6E3D3E2 
 362      74BAE434 
 362      FD13DDCF 
 363 1099 E174264C 		.ascii	"\341t&L=f\255s\2410\265B\346 \313B5\227\205\254\356"
 363      3D66AD73 
 363      A130B542 
 363      E620CB42 
 363      359785AC 
 364 10ae 6B5C727B 		.ascii	"k\\r{B\261\037\207D\336>\012\010G\350\253%\356\355\005"
 364      42B11F87 
 364      44DE3E0A 
 364      0847E8AB 
 364      25EEED05 
 365 10c2 F0F0328C 		.ascii	"\360\3602\214E\030O`<\2051\017\343\031\026\034\345;"
 365      45184F60 
 365      3C85310F 
 365      E319161C 
 365      E53B
 366 10d4 8A7028F5 		.ascii	"\212p(\365:\361\3060\237\314\0369\302\235\311u)\267"
 366      3AF1C630 
ARM GAS  /tmp/cc2bPV9O.s 			page 29


 366      9FCC1E39 
 366      C29DC975 
 366      29B7
 367 10e6 E3AC1B77 		.ascii	"\343\254\033w\213-\236\211\251\017\341\014f\014\250"
 367      8B2D9E89 
 367      A90FE10C 
 367      660CA8
 368 10f5 B55031F0 		.ascii	"\265P1\360\330\243\020\032\243`\203~\335\251\370\010"
 368      D8A3101A 
 368      A360837E 
 368      DDA9F808 
 369 1105 D58F54C2 		.ascii	"\325\217T\302\344\313\000A\267\327\307\251\"\337\020"
 369      E4CB0041 
 369      B7D7C7A9 
 369      22DF10
 370 1114 EB25E322 		.ascii	"\353%\343\"f\275\023`\275,\316\337f=\206\376\236\275"
 370      66BD1360 
 370      BD2CCEDF 
 370      663D86FE 
 370      9EBD
 371 1126 3ECF20DC 		.ascii	">\317 \334I\247a\037w%\301\266\237^\217\311\305\322"
 371      49A7611F 
 371      7725C1B6 
 371      9F5E8FC9 
 371      C5D2
 372 1138 0C9EE306 		.ascii	"\014\236\343\006 \212\327p\346vc&l@_\210\301\374'%P"
 372      208AD770 
 372      E6766326 
 372      6C405F88 
 372      C1FC2725 
 373 114d 89A1528E 		.ascii	"\211\241R\216o\257\3176x\2765Ih\233B'\266q<mW\003\303"
 373      6FAFCF36 
 373      78BE3549 
 373      689B4227 
 373      B6713C6D 
 374 1164 2A7887CE 		.ascii	"*x\207\316r\022\332VPlC\317\301\201\241p\335\013c\205"
 374      7212DA56 
 374      506C43CF 
 374      C181A170 
 374      DD0B6385 
 375 1178 B4196084 		.ascii	"\264\031`\204\303\375*\\\303\340\272&tnk\036Nbk4]\276"
 375      C3FD2A5C 
 375      C3E0BA26 
 375      746E6B1E 
 375      4E626B34 
 376 118e 19A5705B 		.ascii	"\031\245p[\330?L&nT.\025\237b\231)\005\214q\220Om_\006"
 376      D83F4C26 
 376      6E542E15 
 376      9F629929 
 376      058C7190 
 377 11a6 0736BA66 		.ascii	"\0076\272f&\011\0272\327\234\202U\226+\351\032\276!"
 377      26091732 
 377      D79C8255 
 377      962BE91A 
 377      BE21
 378 11b8 0D5E2899 		.ascii	"\015^(\231\327\342\022\226!\3532F\366)<\2445\216P\374"
 378      D7E21296 
ARM GAS  /tmp/cc2bPV9O.s 			page 30


 378      21EB3246 
 378      F6293CA4 
 378      358E50FC 
 379 11cc BF3446C0 		.ascii	"\2774F\300\220\024\275\005\227\222yY\273H\212\340\344"
 379      9014BD05 
 379      97927959 
 379      BB488AE0 
 379      E4
 380 11dd D2D9876E 		.ascii	"\322\331\207n\270\216Mk\3739\326\026\366s\254Smm\003"
 380      B88E4D6B 
 380      FB39D616 
 380      F673AC53 
 380      6D6D03
 381 11f0 6EF83C7B 		.ascii	"n\370<{\227]Q\224G\276V\377\230|\023\305\202C\327\217"
 381      975D5194 
 381      47BE56FF 
 381      987C13C5 
 381      8243D78F 
 382 1204 5925DBB2 		.ascii	"Y%\333\262<\030\341\212\273\030rd\321\225G\356\254>"
 382      3C18E18A 
 382      BB187264 
 382      D19547EE 
 382      AC3E
 383 1216 8E0DB32A 		.ascii	"\216\015\263*\337\224\255\177(@1\012JB\244\217VlEQ\012"
 383      DF94AD7F 
 383      2840310A 
 383      4A42A48F 
 383      566C4551 
 384 122b BA99649F 		.ascii	"\272\231d\237\036\313s\303#\214\272\351P\302\220;\236"
 384      1ECB73C3 
 384      238CBAE9 
 384      50C2903B 
 384      9E
 385 123c 64C09E96 		.ascii	"d\300\236\226\301g\374\344\224\331,j\002\311P\274\202"
 385      C167FCE4 
 385      94D92C6A 
 385      02C950BC 
 385      82
 386 124d 1735821F 		.ascii	"\0275\202\037\257E\216\025\255\352\360,#N\353x:\210"
 386      AF458E15 
 386      ADEAF02C 
 386      234EEB78 
 386      3A88
 387 125f 2489D161 		.ascii	"$\211\321a\220C\212\276\367d|\253\026\257Qz\345\334"
 387      90438ABE 
 387      F7647CAB 
 387      16AF517A 
 387      E5DC
 388 1271 D58BF5F6 		.ascii	"\325\213\365\366\206\0228\364F\276z\346Bg\22453\024"
 388      861238F4 
 388      46BE7AE6 
 388      42679435 
 388      3314
 389 1283 A3430A38 		.ascii	"\243C\0128J\003\227$p\206\375;\210\303)\277\210\377"
 389      4A039724 
 389      7086FD3B 
 389      88C329BF 
ARM GAS  /tmp/cc2bPV9O.s 			page 31


 389      88FF
 390 1295 6E280126 		.ascii	"n(\001&\213\343\350\337\366K\020{6K\342\236N\004O\036"
 390      8BE3E8DF 
 390      F64B107B 
 390      364BE29E 
 390      4E044F1E 
 391 12a9 85910223 		.ascii	"\205\221\002#Y!\210\341\205\252-\214?9\235\037q\340"
 391      592188E1 
 391      85AA2D8C 
 391      3F399D1F 
 391      71E0
 392 12bb BF719B59 		.ascii	"\277q\233Y-~=>\314\232\367'*\375Ai\351\017(XH^8Qv^\216"
 392      2D7E3D3E 
 392      CC9AF727 
 392      2AFD4169 
 392      E90F2858 
 393 12d6 4FB8B133 		.ascii	"O\270\2613gss\254\312I\373:\225\363q\"(\011\273\213"
 393      677373AC 
 393      CA49FB3A 
 393      95F37122 
 393      2809BB8B 
 394 12ea 6D111A5C 		.ascii	"m\021\032\\\316X\235\237\231;\243\3005\014\210\016M"
 394      CE589D9F 
 394      993BA3C0 
 394      350C880E 
 394      4D
 395 12fb FD10D7D3 		.ascii	"\375\020\327\323{|w`\374\241\372%\345{&\237#\013x\037"
 395      7B7C7760 
 395      FCA1FA25 
 395      E57B269F 
 395      230B781F 
 396 130f 171AE146 		.ascii	"\027\032\341F\225\372\320\336\203\354\353+\261C\006"
 396      95FAD0DE 
 396      83ECEB2B 
 396      B14306
 397 131e 0894296D 		.ascii	"\010\224)mgF0\366S\276\227\003\3621id\333y\343^\370"
 397      674630F6 
 397      53BE9703 
 397      F2316964 
 397      DB79E35E 
 398 1333 C104777C 		.ascii	"\301\004w|\233I{s1y\316\366\033\012=\251\215\317N\337"
 398      9B497B73 
 398      3179CEF6 
 398      1B0A3DA9 
 398      8DCF4EDF 
 399 1347 B59D211F 		.ascii	"\265\235!\037\321N\315\342\2019w\374\200b+\033#\207"
 399      D14ECDE2 
 399      813977FC 
 399      80622B1B 
 399      2387
 400 1359 63DC584B 		.ascii	"c\334XKY\264\226O@\340\347\200\221Q6L}\222+\225\017"
 400      59B4964F 
 400      40E0E780 
 400      9151364C 
 400      7D922B95 
 401 136e 4A15C0C8 		.ascii	"J\025\300\310\203qJ\250\334\370\2517\342x\306\006\324"
 401      83714AA8 
ARM GAS  /tmp/cc2bPV9O.s 			page 32


 401      DCF8A937 
 401      E278C606 
 401      D4
 402 137f 744E62CB 		.ascii	"tNb\313\007\022\277\244\313x=\216\356\037\344W:\271"
 402      0712BFA4 
 402      CB783D8E 
 402      EE1FE457 
 402      3AB9
 403 1391 1C5DE227 		.ascii	"\034]\342'\210\034\273`\013\353\365\246\001V$\307\266"
 403      881CBB60 
 403      0BEBF5A6 
 403      015624C7 
 403      B6
 404 13a2 C7DF7EC5 		.ascii	"\307\337~\305\006\364|-\333\016\210\305\310\346$fn\017"
 404      06F47C2D 
 404      DB0E88C5 
 404      C8E62466 
 404      6E0F
 405 13b4 37A20F69 		.ascii	"7\242\017i\013\336\0329\3472\212n#\362\223g\204\036"
 405      0BDE1A39 
 405      E7328A6E 
 405      23F29367 
 405      841E
 406 13c6 7E8364E4 		.ascii	"~\203d\344?\362\017;\234\222+\"\367\210\377\300\234"
 406      3FF20F3B 
 406      9C922B22 
 406      F788FFC0 
 406      9C
 407 13d7 FE21F2C7 		.ascii	"\376!\362\307\361\330\205 \260g\354b\373\207=\223s."
 407      F1D88520 
 407      B067EC62 
 407      FB873D93 
 407      732E
 408 13e9 B61F5623 		.ascii	"\266\037V#F\303\270SP\300\232\275G\374\275\215\011#"
 408      46C3B853 
 408      50C09ABD 
 408      47FCBD8D 
 408      0923
 409 13fb 6052D909 		.ascii	"`R\331\011\371#9\237NH\201\034$\2663\224\2553\265\375"
 409      F923399F 
 409      4E48811C 
 409      24B63394 
 409      AD33B5FD 
 410 140f F17B724E 		.ascii	"\361{rN[\211\316\320\217\241\221P\260\347\310J\367_"
 410      5B89CED0 
 410      8FA19150 
 410      B0E7C84A 
 410      F75F
 411 1421 7F85BE17 		.ascii	"\177\205\276\027\373\003\031;\000F\344,\272\340\003"
 411      FB03193B 
 411      0046E42C 
 411      BAE003
 412 1430 7A67DF91 		.ascii	"zg\337\221[\026\352O86m\347\034~\177\333\235~\241N."
 412      5B16EA4F 
 412      38366DE7 
 412      1C7E7FDB 
 412      9D7EA14E 
ARM GAS  /tmp/cc2bPV9O.s 			page 33


 413 1445 3C589488 		.ascii	"<X\224\210\342\273T\301{>\373\302\"\302\025t\012x\204"
 413      E2BB54C1 
 413      7B3EFBC2 
 413      22C21574 
 413      0A7884
 414 1458 8A157492 		.ascii	"\212\025t\222\252\316\2709\235\323\357\274e\212\357"
 414      AACEB839 
 414      9DD3EFBC 
 414      658AEF
 415 1467 CBD01905 		.ascii	"\313\320\031\005\377\316{\376T\341\277\3770\323:2bm"
 415      FFCE7BFE 
 415      54E1BFFF 
 415      30D33A32 
 415      626D
 416 1479 ECE9541F 		.ascii	"\354\351T\037l\236\264Z\265\012\202\203NC(q\201\310"
 416      6C9EB45A 
 416      B50A8283 
 416      4E432871 
 416      81C8
 417 148b BD0C1529 		.ascii	"\275\014\025)\306\020*T\214\022+\225+~\010\304\023\227"
 417      C6102A54 
 417      8C122B95 
 417      2B7E08C4 
 417      1397
 418 149d 2FA6617C 		.ascii	"/\246a|\215i\373\364|Z/\371\235\217\212\375\346FM\373"
 418      8D69FBF4 
 418      7C5A2FF9 
 418      9D8F8AFD 
 418      E6464DFB 
 419 14b1 31177FCE 		.ascii	"1\027\177\316\236\020Yv\301\223\033QW\207Tx\230Q,'\277"
 419      9E105976 
 419      C1931B51 
 419      57875478 
 419      98512C27 
 420 14c6 2875159C 		.ascii	"(u\025\234V\004\311\275JA\311\310\262:\013k\255\222"
 420      5604C9BD 
 420      4A41C9C8 
 420      B23A0B6B 
 420      AD92
 421 14d8 6D324B93 		.ascii	"m2K\223%M.T\333jH~\314\242S{\257=\326;U\266\226([cS"
 421      254D2E54 
 421      DB6A487E 
 421      CCA2537B 
 421      AF3DD63B 
 422 14f3 3674DFBD 		.ascii	"6t\337\275f\035\321\026\326\301\375\233\352\207\221"
 422      661DD116 
 422      D6C1FD9B 
 422      EA8791
 423 1502 11D1D62C 		.ascii	"\021\321\326,D\261P\205@]\270g.\257\243jfM\247\367\272"
 423      44B15085 
 423      405DB867 
 423      2EAFA36A 
 423      664DA7F7 
 424 1517 E10477F6 		.ascii	"\341\004w\366\225\272\362p\035\373\356N\033o\360dho"
 424      95BAF270 
 424      1DFBEE4E 
 424      1B6FF064 
ARM GAS  /tmp/cc2bPV9O.s 			page 34


 424      686F
 425 1529 698CC317 		.ascii	"i\214\303\027[\031:\247\020:4\271\270\272\314\015\247"
 425      5B193AA7 
 425      103A34B9 
 425      B8BACC0D 
 425      A7
 426 153a 331E937D 		.ascii	"3\036\223}E\003\216\255\241F\220@L\324z\362\260\247"
 426      45038EAD 
 426      A1469040 
 426      4CD47AF2 
 426      B0A7
 427 154c 3008CE8B 		.ascii	"0\010\316\213\202\240\311\026\004q\241\363\271j*\022"
 427      82A0C916 
 427      0471A1F3 
 427      B96A2A12 
 428 155c 3C420D2C 		.ascii	"<B\015,\010V\317\014\266\"\241]\376\250\025\330\245"
 428      0856CF0C 
 428      B622A15D 
 428      FEA815D8 
 428      A5
 429 156d 85D8A5D9 		.ascii	"\205\330\245\331f\227\351K\235Crn\227\0333\352\211\356"
 429      6697E94B 
 429      9D43726E 
 429      971B33EA 
 429      89EE
 430 157f 88C6DF52 		.ascii	"\210\306\337R\034T/\260J\275\315*\027\250U\246\343\223"
 430      1C542FB0 
 430      4ABDCD2A 
 430      17A855A6 
 430      E393
 431 1591 53F4789C 		.ascii	"S\364x\234i\024=~\261\007\262&\003JFF\217h=\244\023"
 431      69143D7E 
 431      B107B226 
 431      034A4646 
 431      8F683DA4 
 432 15a6 E6C59727 		.ascii	"\346\305\227'L\022\"\315\363\245\362\037e3a\252\324"
 432      4C1222CD 
 432      F3A5F21F 
 432      653361AA 
 432      D4
 433 15b7 374F765A 		.ascii	"7OvZ\255Y:\324\006D\255L\232un2\362\204H\324\256\370"
 433      AD593AD4 
 433      0644AD4C 
 433      9A756E32 
 433      F28448D4 
 434 15cd 1139FDE6 		.ascii	"\0219\375\346/\215\251\205\366j\023\331\253\203\332"
 434      2F8DA985 
 434      F66A13D9 
 434      AB83DA
 435 15dc 8B5C00F7 		.ascii	"\213\\\000\367\311\360\365\030\275\250\201\246\020\376"
 435      C9F0F518 
 435      BDA881A6 
 435      10FE
 436 15ea BEA193E1 		.ascii	"\276\241\223\341vR\334g\303\311\025J!n\212\350,t\211"
 436      7652DC67 
 436      C3C9154A 
 436      216E8AE8 
ARM GAS  /tmp/cc2bPV9O.s 			page 35


 436      2C7489
 437 15fd E15EA2B8 		.ascii	"\341^\242\270Q\375\025\242\276\\\014\324\245v\324.\206"
 437      51FD15A2 
 437      BE5C0CD4 
 437      A576D42E 
 437      86
 438 160e DA45510F 		.ascii	"\332EQ\017\217.\025\212~\361tX\204\333\315p\273)n\311"
 438      8F2E158A 
 438      7EF17458 
 438      84DBCD70 
 438      BB296EC9 
 439 1622 85C934D1 		.ascii	"\205\3114\321/\201kE\342\3660\334\036\212\3730~>B\364"
 439      2F816B45 
 439      E2F630DC 
 439      1E8AFB30 
 439      7E3E42F4 
 440 1636 9B57F12F 		.ascii	"\233W\361/\227{\031.\271x\004\206\004|b\262|\024\024"
 440      977B192E 
 440      B9780486 
 440      047C62B2 
 440      7C1414
 441 1649 680E0930 		.ascii	"h\016\0110\230\314\2776l\267|\340\351\027\024`\360\014"
 441      98CCBF36 
 441      6CB77CE0 
 441      E9171460 
 441      F00C
 442 165b 365A3C3F 		.ascii	"6Z<?\374\342c\317\017?3\376.\350\255\017\203\203\315"
 442      FCE263CF 
 442      0F3F33FE 
 442      2EE8AD0F 
 442      8383CD
 443 166e 9E01465F 		.ascii	"\236\001F__\177\3037\336&\203g\310\357\276\3644\233"
 443      5F7FC337 
 443      DE268367 
 443      C8EFBEF4 
 443      349B
 444 1680 7C3C434C 		.ascii	"|<CL\026\257\000\203\331\354\275\303\360\266\217\346"
 444      16AF0083 
 444      D9ECBDC3 
 444      F0B68FE6 
 445 1690 3F7EF3FB 		.ascii	"?~\363\373\037|\364\301\0072\225\331\370\027\203\227"
 445      1F7CF4C1 
 445      073295D9 
 445      F8178397 
 446 16a0 45412EEA 		.ascii	"EA.\352`\357\335\376A\336\276\012\2131\300\340\346\035"
 446      60EFDDFE 
 446      41DEBE0A 
 446      8B31C0E0 
 446      E61D
 447 16b2 64F62237 		.ascii	"d\366\"7f\213w@\260&\304\030h\371\331\373^\226\177~"
 447      668B7740 
 447      B026C418 
 447      68F9D9FB 
 447      5E967F7E 
 448 16c6 FB6D4FF8 		.ascii	"\373mO\370\337\002\217=\203\015&c\260\237\301\264\373"
 448      DF028F3D 
 448      830D2663 
ARM GAS  /tmp/cc2bPV9O.s 			page 36


 448      B09FC1B4 
 448      FB
 449 16d7 2D7F7F5F 		.ascii	"-\177\177_\317\017\337\373\340\235\237y\355|\327\223"
 449      CF0FDFFB 
 449      E09D9F79 
 449      ED7CD793 
 450 16e7 61C0FF3E 		.ascii	"a\300\377>A0\2751\320\307\323\306\352m?\231\216\210"
 450      4130BD31 
 450      D0C7D3C6 
 450      EA6D3F99 
 450      8E88
 451 16f9 1164FE12 		.ascii	"\021d\376\022 /\213\334\350\353.\020\313\350\013\202"
 451      202F8BDC 
 451      E8EB2E10 
 451      CBE80B82 
 452 1709 041A7659 		.ascii	"\004\032vY\\\005\017]\202MA\333\215\376\306\300\035"
 452      5C050F5D 
 452      824D41DB 
 452      8DFEC6C0 
 452      1D
 453 171a BA100B5C 		.ascii	"\272\020\013\\\377\342m1\202\015^%(\353\257|\202B\002"
 453      FFE26D31 
 453      820D5E25 
 453      28EBAF7C 
 453      824202
 454 172d 2D069397 		.ascii	"-\006\223\227\345o\004\224\366\327\276\336\026\357M"
 454      E56F0494 
 454      F6D7BEDE 
 454      16EF4D
 455 173c 603F91F1 		.ascii	"`?\221\361~\371]\215G4\020\032\317O\266\325\351,^\026"
 455      7EF95D8D 
 455      4734101A 
 455      CF4FB6D5 
 455      E92C5E16 
 456 1750 37E13B0B 		.ascii	"7\341;\013\336\031`q\3730\310\374\371\027\026\223\301"
 456      DE196071 
 456      FB30C8FC 
 456      F9171693 
 456      C1
 457 1761 3BE0BF3F 		.ascii	";\340\277?\373\322\225\030#\310LA\265\217\237w`\240"
 457      FBD29518 
 457      23C84C41 
 457      B58F9F77 
 457      60A0
 458 1773 C19FDADA 		.ascii	"\301\237\332\332\030\304!\035\340\177\372\371G\014x"
 458      18C4211D 
 458      E07FFAF9 
 458      470C78
 459 1782 43C29446 		.ascii	"C\302\224FN\016\222h\355\274\025@nR}\025\262}\273\301"
 459      4E0E9268 
 459      EDBC1540 
 459      6E527D15 
 459      B27DBBC1 
 460 1796 A4321902 		.ascii	"\2442\031\002\202,\006W\303N\313\257\215f\213!\320`"
 460      822C0657 
 460      C34ECBAF 
 460      8D668B21 
ARM GAS  /tmp/cc2bPV9O.s 			page 37


 460      D060
 461 17a8 526EF7F7 		.ascii	"Rn\367\367\336a\326\031v\032\002-\364\326\313\242\242"
 461      DE61D619 
 461      761A022D 
 461      F4D6CBA2 
 461      A2
 462 17b9 80D9955E 		.ascii	"\200\331\225^\002\274\315_{Y4\376\034\335\305\307\317"
 462      02BCCD5F 
 462      7B5934FE 
 462      1CDDC5C7 
 462      CF
 463 17ca CBE2077C 		.ascii	"\313\342\007|}5"
 463      7D35
 464 17d0 ECE265D1 		.ascii	"\354\342e\321S</\033\306&1\010\354\276\241|\337f\022"
 464      533C2F1B 
 464      C6263108 
 464      ECBEA17C 
 464      DF6612
 465 17e3 7F6D3081 		.ascii	"\177m0\201\370\236\037\371\031\2772~\376\205g\220\331"
 465      F89E1FF9 
 465      19BF327E 
 465      FE856790 
 465      D9
 466 17f4 D364211A 		.ascii	"\323d!\032\370\207\370\032<}\374\330\324\240\201\013"
 466      F887F81A 
 466      3C7DFCD8 
 466      D4A0810B 
 467 1804 C8F84550 		.ascii	"\310\370EP\210\311\307\300d\3632S@/\004\274,J\022>&"
 467      88C9C7C0 
 467      64F33253 
 467      402F04BC 
 467      2C4A123E 
 468 1819 8D8FB7BF 		.ascii	"\215\217\267\277\377W\336>_o\002\351v\032M\226\020o"
 468      FF57DE3E 
 468      5F6F02E9 
 468      761A4D96 
 468      106F
 469 182b 7F1A5826 		.ascii	"\177\032X&w\021\004z\354\264l\017\011\364\201\033#\011"
 469      7711047A 
 469      ECB46C0F 
 469      09F4811B 
 469      2309
 470 183d 8C9DDEFE 		.ascii	"\214\235\336\376\233\211\345\374\203\002w\330\036xY"
 470      9B89E5FC 
 470      830277D8 
 470      1E7859
 471 184c 5C2D26E3 		.ascii	"\\-&\343\216\035\006\023\241q\027\205;\204\346N\013"
 471      8E1D0613 
 471      A1711785 
 471      3B84E64E 
 471      0B
 472 185d 0EF63629 		.ascii	"\016\3666)\010\027\245/QR\021l2\354t\203\211}\015\376"
 472      0817A52F 
 472      5152116C 
 472      32EC7483 
 472      897D0DFE 
 473 1871 E068F2C8 		.ascii	"\340h\362\310]\004\201\224\024p3\3576\333'y\353;\231"
ARM GAS  /tmp/cc2bPV9O.s 			page 38


 473      5D048194 
 473      147033EF 
 473      36DB2779 
 473      EB3B99
 474 1884 83D0136B 		.ascii	"\203\320\023k\200\343\310\012\364\374NDA_\375\257\301"
 474      80E3C80A 
 474      F4FC4E44 
 474      415FFDAF 
 474      C1
 475 1895 8719D126 		.ascii	"\207\031\321&\275I\355\363\025\210\355\035\260\325\311"
 475      BD49EDF3 
 475      1588ED1D 
 475      B0D5C9
 476 18a4 123401B6 		.ascii	"\0224\001\266\353:\340e\361 \367f?\203\277?\013\031"
 476      EB3AE065 
 476      F120F766 
 476      3F83BF3F 
 476      0B19
 477 18b6 B206A568 		.ascii	"\262\006\245h)\012\021\220\205\336+\020w_\220G\353q"
 477      290A1190 
 477      85DE2B10 
 477      775F9047 
 477      EB71
 478 18c8 AD072C8A 		.ascii	"\255\007,\212\304\0206\255\023\361\250v\267Q\360\300"
 478      C41036AD 
 478      13F1A876 
 478      B751F0C0 
 479 18d8 D68B3968 		.ascii	"\326\2139h\203\314\266HU1\247\253|\202\002\267\033w"
 479      83CCB648 
 479      5531A7AB 
 479      7C8202B7 
 479      1B77
 480 18ea BC626744 		.ascii	"\274bgDa\2602\270\310b\320\257?\247\340&1\010\321\010"
 480      61B032B8 
 480      C862D0AF 
 480      3FA7E026 
 480      3108D108 
 481 18fe EB322018 		.ascii	"\3532 \030\362\211w\200\301\205\207\3607\336Z\263\345"
 481      F2897780 
 481      C18587F0 
 481      37DE5AB3 
 481      E5
 482 190f 6B6F7FE3 		.ascii	"ko\177\343\216@/\213\313:\205K\020d2\232V\324$\315\375"
 482      8E402F8B 
 482      CB3A854B 
 482      1064329A 
 482      56D424CD 
 483 1924 C2CBA235 		.ascii	"\302\313\2425\3542\370\020F!f\360\210\005\034\251\366"
 483      EC32F810 
 483      462166F0 
 483      88051CA9 
 483      F6
 484 1935 090A08F0 		.ascii	"\011\012\010\360\016\364\025\350\305\036l\336\370\000"
 484      0EF415E8 
 484      C51E6CDE 
 484      F800
 485 1943 389B0C7F 		.ascii	"8\233\014\177\016\201@2\370j\375\275\201\213\017a\355"
ARM GAS  /tmp/cc2bPV9O.s 			page 39


 485      0E814032 
 485      F86AFDBD 
 485      818B0F61 
 485      ED
 486 1954 BE8EC7E0 		.ascii	"\276\216\307\340W6\300^\026\265\037\030 \310\264[e\360"
 486      5736C05E 
 486      16B51F18 
 486      20C8B45B 
 486      65F0
 487 1966 3502ADC6 		.ascii	"5\002\255\306l\360\007\367\032|\325>!&\023,\006\245"
 487      6CF007F7 
 487      1A7CD53E 
 487      2126132C 
 487      06A5
 488 1978 313038C4 		.ascii	"108\304\242\3626\355\200E\2562\033\376\354o\010$\027"
 488      A2F236ED 
 488      8045AE32 
 488      1BFEEC6F 
 488      082417
 489 198b 805C00C5 		.ascii	"\200\\\000\305\034d\012\0162\253\340\341\016\213\237"
 489      1C640A0E 
 489      32ABE0E1 
 489      0E8B9F
 490 199a EB3A7792 		.ascii	"\353:w\222\333\315\346`\327\200 \337\020\340G\022%\023"
 490      DBCDE660 
 490      D78020DF 
 490      10E04712 
 490      2513
 491 19ac 191EB267 		.ascii	"\031\036\262g\304\345\032v\373\251/1\356\016\266\032"
 491      C4E51A76 
 491      FBA92F31 
 491      EE0EB61A 
 492 19bc 080685C0 		.ascii	"\010\006\205\300\036\346\335\201>\314-\177+\025\034"
 492      1EE6DD81 
 492      3ECC2D7F 
 492      2B151C
 493 19cb 8009B1A1 		.ascii	"\200\011\261\241\267\335\263L\250\244\363\313\203\314"
 493      B7DDB34C 
 493      A8A4F3CB 
 493      83CC
 494 19d9 8A1DC1C6 		.ascii	"\212\035\301\306\240\327\245\350v\203\221h\032\263C"
 494      A0D7A5E8 
 494      76839168 
 494      1AB343
 495 19e8 1A5B7693 		.ascii	"\032[v\223\277/\323x\233\002v\376\374\255\000\231\026"
 495      BF2FD378 
 495      9B0276FE 
 495      FCAD0099 
 495      16
 496 19f9 C82C865D 		.ascii	"\310,\206]o\005\274'\323C~\375\214\245\327O\003\215"
 496      6F05BC27 
 496      D3437EFD 
 496      8CA5D74F 
 496      038D
 497 1a0b DF3D8B3B 		.ascii	"\337=\213;l\2012Hq_\372\371~\274\313hQ\006\230!\256"
 497      6C813248 
 497      715FFAF9 
ARM GAS  /tmp/cc2bPV9O.s 			page 40


 497      7EBCCB68 
 497      51069821 
 498 1a20 BEDBA263 		.ascii	"\276\333\242c\241D\026\235\306\307/\330\004\361\262"
 498      A144169D 
 498      C6C72FD8 
 498      04F1B2
 499 1a2f 7DCBBF7A 		.ascii	"}\313\277z\233\015_\020\237\007Z\214\336<\240\337s\306"
 499      9B0D5F10 
 499      9F075A8C 
 499      DE3CA0DF 
 499      73C6
 500 1a41 CDCFDBDF 		.ascii	"\315\317\333\337\323\337\370\225'\323\322\354i\343\002"
 500      D3DFF895 
 500      27D3D2EC 
 500      69E302
 501 1a50 1C319841 		.ascii	"\0341\230Ag7\205\227\345\377\000r$S$"
 501      67378597 
 501      E5FF0072 
 501      245324
 502              		.text
 503              		.section	.gnu.lto_.symtab.f856327adc463ab0,"e",%progbits
 504 0000 7572744D 		.ascii	"urtMessageInit\000"
 504      65737361 
 504      6765496E 
 504      697400
 505 000f 00       		.ascii	"\000"
 506 0010 00       		.ascii	"\000"
 507 0011 00       		.ascii	"\000"
 508 0012 00000000 		.ascii	"\000\000\000\000\000\000\000\000"
 508      00000000 
 509 001a 34020000 		.ascii	"4\002\000\000"
 510 001e 616F7300 		.ascii	"aos\000"
 511 0022 00       		.ascii	"\000"
 512 0023 02       		.ascii	"\002"
 513 0024 00       		.ascii	"\000"
 514 0025 00000000 		.ascii	"\000\000\000\000\000\000\000\000"
 514      00000000 
 515 002d 49020000 		.ascii	"I\002\000\000"
 516 0031 63685468 		.ascii	"chThdExit\000"
 516      64457869 
 516      7400
 517 003b 00       		.ascii	"\000"
 518 003c 02       		.ascii	"\002"
 519 003d 00       		.ascii	"\000"
 520 003e 00000000 		.ascii	"\000\000\000\000\000\000\000\000"
 520      00000000 
 521 0046 3C020000 		.ascii	"<\002\000\000"
 522 004a 63687072 		.ascii	"chprintf\000"
 522      696E7466 
 522      00
 523 0053 00       		.ascii	"\000"
 524 0054 02       		.ascii	"\002"
 525 0055 00       		.ascii	"\000"
 526 0056 00000000 		.ascii	"\000\000\000\000\000\000\000\000"
 526      00000000 
 527 005e 45020000 		.ascii	"E\002\000\000"
 528              		.text
ARM GAS  /tmp/cc2bPV9O.s 			page 41


 529              		.section	.gnu.lto_.opts,"e",%progbits
 530 0000 272D666E 		.ascii	"'-fno-openmp' '-fno-openacc' '-fno-pie' '-mcpu=cort"
 530      6F2D6F70 
 530      656E6D70 
 530      2720272D 
 530      666E6F2D 
 531 0033 65782D6D 		.ascii	"ex-m3' '-mthumb' '-mfloat-abi=soft' '-march=armv7-m"
 531      33272027 
 531      2D6D7468 
 531      756D6227 
 531      20272D6D 
 532 0066 2720272D 		.ascii	"' '-O2' '-fstack-usage' '-ffunction-sections' '-fda"
 532      4F322720 
 532      272D6673 
 532      7461636B 
 532      2D757361 
 533 0099 74612D73 		.ascii	"ta-sections' '-fno-common' '-flto' '-fshort-enums'\000"
 533      65637469 
 533      6F6E7327 
 533      20272D66 
 533      6E6F2D63 
 534              		.text
 535              		.comm	__gnu_lto_v1,1,1
 536              		.comm	__gnu_lto_slim,1,1
 537              		.ident	"GCC: (GNU Arm Embedded Toolchain 9-2020-q2-update) 9.3.1 20200408 (release)"
ARM GAS  /tmp/cc2bPV9O.s 			page 42


DEFINED SYMBOLS
                            *ABS*:0000000000000000 urt_message.c
                            *COM*:0000000000000001 __gnu_lto_v1
                            *COM*:0000000000000001 __gnu_lto_slim

NO UNDEFINED SYMBOLS
