ARM GAS  /tmp/cckJOWzQ.s 			page 1


   1              		.cpu cortex-m4
   2              		.eabi_attribute 20, 1
   3              		.eabi_attribute 21, 1
   4              		.eabi_attribute 23, 3
   5              		.eabi_attribute 24, 1
   6              		.eabi_attribute 25, 1
   7              		.eabi_attribute 26, 1
   8              		.eabi_attribute 30, 2
   9              		.eabi_attribute 34, 1
  10              		.eabi_attribute 18, 4
  11              		.file	"bufstreams.c"
  12              		.section	.gnu.lto_.profile.19007ec2eee339df,"e",%progbits
  13 0000 789CE360 		.ascii	"x\234\343``\004B \000\000\000]\000\013"
  13      60044220 
  13      0000005D 
  13      000B
  14              		.text
  15              		.section	.gnu.lto_.icf.19007ec2eee339df,"e",%progbits
  16 0000 789CE360 		.ascii	"x\234\343``d0b@\000\016\206?_\316Mfb\374\261\346\373"
  16      60643062 
  16      40000E86 
  16      3F5FCE4D 
  16      6662FCB1 
  17 0016 4756A6D7 		.ascii	"GV\246\327\213\237|ad^\265i\303/v\226\325Og\036ec]\361"
  17      8B9F7C61 
  17      645EB569 
  17      C32F7696 
  17      D54F671E 
  18 002e F7DD4976 		.ascii	"\367\335Iv\266\316?\257_\260\260/y\273\351\010?\003"
  18      B6CE3FAF 
  18      5FB0B02F 
  18      79BBE908 
  18      3F03
  19 0040 00B3FC1A 		.ascii	"\000\263\374\032\201"
  19      81
  20              		.text
  21              		.section	.gnu.lto_.jmpfuncs.19007ec2eee339df,"e",%progbits
  22 0000 789C754F 		.ascii	"x\234uO9\016\3020\020\234\361:\007\025\017\240\311\013"
  22      390EC230 
  22      109CF13A 
  22      07150FA0 
  22      C90B
  23 0012 78A25D50 		.ascii	"x\242]P\321D\242\242t\215DM\001H\360\016\212\374\000"
  23      D144A2A2 
  23      748D444D 
  23      0148F00E 
  23      8AFC00
  24 0025 F104D845 		.ascii	"\361\004\330E\011 '\2544\222\265;\236\243\006q!>SAH"
  24      092027AC 
  24      3492B53B 
  24      9EA30671 
  24      213E5341 
  25 003a 56310998 		.ascii	"V1\011\230\364\231\304\225\000\257\236P<u\346\360\201"
  25      F499C495 
  25      00AF9E50 
  25      3C75E6F0 
  25      81
ARM GAS  /tmp/cckJOWzQ.s 			page 2


  26 004b 1CAD5CCE 		.ascii	"\034\255\\\316\212\015\035)\275\222\370\011\225\237"
  26      8A0D1D29 
  26      BD92F809 
  26      959F
  27 0059 1595EF06 		.ascii	"\025\225\357\006\276Bg\310\241\360\321rL\370f\242\224"
  27      BE4267C8 
  27      A1F0D172 
  27      4CF866A2 
  27      94
  28 006a ADB05D3D 		.ascii	"\255\260]=\272\272\225$\205\262\217\\\030r\363Q\247"
  28      BABA9524 
  28      85B28F5C 
  28      1872F351 
  28      A7
  29 007b 91D0BF9F 		.ascii	"\221\320\277\237\261\361\032\314rM4.\206\223\017\310"
  29      B1F11ACC 
  29      724D342E 
  29      86930FC8 
  30 008b A3967DBB 		.ascii	"\243\226}\273RQ\345\376_?\247\0156\373\333\322\012\324"
  30      5251E5FE 
  30      5F3FA70D 
  30      36FBDBD2 
  30      0AD4
  31 009d 0C3C6904 		.ascii	"\014<i\004\243\006\243\303\256\207\365}7\263\263\012"
  31      A306A3C3 
  31      AE87F57D 
  31      37B3B30A 
  32 00ad F2DC9FDF 		.ascii	"\362\334\237\337j\300\013\207?xF"
  32      6AC00B87 
  32      3F7846
  33              		.text
  34              		.section	.gnu.lto_.inline.19007ec2eee339df,"e",%progbits
  35 0000 789C9D51 		.ascii	"x\234\235Q;N\303@\020}3\3438\033\342H\006\312\244\360"
  35      3B4EC340 
  35      107D33E3 
  35      381BE248 
  35      06CAA4F0 
  36 0014 01287284 		.ascii	"\001(r\204\234 g\010I\370t\344\004(\210\002E\"Q\012"
  36      9C206708 
  36      49F874E4 
  36      04288802 
  36      4522510A 
  37 0028 A4144880 		.ascii	"\244\024H\200h\020\035\242\240\010\001!Q\322\300\005"
  37      68101DA2 
  37      A0080121 
  37      51D2C005 
  38 0038 10A2A241 		.ascii	"\020\242\242AP A\001\210Y;v\214\240\212\275\036\277"
  38      50204101 
  38      88593B76 
  38      8CA08ABD 
  38      1EBF
  39 004a F1F3CEBC 		.ascii	"\361\363\316\274}c@\020Are\201B[/Y!B\240\\\34086\347"
  39      7D634010 
  39      41726581 
  39      425B2F59 
  39      2142A05C 
  40 0062 26E04680 		.ascii	"&\340F\200\301\240\020\326\031N\202\341\204\373\347"
ARM GAS  /tmp/cckJOWzQ.s 			page 3


  40      C1A010D6 
  40      194E82E1 
  40      84FBE7
  41 0071 3548BF6A 		.ascii	"5H\277jo\202\247\314+OY\312\235\323\300\266\020#\177"
  41      6F82A7CC 
  41      2B4F59CA 
  41      9DD3C0B6 
  41      10237F
  42 0084 3BF8BCE0 		.ascii	";\370\274\340er\311\254\015\204:G7[\371\236\354\213"
  42      6572C9AC 
  42      0D843A47 
  42      375BF99E 
  42      EC8B
  43 0096 D037D190 		.ascii	"\3207\321\220\212 \323\012\337\010,\337\333|\2717\226"
  43      8A20D30A 
  43      DF082CDF 
  43      DB7CB937 
  43      96
  44 00a7 67029D53 		.ascii	"g\002\235SQj\010Z\021 CZ\326\312\251\031`C\373\255\377"
  44      516A085A 
  44      1120435A 
  44      D6CAA919 
  44      6043FBAD 
  45 00bc 92134BAC 		.ascii	"\222\023K\254\200\256\273{_\262h\030m\322\220\031>\035"
  45      80AEBB7B 
  45      5FB26818 
  45      6DD29019 
  45      3E1D
  46 00ce 5E72D3D8 		.ascii	"^r\323\330\014\334\335\375x\227z`\263 \2252\3543auA"
  46      0CDCDDFD 
  46      78977A60 
  46      B3209532 
  46      EC336175 
  47 00e3 7F81A014 		.ascii	"\177\201\240\024\272\272JN\324\233\203\261\014\220\015"
  47      BABA4A4E 
  47      D49B83B1 
  47      0C900D
  48 00f2 D9BCB20F 		.ascii	"\331\274\262\017\274\004\344\024\\\311\037g$\334\336"
  48      BC04E414 
  48      5CC91F67 
  48      24DCDE
  49 0101 506742AD 		.ascii	"PgB\255\322\204\007\016\371\006J\011Z\260\2769\205\311"
  49      D284070E 
  49      F9064A09 
  49      5AB0BE39 
  49      85C9
  50 0113 08D2E370 		.ascii	"\010\322\343p\0205\231r\034\231Y\015\324\257f\340=\236"
  50      10359972 
  50      1C99590D 
  50      D4AF66E0 
  50      3D9E
  51 0125 9C8E7418 		.ascii	"\234\216t\030Nd\366Y\347\3718\027\231M4\212\315\036"
  51      4E64F659 
  51      E7F93817 
  51      994D348A 
  51      CD1E
  52 0137 037B56A8 		.ascii	"\003{V\250\345R\311\375\347v\322\315W\203\355\311U\215"
ARM GAS  /tmp/cckJOWzQ.s 			page 4


  52      E552C9FD 
  52      E776D2CD 
  52      5783EDC9 
  52      558D
  53 0149 0F7EDBBE 		.ascii	"\017~\333\276\333\221\272\201o@!\266S\320\025'H\177"
  53      DB91BA81 
  53      6F4021B6 
  53      53D01527 
  53      487F
  54 015b 2FA789B2 		.ascii	"/\247\211\2625\334\207x\352\203U\353bF\313\036\304\207"
  54      35DC8778 
  54      EA8355EB 
  54      6246CB1E 
  54      C487
  55 016d 06C746A6 		.ascii	"\006\307F\246\215N\231\246\361\007\355\026\250\303"
  55      8D4E99A6 
  55      F107ED16 
  55      A8C3
  56              		.text
  57              		.section	.gnu.lto_.pureconst.19007ec2eee339df,"e",%progbits
  58 0000 789C05C1 		.ascii	"x\234\005\301\011\001\000 \014\304\260\016\312\243\000"
  58      09010020 
  58      0CC4B00E 
  58      CAA300
  59 000f EF3BB524 		.ascii	"\357;\265$\227\342\001\207\266\332\021g\264]q\307\017"
  59      97E20187 
  59      B6DA1167 
  59      B45D71C7 
  59      0F
  60 0020 33E5048B 		.ascii	"3\345\004\213"
  61              		.text
  62              		.section	.gnu.lto__writes.19007ec2eee339df,"e",%progbits
  63 0000 789C6D90 		.ascii	"x\234m\220\317k\023A\024\307\337wfw\263\211M\377\201"
  63      CF6B1341 
  63      14C7DF77 
  63      6677B389 
  63      4DFF81
  64 0013 22E42084 		.ascii	"\"\344 \204\202d{\021\024\177\202\027o\036\374\013\032"
  64      82647B11 
  64      147F8217 
  64      6F1EFC0B 
  64      1A
  65 0024 89341A6B 		.ascii	"\2114\032ki\364\334I\252\365\020\251=\324T\017q\225"
  65      69F4DC49 
  65      AAF510A9 
  65      3DD4540F 
  65      7195
  66 0036 1273AB0A 		.ascii	"\022s\253\012\202\277\242]\265Z\023\025\177\321\202"
  66      82BFA25D 
  66      B55A1315 
  66      7FD182
  67 0045 A22DF656 		.ascii	"\242-\366V\251z\361 \210\3257\263\021+\315\262;\314"
  67      A97AF120 
  67      88D537B3 
  67      112BCDB2 
  67      3BCC
  68 0057 DB379FCF 		.ascii	"\3337\237\317\274\367\\\002\325\005\321n\"\332\310\037"
ARM GAS  /tmp/cckJOWzQ.s 			page 5


  68      BCF75C02 
  68      D505D16E 
  68      22DAC81F 
  69 0067 244128A5 		.ascii	"$A(\245\366D\012\256\000\314N\271\240!\201!\234\225"
  69      F6440AAE 
  69      00CC4EB9 
  69      A0218121 
  69      9C95
  70 0079 13120BC5 		.ascii	"\023\022\013\305\312\217\216Q\351\363A\213\303\361\346"
  70      CA8F8E51 
  70      E9F3418B 
  70      C3F1E6
  71 0088 8D464C87 		.ascii	"\215FL\207@\202\303\223\363\027o[\3355\245\212*\230"
  71      4082C393 
  71      F3176F5B 
  71      DD35A58A 
  71      2A98
  72 009a 98DF7979 		.ascii	"\230\337yy\370\324>_\012\272\300\247\357\242\013w\320"
  72      F8D43E5F 
  72      0ABAC0A7 
  72      EFA20B77 
  72      D0
  73 00ab 45FA411D 		.ascii	"E\372A\035\335|\372\355\213\271\261\210\334\012\342"
  73      DD7CFAED 
  73      8BB9B188 
  73      DC0AE2
  74 00ba 7DF37579 		.ascii	"}\363uy\332MV\015\2712)\325&_J\334\203\374\017\345\177"
  74      DA4D560D 
  74      B93229D5 
  74      265F4ADC 
  74      83FC0FE5 
  75 00cf 0CDF4792 		.ascii	"\014\337G\222\201\237\245\271rTn7p\365\325\247%\273"
  75      819FA5B9 
  75      72546E37 
  75      70F5D5A7 
  75      25BB
  76 00e1 05CF5C31 		.ascii	"\005\317\\1\260\205\351u\260\305p`\340_j\274\334)w\031"
  76      B085E975 
  76      B0C57060 
  76      E05F6ABC 
  76      DC297719 
  77 00f5 78797176 		.ascii	"xyqv\004-\370C\315\300\002\017\326\301<%<D\2224\262"
  77      042DF843 
  77      CDC0020F 
  77      D6C13C25 
  77      3C449234 
  78 010a 747DF55C 		.ascii	"t}\365\\\334\261t_\272\233Gpx\216DW\337\330\201Z\375"
  78      DCB1745F 
  78      BA9B4770 
  78      788E4457 
  78      DFD8815A 
  79 011f 7D5A05DF 		.ascii	"}Z\005\337k\370h\307\300\230-xq$/\021\013\272t\007\272"
  79      6BF868C7 
  79      C0982D78 
  79      71242F11 
  79      0BBA7407 
  80 0134 8608B42C 		.ascii	"\206\010\264,\032zK\222x\322\312\202\012\210\316H\021"
ARM GAS  /tmp/cckJOWzQ.s 			page 6


  80      1A7A4B92 
  80      78D2CA82 
  80      0A88CE48 
  80      11
  81 0145 06050E3E 		.ascii	"\006\005\016>\243X_\376\262C\337P\221\340\233G\207\277"
  81      A3585FFE 
  81      B243DF50 
  81      91E09B47 
  81      87BF
  82 0157 2DB87ADE 		.ascii	"-\270z\336\256\251=x\177\355]g\025\223\005&\022\276"
  82      AEA93D78 
  82      7FED5D67 
  82      15930526 
  82      12BE
  83 0169 8C56B8EF 		.ascii	"\214V\270\357\031]/\347\012\376\342-\247gJ\205)\033"
  83      195D2FE7 
  83      0AFEE22D 
  83      A7674A85 
  83      291B
  84 017b 8F51C5F9 		.ascii	"\217Q\305\371\260\340'\3501\352\306\346\320,\326\232"
  84      B0E027E8 
  84      31EAC6E6 
  84      D02CD69A 
  85 018b ED76E618 		.ascii	"\355v\346\030_\217\331\266f\007O\215YO\000\215\277\346"
  85      5F8FD9B6 
  85      66074F8D 
  85      594F008D 
  85      BFE6
  86 019d 6DA159AE 		.ascii	"m\241Y\2565;\355\314\033\370z4[\346\251\233\265\227"
  86      353BEDCC 
  86      1BF87A34 
  86      5BE6A99B 
  86      B597
  87 01af 71368F99 		.ascii	"q6\217\231T\007\236\031\263\320\346\347l^\301\310\245"
  87      54079E19 
  87      B3D0E6E7 
  87      6C5EC1C8 
  87      A5
  88 01c0 C3A1985B 		.ascii	"\303\241\230[\225\304EU$\007\021_\306\351+\212\211V"
  88      95C44555 
  88      2407115F 
  88      C6E92B8A 
  88      8956
  89 01d2 4E375992 		.ascii	"N7Y\222\3707T\242-\251\224\307\357\221\314`\177&\347"
  89      F83754A2 
  89      2DA994C7 
  89      EF91CC60 
  89      7F26E7
  90 01e5 EDEDCBA6 		.ascii	"\355\355\313\246\263\373\017x\307\362^_o\316\313e\323"
  90      B3FB0F78 
  90      C7F25E5F 
  90      6FCECB65 
  90      D3
  91 01f6 5EFEF860 		.ascii	"^\376\370`\246\367h\336K\2378\324\332\246\016\222\310"
  91      A6F768DE 
  91      4B9F38D4 
  91      DAA60E92 
ARM GAS  /tmp/cckJOWzQ.s 			page 7


  91      C8
  92 0207 0E88F400 		.ascii	"\016\210\364\000\372\377\000\303_\354I"
  92      FAFF00C3 
  92      5FEC49
  93              		.text
  94              		.section	.gnu.lto__put.19007ec2eee339df,"e",%progbits
  95 0000 789C6D90 		.ascii	"x\234m\220Mk\023Q\024\206\317{\317\344fR\023\377@\020"
  95      4D6B1351 
  95      1486CF7B 
  95      CFE46652 
  95      13FF4010 
  96 0014 B2104241 		.ascii	"\262\020BA2\001\021\024]\010\202[\027\376\202F\"\215"
  96      32011114 
  96      5D08825B 
  96      17FE8246 
  96      228D
  97 0026 C60F1A75 		.ascii	"\306\017\032u\333;\361k\321R\273P\253b\034\241\204\202"
  97      DB3BF16B 
  97      D152BB50 
  97      AB621CA1 
  97      8482
  98 0038 8B5AA150 		.ascii	"\213Z\241P\261\325\2166j\023\025\277pQ\027\025\004\027"
  98      B1D58E36 
  98      6A1315BF 
  98      70511715 
  98      0417
  99 004a 4AD19DB8 		.ascii	"J\321\235\270\252\236;\023\261B\206\231\3139s\316\373"
  99      AA9E3B13 
  99      B1428699 
  99      CB3973CE 
  99      FB
 100 005b 9CF75C97 		.ascii	"\234\367\\\227@g\024\321\036\"\332\"\037\230\240\214"
 100      406714D1 
 100      1E22DA22 
 100      1F98A08C 
 101 006b 317B93BE 		.ascii	"1{\223\276\253\200(2.hXa\030\227x\202\261Zo\374J\217"
 101      AB802832 
 101      2E685861 
 101      18977882 
 101      B15A6FFC 
 102 0081 71208D8E 		.ascii	"q \215\216\244\227;\263\355>\233\0029IG\375\225y\356"
 102      A4973BB3 
 102      ED3E9B02 
 102      394947FD 
 102      9579EE
 103 0094 9F129D09 		.ascii	"\237\022\235\011'f\364\255\3317&\025\260\242\353\322"
 103      2766F4AD 
 103      D9372615 
 103      B0A2EBD2 
 104 00a4 3E8F2C1E 		.ascii	">\217,\036 K\366\301\002\372\245\375\375\253\017\343"
 104      204BF6C1 
 104      02FAA5FD 
 104      FDAB0FE3 
 105 00b4 49DE0992 		.ascii	"I\336\011\222\270\363\366\352\242\233o\032S7\341\313"
 105      B8F3F6EA 
 105      A29B6F1A 
 105      5337E1CB 
ARM GAS  /tmp/cckJOWzQ.s 			page 8


 106 00c4 49365B03 		.ascii	"I6[\003f<\004\377'\225\177\"~\204\274\010n^\270\363"
 106      663C04FF 
 106      27957F22 
 106      7E84BC08 
 106      6E5EB8F3 
 107 00d8 85797724 		.ascii	"\205yw$~\361s\271\245\272\342\265sl\322\001;X\214\305"
 107      7EF173B9 
 107      A5BAE2B5 
 107      736CD201 
 107      3B588CC5 
 108 00ec DBB32846 		.ascii	"\333\263(FRG\244!\362d\005\237\357\255_\311h\307\032"
 108      5247A421 
 108      F264059F 
 108      EFAD5FC9 
 108      68C71A
 109 00ff B3761E43 		.ascii	"\263v\036C\313M\020\335}\227\010\315\372\357\213&l5"
 109      CB4D10DD 
 109      7D9708CD 
 109      FAEF8B26 
 109      6C35
 110 0111 31B73F05 		.ascii	"1\267?\005\221%\224\034\232\345H:\260\2635,\306%\273"
 110      9125941C 
 110      9AE5483A 
 110      B0B3352C 
 110      C625BB
 111 0124 188D30D9 		.ascii	"\030\2150\331m\035\230\220h\224U\234\370\222|C}\341"
 111      6D1D9890 
 111      6894559C 
 111      F8927C43 
 111      7DE1
 112 0136 EB8DA5A4 		.ascii	"\353\215\245\244\2057\0302t\354\354\217U\327^\226\033"
 112      85371832 
 112      74ECEC8F 
 112      55D75E96 
 112      1B
 113 0147 990E3FCE 		.ascii	"\231\016?\316\254lnb\322\027I.\340TC<?\261[J\315\017"
 113      AC6C6E62 
 113      D217492E 
 113      E054433C 
 113      3FB15B4A 
 114 015d 3EDDD7C5 		.ascii	">\335\327\305i\023\227\022XB\023\327b\257-\024#v{[L"
 114      69139712 
 114      584213D7 
 114      62AF2D14 
 114      23767B5B 
 115 0172 561BC989 		.ascii	"V\033\311\211^\344>\031\217\247=\311\032\317\"\262]"
 115      5EE43E19 
 115      8FA73DC9 
 115      1ACF22B2 
 115      5D
 116 0183 1ECFFF92 		.ascii	"\036\317\377\222w\305d\336H\326\275\310\233d<\226\273"
 116      77C564DE 
 116      48D6BDC8 
 116      9B643C96 
 116      BB
 117 0194 E4E9B9A9 		.ascii	"\344\351\271\251\327\031!\217G\2454\332\021YYrG\310"
 117      D719218F 
ARM GAS  /tmp/cckJOWzQ.s 			page 9


 117      47A534DA 
 117      11595972 
 117      47C8
 118 01a6 6B387FFB 		.ascii	"k8\177\373H\014v\205Mb\252\301:\340\014}G=\327-\330"
 118      480C7685 
 118      4D62AAC1 
 118      3AE00C7D 
 118      473DD72D 
 119 01bb 0D4718FF 		.ascii	"\015G\030\377\256\224hG\241\340\311{\264<t\274\\\365"
 119      AE946847 
 119      A1E0C97B 
 119      B43C74BC 
 119      5CF5
 120 01cd F60D564A 		.ascii	"\366\015VJ\225\003\007\275\0235op\240\352U+%\257vj\250"
 120      950307BD 
 120      13356F70 
 120      A0EA552B 
 120      25AF766A 
 121 01e2 3C70ACE6 		.ascii	"<p\254\346\225N\037\356\206\205C\244*'Q\372\003i\311"
 121      954E1FEE 
 121      868543A4 
 121      2A2751FA 
 121      0369C9
 122 01f5 D618     		.ascii	"\326\030"
 123              		.text
 124              		.section	.gnu.lto__unget.19007ec2eee339df,"e",%progbits
 125 0000 789C7D93 		.ascii	"x\234}\223\337KTA\024\307\347;s\357\335u\335\352\017"
 125      DF4B5441 
 125      14C7E73B 
 125      73EFDD75 
 125      DDEA0F
 126 0013 58081F02 		.ascii	"X\010\037\002\021\302\273\030A\220`\320C/A\017\021\364"
 126      11C2BB18 
 126      419060D0 
 126      432F410F 
 126      11F4
 127 0025 EA86E192 		.ascii	"\352\206\341\222\375@\353UgU\224j\265\240\037\376\\"
 127      FD40EB55 
 127      6755946A 
 127      B5A01FFE 
 127      5C
 128 0036 774916C3 		.ascii	"wI\026\303\2072\020\372\241\351\226V\256fXf\244\304"
 128      873210FA 
 128      A1E99656 
 128      AE665866 
 128      A4C4
 129 0048 9A811146 		.ascii	"\232\201\021F\026=\230\205i\347\354]\222B\274\334;\314"
 129      163D9885 
 129      69E7EC5D 
 129      9242BCDC 
 129      3BCC
 130 005a 39339F73 		.ascii	"93\237s\276\347\314\\\267\200(TB\024\012!\016\322\007"
 130      BEE7CC5C 
 130      B7802854 
 130      42140A21 
 130      0ED207
 131 006d 4B406AAD 		.ascii	"K@j\255\367\271Bn)\315\233\035;\015\355Qo\347&\213\014"
ARM GAS  /tmp/cckJOWzQ.s 			page 10


 131      F7B9426E 
 131      29CD9B1D 
 131      3B0DED51 
 131      6FE7268B 
 132 0082 ED55D26C 		.ascii	"\355U\322ln9B\016\343\323\307nv\03003{M =\323n\210*"
 132      6E39420E 
 132      E3D3C76E 
 132      76183033 
 132      7B4D203D 
 133 009a A90C1355 		.ascii	"\251\014\023U\270\244\232\024R\325\221eo\243\212*\001"
 133      B8A49A14 
 133      52D59165 
 133      6FA38A2A 
 133      01
 134 00ab 83CCABA3 		.ascii	"\203\314\253\243\275I\017\233@\016\231\341\320t\237"
 134      BD490F9B 
 134      400E99E1 
 134      D0749F
 135 00ba CAEB2254 		.ascii	"\312\353\"T'\232RVG\357\204\316\212*)Zh{\037|x\000\237"
 135      279A5256 
 135      47EF84CE 
 135      8A2A295A 
 135      687B1F7C 
 136 00d1 E007FDC8 		.ascii	"\340\007\375\310\243\355\223\343S\227]j\017\004\315"
 136      A3ED93E3 
 136      53975D6A 
 136      0F04CD
 137 00e0 475F5E1F 		.ascii	"G_^\037t\347\306\265\256\326\211w\235J\357\210*\205"
 137      74E7C6B5 
 137      AED68977 
 137      9D4AEF88 
 137      2A85
 138 00f2 8750FFA0 		.ascii	"\207P\377\240\344#x\000\271\004\264\327u\317+\2657\015"
 138      E4237800 
 138      B904B4D7 
 138      75CF2BB5 
 138      370D
 139 0104 8F2D8D0C 		.ascii	"\217-\215\014\313\014\274R\253\2647\252\014\014:\360"
 139      CB0CBC52 
 139      ABB437AA 
 139      0C0C3AF0 
 140 0114 2E1FFC69 		.ascii	".\037\374i\324 4\201\\\301\300\207;\253\327\266X\006"
 140      D4203481 
 140      5CC1C087 
 140      3BABD7B6 
 140      5806
 141 0126 0B63398F 		.ascii	"\013c9\217\270O4\271\375\312L\350\325\265z\235x\035"
 141      B84F34B9 
 141      FDCA4CE8 
 141      D5B57A9D 
 141      781D
 142 0138 C79503D9 		.ascii	"\307\225\003\331 \314\224<(\032$u\205r[\3400\036v\010"
 142      20CC943C 
 142      281A2475 
 142      85725BE0 
 142      301E7608 
 143 014c 715109AE 		.ascii	"qQ\011\256\326\200N\010\021V\3221Bd\314\243vv\350M\233"
ARM GAS  /tmp/cckJOWzQ.s 			page 11


 143      D6804E08 
 143      1156D231 
 143      4264CCA3 
 143      7676E84D 
 144 0161 97834794 		.ascii	"\227\203G\224EI\317w\215\325gs\263\014\254\002\2173"
 144      4549CF77 
 144      8DD56773 
 144      B30CAC02 
 144      8F33
 145 0173 BD082B35 		.ascii	"\275\010+5\324\320\361[1\204\005T\367'\217:\010\010"
 145      D4D0F15B 
 145      31840554 
 145      F7278F3A 
 145      0808
 146 0185 69ACF99A 		.ascii	"i\254\371\232r3b\245\353L\314\364Lo\215\2433DYr\242"
 146      723362A5 
 146      EB4CCCF4 
 146      4C6F8DA3 
 146      33445972 
 147 019a CA155126 		.ascii	"\312\025Q&\2068\016\255\205\242\263\367,\377-\355,\271"
 147      86380EAD 
 147      85A2B3F7 
 147      2CFF2DED 
 147      2CB9
 148 01ac 318C389A 		.ascii	"1\2148\232\235\362\236\300\357\310\03166\010MG\214\247"
 148      9DF29EC0 
 148      EFC81936 
 148      36084D47 
 148      8CA7
 149 01be 7FC5180D 		.ascii	"\177\305\030\015m\313?\322b\304\002j\332\353\276\334"
 149      6DCB3FD2 
 149      62C4026A 
 149      DAEBBEDC 
 150 01ce 8DC181A4 		.ascii	"\215\301\201\244\303\205o\314\324(\207[\243g\033\236"
 150      C3856FCC 
 150      D428875B 
 150      A3671B9E 
 151 01de 114BBA53 		.ascii	"\021K\272S\027~\272x\343\1772c\003\334\304M\225\216"
 151      177EBA78 
 151      E37F3263 
 151      03DCC44D 
 151      958E
 152 01f0 AC2B4DC2 		.ascii	"\254+M\302O\2118\\k\262h\243h\3337\215\225\205\321t"
 152      4F89385C 
 152      6BB268A3 
 152      68DB378D 
 152      9585D174 
 153 0204 2C3E4B5A 		.ascii	",>KZ\234\232[l\267\012zx1V\311m\037s\302s\246\347(\240"
 153      9C9A5B6C 
 153      B70A7A78 
 153      3156C96D 
 153      1F73C273 
 154 021c 53E14C2B 		.ascii	"S\341L+\365\015\367K\235\022=\354\342.\230\353\347\270"
 154      F50DF74B 
 154      9D123DEC 
 154      E22E98EB 
 154      E7B8
ARM GAS  /tmp/cckJOWzQ.s 			page 12


 155 022e 0829227C 		.ascii	"\010)\"|\357\304\022\370\017\370\374\"\366-\213\353"
 155      EFC412F8 
 155      0FF8FC22 
 155      F62D8BEB 
 156 023e 97A8C438 		.ascii	"\227\250\3048|\352\327\342{\020j\264~\237\000;$;\350"
 156      7CEAD7E2 
 156      7B106AB4 
 156      7E9F003B 
 156      243BE8
 157 0251 6260FD62 		.ascii	"b`\375b\010\261;?\337\246\367DI\371\251\2222{\177i0"
 157      08B13B3F 
 157      DFA6F744 
 157      49F9A992 
 157      327B7F69 
 158 0266 103C74D8 		.ascii	"\020<t\330>]a\227\026\227\331e\301\200]q\266\274\244"
 158      3E5D6197 
 158      1697D965 
 158      C1805D71 
 158      B6BCA4
 159 0279 F864851D 		.ascii	"\370d\205\0358w<3\315?&d\360\014\002\177\000\351\000"
 159      38773C33 
 159      CD3F2664 
 159      F00C027F 
 159      00E900
 160 028c 2A03     		.ascii	"*\003"
 161              		.text
 162              		.section	.gnu.lto__reads.19007ec2eee339df,"e",%progbits
 163 0000 789C9593 		.ascii	"x\234\225\223\311OSQ\024\306\357\367\356k\373\036\320"
 163      C94F5351 
 163      14C6EFF7 
 163      EE6BFB1E 
 163      D0
 164 0011 2298E082 		.ascii	"\"\230\340\202\230\260\320\0207\224\215\211\3068$nX"
 164      98B0D010 
 164      37948D89 
 164      C638246E 
 164      58
 165 0022 98B8F02F 		.ascii	"\230\270\360/\240Z\"\021\321\200&\306\015\257\005k\004"
 165      A05A2211 
 165      D18026C6 
 165      0DAF056B 
 165      04
 166 0033 5416086A 		.ascii	"T\026\010j|T\323\024\304\304\211\030'P\353\210 \310"
 166      7C54D314 
 166      C4C48918 
 166      2750EB88 
 166      20C8
 167 0045 A0A0B880 		.ascii	"\240\240\270\200h\334h\234\342F\023\307s\356-\342@\214"
 167      68DC689C 
 167      E24613C7 
 167      73EE2DE2 
 167      408C
 168 0057 36EDCD1D 		.ascii	"6\355\315\035\316\367\273\347|\347\326\022\020\245\036"
 168      CEF7BBE7 
 168      7CE7D612 
 168      10A51E
 169 0066 214A8410 		.ascii	"!J\204\020\363\351\007)`8\216\263\312\027\261\014@\315"
ARM GAS  /tmp/cckJOWzQ.s 			page 13


 169      F3E90729 
 169      60388EB3 
 169      CA17B10C 
 169      40CD
 170 0078 1C0BA2C6 		.ascii	"\034\013\242\306@\015\366\313V\211\311\250\3731k\237"
 170      400DF6CB 
 170      5689C9A8 
 170      FB316B9F 
 171 0088 8C53A049 		.ascii	"\214S\240I\313\346\376s}\031\274\004\012hY7\336v\311"
 171      CBE6FE73 
 171      7D19BC04 
 171      0A685937 
 171      DE76C9
 172 009b 5CD4E138 		.ascii	"\\\324\3418Q'\325\372n\371\261\332]%qi\210C\024\335"
 172      5127D5FA 
 172      6EF9B1DA 
 172      5D257169 
 172      884314DD 
 173 00af 8D7C5C46 		.ascii	"\215|\\F\276\340\017z\260\210\242\037\014\2165\371\344"
 173      BEE00F7A 
 173      B088A21F 
 173      0C8E35F9 
 173      E4
 174 00c0 12089AF7 		.ascii	"\022\010\232\367\217\264\\\263\012\223J\371<!\235\005"
 174      8FB45CB3 
 174      0A934AF9 
 174      3C219D05 
 175 00d0 71297105 		.ascii	"q)q\005\362\027)\355\221\370*\012I\360\251a\254\305"
 175      F21729ED 
 175      91F82A0A 
 175      49F0A961 
 175      ACC5
 176 00e2 96CB9438 		.ascii	"\226\313\22489\374\364\231'-\036H*\261\211k\177\210"
 176      39FCF499 
 176      272D1E48 
 176      2AB1896B 
 176      7F88
 177 00f4 4D12A794 		.ascii	"M\022\247\224\370\213\323\334\022\220+\224\370\305T"
 177      F88BD3DC 
 177      12902B94 
 177      F8C554
 178 0103 6F0CD337 		.ascii	"o\014\3237\267+\261\201\353\177\210\015\022\337@\241"
 178      B72BB181 
 178      EB7F880D 
 178      12DF40A1 
 179 0113 6049A2D7 		.ascii	"`I\242\327\251\267\345*%?849b-L(\371\370\005\317a'U"
 179      A9B7E52A 
 179      253F3834 
 179      39622D4C 
 179      28F9F805 
 180 012b 57C0849B 		.ascii	"W\300\204\233\277\021\370C\341\317\316~=\340\367\232"
 180      BF11F843 
 180      E1CFCE7E 
 180      3DE0F79A 
 181 013b B885856C 		.ascii	"\270\205\205l\013\233q\033^j\203\000\357\235\036\365"
 181      0B9B711B 
 181      5E6A8300 
ARM GAS  /tmp/cckJOWzQ.s 			page 14


 181      EF9D1EF5 
 182 014b A49CAFDF 		.ascii	"\244\234\257\337v;\251;\037\320\336\335\210y\240\273"
 182      763BA93B 
 182      1FD0DEDD 
 182      8879A0BB 
 183 015b 3D060F44 		.ascii	"=\006\017D\243\010\223\246^\017\257\2754\370|<\263x"
 183      A30893A6 
 183      5E0FAFBD 
 183      34F87C3C 
 183      B378
 184 016d B069B032 		.ascii	"\260i\2602h\2603i\310\310\342\202\375|\020\340!\033"
 184      68B03369 
 184      C8C8E282 
 184      FD7C10E0 
 184      211B
 185 017f EC5B0EB8 		.ascii	"\354[\016\270\206\\\260\015y\272\250\006)\250\315\216"
 185      865CB00D 
 185      79BAA806 
 185      29A8CD8E 
 186 018f 09272544 		.ascii	"\011'%D\2434\364\"B\213\227\210\366\274\370|\006\234"
 186      A334F422 
 186      428B9788 
 186      F6BCF87C 
 186      069C
 187 01a1 A02B41C9 		.ascii	"\240+A\311\357\253};iq\2673U\351\251'g&\002I$\"$\241"
 187      EFAB7D3B 
 187      6971B733 
 187      55E9A927 
 187      67260249 
 188 01b9 9AB35C99 		.ascii	"\232\263\\\231\215;\\+\235E\342S\027\275\305\247\034"
 188      8D3B5C2B 
 188      9D45E253 
 188      17BDC5A7 
 188      1C
 189 01ca 7D64A017 		.ascii	"}d\240\027I\034\324\365\336E1\261k\333b\235\266F\033"
 189      491CD4F5 
 189      DE4531B1 
 189      6BDB629D 
 189      B6461B
 190 01dd 147F7ECF 		.ascii	"\024\177~\317\353N\233\321\364\354\320\207|\272\220"
 190      EB4E9BD1 
 190      F4ECD087 
 190      7CBA90
 191 01ec 83DE7B85 		.ascii	"\203\336{\205+%\205\2702\207\023j\256?yv\207V\231\277"
 191      2B2585B8 
 191      3287136A 
 191      AE3F7976 
 191      875699BF 
 192 0200 6570F404 		.ascii	"ep\364\004[\365\227$\374\350WI@w\242g\352y\227Q\207"
 192      5BF59724 
 192      FCE85749 
 192      4077A267 
 192      EA799751 
 193 0215 A8D2EE24 		.ascii	"\250\322\356$Sq\217\022\023\030@\035t~}~}\223G'$y\267"
 193      53718F12 
 193      1318401D 
 193      747E7D7E 
ARM GAS  /tmp/cckJOWzQ.s 			page 15


 193      7D934727 
 194 022c 2BB6546F 		.ascii	"+\266Tor\006t$^!V\240ZHH\367\370\3007\233\221V\\\006"
 194      72067424 
 194      5E2156A0 
 194      5A4848F7 
 194      F8C0379B 
 195 0244 0EF14518 		.ascii	"\016\361E\030d\232+s\225\200\312\313\326\2666$|\032"
 195      649A2B73 
 195      9580CACB 
 195      D6B63624 
 195      7C1A
 196 0256 E3FB271F 		.ascii	"\343\373'\037\213\330\227\3733\026\016i\013\217\304"
 196      8BD897FB 
 196      33160E69 
 196      0B8FC4
 197 0265 D2CDB194 		.ascii	"\322\315\261\224I>fO\326\253\275\177\307\016\317`GP"
 197      493E664F 
 197      D6ABBD7F 
 197      C70ECF60 
 197      4750
 198 0277 4C2C9DE1 		.ascii	"L,\235\341\336D@\263\355\377\352\264\205Q\3053\230\367"
 198      DE4440B3 
 198      EDFFEAB4 
 198      8551C533 
 198      98F7
 199 0289 40A519ED 		.ascii	"@\245\031\355\351[\251Q\031?\277!k\26674\207\356\303"
 199      E95BA951 
 199      193FBF21 
 199      6BB63734 
 199      87EEC3
 200 029c C359C936 		.ascii	"\303Y\3116\306\024\231S\305\3704y\215&g\376L\266g#\347"
 200      C6149953 
 200      C5F83479 
 200      8D2667FE 
 200      4CB66723 
 201 02b1 D0F57894 		.ascii	"\320\365x\224&\237\272\3201\344'r\223:\312\305cE6\231"
 201      269FBAD0 
 201      31E42772 
 201      933ACAC5 
 201      63453699 
 202 02c5 3CA1ADED 		.ascii	"<\241\255\355\212Mx4:KuO\352'\221\366\333\3572O\376"
 202      8A4D7834 
 202      3A4B754F 
 202      EA2791F6 
 202      DBEF324F 
 203 02da 68BE2B03 		.ascii	"h\276+\003\224\003\365\331V\361\376\270\234\253\373"
 203      9403F5D9 
 203      56F1FEB8 
 203      9CABFB
 204 02e9 73290DC9 		.ascii	"s)\015\311S\015\012\2107\210\246\005y\354x\203\304\314"
 204      530D0A88 
 204      3788A605 
 204      79EC7883 
 204      C4CC
 205 02fb 9F4F88C5 		.ascii	"\237O\210\305EEA\372n\012WU\206+\202\2537\226\207\312"
 205      454541FA 
 205      6E0A5755 
ARM GAS  /tmp/cckJOWzQ.s 			page 16


 205      862B82AB 
 205      379687CA 
 206 030f D7AE0B6E 		.ascii	"\327\256\013n\251\016n,\255\010V\224\207\202\325\333"
 206      A90E6E2C 
 206      AD085694 
 206      8782D5DB 
 207 031f AAC2A59B 		.ascii	"\252\302\245\233\253\203\241\355e\351i\321za\224o5B"
 207      AB83A1ED 
 207      65E969D1 
 207      7A61946F 
 207      3542
 208 0331 5B5169D1 		.ascii	"[Qi\321nY\270*\274\341;}e\266\210"
 208      6E59B82A 
 208      BCE13B7D 
 208      65B688
 209              		.text
 210              		.section	.gnu.lto__get.part.0.19007ec2eee339df,"e",%progbits
 211 0000 789C6D91 		.ascii	"x\234m\221\317k\023A\024\307\347;o\263\371a\243\010"
 211      CF6B1341 
 211      14C7E73B 
 211      6FB3F961 
 211      A308
 212 0012 DE7AE9C1 		.ascii	"\336z\351\301\022\203\220\255\007A\350A\301Ko\036\374"
 212      128390AD 
 212      0741E841 
 212      C14B6F1E 
 212      FC
 213 0023 0B128934 		.ascii	"\013\022\2114\030\265$z\356$\021<\244\324\036\324\332"
 213      18B5247A 
 213      EE24113C 
 213      A4D41ED4 
 213      DA
 214 0034 43DC4208 		.ascii	"C\334B\010\305KU((I\265\251?\223\330jT<\324C\005o\212"
 214      C54B5528 
 214      2849B5A9 
 214      3F93D86A 
 214      543CD443 
 215 004b E8C9D683 		.ascii	"\350\311\326\203T\337\314&%\006\227\335\3317o\277\357"
 215      54DFCC26 
 215      250697DD 
 215      D9376FBF 
 215      EF
 216 005c F3BEF336 		.ascii	"\363\276\3636  \016\221\020\307\205\020G\370\201O\300"
 216      20200E91 
 216      10C78510 
 216      47F8814F 
 216      C0
 217 006d 524A9DF0 		.ascii	"RJ\235\360\303\202\364\002\0112A.@\200\211T\000b\322"
 217      C382F402 
 217      0932412E 
 217      40808954 
 217      0062D2
 218 0080 9284495C 		.ascii	"\222\204I\\\243Y\302f\276\364k`\232\\\342b\336^o-5C"
 218      A359C266 
 218      BEF46B60 
 218      9A5CE262 
 218      DE5E6F2D 
ARM GAS  /tmp/cckJOWzQ.s 			page 17


 219 0096 7A0B0CF1 		.ascii	"z\013\014\361v*\267Q\243\350\002W\252\372l\325\276\275"
 219      762AB751 
 219      A3E80257 
 219      AAFA6CD5 
 219      BEBD
 220 00a8 D4564197 		.ascii	"\324VA\227\244\230cy\015\203\250bP\350\253O\332^\225"
 220      A4986379 
 220      0D83A862 
 220      50E8AB4F 
 220      DA5E95
 221 00bb 639E0CBB 		.ascii	"c\236\014\2732,#\252]>B\224\325\357\327?\314\370\351"
 221      322C23AA 
 221      5D3E4294 
 221      D5EFD73F 
 221      CCF8E9
 222 00ce 187465EB 		.ascii	"\030te\353\355\315\225@\244\242T^\325\327\312\244\016"
 222      EDCD9540 
 222      A4A2545E 
 222      D5D7CAA4 
 222      0E
 223 00df BA44780C 		.ascii	"\272Dx\014\372\247\011\347D\277\270\215\261]iO\243\025"
 223      FAA709E7 
 223      44BFB88D 
 223      B15D694F 
 223      A315
 224 00f1 448C1A75 		.ascii	"D\214\032uDL\315\347\373;7\302\266\245]{^\177\327~\316"
 224      444CCDE7 
 224      FB3B37C2 
 224      B6A55D7B 
 224      5E7FD77E 
 225 0106 EFA351D3 		.ascii	"\357\243Q\323\275Z\331.\372\207\313\006\2705w\240\\"
 225      BD5AD92E 
 225      FA87CB06 
 225      B83577A0 
 225      5C
 226 0117 500D65B9 		.ascii	"P\015e\271d\341I\237\203Nm\257\276\215^m\217\205\247"
 226      64E1499F 
 226      834E6DAF 
 226      BE8D5E6D 
 226      8F85A7
 227 012a 18EEC83B 		.ascii	"\030\356\310;\275\361\2143Z\262\012\233\235=\347\025"
 227      BDF18C33 
 227      5AB20A9B 
 227      9D3DE715 
 228 013a FCD6E9BB 		.ascii	"\374\326\351\273\357|J\355\374\271\252T\365\360\376"
 228      EF7C4AED 
 228      FCB9AA54 
 228      F5F0FE
 229 0149 20A06D4B 		.ascii	" \240mK>\257\217xa\327.\371}\274\004l\275\010Q$\241"
 229      3EAF8F78 
 229      61D72EF9 
 229      7DBC046C 
 229      BD085124 
 230 015e 676C4187 		.ascii	"glA\207\226\027\222\230\"\331\015\277\"\277\374\345"
 230      96179298 
 230      22D90DBF 
 230      22BFFCE5 
ARM GAS  /tmp/cckJOWzQ.s 			page 18


 231 016e 4E21A49B 		.ascii	"N!\244\233\224H\262\207\351\302\217\315\200\376\251"
 231      9448B287 
 231      E9C28FCD 
 231      80FEA9
 232 017d 963971FD 		.ascii	"\2269q\375\343\275\215\275\025\224\341R\260\304\226"
 232      E3BD8DBD 
 232      1594E152 
 232      B0C496
 233 018c 5EE8D371 		.ascii	"^\350\323q>\347~zh\217,j\316\020\267\307KTp\313\214"
 233      3EE77E7A 
 233      688F2C6A 
 233      CE10B7C7 
 233      4B5470CB 
 234 01a1 0C0D8C18 		.ascii	"\014\015\214\030n3\346Q\251\227\352\353\247\206\270"
 234      6E33E651 
 234      A997EAEB 
 234      A786B8
 235 01b0 2D9AFFA5 		.ascii	"-\232\377\245\332h\031*4\365U\227:\352Q\255^\252\335"
 235      DA68192A 
 235      34F55597 
 235      3AEA51AD 
 235      5EAADD
 236 01c3 4FDDC36D 		.ascii	"O\335\303m\261\326\241.>Xx\023f\352\214\241\016`\335"
 236      B1D6A12E 
 236      3E587813 
 236      66EA8CA1 
 236      0E60DD
 237 01d6 50A5A6BE 		.ascii	"P\245\246\276f\3527\\\231\317xP\037s\005\033r),\212"
 237      66EA375C 
 237      99CF7850 
 237      1F73051B 
 237      72292C8A 
 238 01ea 52352C33 		.ascii	"R5,3|\301\023\243\356\304\276C\262B'\267L\205\224<Z"
 238      7CC113A3 
 238      EEC4BE43 
 238      B24227B7 
 238      4C85943C 
 239 01ff 785F35F2 		.ascii	"x_5\362h,\346\360}.\231\271\220L;'\307S\211\324\251"
 239      682CE6F0 
 239      7D2E99B9 
 239      904C3B27 
 239      C75389D4 
 240 0214 D3CEC5AC 		.ascii	"\323\316\305\2543\036O;\351T\302\311^\312$\343\347\263"
 240      331E4F3B 
 240      E954C2C9 
 240      5ECA24E3 
 240      E7B3
 241 0226 4EE2F2D9 		.ascii	"N\342\362\331N\030;#dj\302Jd\343\023\177\001\020\311"
 241      4E183B23 
 241      646AC24A 
 241      64E3137F 
 241      0110C9
 242 0239 0760     		.ascii	"\007`"
 243              		.text
 244              		.section	.gnu.lto__get.19007ec2eee339df,"e",%progbits
 245 0000 789C7D51 		.ascii	"x\234}Q\317KTQ\024>\337;\367\275y\343\214\375\003n\\"
 245      CF4B5451 
ARM GAS  /tmp/cckJOWzQ.s 			page 19


 245      143EDF3B 
 245      F7BD79E3 
 245      8CFD036E 
 246 0015 04E2669E 		.ascii	"\004\342f\236HA\264\012\242\266-\372\0134\014\207\354"
 246      4841B40A 
 246      A2B62DFA 
 246      0B340C87 
 246      EC
 247 0026 075A9B36 		.ascii	"\007Z\2336\3367JR\015f`\231\340\364\006d\3106f\241\021"
 247      DE374A52 
 247      0D666099 
 247      E0F40664 
 247      C83666A1 
 248 003b 6AF9CA7E 		.ascii	"j\371\312~)\032Z\270\260@\251h\221\331\264(\242Eh\347"
 248      291A5AB8 
 248      B040A968 
 248      91D9B428 
 248      A24568E7 
 249 004f BE191872 		.ascii	"\276\031\030r\341\345\275\313\371q\317\367\235\357\034"
 249      E1E5BDCB 
 249      F971CFF7 
 249      9DEF1C
 250 005e 9740AB16 		.ascii	"\227@\253\026\321A\":\"?\034\202\245\265>\024\363]\313"
 250      D141223A 
 250      223F1C82 
 250      A5B53E14 
 250      F35DCB
 251 0071 E207C589 		.ascii	"\342\007\305\211j\245\253\324\233\353\363\215J'\031"
 251      6AA5ABD4 
 251      9BEBF38D 
 251      4A2719
 252 0080 7694832A 		.ascii	"v\224\203*\033\276k\003\221\245]P\247\305\312F'\256"
 252      1BBE6B03 
 252      91A55D50 
 252      A7C5CA46 
 252      27AE
 253 0092 F100632D 		.ascii	"\361\000c-\223\373\223\354\345\200\011J\334\376\371"
 253      93FB93EC 
 253      E580094A 
 253      DCFEF9
 254 00a1 F1B92AE3 		.ascii	"\361\271*\343\002\265\342f\375\325)\256\277#\245:\034"
 254      02B5E266 
 254      FDD529AE 
 254      BF23A53A 
 254      1C
 255 00b2 98746E8F 		.ascii	"\230tn\217/\351x\300\026\015\312\363)\324`\0225d\016"
 255      2FE978C0 
 255      160DCAF3 
 255      29D46012 
 255      35640E
 256 00c5 A6512FCF 		.ascii	"\246Q/\317\337-\256\364\305\370\000H\354\371\345\233"
 256      DF2DAEF4 
 256      C5F80048 
 256      ECF9E59B 
 257 00d5 336E5D41 		.ascii	"3n]A\353\214\016\027\206Y\357\015\230\361\030\374_\251"
 257      EB8C0E17 
 257      8659EF0D 
ARM GAS  /tmp/cckJOWzQ.s 			page 20


 257      98F118FC 
 257      5FA9
 258 00e7 C4A4F809 		.ascii	"\304\244\370\011\352\310\224|\272\277u\243\332Q\006"
 258      EAC8947C 
 258      BABF75A3 
 258      DA5106
 259 00f6 DD60CE18 		.ascii	"\335`\316\030\225b\334{k\207zk\273G\207\233\303\370"
 259      9562DC7B 
 259      6B877A6B 
 259      BB47879B 
 259      C3F8
 260 0108 70340929 		.ascii	"p4\011)S,\227\255\214e\313\3458rY1\030\250\2041\211"
 260      532C97AD 
 260      8C65CBE5 
 260      38725931 
 260      18A88431 
 261 011d AE3299B6 		.ascii	"\2562\231\266\025tH\224e\253\344\370\342l 3\375u\344"
 261      15744894 
 261      65ABE4F8 
 261      E26C2033 
 261      FD75E4
 262 0130 B3630872 		.ascii	"\263c\010r\014!\356\355\372\261\346\032\325\261\250"
 262      0C21EEED 
 262      FAB1E61A 
 262      D5B1A8
 263 013f F5F0FDD8 		.ascii	"\365\360\375\330\352\236\002\206})\251\015\330\315I"
 263      EA9E0286 
 263      7D29A90D 
 263      D8CD49
 264 014e 3C34ED4A 		.ascii	"<4\355J\316\017\326\0379\015\243\272\224\212\343)\012"
 264      CE0FD61F 
 264      390DA3BA 
 264      948AE329 
 264      0A
 265 015f B855EAF7 		.ascii	"\270U\352\367\031\032\350\013\272\327g\367U\220\037"
 265      191AE80B 
 265      BAD767F7 
 265      55901F
 266 016e 5EFE7E37 		.ascii	"^\376~7n\220\343\000f\313\323\3122\367\375\034\375F"
 266      6E90E300 
 266      66CBD3CA 
 266      32F7FD1C 
 266      FD46
 267 0180 51379BB2 		.ascii	"Q7\233\262\245\350\271\331Fnda;\336\215\214\357\006"
 267      A5E8B9D9 
 267      466E6461 
 267      3BDE8D8C 
 267      EF06
 268 0192 5C35C8A2 		.ascii	"\\5\310\242\036\317\321\015\222\016\002ND\245\352Wv"
 268      1ECFD10D 
 268      920E024E 
 268      44A5EA57 
 268      76
 269 01a3 B99FCB42 		.ascii	"\271\237\313B\272\206.-N\344\255\022\200\022\312\210"
 269      BA862E2D 
 269      4EE4AD12 
 269      8012CA88 
ARM GAS  /tmp/cckJOWzQ.s 			page 21


 270 01b3 4304AE5D 		.ascii	"C\004\256]\201\011\356\020\223/\232\331\355\252\347"
 270      8109EE10 
 270      932F9AD9 
 270      EDAAE7
 271 01c2 4545CF4B 		.ascii	"EE\317K4\010\250A[\232K\225(\354\235\200\027w\307K\342"
 271      3408A841 
 271      5B9A4B95 
 271      28EC9D80 
 271      1777C74B 
 272 01d7 558467D6 		.ascii	"U\204g\326(\311\225\217\305!\247q\314$\363\223\010\270"
 272      28C9958F 
 272      C521A771 
 272      CC24F393 
 272      08B8
 273 01e9 1AAF0D07 		.ascii	"\032\257\015\007\"\27294\032\256\277=(q%\204.RlWVW\204"
 273      22BA3934 
 273      1AAEBF3D 
 273      28712584 
 273      2E526C57 
 274 0200 25B37024 		.ascii	"%\263p$\374;\032\031\213\227P\226,\033\333r8Z6\321\376"
 274      FC3B1A19 
 274      8B975096 
 274      2C1BDB72 
 274      385A36D1 
 275 0215 54CA93EF 		.ascii	"T\312\223\357TK\373\231\2266\357pk\2729}\354\270w\266"
 275      544BFB99 
 275      9636EF70 
 275      6BBA397D 
 275      ECB877B6 
 276 0229 C36B6D6A 		.ascii	"\303kmj\363\332\322\315^\307\371\366\226\246\323\035"
 276      F3DAD2CD 
 276      5EC7F9F6 
 276      96A6D31D 
 277 0239 5EF38593 		.ascii	"^\363\205\223e3u\202\254\364\271\177y\372\377A"
 277      65337582 
 277      ACF4B97F 
 277      79FAFF41 
 278              		.text
 279              		.section	.gnu.lto_bsaObjectInit.19007ec2eee339df,"e",%progbits
 280 0000 789C9D53 		.ascii	"x\234\235SKk\023Q\024\276\337\234I2I\037\272\254\004"
 280      4B6B1351 
 280      14BEDF9C 
 280      4932491F 
 280      BAAC04
 281 0013 250BA174 		.ascii	"%\013\241t\223\311Fp#(\356\334\270\360\027$Ri\261ji"
 281      93C94670 
 281      2328EEDC 
 281      B8F01724 
 281      5269B16A 
 282 0028 145CD99B 		.ascii	"\024\\\331\233\264\266h\244E\250\364\001a\002%\370\300"
 282      B4B668A4 
 282      45A8F401 
 282      610225F8 
 282      C0
 283 0039 3722DA36 		.ascii	"7\"\3326ul\255\332\332\372(\250X\264\001\021\253\241"
 283      756CADDA 
 283      DAFA28A8 
ARM GAS  /tmp/cckJOWzQ.s 			page 22


 283      58B40111 
 283      ABA1
 284 004b 5688150A 		.ascii	"V\210\025\012\326\324sg\002\212\202\240\303\334\341"
 284      D6D47367 
 284      028A82A0 
 284      C3DCE1
 285 005a 9EC7F79D 		.ascii	"\236\307\367\235\357\234{\307\020\020\273H\210\035B"
 285      EF9C7BC7 
 285      1010BB48 
 285      881D42
 286 0069 888DBC40 		.ascii	"\210\215\274@\002\232\224r\273/ah\200\263\223\006D\253"
 286      029A9472 
 286      BB2F6168 
 286      80B39306 
 286      44AB
 287 007b 86567453 		.ascii	"\206VtS/a\254\363\375m\255\356,G\244\335\373\302\327"
 287      2F61ACF3 
 287      FD6DADEE 
 287      2C47A4DD 
 287      FBC2D7
 288 008e 218FD758 		.ascii	"!\217\327XL\320\317\313}0\204:\316\233O\246W*\273\310"
 288      4CD0CFCB 
 288      7D30843A 
 288      CE9B4FA6 
 288      572ABBC8 
 289 00a2 224067B3 		.ascii	"\"@g\263g\352\306d@\231\032Bl\256\016\177\315\254\243"
 289      67EAC664 
 289      40991A42 
 289      6CAE0E7F 
 289      CDACA3
 290 00b5 AD10BCB7 		.ascii	"\255\020\274\267\013\317\263\025\265Y)\223\322~\235"
 290      0BCFB315 
 290      B5592993 
 290      D27E9D
 291 00c4 25B9D922 		.ascii	"%\271\331\"B\016\304\224\030A\020\303\010\012\301>\246"
 291      420EC494 
 291      184110C3 
 291      080AC13E 
 291      A6
 292 00d5 1E452D03 		.ascii	"\036E-\003\226\007_\026u\332\346\200/\215\247\276y\313"
 292      96075F16 
 292      75DAE680 
 292      2F8DA7BE 
 292      79CB
 293 00e7 E0D59A01 		.ascii	"\340\325\232\001i\353\026\351\270\363\007Zg\264\215"
 293      69EB16E9 
 293      B8F3075A 
 293      67B48D
 294 00f6 5AA1306F 		.ascii	"Z\2410o\257\225\316Ty\365\262f\334\205\227\247 \304"
 294      AF95CE54 
 294      79F5B266 
 294      DC8597A7 
 294      20C4
 295 0108 95598F2D 		.ascii	"\225Y\217-Kk\235\322^\3340T2\374`\230\207\345sQ\017"
 295      4B6B9DD2 
 295      5EDC3054 
 295      32FC6098 
ARM GAS  /tmp/cckJOWzQ.s 			page 23


 295      87E57351 
 296 011d 5C708A84 		.ascii	"\\p\212\204j\\\207\264\2058E\232k$\330( \331s\362M."
 296      6A5C87B4 
 296      8538459A 
 296      6B24D828 
 296      20D973F2 
 297 0133 0345C735 		.ascii	"\003E\3075\272\332>\317\033\252_r{\234\273\372\252:"
 297      BADA3ECF 
 297      1BAA5F72 
 297      7B9CBBFA 
 297      AA3A
 298 0145 8BC10403 		.ascii	"\213\301\004\0032\233,\362\24690\246\244q0a\345oy#\227"
 298      329B2CF2 
 298      A63930A6 
 298      A4713061 
 298      E56F7923 
 299 015a 1559C822 		.ascii	"\025Y\310\"\037\306\221E\237\253\355\036\"\277\222\371"
 299      1FC69145 
 299      9FABED1E 
 299      22BF92F9 
 300 016a 1CB2E1E5 		.ascii	"\034\262\341\345\\\301\337\216d\202'\357\033T\211\354"
 300      5CC1DF8E 
 300      648227EF 
 300      1B5489EC 
 301 017a CCCBE24C 		.ascii	"\314\313\342L@UXo\221\201\373h\007&\312\374_\026&F\015"
 301      4055586F 
 301      9181FB68 
 301      0726CAFC 
 301      5F162646 
 302 018f 95DFC7C5 		.ascii	"\225\337\307\305/@\321<\340\022L\377\220\323\224\364"
 302      2F40D13C 
 302      E0124CFF 
 302      90D394F4 
 303 019f 818F4B6D 		.ascii	"\201\217Km\201\262\362\177\220\252c\322\221\252\246"
 303      81B2F27F 
 303      90AA63D2 
 303      91AAA6
 304 01ae 872944D2 		.ascii	"\207)D\322\344q\007\361=wT\261\245\011\277\021\206\376"
 304      E47107F1 
 304      3D7754B1 
 304      A509BF11 
 304      86FE
 305 01c0 CAE7C723 		.ascii	"\312\347\307#\207Os[\032\311\277\273\256)\335n\324\203"
 305      874F735B 
 305      1AC9BFBB 
 305      AE29DD6E 
 305      D483
 306 01d2 6944B8D0 		.ascii	"iD\270\320\214\022\275\210\216L\265st\234\230>7\275"
 306      8C12BD88 
 306      8E4CB573 
 306      749C983E 
 306      37BD
 307 01e4 E60CC4B0 		.ascii	"\346\014\304\260(\320\257\344\340\261Jr\353\237\276"
 307      28D0AFE4 
 307      E0B14A72 
 307      EB9FBE
 308 01f3 381756C3 		.ascii	"8\027V\303\253\3001<A\220=7O|:\357W\256J\000O\021\264"
ARM GAS  /tmp/cckJOWzQ.s 			page 24


 308      ABC0313C 
 308      41903D37 
 308      4F7C3AEF 
 308      57AE4A00 
 309 020a A84AE92E 		.ascii	"\250J\351.~X\371\237)T\342\231\243Z\035\004f\021Q\214"
 309      7E58F99F 
 309      2954E299 
 309      A35A1D04 
 309      6611518C 
 310 021e 6209C9CC 		.ascii	"b\011\311\314B\267s\033\234\277\"E\370ys\204\330\022"
 310      42B7731B 
 310      9CBF2245 
 310      F8797384 
 310      D812
 311 0230 0E9BFCEE 		.ascii	"\016\233\374\356\257o9X\337d\356lh\2145\356\336c\036"
 311      AF6F3958 
 311      DF64EE6C 
 311      688C35EE 
 311      DE631E
 312 0243 8A9B0DD1 		.ascii	"\212\233\015\321&\263\2511f\306\017\267\324G\017\304"
 312      26B3A931 
 312      66C60FB7 
 312      D4470FC4 
 313 0253 CDD8917D 		.ascii	"\315\330\221}\345mx\257\320c\361h3\177\342\315?\000"
 313      E56D78AF 
 313      D063F168 
 313      337FE2CD 
 313      3F00
 314 0265 A91026D5 		.ascii	"\251\020&\325"
 315              		.text
 316              		.section	.gnu.lto_vmt.19007ec2eee339df,"e",%progbits
 317 0000 789CE360 		.ascii	"x\234\343``d\270\301\300\300`\316\000\001\323\231\031"
 317      6064B8C1 
 317      C0C060CE 
 317      0001D399 
 317      19
 318 0011 E7AE38F3 		.ascii	"\347\2568\363\237\263\205\261\251\261\243\241\341A\367"
 318      9FB385B1 
 318      A9B1A3A1 
 318      E141F7
 319 0020 19E6E8F9 		.ascii	"\031\346\350\371\314\0143\2311\345\026lc\232\317\314"
 319      CC0C3399 
 319      31E5166C 
 319      639ACFCC 
 320 0030 38939911 		.ascii	"8\223\231\021S\346\037#X\017\023\246\314>\240\014\323"
 320      53E61F23 
 320      580F13A6 
 320      CC3EA00C 
 320      D3
 321 0041 4C66664C 		.ascii	"LffL\231\252\371\314\3143\231Y\300\022\307\337\277\275"
 321      99AAF9CC 
 321      CC339959 
 321      C012C7DF 
 321      BFBD
 322 0053 C2D8C73C 		.ascii	"\302\330\307<\237\231\205\021\304]\266\270\347\015\213"
 322      9F998511 
 322      C45DB6B8 
ARM GAS  /tmp/cckJOWzQ.s 			page 25


 322      E70D8B
 323 0062 E5F6868E 		.ascii	"\345\366\206\216\005\015\011\363\231Yg030\356g\224\236"
 323      050D09F3 
 323      99596730 
 323      3330EE67 
 323      949E
 324 0074 C1CCC8B8 		.ascii	"\301\314\310\270\217\261\205q\0063\023\343^0\315\314"
 324      8FB18571 
 324      063313E3 
 324      5E30CDCC 
 325 0084 B8074CB3 		.ascii	"\270\007L\2630\356\006\323\254\214\273\2004\003\343"
 325      30EE06D3 
 325      AC8CBB80 
 325      3403E3
 326 0093 01464B06 		.ascii	"\001FK\006S==} \312N-\312K\315\321w\316\310L\312\364"
 326      533D3D7D 
 326      20CA4E2D 
 326      CA4BCDD1 
 326      77CEC84C 
 327 00a9 0FD6CF2F 		.ascii	"\017\326\317/\326\317H\314\321\317\311L\322/.)JM\314"
 327      D6CF48CC 
 327      D1CFC94C 
 327      D22F2E29 
 327      4A4DCC
 328 00bc 2DD64F2A 		.ascii	"-\326O*M\2032\365\222\031\000R\225\\Z"
 328      4D8332F5 
 328      92190052 
 328      955C5A
 329              		.text
 330              		.section	.gnu.lto_.symbol_nodes.19007ec2eee339df,"e",%progbits
 331 0000 789C75D0 		.ascii	"x\234u\320\271\021\302@\014\005\320\257\277\26214\001"
 331      B911C240 
 331      0C05D0AF 
 331      BFB23134 
 331      01
 332 0011 4325D003 		.ascii	"C%\320\003\025\320\2106\240\000'\316\251\200\210\303"
 332      15D08836 
 332      A00027CE 
 332      A98088C3 
 333 0021 07046E80 		.ascii	"\007\004n\200*\310\010)\000\014\336\341\230a\025\375"
 333      2AC80829 
 333      000CDEE1 
 333      986115FD 
 334 0031 D1930229 		.ascii	"\321\223\002)\203`!\000\270\245\301w\245\222\237\001"
 334      83602100 
 334      B8A5C177 
 334      A5929F01 
 335 0041 03CA75EB 		.ascii	"\003\312u\353S<\015\334\323$\212%\215Q\334\321\\\024"
 335      533C0DDC 
 335      D3248A25 
 335      8D51DCD1 
 335      5C14
 336 0053 4F34FD46 		.ascii	"O4\375F\251|\353'\001\017\264$\272Y\323\322\037\254"
 336      A97CEB27 
 336      010FB424 
 336      BA59D3D2 
 336      1FAC
ARM GAS  /tmp/cckJOWzQ.s 			page 26


 337 0065 FDBCA7A4 		.ascii	"\375\274\247\244\"\374\024pr\244\015\356\241\306\257"
 337      22FC1470 
 337      72A40DEE 
 337      A1C6AF
 338 0074 397417CE 		.ascii	"9t\027\316\000ih\331_\321\360\202B\240\362\216\316e"
 338      006968D9 
 338      5FD1F082 
 338      42A0F28E 
 338      CE65
 339 0086 7DBE8886 		.ascii	"}\276\210\206c\212\021T?\003\211\346\267\315\025\262"
 339      638A1154 
 339      3F0389E6 
 339      B7CD15B2 
 340 0096 74E9B0EF 		.ascii	"t\351\260\357\256\004\017`7b{"
 340      AE040F60 
 340      37627B
 341              		.text
 342              		.section	.gnu.lto_.refs.19007ec2eee339df,"e",%progbits
 343 0000 789C05C1 		.ascii	"x\234\005\301\307\015\0000\014\3040\235\002\227w\366"
 343      C70D0030 
 343      0CC4309D 
 343      029777F6 
 344 0010 1FD6E412 		.ascii	"\037\326\344\022>\220vR#>c)\007\004\256\000N"
 344      3E907652 
 344      233E6329 
 344      0704AE00 
 344      4E
 345              		.text
 346              		.section	.gnu.lto_.decls.19007ec2eee339df,"e",%progbits
 347 0000 789C9D58 		.ascii	"x\234\235X{PT\327\031\277\337\275\313\002\313\002\031"
 347      7B5054D7 
 347      19BFDFBD 
 347      CB02CB02 
 347      19
 348 0011 1F8953D2 		.ascii	"\037\211S\322\031\223!\223\316\244\262I\243c3\223\266"
 348      19932193 
 348      CEA4B249 
 348      A3633393 
 348      B6
 349 0022 26B6633A 		.ascii	"&\266c:Mb;\266iM:%\200\213l\012\013\205%1\231\376q\221"
 349      4D623BB6 
 349      694D3A25 
 349      808B6C0A 
 349      0B852531 
 350 003a 971A1014 		.ascii	"\227\032\020\024E\001#\242\010h\024P\242\024y\012\310"
 350      450123A2 
 350      08681450 
 350      A214790A 
 350      C8
 351 004b 5B5D5440 		.ascii	"[]T@^\212D\0055\012\211\"\032\300\355w\316\271w\271"
 351      5E8A4405 
 351      350A8922 
 351      1AC0ED77 
 351      CEB977B9 
 352 005f 77594CE2 		.ascii	"wYL\342\225o\357=\347~\217\337\367;\3379\347\036\335"
 352      956FEF3D 
 352      E77E8FDF 
ARM GAS  /tmp/cckJOWzQ.s 			page 27


 352      F73BDF39 
 352      E71EDD
 353 0072 38E03E9A 		.ascii	"8\340>\232\317q+x\216k\0238\316\206\227;\307q\355(\344"
 353      CF712B78 
 353      8E6B1338 
 353      CE86973B 
 353      C771ED28 
 354 0087 BE16A516 		.ascii	"\276\026\245\026\245\001\245\021\245\011\245\025e\020"
 354      A501A511 
 354      A509A515 
 354      6510
 355 0095 E526CAFB 		.ascii	"\345&\312\373\034\273\210\356=\224)\024\033\212\013"
 355      1CBB88EE 
 355      3D942914 
 355      1B8A0B
 356 00a4 709C278A 		.ascii	"p\234'\212\016e>\312\013(\006\024\374\343~\017\234\352"
 356      0E653ECA 
 356      0B280614 
 356      FCE37E0F 
 356      9CEA
 357 00b6 BA816D2F 		.ascii	"\272\201m/\274\317A\231'\305\222\343\222\030\357\342"
 357      BCCF4199 
 357      27C592E3 
 357      9218EFE2 
 358 00c6 FBD780C5 		.ascii	"\373\327\200\305\274B\364Q\336\301\366J\224\273\370"
 358      BC42F451 
 358      DEC1F64A 
 358      94BBF8
 359 00d5 8CB0B95E 		.ascii	"\214\260\271^\224!\224\267\245\030\367\270\231\327\204"
 359      942194B7 
 359      A518F7B8 
 359      99D784
 360 00e4 439C0929 		.ascii	"C\234\011)N\243\"\316\022'q\376\2142\351\020g\205\024"
 360      4EA322CE 
 360      122771FE 
 360      8C32E910 
 360      678514
 361 00f7 67CA491C 		.ascii	"g\312I\034\033\311{\2268\253\271i\377$\317\026\024\244"
 361      1BC97B96 
 361      38ABB969 
 361      FF24CF16 
 361      14A4
 362 0109 9EBB8472 		.ascii	"\236\273\204r\231c>mN|z\360\314\227#GM\222O2&&E\036"
 362      99633E6D 
 362      4E7C7AF0 
 362      CC972347 
 362      4D924F32 
 363 0121 4B157990 		.ascii	"K\025y\220\030\177\301\366\337a:\247\177\240hP\\\024"
 363      187FC1F6 
 363      DF613AA7 
 363      7FA06850 
 363      5C14
 364 0133 B1E5DCDE 		.ascii	"\261\345\334\336\002\206\311E\0327\307\313\207w\316"
 364      0286C945 
 364      1A37C7CB 
 364      8777CE
 365 0142 A35C1324 		.ascii	"\243\\\023$\376\253(Z\007\036W\243\270\203\232\307?"
ARM GAS  /tmp/cckJOWzQ.s 			page 28


 365      FEAB285A 
 365      071E57A3 
 365      B8839AC7 
 365      3F
 366 0153 49B17452 		.ascii	"I\261tR\2758^\363g\211Er&\376\237u\340\363}\364\241"
 366      BD385EF3 
 366      67894572 
 366      26FE9F75 
 366      E0F37DF4 
 367 0168 079673A3 		.ascii	"\007\226s\243\003\267\217\213\363\222\024'D\021K\316"
 367      03B78F8B 
 367      F3921427 
 367      44114BCE 
 368 0178 A755F2FF 		.ascii	"\247U\362\377\001\332-\227|\377\023X\355\223\230~\204"
 368      01DA2D97 
 368      7CFF1358 
 368      ED93987E 
 368      84
 369 0189 4BBCF749 		.ascii	"K\274\367Iy]\226b\222x\363\037S\367\033y\226\303\022"
 369      795D9662 
 369      9278F31F 
 369      53F71B79 
 369      96C312
 370 019c 89AFA552 		.ascii	"\211\257\245R\235\223\334\226K\374\375\016\357o\242"
 370      9D93DC96 
 370      4BFCFD0E 
 370      EF6FA2
 371 01ab FC06E575 		.ascii	"\374\006\345u\224e(oH\343f\223\362\231\222\306\312Y"
 371      9465286F 
 371      48E36693 
 371      F29992C6 
 371      CA59
 372 01bd CDEF10E0 		.ascii	"\315\357\020\340\322\372/\036\3507\0130G\007\032lnk"
 372      D2FA2F1E 
 372      E8370B30 
 372      47071A6C 
 372      6E6B
 373 01cf F9AA5987 		.ascii	"\371\252Y\207\315y:X\210\315\232\201\344\207\0026\237"
 373      CD793A58 
 373      88CD9A81 
 373      E4870236 
 373      9F
 374 01e0 D5810DB0 		.ascii	"\325\201\015\260\3358r\373\002\26061\336\337t\350\274"
 374      DD3872FB 
 374      02B03631 
 374      DEDF74E8 
 374      BC
 375 01f1 ABC0D3E7 		.ascii	"\253\300\323\347\322S_\177j8,\262\313-\234\203*\020"
 375      D2535F7F 
 375      6A382CB2 
 375      CB2D9C83 
 375      2A10
 376 0203 A6C31CC8 		.ascii	"\246\303\034\310.\250\367\024\226Q\315\003\271um\036"
 376      2EA8F714 
 376      9651CD03 
 376      B9756D1E 
 377 0213 BA0DA2B8 		.ascii	"\272\015\242\270^\024\367\305\011\0138x\325\007^\366"
ARM GAS  /tmp/cckJOWzQ.s 			page 29


 377      5E14F7C5 
 377      090B3878 
 377      D5075EF6 
 378 0223 E1A006A8 		.ascii	"\341\240\006\250\347j0@%\370@\005\370\020\365\353\343"
 378      E76A3040 
 378      25F84005 
 378      F810F5EB 
 378      E3
 379 0234 6513BC7E 		.ascii	"e\023\274~\023Q\337\023+\272\277\005'A\007\345\370\376"
 379      1351DF13 
 379      2BBABF05 
 379      274107E5 
 379      F8FE
 380 0246 04BEE7A0 		.ascii	"\004\276\347\240\026\364\034\273\241nE\302T\225+\342"
 380      16F41CBB 
 380      A16E45C2 
 380      54952BE2 
 381 0256 5B8D78F1 		.ascii	"[\215x\361\362V@^\315 \347>\034)\325\013o\321\347\216"
 381      F256405E 
 381      CD20E73E 
 381      1C29D50B 
 381      6FD1E78E 
 382 026a 911D893C 		.ascii	"\221\035\211<\003B=sv\267p\012\250\005\201R\217}u\244"
 382      03423D73 
 382      76B7700A 
 382      A8058152 
 382      8F7D75A4 
 383 027e AF017468 		.ascii	"\257\001tht\353lM\211\035\275\370x\364\320HM\036\035"
 383      74EB6C4D 
 383      891DBDF8 
 383      78F4D048 
 383      4D1E1D
 384 0291 CB2CD028 		.ascii	"\313,\320(3hTe\320\3042h\242\031\224V\366\244x\021\367"
 384      33685465 
 384      D0C43268 
 384      A2199456 
 384      F6A47811 
 385 02a6 A2A43B47 		.ascii	"\242\244;G\251\332\014:\016\014>\370G\360o\3568sX\230"
 385      A9DA0C3A 
 385      0E0C3EF8 
 385      47F06FEE 
 385      38735898 
 386 02ba 934A198F 		.ascii	"\223J\031\217\025\227\001\365\313\320p\320\002s\230"
 386      159701F5 
 386      CBD070D0 
 386      027398
 387 02c9 3EE53F3B 		.ascii	">\345?;1\276^\005\001_+\374\2662\010\255\024B\265-\275"
 387      31BE5E05 
 387      015F2BFC 
 387      B63208AD 
 387      1442B52D 
 388 02de 5AC34AC2 		.ascii	"Z\303J\302\015\233\371q\345\335\356\302J\312\330\275"
 388      0D9BF971 
 388      E5DDEEC2 
 388      4ACAD8BD 
 389 02ee 7D5DDF69 		.ascii	"}]\337i\204\367\350so\374\221\3150w\2134\342\"\260\372"
 389      84F7E873 
ARM GAS  /tmp/cckJOWzQ.s 			page 30


 389      6FFC91CD 
 389      30778B34 
 389      E222B0FA 
 390 0302 85B33097 		.ascii	"\205\2630\227p \215{FQY\211\247\360\0015\270\321y\270"
 390      70208D7B 
 390      46515989 
 390      A7F00135 
 390      B8D179B8 
 391 0316 5BE36800 		.ascii	"[\343h\000V\244Mm\323\220\237fPBm\307\267\323P\317Q"
 391      56A44D6D 
 391      D3909F66 
 391      50426DC7 
 391      B7D350CF 
 392 032b A8A8B6C5 		.ascii	"\250\250\266\305\226{\301]\210\240\256\207\023\273\277"
 392      967BC15D 
 392      88A0AE87 
 392      13BBBF
 393 033a 71112CF4 		.ascii	"q\021,\364y0}\370\212\307\2140\0270L\207*LjkG:/\353"
 393      79307DF8 
 393      8AC78C30 
 393      17304C87 
 393      2A4C6A6B 
 394 0352 C5CDAE57 		.ascii	"\305\315\256W\230\324\234\241U\342\351T\341\351\222"
 394      98D49CA1 
 394      55E2E954 
 394      E1E992
 395 0361 F1E47458 		.ascii	"\361\344tX\327\003\243\355)l\036\266\015ey\263\231$"
 395      D703A3ED 
 395      296C1EB6 
 395      0D6579B3 
 395      9924
 396 0373 92A9933D 		.ascii	"\222\251\223=zhT'$\003\301\350\262\267~w\221\036|}\347"
 396      7A685427 
 396      2403C1E8 
 396      B2B77E77 
 396      911E7C7D 
 397 0388 FAFAEE25 		.ascii	"\372\372\356%\216k\316\036\374EfC\202\230z\022H\202"
 397      8E6BCE1E 
 397      FC456643 
 397      82987A12 
 397      4882
 398 039a 700651F4 		.ascii	"p\006Q\364\253\302\030\310O9yd\006g2\347\355\217\025"
 398      ABC218C8 
 398      4F397964 
 398      066732E7 
 398      ED8F15
 399 03ad 9B3E24F1 		.ascii	"\233>$\361\341\274s\365W\360\207\346GJ\0044\034t\343"
 399      E1BC73F5 
 399      57F087E6 
 399      474A0434 
 399      1C74E3
 400 03c0 FB8BF47D 		.ascii	"\373\213\364}?K\021\372\300\027zQ.\243\\\002_\2222\363"
 400      3F4B11FA 
 400      C0177A51 
 400      2EA35C02 
 400      5F9232F3 
 401 03d4 DF99A9CD 		.ascii	"\337\231\251\315\024k\342\264\244\352\241g\206\3776"
ARM GAS  /tmp/cckJOWzQ.s 			page 31


 401      146BE2B4 
 401      A4EAA167 
 401      86FF36
 402 03e3 50E211C5 		.ascii	"P\342\021\305\232\032\330\371!-\252\323\222\256\\\207"
 402      9A1AD8F9 
 402      212DAAD3 
 402      92AE5C87 
 403 03f3 4C934021 		.ascii	"L\223@!\013F\336\305\235:\241\221\222\000_\325\357\226"
 403      0B46DEC5 
 403      9D3AA191 
 403      92005FD5 
 403      EF96
 404 0405 EBC11120 		.ascii	"\353\301\021 \014H^f\301\210\326=yq\243\252\212\276"
 404      0C485E66 
 404      C188D63D 
 404      7971A3AA 
 404      8ABE
 405 0417 A20238C8 		.ascii	"\242\0028\310*z\220V\364DJ_\253 \364\263\260\375\205"
 405      2A7A9056 
 405      F4444A5F 
 405      AB20F4B3 
 405      B0FD85
 406 042a A375FC8C 		.ascii	"\243u\374\214\372\370\032\003^U\215\373\350\345\344"
 406      FAF81A03 
 406      5E558DFB 
 406      E8E5E4
 407 0439 5AFD8CFA 		.ascii	"Z\375\214\372\230\251\327\263\375\270\350\242\004rM"
 407      98A9D7B3 
 407      FDB8E8A2 
 407      04724D
 408 0448 05E4BA54 		.ascii	"\005\344\272T\037|f\345d\221\016|\3472~G\252\026g\036"
 408      1F7C66E5 
 408      64910E7C 
 408      E7327E47 
 408      AA16671E 
 409 045c BD218A5B 		.ascii	"\275!\212[\027\020\015:\202\303\217\031A\364L\011\232"
 409      17100D3A 
 409      82C38F19 
 409      41F44C09 
 409      9A
 410 046d 7E3F2CB1 		.ascii	"~?,\2613dgdK{\3745\011\260\243:\235e3-\022\037\235\310"
 410      33646764 
 410      4B7BFC35 
 410      09B0A33A 
 410      9D65332D 
 411 0485 512DAD37 		.ascii	"Q-\2557T\020n2\016oR\016s\372\007\252\335\257\340 \220"
 411      54106E32 
 411      0E6F520E 
 411      73FA07AA 
 411      DDAFE020 
 412 049a 8D0BE022 		.ascii	"\215\013\340\"\356\325\344\037\371a\314\220;\220g\""
 412      EED5E41F 
 412      F961CC90 
 412      3B906722 
 413 04aa 36F90272 		.ascii	"6\371\002rIz\234\264\325\311}\354&\377\260>^\362\302"
 413      497A9CB4 
 413      D5C97DEC 
ARM GAS  /tmp/cckJOWzQ.s 			page 32


 413      26FFB03E 
 413      5EF2C2
 414 04bd 4B7B0730 		.ascii	"K{\0070\033\346\2356\025\256\331{\220\336\313N\230\201"
 414      1BE69D36 
 414      15AED97B 
 414      90DECB4E 
 414      9881
 415 04cf BC1EC986 		.ascii	"\274\036\311\206R\027/\205SZ\300\014\304\323\0169\273"
 415      52172F85 
 415      535AC00C 
 415      C4D30E39 
 415      BB
 416 04e0 53F902FB 		.ascii	"S\371\002\373\246\226\320\335\374\337A\030\210A\302"
 416      A696D0DD 
 416      FCDF4118 
 416      8841C2
 417 04ef 8BB36EBF 		.ascii	"\213\263n\277\310\301S\251\0139Zc\347\017V\204\010\015"
 417      C8C153A9 
 417      0B395A63 
 417      E70F5684 
 417      080D
 418 0501 6C632C2B 		.ascii	"lc,+\334\336)h0\037:\225\2425tM\261>\330\016\264\017"
 418      DCDE2968 
 418      301F3A95 
 418      A235744D 
 418      B13ED80E 
 419 0517 F72DB803 		.ascii	"\367-\270\003\264\323\332\237\177RK;\327\352a\204\365"
 419      B4D3DA9F 
 419      7F524B3B 
 419      D7EA6184 
 419      F5
 420 0528 259C4A2D 		.ascii	"%\234J-\367d\213\012\257Xc\346\2615&E\334\026\247{f"
 420      F7648B0A 
 420      AF5863E6 
 420      B1352645 
 420      DC16A77B 
 421 053d 3B9D41B1 		.ascii	";\235A\261\342S<\215\360\035\216\337\267t\374\356\302"
 421      E2533C8D 
 421      F01D8EDF 
 421      B774FCEE 
 421      C2
 422 054e 331C8C82 		.ascii	"3\034\214\202\206\241\255\216?\221.<\277G\254\031\020"
 422      86A1AD8E 
 422      3F912E3C 
 422      BF47AC19 
 422      10
 423 055f 6BC6BB7F 		.ascii	"k\306\273\177y\277.A\264\242\3412\252\007\267\261@\244"
 423      79BF2E41 
 423      B4A2E132 
 423      AA07B7B1 
 423      40A4
 424 0571 9A26CF1C 		.ascii	"\232&\317\034|\203s\007n\341\254\302\216{\360<\331I"
 424      7C837307 
 424      6EE1ACC2 
 424      8E7BF03C 
 424      D949
 425 0583 2B77D57B 		.ascii	"+w\325{\013q\002\315\252\371\354\246X/\012\266\321\236"
ARM GAS  /tmp/cckJOWzQ.s 			page 33


 425      0B7102CD 
 425      AAF9ECA6 
 425      582F0AB6 
 425      D19E
 426 0595 D5C14D25 		.ascii	"\325\301M%\271z9\201\373,\201\261\223\273\254d3\321"
 426      B97A3981 
 426      FB2C81B1 
 426      93BBAC64 
 426      33D1
 427 05a7 B21DD915 		.ascii	"\262\035\331\025\273:w4.e=\004\370:\354\351J:\337\253"
 427      BB3A7734 
 427      2E653D04 
 427      F83AECE9 
 427      4A3ADFAB 
 428 05bb 153632CF 		.ascii	"\02562\317\337gL\036\361P\354\200\212*\376\036\250\031"
 428      DF674C1E 
 428      F150EC80 
 428      8A2AFE1E 
 428      A819
 429 05cd 29E287D8 		.ascii	")\342\207\330\367\200} \324gU\265y(Y\230P\2610IX\030"
 429      F7807D20 
 429      D46755B5 
 429      79285998 
 429      50B13049 
 430 05e3 975948DB 		.ascii	"\227YH\333~v\265DBC\306\2639\261b\001\232-$J0\246\240"
 430      7E76B544 
 430      4243C6B3 
 430      39B16201 
 430      9A2D244A 
 431 05fa 60CC9182 		.ascii	"`\314\221\202)JAN\355\255Jo!\205\001\315\277Z\320\245"
 431      294A414E 
 431      EDAD4A6F 
 431      218501CD 
 431      BF5AD0A5 
 432 060e 977C7DFF 		.ascii	"\227|}\3773\\-\361\213@\344\251\253G\012W\217\034]\331"
 432      335C2DF1 
 432      8B40E4A9 
 432      AB470A57 
 432      8F1C5DD9 
 433 0622 A8AB86DE 		.ascii	"\250\253\206\336\241\207Z!]\230\265F\366\226\025\334"
 433      A1875A21 
 433      5D98B546 
 433      F69615DC 
 434 0632 6135825F 		.ascii	"a5\202_\006\020\303\263zx\364\340\272\235\342\365\254"
 434      0610C3B3 
 434      7A78F4E0 
 434      BA9DE2F5 
 434      AC
 435 0643 6FACB875 		.ascii	"o\254\270u\314k\366*\210\3431\377X^\312\277\354\363"
 435      CC6BF62A 
 435      88E331FF 
 435      585ECABF 
 435      ECF3
 436 0655 848332E8 		.ascii	"\204\2032\350\206q\301\216\032\265@\344\247Q\343\263"
 436      8671C18E 
 436      1AB540E4 
 436      A751E3B3 
ARM GAS  /tmp/cckJOWzQ.s 			page 34


 437 0665 1A753C4F 		.ascii	"\032u<OP\017\226\267\015k\205/\030\352\270\301/\343"
 437      500F96B7 
 437      0D6B852F 
 437      18EAB8C1 
 437      2FE3
 438 0677 DD8403AC 		.ascii	"\335\204\003\254Qxh\242X'#c\031$\246\035\232\322\314"
 438      517868A2 
 438      58272363 
 438      1924A61D 
 438      9AD2CC
 439 068a 3E301B09 		.ascii	">0\033\011\260\0152\260\201\323\355\303\256\022\260"
 439      B00D32B0 
 439      81D3EDC3 
 439      AE12B0
 440 0699 3BF2C8A4 		.ascii	";\362\310\244.$Z\220\250\000\226\350\000\354\211B'\221"
 440      2E245A90 
 440      A80096E8 
 440      00EC8942 
 440      2791
 441 06ab D09FCBA1 		.ascii	"\320\237\313\241\373\353{StRhk\014O*\342e\242\002\011"
 441      FBEB7B53 
 441      7452686B 
 441      0C4F2AE2 
 441      65A20209 
 442 06bf F6B8B089 		.ascii	"\366\270\260\211\177\2364\325\234$SNzj'oy\012\205\214"
 442      7F9E34D5 
 442      9C24534E 
 442      7A6A276F 
 442      790A858C 
 443 06d3 86E1AB62 		.ascii	"\206\341\253b\245'\305B\366q\006f\226/\245T^\271\215"
 443      A527C542 
 443      F6710666 
 443      962FA554 
 443      5EB98D
 444 06e6 581BF7BF 		.ascii	"X\033\367\2778cW\"\333\240Zmr\250\027\227\014\305\222"
 444      38635722 
 444      DBA05A6D 
 444      72A81797 
 444      0CC592
 445 06f9 BD85572E 		.ascii	"\275\205W.\331[y\351k$&kb3\303\201]\220\302*\345z_\334"
 445      D95B79E9 
 445      6B24266B 
 445      6233C381 
 445      5D90C22A 
 446 0711 B08B9295 		.ascii	"\260\213\222\225\220\247\025\244l#\244\244\311\244$"
 446      90A715A4 
 446      6C23A4A4 
 446      C9A424
 447 0720 1F3BE08D 		.ascii	"\037;\340\215\234\014 '\227v\353\355u\202J\260Y1\034"
 447      9C0C2027 
 447      9776EBED 
 447      75824AB0 
 447      59311C
 448 0733 9B1D39D9 		.ascii	"\233\0359\331N9\311:X^\242\025*\030'\247\213n|\256\025"
 448      4E39C93A 
 448      585EA215 
 448      2A1827A7 
ARM GAS  /tmp/cckJOWzQ.s 			page 35


 448      8B6E7CAE 
 449 0748 EA58A338 		.ascii	"\352X\2438\353z\213+\002\203\035\274\300\"\025\307\324"
 449      EB7A8B2B 
 449      02831DBC 
 449      C02215C7 
 449      D4
 450 0759 E47B0A4D 		.ascii	"\344{\012M\354\365\336\375\273\317\271\223\327\031\304"
 450      ECF5DEFD 
 450      BBCFB993 
 450      D719C4
 451 0768 F14E86DB 		.ascii	"\361N\206\333\331\364h\317\337\272\217\247}&=d1\275"
 451      D9F468CF 
 451      DFBA8FA7 
 451      7D263D64 
 451      31BD
 452 077a AD772A9A 		.ascii	"\255w*\232\355\205\260\213\365u\306&\335\367z\316*d"
 452      ED85B08B 
 452      F575C626 
 452      DDF77ACE 
 452      2A64
 453 078c 8B6E345A 		.ascii	"\213n4Ze\306\215\022\015\325\331\315?G{\356\017&\247"
 453      65C68D12 
 453      0DD5D9CD 
 453      3F477BEE 
 453      0F26A7
 454 079f B90AE758 		.ascii	"\271\012\347X\374o\263\357\346\221E\030\366`\222\331"
 454      FC6FB3EF 
 454      E6914518 
 454      F66092D9 
 455 07af 840CF2D9 		.ascii	"\204\014\362\331\333\227Q\341\"\3640\215/w\344Zi\002"
 455      DB9751E1 
 455      22F4308D 
 455      2F77E45A 
 455      6902
 456 07c1 7B09C21C 		.ascii	"{\011\302\034\026\345\362\340\246\013\256Jf\021\200"
 456      16E5F2E0 
 456      A60BAE4A 
 456      661180
 457 07d0 C42C204C 		.ascii	"\304, L\016r\011\271_\310\344\326\356\261\215{\022v"
 457      0E7209B9 
 457      5FC8E4D6 
 457      EEB18D7B 
 457      1276
 458 07e2 B1E8BA26 		.ascii	"\261\350\272&\177\233V\227P\203k\261P\374s\242\007\351"
 458      7F9B5697 
 458      50836BB1 
 458      50FC73A2 
 458      07E9
 459 07f4 32BF9049 		.ascii	"2\277\220IL\323yv\220\202\375\224\332\242\322\212d\027"
 459      4CD37976 
 459      9082FD94 
 459      DAA2D28A 
 459      6417
 460 0806 61A76616 		.ascii	"a\247f\0266\325\004\346\377\030\002\337\327\301\001"
 460      36D504E6 
 460      FF1802DF 
 460      D7C101
ARM GAS  /tmp/cckJOWzQ.s 			page 36


 461 0815 27041E64 		.ascii	"'\004\036d}N\031Q\223p\350\207I8L2)$$|)\223\220\336"
 461      7D4E1951 
 461      9370E887 
 461      49384C32 
 461      2924247C 
 462 082d 3C754927 		.ascii	"<uI'\221\320\222+\244n\023\007D\361\252\027\321\202"
 462      91D0922B 
 462      A46E1307 
 462      44F1AA17 
 462      D182
 463 083f 3C3B0505 		.ascii	"<;\005\005\3040O\246\240\210Rp\370xR\226+\333\025\027"
 463      C4304FA6 
 463      A0885270 
 463      F8785296 
 463      2BDB1517 
 464 0853 60B3C5FA 		.ascii	"`\263\305\372\335\250\236\355\2125\344S\273\250\177"
 464      DDA89EED 
 464      8A35E453 
 464      BBA87F
 465 0862 EF064F21 		.ascii	"\357\006O!\2331Tb\255\270\253SN\030\262\240LO\230\022"
 465      9B315462 
 465      ADB8AB53 
 465      4E18B2A0 
 465      4C4F9812 
 466 0876 79C2D846 		.ascii	"y\302\330F\356^\322\013\373\230\321\361\346\023\343"
 466      EE5ED20B 
 466      FB98D1F1 
 466      E613E3
 467 0885 EE4A23B2 		.ascii	"\356J#\262\250O\033\035\223\215\356$\234\350\367\022"
 467      A84F1B1D 
 467      938DEE24 
 467      9CE8F712 
 468 0895 F299517D 		.ascii	"\362\231Q}m\327\220\352C0N\025\251T6\352\030*\273\357"
 468      6DD790EA 
 468      43304E15 
 468      A95436EA 
 468      182ABBEF 
 469 08a9 211C6246 		.ascii	"!\034bF\367Ro\226\252\346\363]U\2442\331\250\360\334"
 469      F7526F96 
 469      AAE6F35D 
 469      55A432D9 
 469      A8F0DC
 470 08bc F0182F1C 		.ascii	"\360\030/\034eF\261G\216\234\323\010\265\264\341\272"
 470      6546B147 
 470      8E9CD308 
 470      B5B4E1BA 
 471 08cc 2126339D 		.ascii	"!&3\235gg\211\351\323\304\353;\245\323\004B\205\257"
 471      676789E9 
 471      D3C4EB3B 
 471      A5D30442 
 471      85AF
 472 08de 90CC2A7E 		.ascii	"\220\314*~\366\317w\264\260\002\036%\020!\034\237Ew"
 472      F6CF77B4 
 472      B0021E25 
 472      10211C9F 
 472      4577
 473 08f0 C659E208 		.ascii	"\306Y\342\010\357\003\305\274\017;1U\2615\012\252y_"
ARM GAS  /tmp/cckJOWzQ.s 			page 37


 473      EF03C5BC 
 473      0F3B3155 
 473      B1350AAA 
 473      795F
 474 0902 A845A944 		.ascii	"\250E\251D\251@\251A9\311+\216\0254\016\251\301\023"
 474      A940A941 
 474      39C92B8E 
 474      15340EA9 
 474      C113
 475 0914 33E2D83F 		.ascii	"3\342\330?x\025\2328:pt\206\346Ep\242J\022-\237E\325"
 475      78159A38 
 475      3A707486 
 475      E64570A2 
 475      4A122D9F 
 476 092a 31516415 		.ascii	"1Qd\025\376\347\034\000UE\212\307mc\255\036\362\341"
 476      FEE71C00 
 476      55458AC7 
 476      6D63AD1E 
 476      F2E1
 477 093c 24EE8932 		.ascii	"$\356\2112&\377\2352U\220\344\376\302>\321ZC\277\271"
 477      26FF9D32 
 477      5590E4FE 
 477      C23ED15A 
 477      43BFB9
 478 094f 7655C48B 		.ascii	"vU\304\213\342\034\300\343\007\375\340'\366\262S\216"
 478      E21CC0E3 
 478      07FDE027 
 478      F6B2538E 
 479 095f F6FC8B4C 		.ascii	"\366\374\213L\275z\376\0054\355\263\335\276\352\305"
 479      BD7AFE05 
 479      34EDB3DD 
 479      BEEAC5
 480 096e 6A7C1E39 		.ascii	"j|\0369<7d]\367d5\276\007k\\\233S\327\215\265\312F]"
 480      3C37645D 
 480      F76435BE 
 480      076B5C9B 
 480      53D78DB5 
 481 0985 3E51F866 		.ascii	">Q\370f8\014z\363O\030tg\2723\006\275\001\321\236\""
 481      380C7AF3 
 481      4F187467 
 481      BA3306BD 
 481      01D19E22 
 482 0999 14906350 		.ascii	"\024\220cP\263DA\013\246\334\206\322\204\322\210\322"
 482      B344410B 
 482      A6DC86D2 
 482      84D288D2 
 483 09a9 3AEB8037 		.ascii	":\353\2007\377\350\001o\376\341\001\227\007\321\211"
 483      FFE8016F 
 483      FEE10197 
 483      07D189
 484 09b8 5379106F 		.ascii	"Sy\020o7_\273\245Q\017\342O\311\000=T%\245v\251NH\247"
 484      375FBBA5 
 484      510FE24F 
 484      C9003D54 
 484      25A576A9 
 485 09cf 55D1CED0 		.ascii	"U\321\316\320\351In\250\333\232Yj\221U\343f\231\311"
 485      E9496EA8 
ARM GAS  /tmp/cckJOWzQ.s 			page 38


 485      DB9A596A 
 485      9155E366 
 485      99C9
 486 09e1 7096AA9E 		.ascii	"p\226\252\236I;\237\307+u\235\255/`\245\272Smue\036"
 486      493B9FC7 
 486      2B759DAD 
 486      2F60A5BA 
 486      536D7565 
 487 09f6 4A08B9AA 		.ascii	"J\010\271\252e\245\235\351\266S]g\353\374\375\375\023"
 487      65A59DE9 
 487      B6535D67 
 487      EBFCFDFD 
 487      13
 488 0a07 C75C65FB 		.ascii	"\307\\e\373\030\264\377\350i\205\271IZ_F\222\252\037"
 488      18B4FFE8 
 488      6985B949 
 488      5A5F4692 
 488      AA1F
 489 0a19 B1C3C779 		.ascii	"\261\303\307y\344\365\034\357\3344Di\212\253;]\242Q"
 489      E4F51CEF 
 489      DC344469 
 489      8AAB3B5D 
 489      A251
 490 0a2b F1684F59 		.ascii	"\361hOY\035;\015t\240\365\005f\275)\271(\305\355q{b"
 490      1D3B0D74 
 490      A0F50566 
 490      BD29B928 
 490      C5ED717B 
 491 0a40 17D90E3A 		.ascii	"\027\331\016:\351v@\236\311jx\263\344\232\207\222\027"
 491      E976409E 
 491      C96A78B3 
 491      E49A8792 
 491      17
 492 0a51 674B285C 		.ascii	"gK(\\\244\271\236\316k\330\350\256\324u\266\260C7\325"
 492      A4B99ECE 
 492      6BD8E8AE 
 492      D475B6B0 
 492      4337D5
 493 0a64 9DB10924 		.ascii	"\235\261\011$\251t{\230n\017\325\275\222\222{\301S\251"
 493      A9747B98 
 493      6E0FD5BD 
 493      92927BC1 
 493      53A9
 494 0a76 5BA71AF2 		.ascii	"[\247\032\362^\246\333\353|l\012U~\373\230.\271-\366"
 494      5EA6DBEB 
 494      7C6C0A55 
 494      7EFB982E 
 494      B92DF6
 495 0a89 F333E0DF 		.ascii	"\3633\340\337\277\215\221fc\250ay\210)\320\264r\225"
 495      BF8D9166 
 495      63A86179 
 495      8829D0B4 
 495      7295
 496 0a9b 213CCA10 		.ascii	"!<\312\020\022\020j\0105\005\032\242,\221\306\200\260"
 496      12106A08 
 496      35051AA2 
 496      2C91C680 
ARM GAS  /tmp/cckJOWzQ.s 			page 39


 496      B0
 497 0aac 28436074 		.ascii	"(C`t\260\364\350\027\344\266\342\335\277-\\\376\332"
 497      B0F4E817 
 497      E4B6E2DD 
 497      BF2D5CFE 
 497      DA
 498 0abd 6B9C6BB4 		.ascii	"k\234k\264\311l\371\265\277E\033e\372\314\2107T\012"
 498      C96CF9B5 
 498      BF451B65 
 498      FACC8837 
 498      540A
 499 0acf 36466A02 		.ascii	"6Fj\002\243\242\"\346\275\031\020e\\e\374O\264\321l"
 499      A3A222E6 
 499      BD191065 
 499      5C65FC4F 
 499      B4D16C
 500 0ae2 310584AE 		.ascii	"1\005\204\256\242\266\302\307a\226\005oR%\343\032\326"
 500      A2B6C2C7 
 500      6196056F 
 500      5225E31A 
 500      D6
 501 0af3 F5C69A80 		.ascii	"\365\306\232\200\010\2131\362\275w\376*\230\327\254"
 501      088B31F2 
 501      BD77FE2A 
 501      98D7AC
 502 0b02 5BF20470 		.ascii	"[\362\004pB\270\371N]>\343\014\001\306\371\325\343b"
 502      42B8F94E 
 502      5D3EE30C 
 502      01C6F9D5 
 502      E362
 503 0b14 98CC41A1 		.ascii	"\230\314A\241\321k\214\344\331\177:\000\277\230\363"
 503      D16B8CE4 
 503      D97F3A00 
 503      BF98F3
 504 0b23 0E880CFB 		.ascii	"\016\210\014\373x\251qQ\330K\301\021~k\"8]Px\244\305"
 504      78A97151 
 504      D84BC111 
 504      7E6B2238 
 504      5D5078A4 
 505 0b38 B86E51D8 		.ascii	"\270nQ\330b\316\325\377\223H\223\305\030\365$\340\203"
 505      62CED5FF 
 505      934893C5 
 505      18F524E0 
 505      83
 506 0b49 388D7F44 		.ascii	"8\215\177D\264\305%,j-\362\347\037m^k\304\033\276[\023"
 506      B4C5252C 
 506      6A2DF2E7 
 506      1F6D5E6B 
 506      C41BBE5B 
 507 0b5e E5E18FCF 		.ascii	"\345\341\217\317~\021\001\221\026\277\2275\344\3313"
 507      7E110191 
 507      16BF9735 
 507      E4D933
 508 0b6d 302A6065 		.ascii	"0*`e\340G\306 \313\037\315&\2136\314\030\026\024\361"
 508      E047C620 
 508      CB1FCD26 
 508      8B36CC18 
ARM GAS  /tmp/cckJOWzQ.s 			page 40


 508      1614F1
 509 0b80 A926D418 		.ascii	"\251&\324\030\020\354j\016\267\204D\206\177\002\257"
 509      10EC6A0E 
 509      B7844486 
 509      7F02AF
 510 0b8f B8069B17 		.ascii	"\270\006\233\027FE\030\203\260\307l\216\016\015]b\010"
 510      46451883 
 510      B0C76C8E 
 510      0E0D5D62 
 510      08
 511 0ba0 090F331A 		.ascii	"\011\0173\032\"L\026\303\033\253\376`X\261|\271a\335"
 511      224C16C3 
 511      1BABFE60 
 511      58B17CB9 
 511      61DD
 512 0bb2 A79F1930 		.ascii	"\247\237\0310\231E\250a\\d\014\0104\331\223FP&\363Z"
 512      9945A861 
 512      5C640C08 
 512      34D99346 
 512      5026F35A 
 513 0bc6 CC97F88E 		.ascii	"\314\227\370\2162Z\004\014* :\015\301\343B\223\3646"
 513      325A040C 
 513      2A203A0D 
 513      C1E34293 
 513      F436
 514 0bd8 99A32C01 		.ascii	"\231\243,\001\346 \243\177xp0\252\270P\304\377\007\375"
 514      E620A37F 
 514      787030AA 
 514      B850C4FF 
 514      07FD
 515 0bea C512C1   		.ascii	"\305\022\301"
 516              		.text
 517              		.section	.gnu.lto_.symtab.19007ec2eee339df,"e",%progbits
 518 0000 6273614F 		.ascii	"bsaObjectInit\000"
 518      626A6563 
 518      74496E69 
 518      7400
 519 000e 00       		.ascii	"\000"
 520 000f 00       		.ascii	"\000"
 521 0010 00       		.ascii	"\000"
 522 0011 00000000 		.ascii	"\000\000\000\000\000\000\000\000"
 522      00000000 
 523 0019 15010000 		.ascii	"\025\001\000\000"
 524              		.text
 525              		.section	.gnu.lto_.opts,"e",%progbits
 526 0000 272D666E 		.ascii	"'-fno-openmp' '-fno-openacc' '-fno-pie' '-mcpu=cort"
 526      6F2D6F70 
 526      656E6D70 
 526      2720272D 
 526      666E6F2D 
 527 0033 65782D6D 		.ascii	"ex-m4' '-mthumb' '-mfloat-abi=softfp' '-mfpu=fpv5-d"
 527      34272027 
 527      2D6D7468 
 527      756D6227 
 527      20272D6D 
 528 0066 31362720 		.ascii	"16' '-march=armv7e-m+fp.dp' '-O2' '-fstack-usage' '"
 528      272D6D61 
ARM GAS  /tmp/cckJOWzQ.s 			page 41


 528      7263683D 
 528      61726D76 
 528      37652D6D 
 529 0099 2D666675 		.ascii	"-ffunction-sections' '-fdata-sections' '-fno-common"
 529      6E637469 
 529      6F6E2D73 
 529      65637469 
 529      6F6E7327 
 530 00cc 2720272D 		.ascii	"' '-flto' '-fshort-enums'\000"
 530      666C746F 
 530      2720272D 
 530      6673686F 
 530      72742D65 
 531              		.text
 532              		.comm	__gnu_lto_v1,1,1
 533              		.comm	__gnu_lto_slim,1,1
 534              		.ident	"GCC: (GNU Arm Embedded Toolchain 9-2020-q2-update) 9.3.1 20200408 (release)"
ARM GAS  /tmp/cckJOWzQ.s 			page 42


DEFINED SYMBOLS
                            *ABS*:0000000000000000 bufstreams.c
                            *COM*:0000000000000001 __gnu_lto_v1
                            *COM*:0000000000000001 __gnu_lto_slim

NO UNDEFINED SYMBOLS
