ARM GAS  /tmp/ccNSluLq.s 			page 1


   1              		.cpu cortex-m4
   2              		.eabi_attribute 20, 1
   3              		.eabi_attribute 21, 1
   4              		.eabi_attribute 23, 3
   5              		.eabi_attribute 24, 1
   6              		.eabi_attribute 25, 1
   7              		.eabi_attribute 26, 1
   8              		.eabi_attribute 30, 2
   9              		.eabi_attribute 34, 1
  10              		.eabi_attribute 18, 4
  11              		.file	"chrfcu.c"
  12              		.section	.gnu.lto_.profile.941420e5dee3107e,"e",%progbits
  13 0000 789CE360 		.ascii	"x\234\343``\004B \000\000\000]\000\013"
  13      60044220 
  13      0000005D 
  13      000B
  14              		.text
  15              		.section	.gnu.lto_.icf.941420e5dee3107e,"e",%progbits
  16 0000 789CE360 		.ascii	"x\234\343``d\340c@\000&\206\323{\266\277\346g\332;\343"
  16      6064E063 
  16      40002686 
  16      D37BB6BF 
  16      E667DA3B 
  17 0015 F13B1E06 		.ascii	"\361;\036\006\0002\015\006\206"
  17      00320D06 
  17      86
  18              		.text
  19              		.section	.gnu.lto_.jmpfuncs.941420e5dee3107e,"e",%progbits
  20 0000 789CE360 		.ascii	"x\234\343``d\020b@\000&\006FF\306\372\371\314\014LP"
  20      60641062 
  20      40002606 
  20      4646C6FA 
  20      F9CC0C4C 
  21 0015 9A010016 		.ascii	"\232\001\000\026\356\002h"
  21      EE0268
  22              		.text
  23              		.section	.gnu.lto_.inline.941420e5dee3107e,"e",%progbits
  24 0000 789CE360 		.ascii	"x\234\343``d\360`@\000&\006\006\266\206\206\206\003"
  24      6064F060 
  24      40002606 
  24      06B68686 
  24      8603
  25 0012 4CA98C0C 		.ascii	"L\251\214\014L V\003s\012D\250\201)\205\011$\015R\303"
  25      4C205603 
  25      730A44A8 
  25      81298509 
  25      240D52C3 
  26 0026 0152C20C 		.ascii	"\001R\302\014R\302\005Q\214\256\204\001\000o\207\017"
  26      52C20551 
  26      8CAE8401 
  26      006F870F 
  27 0036 B7       		.ascii	"\267"
  28              		.text
  29              		.section	.gnu.lto_.pureconst.941420e5dee3107e,"e",%progbits
  30 0000 789CE360 		.ascii	"x\234\343``d`g```b\230\301\3024\203\005\000\0051\001"
  30      60646067 
  30      60606062 
ARM GAS  /tmp/ccNSluLq.s 			page 2


  30      98C1C234 
  30      83050005 
  31 0016 4D       		.ascii	"M"
  32              		.text
  33              		.section	.gnu.lto_chRFCUCollectFaultsI.941420e5dee3107e,"e",%progbits
  34 0000 789C8D91 		.ascii	"x\234\215\221\317K\033A\024\307\337w\336\272nE\377\000"
  34      CF4B1B41 
  34      14C7DF77 
  34      DEBA6E45 
  34      FF00
  35 0012 11C143C1 		.ascii	"\021\301C\301\212\220\315\237 \010^=x/\264\301b\260"
  35      8A90CD9F 
  35      20085E3D 
  35      782FB4C1 
  35      62B0
  36 0024 B690D8B3 		.ascii	"\266\220\330\263\2235\020\243bA*Z$D\260\251\361d\204"
  36      933510A3 
  36      62412A5A 
  36      2444B0A9 
  36      F16484
  37 0037 82348DBA 		.ascii	"\2024\215\272\376\250\332\322C\361\320C\205\034<\224"
  37      FEA8DAD2 
  37      43F1D043 
  37      851C3C94 
  38 0047 2AA2D71C 		.ascii	"*\242\327\034\304\355\233\215\350I\350\262\263\314\367"
  38      C4ED9B8D 
  38      E849E8B2 
  38      B3CCF7
  39 0056 3BF3DEF7 		.ascii	";\363\336\367\2633\016\201\002\020\271D\324.\003LPZ"
  39      B3330E81 
  39      0210B944 
  39      D42E034C 
  39      505A
  40 0068 EB9EC694 		.ascii	"\353\236\306\224\243\200p\246\035\320\230\302\030\336"
  40      A38070A6 
  40      1DD098C2 
  40      18DE
  41 0076 F23C6337 		.ascii	"\362<c7\363\347\263\352Z\221\025\355\317\327Zu\321G"
  41      F3E7B3EA 
  41      5A9115ED 
  41      CFD75A75 
  41      D147
  42 0088 9E89DECB 		.ascii	"\236\211\336\313\250?(\243K\366U\275\\\255y\206\363"
  42      A83F28A3 
  42      4BF655BD 
  42      5CAD7986 
  42      F3
  43 0099 0C5822DF 		.ascii	"\014X\"\337}\377\364\255\311H\205\016\221\301\307R\326"
  43      7DFFF4AD 
  43      C948850E 
  43      91C1C752 
  43      D6
  44 00aa E16E90CC 		.ascii	"\341n\220\314\263\247\2253\325Y\320\332\323\376\365"
  44      B3A79533 
  44      D559D0DA 
  44      D3FEF5
  45 00b9 07D68FF3 		.ascii	"\007\326\217\363\314\330\004KKT\320\206/h#\022OZo\241"
ARM GAS  /tmp/ccNSluLq.s 			page 3


  45      CCD8044B 
  45      4B54D086 
  45      2F682312 
  45      4F5A6FA1 
  46 00cd 934CC9E9 		.ascii	"\223L\311\351\372\315\\\213m\335\246b\033\266\374\007"
  46      FACD5C8B 
  46      6DDDA662 
  46      1BB6FC07 
  47 00dd D1DA7183 		.ascii	"\321\332q\203\257o\202\214\366/\012X\354\263!e\2262"
  47      AF6F828C 
  47      F62F0A58 
  47      ECB32165 
  47      9632
  48 00ef 1F0BF5DA 		.ascii	"\037\013\365\332)&CnA\373D\323\254\352\"%\342\034^\345"
  48      2926436E 
  48      41FB44D3 
  48      ACEA2225 
  48      E21C5EE5 
  49 0103 2C786A7A 		.ascii	",xjz\345\030\22213~Uu\014qCH\231+\376\010\036\245\341"
  49      E5189231 
  49      337E5575 
  49      0C714348 
  49      992BFE08 
  50 011a A51C7196 		.ascii	"\245\034q\226M\256\230\277N\016~\242\200e9\002\033;"
  50      4DAE98BF 
  50      4E0E7EA2 
  50      80653902 
  50      1B3B
  51 012c 4803BE81 		.ascii	"H\003\276\201\225\225\362\354D\311\216F\362\334\210"
  51      9595F2EC 
  51      44C98E46 
  51      F2DC88
  52 013b 5DD9B110 		.ascii	"]\331\261\020\202\212\237\376\273\372\273\311\370\214"
  52      828A9FFE 
  52      BBFABBC9 
  52      F88C
  53 0149 3D4417D8 		.ascii	"=D\027\330`c\037Q\311\037\237\315\240\036\257\204 \307"
  53      60631F51 
  53      C91F9FCD 
  53      A01EAF84 
  53      20C7
  54 015b 9661AA4E 		.ascii	"\226a\252N\206\336\177\001|}\000\340\340\001\200\303"
  54      86DE7F01 
  54      7C7D00E0 
  54      E00180C3 
  55 016b 3B802344 		.ascii	";\200#D%\225.\341-mL\207\201\341UN1\356O\213\350I$\342"
  55      25952EE1 
  55      2D6D4C87 
  55      81E1554E 
  55      31EE4F8B 
  56 0183 CA3B3C98 		.ascii	"\312;<\230x5\370\322\355\035\212?\217\367\017\270\257"
  56      7835F8D2 
  56      ED1D8A3F 
  56      8FF70FB8 
  56      AF
  57 0194 936E62D4 		.ascii	"\223nb\324M&bnl(\361\"\366&\022#k\344Yr\370\037\256"
  57      4D26626E 
ARM GAS  /tmp/ccNSluLq.s 			page 4


  57      6C28F122 
  57      F6261223 
  57      6BE45972 
  58 01ab 45AB50   		.ascii	"E\253P"
  59              		.text
  60              		.section	.gnu.lto_chRFCUGetAndClearFaultsI.941420e5dee3107e,"e",%progbits
  61 0000 789C8D90 		.ascii	"x\234\215\220Mk\023Q\024\206\317;g2N\203.\\jQ\\Xj\021"
  61      4D6B1351 
  61      1486CF3B 
  61      67324E83 
  61      2E5C6A51 
  62 0018 66E23F10 		.ascii	"f\342?\020\374\001.\\\271\324Pi\255UHt\335\233\017H"
  62      FC012E5C 
  62      B9D45069 
  62      AD554874 
  62      DD9B0F48 
  63 002c 6BB58552 		.ascii	"k\265\205Rm\024b\252\241\325.\324\012\021\261\306\032"
  63      6D1462AA 
  63      A1D52ED4 
  63      0A11B1C6 
  63      1A
  64 003d 3F1ADBA2 		.ascii	"?\032\333\242PD\272P\210\220\225\025?\226v\225x\316"
  64      5044BA50 
  64      88909515 
  64      3F967695 
  64      78CE
  65 004f 4C50B41B 		.ascii	"LP\264\033/3\227{\316}\337s\236{\\\002\215[D\207\210"
  65      2F33977B 
  65      CE7DDF73 
  65      9E7B5C02 
  65      8D5B4487 
  66 0064 688FFC60 		.ascii	"h\217\374`\202e\2149\274-\345Z@p2.h\310\302\020\306"
  66      82658C39 
  66      BC2DE55A 
  66      4070322E 
  66      68C8C210 
  67 0079 798A514F 		.ascii	"y\212QO\0276\267\217qQ\204\266\204\223\253\345\225\250"
  67      1736B78F 
  67      715184B6 
  67      8493ABE5 
  67      95A8
  68 008b 86C03E09 		.ascii	"\206\300>\011\263\3537\036\333=\267\215I\233\352\324"
  68      B3EB371E 
  68      DB3DB78D 
  68      499BEAD4 
  69 009b A25328AF 		.ascii	"\242S(\257\231\216\"[tM\344O\320\211\005t\222.T\320"
  69      998E225B 
  69      744DE44F 
  69      D0890574 
  69      922E54D0 
  70 00af 23F2D6EC 		.ascii	"#\362\326\354\374\210\313\007Ar\036iT6\254\356\231\300"
  70      FC88CB07 
  70      41721E69 
  70      5436ACEE 
  70      99C0
  71 00c1 FA7E96CD 		.ascii	"\372~\226\315~\361\341)\370/\253\326\",\242\233\324"
  71      7EF1E129 
ARM GAS  /tmp/ccNSluLq.s 			page 5


  71      F82FABD6 
  71      222CA29B 
  71      D4
  72 00d2 B2D47C34 		.ascii	"\262\324|4ls,\260\277\375\332H9]\245\300^\273\276\367"
  72      6C732CB0 
  72      BFFDDA48 
  72      395DA5C0 
  72      5EBBBEF7 
  73 00e6 66C62C1B 		.ascii	"f\306,\033[K<\373\247\204.\3217\0364\257\354plT\321"
  73      5B4B3CFB 
  73      A7842ED1 
  73      371E34AF 
  73      EC706C54 
  74 00fb A574CAF4 		.ascii	"\245t\312\364\034\216\214\203\240\271\373\357\"U\323"
  74      1C8E8C83 
  74      A0B9FBEF 
  74      2255D3
  75 010a 6CE54CB5 		.ascii	"l\345L\265\271k\263\374i\247\314\240\310\322\\6\326"
  75      B96BB3FC 
  75      69A7CCA0 
  75      C8D25C36 
  75      D6
  76 011b 2D02A510 		.ascii	"-\002\245\020\275\372i\224IFel\230*\321%\266\302 %\301"
  76      BDFA6994 
  76      4946656C 
  76      982AD125 
  76      B6C22025 
  77 0130 17A42B1B 		.ascii	"\027\244+\033w3Q-^`H\343\261\314\217\272\253\023\263"
  77      7733512D 
  77      5E6048E3 
  77      B1CC8FBA 
  77      AB13B3
  78 0143 03EEC29D 		.ascii	"\003\356\302\2357\255\216,\322)W2%\016\341\326?\326"
  78      37AD8E2C 
  78      D2295732 
  78      250EE1D6 
  78      3FD6
  79 0155 D6308312 		.ascii	"\3260\203\022\212\322\350%\262\300\013E\227\233\205"
  79      8AD2E825 
  79      B2C00B45 
  79      979B85
  80 0164 89E17927 		.ascii	"\211\341y'vO\033L\237.\262\203W\242\313s\373Q\331\317"
  80      764F1B4C 
  80      9F2EB283 
  80      57A2CB73 
  80      FB51D9CF 
  81 0178 731FA2ED 		.ascii	"s\037\242\355\333[\320\327/!\226g\350\353j\210\011M"
  81      DB5BD0D7 
  81      2F219667 
  81      E8EB6A88 
  81      094D
  82 018a E66AEE78 		.ascii	"\346j\356x\310\2428\005\216(a>\367\355a\031a\332\222"
  82      C8A23805 
  82      8E28613E 
  82      F7ED6119 
  82      61DA92
  83 019d 9B503717 		.ascii	"\233P7\027\0113\034\010-\025\326/\006\252\377\302~\275"
ARM GAS  /tmp/ccNSluLq.s 			page 6


  83      09331C08 
  83      2D15D62F 
  83      06AAFFC2 
  83      7EBD
  84 01af 15DB53E0 		.ascii	"\025\333S\340\345\255\300\236\222\256\374&]EL\272\322"
  84      E5ADC09E 
  84      92AEFC26 
  84      5D454CBA 
  84      D2
  85 01c0 77A4A77F 		.ascii	"w\244\247\177^\336\335\246U\303(\343\317\230\211\016"
  85      5EDEDDA6 
  85      55C328E3 
  85      CF98890E 
  86 01d0 789E2FDF 		.ascii	"x\236/\337@o\342l\357\031\377H_\377\311\376\243\307"
  86      406FE26C 
  86      EF19FF48 
  86      5FFFC9FE 
  86      A3C7
  87 01e2 FC73493F 		.ascii	"\374sI?q\336O&\342~\274/q*~\301\213\223=x\"9\200\301"
  87      71DE4F26 
  87      E27EBC2F 
  87      712A7EC1 
  87      8B933D78 
  88 01fa 5F13CBDA 		.ascii	"_\023\313\332x"
  88      78
  89              		.text
  90              		.section	.gnu.lto_.symbol_nodes.941420e5dee3107e,"e",%progbits
  91 0000 789CE360 		.ascii	"x\234\343``dp`\000\002\246^\246z\206\006 `a\234p\216"
  91      60647060 
  91      0002A65E 
  91      A67A8606 
  91      2060619C 
  92 0016 81A19E81 		.ascii	"\201\241\236\201aW\203#P\022\010X\373\231\030\024@J"
  92      61578323 
  92      50120858 
  92      FB991814 
  92      404A
  93 0028 FA98EA19 		.ascii	"\372\230\352\031\261+a\000\000\361)\015\336"
  93      B12B6100 
  93      00F1290D 
  93      DE
  94              		.text
  95              		.section	.gnu.lto_.refs.941420e5dee3107e,"e",%progbits
  96 0000 789CE360 		.ascii	"x\234\343``d\020d```b``\004\002f&&0\315\312\000\000"
  96      60641064 
  96      60606062 
  96      60600402 
  96      66262630 
  97 0018 030D0031 		.ascii	"\003\015\0001"
  98              		.text
  99              		.section	.gnu.lto_.decls.941420e5dee3107e,"e",%progbits
 100 0000 789CB55A 		.ascii	"x\234\265ZyP\024Y\232\257\227\257\212:(\240\007\354"
 100      79501459 
 100      9AAF97AF 
 100      8A3A28A0 
 100      07EC
 101 0012 69B79DD8 		.ascii	"i\267\235\330\350\235\240\243\215\235\265q\242'\266"
ARM GAS  /tmp/ccNSluLq.s 			page 7


 101      E89DA0A3 
 101      8D9DB571 
 101      A227B6
 102 0021 A7376637 		.ascii	"\2477f7b\242wgfc\242w#fc6\266'v\243\006\213Rj\232\002"
 102      62A27767 
 102      6663A277 
 102      23666336 
 102      B62776A3 
 103 003b A62AF188 		.ascii	"\246*\361\210\330\210N\016Q\024\001\005\225S\021\361"
 103      D8884E0E 
 103      51140105 
 103      955311F1 
 104 004b 96AB4550 		.ascii	"\226\253EP\360\000\241En\344TP\356C\360@Q\020\020a\277"
 104      F000A145 
 104      6EE45450 
 104      EE43F040 
 104      51101061 
 105 0060 97EF1564 		.ascii	"\227\357\025d\221Y\352\374\261e\177\225\371e\376\276"
 105      9159EAFC 
 105      B1657F95 
 105      F965FEBE 
 106 0070 E37DEFFB 		.ascii	"\343}\357\373\336\373^\321:\025R\315}\254R=\327\250"
 106      DEFB5ED1 
 106      3A1552CD 
 106      7DAC523D 
 106      D7A8
 107 0082 542D2A95 		.ascii	"T-*\225j\011>\030\256\267\201\020P\245\212~8\240Z\240"
 107      6A093E18 
 107      AEB78110 
 107      50A58A7E 
 107      38A05AA0 
 108 0096 46F67C14 		.ascii	"F\366|\024\251\\>\311\300\353\340\032\014\344\013\264"
 108      A95C3EC9 
 108      C0EBE01A 
 108      0CE40BB4 
 109 00a6 86C97E02 		.ascii	"\206\311~\0024\006\357F\200r\020\325\323\007\327\243"
 109      3406EF46 
 109      807210D5 
 109      D307D7A3 
 110 00b6 88EAA975 		.ascii	"\210\352\251u\243/\003x\355_\250\313\235o\2071\272\022"
 110      A32F0378 
 110      ED5FA8CB 
 110      9D6F8731 
 110      BA12
 111 00c8 FBFA9A36 		.ascii	"\373\372\2326\001\243O\014\210\214\320\007\036\325L"
 111      01A34F0C 
 111      888CD007 
 111      1ED54C
 112 00d7 3E6E47F4 		.ascii	">nG\364\021Ad,f\236B\230\023\357{;\242\207p@\236@?\272"
 112      1141642C 
 112      669E4298 
 112      13EF7B3B 
 112      A2877040 
 113 00ef 3FA8D015 		.ascii	"?\250\320\025\204W\224\335M\256\275\355\211?\243\320"
 113      845794DD 
 113      4DAEBDED 
 113      893FA3D0 
ARM GAS  /tmp/ccNSluLq.s 			page 8


 114 00ff A8AC5923 		.ascii	"\250\254Y#h\3615 5\260)u\305\265\006`\327\030\320G\304"
 114      68F13520 
 114      35B02975 
 114      C5B50660 
 114      D718D047 
 115 0114 ECC3834F 		.ascii	"\354\303\203O4\206\335\202\020%dG\013\372\337\250P\005"
 115      3486DD82 
 115      10256447 
 115      0BFADFA8 
 115      5005
 116 0126 5A87AEA3 		.ascii	"Z\207\256\243u*t\015\211\246\257\242\000T\016\317\312"
 116      752A740D 
 116      89A6AFA2 
 116      00540ECF 
 116      CA
 117 0137 C8B34A64 		.ascii	"\310\263Jd\000\241c\367\373\257\353\007P\037\"\343C"
 117      00A163F7 
 117      FBAFEB07 
 117      501F22E3 
 117      43
 118 0148 E85BA422 		.ascii	"\350[\244\"\377\310\2278.\361\212\310=\241%\347\007"
 118      FFC89738 
 118      2EF18AC8 
 118      3DA125E7 
 118      07
 119 0159 910FC3A9 		.ascii	"\221\017\303\251X@\234\317\350\305\371E\237qL\013\307"
 119      58409CCF 
 119      E8C5F945 
 119      9F714C0B 
 119      C7
 120 016a C685A80C 		.ascii	"\306\205\250\014\325.\262\022\325\364=b\357\235J\250"
 120      D52EB212 
 120      D5F43D62 
 120      EF9D4AA8 
 121 017a 00F56A45 		.ascii	"\000\365jE\220=\342\2309\251\004\222y\274\242P\265\254"
 121      903DE298 
 121      39A90492 
 121      79BCA250 
 121      B5AC
 122 018c D4F941CB 		.ascii	"\324\371A\313\001\217\275[\373\277\203\250?\022&#\273"
 122      018FBD5B 
 122      FBBF83A8 
 122      3F122623 
 122      BB
 123 019d E8B4970A 		.ascii	"\350\264\227\012\275\227\364\221J\014\377\245\204\275"
 123      BD97F491 
 123      4A0CFFA5 
 123      84BD
 124 01ab A735F87F 		.ascii	"\2475\370\177\304\373\205{\302\250Q\015\343!qD\021j"
 124      C4FB857B 
 124      C2A8510D 
 124      E3217144 
 124      116A
 125 01bd 51F2FBA4 		.ascii	"Q\362\373\244r/:=\034\011mGK\024\242\323\363\036\260"
 125      722F3A3D 
 125      1C096D47 
 125      4B14A2D3 
ARM GAS  /tmp/ccNSluLq.s 			page 9


 125      F31EB0
 126 01d0 3B176AC7 		.ascii	";\027j\307\275?8H&9)Zx\217C\301?D50\0317a2T\350\026"
 126      BD3F3848 
 126      2639295A 
 126      788F43C1 
 126      3F443530 
 127 01eb FA4085BE 		.ascii	"\372@\205\276Gj\352C\311\203\251[\350\307\331B\177\277"
 127      476AEA43 
 127      C983A95B 
 127      E8C7D942 
 127      7FBF
 128 01fd 50D17564 		.ascii	"P\321ud\343X\261 \354\00495\201\241j\230L\230I\321k"
 128      E358B120 
 128      EC043935 
 128      81A16A98 
 128      4C9849D1 
 129 0212 B857A12A 		.ascii	"\270W\241*4\210\320\0154@\006X\213~\014\362/\343.\264"
 129      3488D00D 
 129      34400658 
 129      8B7E0CF2 
 129      2FE32EB4 
 130 0226 639C81DC 		.ascii	"c\234\201\334\272\332U\226\225f\224:C^\255x\323@\274"
 130      BADA5596 
 130      9566943A 
 130      435EAD78 
 130      D340BC
 131 0239 A9777AB3 		.ascii	"\251wz\263sl\274\324\310\274YL\373\360X\264p\032\344"
 131      736CBCD4 
 131      C8BC594C 
 131      FBF058B4 
 131      701AE4
 132 024c 3E222854 		.ascii	">\"(T'q\246n\2653\215\2423\203BB\205\021\027Sg\032\026"
 132      2771A66E 
 132      B5338DA2 
 132      33834242 
 132      85111753 
 133 0263 2AAFB114 		.ascii	"*\257\261\024\356G\300\037\032\257\253\364\244A\022"
 133      EE47C01F 
 133      1AAFABF4 
 133      A44112
 134 0272 BC89ADCE 		.ascii	"\274\211\255\316\276X=}\177\232\274\277\235\334\335"
 134      BE583D7D 
 134      7F9ABCBF 
 134      9DDCDD
 135 0281 C7F89F03 		.ascii	"\307\370\237\003\333r<e\227\226\302+0\360\343\217\216"
 135      DB723C65 
 135      9796C22B 
 135      30F0E38F 
 135      8E
 136 0292 DEF7A6AF 		.ascii	"\336\367\246\257S\011\374\314tB\206\201\362F`\313:\352"
 136      5309FCCC 
 136      74428681 
 136      F24660CB 
 136      3AEA
 137 02a4 73BC29BC 		.ascii	"s\274)\274\237X\237\034\210\316\365\301\227\250+\327"
 137      9F589F1C 
 137      88CEF5C1 
ARM GAS  /tmp/ccNSluLq.s 			page 10


 137      97A82BD7 
 138 02b4 970E5D57 		.ascii	"\227\016]WS\254\016\330\327e\031\015\006|\205\276\233"
 138      53AC0ED8 
 138      D765190D 
 138      067C85BE 
 138      9B
 139 02c5 AECC6C21 		.ascii	"\256\314l!\357<h\011k\341Q\347\341\232\317\351\023\022"
 139      EF3C6809 
 139      6BE151E7 
 139      E19ACFE9 
 139      1312
 140 02d7 B5EDF064 		.ascii	"\265\355\360d@x\225f\304\325T\342\331\205\374\263\336"
 140      40789566 
 140      C4D554E2 
 140      D985FCB3 
 140      DE
 141 02e8 A4FA0459 		.ascii	"\244\372\004Y\365\335C\242\030\251\276\036x\326\015"
 141      F5DD43A2 
 141      18A9BE1E 
 141      78D60D
 142 02f7 CF40A030 		.ascii	"\317@\2400)2\022\343:*\3351{u\336\210\333E\006G\356"
 142      293212E3 
 142      3A2ADD31 
 142      7B75DE88 
 142      DB450647 
 143 030c 99BF8B91 		.ascii	"\231\277\213\221a\035\0020\022\353Y8.\340\265*\364\331"
 143      611D0230 
 143      12EB5938 
 143      2EE0B52A 
 143      F4D9
 144 031e 3AB411F4 		.ascii	":\264\021\364\365\201\276~dPA\220\327A\264\327\251\322"
 144      F581BE7E 
 144      64504190 
 144      D741B4D7 
 144      A9D2
 145 0330 049DF820 		.ascii	"\004\235\370 M\000\364\323o\305{P\272{x\372\252\247"
 145      4D00F4D3 
 145      6FC57B50 
 145      BA7B78FA 
 145      AAA7
 146 0342 81298879 		.ascii	"\201)\210y\223\002\000\367?\271\221\204\215{\226W\017"
 146      930200F7 
 146      3FB99184 
 146      8D7B9657 
 146      0F
 147 0353 340419E1 		.ascii	"4\004\031\341\034\202\012\015##M\206\356\313\245\377"
 147      1C820A0D 
 147      23234D86 
 147      EECBA5FF 
 148 0363 4260D16F 		.ascii	"B`\321o\206e\327\357n\322\343\273l\322\217\315%\372"
 148      8665D7EF 
 148      6ED2E3BB 
 148      6CD28FCD 
 148      25FA
 149 0375 E0719151 		.ascii	"\340q\221Q?\032\270\232\240C\376\376\376~9$X\025\035"
 149      3F1AB89A 
 149      A043FEFE 
ARM GAS  /tmp/ccNSluLq.s 			page 11


 149      FE7E3924 
 149      58151D
 150 0388 D7FC8F47 		.ascii	"\327\374\217G\013\267\376\210\356\203\2461\360\354!"
 150      0BB7FE88 
 150      EE83A631 
 150      F0EC21
 151 0397 F29368BC 		.ascii	"\362\223h\274#~\377\024\276(\274\373\257\322\205\212"
 151      237EFF14 
 151      BE28BCFB 
 151      AFD2858A 
 152 03a7 180F117D 		.ascii	"\030\017\021}W\206\016 _\025HD\307D\013\0253\251ksE"
 152      57860E20 
 152      5F154844 
 152      C7440B15 
 152      33A96B73 
 153 03bc E523C888 		.ascii	"\345#\310\210z\225\341D\367~\261\022\200 \347Q'\274"
 153      7A95E144 
 153      F77EB112 
 153      8020E751 
 153      27BC
 154 03ce EF201337 		.ascii	"\357 \0237\312\004\310\314M \1774\016\364\000\371\263"
 154      CA04C8CC 
 154      4D207F34 
 154      0EF400F9 
 154      B3
 155 03df 8562206E 		.ascii	"\205b n\272@\215\263\351*\336\366\262,\337\340\247\254"
 155      BA408DB3 
 155      E92ADEF6 
 155      B22CDFE0 
 155      A7AC
 156 03f1 E6D11BD5 		.ascii	"\346\321\033\3258s\324\227\345\350\355\342+):V\021\036"
 156      3873D497 
 156      E5E8EDE2 
 156      2B293A56 
 156      111E
 157 0403 A442461B 		.ascii	"\244BF\033\247\364\270\200\232\251\317h\211d\371}\213"
 157      A7F4B880 
 157      9AA9CF68 
 157      8964F97D 
 157      8B
 158 0414 F07925F1 		.ascii	"\360y%\361\031Z\312\257\005\266\256e\352\251\221\225"
 158      195ACAAF 
 158      05B6AE65 
 158      EAA99195 
 159 0424 07298783 		.ascii	"\007)\207\203g+\027X\265U\020x{K\357\011\214\313\250"
 159      672B1758 
 159      B5551078 
 159      7B4BEF09 
 159      8CCBA8
 160 0437 2E21E5D5 		.ascii	".!\345\325Q/\\E\231\222\227\003\335z\345\315cF\276y"
 160      512F5C45 
 160      99929703 
 160      DD7AE5CD 
 160      6346BE79 
 161 044b 80C0BD0B 		.ascii	"\200\300\275\013\373\252t\270\236J/\234h\276\243\303"
 161      FBAA74B8 
 161      9E4A2F9C 
ARM GAS  /tmp/ccNSluLq.s 			page 12


 161      68BEA3C3 
 162 045b 6D94197E 		.ascii	"m\224\031~~\376\205\017\015\005\371\260\215d\016\264"
 162      7EFE850F 
 162      0D05F9B0 
 162      8D640EB4 
 163 046b CCD320B0 		.ascii	"\314\323 \260\201\237\257\313O1H3n\336en^9S)z8k\300"
 163      819FAFCB 
 163      4F314833 
 163      6EDE656E 
 163      5E395329 
 164 0483 1BDFA3CA 		.ascii	"\033\337\243\312o&\306\304\033\360\010e\356>?y\311S"
 164      6F26C6C4 
 164      1BF00865 
 164      EE3E3F79 
 164      C953
 165 0495 D9E9D78A 		.ascii	"\331\351\327\212N\017.-\376\011?\243\302\317\036\027"
 165      4E0F2E2D 
 165      FE093FA3 
 165      C2CF1E17 
 166 04a5 35FAE039 		.ascii	"5\372\3409\312$\335\233\273\342\211#\261\310T\347\316"
 166      CA24DD9B 
 166      BBE28923 
 166      B1C854E7 
 166      CE
 167 04b6 4E60D900 		.ascii	"N`\331\000\004\016\243(N:\200\253\023\003\373\2648\226"
 167      040EA328 
 167      4E3A80AB 
 167      1303FBB4 
 167      3896
 168 04c8 0A9D297C 		.ascii	"\012\235)|\221\254\225\011E\313\204\316\235,\207\\\224"
 168      91AC9509 
 168      45CB84CE 
 168      9D2C875C 
 168      94
 169 04d9 8C3A8693 		.ascii	"\214:\206\223\216z'GG\315\035\350\333sF\203\374\374"
 169      8E7A2747 
 169      47CD1DE8 
 169      DB734683 
 169      FCFC
 170 04eb F7B31545 		.ascii	"\367\263\025EL\251\345\341\021gb\251^\264\213\023S)"
 170      4CA9E5E1 
 170      116762A9 
 170      5EB48B13 
 170      5329
 171 04fd 87A8ACA8 		.ascii	"\207\250\254\250\231\360?U\023+$U\"\242\012E2\234B\312"
 171      99F03F55 
 171      132B2455 
 171      22A20A45 
 171      329C42CA 
 172 0511 135F5EEC 		.ascii	"\023_^\354\357\367\362S\266\020-\267\000\022U\245=\343"
 172      EFF7F253 
 172      B6102DB7 
 172      001255A5 
 172      3DE3
 173 0523 1C4DA88D 		.ascii	"\034M\250\215\300\236\236\350[\300\370\032\215\300\300"
 173      C09E9EE8 
 173      5BC0F81A 
ARM GAS  /tmp/ccNSluLq.s 			page 13


 173      8DC0C0
 174 0532 BD9A426F 		.ascii	"\275\232Bo\\A\231\362\227\031\345>\270\2062\215CKS\006"
 174      5C4199F2 
 174      9719E53E 
 174      B886328D 
 174      434B5306 
 175 0546 DC4499BD 		.ascii	"\334D\231\275\007\037\237\364\306\035,\324#mI\032Y\324"
 175      071F9FF4 
 175      C61D2CD4 
 175      236D491A 
 175      59D4
 176 0558 12C076A2 		.ascii	"\022\300v\242K\324j\262[\323\214\322\250%\272\014*\211"
 176      4BD46AB2 
 176      5BD38CD2 
 176      A825BA0C 
 176      2A89
 177 056a 450DDD6C 		.ascii	"E\015\335l\316~\256\303\203T\371\303\321s\235\034~@"
 177      CE7EAEC3 
 177      8354F9C3 
 177      D1739D1C 
 177      7E40
 178 057c 99985D69 		.ascii	"\231\230]i\265\234\314\322\001\260\224\354b\351\302"
 178      B59CCCD2 
 178      01B094EC 
 178      62E9C2
 179 058b D299588C 		.ascii	"\322\231X\214\247\230\320\364\321\031\271{)2\241C\347"
 179      A798D0F4 
 179      D119B97B 
 179      2932A143 
 179      E7
 180 059c 1AB37452 		.ascii	"\032\263tR\367\016\272\270w\310\351\336\345\375\007"
 180      F70EBAB8 
 180      77C8E9DE 
 180      E5FD07
 181 05ab 1EEBF02B 		.ascii	"\036\353\360+\252|\270\271\270\322\303\235\020:\014"
 181      AA7CB8B9 
 181      B8D2C39D 
 181      103A0C
 182 05ba 4696E59E 		.ascii	"F\226\345\236\304g7\251\245\320T\230\333\025\375iN\\"
 182      C46737A9 
 182      A5D05498 
 182      DB15FD69 
 182      4E5C
 183 05cc 6FEADE72 		.ascii	"o\352\336rO\234\240\026\365_K\234\272\244\307\007)\323"
 183      4F9CA016 
 183      F55F4B9C 
 183      BAA4C707 
 183      29D3
 184 05de 15DFD6E3 		.ascii	"\025\337\326\343\201\217Pf>m\241\310Sy\257\312\344\224"
 184      818F5066 
 184      3E6DA1C8 
 184      5379AFCA 
 184      E494
 185 05f0 F6AA5DB3 		.ascii	"\366\252]\263\203\205>8W\224\326=<Z\220\203\311\002"
 185      83853E38 
 185      5794D63D 
 185      3C5A9083 
ARM GAS  /tmp/ccNSluLq.s 			page 14


 185      C902
 186 0602 4E3E6BE8 		.ascii	"N>k\350\252\334\267\017\247\2379\260O\310\216\302(\213"
 186      AADCB70F 
 186      A79F39B0 
 186      4FC88EC2 
 186      288B
 187 0614 33A00C50 		.ascii	"3\240\014Ps\222[\243\224wl\031\377\015]\306\011\370"
 187      73925BA3 
 187      94776C19 
 187      FF0D5DC6 
 187      09F8
 188 0626 C81BC190 		.ascii	"\310\033\301\220\324Muk\350*\276\305\210\322\337\006"
 188      D44D756B 
 188      E82ABEC5 
 188      88D2DF06 
 189 0636 5E6CF2A5 		.ascii	"^l\362\245\340E\330!\366\276\015=\323\300TC\012\241"
 189      E045D821 
 189      F6BE0D3D 
 189      D3C05443 
 189      0AA1
 190 0648 7D6F43DF 		.ascii	"}oC\337\370-\365\032\002\216\366\277\015<\377\025\005"
 190      F82DF51A 
 190      028EF6BF 
 190      0D3CFF15 
 190      05
 191 0659 C34286E2 		.ascii	"\303B\206\342\335\203\017(\225\237JD\223Y\310\346\374"
 191      DD830F28 
 191      959F4A44 
 191      9359C8E6 
 191      FC
 192 066a D151A063 		.ascii	"\321Q\240c@\271@\307\201N\000\345,\327\344duC\242\027"
 192      40B940C7 
 192      814E00E5 
 192      2CD7E464 
 192      7543A217 
 193 067e EEA1533B 		.ascii	"\356\241S;\222\363\350}Z\237\353\201\2733\277\177\257"
 193      92F3E87D 
 193      5A9FEB81 
 193      BB33BF7F 
 193      AF
 194 068f 010FD157 		.ascii	"\001\017\321Wcg\313\013<\360#\3128\013y\015-d\347Q\302"
 194      6367CB0B 
 194      3CF023CA 
 194      380B790D 
 194      2D64E751 
 195 06a4 971E2526 		.ascii	"\227\036%&\242+\006\324\3709\205V\364\357\233\303\360"
 195      A22B06D4 
 195      F8398556 
 195      F4EF9BC3 
 195      F0
 196 06b5 EE47D00B 		.ascii	"\356G\320\013!\311Y\346G\364,\023\225\334v^\217g)v0"
 196      21C959E6 
 196      47F42C13 
 196      95DC765E 
 196      8F672976 
 197 06ca E6E85706 		.ascii	"\346\350W\006\205\226\245\220\023\361d@\005\334:\224"
 197      8596A590 
ARM GAS  /tmp/ccNSluLq.s 			page 15


 197      13F16440 
 197      05DC3A94 
 198 06da CFAD9338 		.ascii	"\317\255\2238\273\206:{0}t-\0264t\221\210_,\3008V\303"
 198      BB863A7B 
 198      307D742D 
 198      16347491 
 198      885F2CC0 
 199 06f1 96F963F7 		.ascii	"\226\371c\367\214JZ\213\025\265\336\317\232|\256\306"
 199      8C4A5A8B 
 199      15B5DECF 
 199      9A7CAEC6 
 200 0701 095436B7 		.ascii	"\011T6\267\252\340\266\026\247P\246\266$/]\257\244\250"
 200      AAE0B616 
 200      A750A6B6 
 200      242F5DAF 
 200      A4A8
 201 0713 5451D17C 		.ascii	"TQ\321|J\352g8\213\212\236\237\234.'\033\355z\003\372"
 201      4AEA6738 
 201      8B8A9E9F 
 201      9C2E271B 
 201      ED7A03FA 
 202 0727 561283F5 		.ascii	"V\022\203\3654\006\275\005=\325j\234K\241\316Mw\015"
 202      3406BD05 
 202      3DD56A9C 
 202      4BA1CE4D 
 202      770D
 203 0739 DB749B1E 		.ascii	"\333t\233\036\357<\300v\251\302h\341\007\221?U\241\253"
 203      EF3CC076 
 203      A9C268E1 
 203      07913F55 
 203      A1AB
 204 074b 60843436 		.ascii	"`\20446\350\012'\352\020\267)xVF\015w\217v\236\365\224"
 204      E80A27EA 
 204      10B72978 
 204      56460D77 
 204      8F769EF5 
 205 0760 96FB354E 		.ascii	"\226\3735N\332d]w\226{\324`I'\302\005\324\354\271\227"
 205      DA645D77 
 205      967BD460 
 205      4927C205 
 205      D4ECB997 
 206 0774 31177D70 		.ascii	"1\027}p1e\216\347\314F\251q\031\363\275$>W-[\305n\200"
 206      31658EE7 
 206      CC46A971 
 206      19F3BD24 
 206      3E572D5B 
 207 078b E92A9755 		.ascii	"\351*\227U\354\321\320\364\224\016\327R\241\354\252"
 207      ECD1D0F4 
 207      940ED752 
 207      A1ECAA
 208 079a F226F926 		.ascii	"\362&\371&X-\023\252\333U\372L+\365\365{\227\245\357"
 208      582D13AA 
 208      DB55FA4C 
 208      2BF5F57B 
 208      97A5EF
 209 07ad A6D357E7 		.ascii	"\246\323W\347i\310\227\236\206\032\026\2732\021\356"
 209      69C8979E 
ARM GAS  /tmp/ccNSluLq.s 			page 16


 209      861A16BB 
 209      3211EE
 210 07bc A2B69AEB 		.ascii	"\242\266\232\353\007-\270\227\336\017\276\310;%_\247"
 210      072DB897 
 210      DE0FBEC8 
 210      3B255FA7 
 211 07cc 6BC16E9D 		.ascii	"k\301n\235"
 212 07d0 8BDDA9E6 		.ascii	"\213\335\251\346\303\233\361\030\225I\256\213{h\220"
 212      C39BF118 
 212      9549AE8B 
 212      7B6890
 213 07df C9D4CB64 		.ascii	"\311\324\313dZSo} u\265\301\305\325F\247\253\3317\006"
 213      5A536F7D 
 213      2075B5C1 
 213      C5D546A7 
 213      ABD93706 
 214 07f3 36E02951 		.ascii	"6\340)Q5\216~5\372\237\260\013\373\273tv\313\323G\334"
 214      358E7E35 
 214      FA9FB00B 
 214      FBBB7476 
 214      CBD347DC 
 215 0807 6A669BE4 		.ascii	"jf\233\344m(\312\026\327\255\370\027\251/\036\010\302"
 215      6D28CA16 
 215      D7ADF817 
 215      A92F1E08 
 215      C2
 216 0818 81B54435 		.ascii	"\201\265D5jbX\345f\225\010L\255\245\013F#\333\270\025"
 216      6A6258E5 
 216      6695084C 
 216      ADA50B46 
 216      23DBB815 
 217 082c D06CE33E 		.ascii	"\320l\343>\230\234:\202\375\224}\252W\366\011\244fS"
 217      989C3A82 
 217      FD947DAA 
 217      57F609A4 
 217      6653
 218 083e 6B73BDF0 		.ascii	"ks\275\360K\032\263\003\347[\272<\360+\226;K\317\023"
 218      4B1AB303 
 218      E75BBA3C 
 218      F02B963B 
 218      4BCF13
 219 0851 8D789132 		.ascii	"\215x\2212q\223\017?\224\005\263\003\264v\272\004\363"
 219      71930F3F 
 219      9405B303 
 219      B476BA04 
 219      F3
 220 0862 F4447594 		.ascii	"\364Du\224^\032\315N\027w\273\226\367\244+9/\275\360"
 220      5E1ACD4E 
 220      1777BB96 
 220      F7A42B39 
 220      2FBDF0
 221 0875 1E0FA29B 		.ascii	"\036\017\242\233\273\3222\376\204s\333\325\334\001#"
 221      BBD232FE 
 221      8473DBD5 
 221      DC0123
 222 0884 7799EBDD 		.ascii	"w\231\353\335\322P\276\252\303\031E4\224\240\027\265"
 222      D250BEAA 
ARM GAS  /tmp/ccNSluLq.s 			page 17


 222      C3194534 
 222      94A017B5 
 223 0894 339C7270 		.ascii	"3\234rp\252\236\327wiq\223\007]H:\237\264\033q+e\252"
 223      AA9ED777 
 223      69719307 
 223      5D483A9F 
 223      B41B712B 
 224 08aa 178A4EE8 		.ascii	"\027\212N\350\360]\312d\\}$\310\033\266\373\240\272"
 224      F05DCA64 
 224      5C7D24C8 
 224      1BB6FBA0 
 224      BA
 225 08bb D7659CB1 		.ascii	"\327e\234\261'O\305\351\361C*4z\366\346#$\023\352\223"
 225      274FC5E9 
 225      F1432A34 
 225      7AF6E623 
 225      2413EA93 
 226 08cf 098DB4BC 		.ascii	"\011\215\264\274\256w\251\340~\027w\007\234\3019\027"
 226      AE77A9E0 
 226      7E177707 
 226      9CC13917 
 227 08df 35F618E3 		.ascii	"5\366\030\343%Q\271\272\344t\317\2147I6\177\345s\004"
 227      2551B9BA 
 227      E474CF8C 
 227      3749367F 
 227      E57304
 228 08f2 F16D8885 		.ascii	"\361m\210\205g\024fv\030hD\032\246\252\211_\244\027"
 228      67146676 
 228      1868441A 
 228      A6AA895F 
 228      A417
 229 0904 0B429C91 		.ascii	"\013B\234\221\030\020\023n\350\215\011w3\303\227\036"
 229      1810136E 
 229      E88D0977 
 229      33C3971E 
 230 0914 BD5EC256 		.ascii	"\275^\302V9(\203\273\034\275\310^\231\276\206\302\007"
 230      392883BB 
 230      1CBDC85E 
 230      99BE86C2 
 230      07
 231 0925 58822A68 		.ascii	"X\202*hgs\360z\351\374\214\227\233\343P\237\373a\220"
 231      6773F07A 
 231      E9FC8C97 
 231      9BE3509F 
 231      FB6190
 232 0938 4537F9F2 		.ascii	"E7\371\362EO\034\243\025\303}\252#r\230\303{DF\335{"
 232      454F1CA3 
 232      15C37DAA 
 232      237298C3 
 232      7B4446DD 
 233 094d AEF5B11E 		.ascii	"\256\365\261\036\271\364\034\015'X\317\261\033\364\215"
 233      B9F41C0D 
 233      2758CFB1 
 233      1BF48D
 234 095c 83DEC76F 		.ascii	"\203\336\307o\3529nl\210\024\353\253\025\300\017\030"
 234      EA396E6C 
 234      8814EBAB 
ARM GAS  /tmp/ccNSluLq.s 			page 18


 234      15C00F18 
 235 096c D8593632 		.ascii	"\330Y62\360 \003\217\001\370\036\003;\207\260z\367^"
 235      F020038F 
 235      01F81E03 
 235      3B87B07A 
 235      F75E
 236 097e 3D441555 		.ascii	"=D\025UM\216{0\266\207@\217\226\307\267\347\\v\253\036"
 236      4D8E7B30 
 236      B687408F 
 236      96C7B7E7 
 236      5C76AB1E 
 237 0992 27D2F1BD 		.ascii	"'\322\361\275\026R\016y\343\203\224iN\353O\360\302\207"
 237      16520E79 
 237      E3839469 
 237      4EEB4FF0 
 237      C287
 238 09a4 291373E2 		.ascii	")\023s\342\322,R>\332<\345\224\2166\221\231mC\034>B"
 238      D22C523E 
 238      DA3CE594 
 238      8E369199 
 238      6D431C3E 
 239 09b9 A5C7F3DA 		.ascii	"\245\307\363\332\3320>N\231\305S\325\221\036\312\252"
 239      DA303E4E 
 239      99C553D5 
 239      911ECAAA 
 240 09c9 9E2BAACA 		.ascii	"\236+\252\312\212>\\\210\3619*\375\364\306\3228\306"
 240      8A3E5C88 
 240      F1392AFD 
 240      F4C6D238 
 240      C6
 241 09da 459449EA 		.ascii	"E\224I\352i\2362\342\022\312d\345\344\376\027\256\244"
 241      699E32E2 
 241      12CA64E5 
 241      E4FE17AE 
 241      A4
 242 09eb F72D3D91 		.ascii	"\367-=\221\251\336n\366\270Y\245=\316c\361PV\021'v\221"
 242      A9DE6EF6 
 242      B859A53D 
 242      CE63F150 
 242      56112776 
 243 0a00 7EFE34BD 		.ascii	"~\3764\275\272\346\360\371\343M0\237\361\033\321\034"
 243      BAE6F0F9 
 243      E34D309F 
 243      F11BD11C 
 244 0a10 6C782F41 		.ascii	"lx/An\221\344\311\362\024\325p\253\332\261\017\351\202"
 244      6E91E4C9 
 244      F214D570 
 244      ABDAB10F 
 244      E982
 245 0a22 F902D033 		.ascii	"\371\002\3203\014\355\266\035\253\223\200\247\225\301"
 245      0CEDB61D 
 245      AB9380A7 
 245      95C1
 246 0a30 92D2E866 		.ascii	"\222\322\350f\350g\200\236\224\241\251;\"|%\307\241"
 246      E867809E 
 246      94A1A93B 
 246      227C25C7 
ARM GAS  /tmp/ccNSluLq.s 			page 19


 246      A1
 247 0a41 9D780E88 		.ascii	"\235x\016\210)\361\335\"K\360W0\371\013@K@\257\201\346"
 247      29F1DD22 
 247      4BF05730 
 247      F90B404B 
 247      40AF81E6 
 248 0a55 A5F5DA2A 		.ascii	"\245\365\332*qi\312\215\021VP5\337\015\244y\343i\032"
 248      7169CA8D 
 248      11565035 
 248      DF0DA479 
 248      E3691A
 249 0a68 EDAA938D 		.ascii	"\355\252\223\215G9?E\313H\300\370m\306\017c\277\206"
 249      47393F45 
 249      CB48C0F8 
 249      6DC60F63 
 249      BF86
 250 0a7a 9EC7ED5A 		.ascii	"\236\307\355Zg\017/\371\370-\227\326\342\031Ii-\301"
 250      670F2FF9 
 250      F82D97D6 
 250      E2194969 
 250      2DC1
 251 0a8c 693A054B 		.ascii	"i:\005K\235k]\365\263L\353\177C\271\244\376\021E\002"
 251      9D6B5DF5 
 251      B34CEB7F 
 251      43B9A4FE 
 251      114502
 252 0a9f EA0947D1 		.ascii	"\352\011G\321+\321x\266j%i\375\207T\241\"\322\003]\204"
 252      2BD178B6 
 252      6A2569FD 
 252      8754A122 
 252      D2035D84 
 253 0ab3 815F6068 		.ascii	"\201_`h\332\212\251\320yq\222\277\343V\266\305/(\370"
 253      DA8AA9D0 
 253      797192BF 
 253      E356B6C5 
 253      2F28F8
 254 0ac6 12804B14 		.ascii	"\022\200K\024\301\222y\353-`\375<4\036\250\222[\355"
 254      C19279EB 
 254      2D60FD3C 
 254      341EA892 
 254      5BED
 255 0ad8 F6D42AB7 		.ascii	"\366\324*\267\233\232\331a\201\264\333{d\360\270\325"
 255      9B9AD961 
 255      81B4DB7B 
 255      64F0B8D5 
 256 0ae8 EA5BBFA6 		.ascii	"\352[\277\2463F\316\026\013n\202\"\201O\374\201\302"
 256      3346CE16 
 256      0B6E8222 
 256      814FFC81 
 256      C2
 257 0af9 C9FA3A2D 		.ascii	"\311\372:-\203\277p\201\2037O\362\014t\321!\313G\017"
 257      83BF7081 
 257      83374FF2 
 257      0C74D121 
 257      CB470F
 258 0b0c F34661D1 		.ascii	"\363Fa\321a\247\242n6Tr\300\230u\243}e\2503\371\276"
 258      61A7A26E 
ARM GAS  /tmp/ccNSluLq.s 			page 20


 258      365472C0 
 258      9875A37D 
 258      65A833F9 
 259 0b21 29028193 		.ascii	")\002\201\223\345\357\026S\356\276\266n^b\332\207A{"
 259      E5EF1653 
 259      EEBEB66E 
 259      5E62DA87 
 259      417B
 260 0b33 859B404A 		.ascii	"\205\233@J\206z\343\037\351P\341\314\212N\271\011\244"
 260      867AE31F 
 260      E950E1CC 
 260      8A4EB909 
 260      A4
 261 0b44 E49056E6 		.ascii	"\344\220V\346\033\023-@\276\024\301\244\346)N\352\271"
 261      1B132D40 
 261      BE14C1A4 
 261      E6294EEA 
 261      B9
 262 0b55 950C9829 		.ascii	"\225\014\230)g\276\020\345ge\312O\257R^\367\005u\005"
 262      67BE10E5 
 262      6765CA4F 
 262      AF525EF7 
 262      057505
 263 0b68 FA647459 		.ascii	"\372dtY\206>\317\271\306\245)\237\245\000\351(\332d"
 263      863ECFB9 
 263      C6A5299F 
 263      A500E928 
 263      DA64
 264 0b7a F03BAB07 		.ascii	"\360;\253\007\332{E\342\314\0317\316\310\227\206I@<"
 264      DA7B45E2 
 264      CC1937CE 
 264      C8978649 
 264      403C
 265 0b8c 21057AC0 		.ascii	"!\005z\300\031z(\320=\330\037\035\000\212\007\212\005"
 265      197A28D0 
 265      3DD81F1D 
 265      008A078A 
 265      05
 266 0b9d DA07B41F 		.ascii	"\332\007\264\037h'P\014P\"P\022P2P\002\320.\240(\240"
 266      6827500C 
 266      50225012 
 266      50325002 
 266      D02EA028 
 267 0bb2 DD407B81 		.ascii	"\335@{\201\342\200\242\261sk\211\275T\277\316O\331h"
 267      E280A2B1 
 267      736B89BD 
 267      54BFCE4F 
 267      D968
 268 0bc4 CAFF9BD1 		.ascii	"\312\377\233\321\361\305\20215\336\255\023\027\246\342"
 268      F1C58231 
 268      35DEAD13 
 268      17A6E2
 269 0bd3 EEB2210D 		.ascii	"\356\262!\015N\244\314\235Cm\231\362^\011zj\224\212"
 269      4EA4CC9D 
 269      436D99F2 
 269      5E097A6A 
 269      948A
ARM GAS  /tmp/ccNSluLq.s 			page 21


 270 0be5 A5BD5254 		.ascii	"\245\275RTu\316z|\202\312\364\306\327/y:eb\2342i2\231"
 270      75CE7A7C 
 270      82CAF4C6 
 270      D72F793A 
 270      65629C32 
 271 0bfc 2B65D163 		.ascii	"+e\321c.?\270\244\273LB\006f\375\325\363\275;\263\364"
 271      2E3FB8A4 
 271      BB4C4206 
 271      66FDD5F3 
 271      BD3BB3F4 
 272 0c10 B88C2A17 		.ascii	"\270\214*\027J\206a\276\256Sf\351da\234\016\327\210"
 272      4A8661BE 
 272      AE5366E9 
 272      64619C0E 
 272      D788
 273 0c22 0C77A3B1 		.ascii	"\014w\243\261\270\324\200\304\325\017fx,M\223z\234\255"
 273      B8D480C4 
 273      D50F6678 
 273      2C4D937A 
 273      9CAD
 274 0c34 7EE4EF22 		.ascii	"~\344\357\"G\300|6V\334Z\224\373\330,&@\242}t9R\345"
 274      47C07C36 
 274      56DC5A94 
 274      FBD82C26 
 274      40A27D74 
 275 0c4b 1D89CD9E 		.ascii	"\035\211\315\236x\216E*\251\270P\357\346\247\267c\212"
 275      788E452A 
 275      A9B850EF 
 275      E6A7B763 
 275      8A
 276 0c5c E2097DED 		.ascii	"\342\011}\355\177\203\005\275(\355\374\013\343\327\362"
 276      7F8305BD 
 276      28EDFC0B 
 276      E3D7F2
 277 0c6b BF307E4D 		.ascii	"\2770~MO\244\251\263Q\3671\336M\341\361\371\225\271"
 277      4FA4A9B3 
 277      51F731DE 
 277      4DE1F1F9 
 277      95B9
 278 0c7d 3ECA1DC0 		.ascii	">\312\035\300I,\212\020S'\360:\224\213\305\016 \267"
 278      492C8A10 
 278      5327F03A 
 278      948BC50E 
 278      20B7
 279 0c8f 746F861E 		.ascii	"to\206\036\037\240\322\257\232\213\376\031\247\213\367"
 279      1FA0D2AF 
 279      9A8BFE19 
 279      A78BF7
 280 0c9e DCB3A8B3 		.ascii	"\334\263\250\263\305\236\316\376]v\3648\003\312\316"
 280      C59ECEFE 
 280      5D76F438 
 280      03CACE
 281 0cad 32C7CF61 		.ascii	"2\307\317a\347F\0075\326\263\017\307\237\020\304_%\235"
 281      E7460735 
 281      D6B30FC7 
 281      9F10C45F 
 281      259D
ARM GAS  /tmp/ccNSluLq.s 			page 22


 282 0cbf CDD75997 		.ascii	"\315\327Y\227\325G\332;\226\036\313\317\342\360Ij|w"
 282      D547DA3B 
 282      961ECBCF 
 282      E2F0496A 
 282      7C77
 283 0cd1 EBC54E6F 		.ascii	"\353\305No7'\235\363rs \221\2674\226\341\303~?'?W\314"
 283      37279DF3 
 283      72732091 
 283      B73496E1 
 283      C37E3F27 
 284 0ce8 A58EC779 		.ascii	"\245\216\307y\341\"\252\356Q\367\336R\204/Q&v8\3575"
 284      E122AAEE 
 284      51F7DE52 
 284      842F5126 
 284      7638EF35 
 285 0cfc C6D72873 		.ascii	"\306\327(s\263\265vJ\236\255E`\342;\227\314\213\273"
 285      B3B5764A 
 285      9EAD4560 
 285      E23B97CC 
 285      8BBB
 286 0d0e 961F821B 		.ascii	"\226\037\202\033\250\314\205\211\322\032\017\231\314"
 286      A8CC8589 
 286      D21A0F99 
 286      CC
 287 0d1b 05994CFF 		.ascii	"\005\231L\377\305\205t\227\337|\213]\262\351\2423[\037"
 287      C5857497 
 287      DF7C8B5D 
 287      B2E9A233 
 287      5B1F
 288 0d2d DC9A19D1 		.ascii	"\334\232\031\321\341{T\371L\355\341s^x\220\315\340\336"
 288      E17B54F9 
 288      4CEDE173 
 288      5E7890CD 
 288      E0DE
 289 0d3f 815CADF2 		.ascii	"\201\\\255\362\014\226b\205\036N}\353\310\300?\241\225"
 289      0C966285 
 289      1E4E7DEB 
 289      C8C03FA1 
 289      95
 290 0d50 DEAA66E2 		.ascii	"\336\252f\342\347\231\354,\012\326\304\243A\271<\243"
 290      E799EC2C 
 290      0AD6C4A3 
 290      41B93CA3 
 291 0d60 25ABDC62 		.ascii	"%\253\334b&;\032\\\302\260\353\342\325\360\225\336D"
 291      263B1A5C 
 291      C2B0EBE2 
 291      D5F095DE 
 291      44
 292 0d71 B9C72F62 		.ascii	"\271\307/b\022\304\253+\260^\\\006*\303\222\326\347"
 292      12C4AB2B 
 292      B05E5C06 
 292      2AC392D6 
 292      E7
 293 0d82 49263B4B 		.ascii	"I&;K\020w\"\225\335a\3710\275\357\352}\243\233\263\304"
 293      10772295 
 293      DD61F930 
 293      BDEFEA7D 
ARM GAS  /tmp/ccNSluLq.s 			page 23


 293      A39BB3C4 
 294 0d96 05F77640 		.ascii	"\005\367v@\362D\345L\205\001?\245!\\\370.o\301\003\357"
 294      F244E54C 
 294      85013FA5 
 294      215CF82E 
 294      6FC103EF 
 295 0daa A2E59178 		.ascii	"\242\345\221x\261g\301\007'Qf\251\276(\323\315\037\316"
 295      B167C107 
 295      275166A9 
 295      BE28D3CD 
 295      1FCE
 296 0dbc 2B94828B 		.ascii	"+\224\202\213_\325]\354&'\221\225n\351\316\361VA\\/"
 296      5FD55DEC 
 296      26279195 
 296      6EE9CEF1 
 296      56415C2F 
 297 0dd0 AE8233D0 		.ascii	"\256\2023\320<\243\3527\355\334\335\177M7\250J\210\355"
 297      3CA3EA37 
 297      EDDCDD7F 
 297      4D37A84A 
 297      88ED
 298 0de2 75067E4B 		.ascii	"u\006~Ks\011\203\316\207\372$\2734\272\306D\210W7`\300"
 298      730983CE 
 298      87FA24BB 
 298      34BAC644 
 298      88573760 
 299 0df7 55CB034E 		.ascii	"U\313\003N\256\373nB\213\323\351\260\"k\253\352\365"
 299      AEFB6E42 
 299      8BD3E9B0 
 299      226BABEA 
 299      F5
 300 0e08 7ECA2ABE 		.ascii	"~\312*\276w\253\242\260)!\323\013\027R\025y\373#\223"
 300      77ABA2B0 
 300      2921D30B 
 300      17521579 
 300      FB2393
 301 0e1b 395C4299 		.ascii	"9\\B\231\273\273^\324ip\265\310\340]\213\267\333\014"
 301      BBBB5ED4 
 301      6970B5C8 
 301      E05D8BB7 
 301      DB0C
 302 0e2d B21F4696 		.ascii	"\262\037F\226\365\337\002\375uL\177\003\350\257\227"
 302      F5DF02FD 
 302      754C7F03 
 302      E8AF97
 303 0e3c CEFD4CAF 		.ascii	"\316\375L\257d\007\255eHw;.\304\267\263\227u.\316\263"
 303      6407AD65 
 303      48773B2E 
 303      C4B7B397 
 303      752ECEB3 
 304 0e50 589D7270 		.ascii	"X\235rp\311o\352\223\207\306\325\270\201:<7\324\367"
 304      C96FEA93 
 304      87C6D5B8 
 304      813A3C37 
 304      D4F7
 305 0e62 BDBB0034 		.ascii	"\275\273\0004*;H\2165\011\351%F|\227-\243\217\247^\032"
 305      2A3B488E 
ARM GAS  /tmp/ccNSluLq.s 			page 24


 305      3509E925 
 305      467C972D 
 305      A38FA75E 
 306 0e77 F128652E 		.ascii	"\361(e.\266\344]V\343g,\203*Om\307\363\364\376a^\362"
 306      B6E45D56 
 306      E3672C83 
 306      2A4F6DC7 
 306      F3F4FE61 
 307 0e8d 510F2C78 		.ascii	"Q\017,x\022F\323?=\362R\203$\347\232\276q\315\334\024"
 307      1246D33F 
 307      3DF25283 
 307      24E79ABE 
 307      71CDDC14 
 308 0ea1 AD3D729A 		.ascii	"\255=r\232h\005\313]\312\311\316z\314SX\310\335(bo+"
 308      6805CB5D 
 308      CAC9CE7A 
 308      CC5358C8 
 308      DD28626F 
 309 0eb6 6325B199 		.ascii	"c%\261\231\370@\200\323\235\330v\2671\360J\333\275\322"
 309      F84080D3 
 309      9DD876B7 
 309      31F04ADB 
 309      BDD2
 310 0ec8 EAB87405 		.ascii	"\352\270t\005m\000\240\255j\027\213@;D\240\003\350\016"
 310      6D00A0AD 
 310      6A178B40 
 310      3B44A003 
 310      E80E
 311 0eda 50A774E1 		.ascii	"P\247t\341\356^Q\337\"S\357r@\311\337\035}U\207/\213"
 311      EE5E51DF 
 311      2253EF72 
 311      40C9DF1D 
 311      7D55872F 
 312 0eef 31408563 		.ascii	"1@\205c\215C\310O\321(\272\313\364\270\261{\030\033"
 312      8D43C84F 
 312      D128BACB 
 312      F4B8B17B 
 312      181B
 313 0f01 666EC696 		.ascii	"fn\306\226y\301n\354<\224,WY}\036\253\262\233 _\000"
 313      79C16EEC 
 313      3C942C57 
 313      597D1EAB 
 313      B29B205F 
 314 0f16 7AEEC1D5 		.ascii	"z\356\301\3259\245\322\026\326\305r\013Xn&\226\311/"
 314      39A5D216 
 314      D6C5720B 
 314      586E2696 
 314      C92F
 315 0f28 9EF798E5 		.ascii	"\236\367\230\345~\260\330\0034\0004\004\324\007t\037"
 315      7EB0D803 
 315      34003404 
 315      D407741F 
 316 0f38 A8176818 		.ascii	"\250\027h\030hP\232\260\235\223,a\241\257@\207\230]"
 316      68509AB0 
 316      9D932C61 
 316      A1AF4087 
 316      985D
ARM GAS  /tmp/ccNSluLq.s 			page 25


 317 0f4a 37CD2DE9 		.ascii	"7\315-\351\264'I\276\356\2166\242\203\200{\212(\336"
 317      B42749BE 
 317      EE8E36A2 
 317      83807B8A 
 317      28DE
 318 0f5c D98BC9CF 		.ascii	"\331\213\311\317N\023\241t9\310\001T\246L\373in\325"
 318      4E13A174 
 318      39C80154 
 318      A64CFB69 
 318      6ED5
 319 0f6e 94CF7F43 		.ascii	"\224\317\177C\017\011M\000\253\221\005a\325\317\030"
 319      0F094D00 
 319      AB910561 
 319      D5CF18
 320 0f7d AD360ACE 		.ascii	"\2556\012\316\003\320i\006^\331vW\367\302\023;\350)"
 320      03D06906 
 320      5ED97657 
 320      F7C2133B 
 320      E829
 321 0f8f AE1B50CD 		.ascii	"\256\033P\315\014\275\222-\267W\235\342\346m\324\357"
 321      0CBD922D 
 321      B7579DE2 
 321      E66DD4EF 
 322 0f9f 53       		.ascii	"S"
 323 0fa0 B08C1D77 		.ascii	"\260\214\035w\343\267\304\223\355\354l\203\374P\027"
 323      E3B7C493 
 323      EDEC6C83 
 323      FC5017
 324 0faf 8BC94A11 		.ascii	"\213\311J\021\267\273\034v[\306\237\350\374\224'\261"
 324      B7BB1C76 
 324      5BC69FE8 
 324      FC9427B1 
 325 0fbf FA2F9F44 		.ascii	"\372/\237D\262\003\2677\317r\037\037\027\372\301\221"
 325      B203B737 
 325      CF721F1F 
 325      17FAC191 
 326 0fcf 9A394D5C 		.ascii	"\2329M\\}\275 \0343\242\021P\324D\377\017\226e\013*"
 326      7DBD201C 
 326      33A21150 
 326      D444FF0F 
 326      96650B2A 
 327 0fe3 F284ECE3 		.ascii	"\362\204\354\343\243\370c\262\210d\315Er\322\275{\304"
 327      A3F863B2 
 327      8864CD45 
 327      72D2BD7B 
 327      C4
 328 0ff4 659463E2 		.ascii	"e\224c\342\336-^>\371\364\323\000"
 328      DE2D5E3E 
 328      F9F4D300 
 329 1000 F8EF1B8B 		.ascii	"\370\357\033\213=\324\022\022\360e\260u\223\365\337"
 329      3DD41212 
 329      F065B075 
 329      93F5DF
 330 100f FF2320CC 		.ascii	"\377# \314\021`\347\003\034vs\2009\330\276\331\034\361"
 330      1160E703 
 330      1C767380 
 330      39D8BED9 
ARM GAS  /tmp/ccNSluLq.s 			page 26


 330      1CF1
 331 1021 A959F7EB 		.ascii	"\251Y\367\353\177\373\375G_~\361\205\312\223\360&[\240"
 331      7FFBFD47 
 331      5F7EF185 
 331      CA93F026 
 331      5BA0
 332 1033 E31B13CF 		.ascii	"\343\033\023\317\375L\345\023h\267m\375\334\262\301"
 332      FD4CE513 
 332      68B76DFD 
 332      DCB2C1
 333 1042 F693CDE1 		.ascii	"\366\223\315\341\237\006\205\253\014\3460;o\331\276"
 333      9F0685AB 
 333      0CE6303B 
 333      6FD9BE
 334 1051 C1F633D5 		.ascii	"\301\3663\325\032s\360\357~\365\345\357\277\014\013"
 334      1A73F0EF 
 334      7EF5E5EF 
 334      BF0C0B
 335 1060 09B198F9 		.ascii	"\011\261\230\371_\005F\204\360\216\177]\377\216\366"
 335      5F054684 
 335      F08E7F5D 
 335      FF8EF6
 336 106f 546BA9F4 		.ascii	"Tk\251\364\257-\374/C\203\276\014\261\004\332\231\006"
 336      AF2DFC2F 
 336      4383BE0C 
 336      B104DA99 
 336      06
 337 1080 6C0EDE88 		.ascii	"l\016\336\210\2036m\321Z\035v\2239\224\327\000\231x"
 337      83366DD1 
 337      5A1D7693 
 337      3994D700 
 337      9978
 338 1092 7D7860A8 		.ascii	"}x`\250\325l\2629\266\250\315\301\201v\037s\260\311"
 338      D56CB239 
 338      B6A8CDC1 
 338      81761F73 
 338      B0C9
 339 10a4 B1C3C15B 		.ascii	"\261\303\301[l\246 \313\246\210-\272\2200\3637\004\275"
 339      6CA620CB 
 339      A6882DBA 
 339      9030F337 
 339      04BD
 340 10b6 E10DF6AD 		.ascii	"\341\015\366\255\241\346\220\210 \013\370 \312|\032"
 340      A1E69088 
 340      200BF820 
 340      CA7C1A
 341 10c5 ACF296EA 		.ascii	"\254\362\226\3520\361\006[\2405\224\017\266[\002\203"
 341      30F1065B 
 341      A035940F 
 341      B65B0283 
 342 10d5 74F01512 		.ascii	"t\360\025\022n\267\206iy\362m\342\2656~{\210\325\301"
 342      6EB78669 
 342      79F26DE2 
 342      B5367E7B 
 342      88D5C1
 343 10e8 EBC0B22D 		.ascii	"\353\300\262-\002B\240\263\204[B\203\254\241[<-[-\241"
 343      0242A0B3 
ARM GAS  /tmp/ccNSluLq.s 			page 27


 343      845B4283 
 343      ACA15B3C 
 343      2D5B2DA1 
 344 10fc 3C8D9876 		.ascii	"<\215\230v[\240\225\207gZ@\021\264:\324\262\235\327"
 344      5BA09587 
 344      675A4011 
 344      B43AD4B2 
 344      9DD7
 345 110e 33C6F48E 		.ascii	"3\306\364\216\336\021\254\003\274C\021\036\226mD\257"
 345      DE11AC03 
 345      BC43111E 
 345      966D44AF 
 346 111e C7361EAC 		.ascii	"\3076\036\254\207\303\305a\261\205\033\311\330-\266"
 346      87C3C561 
 346      B1851BC9 
 346      D82DB6
 347 112d C0F0E030 		.ascii	"\300\360\3400\273E\263\215\347\355\341\304\002\363\233"
 347      BB45B38D 
 347      E7EDE1C4 
 347      02F39B
 348 113c 5E4CBC2F 		.ascii	"^L\274/\273\261[6[\354\226P\263\305\304\203|\330\246"
 348      BBB15B36 
 348      5BEC9650 
 348      B3C5C483 
 348      7CD8A6
 349 114f 3F85EB2C 		.ascii	"?\205\353,\333\255\2749,\310\242\201h\302S{\320\016"
 349      DBADBC39 
 349      2CC8A281 
 349      68C2537B 
 349      D00E
 350 1161 B8097827 		.ascii	"\270\011x'\327@\036\346\2328\247uX7\205\300H!\036\326"
 350      D7401EE6 
 350      9A38A775 
 350      583785C0 
 350      48211ED6 
 351 1175 9020B0E0 		.ascii	"\220 \260\340\021\036\010\337\274\032\014:\264<\371"
 351      111E08DF 
 351      BC1A0C3A 
 351      B43CF9
 352 1184 36F19ACD 		.ascii	"6\361\232\315!\201[\200\263\2015\340\034| o\321\361"
 352      21815B80 
 352      B38135E0 
 352      1C7C206F 
 352      D1F1
 353 1196 E285B813 		.ascii	"\342\205\270\023\270)\320a18\370o\002C\254[BM\020\255"
 353      B829D061 
 353      3138F86F 
 353      0243AC5B 
 353      424D10AD 
 354 11aa 409B4513 		.ascii	"@\233E\023\266-\324b\367\206\021\2059L\326P\000\203"
 354      B62DD462 
 354      F7861185 
 354      394CD650 
 354      0083
 355 11bc F35E927B 		.ascii	"\363^\222{\342\362\237#,\021\0262\025\342\215\301y\003"
 355      E2F29F23 
 355      2C111632 
ARM GAS  /tmp/ccNSluLq.s 			page 28


 355      15E28DC1 
 355      7903
 356 11ce 2AC2ED96 		.ascii	"*\302\355\226\255\330\314o\347\034\341\236\341\220\253"
 356      ADD8CC6F 
 356      E71CE19E 
 356      E190AB
 357 11dd 20C6036B 		.ascii	" \306\003k\024\357\315a\2410s\374\337\273\033\2539\314"
 357      14EFCD61 
 357      A13073FC 
 357      DFBB1BAB 
 357      39CC
 358 11ef 660B0B0D 		.ascii	"f\013\013\015 XG\300/\177\367\325\326\3177|\005\243"
 358      205847C0 
 358      2F7FF7D5 
 358      D6CF377C 
 358      05A3
 359 1201 869CB7C0 		.ascii	"\206\234\267\300\220qp\220\335#\\4\364\003\260H\362"
 359      90717090 
 359      DD235C34 
 359      F403B048 
 359      F2
 360 1212 C26EE577 		.ascii	"\302n\345wP\323~\262'\2423\3260\215\310\250\311\244"
 360      50D37EB2 
 360      27A233D6 
 360      308DC8A8 
 360      C9A4
 361 1224 8A0170A0 		.ascii	"\212\001p\240P\217\0101\247\325!\201\016^k\347EF\263"
 361      508F0831 
 361      A7D52181 
 361      0E5E6BE7 
 361      4546B3
 362 1237 2DCC0EF9 		.ascii	"-\314\016\371\262\311\342\340\015\346\010[DH o\335j"
 362      B2C9E2E0 
 362      0DE6085B 
 362      4448206F 
 362      DD6A
 363 1249 D1D979DE 		.ascii	"\321\331y\336j\003U\177\373N\323\303\333\300M_Q\302"
 363      6A03557F 
 363      FB4ED3C3 
 363      DBC04D5F 
 363      51C2
 364 125b 66097444 		.ascii	"f\011tD\330-6\013Q\356\001\003\337l\335\362\276kPM\364"
 364      D82D360B 
 364      51EE0103 
 364      DF6CDDF2 
 364      BE6B504D 
 365 1270 E91AF923 		.ascii	"\351\032\371#\360\215\224)\311brU\223$\374\273w\362"
 365      F08D9429 
 365      C9627255 
 365      9324FCBB 
 365      77F2
 366 1282 40ACEE60 		.ascii	"@\254\356`\225\207\270\212\360Z\0229\2235H\317\256\360"
 366      9587B88A 
 366      F05A1239 
 366      933548CF 
 366      AEF0
 367 1294 C46ED942 		.ascii	"\304n\331BB\341IT[\266\300\235}\207\301y\003\216n\345"
ARM GAS  /tmp/ccNSluLq.s 			page 29


 367      42E14954 
 367      5BB6C09D 
 367      7D87C179 
 367      038E6EE5 
 368 12a8 C5400591 		.ascii	"\305@\005\221o/\300\004YB\370@\261z|\\8\010\230\310"
 368      6F2FC004 
 368      5942F840 
 368      B17A7C5C 
 368      380898C8 
 369 12bc 784105C3 		.ascii	"xA\005\303\014[\354[\003CL\374\017\001\263\325j\347"
 369      0C5BEC5B 
 369      03434CFC 
 369      0F01B3D5 
 369      6AE7
 370 12ce 23080351 		.ascii	"#\010\003Q\260;D\260\216\004\232\360zR\357b<\337W\200"
 370      B03B44B0 
 370      8E049AF0 
 370      7A52EF62 
 370      3CDF5780 
 371 12e2 814EBBD3 		.ascii	"\201N\273\323.\251\235\035\342S\2559\302N\022\333\270"
 371      2EA99D1D 
 371      E253AD39 
 371      C24E12DB 
 371      B8
 372 12f3 F2C8C41B 		.ascii	"\362\310\304\033i\030L\342\204\032l&3L;T`\220.\324\004"
 372      69184CE2 
 372      841A6C26 
 372      334C3B54 
 372      60902ED4 
 373 1308 C9E6D866 		.ascii	"\311\346\330f\326\204\232\254\366?;\337\300R\366n\245"
 373      D6849AAC 
 373      F63F3BDF 
 373      C052F66E 
 373      A5
 374 1319 2FEA230B 		.ascii	"/\352#\013\223T\277\211\377\311\273\011\357 \242\377"
 374      9354BF89 
 374      FFC9BB09 
 374      EF20A2FF 
 375 1329 07066FEB 		.ascii	"\007\006o\353\376"
 375      FE
 376              		.text
 377              		.section	.gnu.lto_.symtab.941420e5dee3107e,"e",%progbits
 378 0000 63685246 		.ascii	"chRFCUCollectFaultsI\000"
 378      4355436F 
 378      6C6C6563 
 378      74466175 
 378      6C747349 
 379 0015 00       		.ascii	"\000"
 380 0016 00       		.ascii	"\000"
 381 0017 00       		.ascii	"\000"
 382 0018 00000000 		.ascii	"\000\000\000\000\000\000\000\000"
 382      00000000 
 383 0020 C9000000 		.ascii	"\311\000\000\000"
 384 0024 63685246 		.ascii	"chRFCUGetAndClearFaultsI\000"
 384      43554765 
 384      74416E64 
 384      436C6561 
ARM GAS  /tmp/ccNSluLq.s 			page 30


 384      72466175 
 385 003d 00       		.ascii	"\000"
 386 003e 00       		.ascii	"\000"
 387 003f 00       		.ascii	"\000"
 388 0040 00000000 		.ascii	"\000\000\000\000\000\000\000\000"
 388      00000000 
 389 0048 CD000000 		.ascii	"\315\000\000\000"
 390 004c 63683000 		.ascii	"ch0\000"
 391 0050 00       		.ascii	"\000"
 392 0051 02       		.ascii	"\002"
 393 0052 00       		.ascii	"\000"
 394 0053 00000000 		.ascii	"\000\000\000\000\000\000\000\000"
 394      00000000 
 395 005b E6010000 		.ascii	"\346\001\000\000"
 396              		.text
 397              		.section	.gnu.lto_.opts,"e",%progbits
 398 0000 272D666E 		.ascii	"'-fno-openmp' '-fno-openacc' '-fno-pie' '-mcpu=cort"
 398      6F2D6F70 
 398      656E6D70 
 398      2720272D 
 398      666E6F2D 
 399 0033 65782D6D 		.ascii	"ex-m4' '-mthumb' '-mfloat-abi=softfp' '-mfpu=fpv5-d"
 399      34272027 
 399      2D6D7468 
 399      756D6227 
 399      20272D6D 
 400 0066 31362720 		.ascii	"16' '-march=armv7e-m+fp.dp' '-O2' '-fstack-usage' '"
 400      272D6D61 
 400      7263683D 
 400      61726D76 
 400      37652D6D 
 401 0099 2D666675 		.ascii	"-ffunction-sections' '-fdata-sections' '-fno-common"
 401      6E637469 
 401      6F6E2D73 
 401      65637469 
 401      6F6E7327 
 402 00cc 2720272D 		.ascii	"' '-flto' '-fshort-enums'\000"
 402      666C746F 
 402      2720272D 
 402      6673686F 
 402      72742D65 
 403              		.text
 404              		.comm	__gnu_lto_v1,1,1
 405              		.comm	__gnu_lto_slim,1,1
 406              		.ident	"GCC: (GNU Arm Embedded Toolchain 9-2020-q2-update) 9.3.1 20200408 (release)"
ARM GAS  /tmp/ccNSluLq.s 			page 31


DEFINED SYMBOLS
                            *ABS*:0000000000000000 chrfcu.c
                            *COM*:0000000000000001 __gnu_lto_v1
                            *COM*:0000000000000001 __gnu_lto_slim

NO UNDEFINED SYMBOLS
