ARM GAS  /tmp/ccM7hbFV.s 			page 1


   1              		.cpu cortex-m4
   2              		.eabi_attribute 20, 1
   3              		.eabi_attribute 21, 1
   4              		.eabi_attribute 23, 3
   5              		.eabi_attribute 24, 1
   6              		.eabi_attribute 25, 1
   7              		.eabi_attribute 26, 1
   8              		.eabi_attribute 30, 2
   9              		.eabi_attribute 34, 1
  10              		.eabi_attribute 18, 4
  11              		.file	"chstats.c"
  12              		.section	.gnu.lto_.profile.7ae9d79f78433b87,"e",%progbits
  13 0000 789CE360 		.ascii	"x\234\343``\004B \000\000\000]\000\013"
  13      60044220 
  13      0000005D 
  13      000B
  14              		.text
  15              		.section	.gnu.lto_.icf.7ae9d79f78433b87,"e",%progbits
  16 0000 789CE360 		.ascii	"x\234\343``dPe@\0006\206\011\335k\274\231\266\274\371"
  16      60645065 
  16      40003686 
  16      09DD6BBC 
  16      99B6BCF9 
  17 0014 37879179 		.ascii	"7\207\221y\302\313\333{xX\300$+\230d\003\223\014\000"
  17      C2CBDB7B 
  17      7858C024 
  17      2B986403 
  17      930C00
  18 0027 53B21206 		.ascii	"S\262\022\006"
  19              		.text
  20              		.section	.gnu.lto_.jmpfuncs.7ae9d79f78433b87,"e",%progbits
  21 0000 789CE360 		.ascii	"x\234\343``d\230\302\310\000\007l@\314\304\304\310\310"
  21      606498C2 
  21      C800076C 
  21      40CCC4C4 
  21      C8C8
  22 0012 5C3F9F99 		.ascii	"\\?\237\231\001\204Y\330\016\260\000\345\031A$\020\377"
  22      018459D8 
  22      0EB000E5 
  22      19412410 
  22      FF
  23 0023 07027E46 		.ascii	"\007\002~F\346\351\314\214}\315\357\357q\3641\317gf"
  23      E6E9CC8C 
  23      7DCDEFEF 
  23      71F431CF 
  23      6766
  24 0035 646460DC 		.ascii	"dd`\334\305(\015\302@\265\014\030ja\222\314@\223A\032"
  24      C5280DC2 
  24      40B50C18 
  24      6A6192CC 
  24      4093411A 
  25 0049 9B9AD72F 		.ascii	"\233\232\327/\3425\320\233\317\314\264\230\231a\006"
  25      E235D09B 
  25      CFCCB498 
  25      996106
  26 0058 33C856A0 		.ascii	"3\310V\240\350\346s\263\357\260\201D\231\031w3\032\314"
  26      E8E673B3 
ARM GAS  /tmp/ccM7hbFV.s 			page 2


  26      EFB08144 
  26      99197733 
  26      1ACC
  27 006a 6006B989 		.ascii	"`\006\271\211q\017\243\001\334\264\037\250\246\261\020"
  27      710FA301 
  27      DCB41FA8 
  27      A6B110
  28 0079 6BDA5EB8 		.ascii	"k\332^\270i\373p\233\306J\254i\373A\2461\201=\211\333"
  28      69FB709B 
  28      C64AAC69 
  28      FB41A631 
  28      813D89DB 
  29 008d 3436624D 		.ascii	"46bM;\0107\355\020n\323\030\000\311\\fc"
  29      3B0837ED 
  29      106ED318 
  29      00C95C66 
  29      63
  30              		.text
  31              		.section	.gnu.lto_.inline.7ae9d79f78433b87,"e",%progbits
  32 0000 789C8D8E 		.ascii	"x\234\215\216\313\021\2000\010D\227\3058\361S\204\025"
  32      CB118030 
  32      084497C5 
  32      38F15384 
  32      15
  33 0011 5985D12E 		.ascii	"Y\205\321.\234\330AJ\260\024K\023<x\320K8\354,\360\226"
  33      9CD8414A 
  33      B0144B13 
  33      3C78D04B 
  33      38EC2CF0 
  34 0026 2142D008 		.ascii	"!B\320\010\336j\201\230s\2764\011\330\273c\262\251\231"
  34      DE6A8198 
  34      73BE3409 
  34      D8BB63B2 
  34      A999
  35 0038 CC85A033 		.ascii	"\314\205\2403Dgm\341&\224\311\263.|\030]\276\260\216"
  35      44676DE1 
  35      2694C9B3 
  35      2E7C185D 
  35      BEB08E
  36 004b 9E287399 		.ascii	"\236(s\231\025\301\026\247\256\342\233\303\374\376\273"
  36      15C116A7 
  36      AEE29BC3 
  36      FCFEBB
  37 005a 3C98D843 		.ascii	"<\230\330C\325d\250&\333j\0227\235Q/\251"
  37      D564A826 
  37      DB6A1237 
  37      9D512FA9 
  38              		.text
  39              		.section	.gnu.lto_.pureconst.7ae9d79f78433b87,"e",%progbits
  40 0000 789CE360 		.ascii	"x\234\343``d\020f```c\330\305\3124\203\205y\006\013"
  40      60641066 
  40      60606063 
  40      D8C5CA34 
  40      83857906 
  41 0015 CB0C16D6 		.ascii	"\313\014\026\326\031,l3X\000(\277\004\002"
  41      192C6C33 
  41      580028BF 
ARM GAS  /tmp/ccM7hbFV.s 			page 3


  41      0402
  42              		.text
  43              		.section	.gnu.lto___stats_increase_irq.7ae9d79f78433b87,"e",%progbits
  44 0000 789C8D52 		.ascii	"x\234\215RQK\024Q\024>\337\334qw\264\204^\243\202]\242"
  44      514B1451 
  44      143EDFDC 
  44      7177B484 
  44      5EA3825D 
  45 0015 072176F6 		.ascii	"\007!v\366'\024\202\340\203\004\356\017\010\235\206"
  45      271482E0 
  45      8304EE0F 
  45      089D86
  46 0024 76C9DD8D 		.ascii	"v\311\335\215\231\015\352\311q]RS\014\212\320 \231\310"
  46      990DEAC9 
  46      715D5253 
  46      0C8AD020 
  46      99C8
  47 0036 ACF5212B 		.ascii	"\254\365!+\037\202\324l\322\324,+\023\352!\311\302P"
  47      1F82D46C 
  47      D2D42C2B 
  47      13EA21C9 
  47      C250
  48 0048 A4A8A05E 		.ascii	"\244\250\240^\224@;w\326\024\243\244a\356p\317\375\276"
  48      94403B77 
  48      D614A3A4 
  48      61EE70CF 
  48      FDBE
  49 005a 33E73BDF 		.ascii	"3\347;\337\271\032\201\026\024\242v\"\332\307\013\202"
  49      B91A8116 
  49      14A27622 
  49      DAC70B82 
  50 006a A0388E73 		.ascii	"\2408\216s(\330\240)\200\277s4P\275\202z\234\027\035"
  50      28D8A029 
  50      80BF7334 
  50      50BD827A 
  50      9C171D
  51 007d 02234D8B 		.ascii	"\002#M\213\367\225\262\233\2148^\307\362n'\357\301\025"
  51      F795B29B 
  51      8C385EC7 
  51      F26E27EF 
  51      C115
  52 008f 44977915 		.ascii	"D\227y\025\036\014\240\214\210\231\363wW/\225\006\324"
  52      1E0CA08C 
  52      8899F377 
  52      572F9506 
  52      D4
  53 00a0 75088308 		.ascii	"u\010\203\010([NA[h\222\200!\004\230\372\000\201\277"
  53      285B4E41 
  53      5B689280 
  53      210498FA 
  53      0081BF
  54 00b3 03C3BCE3 		.ascii	"\003\303\274\343\254\3333E\236\263\272\326\344xS\327"
  54      ACDB3345 
  54      9EB3BAD6 
  54      E47853D7 
  55 00c3 71B12208 		.ascii	"q\261\"\010r\005\024\371!j\025$\265\251p<\2426\241\024"
  55      720514F9 
ARM GAS  /tmp/ccM7hbFV.s 			page 4


  55      216A1524 
  55      B5A9703C 
  55      A236A114 
  56 00d7 82460E3E 		.ascii	"\202F\016>#;\377c\346g\251\374=\270o\233k8=K\023%\355"
  56      233BFF63 
  56      E667A9FC 
  56      3DB86F9B 
  56      6B383D4B 
  57 00ee C2150AA2 		.ascii	"\302\025\012\242\034^s\373\227K\3029\270Ng\310\025B"
  57      1C5E73FB 
  57      974BC239 
  57      B84E67C8 
  57      1542
  58 0100 CABBF571 		.ascii	"\312\273\365q\320\321T\266\010\036\302\276\340\261\266"
  58      D0D154B6 
  58      081EC2BE 
  58      E0B1B6
  59 010f 7793413E 		.ascii	"w\223A>\301#\250x\210=\014\215@e ?<\272\2603\334\264"
  59      C123A878 
  59      883D0C8D 
  59      4065203F 
  59      3CBAB033 
  60 0125 9EAD4AEE 		.ascii	"\236\255J\356\367\276\376\327;\374\354Q\231\215\307"
  60      F7BEFED7 
  60      3BFCEC51 
  60      998DC7
  61 0134 50E913B2 		.ascii	"P\351\023\262C+\363\357\367\312\276\272\004\230\325"
  61      432BF3EF 
  61      F7CABEBA 
  61      0498D5
  62 0143 DEF86D4E 		.ascii	"\336\370mN\223*\212 \223\272\362Sk\3059d\0334>\351\026"
  62      932A8A20 
  62      93BAF253 
  62      6BC53964 
  62      1B343EE9 
  63 0158 059BDECC 		.ascii	"\005\233\336\314\216O\243\007\335\354v\000\343\310\001"
  63      8E4FA307 
  63      DDEC7600 
  63      E3C801
  64 0167 63B23423 		.ascii	"c\2624#\003\027\232\357\004\242}\262\321\253)W\0041"
  64      03179AEF 
  64      04A27DB2 
  64      D1AB2957 
  64      0431
  65 0179 C1BC4EDF 		.ascii	"\301\274N\337tFsK\275oK\326\321EN\326\360\004\321N\337"
  65      7446734B 
  65      BD6F4BD6 
  65      D1454ED6 
  65      F004D14E 
  66 018e 7C4C22CA 		.ascii	"|L\"\312j\032\257\234]\011\026\304(\005=\367Z\276\364"
  66      6A1AAF9C 
  66      5D0916C4 
  66      28053DF7 
  66      5ABEF4
  67 01a1 164B3D1A 		.ascii	"\026K=\032\200\247\\\206%\317\235\203\344\374\227\274"
  67      80A75C86 
  67      25CF9D83 
ARM GAS  /tmp/ccM7hbFV.s 			page 5


  67      E4FC97BC 
  68 01b1 67DBCA9B 		.ascii	"g\333\312\233\332^\336\363\015y/\020eI\233s\033\336"
  68      DA5EDEF3 
  68      0D792F10 
  68      65499B73 
  68      1BDE
  69 01c3 9CDB8663 		.ascii	"\234\333\206c\212\357X\363\302\215Y\355\367H^\372#\231"
  69      8AEF58F3 
  69      C28D59ED 
  69      F7485EFA 
  69      2399
  70 01d5 F647F2A7 		.ascii	"\366G\362\247\377\257\330\377\257\310~hm\331/\273\361"
  70      FFAFD8FF 
  70      AFC87E68 
  70      6DD92FBB 
  70      F1
  71 01e6 2F6CAB40 		.ascii	"/l\253@\341\222d=\031\226E\":\277'L+e\326\351\345\361"
  71      E192643D 
  71      19964522 
  71      3ABF274C 
  71      2B65D6E9 
  72 01fc 446DE248 		.ascii	"Dm\342HLO\333\272\225\321m\313\320\215\270\235\251\311"
  72      4C4FDBBA 
  72      95D16DCB 
  72      D08DB89D 
  72      A9C9
  73 020e D811832A 		.ascii	"\330\021\203*\376\3054\322\311d:\245\233\2473\372\341"
  73      FEC534D2 
  73      C9643AA5 
  73      9BA733FA 
  73      E1
  74 021f EA2ABDBC 		.ascii	"\352*\275\274*V\031\323\313\323\226\251W\246\214\272"
  74      2A5619D3 
  74      CBD396A9 
  74      57A68CBA 
  75 022f 53C74CDD 		.ascii	"S\307L\335H\332\011\373\350q\303\210\304iWU\254:T[c"
  75      48DA09FB 
  75      E871C388 
  75      C4695755 
  75      AC3A545B 
  76 0244 9B27ADC4 		.ascii	"\233'\255\304\301\320\201()\026\005\223f2m\235\241_"
  76      C1D08128 
  76      29160593 
  76      66326D9D 
  76      A15F
  77 0256 D8A412ED 		.ascii	"\330\244\022\355"
  78              		.text
  79              		.section	.gnu.lto___stats_ctxswc.7ae9d79f78433b87,"e",%progbits
  80 0000 789C8D93 		.ascii	"x\234\215\223\355K\024Q\024\306\3173g]g\327u?\007\022"
  80      ED4B1451 
  80      14C6CF33 
  80      675D67D7 
  80      753F0712 
  81 0014 EC874084 		.ascii	"\354\207@\204p\027\372\007\202\240\257}\350/(\021\224"
  81      7017FA07 
  81      82A0AF7D 
  81      E82F2811 
ARM GAS  /tmp/ccM7hbFV.s 			page 6


  81      94
  82 0025 621577BF 		.ascii	"b\025w\277{w]5WQ\010C\305\226\021\026\253\2050\263\210"
  82      7B775D35 
  82      57510843 
  82      C5961116 
  82      AB8530B3 
  83 003a 52AB6933 		.ascii	"R\253i3K\3232{\241,V\222\220\212,\210\240\010\321\316"
  83      4BD3327B 
  83      A12C5692 
  83      908A2C88 
  83      A008D1CE 
  84 004e 9DD95E90 		.ascii	"\235\331^\220Z\032f.s\356\275\317y~\347\334\031\223"
  84      5A1A662E 
  84      73EEBDCF 
  84      797EE7DC 
  84      1993
  85 0060 405D4CB4 		.ascii	"@]L\264\217\210v\313\003&\030J\251\375\345\011\323\000"
  85      8F8876CB 
  85      0326184A 
  85      A9FDE509 
  85      D300
  86 0072 9C376582 		.ascii	"\2347e\202Z\015\264\242\217\007\030\371\316\365kF\315"
  86      5A0DB4A2 
  86      8F0718F9 
  86      CEF56B46 
  86      CD
  87 0083 595951F6 		.ascii	"YYQ\366\300\204\267C\265\357\262$\301\220<\356\205I"
  87      C084B743 
  87      B5EFB224 
  87      C1903CEE 
  87      8549
  88 0095 D4C8BE42 		.ascii	"\324\310\276B2\363-\320\313\026\003\036\011\373\347"
  88      32F32DD0 
  88      CB16031E 
  88      09FBE7
  89 00a4 2FCFF975 		.ascii	"/\317\371uh $\341\363'c\271\012\336\013\222\367\231"
  89      682024E1 
  89      F32763B9 
  89      0ADE0B92 
  89      F799
  90 00b6 D7E9EFC1 		.ascii	"\327\351\357\301\352Q\245\222\312\336\314\262\332c1"
  90      EA51A592 
  90      CADECCB2 
  90      DA6331
  91 00c5 E33A5852 		.ascii	"\343:XRb\032U\230B\025\221\314I\352\033\250\026\301"
  91      621A5598 
  91      421591CC 
  91      49EA1BA8 
  91      16C1
  92 00d7 E6705FDE 		.ascii	"\346p_\336\344\210#\336~\272q\376\247\370\313hQ|\363"
  92      E48823DE 
  92      7EBA71FE 
  92      A7F8CB68 
  92      517CF3
  93 00ea AF621BD5 		.ascii	"\257b\033\325\244%k\027\267NUz=Ed\334\202W\232@ta\271"
  93      A4256B17 
  93      B74E557A 
ARM GAS  /tmp/ccM7hbFV.s 			page 7


  93      3D4564DC 
  93      82579A40 
  94 0101 CC565BDB 		.ascii	"\314V[\333\235\312~u\006S\007\375\020\231\307\320\003"
  94      9DCA7E75 
  94      065307FD 
  94      1099C7D0 
  94      03
  95 0112 CB50E6D1 		.ascii	"\313P\346\321C9t\026\023\032\204\250\233I\267\301\003"
  95      43397416 
  95      131A84A8 
  95      9B49B7C1 
  95      03
  96 0123 6513F5B0 		.ascii	"e\023\365\260\341\006\011\011\336#9\375n8\033\324\311"
  96      E1060909 
  96      DE2339FD 
  96      6E381BD4 
  96      C9
  97 0134 330C31ED 		.ascii	"3\0141\355m\373T0u\375^\007;sna\333\227B2a\312LV\203"
  97      6DFB5430 
  97      75FD5E07 
  97      3B736E61 
  97      DB974232 
  98 014d C8E4B397 		.ascii	"\310\344\263\227\263K\030E\026\026\227\3436R@^\323\313"
  98      B34B1845 
  98      161697E3 
  98      3652405E 
  98      D3CB
  99 015f CAE4C913 		.ascii	"\312\344\311\023\343\336\310\2306\030\211ZlbF\366\015"
  99      E3DEC898 
  99      3618895A 
  99      6C6246F6 
  99      0D
 100 0170 3AFCB29A 		.ascii	":\374\262\232z\233[\361\027W\327E\354\303\035D\006Y"
 100      7A9B5BF1 
 100      1757D745 
 100      ECC31D44 
 100      0659
 101 0182 17855944 		.ascii	"\027\205YD\204\246\355tG\316\347\302\030.\317\225\256"
 101      84A6ED74 
 101      47CEE7C2 
 101      182ECF95 
 101      AE
 102 0193 8D9C4FF3 		.ascii	"\215\234O\363\370\000\334\025\033A.\244\241\367\374"
 102      F800DC15 
 102      1B412EA4 
 102      A1F7FC
 103 01a2 17DEBD92 		.ascii	"\027\336\275\222xs\245\361\346\177\341\335GD\220\264"
 103      7873A5F1 
 103      E67FE1DD 
 103      474490B4 
 104 01b2 797F7AF1 		.ascii	"y\177z\361R\300E\344?\373\305N\277\354\225\361\027A"
 104      52C045E4 
 104      3FFBC54E 
 104      BFEC95F1 
 104      1741
 105 01c4 F14EE824 		.ascii	"\361N\350$[\372h\374\031\241X(\002$\254\325\253E\200"
 105      5BFA68FC 
ARM GAS  /tmp/ccM7hbFV.s 			page 8


 105      19A15828 
 105      0224ACD5 
 105      AB4580
 106 01d7 90C51558 		.ascii	"\220\305\025Xt\374\015\327\177z\365\315\204\241\213"
 106      74FC0DD7 
 106      7F7AF5CD 
 106      84A18B
 107 01e6 D1DAA09C 		.ascii	"\321\332\240\234\"\036HS\010\017\245\004\327\031\256"
 107      221E4853 
 107      080FA504 
 107      D719AE
 108 01f5 AF67A7D1 		.ascii	"\257g\247\321g\30352\377i\264T\332\350\221c\264\254"
 108      67C33532 
 108      FF69B454 
 108      DAE89163 
 108      B4AC
 109 0207 8D3EA03D 		.ascii	"\215>\240=\344|k;\332\033\030\322\235\300c\275GJ\027"
 109      E47C6B3B 
 109      DA1B18D2 
 109      9DC063BD 
 109      474A17
 110 021a 0A8B2BE9 		.ascii	"\012\213+\351#\222#_{\034.\347\247\352f\374\376\324"
 110      2392235F 
 110      7B1C2EE7 
 110      A7EA66FC 
 110      FED4
 111 022c 886A6A6B 		.ascii	"\210jjk\303r\037\253o\211\326\037\017\037hh<\332x\350"
 111      C3721FAB 
 111      6F89D61F 
 111      0F1F6868 
 111      3CDA78E8 
 112 0240 70B82916 		.ascii	"p\270)\026n\211\207c-u\341\272\206X\374H<V[G\034\215"
 112      6E898763 
 112      2D75E1BA 
 112      8658FC48 
 112      3C565B47 
 113 0256 377353BC 		.ascii	"7sS\274\371\007\317^.\030"
 113      F907CF5E 
 113      2E18
 114              		.text
 115              		.section	.gnu.lto___stats_start_measure_crit_thd.7ae9d79f78433b87,"e",%progbits
 116 0000 789C5D8F 		.ascii	"x\234]\217MK\002a\020\307\347\277\243\353\026\3249\210"
 116      4D4B0261 
 116      10C7E7BF 
 116      A3EB16D4 
 116      3988
 117 0012 3E8004AE 		.ascii	">\200\004\256\037!\010\272v\350\322\265DP\212\002\365"
 117      1F2108BA 
 117      76E8D2B5 
 117      44508A02 
 117      F5
 118 0023 EEA3590A 		.ascii	"\356\243Y\012\246A\021\352!V\022\351\345\320\013\035"
 118      A64111EA 
 118      215612E9 
 118      E5D00B1D 
 119 0033 227BDB3A 		.ascii	"\"{\333:t\352\020Q\0354:t\210\016Q\337@\233]\205\240"
 119      74EA1051 
ARM GAS  /tmp/ccM7hbFV.s 			page 9


 119      1D343A74 
 119      880E51DF 
 119      409B5D85 
 120 0048 E1197866 		.ascii	"\341\031xf~3\363\2371\0104\015\242Q\"\032\021\007\023"
 120      7E33F39F 
 120      3108340D 
 120      A251221A 
 120      110713
 121 005b 34A5D498 		.ascii	"4\245\324\230/eh\200\373S\006(\251!\2115.1n\263\037"
 121      2F656880 
 121      FB530628 
 121      A9218935 
 121      2E316EB3 
 122 0070 679A7F47 		.ascii	"g\232\177G\210\262KO\372\212Z\036\262\230\250\"\336"
 122      88B24B4F 
 122      FA8A5A1E 
 122      B298A822 
 122      DE
 123 0081 3534E027 		.ascii	"54\340'\222\312\367\343\366\346\200\356\351!\234C\027"
 123      92CAF7E3 
 123      F6E680EE 
 123      E9219C43 
 123      17
 124 0092 31A2C347 		.ascii	"1\242\303G\257\255\332\235\254\262_\353hM\010\31439"
 124      AFADDA9D 
 124      ACB25FEB 
 124      684D08CC 
 124      3339
 125 00a4 E33C5036 		.ascii	"\343<P6\321*k\335 %\301\0272\325\223\002\273\2752qk"
 125      D12A6BDD 
 125      2025C117 
 125      32D59302 
 125      BBBD3271 
 126 00b9 F7BED397 		.ascii	"\367\276\323\227A:eX\214\012\3134\\ \003\007\025\227"
 126      413A6558 
 126      8C0ACB34 
 126      5C200307 
 126      1597
 127 00cb 7EDE8C22 		.ascii	"~\336\214\"[\254\341\177\245Vs\026\220\344K\353\356"
 127      5BACE17F 
 127      A5567316 
 127      90E44BEB 
 127      EE
 128 00dc 0175D460 		.ascii	"\001u\324`1\343J\032q\211a\2274\326sGz\360\300\021\256"
 128      31E34A1A 
 128      71896197 
 128      34D67347 
 128      7AF0C011 
 129 00f1 EE6B167B 		.ascii	"\356k\026{p-\205ewq\301\231\317\275f\177\017o\213\206"
 129      702D8565 
 129      7771C199 
 129      CFBD667F 
 129      0F6F8B86 
 130 0105 17368265 		.ascii	"\0276\202eG\337\2417\317\315\015v\264r\202\007-\326"
 130      47DFA137 
 130      CFCD0D76 
 130      B4728207 
ARM GAS  /tmp/ccM7hbFV.s 			page 10


 130      2DD6
 131 0117 718360F7 		.ascii	"q\203`\367\334[\021\261\330G\337HWO\013p\223\216\345"
 131      DC5B11B1 
 131      D847DF48 
 131      574F0B70 
 131      938EE5
 132 012a 197F1713 		.ascii	"\031\177\027\023\371\003\001S\336\\8\266\020\2367\307"
 132      F9030153 
 132      DE5C38B6 
 132      109E37C7 
 133 013a 23D1D9E8 		.ascii	"#\321\331\350\344\224\271\0307c\0113\036\013\231\241"
 133      E494B918 
 133      37630933 
 133      1E0B99A1 
 134 014a 483C3193 		.ascii	"H<1\223\210\007B\364\013_\232}\242"
 134      880742F4 
 134      0B5F9A7D 
 134      A2
 135              		.text
 136              		.section	.gnu.lto___stats_stop_measure_crit_thd.7ae9d79f78433b87,"e",%progbits
 137 0000 789C5D8F 		.ascii	"x\234]\217MK\002a\020\307\347\277\243\353\026\3249\210"
 137      4D4B0261 
 137      10C7E7BF 
 137      A3EB16D4 
 137      3988
 138 0012 3E8004AE 		.ascii	">\200\004\256\037!\010\272v\350\322\265$P\212\002\365"
 138      1F2108BA 
 138      76E8D2B5 
 138      24508A02 
 138      F5
 139 0023 EEA3590A 		.ascii	"\356\243Y\012\246A\021\352!V\020{\271\364r\314\336V"
 139      A64111EA 
 139      2156107B 
 139      B9F472CC 
 139      DE56
 140 0035 0F9D3A44 		.ascii	"\017\235:DT\007\203\016\035\242C\324\241\240C\240\315"
 140      5407830E 
 140      1DA243D4 
 140      A1A043A0 
 140      CD
 141 0046 AE42D0F0 		.ascii	"\256B\320\360\014<3\277\231\371\317\030\004\232\006"
 141      0C3C33BF 
 141      99F9CF18 
 141      049A06
 142 0055 D128118D 		.ascii	"\321(\021\215\210\203\011\232Rj\314\22744\300\375)\003"
 142      8883099A 
 142      526ACC97 
 142      3434C0FD 
 142      2903
 143 0067 94D090C0 		.ascii	"\224\320\220\300:\027\031\315\314\313\211\346\337\025"
 143      3A1719CD 
 143      CCCB89E6 
 143      DF15
 144 0075 A2ECE297 		.ascii	"\242\354\342\227\276\252V\206,&*\213w\015u\370\211\244"
 144      BEAA5686 
 144      2C262A8B 
 144      770D75F8 
ARM GAS  /tmp/ccM7hbFV.s 			page 11


 144      89A4
 145 0087 F2F9B8BD 		.ascii	"\362\371\270\2755\240{z\010\247\320E\214\350\360\326"
 145      35A07B7A 
 145      08A7D045 
 145      8CE8F0D6 
 146 0097 6BAB7627 		.ascii	"k\253v'\243\354\273\032~&\004\346\230\234q\036(\233"
 146      A3ECBB1A 
 146      7E2604E6 
 146      989C711E 
 146      289B
 147 00a9 688DB56E 		.ascii	"h\215\265n\220\224\340\015\351\312g\236\335^\231\270"
 147      9094E00D 
 147      E9CA679E 
 147      DD5E99B8 
 148 00b9 BD77DDE9 		.ascii	"\275w\335\351K#\2254,F\231e\032\316\220\206\203\012"
 148      4B239534 
 148      2C469965 
 148      1ACE9086 
 148      830A
 149 00cb CB1F4F46 		.ascii	"\313\037OF\201-\326\360\277R\253:\013H\362\341\361\352"
 149      812DD6F0 
 149      BF52AB3A 
 149      0B48F2E1 
 149      F1EA
 150 00dd 06355461 		.ascii	"\0065Ta1\343B\032q\216a\227\3247\262Gz\360\300\021\256"
 150      31E3421A 
 150      718E6197 
 150      D437B247 
 150      7AF0C011 
 151 00f2 EC68167B 		.ascii	"\354h\026{p)\205%wq\301\351\327\375V\177\017\267\005"
 151      70298525 
 151      7771C1E9 
 151      D7FD567F 
 151      0FB705
 152 0105 7B612358 		.ascii	"{a#Xr\364\035\332\270om\262\243\225\025<h\261\216\006"
 152      72F41DDA 
 152      B86F6DB2 
 152      A395153C 
 152      68B18E06 
 153 0119 82DD739B 		.ascii	"\202\335s\233\"b\261\217\336\221\252|\347\341&\035\313"
 153      2262B18F 
 153      DE91AA7C 
 153      E7E1261D 
 153      CB
 154 012a 31FE2E26 		.ascii	"1\376.&\362\007\002\246\274\371\271\350\342\334\202"
 154      F20702A6 
 154      BCF9B9E8 
 154      E2DC82
 155 0139 391E8ECC 		.ascii	"9\036\216\314F&\247\314\245\230\031\215\233\261h\310"
 155      4626A7CC 
 155      A598198D 
 155      9BB168C8 
 156 0149 0C8563F1 		.ascii	"\014\205c\361\231x,\020\242_)\010~\261"
 156      99782C10 
 156      A25F2908 
 156      7EB1
 157              		.text
ARM GAS  /tmp/ccM7hbFV.s 			page 12


 158              		.section	.gnu.lto___stats_start_measure_crit_isr.7ae9d79f78433b87,"e",%progbits
 159 0000 789C5D8F 		.ascii	"x\234]\217KKBa\020\206\347=\343\345\024\324:\210~\200"
 159      4B4B4261 
 159      1086E73D 
 159      E3E514D4 
 159      3A887E80 
 160 0014 041E7F42 		.ascii	"\004\036\177B\320\242e\2136mK\004\245(P\367~\232\245"
 160      D0A2658B 
 160      366D4B04 
 160      A52850F7 
 160      7E9AA5
 161 0027 609CA00B 		.ascii	"`\234\240\013*\021G\022\351\262\350B\213\310nG\027\255"
 161      2A114712 
 161      E9B2E842 
 161      8BC86E47 
 161      17AD
 162 0039 5A44500B 		.ascii	"ZDP\013\213\026-\242E\324?\320\346\034\205\240\341\033"
 162      8B162DA2 
 162      45D43FD0 
 162      E61C85A0 
 162      E11B
 163 004b F8669E99 		.ascii	"\370f\236\231ygt\002M\203h\224\210F\304\301\004M)5\346"
 163      79677402 
 163      4D836894 
 163      8846C4C1 
 163      044D2935 
 164 0060 4FEB1AE0 		.ascii	"O\353\032\340\376\224\016JiHa\215\213\214f\356\343B"
 164      FE940E4A 
 164      6948618D 
 164      8B8C66EE 
 164      E342
 165 0072 0BEC0951 		.ascii	"\013\354\011Qvq\323\277\242\226\207,&*\213w\015u\004"
 165      7671D3BF 
 165      A296872C 
 165      262A8B77 
 165      0D7504
 166 0085 88A4F2FD 		.ascii	"\210\244\362\375\264\2755\340\363\364\020.\341\0231"
 166      B4BD35E0 
 166      F3F4102E 
 166      E11331
 167 0094 A2E347AF 		.ascii	"\242\343G\257\255\332\235\234\262_k\330\236\020X`r\306"
 167      ADDA9D9C 
 167      B25F6BD8 
 167      9E105860 
 167      72C6
 168 00a6 79A06CA2 		.ascii	"y\240l\242U\326\272AZ\202/d+g&\273\2752qg\377\276\323"
 168      55D6BA41 
 168      5A822F64 
 168      2B6726BB 
 168      BD327167 
 169 00bd 974526AD 		.ascii	"\227E&\255[\2142\3134\\!\013\007\231K?o\272\311\026"
 169      5B8C32CB 
 169      345C210B 
 169      07994B3F 
 169      6FBAC916 
 170 00d1 6BF85FA9 		.ascii	"k\370_\251U\235\005$\371\374r\367\200\032\252\260\230"
 170      559D0524 
ARM GAS  /tmp/ccM7hbFV.s 			page 13


 170      F9FC72F7 
 170      801AAAB0 
 170      98
 171 00e2 71238DB8 		.ascii	"q#\215\270\306\260K\352\353\371\023_\350\310\021\256"
 171      C6B04BEA 
 171      EBF9135F 
 171      E8C811AE 
 172 00f2 1C6A167B 		.ascii	"\034j\026{p+\205%wq\301\331\317\203V\177\017\357\212"
 172      702B8525 
 172      7771C1D9 
 172      CF83567F 
 172      0FEF8A
 173 0105 86173642 		.ascii	"\206\0276B%G\337\241\215\247\326\006;Zy\301\203\026"
 173      2547DFA1 
 173      8DA7D606 
 173      3B5A79C1 
 173      8316
 174 0117 FBD040A8 		.ascii	"\373\320@\250{nSD,\366\32372\225s\023n\322\261\002\343"
 174      7B6E5344 
 174      2CF6D337 
 174      32957313 
 174      6ED2B102 
 175 012c EF62A240 		.ascii	"\357b\242@0h\310\233\213\304\027\"\363\306x46\033\233"
 175      3068C89B 
 175      8BC41722 
 175      F3C67834 
 175      361B9B
 176 013f 9C321613 		.ascii	"\2342\026\023F<i$\342a#\034M$g\222\211`\230~\001\273"
 176      463C6924 
 176      E261231C 
 176      4D246792 
 176      8960987E 
 177 0155 3A7D26   		.ascii	":}&"
 178              		.text
 179              		.section	.gnu.lto___stats_stop_measure_crit_isr.7ae9d79f78433b87,"e",%progbits
 180 0000 789C5D8F 		.ascii	"x\234]\217MK\002a\020\307\347\277\243\353\026\3249\210"
 180      4D4B0261 
 180      10C7E7BF 
 180      A3EB16D4 
 180      3988
 181 0012 3E8004AE 		.ascii	">\200\004\256\037!\350\320\261C\227\256%\201R\024\250"
 181      1F21E8D0 
 181      B14397AE 
 181      25815214 
 181      A8
 182 0023 771F6D4B 		.ascii	"w\037mK\3010(B=\304\012b/\227^\240K\332\313\352\241"
 182      C1302842 
 182      3DC40A62 
 182      2F975EA0 
 182      4BDACBEA 
 183 0038 538788EA 		.ascii	"S\207\210\352`\320\241Ct\210:t\350\246\315\256B\320"
 183      60D0A143 
 183      74883A74 
 183      E8A6CDAE 
 183      42D0
 184 004a F00C3C33 		.ascii	"\360\014<3\277\231\371\317\030\004\232\005\3218\021"
 184      BF99F9CF 
ARM GAS  /tmp/ccM7hbFV.s 			page 14


 184      18049A05 
 184      D13811
 185 0059 8D898309 		.ascii	"\215\211\203\011\232Rj\"\22064\300\373)\003\224\322"
 185      9A526A22 
 185      903634C0 
 185      FB290394 
 185      D2
 186 006a 90C22617 		.ascii	"\220\302&\027\031\255\354\333\271\026\334\027\242\234"
 186      19ADECDB 
 186      B916DC17 
 186      A29C
 187 0078 E259605D 		.ascii	"\342Y`]\255\215\330LT\026\357\031\352\010\022I\345\353"
 187      AD8DD84C 
 187      5416EF19 
 187      EA081249 
 187      E5EB
 188 008a 69676748 		.ascii	"iggH\367\365\021\032\320E\214\350\370\336\357\250N7"
 188      F7F5111A 
 188      D0458CE8 
 188      F8DEEFA8 
 188      4E37
 189 009c AB9C871A 		.ascii	"\253\234\207\032\032S\002\363L\3568\037\224C\264\301"
 189      1A5302F3 
 189      4CEE381F 
 189      9443B4C1 
 190 00ac 5A2F484B 		.ascii	"Z/HK\360\001\253\362]`\257W&\356\036\334v\007,d\322"
 190      F001ABF2 
 190      5D60AF57 
 190      26EE1EDC 
 190      76072C64 
 191 00c1 86CD28B3 		.ascii	"\206\315(\263L\303\005,\270\250\260\372\365b\024\330"
 191      4CC3052C 
 191      B8A8B0FA 
 191      F56214D8 
 192 00d1 660DFF2B 		.ascii	"f\015\377+\265\252\273\200$\237\236o\356PC\02563\256"
 192      B5AABB80 
 192      249F9E6F 
 192      EE504315 
 192      3633AE
 193 00e4 A4119718 		.ascii	"\244\021\227\030\365H}+w\242\207\217\\\341\312\236f"
 193      F5487D2B 
 193      77A2878F 
 193      5CE1CA9E 
 193      66
 194 00f5 B30FD752 		.ascii	"\263\017\327RX\362\026\027l\275\037\266\007\373\270"
 194      58F21617 
 194      6CBD1FB6 
 194      07FBB8
 195 0104 23D80F07 		.ascii	"#\330\017\007\341\222\253\357\322\346c{\233]\255\234"
 195      E192ABEF 
 195      D2E6637B 
 195      9B5DAD9C 
 196 0114 E0619B75 		.ascii	"\340a\233u4\021\356\235\333\022\021\233\003\364\211"
 196      3411EE9D 
 196      DB12119B 
 196      03F489
 197 0123 4CE5A700 		.ascii	"L\345\247\000/\351Z\236\361w1Q0\0242\345-.\304\227\027"
ARM GAS  /tmp/ccM7hbFV.s 			page 15


 197      2FE95A9E 
 197      F1773151 
 197      301432E5 
 197      2D2EC497 
 198 0138 96CCC968 		.ascii	"\226\314\311hl>6=c\256$\314x\322L\304#f$\232H\316%\023"
 198      6C3E363D 
 198      63AE24CC 
 198      78D24CC4 
 198      2366249A 
 199 0150 A108FD02 		.ascii	"\241\010\375\002\204\250~5"
 199      84A87E35 
 200              		.text
 201              		.section	.gnu.lto_.symbol_nodes.7ae9d79f78433b87,"e",%progbits
 202 0000 789C75CE 		.ascii	"x\234u\316\275\025\3020\014\004\340\323\311N\314\024"
 202      BD15C230 
 202      0C04E0D3 
 202      C94ECC14 
 203 0010 50D0B203 		.ascii	"P\320\262\003LvY \020~\207\241\246f%pHBe_\245w\237\336"
 203      4C765920 
 203      107E87A1 
 203      A6662570 
 203      4842655F 
 204 0028 93120C3B 		.ascii	"\223\022\014;\003\300\236B\227\023lx\003\002\236\335"
 204      03C09E42 
 204      97136C78 
 204      03029EDD 
 205 0038 01A3205E 		.ascii	"\001\243 ^\211\315\270r\244\254\274\302\023\305\012"
 205      89CDB872 
 205      A4ACBCC2 
 205      13C50A
 206 0047 0D9457E8 		.ascii	"\015\224W\350L\205\012]\250X&\273Q\315g\316\372\307"
 206      4C850A5D 
 206      A85826BB 
 206      51CD67CE 
 206      FAC7
 207 0059 C89FEFB3 		.ascii	"\310\237\357\263\334\251\266,\017*\025\305\331Ng^\346"
 207      DCA9B62C 
 207      0F2A15C5 
 207      D94E675E 
 207      E6
 208 006a 9EA671EB 		.ascii	"\236\246q\353a\265L\361\3375K\207/\335\303V\332"
 208      61B54CF1 
 208      DF354B87 
 208      2FDDC356 
 208      DA
 209              		.text
 210              		.section	.gnu.lto_.refs.7ae9d79f78433b87,"e",%progbits
 211 0000 789C15C7 		.ascii	"x\234\025\307\311\015\000 \000\204@X\217\330\210\375"
 211      C90D0020 
 211      00844058 
 211      8FD888FD 
 212 0010 B7E8CA63 		.ascii	"\267\350\312c\022\016r\201\200\321\231`\033\216^\267"
 212      120E7281 
 212      80D19960 
 212      1B8E5EB7 
 213 0020 ACCF2E3C 		.ascii	"\254\317.<\013\322\000k"
 213      0BD2006B 
ARM GAS  /tmp/ccM7hbFV.s 			page 16


 214              		.text
 215              		.section	.gnu.lto_.decls.7ae9d79f78433b87,"e",%progbits
 216 0000 789CB55A 		.ascii	"x\234\265Z\011T\224\331\225\256W\257\250\215\002\022"
 216      095494D9 
 216      95AE57AF 
 216      A88D0212 
 217 0010 A0D33D31 		.ascii	"\240\323=1\311\351\3111'=\223\2611\323}&\3519\311\234"
 217      C9E9C931 
 217      273D93B1 
 217      31D37D26 
 217      E939C99C 
 218 0024 CEF4F44C 		.ascii	"\316\364\364L\372\31413'\235\311I&9\251\306\242ZH\263"
 218      FACC3133 
 218      279DC949 
 218      2639A9C6 
 218      A25A48B3 
 219 0038 A5AA7099 		.ascii	"\245\252p\231d\222\237U\020\004\004\005di\021qA\005"
 219      64929F55 
 219      10040405 
 219      64691171 
 219      4105
 220 004a 51111550 		.ascii	"Q\021\025PY\334\330\021\024\024\224MA\331DAv\204\271"
 220      59DCD811 
 220      1414944D 
 220      41D94441 
 220      7684B9
 221 005d 6F29EA2F 		.ascii	"o)\352/\352/\332\344\234Ao\325\177_\335\373\335\373"
 221      EA2FDAE4 
 221      9C416FD5 
 221      7F5FDDFB 
 221      DDFB
 222 006f EEBBEFBE 		.ascii	"\356\273\357\276\245J-C\262\352\357\310d_W\311d\202"
 222      A54A2D43 
 222      B2EAEFC8 
 222      645F57C9 
 222      6482
 223 0081 5C265B86 		.ascii	"\\&[\206?x\224\335\002R\000\231\221Lf\001\022\200~\003"
 223      3F7894DD 
 223      02520099 
 223      914C6601 
 223      12807E03 
 224 0095 84A1AD03 		.ascii	"\204\241\255\003\336\377\010\364\007 \015\360\275\360"
 224      DEFF08F4 
 224      07200DF0 
 224      BDF0
 225 00a3 3E00F418 		.ascii	">\000\364\030h\010h\004h\014h\006h\021h\031\010\376"
 225      68086804 
 225      680C6806 
 225      68116819 
 225      08FE
 226 00b5 CBE4802F 		.ascii	"\313\344\200/\376\253\302L\337\037\350\333\304\036|"
 226      FEABC24C 
 226      DF1FE8DB 
 226      C41E7C
 227 00c4 AE047205 		.ascii	"\256\004r\005\322\001!9\263\373\023 9\267\373?\374\231"
 227      D2012139 
 227      B3FB1320 
ARM GAS  /tmp/ccM7hbFV.s 			page 17


 227      39B7FB3F 
 227      FC99
 228 00d6 D8F4944B 		.ascii	"\330\364\224K\343\326\003\256;\307\365\004\362\346\375"
 228      E3D603AE 
 228      3BC7F504 
 228      F2E6FD
 229 00e5 2036485F 		.ascii	" 6H_Vc\233x\337\274\240mZ\324\307\337\003}\302\355\015"
 229      56639B78 
 229      DFBCA06D 
 229      5AD4C7DF 
 229      037DC2ED 
 230 00fa F0FE48D9 		.ascii	"\360\376H\331k\006\0055\267\347\275\312\367\337\360"
 230      6B060535 
 230      B7E7BDCA 
 230      F7DFF0
 231 0109 F82D88FA 		.ascii	"\370-\210\372\360G\376\374\230\307G\012\263\355/\304"
 231      F047FEFC 
 231      98C7470A 
 231      B3ED2FC4 
 232 0119 1C5A23DE 		.ascii	"\034Z#\336\035\177&\346\037\370\363\310\032~v\375\205"
 232      1D7F26E6 
 232      1FF8F3C8 
 232      1A7E76FD 
 232      85
 233 012a 98636BF8 		.ascii	"\230ck\370\231\216Qzz\327\021-\226#\362\234S^\373\256"
 233      998E517A 
 233      7AD7112D 
 233      9623F29C 
 233      535EFBAE 
 234 013e 4FA1C0FE 		.ascii	"O\241\300\376\324\277\222\2412\204m\222\335\0219\263"
 234      D4BF92A1 
 234      32846D92 
 234      DD1139B3 
 235 014e BA448C3C 		.ascii	"\272D\214<\265H\001\354\336\272\222Z-\260\336Z\364&"
 235      B54801EC 
 235      DEBA925A 
 235      2DB0DE5A 
 235      F426
 236 0160 B0F5592D 		.ascii	"\260\365Y-\341Z\366\351M\"]X\232\220\245b\374\033\300"
 236      E15AF6E9 
 236      4D225D58 
 236      9A90A562 
 236      FC1BC0
 237 0173 D6B54C3C 		.ascii	"\326\265L<\3231\351J\004\374\276\343U\213\034\254\222"
 237      D331E94A 
 237      04FCBEE3 
 237      558B1CAC 
 237      92
 238 0184 88DF6EE9 		.ascii	"\210\337n\351>\214\361\273\324\215\212\230\227\227\211"
 238      3E8CF1BB 
 238      D48D8A98 
 238      979789
 239 0193 EAB7B588 		.ascii	"\352\267\265\210L\022\017h\2721>v\033\261&\"!\354]8"
 239      4C120F68 
 239      BA313E76 
 239      1BB12622 
 239      21EC5D38 
ARM GAS  /tmp/ccM7hbFV.s 			page 18


 240 01a7 E0867F48 		.ascii	"\340\206\177H\237Kg\372:5\332XA\210\020r#\005\315\217"
 240      9F4B67FA 
 240      3A35DA58 
 240      41881072 
 240      2305CD8F 
 241 01bb 65E8125A 		.ascii	"e\350\022Z\207*\320:\031\272\206\250F9\362AW\241\255"
 241      872AD03A 
 241      19BA86A8 
 241      4639F241 
 241      57A1AD
 242 01ce 06DA40E1 		.ascii	"\006\332@\341\376\331\3355j\374!U^<\334|W\2157\321\347"
 242      FED9DD35 
 242      6AFC2155 
 242      5E3CDC7C 
 242      578D37D1 
 243 01e3 4793275F 		.ascii	"G\223'_xx\355\341\335\027\020\011\230\014\335\004\214"
 243      7878EDE1 
 243      DD171009 
 243      980CDD04 
 243      8C
 244 01f4 5AE44540 		.ascii	"Z\344E@x\034N\326\025\355\325\352v\255\030\244\037["
 244      781C4ED6 
 244      15EDD5EA 
 244      76AD18A4 
 244      1F5B
 245 0206 6DCA501D 		.ascii	"m\312P\035\3221\271[\251\235=\032\326\305\357\003\033"
 245      D231B95B 
 245      A99D3D1A 
 245      D6C5EF03 
 245      1B
 246 0217 F928A7CF 		.ascii	"\371(\247\317\035\377\234\232\272\236\024\225\240\305"
 246      1DFF9C9A 
 246      BA9E1495 
 246      A0C5
 247 0225 7AFA7C6F 		.ascii	"z\372|o\362\310\005Wi\377\033%\375\357_^\372-\376\214"
 247      F2C80557 
 247      69FF1B25 
 247      FDEF5F5E 
 247      FA2DFE8C 
 248 0239 EA3E1F3B 		.ascii	"\352>\037;\335\350\201\315\3649\371\376\\\205+\376="
 248      DDE881CD 
 248      F439F9FE 
 248      5C852BFE 
 248      3D
 249 024a 7DBE9A3F 		.ascii	"}\276\232?;\214\035\272\322\002p\255v]\2714\334\267"
 249      3B8C1DBA 
 249      D20270AD 
 249      765DB934 
 249      DCB7
 250 025c 5B85C9E7 		.ascii	"[\205\311\347\300\024\024\277HU9(\2659(\2358R>\200\304"
 250      C01414BF 
 250      48553928 
 250      B539289D 
 250      38523E80 
 251 0271 FDBF6DD7 		.ascii	"\375\277m\327\377;\274\377\362\224\236]\005.\310k=E"
 251      FF3BBCFF 
 251      F2949E5D 
ARM GAS  /tmp/ccM7hbFV.s 			page 19


 251      052EC86B 
 251      3D45
 252 0283 04490129 		.ascii	"\004I\001)D}#\316\2643\\\324\201\326\023\354<\002Y\331"
 252      447D23CE 
 252      B4335CD4 
 252      81D613EC 
 252      3C0259D9 
 253 0297 51B0FEE8 		.ascii	"Q\260\376\350\215\030!\271\012\021(t\213\313\331\014"
 253      8D1821B9 
 253      0A112874 
 253      8BCBD90C 
 254 02a7 F89097EF 		.ascii	"\370\220\227\357\256c\276\274\330\323\353\346%m\241"
 254      AE63BEBC 
 254      D8D3EBE6 
 254      256DA1
 255 02b6 CDD10268 		.ascii	"\315\321\002h\324\234\357\032\222\263Q\331\010\354\261"
 255      D49CEF1A 
 255      92B351D9 
 255      08ECB1
 256 02c5 E19E458C 		.ascii	"\341\236E\214/\260\010\364\335\277Q\354\216\313\030"
 256      2FB008F4 
 256      DDBF51EC 
 256      8ECB18
 257 02d4 533E9355 		.ascii	"S>\223U\356\201\253\030\323\370pyB\213o2&~\337\330\021"
 257      EE81AB18 
 257      D3F87079 
 257      428B6F32 
 257      267EDFD8 
 258 02e9 77DCCC98 		.ascii	"w\334\314\230\253\003m\311.\016Q\353\006\333=vQ\273"
 258      AB036DC9 
 258      2E0E51EB 
 258      06DB3D76 
 258      51BB
 259 02fb 91DBBA5F 		.ascii	"\221\333\272_'\216Z\217]\247z\255Ys\2759wR\215\3573"
 259      278E5A8F 
 259      5DA77AAD 
 259      5973BD39 
 259      77528DEF 
 260 0310 F091C113 		.ascii	"\360\221\301\023\355r\334\317\230\250\235\373k\345\016"
 260      ED72DCCF 
 260      98A89DFB 
 260      6BE50E
 261 031f 96FAC1D2 		.ascii	"\226\372\301\322C;Kg\227\013b0\036\345JS\007\246\035"
 261      433B4B67 
 261      970B6230 
 261      1EE54A53 
 261      07A61D
 262 0332 DD7BE4A0 		.ascii	"\335{\344\240\224v\2421G-vo\300\316\275A\253{\027\367"
 262      9476A231 
 262      472D766F 
 262      C0CEBD41 
 262      AB7B17F7 
 263 0346 A48CA9F1 		.ascii	"\244\214\251\361\024\003\177\324\\R\245t\246\204\036"
 263      14037FD4 
 263      5C52A574 
 263      A6841E
 264 0355 839115BD 		.ascii	"\203\221\025\275\247\011\271M\012\261\350\023\030[\033"
ARM GAS  /tmp/ccM7hbFV.s 			page 20


 264      A709B94D 
 264      0AB1E813 
 264      185B1B
 265 0364 FE9055AE 		.ascii	"\376\220U\256;#\276\334\025\307\262zt9i\342\202\006"
 265      3B23BEDC 
 265      15C7B27A 
 265      743969E2 
 265      8206
 266 0376 273166AA 		.ascii	"'1f\252*\273E\001\003\247dUA\005M\355\3517\276\307Z"
 266      2ABB4501 
 266      03A76455 
 266      41054DED 
 266      E937BEC7 
 267 038b 48DFB643 		.ascii	"H\337\266CKGB[\227\022g0\215\371\375\213\247\351\314"
 267      4B47425B 
 267      97126730 
 267      8DF9FD8B 
 267      A7E9CC
 268 039e 121C66D6 		.ascii	"\022\034f\326SD\325Hj\214A\333(\233Y;g\373\213=\360"
 268      5344D548 
 268      6A8C41DB 
 268      289B593B 
 268      67FB8B3D 
 269 03b3 E7545B3D 		.ascii	"\347T[=r\340T\036F\353\331\237w\036A\251\034ox\2536"
 269      72E0541E 
 269      46EBD99F 
 269      771E41A9 
 269      1C6F78AB 
 270 03c8 65481052 		.ascii	"eH\020R\336@\343H\213F\000e\026yK\345&\223\357\374q"
 270      DE40E348 
 270      8B460065 
 270      16794BE5 
 270      2693EFFC 
 271 03dd A65019A5 		.ascii	"\246P\031\245\244\302\317\326\024\206\304o\252\363\316"
 271      A4C2CFD6 
 271      1486C46F 
 271      AAF3CE
 272 03ec 8F146E7E 		.ascii	"\217\024n~\202\266\350\320\360\027\011/5y2\341&\200"
 272      82B6E8D0 
 272      F017092F 
 272      357932E1 
 272      2680
 273 03fe EEFA22E9 		.ascii	"\356\372\"\351\351\006\016\015i\206\036|\221t\365\277"
 273      E9060E0D 
 273      69861E7C 
 273      9174F5BF 
 274 040e 33AF6150 		.ascii	"3\257aPP\337\027\011\317ob\302P\366\320}\347\302)RS"
 274      50DF1709 
 274      CF6F62C2 
 274      50F6D07D 
 274      E7C22952 
 275 0423 5446A5C9 		.ascii	"TF\245\311 L\240\365\3509\320$\3204\320\024\320\014"
 275      204CA0F5 
 275      E839D024 
 275      D034D014 
 275      D00C
 276 0435 D08B9579 		.ascii	"\320\213\225y;~\265!\311\015\337a#;\2207\372\032\233"
ARM GAS  /tmp/ccM7hbFV.s 			page 21


 276      3B7EB521 
 276      C90DDF61 
 276      233B9037 
 276      FA1A9B
 277 0448 C36F0177 		.ascii	"\303o\001ww~O\274\026?`\037=>^~J\211\007\031c\235\354"
 277      777E4FBC 
 277      163F601F 
 277      3D3E5E7E 
 277      4A890719 
 278 045f DE6CB25B 		.ascii	"\336l\262[\227,O\266d\015GV\366)\360\030\023\255\354"
 278      972C4FB6 
 278      640D4756 
 278      F629F018 
 278      13ADEC
 279 0472 DD3D87E1 		.ascii	"\335=\207\341\263\257Az!\321\212\3635\266\342D\244\266"
 279      B3AF417A 
 279      21D18AF3 
 279      35B6E244 
 279      A4B6
 280 0484 9DD4E009 		.ascii	"\235\324\340\011&\333\037u`\023\253\330\302!\001\277"
 280      26DB1F75 
 280      6013ABD8 
 280      C22101BF 
 281 0494 2143EFAC 		.ascii	"!C\357\254C\033!\253\"\344T\236t(\\\276\016\011\362"
 281      431B21AB 
 281      22E4549E 
 281      74285CBE 
 281      0E09F2
 282 04a7 752267BD 		.ascii	"u\"g\275\231\263\3732\007\337\300\363\014'>a\351\024"
 282      99B3FB32 
 282      07DFC0F3 
 282      0C273E61 
 282      E914
 283 04b9 C602E6EB 		.ascii	"\306\002\346\353\300\301\373:)\324\030I\324\0079\343"
 283      C0C1FB3A 
 283      29D41849 
 283      D40739E3 
 284 04c9 930A1CCB 		.ascii	"\223\012\034\313t\363kN\335R\021\357\011S[Z\230\251"
 284      74F36B4E 
 284      DD5211EF 
 284      09535B5A 
 284      98A9
 285 04db 91028A93 		.ascii	"\221\002\212\223\004\232\337\233\361\016Ng\252'\307"
 285      049ADF9B 
 285      F10E4E67 
 285      AA27C7
 286 04ea A7CAC9CA 		.ascii	"\247\312\311\312\373\226\026\375I\024\203\267X\014\272"
 286      FB9616FD 
 286      491483B7 
 286      580CBA
 287 04f9 4F755D55 		.ascii	"Ou]U\340\317\231\350\225\345\264+\012\026K\265h=\367"
 287      E0CF99E8 
 287      95E5B42B 
 287      0A164BB5 
 287      683DF7
 288 050c E6EB79D3 		.ascii	"\346\353y\323Xt\012_\325\212#\205/\207\177W\206\222"
 288      58740A5F 
ARM GAS  /tmp/ccM7hbFV.s 			page 22


 288      D58A2385 
 288      2F877F57 
 288      8692
 289 051e C16612D8 		.ascii	"\301f\022\330D\211r\012I\374\330\015m\011\314\217\316"
 289      4489720A 
 289      49FCD80D 
 289      6D09CC8F 
 289      CE
 290 052f C1F6E3AE 		.ascii	"\301\366\343\256\342\012\261G\256\025eJ\212\234W\210"
 290      E20AB147 
 290      AE15654A 
 290      8A9C5788 
 291 053f 88FED276 		.ascii	"\210\376\322v\204\013\230\027wf/\315\353p\021ep\370"
 291      840B9817 
 291      77662FCD 
 291      EB701165 
 291      70F8
 292 0551 AEF97B18 		.ascii	"\256\371{\030i\327!PB\022\375\337\013v\367\311\2652"
 292      69D72150 
 292      4212FDDF 
 292      0B76F7C9 
 292      B532
 293 0563 940656D3 		.ascii	"\224\006V\323\301\352~AM\033\366\013 \375\354O\364\031"
 293      C1EA7E41 
 293      4D1BF60B 
 293      20FDEC4F 
 293      F419
 294 0575 40631F4D 		.ascii	"@c\037M]r\265\0060j-\000\020\356}Z\235\214\305ng\330"
 294      5D72B506 
 294      306A2D00 
 294      10EE7D5A 
 294      9D8CC56E 
 295 058b B9BDDFEA 		.ascii	"\271\275\337\352\366\211\231\250s\036\370,s\373P\336"
 295      F68999A8 
 295      731EF82C 
 295      73FB50DE 
 296 059b 6C84025F 		.ascii	"l\204\002_\344A/M\310W8\224\350,\260\225-\027\227\350"
 296      E4412F4D 
 296      C8573894 
 296      E82CB095 
 296      2D1797E8 
 297 05af D1875313 		.ascii	"\321\207S\023j|\223)\345\326\22479\256\3609\016Ju;\317"
 297      6A7C9329 
 297      E5D69437 
 297      39AEF039 
 297      0E4A753B 
 298 05c4 3F5789DD 		.ascii	"?W\211\335\373\\.\256\353\007\254\356\035\274\323\022"
 298      FB5C2EAE 
 298      EB07ACEE 
 298      1DBCD312 
 299 05d4 81D8707E 		.ascii	"\201\330p~\011\330\206\245\216l\204\333\231\255\346"
 299      09D886A5 
 299      8E6C84DB 
 299      99ADE6
 300 05e3 FA7E237E 		.ascii	"\372~#~\300\236\373_\024\036u\\\204\362\300\356!;\273"
 300      C09EFB5F 
 300      141E755C 
ARM GAS  /tmp/ccM7hbFV.s 			page 23


 300      84F2C0EE 
 300      213BBB
 301 05f6 13CDE99F 		.ascii	"\023\315\351\237\342A\246\223Z\0277\242u\320\311w\320"
 301      E241A693 
 301      5A1737A2 
 301      75D0C977 
 301      D0
 302 0607 69CDB8F9 		.ascii	"i\315\270\371\272\330\325\303v\256\036\261\272\232["
 302      BAD8D5C3 
 302      76AE1EB1 
 302      BA9A5B
 303 0616 DDB7013F 		.ascii	"\335\267\001?gC\036\2710\370s\330b\260=F\262\300\312"
 303      67431EB9 
 303      30F873D8 
 303      62B03D46 
 303      B2C0CA
 304 0629 CB4AA211 		.ascii	"\313J\242\021\267\2161\023\350\270|=*\220\333\3553~"
 304      B78E3113 
 304      E8B87C3D 
 304      2A90DBED 
 304      337E
 305 063b 90F1E209 		.ascii	"\220\361\342\011\255\345\000\215\216r\331U\265\353\022"
 305      ADE5008D 
 305      8E72D955 
 305      B5EB12
 306 064a 5AA97413 		.ascii	"Z\251t\023o\260JG\244\311\256DB\232\357J\366\245f\014"
 306      6FB04A47 
 306      A4C9AE44 
 306      429AEF4A 
 306      F6A5660C 
 307 065e F0C171F0 		.ascii	"\360\301q\360)_\332'\320\232\315\250\315w\303\323,f"
 307      295FDA27 
 307      D09ACDA8 
 307      CD77C3D3 
 307      2C66
 308 0670 29275B3A 		.ascii	")'[:\224x\2361'\226'\223t\370%c\342\306G\276\352\020"
 308      94789E31 
 308      27962793 
 308      74F82563 
 308      E2C647BE 
 309 0686 CC22403D 		.ascii	"\314\"@=e\027\314c\303W#4\342h\236\262s\267\330\032"
 309      6517CC63 
 309      C3572334 
 309      E2689EB2 
 309      73B7D81A 
 310 069a CDEE8ABC 		.ascii	"\315\356\212\274\0317\034\247 \330\362\212\226\241\247"
 310      19371CA7 
 310      20D8F28A 
 310      96A1A7
 311 06a9 72A75BB6 		.ascii	"r\247[\266\323`\344\014w\375\2548\224\223\273p\326i"
 311      D360E40C 
 311      77FDAC38 
 311      9493BB70 
 311      D669
 312 06bb 164AC045 		.ascii	"\026J\300E\205\\N:8\005S\211Y\274\010\353\200-\273S"
 312      855C4E3A 
 312      38055389 
ARM GAS  /tmp/ccM7hbFV.s 			page 24


 312      59BC08EB 
 312      802DBB53 
 313 06cf 9FE7CE0A 		.ascii	"\237\347\316\012G/-\331\223\365\035*\334\250`\005\262"
 313      472F2DD9 
 313      93F51D2A 
 313      DCA86005 
 313      B2
 314 06e0 FDE96D1D 		.ascii	"\375\351m\035\276\305\230\253\213\247\017\253\361]\306"
 314      BEC598AB 
 314      8BA70FAB 
 314      F15DC6
 315 06ef 645D1A15 		.ascii	"d]\032\025\0347\253\027\300\362E\2730\304\0349\032\247"
 315      1C37AB17 
 315      C0F245BB 
 315      30C41C39 
 315      1AA7
 316 0701 C1C34C69 		.ascii	"\301\303Li\360\370\365Q\344\240T\346\2404\320\362\262"
 316      F0F8F551 
 316      E4A054E6 
 316      A034D0F2 
 316      B2
 317 0712 DEAE1495 		.ascii	"\336\256\024\225\333\365\246beNG<\036\303x\211\202+"
 317      DBF5A662 
 317      654E473C 
 317      1EC37889 
 317      822B
 318 0724 4A8F754D 		.ascii	"J\217uM\273\223\\\264O\306s0\360%d\340\211o\227y\364"
 318      BB935CB4 
 318      4FC67330 
 318      F02564E0 
 318      896F9779 
 319 0739 AA60E0AF 		.ascii	"\252`\340\257\000U\212\243\330V\360\203\314\022A\210"
 319      00558AA3 
 319      D856F083 
 319      CC124188 
 320 0749 D3110334 		.ascii	"\323\021\0034\037/\257\231\217\327\263<\017\321E\375"
 320      1F2FAF99 
 320      8FD7B33C 
 320      0FD145FD 
 321 0759 3A6C012E 		.ascii	":l\001.9\210\223l\263\333\003dz3\361\012\236\277\022"
 321      3988936C 
 321      B3DB0364 
 321      7A33F10A 
 321      9EBF12
 322 076c E87C885E 		.ascii	"\350|\210^.\237\234v\363\222\356F\231\363n\220\305$"
 322      2E9F9C76 
 322      F392EE46 
 322      99F36E90 
 322      C524
 323 077e F5E23957 		.ascii	"\365\3429W\034\351B\303}\364N\370#9\216\243\214\242"
 323      1CE942C3 
 323      7DF44EF8 
 323      23398EA3 
 323      8CA2
 324 0790 FB44EB98 		.ascii	"\373D\353\230\006\211\267R\033O\362\255\324]\3305^\005"
 324      0689B752 
 324      1B4FF2AD 
ARM GAS  /tmp/ccM7hbFV.s 			page 25


 324      D45DD835 
 324      5E05
 325 07a2 D89BF235 		.ascii	"\330\233\3625\266R\325\033\302\351\354;\001\266k\270"
 325      B652D51B 
 325      C2E9EC3B 
 325      01B66BB8 
 326 07b2 B0755239 		.ascii	"\260uR9\010\367s\341j\020>\317\205\255=X\275)Y\335C"
 326      08F773E1 
 326      6A103ECF 
 326      85AD3D58 
 326      BD2959DD 
 327 07c7 199526DD 		.ascii	"\031\225&\335\273\006]\273\016"
 327      BB065DBB 
 327      0E
 328 07d0 7463A57B 		.ascii	"tc\245{\326d\365\344\311z\253\244b\257\232%\257\240"
 328      D664F5E4 
 328      C97AABA4 
 328      62AF9A25 
 328      AFA0
 329 07e2 047ED789 		.ascii	"\004~\327\211\334V\015Nd\335\177)\354Ms\307{\031\323"
 329      DC560D4E 
 329      64DD7F29 
 329      EC4D73C7 
 329      7B19D3
 330 07f5 BCBF37D1 		.ascii	"\274\2777\321\015\2471&\352\360\205Y\344\344\310'\227"
 330      0DA73126 
 330      EAF08559 
 330      E4E4C827 
 330      97
 331 0806 3AF28567 		.ascii	":\362\205g\267=\224\343\034\246=T\330\326\206q\036c"
 331      B73D94E3 
 331      1CA63D54 
 331      D8D68671 
 331      1E63
 332 0818 968E5E0D 		.ascii	"\226\216^\015WJC\265HB\345D\246\027c|\234i?\253^\036"
 332      574A43B5 
 332      4842E544 
 332      A617637C 
 332      9C693FAB 
 333 082e C2B89831 		.ascii	"\302\270\2301\311]\315\023:|\21619y\371\277\300\225"
 333      C95DCD13 
 333      3A7C8E31 
 333      3979F9BF 
 333      C095
 334 0840 ECB9A52B 		.ascii	"\354\271\245+<\303\335\311Z~Gj-W.\245\345\234\226\323"
 334      3CC3DDC9 
 334      5A7E476A 
 334      2D572EA5 
 334      E59C96D3 
 335 0854 BDB3D77A 		.ascii	"\275\263\327z\226}\315\027\361\311CM\273\205\334\204"
 335      967DCD17 
 335      F1C9434D 
 335      BB85DC84 
 336 0864 8DA81D56 		.ascii	"\215\250\035V\310\333\240\327\005\243c\033\302\334U"
 336      C8DBA0D7 
 336      05A3631B 
 336      C2DC55
ARM GAS  /tmp/ccM7hbFV.s 			page 26


 337 0873 F95AFD55 		.ascii	"\371Z\375UVno\201t\033\227v\272\013\255\023\011\267"
 337      566E6F81 
 337      741B9776 
 337      BA0BAD13 
 337      09B7
 338 0885 4A0B8B66 		.ascii	"J\013\213fN'\227n\002\351\006\007i\346\016\025\267M"
 338      4E27976E 
 338      02E90607 
 338      69E60E15 
 338      B74D
 339 0897 01D80454 		.ascii	"\001\330\004T\202\304\025*\321\305\363\377.$\307=\240"
 339      82C4152A 
 339      D1C5F3FF 
 339      2E24C73D 
 339      A0
 340 08a8 FB409D40 		.ascii	"\373@\235@\035\342\351\334*r\251\331\211\021>\337n\234"
 340      1DE2E9DC 
 340      2A72A9D9 
 340      89113EDF 
 340      6E9C
 341 08ba E9DBEF8E 		.ascii	"\351\333\357\216_\260h\327\034i< \367\222\264\214\036"
 341      5FB068D7 
 341      1C693C20 
 341      F792B48C 
 341      1E
 342 08cb 709C358C 		.ascii	"p\2345\214\247c\257\206\256\261\333*\353\311E\364\347"
 342      A763AF86 
 342      AEB1DB2A 
 342      EBC945F4 
 342      E7
 343 08dc 659D79DF 		.ascii	"e\235y\337o\026\315\274f(\005\317\355|\253G\366\263"
 343      6F16CDBC 
 343      662805CF 
 343      ED7CAB47 
 343      F6B3
 344 08ee A9F5D730 		.ascii	"\251\365\3270\2332>A\335 U/g\322\266`\\F\366C\321\372"
 344      9B323E41 
 344      DD20552F 
 344      67D2B660 
 344      5C46F643 
 345 0904 8F194265 		.ascii	"\217\031Be\270\022\355\204~Gsi\266\177\222\241%*\033"
 345      B812ED84 
 345      7E477369 
 345      B67F92A1 
 345      252A1B
 346 0917 25B7ADA9 		.ascii	"%\267\255\251\3571\341] \034+),\032\266\356S\374\024"
 346      EF31E15D 
 346      201C2B29 
 346      2C1AB6EE 
 346      53FC14
 347 092a 03BB1694 		.ascii	"\003\273\026\224)_\355\366\225Un75\363#\0229dt:\364"
 347      295FEDF6 
 347      95556E37 
 347      35F32312 
 347      3964743A 
 348 093f F2DE6AF8 		.ascii	"\362\336j\370\326_\362\254\200r\332\340$(\"\361\341"
 348      D65FF2AC 
ARM GAS  /tmp/ccM7hbFV.s 			page 27


 348      8072DAE0 
 348      242822F1 
 348      E1
 349 0950 FF66E2A4 		.ascii	"\377f\342\244\372V;\210W\331\211\2037O\013\265\254&"
 349      FA563B88 
 349      57D98983 
 349      374F0BB5 
 349      AC26
 350 0962 91EA52CA 		.ascii	"\221\352R\312\235\227\250I\374,\330\311\273J\216U7\234"
 350      9D97A849 
 350      FC2CD8C9 
 350      BB4A8E55 
 350      379C
 351 0974 A0DBBA3A 		.ascii	"\240\333\272:]\344\271W \342\244:\036\344\340\316\247"
 351      5DE4B957 
 351      20E2A43A 
 351      1EE4E0CE 
 351      A7
 352 0985 D6F50B1C 		.ascii	"\326\365\013\034\035v\247(\325I E]\255\376!\353*\234"
 352      1D76A728 
 352      D5492045 
 352      5DADFE21 
 352      EB2A9C
 353 0998 E6D19C93 		.ascii	"\346\321\234\223@\212\216\246e\236Q\221\002\344K\244"
 353      408A8EA6 
 353      659E5191 
 353      02E44BA4 
 354 09a8 9C9CA5A4 		.ascii	"\234\234\245\244\006\365\245\015{\272\234\373B\300\027"
 354      06F5A50D 
 354      7BBA9CFB 
 354      42C017
 355 09b7 1DC0E757 		.ascii	"\035\300\347W\201\327\275\307\\\201\343\000\212w\360"
 355      81D7BDC7 
 355      5C81E300 
 355      8A77F0
 356 09c6 7C69750A 		.ascii	"|iu\012\024\361\024 \333\221\223\016\342\242\231\316"
 356      14F11420 
 356      DB91930E 
 356      E2A299CE 
 357 09d6 33AC42E4 		.ascii	"3\254B\344\314\202\023g\034+C\035D\272\226T\303~\256"
 357      CC821367 
 357      1C2B431D 
 357      44BA9654 
 357      C37EAE
 358 09e9 42E6E763 		.ascii	"B\346\347c\230\223\343@C@\017\201\206\201\236\002\365"
 358      9893E340 
 358      43400F81 
 358      86819E02 
 358      F5
 359 09fa 03F5018D 		.ascii	"\003\365\001\215\002\215\001=\003\032\001z\004\324\003"
 359      028D013D 
 359      031A017A 
 359      04D403
 360 0a09 3400F404 		.ascii	"4\000\364\004h\020\250we\345\211\271P\277\316K\332\350"
 360      6810A877 
 360      65E589B9 
 360      50BFCE4B 
ARM GAS  /tmp/ccM7hbFV.s 			page 28


 360      DAE8
 361 0a1b A3FF37A3 		.ascii	"\243\3777\243\017\243\323\273\354\356\254&\354\3021"
 361      0FA3D3BB 
 361      ECEEAC26 
 361      ECC231
 362 0a2a 09634037 		.ascii	"\011c@7M\344\011\304\353\317\367\205\333\335!u\333\211"
 362      4DE409C4 
 362      EBCFF785 
 362      DBDD2175 
 362      DB89
 363 0a3c BFA0DB26 		.ascii	"\277\240\333&\362\006\262\031c\0233:\274SIK\336\271"
 363      F206B219 
 363      6313333A 
 363      BC53494B 
 363      DEB9
 364 0a4e 96C28B0A 		.ascii	"\226\302\213\012\234\302\230\244\252\243\333q\026{n"
 364      9CC298A4 
 364      AAA3DB71 
 364      167B6E
 365 0a5d 39B477A7 		.ascii	"9\264w\247\212\237*\311\031u\2440\365\200\022\037\244"
 365      8A9F2AC9 
 365      1975A430 
 365      F580121F 
 365      A4
 366 0a6e 1FBAF44E 		.ascii	"\037\272\364N\015\314\270 \321\032\363\270\021\317M"
 366      0DCCB820 
 366      D11AF3B8 
 366      11CF4D
 367 0a7d B06D28A9 		.ascii	"\260m(\251\35430\336/\327Z4Z\217b!\177#\225\235\226"
 367      EC3330DE 
 367      2FD75A34 
 367      5A8F6221 
 367      7F23959D 
 368 0a92 9615CDDF 		.ascii	"\226\025\315\337\341\327\005Xii\227\346\270\260\255"
 368      E1D70558 
 368      696997E6 
 368      B8B0AD
 369 0aa1 06DAF2CE 		.ascii	"\006\332\362\316n\210fa\210X\335x\311\307g\036\342\273"
 369      6E886661 
 369      8858DD78 
 369      C9C7671E 
 369      E2BB
 370 0ab3 00B404B4 		.ascii	"\000\264\004\264\270\262Z\220\233\"\033\374\224\003"
 370      B8B25A90 
 370      9B221BFC 
 370      9403
 371 0ac1 BCDD6251 		.ascii	"\274\335bQ\024\033yI\215;Y\200\212\0377>D^\222F\321"
 371      141B7949 
 371      8D3B5980 
 371      8A1F373E 
 371      445E9246 
 372 0ad6 32C77162 		.ascii	"2\307qb\027\011\330\013\020\242\333{b\370-\3651r\357"
 372      1709D80B 
 372      10A2DB7B 
 372      62F82DF5 
 372      3172EF
 373 0ae9 31347AE0 		.ascii	"14z\340\001\337\342d\020~\274/2\337\003\0171s/\313\262"
ARM GAS  /tmp/ccM7hbFV.s 			page 29


 373      01DFE264 
 373      107EBC2F 
 373      32DF030F 
 373      31732FCB 
 374 0afe 1AB4788C 		.ascii	"\032\264x\2141}\302\302~\035\236b\314\363\263E\307\335"
 374      317DC2C2 
 374      7E1D9E62 
 374      CCF3B345 
 374      C7DD
 375 0b10 A5EFDAA2 		.ascii	"\245\357\332\242\261\324][qrx8\306\013L\273\363\342"
 375      B1D45D5B 
 375      71727838 
 375      C60B4CBB 
 375      F3E2
 376 0b22 F90F49E2 		.ascii	"\371\017I\342D\256}\206\316\255\217m\322\340h\025\325"
 376      44AE7D86 
 376      CEAD8F6D 
 376      D2E06815 
 376      D5
 377 0b33 69383897 		.ascii	"i88\227\344\201\367QF1\332w)Q\215lk\334\344\010>P\303"
 377      E481F751 
 377      4631DA77 
 377      29518D6C 
 377      6BDCE408 
 378 0b4a 2E9163B0 		.ascii	".\221c\260\026\355\002\027\022\261\323\3351\211\377"
 378      16ED0217 
 378      12B1D3DD 
 378      3189FF
 379 0b59 5FB1BA42 		.ascii	"_\261\272B\244\243\034\244\305\311\000\265\255r:\343"
 379      A4A31CA4 
 379      C5C900B5 
 379      AD723AE3 
 380 0b69 0D562762 		.ascii	"\015V'b\261\016\355\224\026\267\317\006\361\026:\216"
 380      B10EED94 
 380      16B7CF06 
 380      F1163A8E 
 381 0b79 2BD04D13 		.ascii	"+\320M\023^\217\022\200\342\261u\322\365\305M\235R\340"
 381      5E8F1280 
 381      E2B175D2 
 381      F5C54D9D 
 381      52E0
 382 0b8b 06D6C9B6 		.ascii	"\006\326\311\266\231\262\"\255\223\235x\322\2320i\203"
 382      99B222AD 
 382      939D78D2 
 382      9A306983 
 383 0b9b 8D131ADC 		.ascii	"\215\023\032\334\305`\206\226N=V\340A\306\224t\226="
 383      C5608696 
 383      4E3D56E0 
 383      41C69474 
 383      963D
 384 0bad 74C1638C 		.ascii	"t\301c\214\271\233\326\226\355x$J\005\350\275X|$\212"
 384      B99BD696 
 384      ED78244A 
 384      05E8BD58 
 384      7C248A
 385 0bc0 B89AF716 		.ascii	"\270\232\367\026\216T\263{\240\204\372eW\253N\224Ug"
 385      8E54B37B 
ARM GAS  /tmp/ccM7hbFV.s 			page 30


 385      A084FA65 
 385      57AB4E94 
 385      5567
 386 0bd2 9F834E45 		.ascii	"\237\203NEY\344c\273z\220f\027\245t\314\207u2>:G\203"
 386      59E463BB 
 386      7A906617 
 386      A574CC87 
 386      75323E3A 
 387 0be8 3318B850 		.ascii	"3\030\270P\372\250\000\266\272\214Y>R\034\247\306\207"
 387      FAA800B6 
 387      BA8C593E 
 387      521CA7C6 
 387      87
 388 0bf9 19732FB5 		.ascii	"\031s/\265\366\226+>\316\230\212\221}O]\244\367\275"
 388      F6962B3E 
 388      CE988A91 
 388      7D4F5DA4 
 388      F7BD
 389 0c0b 595862DF 		.ascii	"YXb\337+\257n,9\257E4?`\352\317$\272d\034J\201\355h"
 389      2BAF6E2C 
 389      39AF4534 
 389      3F60EACF 
 389      24BA641C 
 390 0c23 0446D930 		.ascii	"\004F\3310\344\231\240\363\371\032c\350p\026\336\317"
 390      E499A0F3 
 390      F91A63E8 
 390      7016DECF 
 391 0c33 1588959C 		.ascii	"\025\210\225\234\225\240\227\337Ijv\305\017\231\213"
 391      95A097DF 
 391      496A76C5 
 391      0F998B
 392 0c42 25C925C5 		.ascii	"%\311%\305\032'\337M\034\220TO\354\271\375\327xXm\367"
 392      1A27DF4D 
 392      1C90544F 
 392      ECB9FDD7 
 392      78586DF7 
 393 0c56 25D82F1D 		.ascii	"%\330/\035\277\004\373%\273\216\313\230\215x\200\361"
 393      BF04FB25 
 393      BB8ECB98 
 393      8D7880F1 
 394 0c66 04134F28 		.ascii	"\004\023O(\252\312\367\220\216G>\246*\304\324!\274\016"
 394      AACAF790 
 394      8E473EA6 
 394      2AC4D421 
 394      BC0E
 395 0c78 E5613AFF 		.ascii	"\345a:\377\362\317\307gi\360\"\323^h>\375/8JC\357\000"
 395      F2CFC767 
 395      69F022D3 
 395      5E683EFD 
 395      2F384A43 
 396 0c8e 9E471C2F 		.ascii	"\236G\034/q\265\336\0018\\_\034\005\260c\334\361\002"
 396      71B5DE01 
 396      385C5F1C 
 396      05B063DC 
 396      F102
 397 0ca0 2C2A6023 		.ascii	",*`#\015\033\217E\320\323\253\365\204F\304$Nh`\356\374"
 397      0D1B8F45 
ARM GAS  /tmp/ccM7hbFV.s 			page 31


 397      D0D3ABF5 
 397      8446C424 
 397      4E6860EE 
 398 0cb5 C1A21C39 		.ascii	"\301\242\0349N\246\366Pl\353\271vw'\227%\307\035\255"
 398      4EA6F650 
 398      6CEBB976 
 398      77279725 
 398      C71DAD
 399 0cc8 8146E1F2 		.ascii	"\201F\341\362\343,\017~\352\"%j.c(\316\015g1\270\321"
 399      E32C0F7E 
 399      EA22256A 
 399      2E6328CE 
 399      0D6731B8 
 400 0cdd CEF8F308 		.ascii	"\316\370\363\010\3471&\346Q\341K\214\2171\346zk\355"
 400      E73126E6 
 400      51E14B8C 
 400      8F31E67A 
 400      6BED
 401 0cef 8463AA9F 		.ascii	"\204c\252\237\002\023\305vi\033w\271(\020\2272\235\263"
 401      0213C576 
 401      691B77B9 
 401      28109732 
 401      9DB3
 402 0d01 C3E76F28 		.ascii	"\303\347o(\035tN;\350\364\236[\314\264\373N\354\214"
 402      1D744E3B 
 402      E8F49E5B 
 402      CCB4FB4E 
 402      EC8C
 403 0d13 5D329DB5 		.ascii	"]2\235\265\246\372\223\233\323\003j|\235\201O\327\246"
 403      A6FA939B 
 403      D3036A7C 
 403      9D814FD7 
 403      A6
 404 0d24 9F70C30D 		.ascii	"\237p\303\015\214I\210\357\313WI\017\3409\251\204V\334"
 404      8C4988EF 
 404      CB57490F 
 404      E039A984 
 404      56DC
 405 0d36 FCBCEF9F 		.ascii	"\374\274\357\237\220m\361\353(\370~6\277\316\002k\364"
 405      906DF1EB 
 405      28F87E36 
 405      BFCE026B 
 405      F4
 406 0d47 FAE0A2D3 		.ascii	"\372\340\242\323\032F\267i\331\374\372\240\024\362\277"
 406      1A46B769 
 406      D9FCFAA0 
 406      14F2BF
 407 0d56 04AF16B7 		.ascii	"\004\257\026\267\025H\351\352s\212k\020\257\312\240"
 407      1548E9EA 
 407      738A6B10 
 407      AFCAA0
 408 0d65 F29C07BA 		.ascii	"\362\234\007\272\200E\347\237\247\331\374\276\201\270"
 408      8045E79F 
 408      A7D9FCBE 
 408      81B8
 409 0d73 43EE1B24 		.ascii	"C\356\033$\334\341\3710\265\373\322\003\235\223*w\332"
 409      DCE1F930 
ARM GAS  /tmp/ccM7hbFV.s 			page 32


 409      B5FBD203 
 409      9D932A77 
 409      DA
 410 0d84 B91DD03C 		.ascii	"\271\035\320<\\5]\251\305\235,\204\213g\012\027\225"
 410      5C355DA9 
 410      C59D2C84 
 410      8B670A17 
 410      95
 411 0d95 F8396392 		.ascii	"\3709c\222\316u-z\340y\306,\327\237\316vR-.K\005\027"
 411      CE752D7A 
 411      E079C62C 
 411      D79FCE76 
 411      522D2E4B 
 412 0dab 2FD49DEB 		.ascii	"/\324\235\353$\267\025+G\2467sR\242ip\313\301\227\""
 412      24B7152B 
 412      47A63773 
 412      52A26970 
 412      CBC19722 
 413 0dbf D0A9C66B 		.ascii	"\320\251\306kl\337;\277\301V\223+\020\332K\\\370\013"
 413      6CDF3BBF 
 413      C156932B 
 413      10DA4B5C 
 413      F80B
 414 0dd1 0E98D0E7 		.ascii	"\016\230\320\347\2230;\311V\035Up\025\342T%\364\267"
 414      93303BC9 
 414      561D5570 
 414      15E25425 
 414      F4B7
 415 0de3 6AA5BFA9 		.ascii	"j\245\277\251ug\206U8\212\025\200\360\332\232z\215\227"
 415      75678655 
 415      388A1580 
 415      F0DA9A7A 
 415      8D97
 416 0df5 34448D53 		.ascii	"4D\215S\210\342\246\304l7\234\311 \012\367\204\303\376"
 416      88E2A6C4 
 416      6C379CC9 
 416      200AF784 
 416      C3FE
 417 0e07 3F9731F7 		.ascii	"?\2271\367v\276\250s\301E\224\301;\227n\265i\035\256"
 417      76BEA873 
 417      C14594C1 
 417      3B976EB5 
 417      691DAE
 418 0e1a 5657F0AF 		.ascii	"VW\360\257\003\376M\216_\007\370\265\342\241\237\356"
 418      03FE4D8E 
 418      5F07F8B5 
 418      E2A19FEE 
 419 0e2a 166DA36F 		.ascii	"\026m\243opIg\333n\010o{7?\276\254\334\327H\007\027"
 419      704967DB 
 419      6E086F7B 
 419      373FBEAC 
 419      DCD74807 
 420 0e3f 7C7C349E 		.ascii	"||4\2366\244\300\245\314\341\271\207=\327\234\005\240"
 420      36A4C0A5 
 420      CCE1B987 
 420      3DD79C05 
 420      A0
ARM GAS  /tmp/ccM7hbFV.s 			page 33


 421 0e50 5EDA41B2 		.ascii	"^\332A\262qX\254\272\314\177z\320K\312G\332P]\225+/"
 421      7158ACBA 
 421      CC7F7AD0 
 421      4BCA47DA 
 421      505D952B 
 422 0e65 27EEE4EA 		.ascii	"'\356\344\352#1\263T\207k\250\011\355\364\365\23027"
 422      2331B354 
 422      876BA809 
 422      EDF4F598 
 422      3237
 423 0e77 5836AC67 		.ascii	"X6\254gh\276[\010dg\271\253`\240\020\014\335\202w\253"
 423      68BE5B08 
 423      6467B9AB 
 423      60A0100C 
 423      DD8277AB 
 424 0e8b 65F171CB 		.ascii	"e\361q\313nc\326\004\002\215x\035\273\332\277\305]\273"
 424      6E63D604 
 424      028D781D 
 424      BBDABFC5 
 424      5DBB
 425 0e9d 03AEB500 		.ascii	"\003\256\265\000\265\003\335\005\272\015\324\012\324"
 425      B503DD05 
 425      BA0DD40A 
 425      D4
 426 0eaa 06740FA8 		.ascii	"\006t\017\250C\034\327\366q\036WX:Q\012\267\353\344"
 426      431CD7F6 
 426      711E5758 
 426      3A510AB7 
 426      EBE4
 427 0ebc 20464E85 		.ascii	" FN\205\343$\254\261\221:\272o\337\303\345\255\347\006"
 427      E324ACB1 
 427      913ABA6F 
 427      DFC3E5AD 
 427      E706
 428 0ece C773FE70 		.ascii	"\307s\376p0\313\332\\\220\312p@\027\035~\230\370\374"
 428      30CBDA5C 
 428      90CA7040 
 428      171D7E98 
 428      F8FC
 429 0ee0 672C080D 		.ascii	"g,\010\015 v\315!\010\253n\344Z\203\370\365\035\010"
 429      2076CD21 
 429      08AB6EE4 
 429      5A83F8F5 
 429      1D08
 430 0ef2 1DE1C2B6 		.ascii	"\035\341\302\266\305a\365\271mx\007\273q\200-*j\346"
 430      C561F5B9 
 430      6D7807BB 
 430      71802D2A 
 430      6AE6
 431 0f04 D2B6CD74 		.ascii	"\322\266\315t8\266\237m\363A\314\357\3030\333\016:\361"
 431      38B69F6D 
 431      F341CCEF 
 431      C330DB0E 
 431      3AF1
 432 0f16 5BE4C976 		.ascii	"[\344\311v\346I2HEri[\256E\254`\223\320\223/F\036\364"
 432      E6493248 
 432      4572695B 
ARM GAS  /tmp/ccM7hbFV.s 			page 34


 432      AE45AC60 
 432      93D0932F 
 433 0f2d 5ED1F4A1 		.ascii	"^\321\364\241\036\362S\033\031B\307~\205d\344\037ya"
 433      1EF2531B 
 433      1942C77E 
 433      8564E41F 
 433      7961
 434 0f3f 8B017947 		.ascii	"\213\001yG\344\231\320\262\365\017\221?.'\343\277\276"
 434      E499D0B2 
 434      F50F913F 
 434      2E27E3BF 
 434      BE
 435 0f50 B1B6B137 		.ascii	"\261\266\2617\353\013k\223s\024\353\017t\020\323a\350"
 435      EB0B6B93 
 435      7314EB0F 
 435      7410D361 
 435      E8
 436 0f61 941541B3 		.ascii	"\224\025A\263\317\021\377\334\012\302\024\230W6E\336"
 436      CF11FFDC 
 436      0AC21498 
 436      573645DE 
 437 0f71 24E7E6C4 		.ascii	"$\347\346\304\032\310\301c\033\240l\005\324\372\307"
 437      1AC8C163 
 437      1BA06C05 
 437      D4FAC7
 438 0f80 9FC9AA7A 		.ascii	"\237\311\252z\257\366\017\375\2507\034\242Y|\256\336"
 438      AFF60FFD 
 438      A8371CA2 
 438      597CAEDE 
 439 0f90 B8017D29 		.ascii	"\270\001})\371M\031\273\273Z\034\3715~\312&"
 439      F94D19BB 
 439      BB5A1CF9 
 439      357ECA26 
 440 0fa0 67CCB5E4 		.ascii	"g\314\265\344r76\315\344\242/\230\274\331\027L\373\362"
 440      723736CD 
 440      E4A22F98 
 440      BCD9174C 
 440      FBF2
 441 0fb2 AEDED6BC 		.ascii	"\256\336\326\274\276\217\316\217H\341Kr\344\377\025"
 441      BE8FCE8F 
 441      48E14B72 
 441      E4FF15
 442 0fc1 D40DC9F3 		.ascii	"\324\015\311\363\200\306\277\007\277.Ca\012fn!\272\374"
 442      80C6BF07 
 442      BF2E4361 
 442      0A666E21 
 442      BAFC
 443 0fd3 34FE66AE 		.ascii	"4\376f\256\320\333+T\366<qYl\210\021Z@\355}*\206\356"
 443      D0DB2B54 
 443      F63C7159 
 443      6C88115A 
 443      40ED7D2A 
 444 0fe9 C310F275 		.ascii	"\303\020\362u\230<\313P\027\371\275D'\356#\235\351\305"
 444      983CCB50 
 444      17F9BD44 
 444      27EE239D 
 444      E9C5
ARM GAS  /tmp/ccM7hbFV.s 			page 35


 445 0ffb DF246793 		.ascii	"\337$g\2233"
 445      33
 446 1000 BD175C71 		.ascii	"\275\027\\q\241+ukgA\264\037\371\371\033\255M`\002\232"
 446      A12B756B 
 446      6741B41F 
 446      F9F91BAD 
 446      4D60029A 
 447 1014 B2B39F45 		.ascii	"\262\263\237EkV\332\3721m\254\314\213_tu\352\340#\342"
 447      6B56DAFA 
 447      316DACCC 
 447      8B5F7475 
 447      EAE023E2 
 448 1028 E043CC3D 		.ascii	"\340C\314=\314\177>\363L\315=\254#\007\011\330\010\011"
 448      CC7F3EF3 
 448      4CCD3DAC 
 448      230709D8 
 448      0809
 449 103a 722284FA 		.ascii	"r\"\204\372D\356\365\255vo\200\272W6_uV\205+\230{\007"
 449      44EEF5AD 
 449      766F80BA 
 449      57365F75 
 449      56852B98 
 450 1050 4A16E7AD 		.ascii	"J\026\347\255P\364\006\221A\221\236\016\212\240\006"
 450      50F40691 
 450      41919E0E 
 450      8AA006
 451 105f 57433DA6 		.ascii	"WC=\246P\255U\223\221\012\334\305\240\236\034=~Nn\205"
 451      50AD5593 
 451      910ADCC5 
 451      A09E1C3D 
 451      7E4E6E85 
 452 1073 5A6707F5 		.ascii	"Zg\007\365D\004\365d5\324\020\205\212\253\330\325\242"
 452      4404F564 
 452      35D41085 
 452      8AABD8D5 
 452      A2
 453 1084 C0730CAA 		.ascii	"\300s\014\252-i\266Fe\205\372\232\035\324\260\010jx"
 453      2D69B646 
 453      6585FA9A 
 453      1DD4B008 
 453      6A78
 454 1096 35D40885 		.ascii	"5\324\010\205\272s7q\306\035g\350\330\251\261\251#^"
 454      BA733771 
 454      C61D67E8 
 454      D8A9B1A9 
 454      235E
 455 10a8 6785FABA 		.ascii	"g\205\372\272\035\324\250\010jt5\324\030\205\312\254"
 455      1DD4A808 
 455      6A7435D4 
 455      1885CAAC 
 456 10b8 AFFA5F5C 		.ascii	"\257\372_\\\312\220\"\217\364\266\270\340&\306\244]"
 456      CA90228F 
 456      F4B6B8E0 
 456      26C6A45D 
 457 10c8 A9CCF680 		.ascii	"\251\314\366\2001D\343\030\263A\351\212>\235\350\260"
 457      3144E318 
 457      B341E98A 
ARM GAS  /tmp/ccM7hbFV.s 			page 36


 457      3E9DE8B0 
 458 10d8 DD93A1E7 		.ascii	"\335\223\241\347v\373\266g\227Gg\034\277{%\327\254\366"
 458      76FBB667 
 458      9747671C 
 458      BF7B25D7 
 458      ACF6
 459 10ea 72D1ADF5 		.ascii	"r\321\255\365]nv7!v5f\322\272\277\273pb\337\202;M%h"
 459      5D6E7637 
 459      21763566 
 459      D2BABFBB 
 459      7062DF82 
 460 1102 E2E975E7 		.ascii	"\342\351u\347\356\265k\362\225\266\027,\2752s.\026\271"
 460      EEB56BF2 
 460      95B6172C 
 460      BD32732E 
 460      16B9
 461 1114 3B4DAF69 		.ascii	";M\257i\222^S\326\364:z\266f\231F_\240\367\350\215\207"
 461      925E53D6 
 461      F43A7AB6 
 461      6699465F 
 461      A0F7E88D 
 462 1129 76ED160E 		.ascii	"v\355\026\016\206\013oR9\364\324\0325\364\014\024\010"
 462      860B6F52 
 462      39F4D41A 
 462      35F40C14 
 462      08
 463 113a CB3A3AC3 		.ascii	"\313::\303b\237_5\253\305\035\316\202$\345o\326\235"
 463      629F5F35 
 463      ABC51DCE 
 463      8224E56F 
 463      D69D
 464 114c C60CAD53 		.ascii	"\306\014\255S\327\026\210k\363V\327b\217\366\016\271"
 464      D716886B 
 464      F356D762 
 464      8FF60EB9 
 465 115c 73D73A21 		.ascii	"s\327:!1\252#\204\367\211\010\232]\361j\216x5k\365j"
 465      31AA2384 
 465      F789089A 
 465      5DF16A8E 
 465      78356BF5 
 466 1171 917A55BB 		.ascii	"\221zU\273x\257D\211\307\234y\265<1\224\246\341\250"
 466      78AF4489 
 466      C79C79B5 
 466      3C3194A6 
 466      E1A8
 467 1183 FD62D497 		.ascii	"\375b\324\227+\250K\004\365\245\025u\231\242\366\013"
 467      2BA84B04 
 467      F5A51575 
 467      99A2F60B 
 468 1193 89953A1C 		.ascii	"\211\225:\034\341FQo\264\014=U{I/\3009\177\376\002L"
 468      E146516F 
 468      B40C3D55 
 468      7B492FC0 
 468      397FFE02 
 469 11a8 F6F8B79B 		.ascii	"\366\370\267\233g\345\337:D\275\2329\246\212\253\257"
 469      67E5DF3A 
 469      44BD9A39 
ARM GAS  /tmp/ccM7hbFV.s 			page 37


 469      A68AABAF 
 470 11b8 1784833A 		.ascii	"\027\204\203:\024\256\360B\202\202\372\265bAFZ\210c"
 470      14AEF042 
 470      8282FAB5 
 470      6241465A 
 470      8863
 471 11ca 118A6F81 		.ascii	"\021\212o\201fA\376\236<%>\303\034\313\354=qP'\275\027"
 471      6641FE9E 
 471      3C253EC3 
 471      1CCBEC3D 
 471      715027BD 
 472 11df 85B9BB7A 		.ascii	"\205\271\273z/\212\242\024Zrb\272\324\231$\276^!U\325"
 472      2F8AA214 
 472      5A7262BA 
 472      D49924BE 
 472      5E2155D5 
 473 11f3 967ED10A 		.ascii	"\226~\321\012-Yp\311\015+\031\323\242\352n\205g2\357"
 473      2D5970C9 
 473      0D2B19D3 
 473      A2EA6E85 
 473      6732EF
 474 1206 F9FB88FC 		.ascii	"\371\373\210\374dA4\2001\012O\246\301\236\011x\363\376"
 474      64413480 
 474      310A4FA6 
 474      C19E0978 
 474      F3FE
 475 1218 7425ABD4 		.ascii	"t%\253\324\344K\254\312\271\356'j\247\266b\271\255\235"
 475      E44BACCA 
 475      B9EE276A 
 475      A7B662B9 
 475      AD9D
 476 122a 0AF6F387 		.ascii	"\012\366\363\207\375\371i\\\227\374\"\313\372\233Go"
 476      FDF9695C 
 476      97FC22CB 
 476      FA9B476F 
 477 123a F69BC707 		.ascii	"\366\233\307\007EM\017\\V\273\262K\261\016\305)\010"
 477      454D0F5C 
 477      56BBB24B 
 477      B10EC529 
 477      08
 478 124b 563C7125 		.ascii	"V<q%\226\271\022O]\231\313\231\013\227\213\347\031\211"
 478      96B9124F 
 478      5D99CB99 
 478      0B978BE7 
 478      1989
 479 125d AECD7882 		.ascii	"\256\315x\202\202^!\302\033\310v\014V\373\341r\026\324"
 479      825E21C2 
 479      1BC8760C 
 479      56FBE172 
 479      16D4
 480 126f E3859F17 		.ascii	"\343\205\237\027\273\343Z\306\304W\327d+IB%*xB\015v"
 480      BBE35AC6 
 480      C457D764 
 480      2B494225 
 480      2A78420D 
 481 1284 2776B9D0 		.ascii	"'v\271\3204\207p\3624\317\030\313\031v^\340\367( \315"
 481      348770F2 
ARM GAS  /tmp/ccM7hbFV.s 			page 38


 481      34CF18CB 
 481      19765EE0 
 481      F72820CD 
 482 1298 93153CCD 		.ascii	"\223\025<\315o%M\024)!!+\241h-\227\251\272\306\023w"
 482      6F254D14 
 482      2921212B 
 482      A1682D97 
 482      A9BAC613 
 483 12ad 0BB9E1C2 		.ascii	"\013\271\341\302\3737\345D\020\355VX\3232\0114\010k"
 483      FB37E544 
 483      10ED5658 
 483      D3320934 
 483      086B
 484 12bf 5FBB5214 		.ascii	"_\273R\024$=s\227\316\367\270\210\373Ff\257\255o\251"
 484      243D7397 
 484      CEF7B888 
 484      FB4666AF 
 484      AD6FA9
 485 12d2 AC6FA9B4 		.ascii	"\254o\251\264o\007\312\007\306\355~c\272`'\273\227\311"
 485      6F07CA07 
 485      C6ED7E63 
 485      BA6027BB 
 485      97C9
 486 12e4 92B7B7DE 		.ascii	"\222\267\267\336~\333\007\376\177f4\005\033\003}>\360"
 486      7EDB07FE 
 486      7F663405 
 486      1B037D3E 
 486      F0
 487 12f5 0FD81CF0 		.ascii	"\017\330\034\360\037\037\373\204\230}L\026\037\263\311"
 487      1F1FFB84 
 487      987D4C16 
 487      1FB3C9
 488 1304 E063F037 		.ascii	"\340c\3607[|-\346\267\015\352\177\373\311\177\275\371"
 488      5B7C2DE6 
 488      B70DEA7F 
 488      FBC97FBD 
 488      F9
 489 1315 C17BEFC9 		.ascii	"\301{\357\311\324&\243o`\250) De!\257z\213*\310\262"
 489      D426A36F 
 489      60A82920 
 489      446521AF 
 489      7A8B2AC8 
 490 132a 3D30C06C 		.ascii	"=0\300lQ\033\374\365Aa\026\343v\2651\324\030\354\027"
 490      511BFCF5 
 490      416116E3 
 490      76B531D4 
 490      18EC17
 491 133d 10BCC5D5 		.ascii	"\020\274\305\325\270\325\030l\011\3625\177\006R\333"
 491      B8D5186C 
 491      09F2357F 
 491      0652DB
 492 134c 7C032CD0 		.ascii	"|\003,\320\246\002)\"\255\0106n\267h8\243\267lX\303"
 492      A6022922 
 492      AD08366E 
 492      B76838A3 
 492      B76C58C3 
 493 1360 8F806043 		.ascii	"\217\200`C`\230\237\021|!\262\346\267\375aqW\032\267"
ARM GAS  /tmp/ccM7hbFV.s 			page 39


 493      60989F11 
 493      7C21B2E6 
 493      B7FD6171 
 493      571AB7
 494 1373 115CE536 		.ascii	"\021\\\3456\013X\017\2057\2631(T\007p\360\356\033\352"
 494      0B580F85 
 494      37B33128 
 494      540770F0 
 494      EE1BEA
 495 1386 1F6232BA 		.ascii	"\037b2\272l\263XL\241\304\202\305\037\\\366S\2637\275"
 495      6CB3584C 
 495      A1C482C5 
 495      1F5CF653 
 495      B337BD
 496 1399 C5933F98 		.ascii	"\305\223?\230\214\237\032M\306`\203Qo\001\375\220\315"
 496      8C9F1A4D 
 496      C6608351 
 496      6F01FD90 
 496      CD
 497 13aa BF0D551B 		.ascii	"\277\015U\033\267\007X\014!~F\227 \363\026h5\371\355"
 497      B707580C 
 497      217E4697 
 497      20F31668 
 497      35F9ED
 498 13bd 80079F57 		.ascii	"\200\007\237Wr\015\364\215\006\352\234\312\034\2609"
 498      720DF48D 
 498      06EA9CCA 
 498      1CB039
 499 13cc 107A0AF1 		.ascii	"\020z\012\361\010\010\364\003\013\312P_x\265(\300\240"
 499      0808F403 
 499      0BCA505F 
 499      78B528C0 
 499      A0
 500 13dd 596521AF 		.ascii	"Ye!\257z\213\313\247\201\276[\200\013\002k\300\221 "
 500      7A8BCBA7 
 500      81BE5B80 
 500      0B026BC0 
 500      9120
 501 13ef 1BD516FA 		.ascii	"\033\325\026\372F\334\361\335\354k6j\315\226\317|\003"
 501      46DCF1DD 
 501      EC6B366A 
 501      CD96CF7C 
 501      03
 502 1400 03B604EB 		.ascii	"\003\266\004\353!Z\276AF\205\301\337\327\344\022\262"
 502      215ABE41 
 502      4685C1DF 
 502      D7E412B2 
 503 1410 2DD86872 		.ascii	"-\330hr\207n\205\230\365\001\301\240\001=p\023=\023"
 503      876E8598 
 503      F501C1A0 
 503      013D7013 
 503      3D13
 504 1422 BF7F1766 		.ascii	"\277\177\027f\0143\222\361\240\017Z\353\003\340\204"
 504      0C3392F1 
 504      A00F5AEB 
 504      03E084
 505 1431 9A8C5BB1 		.ascii	"\232\214[\261\301\262]n\016u\015\0151Y@\315\002\254"
ARM GAS  /tmp/ccM7hbFV.s 			page 40


 505      C1B25D6E 
 505      0E750D0D 
 505      315940CD 
 505      02AC
 506 1443 8E3E1B42 		.ascii	"\216>\033B\202a\370,\377\340\254\303\206\220\240\240"
 506      8261F82C 
 506      FFE0ACC3 
 506      8690A0A0 
 507 1453 90601F22 		.ascii	"\220`\037\"k\366\371\321O7m\375\336\206M\320u\003D\033"
 507      6BF6F9D1 
 507      4F376DFD 
 507      DE864DD0 
 507      7503441B 
 508 1467 FA8DFDFD 		.ascii	"\372\215\375\375L\312Pj\350\313`\221$\207)\300\262\203"
 508      4CCA506A 
 508      E8CB6091 
 508      248729C0 
 508      B283
 509 1479 99F67268 		.ascii	"\231\366rh\241\316\004\204\270PFAF\226F\301\214\202"
 509      A1CE0484 
 509      B8504641 
 509      469646C1 
 509      8C82
 510 148b 95618660 		.ascii	"\225a\206`H\011E\240\257\331\2422Y(\343\262-\304\004"
 510      480945A0 
 510      AFD9A232 
 510      5928E3B2 
 510      2DC404
 511 149e 49B3D968 		.ascii	"I\263\331h\266h\015aAa\201\276\226\200\255F\265\311"
 511      B6680D61 
 511      416181BE 
 511      9680AD46 
 511      B5C9
 512 14b0 62090802 		.ascii	"b\011\010\002\250\277}\2451\262\004\201\233\236T#\310"
 512      A8BF7DA5 
 512      31B20481 
 512      9B9E5423 
 512      C8
 513 14c1 E86B0E33 		.ascii	"\350k\0163\031\203\214\004\\\033\2447\200c\220(~\352"
 513      19838C04 
 513      5C1BA437 
 513      80639028 
 513      7EEA
 514 14d3 603D84C3 		.ascii	"`=\204\303\274\315\340\022\254\0170\375\316\372I\200"
 514      BCCDE012 
 514      AC0F30FD 
 514      CEFA4980 
 515 14e3 D9F46A19 		.ascii	"\331\364j\031\312f\213\277\314\235\311\351)\257\267"
 515      CA668BBF 
 515      CC9DC9E9 
 515      29AFB7
 516 14f2 60BFCD5B 		.ascii	"`\277\315[T\000\242\207\316\270\320\016iB}\203\003\014"
 516      5400A287 
 516      CEB8D00E 
 516      69427D83 
 516      030C
 517 1504 7AC82F0F 		.ascii	"z\310/\017\222\265;\314\026c\220\336\317\2709l\213:"
ARM GAS  /tmp/ccM7hbFV.s 			page 41


 517      92B53BCC 
 517      166390DE 
 517      CFB8396C 
 517      8B3A
 518 1516 30C4F019 		.ascii	"0\304\360\031\021|5\213T\207X\024c\220>\371\302\320"
 518      117C358B 
 518      54875814 
 518      63903EF9 
 518      C2D0
 519 1528 D24C57C2 		.ascii	"\322LW\302\270~\032\260\3455\373\234\321\263Vo\307&"
 519      B87E1AB0 
 519      E535FB9C 
 519      D1B3566F 
 519      C726
 520 153a 08BDE953 		.ascii	"\010\275\351SC\030\231\251\344]A&\232+y\322\263\251"
 520      431899A9 
 520      E45D4126 
 520      9A2B79D2 
 520      B3A9
 521 154c FC77AFE4 		.ascii	"\374w\257\344\027Q\000\267\224T\321\242\"I\242\017\360"
 521      175100B7 
 521      9454D1A2 
 521      2249A20F 
 521      F0
 522 155d D3F07768 		.ascii	"\323\360wh1\031\267\220Qw%f\214[\340\311\264Ck}\200"
 522      3119B790 
 522      51772566 
 522      8C5BE0C9 
 522      B4436B7D 
 523 1572 24DE6AA1 		.ascii	"$\336j\2419\341G^\335@\306\317\030h\361\245\325\302"
 523      39E1475E 
 523      DD40C6CF 
 523      1868F1A5 
 523      D5C2
 524 1584 C38E83DC 		.ascii	"\303\216\203\334\240\214\033\364\037zl4m\365\015\324"
 524      A08C1BF4 
 524      1F7A6C34 
 524      6DF50DD4 
 525 1594 5BBE0232 		.ascii	"[\276\0022[\003L\2260\302\300\200\233\314TXMr\212\360"
 525      5B034C96 
 525      30C2C080 
 525      9BCC5458 
 525      4D728AF0 
 526 15a8 1A122D9A 		.ascii	"\032\022-\232:\257I\210\001\246\311j\227Dp\007mU\031"
 526      3AAF4988 
 526      01A6C96A 
 526      97447007 
 526      6D5519
 527 15bb C24C6422 		.ascii	"\302Ld\"\353lMz\213N<\320\362we\036\276\246\240\255"
 527      EB6C4D7A 
 527      8B4E3CD0 
 527      F277651E 
 527      BEA6A0AD 
 528 15cf DF336E08 		.ascii	"\3373n\010\372\316\247\241o\373\205\312\264\320a\230"
 528      FACEA7A1 
 528      6FFB85CA 
 528      B4D06198 
ARM GAS  /tmp/ccM7hbFV.s 			page 42


 529 15df 541B82DE 		.ascii	"T\033\202\336\225y\353y:@\220\000\302l$\031\3667\257"
 529      9579EB79 
 529      3A409000 
 529      C26C2419 
 529      F637AF
 530 15f2 5A8065EE 		.ascii	"Z\200e\356Vu\226\240\337\260\262\360\012s\227'\364J"
 530      567596A0 
 530      DFB0B2F0 
 530      0A739727 
 530      F44A
 531 1604 227FDDF6 		.ascii	"\"\177\335\366qH\250\303\247k)C\232\256\241\014\237"
 531      7148A8C3 
 531      A76B2943 
 531      9AAEA10C 
 531      9F
 532 1615 BE6EF0FF 		.ascii	"\276n\360\377\331\246\017\374!\2776\331f\321\317B~\241"
 532      D9A60FFC 
 532      21BF36D9 
 532      66D1CF42 
 532      7EA1
 533 1627 0E0E0908 		.ascii	"\016\016\011\010\206\312g|\215\010|L\220E\002\277\360"
 533      86CA677C 
 533      8D087C4C 
 533      904502BF 
 533      F0
 534 1638 66AD21A1 		.ascii	"f\255!\241\342Fl\360\337\370\235W\233Y;\310\274R\207"
 534      E2466CF0 
 534      DFF89D57 
 534      9B593BC8 
 534      BC5287
 535 164b C118BFF3 		.ascii	"\301\030\277\363\367z\213\033\270h\264\350\377\371G"
 535      F77A8B1B 
 535      B868B4E8 
 535      FFF947
 536 165a 1F7FF89F 		.ascii	"\037\177\370\237?\375\310\3157p\233\357\016\022Yb\377"
 536      3FFDC8CD 
 536      37709BEF 
 536      0E125962 
 536      FF
 537 166b 5FBFA080 		.ascii	"_\277\240\200A\215#\345\313\347\203M\037\177\364\261"
 537      418D23E5 
 537      CBE7834D 
 537      1F7FF4B1 
 538 167b CF079091 		.ascii	"\317\007\220\221>\037Y\355\004\231\003\314\372-\006"
 538      3E1F59ED 
 538      049903CC 
 538      FA2D06
 539 168a 03D8FA3F 		.ascii	"\003\330\372?#\3720}"
 539      23FA307D 
 540              		.text
 541              		.section	.gnu.lto_.symtab.7ae9d79f78433b87,"e",%progbits
 542 0000 5F5F7374 		.ascii	"__stats_increase_irq\000"
 542      6174735F 
 542      696E6372 
 542      65617365 
 542      5F697271 
 543 0015 00       		.ascii	"\000"
ARM GAS  /tmp/ccM7hbFV.s 			page 43


 544 0016 00       		.ascii	"\000"
 545 0017 00       		.ascii	"\000"
 546 0018 00000000 		.ascii	"\000\000\000\000\000\000\000\000"
 546      00000000 
 547 0020 E0010000 		.ascii	"\340\001\000\000"
 548 0024 5F5F7374 		.ascii	"__stats_ctxswc\000"
 548      6174735F 
 548      63747873 
 548      776300
 549 0033 00       		.ascii	"\000"
 550 0034 00       		.ascii	"\000"
 551 0035 00       		.ascii	"\000"
 552 0036 00000000 		.ascii	"\000\000\000\000\000\000\000\000"
 552      00000000 
 553 003e E5010000 		.ascii	"\345\001\000\000"
 554 0042 5F5F7374 		.ascii	"__stats_start_measure_crit_thd\000"
 554      6174735F 
 554      73746172 
 554      745F6D65 
 554      61737572 
 555 0061 00       		.ascii	"\000"
 556 0062 00       		.ascii	"\000"
 557 0063 00       		.ascii	"\000"
 558 0064 00000000 		.ascii	"\000\000\000\000\000\000\000\000"
 558      00000000 
 559 006c E7010000 		.ascii	"\347\001\000\000"
 560 0070 5F5F7374 		.ascii	"__stats_stop_measure_crit_thd\000"
 560      6174735F 
 560      73746F70 
 560      5F6D6561 
 560      73757265 
 561 008e 00       		.ascii	"\000"
 562 008f 00       		.ascii	"\000"
 563 0090 00       		.ascii	"\000"
 564 0091 00000000 		.ascii	"\000\000\000\000\000\000\000\000"
 564      00000000 
 565 0099 E9010000 		.ascii	"\351\001\000\000"
 566 009d 5F5F7374 		.ascii	"__stats_start_measure_crit_isr\000"
 566      6174735F 
 566      73746172 
 566      745F6D65 
 566      61737572 
 567 00bc 00       		.ascii	"\000"
 568 00bd 00       		.ascii	"\000"
 569 00be 00       		.ascii	"\000"
 570 00bf 00000000 		.ascii	"\000\000\000\000\000\000\000\000"
 570      00000000 
 571 00c7 EB010000 		.ascii	"\353\001\000\000"
 572 00cb 5F5F7374 		.ascii	"__stats_stop_measure_crit_isr\000"
 572      6174735F 
 572      73746F70 
 572      5F6D6561 
 572      73757265 
 573 00e9 00       		.ascii	"\000"
 574 00ea 00       		.ascii	"\000"
 575 00eb 00       		.ascii	"\000"
 576 00ec 00000000 		.ascii	"\000\000\000\000\000\000\000\000"
ARM GAS  /tmp/ccM7hbFV.s 			page 44


 576      00000000 
 577 00f4 ED010000 		.ascii	"\355\001\000\000"
 578 00f8 63683000 		.ascii	"ch0\000"
 579 00fc 00       		.ascii	"\000"
 580 00fd 02       		.ascii	"\002"
 581 00fe 00       		.ascii	"\000"
 582 00ff 00000000 		.ascii	"\000\000\000\000\000\000\000\000"
 582      00000000 
 583 0107 02020000 		.ascii	"\002\002\000\000"
 584 010b 6368544D 		.ascii	"chTMChainMeasurementToX\000"
 584      43686169 
 584      6E4D6561 
 584      73757265 
 584      6D656E74 
 585 0123 00       		.ascii	"\000"
 586 0124 02       		.ascii	"\002"
 587 0125 00       		.ascii	"\000"
 588 0126 00000000 		.ascii	"\000\000\000\000\000\000\000\000"
 588      00000000 
 589 012e F7010000 		.ascii	"\367\001\000\000"
 590 0132 6368544D 		.ascii	"chTMStartMeasurementX\000"
 590      53746172 
 590      744D6561 
 590      73757265 
 590      6D656E74 
 591 0148 00       		.ascii	"\000"
 592 0149 02       		.ascii	"\002"
 593 014a 00       		.ascii	"\000"
 594 014b 00000000 		.ascii	"\000\000\000\000\000\000\000\000"
 594      00000000 
 595 0153 FC010000 		.ascii	"\374\001\000\000"
 596 0157 6368544D 		.ascii	"chTMStopMeasurementX\000"
 596      53746F70 
 596      4D656173 
 596      7572656D 
 596      656E7458 
 597 016c 00       		.ascii	"\000"
 598 016d 02       		.ascii	"\002"
 599 016e 00       		.ascii	"\000"
 600 016f 00000000 		.ascii	"\000\000\000\000\000\000\000\000"
 600      00000000 
 601 0177 FF010000 		.ascii	"\377\001\000\000"
 602              		.text
 603              		.section	.gnu.lto_.opts,"e",%progbits
 604 0000 272D666E 		.ascii	"'-fno-openmp' '-fno-openacc' '-fno-pie' '-mcpu=cort"
 604      6F2D6F70 
 604      656E6D70 
 604      2720272D 
 604      666E6F2D 
 605 0033 65782D6D 		.ascii	"ex-m4' '-mthumb' '-mfloat-abi=softfp' '-mfpu=fpv5-d"
 605      34272027 
 605      2D6D7468 
 605      756D6227 
 605      20272D6D 
 606 0066 31362720 		.ascii	"16' '-march=armv7e-m+fp.dp' '-O2' '-fstack-usage' '"
 606      272D6D61 
 606      7263683D 
ARM GAS  /tmp/ccM7hbFV.s 			page 45


 606      61726D76 
 606      37652D6D 
 607 0099 2D666675 		.ascii	"-ffunction-sections' '-fdata-sections' '-fno-common"
 607      6E637469 
 607      6F6E2D73 
 607      65637469 
 607      6F6E7327 
 608 00cc 2720272D 		.ascii	"' '-flto' '-fshort-enums'\000"
 608      666C746F 
 608      2720272D 
 608      6673686F 
 608      72742D65 
 609              		.text
 610              		.comm	__gnu_lto_v1,1,1
 611              		.comm	__gnu_lto_slim,1,1
 612              		.ident	"GCC: (GNU Arm Embedded Toolchain 9-2020-q2-update) 9.3.1 20200408 (release)"
ARM GAS  /tmp/ccM7hbFV.s 			page 46


DEFINED SYMBOLS
                            *ABS*:0000000000000000 chstats.c
                            *COM*:0000000000000001 __gnu_lto_v1
                            *COM*:0000000000000001 __gnu_lto_slim

NO UNDEFINED SYMBOLS
