ARM GAS  /tmp/ccZYLmPV.s 			page 1


   1              		.cpu cortex-m4
   2              		.eabi_attribute 20, 1
   3              		.eabi_attribute 21, 1
   4              		.eabi_attribute 23, 3
   5              		.eabi_attribute 24, 1
   6              		.eabi_attribute 25, 1
   7              		.eabi_attribute 26, 1
   8              		.eabi_attribute 30, 2
   9              		.eabi_attribute 34, 1
  10              		.eabi_attribute 18, 4
  11              		.file	"chtm.c"
  12              		.section	.gnu.lto_.profile.3d9f3949426a7c95,"e",%progbits
  13 0000 789CE360 		.ascii	"x\234\343``\004B \000\000\000]\000\013"
  13      60044220 
  13      0000005D 
  13      000B
  14              		.text
  15              		.section	.gnu.lto_.icf.3d9f3949426a7c95,"e",%progbits
  16 0000 789CE360 		.ascii	"x\234\343``d\220b@\000\026\206\257\335+\356\2612\316"
  16      60649062 
  16      40001686 
  16      AFDD2BEE 
  16      B132CE
  17 0013 BFDBFE95 		.ascii	"\277\333\376\225\227i\301\3615'xX\256.:w\200\233\001"
  17      9769C1F1 
  17      35277858 
  17      AE2E3A77 
  17      809B01
  18 0026 00A7ED0C 		.ascii	"\000\247\355\0146"
  18      36
  19              		.text
  20              		.section	.gnu.lto_.jmpfuncs.3d9f3949426a7c95,"e",%progbits
  21 0000 789CE360 		.ascii	"x\234\343``dPg@\000\026\006FF\306\372\371\314 \012L"
  21      60645067 
  21      40001606 
  21      4646C6FA 
  21      F9CC200A 
  22 0015 33416916 		.ascii	"3Ai\026 \203\031\304\000a\006\000p\365\005\361"
  22      208319C4 
  22      00610600 
  22      70F505F1 
  23              		.text
  24              		.section	.gnu.lto_.inline.3d9f3949426a7c95,"e",%progbits
  25 0000 789C7D8F 		.ascii	"x\234}\217\313\021\3020\014DWk\007\314L\016\031N\300"
  25      CB11C230 
  25      0C44576B 
  25      07CC4C0E 
  25      194EC0
  26 0013 C95D7075 		.ascii	"\311]pu)\031\362\241\215\224@\011\224B)\224@\011\310"
  26      2919F2A1 
  26      8D944009 
  26      94422994 
  26      4009C8
  27 0026 32896FE8 		.ascii	"2\211o\350 k\327o\254u\200\340*\330\312\003\207E\213"
  27      206BD76F 
  27      AC7580E0 
  27      2AD8CA03 
ARM GAS  /tmp/ccZYLmPV.s 			page 2


  27      87458B
  28 0039 B380BB3C 		.ascii	"\263\200\273<\271\021h\365|q\"\230\031Ac\310\004\320"
  28      B91168F5 
  28      7C712298 
  28      194163C8 
  28      04D0
  29 004b 1932007B 		.ascii	"\0312\000{C\306\037B\234U\177xG\203(p\275\365\204\244"
  29      43C61F42 
  29      9C557F78 
  29      47832870 
  29      BDF584A4 
  30 005f 7D1113D1 		.ascii	"}\021\023\321:\332\223\201sY\362,K\304\336\277\021\236"
  30      3ADA9381 
  30      7359F22C 
  30      4BC4DEBF 
  30      119E
  31 0071 5837F8EA 		.ascii	"X7\370\352\206\215@\000m\032\210\216\353\214\256\262"
  31      868D4000 
  31      6D1A888E 
  31      EB8CAEB2 
  32 0081 B1B2B1BA 		.ascii	"\261\262\261\272\251\272\251|;\307xk\336\022\256\367"
  32      A9BAA97C 
  32      3BC7786B 
  32      DE12AEF7 
  33 0091 17D50FA7 		.ascii	"\027\325\017\247\261\216\371\302\375\211\225\353\013"
  33      B18EF9C2 
  33      FD8995EB 
  33      0B
  34 009e 442740C7 		.ascii	"D'@\307"
  35              		.text
  36              		.section	.gnu.lto_.pureconst.3d9f3949426a7c95,"e",%progbits
  37 0000 789CE360 		.ascii	"x\234\343``d\340e```a\230\305\3028\213\205i\026\013"
  37      6064E065 
  37      60606061 
  37      98C5C238 
  37      8B856916 
  38 0015 CB2C1600 		.ascii	"\313,\026\000\021\376\002\232"
  38      11FE029A 
  39              		.text
  40              		.section	.gnu.lto_chTMObjectInit.3d9f3949426a7c95,"e",%progbits
  41 0000 789C9D92 		.ascii	"x\234\235\222\337K\024Q\024\307\317w\3168;\231\332\253"
  41      DF4B1451 
  41      14C7CF77 
  41      CE383B99 
  41      DAAB
  42 0012 24C13E44 		.ascii	"$\301>D\262\020;\373'\004B\257>\364\037\270,\254\224"
  42      B2103BFB 
  42      270442AF 
  42      3EF41FB8 
  42      2CAC94
  43 0025 15EBBE7B 		.ascii	"\025\353\276{wC}0\015$\331|\220\021b\020\363WAD\265"
  43      77437D30 
  43      0D24D97C 
  43      90116210 
  43      F3574144 
  44 003a DB3699BF 		.ascii	"\3336\231\277\323\027\361EC\205\202\020\241\204\360"
  44      D317F145 
ARM GAS  /tmp/ccZYLmPV.s 			page 3


  44      43858210 
  44      A184F0
  45 0049 C197B473 		.ascii	"\301\227\264s\357Z\332c{\230\013\367\314=\347\363\375"
  45      EF5ADA63 
  45      7B980BF7 
  45      CC3DE7F3 
  45      FD
  46 005a 9E99EB12 		.ascii	"\236\231\353\022\250d\021]'\242+\262\300\004K)u#\222"
  46      A864115D 
  46      27A22BB2 
  46      C0044B29 
  46      752392
  47 006d 732DC0EC 		.ascii	"s-\300\354\224\013\352\262\320\205G\\`\314\366~{c\305"
  47      940BEAB2 
  47      D085475C 
  47      60CCF67E 
  47      7B63C5
  48 0080 C6E44485 		.ascii	"\306\344D\205\205\262\323\243\272\033}&\032\226U\011"
  48      85B2D3A3 
  48      BA1B7D26 
  48      1A965509 
  49 0090 BC454CEA 		.ascii	"\274EL\352v\362#Gu\003\3543`K\372x\345\345r\255N-D%"
  49      76F22347 
  49      7503EC33 
  49      604BFA78 
  49      E5E572AD 
  50 00a8 DDDFFAFC 		.ascii	"\335\337\372\374\352\"\307@\262\337(\014\316\3245\007"
  50      EA22C740 
  50      B2DF280C 
  50      CED43507 
  51 00b8 4AE555B8 		.ascii	"J\345U\270\032\260\272\3523\343\035X\220(\241\011E4"
  51      1AB0BAEA 
  51      33E31D58 
  51      9028A109 
  51      4534
  52 00ca 11C93B41 		.ascii	"\021\311;A\227\321L\272\345\313\213\343\241z\307>U\305"
  52      97D14CBA 
  52      E5CB8BE3 
  52      A17AC73E 
  52      55C5
  53 00dc 7B383207 		.ascii	"{82\007\321\314zM\250\216OzUx\030`\373\246\236\300t"
  53      D1CC7A4D 
  53      A88E4F7A 
  53      55781860 
  53      FBA69EC0 
  54 00f1 F43169BF 		.ascii	"\3641i\2776TH\364\220\255J\222\223d\037\371\237{\343"
  54      365448F4 
  54      90AD4A92 
  54      93641FF9 
  54      9F7BE3
  55 0104 5F6B3542 		.ascii	"_k5B\270\003\017\016v\\\355\222\215\263p\353\371fC\200"
  55      B8030F0E 
  55      765CED92 
  55      8DB370EB 
  55      F9664380 
  56 0118 A739A91F 		.ascii	"\2479\251\037\275\354\263=\"\366CmG\016s\376\356k'1"
  56      BDECB33D 
ARM GAS  /tmp/ccZYLmPV.s 			page 4


  56      22F6436D 
  56      470E73FE 
  56      EE6B2731 
  57 012c AD59519F 		.ascii	"\255YQ\237k\360\001\001\236T\374\314\"!\005\245\236"
  57      6BF00101 
  57      9E54FCCC 
  57      222105A5 
  57      9E
  58 013d 5FE58886 		.ascii	"_\345\210\20698\221\270\204\217\322i\004\237\375\025"
  58      393891B8 
  58      848FD269 
  58      049FFD15 
  59 014d FC2F8539 		.ascii	"\374/\2059\243\240\007\305\274QX<\370\276\201\212\002"
  59      A3A007C5 
  59      BC51583C 
  59      F8BE818A 
  59      02
  60 015e 61E10F7D 		.ascii	"a\341\017}\242:\372\242\241[\232\276\204\304\031n\262"
  60      A23AFAA2 
  60      A15B9ABE 
  60      84C4196E 
  60      B2
  61 016f 1A5C04CB 		.ascii	"\032\\\004\313\006\247\277\007V\316\343\246\252\301"
  61      06A7BF07 
  61      56CEE3A6 
  61      AAC1
  62 017d B9F86470 		.ascii	"\271\370dp\266\306\255\376;\373\005\231}M\272~ ?Z\354"
  62      B6C6ADFE 
  62      3BFB0599 
  62      7D4DBA7E 
  62      203F5AEC 
  63 0191 87B90C3A 		.ascii	"\207\271\014:\372\030g?\235\350Z<\356\311s;\225\271"
  63      FA18673F 
  63      9DE85A3C 
  63      EEC9733B 
  63      95B9
  64 01a3 9BBAE3B5 		.ascii	"\233\272\343\265\244\333\333\332[oy\367:\275L\326\353"
  64      A4DBDBDA 
  64      5B6F79F7 
  64      3ABD4CD6 
  64      EB
  65 01b4 CC24BD64 		.ascii	"\314$\275d:\333\021O\022g;\356\377\006w\017\3711"
  65      3ADB114F 
  65      12673BEE 
  65      FF06770F 
  65      F931
  66              		.text
  67              		.section	.gnu.lto_chTMStartMeasurementX.3d9f3949426a7c95,"e",%progbits
  68 0000 789C7550 		.ascii	"x\234uP\317k\023Q\020\236og\263\331j\233\253`\021{\020"
  68      CF6B1351 
  68      109E6F67 
  68      B3D96A9B 
  68      AB60117B 
  69 0015 4B0E6673 		.ascii	"K\016fsR\360\244x\360T\004\375\017\\\002)\232\246$\301"
  69      52F0A478 
  69      F05404FD 
  69      0F5C0229 
ARM GAS  /tmp/ccZYLmPV.s 			page 5


  69      9AA624C1 
  70 0029 6B5FB685 		.ascii	"k_\266\205\202\221\370\003%z\210\033\320\260=\031\305"
  70      8291F803 
  70      257A881B 
  70      D0B03D19 
  70      C5
  71 003a A256AB6E 		.ascii	"\242V\253n\343\317\026\017*^\254\030\203\007\017=\350"
  71      E3CF160F 
  71      2A5EAC18 
  71      83070F3D 
  71      E8
  72 004b A552F550 		.ascii	"\245R\365P\235\267)R\017\016\357\301\373\336\314|\337"
  72      9DB72952 
  72      0F0EEFC1 
  72      FBDECC7C 
  72      DF
  73 005c 7C631368 		.ascii	"|c\023h\300 r\211h\207\\0\301PJ\035\210\227m\003\210"
  73      C0207289 
  73      68875C30 
  73      C1504A1D 
  73      88976D03 
  74 0071 5ECA064D 		.ascii	"^\312\006M\030\230\300Y\2561\332\323_\346\214d \031"
  74      1898C059 
  74      AE31DAD3 
  74      5FE68C64 
  74      2019
  75 0083 15D6CEC5 		.ascii	"\025\326\316\305}\365Z\261\317DW\344\366\002\367\221"
  75      7DF55AB1 
  75      CF4457E4 
  75      F602F791 
  76 0093 94C28E57 		.ascii	"\224\302\216W\377\321_\225\034`\012\274\2704\273\270"
  76      FFD15F95 
  76      1C600ABC 
  76      B834BBB8 
  77 00a3 45430343 		.ascii	"EC\003C\002W\226?\334\331\312I\220\274\337\325.\264"
  77      0257963F 
  77      DCD9CA49 
  77      90BCDFD5 
  77      2EB4
  78 00b5 FA879B4A 		.ascii	"\372\207\233Jy*|\025\260\332\3453\343!X(1\217A<\300"
  78      792A7C15 
  78      B0DAE533 
  78      E3215828 
  78      318F413C 
  79 00ca 2091FC09 		.ascii	" \221\374\011\365#\014\223n\371|k\375\322\200en\250"
  79      F5230C93 
  79      6EF97C6B 
  79      FDD28065 
  79      6EA8
  80 00dc E2312C31 		.ascii	"\3421,1B\324z\033\013\325\372\357i\025\256\006\250\035"
  80      42D47A1B 
  80      0BD5FAEF 
  80      6915AE06 
  80      A81D
  81 00ee 8E8905E9 		.ascii	"\216\211\005\3510\245\331$\2520\351\251M\250\220\350"
  81      30A5D924 
  81      AA30E9A9 
ARM GAS  /tmp/ccZYLmPV.s 			page 6


  81      4DA890E8 
  82 00fe 0C1B3D30 		.ascii	"\014\033=0)`\005\355\371\237\037\273\337\337\360?\324"
  82      296005ED 
  82      F99F1FBB 
  82      DFDFF03F 
  82      D4
  83 010f 9AF1EFC7 		.ascii	"\232\361\357\307\224.\357V\226xg$\027e7Uc\001\026B\031"
  83      942EEF56 
  83      96786724 
  83      17653755 
  83      63011642 
  84 0124 83D08655 		.ascii	"\203\320\206Ugm\271:\371\255ck\313\261\310\346l\353"
  84      676DB93A 
  84      F9AD636B 
  84      CBB1C8E6 
  84      6CEB
  85 0136 FC5DB307 		.ascii	"\374]\263\007UC\251\204|\255\315U~%\232\270\006\237"
  85      5543A984 
  85      7CADCD55 
  85      7E259AB8 
  85      069F
  86 0148 2D3C15AB 		.ascii	"-<\025\253O\264UI\334\276>\023\364\245o\250\251\262"
  86      4FB45549 
  86      DCBE3E13 
  86      F4A56FA8 
  86      A9B2
  87 015a EAAE79DB 		.ascii	"\352\256y\333\256\356\3679\216gh\342\262\336\302\202"
  87      AEEEF739 
  87      8E6768E2 
  87      B2DEC282 
  88 016a B6FB1C69 		.ascii	"\266\373\034i\031\334\353\234\016f\022z\242\315\202"
  88      19DCEB9C 
  88      0E66127A 
  88      A2CD82
  89 0179 1C0986CB 		.ascii	"\034\011\206\3137\337k\366\262L\336\330\356\263]\227"
  89      37DF6BF6 
  89      B24CDED8 
  89      EEB35D97 
  90 0189 E5BFD850 		.ascii	"\345\277\330P(\373\237\356Y\242 1\344s\037^F\344\332"
  90      28FB9FEE 
  90      59A22031 
  90      E4731F5E 
  90      46E4DA
  91 019c 32169116 		.ascii	"2\026\221\026\003\364\025^\243UE\264\\\035\025Foe^\250"
  91      03F4155E 
  91      A35545B4 
  91      5C1D1546 
  91      6F655EA8 
  92 01b0 E1EE54CA 		.ascii	"\341\356T\312\221s\"S\030\313\234t\016eG\217\217\036"
  92      91732253 
  92      18CB9C74 
  92      0E65478F 
  92      8F1E
  93 01c2 39E6E48B 		.ascii	"9\346\344\213N\241\344\024\013\256\343fK\271\224K\\"
  93      4EA1E414 
  93      0BAEE366 
  93      4BB9944B 
ARM GAS  /tmp/ccZYLmPV.s 			page 7


  93      5C
  94 01d3 CA8DEFFD 		.ascii	"\312\215\357\375_\251\233\317\345\362c\316x\276P*:\007"
  94      5FA99BCF 
  94      E5F263CE 
  94      78BE502A 
  94      3A07
  95 01e5 8F8E9CDA 		.ascii	"\217\216\234\332\267gD\032\335|!\223\312\322\037\036"
  95      B767441A 
  95      DD7C2193 
  95      CAD21F1E 
  96 01f5 8DCA9C   		.ascii	"\215\312\234"
  97              		.text
  98              		.section	.gnu.lto_chTMStopMeasurementX.3d9f3949426a7c95,"e",%progbits
  99 0000 789C9554 		.ascii	"x\234\225TKlTU\030>\337\375\357\275\363\350\235a\247"
  99      4B6C5455 
  99      183EDFFD 
  99      EFBDF3E8 
  99      9D61A7
 100 0013 46365D18 		.ascii	"F6]\030\241\013f\232H0a\245q\301\212\230Hbb\342\212"
 100      A10B669A 
 100      483061A5 
 100      71C18A98 
 100      486262E2 
 101 0028 4993122D 		.ascii	"I\223\022-C\246\215+\223\236\231N(Xl#\301\024\022\207"
 101      43A68D2B 
 101      939E994E 
 101      28586C23 
 101      C1141287 
 102 003c DBA43685 		.ascii	"\333\2446\205\215\205@\212-U\207\362\320\"j\213\274"
 102      8D85408A 
 102      2D5587F2 
 102      D0226A8B 
 102      BC
 103 004d DADA8715 		.ascii	"\332\332\207\025T\210\217\225\251EB\375\317C\230\301"
 103      54888F95 
 103      A94542FD 
 103      CF4398C1 
 104 005d 18999B99 		.ascii	"\030\231\233\231\177\356\371\377s\276\327\235\334\250"
 104      7FEEF9FF 
 104      73BED79D 
 104      DCA8
 105 006b 80D8E30B 		.ascii	"\200\330\343\013\221\021B\274\306_D\004\034)\345\013"
 105      911142BC 
 105      C65F4404 
 105      1C29E50B 
 106 007b 917CD471 		.ascii	"\221|\324q\210\357\352]\031w\315o@p\355\314u<;\363\355"
 106      88EFEA5D 
 106      1977CD6F 
 106      4070EDCC 
 106      753C3BF3 
 107 0090 CC836F67 		.ascii	"\314\203og>\240\357d\024\242\335!\327\363\321\216\036"
 107      3EA0EF64 
 107      14A2DD21 
 107      D7F3D18E 
 107      1E
 108 00a1 EA258C77 		.ascii	"\352%\214w\3768\3424\014\362T\226{G#\241\234\224\024"
 108      FE38E234 
ARM GAS  /tmp/ccZYLmPV.s 			page 8


 108      0CF25496 
 108      7B4723A1 
 108      9C9414
 109 00b4 921087F8 		.ascii	"\222\020\207\370k.\214\242\2017\316\027J\177\006\335"
 109      6B2E8CA2 
 109      8137CE17 
 109      4A7F06DD 
 110 00c4 3C035C5E 		.ascii	"<\003\\^\036\270xr\"\256\226\016\352yygfv\270\216\032"
 110      1EB87872 
 110      22AE960E 
 110      EA797967 
 110      6676B88E 
 111 00d9 20F8FE4A 		.ascii	" \370\376J\357\376\241`\335\200\224\005Y>7H\362\231"
 111      EFFEA160 
 111      DD809405 
 111      593E3748 
 111      F299
 112 00eb 90089F80 		.ascii	"\220\010\237\200\030\022cX\213\323X+\004\367\030\372"
 112      18126358 
 112      8BD3582B 
 112      04F718FA 
 113 00fb 53AC13EA 		.ascii	"S\254\023\352\310\322\361\373\357'|\327\262\3423\370"
 113      C8D2F1FB 
 113      EF277CD7 
 113      B2E233F8 
 114 010b 1C821043 		.ascii	"\034\202\020C\227\275\262\274\277\332)\313\277\014b"
 114      97BDB2BC 
 114      BFDA29CB 
 114      BF0C62
 115 011a 6ACB13E0 		.ascii	"j\313\023\340c.\013\340c\256\272\365T\361U\211\250\022"
 115      632E0BE0 
 115      63AEBAF5 
 115      54F15589 
 115      A812
 116 012c 5525A64A 		.ascii	"U%\246J\234\213W\247J\240JB\365\222\252\010\321EB\231"
 116      9C8B57A7 
 116      4AA04A42 
 116      F592AA08 
 116      D1454299 
 117 0140 7521CB42 		.ascii	"u!\313B\354#\307,:xq\007\343c+s\213\177LQ\225\"%\344"
 117      EC23C72C 
 117      3A787107 
 117      E3632B73 
 117      8B7F4C51 
 118 0158 41A3A8B6 		.ascii	"A\243\250\266/v-\320z\255RO+v\343\014|\224Y\275\300"
 118      2F762DD0 
 118      7AAD524F 
 118      2B76E30C 
 118      7C9459BD 
 119 016d 38FC12A9 		.ascii	"8\374\022\251\244\272;~\237\217\252\244|\235\316\311"
 119      A4BA3B7E 
 119      9F8FAAA4 
 119      7C9DCEC9 
 120 017d A1F74EB9 		.ascii	"\241\367N\271f)\373\244Lrky\244\353nr\000\375\010)\202"
 120      6629FBA4 
 120      4C726B79 
 120      A4EB6E72 
ARM GAS  /tmp/ccZYLmPV.s 			page 9


 120      00FD0829 
 121 0192 739CD059 		.ascii	"s\234\320Y\225\020\017N|xd0\326\370\221,\346\345\342"
 121      95100F4E 
 121      7C786430 
 121      D6F8912C 
 121      E6E5E2
 122 01a5 72E1C9C3 		.ascii	"r\341\311\303\233C\212\342<\006pP\205wF\245t\001\215"
 122      9B438AE2 
 122      3C067050 
 122      857746A5 
 122      74018D
 123 01b8 2CBC30B6 		.ascii	",\2740\266\262\264\374\224RT\"Tr\3064g\351\310\245\325"
 123      B2B4FC94 
 123      52542254 
 123      72C63467 
 123      E9C8A5D5 
 124 01cc 5811857C 		.ascii	"X\021\205|\224;\375d\014]\233\2750\011\303\032\307\027"
 124      943BFD64 
 124      0C5D9BBD 
 124      3009C31A 
 124      C717
 125 01de 28029F5B 		.ascii	"(\002\237[\332\321\375{\216\371L\313W\3370\203\324a"
 125      DAD1FD7B 
 125      8EF94CCB 
 125      57DF3083 
 125      D461
 126 01f0 4273DA24 		.ascii	"Bs\332$\212?\037\235\211\333q2\244\000\027\321x\220"
 126      8A3F1F9D 
 126      89DB7132 
 126      A40017D1 
 126      7890
 127 0202 1CF5E0BE 		.ascii	"\034\365\340\276\264jn\257\004U\031:\377\312\260o\265"
 127      B46A6EAF 
 127      0455193A 
 127      FFCAB06F 
 127      B5
 128 0213 9B6C844E 		.ascii	"\233l\204Nu\204_q\204\227t\204_+;^\245\035\322v\312"
 128      75845F71 
 128      84977484 
 128      5F2B3B5E 
 128      A51DD276 
 129 0228 33C7A66D 		.ascii	"3\307\246m^\211\022\367\276\261\272\363\341\302\307"
 129      5E8912F7 
 129      BEB1BAF3 
 129      E1C2C7
 130 0237 FFE8FEE9 		.ascii	"\377\350\376\351\271\220\222\230\324\272I\203\012Li"
 130      B9909298 
 130      D4BA4983 
 130      0A4C69
 131 0246 751D1FEC 		.ascii	"u\035\037\354\346\307\246\261-\374\360\336_\217\306"
 131      E6C7A6B1 
 131      2DFCF0DE 
 131      5F8FC6
 132 0255 147C12C0 		.ascii	"\024|\022\300e\006c\013\363\357@\355yL\266\247\325\331"
 132      6506630B 
 132      F3EF40ED 
 132      794CB6A7 
ARM GAS  /tmp/ccZYLmPV.s 			page 10


 132      D5D9
 133 0267 6FABC8AE 		.ascii	"o\253\310\256\240\221\011L\032ws\206/\362xp\365*\324"
 133      A091094C 
 133      1A777386 
 133      2FF27870 
 133      F52AD4
 134 027a AB1ACDB5 		.ascii	"\253\032\315\265h\327\214\364\303\273'<\003\025\345"
 134      68D78CF4 
 134      C3BB273C 
 134      0315E5
 135 0289 3F17039A 		.ascii	"?\027\003\232\346\241\230i\306t\037F\3774\325f \300"
 135      E6A19869 
 135      C6741F46 
 135      FF34D566 
 135      20C0
 136 029b F52ACA1B 		.ascii	"\365*\312\033\312@\314\030\370\353UC\020\377_\270TH"
 136      CA40CC18 
 136      F8EB5543 
 136      10FF5FB8 
 136      5448
 137 02ad 6B30AD81 		.ascii	"k0\255\201<\0134c\376\024\367:o[\355u\006\227\037\304"
 137      3C0B3463 
 137      FE14F73A 
 137      6F5BED75 
 137      06971FC4 
 138 02c1 88ED040C 		.ascii	"\210\355\004\014\315\375Z\202\327D\263UD\337)\305\201"
 138      CDFD5A82 
 138      D744B355 
 138      44DF29C5 
 138      81
 139 02d2 517CEF75 		.ascii	"Q|\357u\203\234\250!\3629\215\346[\264y\226}\013\305"
 139      839CA821 
 139      F2398DE6 
 139      5BB47996 
 139      7D0BC5
 140 02e5 B9B31B1F 		.ascii	"\271\263\033\037\204\233\320/\304}Dy>\342\330\227\006"
 140      849BD02F 
 140      C47D4479 
 140      3EE2D897 
 140      06
 141 02f6 2B9EEB89 		.ascii	"+\236\353\211\327\220\365v\305\265P\305\265h\262V\330"
 141      D790F576 
 141      C5B550C5 
 141      B568B256 
 141      D8
 142 0307 6EE50B89 		.ascii	"n\345\013\211\215\254Z#\311\032\214|\257\301#\026|\311"
 142      8DAC5A23 
 142      C91A8C7C 
 142      AFC12316 
 142      7CC9
 143 0319 1899AD30 		.ascii	"\030\231\2550\222\264F\274G\214\274{\374\355Z\215\374"
 143      92B446BC 
 143      478CBC7B 
 143      FCED5A8D 
 143      FC
 144 032a 50C575F3 		.ascii	"P\305u\363\241\021\377\241\221\337P\350\353\357\201"
 144      A111FFA1 
ARM GAS  /tmp/ccZYLmPV.s 			page 11


 144      91DF50E8 
 144      EBEF81
 145 0339 7EAFABAB 		.ascii	"~\257\253\253\213`\206\205\262Z>\233J\245\371\363FS"
 145      8B608685 
 145      B25A3E9B 
 145      4AA5F9F3 
 145      4653
 146 034b 6E67D39B 		.ascii	"ng\323\233\351\227\232wl\337\361\362\266t\2665\235k"
 146      E9979A77 
 146      6CDFF1F2 
 146      B674B635 
 146      9D6B
 147 035d 4BB7E632 		.ascii	"K\267\3462\351Ls[K*#\250\255e\327\246\377\332\232\311"
 147      E94C735B 
 147      4B2A23A8 
 147      AD65D7A6 
 147      FFDA9AC9 
 148 0371 B6B46477 		.ascii	"\266\264dw\246wesm\255\351\027_\331\372\326\363\033"
 148      A6776573 
 148      6DADE917 
 148      5FD9FAD6 
 148      F31B
 149 0383 B6F2C14C 		.ascii	"\266\362\301L6\327\224j\026\177\003,I5+"
 149      36D7946A 
 149      167F032C 
 149      49352B
 150              		.text
 151              		.section	.gnu.lto_chTMChainMeasurementToX.3d9f3949426a7c95,"e",%progbits
 152 0000 789C9554 		.ascii	"x\234\225T[HTQ\024=\373\236{\357<\034\347\263\"\241"
 152      5B485451 
 152      143DFB9E 
 152      7BEF3C1C 
 152      E7B322A1 
 153 0014 FC88CC8F 		.ascii	"\374\210\314\217f\354AA_E\337\021\024\004A_\015\202"
 153      66EC4141 
 153      5F45DF11 
 153      1404415F 
 153      0D82
 154 0026 523A314A 		.ascii	"R:1J_AgFQ\312\036\004\366$\273\003%Z\037M\221X\246\325"
 154      5F416746 
 154      51CA1E04 
 154      F624BB03 
 154      255A1F4D 
 155 003e 4D7BD95B 		.ascii	"M{\331[{j\276**L\252\257\250L\254\275\3179\324L\017"
 155      7B6ABE2A 
 155      2A4CAAAF 
 155      A84CACBD 
 155      CF39D44C 
 156 0053 6A2E73F7 		.ascii	"j.s\367\334}\366\331k\257\265\346\314\3652`\3456c\245"
 156      DC7DF6D9 
 156      6BAFB5E6 
 156      CCF53260 
 156      E53663A5 
 157 0067 8CB1B578 		.ascii	"\214\261\265x\203\207\201!\204X\352\211{\015\203\343"
 157      83878121 
 157      8458EA89 
 157      7B0D83E3 
ARM GAS  /tmp/ccZYLmPV.s 			page 12


 158 0077 53BE29FC 		.ascii	"S\276)\374\246\372\016p0u\3154,]\263u\315\002[\327l"
 158      A6FA0E70 
 158      3075CD34 
 158      2C5DB375 
 158      CD025BD7 
 159 008c 00F924BC 		.ascii	"\000\371$\274\300\266\032\334\264l\330\012\273\371~"
 159      C0B61ADC 
 159      B46CD80A 
 159      BBF97E
 160 009b 0E9DB5AF 		.ascii	"\016\235\265\257\333\214\302&\254\012w\377\204\307\021"
 160      DB8CC226 
 160      AC0A77FF 
 160      84C711
 161 00aa F7057738 		.ascii	"\367\005w8c\007\361V\027\234\207B\3348\224h\370\034"
 161      6307F156 
 161      179C8742 
 161      DC389468 
 161      F81C
 162 00bc D8853500 		.ascii	"\330\2055\000\023\323\372\233-\335~J\015\310\307\264"
 162      13D3FA9B 
 162      2DDD7E4A 
 162      0DC8C7B4 
 163 00cc B5FDDA98 		.ascii	"\265\375\332\230\207\027\002\303\347\236\203\355W\355"
 163      871702C3 
 163      E79E83ED 
 163      57ED
 164 00da 82462112 		.ascii	"\202F!\022\302\035h\342b\226\3039\\\000\216\220\320"
 164      C21D68E2 
 164      6296C339 
 164      5C008E90 
 164      D0
 165 00eb 0179D00E 		.ascii	"\001y\320\016y\214\341\032B_\204\002l\330wk\364\265"
 165      798CE11A 
 165      425F8402 
 165      6CD8776B 
 165      F4B5
 166 00fd 8F8764F3 		.ascii	"\217\207d\363\371\023o\306\002\272y|\346!\341\232\324"
 166      F9136FC6 
 166      02BA797C 
 166      E621E19A 
 166      D4
 167 010e 7DE98FDD 		.ascii	"}\351\217\335.\0240\352yqzro\256mj\316p\031l\264\220"
 167      2E1430EA 
 167      79717A72 
 167      6FAE6D6A 
 167      CE70196C 
 168 0124 B154AFE5 		.ascii	"\261T\257\345\212\311o\265\302\275=\255\377\250o\212"
 168      8AC96FB5 
 168      C2BD3DAD 
 168      FFA86F8A 
 169 0134 01D46102 		.ascii	"\001\324a\002M\265\020\302\264)x(x)\370(\3701X9\024"
 169      4DB510C2 
 169      B4297828 
 169      7829F828 
 169      F8315839 
 170 0149 02147269 		.ascii	"\002\024ri-H\201\261:\316\310&\023\204\313\330\016n"
 170      2D4881B1 
ARM GAS  /tmp/ccZYLmPV.s 			page 13


 170      3ACEC826 
 170      1384CBD8 
 170      0E6E
 171 015b A8A40A93 		.ascii	"\250\244\012\223\267\320\331\361el\344c\017\317`C$~"
 171      B7D0D9F1 
 171      656CE463 
 171      0FCF6043 
 171      247E
 172 016d 2C54D3F6 		.ascii	",T\323\366\221\272\355\326\034\311PV\323vC\027\330\320"
 172      91BAEDD6 
 172      1CC95056 
 172      D3764317 
 172      D8D0
 173 017f 89CC195C 		.ascii	"\211\314\031\\\001\273\201[X\333U\365a\310K\036\333"
 173      01BB815B 
 173      58DB55F5 
 173      61C84B1E 
 173      DB
 174 0190 D29A96D4 		.ascii	"\322\232\226\324\236\263\246JER\210 .}j\253\033\017"
 174      9EB3A64A 
 174      45528820 
 174      2E7D6AAB 
 174      1B0F
 175 01a2 36C25170 		.ascii	"6\302Qp\270\007\256\241;W\311\035,\2349\326\334\344"
 175      B807AEA1 
 175      3B57C91D 
 175      2C9C39D6 
 175      DCE4
 176 01b4 2B3A29AA 		.ascii	"+:)\252\343b$U5\365\310\022\207{\341:4\302\0012\256"
 176      E3622455 
 176      35F5C812 
 176      877BE13A 
 176      34C20132 
 177 01c9 8B1CBA01 		.ascii	"\213\034\272\001EH<1\264=\325\\?\203(\245O\344r\242"
 177      45483C31 
 177      B43DD55C 
 177      3F8328A5 
 177      4FE472A2 
 178 01dd DB7FAA8F 		.ascii	"\333\177\252\217\340\343H=9\303\341\276\006\374\271"
 178      E0E3483D 
 178      39C3E1BE 
 178      06FCB9
 179 01ec BBF588B8 		.ascii	"\273\365\210\2703|\316\306\021t\330\034\356\207\233"
 179      337CCEC6 
 179      1174D81C 
 179      EE879B
 180 01fb 129D34C3 		.ascii	"\022\2354\303-(B\005\204\3361\372%\220\341\211\361\233"
 180      2D284205 
 180      84DE31FA 
 180      2590E189 
 180      F19B
 181 020d 27C9B3F5 		.ascii	"'\311\263\365\\[bdZr\007-\271--\271K\226\330i\214@\222"
 181      5C5B6264 
 181      5A72072D 
 181      B92D2DB9 
 181      4B96D869 
 182 0224 31FF4426 		.ascii	"1\377D&\371f\201\303s\340\236\244cH\024\006\367\245"
ARM GAS  /tmp/ccZYLmPV.s 			page 14


 182      F96681C3 
 182      73E09EA4 
 182      63481406 
 182      F7A5
 183 0236 D8AAC335 		.ascii	"\330\252\3035\350\273\004\363(\274\326m\357\216\373"
 183      E8BB04F3 
 183      28BCD66D 
 183      EF8EFB
 184 0245 48700E00 		.ascii	"Hp\016\000\364 \230t\004h\317\177N\233N\275\275\031"
 184      F4209874 
 184      0468CF7F 
 184      4E9B4EBD 
 184      BD19
 185 0257 C31E907C 		.ascii	"\303\036\220|\217\222?\036S\363\274\377\007'\235|\250"
 185      8F923F1E 
 185      53F3BCFF 
 185      07279D7C 
 185      A8
 186 0268 9D54688F 		.ascii	"\235Th\217\024\365#5\335\226\202\302^\013\001\025\325"
 186      14F52335 
 186      DD9682C2 
 186      5E0B0115 
 186      D5
 187 0279 3E9E1D57 		.ascii	">\236\035W?<\316@\177B\\}\212\353\3275j\200\377\237"
 187      3F3CCE40 
 187      7F425C7D 
 187      8AEBD735 
 187      6A80FF9F 
 188 028d 70218707 		.ascii	"p!\207\007\340\251\004\342\032\250O\035\247\211\332"
 188      E0A904E2 
 188      1AA84F1D 
 188      A789DA
 189 029c 514D3347 		.ascii	"QM3G\341\242\347mz%\200\320\270\236\215\307rP\177\306"
 189      E1A2E76D 
 189      7A2580D0 
 189      B89E8DC7 
 189      72507FC6 
 190 02b0 A067C438 		.ascii	"\240g\3048\240\030O\254S\310\271Y\270; \321L\2156\210"
 190      A0184FAC 
 190      53C8B959 
 190      B83B20D1 
 190      4C8D3688 
 191 02c4 B45F41F5 		.ascii	"\264_A\365`\327\302\037\346\346\312\327\336\016\316"
 191      60D7C21F 
 191      E6E6CAD7 
 191      DE0ECE
 192 02d3 E9D81BFA 		.ascii	"\351\330\033\372\017\216\214\007w\373\263\360z=\315"
 192      0F8E8C07 
 192      77FBB3F0 
 192      7A3DCD
 193 02e2 1ACA9835 		.ascii	"\032\312\2305\254\274&l3\375\345\201B\276i!\301,\204"
 193      ACBC266C 
 193      33FDE581 
 193      42BE6921 
 193      C12C84
 194 02f5 8C48704B 		.ascii	"\214HpK\203?WB\236\245\011\011j!\326/Bv\236\336\222"
 194      833F5742 
ARM GAS  /tmp/ccZYLmPV.s 			page 15


 194      9EA50909 
 194      6A21D62F 
 194      42769EDE 
 195 030a AD901719 		.ascii	"\255\220\027\031\263^\376\024b\377\024\362\036\022\311"
 195      B35EFE14 
 195      62FF14F2 
 195      1E12C9
 196 0319 F67A90EF 		.ascii	"\366z\220\357_\272\3528\250b\302\245tv(\024\306\317"
 196      5FBAEA38 
 196      A862C2A5 
 196      74762814 
 196      C6CF
 197 032b 86E25879 		.ascii	"\206\342Xy\361\306\360\362\222\322\365\245+W\207\243"
 197      F1C6F0F2 
 197      92D2F5A5 
 197      2B5787A3 
 198 033b 15E15865 		.ascii	"\025\341Xe\270\"\026\011GJ*\313B\021fV\226m\232Ga\376"
 198      B8221609 
 198      474A2ACB 
 198      42116656 
 198      966D9A47 
 199 0351 A2BF3544 		.ascii	"\242\2775D\242ee\321\362\360\246h\254\262\"\274l\325"
 199      A26565D1 
 199      F2F0A668 
 199      ACB222BC 
 199      6CD5
 200 0363 8ACD8BE7 		.ascii	"\212\315\213\347\256\300\366H4V\034*a\337\001\212\307"
 200      AEC0F648 
 200      34561C2A 
 200      61DF018A 
 200      C7
 201 0374 2F13     		.ascii	"/\023"
 202              		.text
 203              		.section	.gnu.lto_.symbol_nodes.3d9f3949426a7c95,"e",%progbits
 204 0000 789CE360 		.ascii	"x\234\343``d(c\000\002\246>\246z\206\006 `a\234p\216"
 204      60642863 
 204      0002A63E 
 204      A67A8606 
 204      2060619C 
 205 0016 81A19E81 		.ascii	"\201\241\236\201aW\203#P\022$\325\317T\317\210Cj\002"
 205      61578323 
 205      501224D5 
 205      CF54CF88 
 205      436A02
 206 0029 533D1376 		.ascii	"S=\023v)\326IL\014\012 %\023\231\352\231\261+a\000\000"
 206      29D6494C 
 206      0C0A2025 
 206      1399EA99 
 206      B12B6100 
 207 003e CCCE1B01 		.ascii	"\314\316\033\001"
 208              		.text
 209              		.section	.gnu.lto_.refs.3d9f3949426a7c95,"e",%progbits
 210 0000 789CE360 		.ascii	"x\234\343``d`c```db`fb\000\000\000\343\000\030"
 210      60646063 
 210      60606064 
 210      62606662 
 210      000000E3 
ARM GAS  /tmp/ccZYLmPV.s 			page 16


 211              		.text
 212              		.section	.gnu.lto_.decls.3d9f3949426a7c95,"e",%progbits
 213 0000 789CBD5B 		.ascii	"x\234\275[yXT\331\225\257[\2676\212\255#v\272\0233I"
 213      795854D9 
 213      95AF5BB7 
 213      368AAD23 
 213      76BA1333 
 214 0015 4F7F66D2 		.ascii	"O\177f\3223I7\332f\246\247\363e2\311g\233\244\277\264"
 214      334937DA 
 214      66A6A7F3 
 214      6532C967 
 214      9BA4BFB4 
 215 0029 DD3D6A92 		.ascii	"\335=j\222\356|\223\217 \226J\232-E\3412\313\227b\021"
 215      EE7C938F 
 215      20964A9A 
 215      2D45E132 
 215      CB976211 
 216 003d 45145044 		.ascii	"E\024PDv\004\301\225UEP\001eW@Y\005\005\024\001\305"
 216      7604C195 
 216      55455001 
 216      65574059 
 216      05051401 
 217 0052 05591465 		.ascii	"\005Y\024eG\230s\227\252zU\357\225\355\3741S\355\241"
 217      47987397 
 217      AA7A55EF 
 217      95EDFC31 
 217      53EDA1
 218 0065 DE79EF77 		.ascii	"\336y\357w\226{\356\271\347\236\367\352\265F\206d\233"
 218      967BEEB9 
 218      E79EF7EA 
 218      B5468664 
 218      9B
 219 0076 FF51262B 		.ascii	"\377Q&+S\313dsH&[\200\217R&\223\265\000\001+\353\222"
 219      53CB6473 
 219      48265B80 
 219      8F522693 
 219      B500012B 
 220 008c B18F0268 		.ascii	"\261\217\002h\000\350\021\320\020\320\030\277\256\225"
 220      00E811D0 
 220      10D018BF 
 220      AE95
 221 009a CBAC3E0D 		.ascii	"\313\254>\015pR\013\337\233\201\026\001-\346::\201\256"
 221      70520BDF 
 221      9B811601 
 221      2DE63A3A 
 221      81AE
 222 00ac 00FD00A8 		.ascii	"\000\375\000\250\206\353\177\007\210\330j\003\272\016"
 222      86EB7F07 
 222      88D86A03 
 222      BA0E
 223 00ba 7403A81D 		.ascii	"t\003\250\035\250\225\353\036\220\211?mv\364\023\275"
 223      A895EB1E 
 223      90893F6D 
 223      76F413BD 
 224 00ca FF06BE7C 		.ascii	"\377\006\276|\016\344\"\267\330#\356\375J\316t\313\271"
 224      0EE422B7 
 224      D823EEFD 
ARM GAS  /tmp/ccZYLmPV.s 			page 17


 224      4ACE74CB 
 224      B9
 225 00db FFBF938B 		.ascii	"\377\277\223\213\365v\202\336\327\354\350}\307F\367"
 225      F57682DE 
 225      D7ECE87D 
 225      C746F7
 226 00ea EF811C80 		.ascii	"\357\201\034\200f\270\215N\301\2304\334\236\012h\222"
 226      66B88D4E 
 226      C19834DC 
 226      9E0A6892 
 227 00fa 8FE7061F 		.ascii	"\217\347\006\037\323u>V\314cH\374\370\243\\:\216\003"
 227      D3753E56 
 227      CC6348FC 
 227      F8A35C3A 
 227      8E03
 228 010c 70D2F915 		.ascii	"p\322\371\025\3751\215\325\344\203J0\346v\011\333c\002"
 228      FD318DD5 
 228      E4834A30 
 228      E67609DB 
 228      6302
 229 011e DBB69F78 		.ascii	"\333\266\237x\214zBR\247\234\2420Z\244E\012`\017\324"
 229      8C7A4252 
 229      A79CA230 
 229      5AA4450A 
 229      600FD4
 230 0131 17D66981 		.ascii	"\027\326i\201]\254Eo\001\233\321\336\034\202\330\325"
 230      5DAC456F 
 230      019BD1DE 
 230      1C82D8D5 
 231 0141 D780BDB4 		.ascii	"\327\200\275\264p\360\222\202\261\032`\343NV\31491p"
 231      70F09282 
 231      B11A60E3 
 231      4E56CC39 
 231      3170
 232 0153 39D1F5C2 		.ascii	"9\321\365\302x\340\240\013\226#r\\\032\376\342\242\032"
 232      78E0A00B 
 232      9623725C 
 232      1AFEE2A2 
 232      1A
 233 0164 AEFD408B 		.ascii	"\256\375@\213H\226\271\302\251\313\243\303\327\021;"
 233      4896B9C2 
 233      A9CBA3C3 
 233      D7113B
 234 0173 4510B321 		.ascii	"E\020\263!\371\3735XA\217+&r\003\335s\215\354\243\371"
 234      F9FB3558 
 234      418F2B26 
 234      7203DD73 
 234      8DECA3F9 
 235 0187 830C5522 		.ascii	"\203\014U\"l\361\261)\2617\312\031\257\240\310\260#"
 235      6CF1B129 
 235      B137CA19 
 235      AFA0C8B0 
 235      23
 236 0198 E7A69076 		.ascii	"\347\246\220v\227\321\030bL\0175:\374Z\206J\320\022"
 236      97D11862 
 236      4C0F353A 
 236      FC5A864A 
ARM GAS  /tmp/ccZYLmPV.s 			page 18


 236      D012
 237 01aa 74012D91 		.ascii	"t\001-\221\241jDuW!wT\001\347\312\341\034\010\004\247"
 237      A16A4475 
 237      57217754 
 237      01E7CAE1 
 237      1C0804A7 
 238 01be B4DD95E3 		.ascii	"\264\335\225\343\237P\341G\271mm\030\377+=\236?V\035"
 238      9F50E147 
 238      B96D6D18 
 238      FF2B3D9E 
 238      3F561D
 239 01d1 AC925674 		.ascii	"\254\222VtYRQjh|\001\306\277\242\302O*\027\036a\274"
 239      5952516A 
 239      687C01C6 
 239      BFA2C24F 
 239      2A171E61 
 240 01e6 9A1EE716 		.ascii	"\232\036\347\026\355IV\263\240\274\011l}\363\330\023"
 240      ED4956B3 
 240      A0BC096C 
 240      7DF3D813 
 241 01f6 535010F0 		.ascii	"SP\020\3601\335McNx\015\205\346\214\216\227\020\350"
 241      31DD4D63 
 241      4E780D85 
 241      E68C8E97 
 241      10E8
 242 0208 3B5AF457 		.ascii	";Z\364WA@\336a\001I=\234\365\005\376#=l\356\016Npa\316"
 242      4140DE61 
 242      01493D9C 
 242      F505FE23 
 242      3D6CEE0E 
 243 0220 15841ABF 		.ascii	"\025\204\032\277\021\274\\\206.\202'e\304\273fD%\210"
 243      11BC5C86 
 243      2E822765 
 243      C4BB6644 
 243      2588
 244 0232 774D70AE 		.ascii	"wMp\256\221z\247\232?\230zJ\216\226\302\307m\351a\""
 244      917AA79A 
 244      3F987A4A 
 244      8E96C2C7 
 244      6DE96122 
 245 0246 573E99B2 		.ascii	"W>\231\262,il\310h\3547b\324\202\264\350\032\310u 7"
 245      2C696CC8 
 245      68EC3762 
 245      D482B4E8 
 245      1AC87520 
 246 025b B322192A 		.ascii	"\263\"\031*\245\177\227\303\037&Q\371\355$cy\230\012"
 246      A57F97C3 
 246      1F2651F9 
 246      ED246379 
 246      980A
 247 026d 5D01743D 		.ascii	"]\001t=G\233\202\"C\356\326\340z\001\270N\032\\\202"
 247      479B8222 
 247      43EED6E0 
 247      7A01B84E 
 247      1A5C82
 248 0280 CCE82E8E 		.ascii	"\314\350.\216\256\001\364%\021\232\271C\341\373H\006"
 248      AE01F425 
ARM GAS  /tmp/ccZYLmPV.s 			page 19


 248      119AB943 
 248      E1FB4806 
 249 0290 C400A137 		.ascii	"\304\000\2417e\350* \032\3505\202'#nCK\321u\240\033"
 249      65E82A20 
 249      1AE83582 
 249      27236E43 
 249      4BD175A0 
 250 02a5 40ED40AD 		.ascii	"@\355@\255h)I\022f\244U\340R\255\035#d\000$\364\247"
 250      68294912 
 250      66A455E0 
 250      52AD1D23 
 250      640024F4 
 251 02ba FB125DF0 		.ascii	"\373\022]\360>D\243]u\364\332!\271\233\244et\223\353"
 251      3E44A35D 
 251      75F4DA21 
 251      B99BA465 
 251      7493EB
 252 02cd 798971D0 		.ascii	"y\211q\320\320P\334\027\254q\332mN&\324ie\272\0139\311"
 252      D050DC17 
 252      AC71DA6D 
 252      4E26D469 
 252      65BA0B39 
 253 02e2 D8175953 		.ascii	"\330\027YS\267{/9\364\241;\210,H\204\256*\221\214\374"
 253      B77B2F39 
 253      F4A13B88 
 253      2C4884AE 
 253      2A918CFC 
 254 02f6 47FE90DA 		.ascii	"G\376\220\332\300\276\0219F\274D\323\017\"\037\216c"
 254      C0BE1139 
 254      46BC44D3 
 254      0F221F8E 
 254      63
 255 0307 5F04C0CE 		.ascii	"_\004\300\316\261/\323\037vN\316\265\230\226=b2L;e\005"
 255      B12FD31F 
 255      764ECEB5 
 255      98963D62 
 255      324C3B65 
 256 031c AAD975C4 		.ascii	"\252\331u\304\257\233\2240\001\346\225E\220\237\222"
 256      AF9B9430 
 256      01E69545 
 256      909F92
 257 032b 73734209 		.ascii	"ssB\011$\362\330\242PfVj\372 \363\002\017\357\254\373"
 257      24F2D8A2 
 257      5066566A 
 257      FA20F302 
 257      0FEFACFB 
 258 033f AF7ED41B 		.ascii	"\257~\324\033\014\301\177\322Y\372\206\014\275\026\363"
 258      0CC17FD2 
 258      59FA860C 
 258      BD16F3
 259 034e 968C4ECD 		.ascii	"\226\214N\315\350\221\21295\256d\363\324\275\343T\024"
 259      E8918A39 
 259      35AE64F3 
 259      D4BDE354 
 259      14
 260 035f 62F3443E 		.ascii	"b\363D>&\307z\330\364p]O.\016M*lAt\032\255q;Z\033\272"
 260      26C77AD8 
ARM GAS  /tmp/ccZYLmPV.s 			page 20


 260      F4705D4F 
 260      2E0E4D2A 
 260      6C41741A 
 261 0379 9D855376 		.ascii	"\235\205Sv\307j\312z\351\224\001\356\\v\334\254\213"
 261      C76ACA7A 
 261      E99401EE 
 261      5C76DCAC 
 261      8B
 262 038a 42CE4EA1 		.ascii	"B\316N\241 \005\365\267&\246\304\231-y\271\240J.fU2"
 262      2005F5B7 
 262      26A6C499 
 262      2D79B9A0 
 262      4A2E6655 
 263 039f B9FD5A82 		.ascii	"\271\375Z\202\366\2158\232N\241\306\327\344h\3637\321"
 263      F68D389A 
 263      4EA1C6D7 
 263      E468F337 
 263      D1
 264 03b0 5D50DC4F 		.ascii	"]P\334O\025\337C0\276>\244`\332\307jn\245\240\267\323"
 264      15DF4330 
 264      BE3EA460 
 264      DAC76A6E 
 264      A5A0B7D3 
 265 03c4 8DBDBDC6 		.ascii	"\215\275\275\306\362\246\013?M\274\032nl\006\271\237"
 265      F2A60B3F 
 265      4DBC1A6E 
 265      6C06B99F 
 266 03d4 531CBA0D 		.ascii	"S\034\272\015^s\217\311\261\014\335\002%\250\033\304"
 266      5E738FC9 
 266      B10CDD02 
 266      25A81BC4 
 267 03e4 E1C4007A 		.ascii	"\341\304\000z\033\024\264gULi\361\024\013P\350\321\336"
 267      1B14B467 
 267      554C69F1 
 267      140B50E8 
 267      D1DE
 268 03f6 66258E62 		.ascii	"f%\216b\025\370\340\245\362\024Wp\034=\240\265\024\316"
 268      15F8E0A5 
 268      F2145770 
 268      1C3DA0B5 
 268      14CE
 269 0408 7454E5B5 		.ascii	"tT\345\265h\270\261\332\224\357f\204\032\217\033\215"
 269      68B8B1DA 
 269      94EF6684 
 269      1A8F1B8D 
 270 0418 BBDEA2A6 		.ascii	"\273\336\242\246\356\233L\241\207\340\033a\255\255="
 270      EE9B4CA1 
 270      87E01B61 
 270      ADAD3D
 271 0427 A2D6EAE6 		.ascii	"\242\326\352\346:\013U8\336\236\201\370\336\323\217"
 271      3A0B5538 
 271      DE9E81F8 
 271      DED38F
 272 0436 95DCC0E0 		.ascii	"\225\334\300\340\337\300b\204Ei\224S\375\203f\375\217"
 272      DFC06284 
 272      45699453 
 272      FD8366FD 
ARM GAS  /tmp/ccZYLmPV.s 			page 21


 272      8F
 273 0447 89FE415B 		.ascii	"\211\376A[\375CT\177RC\305\177\343\034{\352\245\246"
 273      FD43547F 
 273      5243C57F 
 273      E31C7BEA 
 273      A5A6
 274 0459 A2FD664D 		.ascii	"\242\375fM\215\334|n\024\321\223I\251\347\363\\\354"
 274      8DDC7C6E 
 274      14D19349 
 274      A9E7F35C 
 274      EC
 275 046a CEC05332 		.ascii	"\316\300S2\003OL30\233\270\323\227\273<\366=\263\313"
 275      034F4C33 
 275      309BB8D3 
 275      97BB3CF6 
 275      3DB3CB
 276 047d 8041C366 		.ascii	"\200A\303f\227G\210\313\303\266.\217Q\227\233\237gF"
 276      974788CB 
 276      C3B62E8F 
 276      51979B9F 
 276      6746
 277 048f A87035F3 		.ascii	"\250p5\3639w\341A\262+\313\004#)\3769\015s\017\035p"
 277      3977E141 
 277      B22BCB04 
 277      2329FE39 
 277      0D730F1D 
 278 04a4 23BBF83C 		.ascii	"#\273\370<\266\353\216\013n\245\214\374\361\344\375"
 278      B6EB8E0B 
 278      6EA58CFC 
 278      F1E4FD
 279 04b3 6667B4D4 		.ascii	"fg\264\324\315T\253\177\2240\366\320h\334\377&-^\023"
 279      CD54AB7F 
 279      9430F6D0 
 279      68DCFF26 
 279      2D5E13
 280 04c6 60794ABA 		.ascii	"`yJ\272\370\322\304\206\2045\022\227,\327\247x\211\232"
 280      F8D2C486 
 280      84351297 
 280      2CD7A778 
 280      899A
 281 04d8 3497A4A7 		.ascii	"4\227\244\247\231\017\333U\270\223\231\016}Z\\\344\350"
 281      990FDB55 
 281      B893990E 
 281      7D5A5CE4 
 281      E8
 282 04e9 26298BA6 		.ascii	"&)\213\246\2711k\361\322\264\244I-\036d\342\305e]\321"
 282      B9316BF1 
 282      D2B4A449 
 282      2D1E64E2 
 282      C5655DD1 
 283 04fd 743B32F2 		.ascii	"t;2\362\265\002\211o\261=\207\264\304A\342#YW\035w\302"
 283      B502896F 
 283      B13D87B4 
 283      C441E223 
 283      59571D77 
 284 0512 1DD8DA38 		.ascii	"\035\330\3328NB\320\002\243\346\374?\223pe\036\330\251"
 284      4E42D002 
ARM GAS  /tmp/ccZYLmPV.s 			page 22


 284      A3E6FC3F 
 284      9370651E 
 284      D8A9
 285 0524 E6DB2326 		.ascii	"\346\333#&[\362\320\241\333.\354r\002\201\237\030\217"
 285      5BF2D0A1 
 285      DB2EEC72 
 285      02819F18 
 285      8F
 286 0535 4AD6329E 		.ascii	"J\3262\236\024\313\013\355\015\207]\030\274\227\326"
 286      14CB0BED 
 286      0D875D18 
 286      BC97D6
 287 0544 83BED02C 		.ascii	"\203\276\320,W\374\234\271\365\342B\362U\310}\306\214"
 287      57FC9CB9 
 287      F5E242F2 
 287      55C87DC6 
 287      8C
 288 0555 57A43493 		.ascii	"W\2444\223\336D\305\032\0165\311\367\370\313\037\260"
 288      DE44C51A 
 288      0E35C9F7 
 288      F8CB1FB0 
 289 0565 33C4F36D 		.ascii	"3\304\363mp\246\3178\233\350\204aC\244\021:\223wR8*"
 289      70A6CF38 
 289      9BE88461 
 289      43A4113A 
 289      93775238 
 290 057a 414C76CA 		.ascii	"ALv\312\251\030\011I\270|\011\332!\247C+\210\011\016"
 290      A9180949 
 290      B87C09DA 
 290      21A7432B 
 290      88090E
 291 058d C6389C49 		.ascii	"\3068\234I\267O\225\3158\341\030\312\340\340\3353\235"
 291      B74F95CD 
 291      38E118CA 
 291      E0E0DD33 
 291      9D
 292 059e 18699720 		.ascii	"\030i\227 P\200\350\266m\3144b\330GV,A\313@\337n\320"
 292      5080E8B6 
 292      6DCC3462 
 292      D847562C 
 292      41CB40DF 
 293 05b4 17298730 		.ascii	"\027)\2070\355\001m{A[\242QCO$\032\001\375\344\257\364"
 293      ED016D7B 
 293      415BA251 
 293      434F241A 
 293      01FDE4AF 
 294 05c9 1894EEBA 		.ascii	"\030\224\356\2727^\346\250\345\012\302^\246\000\300"
 294      375EE6A8 
 294      E50AC25E 
 294      A600C0
 295 05d8 BD239531 		.ascii	"\275#\2251XX\301\242\344\302i\211\226\363\012\326u\276"
 295      5858C1A2 
 295      E4C26989 
 295      96F30AD6 
 295      75BE
 296 05ea 78158185 		.ascii	"x\025\201\205\276\034\226\336\260\253\321\001\307\261"
 296      BE1C96DE 
ARM GAS  /tmp/ccZYLmPV.s 			page 23


 296      B0ABD101 
 296      C7B1
 297 05f8 D15DCD98 		.ascii	"\321]\315\230\216v\305G(\243\030\352+\213\322\220\336"
 297      8E76C547 
 297      28A318EA 
 297      2B8BD290 
 297      DE
 298 0609 8264ABD1 		.ascii	"\202d\253\321X\376l\370\247\211\205Fc\204\023\332\005"
 298      58FE6CF8 
 298      A7898546 
 298      638413DA 
 298      05
 299 061a AAF6836B 		.ascii	"\252\366\203k\007\345\322;-\303w}\213\355\313\004\035"
 299      07E5D23B 
 299      2DC3777D 
 299      8BEDCB04 
 299      1D
 300 062b 26420B5B 		.ascii	"&B\013[\205\260Pc\371D\302\233Y\241\306+\177B1r'\024"
 300      85B05063 
 300      F944C29B 
 300      59A1C62B 
 300      7F423172 
 301 0641 210D5F6E 		.ascii	"!\015_n\325)@6\207@X\202!,h\037\027 S\027'_\212\016"
 301      D5294036 
 301      87405882 
 301      212C681F 
 301      17205317 
 302 0659 00C5CA4D 		.ascii	"\000\305\312MY\335\0271\236\257\300\267\330\030\333"
 302      59DD1731 
 302      9EAFC0B7 
 302      D818DB
 303 0668 262FE469 		.ascii	"&/\344i\335\244\325\304\277T\215)+\027\361\254l),=\240"
 303      DDA4D5C4 
 303      BF548D29 
 303      2B17F1AC 
 303      6C292C3D 
 304 067d E1CB5E45 		.ascii	"\341\313^EJ\327\375kc\016\37013\323\220\334\034\314"
 304      4AD7FD6B 
 304      630EF831 
 304      33D390DC 
 304      1CCC
 305 068f 33FA8A4C 		.ascii	"3\372\212L\3205/\342]\363\365\346\236#\030O0\260\361"
 305      D0352FE2 
 305      5DF3F5E6 
 305      9E23184F 
 305      30B0F1
 306 06a2 C0EC2167 		.ascii	"\300\354!g\274\300\230\242\311\276.\007\351\026\365"
 306      BCC098A2 
 306      C9BE2E07 
 306      E916F5
 307 06b1 905CAA45 		.ascii	"\220\\\252E\275ufo\225\006\357d=\365\334\221\246\233"
 307      BD75666F 
 307      9506EF64 
 307      3DF5DC91 
 307      A69B
 308 06c3 1A1CCD98 		.ascii	"\032\034\315\230{\317r\236\273\212v\305\303\240%S.\334"
 308      7BCF729E 
ARM GAS  /tmp/ccZYLmPV.s 			page 24


 308      BB8A76C5 
 308      C3A02553 
 308      2EDC
 309 06d5 1573EAF3 		.ascii	"\025s\352\363\016h\2059\225i\025\374,S\262\204\336K"
 309      0E688539 
 309      956915FC 
 309      2C53B284 
 309      DE4B
 310 06e7 ED73C109 		.ascii	"\355s\301\011Lymt\330\036-\316`L\347\263\243\347\034"
 310      4C796D74 
 310      D81E2DCE 
 310      604CE7B3 
 310      A3E71C
 311 06fa A59D3E2A 		.ascii	"\245\235>*\351t\377\302\374\237q.\023~:|\352\232+>\313"
 311      E974FFC2 
 311      FC9F712E 
 311      137E3A7C 
 311      EA9A2B3E 
 312 070f 98985BD3 		.ascii	"\230\230[\323\245\216\270\2141\325YS\203X4\200\023\240"
 312      A58EB88C 
 312      31D55953 
 312      83583480 
 312      13A0
 313 0721 31DB6A00 		.ascii	"1\333j\000e\203}{\241a`B'\012\236\307\252EB9\"\241\354"
 313      65837D7B 
 313      A1616042 
 313      270A9EC7 
 313      AA454239 
 314 0738 A3250348 		.ascii	"\243%\003H8\352\\\253Q\347\361Q\313\367\337\331}B\211"
 314      38EA5CAB 
 314      51E7F151 
 314      CBF7DFD9 
 314      7D4289
 315 074b DC964A17 		.ascii	"\334\226J\027R\342L>\317\231\002\271\240/}\220\210\247"
 315      52E24C3E 
 315      CF9902B9 
 315      A02F7D90 
 315      88A7
 316 075d 9FB3EA0E 		.ascii	"\237\263\352\016\252\320I\216\223\310i\342\313\363}"
 316      AAD0498E 
 316      93C869E2 
 316      CBF37D
 317 076c BDCE764A 		.ascii	"\275\316vJu\216\330\002i_\213\273\037\311YB-\003\366"
 317      758ED802 
 317      695F8BBB 
 317      1FC95942 
 317      2D03F6
 318 077f F8E09D39 		.ascii	"\370\340\2359\214gX\004\372n].p\301s\214)\231L.q\305"
 318      8C675804 
 318      FA6E5D2E 
 318      70C1738C 
 318      29994C2E 
 319 0795 A14ACA5C 		.ascii	"\241J\312\\\273\2730\246\305\273\031\023\0317|\024\332"
 319      BBBB30A6 
 319      C5BB1913 
 319      19377C14 
 319      DA
ARM GAS  /tmp/ccZYLmPV.s 			page 25


 320 07a6 61C6540F 		.ascii	"a\306T\017\264\305(EQ+\006\333\347\254\242v9\2755\321"
 320      B4C52845 
 320      512B06DB 
 320      E7ACA276 
 320      39BD35D1 
 321 07ba 4918B573 		.ascii	"I\030\265sV\203:o\312\225\332\246\364g\032\234\306\224"
 321      56833A6F 
 321      CA95DAA6 
 321      F4671A9C 
 321      C694
 322 07cc 3FBE9FDD 		.ascii	"?\276\237\335"
 323 07d0 21C7598C 		.ascii	"!\307Y\214\011\333\231X'\027Y*\001K\245V\226\316,\234"
 323      09DB9958 
 323      2717592A 
 323      014BA556 
 323      96CE2C9C 
 324 07e4 08C7388F 		.ascii	"\010\3078\217\013\215\037\232\020\273W&\022:\230}-\325"
 324      0B8D1F9A 
 324      10BB5726 
 324      123A987D 
 324      2DD5
 325 07f6 AA27BF68 		.ascii	"\252'\277h\345\336%\223{\347\367\355\037\326\340b\246"
 325      E5DE2593 
 325      7BE7F7ED 
 325      1FD6E062 
 325      A6
 326 0807 FC5E5361 		.ascii	"\374^Sa\205\312\236\020*\007#f\271\221=\351\215\012"
 326      85CA9E10 
 326      2A072366 
 326      B9913DE9 
 326      8D0A
 327 0819 21B402E6 		.ascii	"!\264\002\346\326\242\277\322\204\353I\210,q\304\365"
 327      D6A2BFD2 
 327      84EB4988 
 327      2C71C4F5 
 328 0829 4CFFC5E8 		.ascii	"L\377\305\350\261s\016\270\20517\366\264u\253p\027c"
 328      B1730EB8 
 328      853137F6 
 328      B475AB70 
 328      1763
 329 083b 6612E74E 		.ascii	"f\022\347N9J\357F5\222\273\321\316\251\376\002W\334"
 329      394AEF46 
 329      3592BBD1 
 329      CEA9FE02 
 329      57DC
 330 084d 4BA5358F 		.ascii	"K\2455\217\017\345\037\306\364\366\017>\213Y\331](\305"
 330      0FE51FC6 
 330      F4F60F3E 
 330      8B59D95D 
 330      28C5
 331 085f 4927F6EF 		.ascii	"I'\366\3575\246\207\300\034@\351\255\0065M\362\305v"
 331      35A687C0 
 331      1C40E9AD 
 331      06354DF2 
 331      C576
 332 0871 6EE9489D 		.ascii	"n\351H\235\3765\253\323\004|\371\245`H\352\306\372\305"
 332      FE35ABD3 
ARM GAS  /tmp/ccZYLmPV.s 			page 26


 332      047CF9A5 
 332      6048EAC6 
 332      FAC5
 333 0883 AC4C6F72 		.ascii	"\254LorBU_\007\236o\\\304\300\307@u\341\327\241'\256"
 333      42555F07 
 333      9E6F5CC4 
 333      C0C74075 
 333      E1D7A127 
 334 0898 72D59042 		.ascii	"r\325\220B\250\350\353\320\225\277a^C\300\321\205\257"
 334      A8E8EBD0 
 334      95BF615E 
 334      43C0D185 
 334      AF
 335 08a9 03CFAC66 		.ascii	"\003\317\254f`(d\350\254}\360~\351.\213\240\311,\324"
 335      602864E8 
 335      AC7DF07E 
 335      E92E8BA0 
 335      C92CD4
 336 08bc C16E7005 		.ascii	"\301np\005\250\036\350\032\320U\240F\240\006\363\232"
 336      A81EE81A 
 336      D055A046 
 336      A006F39A 
 337 08cc 1CADBE1A 		.ascii	"\034\255\276\032\355\214\343Utj\007\016\017\275\316"
 337      ED8CE355 
 337      746A070E 
 337      0FBDCE
 338 08db D6E73BC0 		.ascii	"\326\347;\300\335\234\331\027\251\305\207\330\245\007"
 338      DD9CD917 
 338      A9C587D8 
 338      A507
 339 08e9 274BF255 		.ascii	"'K\362U\3708cL\013y1[\310\246g1\213\330\263\230\301"
 339      F838634C 
 339      0B79315B 
 339      C8A66731 
 339      8BD8B398 
 340 08fe D0F23E05 		.ascii	"\320\362>\005\316g\320\362\336\275\323\030\256}\007"
 340      CE67D0F2 
 340      DEBDD318 
 340      AE7D07
 341 090d BA1D2478 		.ascii	"\272\035$x\224\360\035\366(!$\266-\307\001\0272l\177"
 341      94F01DF6 
 341      282124B6 
 341      2DC70117 
 341      326C7F
 342 0920 D8A1D55A 		.ascii	"\330\241\325Z\211\246\244SN\361d@7!\255n\260\264\342"
 342      89A6A453 
 342      4EF16440 
 342      3721AD6E 
 342      B0B4E2
 343 0933 CE2E66CE 		.ascii	"\316.f\316\306%\335\177\023\2272=\221{\346\3631\256"
 343      C625DD7F 
 343      1397323D 
 343      917BE6F3 
 343      31AE
 344 0945 54F1329F 		.ascii	"T\3612\237q\313IJ\353mI\255\267SG\237)p=\223\315\252"
 344      71CB494A 
 344      EB6D49AD 
ARM GAS  /tmp/ccZYLmPV.s 			page 27


 344      B753479F 
 344      29703D93 
 345 095b CA6F51E3 		.ascii	"\312oQ\343f\306\324\025\345&9H)\352\225T4s a\005\356"
 345      66C6D415 
 345      E5263948 
 345      29EA9554 
 345      34732061 
 346 0971 64A23DF9 		.ascii	"d\242=\371\335\325\012\334\313\230\306\341\035\373\035"
 346      DDD50ADC 
 346      CB98C6E1 
 346      1DFB1D
 347 0980 ED3C32B9 		.ascii	"\355<2\271+\227xd\202\272\356w\234t\024.\340{V\215\321"
 347      2B977864 
 347      82BAEE77 
 347      9C74142E 
 347      E07B568D 
 348 0995 80690187 		.ascii	"\200i\001\207\364\027u \374\230\231\311\236\014;\353"
 348      F4177520 
 348      FC9899C9 
 348      9E0C3BEB 
 349 09a5 8A9F3026 		.ascii	"\212\2370&\363\360T\210\002O0&\247hO\226\370\306\363"
 349      F3F05488 
 349      024F3026 
 349      A7684F96 
 349      F8C6F3
 350 09b8 21987E64 		.ascii	"!\230~dU\227\206\356\216\217i\360\0165\025J\257*i\024"
 350      559786EE 
 350      8E8F69F0 
 350      0E35154A 
 350      AF2A6914 
 351 09cc 6F6B8322 		.ascii	"ok\203\"\241\372\235\305O\325B_\037[\025\263!\223\257"
 351      A1FA9DC5 
 351      4FD5425F 
 351      1F5B15B3 
 351      2193AF
 352 09df 57E76FA4 		.ascii	"W\347o\244 \034\313\22475\364\353p\022;\356\177\236"
 352      201CCB94 
 352      3735F4EB 
 352      70123BEE 
 352      7F9E
 353 09f1 7B4C5C6A 		.ascii	"{L\\jG\300\320\250\225\241\261\246\370\2158\223\311"
 353      47C0D0A8 
 353      95A1B1A6 
 353      F88D3893 
 353      C9
 354 0a02 C4D6473C 		.ascii	"\304\326G<\326\212d\236\210dZ\023\256\274!\364\355\251"
 354      D68A649E 
 354      88645A13 
 354      AEBC21F4 
 354      EDA9
 355 0a14 956F63E6 		.ascii	"\225oc\346\006\263\262\357]\234GU\343\320\331\373\277"
 355      06B3B2EF 
 355      5D9C4755 
 355      E3D0D9FB 
 355      BF
 356 0a25 838D74A9 		.ascii	"\203\215t\251U\367e\236/\342\326s\276\317M\300\272\032"
 356      55F7659E 
ARM GAS  /tmp/ccZYLmPV.s 			page 28


 356      2FE2D673 
 356      BECF4DC0 
 356      BA1A
 357 0a37 B7D94DA3 		.ascii	"\267\331M\243\253\242XY\003\335\350\031\007\333\177"
 357      ABA25859 
 357      03DDE819 
 357      07DB7F
 358 0a46 F834F626 		.ascii	"\3704\366&[\364c|\363\225@\363\3157.6a\000\273I;\365"
 358      5BF4637C 
 358      F39540F3 
 358      CD372E36 
 358      6100BB49 
 359 0a5c 44DA2990 		.ascii	"D\332)\220\232J\250\313r\306gX\320\366\3474\337P\341"
 359      9A4AA8CB 
 359      72C66758 
 359      D0F6E734 
 359      DF50E1
 360 0a6f 62C6642F 		.ascii	"b\306d/<\213v\302\027\030\0231\372\370\333\242h\316"
 360      3C8B76C2 
 360      17181331 
 360      FAF8DBA2 
 360      68CE
 361 0a81 80D659AB 		.ascii	"\200\326Y\253h\036\037\254\016q\020\206s\326\312\335"
 361      681E1FAC 
 361      0E711086 
 361      73D6CADD 
 362 0a91 39F3BE52 		.ascii	"9\363\276Rzx\322\031\327R\335\362\322\346G#r\273\235"
 362      7A78D219 
 362      D752DDF2 
 362      D2E64723 
 362      72BB9D
 363 0aa4 C90B3032 		.ascii	"\311\01302\317]_\020\306\262{\006'\237b\235\011\350"
 363      CF5D5F10 
 363      C6B27B06 
 363      279F629D 
 363      09E8
 364 0ab6 45D31C27 		.ascii	"E\323\034'\035\234\252g\0157\324x\267\206\025\203\216"
 364      1D9CAA67 
 364      0D37D478 
 364      B7861583 
 364      8E
 365 0ac7 91EB4E38 		.ascii	"\221\353N8\2121\325s\247\216hp\034c\222\313\206\214"
 365      8A31D573 
 365      A78E6870 
 365      1C6392CB 
 365      868C
 366 0ad9 E2A62B04 		.ascii	"\342\246+\004C\323\210\205\343\014?z,\302\001\037cB"
 366      43D38885 
 366      E30C3F7A 
 366      2CC2011F 
 366      6342
 367 0aeb F74FD60E 		.ascii	"\367O\326\016\211\036\355\2400\221\320@\363\213\006"
 367      891EEDA0 
 367      3091D040 
 367      F38B06
 368 0afa AB35BB03 		.ascii	"\2535\273\003\013\335\015\307<8\331!\017\2061.\241\312"
 368      0BDD0DC7 
ARM GAS  /tmp/ccZYLmPV.s 			page 29


 368      3C38D921 
 368      0F86312E 
 368      A1CA
 369 0b0c 1545C7BB 		.ascii	"\025E\307\273'\\H\266-\225n\366\211o\273\230\031\024"
 369      275C48B6 
 369      2D956EF6 
 369      896FBB98 
 369      1914
 370 0b1e 8997A208 		.ascii	"\211\227\242\010\240\335X\020\246\273\2118\277*\334"
 370      A0DD5810 
 370      A6BB8938 
 370      BF2ADC
 371 0b2d 18538188 		.ascii	"\030S\201\210\005\232q\273\360\3132\2566yQ&\335\301"
 371      059A71BB 
 371      F0CB32AE 
 371      36795126 
 371      DDC1
 372 0b3f D2A1A4EC 		.ascii	"\322\241\244\354\304\266p\253\033$\262\341%-fp\242\375"
 372      C4B670AB 
 372      1B24B2E1 
 372      252D6670 
 372      A2FD
 373 0b51 A4B4763E 		.ascii	"\244\264v>\011/\026r&\234\355\334\264\204\331\037\007"
 373      092F1672 
 373      269CEDDC 
 373      B484D91F 
 373      07
 374 0b62 A99CB1E7 		.ascii	"\251\234\261\347\317:\342r\026\357c\355\301\367\344"
 374      CF3AE272 
 374      16EF63ED 
 374      C1F7E4
 375 0b71 B896C5A7 		.ascii	"\270\226\305\247'\273u\330\001Y5\016W\217\360\306\341"
 375      27BB75D8 
 375      0159350E 
 375      578FF0C6 
 375      E1
 376 0b82 14A44314 		.ascii	"\024\244C\024\350\335\217_\3228T\276\033L\027\330$\200"
 376      E8DD8F5F 
 376      D23854BE 
 376      1B4C17D8 
 376      2480
 377 0b94 F772B0E5 		.ascii	"\367r\260\3451\263\015\270\237\203\367\200\247\301\034"
 377      31B30DB8 
 377      9F83F780 
 377      A7C11C
 378 0ba3 6C1A82ED 		.ascii	"l\032\202\355\026l;D\031E\223\361E\303\330b\200\366"
 378      166C3B44 
 378      194593F1 
 378      45C3D862 
 378      80F6
 379 0bb5 99C7B73B 		.ascii	"\231\307\267;;\275\325\0017\320!\271]\355\036\276\256"
 379      3BBDD501 
 379      37D021B9 
 379      5DED1EBE 
 379      AE
 380 0bc6 36F54382 		.ascii	"6\365C\202\017\277\203\035\373\214U\0042\272\343\020"
 380      0FBF831D 
ARM GAS  /tmp/ccZYLmPV.s 			page 30


 380      FB8C5504 
 380      32BAE310 
 381 0bd6 EFA356F1 		.ascii	"\357\243V\361\236\267\271\177m\375w\3608\341O\364\241"
 381      9EB7B97F 
 381      6DFD77F0 
 381      38E14FF4 
 381      A1
 382 0be7 6E2C6668 		.ascii	"n,fh\313\243\351\024\271\365d\266\376$\301X\036\254"
 382      CBA3E914 
 382      B9F564B6 
 382      FE24C158 
 382      1EAC
 383 0bf9 423D30F5 		.ascii	"B=0\365\267\270n\266\245\311P;\305v\313-\245\351C\006"
 383      B7B86EB6 
 383      A5C9503B 
 383      C576CB2D 
 383      A5E94306 
 384 0c0d EE03F01D 		.ascii	"\356\003\360\035I\260 \253z\362y_\004\345\036=\020\271"
 384      49B020AB 
 384      7AF2795F 
 384      04E51E3D 
 384      10B9
 385 0c1f DD60E376 		.ascii	"\335`\343vc\023o\272H\333rF\004?m\253\276\365K\026\024"
 385      63136FBA 
 385      48DB7246 
 385      043F6DAB 
 385      BEF54B16 
 386 0c34 D2A31DB1 		.ascii	"\322\243\035\261\023\024\001|\360\017\014NR<M\004O\265"
 386      1314017C 
 386      F00F0C4E 
 386      523C4D04 
 386      4FB5
 387 0c46 D20EDE8C 		.ascii	"\322\016\336\214\344j\331\274\223\0314\362(J\314;\357"
 387      E46AD9BC 
 387      931934F2 
 387      284ACC3B 
 387      EF
 388 0c57 2EBBF850 		.ascii	".\273\370PI\243\226aG\273e\250\023y\213\016\030\011"
 388      49A39661 
 388      47BB65A8 
 388      13798B0E 
 388      1809
 389 0c69 9C64E030 		.ascii	"\234d\3400\207\333\377\241\243\366\034\327\036\015\332"
 389      87DBFFA1 
 389      A3F61CD7 
 389      1E0DDA
 390 0c78 EFDB09A4 		.ascii	"\357\333\011\244`\250\225\377\302\206\012\275?j\266"
 390      60A895FF 
 390      C2860ABD 
 390      3F6AB6
 391 0c87 134841B3 		.ascii	"\023HA\263{aQX\250\021\362\245\013\"\323!9\251\327-"
 391      7B615158 
 391      A811F2A5 
 391      0B22D321 
 391      39A9D72D 
 392 0c9b 193051C2 		.ascii	"\0310Q\302}!\312\333D\312[l\224\327\177\310\\\201\356"
 392      7D21CADB 
ARM GAS  /tmp/ccZYLmPV.s 			page 31


 392      44CA5B6C 
 392      94D77FC8 
 392      5C81EE
 393 0cae 04F58BD0 		.ascii	"\004\365\213\320\3556qi\314\343)@\252\372\224\010^f"
 393      ED367169 
 393      CCE32940 
 393      AAFA9408 
 393      5E66
 394 0cc0 3BD09E52 		.ascii	";\320\236R\2013\255v\234\021\377N\223\004\323\230H*"
 394      8133AD76 
 394      9C11FF4E 
 394      9304D398 
 394      482A
 395 0cd2 50091721 		.ascii	"P\011\027!+4\005Vg\026P\032P\002\320!\240L\240x\240"
 395      2B340556 
 395      6716501A 
 395      5002D021 
 395      A04CA078 
 396 0ce7 83401940 		.ascii	"\203@\031@\207\201\216\000\245\003%\002\035\000J\002"
 396      87818E00 
 396      A5032502 
 396      1D004A02 
 397 0cf7 4A054A06 		.ascii	"J\005J\006\2123\257\356\360s\015K\334\244\215\226\375"
 397      8A33AFEE 
 397      F0730D4B 
 397      DCA48D96 
 397      FD
 398 0d08 9F197D34 		.ascii	"\237\031}4\237\377@\201[X\311,\354\272pW\211o2\346\346"
 398      9FFF4081 
 398      5B58C92C 
 398      ECBA7057 
 398      896F32E6 
 399 0d1d C1B614F1 		.ascii	"\301\266\024\361~u\002\322\372\244\325~\025R}\370\035"
 399      7E7502D2 
 399      FAA4D57E 
 399      15527DF8 
 399      1D
 400 0d2e 3CC2647A 		.ascii	"<\302dz\3664,8\232d\302L2\331\"\231\322\013\241\017"
 400      F6342C38 
 400      9A64C24C 
 400      32D92299 
 400      D20BA10F 
 401 0d42 AC6E5C73 		.ascii	"\254n\\s\254&!\327\264\307=\213\334\221\352\200C\035"
 401      AC2621D7 
 401      B4C73D8B 
 401      DC91EA80 
 401      431D
 402 0d54 D883A3A2 		.ascii	"\330\203\243\242{'\344x\027c\026\216\026Dhp\014c:c\353"
 402      7B27E478 
 402      1763168E 
 402      16446870 
 402      0C633A63 
 403 0d69 5A1C711C 		.ascii	"Z\034q\034cJ\037\307\215(\245\237\316\234\302\022Og"
 403      634A1FC7 
 403      8D28A59F 
 403      CE9CC212 
 403      4F67
ARM GAS  /tmp/ccZYLmPV.s 			page 32


 404 0d7b E495D70A 		.ascii	"\344\225\327\012\213\265\346\347\324M9\312\204L\276"
 404      8BB5E6E7 
 404      D44D39CA 
 404      844CBE
 405 0d8a 339CC65A 		.ascii	"3\234\306ZT\0002\205\322{\225t'\222\317\005\210\225"
 405      54003285 
 405      D27B9574 
 405      2792CF05 
 405      8895
 406 0d9c 33E63897 		.ascii	"3\3468\227\264G79\342F\346baLa\201\203\235\007 g%\305"
 406      B4473739 
 406      E246E662 
 406      614C6181 
 406      839D0720 
 407 0db3 A3EE5CFF 		.ascii	"\243\356\\\377[\334\356`\365\273\363\227\342\337\235"
 407      5BDCEE60 
 407      F5BBF397 
 407      E2DF9D
 408 0dc2 BF64F746 		.ascii	"\277d\367F\011S!\2671\276\315\340{\362*\262\\\245\343"
 408      095321B7 
 408      31BECDE0 
 408      7BF22AB2 
 408      5CA5E3
 409 0dd5 71015311 		.ascii	"q\001S\021b\352<^\202\316az\323\220U\034\231\354\200"
 409      62EA3C5E 
 409      82CE617A 
 409      D390551C 
 409      99EC80
 410 0de8 1F30E9D9 		.ascii	"\0370\351\331\246S\037\341Qz,\177\032r\262\320\321\324"
 410      A6531FE1 
 410      517A2C7F 
 410      1A72B2D0 
 410      D1D4
 411 0dfa 81899AC7 		.ascii	"\201\211\232\3072Pv\221;~\311\334Z\300\012\235-\305"
 411      32507691 
 411      3B7EC9DC 
 411      5AC00A9D 
 411      2DC5
 412 0e0c 7B8E1869 		.ascii	"{\216\030ika\332=/Z\325.\341\346_\234\221\227*\307\263"
 412      6B61DA3D 
 412      2F5AD52E 
 412      E1E65F9C 
 412      91972AC7 
 413 0e21 CCF8AED6 		.ascii	"\314\370\256\326\263\035.vz\325r\2619\220\230Nx\024"
 413      B31D2E76 
 413      7AD572B1 
 413      3990984E 
 413      7814
 414 0e33 E18CC359 		.ascii	"\341\214\303Y\030\206\272\"\213\021\336\313\230\360"
 414      1886BA22 
 414      8B11DECB 
 414      98F0
 415 0e41 7BB92F30 		.ascii	"{\271/0\216eLmk\335\2308\267\253Ae\215U\236F\\\314\363"
 415      8E654C6D 
 415      6BDD9838 
 415      B7AB4165 
 415      8D559E46 
ARM GAS  /tmp/ccZYLmPV.s 			page 33


 416 0e58 C1194CE6 		.ascii	"\301\031L\346\314`\361e\225H\246V$\323{v.\311\352I\333"
 416      CC60F165 
 416      9548A656 
 416      24D37B76 
 416      2EC9EA49 
 417 0e6d 65ABECB9 		.ascii	"e\253\354\271b\312\355\207W&\0064\370\024S>Q\027\237"
 417      62CAED87 
 417      57260634 
 417      F814533E 
 417      51179F
 418 0e80 ED8C8B19 		.ascii	"\355\214\213\031\263'\262/K-=c\365R\031\254\270\222"
 418      B327B22F 
 418      4B2D3D63 
 418      F55219AC 
 418      B892
 419 0e92 D6F73364 		.ascii	"\326\3673d\371Y\034n\037\032M\267\017Wx3\327\370\322"
 419      F9591C6E 
 419      1F1A4DB7 
 419      0F577833 
 419      D7F8D2
 420 0ea5 666E3E85 		.ascii	"fn>\2057s\015\220\361u\330\026ni\346\244\273\262j.A"
 420      37730D90 
 420      F175D816 
 420      6E69E6A4 
 420      BBB26A2E 
 421 0eba EF3EA1BC 		.ascii	"\357>\241\274\\\005\272&\354.GRx\367w\205w\177\022\356"
 421      5C05BA26 
 421      EC2E4752 
 421      78F77785 
 421      777F12EE 
 422 0ece F00418DF 		.ascii	"\360\004\030\337[v\333\311N\367Wk\337\016H\036\251\230"
 422      5B76DBC9 
 422      4EF7576B 
 422      DF0E481E 
 422      A998
 423 0ee0 28D7E21A 		.ascii	"(\327\342\032\026\303\271\323\271s*|\2131\321g\273\347"
 423      16C3B9D3 
 423      B9732A7C 
 423      8B31D167 
 423      BBE7
 424 0ef2 5CF10063 		.ascii	"\\\361\000c\026\032N\245\330\251\017mR\321\305\263\365"
 424      161A4EA5 
 424      D8A90F6D 
 424      52D1C5B3 
 424      F5
 425 0f03 67BB48EF 		.ascii	"g\273H\357\350fn\035of\266\032it\233\2113 t\343e\033"
 425      E8666E1D 
 425      6F66B61A 
 425      69749B89 
 425      332074E3 
 426 0f19 7DD777D9 		.ascii	"}\327w\331~v\035b\333\312\301_\363b\000\014\3729 \310"
 426      7E761D62 
 426      DBCAC15F 
 426      F362000C 
 426      FA3920C8 
 427 0f2d A68E5AB8 		.ascii	"\246\216Z\270\010\361\252\035\006\334a\036pl\375\351"
 427      08F1AA1D 
ARM GAS  /tmp/ccZYLmPV.s 			page 34


 427      06DC611E 
 427      706CFDE9 
 428 0f3d 41351E65 		.ascii	"A5\036e\303\012\256\253jpp\223Vq\323\256\212\202\306"
 428      C30AAEAB 
 428      6A707093 
 428      5671D3AE 
 428      8A82C6
 429 0f50 A81467BC 		.ascii	"\250\024g\274\303\221\375\264\267/8V\216#\031\323\271"
 429      C391FDB4 
 429      B72F3856 
 429      8E2319D3 
 429      B9
 430 0f61 F379BD12 		.ascii	"\363y\275\022'R\006\357\234oi\323\212nf\315\372\273"
 430      275206EF 
 430      9C6F69D3 
 430      8A6E66CD 
 430      FABB
 431 0f73 41FF6DAE 		.ascii	"A\377m\256\377\016\350\357\021\316\375D\217`\303\275"
 431      FF0EE8EF 
 431      11CEFD44 
 431      8F60C3BD 
 432 0f83 C591F636 		.ascii	"\305\221\3666h\210oG\017otL\335\363m\351\340\222G\231"
 432      68886F47 
 432      0F6F744C 
 432      DDF36DE9 
 432      E0924799 
 433 0f97 A3071F29 		.ascii	"\243\007\037)p\006sx\372"
 433      70067378 
 433      FA
 434 0fa0 EE9D1A7B 		.ascii	"\356\235\032{\001\350\225v\220<M\230\253\270\310\177"
 434      01E89576 
 434      903C4D98 
 434      ABB8C87F 
 435 0fb0 AAE8254F 		.ascii	"\252\350%O\231\016>\252\257p\344\277s\270\000\237\032"
 435      990E3EAA 
 435      AF70E4BF 
 435      73B8009F 
 435      1A
 436 0fc1 9554E484 		.ascii	"\225T\344\204\363\230\211\204\341\261I'\\\302\230\263"
 436      F3988984 
 436      E1B14927 
 436      5CC298B3 
 437 0fd1 CDB9E715 		.ascii	"\315\271\347\025\270\2261\321\025\307\266\341&v\374"
 437      B89631D1 
 437      15C7B6E1 
 437      2676FC
 438 0fe0 3837F690 		.ascii	"87\366\220\012\267SF\331;>0\251D\202wV.\317)\247\371"
 438      0AB75346 
 438      D93B3E30 
 438      A9448277 
 438      562ECF29 
 439 0ff6 EFA0E44D 		.ascii	"\357\240\344M\221\007\340\331\220\364"
 439      9107E0D9 
 439      90F4
 440 1000 62E02DEB 		.ascii	"b\340-\3531l\314ZF\261\367\245\261\202\330\015\276a"
 440      316CCC5A 
 440      46B1F7A5 
ARM GAS  /tmp/ccZYLmPV.s 			page 35


 440      B182D80D 
 440      BE61
 441 1012 AC86569B 		.ascii	"\254\206V\233t\361\0179\330\322\305[:'\253&c\001\000"
 441      74F10F39 
 441      D8D2C55B 
 441      3A27AB26 
 441      630100
 442 1025 ACF31DE2 		.ascii	"\254\363\035\342\021z\004\021\032\004\032\006z,\254"
 442      117A0411 
 442      1A041A06 
 442      7A2CAC
 443 1034 E45D16F5 		.ascii	"\344]\026\365\003\"\365V/\237\344\355\012-\323\340("
 443      0322F556 
 443      2F9FE4ED 
 443      0A2DD3E0 
 443      28
 444 1045 271A9082 		.ascii	"'\032\220\202\007\327\356\"7I\243h\204\353\261c7\036"
 444      07D7EE22 
 444      3749A368 
 444      84EBB163 
 444      371E
 445 1057 6B276AC3 		.ascii	"k'j\303/\220\237\221M\3677\346U\330\220\313Wa'\310W"
 445      2F909F91 
 445      4DF737E6 
 445      55D890CB 
 445      576127C8 
 446 106c 829EA7F0 		.ascii	"\202\236\247\360m\232raGle\371.lt\375\260\321\321\307"
 446      6D9A7261 
 446      476C65F9 
 446      2E6C74FD 
 446      B0D1D1C7 
 447 1080 564FB9E5 		.ascii	"VO\271\345q\260\370\004h\002h\012\3509\320\030\3203"
 447      71B0F804 
 447      6802680A 
 447      E839D018 
 447      D033
 448 1092 A069A049 		.ascii	"\240i\240IaBw\214\362\204\2066\005\035\347v\355\364"
 448      6142778C 
 448      F2848636 
 448      051DE776 
 448      EDF4
 449 10a4 CAA4711F 		.ascii	"\312\244q\037%\371\274+\324\011\035\003\\2\267jj\355"
 449      25F9BC2B 
 449      D4091D03 
 449      5C32B76A 
 449      6AED
 450 10b6 C4B76283 		.ascii	"\304\267b\203~\254\\\024\001*O\244\275\305\366\246c"
 450      7EAC5C14 
 450      012A4FA4 
 450      BDC5F6A6 
 450      63
 451 10c7 E62B76CF 		.ascii	"\346+v\317\321\007\260.Q\020lnL[}\031\270\002@\245\034"
 451      D107B02E 
 451      51106C6E 
 451      4C5B7D19 
 451      B80240A5 
 452 10dc 6CD9876D 		.ascii	"l\331\207m[\353\301\355\354\246p\024P\3678\332\222-"
ARM GAS  /tmp/ccZYLmPV.s 			page 36


 452      5BEBC1ED 
 452      ECA67014 
 452      50F738DA 
 452      922D
 453 10ee 2F6CEE38 		.ascii	"/l\3568f|\231\337%P\346\212\355\370-\360d\033\363$\001"
 453      667C99DF 
 453      2550E68A 
 453      EDF82DF0 
 453      641BF324 
 454 1103 3A82501E 		.ascii	":\202P\036\023\313\"7\312\005\271t\271\371\321\210\306"
 454      13CB2237 
 454      CA05B974 
 454      B9F9D188 
 454      C6
 455 1114 4D7A1207 		.ascii	"Mz\022\007\377\367\223HJE\352t\260\\\270E\317X\371:"
 455      FFF79348 
 455      4A45EA74 
 455      B05CB845 
 455      CF58F93A 
 456 1128 6BDAA283 		.ascii	"k\332\242\203\363\323\352\321\242\030\336\247\375\\"
 456      F3D3EAD1 
 456      A218DEA7 
 456      FD5C
 457 1136 41AE089F 		.ascii	"A\256\010\237S\341E\354\325\000\326I\227\267?\326h\302"
 457      53E145EC 
 457      D500D649 
 457      97B73FD6 
 457      68C2
 458 1148 E953DE2A 		.ascii	"\351S\336*\301S^\210\024\326\320\376@\370\220\267rg"
 458      C1535E88 
 458      14D6D0FE 
 458      40F890B7 
 458      7267
 459 115a 75BD2B4E 		.ascii	"u\275+Ne\013\344LG\322\001\255\204(\232\2078JI\027\354"
 459      650BE44C 
 459      47D201AD 
 459      84289A87 
 459      384A4917 
 460 116f EFAD70C5 		.ascii	"\357\255p\3059L:kz\264\330\011\237cL\373h\374N\271\364"
 460      394C3A6B 
 460      7AB4D809 
 460      9F634CFB 
 460      68FC4EB9 
 461 1184 EE16AC90 		.ascii	"\356\026\254\220\350\366\224}'n\015\250\350\223#;\305"
 461      E8F6947D 
 461      276E0DA8 
 461      E893233B 
 461      C5
 462 1195 FD19C228 		.ascii	"\375\031\302(T\301B\034\246X\212v\000\205\003\355T\010"
 462      54C1421C 
 462      A6588A76 
 462      008503ED 
 462      5408
 463 11a7 D6C4D87F 		.ascii	"\326\304\330\177\262\233\374\005p\226\334\344\023\001"
 463      B29BFC05 
 463      7096DCE4 
 463      1301
ARM GAS  /tmp/ccZYLmPV.s 			page 37


 464 11b5 D3F06D72 		.ascii	"\323\360mr\260c\216/\037\010\037\232\345\312\355\227"
 464      B0638E2F 
 464      1F081F9A 
 464      E5CAED97 
 465 11c5 B4F9397E 		.ascii	"\264\3719~\1777\003Ug\\\004\267}\3164\262\240bi\030"
 465      7F370355 
 465      675C04B7 
 465      7DCE34B2 
 465      A0626918 
 466 11d9 A2800AAE 		.ascii	"\242\200\012\256\220\206S\365\020\254\262\035a\023\316"
 466      908653F5 
 466      10ACB21D 
 466      6113CE
 467 11e8 F8128BDC 		.ascii	"\370\022\213\334\304\216a\243\275\375c\227\342\2451"
 467      C48E61A3 
 467      BDFD6397 
 467      E2A531
 468 11f7 20052F3D 		.ascii	" \005/=\343\244\372\373\231\306^p\371N\242z>\242\301"
 468      E3A4FAFB 
 468      99C65E70 
 468      F94EA27A 
 468      3EA2C1
 469 120a 68CC90A3 		.ascii	"h\314\220\243\010\020z\306^\262\021\254\312g\364u\037"
 469      08107AC6 
 469      5EB211AC 
 469      CA67F475 
 469      1F
 470 121b B45BF17D 		.ascii	"\264[\361}\220|\232\326\337\313\337\036)\370\036\371"
 470      907C9AD6 
 470      DFCBDF1E 
 470      29F81EF9 
 471 122b D1ADF466 		.ascii	"\321\255\364f\2423\236dN\235\310\332wX\205g\031S7Ws"
 471      A2339E64 
 471      4E9DC8DA 
 471      77588567 
 471      19533757 
 472 1240 99FE2011 		.ascii	"\231\376 \021*\232\333\275\012\251\337\235_<\250\314"
 472      2A9ADBBD 
 472      0AA9DF9D 
 472      5F3CA8CC 
 473 1250 5332D537 		.ascii	"S2\3257\351-]\345\265r\376\036\347\365\357\222d\231"
 473      E92D5DE5 
 473      B572FE1E 
 473      E7F5EF92 
 473      6499
 474 1262 8B1FE5AF 		.ascii	"\213\037\345\257\302\246\217\223\335/\370a\301N\214"
 474      C2A68F93 
 474      DD2FF861 
 474      C14E8C
 475 1271 C39CA9B9 		.ascii	"\303\234\251\271\221\247=C*\216&\357\232\234I\352\334"
 475      91A73D43 
 475      2A8E26EF 
 475      9A9C49EA 
 475      DC
 476 1282 A5B1FB8A 		.ascii	"\245\261\373\212\314\001\005{E&VAM'\365fg8I\347\241"
 476      CC01057B 
 476      45265641 
ARM GAS  /tmp/ccZYLmPV.s 			page 38


 476      4D27F566 
 476      673849E7 
 477 1297 B4AF975A 		.ascii	"\264\257\227Z\313N+\331Z\203?\260\326\342`\002\367)"
 477      CB4E2BD9 
 477      5A833FB0 
 477      D6E26002 
 477      F729
 478 12a9 96A01805 		.ascii	"\226\240\030\005Q\177P\261\210\331`\277\315\247U\355"
 478      517F50B1 
 478      88D960BF 
 478      CDA755ED 
 479 12b9 D5E228E6 		.ascii	"\325\342(\346gQLq8\177e\267\231\360\223\227\222S\024"
 479      67514C71 
 479      387F65B7 
 479      99F09397 
 479      925314
 480 12cc 38815D3C 		.ascii	"8\201]<\032\177+\316\025\2471f!\371I\252\023\316bLW"
 480      1A7F2BCE 
 480      15A73166 
 480      21F949AA 
 480      13CE624C 
 481 12e1 4D61A7A3 		.ascii	"Ma\247\243pq\023\203\226\361\244(\204\213{\374\352\305"
 481      70711383 
 481      96F1A428 
 481      848B7BFC 
 481      EAC5
 482 12f3 2A25CE63 		.ascii	"*%\316c\222\305\271\267\272\235\3619\306\354\032\253"
 482      92C5B9B7 
 482      BA9DF139 
 482      C6EC1AAB 
 483 1303 E953E28B 		.ascii	"\351S\342\213\214)\2756\235\343\202\253\031\2233X\177"
 483      8C29BD36 
 483      9DE382AB 
 483      19933358 
 483      7F
 484 1314 096EF918 		.ascii	"\011n\371\0303\373\242\252\005n\255\031S\326\2363\357"
 484      33FBA2AA 
 484      056EAD19 
 484      53D69E33 
 484      EF
 485 1325 887B18D3 		.ascii	"\210{\030\323w\373\301n\027|\2171w\012\346\262\225x"
 485      77FBC16E 
 485      177C8F31 
 485      770AE6B2 
 485      9578
 486 1337 84317107 		.ascii	"\2041q\007oG\313\361\024W\220\361|\\\215\347\031sy\377"
 486      6F47CBF1 
 486      145790F1 
 486      7C5C8DE7 
 486      197379FF 
 487 134b A943304F 		.ascii	"\251C0O.\224\331\227\371|ZeJ\213\260W\010u\332\215\276"
 487      2E94D997 
 487      F97C5A65 
 487      4A8BB057 
 487      0875DA8D 
 488 1360 DB084730 		.ascii	"\333\010G0\351\212\353\363\015Z\274\2171]\205\005=J"
 488      E98AEBF3 
ARM GAS  /tmp/ccZYLmPV.s 			page 39


 488      0D5ABC8F 
 488      315D8505 
 488      3D4A
 489 1372 9CC09884 		.ascii	"\234\300\230\204\035U\335\2568\2031\307\202\253\206"
 489      1D55DDAE 
 489      388331C7 
 489      82AB86
 490 1381 E4F83863 		.ascii	"\344\3708cN\354\215\366\303\371\354\370\364\302\375"
 490      4EEC8DF6 
 490      C3F9ECF8 
 490      F4C2FD
 491 1390 660D2E62 		.ascii	"f\015.b\314\243\201\363}\0326\025\347h.\207]>\315\023"
 491      CCA381F3 
 491      7D1A3615 
 491      E7682E87 
 491      5D3ECD13 
 492 13a4 AC7C9624 		.ascii	"\254|\226$XQ\305\225\0105.\241\350%\221!\306b\225\370"
 492      5851C595 
 492      08352EA1 
 492      E8259121 
 492      C66295F8 
 493 13b8 09A679A7 		.ascii	"\011\246y\247_\312\336\226YhR7\265\035o\011&mP\024\314"
 493      5FCADE96 
 493      59685237 
 493      B51D6F09 
 493      266D5014 
 494 13cd D1511854 		.ascii	"\321Q\030T\215B\374LH\360\202Me\252\222U\001\202?\""
 494      8D42FC4C 
 494      48F0824D 
 494      65AA9255 
 494      01823F22 
 495 13e1 C20B3723 		.ascii	"\302\0137#\012O\021\300\363Dpa\215!\360.\241\366\303"
 495      0A4F11C0 
 495      F3447061 
 495      8D21F02E 
 495      A1F6C3
 496 13f4 22F8695B 		.ascii	"\"\370i[o\372\205\370\014\021^\324\000\244)\331\336"
 496      6FFA85F8 
 496      0C115ED4 
 496      00A429D9 
 496      DE
 497 1405 08398FF6 		.ascii	"\0109\217\366s\270e%D+l\324\267\012\325g\332q\307\242"
 497      73B86525 
 497      442B6CD4 
 497      B70AD567 
 497      DA71C7A2 
 498 1419 BE3E8DC3 		.ascii	"\276>\215\303!\303Q\262\010\236b\353\375X\262@}\201"
 498      21C351B2 
 498      089E62EB 
 498      FD58B240 
 498      7D81
 499 142b 08EF6E1D 		.ascii	"\010\357n\035\233Va(sD\350R\233\261\326\247\012\234"
 499      9B566128 
 499      7344E852 
 499      9BB1D6A7 
 499      0A9C
 500 143d C9B23351 		.ascii	"\311\2623Q\302P\246\011\324\307\213\360,6\202\211\025"
ARM GAS  /tmp/ccZYLmPV.s 			page 40


 500      C250A609 
 500      D4C78BF0 
 500      2C368289 
 500      15
 501 144e C253ED8C 		.ascii	"\302S\355\214\325\002\257\027:\237k'\017\204\221\027"
 501      D502AF17 
 501      3A9F6B27 
 501      0F849117 
 502 145e AA4F12E1 		.ascii	"\252O\022\341\023l\274\351\022\302\023\355\300\271\372"
 502      136CBCE9 
 502      12C213ED 
 502      C0B9FA
 503 146d 03801F34 		.ascii	"\003\200\0374\271s\002\360\307Ex\3013\\\253]\3534\244"
 503      B97302F0 
 503      C74578C1 
 503      335CAB5D 
 503      EB34A4
 504 1480 CA29AAAB 		.ascii	"\312)\252\253\206oY\245\260U]\006*\002\252\000*\003"
 504      866F59A5 
 504      B0555D06 
 504      2A02AA00 
 504      2A03
 505 1492 AA056A00 		.ascii	"\252\005j\000\252\006\272\002T\010t\026\350\"\320\005"
 505      AA06BA02 
 505      54087416 
 505      E822D005 
 506 14a2 A062A073 		.ascii	"\240b\240s@\327\200\352\200\352\201\312\201J\200*\201"
 506      40D780EA 
 506      80EA81CA 
 506      814A802A 
 506      81
 507 14b3 AA802E01 		.ascii	"\252\200.\001\235\007j\004\272jj\007\350H\205\201\314"
 507      9D076A04 
 507      BA6A6A07 
 507      E8488581 
 507      CC
 508 14c4 B6930582 		.ascii	"\266\223\005\202@\316\010s,_:\307\204))T\177\314N9\260"
 508      40CE0873 
 508      2C5F3AC7 
 508      84292954 
 508      7FCC4E39 
 509 14d9 C47D4CB8 		.ascii	"\304}L\270@\016\211\340\2516\360\031!<\315\016\\\230"
 509      400E89E0 
 509      A936F019 
 509      213CCD0E 
 509      5C98
 510 14eb 93426F4E 		.ascii	"\223BoN\332\231\246\345\346Y\235I\023\314\352\031\021"
 510      DA99A6E5 
 510      E6599D49 
 510      13CCEA19 
 510      11
 511 14fc 3C529805 		.ascii	"<R\230\005\264\034\010\227H\272\235\352!\014\2160\313"
 511      B41C0897 
 511      48BA9DEA 
 511      210C8E30 
 511      CB
 512 150d F6D8D1CF 		.ascii	"\366\330\321\317[\353\243\211\327G\020\336\341\312\356"
ARM GAS  /tmp/ccZYLmPV.s 			page 41


 512      5BEBA389 
 512      D74710DE 
 512      E1CAEE
 513 151c 61A7CFFC 		.ascii	"a\247\317\374\314M2\223P\023W\363\377\234L\340\324\341"
 513      CC4D3293 
 513      501357F3 
 513      FF9C4CE0 
 513      D4E1
 514 152e D9FE24AB 		.ascii	"\331\376$\253_C\233\255\013\204\202\376o\007\360E~\243"
 514      5F439BAD 
 514      0B8482FE 
 514      6F07F045 
 514      7EA3
 515 1540 ED2CDA81 		.ascii	"\355,\332\201q\024\033\315\311\334\264\002\027|\234"
 515      71141BCD 
 515      C9DCB402 
 515      177C9C
 516 154f 31919555 		.ascii	"1\221\225U)*\362\242u\233\202\277h}\257h`\332U\370\376"
 516      292AF2A2 
 516      759B82BF 
 516      687DAF68 
 516      60DA55F8 
 517 1564 347929D9 		.ascii	"4y)\331\362\002u\273\342\015\031y\375\232\275\006\225"
 517      F20275BB 
 517      E20D1979 
 517      FD9ABD06 
 517      95
 518 1575 7A24DDF9 		.ascii	"z$\335\371\355tcy/\364v38\257l\0126\243\305a\177OP\250"
 518      ED746379 
 518      2FF47633 
 518      38AF6C0A 
 518      36A3C561 
 519 158d 55617A85 		.ascii	"Uaz\205\372\272\002B\006\254\365+\324\035\012\362\012"
 519      FABA0242 
 519      06ACF52B 
 519      D41D0AF2 
 519      0A
 520 159e 75F58DAC 		.ascii	"u\365\215\254\026\027\3410\"\254\206q\203\015\343\006"
 520      1617E130 
 520      22AC8671 
 520      830DE306 
 521 15ae 1D46FD95 		.ascii	"\035F\375\225K/\264\270\210y>x\272\267\312\211\276\374"
 521      4B2FB4B8 
 521      88793E78 
 521      BAB7CA89 
 521      BEFC
 522 15c0 4D1C642F 		.ascii	"M\034d/\204\237\337SuZe>\327\251\240'\317E\246$9\232"
 522      849FDF53 
 522      755A653E 
 522      D7A9A027 
 522      CF45A624 
 523 15d6 DF12EF62 		.ascii	"\337\022\357b''\016\207\236\264\377\226\370-2\310n\005"
 523      27270E87 
 523      9EB4FF96 
 523      F82D32C8 
 523      6E05
 524 15e8 1F655C4B 		.ascii	"\037e\\KD+\346\243l\272\360\343\332\032\372\236~\372"
ARM GAS  /tmp/ccZYLmPV.s 			page 42


 524      442BE6A3 
 524      6CBAF0E3 
 524      DA1AFA9E 
 524      7EFA
 525 15fa AF290EDD 		.ascii	"\257)\016\335TX\336\323\277i;\306\333\212\267e\310\357"
 525      5458DED3 
 525      BF693BC6 
 525      DB8AB765 
 525      C8EF
 526 160c FBEFBDE7 		.ascii	"\373\357\275\347\016\377\276\322\351\375t>\356+7{\257"
 526      0EFFBED2 
 526      E9FD743E 
 526      EE2B377B 
 526      AF
 527 161d F7FE6CAD 		.ascii	"\367\376l\255\273\177\240\273\336\340\036\250\367r\367"
 527      BB7FA0BB 
 527      DEE01EA8 
 527      F772F7
 528 162c DA6CF07D 		.ascii	"\332l\360}\317K\363\253O\177\373\326\312\017?\224\251"
 528      CF4BF3AB 
 528      4F7FFBD6 
 528      CA0F3F94 
 528      A9
 529 163d 82BCFC0C 		.ascii	"\202\274\374\014\036\006\205\217g\240A\2557PF\271\325"
 529      1E06858F 
 529      67A041AD 
 529      375046B9 
 529      D5
 530 164e 5F1F6850 		.ascii	"_\037hP\254\327\005\032\264^A\276A>\236\006\357-:\215"
 530      ACD7051A 
 530      B45E41BE 
 530      413E9E06 
 530      EF2D3A8D 
 531 1662 DE60F0F6 		.ascii	"\336`\360\366\325y\030\376\341%\026\274\375\274|\202"
 531      D57918FE 
 531      E12516BC 
 531      FDBC7C82 
 532 1672 36E89895 		.ascii	"6\350\230\225\315\262ET\302W\347\031\030\244\327\371"
 532      CDB24554 
 532      C257E719 
 532      18A4D7F9 
 533 1682 EA8872F9 		.ascii	"\352\210r\371\217e\256\236z\337-\037\350\336\365\375"
 533      8F65AE9E 
 533      7ADF2D1F 
 533      E8DEF5FD 
 534 1692 E1C680F7 		.ascii	"\341\306\200\3676\004\310\264^\376z\203n\333\273\276"
 534      3604C8B4 
 534      5EFE7A83 
 534      6EDBBBBE 
 535 16a2 3F96B978 		.ascii	"?\226\271xm^\267\372\263\365\177\326y\031>\366\3636"
 535      6D5EB7FA 
 535      B3F57FD6 
 535      79193EF6 
 535      F336
 536 16b4 FCDD2B0D 		.ascii	"\374\335+\015F\366:\221Zk\360\324\033V[L}\241\361\363"
 536      46F63A91 
 536      5A6BF0D4 
ARM GAS  /tmp/ccZYLmPV.s 			page 43


 536      1B565B4C 
 536      7DA1F1F3 
 537 16c8 F7F6F3F1 		.ascii	"\367\366\363\361\366\323-f\227\375\003\204W\337 'Wn"
 537      F6D32D66 
 537      97FD0384 
 537      57DF2027 
 537      576E
 538 16da F6F4F613 		.ascii	"\366\364\366\023\234]\347\377\205\203\327f\217\300\355"
 538      9C5DE7FF 
 538      8583D766 
 538      8FC0ED
 539 16e9 81069D2F 		.ascii	"\201\006\235/6\370z\251\3747n\014\324\031^3\370zxy\372"
 539      36F87AA9 
 539      FC376E0C 
 539      D4195E33 
 539      F87A7879 
 540 16fe 78AFD743 		.ascii	"x\257\327C(\374\375<\014\016\336~\201\006O?/] \336\260"
 540      28FCFD3C 
 540      0C0EDE7E 
 540      81064F3F 
 540      2F5D20DE 
 541 1713 7E93DA3B 		.ascii	"~\223\332;P\357\001\241S\322\3609\004x\372y{y\370\006"
 541      50EF01A1 
 541      53D2F039 
 541      0478FA79 
 541      7B79F806 
 542 1727 6E52786D 		.ascii	"nRxm\366\324\273\232\025zl\320\255\017\332\244\361\361"
 542      F6D4BB9A 
 542      157A6CD0 
 542      AD0FDAA4 
 542      F1F1
 543 1739 F7FA8AA0 		.ascii	"\367\372\212\240\337}\2458R\031\010\245\213P\207\207"
 543      DF7DA538 
 543      521908A5 
 543      8B508787 
 544 1749 41EB0B9E 		.ascii	"A\353\013\236\0336\353u\236\0334\360\307'@\357\355\257"
 544      1B36EB75 
 544      9E1B34F0 
 544      C72740EF 
 544      EDAF
 545 175b 3690BF1E 		.ascii	"6\220\277\036\006\265\257a\233\217w\240A\003\226}\203"
 545      06B5AF61 
 545      9B8F77A0 
 545      4103967D 
 545      83
 546 176c 20B21A5D 		.ascii	" \262\032]\200\316o\203\267\337&G\335\026\030\245\257"
 546      80CE6F83 
 546      B7DF2647 
 546      DD1618A5 
 546      AF
 547 177d 67E05780 		.ascii	"g\340W\200\332\352\351m\200sj@\021\264\302O\267\315"
 547      DAEAE96D 
 547      80736A40 
 547      11B4C24F 
 547      B7CD
 548 178f E0C0198F 		.ascii	"\340\300\031\217W\364\216`\003\301;\024\244\322m%zU"
 548      57F48E60 
ARM GAS  /tmp/ccZYLmPV.s 			page 44


 548      03C13B14 
 548      A4D26D25 
 548      7A55
 549 17a1 5B0D603D 		.ascii	"[\015`=\000\276\002u\276\001Nd\354:_\317\200\315\376"
 549      00BE0275 
 549      BE014E64 
 549      EC3A5FCF 
 549      80CDFE
 550 17b4 7A9D72AB 		.ascii	"z\235r\253\301\240\017 \026\270\337\354\313\303\260"
 550      C1A00F20 
 550      16B8DFEC 
 550      CBC3B0
 551 17c3 881FE875 		.ascii	"\210\037\350u\033uz\035\004\325\303\000\362"
 551      1B757A1D 
 551      04D5C300 
 551      F2
 552 17d0 FEEBFF1C 		.ascii	"\376\353\377\034\240\321m\3636x\371o\320)!\232pV\277"
 552      A0D16DF3 
 552      3678F96F 
 552      D029219A 
 552      7056BF
 553 17e3 613B1CB8 		.ascii	"a;\034\270\277\222k\3764\213\210s\352@\357\365\220\007"
 553      BF926BFE 
 553      348B8873 
 553      EA40EFF5 
 553      9007
 554 17f5 9B201EDE 		.ascii	"\233 \036\336>\033\300\202*\300\023\376\032\024`0Pm"
 554      3E1BC082 
 554      2AC013FE 
 554      1A146030 
 554      506D
 555 1807 207F21E9 		.ascii	" \177!\3517\372xn\002\316\027\254\001\007\263k\320i"
 555      37FA786E 
 555      02CE17AC 
 555      0107B36B 
 555      D069
 556 1819 0CF48BB8 		.ascii	"\014\364\213\270\343\271\3363P\247\0154|\005Y\260\011"
 556      E3B9DE33 
 556      50A70D34 
 556      7C0559B0 
 556      09
 557 182a 1240E1E7 		.ascii	"\022@\341\347\351\253S\372o\365\323\351!g=\374\003="
 557      E9AB53FA 
 557      6FF5D3E9 
 557      21673DFC 
 557      033D
 558 183c 4C19E12C 		.ascii	"L\031\341,8&.\377%H\027\244#SA\017\264\246\003P\021"
 558      38262EFF 
 558      254817A4 
 558      2353410F 
 558      B4A60350 
 559 1851 A0D76DC1 		.ascii	"\240\327m\301^\206m\362\300\000\307\000X\002 f\000\326"
 559      5E866DF2 
 559      C000C700 
 559      58022066 
 559      00D6
 560 1863 891E7BF9 		.ascii	"\211\036{\371\373\301\314\031\376\311\336X\275\374}"
ARM GAS  /tmp/ccZYLmPV.s 			page 45


 560      FBC1CC19 
 560      FEC9DE58 
 560      BDFC7D
 561 1872 7DFDFDDC 		.ascii	"}\375\375\334\0116\320\375\027kVo\371\340\335\3250j"
 561      0936D0FD 
 561      176B566F 
 561      F9E0DDD5 
 561      306A
 562 1884 584A3A18 		.ascii	"XJ:\0302\336\274A\257\012\240\206\276\001\026I^\350"
 562      32DEBC41 
 562      AF0AA086 
 562      BE011649 
 562      5EE8
 563 1896 BD0DDB99 		.ascii	"\275\015\333\231i7\321\031\352\214\267\277\2222\012"
 563      6937D119 
 563      EA8CB7BF 
 563      92320A
 564 18a5 32A93400 		.ascii	"2\2514\000\201*\360b\243\367\246\327\255G\350\301\316"
 564      812AF062 
 564      A3F7A6D7 
 564      AD47E8C1 
 564      CE
 565 18b6 2E169F02 		.ascii	".\026\237\002=\372\215^A$\245\310\267\202d\204#9\362"
 565      3DFA8D5E 
 565      4124A5C8 
 565      B7826484 
 565      2339F2
 566 18c9 6039F7A3 		.ascii	"`9\367\243W\2329\"\000cPQA\203\232\014\311\303{\203"
 566      579A3922 
 566      00635051 
 566      41839A0C 
 566      C9C37B83 
 567 18dd 03FF8633 		.ascii	"\003\377\2063z\335&\342\243#1\243\333\004G\372\355Z"
 567      7ADD26E2 
 567      A32331A3 
 567      DB0447FA 
 567      ED5A
 568 18ef D301847C 		.ascii	"\323\001\204|\213\201\216`\003\371\353\014\230\015:"
 568      8B818E60 
 568      03F9EB0C 
 568      980D3A
 569 18fe 1F83274D 		.ascii	"\037\203'MkW+\016\246\2312\316\260\264 \364:\375\026"
 569      6B572B0E 
 569      A69932CE 
 569      B0B420F4 
 569      3AFD16
 570 1911 4F1F0FC3 		.ascii	"O\037\017\3037\001\263\305[o\010\"\014\224/} \005kH"
 570      3701B3C5 
 570      5B6F0822 
 570      0C942F7D 
 570      20056B48 
 571 1925 8524BC03 		.ascii	"\205$\274\003Y\210\264\020\276.\001\003\235z\223]\222"
 571      5988B410 
 571      BE2E0103 
 571      9D7A935D 
 571      92
 572 1936 D4DBE959 		.ascii	"\324\333\351Y\265W\220\236d\234\223\345\224\207\301"
ARM GAS  /tmp/ccZYLmPV.s 			page 46


 572      B557909E 
 572      649C93E5 
 572      9487C1
 573 1945 8985C183 		.ascii	"\211\205\301\203FZ\013\005\006\346\003\226\306\006\215"
 573      465A0B05 
 573      06E60396 
 573      C6068D
 574 1954 9F076441 		.ascii	"\237\007dA\340V/\245\237\207\267\376/\246+Pc^mMR}\244"
 574      E0562FA5 
 574      9F87B7FE 
 574      2FA62B50 
 574      635E6D4D 
 575 196b 6208F57B 		.ascii	"b\010\365{\030L\005\204\247\264#[t^\376A~\006U\240\367"
 575      184C0584 
 575      A7B4235B 
 575      745EFE41 
 575      7E0655A0 
 576 1980 7F905396 		.ascii	"\177\220S\226Je\370\341\253\231\332N\014\341O~\261F"
 576      4A65F8E1 
 576      AB99DA4E 
 576      0CE14F7E 
 576      B146
 577 1992 1304115C 		.ascii	"\023\004\021\\\361>T\2775\253\326\256Z\363\273U\037"
 577      F13E54BF 
 577      35ABD6AE 
 577      5AF3BB55 
 577      1F
 578 19a3 AD70F8E5 		.ascii	"\255p\370\345o?]\271\356\343\317>]\241\\\375\213\265"
 578      6F3F5DB9 
 578      EEE3CF3E 
 578      5DA15CFD 
 578      8BB5
 579 19b5 BF59A15C 		.ascii	"\277Y\241\\\371\331\352\317W\230\257\277o\276\376>\275"
 579      F9D9EACF 
 579      5798AFBF 
 579      6FBEFE3E 
 579      BD
 580 19c6 FE3EBDFE 		.ascii	"\376>\275\376\276\371\372r\363\365\345\364\372rz}\271"
 580      BEF9FA72 
 580      F3F5E5F4 
 580      FA727A7D 
 580      B9
 581 19d7 F9FA32F3 		.ascii	"\371\3722\363\365e\364\3722z}\231\342\363\225k\327\250"
 581      F565F4FA 
 581      327A7D99 
 581      E2F3956B 
 581      D7A8
 582 19e9 7FF9D927 		.ascii	"\177\371\331'\037\255\374t\235\352\223\265\277\205/"
 582      1FADFC74 
 582      9DEA93B5 
 582      BF852F
 583 19f8 CDDA4F56 		.ascii	"\315\332OV\255\372\234\360\253\276XI\276V~\3761\375"
 583      ADFA9CF0 
 583      ABBE5849 
 583      BE567EFE 
 583      31FD
 584 1a0a FA92708A 		.ascii	"\372\222p\212\225\353\326|\202?Y\273f\325\327\2545X"
ARM GAS  /tmp/ccZYLmPV.s 			page 47


 584      95EBD67C 
 584      823F59BB 
 584      66D5D7AC 
 584      3558
 585 1a1c 8E64A5B9 		.ascii	"\216d\245\271\257\\\275\366\343\265\356+!\035\335?6"
 585      AF5CBDF6 
 585      E3B5EE2B 
 585      211DDD3F 
 585      36
 586 1a2d 8582E4A6 		.ascii	"\205\202\344\246\227\357\007\020\015\315G\277_\347\261"
 586      97EF0710 
 586      0DCD47BF 
 586      5FE7B1
 587 1a3c 6E7B80EE 		.ascii	"n{\200\356[t\035\303\277M:\262\234\203H\206y@\212\005"
 587      5B741DC3 
 587      BF4D3AB2 
 587      9C834886 
 587      79408A05 
 588 1a50 E99C3D7D 		.ascii	"\351\234=}\266zn'\253\207lOPs`R\374\003\376\007e\323"
 588      B67A6E27 
 588      AB876C4F 
 588      50736052 
 588      FC03FE07 
 589 1a66 F074     		.ascii	"\360t"
 590              		.text
 591              		.section	.gnu.lto_.symtab.3d9f3949426a7c95,"e",%progbits
 592 0000 6368544D 		.ascii	"chTMObjectInit\000"
 592      4F626A65 
 592      6374496E 
 592      697400
 593 000f 00       		.ascii	"\000"
 594 0010 00       		.ascii	"\000"
 595 0011 00       		.ascii	"\000"
 596 0012 00000000 		.ascii	"\000\000\000\000\000\000\000\000"
 596      00000000 
 597 001a E5000000 		.ascii	"\345\000\000\000"
 598 001e 6368544D 		.ascii	"chTMStartMeasurementX\000"
 598      53746172 
 598      744D6561 
 598      73757265 
 598      6D656E74 
 599 0034 00       		.ascii	"\000"
 600 0035 00       		.ascii	"\000"
 601 0036 00       		.ascii	"\000"
 602 0037 00000000 		.ascii	"\000\000\000\000\000\000\000\000"
 602      00000000 
 603 003f E9000000 		.ascii	"\351\000\000\000"
 604 0043 6368544D 		.ascii	"chTMStopMeasurementX\000"
 604      53746F70 
 604      4D656173 
 604      7572656D 
 604      656E7458 
 605 0058 00       		.ascii	"\000"
 606 0059 00       		.ascii	"\000"
 607 005a 00       		.ascii	"\000"
 608 005b 00000000 		.ascii	"\000\000\000\000\000\000\000\000"
 608      00000000 
ARM GAS  /tmp/ccZYLmPV.s 			page 48


 609 0063 EC000000 		.ascii	"\354\000\000\000"
 610 0067 6368544D 		.ascii	"chTMChainMeasurementToX\000"
 610      43686169 
 610      6E4D6561 
 610      73757265 
 610      6D656E74 
 611 007f 00       		.ascii	"\000"
 612 0080 00       		.ascii	"\000"
 613 0081 00       		.ascii	"\000"
 614 0082 00000000 		.ascii	"\000\000\000\000\000\000\000\000"
 614      00000000 
 615 008a F2000000 		.ascii	"\362\000\000\000"
 616 008e 63685F73 		.ascii	"ch_system\000"
 616      79737465 
 616      6D00
 617 0098 00       		.ascii	"\000"
 618 0099 02       		.ascii	"\002"
 619 009a 00       		.ascii	"\000"
 620 009b 00000000 		.ascii	"\000\000\000\000\000\000\000\000"
 620      00000000 
 621 00a3 0A020000 		.ascii	"\012\002\000\000"
 622              		.text
 623              		.section	.gnu.lto_.opts,"e",%progbits
 624 0000 272D666E 		.ascii	"'-fno-openmp' '-fno-openacc' '-fno-pie' '-mcpu=cort"
 624      6F2D6F70 
 624      656E6D70 
 624      2720272D 
 624      666E6F2D 
 625 0033 65782D6D 		.ascii	"ex-m4' '-mthumb' '-mfloat-abi=softfp' '-mfpu=fpv5-d"
 625      34272027 
 625      2D6D7468 
 625      756D6227 
 625      20272D6D 
 626 0066 31362720 		.ascii	"16' '-march=armv7e-m+fp.dp' '-O2' '-fstack-usage' '"
 626      272D6D61 
 626      7263683D 
 626      61726D76 
 626      37652D6D 
 627 0099 2D666675 		.ascii	"-ffunction-sections' '-fdata-sections' '-fno-common"
 627      6E637469 
 627      6F6E2D73 
 627      65637469 
 627      6F6E7327 
 628 00cc 2720272D 		.ascii	"' '-flto' '-fshort-enums'\000"
 628      666C746F 
 628      2720272D 
 628      6673686F 
 628      72742D65 
 629              		.text
 630              		.comm	__gnu_lto_v1,1,1
 631              		.comm	__gnu_lto_slim,1,1
 632              		.ident	"GCC: (GNU Arm Embedded Toolchain 9-2020-q2-update) 9.3.1 20200408 (release)"
ARM GAS  /tmp/ccZYLmPV.s 			page 49


DEFINED SYMBOLS
                            *ABS*:0000000000000000 chtm.c
                            *COM*:0000000000000001 __gnu_lto_v1
                            *COM*:0000000000000001 __gnu_lto_slim

NO UNDEFINED SYMBOLS
