ARM GAS  /tmp/cc0C1t9Q.s 			page 1


   1              		.cpu cortex-m4
   2              		.eabi_attribute 20, 1
   3              		.eabi_attribute 21, 1
   4              		.eabi_attribute 23, 3
   5              		.eabi_attribute 24, 1
   6              		.eabi_attribute 25, 1
   7              		.eabi_attribute 26, 1
   8              		.eabi_attribute 30, 2
   9              		.eabi_attribute 34, 1
  10              		.eabi_attribute 18, 4
  11              		.file	"hal_st.c"
  12              		.section	.gnu.lto_.profile.38c7fdfc493862e9,"e",%progbits
  13 0000 789CE360 		.ascii	"x\234\343``\004B \000\000\000]\000\013"
  13      60044220 
  13      0000005D 
  13      000B
  14              		.text
  15              		.section	.gnu.lto_.icf.38c7fdfc493862e9,"e",%progbits
  16 0000 789CE360 		.ascii	"x\234\343``d\260e@\000.\206G_'\367\3610.\234\260\356"
  16      6064B065 
  16      40002E86 
  16      475F27F7 
  16      F1302E9C 
  17 0016 3F1FD397 		.ascii	"?\037\323\227k\237\023\230\017\277\273t\223\231\345"
  17      6B9F1398 
  17      0FBFBB74 
  17      9399E5
  18 0025 D197B9A7 		.ascii	"\321\227\271\247\370Y\233/\367,\347g\373>\347\350VF"
  18      F8599B2F 
  18      F72CE767 
  18      FB3EE7E8 
  18      5646
  19 0037 F6297D37 		.ascii	"\366)}7\017\362ql\335\365\245\203\237s\366\3765\033"
  19      0FF2716C 
  19      DDF5A583 
  19      9F73F6FE 
  19      351B
  20 0049 591900CF 		.ascii	"Y\031\000\317\032\036\\"
  20      1A1E5C
  21              		.text
  22              		.section	.gnu.lto_.jmpfuncs.38c7fdfc493862e9,"e",%progbits
  23 0000 789CE360 		.ascii	"x\234\343``d\220`d\200\003v\020\001\3443122\326\317"
  23      60649060 
  23      64800376 
  23      1001E433 
  23      313232D6 
  24 0015 67666062 		.ascii	"gf`b^\314\014\0248\300\302\310\000\304\177\376\377\377"
  24      5ECC0C14 
  24      38C0C2C8 
  24      00C47FFE 
  24      FFFF
  25 0027 CFCFC83C 		.ascii	"\317\317\310<\235\231\261\257\371\375=\216>\346\371"
  25      9D99B1AF 
  25      F9FD3D8E 
  25      3EE6F9
  26 0036 CC8C8C0C 		.ascii	"\314\214\214\014\214\273\030\245A\230\005\241\220\221"
  26      8CBB18A5 
ARM GAS  /tmp/cc0C1t9Q.s 			page 2


  26      419805A1 
  26      9091
  27 0044 9109A8E8 		.ascii	"\221\011\250\350\370\373\267W\030A\212\230\200\212v"
  27      F8FBB757 
  27      18418A98 
  27      808A76
  28 0053 334A0385 		.ascii	"3J\003\205\366\365\\8\315\014\021bd\334\303(\315\004"
  28      F6F55C38 
  28      CD0C1162 
  28      64DCC328 
  28      CD04
  29 0065 12876B63 		.ascii	"\022\207kc`\000\232\301\212d5#\272\325\330\355\002\031"
  29      60009AC1 
  29      8A643523 
  29      BAD5D8ED 
  29      0219
  30 0077 82CD34A0 		.ascii	"\202\3154\240o@\2460Qf\012'0H\000\316V:\025"
  30      6F40A630 
  30      51660A27 
  30      304800CE 
  30      563A15
  31              		.text
  32              		.section	.gnu.lto_.inline.38c7fdfc493862e9,"e",%progbits
  33 0000 789CE360 		.ascii	"x\234\343``d\320ed\200\003v\006\006\226\006 `Ncd`b`"
  33      6064D065 
  33      64800376 
  33      06069606 
  33      20604E63 
  34 0018 680432EB 		.ascii	"h\0042\353\030\030\330@BL)L !\006\006F.0\011U\230\002"
  34      1818D840 
  34      424C294C 
  34      20210606 
  34      462E3009 
  35 002f 54C80496 		.ascii	"T\310\004\226OFW\310\304\300\363\354\314\314\303L \263"
  35      4F4657C8 
  35      C4C0F3EC 
  35      CCCCC34C 
  35      20B3
  36 0041 F8801207 		.ascii	"\370\200\022\007\230S1\224p\203\215\002\003\246\011"
  36      98533194 
  36      70838D02 
  36      03A609
  37 0050 7E0C2C84 		.ascii	"~\014,\204Mee\340\002\232\332\0146\225\013d*\023AS\331"
  37      4D6565E0 
  37      029ADA0C 
  37      36950B64 
  37      2A134153 
  38 0065 49D7C209 		.ascii	"I\327\302\011\226\007*\004ja\2038\011]\013\003\000c"
  38      96072A04 
  38      6A618338 
  38      095D0B03 
  38      0063
  39 0077 0D3A19   		.ascii	"\015:\031"
  40              		.text
  41              		.section	.gnu.lto_.pureconst.38c7fdfc493862e9,"e",%progbits
  42 0000 789C05C1 		.ascii	"x\234\005\301\201\015\000 \014\303\260\014\005\215="
  42      810D0020 
ARM GAS  /tmp/cc0C1t9Q.s 			page 3


  42      0CC3B00C 
  42      058D3D
  43 000f C0EDA8D7 		.ascii	"\300\355\250\327b\037\212\0134\317\212+\032w\3548\361"
  43      621F8A0B 
  43      34CF8A2B 
  43      1A77EC38 
  43      F1
  44 0020 03341404 		.ascii	"\0034\024\004\223"
  44      93
  45              		.text
  46              		.section	.gnu.lto_stInit.38c7fdfc493862e9,"e",%progbits
  47 0000 789CE360 		.ascii	"x\234\343``d\330\315\300\300\240\015\304\262@\314\310"
  47      6064D8CD 
  47      C0C0A00D 
  47      C4B240CC 
  47      C8
  48 0011 CCC0C8D4 		.ascii	"\314\300\310\324\320\320\340\300\336\310\301\304\310"
  48      D0D0E0C0 
  48      DEC8C1C4 
  48      C8
  49 001e 08663570 		.ascii	"\010f5p02\32431\3263\3663Ogf<\324\376l'\223\346r\240"
  49      3032D433 
  49      31D633F6 
  49      334F6766 
  49      3CD4FE6C 
  50 0037 4CC381E9 		.ascii	"L\303\201\351\263\330\332\032Z%\346330\314\004b\010"
  50      B3D8DA1A 
  50      5A25E633 
  50      3330CC04 
  50      6208
  51 0049 60DCC5A8 		.ascii	"`\334\305\250\311\300\000T\371h\343\277\251\274l,P)"
  51      C9C00054 
  51      F968E3BF 
  51      A9BC6C2C 
  51      5029
  52 005b C6DD8C6C 		.ascii	"\306\335\214l@\313\030\030\326_b=\320\360\357\177{\303"
  52      40CB1818 
  52      D65F623D 
  52      D0F0EF7F 
  52      7BC3
  53 006d 813B8B18 		.ascii	"\201;\213\030\367\272\001%\273\231\031@\306\26106\034"
  53      F7BA0125 
  53      BB991940 
  53      C6B13036 
  53      1C
  54 007e 6060E861 		.ascii	"``\350af\202p\032\201\2347\214\315\013\276\3670\203"
  54      6682701A 
  54      819C378C 
  54      CD0BBEF7 
  54      3083
  55 0090 F5024D9C 		.ascii	"\365\002M\234\273\342\314\177\316\026\306\246F\216\371"
  55      BBE2CC7F 
  55      CE16C6A6 
  55      468EF9
  56 009f CC8C3399 		.ascii	"\314\2143\231\201\2461\356alad\230\317\314\304\360\216"
  56      81A631EE 
  56      616C6164 
ARM GAS  /tmp/cc0C1t9Q.s 			page 4


  56      98CFCCC4 
  56      F08E
  57 00b1 B169C1EF 		.ascii	"\261i\301\357\036F\260R\020\350ffD\030\312\300\240\251"
  57      1E46B052 
  57      10E86666 
  57      4418CAC0 
  57      A0A9
  58 00c3 A7A70F44 		.ascii	"\247\247\017D\331\251Ey\2519\372\316\031\231I\231\376"
  58      D9A94579 
  58      A939FACE 
  58      19994999 
  58      FE
  59 00d4 C1FAF9C5 		.ascii	"\301\372\371\305\372\031\2119\372\305E\311 :\276\270"
  59      FA198939 
  59      FAC545C9 
  59      203ABEB8 
  60 00e4 442F9901 		.ascii	"D/\231\001\000\036\206K\332"
  60      001E864B 
  60      DA
  61              		.text
  62              		.section	.gnu.lto_stGetCounter.38c7fdfc493862e9,"e",%progbits
  63 0000 789C7D90 		.ascii	"x\234}\220\315+Da\024\306\317s\337\353\316\020\371\003"
  63      CD2B4461 
  63      14C6CF73 
  63      DFEBCE10 
  63      F903
  64 0012 24B6B399 		.ascii	"$\266\263\231\353\343\037P\243$d16V\223\257\032\231"
  64      EBE31F50 
  64      A3246431 
  64      365693AF 
  64      1A99
  65 0024 8C66265B 		.ascii	"\214f&[\2571%\215(\021Fc0Mv\244X\370\276flX\311\202"
  65      AF31258D 
  65      28114663 
  65      304D76A4 
  65      58F8BE66 
  66 003c 94342925 		.ascii	"\2244)%\013\022\01368\357\214\304\306\333}\273\3679"
  66      0B120B36 
  66      38EF8CC4 
  66      C6DB7DBB 
  66      F739
  67 004e E777CE73 		.ascii	"\347w\316s\316\265\023h\020D~\"*\347\013A\320\244\224"
  67      CEB51368 
  67      10447E22 
  67      2AE70B41 
  67      D0A494
  68 0061 75B661BB 		.ascii	"u\266a\273\006\344\276\244\0354\244a\010\223bV\340&"
  68      06E4BEA4 
  68      1D34A461 
  68      08936256 
  68      E026
  69 0073 1C7F2B9E 		.ascii	"\034\177+\236\020\011\006u\226\323\247\233'EJ\002\225"
  69      10090675 
  69      96D3A79B 
  69      27454A02 
  69      95
  70 0084 2C23178B 		.ascii	",#\027\213\333\272cU\312\260\264f\027m\013\233g\262"
ARM GAS  /tmp/cc0C1t9Q.s 			page 5


  70      DBBA6355 
  70      CAB0B466 
  70      176D0B9B 
  70      67B2
  71 0096 3021349A 		.ascii	"0!4\232g|\027e\330A\031\251\203=8\210\270\340v\343c"
  71      677C1765 
  71      D84119A9 
  71      833D3888 
  71      B8E076E3 
  72 00ab A6C4D015 		.ascii	"\246\304\320\025\240\302\3730x\"\242\365\363\002K~|"
  72      A0C2FB30 
  72      7822A2F5 
  72      F3024B7E 
  72      7C
  73 00bc 8E4AEB35 		.ascii	"\216J\3535\211\255\006\356\220\020LD\005\361HR\207\264"
  73      89AD06EE 
  73      90104C44 
  73      05F14852 
  73      87B4
  74 00ce 88C68596 		.ascii	"\210\306\205\226\027#,\036\220\336{\277\276\277\\\026"
  74      17232C1E 
  74      90DE7BBF 
  74      BEBF5C16 
  75 00de 7F9AAA5E 		.ascii	"\177\232\252^?\201\210\302\263cW\"\347\223K\376\202"
  75      3F8188C2 
  75      B3635722 
  75      E7934BFE 
  75      82
  76 00ef 71080307 		.ascii	"q\010\003\007\354O\260`\304\205\306\271\211\221\247"
  76      EC4FB060 
  76      C485C6B9 
  76      8991A7
  77 00fe 1BBBDA4E 		.ascii	"\033\273\332N\207B\237\357\222\223\245y\231s\346\320"
  77      87429FEF 
  77      9293A579 
  77      9973E6D0 
  78 010e 52EC2559 		.ascii	"R\354%Y\222B\022\011Q\2004ox\2446\344\304\301\365\375"
  78      92421209 
  78      5180346F 
  78      78A436E4 
  78      C4C1F5FD 
  79 0122 AAAD6A4D 		.ascii	"\252\255jMF\206e\366e\245\"6\305\204\201\014R\230\343"
  79      468665F6 
  79      65A52236 
  79      C584810C 
  79      5298E3
  80 0135 459419E1 		.ascii	"E\224\031\341\030U\364\210p6z\2251\324Hl\252\376BT\344"
  80      1855F488 
  80      70367A95 
  80      31D4486C 
  80      AAFE4254 
  81 014a DB236C29 		.ascii	"\333#l)\351p:M~\372z\002\375=>\323\345\355\355\354m"
  81      E9703A4D 
  81      7EFA7A02 
  81      FD3D3ED3 
  81      E5EDEDEC 
  82 015f 759BFEA0 		.ascii	"u\233\376\240\351\355\360\231\301@\227z{\202!g\027\271"
ARM GAS  /tmp/cc0C1t9Q.s 			page 6


  82      E9EDF099 
  82      C140977A 
  82      7B822167 
  82      17B9
  83 0171 FE2307FC 		.ascii	"\376#\007\374\201P\320t\267\265\324\326\230\315\315"
  83      8150D074 
  83      B7B5D4D6 
  83      98CDCD
  84 0180 F5A6BBDD 		.ascii	"\365\246\273\335\335\326\350j\032\254\376\256\367\370"
  84      DDD6E86A 
  84      1AACFEAE 
  84      F7F8
  85 018e 7CDD4E2F 		.ascii	"|\335N/}\001m\037\240\360"
  85      7D016D1F 
  85      A0F0
  86              		.text
  87              		.section	.gnu.lto_stStartAlarm.38c7fdfc493862e9,"e",%progbits
  88 0000 789C9D52 		.ascii	"x\234\235RKhSA\024\235\363\356K\362\022\033\253\270"
  88      4B685341 
  88      149DF3EE 
  88      4BF2121B 
  88      ABB8
  89 0012 11BB2928 		.ascii	"\021\273)(HE\232ZW\"\210PAD\305E\335\270\022?\205\026"
  89      48459A5A 
  89      57228850 
  89      4144C545 
  89      DDB8123F 
  90 0028 EB87A6E8 		.ascii	"\353\207\246\350Ft\222F\263\210X\027\376\242\206W\214"
  90      46749246 
  90      B3885817 
  90      FEA28657 
  90      8C
  91 0039 C5CFC25F 		.ascii	"\305\317\302_\005\321j\215\325\372m\375\324\372\251"
  91      05D16A8D 
  91      D5FA6DFD 
  91      D4FAA9
  92 0048 961A456B 		.ascii	"\226\032Ek)\321\342ga\261X\357\314\213\230\202\210:"
  92      29D1E267 
  92      61B158EF 
  92      CC8B9882 
  92      883A
  93 005a E44DE6CE 		.ascii	"\344M\346\316\234{\356\2353\307\022\020\273M!6\011!"
  93      9C7BEE9D 
  93      33C71210 
  93      BB4D2136 
  93      0921
  94 006c 66F30797 		.ascii	"f\363\007\227\200!\245\234\353\011Y\206A\035\361&\267"
  94      8021A59C 
  94      EB095986 
  94      411DF126 
  94      B7
  95 007d 297D6653 		.ascii	")}fS_\373,S\346\021\314\354\231\011\350\225\264 \266"
  95      5FFB2C53 
  95      E611CCEC 
  95      9909E895 
  95      B420B6
  96 0090 1A64622B 		.ascii	"\032db+\352i\037\2415\332w\301(:\312g2\265\257\327\263"
ARM GAS  /tmp/cc0C1t9Q.s 			page 7


  96      EA691FA1 
  96      35DA77C1 
  96      283ACA67 
  96      32B5AFD7 
  97 00a5 5D6E9B68 		.ascii	"]n\233h\223\020q\376\234\201\213(b\\o8\3615o'\331\004"
  97      931071FE 
  97      9C818B28 
  97      625C6F38 
  97      F1356F27 
  98 00bb 981CEEBE 		.ascii	"\230\034\356\276s\356\266O\205\006\0129\374v\342tO>"
  98      73EEB64F 
  98      85060A39 
  98      FC76E274 
  98      4F3E
  99 00cd 4D87E0F5 		.ascii	"M\207\340\365\265\356\216\201\374\251\215R\206e*\223"
  99      B5EE8E81 
  99      FCA98D52 
  99      86652A93 
 100 00dd 2439C526 		.ascii	"$9\305&\302e\020S\342\022\012\320\214\002!x\217\251"
 100      C2651053 
 100      E2120AD0 
 100      8C022178 
 100      8FA9
 101 00ef 5B3055A8 		.ascii	"[0U\250\224\327g\276\357\361\273\315lU\\\201\233o)\220"
 101      94D767BE 
 101      EFF1BBCD 
 101      6C555C81 
 101      9B6F2990 
 102 0103 2471AAD3 		.ascii	"$q\252\323\225\222\337G\2422\365\345\010\206\346\373"
 102      9592DF47 
 102      A232F5E5 
 102      0886E6FB 
 103 0113 C199A6A1 		.ascii	"\301\231\246\241&7T\272\207\227.KM^\236\334B\304H\250"
 103      263754BA 
 103      87972E4B 
 103      4D5E9EDC 
 103      42C448A8 
 104 0127 BB989029 		.ascii	"\273\230\220)!v\220\341\004u\034\014\240\365\322P\346"
 104      217690E1 
 104      04751C0C 
 104      A0F5D250 
 104      E6
 105 0138 D89B579E 		.ascii	"\330\233W\236Q\025\271\320\257\026\"\012\236\216\275"
 105      5115B9D0 
 105      AF16220A 
 105      9E8EBD
 106 0147 774DD25D 		.ascii	"wM\322]\350\323\0344\256\302\215\024w'\320\012w\202"
 106      E8D31C34 
 106      AEC28D14 
 106      7727D00A 
 106      7782
 107 0159 14D3CEBA 		.ascii	"\024\323\316\272\301^K)\341\321\267\377\3706Y\237\357"
 107      C15E4B29 
 107      E1D1B7FF 
 107      F836599F 
 107      EF
 108 016a 84BA346F 		.ascii	"\204\2724o5\034\370\234\3647\"\011\233,\\g\005\256)"
ARM GAS  /tmp/cc0C1t9Q.s 			page 8


 108      351CF89C 
 108      F4372209 
 108      9B2C5C67 
 108      05AE29
 109 017d 05F8A0A5 		.ascii	"\005\370\240\245\247\377\250\247\344\244\214\204d\272"
 109      A7FFA8A7 
 109      E4A48C84 
 109      64BA
 110 018b 2939FED0 		.ascii	")9\376\320f\233\274hC#\366+q\256*\025n\240\204\033\257"
 110      669BBC68 
 110      4323F62B 
 110      71AE2A15 
 110      6EA0841B 
 111 01a0 DB1BEDF6 		.ascii	"\333\033\355\366:%-\247\352\366\266]\315~U\306\005\003"
 111      3A252DA7 
 111      EAF6B65D 
 111      CD7E55C6 
 111      0503
 112 01b2 37998F41 		.ascii	"7\231\217A\017\242\307\311\001y\031\307\240\233\203"
 112      0FA2C7C9 
 112      017919C7 
 112      A09B83
 113 01c1 EFBBE080 		.ascii	"\357\273\340\200\004niPx8z\352M=\251\313%\010\214\024"
 113      046E6950 
 113      78387AEA 
 113      4D3DA9CB 
 113      25088C14 
 114 01d5 196C2B74 		.ascii	"\031l+tB\203S\232\277\\\036\360F\020\016\261\013|q2"
 114      4283539A 
 114      BF5C1EF0 
 114      46100EB1 
 114      0B7C7132 
 115 01e9 B88FDB88 		.ascii	"\270\217\333\210@08\227\320d\302;(\260i\214x\213H\177"
 115      40303897 
 115      D064C23B 
 115      28B0698C 
 115      788B487F 
 116 01fd 599640ED 		.ascii	"Y\226@\355i\323\354 \352k\217\317T\272\033\031Dt\001"
 116      69D3EC20 
 116      EA6B8FCF 
 116      54BA1B19 
 116      447401
 117 0210 75E3C4B1 		.ascii	"u\343\304\261\366\021Mo\331\224\027\327\036\270\253"
 117      F6114D6F 
 117      D99417D7 
 117      1EB8AB
 118 021f E87375F4 		.ascii	"\350su\364\3530\267\021\177\222\234Gz)?u\370X\311\320"
 118      EB30B711 
 118      7F929C47 
 118      7A293F75 
 118      F858C9D0 
 119 0233 389BC6A2 		.ascii	"8\233\306\242\2033\321\236\325\362\363\273\266\026K"
 119      8333D19E 
 119      D5F2F3BB 
 119      B6164B
 120 0242 E1F74B59 		.ascii	"\341\367KY\250H\356\261\216\216\223\3563\316\246|\335"
 120      A848EEB1 
ARM GAS  /tmp/cc0C1t9Q.s 			page 9


 120      8E8E93EE 
 120      33CEA67C 
 120      DD
 121 0253 9639CA0F 		.ascii	"\2269\312\017\007\2062\351\236\320h?\230\277\361\303"
 121      078632E9 
 121      9ED0683F 
 121      98BFF1C3 
 122 0263 37EED4F1 		.ascii	"7\356\324\361\2039\332\017\017\331\017\017\264\037:"
 122      8339DA0F 
 122      0FD90F0F 
 122      B41F3A
 123 0272 E1FEEBA7 		.ascii	"\341\376\353\247\256\233pp\216M\343\360H?54\215\002"
 123      AE9B7070 
 123      8E4DE3F0 
 123      483F3534 
 123      8D02
 124 0284 0DBFBA3F 		.ascii	"\015\277\272?\350+=\255@\015g\241\314\320\205\022Lc"
 124      E82B3DAD 
 124      400D67A1 
 124      CCD08512 
 124      4C63
 125 0296 068DC063 		.ascii	"\006\215\300c\224&\330\343\334\370\247\376\370\3714"
 125      9426D8E3 
 125      DCF8A7FE 
 125      F8F934
 126 02a5 FEA168C3 		.ascii	"\376\241h\303\026E\367D\0274\262tOQ\222\253\273\227"
 126      1645F744 
 126      1734B274 
 126      4F5192AB 
 126      BB97
 127 02b7 1B79A64D 		.ascii	"\033y\246M\302\364\007\377\207\276\373\247u5\375sM\337"
 127      C2F407FF 
 127      87BEFBA7 
 127      7535FD73 
 127      4DDF
 128 02c9 183BEC18 		.ascii	"\030;\354\030\325\313F}\301\231\037\020N\307\206'\353"
 128      D5CB467D 
 128      C1991F10 
 128      4EC78627 
 128      EB
 129 02da A7512346 		.ascii	"\247Q#F\030\341A\010\247TXT\\\034\340\337\232\212\232"
 129      18E14108 
 129      A7545854 
 129      5C1CE0DF 
 129      9A8A9A
 130 02ed 7515D581 		.ascii	"u\025\325\201\262\312\252\225UK\312\003\353\203\201"
 130      B2CAAA95 
 130      554BCA03 
 130      EB8381
 131 02fc CA15D581 		.ascii	"\312\025\325\201`\315*\365\277<X[\274JxV\254\014\326"
 131      60CD2AF5 
 131      BF3C585B 
 131      BC4A7856 
 131      AC0CD6
 132 030f 56ADAD28 		.ascii	"V\255\255(\373S\306\206\3655\265\301@\371\322\3053K"
 132      FB53C686 
 132      F535B5C1 
ARM GAS  /tmp/cc0C1t9Q.s 			page 10


 132      40F9D2C5 
 132      334B
 133 0321 038B16CD 		.ascii	"\003\213\026\315\013\224/+_\272\240l\341\306\031Y\236"
 133      0B942F2B 
 133      5FBAA06C 
 133      E1C61959 
 133      9E
 134 0332 E5D5D5AB 		.ascii	"\345\325\325\253\213+\305\017f\030\247y"
 134      8B2BC50F 
 134      6618A779 
 135              		.text
 136              		.section	.gnu.lto_stStopAlarm.38c7fdfc493862e9,"e",%progbits
 137 0000 789C7D50 		.ascii	"x\234}P\277K\202Q\024\275\347{\376\"\220\306\002ilp"
 137      BF4B8251 
 137      14BDE77B 
 137      FE2290C6 
 137      02696C70 
 138 0014 F1B3DA23 		.ascii	"\361\263\332#\260\2452\032tq\2222AI2TZ}\376\250\006"
 138      B0A5321A 
 138      74719232 
 138      41493254 
 138      5A7DFEA8 
 139 0029 432108CD 		.ascii	"C!\010\315\006\003\021\267\302\261_\366e\375\005\315"
 139      060311B7 
 139      C2B15FF6 
 139      65FD05CD 
 140 0039 161615D1 		.ascii	"\026\026\025\321P\224K\223\365\276O\011[\272\274\313"
 140      50944B93 
 140      F5BE4F09 
 140      5BBABCCB 
 141 0049 7BE79E73 		.ascii	"{\347\236s\357y\357\231\010\344\001Q\230\210FD\202\021"
 141      EF79EF99 
 141      08E40151 
 141      98884644 
 141      8211
 142 005b 24CEF994 		.ascii	"$\316\371\2241a\222\000\355\304M\240\270\2048r,\317"
 142      31619200 
 142      EDC44DA0 
 142      B8843872 
 142      2CCF
 143 006d D0D87A3E 		.ascii	"\320\330z>\226\254U\301p%_\034\330\344\033\303%F\264"
 143      96AC55C1 
 143      70255F1C 
 143      D8E41BC3 
 143      2546B4
 144 0080 27B21B38 		.ascii	"'\262\0338\201\225H(\037j\235]\263A\327\243p\012\203"
 144      81954828 
 144      1F6A9D5D 
 144      B341D7A3 
 144      700A83
 145 0093 30233ABA 		.ascii	"0#:\272\321+\274\363\275\305\225\3532j\263\202\3140"
 145      D12BBCF3 
 145      BDC595EB 
 145      326AB382 
 145      CC30
 146 00a5 52C7E9C0 		.ascii	"R\307\351\300\025\242m&uAJ\200W4>\277\232\217\267\367"
 146      15A26D26 
ARM GAS  /tmp/cc0C1t9Q.s 			page 11


 146      75414A80 
 146      57343EBF 
 146      9A8FB7F7 
 147 00b9 FA3FF3D4 		.ascii	"\372?\363\3241\277\205\264*oerz\246yhl\237\032\3470"
 147      31BF85B4 
 147      2A6F6572 
 147      7AA67968 
 147      6C9F1AE7 
 148 00ce E04C7813 		.ascii	"\340Lx\023\3520\010\"\233z\2773eY\211\001\252\356\343"
 148      EA300822 
 148      9B7ABF33 
 148      65598901 
 148      AAEEE3
 149 00e1 A99C1BEC 		.ascii	"\251\234\033\354B\315W\224\016\212\355\262\271\2022"
 149      42CD5794 
 149      0E8AEDB2 
 149      B98232
 150 00f0 4A4C8202 		.ascii	"JL\202\002\013.`\321f\326\233/U\243\375\220\247\023"
 150      0B2E60D1 
 150      66D69B2F 
 150      55A3FD90 
 150      A713
 151 0102 BCD5DE19 		.ascii	"\274\325\336\031\332\237,1\206KTP\020\257P\215\010\015"
 151      DA9F2C31 
 151      864B5450 
 151      10AF508D 
 151      080D
 152 0114 D8FB3DC4 		.ascii	"\330\373=\304ep%\272\337\220le\012\243\332'\250\221"
 152      657025BA 
 152      DF906C65 
 152      0AA3DA27 
 152      A891
 153 0126 615D3724 		.ascii	"a]7$\025\025Zm6Y\254\025\177d\325\037\222\035\201\340"
 153      15155A6D 
 153      3659AC15 
 153      7F64D51F 
 153      921D81E0 
 154 013a 5270C125 		.ascii	"Rp\301%\207\243r`1$G#>u\367Fc6\0379\376S\256\205#\261"
 154      87A37260 
 154      31244723 
 154      3E75F746 
 154      63361F39 
 155 0154 A8EC72CF 		.ascii	"\250\354r\317O\214\313N\347\264\354\362\270\3343\216"
 155      4F8CCB4E 
 155      E7B4ECF2 
 155      B8DC338E 
 156 0164 B9F5B15E 		.ascii	"\271\365\261^\2777\024Z\266\005\350\007O\332\226\343"
 156      BF37145A 
 156      B605E807 
 156      4FDA96E3 
 157              		.text
 158              		.section	.gnu.lto_stSetAlarm.38c7fdfc493862e9,"e",%progbits
 159 0000 789C8D52 		.ascii	"x\234\215RMHTQ\024\276\337;of\336\214N\332.r\343\242"
 159      4D485451 
 159      14BEDF3B 
 159      6F66DE8C 
 159      4EDA2E72 
ARM GAS  /tmp/cc0C1t9Q.s 			page 12


 160 0016 10231CD3 		.ascii	"\020#\034\323U\004\021\330\2462Z\350\246U\250\011J\366"
 160      550411D8 
 160      A6325AE8 
 160      A655A809 
 160      4AF6
 161 0028 8323B509 		.ascii	"\203#\265\011\2743\216\316\302\310\026\375\2155\274"
 161      BC338ECE 
 161      C2C816FD 
 161      8D35BC
 162 0037 6012A345 		.ascii	"`\022\243EZ\266\250L\033-\373u\262\354\007\0041\213"
 162      5AB6A84C 
 162      1B2DFB75 
 162      B2EC0704 
 162      318B
 163 0049 B2104DAC 		.ascii	"\262\020M\254\026I\221\235{\337@\012\021]\346\335\271"
 163      1649919D 
 163      7BDF400A 
 163      115DE6DD 
 163      B9
 164 005a E79EEF7E 		.ascii	"\347\236\357~\347\334\357~\226\200xEB\034\021Bl\342"
 164      E7DCEF7E 
 164      96807845 
 164      421C1142 
 164      6CE2
 165 006c 0F2E0143 		.ascii	"\017.\001CJ\271\305\023\262\014\203R\261\036\267)}f"
 165      4AB9C513 
 165      B20C8352 
 165      B11EB729 
 165      7D66
 166 007e CFD4F046 		.ascii	"\317\324\360FSf\022\314t\316\004\364JZ\020\215\006\231"
 166      536612CC 
 166      74CE04F4 
 166      4A5A108D 
 166      0699
 167 0090 68441B9D 		.ascii	"hD\033\235!\014F\247n\032\371\235\234\223\3113\257}"
 167      210C46A7 
 167      6E1AF99D 
 167      9C93C933 
 167      AF7D
 168 00a2 2DB27995 		.ascii	"-\262y\225\315\3641\376\234\201[\310g\334D8\376=\363"
 168      CDF431FE 
 168      9C815BC8 
 168      67DC4438 
 168      FE3DF3
 169 00b5 38D90498 		.ascii	"8\331\004\230\034\236||\375\221O\205\006r9\374q\271"
 169      1C9E7C7C 
 169      FD914F85 
 169      067239FC 
 169      71B9
 170 00c7 7B3C8BD6 		.ascii	"{<\213\326C\360\372\356Xj:+\257C\312\260L\216'H\256"
 170      43F0FAEE 
 170      586A3A2B 
 170      AF43CAB0 
 170      4C8E2748 
 171 00dc B189D007 		.ascii	"\261\211\320\007bJ\334F\016z\221#\004\3571u?\362\204"
 171      624ADC46 
 171      0E7A9123 
ARM GAS  /tmp/cc0C1t9Q.s 			page 13


 171      04EF3175 
 171      3FF284
 172 00ef 3AF2EEEA 		.ascii	":\362\356\352\257S~\267\231\256\212;p\363-\005\022$"
 172      AF537EB7 
 172      99AE8A3B 
 172      70F32D05 
 172      1224
 173 0101 BA465D49 		.ascii	"\272F]I\371k1*\223\357/b~{\006\370\244i\360\344\"5y"
 173      F96B312A 
 173      93EF2F62 
 173      7E7B06F8 
 173      A469F0E4 
 174 0118 A0382C5E 		.ascii	"\2408,^\272\275j\022\242\225\204\272\213\011\231\024"
 174      BABD6A12 
 174      A29584BA 
 174      8B099914 
 175 0128 E218194E 		.ascii	"\342\030\031N\320\304\3014\006o/\314\\z\377\326\263"
 175      D0C4C134 
 175      066F2FCC 
 175      5C7AFFD6 
 175      B3
 176 0139 AC2217FA 		.ascii	"\254\"\027\372\323BD\301'[g]\253u\027:\273\004\215\001"
 176      D34244C1 
 176      275B675D 
 176      AB75173A 
 176      BB048D01 
 177 014d B891E4EE 		.ascii	"\270\221\344\356\004\006\341\216\223\305\271\343Ms\023"
 177      0406E18E 
 177      93C5B9E3 
 177      4D7313
 178 015c 9652C2A3 		.ascii	"\226R\302\243o?\377!\321\226\345\204\2724o]h\377\232"
 178      6F3FFF21 
 178      D196E584 
 178      BA346F5D 
 178      68FF9A
 179 016f F0772001 		.ascii	"\360w \001\233,\334c\005\356*\0058\321?\376\251\323"
 179      9B2CDC63 
 179      05EE2A05 
 179      38D13FFE 
 179      A9D3
 180 0181 53784546 		.ascii	"SxEFBr\262'\261\362\374Q\233\274\030B\007\316*q\006"
 180      4272B227 
 180      B1F2FC51 
 180      9BBC1842 
 180      07CE2A71 
 181 0196 940AF751 		.ascii	"\224\012\367Q\310\2157\235\216\216y\235\222^\247j\313"
 181      C88D379D 
 181      8E8E799D 
 181      925EA76A 
 181      CB
 182 01a7 D0895EBF 		.ascii	"\320\211^\277*\343\206\201\007\314\307\240\376h\327"
 182      2AE38681 
 182      07CCC7A0 
 182      FE68D7
 183 01b6 F553A4FA 		.ascii	"\365S\244\372\216\023\030\311\260\007s\263/\341\300"
 183      8E1318C9 
 183      B00773B3 
ARM GAS  /tmp/cc0C1t9Q.s 			page 14


 183      2FE1C0
 184 01c5 041E6A58 		.ascii	"\004\036jX\370g\024\016\306`\230\230As\256\023*7\364"
 184      F867140E 
 184      C6609898 
 184      4173AE13 
 184      2A37F4
 185 01d8 7EEB9BF6 		.ascii	"~\353\233\366F\020\016\261\011|12\270\215G\210@0x)\233"
 185      46100EB1 
 185      097C3132 
 185      B88D4788 
 185      40307829 
 186 01ed 8BD91E23 		.ascii	"\213\331\036#\307\246\014\361\001\221O%i\002\265\247"
 186      C7A60CF1 
 186      01914F25 
 186      6902B5A7 
 187 01fd 3D738C68 		.ascii	"=s\214hj8V\254d7f\020\321\005\324\205\343\227\206\027"
 187      6A3856AC 
 187      64376610 
 187      D105D485 
 187      E3978617 
 188 0211 35BD6553 		.ascii	"5\275eSfL[\340\211\242_*\243_\207K\033\361'\310y\243"
 188      664C5BE0 
 188      89A25F2A 
 188      A35F874B 
 188      1BF127C8 
 189 0227 37F24BCA 		.ascii	"7\362K\312\307B\206\262mZ\201\024\237\304pZ\312\257"
 189      C74286B2 
 189      6D5A8114 
 189      9FC4705A 
 189      CAAF
 190 0239 1F87FA2D 		.ascii	"\037\207\372-\205?+e\256\"y\3122:F\032a\234MY\272-s"
 190      853F2B65 
 190      AE2279CA 
 190      323A461A 
 190      619C4D59 
 191 0250 991DDA17 		.ascii	"\231\035\332\027f&'B\313\355`\376\305\016]l6\307\016"
 191      66262742 
 191      CBED60FE 
 191      C50E5D6C 
 191      36C70E
 192 0263 E6723B3C 		.ascii	"\346r;<g;<\323v\030\205\373\277_\272)\347\334f\233\262"
 192      673B3CD3 
 192      761885FB 
 192      BF5FBA29 
 192      E7DC669B 
 193 0278 F142BF34 		.ascii	"\361B\27744\215\002\375|;2\347+\352V\240\013\327\240"
 193      348D02FD 
 193      7C3B32E7 
 193      2BEA56A0 
 193      0BD7A0
 194 028b BCF01285 		.ascii	"\274\360\022\205X\307\014\032\201W(\212\223G|Fx\262"
 194      58C70C1A 
 194      8157288A 
 194      93477C46 
 194      78B2
 195 029d F5C65A7D 		.ascii	"\365\306Z}95Z\011\213<\010\341\244\012\363\013\012\002"
 195      39355A09 
ARM GAS  /tmp/cc0C1t9Q.s 			page 15


 195      8B3C08E1 
 195      A40AF30B 
 195      0A02
 196 02af FCDB575D 		.ascii	"\374\333W]\177\240\272.PRS[Y\273\253,p0\030\250\251"
 196      7FA0BA2E 
 196      5052535B 
 196      59BBAB2C 
 196      703018A8 
 197 02c4 A80B04EB 		.ascii	"\250\013\004\353\253\324\377\236`CA\225\360TT\006\033"
 197      ABD4FF9E 
 197      60434195 
 197      F0545406 
 197      1B
 198 02d5 6AF75797 		.ascii	"j\367W\227\374\353\304\241\203\365\015\301@Y\371\316"
 198      FCEBC4A1 
 198      83F50DC1 
 198      4059F9CE 
 199 02e5 E2A24069 		.ascii	"\342\242@i\351\326@\331\356\262\362m%;\016oH\363\354"
 199      E9D640D9 
 199      EEB2F26D 
 199      253B0E6F 
 199      48F3EC
 200 02f8 A9ABDB5B 		.ascii	"\251\253\333[P#~\003\214\205f\221"
 200      50237E03 
 200      8C856691 
 201              		.text
 202              		.section	.gnu.lto_stGetAlarm.38c7fdfc493862e9,"e",%progbits
 203 0000 789C8D92 		.ascii	"x\234\215\222_HSq\024\307\317\271\347n\273\233.\353"
 203      5F485371 
 203      14C7CFB9 
 203      E76EBB9B 
 203      2EEB
 204 0012 2D92C057 		.ascii	"-\222\300W{\330L\237\242\227`\275\204F\017\363\245'"
 204      7BD84C9F 
 204      A29760BD 
 204      84460FF3 
 204      A527
 205 0024 29139446 		.ascii	")\023\224F\206JO\201\277\315\325\210\211F\224\272l]"
 205      864A4F81 
 205      BFCDD588 
 205      894694BA 
 205      6C5D
 206 0036 6D883EA5 		.ascii	"m\210>\245\242/\371g-k\2316\233Y\004\201\370'\324D4"
 206      A22FF967 
 206      2D6B9936 
 206      9B590481 
 206      F827D444 
 207 004b 297B4810 		.ascii	"){H\020\355\374\356\035\244\004\321e\367\267{~\277\317"
 207      EDFCEE1D 
 207      A404D165 
 207      F7B77B7E 
 207      BFCF
 208 005d EF7BFE6A 		.ascii	"\357{\376j\200\320I\000\325\000p\232_\264\000*B\210"
 208      80D04900 
 208      D500709A 
 208      5FB4002A 
 208      4288
ARM GAS  /tmp/cc0C1t9Q.s 			page 16


 209 006f 3336BFA6 		.ascii	"36\277\246(4\025\031\260\252\302\241\016\254\244N\251"
 209      28341519 
 209      B0AAC2A1 
 209      0EACA44E 
 209      A9
 210 0080 229B50CD 		.ascii	"\"\233P\315\234\251\210\306\227\320\020\352\025R\261"
 210      9CA988C6 
 210      97D010EA 
 210      1552B1
 211 008f 1E9BA995 		.ascii	"\036\233\251\225p.\020\375\225\335D:\001\252l\336\237"
 211      702E10FD 
 211      95DD443A 
 211      01AA6CDE 
 211      9F
 212 00a0 1C9C7048 		.ascii	"\034\234pH\0231\217\315\340\247\307\317\324\374n!\002"
 212      13318FCD 
 212      E0A7C7CF 
 212      D4FC6E21 
 212      02
 213 00b1 22D1DA92 		.ascii	"\"\321\332\222\325>8-\354:)\020a|\030sq\010sA>8\202"
 213      D53E382D 
 213      EC3A2910 
 213      617C1873 
 213      71087341 
 214 00c8 F9007CE1 		.ascii	"\371\000|\341K\377\356\003\247U\225\200\334\036E+\307"
 214      4BFFEE03 
 214      A7559580 
 214      DC1E452B 
 214      C7
 215 00d9 0B1823E8 		.ascii	"\013\030#\350\235\261$\304\356^H$\226b\330_\354@\320"
 215      9DB124C4 
 215      EE5E4824 
 215      9662D85F 
 215      EC40D0
 216 00ec 89957452 		.ascii	"\211\225tRI.6^,\232\\\354r\001\010\023p\300BE\221\000"
 216      492E365E 
 216      2C9A5CEC 
 216      72010813 
 216      70C04245 
 217 0102 6824C534 		.ascii	"h$\3054\032\330X\303\261\221\355\331\236\245E\333\001"
 217      1AD858C3 
 217      B191EDD9 
 217      9EA545DB 
 217      01
 218 0113 87ECE74F 		.ascii	"\207\354\347O\004A\211/\2047,\307\214 \214\323}4>G+"
 218      0441892F 
 218      84372CC7 
 218      8C208CD3 
 218      7D343E47 
 219 0128 C63938C0 		.ascii	"\30698\300\004Z\243$\225\232\0326\3474\231\272\025%"
 219      045AA324 
 219      959A1A36 
 219      E73499BA 
 219      1525
 220 013a FA7D39D6 		.ascii	"\372}9\326\234c\232\206k\336\352x\270\025sva\014u\262"
 220      9C639A86 
 220      6BDEEA78 
ARM GAS  /tmp/cc0C1t9Q.s 			page 17


 220      B8157376 
 220      610C75B2 
 221 014e E118A7FF 		.ascii	"\341\030\247\377B\246\317\007\361\331\325n[\301S\021"
 221      42A6CF07 
 221      F1D9D56E 
 221      5BC15311 
 222 015e F48B85AD 		.ascii	"\364\213\205\255'G\036\335\324I\303\227\330\205m\\\006"
 222      27471EDD 
 222      D449C397 
 222      D8856D5C 
 222      06
 223 016f E90BF015 		.ascii	"\351\013\360\025\026p\340\015-\241\317v\323\245fz\275"
 223      1670E00D 
 223      2DA1CF76 
 223      D3A5667A 
 223      BD
 224 0180 9DBC3BEC 		.ascii	"\235\274;\354\224n,\250`\222\365\030\212\207z\007[H"
 224      946E2CA8 
 224      6092F518 
 224      8A877A07 
 224      5B48
 225 0192 C61D2564 		.ascii	"\306\035%d\222\261\361\315\215\217hb\200\257\015,\260"
 225      92B1F1CD 
 225      8D8F6862 
 225      80AF0D2C 
 225      B0
 226 01a3 13429351 		.ascii	"\023B\223Q\030\203u\274\225g\232\262\255\303?G\327\354"
 226      188375BC 
 226      95679AB2 
 226      ADC33F47 
 226      D7EC
 227 01b5 410CF88F 		.ascii	"A\014\370\217\352d\217p\235\001\3071\210\300\360~5\225"
 227      EA648F70 
 227      9D01C731 
 227      88C0F07E 
 227      3595
 228 01c7 D5DE60AE 		.ascii	"\325\336`\256N\016X\306\340\252'# \367\214\2766\022"
 228      4E0E58C6 
 228      E0AA2723 
 228      20F78CBE 
 228      3612
 229 01d9 ADA42245 		.ascii	"\255\244\"E\262\354\312:\006\015\0072\341hOj\317\220"
 229      B2ECCA3A 
 229      060D0732 
 229      E1684F6A 
 229      CF90
 230 01eb D774CA8A 		.ascii	"\327t\312\212\220\314rB\312\357/c\266a\356\017$;Ff\217"
 230      90CC7242 
 230      CAEF2F63 
 230      B661EE0F 
 230      243B4666 
 231 0200 E6C58F29 		.ascii	"\346\305\217)\007\027\322\177X''\276\345\2338\231)\345"
 231      0717D27F 
 231      582727BE 
 231      E59B3899 
 231      29E5
 232 0212 D6D7645C 		.ascii	"\326\327d\\\223|\233\020yR$\305e4\347h\2129\235\016"
ARM GAS  /tmp/cc0C1t9Q.s 			page 18


 232      937C9B10 
 232      795224C5 
 232      6534E768 
 232      8A399D0E 
 233 0226 1961A907 		.ascii	"\031a\251\007\306az{\266o\276\223\016\214\203\372\367"
 233      C6617A7B 
 233      B66FBE93 
 233      0E8C83FA 
 233      F7
 234 0237 38DC495B 		.ascii	"8\334I[2\323\240\036\234\2064O\303;c\032\246e\376\366"
 234      32D3A01E 
 234      9C86344F 
 234      C33B631A 
 234      A665FEF6 
 235 024b FFEEF5D8 		.ascii	"\377\356\365\330\361\366{L\344\340{\243\331hHIjg1\275"
 235      F1F67B4C 
 235      E4E07BA3 
 235      D9684849 
 235      6A6731BD 
 236 025f E928EC93 		.ascii	"\351(\354\223T\307\220\"\307a\006\013\360\004K\030\004"
 236      54C79022 
 236      C761060B 
 236      F0044B18 
 236      04
 237 0270 7EC042F8 		.ascii	"~\300B\370\206\201\205p:i5\213n\227\365\016\023\356"
 237      86818570 
 237      3A69358B 
 237      6E97F50E 
 237      13EE
 238 0282 F1431848 		.ascii	"\361C\030HH3\337\345r\363\357jE\315\265\012\237\333"
 238      4833DFE5 
 238      72F3EF6A 
 238      45CDB50A 
 238      9FDB
 239 0294 535975B9 		.ascii	"SYu\271\352\202\327]]\353\256\274\344s\327\326\224\313"
 239      EA82D75D 
 239      5DEBAEBC 
 239      E473D7D6 
 239      94CB
 240 02a6 FFB2DA3A 		.ascii	"\377\262\332:W9x\376E^\257\256\251\253u{K\317\027\025"
 240      573978FE 
 240      455EAFAE 
 240      A9AB757B 
 240      4BCF1715 
 241 02ba BA4B4ACE 		.ascii	"\272KJ\316\272\275\027\275\245\347<\3057Nf\356\227\371"
 241      BABD17BD 
 241      A5E73CC5 
 241      374E66EE 
 241      97F9
 242 02cc 7C575C95 		.ascii	"|W\\\225\360\033\305\270Tk"
 242      F01BC5B8 
 242      546B
 243              		.text
 244              		.section	.gnu.lto_stIsAlarmActive.38c7fdfc493862e9,"e",%progbits
 245 0000 789C7D90 		.ascii	"x\234}\220MK\033Q\024\206\317;w\362!%\024w\305\320\037"
 245      4D4B1B51 
 245      1486CF3B 
ARM GAS  /tmp/cc0C1t9Q.s 			page 19


 245      77F22125 
 245      1477C5D0 
 246 0015 904D269A 		.ascii	"\220M&\232?P\210\033\321\322E\334\270\012\032\205H\203"
 246      3F50881B 
 246      D1D245DC 
 246      B80A1A85 
 246      4883
 247 0027 91247425 		.ascii	"\221$t%x\363\321\004\261\250\033\277J\313\210A\324M"
 247      78F3D104 
 247      B1A81BBF 
 247      4ACB8841 
 247      D44D
 248 0039 8BDBC6DA 		.ascii	"\213\333\306\332\251\255\270-E\024AK\224\010\"\304 "
 248      A9ADB82D 
 248      4514414B 
 248      940822C4 
 248      20
 249 004a AEBA893D 		.ascii	"\256\272\211=wFJ\335\3642wf\3169\317y\337s\257\227@"
 249      77464ADD 
 249      F4327766 
 249      CE39CF79 
 249      DF73AF97 
 250 005f 1B204A11 		.ascii	"\033 J\021\321S\336\020\004MJ\371\314\223\363j\200\375"
 250      D153DE10 
 250      044D4AF9 
 250      CC93F36A 
 250      80FD
 251 0071 27BDA049 		.ascii	"'\275\240I\015\223\230\025\213\002\363S\325#_`]\312"
 251      0D939815 
 251      8B02F353 
 251      D5235F60 
 251      5DCA
 252 0083 BCB4160F 		.ascii	"\274\264\026\017\037\225\012\257\237\230\202h\231\033"
 252      1F950AAF 
 252      9F988268 
 252      991B
 253 0091 C37E84FC 		.ascii	"\303~\204\374\244\026>!@\304\364\371Vk\336\347\326U"
 253      A4163E21 
 253      40C4F4F9 
 253      566BDEE7 
 253      D655
 254 00a3 59A5AB70 		.ascii	"Y\245\253p\263!\321\307\237.K\266\356\312\322\252Wp"
 254      B321D1C7 
 254      9F2E4BB6 
 254      EECAD2AA 
 254      5770
 255 00b5 DAEBD2C8 		.ascii	"\332\353\322\310\024l\315/\235\224\032M\013bo\251CZ"
 255      146CCD2F 
 255      9D941A4D 
 255      0B626FA9 
 255      435A
 256 00c7 446F84E6 		.ascii	"Do\204\346\004\005\016\256\260\273\375\373d\243~\346"
 256      04050EAE 
 256      B0BBFDFB 
 256      64A37EE6 
 257 00d7 7920AF54 		.ascii	"y \257T\377&\212\012\257M7\\\035\266\245]\375\207\306"
 257      FF268A0A 
ARM GAS  /tmp/cc0C1t9Q.s 			page 20


 257      AF4D375C 
 257      1DB6A55D 
 257      FD87C6
 258 00ea 67B8B1CD 		.ascii	"g\270\261\315\243\020v\340~/4\256\315\024\232\277\274"
 258      A31076E0 
 258      7E2F34AE 
 258      CD149ABF 
 258      BC
 259 00fb 33C2141A 		.ascii	"3\302\024\032\024zsQ\231}\354\204\2665\247V\336\336"
 259      147A7351 
 259      997DEC84 
 259      B635A756 
 259      DEDE
 260 010d 567C6BA8 		.ascii	"V|k\250\300\024\002\026\374\370\002\277-\273sr\271\356"
 260      C0140216 
 260      FCF802BF 
 260      2DBB7372 
 260      B9EE
 261 011f 097D90C5 		.ascii	"\011}\220\305\234\254\335\256\266\277\2330\205\216\257"
 261      9CACDDAE 
 261      B6BF9B30 
 261      858EAF
 262 012e 58C3129F 		.ascii	"X\303\022\237Dy\021v\021\342\301\013\013\345\3436\307"
 262      44791176 
 262      11E2C10B 
 262      0BE5E336 
 262      C7
 263 013f 5238AEA5 		.ascii	"R8\256\245\275\271\252O\331\000\032\276\261\036C?\312"
 263      BDB9AA4F 
 263      D9001ABE 
 263      B11E433F 
 263      CA
 264 0150 9BC28174 		.ascii	"\233\302\201t\346\030\332o6\016\340@\204\357\014]#_"
 264      E618DA6F 
 264      360EE040 
 264      84EF0C5D 
 264      235F
 265 0162 9B6AB8D4 		.ascii	"\233j\270\324\321\030\"\373\272\2341\221\267T\030\010"
 265      D11822FB 
 265      BA9C3191 
 265      B7541808 
 266 0172 060D7E5E 		.ascii	"\006\015~^\216\244\307F\222F$1:4\372\"j\2442Fb0id\322"
 266      8EA4C746 
 266      92462431 
 266      3A34FA22 
 266      6AA43246 
 267 018b 71F58D65 		.ascii	"q\365\215e\262\3018E\376G\216\247\322\331\214\021\355"
 267      B2C13845 
 267      FE478EA7 
 267      D2D98C11 
 267      ED
 268 019c 7F1EEE32 		.ascii	"\177\036\3562\372\372\272\215\350@\264\277'\322\373"
 268      FAFABA8D 
 268      E840B4BF 
 268      27D2FB
 269 01ab AAF3BE3F 		.ascii	"\252\363\276?\226L\016\007\023\364\007#,\254\321"
 269      964C0E07 
ARM GAS  /tmp/cc0C1t9Q.s 			page 21


 269      13F40723 
 269      2CACD1
 270              		.text
 271              		.section	.gnu.lto_.symbol_nodes.38c7fdfc493862e9,"e",%progbits
 272 0000 789C758F 		.ascii	"x\234u\217\313\015\0021\014D\307\343\015\273|z@Bt@\003"
 272      CB0D0231 
 272      0C44C7E3 
 272      0DBB7C7A 
 272      40427440 
 273 0015 50121538 		.ascii	"P\022\0258%p\345N\011|\227o\001\210*\020m@ \300^\022"
 273      2570E54E 
 273      097C976F 
 273      01882A10 
 273      6D4020C0 
 274 002b 9FACF766 		.ascii	"\237\254\367fd\271\202`*\000\270\244\301\207)dv\003"
 274      64B98260 
 274      2A00B8A4 
 274      C1872964 
 274      7603
 275 003d 0CA8FD04 		.ascii	"\014\250\375\004o\003\256h\222Qk\032\323\312\235\010"
 275      6F03AE68 
 275      92516B1A 
 275      D3CA9D08 
 276 004d 3F00941B 		.ascii	"?\000\224\033\232f\352[Z\221\251\237)\261\276\243\271"
 276      9A66EA5B 
 276      5A91A99F 
 276      29B1BEA3 
 276      B9
 277 005e 4CE642C6 		.ascii	"L\346B\306LMk\2453\262\247\225\317\357\364?\032\341"
 277      4C4D6BA5 
 277      33B2A795 
 277      CFEFF43F 
 277      1AE1
 278 0070 CF713047 		.ascii	"\317q0GZ\2256\007Z;i\024\235xf\250\354\305m!\312\356"
 278      5A953607 
 278      5A3B6914 
 278      9D7866A8 
 278      ECC56D21 
 279 0086 E33A1FC9 		.ascii	"\343:\037\311]\3245\320\375a\331\300\362\007\361\002"
 279      5DD435D0 
 279      FD61D9C0 
 279      F207F102 
 280 0096 1BA86BC4 		.ascii	"\033\250k\304"
 281              		.text
 282              		.section	.gnu.lto_.refs.38c7fdfc493862e9,"e",%progbits
 283 0000 789CE360 		.ascii	"x\234\343``d\020````dbbfgdebcgdg\342`g\000\000\003\372"
 283      60641060 
 283      60606064 
 283      62626667 
 283      64656263 
 284 001e 0057     		.ascii	"\000W"
 285              		.text
 286              		.section	.gnu.lto_.decls.38c7fdfc493862e9,"e",%progbits
 287 0000 789CB558 		.ascii	"x\234\265XyPTG\032\177\375zf\200\201\021B\316*\377\321"
 287      79505447 
 287      1A7FFD7A 
 287      66808111 
ARM GAS  /tmp/cc0C1t9Q.s 			page 22


 287      42CE2AFF 
 288 0015 9429B3D9 		.ascii	"\224)\263\331\215x\325ne\377\260\242cJ\255\215Iv0\265"
 288      8D78D56E 
 288      65FFB0A2 
 288      634AAD8D 
 288      497630B5 
 289 0029 9B4A6D4D 		.ascii	"\233JmM\0212\011\324\"X0d\223\252\255\315\343\010\""
 289      113209D4 
 289      22583064 
 289      93AAADCD 
 289      E30822
 290 003c 1AC5030F 		.ascii	"\032\305\003\017\0209D\001\003(\202\202r\015L8\344\220"
 290      10394401 
 290      03288282 
 290      720D4C38 
 290      E490
 291 004e 436E0401 		.ascii	"Cn\004\0011\034\"\036\304\250\200a\277\356~\217y\363"
 291      311C221E 
 291      C4A88061 
 291      BFEE7E8F 
 291      79F3
 292 0060 C6B176FF 		.ascii	"\306\261v\377\310\303o\336\373\272\177\375\353\357z"
 292      C8C36FDE 
 292      FBBA7FFD 
 292      EBEF7A
 293 006f DDFD74E5 		.ascii	"\335\375t\345\020\267\356e\216s\301\0347\306s\334<\\"
 293      10B7EE65 
 293      8E73C11C 
 293      37C673DC 
 293      3C5C
 294 0081 AE1CC7B5 		.ascii	"\256\034\307\265\202@\023W\011\322\004\242\341\330\245"
 294      82401357 
 294      09D204A2 
 294      E1D8A5
 295 0090 056907E9 		.ascii	"\005i\007\351\002\351\003\351\007\271\0012\0042\006"
 295      02E903E9 
 295      07B90132 
 295      043206
 296 009f 32017217 		.ascii	"2\001r\027dF\034\257B\300\015\242E\234\335\225\215X"
 296      64461CAF 
 296      42C00DA2 
 296      459CDD95 
 296      8D58
 297 00b1 7F00883B 		.ascii	"\177\000\210;<_\023\333y\221\177\202s\274\316\022.\270"
 297      3C5F13DB 
 297      79917F82 
 297      73BCCE12 
 297      2EB8
 298 00c3 7B83BC24 		.ascii	"{\203\274$\332\266\034\344Ch\377\000\304\033\204L\263"
 298      DAB61CE4 
 298      4368FF00 
 298      C41B844C 
 298      B3
 299 00d4 19311E62 		.ascii	"\0311\036b\343_\221#O\021\264\275 \316-\347\322\210"
 299      E35F9123 
 299      4F11B4BD 
 299      20CE2DE7 
ARM GAS  /tmp/cc0C1t9Q.s 			page 23


 299      D288
 300 00e6 7C230A4E 		.ascii	"|#\012N\003\210/\3106\220\217\011\037\310\024\334\226"
 300      03882FC8 
 300      36908F09 
 300      1FC814DC 
 300      96
 301 00f7 8A3E6C82 		.ascii	"\212>l\202\373\237A\326\203\250\305\270\374\015\261"
 301      FB9F41D6 
 301      83A8C5B8 
 301      FC0DB1
 302 0106 1890587C 		.ascii	"\030\220X|\"\332\245R\330R\002\272J\264C\351\303&\321"
 302      22DAA552 
 302      D85202BA 
 302      4AB443E9 
 302      C326D1
 303 0119 0712DF4F 		.ascii	"\007\022\337O\237\341C\205\023\037Fd~8\363\201\344\263"
 303      9FE14385 
 303      131F4664 
 303      7E38F381 
 303      E4B3
 304 012b 91B3F9C0 		.ascii	"\221\263\371\300\313| \366\337P\330\377\017\321&\027"
 304      CB7C20F6 
 304      DF50D8FF 
 304      0FD12617 
 305 013b 851D56D0 		.ascii	"\205\035V\320\275~\203\371\207\024\363\033\305\371\225"
 305      BD7E83F9 
 305      8714F31B 
 305      C5F995
 306 014a 35D42AE2 		.ascii	"5\324*\342G\234\324\201\024\3031\221Oy\035\301\2504"
 306      479CD481 
 306      14C33191 
 306      4F791DC1 
 306      A834
 307 015c E669B9CB 		.ascii	"\346i\271\313^\214\226k\021\251|Oh\252\275{\247\035"
 307      5E8C966B 
 307      11A97C4F 
 307      68AABD7B 
 307      A71D
 308 016e B12682A8 		.ascii	"\261&\202\250\375)>\323\023\363\364\271\377\007a\310"
 308      FD293ED3 
 308      13F3F4B9 
 308      FF0761C8 
 309 017e CD275760 		.ascii	"\315'W`\227\353\247\034*E\330F\266\357B\337\234'^K\241"
 309      97EBA71C 
 309      2A45D846 
 309      B6EF42DF 
 309      9C275E4B 
 310 0193 0391C98F 		.ascii	"\003\221\311\217=\200\305[\213T\240\036\252/\274\242"
 310      3D80C55B 
 310      8B54A01E 
 310      AA2FBCA2 
 311 01a3 05F5252D 		.ascii	"\005\365%-Z\002\352|C\376q\2656V\020\"\205\324(\301"
 311      5A02EA7C 
 311      43FE71B5 
 311      36561022 
 311      85D428C1 
 312 01b7 6D33872C 		.ascii	"m3\207,h1\252@\2139T\216\350\324e\310\007\225@\333e"
ARM GAS  /tmp/cc0C1t9Q.s 			page 24


 312      6831AA40 
 312      8B39548E 
 312      E8D465C8 
 312      079540DB 
 313 01cc D25689B4 		.ascii	"\322V\211\2640\250\322z\240\0231J\242v\236\315\312\321"
 313      30A8D27A 
 313      A013314A 
 313      A2769ECD 
 313      CAD1
 314 01de 110E8171 		.ascii	"\021\016\201q\220v\211\205CV\244\345\220\317bT\005\032"
 314      90768985 
 314      4356A4E5 
 314      90CF6254 
 314      051A
 315 01f0 801B6A46 		.ascii	"\200\033jF\0231\033\353\016\352\323\321\252<53\247\233"
 315      13311BEB 
 315      0EEAD3D1 
 315      AA3C3533 
 315      A79B
 316 0202 74773C2E 		.ascii	"tw<.\233\361\300\353\210\3458\"n\246\007#\355b\004\\"
 316      9BF1C0EB 
 316      88E53822 
 316      6EA60723 
 316      ED62045C 
 317 0216 889A289C 		.ascii	"\210\232(\234\024\360k\034Z\263\030\255\004cj\300\300"
 317      14F06B1C 
 317      5AB318AD 
 317      04636AC0 
 317      C0
 318 0227 5AC25E07 		.ascii	"Z\302^\007\200+@\177Lp\245\015\307\004@\337\373\226"
 318      802B407F 
 318      4C70A50D 
 318      C70440DF 
 318      FB96
 319 0239 3E03E7F4 		.ascii	">\003\347\364\336G\376\336\361\304<\370y\027\221fT\015"
 319      DE47FEDE 
 319      F1C43CF8 
 319      79179166 
 319      540D
 320 024b 437EA4F6 		.ascii	"C~\244\366\325#of$\215\\\354\310\3032w\2558Y\364\363"
 320      D5236F66 
 320      248D5CEC 
 320      C8C33277 
 320      AD3859F4 
 321 0260 260370EF 		.ascii	"&\003p\357w\215\255j9s\303s\230\213/\364\027\272y\304"
 321      778DAD6A 
 321      3973C373 
 321      988B2FF4 
 321      17BA79C4 
 322 0274 2D441A35 		.ascii	"-D\0325\"oY\230\232\220\007\307n\200M\353\037\254p\033"
 322      226F5998 
 322      9A9007C7 
 322      6E804DEB 
 322      1FAC701B 
 323 0288 42371029 		.ascii	"B7\020)\032\204vc\304\221?\362C\253\207\336\021y&2/"
 323      1A847663 
 323      C4913FF2 
ARM GAS  /tmp/cc0C1t9Q.s 			page 25


 323      43AB87DE 
 323      11792632 
 324 029d 5D885C22 		.ascii	"]\210\\\"\216\023KOjc7\351\207\265\361\"\013/V\016b"
 324      8E134B4F 
 324      6A6337E9 
 324      87B5F122 
 324      0B2F560E 
 325 02b2 63183B55 		.ascii	"c\030;Ue\324\254\037\211\375\022\011\033\300\254\262"
 325      65D4AC1F 
 325      89FD1209 
 325      1BC0ACB2 
 326 02c2 0D149B78 		.ascii	"\015\024\233xq:\371\010\344`\261\215\220[ \225.\264"
 326      713AF908 
 326      E460B18D 
 326      905B2095 
 326      2EB4
 327 02d4 50D2313D 		.ascii	"P\3221=W\376=\214\006# \326\203\371\305:\016y\305/\341"
 327      57FE3D8C 
 327      062320D6 
 327      83F9C53A 
 327      0E79C52F 
 328 02e9 6881EF3C 		.ascii	"h\201\357<?uC\215\375\350sLu|\211\216U\027O\342\330"
 328      3F75438D 
 328      FDE8734C 
 328      757C898E 
 328      55174FE2 
 329 02fe D1128958 		.ascii	"\321\022\211Xuy\201\232\220\376c\273\333\253\0114_Q"
 329      7579819A 
 329      90FE63BB 
 329      DBAB0934 
 329      5F51
 330 0310 82178F02 		.ascii	"\202\027\217\002^Am\220\201V\232\201k\350U\016\205\253"
 330      5E416D90 
 330      81569A81 
 330      6BE8550E 
 330      85AB
 331 0322 D8743DA3 		.ascii	"\330t=\243\031{U\257\247\012\203\203\202\2456y\355\321"
 331      197B55AF 
 331      A70A8383 
 331      82A53679 
 331      EDD1
 332 0334 C618A105 		.ascii	"\306\030\241\005\206\275Ka\250\005\212\001\336\013j"
 332      86BD4B61 
 332      A8058A01 
 332      DE0B6A
 333 0343 213C73A8 		.ascii	"!<s\250\031\015#t\025\015\021g\332\321\353@p\251{6\332"
 333      190D2374 
 333      150D1167 
 333      DAD1EB40 
 333      70A97B36 
 334 0358 051F40D4 		.ascii	"\005\037@\324\254}3\305\203\256\362\211\341=\222\315"
 334      AC7D33C5 
 334      83AEF289 
 334      E13D92CD 
 335 0368 DC299F39 		.ascii	"\334)\2379A\350JG\342\314\277\036\177%-J\310\202aK\010"
 335      41E84A47 
 335      E2CCBF1E 
ARM GAS  /tmp/cc0C1t9Q.s 			page 26


 335      7F252D4A 
 335      C882614B 
 336 037d 0875C8E6 		.ascii	"\010u\310\346\355P\316\333E\347\215\312\351\215S\343"
 336      ED50CEDB 
 336      45E78DCA 
 336      E98D53E3 
 337 038d 1436EF44 		.ascii	"\0246\357DTk\006VAz\351\2040\003y\343\036\016\216\360"
 337      546B0656 
 337      417AE984 
 337      300379E3 
 337      1E0E8EF0 
 338 03a1 4E83D04B 		.ascii	"N\203\320KL\351A\242-\363\331)3X\262\345\204G\242`\201"
 338      4CE941A2 
 338      2DF3D929 
 338      3358B2E5 
 338      8447A260 
 339 03b6 D742E009 		.ascii	"\327B\340\011\012u\313l\351V\332\322Gm\2712{~\021\316"
 339      0A75CB6C 
 339      E956DAD2 
 339      476DB932 
 339      7B7E11CE 
 340 03ca 61A64C97 		.ascii	"a\246L\227dNJnM\274\271\300D\242y]\306t]\311\324O\231"
 340      644E4A6E 
 340      4DBCB9C0 
 340      44A2795D 
 340      C6745DC9 
 341 03e1 0E143C4A 		.ascii	"\016\024<JQ\343bF\225\271\353f\222\224\233\336\267\354"
 341      51E36246 
 341      95B9EB66 
 341      92949BDE 
 341      B7EC
 342 03f3 8C1A9051 		.ascii	"\214\032\220Q\015(\251nP\252\234\237[\316\353\260\225"
 342      0D28A96E 
 342      50AA9C9F 
 342      5BCEEBB0 
 342      95
 343 0404 513DD9DD 		.ascii	"Q=\331\335.hD\252\201\034\373`\017\312\270\006\225\\"
 343      2E6844AA 
 343      811CFB60 
 343      0FCAB806 
 343      955C
 344 0416 43942BB6 		.ascii	"C\224+\266g\302\242\302W\031WS\365\265\243.x\200*\270"
 344      67C2A2C2 
 344      57195753 
 344      F5B5A32E 
 344      78802AB8 
 345 042a 32A3ABC0 		.ascii	"2\243\253\300\015\271\261\265k']N\242\342\275\320\302"
 345      0DB9B1B5 
 345      6B275D4E 
 345      A2E2BDD0 
 345      C2
 346 043b 727213C8 		.ascii	"rr\023\310G\220\033\207n\001\340'q\355\"\015t\355\362"
 346      47901B87 
 346      6E01E027 
 346      71ED220D 
 346      74EDF2
 347 044e A28F6439 		.ascii	"\242\217d9l\3529\201\345\311\202vY\266F\345\2053<t\277"
ARM GAS  /tmp/cc0C1t9Q.s 			page 27


 347      6CEA3981 
 347      E5C98276 
 347      59B646E5 
 347      85333C74 
 348 0463 404AD640 		.ascii	"@J\326@\236\230\254\010\236\200\300p\233/\303J_\306"
 348      9E98AC08 
 348      9E80C070 
 348      9B2FC34A 
 348      5FC6
 349 0475 A82FF7F7 		.ascii	"\250/\367\367\334M\365\304#\314\227\316\326s\0314\304"
 349      DC4DF5C4 
 349      23CC97CE 
 349      D6731934 
 349      C4
 350 0486 02947FF9 		.ascii	"\002\224\177\371\332\234\250\230\357\2054\304\212\177"
 350      DA9CA898 
 350      EF8534C4 
 350      8A7F
 351 0494 5CC6352E 		.ascii	"\\\3065.\356:h\202rX\356e\034\305\270\220\355Q\203S"
 351      EE3A6882 
 351      7258EE65 
 351      1CC5B890 
 351      ED518353 
 352 04a8 55F158BE 		.ascii	"U\361X\276\340\221\325\321\266\340M\322\005\017p\365"
 352      E091D5D1 
 352      B6E04DD2 
 352      050F70F5 
 353 04b8 170F96EA 		.ascii	"\027\017\226\352h\221B\223X\2445\005\347N#\247E:E\334"
 353      68914293 
 353      58A43505 
 353      E74E23A7 
 353      453A45DC 
 354 04cc BE231569 		.ascii	"\276#\025ivKK\253Z\264u\272yYI\241\020\255&\020t[f\350"
 354      764B4BAB 
 354      5AB475BA 
 354      795949A1 
 354      10AD2610 
 355 04e4 6DC9D0BB 		.ascii	"m\311\320\273\324\320'=)3:<\311\014\315\215\234\255"
 355      D4D0273D 
 355      29333A3C 
 355      C90CCD8D 
 355      9CAD
 356 04f6 76C54F99 		.ascii	"v\305O\231\362`\340z\226\007X\203\356\323\021$\257g"
 356      F260E07A 
 356      96075883 
 356      EED31124 
 356      AF67
 357 0508 C7776B70 		.ascii	"\307wkp\024\246\335\205\267\017&\251I\3674\211\342\003"
 357      14A6DD85 
 357      B70F26A9 
 357      49F73489 
 357      E203
 358 051a 44AD3D17 		.ascii	"D\255=\027a\311\324\341X\206\250\352\2735\352B\020\017"
 358      61C9D4E1 
 358      5886A8EA 
 358      BB35EA42 
 358      100F
ARM GAS  /tmp/cc0C1t9Q.s 			page 28


 359 052c 09E26786 		.ascii	"\011\342g\206\310\313\231=\247\245>j\244\367p(\363V"
 359      C8CB993D 
 359      A7A53E6A 
 359      A4F77028 
 359      F356
 360 053e B8D4F288 		.ascii	"\270\324\362\210\241\0167WM\332e[#_%\236\020\257\037"
 360      A10E3757 
 360      4DDA655B 
 360      235F259E 
 360      10AF1F
 361 0551 4B5E0BE5 		.ascii	"K^\013\345\251\221\036\340\365\275T!5Q\330\020)\354"
 361      A9911EE0 
 361      F5BD5421 
 361      3551D810 
 361      29EC
 362 0563 112C053C 		.ascii	"\021,\005<\001\241{\222\337\350\027@\023\225\271>C]"
 362      01A17B92 
 362      DFE81740 
 362      1395B93E 
 362      435D
 363 0575 CF7EB837 		.ascii	"\317~\2707I\313\226H\262\325\244\354\034q\276w\317\211"
 363      49CB9648 
 363      B2D5A4EC 
 363      1C71BE77 
 363      CF89
 364 0587 7BF72CDB 		.ascii	"{\367,\333\357\212j\306N\211G\011\035\250\326xK\245"
 364      EF8A6AC6 
 364      4E894709 
 364      1DA8D678 
 364      4BA5
 365 0599 86ADAE63 		.ascii	"\206\255\256c\264\000\363\213#\335\225\033\355\257@"
 365      B400F38B 
 365      23DD951B 
 365      EDAF40
 366 05a8 F69492CD 		.ascii	"\366\224\222\315\223\355pN\332\016\017$t\235\303\312"
 366      93ED704E 
 366      DA0E0F24 
 366      749DC3CA 
 367 05b8 BDD319B8 		.ascii	"\275\323\031\270\375P\314\035\267\245\3618\005^\022"
 367      FD50CC1D 
 367      B7A5F138 
 367      055E12
 368 05c7 81F7264D 		.ascii	"\201\367&M\307\357\354\037U\343\023,\346iM\323\207\265"
 368      C7EFEC1F 
 368      55E3132C 
 368      E6694DD3 
 368      87B5
 369 05d9 388729E5 		.ascii	"8\207)\345\345\007\367\2407N\012-\026\262t/K9-\304\306"
 369      E507F7A0 
 369      374E0A2D 
 369      16B2742F 
 369      4B392DC4 
 370 05ee 47D07128 		.ascii	"G\320q(\212\307di\222\315\023\011-\021\374Rx\212\346"
 370      8AC76469 
 370      92CD1309 
 370      2D11FC52 
 370      788AE6
ARM GAS  /tmp/cc0C1t9Q.s 			page 29


 371 0601 DF20857F 		.ascii	"\337 \205\177\276\244\014/\275@g\202\015\232\360U\266"
 371      BEA40C2F 
 371      BD406782 
 371      0D9AF055 
 371      B6
 372 0612 4E16B8E3 		.ascii	"N\026\270\343JF^?62\246\026\311'\336\212H\265D/\241"
 372      4A465E3F 
 372      3632A616 
 372      C927DE8A 
 372      48B5442F 
 373 0627 1B396186 		.ascii	"\0339a\206\365E\266\373\307@\313w\224y'e\276\235:\231"
 373      F545B6FB 
 373      C740CB77 
 373      94792765 
 373      BE9D3A99 
 374 063b CF2F6DB6 		.ascii	"\317/m\266c\336\233\021\345\202\373\030sG{r\273\247"
 374      63DE9B11 
 374      E582FB18 
 374      73477B72 
 374      BBA7
 375 064d C4FC077B 		.ascii	"\304\374\007{\346!;\346]\320\022K\231\343(\363\315\352"
 375      E6213BE6 
 375      5DD0124B 
 375      99E328F3 
 375      CDEA
 376 065f A9699DFC 		.ascii	"\251i\235\374E#o\251-\211\273yz\262\200\233\354\274"
 376      45236FA9 
 376      2D89BB79 
 376      7AB2809B 
 376      ECBC
 377 0671 E52D9EB7 		.ascii	"\345-\236\267*\346\017W\250\230\356J6\2373\225s\036"
 377      2AE60F57 
 377      A898EE4A 
 377      369F3395 
 377      731E
 378 0683 2CA516D2 		.ascii	",\245\026\322}1\276(F\354n!\272\265\263\366\236\012"
 378      7D31BE28 
 378      46EC6E21 
 378      BAB5B3F6 
 378      9E0A
 379 0695 8F338BB3 		.ascii	"\2173\213\2633\366\247k\360]\246\\\231\253\256\365 "
 379      33F6A76B 
 379      F05DA65C 
 379      99ABAEF5 
 379      20
 380 06a6 8514E570 		.ascii	"\205\024\345p\220\334\317;\034$a@c\343l\223\032?f\243"
 380      90DCCF3B 
 380      1C246140 
 380      63E36C93 
 380      1A3F66A3 
 381 06ba 1B925A22 		.ascii	"\033\222Z\"\304\242\254#\372\241\313\326\022w<\313:"
 381      C4A2AC23 
 381      FAA1CBD6 
 381      12773CCB 
 381      3A
 382 06cb 6FC60D5B 		.ascii	"o\306\015[5XPQE\262\320[\2640\245\357a=\302\321\254"
 382      35585051 
ARM GAS  /tmp/cc0C1t9Q.s 			page 30


 382      45B2D05B 
 382      B430A5EF 
 382      613DC2D1 
 383 06e0 D35AD437 		.ascii	"\323Z\3247\316\263\316\225\262\355\337\233m\377\271"
 383      CEB3CE95 
 383      B2EDDF9B 
 383      6DFFB9
 384 06ef F3A3499E 		.ascii	"\363\243I\236\3149\001\201^\326v\375]\274\213\215\214"
 384      CC390181 
 384      5ED676FD 
 384      5DBC8B8D 
 384      8C
 385 0700 ECC8295A 		.ascii	"\354\310)Z\304\240\230\254?\2355\365\256N_\213\023<"
 385      C4A098AC 
 385      3F9D35F5 
 385      AE4E5F8B 
 385      133C
 386 0712 7B2D9279 		.ascii	"{-\222y\352I\342\340\017i\036\317>C?\333\365\364;\307"
 386      EA49E2E0 
 386      0F691ECF 
 386      3E433FDB 
 386      F5F43BC7 
 387 0726 05375BED 		.ascii	"\0057[\355\253P\012\257EI\374b\224\310\023\372T\250"
 387      AB500AAF 
 387      4549FC62 
 387      94C813FA 
 387      54A8
 388 0738 703A07AD 		.ascii	"p:\007\255\375\207W\272\263\335\345\340\003\317\001"
 388      FD8757BA 
 388      B3DDE5E0 
 388      03CF01
 389 0747 E79D3C75 		.ascii	"\347\235<uD\213\277g>\335J\237|\231\271\364&h\247\177"
 389      448BBF67 
 389      3EDD4A9F 
 389      7C99B9F4 
 389      2668A77F 
 390 075b 298972C5 		.ascii	")\211r\305\373Y\327\301\362\344&\027\234\300\024\351"
 390      FB59D7C1 
 390      F2E42617 
 390      9CC014E9 
 391 076b 93C09B7D 		.ascii	"\223\300\233}\022Dvm\300\307XO\305\376\003\375\010'"
 391      1244766D 
 391      C0C7584F 
 391      C5FE03FD 
 391      0827
 392 077d 3325F7E2 		.ascii	"3%\367\342\236$\027\006{\215$\242\341\366r\234\316\272"
 392      9E241706 
 392      7B8D24A2 
 392      E1F6729C 
 392      CEBA
 393 078f 7EADB32E 		.ascii	"~\255\263.\307Y\354\271\346bV&\302yLy\220Xs[\213\317"
 393      C759ECB9 
 393      E6625626 
 393      C2794C79 
 393      9058735B 
 394 07a5 3325B5ED 		.ascii	"3%\265\355x\261+\276\300\224\323\217\017\237\366\300"
 394      78B12BBE 
ARM GAS  /tmp/cc0C1t9Q.s 			page 31


 394      C094D38F 
 394      0F9FF6C0 
 395 07b5 9799D27E 		.ascii	"\227\231\322~\251#\326\035W0%6?\377\250;\2662\345rG"
 395      A923D61D 
 395      57302536 
 395      3FFFA83B 
 395      B632E572 
 396 07ca 43BA9897 		.ascii	"C\272\230\227A\242"
 396      41A2
 397 07d0 B716961E 		.ascii	"\267\026\226\036r\025s\250\001=\256\255\361\021\302"
 397      721573A8 
 397      013DAEAD 
 397      F111C2
 398 07df B50C5C54 		.ascii	"\265\014\\T\326\273o\221\323\254]\020\263\266\222\346"
 398      D6BB6F91 
 398      D3AC5D10 
 398      B3B692E6 
 399 07ef 2076EA94 		.ascii	" v\352\224\305C\231\203\275\020\326\357iX/\222\260^"
 399      C5439983 
 399      BD10D6EF 
 399      69582F92 
 399      B05E
 400 0801 90C29ADB 		.ascii	"\220\302\232\333}\377\026V\346\300\011\370\345]\031"
 400      7DFF1656 
 400      E6C009F8 
 400      E55D19
 401 0810 F997DCD0 		.ascii	"\371\227\334\3202\307\353\305e\351Bt\224`\031=\206\363"
 401      32C7EBC5 
 401      65E94274 
 401      9460193D 
 401      86F3
 402 0822 F2475A23 		.ascii	"\362GZ#\204\214\225\224(\036\212\244\201\177Qf\352>"
 402      848C9594 
 402      281E8AA4 
 402      817F5166 
 402      EA3E
 403 0834 4A6B21CF 		.ascii	"Jk!\317lH\375\267\260\235Gk(\374\254\003\234Y\261\212"
 403      6C48FDB7 
 403      B09D476B 
 403      28FCAC03 
 403      9C59B18A 
 404 0848 A12304CB 		.ascii	"\241#\004\313p,\216\240\3604X\363\216\213p[\311\034"
 404      702C8EA0 
 404      F03458F3 
 404      8E8B705B 
 404      C91C
 405 085a 53B2B7C5 		.ascii	"S\262\267\305b\033}\206\003\375I%\376\201\314\2323\016"
 405      621B7D86 
 405      03FD4925 
 405      FE81CC9A 
 405      330E
 406 086c F06C25BC 		.ascii	"\360l%\274J\006?\347\000\367Q\240g\376cC\347?\033\275"
 406      4A063FE7 
 406      00F751A0 
 406      67FE6343 
 406      E73F1BBD 
 407 0880 6A01DC2B 		.ascii	"j\001\334+\267<\335\001}\214W\300\343d\360\303\016\360"
ARM GAS  /tmp/cc0C1t9Q.s 			page 32


 407      B73CDD01 
 407      7D8C57C0 
 407      E364F0C3 
 407      0EF0
 408 0892 434AB8CC 		.ascii	"CJ\270\314\360\\\007t\242\002=!C\377\340$*\266\034\315"
 408      F05C0774 
 408      A2023D21 
 408      43FFE024 
 408      2AB61CCD 
 409 08a6 C489392A 		.ascii	"\304\2119*\202\034\025\212p[I\355Q\220\017\313-Opb\271"
 409      821C158A 
 409      705B49ED 
 409      51900FCB 
 409      2D4F7062 
 410 08bb 3C8A3263 		.ascii	"<\2122c\262\034\340\247\025\354\365\3620\236rR\0006"
 410      B21CE0A7 
 410      15ECF5F2 
 410      309E7252 
 410      0036
 411 08cd 789B8C3C 		.ascii	"x\233\214<\317I5\312\363/g\317tb\214\014?!\367\365\240"
 411      CF4935CA 
 411      F32F67CF 
 411      74628C0C 
 411      3F21F7F5 
 412 08e2 93974316 		.ascii	"\223\227C\026w9\375Q\007\370\021\033\375~\361\005\026"
 412      7739FD51 
 412      07F8111B 
 412      FD7EF105 
 412      16
 413 08f3 C8B1A800 		.ascii	"\310\261\250\000b}\236\366\021<Y\241\313\371e\250\014"
 413      627D9EF6 
 413      113C59A1 
 413      CBF965A8 
 413      0C
 414 0904 E412482D 		.ascii	"\344\022H-H%H#H\025H)H5H\035H\015H\011H\005\310e\220"
 414      48254823 
 414      48154829 
 414      4835481D 
 414      480D4809 
 415 091d 7A100BC8 		.ascii	"z\020\013\310\217 W@\212A\254\3742r\346\022\223'\213"
 415      8F205740 
 415      8A41ACFC 
 415      3272E612 
 415      93278B
 416 0930 578E933A 		.ascii	"W\216\223:\242\006\222\377\331i\354\314Z\204w\253\331"
 416      A20692FF 
 416      D969ECCC 
 416      5A8477AB 
 416      D9
 417 0941 B6D85E5C 		.ascii	"\266\330^\\\240{\361\231f\243&\221\3507\262\234|\302"
 417      A07BF199 
 417      66A32691 
 417      E837B29C 
 417      7CC2
 418 0953 5617D5B9 		.ascii	"V\027\325\271\313\317\025W\355\354nf\347\212fz\256x"
 418      CBCF1557 
 418      EDEC6E66 
ARM GAS  /tmp/cc0C1t9Q.s 			page 33


 418      E78A667A 
 418      AE78
 419 0965 9272664E 		.ascii	"\222rfN\207\2170\263sr-\323np6\265\300\227\210\265|"
 419      878F30B3 
 419      73722DD3 
 419      6E7036B5 
 419      C09788B5 
 420 097a C9592BFD 		.ascii	"\311Y+\375xN\335L\277tQ\013/\373x\346\025\337\"\255"
 420      784EDD4C 
 420      BF74510B 
 420      2FFB78E6 
 420      15DF22AD 
 421 098e 3C39A3EE 		.ascii	"<9\243\356\252~\320l\367\351\360\304\356D\323\306fn"
 421      AA7ED06C 
 421      F7E9F0C4 
 421      EE44D3C6 
 421      666E
 422 09a0 A3335FED 		.ascii	"\2433_\355\232iY\370\266\216~\316\241\031]\343_\005"
 422      9A6959F8 
 422      B68E7ECE 
 422      A1195DE3 
 422      5F05
 423 09b2 FCA95F4E 		.ascii	"\374\251_N\011\213\344\334Sv\334\355\214\273\235r\227"
 423      098BE4DC 
 423      5376DCED 
 423      8CBB9D72 
 423      97
 424 09c3 8D8FB4D8 		.ascii	"\215\217\264\330a\311!\322\206\355`\330\016f\307\\]"
 424      61C921D2 
 424      86ED60D8 
 424      0E66C75C 
 424      5D
 425 09d4 BE069F61 		.ascii	"\276\006\237a\0218\231\334]\252\021#PS\207s\012\005"
 425      113899DC 
 425      5DAA1123 
 425      50538773 
 425      0A05
 426 09e6 E13B41A8 		.ascii	"\341;A\250R\321\217\261NY\000:\225\001\350\242\001H"
 426      52D18FB1 
 426      4E59003A 
 426      9501E8A2 
 426      0148
 427 09f8 2BF83951 		.ascii	"+\3709Q\207+\031YRT\177\011\022\311\036\024c\366a\227"
 427      872B1959 
 427      52547F09 
 427      12C91E14 
 427      63F66197 
 428 0a0c 267E85CB 		.ascii	"&~\205\313\270\272\225\\=\224\253o\376R\252\016\267"
 428      B8BA955C 
 428      3D94AB6F 
 428      FE52AA0E 
 428      B7
 429 0a1d 33AE9D87 		.ascii	"3\256\235\207\317d.p]\266q\221#c\257\214\253W\311\325"
 429      CF642E70 
 429      5DB67191 
 429      2363AF8C 
 429      AB57C9D5 
ARM GAS  /tmp/cc0C1t9Q.s 			page 34


 430 0a31 47B92AC6 		.ascii	"G\271*\3063\022U\370'\306\325\223\327\226\252\222\270"
 430      331255F8 
 430      27C6D593 
 430      D796AA92 
 430      B8
 431 0a42 4AEDEDBA 		.ascii	"J\355\355\272.\343\272\256\344\352\247\\\027\217$\254"
 431      2EE3BAAE 
 431      E4EAA75C 
 431      178F24AC 
 432 0a52 C38F1855 		.ascii	"\303\217\030UI\377\344\315E\"Ug9\276\264\020/R0\003"
 432      49FFE4CD 
 432      45225567 
 432      39BEB410 
 432      2F523003 
 433 0a66 32AE0125 		.ascii	"2\256\001%\327\015\376u\356\315\025+|\340\337?M\241"
 433      D70DFE75 
 433      EECD152B 
 433      7CE0DF3F 
 433      4DA1
 434 0a78 C1A6201F 		.ascii	"\301\246 \037}@\340g\201\037\372\372\204\204\371\004"
 434      7D40E067 
 434      811FFAFA 
 434      8484F904 
 435 0a88 F805F984 		.ascii	"\370\005\371\204\205\372\223\2731\314\274\302\337u\323"
 435      85FA93BB 
 435      31CCBCC2 
 435      DF75D3
 436 0a97 071F2FD1 		.ascii	"\007\037/\321\277\363\016\347\026\366M\2309p\273\311"
 436      BFF30EE7 
 436      16F64D98 
 436      3970BBC9 
 437 0aa7 6856F907 		.ascii	"hV\371\007\370\205\362k9O\277\320\355_\375\311\364\366"
 437      F885F26B 
 437      394FBFD0 
 437      ED5FFDC9 
 437      F4F6
 438 0ab9 F6DF7FB1 		.ascii	"\366\337\177\261c\305\347;8\255\177H\250\331\364\365"
 438      63C5E73B 
 438      38AD7F48 
 438      A8D9F4F5 
 439 0ac9 DBDBD772 		.ascii	"\333\333\327r\2320\363\226\340@\363\357\376\327Y8\217"
 439      9A30F396 
 439      E040F3EF 
 439      FED75938 
 439      8F
 440 0ada 30F32693 		.ascii	"0\363&\223Y\037\022\036l6\205\202\342k\366\0135\257"
 440      591F121E 
 440      6C368582 
 440      E26BF60B 
 440      35AF
 441 0aec 0F8219DC 		.ascii	"\017\202\031\334\211\022\262\203>k\341\331d\226\036"
 441      8912B283 
 441      3E6BE1D9 
 441      64961E
 442 0afb 37898F9E 		.ascii	"7\211\217\2360Y\030}Z\357o\016\374\312\2446n\010\011"
 442      3059187D 
 442      5AEF6F0E 
ARM GAS  /tmp/cc0C1t9Q.s 			page 35


 442      FCCAA436 
 442      6E0809
 443 0b0e 098271C6 		.ascii	"\011\202q\306\240\240\317\215\201`\207\376yv\354\000"
 443      A0A0CF8D 
 443      816087FE 
 443      7976EC00 
 444 0b1e ABC37C7C 		.ascii	"\253\303||\267m]\263\332\347\375\3677\372\370~\342\273"
 444      B76D5DB3 
 444      DAE7FDF7 
 444      37FAF87E 
 444      E2BB
 445 0b30 6D8BFE2F 		.ascii	"m\213\376/_\255\022\255#,+\00287\377\000\337o\3026\373"
 445      5FAD12AD 
 445      232C2B02 
 445      3837FF00 
 445      DF6FC236 
 446 0b45 0599DF76 		.ascii	"\005\231\337v\306\026j\366\011\014\366\017\012\377\334"
 446      C6166AF6 
 446      090CF60F 
 446      0AFFDC
 447 0b54 E4E31F60 		.ascii	"\344\343\037`\362\013\015\372\006\306y\031\215\237\205"
 447      F20B0DFA 
 447      06C67919 
 447      8D9F85
 448 0b63 07069903 		.ascii	"\007\006\231\003\203\215\246\257w\230\374\315j\377\220"
 448      838DA6AF 
 448      7798FCCD 
 448      6AFF90
 449 0b72 E030B32A 		.ascii	"\3400\263*\310\344\367\205Kp\2109 4\344_:\271\303\234"
 449      C8E4F785 
 449      4B708839 
 449      2034E45F 
 449      3AB9C39C 
 450 0b86 CE68FC22 		.ascii	"\316h\374\"<\330\337h\\\361\316\037W\256q\2254w\233"
 450      3CD8DF68 
 450      5CF1CE1F 
 450      57AE7195 
 450      34779B
 451 0b99 F3769055 		.ascii	"\363v\220U+\335m\261\260\357Y\253\326\353\267\032\326"
 451      2BDD6DB1 
 451      B0EF59AB 
 451      D6EBB71A 
 451      D6
 452 0baa B8860706 		.ascii	"\270\206\007\006\233\327\2546\232\371\017\015\252\215"
 452      9BD7AC36 
 452      9AF90F0D 
 452      AA8D
 453 0bb8 5BD71BF0 		.ascii	"[\327\033\360F\275A\265a\3436\003\326\353\015\330\000"
 453      46BD41B5 
 453      61E33603 
 453      D6EB0DD8 
 453      00
 454 0bc9 B2DE60C0 		.ascii	"\262\336`\300\037\371\352\261\376\203m*\275\376=\003"
 454      1FF9EAB1 
 454      FE836D2A 
 454      BDFE3D03 
 455 0bd9 1DB89AFE 		.ascii	"\035\270\232\376\256\302\357m2\360\2760r\313{\006\225"
ARM GAS  /tmp/cc0C1t9Q.s 			page 36


 455      AEC2EF6D 
 455      32F0BE30 
 455      72CB7B06 
 455      95
 456 0bea EF5640EB 		.ascii	"\357V@\353\015\253AV\001\362\357\206u\377Ol\267m\331"
 456      0DAB4156 
 456      01F2EF86 
 456      75FF4F6C 
 456      B76DD9
 457 0bfd 0A710D33 		.ascii	"\012q\0153o'\326\004n\207\360\270/(F\263\267\230\262"
 457      6F27D604 
 457      6E87F0B8 
 457      2F2846B3 
 457      B798B2
 458 0c10 2F4D66A3 		.ascii	"/Mf\243?+\205W\244,\206\031\375\210\177F?\232b\011\031"
 458      3F2B8557 
 458      A42C8619 
 458      FD887F46 
 458      3F9A6209 
 459 0c25 46A2C67A 		.ascii	"F\242\306z^Xh\012\331\301Z\274\244\026\223\331\276\341"
 459      5E58680A 
 459      D9C15ABC 
 459      A41693D9 
 459      BEE1
 460 0c37 4BA9E1BF 		.ascii	"K\251\341\277\024\356L\020"
 460      14EE4C10 
 461              		.text
 462              		.section	.gnu.lto_.symtab.38c7fdfc493862e9,"e",%progbits
 463 0000 7374496E 		.ascii	"stInit\000"
 463      697400
 464 0007 00       		.ascii	"\000"
 465 0008 00       		.ascii	"\000"
 466 0009 00       		.ascii	"\000"
 467 000a 00000000 		.ascii	"\000\000\000\000\000\000\000\000"
 467      00000000 
 468 0012 D4000000 		.ascii	"\324\000\000\000"
 469 0016 73744765 		.ascii	"stGetCounter\000"
 469      74436F75 
 469      6E746572 
 469      00
 470 0023 00       		.ascii	"\000"
 471 0024 00       		.ascii	"\000"
 472 0025 00       		.ascii	"\000"
 473 0026 00000000 		.ascii	"\000\000\000\000\000\000\000\000"
 473      00000000 
 474 002e D7000000 		.ascii	"\327\000\000\000"
 475 0032 73745374 		.ascii	"stStartAlarm\000"
 475      61727441 
 475      6C61726D 
 475      00
 476 003f 00       		.ascii	"\000"
 477 0040 00       		.ascii	"\000"
 478 0041 00       		.ascii	"\000"
 479 0042 00000000 		.ascii	"\000\000\000\000\000\000\000\000"
 479      00000000 
 480 004a DB000000 		.ascii	"\333\000\000\000"
 481 004e 73745374 		.ascii	"stStopAlarm\000"
ARM GAS  /tmp/cc0C1t9Q.s 			page 37


 481      6F70416C 
 481      61726D00 
 482 005a 00       		.ascii	"\000"
 483 005b 00       		.ascii	"\000"
 484 005c 00       		.ascii	"\000"
 485 005d 00000000 		.ascii	"\000\000\000\000\000\000\000\000"
 485      00000000 
 486 0065 DD000000 		.ascii	"\335\000\000\000"
 487 0069 73745365 		.ascii	"stSetAlarm\000"
 487      74416C61 
 487      726D00
 488 0074 00       		.ascii	"\000"
 489 0075 00       		.ascii	"\000"
 490 0076 00       		.ascii	"\000"
 491 0077 00000000 		.ascii	"\000\000\000\000\000\000\000\000"
 491      00000000 
 492 007f DF000000 		.ascii	"\337\000\000\000"
 493 0083 73744765 		.ascii	"stGetAlarm\000"
 493      74416C61 
 493      726D00
 494 008e 00       		.ascii	"\000"
 495 008f 00       		.ascii	"\000"
 496 0090 00       		.ascii	"\000"
 497 0091 00000000 		.ascii	"\000\000\000\000\000\000\000\000"
 497      00000000 
 498 0099 E1000000 		.ascii	"\341\000\000\000"
 499 009d 73744973 		.ascii	"stIsAlarmActive\000"
 499      416C6172 
 499      6D416374 
 499      69766500 
 500 00ad 00       		.ascii	"\000"
 501 00ae 00       		.ascii	"\000"
 502 00af 00       		.ascii	"\000"
 503 00b0 00000000 		.ascii	"\000\000\000\000\000\000\000\000"
 503      00000000 
 504 00b8 E8000000 		.ascii	"\350\000\000\000"
 505 00bc 73745F6C 		.ascii	"st_lld_init\000"
 505      6C645F69 
 505      6E697400 
 506 00c8 00       		.ascii	"\000"
 507 00c9 02       		.ascii	"\002"
 508 00ca 00       		.ascii	"\000"
 509 00cb 00000000 		.ascii	"\000\000\000\000\000\000\000\000"
 509      00000000 
 510 00d3 EA000000 		.ascii	"\352\000\000\000"
 511 00d7 63685379 		.ascii	"chSysHalt\000"
 511      7348616C 
 511      7400
 512 00e1 00       		.ascii	"\000"
 513 00e2 02       		.ascii	"\002"
 514 00e3 00       		.ascii	"\000"
 515 00e4 00000000 		.ascii	"\000\000\000\000\000\000\000\000"
 515      00000000 
 516 00ec EF000000 		.ascii	"\357\000\000\000"
 517              		.text
 518              		.section	.gnu.lto_.opts,"e",%progbits
 519 0000 272D666E 		.ascii	"'-fno-openmp' '-fno-openacc' '-fno-pie' '-mcpu=cort"
ARM GAS  /tmp/cc0C1t9Q.s 			page 38


 519      6F2D6F70 
 519      656E6D70 
 519      2720272D 
 519      666E6F2D 
 520 0033 65782D6D 		.ascii	"ex-m4' '-mthumb' '-mfloat-abi=softfp' '-mfpu=fpv5-d"
 520      34272027 
 520      2D6D7468 
 520      756D6227 
 520      20272D6D 
 521 0066 31362720 		.ascii	"16' '-march=armv7e-m+fp.dp' '-O2' '-fstack-usage' '"
 521      272D6D61 
 521      7263683D 
 521      61726D76 
 521      37652D6D 
 522 0099 2D666675 		.ascii	"-ffunction-sections' '-fdata-sections' '-fno-common"
 522      6E637469 
 522      6F6E2D73 
 522      65637469 
 522      6F6E7327 
 523 00cc 2720272D 		.ascii	"' '-flto' '-fshort-enums'\000"
 523      666C746F 
 523      2720272D 
 523      6673686F 
 523      72742D65 
 524              		.text
 525              		.comm	__gnu_lto_v1,1,1
 526              		.comm	__gnu_lto_slim,1,1
 527              		.ident	"GCC: (GNU Arm Embedded Toolchain 9-2020-q2-update) 9.3.1 20200408 (release)"
ARM GAS  /tmp/cc0C1t9Q.s 			page 39


DEFINED SYMBOLS
                            *ABS*:0000000000000000 hal_st.c
                            *COM*:0000000000000001 __gnu_lto_v1
                            *COM*:0000000000000001 __gnu_lto_slim

NO UNDEFINED SYMBOLS
