ARM GAS  /tmp/ccriCHCq.s 			page 1


   1              		.cpu cortex-m4
   2              		.eabi_attribute 20, 1
   3              		.eabi_attribute 21, 1
   4              		.eabi_attribute 23, 3
   5              		.eabi_attribute 24, 1
   6              		.eabi_attribute 25, 1
   7              		.eabi_attribute 26, 1
   8              		.eabi_attribute 30, 2
   9              		.eabi_attribute 34, 1
  10              		.eabi_attribute 18, 4
  11              		.file	"hal_pal.c"
  12              		.section	.gnu.lto_.profile.e037da11c1e947,"e",%progbits
  13 0000 789CE360 		.ascii	"x\234\343``\004B \000\000\000]\000\013"
  13      60044220 
  13      0000005D 
  13      000B
  14              		.text
  15              		.section	.gnu.lto_.icf.e037da11c1e947,"e",%progbits
  16 0000 789CE360 		.ascii	"x\234\343``d0d@\000\016\206]M\337\272\230\030g?Zq\215"
  16      60643064 
  16      40000E86 
  16      5D4DDFBA 
  16      9818673F 
  17 0017 8769CFBE 		.ascii	"\207i\317\276C'\231\230\317O\371\320\316\3102{\346\277"
  17      43279998 
  17      CF4FF9D0 
  17      CEC8327B 
  17      E6BF
  18 0029 D76CAC47 		.ascii	"\327l\254G\017N\276\312\316\266\260\341\335O^\216\326"
  18      0F4EBECA 
  18      CEB6B0E1 
  18      DD4F5E8E 
  18      D6
  19 003a 7B6F0D19 		.ascii	"{o\015\031\000P\024\027\265"
  19      00501417 
  19      B5
  20              		.text
  21              		.section	.gnu.lto_.jmpfuncs.e037da11c1e947,"e",%progbits
  22 0000 789CBD91 		.ascii	"x\234\275\221\261\012\0021\020Dg\262\27136\372\001\367"
  22      B10A0231 
  22      104467B2 
  22      B93336FA 
  22      01F7
  23 0012 AF5AD8CA 		.ascii	"\257Z\330\312\265\226)\374\013\025\261\263\260\261\260"
  23      B59629FC 
  23      0B15B1B3 
  23      B0B1B0
  24 0021 B6BF42EE 		.ascii	"\266\277B\356\007\204\270\213\334\035\206\023\254\014"
  24      0784B88B 
  24      DC1D8613 
  24      AC0C
  25 002f 0C24B3B3 		.ascii	"\014$\263\263\273\017\022@4D\177\012\220\\F\201\223"
  25      BB0F1240 
  25      34447F0A 
  25      905C4681 
  25      93
  26 0040 AD003C79 		.ascii	"\255\000<yB\365L)\315)\033a\275j\357\241\226($\270c"
ARM GAS  /tmp/ccriCHCq.s 			page 2


  26      42F54C29 
  26      CD291B61 
  26      BD6AEFA1 
  26      962824B8 
  27 0055 65F24390 		.ascii	"e\362C\220t\032:\267\217\033-\3444\264g\245\326q}\275"
  27      741A3AB7 
  27      8F1B2DE4 
  27      34B467A5 
  27      D6717DBD 
  28 0069 C8DB220F 		.ascii	"\310\333\"\017\254\234\371}\033\3609\303\212c)\247\335"
  28      AC9CF97D 
  28      1BF039C3 
  28      8A6329A7 
  28      DD
  29 007a 62782A31 		.ascii	"bx*1D\346\210\343L\337\346\375\230\352\2662\212/\207"
  29      44E688E3 
  29      4CDFE6FD 
  29      98EAB632 
  29      8A2F87
  30 008d 96642B91 		.ascii	"\226d+\221\277\375\202\271e\244\356\037\244\245U9C\224"
  30      BFFD82B9 
  30      65A4EE1F 
  30      A4A55539 
  30      4394
  31 009f 42794BD5 		.ascii	"ByK\325D\025\202\376\026\3556\355\034\274\000\307\252"
  31      441582FE 
  31      16ED36ED 
  31      1CBC00C7 
  31      AA
  32 00b0 67D6     		.ascii	"g\326"
  33              		.text
  34              		.section	.gnu.lto_.inline.e037da11c1e947,"e",%progbits
  35 0000 789C958F 		.ascii	"x\234\225\217=\012\002A\014\205\337$3\313\212\010\253"
  35      3D0A0241 
  35      0C85DF24 
  35      33CB8A08 
  35      AB
  36 0011 60EF513C 		.ascii	"`\357Q<\301\336A\334\237k\2147\330Z,\004\033{[\213\005"
  36      C1DE41DC 
  36      9F6B8C37 
  36      D85A2C04 
  36      1B7B5B8B 
  37 0026 5B1B4B5B 		.ascii	"[\033K[\013\033k{\223\321\365\007T\330\014<\336\220"
  37      0B1B6B7B 
  37      93D1F507 
  37      54D80C3C 
  37      DE90
  38 0038 F0BE2486 		.ascii	"\360\276$\206\301\332\340Y\016Hv\227\325\221\013C\030"
  38      C1DAE059 
  38      0E487697 
  38      D5910B43 
  38      18
  39 0049 694384C7 		.ascii	"iC\204\307\256\343\275_R\016\250\2519#\020\254XO\031"
  39      AEE3BD5F 
  39      520EA8A9 
  39      392310AC 
  39      584F19
ARM GAS  /tmp/ccriCHCq.s 			page 3


  40 005c 2CCC7C73 		.ascii	",\314|s\336\363\204\020\023\334L'3\304\032G]\221G<U"
  40      DEF38410 
  40      13DC4C27 
  40      33C41A47 
  40      5D91473C 
  41 0071 E9CB1086 		.ascii	"\351\313\020\206\247\353aK\245\3417\214Q\033\365%\266"
  41      A7EB614B 
  41      A5E1378C 
  41      511BF525 
  41      B6
  42 0082 A2A2158B 		.ascii	"\242\242\025\213B\177\212\344/\325b \324\005\227\237"
  42      427F8AE4 
  42      2FD56220 
  42      D405979F 
  43 0092 C739E548 		.ascii	"\3079\345HL\313\343lO\204\253T\337Od\004\027\222r\003"
  43      4CCBE36C 
  43      4F84AB54 
  43      DF4F6404 
  43      17927203 
  44 00a6 6A3211DD 		.ascii	"j2\021\335\215r\244\342\360\257e\304\204\255\370\333"
  44      8D72A4E2 
  44      F0AF65C4 
  44      84ADF8DB 
  45 00b6 5C73A055 		.ascii	"\\s\240U0p\003\3722S\006"
  45      307003FA 
  45      325306
  46              		.text
  47              		.section	.gnu.lto_.pureconst.e037da11c1e947,"e",%progbits
  48 0000 789CE360 		.ascii	"x\234\343``d\020````e\230\305\3024\213\205e&\013\333"
  48      60641060 
  48      60606065 
  48      98C5C234 
  48      8B856526 
  49 0016 2C168E59 		.ascii	",\026\216Y,\000\033\212\003H"
  49      2C001B8A 
  49      0348
  50              		.text
  51              		.section	.gnu.lto_palReadBus.e037da11c1e947,"e",%progbits
  52 0000 789C9553 		.ascii	"x\234\225S\315KTQ\024\277\347\235\367\336\274\031\237"
  52      CD4B5451 
  52      14BFE79D 
  52      F7DEBC19 
  52      9F
  53 0011 A3630581 		.ascii	"\243c\005\201\033\027\201\030\344\270m\027\010-k\321"
  53      1B178118 
  53      E4B86D17 
  53      082D6BD1 
  54 0021 1F102A82 		.ascii	"\037\020*\202\222T(\255\2753\216\271\360\243\210R\247"
  54      925428AD 
  54      BD338EB9 
  54      F0A38852 
  54      A7
  55 0032 185F300D 		.ascii	"\030_0\015\272\262D!\362\253I3\363+?\222\240\010\243"
  55      BAB24421 
  55      F2AB4933 
  55      F32B3F92 
  55      A008A3
ARM GAS  /tmp/ccriCHCq.s 			page 4


  56 0045 202BB384 		.ascii	" +\263\204r\321B\264s\356{\332$n|\314\234w\317\271\347"
  56      72D142B4 
  56      73EE7BDA 
  56      246E7CCC 
  56      9C77CFB9 
  57 005a FCEEF9FD 		.ascii	"\374\356\371\375\356y\226\000q_\027\242D\010q\216\376"
  57      EE799600 
  57      715F17A2 
  57      4408718E 
  57      FE
  58 006b 600AD0A4 		.ascii	"`\012\320\244\224g|\021K\323\364\271x\277\251\313\000"
  58      94677C11 
  58      4BD3F4B9 
  58      78BFA9CB 
  58      00
  59 007c F6AFCE9E 		.ascii	"\366\257\316\236\326\245\215{\021\303\213\350`x\331"
  59      D6A58D7B 
  59      11C38BE8 
  59      6078D9
  60 008b 06805A49 		.ascii	"\006\200ZI\013D\275\206\272\001\365p\003;\020V\242\211"
  60      0B44BD86 
  60      BA01F570 
  60      033B1056 
  60      A289
  61 009d 3F761B3A 		.ascii	"?v\033:(@'\367\366\364\300T\200]\200\002rco\272\236"
  61      284027F7 
  61      F6F4C054 
  61      805D8002 
  61      72636FBA 
  62 00b2 E845DD52 		.ascii	"\350E\335RFe\272\343\226\3315\260 \375\016j\"N\351C"
  62      4665BAE3 
  62      96D935B0 
  62      20FD0E6A 
  62      224EE943 
  63 00c6 900F8390 		.ascii	"\220\017\203\220/\370\201a(\242\364\306\305\216\353"
  63      2FF88161 
  63      28A2F4C6 
  63      C58EEB
  64 00d5 88A740D0 		.ascii	"\210\247@\320\272\241\253\275'\2530\245J7\037\240<\341"
  64      BAA1ABBD 
  64      27AB30A5 
  64      4A371FA0 
  64      3CE1
  65 00e7 20C208E0 		.ascii	" \302\010\340\177\245\024\243\342Q(\024\\\362\251o\373"
  65      7FA514A3 
  65      E2512814 
  65      5CF2A96F 
  65      FB
  66 00f8 4EB6A933 		.ascii	"N\266\2513:c>e\272\364N\242x\270d\244\345\366N\223L"
  66      3A633E65 
  66      BAF44EA2 
  66      78B864A4 
  66      E5F64E93 
  67 010d BF4F41E2 		.ascii	"\277OA\342l\036P\245\256\2211\220\215N\30648f\262\353"
  67      6C1E50A5 
  67      AE913190 
  67      8D4EC634 
ARM GAS  /tmp/ccriCHCq.s 			page 5


  67      3866B2EB 
  68 0121 636391F1 		.ascii	"cc\221\361\371\311X\001\336\315\342\225\315&\010|`H"
  68      F9C95801 
  68      DECDE295 
  68      CD26087C 
  68      6048
  69 0133 300FD18C 		.ascii	"0\017\321\214\202t\221:\310\264\020-\250\271N\204\234"
  69      8274913A 
  69      C8B4102D 
  69      A8B94E84 
  69      9C
  70 0144 3568186D 		.ascii	"5h\030m\032\351\263\271\215\004B\002\203\324a[\303\306"
  70      1AE9B3B9 
  70      8D044202 
  70      83D4615B 
  70      C3C6
  71 0156 8AC5F220 		.ascii	"\212\305\362 \010H\023\2035\210n5\201\233\243Q\232X"
  71      08481383 
  71      35886E35 
  71      819BA351 
  71      9A58
  72 0168 87C602D7 		.ascii	"\207\306\002\327eu\2076G\326\3741\210F\216;\350\217"
  72      65758736 
  72      47D6FC31 
  72      88468E3B 
  72      E88F
  73 017a 23B37906 		.ascii	"#\263y\0061\020\224L\273\223\033?\226\201\321\014B\033"
  73      3110944C 
  73      BB931B3F 
  73      9681D10C 
  73      421B
  74 018c 837C0703 		.ascii	"\203|\007\003\3423\304\276\226z\000\034S\362\266 \336"
  74      E233C4BE 
  74      967A001C 
  74      53F2B620 
  74      DE
  75 019d A52B456E 		.ascii	"\245+En\014\351\310a\277\233\3017\226~\367\350m0\005"
  75      0CE9C861 
  75      BF9BC137 
  75      967EF7E8 
  75      6D3005
  76 01b0 C908755E 		.ascii	"\311\010u^\340`\0265\252:cA{\037w\317g\227\364\312\233"
  76      E0601635 
  76      AA3A6341 
  76      7B1F77CF 
  76      6797F4CA 
  77 01c5 6ACB8671 		.ascii	"j\313\206qHA\247+\356s(a\212\203\273\315\033.ZR\316"
  77      4841A72B 
  77      EE732861 
  77      8A83BBCD 
  77      1B2E5A52 
  78 01da 749ADC92 		.ascii	"t\232\334\222\01590\261\217 \247e\020\364\035L\360\205"
  78      0D3930B1 
  78      8F20A765 
  78      10F41D4C 
  78      F085
  79 01ec 4BD03C80 		.ascii	"K\320<\200\221/\203\221>\376=\371Q0#}\035b\012\222["
ARM GAS  /tmp/ccriCHCq.s 			page 6


  79      912F8391 
  79      3EFE3DF9 
  79      5130237D 
  79      1D620A92 
  80 0201 4EF4CCEE 		.ascii	"N\364\314\356(@\313\301\3548_\021L2`\246\370A\345f\036"
  80      2840CBC1 
  80      EC385F11 
  80      4C3260A6 
  80      F841E566 
  81 0216 1D4C322B 		.ascii	"\035L2+\012~\220\277\346\002\254F\256\20390E\225\360"
  81      0A7E90BF 
  81      E602AC46 
  81      AE833930 
  81      4595F0
  82 0229 D213E3F7 		.ascii	"\322\023\343\367\227\211Q\213\363;\225\032A\230&5\334"
  82      9789518B 
  82      F33B951A 
  82      41982635 
  82      DC
  83 023a 219BA13C 		.ascii	"!\233\241<\007sU_F\346\010D\207\277\265\216\233n\363"
  83      0773555F 
  83      46E60844 
  83      87BFB58E 
  83      9B6EF3
  84 024d D6A1C40E 		.ascii	"\326\241\304\016\301\254\022\033X\3549%\366\330\356"
  84      C1AC121B 
  84      58EC3925 
  84      F6D8EE
  85 025c B5F933C9 		.ascii	"\265\3713\311\344)2\373\200\217\320q\360\312\003N\264"
  85      E42932FB 
  85      808FD071 
  85      F0CA034E 
  85      B4
  86 026d DE5B4502 		.ascii	"\336[E\002\216Ex\353(\314+`\215\201\027\024\360\336"
  86      8E4578EB 
  86      28CC2B60 
  86      8D811714 
  86      F0DE
  87 027f 3C040E39 		.ascii	"<\004\0169\017\213\377\346a\311\235\207\255\353\336"
  87      0F8BFFE6 
  87      61C99D87 
  87      ADEBDE
  88 028e 5D539D9F 		.ascii	"]S\235\237\0003\321\355C\241\037\203\327\012\235\341"
  88      0033D1ED 
  88      43A11F83 
  88      D70A9DE1 
  89 029e 61D9456F 		.ascii	"a\331Eo\337\235\244\220:\300\026?!\352\015S\210\273"
  89      DF9DA490 
  89      3AC0163F 
  89      21EA0D53 
  89      88BB
  90 02b0 6846D8A1 		.ascii	"hF\330\241\007\325\327(\304\311\342\3420\375.U\326^"
  90      07D5D728 
  90      C4C9E2E2 
  90      30FD2E55 
  90      D65E
  91 02c2 AEAC0997 		.ascii	"\256\254\011\227VU\227W\237\277\020\276R\027\256*\253"
ARM GAS  /tmp/ccriCHCq.s 			page 7


  91      56559757 
  91      9FBF10BE 
  91      5217AE2A 
  91      AB
  92 02d3 09D7D556 		.ascii	"\011\327\325V\360\373\342\325\262\232\342\012\201\345"
  92      F0FBE2D5 
  92      B29AE20A 
  92      81E5
  93 02e1 D7EAFE02 		.ascii	"\327\352\376\002\276\313\200\320"
  93      BECB80D0 
  94              		.text
  95              		.section	.gnu.lto_palWriteBus.e037da11c1e947,"e",%progbits
  96 0000 789C9554 		.ascii	"x\234\225T\315OTW\024\277\277w\336{\363\346{\244EI\330"
  96      CD4F5457 
  96      14BFBF77 
  96      DE7BF3E6 
  96      7BA44549 
  97 0015 B0A82136 		.ascii	"\260\250!6\221\301\215\246\273&\356\333E\377\200F\214"
  97      91C18DA6 
  97      BB26EEDB 
  97      45FF8046 
  97      8C
  98 0026 8944D236 		.ascii	"\211D\3226R\343\322;\303\300,DkL\013\203v\234\266\023"
  98      52E3D23B 
  98      C3C02C44 
  98      6B4C0B83 
  98      769CB613 
  99 003a AA6EFC88 		.ascii	"\252n\374\210&FA:\305\017\252\202\242\365\013M4\232"
  99      2646413A 
  99      C50FAA82 
  99      A2F50B4D 
  99      349A
 100 004c 8806B124 		.ascii	"\210\006\261$-1Mc\240\347\334\367\220)u\303\313\274"
 100      2D314D63 
 100      A0E7DCF7 
 100      902975C3 
 100      CBBC
 101 005e 33EF9C7B 		.ascii	"3\357\234{\316\357\376\316\357\334\\OA\335s\224\332"
 101      CEEFFECE 
 101      EFDC5C4F 
 101      41DD7394 
 101      DA
 102 006f A094FA84 		.ascii	"\240\224\372\204_\270\012\226\326\372\343P\306\263,"
 102      5FB80A96 
 102      D6FAE350 
 102      C6B32C
 103 007e 7BACEF94 		.ascii	"{\254\357\224k\353\010\235\232\034\375\310\3261z\033"
 103      6BEB089D 
 103      9A1CFDC8 
 103      D6317A1B 
 104 008e 7182880D 		.ascii	"q\202\210\015'\310v\000\363\245=\250]\026\331\016v\341"
 104      27C87600 
 104      F3A53DA8 
 104      5D16D90E 
 104      76E1
 105 00a0 1BEA250C 		.ascii	"\033\352%\014\347'\317Zk\016\363\242\256\364\316\272"
 105      E727CF5A 
ARM GAS  /tmp/ccriCHCq.s 			page 8


 105      6B0EF3A2 
 105      AEF4CEBA 
 106 00b0 5DBAB3AE 		.ascii	"]\272\263\256DJ\365\361\353?8\2075\234\367([\374;\266"
 106      444AF5F1 
 106      EB3F3887 
 106      359CF728 
 106      5BFC3BB6 
 107 00c4 974A04D8 		.ascii	"\227J\004\330\354~{\365\364\225\210\270\026\032\330"
 107      EC7E7BF5 
 107      F49588B8 
 107      161AD8
 108 00d3 EDBCD9DB 		.ascii	"\355\274\331\333E\264\026\212\277;\016\365\034\2116"
 108      45B4168A 
 108      BF3B0EF5 
 108      1C8936
 109 00e2 F66B9DD5 		.ascii	"\366k\235\325\2257e\322\037\224\210p\036\304\220\030"
 109      953765D2 
 109      1F948870 
 109      1EC49018 
 110 00f2 443D0650 		.ascii	"D=\006P\257\024\307\030z\010\215\\P\234\373i$J\353L"
 110      AF14C718 
 110      7A088D5C 
 110      509CFB69 
 110      244AEB4C 
 111 0106 F1CC93C2 		.ascii	"\361\314\223\302Q\004\305\243?\233b\033\277\374\257"
 111      5104C5A3 
 111      3F9B621B 
 111      BFFCAF
 112 0115 D8E6E20A 		.ascii	"\330\346\342\012\032\225\224<=9\367]\334\265\003\312"
 112      1A95943C 
 112      3D39F75D 
 112      DCB503CA 
 113 0125 F8152E38 		.ascii	"\370\025.8:1~bw\202\326\033\320\343z\340Pxu\331\200"
 113      3A317E62 
 113      7782D61B 
 113      D0E37AE0 
 113      507875D9 
 114 013a BE3EE81E 		.ascii	"\276>\350\036\320\225\\C\211\034\014/\301\225g\021\020"
 114      D0955C43 
 114      891C0C2F 
 114      C1956711 
 114      10
 115 014b 17B0DAC0 		.ascii	"\027\260\332\300\011\352EFU\312*s:\207\217\337r*zn>"
 115      09EA4546 
 115      55CA2A73 
 115      3A878FDF 
 115      722A7A6E 
 116 0160 AF2B77EB 		.ascii	"\257+w\353gf\037\257\250\003sr-6!\022c\263\361\034\211"
 116      67661FAF 
 116      A8037372 
 116      2D362112 
 116      63B3F11C 
 117 0175 B9E286C4 		.ascii	"\271\342\206\304xl\302a1\0211QI\211\211\211\213\233"
 117      786CC261 
 117      31113151 
 117      49898989 
 117      8B9B
ARM GAS  /tmp/ccriCHCq.s 			page 9


 118 0187 10931493 		.ascii	"\020\223\024\223b\023\251\201hS\013ir\245\331R\251\335"
 118      6213A981 
 118      68530B69 
 118      72A5D952 
 118      A9DD
 119 0199 A4644A36 		.ascii	"\244dJ6tE\251n\262|'\303\316\024:\206\362cgbB\266\310"
 119      7445A96E 
 119      B27C27C3 
 119      CE143A86 
 119      F2636762 
 120 01b0 7A520D77 		.ascii	"zR\015w\261\267c\346\221'\023\"(\\\342\366\246\220}"
 120      B1B763E6 
 120      91271322 
 120      285CE2F6 
 120      A6907D
 121 01c3 93879F63 		.ascii	"\223\207\237cq\232\232Fg\203\357\312A\030\230=?\025"
 121      719A9A46 
 121      6783EFCA 
 121      4118983D 
 121      3F15
 122 01d5 CE219BE1 		.ascii	"\316!\233\341\371G\373xY\3412rP\234\314\253#3\257nC"
 122      F947FB78 
 122      59E13272 
 122      509CCCAB 
 122      2333AF6E 
 123 01ea D0428C36 		.ascii	"\320B\2146\202\372\022\305\3243\344^l\014\000$f\364"
 123      82FA12C5 
 123      D433E45E 
 123      6C0C0024 
 123      66F4
 124 01fc EB263AC0 		.ascii	"\353&:\300\247\217\204\030\361\226\203a?C\016M\345\301"
 124      A78F8418 
 124      F1968361 
 124      3F430E4D 
 124      E5C1
 125 020e 8989443F 		.ascii	"\211\211D?\312\031f\316\003\2103Q\303LD?v\346\360\215"
 125      CA1966CE 
 125      03883351 
 125      C34C443F 
 125      76E6F08D 
 126 0222 78F331BD 		.ascii	"x\3631\275\317,%\360\033\372Q\360'z\005\315\322\342"
 126      CF2C25F0 
 126      1BFA51F0 
 126      277A05CD 
 126      D2E2
 127 0234 B905F28E 		.ascii	"\271\005\362\216\217V\326\327\012\256PJ \211\253K\032"
 127      8F56D6D7 
 127      0AAE504A 
 127      2089AB4B 
 127      1A
 128 0245 94B4AA06 		.ascii	"\224\264\252\006C\357n\360\232\337\240\373\216\216B"
 128      43EF6EF0 
 128      9ADFA0FB 
 128      8E8E42
 129 0254 551DD917 		.ascii	"U\035\331\027^\226\237(\351\310\236F\316@\012\345\342"
 129      5E969F28 
 129      E9C89E46 
ARM GAS  /tmp/ccriCHCq.s 			page 10


 129      CE400AE5 
 129      E2
 130 0265 91D17903 		.ascii	"\221\321y\003\350\225(\331G\026\003\216\012`\265\370"
 130      E89528D9 
 130      4716038E 
 130      0A60B5F8 
 131 0275 29E3566F 		.ascii	")\343Vo\235*\223\177\314\036\353?\307\"\242F\252D+p"
 131      9D2A937F 
 131      CC1EEB3F 
 131      C722A246 
 131      AA442B70 
 132 0289 9D2B3116 		.ascii	"\235+1\026\210\361\327\363KC\236\344\027\214\032)\334"
 132      88F1D7F3 
 132      4B439EE4 
 132      178C1A29 
 132      DC
 133 029a 6035CCB6 		.ascii	"`5\314\266\030\347\274\022\325\030^N\365\021\310\026"
 133      18E7BC12 
 133      D5185E4E 
 133      F511C816 
 134 02aa F2CF36C8 		.ascii	"\362\3176\3109-\222W\244Z\345ko\374\360\262\264\177"
 134      392D9257 
 134      A45AE56B 
 134      6FFCF0B2 
 134      B47F
 135 02bc 0F378DF6 		.ascii	"\0177\215\366\020\355o\371\332\367\260\256\006*b\320"
 135      10ED6FF9 
 135      DAF7B0AE 
 135      062A62D0 
 136 02cc C3D5E8D1 		.ascii	"\303\325\350\321eN\366\367\305\311\336\366\321\277\357"
 136      654EF6F7 
 136      C5C9DEF6 
 136      D1BFEF
 137 02db 0AD0633E 		.ascii	"\012\320c>\332\217w\306\263\346\260yH\341\216\231l\307"
 137      DA8F77C6 
 137      B3E6B079 
 137      48E18E99 
 137      6CC7
 138 02ed 3F0B3971 		.ascii	"?\0139qC\"\366\037V\011\246\344\367\274\230\2274\341"
 138      4322F61F 
 138      5609A6E4 
 138      F7BC9897 
 138      34E1
 139 02ff A8C4F62F 		.ascii	"\250\304\366/\344\2554\345\311j\366\251e\261\177\037"
 139      E4AD34E5 
 139      C96AF6A9 
 139      65B17F1F 
 140 030f 770D7B4B 		.ascii	"w\015{K\330\3373\354\207{\014R\365\320k\315\320\227"
 140      D8DF33EC 
 140      877B0C52 
 140      F5D06BCD 
 140      D097
 141 0321 A0F2DE29 		.ascii	"\240\362\336)\334\017P\213{\016N\022\243\3462\262\264"
 141      DC0F508B 
 141      7B0E4E12 
 141      A3E632B2 
 141      B4
ARM GAS  /tmp/ccriCHCq.s 			page 11


 142 0332 0A130635 		.ascii	"\012\023\00658\030\335\323\017\007\243o\027\353\360"
 142      3818DDD3 
 142      0F07A36F 
 142      17EBF0
 143 0341 00CD05B9 		.ascii	"\000\315\005\271\361\024\036\242\231\233P\177 \373\303"
 143      F1141EA2 
 143      999B507F 
 143      20FBC3
 144 0350 FC1E0477 		.ascii	"\374\036\004w\223\334\014\230\347\207\314\315\240\324"
 144      93DC0C98 
 144      E787CCCD 
 144      A0D4
 145 035e 874D4D69 		.ascii	"\207MMi\376m\333\262\375\213-m\351\215[[[Z?\375,\375"
 145      FE6DDBB2 
 145      FD8B2D6D 
 145      E98D5B5B 
 145      5B5A3FFD 
 146 0374 657B7AEB 		.ascii	"e{z\353\246\266t\373\366\315\362\377\371W\233\332\232"
 146      A6B674FB 
 146      F6CDF2FF 
 146      F9579BDA 
 146      9A
 147 0385 362B6AD9 		.ascii	"6+j\331\321n\267\264~\335\216\235\377\002\370\210\334"
 147      D16EB7B4 
 147      7EDD8E9D 
 147      FF02F888 
 147      DC
 148 0396 DD       		.ascii	"\335"
 149              		.text
 150              		.section	.gnu.lto_palSetBusMode.e037da11c1e947,"e",%progbits
 151 0000 789C9553 		.ascii	"x\234\225S\317KTQ\024\276\347\235\367\336\274\371\325"
 151      CF4B5451 
 151      14BEE79D 
 151      F7DEBCF9 
 151      D5
 152 0011 9815046E 		.ascii	"\230\025\004n\\\004b\220c\213\026\355\002\027\355j\321"
 152      5C046290 
 152      638B16ED 
 152      0217ED6A 
 152      D1
 153 0022 1F106A82 		.ascii	"\037\020j\202\222e(\255\2753\2163\013E\203J\235\300"
 153      926528AD 
 153      BD338E33 
 153      0B45834A 
 153      9DC0
 154 0034 5E304DDA 		.ascii	"^0M\332\306\012\203H\035\23343u\31447\005\031\005Y\230"
 154      C60A8348 
 154      1D9B3433 
 154      75CC3437 
 154      05190559 
 155 0049 26648B10 		.ascii	"&d\213\020\321\316\271o\262\251\334xy\357\276{\316="
 155      D1CEB96F 
 155      B2A9DC78 
 155      79EFBE7B 
 155      CE3D
 156 005b E7BBDFF9 		.ascii	"\347\273\337\371\316}\226\000\321\241\013qL\010q\212"
 156      CE7D9600 
ARM GAS  /tmp/ccriCHCq.s 			page 12


 156      D1A10B71 
 156      4C08718A 
 157 006b 5E300568 		.ascii	"^0\005hR\312\023\256\220\245i\372t\274\337\324\245\007"
 157      52CA13AE 
 157      90A569FA 
 157      74BCDFD4 
 157      A507
 158 007d FB1733C7 		.ascii	"\373\0273\307u\351\303m\217\221\365\350`d\243\015\000"
 158      75E9C36D 
 158      8F91F5E8 
 158      6064A30D 
 158      00
 159 008e B5921688 		.ascii	"\265\222\026\210F\015u\003\032\241\035;\021Fb\213\217"
 159      460D7503 
 159      1AA11D3B 
 159      1146628B 
 159      8F
 160 009f B5E21EDA 		.ascii	"\265\342\036\332\224\351\3169WT6\037\264Q\2108\275\316"
 160      94E9CE39 
 160      5754361F 
 160      B4518838 
 160      BDCE
 161 00b1 800128A6 		.ascii	"\200\001(\246\270\205p\367O_\033\332\010\240\223ym\362"
 161      B88570F7 
 161      4F5F1BDA 
 161      08A09379 
 161      6DF2
 162 00c3 E184874D 		.ascii	"\341\204\207M\015\012\311l\236\355\214\"\036\001A\353"
 162      0D0AC96C 
 162      9EED8C22 
 162      1E0141EB 
 163 00d3 A69B1DBD 		.ascii	"\246\233\035\275\336\242\244\224a\231\316\334Fy\310"
 163      DEA2A494 
 163      6199CEDC 
 163      4679C8
 164 00e2 46841420 		.ascii	"F\204\024 A\302\020\024\300 \024\010A>\202\036\206\""
 164      41C21014 
 164      C0201408 
 164      413E821E 
 164      8622
 165 00f4 4A58EB4F 		.ascii	"JX\353O^\365\342Q\225\334\275\336\323\356\312&o$U\262"
 165      5EF5E251 
 165      95DCBDDE 
 165      D3EECA26 
 165      6F2455B2 
 166 0108 0E4FFE4B 		.ascii	"\016O\376K&M \015E\202S>>\330\274\3567\365,ex\312\""
 166      264D200D 
 166      4582533E 
 166      3ED8BCEE 
 166      37F52C65 
 167 011f D13781E2 		.ascii	"\3217\201\342\336\234\221\226\233[1\231^\276\003\357"
 167      DE9C9196 
 167      9B5B3199 
 167      5EBE03EF 
 168 012f 4EE60365 		.ascii	"N\346\003e\032\032M&\362\244\323\3442\330g\262\351\342"
 168      1A1A4D26 
 168      F2A4D3E4 
ARM GAS  /tmp/ccriCHCq.s 			page 13


 168      32D867B2 
 168      E9E2
 169 0141 C9A2C972 		.ascii	"\311\242\311r\323\344\366\360\256\227W~`\242y\340\234"
 169      D3E4F6F0 
 169      AE97577E 
 169      60A279E0 
 169      9C
 170 0152 D88282C5 		.ascii	"\330\202\202\305\322A\246\205hE\3151Bd,A\323p,\225\362"
 170      D241A685 
 170      6845CD31 
 170      42642C41 
 170      D3702C95 
 171 0167 31856E2A 		.ascii	"1\205n*\005\375\304\256\255iu\301b\241\020\004\214\020"
 171      05FDC4AE 
 171      AD6975C1 
 171      62A11004 
 171      8C10
 172 0179 FB25086F 		.ascii	"\373%\010o\304\300\211\321(L,Cs\241cr?\006\177\244\226"
 172      C4C089D1 
 172      284C2C43 
 172      73A16372 
 172      3F067FA4 
 173 018e DC110887 		.ascii	"\334\021\010\207\250\015\2368r%\243\020\001A\301\264"
 173      A80D9E38 
 173      7225A310 
 173      0141C1B4 
 174 019e 3BBEBA32 		.ascii	";\276\2722\017\214f\022\3323(\260\321+>A\344KY\026\200"
 174      0F8C6612 
 174      DA3328B0 
 174      D12B3E41 
 174      E44B5916 
 175 01b3 7DAA6BAD 		.ascii	"}\252k\255\2107\350\022 \023C:r\310\355Dp\357\322o\357"
 175      8837E812 
 175      2013433A 
 175      72C8ED44 
 175      70EFD26F 
 176 01c8 BFD99384 		.ascii	"\277\331\223\204D\210\230\027\332\350#\242\212\031\213"
 176      44889817 
 176      DAE823A2 
 176      8A198B
 177 01d7 D9F7A867 		.ascii	"\331\367\250g\306_\332'\257\250-?\214A\022\272\034a"
 177      C65FDA27 
 177      AFA82D3F 
 177      8C4112BA 
 177      1C61
 178 01e9 9F432997 		.ascii	"\237C)\2278\360\233\274\341\240%\344T\227\311\224\374"
 178      38F09BBC 
 178      E1A025E4 
 178      5497C994 
 178      FC
 179 01fa 1080F17F 		.ascii	"\020\200\361\177\012\344\260\234\002];\027\370\302)"
 179      0AE4B09C 
 179      025D3B17 
 179      F8C229
 180 0209 D0DCA122 		.ascii	"\320\334\241\"WNE\372\350\327\304\007\301\025\351\313"
 180      574E45FA 
 180      E8D7C407 
ARM GAS  /tmp/ccriCHCq.s 			page 14


 180      C115E9CB 
 181 0219 105190EA 		.ascii	"\020Q\220\352\312\364f\266\024\240e\343\2368j\0048\301"
 181      CAF466B6 
 181      14A065E3 
 181      9E386A04 
 181      38C1
 182 022b 80B9E207 		.ascii	"\200\271\342\007\224\231{t \301U\221\363\275\374>\355"
 182      94997B74 
 182      20C15591 
 182      F3BDFC3E 
 182      ED
 183 023c 6135F26C 		.ascii	"a5\362l\314\203)\312\204\311\254\030k\237\307\206-\216"
 183      CC8329CA 
 183      84C9AC18 
 183      6B9FC786 
 183      2D8E
 184 024e EF526A04 		.ascii	"\357Rj\004 Cj8\027l\232\342l\334\253x\031\271W <tw\005"
 184      20436A38 
 184      176C9AE2 
 184      6CDCAB78 
 184      19B95720 
 185 0266 1DEED6AE 		.ascii	"\035\356\326\256\264\316\207\227Jk`\255g\224\326\333"
 185      B4CE8797 
 185      4A6B60AD 
 185      6794D6DB 
 186 0276 5D73EF0A 		.ascii	"]s\357\012i\037\274RH\032#\315\376\215\344\331e\377"
 186      691FBC52 
 186      481A23CD 
 186      FE8DE4D9 
 186      65FF
 187 0288 E7FEF4FF 		.ascii	"\347\376\364\377\265\323\377\365h\266\267^\342E\200"
 187      B5D3FFF5 
 187      68B6B75E 
 187      E24580
 188 0297 D4DEE88E 		.ascii	"\324\336\350\216\275\330\037W\377\370\274\323\\K%\220"
 188      BDD81F57 
 188      FFF8BCD3 
 188      5C4B2590 
 189 02a7 C607C437 		.ascii	"\306\007\3047\010\337\032lw\204\344\321\202\260E\003"
 189      08DF1A6C 
 189      7784E4D1 
 189      82B04503 
 190 02b7 D51F25C4 		.ascii	"\325\037%\304\341\222\222 =\347\253\352/V\325\006\313"
 190      E1929220 
 190      3DE7ABEA 
 190      2F56D506 
 190      CB
 191 02c8 AA6B2A6A 		.ascii	"\252k*jN\237\011\3265\004\253\313k\203\015\365\225\374"
 191      4E9F09D6 
 191      3504ABCB 
 191      6B830DF5 
 191      95FC
 192 02da 3D7BA9BC 		.ascii	"={\251\274\266\244R`\305\345\006\375B\335\271\252_\233"
 192      B6A45260 
 192      C5E506FD 
 192      42DDB9AA 
 192      5F9B
ARM GAS  /tmp/ccriCHCq.s 			page 15


 193 02ec 517E76   		.ascii	"Q~v"
 194              		.text
 195              		.section	.gnu.lto_palSetPadCallbackI.e037da11c1e947,"e",%progbits
 196 0000 789C8591 		.ascii	"x\234\205\221\317O\023Q\020\307\347\273o\273]\012h\342"
 196      CF4F1351 
 196      10C7E7BB 
 196      6FBB5D0A 
 196      68E2
 197 0012 C984683C 		.ascii	"\311\204h<\2304\230\320\222\036LL<\230x1^<\370\007\230"
 197      983498D0 
 197      921E4C4C 
 197      3C987831 
 197      5E3CF807 
 198 0027 5289101B 		.ascii	"R\211\020\033i\212w^K\001M\015\\V@\223f1\224\312\301"
 198      698A775E 
 198      4B014D0D 
 198      5C564093 
 198      663194CA 
 199 003c A0460E2A 		.ascii	"\240F\016**kA\260\245\"r\360\240\011\007Q\014\342\217"
 199      2A6B41B0 
 199      A52272F0 
 199      A0090751 
 199      0CE28F
 200 004f C478D083 		.ascii	"\304x\320\203\324y\333\032cz\340e_\366\315\233\371\314"
 200      D479DB1A 
 200      637AE065 
 200      5FF6CD9B 
 200      F9CC
 201 0061 7CF7BB26 		.ascii	"|\367\273&\201\212\032\321Q\"\332\307\033\202\240I)"
 201      818A1AD1 
 201      5122DAC7 
 201      1B82A049 
 201      29
 202 0072 8F7913A6 		.ascii	"\217y\023\246\006\270'i\202z4\364`H\214\010\344\007"
 202      06B82769 
 202      827A34F4 
 202      60488C08 
 202      E407
 203 0084 361E68CD 		.ascii	"6\036h\31579#\235\221a_\277\354\333k\013\242k\274+\013"
 203      3739239D 
 203      91615FBF 
 203      ECDB6B0B 
 203      A26BBC2B 
 204 0099 0FD1CC75 		.ascii	"\017\321\314uk\311\314\317\206Aa\013@\347\320*N\027"
 204      6BC9CCCF 
 204      8641610B 
 204      40E7D02A 
 204      4E17
 205 00ab 7C2AD470 		.ascii	"|*\324p\200\303\271\345\362}\237h\001\361yk*\367}\227"
 205      80C3B9E5 
 205      F27D9F68 
 205      01F1796B 
 205      2AF77D97 
 206 00bf 7F42CAA4 		.ascii	"\177B\312\244t\336g\205<h\013\201\307\020\334\022\217"
 206      74DE6785 
 206      3C680B81 
 206      C710DC12 
ARM GAS  /tmp/ccriCHCq.s 			page 16


 206      8F
 207 00d0 D0841934 		.ascii	"\320\204\0314\021\361\035\267~\002\277\352\365ei\217"
 207      11F11DB7 
 207      7E02BFEA 
 207      F565698F 
 208 00e0 08B9ECEF 		.ascii	"\010\271\354\357\351\227\213\365\177\331\234\313\352"
 208      E9978BF5 
 208      7FD99CCB 
 208      EA
 209 00ed 98AD6175 		.ascii	"\230\255auf\035\227\315\257\\\036\336-\016\273p\366"
 209      661D97CD 
 209      AF5C1EDE 
 209      2D0EBB70 
 209      F6
 210 00fe CDAD7463 		.ascii	"\315\255tc\025\336\230\334\237\355\225'l\341\301\323"
 210      15DE98DC 
 210      9FED9527 
 210      6CE1C1D3 
 211 010e 1ADCC378 		.ascii	"\032\334\303x\336\305\267d\232\225\035q\361\222\225"
 211      DEC5B764 
 211      9A951D71 
 211      F19295
 212 011d DA44152F 		.ascii	"\332D\025/Uf\033\230\253\201\015\206\347\341'\205\274"
 212      55661B98 
 212      AB810D86 
 212      E7E12785 
 212      BC
 213 012e BBBB7DB5 		.ascii	"\273\273}\265\321\320\253n\341\031\014\366\237\350\366"
 213      D1D0AB6E 
 213      E1190CF6 
 213      9FE8F6
 214 013d AAC791DB 		.ascii	"\252\307\221\333\345\001\351\374\310\341\336I/\240\324"
 214      E501E9FC 
 214      C8E1DE49 
 214      2FA0D4
 215 014c B2733CD4 		.ascii	"\262s<\324\203\012\235\026\244<\327!\035\242+B\253\004"
 215      830A9D16 
 215      A43CD721 
 215      1DA22B42 
 215      AB04
 216 015e 090E3E21 		.ascii	"\011\016>!y}s\350\203\241\332\361\214\301\336ok\246"
 216      797D73E8 
 216      83A1DAF1 
 216      8CC1DE6F 
 216      6BA6
 217 0170 72DAEBAA 		.ascii	"r\332\353\252\314L\226\312u)$\023\246-\314q5\227/_\277"
 217      CC4C96CA 
 217      75292413 
 217      A62DCC71 
 217      35972F5F 
 218 0185 5D58C104 		.ascii	"]X\301\004\306a\213:,\"\005,(\261\234\371\265\372j\276"
 218      C6618B3A 
 218      2C22052C 
 218      28B19CF9 
 218      B5FA6ABE 
 219 0199 21744775 		.ascii	"!tGu\037\233\261Zl\341\303s\256\314\010\245S\025\\\372"
 219      1F9BB15A 
ARM GAS  /tmp/ccriCHCq.s 			page 17


 219      6CE1C373 
 219      AECC08A5 
 219      53155CFA 
 220 01ad 2C73DED6 		.ascii	",s\336\326)\267`\3262\224a\005\204F+\037TDk\206\177"
 220      29B760D6 
 220      32946105 
 220      84462B1F 
 220      54446B86 
 221 01c2 94AB68B4 		.ascii	"\224\253h\264\317[U\264\263\204\245\035$\224\376\223"
 221      CF5B55B4 
 221      B384A51D 
 221      2494FE93 
 222 01d2 D09FBA51 		.ascii	"\320\237\272Q\250\257JXW\022\014\274P\022T\036\313J"
 222      A8AF4A58 
 222      57120CBC 
 222      5012541E 
 222      CB4A
 223 01e4 8287BE22 		.ascii	"\202\207\276\"9\366\321\202k\261Zi\201\177\366\021\035"
 223      39F6D182 
 223      6BB15A69 
 223      817FF611 
 223      1D
 224 01f5 0A0482FC 		.ascii	"\012\004\202\374\234o\217_h\217\006\217wt\266u\236:"
 224      9C6F8F5F 
 224      688F068F 
 224      7774B675 
 224      9E3A
 225 0207 1DECEA0E 		.ascii	"\035\354\352\016v\204\243\301\356xD\275\317\304\302"
 225      7684A3C1 
 225      EE7844BD 
 225      CFC4C2
 226 0216 D14084F4 		.ascii	"\321@\204\364XW\374\242\210\205\317j\2216\021\216\237"
 226      5857FCA2 
 226      8885CF6A 
 226      9136118E 
 226      9F
 227 0227 FB03E6E7 		.ascii	"\373\003\346\347\367#"
 227      F723
 228              		.text
 229              		.section	.gnu.lto_palSetLineCallbackI.e037da11c1e947,"e",%progbits
 230 0000 789C8592 		.ascii	"x\234\205\222]K\024a\024\307\317\177\316\354\354\254"
 230      5D4B1461 
 230      14C7CF7F 
 230      CEECECAC 
 231 0010 29DE0A12 		.ascii	")\336\012\022t\021,\006\356\312B\320e\320\007\350\242"
 231      74112C06 
 231      EECA42D0 
 231      65D007E8 
 231      A2
 232 0021 0F10EBB2 		.ascii	"\017\020\353\262\244\264X\254\037\300g\327u-6\364\""
 232      A4B458AC 
 232      1FC067D7 
 232      752D36F4 
 232      22
 233 0032 57CB58C6 		.ascii	"W\313X\306\360\245.B\015\274\360\245r2\263\32660\243"
 233      F0A52E42 
 233      0DBCF0A5 
ARM GAS  /tmp/ccriCHCq.s 			page 18


 233      7232B3D6 
 233      3630A3
 234 0045 880A2F7A 		.ascii	"\210\012/zE{\203\350\242\"\264\363\314,Dx\3410\017\363"
 234      457B83E8 
 234      A222B4F3 
 234      CC2C4478 
 234      E1300FF3 
 235 0059 9CE79CFF 		.ascii	"\234\347\234\377y~\347\317\330\004\2323\210\216\020"
 235      797EE7CF 
 235      D8049A33 
 235      888E10
 236 0068 D17E5960 		.ascii	"\321~Y`\202\241\224:\032\314\330\006\340\355\224\015"
 236      82A1943A 
 236      1ACCD806 
 236      E0ED940D 
 237 0078 EA32D085 		.ascii	"\3522\320\205~\036b,\365~\2303\232\256IF\271C/j\362"
 237      7E1E622C 
 237      F57E9833 
 237      9AAE4946 
 237      B9432F6A 
 238 008d AAA7C161 		.ascii	"\252\247\301a\242\313\262\374\007\363h\222\272\215l"
 238      A2CBB2FC 
 238      07F36892 
 238      BA8D6C
 239 009c E9676D1F 		.ascii	"\351gm\037;\014\230\022\016\254\316\224kth\340\200\204"
 239      3B0C9812 
 239      0EACCE94 
 239      6B7468E0 
 239      8084
 240 00ae 57B6BFE7 		.ascii	"W\266\277\347\301\315 \331\217\315\376~g\207\307\225"
 240      C1CD20D9 
 240      8FCDFE7E 
 240      6787C795 
 241 00be CA2AF7F5 		.ascii	"\312*\367\365\030\253\203\0163n\203\245%n\241\021\013"
 241      18AB830E 
 241      336E83A5 
 241      256EA111 
 241      0B
 242 00cf 68249233 		.ascii	"h$\2223i}\007a\215\260v~\260\236c\276\370\345\215B]"
 242      697D0761 
 242      8DB0767E 
 242      B09E63BE 
 242      F8E58D42 
 243 00e4 55FC67C2 		.ascii	"U\374g\302\023\233X\334%6E\354z\342O\252 \275\017{\342"
 243      139B58DC 
 243      253645EC 
 243      7AE24FAA 
 243      20BD0F7B 
 244 00f9 CA406E13 		.ascii	"\312@n\023Uq\245aX\271\246\303\001\334\335\245\016\210"
 244      5571A561 
 244      58B9A6C3 
 244      01DCDDA5 
 244      0E88
 245 010b 7A0961D2 		.ascii	"z\011a\322\23277\267\213u\226Y\035\030\367`\211\205"
 245      9A3737B7 
 245      8B759659 
 245      1D18F760 
ARM GAS  /tmp/ccriCHCq.s 			page 19


 245      8985
 246 011d 4453EB01 		.ascii	"DS\353\001Wm\357\364*\367G\303\374dH,s\330\022\007\205"
 246      576DEFF4 
 246      2AF747C3 
 246      FC64482C 
 246      73D81207 
 247 0132 D884BEDA 		.ascii	"\330\204\276\332\202\337\242\300\244\2753\241\\\242"
 247      82DFA2C0 
 247      A4BD33A1 
 247      5CA2
 248 0140 0B6CF841 		.ascii	"\013l\370AF\202-t\017\366~y6\003\335\264\304(\261!\367"
 248      46822D74 
 248      0FF67E79 
 248      3603DDB4 
 248      C428B121 
 249 0155 B9D3179F 		.ascii	"\271\323\027\237\006\265q\026\352\261,<[\310\016oN\275"
 249      06B57116 
 249      EAB12C3C 
 249      5BC80E6F 
 249      4EBD
 250 0167 B77495E4 		.ascii	"\267t\225\344\373\272\277m\330:\037\364F*]\257\354\204"
 250      FBBABF6D 
 250      D83A1FF4 
 250      462A5DAF 
 250      EC84
 251 0179 72C8666C 		.ascii	"r\310fl\207\355Q\315(\207\317_\255\254a\034\243p8\204"
 251      87ED51CD 
 251      2887CF5F 
 251      ADAC611C 
 251      A3703884 
 252 018d 15E480FB 		.ascii	"\025\344\200\373z0\311\374Z\177\262\\\033\233\326\020"
 252      7A30C9FC 
 252      5A7FB25C 
 252      1B9BD610 
 253 019d 230BC566 		.ascii	"#\013\305f\207k\360@*\345v\362\245\347>\253\211`\313"
 253      876BF040 
 253      2AE576F2 
 253      A5E73EAB 
 253      8960CB
 254 01b0 A457B058 		.ascii	"\244W\260X\264\264\273\017\021\273\344\017_FKI\254\365"
 254      B4B4BB0F 
 254      11BBE40F 
 254      5F464B49 
 254      ACF5
 255 01c2 88667B82 		.ascii	"\210f{\202U\242\275\021V\367@x\364\037B>w\265\274\257"
 255      55A2BD11 
 255      56F74078 
 255      F41F423E 
 255      77B5BCAF 
 256 01d6 8AF05623 		.ascii	"\212\360V#\004P\321\010:\217\307\032\301\242\257\310"
 256      0450D108 
 256      3A8FC71A 
 256      C1A2AFC8 
 257 01e6 8E7C2C7A 		.ascii	"\216|,z\316y?a\201\361\317e\242C\221HT\336\323\311t"
 257      CE793F61 
 257      81F1CF65 
 257      A2439148 
ARM GAS  /tmp/ccriCHCq.s 			page 20


 257      54DED3C9 
 258 01fb 4732153D 		.ascii	"G2\025=\326\326\336\332~\374D\364Lg\264-\236\212v\246"
 258      D6D6DEDA 
 258      7EFC44F4 
 258      4C67B42D 
 258      9E8A76A6 
 259 020f 13FA7BF2 		.ascii	"\023\372{\362l<\025I\220\231j\357H\032\211V\216\247"
 259      6C3C1549 
 259      90996AEF 
 259      481A8956 
 259      8EA7
 260 0221 4FFD0541 		.ascii	"O\375\005A\252\360I"
 260      AAF049
 261              		.text
 262              		.section	.gnu.lto_.symbol_nodes.e037da11c1e947,"e",%progbits
 263 0000 789C75CE 		.ascii	"x\234u\316\273\015\302P\014\205\341\343\343\233\204"
 263      BB0DC250 
 263      0C85E1E3 
 263      E39B84
 264 000f C7102026 		.ascii	"\307\020 &\201]`\016\247`\000jZF\340\035^\005\224\210"
 264      815D600E 
 264      A760006A 
 264      5A46E01D 
 264      5E059488 
 265 0023 1D90100D 		.ascii	"\035\220\020\015C\300\015\027%\024\211+K\337/\331\015"
 265      43C00D17 
 265      2514892B 
 265      4BDF2FD9 
 265      0D
 266 0034 08460280 		.ascii	"\010F\002\200\013\032R?N&7\300\200,\035 \027D;\"\355"
 266      0B1A523F 
 266      4E2637C0 
 266      802C1D20 
 266      17443B22 
 267 0049 01CA254D 		.ascii	"\001\312%Mj\232=%4+\032k\232\003\031\2325Mk\232\023"
 267      6A9A3D25 
 267      342B1A6B 
 267      9A03199A 
 267      354D6B9A 
 268 005e B59BBFB3 		.ascii	"\265\233\277\263\241\271\352D2Z\364\376M\347\313\360"
 268      A1B9EA44 
 268      325AF4FE 
 268      4DE7CBF0 
 269 006e 9FF7BD6C 		.ascii	"\237\367\275liq\265\034iI\245(Z\341\314\320o\323\371"
 269      6971B51C 
 269      6949A528 
 269      5AE1CCD0 
 269      6FD3F9
 270 0081 F3AA328E 		.ascii	"\363\2522\216\025\315\363kv\207\\be\341,\235\245\273"
 270      15CDF36B 
 270      76875C62 
 270      65E12C9D 
 270      A5BB
 271 0093 C25DE9EE 		.ascii	"\302]\351\356\317\333\301\037\011>\231\301k\333"
 271      CFDBC11F 
 271      093E99C1 
 271      6BDB
ARM GAS  /tmp/ccriCHCq.s 			page 21


 272              		.text
 273              		.section	.gnu.lto_.refs.e037da11c1e947,"e",%progbits
 274 0000 789C0DC4 		.ascii	"x\234\015\304\301\021\000 \010\003\301\\Pa\250\202\376"
 274      C1110020 
 274      0803C15C 
 274      5061A882 
 274      FE
 275 0011 AB947D6C 		.ascii	"\253\224}l\011\215\264\233\306\216\346\370\266\037\011"
 275      098DB49B 
 275      C68EE6F8 
 275      B61F09
 276 0020 69D74686 		.ascii	"i\327F\206>\015\014\000\232"
 276      3E0D0C00 
 276      9A
 277              		.text
 278              		.section	.gnu.lto_.decls.e037da11c1e947,"e",%progbits
 279 0000 789C9D59 		.ascii	"x\234\235Y\011PTG\032~\375zf\030\206A,4\327\262\225"
 279      09505447 
 279      1A7EFD7A 
 279      66188641 
 279      2C34D7B2 
 280 0015 D2148949 		.ascii	"\322\024\211I6\221D\335$\246\266\266\214\307FkM\240"
 280      369144DD 
 280      24A6B6B6 
 280      8CC7466B 
 280      4DA0
 281 0027 304759BB 		.ascii	"0GY\273[\023\344\020*\010\026\014&\331\332\335<f8\274"
 281      5B13E410 
 281      2A08160C 
 281      26D9DADD 
 281      3C6638BC 
 282 003b 05540451 		.ascii	"\005T\004Q9\274@\345\360L\024\320\341\362\000\221K\016"
 282      39BC40E5 
 282      F04C14D0 
 282      E1F20091 
 282      4B0E
 283 004d 5114510E 		.ascii	"Q\024Q\016\025\025Q\004\361`\377\356~o\346\3150\343"
 283      15155104 
 283      F160FFEE 
 283      7E6FE6CD 
 283      30E3
 284 005f BA79F84F 		.ascii	"\272y\370O\277\356\376\217\357\377\273\373\357\327\255"
 284      BFEEFE8F 
 284      EFFFBBFB 
 284      EFD7AD
 285 006e 9A43DC93 		.ascii	"\232C\334\223\3278\356\317\230\343\264@#\360\2508\216"
 285      D738EECF 
 285      98E3B440 
 285      23F0A838 
 285      8E
 286 007f AB03D200 		.ascii	"\253\003\322\000\265\000]\007\"me@]@\257 \216{\015\350"
 286      B5005D07 
 286      226D6540 
 286      5D40AF20 
 286      8E7B0DE8 
 287 0093 75A0C550 		.ascii	"u\240\305P\237\000%y\324@\357\300\373d\240\251@\237"
 287      9F002579 
ARM GAS  /tmp/ccriCHCq.s 			page 22


 287      D440EFC0 
 287      FB64A0A9 
 287      409F
 288 00a5 02CD009A 		.ascii	"\002\315\000\232\003\344\003\364\015\220\002x\276\203"
 288      03E403F4 
 288      0D900278 
 288      BE83
 289 00b3 32082804 		.ascii	"2\010(\004\350GQVz\026\360\034\3672\224\356@\343E\233"
 289      E8475156 
 289      7A16F01C 
 289      F73294EE 
 289      40E3459B 
 290 00c7 04C33F11 		.ascii	"\004\303?\021\303\260\020\350ex\237\004\345\277\241"
 290      C3B010E8 
 290      65789F04 
 290      E5BFA1
 291 00d6 F4066A86 		.ascii	"\364\006j\206\367\377@\3713\220\000\364w\240\331@\321"
 291      F7FF40F9 
 291      339000F4 
 291      77A0D940 
 291      D1
 292 00e7 4006A097 		.ascii	"@\006\240\227\200n\002\217Q\264\177\036\250\036h,\324"
 292      806E028F 
 292      51B47F1E 
 292      A81E682C 
 292      D4
 293 00f8 1BA1C422 		.ascii	"\033\241\304\"n\037\021+\0221\312\237\177\000.\010\023"
 293      6E1F112B 
 293      1231CA9F 
 293      7F002E08 
 293      13
 294 0109 172CC3D6 		.ascii	"\027,\303\326\"\342\273k\203o\222\210\321\036\276\030"
 294      22E2BB6B 
 294      836F9288 
 294      D11EBE18 
 295 0119 207F119F 		.ascii	" \177\021\237\321\006\343\010\307p*E\214\215\"N7\350"
 295      D106E308 
 295      C7702A45 
 295      8C8D224E 
 295      37E8
 296 012b 7B26E29C 		.ascii	"{&\342\234l\2033\310\006\347b1~\2668\273\376\217\030"
 296      6C8333C8 
 296      06E76231 
 296      7EB638BB 
 296      FE8F18
 297 013e 92F1BEC6 		.ascii	"\222\361\276\306YbHp\306\002}\215\030\006)~\004\037"
 297      59624870 
 297      C6027D8D 
 297      1806297E 
 297      041F
 298 0150 89E75419 		.ascii	"\211\347T\031\246oD\\!6\270\242\000\227\213\015.\333"
 298      A66F445C 
 298      2136B8A2 
 298      00978B0D 
 298      2EDB
 299 0162 79140765 		.ascii	"y\024\007e<\320\017@\313\200@\204\213\204R/\352\374"
 299      3CD00F40 
ARM GAS  /tmp/ccriCHCq.s 			page 23


 299      CB804084 
 299      8B84522F 
 299      EAFC
 300 0174 542C6DE7 		.ascii	"T,m\347L\264\035\335\023dz'\275\200\356\031\016to\302"
 300      4CB41DDD 
 300      13647A27 
 300      BD80EE19 
 300      0E746FC2 
 301 0188 E8B261EB 		.ascii	"\350\262a\353\220v-F\356\032\244\200\352\206\312Cg4"
 301      90762D46 
 301      EE1AA480 
 301      EA86CA43 
 301      6734
 302 019a 501DAF41 		.ascii	"P\035\257A\023\240zb$\371\204\202\365\252\241:\262\253"
 302      13A07A62 
 302      24F98482 
 302      F5AAA13A 
 302      B2AB
 303 01ac 60851AF3 		.ascii	"`\205\032\363\210\010\026\305==\356\004]\2234\210,+"
 303      880816C5 
 303      3D3DEE04 
 303      5D933488 
 303      2C2B
 304 01be 37683A75 		.ascii	"7h:u\367\366y\304\232\010\307\301\216\333\247\265\330"
 304      F7F679C4 
 304      9A08C7C1 
 304      8EDBA7B5 
 304      D8
 305 01cf 89BEF71E 		.ascii	"\211\276\367\036\356\010\367\312\025\330\243\016\341"
 305      EE08F7CA 
 305      15D8A30E 
 305      E1
 306 01dc 9009610B 		.ascii	"\220\011a\013\210\230\362\207\211\256\370S\312\231y"
 306      8898F287 
 306      89AEF853 
 306      CA9979
 307 01eb B62DD64D 		.ascii	"\266-\326M\263\\\020\014B\206Qp\236\313\241B\344\201"
 307      B35C100C 
 307      42865170 
 307      9ECBA142 
 307      E481
 308 01fd 8E210F0E 		.ascii	"\216!\017\016\225\"\252\273\004y\241\023\320v\034\332"
 308      9522AABB 
 308      0479A113 
 308      D0761CDA 
 309 020d 40A0F15E 		.ascii	"@\240\361^\177\362\030\3749\025\276\030\273\177-\032"
 309      7FF218FC 
 309      3915BE18 
 309      BB7F2D1A 
 310 021d 9728DA11 		.ascii	"\227(\332\021\020\363\027U\240qDJ\264f\252\036:\244"
 310      10F31755 
 310      A071444A 
 310      B466AA1E 
 310      3AA4
 311 022f C45F5281 		.ascii	"\304_R\201\306\226\323k\335l\005\320I0d-\263\356|\341"
 311      C696D36B 
 311      DD6C05D0 
ARM GAS  /tmp/ccriCHCq.s 			page 24


 311      4930642D 
 311      B3EE7CE1 
 312 0243 499576A5 		.ascii	"I\225v\245\031\025:\005\335\0220\016\235FZ\306\367\313"
 312      19153A05 
 312      DD12300E 
 312      9D465AC6 
 312      F7CB
 313 0255 8A946E57 		.ascii	"\212\224nW\3747\252{{qS\231\326\221\014:\0036\314b9"
 313      FC37AA7B 
 313      7B715399 
 313      D6910C3A 
 313      0336CC62 
 314 026a 036BD334 		.ascii	"\003k\3234,\316Z\250\036k\254\312\032\303F\241\235t"
 314      2CCE5AA8 
 314      1E6BACCA 
 314      1AC346A1 
 314      9D74
 315 027c 3F58DF7A 		.ascii	"?X\337ze\014\016\262\212\373\302\321q_\310\342\336["
 315      650C0EB2 
 315      8AFBC2D1 
 315      715FC8E2 
 315      DE5B
 316 028e 5BD380F0 		.ascii	"[\323\200\360\022\372\236Z\276\251Nc?\232\265\210J\220"
 316      12FA9E5A 
 316      BEA94E63 
 316      3F9AB588 
 316      4A90
 317 02a0 68D640DB 		.ascii	"h\326@\3339\032MEo\275\241\\\203<\307yzf\021!Ss\372"
 317      391A4D45 
 317      6FBDA15C 
 317      833CC779 
 317      7A661121 
 318 02b7 7BF9FD3D 		.ascii	"{\371\375=\202\220\364*\252DZT\016B\015V\256{\221\237"
 318      8290F42A 
 318      AA445A54 
 318      0E420D56 
 318      AE7B919F 
 319 02cb 0FE18706 		.ascii	"\017\341\207\0061\201\004Q\301\241\263\320_E\373\033"
 319      31810451 
 319      C1A1B3D0 
 319      5F45FB1B 
 320 02db 581C513D 		.ascii	"X\034Q=\362D\215@\347\221'\211)\323~\363\223\315\202"
 320      F2448D40 
 320      E7912789 
 320      29D37EF3 
 320      93CD82
 321 02ee 294685EA 		.ascii	")F\205\352\220\006U\217R]\204$\335\214\273R\344.\003"
 321      9006558F 
 321      525D8424 
 321      DD8CBB52 
 321      E42E03
 322 0301 EE62FB40 		.ascii	"\356b\373@\012\311+\370\375(\347\376\003\214s\020\015"
 322      0AC92BF8 
 322      FD28E7FE 
 322      038C7310 
 322      0D
 323 0312 42CFB5ED 		.ascii	"B\317\265\355\207\305Y\221 \304X\341CM\242\036;\020"
ARM GAS  /tmp/ccriCHCq.s 			page 25


 323      87C55991 
 323      20C458E1 
 323      434DA21E 
 323      3B10
 324 0324 41326963 		.ascii	"A2ic\255\321j\010\233\255L\266\320\361#\005\031\372"
 324      ADD16A08 
 324      9BAD4CB6 
 324      D0F12305 
 324      19FA
 325 0336 933D3BC5 		.ascii	"\223=;\305\225\344\012\325\323\351\325\307\306\220\310"
 325      95E40AD5 
 325      D3E9D5C7 
 325      C690C8
 326 0345 0BA228B4 		.ascii	"\013\242(\264[$[\221\206 F\027\330\034.\314\214+S1\331"
 326      5B245B91 
 326      86204617 
 326      D81C2ECC 
 326      8C2B5331 
 327 035a 31503DB0 		.ascii	"1P=\260\272\253_\313\306\277\217\316\322\241\342a-\316"
 327      BAAB5FCB 
 327      C6BF8FCE 
 327      D2A1E261 
 327      2DCE
 328 036c A7DEE0E8 		.ascii	"\247\336\340\350\225\303\0270\322x P\206\350\310\012"
 328      95C31730 
 328      D2782050 
 328      86E8C80A 
 329 037c DB05FC2A 		.ascii	"\333\005\374*\207\246z\240\017\300\2436\360\3502Q\177"
 329      87A67AA0 
 329      0FC0A336 
 329      F0E83251 
 329      7F
 330 038d 0518DA41 		.ascii	"\005\030\332A\177\252\240\246\015\251\002p\367\375L"
 330      7FAAA0A6 
 330      0DA90270 
 330      F7FD4C
 331 039c DF4169EB 		.ascii	"\337Ai\353\261\301j\354\236 \216\332\014D\332\321%\220"
 331      B1C16AEC 
 331      9E208EDA 
 331      0C44DAD1 
 331      2590
 332 03ae B948115E 		.ascii	"\271H\021^E\356\014&\015\304\362\353\003\305.\032\321"
 332      45EE0C26 
 332      0DC4F2EB 
 332      03C52E1A 
 332      D1
 333 03bf 5ACCF3AC 		.ascii	"Z\314\363\254\001s\311\231\352V^\256\271\3439\232w\246"
 333      0173C999 
 333      EA565EAE 
 333      B9E3399A 
 333      77A6
 334 03d1 A79EC3F2 		.ascii	"\247\236\303\362\020_C\356\262@]g!\276NC\274\247:\347"
 334      105F43EE 
 334      B2405D67 
 334      21BE4E43 
 334      BCA73AE7 
 335 03e5 89021F62 		.ascii	"\211\002\037b\243\3720\256f\310\311\376\324\356\034"
ARM GAS  /tmp/ccriCHCq.s 			page 26


 335      A3FA30AE 
 335      66C8C9FE 
 335      D4EE1C
 336 03f4 9D285017 		.ascii	"\235(P\027\322\310\362\233;\313o\005#\033\332]q1S\230"
 336      D2C8F29B 
 336      3BCB6F05 
 336      231BDA5D 
 336      71315398 
 337 0408 B323314B 		.ascii	"\263#1K\205KY\345\314\223\212SZ\242\3358J\373\015\273"
 337      854B59E5 
 337      CC938A53 
 337      5AA2DD38 
 337      4AFB0DBB 
 338 041c 6928F7C8 		.ascii	"i(\367\310\3524'\246\371U\250v\030\016\235v\305UL\331"
 338      EA3427A6 
 338      F955A876 
 338      180E9D76 
 338      C5554CD9 
 339 0430 9A0DA5A5 		.ascii	"\232\015\245\245\012\\\307*\333S\023\343\225\270\211"
 339      0A5CC72A 
 339      DB5313E3 
 339      95B889
 340 043f 5536B7EF 		.ascii	"U6\267\357\315\324\332w\302\276\231\234\244\204\002"
 340      CDD4DA77 
 340      C2BE999C 
 340      A48402
 341 044e 0D6E61D2 		.ascii	"\015na\322\231\215\265\006\304\346\311X\250\306U$\024"
 341      998DB506 
 341      C4E6C958 
 341      A8C65524 
 341      14
 342 045f BA32083C 		.ascii	"\2722\010<TS\3664\017;\343V\321\352\341\334l7\350{\213"
 342      5453F634 
 342      0F3BE356 
 342      D1EAE1DC 
 342      6C37E87B 
 343 0474 A40D2C4B 		.ascii	"\244\015,K\032o\261\244q<\361b\227\006\2673\346\272"
 343      1A6FB1A4 
 343      713CF162 
 343      9706B733 
 343      E6BA
 344 0486 CC81E562 		.ascii	"\314\201\345b\016N0\012\312\2679t\017\020\364\023T\017"
 344      0E4E300A 
 344      CAB73974 
 344      0F10F413 
 344      540F
 345 0498 111521A8 		.ascii	"\021\025!\250\006\240\355\001Ce\030\312*R\343\033l\202"
 345      06A0ED01 
 345      436518CA 
 345      2A52E31B 
 345      6C82
 346 04aa 5ECD78FC 		.ascii	"^\315x\374\224\246\020\266jo\025\177\220v@\020b\265"
 346      94A610B6 
 346      6A6F157F 
 346      90764010 
 346      62B5
 347 04bc 6810A6C1 		.ascii	"h\020\246\301\020\310\017\303\"\222\024\332M <'\233"
ARM GAS  /tmp/ccriCHCq.s 			page 27


 347      10C80FC3 
 347      229214DA 
 347      4D203C27 
 347      9B
 348 04cd 01C3E2EA 		.ascii	"\001\303\342\352|\004+\363\261U\362\360H\025L\006\025"
 348      7C042BF3 
 348      B155F2F0 
 348      48154C06 
 348      15
 349 04de 557BDFBE 		.ascii	"U{\337\276\332{,\035\340\232\306\263enh\274\247g\222"
 349      DA7B2C1D 
 349      E09AC6B3 
 349      656E68BC 
 349      A76792
 350 04f1 B81E6912 		.ascii	"\270\036i\022\260\330x\202\306S\033\317\300\306S\263"
 350      B0D87882 
 350      C6531BCF 
 350      C0C653B3 
 351 0501 0D41303D 		.ascii	"\015A0=L\033\023M\215\020\345}`\204p\332I~\014QS\232"
 351      4C1B134D 
 351      8D10E57D 
 351      608470DA 
 351      497E0C51 
 352 0517 FB76A370 		.ascii	"\373v\243p\372;t\027 \335q\314\015\021\333\333\221]"
 352      FA3B7417 
 352      20DD71CC 
 352      0D11DBDB 
 352      915D
 353 0529 A61D0F70 		.ascii	"\246\035\017p\242_\014\216l\264\335\331h\307\2245\036"
 353      A25F0C8E 
 353      6CB4DDD9 
 353      68C79435 
 353      1E
 354 053a D6E23CB6 		.ascii	"\326\342<\266\033wV\345\033\324\370\000\253l\253\316"
 354      1B7756E5 
 354      1BD4F800 
 354      AB6CABCE 
 355 054a AB52E223 		.ascii	"\253R\342#\254R\2707\257\236\307E\254\262\357h\337*"
 355      AC52B837 
 355      AF9EC745 
 355      ACB2EF68 
 355      DF2A
 356 055c 84CB59E5 		.ascii	"\204\313Y\345^|\276\036W\211\362Y\275/1\325oC\355\316"
 356      5E7CBE1E 
 356      5789F259 
 356      BD2F31D5 
 356      6F43EDCE 
 357 0570 BD35BBC4 		.ascii	"\2755\273\304\257\000\023\231IC\231\327\223x\\GY]\006"
 357      AF001399 
 357      494399D7 
 357      93785C47 
 357      595D06
 358 0583 0E0F56C3 		.ascii	"\016\017V\303\360\232\237qYB\214\021\222\363\357Yr\276"
 358      F09A9F71 
 358      59428C11 
 358      92F3EF59 
 358      72BE
ARM GAS  /tmp/ccriCHCq.s 			page 28


 359 0595 09AEF780 		.ascii	"\011\256\367\200\353\033xy\246\354\226\245r\302\335"
 359      EB1B7879 
 359      A6EC96A5 
 359      72C2DD
 360 05a4 FF3B0BB7 		.ascii	"\377;\013\267\221\267\345f\211\237\346r\306~S\306\036"
 360      91B7E566 
 360      899FE672 
 360      C67E53C6 
 360      1E
 361 05b5 E380DDA2 		.ascii	"\343\200\335\242\274T\006\245w\024\224[\266\312\353"
 361      BC5406A5 
 361      7714945B 
 361      B6CAEB
 362 05c4 65EC2B46 		.ascii	"e\354+F)\357\266b\207\311\360,M\303\370G`\224n;Po\001"
 362      29EFB662 
 362      87C9F02C 
 362      4DC3F847 
 362      60946E3B 
 363 05db F36CB338 		.ascii	"\363l\2638'\210z\303(\365\002o\315\336!\3634v\024\267"
 363      27887AC3 
 363      28F5026F 
 363      CDDE21F3 
 363      347614B7 
 364 05ef 970DF452 		.ascii	"\227\015\364R\017\013w\264\003\3352\366V\231\3628\373"
 364      0F0B77B4 
 364      03DD32F6 
 364      5699F238 
 364      FB
 365 0600 CA47EDE4 		.ascii	"\312G\355\344\313y\017\024O\025\021n2+\327\363\236("
 365      CB790F14 
 365      4F15116E 
 365      322BD7F3 
 365      9E28
 366 0612 116835D0 		.ascii	"\021h5\320*\240\004\240$\240u@k\200V\002\255\345\245"
 366      2AA004A0 
 366      24A07540 
 366      6B805602 
 366      ADE5A5
 367 0625 59DB54DF 		.ascii	"Y\333T\3376\177\234]\215\3643\353\267)=r\351\331J7\371"
 367      367F9C5D 
 367      8DF433EB 
 367      B7293D72 
 367      E9D94A37 
 368 063a A6B1D1CA 		.ascii	"\246\261\321\312\223d^\313\276\335\310\327P\364\376"
 368      93645ECB 
 368      BEDDC8D7 
 368      50F4FE
 369 0649 DA318E58 		.ascii	"\3321\216X\351W\230\231\033m\342\311.\323v.\373K\334"
 369      E9579899 
 369      1B6DE2C9 
 369      2ED3762E 
 369      FB4BDC
 370 065c C4D6C58A 		.ascii	"\304\326\305\212\015y\177\262\237\236S\370\321{L*O\366"
 370      0D797FB2 
 370      9F9E53F8 
 370      D17B4C2A 
 370      4FF6
ARM GAS  /tmp/ccriCHCq.s 			page 29


 371 066e 98BC7D8F 		.ascii	"\230\274}\217\0134\012\370\006G\213\265(JA\324\324\227"
 371      0B340AF8 
 371      06478BB5 
 371      284A41D4 
 371      D497
 372 0680 9DCE757B 		.ascii	"\235\316u{e#\215\202Q\030\313\243\340\227e\251*\215"
 372      65238D82 
 372      5118CBA3 
 372      E09765A9 
 372      2A8D
 373 0692 7F85439B 		.ascii	"\177\205C\233y\005\363\255\364|\336C\0279`\350\226\371"
 373      7905F3AD 
 373      F47CDE43 
 373      173960E8 
 373      96F9
 374 06a4 B645E6DB 		.ascii	"\266E\346\333\376\264\255\331\256\270\235A\275p \327"
 374      FEB4ADD9 
 374      AEB89D41 
 374      BD7020D7 
 375 06b4 3A267239 		.ascii	":&r9\264\025\340\232E\3216\352hr\305\323R5\276\303\304"
 375      B415E09A 
 375      45D136EA 
 375      6872C5D3 
 375      5235BEC3 
 376 06c9 4F3E4E1C 		.ascii	"O>N\034v\266\357j\272\035W3\250\253\231m\355'\234\257"
 376      76B6EF6A 
 376      BA1D5733 
 376      A8AB996D 
 376      ED279CAF 
 377 06dd C2DE4F4E 		.ascii	"\302\336ON\034\010\335uA\034\371#?\354K\232\224\210"
 377      1C08DD75 
 377      411CF923 
 377      3FEC4B9A 
 377      9488
 378 06ef BC131A91 		.ascii	"\274\023\032\221\036D\036\221\217\023\317&R\033+\244"
 378      1E441E91 
 378      8F13CF26 
 378      521B2BA4 
 379 06ff 1FD6C68B 		.ascii	"\037\326\306\213Zx\361\310\200\230\014\323N\2532\325"
 379      5A78F1C8 
 379      80980CD3 
 379      4EAB32D5 
 380 070f AC1F89FD 		.ascii	"\254\037\211\375\222\022& \035\010$A\261\211\027\315"
 380      92122620 
 380      1D082441 
 380      B18917CD 
 381 071f C925D028 		.ascii	"\311%\320(\304\026\205\234Y\251\364 \363Y&\356\302\231"
 381      C416859C 
 381      59A9F420 
 381      F35926EE 
 381      C299
 382 0731 7F75A0F6 		.ascii	"\177u\240\366h\262\317\234\2701\215Cc\023&p4\302W\353"
 382      68B2CF9C 
 382      B8318D43 
 382      63132670 
 382      34C257EB 
 383 0745 8B9EAAF1 		.ascii	"\213\236\252\361F\374\274\223\312\016^~\352\330\232"
ARM GAS  /tmp/ccriCHCq.s 			page 30


 383      46FCBC93 
 383      CA0E5E7E 
 383      EAD89A
 384 0754 B5ED8C52 		.ascii	"\265\355\214Rb\212\221N'\344\223\325\232o\343\211K\267"
 384      628A914E 
 384      27E493D5 
 384      9A6FE389 
 384      4BB7
 385 0766 D5F2A1DF 		.ascii	"\325\362\241\337i\265\034v\361\3421\243\346\334\225"
 385      69B51C76 
 385      F1E231A3 
 385      E6DC95
 386 0775 756A3A33 		.ascii	"uj:3\241I\234\232\015%\027\332]\344S\223|][\346f6\231"
 386      A1499C9A 
 386      0D2517DA 
 386      5DE45393 
 386      7C5D5BE6 
 387 078c 9BBBA5B9 		.ascii	"\233\273\245\271y~Ot\206\372\215\014\241\275]0\235\352"
 387      797E4F74 
 387      86FA8D0C 
 387      A1BD5D30 
 387      9DEA
 388 079e F54C2982 		.ascii	"\365L)\202\223\201FA\230\320v\230$\"\"\362\316\241,"
 388      93814641 
 388      98D07698 
 388      242222F2 
 388      CEA12C
 389 07b1 BE03A14C 		.ascii	"\276\003\241L\376*\211[\016\377\006H\357N1V\271\340"
 389      FE2A895B 
 389      0EFF0648 
 389      EF4E3156 
 389      B9E0
 390 07c3 2A16802D 		.ascii	"*\026\200-\271\031\351\256\024\0131\310\260"
 390      B919E9AE 
 390      140B31C8 
 390      B0
 391 07d0 0C0DD71D 		.ascii	"\014\015\327\035\261\340\333\313\323\306\342\224\273"
 391      B1E0DBCB 
 391      D3C6E294 
 391      BB
 392 07dd ADBCC3B5 		.ascii	"\255\274\303\265\223K\360\355\223\360mJ)\274\257\024"
 392      934BF0ED 
 392      93F06D4A 
 392      29BCAF14 
 393 07ed F135A569 		.ascii	"\3615\245i!\333\301\367\252\300\023.\264G\006p\217-"
 393      21DBC1F7 
 393      AAC0132E 
 393      B4470670 
 393      8F2D
 394 07ff C03C0AF0 		.ascii	"\300<\012\360\351\345k\375<nf\000\215G\343\217\273P"
 394      E9E56BFD 
 394      3C6E6600 
 394      8D47E38F 
 394      BB50
 395 0811 305D6680 		.ascii	"0]f\200#\003O\215\330\014\260\200\001\334\225ui\257"
 395      23034F8D 
 395      D80CB080 
ARM GAS  /tmp/ccriCHCq.s 			page 31


 395      01DC9575 
 395      69AF
 396 0823 93438007 		.ascii	"\223C\200\007\010\300\375\022\300\266\276\275\007T\""
 396      08C0FD12 
 396      C0B6BEBD 
 396      075422
 397 0832 C0CAD7CD 		.ascii	"\300\312\327\315\370\200\011\345\313\360\345\333\342"
 397      F88009E5 
 397      CBF0E5DB 
 397      E2
 398 083f 3B48F195 		.ascii	";H\361\225\354\310\367\300\235\014\236\235,\223\336"
 398      ECC8F7C0 
 398      9D0C9E9D 
 398      2C93DE
 399 084e D572D989 		.ascii	"\325r\331\2116\301\372F\207\031\272-I\205\351<m\204"
 399      36C1FA46 
 399      8719BA2D 
 399      4985E93C 
 399      6D84
 400 0860 EC848EB0 		.ascii	"\354\204\216\260\306\204\236\236N\346\0339\324\375\302"
 400      C6849E9E 
 400      4EE61B39 
 400      D4FDC2
 401 086f 1AB736DF 		.ascii	"\032\2676\337\010v\350\306Q\342\306\257\222\033y\003"
 401      0876E8C6 
 401      51E2C6AF 
 401      921B7903 
 402 087f 470424BA 		.ascii	"G\004$\272\321\372\266\331\015`B\207dn\034\262u\343"
 402      D1FAB6D9 
 402      0D604287 
 402      646E1CB2 
 402      75E3
 403 0891 18756365 		.ascii	"\030uce\257p\320\011\017\275\240\037E\014]MSj%\203\014"
 403      AF70D009 
 403      0FBDA01F 
 403      450C5D4D 
 403      536A2583 
 404 08a6 A90715B3 		.ascii	"\251\007\025\263\306>C\376#\307y\365\004\301|\\\302"
 404      C63E43FE 
 404      23C779F5 
 404      04C17C5C 
 404      C2
 405 08b7 7CAC2461 		.ascii	"|\254$a\277\233\210\271\343]3\346\023$K\3120\027\332"
 405      BF9B88B9 
 405      E35D33E6 
 405      13244BCA 
 405      3017DA
 406 08ca 623651CC 		.ascii	"b6Q\314\246\276\035)\030\257VP\314\355wJ\023\254\316"
 406      A6BE1D29 
 406      18AF5650 
 406      CCED774A 
 406      13ACCE
 407 08dd 2CE48063 		.ascii	",\344\200cYo\245\322z\253<\262\276\210\315\361R\363"
 407      596FA5D2 
 407      7AAB3CB2 
 407      BE88CDF1 
 407      52F3
ARM GAS  /tmp/ccriCHCq.s 			page 32


 408 08ef 7A3B79B0 		.ascii	"z;y\260`\027r\010\271\234@.\223 \347\324\326\326\321"
 408      60177208 
 408      B99C402E 
 408      9320E7D4 
 408      D6D6D1
 409 0902 E90C5FA2 		.ascii	"\351\014_\242\203+\361\321\370\2705B&\242\\\250D\206"
 409      832BF1D1 
 409      F8B83542 
 409      26A25CA8 
 409      4486
 410 0914 19DEC58B 		.ascii	"\031\336\305\213\016\212\365\321\205\364aW\\\316\260"
 410      0E8AF5D1 
 410      85F46157 
 410      5CCEB0
 411 0923 E61A1E57 		.ascii	"\346\032\036W\250q#\253\364_\276\224\255\005@\350\024"
 411      A87123AB 
 411      F45FBE94 
 411      AD0540E8 
 411      14
 412 0934 958096EA 		.ascii	"\225\200\226\352\374\033\253T\370\"\353>tk}\232\222"
 412      FC1BAB54 
 412      F822EB3E 
 412      746B7D9A 
 412      92
 413 0945 749F2141 		.ascii	"t\237!A8\315b\\\020m\332\015\233\014\343(\275\330\331"
 413      38CD625C 
 413      106DDA0D 
 413      9B0CE328 
 413      BDD8D9
 414 0958 4D860655 		.ascii	"M\206\006U\021\216J\306a\031B\225\264P\256\356\356\214"
 414      118E4AC6 
 414      61194295 
 414      B450AEEE 
 414      EE8C
 415 096a 925AAA19 		.ascii	"\222Z\252\031WrMi/\226;\256\222\347\231\032\342\370"
 415      57724D69 
 415      2F963BAE 
 415      92E7991A 
 415      E2F8
 416 097c 39C971E1 		.ascii	"9\311q\341x\206A\013\216\367e\010\031\233\205\231\006"
 416      7886410B 
 416      8EF76508 
 416      199B8599 
 416      06
 417 098d 61B5603A 		.ascii	"a\265`:\310\023&tR\362\033\235\005nRe\256\327R\327o"
 417      C8132674 
 417      52F21B9D 
 417      056E5265 
 417      AED752D7 
 418 09a2 EF34AE77 		.ascii	"\3574\256w\303=\012\207+\270euW\203\302\234v\352\031"
 418      C33D0A87 
 418      2BB86575 
 418      5783C29C 
 418      76EA19
 419 09b5 B4C21577 		.ascii	"\264\302\025w\253U\346\345\320\300\03274v\356T9\034"
 419      AB55E6E5 
 419      D0C01A37 
ARM GAS  /tmp/ccriCHCq.s 			page 33


 419      3476EE54 
 419      391C
 420 09c7 A84682F7 		.ascii	"\250F\202\367\274\204\2670\263\362\021\026\007\352~"
 420      BC84B730 
 420      B3F21116 
 420      07EA7E
 421 09d6 3ABE5513 		.ascii	":\276U\023g\362\241<\250N6Lu\022\326&\266\232\313\222"
 421      67F2A13C 
 421      A84E364C 
 421      7512D626 
 421      B69ACB92 
 422 09ea 9AC4EF79 		.ascii	"\232\304\357y\262\2276\345g\357suxa\320\302\263\013"
 422      B29736E5 
 422      67EF7375 
 422      7861D0C2 
 422      B30B
 423 09fc 83669E1E 		.ascii	"\203f\236\036\270\252Nvo\306L\326\205$\256\356\322<"
 423      B8AA4E76 
 423      6FC64CD6 
 423      8524AEEE 
 423      D23C
 424 0a0e 25FB606F 		.ascii	"%\373`o!\335\367\327\016\372\333\036\355[\341\263\353"
 424      21DDF7D7 
 424      0EFADB1E 
 424      ED5BE1B3 
 424      EB
 425 0a1f 02FD90BB 		.ascii	"\002\375\220\273\310\2733\205\024{k\354\331:\245\355"
 425      C8BB3385 
 425      147B6BEC 
 425      D93AA5ED 
 426 0a2f 69DD11F3 		.ascii	"i\335\021\363\256\264m\253\224\023M\312tA\215.A\017"
 426      AEB46DAB 
 426      94134DCA 
 426      74418D2E 
 426      410F
 427 0a41 B1D53192 		.ascii	"\261\3251\222\217\361Y%;\221V\337O\326\340VV\271\330"
 427      8FF15925 
 427      3B9156DF 
 427      4FD6E056 
 427      56B9D8
 428 0a54 95DCA37A 		.ascii	"\225\334\243zs\273Pk\"\273\305{)\273\204\345\011\321"
 428      73BB506B 
 428      22BBC57B 
 428      29BB84E5 
 428      09D1
 429 0a66 540E5D81 		.ascii	"T\016]\201\260\300\246 \263s\031Z\332\370\211\360\326"
 429      B0C0A620 
 429      B373195A 
 429      DAF889F0 
 429      D6
 430 0a77 CEBF49BE 		.ascii	"\316\277I\276\333V\032\036;9\014\307U1\034\027X82\256"
 430      DB561A1E 
 430      3B390CC7 
 430      55311C17 
 430      583832AE 
 431 0a8b DCB9ADB2 		.ascii	"\334\271\255\262u\330r\007\325A|\270*\371\220X\326\266"
 431      75D87207 
ARM GAS  /tmp/ccriCHCq.s 			page 34


 431      D5417CB8 
 431      2AF99058 
 431      D6B6
 432 0a9d 7794C38E 		.ascii	"w\224\303\216\230O\036+\331\247\231x\215:|\2159|=\251"
 432      984F1E2B 
 432      D9A79978 
 432      8D3A7C8D 
 432      397C3DA9 
 433 0ab1 B881C77D 		.ascii	"\270\201\307}\242\303\306\365\271\256\242\217\035\036"
 433      A2C3C6F5 
 433      B9AEA28F 
 433      1D1E
 434 0abf D119A698 		.ascii	"\321\031\246\230\011\204\217:\010\233\212Lo'\264\\\247"
 434      09848F3A 
 434      089B8A4C 
 434      6F27B45C 
 434      A7
 435 0ad0 0E765107 		.ascii	"\016vQ\007\273\352\267\354UO|\3064#\2529u\370f\212\013"
 435      BBEAB7EC 
 435      554F7CC6 
 435      3423AA39 
 435      75F8668A 
 436 0ae5 5EA362F7 		.ascii	"^\243b\367\033\227\273\006]D\315\255\257\213\232\021"
 436      1B97BB06 
 436      5D44CDAD 
 436      AF8B9A11 
 437 0af5 D30CDB81 		.ascii	"\323\014\333\201\354B\245\007Z\272\251\346\033TsFc\333"
 437      EC42A507 
 437      5ABAA9E6 
 437      1B547346 
 437      63DB
 438 0b07 752D4E63 		.ascii	"u-NcjrG\272\323\334\330L\021\020\351\334\327Z)\236\355"
 438      6A7247BA 
 438      D3DCD84C 
 438      1110E9DC 
 438      D75A299E 
 439 0b1c 0472A76B 		.ascii	"\004r\247k*X\337 \336[\220\273\304\314\226\201V\307"
 439      2A58DF20 
 439      DE5B90BB 
 439      C4CC9681 
 439      56C7
 440 0b2e D75677C4 		.ascii	"\327Vw\304\260\337fa/\255]\221\354\206w3C\033\367\224"
 440      B0DF6661 
 440      2FAD5D91 
 440      EC867733 
 440      431BF794 
 441 0b42 3C112FAD 		.ascii	"<\021/\255L\244~KXU\214\360\036\332\211K\273\373\215"
 441      4CA47E4B 
 441      58558CF0 
 441      1EDA894B 
 441      BBFB8D
 442 0b55 1A34CED3 		.ascii	"\0324\316\323\323\352$\320\007\243\317\016o\375\342"
 442      D3EA24D0 
 442      07A3CF0E 
 442      6FFDE2
 443 0b64 31E03E7C 		.ascii	"1\340>|\346?\340e\207\374\346\364i\373\304\373G\262"
 443      E63FE065 
ARM GAS  /tmp/ccriCHCq.s 			page 35


 443      87FCE6F4 
 443      69FBC4FB 
 443      47B2
 444 0b76 19DC0557 		.ascii	"\031\334\005W\373\355\237Z\030\377\271\334\361\354\270"
 444      FBED9F5A 
 444      18FFB9DC 
 444      F1ECB8
 445 0b85 05BBC93D 		.ascii	"\005\273\311=\373\314\322\035a\321\206\216x\027\234"
 445      FBCCD21D 
 445      61D1868E 
 445      78179C
 446 0b94 C7D01B5A 		.ascii	"\307\320\033ZW%\270\216\263\213\016\015\210zl\000\222"
 446      5725B88E 
 446      B38B0E0D 
 446      887A6C00 
 446      92
 447 0ba5 CDF572E2 		.ascii	"\315\365r\342yW\313TR\240\207\300\326\013r\267\350\234"
 447      7957CB54 
 447      52A087C0 
 447      D60B72B7 
 447      E89C
 448 0bb7 1E2453E9 		.ascii	"\036$S\351\2164\225r2\316\245c\030P\232\315\323\361"
 448      8E349572 
 448      32CEA563 
 448      18509ACD 
 448      D3F1
 449 0bc9 C5BB9582 		.ascii	"\305\273\225\202\220\311\023&t\223e\011\231\350M\232"
 449      90C91326 
 449      74936509 
 449      99E84D9A 
 450 0bd9 2BD0101D 		.ascii	"+\320\020\035\320\352\212\206\024'|\224\205\262dG\363"
 450      D0EA8A86 
 450      14277C94 
 450      85B26447 
 450      F3
 451 0bea 4167E4CC 		.ascii	"Ag\344\314\356\377\342\351\215\2341a,2\337\310=\002"
 451      EEFFE2E9 
 451      8D9C3161 
 451      2C32DFC8 
 451      3D02
 452 0bfc 5DC3BC33 		.ascii	"]\303\2743\207\036\203\262'<\273\377#\015\364\376o,"
 452      871E83B2 
 452      273CBBFF 
 452      230DF4FE 
 452      6F2C
 453 0c0e EB831F72 		.ascii	"\353\203\037r\272\251\350\257\261\332\307j\254\216\032"
 453      BAA9E8AF 
 453      B1DAC76A 
 453      AC8E1A
 454 0c1d 4FE93E46 		.ascii	"O\351>F\012\222b\32277\273H\347\203\230\377u\223\214"
 454      0A9262D2 
 454      3737BB48 
 454      E78398FF 
 454      75938C
 455 0c30 9ED1F3C1 		.ascii	"\236\321\363\301\316\207;\005\253\303W\271\225\201\021"
 455      CE873B05 
 455      ABC357B9 
ARM GAS  /tmp/ccriCHCq.s 			page 36


 455      958111
 456 0c3f 6660841A 		.ascii	"f`\204\032\370\365p\333!g9/\311\023\262\303,\246\274"
 456      F8F570DB 
 456      2167392F 
 456      C913B2C3 
 456      2CA6BC
 457 0c52 509049BB 		.ascii	"P\220I\273/\273\303|F\212q|\376C\321\224}\323\272\374"
 457      2FBBC37C 
 457      468A717C 
 457      FE43D194 
 457      7DD3BAFC 
 458 0c66 12AD2376 		.ascii	"\022\255#v\2333\240\201Jt\345\354\350\304\366\275\265"
 458      9B33A081 
 458      4A74E5EC 
 458      E8C4F6BD 
 458      B5
 459 0c77 F3BF10C8 		.ascii	"\363\277\020\310\210\211\267\203\233\356\335DVW\231"
 459      8889B783 
 459      9BEEDD44 
 459      565799
 460 0c86 561EC430 		.ascii	"V\036\3040\017b\250\201\2123-\367\255x\033\255\"\023"
 460      0F62A881 
 460      8A332DF7 
 460      AD781BAD 
 460      2213
 461 0c98 CB786329 		.ascii	"\313xc)o}g\301m+\336\207V\336\3061\3368\246\2675a\235"
 461      6F7D67C1 
 461      6D2BDE87 
 461      56DEC631 
 461      DE38A6B7 
 462 0caf AB9C77D0 		.ascii	"\253\234w\320\012C<\343%\205b\211_\344\367\357L\236"
 462      0A433CE3 
 462      25856289 
 462      5FE4F7EF 
 462      4C9E
 463 0cc1 EC05FFBE 		.ascii	"\354\005\377\276\017\214\010\013\014\365\232\025\034"
 463      0F8C080B 
 463      0CF59A15 
 463      1C
 464 0cce B228C47B 		.ascii	"\262(\304{\201Wx\244W\260_\250Wd\204?)uK\375B'\373\253"
 464      815778A4 
 464      57B05FA8 
 464      5764843F 
 464      29754BFD 
 465 0ce6 3FFFF2EB 		.ascii	"?\377\362\353\011\263\246O\347\264!\341K\303#\364DZ"
 465      09B3A64F 
 465      E7B421E1 
 465      4BC323F4 
 465      445A
 466 0cf8 A75791D7 		.ascii	"\247W\221\327\220\000m\244~\311\324)\272\305KC\302u"
 466      90006DA4 
 466      7EC9D429 
 466      BAC54B43 
 466      C275
 467 0d0a 7A0D6308 		.ascii	"z\015c\010\011\200\356\360\240\240\310@\2756*$L\257"
 467      0980EEF0 
 467      A0A0C840 
ARM GAS  /tmp/ccriCHCq.s 			page 37


 467      BD362A24 
 467      4CAF
 468 0d1c 0BF28BD4 		.ascii	"\013\362\213\324\177\242\323O~\236\311\2200\377\320"
 468      7FA2D34F 
 468      7E9EC990 
 468      30FFD0
 469 0d2b A88040B3 		.ascii	"\250\200@\263\331`N9\317{fT\244\302?\330/B\035\022\276"
 469      D9604E39 
 469      CF7B6654 
 469      A4C23FD8 
 469      2F421D12 
 470 0d40 243C2050 		.ascii	"$< P\247W|\366\027\337\371j\242\024\214\352\225\363"
 470      A7577CF6 
 470      17DFF96A 
 470      A2148CEA 
 470      95F3
 471 0d52 BD67FDD5 		.ascii	"\275g\375\325W1s\201\257/\372\026\315U\372\207\006\002"
 471      57317381 
 471      AF2FFA16 
 471      CD55FA87 
 471      0602
 472 0d64 2FE9FDF0 		.ascii	"/\351\375\360#\235\036\203\375\031\3173I\260Fz-\370"
 472      239D1E83 
 472      FD19CF33 
 472      49B0467A 
 472      2DF8
 473 0d76 EA8BA953 		.ascii	"\352\213\251S\274\346\317\237\355\365\271\317<\357e"
 473      BCE6CF9F 
 473      EDF5B9CF 
 473      3CEF65
 474 0d85 53BC2C1E 		.ascii	"S\274,\036\001\010\354=\333\027\317\233\355\253\364"
 474      0108EC3D 
 474      DB17CF9B 
 474      EDABF4
 475 0d94 F9DA67B6 		.ascii	"\371\332g\266\257\223\367\002\2379sf\373\252\274\277"
 475      AF93F702 
 475      9F397366 
 475      FBAABCBF 
 476 0da4 5AE833C7 		.ascii	"Z\3503\307W\371\205\367\3549\276\004\323\\gp\335/\200"
 476      57F985F7 
 476      EC39BE04 
 476      D35C6770 
 476      DD2F80
 477 0db7 78EE0AE8 		.ascii	"x\356\012\350\375\375BC\027\371\371C\230\000yhH\030"
 477      FDFD4243 
 477      17F9F943 
 477      98007968 
 477      4818
 478 0dc9 20E7A771 		.ascii	" \347\247qn~\021K\226}\034\370\376\222?\004-\235\034"
 478      6E7E114B 
 478      967D1CF8 
 478      FE923F04 
 478      2D9D1C
 479 0ddc B094D3F8 		.ascii	"\260\224\323\370\003\200\300\037\337_2\215\323\200\220"
 479      0380C01F 
 479      DF5F328D 
 479      D38090
ARM GAS  /tmp/ccriCHCq.s 			page 38


 480 0deb 6FA05F00 		.ascii	"o\240_\0008\374\356\013\017\014\347\002\305\267\021"
 480      38FCEE0B 
 480      0F0CE702 
 480      C5B711
 481 0dfa 21FA4010 		.ascii	"!\372@\020#f\027\004\352\341\355\013\210\224;\253\371"
 481      23661704 
 481      EAE1ED0B 
 481      88943BAB 
 481      F9
 482 0e0b F805CC12 		.ascii	"\370\005\314\022\241\314\033\307\232\346\003\032s\233"
 482      A1CC1BC7 
 482      9AE6031A 
 482      739B
 483 0e19 B37FF082 		.ascii	"\263\177\360\202\237\"\347\372\205\352\337wd5Bo\036"
 483      9F22E7FA 
 483      85EADF77 
 483      6435426F 
 483      1E
 484 0e2a 1AFF6008 		.ascii	"\032\377`\010o\350O\020\225\261:\335\242\250\220P}H"
 484      6FE84F10 
 484      95B13ADD 
 484      A2A89050 
 484      7D48
 485 0e3c 982EF0C7 		.ascii	"\230.\360\307\245\201\376z\245\177xX\244^\001\361\017"
 485      A581FE7A 
 485      A57F7858 
 485      A45E01F1 
 485      0F
 486 0e4d 720A0BD7 		.ascii	"r\012\013\327\007G\204\377\360\022\001\251\013\015\015"
 486      074784FF 
 486      F01201A9 
 486      0B0D0D
 487 0e5c D0C1382C 		.ascii	"\320\3018,\216\010\217ZJ\206\360\263\3370 \242\303D"
 487      8E088F5A 
 487      4A86F0B3 
 487      DF3020A2 
 487      C344
 488 0e6e 17D876B1 		.ascii	"\027\330v\261\204\212s\325\351\202\242\302\374u\272"
 488      848A73D5 
 488      E982A2C2 
 488      FC75BA
 489 0e7d C9D3FF38 		.ascii	"\311\323\3778\375c\265T\323\312\342\"\347\371\350\203"
 489      FD63B554 
 489      D3CAE222 
 489      E7F9E883 
 490 0e8d 2963ACC2 		.ascii	")c\254\302d\335\371\211\0135\023\270,0L\037\311\373"
 490      64DDF989 
 490      0B3513B8 
 490      2C304C1F 
 490      C9FB
 491 0e9f 2FC27E11 		.ascii	"/\302~\021\213\311\300\320\006\230m\272\231\341\341"
 491      8BC9C0D0 
 491      06986DBA 
 491      99E1E1
 492 0eae A1FF051E 		.ascii	"\241\377\005\036N\241\000"
 492      4EA100
 493              		.text
ARM GAS  /tmp/ccriCHCq.s 			page 39


 494              		.section	.gnu.lto_.symtab.e037da11c1e947,"e",%progbits
 495 0000 70616C52 		.ascii	"palReadBus\000"
 495      65616442 
 495      757300
 496 000b 00       		.ascii	"\000"
 497 000c 00       		.ascii	"\000"
 498 000d 00       		.ascii	"\000"
 499 000e 00000000 		.ascii	"\000\000\000\000\000\000\000\000"
 499      00000000 
 500 0016 29010000 		.ascii	")\001\000\000"
 501 001a 70616C57 		.ascii	"palWriteBus\000"
 501      72697465 
 501      42757300 
 502 0026 00       		.ascii	"\000"
 503 0027 00       		.ascii	"\000"
 504 0028 00       		.ascii	"\000"
 505 0029 00000000 		.ascii	"\000\000\000\000\000\000\000\000"
 505      00000000 
 506 0031 2E010000 		.ascii	".\001\000\000"
 507 0035 70616C53 		.ascii	"palSetBusMode\000"
 507      65744275 
 507      734D6F64 
 507      6500
 508 0043 00       		.ascii	"\000"
 509 0044 00       		.ascii	"\000"
 510 0045 00       		.ascii	"\000"
 511 0046 00000000 		.ascii	"\000\000\000\000\000\000\000\000"
 511      00000000 
 512 004e 33010000 		.ascii	"3\001\000\000"
 513 0052 70616C53 		.ascii	"palSetPadCallbackI\000"
 513      65745061 
 513      6443616C 
 513      6C626163 
 513      6B4900
 514 0065 00       		.ascii	"\000"
 515 0066 00       		.ascii	"\000"
 516 0067 00       		.ascii	"\000"
 517 0068 00000000 		.ascii	"\000\000\000\000\000\000\000\000"
 517      00000000 
 518 0070 3A010000 		.ascii	":\001\000\000"
 519 0074 70616C53 		.ascii	"palSetLineCallbackI\000"
 519      65744C69 
 519      6E654361 
 519      6C6C6261 
 519      636B4900 
 520 0088 00       		.ascii	"\000"
 521 0089 00       		.ascii	"\000"
 522 008a 00       		.ascii	"\000"
 523 008b 00000000 		.ascii	"\000\000\000\000\000\000\000\000"
 523      00000000 
 524 0093 40010000 		.ascii	"@\001\000\000"
 525 0097 5F70616C 		.ascii	"_pal_events\000"
 525      5F657665 
 525      6E747300 
 526 00a3 00       		.ascii	"\000"
 527 00a4 02       		.ascii	"\002"
 528 00a5 00       		.ascii	"\000"
ARM GAS  /tmp/ccriCHCq.s 			page 40


 529 00a6 00000000 		.ascii	"\000\000\000\000\000\000\000\000"
 529      00000000 
 530 00ae 78010000 		.ascii	"x\001\000\000"
 531 00b2 63685379 		.ascii	"chSysHalt\000"
 531      7348616C 
 531      7400
 532 00bc 00       		.ascii	"\000"
 533 00bd 02       		.ascii	"\002"
 534 00be 00       		.ascii	"\000"
 535 00bf 00000000 		.ascii	"\000\000\000\000\000\000\000\000"
 535      00000000 
 536 00c7 45010000 		.ascii	"E\001\000\000"
 537 00cb 5F70616C 		.ascii	"_pal_lld_setgroupmode\000"
 537      5F6C6C64 
 537      5F736574 
 537      67726F75 
 537      706D6F64 
 538 00e1 00       		.ascii	"\000"
 539 00e2 02       		.ascii	"\002"
 540 00e3 00       		.ascii	"\000"
 541 00e4 00000000 		.ascii	"\000\000\000\000\000\000\000\000"
 541      00000000 
 542 00ec 56010000 		.ascii	"V\001\000\000"
 543              		.text
 544              		.section	.gnu.lto_.opts,"e",%progbits
 545 0000 272D666E 		.ascii	"'-fno-openmp' '-fno-openacc' '-fno-pie' '-mcpu=cort"
 545      6F2D6F70 
 545      656E6D70 
 545      2720272D 
 545      666E6F2D 
 546 0033 65782D6D 		.ascii	"ex-m4' '-mthumb' '-mfloat-abi=softfp' '-mfpu=fpv5-d"
 546      34272027 
 546      2D6D7468 
 546      756D6227 
 546      20272D6D 
 547 0066 31362720 		.ascii	"16' '-march=armv7e-m+fp.dp' '-O2' '-fstack-usage' '"
 547      272D6D61 
 547      7263683D 
 547      61726D76 
 547      37652D6D 
 548 0099 2D666675 		.ascii	"-ffunction-sections' '-fdata-sections' '-fno-common"
 548      6E637469 
 548      6F6E2D73 
 548      65637469 
 548      6F6E7327 
 549 00cc 2720272D 		.ascii	"' '-flto' '-fshort-enums'\000"
 549      666C746F 
 549      2720272D 
 549      6673686F 
 549      72742D65 
 550              		.text
 551              		.comm	__gnu_lto_v1,1,1
 552              		.comm	__gnu_lto_slim,1,1
 553              		.ident	"GCC: (GNU Arm Embedded Toolchain 9-2020-q2-update) 9.3.1 20200408 (release)"
ARM GAS  /tmp/ccriCHCq.s 			page 41


DEFINED SYMBOLS
                            *ABS*:0000000000000000 hal_pal.c
                            *COM*:0000000000000001 __gnu_lto_v1
                            *COM*:0000000000000001 __gnu_lto_slim

NO UNDEFINED SYMBOLS
