ARM GAS  /tmp/ccaCPxM3.s 			page 1


   1              		.cpu cortex-m4
   2              		.eabi_attribute 20, 1
   3              		.eabi_attribute 21, 1
   4              		.eabi_attribute 23, 3
   5              		.eabi_attribute 24, 1
   6              		.eabi_attribute 25, 1
   7              		.eabi_attribute 26, 1
   8              		.eabi_attribute 30, 2
   9              		.eabi_attribute 34, 1
  10              		.eabi_attribute 18, 4
  11              		.file	"hal_flash.c"
  12              		.section	.gnu.lto_.profile.2762a543f328e7a5,"e",%progbits
  13 0000 789CE360 		.ascii	"x\234\343``\004B \000\000\000]\000\013"
  13      60044220 
  13      0000005D 
  13      000B
  14              		.text
  15              		.section	.gnu.lto_.icf.2762a543f328e7a5,"e",%progbits
  16 0000 789CE360 		.ascii	"x\234\343``d\220c@\000V\206W\333\037\277\341c\\\365"
  16      60649063 
  16      40005686 
  16      57DB1FBF 
  16      E1635CF5 
  17 0014 F2F6260E 		.ascii	"\362\366&\016\246\237\323\367\3131w|]}\227\203\345\315"
  17      A69FD3F7 
  17      CB31777C 
  17      5D7D9783 
  17      E5CD
  18 0026 87277E0C 		.ascii	"\207'~\014\000\361=\017e"
  18      00F13D0F 
  18      65
  19              		.text
  20              		.section	.gnu.lto_.jmpfuncs.2762a543f328e7a5,"e",%progbits
  21 0000 789C8D8E 		.ascii	"x\234\215\216\261\015\302P\014D\357\331\277H\307\000"
  21      B10DC250 
  21      0C44EFD9 
  21      BF48C700 
  22 0010 BFC92EEC 		.ascii	"\277\311.\354E\012Z\224\2262\005[\000Bt\0244\024\324"
  22      450A5A94 
  22      9632055B 
  22      00427414 
  22      3414D4
  23 0023 6C80B200 		.ascii	"l\200\262\000\022\370\013\221H\241\211\245+|\266\237"
  23      12F80B91 
  23      48A189A5 
  23      2B7CB69F 
  24 0033 AF125AA2 		.ascii	"\257\022Z\242\241\\@\323\271L\342\234P\350\035\265P"
  24      A15C40D3 
  24      B94CE29C 
  24      50E81DB5 
  24      50
  25 0044 4A2B4DBD 		.ascii	"J+M\275\261\177\225\036\337:\355\272\177T\255w\016b"
  25      B17F951E 
  25      DF3AEDBA 
  25      7F54AD77 
  25      0E62
  26 0056 4F2E6A6A 		.ascii	"O.jj\014\274pCf\276\363\277\323\337n\032'`\001\274\364"
ARM GAS  /tmp/ccaCPxM3.s 			page 2


  26      0CBC7043 
  26      66BEF3BF 
  26      D3DF6E1A 
  26      276001BC 
  27 006b CF3B05E8 		.ascii	"\317;\005\350\001<\220\303:mnW\377Zp$[\361\2073\311"
  27      013C90C3 
  27      3A6D6E57 
  27      FF5A7024 
  27      5BF18733 
  28 0080 222B93AC 		.ascii	"\"+\223\254M\355\323\014\314\313P\340\363\277\350\003"
  28      4DEDD30C 
  28      CCCB50E0 
  28      F3BFE803 
  29 0090 91C85109 		.ascii	"\221\310Q\011"
  30              		.text
  31              		.section	.gnu.lto_.inline.2762a543f328e7a5,"e",%progbits
  32 0000 789CE360 		.ascii	"x\234\343``d`bd\200\003f\006\026\341\267G\327\035f\312"
  32      60646062 
  32      64800366 
  32      0616E1B7 
  32      47D71D66 
  33 0015 068AF35F 		.ascii	"\006\212\363_\355\276\333\300\224\311\300\300~f\335"
  33      EDBEDBC0 
  33      94C9C0C0 
  33      7E66DD
  34 0024 9745CCA9 		.ascii	"\227E\314\251L\014L 5L\334@\015\214\023\374\330\204"
  34      4C0C4C20 
  34      354CDC40 
  34      0D8C13FC 
  34      D884
  35 0036 8034D369 		.ascii	"\2004\323i\016\240\021\342\2636?{\303\234\316\310\304"
  35      0EA011E2 
  35      B3363F7B 
  35      C39CCEC8 
  35      C4
  36 0047 A0C00834 		.ascii	"\240\300\0104\203\021H2\260\212544,`Jc``\0032\032\230"
  36      83114832 
  36      B08A3534 
  36      342C604A 
  36      63606003 
  37 005e 5240DA19 		.ascii	"R@\332\031\301\314$&\006\0268\233\201\205\201\351\354"
  37      C1CC2426 
  37      0616389B 
  37      818581E9 
  37      EC
  38 006f CCCDCF80 		.ascii	"\314\315\317\200,\016\210\361@\002\352$\246\011~\014"
  38      2C0E88F1 
  38      4002EA24 
  38      A6097E0C 
  39 007f AC820C60 		.ascii	"\254\202\014`\353\230\031@\006\276@\267E\004\250w\032"
  39      EB981940 
  39      06BE40B7 
  39      4504A877 
  39      1A
  40 0090 F56C6100 		.ascii	"\365la\000\000\316\2762l"
  40      00CEBE32 
  40      6C
ARM GAS  /tmp/ccaCPxM3.s 			page 3


  41              		.text
  42              		.section	.gnu.lto_.pureconst.2762a543f328e7a5,"e",%progbits
  43 0000 789CE360 		.ascii	"x\234\343``d\340b```f\330\311\3028\223\205y&\013\000"
  43      6064E062 
  43      60606066 
  43      D8C9C238 
  43      93857926 
  44 0016 0B920212 		.ascii	"\013\222\002\022"
  45              		.text
  46              		.section	.gnu.lto_flashWaitErase.2762a543f328e7a5,"e",%progbits
  47 0000 789C7D53 		.ascii	"x\234}S[KTQ\024\336\337\331\3476\352$\364\024\370\342"
  47      5B4B5451 
  47      14DEDFD9 
  47      E736EA24 
  47      F414F8E2 
  48 0014 43124139 		.ascii	"C\022A9B=\344\203\020\364\003\"\372\001Q6\241e\027f"
  48      423DE483 
  48      10F40322 
  48      FA015136 
  48      A1651766 
  49 0028 A2D7F65C 		.ascii	"\242\327\366\\\354:\245\017Y\026\331D2t!\254 2\262\313"
  49      EC3AA50F 
  49      5916D944 
  49      327421AC 
  49      2032B2CB 
  50 003c 314BD3EC 		.ascii	"1K\323\354f\367\240)\2220\273Z\221E\204\265\326>\307"
  50      66F7A029 
  50      9230BB5A 
  50      914584B5 
  50      D63EC7
  51 004f B2A88699 		.ascii	"\262\250\206\2315k\257\375}\337Z\347\333\373\270\002"
  51      356BAFFD 
  51      7DDF5AE7 
  51      DBFBB802 
  52 005f 62B92944 		.ascii	"b\271)D\235\020b\001\375`\013\030J\251\271N\3025 \203"
  52      9D106201 
  52      FD600B18 
  52      4AA9B94E 
  52      C2352083 
  53 0073 4C1A665B 		.ascii	"L\032f[C\275c\252\002k`\344\353\034S\025\231\200\336"
  53      43BD63AA 
  53      026B60E4 
  53      EB1C5315 
  53      9980DE
  54 0086 53AE15A0 		.ascii	"S\256\025\240:]\210\365\2064-P\024??\015r\227D\323\346"
  54      3A5D88F5 
  54      86342D50 
  54      143F3F0D 
  54      729744D3 
  55 009b 8EFBE1E9 		.ascii	"\216\373\341\351\007\225J*o\327hU\"U?%K\230\335R`V\011"
  55      07954A2A 
  55      6FD76855 
  55      22553F25 
  55      4B98DD52 
  56 00b2 2A4A3412 		.ascii	"*J4\022g0\235\260\371d\313\227\242\3552+\001\223\226"
  56      67309DB0 
  56      F964CB97 
ARM GAS  /tmp/ccaCPxM3.s 			page 4


  56      A2ED322B 
  56      019396
  57 00c5 3BFA4EF6 		.ascii	";\372N\366\026\360\322@)-\033\357\275=*e\004\202\362"
  57      16F0D240 
  57      292D1BEF 
  57      BD3D2A65 
  57      0482F2
  58 00d8 DE8F8D7B 		.ascii	"\336\217\215{C\323rZ\265?'\325\324\254\2248\007\311"
  58      43D3725A 
  58      B53F27D5 
  58      D4AC9438 
  58      07C9
  59 00ea B2675182 		.ascii	"\262gQ\202\016\2200\325H\372<\246\011\246<;1\326\024"
  59      0E9030D5 
  59      48FA3CA6 
  59      09A63C3B 
  59      31D614
  60 00fd B64DEECC 		.ascii	"\266M\356\314\035/\300\306oU\010\015;p\270\365#\344"
  60      1D2FC0C6 
  60      6F55080D 
  60      3B70B8F5 
  60      23E4
  61 010f 6CDD65DB 		.ascii	"l\335e\333\343w\237\254\262V\345Q\227\261!\271Gy\351"
  61      E3779FAC 
  61      B256E551 
  61      97B121B9 
  61      4779E9
  62 0122 D2AC34D1 		.ascii	"\322\2544\321\371G#\341S\273\367\367\3649\262RSG\357"
  62      F94723E1 
  62      53BBF7F7 
  62      F439B252 
  62      5347EF
  63 0135 ED7BC854 		.ascii	"\355{\310T\036p\264\335jV^\202\250\002]>\365\327\243"
  63      1E70B4DD 
  63      6A565E82 
  63      A8025D3E 
  63      F5D7A3
  64 0148 4F180D97 		.ascii	"O\030\015\227P\206\213(\323\303M\334I\223\313j\377`"
  64      50868B28 
  64      D3C34DDC 
  64      4993CB6A 
  64      FF60
  65 015a C612B80C 		.ascii	"\306\022\270\014[\217:att\323\243x\314@\017eB\030\343"
  65      5B8F3A61 
  65      7474D3A3 
  65      78CC400F 
  65      654218E3 
  66 016e 42C7062C 		.ascii	"B\307\006,O\215}\337\250\274\374g\344^e0\031d\212eP"
  66      4F8D7DDF 
  66      A8BCFC67 
  66      E45E6530 
  66      19648A65 
  67 0183 B02505C7 		.ascii	"\260%\005\307\244\340Z\034l\016\016\007\2277\012\301"
  67      A4E05A1C 
  67      6C0E0E07 
  67      97370AC1 
  68 0193 BE85052B 		.ascii	"\276\205\005+\025\353(\304V)F\276\036\232\003\345qn"
ARM GAS  /tmp/ccaCPxM3.s 			page 5


  68      15EB28C4 
  68      562946BE 
  68      1E9A03E5 
  68      716E
  69 01a5 E83C4179 		.ascii	"\350<AyF\362-P&R\264x\211\344\331\341-\2036\017\332"
  69      46F22D50 
  69      2652B478 
  69      89E4D9E1 
  69      2D83360F 
  70 01ba 22D9E1ED 		.ascii	"\"\331\341\355\251wy\227OQjc\274G\307\037N\312\2415"
  70      A9777997 
  70      4F516A63 
  70      BC47C71F 
  70      4ECAA135 
  71 01ce 41147224 		.ascii	"A\024r$\324\"\013q\205M\244\275D\366\311i\273\242M\371"
  71      D4220B71 
  71      854DA4BD 
  71      44F6C969 
  71      BBA24DF9 
  72 01e2 5B167A91 		.ascii	"[\026z\221C\263\177\\}\250\320\332!_\330\230(l\375M"
  72      43B37F5C 
  72      7DA8D0DA 
  72      215FD898 
  72      286CFD4D 
  73 01f6 B880BAE3 		.ascii	"\270\200\272\343j \334\326~\360F\230\204\033\365V!\372"
  73      6A20DCD6 
  73      7EF04698 
  73      841BF556 
  73      21FA
  74 0208 B5309F38 		.ascii	"\2650\2378\256\221\360k\324\227\372\272a\222\0264\022"
  74      AE91F06B 
  74      D497FABA 
  74      61921634 
  74      12
  75 0219 713A1247 		.ascii	"q:\022G\336\333i$\003\275\"6\224A\002\327\221FV\206"
  75      DEDB6924 
  75      03BD2236 
  75      944102D7 
  75      91465686 
  76 022d C573A45F 		.ascii	"\305s\244_t\345\233+\002*qNm~s8\304#\011\0007\202\253"
  76      74E59B2B 
  76      022A714E 
  76      6D7E7338 
  76      C4230900 
  77 0244 9191E67B 		.ascii	"\221\221\346{\366\312\267\347b~8\323\3450\205\005\211"
  77      F6CAB7E7 
  77      627E38D3 
  77      E5308505 
  77      89
  78 0255 33F46130 		.ascii	"3\364a0_X\331\2566\221&\035\346MT\212\267H\006\363\024"
  78      5F58D9AE 
  78      3691261D 
  78      E64D548A 
  78      B74806F3 
  79 026a 137F14C5 		.ascii	"\023\177\024\305\244.\037={\000\322\262\032\352\357"
  79      A42E1F3D 
  79      7B00D2B2 
ARM GAS  /tmp/ccaCPxM3.s 			page 6


  79      1AEAEF
  80 0279 F7C871AF 		.ascii	"\367\310q\257w\0167\267\302\207J}u\250\366mcP1\251H"
  80      770E37B7 
  80      C2874A7D 
  80      75A8F66D 
  80      635031A9 
  81 028e 85D4F10D 		.ascii	"\205\324\361\015A\301\242\032u\274\266o\317\003\375"
  81      41C1A21A 
  81      75BCB66F 
  81      CF03FD
  82 029d 9AB9F0D2 		.ascii	"\232\271\360\322U\270Es\022j\3578\212\201\204\032\356"
  82      55B84573 
  82      126AEF38 
  82      8A81841A 
  82      EE
  83 02ae BC7D3740 		.ascii	"\274}7@\0159\030\360A\247\307A\016\341\0104ryg\225\217"
  83      0D3918F0 
  83      41A7C741 
  83      0EE10834 
  83      72796795 
  84 02c3 79E1E0B6 		.ascii	"y\341\340\266\306\374\352\357\022\214\274M?\375\234"
  84      C6FCEAEF 
  84      128CBC4D 
  84      3FFD9C
  85 02d2 6AEA015F 		.ascii	"j\352\001_N>\213\226C\375\337C\354\253\233\225\223v"
  85      4E3E8B96 
  85      43FDDF43 
  85      ECAB9B95 
  85      9376
  86 02e4 D3BBDDCD 		.ascii	"\323\273\335\315\236\336!O\311x\252\025k\223\360o\207"
  86      9EDE214F 
  86      C978AA15 
  86      6B93F06F 
  86      87
  87 02f5 EE92437C 		.ascii	"\356\222C|\003\241]Mz\354\361\214\362\362\010}WDc\253"
  87      03A15D4D 
  87      7AECF18C 
  87      F2F2087D 
  87      574463AB 
  88 0309 A2759179 		.ascii	"\242u\221y5\265Kj\347/\214\254\216Gj\026\327E\342\261"
  88      35B54B6A 
  88      E72F8CAC 
  88      8E476A16 
  88      D745E2B1 
  89 031d 6AFE5FB4 		.ascii	"j\376_\264\254nq\274\246\274Z\230K\243\353\326\230+"
  89      AC6E71BC 
  89      A6BC5A98 
  89      4BA3EBD6 
  89      982B
  90 032f E3D16A19 		.ascii	"\343\321j\031\215\305\"\377\243\256\216S\210\255\235"
  90      8DC522FF 
  90      A3AE8E53 
  90      88AD9D
  91 033e B9AAD6CF 		.ascii	"\271\252\326\317\313k\304\017\267\250\216\243"
  91      CB6BC40F 
  91      B7A88EA3 
  92              		.text
ARM GAS  /tmp/ccaCPxM3.s 			page 7


  93              		.section	.gnu.lto_flashGetSectorOffset.2762a543f328e7a5,"e",%progbits
  94 0000 789C9554 		.ascii	"x\234\225T\335O\\E\024\237s\317\334\273w\027XA\240\""
  94      DD4F5C45 
  94      149F73CF 
  94      DCBB7717 
  94      5841A022 
  95 0014 F8C08384 		.ascii	"\370\300\203\2044i\330&\366\305\370b\322\304\370`\342"
  95      3469D826 
  95      F6C5F862 
  95      D2C4F860 
  95      E2
  96 0025 837F8069 		.ascii	"\203\177\200i\227%\020\2114l\343kg?\24416H\242\246\335"
  96      97251089 
  96      346CE36B 
  96      673FA431 
  96      3648A2A6 
  97 003a 8DEB25AE 		.ascii	"\215\353%\256\320&5-Jc\213\364c\225\326v[\260\037V\244"
  97      D026352D 
  97      4A638BF4 
  97      6395D676 
  97      5BB01F56 
  98 004f A8C53476 		.ascii	"\250\3054vU\242\220\024\322hB\300sf.\037E^z\263;;3\347"
  98      55A29014 
  98      D26842C0 
  98      73662E1F 
  98      455E7AB3 
  99 0067 FC7EE777 		.ascii	"\374~\347w~3{]\001b\321\026\342\025!D+}\301\025`)\245"
  99      7E337B5D 
  99      0162D116 
  99      E2152144 
  99      2B7DC115 
 100 007e 5E0C245C 		.ascii	"^\014$\\\313\302\211\314\260#UH\016\227\306\237\227"
 100      CBC289CC 
 100      B0235548 
 100      0E97C69F 
 100      97
 101 008f AA1C41FA 		.ascii	"\252\034A\3721i\331\331\341\322\016\2129\245\361L5\305"
 101      3169D9D9 
 101      E1D20E8A 
 101      39A5F14C 
 101      35C5
 102 00a1 6C08F831 		.ascii	"l\010\3701gm\026\000\3203\345\2028`\241\264\235\000"
 102      676D1600 
 102      D033E582 
 102      3860A1B4 
 102      9D00
 103 00b3 1C80F7F0 		.ascii	"\034\200\367\3600\302\335d\356\237\362^\364P\200\244"
 103      30C2DD64 
 103      EE9FF25E 
 103      F45080A4 
 104 00c3 E507574F 		.ascii	"\345\007WO\025C\274\004h\244ez\362\343\021\271\375\250"
 104      1543BC04 
 104      68A4657A 
 104      F2E311B9 
 104      FDA8
 105 00d5 52495538 		.ascii	"RIU8<\345\034;uC\005=\264D\206\322G\241\001\276\202"
 105      3CE51C3B 
ARM GAS  /tmp/ccaCPxM3.s 			page 8


 105      7543053D 
 105      B44486D2 
 105      47A101BE 
 106 00ea 06C10F9C 		.ascii	"\006\301\017\234\205\355\224\33679\367\031b\004\004"
 106      85ED94DE 
 106      3739F719 
 106      620404
 107 00f9 CD8B0B7D 		.ascii	"\315\213\013}\037\005\233\0074\364\342 \252g=D8\007"
 107      1F059B07 
 107      34F4E220 
 107      AA673D44 
 107      3807
 108 010b F80894F6 		.ascii	"\370\010\224\366\010|\036\232\0110SH\246%\356\322\340"
 108      087C1E9A 
 108      09305348 
 108      A625EED2 
 108      E0
 109 011c E30BC99B 		.ascii	"\343\013\311\233\025>x.[7\230R/{(\341\302\377\340\222"
 109      153E782E 
 109      5B379852 
 109      2F7B28E1 
 109      C2FFE092 
 110 0130 E0056816 		.ascii	"\340\005h\026\014\372\262poD\342\013\232\340\267\376"
 110      0CFAB270 
 110      6F44E20B 
 110      9AE0B7FE 
 111 0140 BEA5F2A6 		.ascii	"\276\245\362\246\274&X\316\326\347S\352\212\222\036"
 111      BC2658CE 
 111      D6E753EA 
 111      8A921E
 112 014f DAF0F526 		.ascii	"\332\360\365&\012~(\177\361\375\351\2310\276\244\261"
 112      0A7E287F 
 112      F1FDE999 
 112      30BEA4B1 
 113 015f 0F16DE19 		.ascii	"\017\026\336\031\226>\366a\266\346\023\037k\301\330"
 113      963EF661 
 113      B6E6131F 
 113      6BC1D8
 114 016e D6D87B9F 		.ascii	"\326\330{\237/\177X\341H\270\010M\360\0154\2619l\311"
 114      2F7F58E1 
 114      48B8084D 
 114      F00D34B1 
 114      396CC9
 115 0181 2570E850 		.ascii	"%p\350P\005\256\356\347Q\234\274e\027\324\362\312Aj"
 115      05AEEEE7 
 115      519CBC65 
 115      17D4F2CA 
 115      416A
 116 0193 AA7E69F1 		.ascii	"\252~i\361~U-P\013\216EC\000ip%\015A\233\206\220\303"
 116      7E552D50 
 116      0B8E4543 
 116      00697025 
 116      0D419B86 
 117 01a9 43808632 		.ascii	"C\200\2062\227\003A\236\205xV&\230/\014lZ\245`\336*"
 117      9703419E 
 117      85785626 
 117      982F0C6C 
ARM GAS  /tmp/ccaCPxM3.s 			page 9


 117      5AA560DE 
 118 01be 6007AAF5 		.ascii	"`\007\252\365~\215\036\205x\027\005\035\270\222\240"
 118      7E8D1E85 
 118      7817051D 
 118      B892A0
 119 01cd 0A421C42 		.ascii	"\012B\034B\313,\022\264\230\205\344\331?O\216mcy9\004"
 119      CB2C12B4 
 119      9885E4D9 
 119      3F4F8E6D 
 119      63793904 
 120 01e1 92DF9B9A 		.ascii	"\222\337\233\232\277\353\362\221\243\356\2760=t'<\000"
 120      BFEBF291 
 120      A3EEBE30 
 120      3D74273C 
 120      00
 121 01f2 F904411A 		.ascii	"\371\004A\032=,\317a\030\276\345n)\226\360f\3168;O("
 121      3D2CCF61 
 121      18BEE56E 
 121      2996F066 
 121      CE383B4F 
 122 0207 1372E032 		.ascii	"\023r\3402\014\300\021\323\355\025\330\251\271\203\206"
 122      0CC011D3 
 122      ED15D8A9 
 122      B98386
 123 0216 D8DA48EC 		.ascii	"\330\332H\354lE\\A\325\241\350\023\2378}\364z\005\021"
 123      6C455C41 
 123      D5A1E813 
 123      9F387DF4 
 123      7A0511
 124 0229 F7E95018 		.ascii	"\367\351P\030\256jb`\342kD\374\027\244\033\015o%Q\013"
 124      AE6A6260 
 124      E26B44FC 
 124      17A41B0D 
 124      6F25510B 
 125 023d 92E4E113 		.ascii	"\222\344\341\023\246\225\221\250\011\340\306\202\366"
 125      A69591A8 
 125      09E0C682 
 125      F6
 126 024a 5605095A 		.ascii	"V\005\011Z\011\343[\026\254\202\011]\320\342\202\337"
 126      09E35B16 
 126      AC82095D 
 126      D0E282DF 
 127 025a E94E5267 		.ascii	"\351NRg\016\202a\226D\236\303*.\267\264\272g\3236\251"
 127      0E826196 
 127      449EC32A 
 127      2EB7B4BA 
 127      67D336A9 
 128 026e 7ADB57E5 		.ascii	"z\333W\345\020\343\350\342\271\331`\032\222\211:\017"
 128      10E3E8E2 
 128      B9D9601A 
 128      92893A0F 
 129 027e 9FCCB076 		.ascii	"\237\314\260v\270\016i \2616E/\317\377}\033XZ\010\004"
 129      B80E6920 
 129      B136452F 
 129      CFFF7D1B 
 129      585A0804 
 130 0292 DC80060F 		.ascii	"\334\200\006\017\253\305}H\377\261\333'\340=}\237\016"
ARM GAS  /tmp/ccaCPxM3.s 			page 10


 130      ABC57D48 
 130      FFB1DB27 
 130      E03D7D9F 
 130      0E
 131 02a3 21D21FF9 		.ascii	"!\322\037\3719>+k\265m\026\234;6\276\242\351]\017k2"
 131      393E2B6B 
 131      B56D169C 
 131      3B36BEA2 
 131      E95D0F6B 
 132 02b8 AC146E32 		.ascii	"\254\024n2\375\306\266k\365r\243\220\332<\232;:\243"
 132      FDC6B66B 
 132      F572A390 
 132      DA3C9A3B 
 132      3AA3
 133 02ca 1E4C84D8 		.ascii	"\036L\204\330\213J\017\267\301\367\204\204[\276\025"
 133      8B4A0FB7 
 133      C1F78484 
 133      5BBE15
 134 02d9 0BBF5F3A 		.ascii	"\013\277_:\357r\376\021\355E-\334&/\314\355\375\201"
 134      EF72FE11 
 134      ED452DDC 
 134      262FCCED 
 134      FD81
 135 02eb F23C7C4A 		.ascii	"\362<|J\313\222\233\356\320h>d\264\007\036\313\352:"
 135      CB929BEE 
 135      D0683E64 
 135      B4071ECB 
 135      EA3A
 136 02fd 98D456B3 		.ascii	"\230\324V\263.\370\221\254f\027\306v\255S\255uSGNM\255"
 136      2EF891AC 
 136      6617C676 
 136      AD53AD75 
 136      53474E4D 
 137 0312 B962D32B 		.ascii	"\271b\323+\260d\371\345SC=\023\247?\265\014\310\245"
 137      B064F9E5 
 137      53433D13 
 137      A73FB50C 
 137      C8A5
 138 0324 C321DCBF 		.ascii	"\303!\334\277s\003S\3108\011.\334!\034\245}\321\343"
 138      730353C8 
 138      38092EDC 
 138      211CA57D 
 138      D1E3
 139 0336 9F5790B8 		.ascii	"\237W\220\270)S+/>c\366j6\351\356\037\344?\342\323\224"
 139      29532B2F 
 139      3E63F66A 
 139      36E9EE1F 
 139      E43FE2D3 
 140 034b 6CCA3E2A 		.ascii	"l\312>*\275\277dyX\017\323Z\274d\361?\221xV\346\320"
 140      BDBF6479 
 140      580FD35A 
 140      BC64F13F 
 140      917856E6 
 141 0360 4B3903EB 		.ascii	"K9\003\353\306\\\310\3575\005B\217eL\003\374\254\271"
 141      C65CC8EF 
 141      3505428F 
 141      654C03FC 
ARM GAS  /tmp/ccaCPxM3.s 			page 11


 141      ACB9
 142 0372 6DE6FEC5 		.ascii	"m\346\376\305\334\301\241\236\"\032\256j\242\343K\310"
 142      DCC1A19E 
 142      221AAE6A 
 142      A2E34BC8 
 143 0382 0503EB27 		.ascii	"\005\003\353'1\007\311\376\343\275\365&\247\214\242"
 143      3107C9FE 
 143      E3BDF526 
 143      A78CA2
 144 0391 0FA18C3A 		.ascii	"\017\241\214:\263\263\363\277\002\201\234\331.z\025"
 144      B3B3F3BF 
 144      02819CD9 
 144      2E7A15
 145 03a0 C00A3DA8 		.ascii	"\300\012=\250_\005B\354hi\211\320\347\215X\367\233\261"
 145      5F0542EC 
 145      686989D0 
 145      E78D58F7 
 145      9BB1
 146 03b2 CEC8EEF6 		.ascii	"\316\310\356\366\216\275\035\257\276\026\351\212G\332"
 146      8EBD1DAF 
 146      BE16E98A 
 146      47DA
 147 03c0 F77446E2 		.ascii	"\367tF\342\335Q\376}\275\255sO\274\275%*dk\354\255}"
 147      DD51FE7D 
 147      BDAD734F 
 147      BCBD252A 
 147      646BECAD 
 148 03d5 4E3C16DD 		.ascii	"N<\026\335\337\325\035j\215\305\243\335\035\373h\352"
 148      DFD51D6A 
 148      8DC5A3DD 
 148      1DFB68EA 
 149 03e5 74B5B5C5 		.ascii	"t\265\265\305c\373\377\003\323{\007="
 149      63FBFF03 
 149      D37B073D 
 150              		.text
 151              		.section	.gnu.lto_flashGetSectorSize.2762a543f328e7a5,"e",%progbits
 152 0000 789C9554 		.ascii	"x\234\225T\337o\024U\024\276\337\234;\263\263c\227\226"
 152      DF6F1455 
 152      14BEDF9C 
 152      3BB3B363 
 152      9796
 153 0012 96E2DAC6 		.ascii	"\226\342\332\306\244\0176\015\011\351\222\300\213\361"
 153      A40F360D 
 153      09E992C0 
 153      8BF1
 154 0020 C584C418 		.ascii	"\305\204\304\030_|\360\0170\270]\323\306FH\327\370 "
 154      5F7CF00F 
 154      30B85DD3 
 154      C64648D7 
 154      F820
 155 0032 09CCFE00 		.ascii	"\011\314\376\000\022%\320\007\014,q\231\352f\203Q\203"
 155      1225D007 
 155      0C2C7199 
 155      EA668351 
 155      83
 156 0043 681B8542 		.ascii	"h\033\205B\353j\371Uh\005*T~\010M\210Vhj\033\255!\220"
 156      EB6AF955 
ARM GAS  /tmp/ccaCPxM3.s 			page 12


 156      68052A54 
 156      7E084D88 
 156      56686A1B 
 157 005a 345BCFBD 		.ascii	"4[\317\2753\375AmL\234\354\336\275\367\236\363}\347"
 157      33FD416D 
 157      4C9CECDE 
 157      BDF79EF3 
 157      7DE7
 158 006c 3BDFBDB3 		.ascii	";\337\275\263\266\200\270m\012\361\212\020\242\205\277"
 158      B680B86D 
 158      0AF18A10 
 158      A285BF
 159 007b B0050CD7 		.ascii	"\260\005\014\327u_\014\245l\303\240\341\\\267%]Gv\217"
 159      755F0CA5 
 159      6CC3A0E1 
 159      5CB7255D 
 159      47768F
 160 008e 0F3D2FDD 		.ascii	"\017=/\335\012\202\014b\3220\017w\217\257\347\2305>"
 160      0A820C62 
 160      D2300F77 
 160      8FAFE798 
 160      353E
 161 00a0 94ABE198 		.ascii	"\224\253\341\230\211P\020\263\026f!@\317\\\033b\247"
 161      895010B3 
 161      16662140 
 161      CF5C1B62 
 161      A7
 162 00b1 41D2B442 		.ascii	"A\322\264B\330\211\375t\220p7\235\177T\261\217<\022"
 162      D889FD74 
 162      9070379D 
 162      7F54B18F 
 162      3C12
 163 00c3 90BC3C70 		.ascii	"\220\274<p\261g\320QK\240\201\227\331\321#'\345\272"
 163      B167D051 
 163      4BA08197 
 163      D9D12327 
 163      E5BA
 164 00d5 A3AE9B76 		.ascii	"\243\256\233vK\007{C\207{\256\270a\217\014\221\343\364"
 164      4B077B43 
 164      877BAEB8 
 164      618F0C91 
 164      E3F4
 165 00e7 53A8472F 		.ascii	"S\250G/\352\205zp\032\3538\275st\352\013\242\030\004"
 165      EA857A70 
 165      1AEB38BD 
 165      7374EA0B 
 165      A21804
 166 00fa CF07673A 		.ascii	"\317\007g:?\0127\0255\364L\221\334\347<\"\364\201\236"
 166      3F0A3715 
 166      35F44C91 
 166      DCE73C22 
 166      F4819E
 167 010d 80F21E83 		.ascii	"\200\362\036\203\373\321\304\200\261R:+i\223\006\177"
 167      FBD1C480 
 167      B1523A2B 
 167      6993067F 
 168 011d 3E93BE1A 		.ascii	">\223\276\032\011\300\017\363\321b\306}\331#\211\357"
ARM GAS  /tmp/ccaCPxM3.s 			page 13


 168      09C00FF3 
 168      D162C67D 
 168      D92389EF 
 169 012d FE05970C 		.ascii	"\376\005\227\014/\241I(\3207\245{'%\275\240\011~\355"
 169      2FA14928 
 169      D037A57B 
 169      2725BDA0 
 169      097EED
 170 0140 EA9CAD68 		.ascii	"\352\234\255h,h\202sG\352\012\031\367\202+=2\361\375"
 170      2C688273 
 170      47EA0A19 
 170      F7822B3D 
 170      32F1FD
 171 0153 320AF570 		.ascii	"2\012\365p\376'\251\353\227\"\364\222\306\376\271\253"
 171      FE27A9EB 
 171      9722F492 
 171      C6FEB9AB 
 172 0163 7F241260 		.ascii	"\177$\022`\313\371\350\307\001\326\300\300\312\330{"
 172      CBF9E8C7 
 172      01D6C0C0 
 172      CAD87B
 173 0172 5F953F8C 		.ascii	"_\225?\214X\022g\320\210\037\320\250\314Q\226\234\205"
 173      581267D0 
 173      881FD0A8 
 173      CC51969C 
 173      85
 174 0183 C5872A68 		.ascii	"\305\207*h~\277@\342\313\021\263\344\226\347\366pS\317"
 174      7EBF40E2 
 174      CB11B3E4 
 174      96E7F670 
 174      53CF
 175 0195 4EF69457 		.ascii	"N\366\224W\257\001\267`\031<\204\210\007[\362\0206y"
 175      AF01B760 
 175      193C8488 
 175      075BF210 
 175      3679
 176 01a7 702C3584 		.ascii	"p,5\204xx\312V\201\260\2329BQE\240\374\252\024\212\262"
 176      7878CA56 
 176      81B09A39 
 176      425145A0 
 176      FCAA148A 
 177 01bc 0AAAF96A 		.ascii	"\012\252\371j\275_\243G!> \301g\355J\270%!\366\222\341"
 177      BD5FA347 
 177      213E20C1 
 177      67ED4AB8 
 177      2521F692 
 178 01d1 2F52BC98 		.ascii	"/R\274\230@\372\364\203\373\003k\225\262<\201\225\357"
 178      40FAF483 
 178      FB036B95 
 178      B23C8195 
 178      EF
 179 01e2 CB4CDFB5 		.ascii	"\313L\337\265\325i\223n\274t\353\370\315UE\024R\014"
 179      D569936E 
 179      BC74EBF8 
 179      CD554514 
 179      520C
 180 01f4 69F0A822 		.ascii	"i\360\250\"O\021\234S\215r,\345\215\235\2606\034s\375"
ARM GAS  /tmp/ccaCPxM3.s 			page 14


 180      4F119C53 
 180      8D722CE5 
 180      8D9DB036 
 180      1C73FD
 181 0207 9085F328 		.ascii	"\220\205\363(\342\220\337\350\005l\320\334a\237\330"
 181      E290DFE8 
 181      056CD0DC 
 181      619FD8
 182 0216 584A6CAD 		.ascii	"XJl\255D\034\341\352\030\014\210\217}{\364r\204\211"
 182      441CE1EA 
 182      180C888F 
 182      7D7BF472 
 182      8489
 183 0228 3B756815 		.ascii	";uh\025.jb(\342KL<\211l\203\317[\311\324\202%yT\351"
 183      2E6A6228 
 183      E24B4C3C 
 183      896C83CF 
 183      5BC9D482 
 184 0240 B73211F7 		.ascii	"\2672\021\367\003\264\264\240\271R\301*Fch\305\202\253"
 184      03B4B4A0 
 184      B952C12A 
 184      466368C5 
 184      82AB
 185 0252 31AC0B1A 		.ascii	"1\254\013\032\252\340\217\272\223\314\211=\360\231%"
 185      AAE08FBA 
 185      93CC893D 
 185      F09925
 186 0261 93E7A94A 		.ascii	"\223\347\251J\225\233\235\3373y\233U\355\012TY\314x"
 186      959B9DDF 
 186      33799B55 
 186      ED0A5459 
 186      CC78
 187 0273 EAEFBE89 		.ascii	"\352\357\276\211p\026\351T\324\243\352\234\322\216\313"
 187      7016E954 
 187      D4A3EA9C 
 187      D28ECB
 188 0282 C882C59A 		.ascii	"\310\202\305\232\034=?\375\3075(i\016\004\256\240\336"
 188      1C3D3FFD 
 188      C7352869 
 188      0E04AEA0 
 188      DE
 189 0293 A31AF11B 		.ascii	"\243\032\361\033\262\3677\007\004jO_\245\275D\374\016"
 189      B2F73707 
 189      046A4F5F 
 189      A5BD44FC 
 189      0E
 190 02a4 6F546765 		.ascii	"oTge\314\267\255\004\347?\035\232\323\364\266GkrJ)\256"
 190      CCB7AD04 
 190      E73F1D9A 
 190      D3F4B647 
 190      6B724A29 
 191 02b9 2AFAA56D 		.ascii	"*\372\245m\327\352\345R!\265\005\362\257\347\230\373"
 191      D7EAE552 
 191      21B505F2 
 191      AFE798FB 
 192 02c9 D7B0A3BC 		.ascii	"\327\260\243\274\250\362h-~b$F\002+f~?\333o\253\374"
 192      A8F2682D 
ARM GAS  /tmp/ccaCPxM3.s 			page 15


 192      7E622446 
 192      022B667E 
 192      3FDB6FAB 
 193 02de 43DA8B5A 		.ascii	"C\332\213Z\\c/\374\213{\235\363<zZ\313\222\313\356\320"
 193      5C632FFC 
 193      8B7B9DF3 
 193      3C7A5ACB 
 193      92CBEED0 
 194 02f2 64C1F1B5 		.ascii	"d\301\361\265\207\376\227\325Q\214j\253\225.\374\314"
 194      87FE97D5 
 194      518C6AAB 
 194      952EFCCC 
 195 0302 562B1706 		.ascii	"V+\027\0066-R-t\023e\247n,\270b\362\277\337\270\021"
 195      362D522D 
 195      741365A7 
 195      6E2CB862 
 195      F2BFDFB8 
 196 0317 94CF1CDF 		.ascii	"\224\317\034\337}\247o68\013\233\017\207q\217\247\212"
 196      7DA76F36 
 196      380B9B0F 
 196      87718FA7 
 196      8A
 197 0328 3748E124 		.ascii	"7H\341$l\334d\034\247}\275;\310\01137gj\345\203u\376"
 197      6CDC641C 
 197      A77DBD3B 
 197      C8093337 
 197      676AE583 
 198 033e 5ECD32DD 		.ascii	"^\3152\335]e\365\">\303\311~\331'\245w\365\033\036\325"
 198      5D65F522 
 198      3EC3C97E 
 198      D927A577 
 198      F51B1ED5 
 199 0352 E196162F 		.ascii	"\341\226\026/\225\370\333,^)\263\370\3778\207Ec\036"
 199      95F8DB2C 
 199      5E29B3F8 
 199      FF388745 
 199      631E
 200 0364 0D587E81 		.ascii	"\015X~\201\352\345\005zU\201\377\360\246\016\277hzS"
 200      EAE5057A 
 200      5581FFF0 
 200      A60EBF68 
 200      7A53
 201 0376 D1DF09E8 		.ascii	"\321\337\011\350C\213\276O!\3355\275?\220\357p\364!"
 201      438BBE4F 
 201      21DD35BD 
 201      3F90EF70 
 201      F421
 202 0388 1CEEC3FC 		.ascii	"\034\356\303\374l;\027\263\336\337\301\257=\346\370"
 202      6C3B17B3 
 202      DEDFC1AF 
 202      3DE6F8
 203 0397 21FDDA0B 		.ascii	"!\375\332\013\261\276\2719\306\237\267\022\035o'\332"
 203      B1BEB939 
 203      C69FB712 
 203      1D6F27DA 
 204 03a7 639B5BDB 		.ascii	"c\233[\333\336h{\365\265\330\326d\254uK{,\331\021W\277"
 204      DE687BF5 
ARM GAS  /tmp/ccaCPxM3.s 			page 16


 204      B5D8D664 
 204      AC754B7B 
 204      2CD91157 
 205 03bc AFBFD9BE 		.ascii	"\257\277\331\276%\331\332\034\027\262%\361\3566+\231"
 205      25D9DA1C 
 205      17B225F1 
 205      EE362B99 
 206 03cc 88BFB3B5 		.ascii	"\210\277\263\265\303iI$\343\035m\333x*\223m\357%\376"
 206      C3694924 
 206      E31D6DDB 
 206      782A936D 
 206      EF25FE
 207 03df 013A0EFF 		.ascii	"\001:\016\377Q"
 207      51
 208              		.text
 209              		.section	.gnu.lto_.symbol_nodes.2762a543f328e7a5,"e",%progbits
 210 0000 789C75CD 		.ascii	"x\234u\315=\016\001a\030\004\340\231y\367\333u\013\211"
 210      3D0E0161 
 210      1804E099 
 210      79F7DB75 
 210      0B89
 211 0012 2B68941C 		.ascii	"+h\224\034J\375~\215\232V\257p\000\277\253\225hD\353"
 211      4AFD7E8D 
 211      9A56AF70 
 211      00BFAB95 
 211      6844EB
 212 0025 02A2566B 		.ascii	"\002\242VkX\273\254\302\232j\222g\222i\201\010\004\240"
 212      58BBACC2 
 212      9A6A9267 
 212      92698108 
 212      04A0
 213 0037 851CB7FB 		.ascii	"\205\034\267\373\274\307\311\011p \217\003\274\000Z"
 213      BCC7C909 
 213      70208F03 
 213      BC005A
 214 0046 CA198B24 		.ascii	"\312\031\213$?\024r!v\000\323J\256?\233\235Xn\270\226"
 214      3F147221 
 214      7600D34A 
 214      AE3F9B9D 
 214      586EB896 
 215 005a DBE39D76 		.ascii	"\333\343\235v\271\003b\354\003\334\312\223f\331\310"
 215      B90362EC 
 215      03DCCA93 
 215      66D9C8
 216 0069 43A318C2 		.ascii	"C\243\030\302xt>\030\367Y\202\352yX|dU\275\320\230^"
 216      78743E18 
 216      F75982EA 
 216      79587C64 
 216      55BDD098 
 217 007e 8FD32E67 		.ascii	"\217\323.gi\302\232\355\313V\263}\030O\203nR\240"
 217      69C29AED 
 217      CB56B37D 
 217      184F836E 
 217      52A0
 218              		.text
 219              		.section	.gnu.lto_.refs.2762a543f328e7a5,"e",%progbits
 220 0000 789CE360 		.ascii	"x\234\343``d\340f```ddb\342ddfb\341d\000\000\002\022"
ARM GAS  /tmp/ccaCPxM3.s 			page 17


 220      6064E066 
 220      60606064 
 220      6462E264 
 220      646662E1 
 221 0019 0037     		.ascii	"\0007"
 222              		.text
 223              		.section	.gnu.lto_.decls.2762a543f328e7a5,"e",%progbits
 224 0000 789CAD58 		.ascii	"x\234\255X{PT\327\031\277\347\236e\027\226]`\3204vt"
 224      7B5054D7 
 224      19BFE79E 
 224      6517965D 
 224      60D03476 
 225 0015 5A932135 		.ascii	"Z\223!5m\242\304\304I\233i\377\310$\323&\3774\371\303"
 225      6DA2C4C4 
 225      499B69FF 
 225      C824D326 
 225      FF34F9C3 
 226 0029 B49D34D3 		.ascii	"\264\2354\323nV\\\205\026\201\356.6\266\231\351\005"
 226      6E565C85 
 226      1681EE2E 
 226      36B699E9 
 226      05
 227 003a 16044403 		.ascii	"\026\004D\003\032\345\245\341!*\210\017\024| \362\020"
 227      1AE5A5E1 
 227      212A880F 
 227      147C20F2 
 227      10
 228 004b 41449097 		.ascii	"AD\220\227\240 \202\240((\010(\310[\351w\316\271w\271"
 228      A02082A0 
 228      28280828 
 228      C85BE977 
 228      CEB977B9 
 229 005f 17766D3A 		.ascii	"\027vm:\355\205o\357=\347~\217\337\367;\317{\\9\304"
 229      ED856FEF 
 229      3DE77E8F 
 229      DFF73BCF 
 229      7B5C39C4 
 230 0073 792DE5B8 		.ascii	"y-\345\270\2571\307\255\3419n\026.\025\307q\215 \344"
 230      AF31C7AD 
 230      E1396E16 
 230      2E15C771 
 230      8D20E4
 231 0086 DE00720B 		.ascii	"\336\000r\013\244\013D\315\261\213\334\007A\236\202"
 231      A40B44CD 
 231      B18BDC07 
 231      419E82
 232 0095 CC80F088 		.ascii	"\314\200\360\210\3434 \336 \340\202[\006\367\037#Nq"
 232      E33420DE 
 232      20E0825B 
 232      06F71F23 
 232      4E71
 233 00a7 7540D90B 		.ascii	"u@\331\013\356\003 \336 \213E\337S \177\206w?\001Y\001"
 233      EE0320DE 
 233      208B45DF 
 233      53207F86 
 233      773F0159 
 234 00bc CFAF83D4 		.ascii	"\317\257\203\324\203\374\011\312\006\220WA^\003\371"
ARM GAS  /tmp/ccaCPxM3.s 			page 18


 234      83FC09CA 
 234      06905741 
 234      5E03F9
 235 00cb 120489FE 		.ascii	"\022\004\211\376kA\376\010\317X\304\261\0161\014\363"
 235      6B41FE08 
 235      CF58C4B1 
 235      0E310CF3 
 236 00db AF7EA85B 		.ascii	"\257~\250[&\2137\"\306$\271lA,\356\247b\334\177\"\226"
 236      268B3722 
 236      C624B96C 
 236      412CEEA7 
 236      62DC7F22 
 237 00f0 57049A8B 		.ascii	"W\004\232\213o\003\371\004\344+\220H\220(\220\255 \321"
 237      6F03F904 
 237      E42B9048 
 237      902890AD 
 237      20D1
 238 0102 2031204B 		.ascii	" 1 K\210\015H,H8\3106\2208\321\017\301\370\005<[@BA"
 238      880D482C 
 238      4838C836 
 238      9038D10F 
 238      C1F8053C 
 239 011a 04901011 		.ascii	"\004\220\020\0213\341\315[\344\014\211|\311\257I(/\225"
 239      33E1CD5B 
 239      E40C897C 
 239      C9AF4928 
 239      2F95
 240 012c E19EFA3F 		.ascii	"\341\236\372?\342&m\331\316)q;\303\034&\303<3\017\363"
 240      E2266DD9 
 240      CE29713B 
 240      C31C26C3 
 240      3C330FF3 
 241 0140 FCF64DC4 		.ascii	"\374\366M\304\2503|\337\204n\007F\336Z\244\202\342\267"
 241      A8337CDF 
 241      846E0746 
 241      DE5AA482 
 241      E2B7
 242 0152 570AAAB5 		.ascii	"W\012\252\265P\\\254E\313\241\2300\233\325\354\206\241"
 242      505CAC45 
 242      CBA19830 
 242      9BD5EC86 
 242      A1
 243 0163 99E0396E 		.ascii	"\231\3409n*%\307\015\253\351\363h[r\222\326\367\250"
 243      2A25C70D 
 243      ABE9F368 
 243      5B7292D6 
 243      F7A8
 244 0175 C02ED7BF 		.ascii	"\300.\327\277p\250\030\3419\2479\265\035\207\020\376"
 244      70A818E1 
 244      39A739B5 
 244      1D8710FE 
 245 0185 25554DCD 		.ascii	"%UM\315.\037\363X\224 \252\012\210B@\245\010\2432\264"
 245      2E1FF358 
 245      9420AA0A 
 245      884240A5 
 245      08A332B4 
 246 0199 0895205F 		.ascii	"\010\225 _\321&-?<\336]\322\2639\327\313m\237NP\351"
ARM GAS  /tmp/ccaCPxM3.s 			page 19


 246      D1262D3F 
 246      3CDE5DD2 
 246      B339D7CB 
 246      6D9F4E50 
 247 01ae 6205215C 		.ascii	"b\005!\\H\217\020\334>F\027\340u\021Z\212\316!\240\037"
 247      488F10DC 
 247      3E4617E0 
 247      75115A8A 
 247      CE21A01F 
 248 01c2 95231DD3 		.ascii	"\225#\035\323+\235\335S\252b\211\271Bq\367\341\0133"
 248      2B9DDD53 
 248      AA6289B9 
 248      4271F7E1 
 248      0B33
 249 01d4 3A965819 		.ascii	":\226X\031y\335\261ohD\205?\246\020\313\272\266Obx\267"
 249      79DDB16F 
 249      6844853F 
 249      A610CBBA 
 249      B64F6278 
 250 01e9 4C8B6611 		.ascii	"L\213f\021\224\253\206\0365#V&\257\037\224\265\364\273"
 250      94AB861E 
 250      35235626 
 250      AF1F94B5 
 250      F4BB
 251 01fb BA469188 		.ascii	"\272F\221\210\302E\001/\341\320;K\321[$\330e\344J\221"
 251      C245012F 
 251      E1D03B4B 
 251      D15B24D8 
 251      65E44A91 
 252 020f A12A887F 		.ascii	"\241*\210\177\011\342\023\006\317n}\240\305\237P\313"
 252      09E21306 
 252      CF6E7DA0 
 252      C59F50CB 
 253 021f 1D254345 		.ascii	"\035%CE.\016,Q5\244\345\300\030\327L\264\215\272\241"
 253      2E0E2C51 
 253      35A4E5C0 
 253      18D74CB4 
 253      8DBAA1
 254 0232 453E3E94 		.ascii	"E>>\224\207x\302\227\212C\025\240p\221fW\303\250@\265"
 254      8778C297 
 254      8A4315A0 
 254      70916657 
 254      C3A840B5 
 255 0246 C8075D45 		.ascii	"\310\007]E>\204\222L\342\275\2547\365WE3}\202\260s\011"
 255      3E84924C 
 255      E2BDAC37 
 255      F5574533 
 255      7D82B073 
 256 025b 61009D07 		.ascii	"a\000\235\007\3775\012^|\311\317\352\245\222\376\245"
 256      FF350A5E 
 256      7CC9CFEA 
 256      A592FEA5 
 257 026b F3EA24A1 		.ascii	"\363\352$\241,L\215\256\000\212JQ[J\213\352\026\021"
 257      2C4C8DAE 
 257      008A4A51 
 257      5B4A8BEA 
 257      1611
ARM GAS  /tmp/ccaCPxM3.s 			page 20


 258 027d 33C8C136 		.ascii	"3\310\3016v\"\314\035oG4\241\346\274\242Sh\221Cp\250"
 258      7622CC1D 
 258      6F4734A1 
 258      E6BCA253 
 258      68914370 
 259 0292 4EF4320F 		.ascii	"N\3642\017\037X\035\251\210)\307\362&\253W@k\240MFn"
 259      1F581DA9 
 259      8829C7F2 
 259      26AB5740 
 259      6BA04D46 
 260 02a7 A01B5D94 		.ascii	"\240\033]\224{\032\261f\363\206\342\351cI\305Zm4\011"
 260      7B1AB166 
 260      F386E2E9 
 260      6349C55A 
 260      6D3409
 261 02ba C84CA17E 		.ascii	"\310L\241~\316\262\011i\011Z\324\310\250\257\211\333"
 261      CEB20969 
 261      095AD4C8 
 261      A8AF89DB 
 262 02ca 5AECC96C 		.ascii	"Z\354\311l\027\221v\033H\353\360`M\236D\232\265e\242"
 262      1791761B 
 262      48EBF060 
 262      4D9E449A 
 262      B565A2
 263 02dd 784A8713 		.ascii	"xJ\207\023i&8,v\252\015#\355R\004\316P4m\241\375\362"
 263      6926382C 
 263      76AA0D23 
 263      ED5204CE 
 263      50346DA1 
 264 02f3 166A816C 		.ascii	"\026j\201l\256\023\3677@\241\025\374'\013\256\264\""
 264      AE13F737 
 264      40A115FC 
 264      270BAEB4 
 264      22
 265 0304 5900EDE1 		.ascii	"Y\000\355\341\177\321gp\232\227?8\246\362\216\027\031"
 265      7FD16770 
 265      9A973F38 
 265      A6F28E17 
 265      19
 266 0315 791F917A 		.ascii	"y\037\221z\324\0146\327(\3026\344\315`R\"\242{\236\026"
 266      D40C36D7 
 266      28C236E4 
 266      CD605222 
 266      A27B9E16 
 267 0329 BB6BC568 		.ascii	"\273k\305h\266\027E\003\345'M\231W\261\334\363\315\027"
 267      B6174503 
 267      E5274D99 
 267      57B1DCF3 
 267      CD17
 268 033b 781E3F71 		.ascii	"x\036?q`\205\234\341v\344-\343\351\026c\370\026e\370"
 268      60859CE1 
 268      76E42DE3 
 268      E91663F8 
 268      1665F8
 269 034e 7CD4B312 		.ascii	"|\324\263\022\015\320\262\002z;\\\236\262\016\277\202"
 269      0DD0B202 
 269      7A3B5C9E 
ARM GAS  /tmp/ccaCPxM3.s 			page 21


 269      B20EBF82 
 270 035e 75F8E933 		.ascii	"u\370\3513\303Ij\274\2275\371\323;\341\375\236\0143"
 270      C3496ABC 
 270      9735F9D3 
 270      3BE1FD9E 
 270      0C33
 271 0370 75CDD9FD 		.ascii	"u\315\331\375\242\333\210\232\220\006\357\204\272\016"
 271      A2DB889A 
 271      9006EF84 
 271      BA0E
 272 037e 52D785B4 		.ascii	"R\327\205\264`\224\321\321U\352\326\015\012d\346G\250"
 272      6094D1D1 
 272      55EAD60D 
 272      0A64E647 
 272      A8
 273 038f DD0571E4 		.ascii	"\335\005q\344\217\374\260qM\356\010\211\313\303\254"
 273      8FFCB071 
 273      4DEE0889 
 273      CBC3AC
 274 039e 74217289 		.ascii	"t!r\211z\2348gIu\354&\375\260:^\364\302\213S\017b6\314"
 274      7A9C3867 
 274      4975EC26 
 274      FDB03A5E 
 274      F4C28B53 
 275 03b6 3B2DCA5C 		.ascii	";-\312\\\263\367H|/9a\006\014\325\234\241X\305\213\341"
 275      B3F7487C 
 275      2F396106 
 275      0CD59CA1 
 275      58C58BE1 
 276 03ca E4166801 		.ascii	"\344\026h\001\3429\207\234\335\251t!\373\234\030\325"
 276      E239879C 
 276      DDA97421 
 276      FB9C18D5 
 277 03da 56FDF51D 		.ascii	"V\375\365\035\324\025\006\315\331\325>\3612\207\274"
 277      D41506CD 
 277      D9D53EF1 
 277      3287BC
 278 03e9 E2977394 		.ascii	"\342\227s\224\341\212\251*\301\025W3\272\333#O\354@"
 278      E18AA92A 
 278      C1155733 
 278      BADB234F 
 278      EC40
 279 03fb F3A74B0E 		.ascii	"\363\247K\016\365(\346\300\242\376\204a~\301\234J\006"
 279      F528E6C0 
 279      A2FE8461 
 279      7EC19C4A 
 279      06
 280 040c A0526F77 		.ascii	"\240RowN\306w:y\267\270\247\030x\367\245\271\362Zs\357"
 280      4EC6773A 
 280      79B7B8A7 
 280      1878F7A5 
 280      B9F25A73 
 281 0421 14AFE259 		.ascii	"\024\257\342Y\025\012UQ\274\225\361Ez6\230x\322\242"
 281      150A5551 
 281      BC95F145 
 281      7A369878 
 281      D2A2
ARM GAS  /tmp/ccaCPxM3.s 			page 22


 282 0433 2D0DE188 		.ascii	"-\015\341\210\015&\257\027\316\211\017\035\314\2117"
 282      0D26AF17 
 282      CE890F1D 
 282      CC8937
 283 0442 8ECF546A 		.ascii	"\216\317Tjp+\3130\246-\261W\355hR\354\007\374\216\254"
 283      702BCB30 
 283      A62DB157 
 283      ED6852EC 
 283      07FC8EAC 
 284 0456 A32E4EE5 		.ascii	"\243.N\345\243\227w\323\201\020!x\361h\000\224\036\300"
 284      A39777D3 
 284      81102178 
 284      F1680094 
 284      1EC0
 285 0468 FB3E9AC5 		.ascii	"\373>\232\305#\004d\366\"\025K\245\362\361X\213\346"
 285      230464F6 
 285      22154BA5 
 285      F2F1588B 
 285      E6
 286 0479 D574A1AB 		.ascii	"\325t\241\253K(\033?\377\346\370\305(\241\001\014\337"
 286      4B281B3F 
 286      FFE6F8C5 
 286      28A1010C 
 286      DF
 287 048a A77AE82E 		.ascii	"\247z\350.\204\020\351!\317\034\272\003\177\250\033"
 287      8410E921 
 287      CF1CBA03 
 287      7FA81B
 288 0499 FEA06210 		.ascii	"\376\240b\020\275J\306\350\336\233\031z\274\213\255"
 288      BD4AC6E8 
 288      DE9B197A 
 288      BC8BAD
 289 04a8 7927770F 		.ascii	"y'w\017\010\032J\014\364k\221\230\201s\337F\350\354"
 289      081A4A0C 
 289      F46B9198 
 289      8173DF46 
 289      E8EC
 290 04ba 640D235A 		.ascii	"d\015#ZY\224\237|V\205\263\231\325\201\260\230\006\275"
 290      59949F7C 
 290      5685B399 
 290      D581B098 
 290      06BD
 291 04cc E321F364 		.ascii	"\343!\363d\341\220\001\203}M\243\203\274<\303\021\210"
 291      E1900183 
 291      7D4DA383 
 291      BC3CC311 
 291      88
 292 04dd 3697E128 		.ascii	"6\227\341(\311\360\261\224\341\341\035\303{Tb\206\367"
 292      C9F0B194 
 292      E1E11DC3 
 292      7B546286 
 292      F7
 293 04ee 53BC3223 		.ascii	"S\2742#\204l\260[N\264\320\220,\277\241\371\371=\245"
 293      846CB05B 
 293      4EB4D090 
 293      2CBFA1F9 
 293      F93DA5
ARM GAS  /tmp/ccaCPxM3.s 			page 23


 294 0501 F96D3B9A 		.ascii	"\371m;\232\222\343\212\317|\337\374\306Y~9Y\011\231"
 294      92E38ACF 
 294      7CDFFCC6 
 294      597E3959 
 294      0999
 295 0513 6A7C8559 		.ascii	"j|\205Y\245t\345f\350\034\3477\3510\277\374\364S\265"
 295      A574E566 
 295      E81CE737 
 295      E930BFFC 
 295      F453B5
 296 0526 AEF2FCA6 		.ascii	"\256\362\374\246\024\371M\223\374&\244\374\362v\247"
 296      14F94D93 
 296      FC26A4FC 
 296      F276A7
 297 0535 1F93F21B 		.ascii	"\037\223\362\033\334\2678C\312\017\264\320\230,\277"
 297      DCB73843 
 297      CA0FB4D0 
 297      982CBF
 298 0544 B1F9F9CD 		.ascii	"\261\371\371\315\320\374R\342c.{\340k\014\351Xub\256"
 298      D0FC52E2 
 298      632E7BE0 
 298      6B0CE958 
 298      7562AE
 299 0557 1E778A1B 		.ascii	"\036w\212\033\230m\335Y\032\307\260\237;\204\035\227"
 299      986DDD59 
 299      1AC7B09F 
 299      3B841D97 
 300 0567 79B00451 		.ascii	"y\260\004Q&f\355\354t\365\214\357\320\312S\361\377\201"
 300      2666EDEC 
 300      74F58CEF 
 300      D0CA53F1 
 300      FF81
 301 0579 2C93301E 		.ascii	",\2230\0362\021x1\223\316}}\343\210d\"\300\002\335\361"
 301      32117831 
 301      93CE7D7D 
 301      E3886422 
 301      C002DDF1 
 302 058d 7A6B5E9F 		.ascii	"zk^\237\020\255\245J\350\231,\221g\342\326\011\205\363"
 302      10ADA54A 
 302      E8992C91 
 302      67E2D609 
 302      85F3
 303 059f 2481B2E1 		.ascii	"$\201\262\341\254$\214\367b\212\271k\260<^\261t\222"
 303      AC248CF7 
 303      628AB96B 
 303      B03C5EB1 
 303      7492
 304 05b1 45606E04 		.ascii	"E`n\004\333xq\004_9\275\353\274\236B\205*\021\352\245"
 304      DB787104 
 304      5F39BDEB 
 304      BC9E4285 
 304      2A11EAA5 
 305 05c5 FCBC83C8 		.ascii	"\374\274\203\310)\324(\0025R\202\232\323\320\320\350"
 305      29D42802 
 305      3552829A 
 305      D3D0D0E8 
 306 05d5 22421D19 		.ascii	"\"B\035\031\360)*\020l.D\005E\360s@\341\231\001\335"
ARM GAS  /tmp/ccaCPxM3.s 			page 24


 306      F0292A10 
 306      6C2E4405 
 306      45F07340 
 306      E19901DD 
 307 05e9 4A814EB6 		.ascii	"J\201N\266\245M\351q3\003z4|\272\322\025\337c\205'\235"
 307      A54DE971 
 307      33037A34 
 307      7CBAD215 
 307      DF638527 
 308 05fe B7B24917 		.ascii	"\267\262I\027B1\324\002j\256\036\177\260M\215\373\331"
 308      4231D402 
 308      6AAE1E7F 
 308      B04D8DFB 
 308      D9
 309 060f EB82FE5D 		.ascii	"\353\202\376]\251.\344\3656x\215by\2126/\254\354\220"
 309      A92EE4F5 
 309      36788D62 
 309      798A362F 
 309      ACEC90
 310 0622 1E0F338D 		.ascii	"\036\0173\215\362\366{\275\244_\242\355D#\216i\034;"
 310      F2F67BBD 
 310      A45FA2ED 
 310      44238E69 
 310      1C3B
 311 0634 329DA7A5 		.ascii	"2\235\247\2459\252\245\326\350>t/T\252\371\206i\355"
 311      39AAA5D6 
 311      E83E742F 
 311      54AAF986 
 311      69ED
 312 0646 A92F1FC0 		.ascii	"\251/\037\300\362\254\325\362\256\226@\262\216\227\262"
 312      F2ACD5F2 
 312      AE9640B2 
 312      8E97B2
 313 0655 164AD2C3 		.ascii	"\026J\322\303u\220\365p\272\220\236\"|\020.\304\011"
 313      7590F570 
 313      BA909E22 
 313      7C102EC4 
 313      09
 314 0666 65F93C51 		.ascii	"e\371<QB\321R\336h\007h\223\"K}'M\375\326\354\243\036"
 314      42D152DE 
 314      68076893 
 314      224B7D27 
 314      4DFDD6EC 
 315 067c 0F36392E 		.ascii	"\01769.&\263a\316\304\333N7)\337\362l\223\262\213\247"
 315      26B361CE 
 315      C4DB4E37 
 315      29DFF26C 
 315      93B28BA7 
 316 0690 9D6AB2BB 		.ascii	"\235j\262\273|\330\205\231\276\004\305\310\353\267\243"
 316      7CD88599 
 316      BE04C5C8 
 316      EBB7A3
 317 069f DCD8BC9A 		.ascii	"\334\330\274\232M6)\015{\206r\365\363\367\023{\370\245"
 317      4D36290D 
 317      7B8672F5 
 317      F3F7137B 
 317      F8A5
ARM GAS  /tmp/ccaCPxM3.s 			page 25


 318 06b1 68374F9C 		.ascii	"h7O\234%\362\336\314#\305\277\317\026\036\256\231\277"
 318      25F2DECC 
 318      23C5BFCF 
 318      161EAE99 
 318      BF
 319 06c2 4570A67C 		.ascii	"Ep\246|\347\334\255t\217W&p\032ld\222\340\015T%\307"
 319      E7DCAD74 
 319      8F572670 
 319      1A6C6492 
 319      E00D5425 
 320 06d7 1DCD4378 		.ascii	"\035\315Cx\207\212r\236qud\217\026\357e\205{5\333r\335"
 320      878A729E 
 320      7175648F 
 320      16EF6585 
 320      7B35DB72 
 321 06ec 5FDB2F34 		.ascii	"_\333/4\224\221i\324'\365\240\020\035\037F\355P*0\003"
 321      949169D4 
 321      27F5A010 
 321      1D1F46ED 
 321      502A3003 
 322 0700 53892C4E 		.ascii	"S\211,N\012\324$\363\257\300\323^\37650>+\324?\323\277"
 322      0AD424F3 
 322      AFC0D35E 
 322      FE35303E 
 322      2BD43FD3 
 323 0715 72404522 		.ascii	"r@E\"\301F\204\370\253m\270\237\250\301\205\314\371"
 323      C14684F8 
 323      AB6DB89F 
 323      A8C185CC 
 323      F9
 324 0726 95B6E79D 		.ascii	"\225\266\347\235Xt\336\364\243\260\3642\333r\272a!\236"
 324      5874DEF4 
 324      A3B0F432 
 324      DB72BA61 
 324      219E
 325 0738 6110CB36 		.ascii	"a\020\31369\337A\315>\3529\215z>z:.U\303\310[B\326\267"
 325      39DF41CD 
 325      3EEA398D 
 325      7A3E7A3A 
 325      2E55C3C8 
 326 0750 D3CF6EBB 		.ascii	"\323\317n\273\341*\3465j\274\312[>R\246\024#%S\032)"
 326      E12AE635 
 326      6ABCCA5B 
 326      3E52A614 
 326      2325531A 
 327 0765 B3DB129B 		.ascii	"\263\333\022\233U\264\317d\332G\312\221\330]=l\375\333"
 327      55B4CF64 
 327      DA47CA91 
 327      D85D3D6C 
 327      FDDB
 328 0777 A843FB59 		.ascii	"\250C\373Y?j\277\371\270\320\323\371\252s\200t\244,"
 328      3F6ABFF9 
 328      B8D0D3F9 
 328      AA738074 
 328      A42C
 329 0789 A9238535 		.ascii	"\251#\2055\336\316F\362\340\360Z\026\374\240\024\\Z"
 329      DECE46F2 
ARM GAS  /tmp/ccaCPxM3.s 			page 26


 329      E0F05A16 
 329      FCA0145C 
 329      5A
 330 079a 45BDD92A 		.ascii	"E\275\331*Z8Uz@\213\257\251\234\316\305;{\223\232<%"
 330      5A38557A 
 330      408BAFA9 
 330      9CCEC53B 
 330      7B939A3C 
 331 07af 60390CD8 		.ascii	"`9\014\330dUz1v\016,\227\000;,\001{v\352p\225\002X\256"
 331      64557A31 
 331      760E2C97 
 331      003B2C01 
 331      7B76EA70 
 332 07c7 02D81109 		.ascii	"\002\330\021\011Xq}[\271"
 332      58717D5B 
 332      B9
 333 07d0 1ADF6748 		.ascii	"\032\337gH\346\006\332F\211\241\333'\012'5\316\203\036"
 333      E606DA46 
 333      89A1DB27 
 333      0A2735CE 
 333      831E
 334 07e2 27418F49 		.ascii	"'A\217IA\037>\336\371\310]\036\364\270\"h\236\024t\177"
 334      411F3EDE 
 334      F9C85D1E 
 334      F4B82268 
 334      9E14747F 
 335 07f6 474FB51E 		.ascii	"GO\265\036\217\261\2409i\331\025z\374\\,d]\254u\270"
 335      8FB1A039 
 335      69D9157A 
 335      FC5C2C64 
 335      5DAC75B8 
 336 080a 513EC9D3 		.ascii	"Q>\311\323\31722Q\313v\010\367\307\013\247yy\300|^\336"
 336      CF323251 
 336      CB7608F7 
 336      C70BA779 
 336      79C07C5E 
 337 081f F605F62C 		.ascii	"\366\005\366,\267\237h\367\240\211\025\330\333^\332"
 337      B79F68F7 
 337      A08915D8 
 337      DB5EDA
 338 082e 0E7FBE70 		.ascii	"\016\177\276p;\3749\333\016gM\016\235\321\341(\027Z"
 338      3BFC39DB 
 338      0E674D0E 
 338      9DD1E128 
 338      175A
 339 0840 68194ADC 		.ascii	"h\031J\334\312;^D\316\362\324\204`;\003c\3434\033\357"
 339      CA3B5E44 
 339      CEF2D484 
 339      603B0363 
 339      E3341BEF 
 340 0854 D9095935 		.ascii	"\331\011Y5\254o\025\002\250S\254\015#;c\246\331\032"
 340      AC6F1502 
 340      A853AC0D 
 340      233B63A6 
 340      D91A
 341 0866 4B56FA73 		.ascii	"KV\372s\2542\273\256\343\262\275\261\213X\335\230m\177"
 341      AC32BBAE 
ARM GAS  /tmp/ccaCPxM3.s 			page 27


 341      E3B2BDB1 
 341      8B58DD98 
 341      6D7F
 342 0878 B59B73DE 		.ascii	"\265\233s\336\213\011\357\347%\336O\332\256\017\251"
 342      8B09EFE7 
 342      25DE4FDA 
 342      AE0FA9
 343 0887 E534142B 		.ascii	"\3454\024+x/\221h\030\214:\327\341\201\267\263\204\372"
 343      782F9168 
 343      188C3AD7 
 343      E181B7B3 
 343      84FA
 344 0899 EBCBF2ED 		.ascii	"\353\313\362\355T\013\377\221\352\347\247R\262\025\237"
 344      540BFF91 
 344      EAE7A752 
 344      B2159F
 345 08a8 DF650AAA 		.ascii	"\337e\012\252/H1\022\357\245u\260\264/\330\251\356-"
 345      2F483112 
 345      EFA575B0 
 345      B42FD8A9 
 345      EE2D
 346 08ba 9DAA54D9 		.ascii	"\235\252T\331\251(g\031\036\330\036{Ac\247\342\"\253"
 346      A9286719 
 346      1ED81E7B 
 346      4163A7E2 
 346      22AB
 347 08cc DC3F3AF9 		.ascii	"\334?:\371\215\213DE\005\253;\033>2\340\352\234\212"
 347      8D8B4445 
 347      05AB3B1B 
 347      3E32E0EA 
 347      9C8A
 348 08de 4B848A4A 		.ascii	"K\204\212J\373\314\036\367\240\333E\016\363\222\202"
 348      FBCC1EF7 
 348      A0DB450E 
 348      F39282
 349 08ed 8A2A0966 		.ascii	"\212*\011fR\343\335Q=\336\351\342\254\337;\331\216_"
 349      52E3DD51 
 349      3DDEE9E2 
 349      ACDF3BD9 
 349      8E5F
 350 08ff E1E5DBEC 		.ascii	"\341\345\333\354\272G\227\"y\234\301\234\354)9\225\251"
 350      BA479722 
 350      799CC19C 
 350      EC293995 
 350      A9
 351 0910 5F708E51 		.ascii	"_p\216Q\003d*\215ZGO|!\007X\313\313\267\346W%\200\307"
 351      03642A8D 
 351      5A474F7C 
 351      210758CB 
 351      CBB7E657 
 352 0927 87DB0A15 		.ascii	"\207\333\012\025\003\017\336\310\262\256#YWKY\027LV"
 352      030FDEC8 
 352      B2AE2359 
 352      574B5917 
 352      4C56
 353 0939 9D540CBC 		.ascii	"\235T\014\274:E\326\365\222\323cM}Oy\\\300\000KG>\336"
 353      3A45D6F5 
ARM GAS  /tmp/ccaCPxM3.s 			page 28


 353      92D3634D 
 353      7D4F795C 
 353      C0004B47 
 354 094f ECC8E770 		.ascii	"\354\310\347p\321\203$\236-H\002\331\3707\247\327\325"
 354      D183249E 
 354      2D4802D9 
 354      F837A7D7 
 354      D5
 355 0960 635C4175 		.ascii	"c\\Au\335:\237\013\303Z\344\003\327\"\362\303\316\022"
 355      DD3A9F0B 
 355      C35AE403 
 355      D722F2C3 
 355      CE12
 356 0972 EEA6AE29 		.ascii	"\356\246\256),\020\204\030\035\231NP6d\332\252\310\345"
 356      2C108418 
 356      1D994E50 
 356      3664DAAA 
 356      C8E5
 357 0984 106F3F4F 		.ascii	"\020o?O`\006\015\350\362\227\2447\242\023\013t\3311"
 357      60060DE8 
 357      F297A437 
 357      A2130B74 
 357      D931
 358 0996 C77C5D98 		.ascii	"\307|]\2301\320Q'~W+UI\317jX\240j?\375P\034]4\301(m"
 358      31D05127 
 358      7E572B55 
 358      49CF6A58 
 358      A06A3FFD 
 359 09b1 0427F494 		.ascii	"\004'\364\224\251\225\265\016\272\301\373\240v\220["
 359      A995B50E 
 359      BAC1FBA0 
 359      76905B
 360 09c0 202D20D7 		.ascii	" - \327A\232An\202\264\361\262#\027\032\216d|mA\270"
 360      419A416E 
 360      82B4F1B2 
 360      23171A8E 
 360      647C6D41 
 361 09d5 748719C3 		.ascii	"t\207\031\303*\2002\234\350\316\313\002Z\012]v\234\305"
 361      2A80329C 
 361      E8CECB02 
 361      5A0A5D76 
 361      9CC5
 362 09e7 7CAFD095 		.ascii	"|\257\320\225Q\251\023\036W\263#\234\323\003\235\207"
 362      51A9131E 
 362      57B3239C 
 362      D3039D87 
 363 09f7 5DA4531B 		.ascii	"]\244S\033\333\377\224:xK(>\224\244\370\250\354PD\356"
 363      DBFF943A 
 363      784B283E 
 363      94A4F8A8 
 363      EC5044EE 
 364 0a0b A49D8CDC 		.ascii	"\244\235\214\334@\267\264-\371\212F\322\2659Y\027\321"
 364      40B7B42D 
 364      F98A46D2 
 364      B5395917 
 364      D1
 365 0a1c 6DAA6BAB 		.ascii	"m\252k\253,\232T\314,a\012\335.\246\333EucS\222/\272"
ARM GAS  /tmp/ccaCPxM3.s 			page 29


 365      2C9A54CC 
 365      2C610ADD 
 365      2EA6DB45 
 365      75635392 
 366 0a32 E046D681 		.ascii	"\340F\326\201\317O\327\334'\273\2702\370`\250?\217\277"
 366      CF4FD7DC 
 366      27BBB832 
 366      F860A83F 
 366      8FBF
 367 0a44 2BCC6B0C 		.ascii	"+\314k\014\023\026\333\334\250\203n\331\376\265\233"
 367      1316DBDC 
 367      A8836ED9 
 367      FEB59B
 368 0a53 9FF7C570 		.ascii	"\237\367\305p\207n\346\232O\014\325\3618\201\235l\326"
 368      876EE69A 
 368      4F0CD5F1 
 368      38819D6C 
 368      D6
 369 0a64 3DCA588F 		.ascii	"=\312X\217\223\331\363H\316\201\004O|P\375\242\017\363"
 369      93D9F348 
 369      CE81044F 
 369      7C50FDA2 
 369      0FF3
 370 0a76 FB8A41DD 		.ascii	"\373\212A\335\325Z\\\341\211\2171\213\360K\375OU\013"
 370      D55A5CE1 
 370      898F318B 
 370      F04BFD4F 
 370      550B
 371 0a88 66825E00 		.ascii	"f\202^\000\2444zX\334\320\240\227'\336\247 \364\201"
 371      A4347A58 
 371      DCD0A097 
 371      27DEA720 
 371      F481
 372 0a9a 346A5B2E 		.ascii	"4j[.\247\216k\360e\346\274\306\226y\327\035_g\205\341"
 372      A78E6BF0 
 372      65E6BCC6 
 372      9679D71D 
 372      5F6785E1 
 373 0aae 98F69D18 		.ascii	"\230\366\235\030w\261BoT\355sq\217\264\214\354\274f"
 373      77B1426F 
 373      54ED7371 
 373      8FB48CEC 
 373      BC66
 374 0ac0 2E948807 		.ascii	".\224\210\007\237]d\203\231\031\326R\243\307\375T\327"
 374      9F5D6483 
 374      9919D652 
 374      A3C7FD54 
 374      D7
 375 0ad1 75347FB4 		.ascii	"u4\177\264\311\035\261\301,\015\347\336T\237#O\330Q"
 375      C91DB1C1 
 375      2C0DE7DE 
 375      549F234F 
 375      D851
 376 0ae3 22D942F5 		.ascii	"\"\331B\365\000\336\307N\306\235b4\015B\227zD_=\026"
 376      00DEC74E 
 376      C69D6234 
 376      0D42977A 
ARM GAS  /tmp/ccaCPxM3.s 			page 30


 376      445F3D16 
 377 0af7 FBD328F4 		.ascii	"\373\323(\364\2331\220\021\220\247 \303 \343 O\344\303"
 377      9B319011 
 377      90A720C3 
 377      20E3204F 
 377      E4C3
 378 0b09 A869658A 		.ascii	"\250ie\212PfS\323XC\013b\315\037\035\017\177\306\264"
 378      506653D3 
 378      58430B62 
 378      CD1F1D0F 
 378      7FC6B4
 379 0b1c C916E9E1 		.ascii	"\311\026\351\341\002\355\271^/j\377t\316\367\300\002"
 379      02EDB95E 
 379      2F6AFF74 
 379      CEF7C002 
 380 0b2c ED7947A2 		.ascii	"\355yG\242\235\271K\262\"\004\030Q@8\272\347\304\267"
 380      9DB94BB2 
 380      22041851 
 380      4038BAE7 
 380      C4B7
 381 0b3e 6CF4D51D 		.ascii	"l\364\325\035\366\336O\365\211\367~\307\336e\352cG\026"
 381      F6DE4FF5 
 381      89F77EC7 
 381      DE65EA63 
 381      4716
 382 0b50 3375B21E 		.ascii	"3u\262\036\336uB\252t\350\232\261c\354\211J9b%z\351"
 382      DE7542AA 
 382      74E89AB1 
 382      63EC894A 
 382      3962257A 
 383 0b65 52F23D19 		.ascii	"R\362=\031&\237\303\337\034>\255\225w\256\011E\330I"
 383      269FC3DF 
 383      1C3EAD95 
 383      77AE0945 
 383      D849
 384 0b77 36AA26E9 		.ascii	"6\252&\351\250\272Zy-I\203\207i\327\300\027\262n\344"
 384      A8BA5A79 
 384      2D498387 
 384      69D7C017 
 384      B26EE4
 385 0b8a BB213776 		.ascii	"\273!7v@\272\225n\017\"\342\275\220}{0\0050\246y7\370"
 385      40BA956E 
 385      0F22E2BD 
 385      907D7B30 
 385      0530A679 
 386 0ba0 EC0660CF 		.ascii	"\354\006`\317xv@J*\350\001\251\027{\007?\340wt\327\315"
 386      7876404A 
 386      2AE801A9 
 386      177B073F 
 386      E07774D7 
 387 0bb5 DB1E788C 		.ascii	"\333\036x\214\371\315\233\211\254\327\275\340\210{V"
 387      F9CD9B89 
 387      ACD7BDE0 
 387      887B56
 388 0bc4 4C4DC03E 		.ascii	"LM\300>(\014\313:\312\3634\221o\262Ox\016\321g_\324"
 388      280CCB3A 
 388      CAF33491 
ARM GAS  /tmp/ccaCPxM3.s 			page 31


 388      6FB24F78 
 388      0ED1675F 
 389 0bd9 9A375F57 		.ascii	"\2327_Wv+\007\312\022\331\2557+\372tJ\262\355\207\332"
 389      762B07CA 
 389      12D9AD37 
 389      2BFA744A 
 389      B2ED87DA 
 390 0bed BDA2E93C 		.ascii	"\275\242\351<D\344p\240ndB\361e\036\216\345\021\"0%"
 390      44E470A0 
 390      6E6442F1 
 390      651E8EE5 
 390      11223025 
 391 0c01 166E6452 		.ascii	"\026ndR)/\236\322\311\247AG\3532\262Q\3353\005;\307"
 391      292F9ED2 
 391      C9A74147 
 391      EB32B251 
 391      DD33053B 
 392 0c16 D5D206D3 		.ascii	"\325\322\006\323\366\037\317[#19o\215\251|R\257\000"
 392      F61FCF5B 
 392      2331396F 
 392      8DA97C52 
 392      AF00
 393 0c28 93A00810 		.ascii	"\223\240\010\020\305\300D107\246\032\354\373(\333\013"
 393      C5C04431 
 393      3037A61A 
 393      ECFB28DB 
 393      0B
 394 0c39 3E90D156 		.ascii	">\220\321V\3742\331\240\215\035\020<\344\276\243\024"
 394      FC32D9A0 
 394      8D1D103C 
 394      E4BEA314 
 395 0c49 BEA399EF 		.ascii	"\276\243\231\357h\352\273\277\347P\242bm \037\214s\272"
 395      68EABBBF 
 395      E750A262 
 395      6D201F8C 
 395      73BA
 396 0c5b 314C3786 		.ascii	"1L7\206\3418\324\220\251\227\223\342\220\300X\252\233"
 396      E138D490 
 396      A99793E2 
 396      90C058AA 
 396      9B
 397 0c6c 9836FE8D 		.ascii	"\2306\376\215\023R\034\234\250\241m\224\224\361]}\203"
 397      13521C9C 
 397      A8A16D94 
 397      94F15D7D 
 397      83
 398 0c7d EE8E8D1C 		.ascii	"\356\216\215\034\034S\2418\254\345\360\346M\3267V\255"
 398      1C53A138 
 398      ACE5F0E6 
 398      4DD63756 
 398      AD
 399 0c8e F285FFBF 		.ascii	"\362\205\377\277\232\314A\246@\337\017\375\003\326\005"
 399      9ACC41A6 
 399      40DF0FFD 
 399      03D605
 400 0c9d 7CBAD637 		.ascii	"|\272\3267\330\342\353o\014\364\265\230\375\310\335"
 400      D8E2EB6F 
ARM GAS  /tmp/ccaCPxM3.s 			page 32


 400      0CF4B598 
 400      FDC8DD
 401 0cac B021D068 		.ascii	"\260!\320h\361_\345\347\372\321'\277[\376\341{\357q"
 401      F15FE5E7 
 401      FAD127BF 
 401      5BFEE17B 
 401      EF71
 402 0cbe BA0F8C16 		.ascii	"\272\017\214\026\323oH\345\357\177\373\231\213\305j"
 402      D36F48E5 
 402      EF7FFB99 
 402      8BC56A
 403 0ccd B49AF454 		.ascii	"\264\232\364T\307@\237\015\326\267^\3445 \310/0t\275"
 403      C7409F0D 
 403      D6B75EE4 
 403      3520C82F 
 403      3074BD
 404 0ce0 49E6D99F 		.ascii	"I\346\331\237s\263{T\371\371\033\315\036\2427\223\237"
 404      73B37B54 
 404      F9F91BCD 
 404      1EA23793 
 404      9F
 405 0cf1 35D86CB0 		.ascii	"5\330l\260\362k8O\243y\323\346\237\233VnzcC\310\252"
 405      F26B384F 
 405      A379D3E6 
 405      9F9B566E 
 405      7A6343C8 
 406 0d06 F5219CD6 		.ascii	"\365!\234\326/\330l5}\265r\323\032\216)\377\301\030"
 406      2FD86C35 
 406      7DB572D3 
 406      1A8E29FF 
 406      C118
 407 0d18 60FDB519 		.ascii	"`\375\265\031\274\210HLf31}\363\277\310\217[L\037>2"
 407      BC88484C 
 407      6633317D 
 407      F3BFC88F 
 407      5B4C1F3E 
 408 0d2d 59D7D2C0 		.ascii	"Y\327\322\300\237n\330`1YE,\301\264`\260z+u\326\006"
 408      9F6ED860 
 408      3159452C 
 408      C1B460B0 
 408      7A2B75D6 
 409 0d42 FCC3E41A 		.ascii	"\374\303\344\032\032\020d}\347m\203U\353\347\377\231"
 409      1A10647D 
 409      E76D8355 
 409      EBE7FF99 
 410 0d52 FFFAB581 		.ascii	"\377\372\265\201&S\210\336\262\305\002\265&\363f\360"
 410      265388DE 
 410      B2C502B5 
 410      26F366F0 
 411 0d62 6FF57586 		.ascii	"o\365u\206\302l\265\323\341\347o\3657\233\214\353-\204"
 411      C26CB5D3 
 411      E1E76FF5 
 411      379B8CEB 
 411      2D84
 412 0d74 0E3FFFB5 		.ascii	"\016?\377\265[,\037\033\003\255+\277\227\245\311h\016"
 412      5B2C1F1B 
 412      03AD2BBF 
ARM GAS  /tmp/ccaCPxM3.s 			page 33


 412      97A5C968 
 412      0E
 413 0d85 DC02765E 		.ascii	"\334\002v^\006\303\272\320\200@k@\220\301\364U\010\000"
 413      06C3BAD0 
 413      80406B40 
 413      90C1F455 
 413      0800
 414 0d97 74F10B0E 		.ascii	"t\361\013\016\262XU\201&\343\006MP0\004\010\376\373"
 414      B2585581 
 414      26E3064D 
 414      50300408 
 414      FEFB
 415 0da9 4B8E92E4 		.ascii	"K\216\222\344\364\006\303\206\320 ?\203a\325{\357\276"
 415      F406C386 
 415      D0203F83 
 415      61D57BEF 
 415      BE
 416 0dba F5AEAB54 		.ascii	"\365\256\253TZ\2640[\205\352\352w\334\377\026j2o\001"
 416      5AB4305B 
 416      85EAEA77 
 416      DCFF166A 
 416      326F01
 417 0dcd BA817A6F 		.ascii	"\272\201zoh~\263\225=\213\215\347)\2572\006\006jB\314"
 417      687EB395 
 417      3D8B8DE7 
 417      29AF3206 
 417      066A42CC 
 418 0de1 C11BCDC6 		.ascii	"\301\033\315\306M\032\302\331/\014V\265\005\\\032\254"
 418      4D1AC2D9 
 418      2F0C56B5 
 418      055C1AAC 
 419 0df1 2A92B9C7 		.ascii	"*\222\271\307F x\275\311\342g\016\010\001S\306\264\254"
 419      462078BD 
 419      C9E2670E 
 419      080153C6 
 419      B4AC
 420 0e03 C260F50C 		.ascii	"\302`\365\014\200l\214A~&\2619t\233M\346\200\015bt\317"
 420      806C8C41 
 420      7E26B139 
 420      749B4DE6 
 420      800D6274 
 421 0e18 608B31F0 		.ascii	"`\2131\3603\312!m\002\247\244\223\246'\272\300\341\312"
 421      33CA216D 
 421      02A7A493 
 421      A627BAC0 
 421      E1CA
 422 0e2a A000F60C 		.ascii	"\240\000\366\014\344i\214\353\327\233M\026\213\216!"
 422      E4698CEB 
 422      D79B4D16 
 422      8B8E21
 423 0e39 B7180834 		.ascii	"\267\030\0104\215X\370\241\242G\3121\351%u\277\340\320"
 423      8D58F8A1 
 423      A247CA31 
 423      E92575BF 
 423      E0D0
 424 0e4b 20AB5B88 		.ascii	" \253[\210q\243\211Zj\215V\2539`]\250\325dQ\221\262"
 424      71A3895A 
ARM GAS  /tmp/ccaCPxM3.s 			page 34


 424      6A8D56AB 
 424      39605DA8 
 424      D5645191 
 425 0e60 8BE183E0 		.ascii	"\213\341\203\340\340@5\003\376o\277\311\375v"
 425      E0403503 
 425      FE6FBFC9 
 425      FD76
 426              		.text
 427              		.section	.gnu.lto_.symtab.2762a543f328e7a5,"e",%progbits
 428 0000 666C6173 		.ascii	"flashWaitErase\000"
 428      68576169 
 428      74457261 
 428      736500
 429 000f 00       		.ascii	"\000"
 430 0010 00       		.ascii	"\000"
 431 0011 00       		.ascii	"\000"
 432 0012 00000000 		.ascii	"\000\000\000\000\000\000\000\000"
 432      00000000 
 433 001a EE000000 		.ascii	"\356\000\000\000"
 434 001e 666C6173 		.ascii	"flashGetSectorOffset\000"
 434      68476574 
 434      53656374 
 434      6F724F66 
 434      66736574 
 435 0033 00       		.ascii	"\000"
 436 0034 00       		.ascii	"\000"
 437 0035 00       		.ascii	"\000"
 438 0036 00000000 		.ascii	"\000\000\000\000\000\000\000\000"
 438      00000000 
 439 003e F5000000 		.ascii	"\365\000\000\000"
 440 0042 666C6173 		.ascii	"flashGetSectorSize\000"
 440      68476574 
 440      53656374 
 440      6F725369 
 440      7A6500
 441 0055 00       		.ascii	"\000"
 442 0056 00       		.ascii	"\000"
 443 0057 00       		.ascii	"\000"
 444 0058 00000000 		.ascii	"\000\000\000\000\000\000\000\000"
 444      00000000 
 445 0060 FC000000 		.ascii	"\374\000\000\000"
 446 0064 63685468 		.ascii	"chThdSleep\000"
 446      64536C65 
 446      657000
 447 006f 00       		.ascii	"\000"
 448 0070 02       		.ascii	"\002"
 449 0071 00       		.ascii	"\000"
 450 0072 00000000 		.ascii	"\000\000\000\000\000\000\000\000"
 450      00000000 
 451 007a 02010000 		.ascii	"\002\001\000\000"
 452 007e 63685379 		.ascii	"chSysHalt\000"
 452      7348616C 
 452      7400
 453 0088 00       		.ascii	"\000"
 454 0089 02       		.ascii	"\002"
 455 008a 00       		.ascii	"\000"
 456 008b 00000000 		.ascii	"\000\000\000\000\000\000\000\000"
ARM GAS  /tmp/ccaCPxM3.s 			page 35


 456      00000000 
 457 0093 07010000 		.ascii	"\007\001\000\000"
 458              		.text
 459              		.section	.gnu.lto_.opts,"e",%progbits
 460 0000 272D666E 		.ascii	"'-fno-openmp' '-fno-openacc' '-fno-pie' '-mcpu=cort"
 460      6F2D6F70 
 460      656E6D70 
 460      2720272D 
 460      666E6F2D 
 461 0033 65782D6D 		.ascii	"ex-m4' '-mthumb' '-mfloat-abi=softfp' '-mfpu=fpv5-d"
 461      34272027 
 461      2D6D7468 
 461      756D6227 
 461      20272D6D 
 462 0066 31362720 		.ascii	"16' '-march=armv7e-m+fp.dp' '-O2' '-fstack-usage' '"
 462      272D6D61 
 462      7263683D 
 462      61726D76 
 462      37652D6D 
 463 0099 2D666675 		.ascii	"-ffunction-sections' '-fdata-sections' '-fno-common"
 463      6E637469 
 463      6F6E2D73 
 463      65637469 
 463      6F6E7327 
 464 00cc 2720272D 		.ascii	"' '-flto' '-fshort-enums'\000"
 464      666C746F 
 464      2720272D 
 464      6673686F 
 464      72742D65 
 465              		.text
 466              		.comm	__gnu_lto_v1,1,1
 467              		.comm	__gnu_lto_slim,1,1
 468              		.ident	"GCC: (GNU Arm Embedded Toolchain 9-2020-q2-update) 9.3.1 20200408 (release)"
ARM GAS  /tmp/ccaCPxM3.s 			page 36


DEFINED SYMBOLS
                            *ABS*:0000000000000000 hal_flash.c
                            *COM*:0000000000000001 __gnu_lto_v1
                            *COM*:0000000000000001 __gnu_lto_slim

NO UNDEFINED SYMBOLS
