ARM GAS  /tmp/ccEwiedQ.s 			page 1


   1              		.cpu cortex-m4
   2              		.eabi_attribute 20, 1
   3              		.eabi_attribute 21, 1
   4              		.eabi_attribute 23, 3
   5              		.eabi_attribute 24, 1
   6              		.eabi_attribute 25, 1
   7              		.eabi_attribute 26, 1
   8              		.eabi_attribute 30, 2
   9              		.eabi_attribute 34, 1
  10              		.eabi_attribute 18, 4
  11              		.file	"nullstreams.c"
  12              		.section	.gnu.lto_.profile.94c11ffa745f0f87,"e",%progbits
  13 0000 789CE360 		.ascii	"x\234\343``\004B \000\000\000]\000\013"
  13      60044220 
  13      0000005D 
  13      000B
  14              		.text
  15              		.section	.gnu.lto_.icf.94c11ffa745f0f87,"e",%progbits
  16 0000 789CE360 		.ascii	"x\234\343``d\320a@\000v\206g\037\317\276\344e<\367\342"
  16      6064D061 
  16      40007686 
  16      671FCFBE 
  16      E4653CF7 
  17 0015 C3567EA6 		.ascii	"\303V~\246\326\257_O31\267\355~\367\211\203\005\314"
  17      D6AF5F4F 
  17      3331B7ED 
  17      7EF78983 
  17      05CC
  18 0027 66FDD9DA 		.ascii	"f\375\331\332\370\213\235m\311\333MG\370\031\000\032"
  18      F88B9D6D 
  18      C9DB4D47 
  18      F819001A 
  19 0037 51170D   		.ascii	"Q\027\015"
  20              		.text
  21              		.section	.gnu.lto_.jmpfuncs.94c11ffa745f0f87,"e",%progbits
  22 0000 789C4D8B 		.ascii	"x\234M\213\201\011\000 \014\303\332u\023\317\363#O\331"
  22      81090020 
  22      0CC3DA75 
  22      13CFF323 
  22      4FD9
  23 0012 AB4E1868 		.ascii	"\253N\030h!P\002\231 \026\336\006D\322\221B\301\235"
  23      21500299 
  23      2016DE06 
  23      44D29142 
  23      C19D
  24 0024 325E8336 		.ascii	"2^\2036*\314\354\011W\177\377eTRm\340\000~\307\0117"
  24      2ACCEC09 
  24      577FFF65 
  24      54526DE0 
  24      007EC709 
  25              		.text
  26              		.section	.gnu.lto_.inline.94c11ffa745f0f87,"e",%progbits
  27 0000 789C858B 		.ascii	"x\234\205\213\333\015\200@\010\004\0078\037u^\254\303"
  27      DB0D8040 
  27      08040738 
  27      1F755EAC 
  27      C3
ARM GAS  /tmp/ccEwiedQ.s 			page 2


  28 0011 68671661 		.ascii	"hg\026aA.g\242\237\354\017\3540\254\0307\177f\210C\361"
  28      412E67A2 
  28      9FEC0FEC 
  28      30AC1837 
  28      7F668843 
  29 0026 CD7038B5 		.ascii	"\315p8\265\356\242/\362D\350\243T\274V\242VZ\255L\264"
  29      EEA22FF2 
  29      44E8A354 
  29      BC56A256 
  29      5AAD4CB4 
  30 003a EC918A8D 		.ascii	"\354\221\212\215K\207E\363\372\024\036\201^->"
  30      4B8745F3 
  30      FA141E81 
  30      5E2D3E
  31              		.text
  32              		.section	.gnu.lto_.pureconst.94c11ffa745f0f87,"e",%progbits
  33 0000 789CE360 		.ascii	"x\234\343``d\020f```ch`al`aj`an`ai`a\235\305\002\000"
  33      60641066 
  33      60606063 
  33      6860616C 
  33      60616A60 
  34 001f 211C0364 		.ascii	"!\034\003d"
  35              		.text
  36              		.section	.gnu.lto_writes.94c11ffa745f0f87,"e",%progbits
  37 0000 789C65D0 		.ascii	"x\234e\320MK\002Q\024\006\340\363\336;\246E\365\007"
  37      4D4B0251 
  37      1406E0F3 
  37      DE3BA645 
  37      F507
  38 0012 24681188 		.ascii	"$h\021\210\033g\027\004EB\233v-\372\005\031\202\322"
  38      1B671704 
  38      45429B76 
  38      2DFA0519 
  38      82D2
  39 0024 64A2B5F6 		.ascii	"d\242\265\366j_\213\242Z\224\321\302,B\\\264\210\240"
  39      6A5F8BA2 
  39      5A94D1C2 
  39      2C425CB4 
  39      88A0
  40 0036 4DF6E154 		.ascii	"M\366\341T\213(\010\372\262vE\322&\210\326Ae\235\231"
  40      8B2808FA 
  40      B27645D2 
  40      2688D641 
  40      659D99
  41 0049 84088719 		.ascii	"\204\010\207\0318\357\360>\027\356q\021(\016\"?\021"
  41      38EFF03E 
  41      17EE7111 
  41      280E223F 
  41      11
  42 005a B5F00749 		.ascii	"\265\360\007I\020J)\2773\351\022\200=)\027(!\220\300"
  42      104A29BF 
  42      33E91280 
  42      3D291728 
  42      2190C0
  43 006d BC5C9678 		.ascii	"\274\\\226xHe\336\033\347d\226\213\032\307\305\363\235"
  43      4865DE1B 
  43      E764968B 
ARM GAS  /tmp/ccEwiedQ.s 			page 3


  43      1AC7C5F3 
  43      9D
  44 007e B3062B02 		.ascii	"\263\006+\002\255\034'\356Vw5o^\251\2242\227\013]\353"
  44      AD1C27EE 
  44      5677356F 
  44      5EA99432 
  44      970B5DEB 
  45 0092 E393BD59 		.ascii	"\343\223\275Y)h\205\333{p\243\0007Y\017\366\341\345"
  45      296885DB 
  45      7B70A300 
  45      37590FF6 
  45      E1E5
  46 00a4 F6CD4569 		.ascii	"\366\315Ei\301);@<\237_\245\213.O\316\226\317\033R\265"
  46      C1293B40 
  46      3C9F5FA5 
  46      8B2E4FCE 
  46      96CF1B52 
  47 00b9 65A5C401 		.ascii	"e\245\304\001\344?\312\377\030\037\302\303\340c\246"
  47      E43FCAFF 
  47      181FC2C3 
  47      E063A6
  48 00c8 94AE979D 		.ascii	"\224\256\227\2356\316]>\225\035U\374\231\263\261\206"
  48      36CE5D3E 
  48      951D55FC 
  48      99B3B186 
  49 00d8 620DD618 		.ascii	"b\015\326\030\2336\376R\213\351f\331m\343\227\307\323"
  49      9B36FE52 
  49      8BE966D9 
  49      6DE397C7 
  49      D3
  50 00e9 2954F16D 		.ascii	")T\361m\336\306\002G5X0>\206\207,R\336\256,5\325i\326"
  50      DEC60247 
  50      3558303E 
  50      86872C52 
  50      DEAE2C35 
  51 0100 BDACDB9C 		.ascii	"\275\254\333\234\240\216\367H\264u\3550U\345{Z\231\257"
  51      A08EF748 
  51      B475ED30 
  51      55E57B5A 
  51      99AF
  52 0112 79DC3B78 		.ascii	"y\334;x'\277bF\022oRiP&\321\254\024\277!\311\341\015"
  52      27BF6246 
  52      126F5269 
  52      5026D1AC 
  52      14BF21C9 
  53 0128 A9B5CD1B 		.ascii	"\251\265\315\033X'd\244u\004w\361\327%j\367\371t~\207"
  53      582764A4 
  53      750477F1 
  53      D7256AF7 
  53      F9747E87 
  54 013c 82B148D0 		.ascii	"\202\261H\320\320{B\341@\270\257_\037\211\353\241\001"
  54      D07B42E1 
  54      40B8AF5F 
  54      1F89EBA1 
  54      01
  55 014d 4337C201 		.ascii	"C7\302\001=>\032\013\016\014\307\365\310\230aTg\337"
  55      3D3E1A0B 
ARM GAS  /tmp/ccEwiedQ.s 			page 4


  55      0E0CC7F5 
  55      C8986154 
  55      67DF
  56 015f 20897054 		.ascii	" \211pT\004\242\210\374\000.\225\213,"
  56      04A288FC 
  56      002E958B 
  56      2C
  57              		.text
  58              		.section	.gnu.lto_reads.94c11ffa745f0f87,"e",%progbits
  59 0000 789C65D0 		.ascii	"x\234e\320M+Da\024\007\360\363\177\236;\346\022\276"
  59      4D2B4461 
  59      1407F0F3 
  59      7F9E3BE6 
  59      12BE
  60 0012 8094859A 		.ascii	"\200\224\205\232l\346\356\224\"\312\306\316\302'\230"
  60      6CE6EE94 
  60      22CAC6CE 
  60      C22798
  61 0021 D1D44CAE 		.ascii	"\321\324L\256!\303R\363\314\214\227\305hX0\262`H3\226"
  61      21C352F3 
  61      CC8C97C5 
  61      685830B2 
  61      60483396 
  62 0035 5236DE2F 		.ascii	"R6\336/\246dJy\211\205D\354l\314\306\202\344\345\334"
  62      A6644A79 
  62      898544EC 
  62      6CCCC682 
  62      E4E5DC
  63 0048 8BA479BA 		.ascii	"\213\244y\272O\235\377\355\374\356\355\034\235@\303"
  63      4F9DFFED 
  63      FCEEED1C 
  63      9D40C3
  64 0057 206A23A2 		.ascii	" j#\242Z\276\220\004\241\224js\307t\0018\225\322AQ\201"
  64      5ABE9004 
  64      A1946A73 
  64      C7740138 
  64      95D24151 
  65 006c 2826E5AC 		.ascii	"(&\345\254\304m|\376\2452%3\334\250q\234.\254\037W\330"
  65      C46D7CFE 
  65      A5322533 
  65      DCA8719C 
  65      2EAC1F57 
  66 0081 11A8E338 		.ascii	"\021\250\3438r\265\260\2415\254(\025W\326\354u\313R"
  66      72B5B0A1 
  66      35AC2815 
  66      57D6EC75 
  66      CB52
  67 0093 62B42323 		.ascii	"b\264##\005\315q\367\026j\260\211\032\262\017\266\321"
  67      05CD71F7 
  67      166AB089 
  67      1AB20FB6 
  67      D1
  68 00a4 C0DD1727 		.ascii	"\300\335\027'\227Sn\331\004\342\272p\226\336\323=YG"
  68      97536ED9 
  68      04E2BA70 
  68      96DED33D 
  68      5947
ARM GAS  /tmp/ccEwiedQ.s 			page 5


  69 00b6 DE2C4B55 		.ascii	"\336,KU\237\221\022;\220\377(\277c\274\013\017\203\267"
  69      9F91123B 
  69      90FF28BF 
  69      63BC0B0F 
  69      83B7
  70 00c8 E465BA5C 		.ascii	"\344e\272\\6;8{z\377\340\372\301\371\254\2035\354\225"
  70      363B387B 
  70      7AFFE0FA 
  70      C1F9AC83 
  70      35EC95
  71 00db 608DB1E5 		.ascii	"`\215\261\345\340w5\235\256\226\255\016~\274;\032\303"
  71      E077359D 
  71      AE96AD0E 
  71      7EBC3B1A 
  71      C3
  72 00ec EF9F730E 		.ascii	"\357\237s\016\026\330/\301\202\361\001<d\223\207\265"
  72      16D82FC1 
  72      82F1013C 
  72      649387B5 
  73 00fc 8F99AA32 		.ascii	"\217\231\2522\315\236\313\236\346\020e\274G\242\325"
  73      CD9ECB9E 
  73      E61065BC 
  73      47A2D5
  74 010b 7397A53E 		.ascii	"s\227\245>>\307\225\365\234\303\253\213ER\022\357Pi"
  74      3EC795F5 
  74      9CC3AB8B 
  74      455212EF 
  74      5069
  75 011d 5016D184 		.ascii	"P\026\321\204\024\337!\306\341\011\361\305\342\005l"
  75      14DF21C6 
  75      E109F1C5 
  75      E2056C
  76 012c CB1F4C25 		.ascii	"\313\037L%\212\267\272\275F\001B\376{KI\211?K\324\350"
  76      8AB7BABD 
  76      460142FE 
  76      7B4B4989 
  76      3F4BD4E8 
  77 0140 F51AFCF4 		.ascii	"\365\032\374\364\004\006\302\001\323h\017\206\374\241"
  77      0406C201 
  77      D3680F86 
  77      FCA1
  78 014e CE2EA32F 		.ascii	"\316.\243/b\004}\246a\206\374Fdp \340\353\215\030\341"
  78      62047DA6 
  78      6186FC46 
  78      647020E0 
  78      EB8D18E1 
  79 0162 21D3FCA9 		.ascii	"!\323\374\251\275\335$B\375\302\337\217\360\027v\357"
  79      BDDD2442 
  79      FDC2DF8F 
  79      F01776EF 
  80 0172 8F93     		.ascii	"\217\223"
  81              		.text
  82              		.section	.gnu.lto_put.94c11ffa745f0f87,"e",%progbits
  83 0000 789C5590 		.ascii	"x\234U\220\277KBQ\024\307\317\271\347\245\217\260\177"
  83      BF4B4251 
  83      14C7CFB9 
  83      E7A58FB0 
ARM GAS  /tmp/ccEwiedQ.s 			page 6


  83      7F
  84 0011 20091A02 		.ascii	" \011\032\002q\361\005A T\004A\2645\364\027h\010J/\013"
  84      71F10541 
  84      20540441 
  84      B435F417 
  84      68084A2F 
  85 0026 ADD9ABF6 		.ascii	"\255\331\253\366cP\254\241\022\241xEE\320\"ASV\276\302"
  85      6350ACA1 
  85      12A17845 
  85      45D02241 
  85      5356BEC2 
  86 003a A18C868A 		.ascii	"\241\214\206\212\206\026\207\250\265\266h\020\353\\"
  86      861687A8 
  86      B5B66810 
  86      EB5C
  87 0048 15A2CBBD 		.ascii	"\025\242\313\275\360\375^\276\237\3039G\007\204\021"
  87      F0FD5EBE 
  87      9FC33947 
  87      078411
  88 0057 04180680 		.ascii	"\004\030\006\200\036~H\200BJ9\352L\352\002\261\251\244"
  88      1E7E4880 
  88      424A39EA 
  88      4CEA02B1 
  88      A9A4
  89 0069 8E901098 		.ascii	"\216\220\020\230\3005\312\023\326R;\337\256\034Y\034"
  89      C035CA13 
  89      D6523BDF 
  89      AE1C591C 
  90 0079 D4D86E54 		.ascii	"\324\330nTOo;\225E\354e\233M\276\224\310{\304\234\264"
  90      4F6F3B95 
  90      45EC659B 
  90      4DBE94C8 
  90      7BC49CB4 
  91 008d F375FF5E 		.ascii	"\363u\377^zy\302\"\001\005N\227\320\215g\350\006u\360"
  91      7A79C222 
  91      01054E97 
  91      D08D67E8 
  91      0675F0
  92 00a0 1CBD9C7E 		.ascii	"\034\275\234~\272\177^w\222\037\201u\365a\253\254{\016"
  92      BA7F5E77 
  92      921F8175 
  92      F561ABAC 
  92      7B0E
  93 00b2 A54C49BB 		.ascii	"\245LI\273\262O\262\317\"\302\013\244\177(\3771|\211"
  93      B24FB2CF 
  93      22C20BA4 
  93      7F28FF31 
  93      7C89
  94 00c4 1E06B657 		.ascii	"\036\006\266W\216\337\211\206\232\360\335\327ME\264"
  94      8EDF8986 
  94      9AF0DDD7 
  94      4D45B4
  95 00d3 E1B72592 		.ascii	"\341\267%\222.\2134,\267\340\0017\3667Q\215Q\033=\240"
  95      2E8B342C 
  95      B7E00137 
  95      F637518D 
  95      511B3DA0 
ARM GAS  /tmp/ccEwiedQ.s 			page 7


  96 00e7 80D793C6 		.ascii	"\200\327\223\306f\227CS\215\251v\256\320\301\213\000"
  96      66974353 
  96      8DA976AE 
  96      D0C18B00 
  97 00f7 283E76D8 		.ascii	"(>v\330\262\361\263*\355\372\001\026\306\005@\206@\015"
  97      B2F1B32A 
  97      EDFA0116 
  97      C6054086 
  97      400D
  98 0109 A3A1B401 		.ascii	"\243\241\264\001\262$Z&\311\346\003S\273\305l\267b\271"
  98      B2245A26 
  98      C9E60353 
  98      BBC56CB7 
  98      62B9
  99 011b 602EFD59 		.ascii	"`.\375Y\323\325\036\004\002^\267\306\314\020\376\261"
  99      D3D51E04 
  99      025EB7C6 
  99      CC10FEB1 
 100 012b 00833E9F 		.ascii	"\000\203>\237\301w&\024\213\206Lc,\034\011F&\247\214"
 100      C1772614 
 100      8B864C63 
 100      2C1C0946 
 100      26A78C
 101 013e B9B8110E 		.ascii	"\271\270\021\016\230\206\031\011\032\361\205X(0\033"
 101      98861909 
 101      1AF18558 
 101      28301B
 102 014d 37A28BA6 		.ascii	"7\242\213\246\331\326\276i\020\221y\014\376\002\275"
 102      D9D6BE69 
 102      1091790C 
 102      FE02BD
 103 015c 997A37   		.ascii	"\231z7"
 104              		.text
 105              		.section	.gnu.lto_get.94c11ffa745f0f87,"e",%progbits
 106 0000 789C558F 		.ascii	"x\234U\217;KCA\020\205\347\354\\\223\253\250?\300 X"
 106      3B4B4341 
 106      1085E7EC 
 106      5C93ABA8 
 106      3FC02058 
 107 0014 08214DB6 		.ascii	"\010!M\266\023\304F\020l-\374\005\211\004r\361\032%"
 107      13C44610 
 107      6C2DFC05 
 107      890472F1 
 107      1A25
 108 0026 D13A9B34 		.ascii	"\321:\2334\026\011>@\015\202\032!\250\245\010\001\301"
 108      16093E40 
 108      0D821A21 
 108      A8A50801 
 108      C1
 109 0037 A8B9858D 		.ascii	"\250\271\205\215\001\301\007\0266\026\242\225`m\025"
 109      01C10716 
 109      3616A295 
 109      606D15
 110 0046 9D3582B8 		.ascii	"\2355\202\270\354\3029\313\371\0163.\201\034\020\215"
 110      ECC239CB 
 110      F90E332E 
 110      811C108D 
ARM GAS  /tmp/ccEwiedQ.s 			page 8


 111 0056 11D1A03C 		.ascii	"\021\321\240<0A\031c\306\303\005W\001?\312\270\240\274"
 111      30411963 
 111      C6C30557 
 111      013FCAB8 
 111      A0BC
 112 0068 421EAB5C 		.ascii	"B\036\253\\a<\027w?{W\270*AG\354F\253~\335c-0$\266\\"
 112      613C1777 
 112      3F7B57B8 
 112      2A4147EC 
 112      46AB7EDD 
 113 0082 786A70EC 		.ascii	"xjp\354H8\023TvB{\365[\323]eE\333\022o \2023D\310\036"
 113      48381354 
 113      76427BF5 
 113      5BD35D65 
 113      45DB126F 
 114 009c 9C2326F1 		.ascii	"\234#&\361\207\233\307\2650\217\202D\267\356\266\232"
 114      879BC7B5 
 114      308F8244 
 114      B7EEB69A 
 115 00ac 6EF4C098 		.ascii	"n\364\300\230\242\011\256jl\206\253\314\270\000\377"
 115      A209AE6A 
 115      6C86ABCC 
 115      B800FF
 116 00bb 43E54FE0 		.ascii	"C\345O\340KD\311\"/'\355\315\276\220c\333mg\023!Y\207"
 116      4B44C922 
 116      2F27EDCD 
 116      BE9063DB 
 116      6D671321 
 117 00d1 E8F8BE2B 		.ascii	"\350\370\276+0\355\257e\023\274\326p:\251\210JLv$\007"
 117      30EDAF65 
 117      13BCD670 
 117      3AA9884A 
 117      4C762407 
 118 00e5 26202AB3 		.ascii	"& *\263\352\230\202\230\017\024\367\337\313\003\226"
 118      EA988298 
 118      0F14F7DF 
 118      CB0396
 119 00f4 95C2C3B7 		.ascii	"\225\302\303\267\365J\277\335F\301A\320\231\265\304"
 119      F54ABFDD 
 119      46C141D0 
 119      99B5C4
 120 0103 F8638946 		.ascii	"\370c\211F\342q-w6\225\315\244|=\221\366\222\336\324"
 120      E2712D77 
 120      3695CDA4 
 120      7C3D91F6 
 120      92DED4
 121 0116 B49ECFE9 		.ascii	"\264\236\317\351t\302\327\276\227\324\271\305l*1\227"
 121      74C2D7BE 
 121      97D4B9C5 
 121      6C2A3197 
 122 0126 D39925DF 		.ascii	"\323\231%\337\377\325\361\031R\336\3027\376>h\253"
 122      FFD5F119 
 122      52DEC237 
 122      FE3E68AB 
 123              		.text
 124              		.section	.gnu.lto_unget.94c11ffa745f0f87,"e",%progbits
 125 0000 789C5590 		.ascii	"x\234U\220MKBQ\020\206g\316\334\364\026\372\003J\202"
ARM GAS  /tmp/ccEwiedQ.s 			page 9


 125      4D4B4251 
 125      108667CE 
 125      DCF416FA 
 125      034A82
 126 0013 1681B8F1 		.ascii	"\026\201\270\361\006A\020\024\005\375\200\026\375\002"
 126      06411014 
 126      05FD8016 
 126      FD02
 127 0021 0DC14B37 		.ascii	"\015\301K7\013\255\265G\213Zh\037\213J\202\312\"\"h"
 127      0BADB547 
 127      8B5A681F 
 127      8B4A82CA 
 127      222268
 128 0034 23822BAD 		.ascii	"#\202+\255\274E\2132\202>\027m\\\004mk\023\322\312\232"
 128      BC458B32 
 128      823E176D 
 128      5C046D6B 
 128      13D2CA9A 
 129 0048 A3427438 		.ascii	"\243Bt8\007\336\367\360>\303\314\350\2000\202\000\303"
 129      07DEF7F0 
 129      3EC3CCE8 
 129      80308200 
 129      C3
 130 0059 00D0CD0F 		.ascii	"\000\320\315\017\011PH)G\235\011] 6\224\324\021\342"
 130      09504829 
 130      479D095D 
 130      203694D4 
 130      11E2
 131 006b 02E3B846 		.ascii	"\002\343\270F\031\302jr\367\333\265JY\016jl7*\205\233"
 131      19C26A72 
 131      F7DBB54A 
 131      590E6A6C 
 131      372A859B 
 132 007f 0E65117B 		.ascii	"\016e\021{\330\246\023\257%\362\0353'\355L\321\261W"
 132      D8A613AF 
 132      25F21D33 
 132      27ED4CD1 
 132      B157
 133 0091 B897ED59 		.ascii	"\270\227\355Y\022\260\315\361\022z\260\210\036P\007"
 133      12B0CDF1 
 133      127AB088 
 133      1E5007
 134 00a0 4FD1C7F1 		.ascii	"O\321\307\361\247\273\227u'\015\"\260\256<l\225u\357"
 134      A7BB9775 
 134      270D22B0 
 134      AE3C6C95 
 134      75EF
 135 00b2 91944969 		.ascii	"\221\224Ii?\037\222\354\315\022\341\031\322?\224\377"
 135      3F1F92EC 
 135      CD12E119 
 135      D23F94FF 
 136 00c2 183E472F 		.ascii	"\030>G/\003;K'\357DC\015\370\266v}%Z\360\327\"IW\226"
 136      033B4B27 
 136      EF44430D 
 136      F8B6767D 
 136      255AF0D7 
 137 00da 342C37E1 		.ascii	"4,7\341~\017\3665P\215Q\033\275\240\200\267|}\323\355"
ARM GAS  /tmp/ccEwiedQ.s 			page 10


 137      7E0FF635 
 137      508D511B 
 137      BDA080B7 
 137      7C7DD3ED 
 138 00ee D05463AA 		.ascii	"\320Tc\252\235\013t\360&\000r\217m\266\254\377,K\273"
 138      9D0B74F0 
 138      2600728F 
 138      6DB6ACFF 
 138      2C4BBB
 139 0101 D6799077 		.ascii	"\326y\220w\013\200\024\201\232FCi\003\244I4M\202\315"
 139      0B801481 
 139      9A464369 
 139      03A44934 
 139      4D82CD
 140 0114 0726F773 		.ascii	"\007&\367s+]\212\345\202\253\013\237U]-B \340es\314"
 140      2B5D8AE5 
 140      82AB0B9F 
 140      555D2D42 
 140      20E06573 
 141 0129 14E11F0B 		.ascii	"\024\341\037\0130\340\367\033|\247B\321H\3102\306\302"
 141      30E0F71B 
 141      7CA742D1 
 141      48C832C6 
 141      C2
 142 013a 66D01C9F 		.ascii	"f\320\034\2370fbF8`\031\226\0314bs\321P`:fD\346-\253"
 142      30666246 
 142      38601996 
 142      19346273 
 142      D150603A 
 143 0153 A5FD9320 		.ascii	"\245\375\223 \314Y\014\376\002E\275z\214"
 143      CC590CFE 
 143      0245BD7A 
 143      8C
 144              		.text
 145              		.section	.gnu.lto_nullObjectInit.94c11ffa745f0f87,"e",%progbits
 146 0000 789C4D90 		.ascii	"x\234M\220\275K\034Q\024\305\357\231;\263;\212\011\226"
 146      BD4B1C51 
 146      14C5EF99 
 146      3BB33B8A 
 146      0996
 147 0012 12095808 		.ascii	"\022\011X\010\213\315\216\225\020H\021\260\260\264\310"
 147      8BCD8E95 
 147      104811B0 
 147      B0B4C8
 148 0021 5FA0B2E0 		.ascii	"_\240\262\340\222q\025W\033\033\337L\326\0101\254 \206"
 148      92711557 
 148      1B1BDF4C 
 148      D60831AC 
 148      2086
 149 0033 D542C6A0 		.ascii	"\325B\306\240\213\020H\242\211\205\272\256\216\237\240"
 149      8B1048A2 
 149      8985BAAE 
 149      8E9FA0
 150 0042 68932E16 		.ascii	"h\223.\026\012)\"H0\220X\2442\271ovA\037\363\340\236"
 150      0A292248 
 150      309058A4 
 150      32B96F76 
ARM GAS  /tmp/ccEwiedQ.s 			page 11


 150      411FF3E0 
 151 0057 F7CEFBDD 		.ascii	"\367\316\373\335s\307&\320{\020=%\242\307\262\301\004"
 151      73C726D0 
 151      7B103D25 
 151      A2C7B2C1 
 151      04
 152 0068 4329F52C 		.ascii	"C)\365,\356\331\006\020U\312\006\215\032\030\305$\027"
 152      EED90610 
 152      55CA068D 
 152      1A18C524 
 152      17
 153 0079 18BBE33F 		.ascii	"\030\273\343?\326\215\226%\271Qaa*\376J\2155\004L4+"
 153      D68D9625 
 153      B9516161 
 153      2AFE4A8D 
 153      35044C34 
 154 008e BBB2B081 		.ascii	"\273\262\260\201\026\361\235\373s\177\353\362\0340`"
 154      16F19DFB 
 154      737FEBF2 
 154      1C3060
 155 009d 8A9C3E5E 		.ascii	"\212\234>^=\252\325\322@\223\310\313w\237\177\232\374"
 155      3DAAD5D2 
 155      4093C8CB 
 155      779F7F9A 
 155      FC
 156 00ae 0424F587 		.ascii	"\004$\365\207\243\311\234\225(*\345\253\360d\221Us\300"
 156      A3C99C95 
 156      282AE5AB 
 156      F0649155 
 156      73C0
 157 00c0 8C325890 		.ascii	"\2142X\220\330D#Jh$\2223Ao!A\372\311\367\225\333\267"
 157      D844234A 
 157      68249233 
 157      416F2141 
 157      FAC9F795 
 158 00d6 0F6266B5 		.ascii	"\017bf\265+\266\021\2239\210>}\265Bu\373o\\\2057\213"
 158      2BB61193 
 158      39883E7D 
 158      B54275FB 
 158      6F5C8537 
 159 00eb 98ED3065 		.ascii	"\230\3550e\202\350\305\004\223\316kB\205Do\330\250\010"
 159      82E8C504 
 159      93CE6B42 
 159      85446FD8 
 159      A808
 160 00fd 4FC415FC 		.ascii	"O\304\025\374\351\327\345\365\001\215\020n\376\345\257"
 160      E9D7E5F5 
 160      018D106E 
 160      FEE5AF
 161 010c 735BA7E4 		.ascii	"s[\247\344(Yx\266\374\355a\021\013\236\370\347\037\005"
 161      285978B6 
 161      FCED6111 
 161      0B9EF8E7 
 161      1F05
 162 011e 6CCE49FC 		.ascii	"l\316I\374P\307\221K/\270X\213\265~\324\254\246\200"
 162      50C7914B 
 162      2FB8588B 
ARM GAS  /tmp/ccEwiedQ.s 			page 12


 162      B57ED4AC 
 162      A680
 163 0130 2DECA088 		.ascii	"-\354\240\210\231J\236]\264\336\207Y\021\254tS\276\252"
 163      994A9E5D 
 163      B4DE8759 
 163      11AC7453 
 163      BEAA
 164 0142 C9C1F7E4 		.ascii	"\311\301\367\344\177Y\013\332(\207\027\352\367i\255"
 164      7F590BDA 
 164      288717EA 
 164      F769AD
 165 0151 EE501F70 		.ascii	"\356P\037p\014\373\310\001{U\376\237\313\203-[\373g"
 165      0CFBC801 
 165      7B55FE9F 
 165      CB832D5B 
 165      FB67
 166 0163 A4F988A6 		.ascii	"\244\371\210\246\034H\007\241\037\212\213\256\341\317"
 166      1C4807A1 
 166      1F8A8BAE 
 166      E1CF
 167 0171 7FC9231A 		.ascii	"\177\311#\032]\257\011\306\335\210Dm\311\244#\337\213"
 167      5DAF09C6 
 167      DD88446D 
 167      C9A423DF 
 167      8B
 168 0182 D46026E5 		.ascii	"\324`&\345:\355\275\351\356t\347s\247?\353\364v\271"
 168      3AEDBDE9 
 168      EE74E773 
 168      A73FEBF4 
 168      76B9
 169 0194 8E9BEE76 		.ascii	"\216\233\356v\262C\203\251\256\276\254\223\031v\335"
 169      B24383A9 
 169      AEBEAC93 
 169      1976DD
 170 01a3 6A9DEC21 		.ascii	"j\235\354!\316d\007\376\003\330\205\237\262"
 170      CE6407FE 
 170      03D8859F 
 170      B2
 171              		.text
 172              		.section	.gnu.lto_vmt.94c11ffa745f0f87,"e",%progbits
 173 0000 789CE360 		.ascii	"x\234\343``d\270\305\300\300`\301\000\001\323\231\031"
 173      6064B8C5 
 173      C0C060C1 
 173      0001D399 
 173      19
 174 0011 E7AE38F3 		.ascii	"\347\2568\363\237\263\205\261\251\261\243\241\341A\367"
 174      9FB385B1 
 174      A9B1A3A1 
 174      E141F7
 175 0020 3AE679CC 		.ascii	":\346y\314\363\231\031f2cJ.x\3063\237\231q&3#\246\314"
 175      F3991966 
 175      32634A2E 
 175      78C6339F 
 175      99712633 
 176 0037 261EB01E 		.ascii	"&\036\260\036&L\231o@\323\230f23c\312l\003\3120\317"
 176      264C996F 
 176      40D39866 
ARM GAS  /tmp/ccEwiedQ.s 			page 13


 176      323363CA 
 176      6C03CA30 
 177 004c 646601CB 		.ascii	"df\001\313\034\177\377\366\012c\037P\204\205\021\304"
 177      1C7FFFF6 
 177      0A631F50 
 177      848511C4 
 178 005c 5DB6B8E7 		.ascii	"]\266\270\347\015\213\345\366\206\216\005\015\011\363"
 178      0D8BE5F6 
 178      868E050D 
 178      09F3
 179 006a 99596730 		.ascii	"\231Yg030\356g\224\236\301\314\310\270\217\261\205q"
 179      3330EE67 
 179      949EC1CC 
 179      C8B88FB1 
 179      8571
 180 007c 063313E3 		.ascii	"\0063\023\343^0\315\314\270\007L\2630\356\006\323\254"
 180      5E30CDCC 
 180      B8074CB3 
 180      30EE06D3 
 180      AC
 181 008d 8CBB8034 		.ascii	"\214\273\2004\003\343\001FK\0063==} \312N-\312K\315"
 181      03E30146 
 181      4B06333D 
 181      3D7D20CA 
 181      4E2DCA4B 
 182 00a2 D177CEC8 		.ascii	"\321w\316\310L\312\364\017\326\317/\326\317H\314\321"
 182      4CCAF40F 
 182      D6CF2FD6 
 182      CF48CCD1 
 183 00b2 CFC94CD2 		.ascii	"\317\311L\322/.)JM\314-\326\317+\315\311\201\262\365"
 183      2F2E294A 
 183      4DCC2DD6 
 183      CF2BCDC9 
 183      81B2F5
 184 00c5 92190064 		.ascii	"\222\031\000d\015]v"
 184      0D5D76
 185              		.text
 186              		.section	.gnu.lto_.symbol_nodes.94c11ffa745f0f87,"e",%progbits
 187 0000 789C75C9 		.ascii	"x\234u\3111\021\2000\020\004\300\313%a\320\201\023\224"
 187      31118030 
 187      1004C0CB 
 187      2561D081 
 187      1394
 188 0012 DD4B4002 		.ascii	"\335K@\002\"\200\204t\030@\023a\250(~\333\035\021P\320"
 188      22808474 
 188      18401361 
 188      A8287EDB 
 188      1D1150D0 
 189 0026 71A3605D 		.ascii	"q\243`]\012\313\015\010\250\353eC\3577w*\270yPt\263"
 189      0ACB0D08 
 189      A8EB6543 
 189      EF37772A 
 189      B8795074 
 190 003b 50D1CD4A 		.ascii	"P\321\315J%7\033\225\177\331l\376*\237\204M@\304\003"
 190      25371B95 
 190      7FD96CFE 
 190      2A9F844D 
ARM GAS  /tmp/ccEwiedQ.s 			page 14


 190      40C403
 191 004e 46282F77 		.ascii	"F(/w"
 192              		.text
 193              		.section	.gnu.lto_.refs.94c11ffa745f0f87,"e",%progbits
 194 0000 789C05C1 		.ascii	"x\234\005\301\301\021\0000\010\3030\307\005\216w\367"
 194      C1110030 
 194      08C330C7 
 194      058E77F7 
 195 0010 1F166909 		.ascii	"\037\026i\011\037H;\351\021\243>\213\003\004t\000J"
 195      1F483BE9 
 195      11A33E8B 
 195      03047400 
 195      4A
 196              		.text
 197              		.section	.gnu.lto_.decls.94c11ffa745f0f87,"e",%progbits
 198 0000 789C9D56 		.ascii	"x\234\235V]P\024G\020\236\336=\3408\016\244\300\212"
 198      5D501447 
 198      109EDE3D 
 198      E0380EA4 
 198      C08A
 199 0012 58E481B2 		.ascii	"X\344\201\262\360)%\227TL\324\267\244|H|\210\246J\223"
 199      F0292597 
 199      544CD4B7 
 199      A47C487C 
 199      88A64A93 
 200 0026 2A5F6210 		.ascii	"*_b\020O \001\264\270\303X\251<,\007\"\"\"\030\220\010"
 200      4F2001B4 
 200      B8C358A9 
 200      3C2C0722 
 200      22221890 
 201 003b 98182051 		.ascii	"\230\030 Q\023%\022\001\013!r\374\311\257p\242\200\006"
 201      13251201 
 201      0B2172FC 
 201      C9AF70A2 
 201      8006
 202 004d 50C0280A 		.ascii	"P\300(\012*?\312\237(\244gf\367\330\203\243\222r\240"
 202      2A3FCA9F 
 202      28A46766 
 202      F7D883A3 
 202      9272A0
 203 0060 77777AFA 		.ascii	"wwz\372\353\371\272{\247\367\264\004H\254\007!\033\201"
 203      EBF9BA7B 
 203      A7F7B404 
 203      48AC0721 
 203      1B81
 204 0072 103F8190 		.ascii	"\020?\201\2209\034ZB\310u\024W\224P\224*\224\253(\365"
 204      391C5A42 
 204      C8751457 
 204      9450942A 
 204      94AB28F5 
 205 0086 2875286D 		.ascii	"(u(m\204\017\272\336\215\322\2172\2042\2142\2122\205"
 205      840FBADE 
 205      8DD28F32 
 205      84328C32 
 205      8A3285
 206 0099 82EE881E 		.ascii	"\202\356\210\036\210\303(\305\271\013\336}P\226\313"
 206      88C328C5 
ARM GAS  /tmp/ccEwiedQ.s 			page 15


 206      B90BDE7D 
 206      5096CB
 207 00a8 3E15FF44 		.ascii	">\025\377D\306t\223\305\243v\011\\\275\012\327\357\004"
 207      C67493C5 
 207      A376095C 
 207      BD0AD7EF 
 207      04
 208 00b9 D7B900F7 		.ascii	"\327\271\000\367H\306\325\251pCNpwqA\343\004\247`\206"
 208      48C6D5A9 
 208      70434E70 
 208      777141E3 
 208      04A76086 
 209 00cd 9D60EEFD 		.ascii	"\235`\356\375\217\275F\235\340Fq\301\015\357a*,\315"
 209      8FBD469D 
 209      E04671C1 
 209      0DEF612A 
 209      2CCD
 210 00df 2FCDBF27 		.ascii	"/\315\277'\256y\000\307\266\312>\226\312\355J\201\327"
 210      AE7900C7 
 210      B6CA3E96 
 210      CAED4A81 
 210      D7
 211 00f0 6316E5A5 		.ascii	"c\026\345\245\274\241\200\262\235p\037t\315\015\357"
 211      BCA180B2 
 211      9D701F74 
 211      CD0DEF
 212 00ff 3ACA93C6 		.ascii	":\312\223\306\207\242Eq\227y\217\312q\321|\320\\:\253"
 212      87A24571 
 212      97798FCA 
 212      71D17CD0 
 212      5C3AAB
 213 0112 43A60877 		.ascii	"C\246\010w,'\247\364)\"\370\350@\203\323\364\306\242"
 213      2C27A7F4 
 213      2922F8E8 
 213      4083D3F4 
 213      C6A2
 214 0124 061D4E97 		.ascii	"\006\035N\227\353 \000\247\326\336#\323\"N\337\324\301"
 214      EB2000A7 
 214      D6DE23D3 
 214      224EDFD4 
 214      C1
 215 0135 1CE0BC6E 		.ascii	"\034\340\274n\370\311M\340s\012\3169\326e\003Q`\317"
 215      F8C94DE0 
 215      730ACE39 
 215      D6650351 
 215      60CF
 216 0147 13F1B147 		.ascii	"\023\361\261G\365\206\363\022\037\332\375\004\256\200"
 216      F586F312 
 216      1FDAFD04 
 216      AE80
 217 0155 38BFCFD9 		.ascii	"8\277\317\331\237\316\324x\212\0372\323\263\371\325"
 217      9FCED478 
 217      8A1F32D3 
 217      B3F9D5
 218 0164 CD1EBA44 		.ascii	"\315\036\272DI\262HR^\274\350G\340]\177x\333\237\200"
 218      49B24852 
 218      5EBCE847 
ARM GAS  /tmp/ccEwiedQ.s 			page 16


 218      E05D7F78 
 218      DB9F80
 219 0177 1598EB0A 		.ascii	"\025\230\353\0120\300_\340\017\345\340O\315\037L\226"
 219      30C05FE0 
 219      0FE5E04F 
 219      CD1F4C96 
 220 0187 CE08FA24 		.ascii	"\316\010\372$j~*Nr\377\030*A\007e\270~\031\327\011T"
 220      6A7E2A4E 
 220      72FF182A 
 220      410765B8 
 220      7E19D709 
 221 019c 819EF01B 		.ascii	"\201\236\360\033\332\226'\274\272\342\206\004\267#a"
 221      DA9627BC 
 221      BAE28604 
 221      B72361
 222 01ab 1CCB549C 		.ascii	"\034\313T\234\267s\316\371\323\303\227\364\342&\366"
 222      B773CEF9 
 222      D3C397F4 
 222      E226F6
 223 01ba DC3E9C79 		.ascii	"\334>\234yP\340D\230gbw\013\265\300\020\224J\015\352"
 223      50E04498 
 223      6762770B 
 223      B5C01094 
 223      4A0DEA
 224 01cd AAA9EE2A 		.ascii	"\252\251\356*\350\0204\324j\275hg/\375'\373\331\342"
 224      E81034D4 
 224      6ABD6867 
 224      2FFD27FB 
 224      D9E2
 225 01df AC331A35 		.ascii	"\2543\0325\373:\007\366\365\234}=c\2376\227\177\323"
 225      FB3A07F6 
 225      F59C7D3D 
 225      639F3697 
 225      7FD3
 226 01f1 5DFC9471 		.ascii	"]\374\224q\263\024<o\366\022\267\261\347\372\243\226"
 226      B3143C6F 
 226      F612B7B1 
 226      E7FAA396 
 227 0201 21F04D93 		.ascii	"!\360M\223s+\001{U\240\021\367k\002_\272\241\234\344"
 227      732B017B 
 227      55A011F7 
 227      6B025FBA 
 227      A19CE4
 228 0214 B88CC426 		.ascii	"\270\214\304&\255b\027\277\264][\352\224\305!\243\315"
 228      AD6217BF 
 228      B45D5BEA 
 228      94C521A3 
 228      CD
 229 0225 B83CCFE9 		.ascii	"\270<\317\351\032\343\224)\012\225\265\277\324\012\340"
 229      1AE39429 
 229      0A95B5BF 
 229      D40AE0
 230 0234 1BC83CA2 		.ascii	"\033\310<\242\245\004\032\242\262k\341N\241\025\002"
 230      A5041AA2 
 230      B26BE14E 
 230      A11502
 231 0243 A9E35CEA 		.ascii	"\251\343\\\352\317\332\231\023\360\303\354CI:\346G\375"
ARM GAS  /tmp/ccEwiedQ.s 			page 17


 231      CFDA9913 
 231      F0C3EC43 
 231      493AE647 
 231      FD
 232 0254 40036EDE 		.ascii	"@\003n\336\342\340\335@/\357\3703\"9)\335%z\361\004"
 232      E2E0DD40 
 232      2FEFF833 
 232      223929DD 
 232      257AF104 
 233 0268 F0B7692C 		.ascii	"\360\267i,\305\"\372:\335\013l\262\033\325v\264\226"
 233      C522FA3A 
 233      DD0B6CB2 
 233      1BD576B4 
 233      96
 234 0279 857DA51E 		.ascii	"\205}\245\036\3528\256;\354\324\306s\333\306r\373sO"
 234      EA38AE3B 
 234      ECD4C673 
 234      DBC672FB 
 234      734F
 235 028b 6F857B1F 		.ascii	"o\205{\037\334\005\201\352\240\031\317\014\375\243\027"
 235      DC0581EA 
 235      A019CF0C 
 235      FDA317
 236 029a 9E267A07 		.ascii	"\236&z\007\372LeN\031@\207lG\344\243\253\350\370M\271"
 236      FA4C654E 
 236      1940876C 
 236      47E4A3AB 
 236      E8F84DB9 
 237 02ae 709D207B 		.ascii	"p\235 {\021\2246\3011\334;\233\252\\\363u\220\327\025"
 237      119436C1 
 237      31DC3B9B 
 237      AA5CF375 
 237      90D715
 238 02c1 271CC059 		.ascii	"'\034\300Y\315\003e\225 o\247F\300\"\306\363\016\211"
 238      CD036595 
 238      206FA746 
 238      C022C6F3 
 238      0E89
 239 02d3 DDA932C0 		.ascii	"\335\2512\300~&\023n7|\327\017\275\261\230\360\221\333"
 239      7E26136E 
 239      377CD70F 
 239      BDB198F0 
 239      91DB
 240 02e5 E52B0878 		.ascii	"\345+\010x\247\006\020V\212\246\354\223i V\361\272\224"
 240      A7061056 
 240      8AA6EC93 
 240      692056F1 
 240      BA94
 241 02f7 16647488 		.ascii	"\026dt\210\032\014\210\036\000\210\321P]\201m*\003\230"
 241      1A0C881E 
 241      0088D150 
 241      5D816D2A 
 241      0398
 242 0309 0ECF1D74 		.ascii	"\016\317\035t\000S\332zNW\2722e\250\036:\271.\2416\265"
 242      0053DA7A 
 242      4E57BA32 
 242      65A81E3A 
ARM GAS  /tmp/ccEwiedQ.s 			page 18


 242      B92EA136 
 243 031e CC93F717 		.ascii	"\314\223\367\027\201V\241\335f\001\336_\274qzTJ\217"
 243      8156A1DD 
 243      6601DE5F 
 243      BC717A54 
 243      4A8F
 244 0330 D7ADC8A0 		.ascii	"\327\255\310\240%O\215\223\274\005\266\303\337X\300"
 244      254F8D93 
 244      BC05B6C3 
 244      DF58C0
 245 033f DBAC805D 		.ascii	"\333\254\200]\200\244n\201\206\323\265\304\347VkW\235"
 245      80A46E81 
 245      86D3B5C4 
 245      E7566B57 
 245      9D
 246 0350 926CBD92 		.ascii	"\222l\275\222\265\265t\355xu\202dC\340\007\314\016\332"
 246      B5B574ED 
 246      78758264 
 246      43E007CC 
 246      0EDA
 247 0362 F10D91DF 		.ascii	"\361\015\221\337p\372L\340&\364\003\334\200>\232\214"
 247      70FA4CE0 
 247      26F403DC 
 247      803E9A8C 
 248 0372 6E58850E 		.ascii	"nX\205\016\246\323\256\025\271\210\222\260dT\271\245"
 248      A6D3AE15 
 248      B98892B0 
 248      6454B9A5 
 249 0382 679EF2A8 		.ascii	"g\236\362\250\360<\302\0359\202\331\251\007z%\252\273"
 249      F03CC21D 
 249      3982D9A9 
 249      077A25AA 
 249      BB
 250 0393 5C377EA1 		.ascii	"\\7~\241i\334ki\336}\224w\257\302;q\306\232\0152\357"
 250      69DC6B69 
 250      DE7D9477 
 250      AFC23B71 
 250      C69A0D32 
 251 03a8 C15F4529 		.ascii	"\301_E)\035Q\336\324\006zT\234{\026r\356g\234\347\206"
 251      1D51DED4 
 251      067A549C 
 251      7B1672EE 
 251      679CE786 
 252 03bc 9FDDD18B 		.ascii	"\237\335\321\213\011\234sCkR\234\027\243Rg\347\374["
 252      099C7343 
 252      6B529C17 
 252      A35267E7 
 252      FC5B
 253 03ce D2C57C3B 		.ascii	"\322\305|;\275\177dz\22596\015f\331\225wA7Tud\326\255"
 253      BD7F647A 
 253      9539360D 
 253      66D99577 
 253      41375475 
 254 03e5 E31A4A7A 		.ascii	"\343\032Jz?j:\223ot\271\212I\334\363\213\023/\013YS"
 254      3F6A3A93 
 254      6F74B98A 
 254      49DCF38B 
ARM GAS  /tmp/ccEwiedQ.s 			page 19


 254      132F0B59 
 255 03fa 931675C2 		.ascii	"\223\026u\302\207\300`\364\344\015\240\356\001ok5\331"
 255      87C060F4 
 255      E40DA0EE 
 255      016F6B35 
 255      D9
 256 040b 579A3DD4 		.ascii	"W\232=\324\031x\344\220\201A\232\201\373J\006\256\267"
 256      1978E490 
 256      81419A81 
 256      FB4A06AE 
 256      B7
 257 041c 0C762895 		.ascii	"\014v(\225\233\030\020\263$+\366N\254\003Z\301=U\016"
 257      9B1810B3 
 257      242BF64E 
 257      AC035AC1 
 257      3D550E
 258 042f EE2DCCC1 		.ascii	"\356-\314\301\020\313\301\037=\271\211\236b*gZpn\346"
 258      10CBC11F 
 258      3DB9899E 
 258      622A675A 
 258      706EE6
 259 0442 824E8997 		.ascii	"\202N\211\227\247\340\340\367\347^i\226\346\362\224"
 259      A7E0E0F7 
 259      E75E6996 
 259      E6F294
 260 0451 7279A270 		.ascii	"ry\242p\031/\356\250P\2521\346g\247\202F\360XE\345\361"
 260      192FEEA8 
 260      50AA31E6 
 260      67A78246 
 260      F05845E5 
 261 0466 422AC38C 		.ascii	"B*\303\214J\\aa\233FL\347Tz&+guJaW:D5\242r5\262\320"
 261      4A5C6161 
 261      9B464CE7 
 261      547A262B 
 261      67754A61 
 262 0483 D5287395 		.ascii	"\325(s\225\232\362bF+fqW]\007\012S\026ux\002\317\034"
 262      9AF26246 
 262      2B667157 
 262      5D070A53 
 262      16757802 
 263 0499 DA765667 		.ascii	"\332vVg]\236\353\242\317\000m\215\216v\231\267\236\\"
 263      5D9EEBA2 
 263      CF006D8D 
 263      8E7699B7 
 263      9E5C
 264 04ab D5ABDBE2 		.ascii	"\325\253\333\342s\207\2668.\267w\260\235\310+\024X*"
 264      7387B638 
 264      2EB777B0 
 264      9DC82B14 
 264      582A
 265 04bd 5125E7B2 		.ascii	"Q%\347\262\370\307\316\337\265\352\\\206\275\241J\345"
 265      F8C7CEDF 
 265      B5EA5C86 
 265      BDA14AE5 
 266 04cd 244DE584 		.ascii	"$M\345\204\222\312#\305\271\222+\306\337\213\361\267"
 266      92CA23C5 
 266      B9922BC6 
ARM GAS  /tmp/ccEwiedQ.s 			page 20


 266      DF8BF1B7 
 267 04dd E4E8ED09 		.ascii	"\344\350\355\011@+\030S%`la\002\246X\002\316\227$g\273"
 267      402B1853 
 267      25606C61 
 267      02A65802 
 267      CE972467 
 268 04f2 F1D6E087 		.ascii	"\361\326\340\207\323F\333\330\210\236\267\006+\250Z"
 268      D346DBD8 
 268      889EB706 
 268      2BA85A
 269 0501 850F6F15 		.ascii	"\205\017o\025\027m\345\317t\352\240h\305\346\203z\251"
 269      176DE5CF 
 269      74EAA068 
 269      C5E6837A 
 269      A9
 270 0512 04553177 		.ascii	"\004U1w\274B\303aZ\234\2264\\\236tW\303\006\035`\263"
 270      BC42C361 
 270      5A9C9634 
 270      5C9E7457 
 270      C3061D60 
 271 0527 0AEC69C2 		.ascii	"\012\354i\302\345\036/\361,\257FMU\347\200\213\032\324"
 271      E51E2FF1 
 271      2CAF464D 
 271      55E7808B 
 271      1AD4
 272 0539 E7009204 		.ascii	"\347\000\222\004\031\324>P:\341!\026p\320\363\324\301"
 272      19D43E50 
 272      3AE12116 
 272      70D0F3D4 
 272      C1
 273 054a 4BA00675 		.ascii	"K\240\006u9\200,\012\250\240\355\341\270 \0261\220\333"
 273      39802C0A 
 273      A8A0EDE1 
 273      B8201631 
 273      90DB
 274 055c FD9C3F4F 		.ascii	"\375\234?Ok!0\3207\020\207\362\001]_R$I\207\364\224"
 274      6B2130D0 
 274      371087F2 
 274      015D5F52 
 274      244987F4 
 275 0571 1C3B1E09 		.ascii	"\034;\036\011\202\272|\257\330\265\214^9\300\006\365"
 275      82BA7CAF 
 275      D8B58C5E 
 275      39C006F5 
 276 0581 5F524EF8 		.ascii	"_RN\370\023\315\271-\375\330\262\267&U\342\237\325\027"
 276      13CDB92D 
 276      FDD8B2B7 
 276      2655E29F 
 276      D517
 277 0593 68304DCF 		.ascii	"h0M\317v\243\214\240\207\373\240\020\010I(\007P\342"
 277      76A38CA0 
 277      87FBA010 
 277      08492807 
 277      50E2
 278 05a5 5112510E 		.ascii	"Q\022Q\016\011\252/;\333\2076\2728a\341>\366o\272\312"
 278      09AA2F3B 
 278      DB8736BA 
ARM GAS  /tmp/ccEwiedQ.s 			page 21


 278      3861E13E 
 278      F66FBACA 
 279 05b9 122BC24E 		.ascii	"\022+\302N\224\243\345\01481\245\201\216,a\2720P\314"
 279      94A3E50C 
 279      3831A581 
 279      8E2C61BA 
 279      3050CC
 280 05cc 23C43A27 		.ascii	"#\304:'\300Li\033\357\311J\366\362\225#\216\177\255"
 280      C04C691B 
 280      EFC94AF6 
 280      F295238E 
 280      7FAD
 281 05de 88D14BD9 		.ascii	"\210\321K\331\241\202Z\355\352<\311f\245\237\233\365"
 281      A1825AED 
 281      EA3CC966 
 281      A59F9BF5 
 282 05ee 59C70F48 		.ascii	"Y\307\017H\222\017\034Fl\003\177\267\355N\011\323|A"
 282      920F1C46 
 282      6C037FB7 
 282      ED4E09D3 
 282      7C41
 283 0600 0F52B2B0 		.ascii	"\017R\262\260\032\241-e\245m\016\277K\016;\220=\302"
 283      1AA12D65 
 283      A56D0EBF 
 283      4B0E3B90 
 283      3DC2
 284 0612 5E05767B 		.ascii	"^\005v{/(\310\200\377_\033\243\243\214\021\206\215a"
 284      2F28C880 
 284      FF5F1BA3 
 284      A38C1186 
 284      8D61
 285 0624 E13BC3B7 		.ascii	"\341;\303\267l5\3541\031\302\202#\014\021\341;\015&"
 285      6C35EC31 
 285      19C28223 
 285      0C11E13B 
 285      0D26
 286 0636 73B43138 		.ascii	"s\26418\322d\210\212\211\210\220\237\203B\264\037m\376"
 286      D264888A 
 286      8988909F 
 286      8342B41F 
 286      6DFE
 287 0648 2C60E386 		.ascii	",`\343\206\015\304-&<\312\274~\207\331\325\024\376\255"
 287      0DC42D26 
 287      3CCABC7E 
 287      87D9D514 
 287      FEAD
 288 065a 718759DC 		.ascii	"q\207Y\334\027i\366\334\214\226[\231\345\347\237l{\377"
 288      1769F6DC 
 288      8C965B99 
 288      E5E79F6C 
 288      7BFF
 289 066c 75FC8711 		.ascii	"u\374\207\021\335\274\023a-Y\026\034\035\271o\235qM"
 289      DDBC1361 
 289      2D59161C 
 289      1DB96F9D 
 289      714D
 290 067e E45BBBF7 		.ascii	"\344[\273\367\006\355\332Kt!{\242\315\306\375k\"\327"
ARM GAS  /tmp/ccEwiedQ.s 			page 22


 290      06EDDA4B 
 290      74217BA2 
 290      CDC6FD6B 
 290      22D7
 291 0690 12D76FA2 		.ascii	"\022\327o\242\303\315F\323km\023B\\\360a\227I\334\033"
 291      C3CD46D3 
 291      6B6D1342 
 291      5CF06197 
 291      49DC1B
 292 06a3 63768934 		.ascii	"cv\2114\205\"\377P\243\331%&\012\257^\324p\313\316\257"
 292      8522FF50 
 292      A3D92526 
 292      0AAF5ED4 
 292      70CBCEAF 
 293 06b7 8C21E64D 		.ascii	"\214!\346MQ\341f\0155ta{-\013\2172\231\203\243B\214"
 293      51E1660D 
 293      3574617B 
 293      2D0B8F32 
 293      9983A342 
 294 06cc 3BF6ECDE 		.ascii	";\366\354\336m2\232\377\005Sn\305\276"
 294      6D329AFF 
 294      05536EC5 
 294      BE
 295              		.text
 296              		.section	.gnu.lto_.symtab.94c11ffa745f0f87,"e",%progbits
 297 0000 6E756C6C 		.ascii	"nullObjectInit\000"
 297      4F626A65 
 297      6374496E 
 297      697400
 298 000f 00       		.ascii	"\000"
 299 0010 00       		.ascii	"\000"
 300 0011 00       		.ascii	"\000"
 301 0012 00000000 		.ascii	"\000\000\000\000\000\000\000\000"
 301      00000000 
 302 001a F8000000 		.ascii	"\370\000\000\000"
 303              		.text
 304              		.section	.gnu.lto_.opts,"e",%progbits
 305 0000 272D666E 		.ascii	"'-fno-openmp' '-fno-openacc' '-fno-pie' '-mcpu=cort"
 305      6F2D6F70 
 305      656E6D70 
 305      2720272D 
 305      666E6F2D 
 306 0033 65782D6D 		.ascii	"ex-m4' '-mthumb' '-mfloat-abi=softfp' '-mfpu=fpv5-d"
 306      34272027 
 306      2D6D7468 
 306      756D6227 
 306      20272D6D 
 307 0066 31362720 		.ascii	"16' '-march=armv7e-m+fp.dp' '-O2' '-fstack-usage' '"
 307      272D6D61 
 307      7263683D 
 307      61726D76 
 307      37652D6D 
 308 0099 2D666675 		.ascii	"-ffunction-sections' '-fdata-sections' '-fno-common"
 308      6E637469 
 308      6F6E2D73 
 308      65637469 
 308      6F6E7327 
ARM GAS  /tmp/ccEwiedQ.s 			page 23


 309 00cc 2720272D 		.ascii	"' '-flto' '-fshort-enums'\000"
 309      666C746F 
 309      2720272D 
 309      6673686F 
 309      72742D65 
 310              		.text
 311              		.comm	__gnu_lto_v1,1,1
 312              		.comm	__gnu_lto_slim,1,1
 313              		.ident	"GCC: (GNU Arm Embedded Toolchain 9-2020-q2-update) 9.3.1 20200408 (release)"
ARM GAS  /tmp/ccEwiedQ.s 			page 24


DEFINED SYMBOLS
                            *ABS*:0000000000000000 nullstreams.c
                            *COM*:0000000000000001 __gnu_lto_v1
                            *COM*:0000000000000001 __gnu_lto_slim

NO UNDEFINED SYMBOLS
