ARM GAS  /tmp/ccklAcvT.s 			page 1


   1              		.cpu cortex-m4
   2              		.eabi_attribute 27, 1
   3              		.eabi_attribute 20, 1
   4              		.eabi_attribute 21, 1
   5              		.eabi_attribute 23, 3
   6              		.eabi_attribute 24, 1
   7              		.eabi_attribute 25, 1
   8              		.eabi_attribute 26, 1
   9              		.eabi_attribute 30, 2
  10              		.eabi_attribute 34, 1
  11              		.eabi_attribute 18, 4
  12              		.file	"chrfcu.c"
  13              		.section	.gnu.lto_.profile.df68541c05c41be,"e",%progbits
  14 0000 789CE360 		.ascii	"x\234\343``\004B \000\000\000]\000\013"
  14      60044220 
  14      0000005D 
  14      000B
  15              		.text
  16              		.section	.gnu.lto_.icf.df68541c05c41be,"e",%progbits
  17 0000 789CE360 		.ascii	"x\234\343``d\340c@\000&\2063\273\216\355\342f\2329\347"
  17      6064E063 
  17      40002686 
  17      33BB8EED 
  17      E2669A39 
  18 0015 702F0B03 		.ascii	"p/\013\003\000.I\005\266"
  18      002E4905 
  18      B6
  19              		.text
  20              		.section	.gnu.lto_.jmpfuncs.df68541c05c41be,"e",%progbits
  21 0000 789CE360 		.ascii	"x\234\343``d\020b@\000&\006FF\306\372\371\314\014LP"
  21      60641062 
  21      40002606 
  21      4646C6FA 
  21      F9CC0C4C 
  22 0015 9A010016 		.ascii	"\232\001\000\026\356\002h"
  22      EE0268
  23              		.text
  24              		.section	.gnu.lto_.inline.df68541c05c41be,"e",%progbits
  25 0000 789CE360 		.ascii	"x\234\343``d\360`@\000&\006\006\266\206\206\206\003"
  25      6064F060 
  25      40002606 
  25      06B68686 
  25      8603
  26 0012 4CA98C0C 		.ascii	"L\251\214\014L V\003s\012D\250\201)\205\011$\015R\303"
  26      4C205603 
  26      730A44A8 
  26      81298509 
  26      240D52C3 
  27 0026 0152C20C 		.ascii	"\001R\302\014R\302\005Q\214\256\204\001\000o\207\017"
  27      52C20551 
  27      8CAE8401 
  27      006F870F 
  28 0036 B7       		.ascii	"\267"
  29              		.text
  30              		.section	.gnu.lto_.pureconst.df68541c05c41be,"e",%progbits
  31 0000 789CE360 		.ascii	"x\234\343``d`g```b\230\301\3024\203\005\000\0051\001"
  31      60646067 
ARM GAS  /tmp/ccklAcvT.s 			page 2


  31      60606062 
  31      98C1C234 
  31      83050005 
  32 0016 4D       		.ascii	"M"
  33              		.text
  34              		.section	.gnu.lto_chRFCUCollectFaultsI.df68541c05c41be,"e",%progbits
  35 0000 789C8D91 		.ascii	"x\234\215\221\317K\033A\024\307\337w\336\272nE\377\000"
  35      CF4B1B41 
  35      14C7DF77 
  35      DEBA6E45 
  35      FF00
  36 0012 11C143C1 		.ascii	"\021\301C\301\212\220\315\237 \010^=x/\264\301b\260"
  36      8A90CD9F 
  36      20085E3D 
  36      782FB4C1 
  36      62B0
  37 0024 B690D8B3 		.ascii	"\266\220\330\263\2235\020\243bA*Z$D\260\251\361d\204"
  37      933510A3 
  37      62412A5A 
  37      2444B0A9 
  37      F16484
  38 0037 82348DBA 		.ascii	"\2024\215\272\376\250\332\322C\361\320C\205\034<\224"
  38      FEA8DAD2 
  38      43F1D043 
  38      851C3C94 
  39 0047 2AA2D71C 		.ascii	"*\242\327\034\304\355\233\215\350I\350\262\263\314\367"
  39      C4ED9B8D 
  39      E849E8B2 
  39      B3CCF7
  40 0056 3BF3DEF7 		.ascii	";\363\336\367\2633\016\201\002\020\271D\324.\003LPZ"
  40      B3330E81 
  40      0210B944 
  40      D42E034C 
  40      505A
  41 0068 EB9EC694 		.ascii	"\353\236\306\224\243\200p\246\035\320\230\302\030\336"
  41      A38070A6 
  41      1DD098C2 
  41      18DE
  42 0076 F23C6337 		.ascii	"\362<c7\363\347\263\352Z\221\025\355\317\327Zu\321G"
  42      F3E7B3EA 
  42      5A9115ED 
  42      CFD75A75 
  42      D147
  43 0088 9E89DECB 		.ascii	"\236\211\336\313\250?(\243K\366U\275\\\255y\206\363"
  43      A83F28A3 
  43      4BF655BD 
  43      5CAD7986 
  43      F3
  44 0099 0C5822DF 		.ascii	"\014X\"\337}\377\364\255\311H\205\016\221\301\307R\326"
  44      7DFFF4AD 
  44      C948850E 
  44      91C1C752 
  44      D6
  45 00aa E16E90CC 		.ascii	"\341n\220\314\263\247\2253\325Y\320\332\323\376\365"
  45      B3A79533 
  45      D559D0DA 
  45      D3FEF5
ARM GAS  /tmp/ccklAcvT.s 			page 3


  46 00b9 07D68FF3 		.ascii	"\007\326\217\363\314\330\004KKT\320\206/h#\022OZo\241"
  46      CCD8044B 
  46      4B54D086 
  46      2F682312 
  46      4F5A6FA1 
  47 00cd 934CC9E9 		.ascii	"\223L\311\351\372\315\\\213m\335\246b\033\266\374\007"
  47      FACD5C8B 
  47      6DDDA662 
  47      1BB6FC07 
  48 00dd D1DA7183 		.ascii	"\321\332q\203\257o\202\214\366/\012X\354\263!e\2262"
  48      AF6F828C 
  48      F62F0A58 
  48      ECB32165 
  48      9632
  49 00ef 1F0BF5DA 		.ascii	"\037\013\365\332)&CnA\373D\323\254\352\"%\342\034^\345"
  49      2926436E 
  49      41FB44D3 
  49      ACEA2225 
  49      E21C5EE5 
  50 0103 2C786A7A 		.ascii	",xjz\345\030\22213~Uu\014qCH\231+\376\010\036\245\341"
  50      E5189231 
  50      337E5575 
  50      0C714348 
  50      992BFE08 
  51 011a A51C7196 		.ascii	"\245\034q\226M\256\230\277N\016~\242\200e9\002\033;"
  51      4DAE98BF 
  51      4E0E7EA2 
  51      80653902 
  51      1B3B
  52 012c 4803BE81 		.ascii	"H\003\276\201\225\225\362\354D\311\216F\362\334\210"
  52      9595F2EC 
  52      44C98E46 
  52      F2DC88
  53 013b 5DD9B110 		.ascii	"]\331\261\020\202\212\237\376\273\372\273\311\370\214"
  53      828A9FFE 
  53      BBFABBC9 
  53      F88C
  54 0149 3D4417D8 		.ascii	"=D\027\330`c\037Q\311\037\237\315\240\036\257\204 \307"
  54      60631F51 
  54      C91F9FCD 
  54      A01EAF84 
  54      20C7
  55 015b 9661AA4E 		.ascii	"\226a\252N\206\336\177\001|}\000\340\340\001\200\303"
  55      86DE7F01 
  55      7C7D00E0 
  55      E00180C3 
  56 016b 3B802344 		.ascii	";\200#D%\225.\341-mL\207\201\341UN1\356O\213\350I$\342"
  56      25952EE1 
  56      2D6D4C87 
  56      81E1554E 
  56      31EE4F8B 
  57 0183 CA3B3C98 		.ascii	"\312;<\230x5\370\322\355\035\212?\217\367\017\270\257"
  57      7835F8D2 
  57      ED1D8A3F 
  57      8FF70FB8 
  57      AF
  58 0194 936E62D4 		.ascii	"\223nb\324M&bnl(\361\"\366&\022#k\344Yr\370\037\256"
ARM GAS  /tmp/ccklAcvT.s 			page 4


  58      4D26626E 
  58      6C28F122 
  58      F6261223 
  58      6BE45972 
  59 01ab 45AB50   		.ascii	"E\253P"
  60              		.text
  61              		.section	.gnu.lto_chRFCUGetAndClearFaultsI.df68541c05c41be,"e",%progbits
  62 0000 789C8D90 		.ascii	"x\234\215\220Mk\023Q\024\206\317;g2N\203.\\jQ\\Xj\021"
  62      4D6B1351 
  62      1486CF3B 
  62      67324E83 
  62      2E5C6A51 
  63 0018 66E23F10 		.ascii	"f\342?\020\374\001.\\\271\324Pi\255UHt\335\233\017H"
  63      FC012E5C 
  63      B9D45069 
  63      AD554874 
  63      DD9B0F48 
  64 002c 6BB58552 		.ascii	"k\265\205Rm\024b\252\241\325.\324\012\021\261\306\032"
  64      6D1462AA 
  64      A1D52ED4 
  64      0A11B1C6 
  64      1A
  65 003d 3F1ADBA2 		.ascii	"?\032\333\242PD\272P\210\220\225\025?\226v\225x\316"
  65      5044BA50 
  65      88909515 
  65      3F967695 
  65      78CE
  66 004f 4C50B41B 		.ascii	"LP\264\033/3\227{\316}\337s\236{\\\002\215[D\207\210"
  66      2F33977B 
  66      CE7DDF73 
  66      9E7B5C02 
  66      8D5B4487 
  67 0064 688FFC60 		.ascii	"h\217\374`\202e\2149\274-\345Z@p2.h\310\302\020\306"
  67      82658C39 
  67      BC2DE55A 
  67      4070322E 
  67      68C8C210 
  68 0079 798A514F 		.ascii	"y\212QO\0276\267\217qQ\204\266\204\223\253\345\225\250"
  68      1736B78F 
  68      715184B6 
  68      8493ABE5 
  68      95A8
  69 008b 86C03E09 		.ascii	"\206\300>\011\263\3537\036\333=\267\215I\233\352\324"
  69      B3EB371E 
  69      DB3DB78D 
  69      499BEAD4 
  70 009b A25328AF 		.ascii	"\242S(\257\231\216\"[tM\344O\320\211\005t\222.T\320"
  70      998E225B 
  70      744DE44F 
  70      D0890574 
  70      922E54D0 
  71 00af 23F2D6EC 		.ascii	"#\362\326\354\374\210\313\007Ar\036iT6\254\356\231\300"
  71      FC88CB07 
  71      41721E69 
  71      5436ACEE 
  71      99C0
  72 00c1 FA7E96CD 		.ascii	"\372~\226\315~\361\341)\370/\253\326\",\242\233\324"
ARM GAS  /tmp/ccklAcvT.s 			page 5


  72      7EF1E129 
  72      F82FABD6 
  72      222CA29B 
  72      D4
  73 00d2 B2D47C34 		.ascii	"\262\324|4ls,\260\277\375\332H9]\245\300^\273\276\367"
  73      6C732CB0 
  73      BFFDDA48 
  73      395DA5C0 
  73      5EBBBEF7 
  74 00e6 66C62C1B 		.ascii	"f\306,\033[K<\373\247\204.\3217\0364\257\354plT\321"
  74      5B4B3CFB 
  74      A7842ED1 
  74      371E34AF 
  74      EC706C54 
  75 00fb A574CAF4 		.ascii	"\245t\312\364\034\216\214\203\240\271\373\357\"U\323"
  75      1C8E8C83 
  75      A0B9FBEF 
  75      2255D3
  76 010a 6CE54CB5 		.ascii	"l\345L\265\271k\263\374i\247\314\240\310\322\\6\326"
  76      B96BB3FC 
  76      69A7CCA0 
  76      C8D25C36 
  76      D6
  77 011b 2D02A510 		.ascii	"-\002\245\020\275\372i\224IFel\230*\321%\266\302 %\301"
  77      BDFA6994 
  77      4946656C 
  77      982AD125 
  77      B6C22025 
  78 0130 17A42B1B 		.ascii	"\027\244+\033w3Q-^`H\343\261\314\217\272\253\023\263"
  78      7733512D 
  78      5E6048E3 
  78      B1CC8FBA 
  78      AB13B3
  79 0143 03EEC29D 		.ascii	"\003\356\302\2357\255\216,\322)W2%\016\341\326?\326"
  79      37AD8E2C 
  79      D2295732 
  79      250EE1D6 
  79      3FD6
  80 0155 D6308312 		.ascii	"\3260\203\022\212\322\350%\262\300\013E\227\233\205"
  80      8AD2E825 
  80      B2C00B45 
  80      979B85
  81 0164 89E17927 		.ascii	"\211\341y'vO\033L\237.\262\203W\242\313s\373Q\331\317"
  81      764F1B4C 
  81      9F2EB283 
  81      57A2CB73 
  81      FB51D9CF 
  82 0178 731FA2ED 		.ascii	"s\037\242\355\333[\320\327/!\226g\350\353j\210\011M"
  82      DB5BD0D7 
  82      2F219667 
  82      E8EB6A88 
  82      094D
  83 018a E66AEE78 		.ascii	"\346j\356x\310\2428\005\216(a>\367\355a\031a\332\222"
  83      C8A23805 
  83      8E28613E 
  83      F7ED6119 
  83      61DA92
ARM GAS  /tmp/ccklAcvT.s 			page 6


  84 019d 9B503717 		.ascii	"\233P7\027\0113\034\010-\025\326/\006\252\377\302~\275"
  84      09331C08 
  84      2D15D62F 
  84      06AAFFC2 
  84      7EBD
  85 01af 15DB53E0 		.ascii	"\025\333S\340\345\255\300\236\222\256\374&]EL\272\322"
  85      E5ADC09E 
  85      92AEFC26 
  85      5D454CBA 
  85      D2
  86 01c0 77A4A77F 		.ascii	"w\244\247\177^\336\335\246U\303(\343\317\230\211\016"
  86      5EDEDDA6 
  86      55C328E3 
  86      CF98890E 
  87 01d0 789E2FDF 		.ascii	"x\236/\337@o\342l\357\031\377H_\377\311\376\243\307"
  87      406FE26C 
  87      EF19FF48 
  87      5FFFC9FE 
  87      A3C7
  88 01e2 FC73493F 		.ascii	"\374sI?q\336O&\342~\274/q*~\301\213\223=x\"9\200\301"
  88      71DE4F26 
  88      E27EBC2F 
  88      712A7EC1 
  88      8B933D78 
  89 01fa 5F13CBDA 		.ascii	"_\023\313\332x"
  89      78
  90              		.text
  91              		.section	.gnu.lto_.symbol_nodes.df68541c05c41be,"e",%progbits
  92 0000 789CE360 		.ascii	"x\234\343``dp`\000\002\246&\246z\206\006 `a\234p\216"
  92      60647060 
  92      0002A626 
  92      A67A8606 
  92      2060619C 
  93 0016 81A19E81 		.ascii	"\201\241\236\201aW\203#P\022\010X[\230\030\024@J\232"
  93      61578323 
  93      50120858 
  93      5B981814 
  93      404A9A
  94 0029 99EA19B1 		.ascii	"\231\352\031\261+a\000\000\353\325\015\275"
  94      2B610000 
  94      EBD50DBD 
  95              		.text
  96              		.section	.gnu.lto_.refs.df68541c05c41be,"e",%progbits
  97 0000 789CE360 		.ascii	"x\234\343``d\020d```b``\004\002f&&0\315\312\000\000"
  97      60641064 
  97      60606062 
  97      60600402 
  97      66262630 
  98 0018 030D0031 		.ascii	"\003\015\0001"
  99              		.text
 100              		.section	.gnu.lto_.decls.df68541c05c41be,"e",%progbits
 101 0000 789CB55A 		.ascii	"x\234\265ZyPTI\232\257|YP\007\005\314\010=\355\266\023"
 101      79505449 
 101      9AAF7C59 
 101      500705CC 
 101      083DEDB6 
 102 0015 1BBD1374 		.ascii	"\033\275\023tt\307\316\3328\321\023\333\323\033\263"
ARM GAS  /tmp/ccklAcvT.s 			page 7


 102      74C7CEDA 
 102      38D113DB 
 102      D31BB3
 103 0024 1B31D1BB 		.ascii	"\0331\321\2733\2631\321\273\021\2631\023\323\035\033"
 103      33B331D1 
 103      BB11B331 
 103      13D31D1B 
 104 0034 515316A5 		.ascii	"QS\026\245\3244\005L\325\303\343\257~\034\036\010*\002"
 104      D434054C 
 104      D5C3E3AF 
 104      7E1C1E08 
 104      2A02
 105 0046 2A678B80 		.ascii	"*g\213\200'\207\320\036\250\200r5\010\310! *(\367!("
 105      2787D01E 
 105      A8807235 
 105      08C82120 
 105      2A28F721 
 106 005b A22887C8 		.ascii	"\242(\207\310\261_\276\314\202W\274W\352\374\261e\177"
 106      B15FBECC 
 106      8257BC57 
 106      EAFCB165 
 106      7F
 107 006c EFBD2FDF 		.ascii	"\357\275/\337\357;\362\313/3\277|\264V\205T\363\037"
 107      EF3BF2CB 
 107      2F33BF7C 
 107      B4568554 
 107      F31F
 108 007e A8544F3D 		.ascii	"\250TO=T\252V\225J\265\014?\014\367[@\010\250RE\177"
 108      54AA5695 
 108      4AB50C3F 
 108      0CF75B40 
 108      08A85245 
 109 0093 1C503D50 		.ascii	"\034P=P\023k\037A*\227_\022\360Z\270\007\003\255\003"
 109      136B1F41 
 109      2A975F12 
 109      F05AB807 
 109      03AD03
 110 00a6 F267B21F 		.ascii	"\362g\262\037\002\215\302\273a\240lD\365\364\302\375"
 110      028DC2BB 
 110      61A06C44 
 110      F5F4C2FD 
 111 00b6 18A27AEA 		.ascii	"\030\242z\352\335\350K\007^\3637\352r\347\333Q\214\312"
 111      DDE84B07 
 111      5EF337EA 
 111      72E7DB51 
 111      8CCA
 112 00c8 762F5ED3 		.ascii	"v/^\323\034\300\350C=\"=\364\205\246\272\311\211\016"
 112      1CC0E843 
 112      3D223DF4 
 112      85A6BAC9 
 112      890E
 113 00da 449B0822 		.ascii	"D\233\010\"})\343\024\302\234\370\334s;z\020\007\026"
 113      7D29E314 
 113      C29CF8DC 
 113      733B7A10 
 113      0716
 114 00ec 08F4A7FD 		.ascii	"\010\364\247\375J\205\312\020^Uv/\251\376\226\027\376"
ARM GAS  /tmp/ccklAcvT.s 			page 8


 114      4A85CA10 
 114      5E55762F 
 114      A9FE9617 
 114      FE
 115 00fd 8442A332 		.ascii	"\204B\2432\347\014\240e\235\036\251\201Mn\270P\257\007"
 115      E70CA065 
 115      9D1EA981 
 115      4D6EB850 
 115      AF07
 116 010f D65F8FDE 		.ascii	"\326_\217\336'f\037\035~\342\241\337+\010QBV\264\240"
 116      27661F1D 
 116      7EE2A1DF 
 116      2B085142 
 116      56B4A0
 117 0122 FBAD0A55 		.ascii	"\373\255\012U\240\015\350:\332\240B\327\220h\272\034"
 117      A00DE83A 
 117      DAA042D7 
 117      9068BA1C 
 118 0132 05A25268 		.ascii	"\005\242Rh\273J\332*\221\036\204\216?\350\273\256\353"
 118      BB4ADA2A 
 118      911E848E 
 118      3FE8BBAE 
 118      EB
 119 0143 47BD88F4 		.ascii	"G\275\210\364\017\241o\220\212\374#\027\261_\342\035"
 119      0FA16F90 
 119      8AFC2317 
 119      B15FE21D 
 120 0153 916742CB 		.ascii	"\221gB\313\316\037\"?\206S\261\2008\333\350\315y\241"
 120      CE1F223F 
 120      8653B180 
 120      38DBE8CD 
 120      79A1
 121 0165 6D1CD3C2 		.ascii	"m\034\323\302\261~!*C\265\213\254D5}\217\330{\247\022"
 121      B17E212A 
 121      43B58BAC 
 121      44357D8F 
 121      D87BA712 
 122 0179 2A40BD5A 		.ascii	"*@\275Z\025dM\0343'\225@2\217W\025\252V\224:\177h%\340"
 122      15644D1C 
 122      33279540 
 122      328F5715 
 122      AA56943A 
 123 0191 CB1D5537 		.ascii	"\313\035U7t\003\250/\022F#\253x\301\240B>\011\357\253"
 123      7403A82F 
 123      124623AB 
 123      78C1A042 
 123      3E09EFAB 
 124 01a5 C4F85F3E 		.ascii	"\304\370_>\020w\332\003\177%>/\334\027F\014j\350\020"
 124      1077DA03 
 124      7F253E2F 
 124      DC17460C 
 124      6AE810
 125 01b8 09248A50 		.ascii	"\011$\212P\223\266\335\337'\224z\323\361\341Hlo\267"
 125      93B6DDDF 
 125      27947AD3 
 125      F1E1486C 
 125      6FB7
ARM GAS  /tmp/ccklAcvT.s 			page 9


 126 01ca 46213A3E 		.ascii	"F!:>?\000v\327B\375\230\317\273\207\311('D\013?\340"
 126      3F0076D7 
 126      42FD98CF 
 126      BB87C928 
 126      27440B3F 
 127 01df 50F08F50 		.ascii	"P\360\217P\035\214F-\214\206\012\335@\357\252\320\367"
 127      1D8C462D 
 127      8C860ADD 
 127      40EFAAD0 
 127      F7
 128 01f0 484D9D68 		.ascii	"HM\235h\357\255z\352\373\223,\241\257O\250X\316\334"
 128      EFAD7AEA 
 128      FB932CA1 
 128      AF4FA858 
 128      CEDC
 129 0202 347A4110 		.ascii	"4zA\020v\201\234\232\300P\015\214&\014\245\3506<\253"
 129      76819C9A 
 129      C0500D8C 
 129      260CA5E8 
 129      363CAB
 130 0215 50351A40 		.ascii	"P5\032@\250\012\365\223\036\326\243\237\200\374l\354"
 130      A80AF593 
 130      1ED6A39F 
 130      80FC6CEC 
 131 0225 F90E8C53 		.ascii	"\371\016\214S\220[W\357\\\315L5H\235!\257V\275\271I"
 131      905B57EF 
 131      5CCD4C35 
 131      489D21AF 
 131      56BDB949 
 132 0239 BC69747A 		.ascii	"\274itz\223t7\357\241\201y\263\224\372\336\361h\341"
 132      937437EF 
 132      A18179B3 
 132      94FADEF1 
 132      68E1
 133 024b 34C8BD4F 		.ascii	"4\310\275OP\250A\342L\303Zg\232Dg\006\204\003\025\006"
 133      50A841E2 
 133      4CC35A67 
 133      9A446706 
 133      84031506 
 134 025f 5C4C9DB9 		.ascii	"\\L\235\271\271Py\215\345p\037\002\376\310XC\245\027"
 134      B950798D 
 134      E5701F02 
 134      FEC85843 
 134      A517
 135 0271 0D92E043 		.ascii	"\015\222\340C\242\324\331\273[G\337\237&\357o%u\365"
 135      A2D4D9BB 
 135      5B47DF9F 
 135      26EF6F25 
 135      75F5
 136 0283 32FE17C0 		.ascii	"2\376\027\300\266\346$\357\321Px\005\006~\354\361\261"
 136      B6E624EF 
 136      D1507805 
 136      067EECF1 
 136      B1
 137 0294 073EF475 		.ascii	"\007>\364u\012\201\237\231>\220\256\247\274\001\330"
 137      0A819F99 
 137      3E90AEA7 
ARM GAS  /tmp/ccklAcvT.s 			page 10


 137      BC01D8
 138 02a3 ABB71BB3 		.ascii	"\253\267\033\263}(\274\217X\237\354\217\316\365\305"
 138      7D28BC8F 
 138      589FEC8F 
 138      CEF5C5
 139 02b2 17A92BD7 		.ascii	"\027\251+\327\227\217\\WS\254\026\330\305\253\3517\365"
 139      978F5C57 
 139      53AC16D8 
 139      C5ABE937 
 139      F5
 140 02c3 F80A7D37 		.ascii	"\370\012}7]\231\321J\336y\3229\254\201\246\316\243u"
 140      5D99D14A 
 140      DE79D239 
 140      AC81A6CE 
 140      A375
 141 02d5 9FD21612 		.ascii	"\237\322\026\022\265\035\320\322/\274J5\340J*\361\354"
 141      B51DD0D2 
 141      2FBC4A35 
 141      E04A2AF1 
 141      EC
 142 02e6 7CE1591F 		.ascii	"|\341Y\0372\375\004\331\364\273\217D12\375\272\241\255"
 142      32FD04D9 
 142      F4BB8F44 
 142      3132FDBA 
 142      A1AD
 143 02f8 0BDA40A0 		.ascii	"\013\332@\240(!2\022\343:*}{\256|\336\200o\211\014\216"
 143      28213212 
 143      E33A2A7D 
 143      7BAE7CDE 
 143      806F890C 
 144 030d DC377F0F 		.ascii	"\3347\177\017#\375\006\004`$Nh!G\300\353U\350\223\015"
 144      23FD0604 
 144      60244E68 
 144      2147C0EB 
 144      55E8930D 
 145 0321 6813E8EB 		.ascii	"h\023\350\353\005}}H\257\202 o\200hoP\245\012Z\261!"
 145      057D7D48 
 145      AF82206F 
 145      80686F50 
 145      A50A5AB1 
 146 0336 5500F4D3 		.ascii	"U\000\364\323o\304gP\272wh\272\334K\317\024\304\274"
 146      6FC46750 
 146      BA7768BA 
 146      DC4BCF14 
 146      C4BC
 147 0348 4E0180FB 		.ascii	"N\001\200\373\236T%`\303\276\225\345\003\015BF8\273"
 147      9E542560 
 147      C3BE95E5 
 147      030D4246 
 147      38BB
 148 035a A04243C8 		.ascii	"\240BC\310@\223\241\353J\311\177\020X\364\353aY\215"
 148      4093A1EB 
 148      4AC97F10 
 148      58F4EB61 
 148      598D
 149 036c 7B9B75B8 		.ascii	"{\233u\270\223\015\372\361\227\007}\361\210\310\250"
 149      930DFAF1 
ARM GAS  /tmp/ccklAcvT.s 			page 11


 149      97077DF1 
 149      88C8A8
 150 037b 1FF7971F 		.ascii	"\037\367\227\037\320\242\200\200\000\277l\022\254\212"
 150      D0A28080 
 150      00BF6C12 
 150      AC8A
 151 0389 C5F2809C 		.ascii	"\305\362\200\234h\341\306\237\321\003\3204\012\236="
 151      68E1C69F 
 151      D103D034 
 151      0A9E3D
 152 0398 427E128D 		.ascii	"B~\022\215w\305\353\317\340B\341]\177\227&T\304x\212"
 152      77C5EBCF 
 152      E042E15D 
 152      7F972654 
 152      C4788A
 153 03ab E87B3274 		.ascii	"\350{2t \271T \021\035\023-T\314\244\254\317\025\225"
 153      20B95420 
 153      111D132D 
 153      54CCA4AC 
 153      CF1595
 154 03be 0F2303EA 		.ascii	"\017#\003\352Q\206\023\335\207\304\231\000\0049\217"
 154      518613DD 
 154      87C49900 
 154      04398F
 155 03cd 3AE1FD6D 		.ascii	":\341\375m2p#L\200\214\3348\012@c@\017Q\000[)\372c\247"
 155      3270234C 
 155      808CDC38 
 155      0A406340 
 155      0F51005B 
 156 03e5 CFA97126 		.ascii	"\317\251q&]\306\333g\257\026\352\375\224\325<~\255\032"
 156      5DC6DB67 
 156      AF16EAFD 
 156      94D53C7E 
 156      AD1A
 157 03f7 678EAE63 		.ascii	"g\216\256c9z\353BY\262\226\315\010O2CF\232\246t8\237"
 157      397AEB42 
 157      59B296CD 
 157      084F3243 
 157      469AA674 
 158 040d 9A694C6F 		.ascii	"\232iLo\215d\371}\203\360\005\227\342\3235\224_\017"
 158      8D64F97D 
 158      83F00597 
 158      E2D33594 
 158      5F0F
 159 041f 6C43EBD4 		.ascii	"lC\353\324S\003\233\036d:\034>[\271\300f[\005\201w\264"
 159      53039B1E 
 159      643A1C3E 
 159      5BB9C066 
 159      5B058177 
 160 0434 F69CC0B8 		.ascii	"\366\234\300\270\204\352\022\222_\035\363\306\025\224"
 160      84EA1292 
 160      5F1DF3C6 
 160      1594
 161 0442 B934DBDF 		.ascii	"\2714\333\337\245S\336=f\344\273\007\010\334?\277\277"
 161      A553DE3D 
 161      66E4BB07 
 161      08DC3FBF 
ARM GAS  /tmp/ccklAcvT.s 			page 12


 161      BF
 162 0453 5A8B6F50 		.ascii	"Z\213oP\351\205\023-w\265\270\2252C\317\363_\370\322"
 162      E985132D 
 162      77B5B895 
 162      3243CFF3 
 162      5FF8D2
 163 0466 50901FDB 		.ascii	"P\220\037\333I^\202\226y\032\004\326\361\374\206\302"
 163      495E8296 
 163      791A04D6 
 163      F1FC86C2 
 164 0476 64BD34E3 		.ascii	"d\2754\343\346]\306\346\2253\225\242\2072\373}\360="
 164      E65DC6E6 
 164      953395A2 
 164      8732FB7D 
 164      F03D
 165 0488 AABCF660 		.ascii	"\252\274\366`L\274\036\017P\346\336\363\223\227\275"
 165      4CBC1E0F 
 165      50E6DEF3 
 165      9397BD
 166 0497 949D5E54 		.ascii	"\224\235^Ttz`y\351/\370\011\025~6Q\334\344\213g(\223"
 166      747A6079 
 166      E92FF809 
 166      157E3651 
 166      DCE48B67 
 167 04ad 70FF6599 		.ascii	"p\377e\231\027^\242LM\356\3348\226u@\3400\212\342\244"
 167      175EA24C 
 167      4DEEDC38 
 167      967540E0 
 167      308AE2A4 
 168 04c1 1D281FEF 		.ascii	"\035(\037\357\337\257\301\321X\024:S\364\"I#\023\212"
 168      DFAFC1D1 
 168      58143A53 
 168      F4224923 
 168      138A
 169 04d3 9609E59D 		.ascii	"\226\011\345\235,\205\\\224\364:\206\223\366z\027G{"
 169      2C855C94 
 169      F43A8693 
 169      F67A1747 
 169      7B
 170 04e4 CD25F6EE 		.ascii	"\315%\366\356;\343\201\374\002\016\261\025EL\251\225"
 170      3BE381FC 
 170      020EB115 
 170      454CA995 
 171 04f4 EE116776 		.ascii	"\356\021gvS\275h\017'\246R6QY19\026p\252n\267\220\000"
 171      53BD680F 
 171      27A65236 
 171      51593139 
 171      1670AA6E 
 172 050b AB12A842 		.ascii	"\253\022\250B\221\014\247\220\362\304\227\027\207\372"
 172      910CA790 
 172      F2C49717 
 172      87FA
 173 0519 BCFD942D 		.ascii	"\274\375\224-D\313-\200DuI\367\030G\023j\023\260\247"
 173      44CB2D80 
 173      447549F7 
 173      1847136A 
 173      13B0A7
ARM GAS  /tmp/ccklAcvT.s 			page 13


 174 052c C77B1730 		.ascii	"\307{\0270.\245\021\350\277_W\344\203\313)S:\233^\352"
 174      2EA511E8 
 174      BF5F57E4 
 174      83CB2953 
 174      3A9B5EEA 
 175 0540 8B6B28D3 		.ascii	"\213k(\3234\270<\245\307\215\224\211;<q\322\007\267"
 175      34B83CA5 
 175      C78D9489 
 175      3B3C71D2 
 175      07B7
 176 0552 51A666B8 		.ascii	"Q\246f\270=\301C\026\265\003`\373\240K\324\352\262\332"
 176      3DC14316 
 176      B50360FB 
 176      A04BD4EA 
 176      B2DA
 177 0564 520DD2A8 		.ascii	"R\015\322\250\035t\351T\002\213\032\252m\311z\256\305"
 177      1D74E954 
 177      028B1AAA 
 177      6DC97AAE 
 177      C5
 178 0575 BD54F9A3 		.ascii	"\275T\371\243\221\274N\016\017S&fOj='\263\224\010\226"
 178      91BC4E0E 
 178      0F532666 
 178      4F6A3D27 
 178      B3940896 
 179 0589 925C2C9D 		.ascii	"\222\\,\235_>\263\033\343I&4}lF\356^\262L\350H^S\246"
 179      5F3EB31B 
 179      E3492634 
 179      7D6C46EE 
 179      5EB24CE8 
 180 05a1 56EADE61 		.ascii	"V\352\336a\027\367\2168\335\273r(qB\213\347\250\362"
 180      17F78E38 
 180      DDBB7228 
 180      71428BE7 
 180      A8F2
 181 05b3 A1960B95 		.ascii	"\241\226\013\225\236\356\204\320Q0\262\"\367$>\253Y"
 181      9EEE84D0 
 181      5130B222 
 181      F7243EAB 
 181      59
 182 05c4 2D85A6C0 		.ascii	"-\205\246\300\330\256\352Ou\342zR\342J\275p\234Z\324"
 182      D8AEEA4F 
 182      75E27A52 
 182      E24ABD70 
 182      9C5AD4
 183 05d7 7FEDE0D4 		.ascii	"\177\355\340\324e\035N\244\314\235\370\366nO\234N\231"
 183      651D4EA4 
 183      CC9DF8F6 
 183      6E4F9C4E 
 183      99
 184 05e8 F9D48562 		.ascii	"\371\324\205b/\345\275*\203S\332\253\366\314\015\024"
 184      2FE5BD2A 
 184      8353DAAB 
 184      F6CC0D14 
 185 05f8 F9E2E3A2 		.ascii	"\371\342\343\242\264\366\321\261s\331\230,\340\344\347"
 185      B4F6D1B1 
 185      73D9982C 
ARM GAS  /tmp/ccklAcvT.s 			page 14


 185      E0E4E7
 186 0607 4F57E5BA 		.ascii	"OW\345\272\3758\355L\342~!+\012\243LN\217\322A\315I"
 186      FD38ED4C 
 186      E27E212B 
 186      0AA34C4E 
 186      8FD241CD 
 187 061c CE5F29EF 		.ascii	"\316_)\357\3302\376[\272\214\023\360\267\257\005CR7"
 187      D832FE5B 
 187      BA8C13F0 
 187      B7AF0543 
 187      5237
 188 062e 37F8D355 		.ascii	"7\370\323U|\253\001\245\275\011\274\324\274\216\202"
 188      7CAB01A5 
 188      BD09BCD4 
 188      BC8E82
 189 063d 97608788 		.ascii	"\227`\207\210{\023z\346&S\015)\204\366\277\011]\365"
 189      7B137AE6 
 189      26530D29 
 189      84F6BF09 
 189      5DF5
 190 064f 3BEA3504 		.ascii	";\3525\004\034\035z\023x\376\013\012\206\205\014\305"
 190      1C1D7A13 
 190      78FE0B0A 
 190      86850CC5 
 191 065f BB07272A 		.ascii	"\273\007'*M?\225\210&\243\220\305\005\240c@\307\201"
 191      4D3F9588 
 191      26A390C5 
 191      05A06340 
 191      C781
 192 0671 72817280 		.ascii	"r\201r\200N\000e\257\314\311\311\232\233\007\275\361"
 192      4E0065AF 
 192      CCC9C99A 
 192      9B07BDF1 
 193 0681 5D3AB4C3 		.ascii	"]:\264\303\331\217\337\241\363\363#\340\356\316\037"
 193      D98FDFA1 
 193      F3F323E0 
 193      EECE1F
 194 0690 8AD3E33E 		.ascii	"\212\323\343>\372j\364l\3519O<F\031\347D\366\247\023"
 194      FA6AF46C 
 194      E9394F3C 
 194      4619E744 
 194      F6A713
 195 06a3 D9799658 		.ascii	"\331y\226XG\317\022\343\321\025\375j\374\224B+\372\366"
 195      47CF12E3 
 195      D115FD6A 
 195      FC94422B 
 195      FAF6
 196 06b5 BFC4F0EE 		.ascii	"\277\304\360\356\307P\013!\311a\346\307\3640\023\225"
 196      C7500B21 
 196      C961E6C7 
 196      F4301395 
 197 06c5 D49EAFC3 		.ascii	"\324\236\257\303\323\024;\020s\354\013\275B\311R\304"
 197      D3143B10 
 197      73EC0BBD 
 197      42C952C4 
 198 06d5 8978D2A1 		.ascii	"\211x\322\241s\334\006T\310m\2208\353O\235=\2346\262"
 198      73DC0654 
ARM GAS  /tmp/ccklAcvT.s 			page 15


 198      C86D9038 
 198      EB4F9D3D 
 198      9C36B2
 199 06e8 1E2F523D 		.ascii	"\036/R=q\361K\3470\216\366`\313\374\361\373\006%\255"
 199      71F14BE7 
 199      308EF660 
 199      CBFCF1FB 
 199      0625AD
 200 06fb 1714B53E 		.ascii	"\027\024\265>\310\234|\256\306qT6\267\372\334-\015>"
 200      C89C7CAE 
 200      C6715436 
 200      B7FADC2D 
 200      0D3E
 201 070d 4499FA4B 		.ascii	"D\231\372K\005i:%E%\212\212\346\223S>\301iT4\177r\272"
 201      05693A25 
 201      45258A8A 
 201      E693533E 
 201      C1695434 
 202 0724 946CB41F 		.ascii	"\224l\264\037\351\3217\222\030|Dc\320s\256\273F\215"
 202      E9D13792 
 202      187C4463 
 202      D073AEBB 
 202      468D
 203 0736 8F53A873 		.ascii	"\217S\250s\323\365g\233n\363\304\256D\266K\025E\013"
 203      D3F5679B 
 203      6EF3C4AE 
 203      44B64B15 
 203      450B
 204 0748 3F8CFC99 		.ascii	"?\214\374\231\012\225\203\021R\330\2402N\324!nS\320"
 204      0A958311 
 204      52D8A032 
 204      4ED4216E 
 204      53D0
 205 075a 76951AEE 		.ascii	"v\225\032\356\032\351<\353%\235\356\3278i\221u\3359"
 205      1AE93CEB 
 205      259DEED7 
 205      38699175 
 205      DD39
 206 076c DDA3062E 		.ascii	"\335\243\006.u\"\234O\315\346\315\306\\\364\305\305"
 206      75229C4F 
 206      CDE6CDC6 
 206      5CF4C5C5 
 207 077c 94C9C99E 		.ascii	"\224\311\311\236\213R\343\022\346\373\245\370\\\265"
 207      8B52E312 
 207      E6FBA5F8 
 207      5CB5
 208 078a 6C15AB02 		.ascii	"l\025\253\002\323\325.\253\330\343\301\351)-\256\245"
 208      D3D52EAB 
 208      D8E3C1E9 
 208      292DAEA5 
 209 079a 4259D5A5 		.ascii	"BY\325\245\315\362M\260F&\324\260\247\344\231F\352\353"
 209      CDF24DB0 
 209      4626D4B0 
 209      A7E49946 
 209      EAEB
 210 07ac F72E4B5F 		.ascii	"\367.K_\255\323W\347ih\035=\015\335\\\272\223\201p\007"
 210      ADD357E7 
ARM GAS  /tmp/ccklAcvT.s 			page 16


 210      69681D3D 
 210      0DDD5CBA 
 210      93817007 
 211 07c0 B5D5D238 		.ascii	"\265\325\3228`\301\335\364y\340E\301)\371:]"
 211      60C1DDF4 
 211      79E045C1 
 211      29F93A5D 
 212 07d0 0F761B5C 		.ascii	"\017v\033\\\354N\265\034\335\202\207\250LRC\354#\275"
 212      EC4EB51C 
 212      DD8287A8 
 212      4C5243EC 
 212      23BD
 213 07e2 4CA65126 		.ascii	"L\246Q&\323\226r\343]\251\2537]\\mr\272\232U\325\277"
 213      D39672E3 
 213      5DA9AB37 
 213      5D5C6D72 
 213      BA9A55D5 
 214 07f7 114F8AAA 		.ascii	"\021O\212\252q\364\253\221?\302.\034\340R\331\255\014"
 214      71F4AB91 
 214      3FC22E1C 
 214      E052D9AD 
 214      0C
 215 0808 1F71AB85 		.ascii	"\037q\253\205m\222\267`R\266\272n\305\277Ly\361P\020"
 215      6D92B760 
 215      52B6BA6E 
 215      C5BF4C79 
 215      F15010
 216 081b 12D713D5 		.ascii	"\022\327\023\325\250\231a\225\213U\"0\265\236.\030M"
 216      A8996195 
 216      8B552230 
 216      B59E2E18 
 216      4D
 217 082c 6CE35640 		.ascii	"l\343V@\263\215\373pR\3120\366S\366\251Q\331'\220\232"
 217      B38DFB70 
 217      52CA30F6 
 217      53F6A951 
 217      D927909A 
 218 0840 4BA9CFF5 		.ascii	"K\251\317\365\306/h\314\022\363[\357x\3429\226;\313"
 218      C62F68CC 
 218      12F35BEF 
 218      78E23996 
 218      3BCB
 219 0852 CF0F1AF0 		.ascii	"\317\017\032\360+\312\304N>zO\026\314\333\240\265\323"
 219      2BCAC44E 
 219      3E7A4F16 
 219      CCDBA0B5 
 219      D3
 220 0863 2598A7C7 		.ascii	"%\230\247\307k\242t\322hv\272\270{geO*\313\236\365\306"
 220      6BA274D2 
 220      6876BAB8 
 220      7B67654F 
 220      2ACB9EF5 
 221 0878 7B3C896E 		.ascii	"{<\211n\256\254u\014\312/wU\315]0r\217\271\336%\015"
 221      AEAC750C 
 221      CA2F7755 
 221      CD5D3072 
 221      8FB9DE25 
ARM GAS  /tmp/ccklAcvT.s 			page 17


 222 088d E560034E 		.ascii	"\345`\003N/\246\241\004\275\250\203\341\224\203S\375"
 222      2FA6A104 
 222      BDA883E1 
 222      948353FD 
 223 089d BCF18E06 		.ascii	"\274\361\216\0067z\322\205\244\363I\207\001\267P\246"
 223      377AD285 
 223      A4F34987 
 223      01B750A6 
 224 08ad 66A1F884 		.ascii	"f\241\370\204\026wR&\275\374\261 /\330\036\200\352\036"
 224      16775226 
 224      BDFCB120 
 224      2FD81E80 
 224      EA1E
 225 08bf 977EEE3E 		.ascii	"\227~\356>y*V\207\037R\241\221\263\265\217\221L\250"
 225      792A5687 
 225      1F52A191 
 225      B3B58F91 
 225      4CA8
 226 08d1 572634DC 		.ascii	"W&4\334\272\330\3502\203\373\\\334\355w\006'/jt\002"
 226      BAD8E832 
 226      83FB5CDC 
 226      ED770627 
 226      2F6A7402 
 227 08e5 E30551B9 		.ascii	"\343\005Q\271\372\322\351\356\031\037\222l\001\312\347"
 227      FAD2E9EE 
 227      191F926C 
 227      01CAE7
 228 08f4 08E2DB20 		.ascii	"\010\342\333 \013\317\010\214\354\020\320\2604L\217"
 228      0BCF088C 
 228      EC10D0B0 
 228      344C8F
 229 0903 C67E9976 		.ascii	"\306~\231vA\020b\015\304\200\230p\203\257M\270\332\364"
 229      4110620D 
 229      C4809870 
 229      83AF4DB8 
 229      DAF4
 230 0915 75F4E835 		.ascii	"u\364\3505\013[\345\200\014\356r\364\"{e\232?\205\367"
 230      0B5BE580 
 230      0CEE72F4 
 230      227B659A 
 230      3F85F7
 231 0928 B30455D0 		.ascii	"\263\004U\320\316\306`q9\177\306\333\315q\250\327}7"
 231      CEC66071 
 231      397FC6DB 
 231      CD71A8D7 
 231      7D37
 232 093a C8A29B74 		.ascii	"\310\242\233t\345\242\027\216\324\210\341>u;r\210\303"
 232      E5A2178E 
 232      D488E13E 
 232      753B7288 
 232      C3
 233 094b 7B4446DD 		.ascii	"{DF\335\223\3276\241C.5\307\315\023\254\346\330\013"
 233      93D736A1 
 233      432E35C7 
 233      CD13ACE6 
 233      D80B
 234 095d FAC640EF 		.ascii	"\372\306@\357\304\353j\216\252\215\221\342\374j\003"
ARM GAS  /tmp/ccklAcvT.s 			page 18


 234      C4EB6A8E 
 234      AA8D91E2 
 234      FC6A03
 235 096c F0430676 		.ascii	"\360C\006vN\033\031x\200\201G\001|\237\201\235]X\273"
 235      4E1B1978 
 235      80814701 
 235      7C9F819D 
 235      5D58BB
 236 097f 7BAFEDA2 		.ascii	"{\257\355\242\212\252&\307=\350\333#\240\307+\375\333"
 236      8AAA26C7 
 236      3DE8DB23 
 236      A0C72BFD 
 236      DB
 237 0990 9797D5A6 		.ascii	"\227\227\325\246\303\361\264\177\213B\362\021\037\234"
 237      C3F1B47F 
 237      8B42F211 
 237      1F9C
 238 099e 489996D4 		.ascii	"H\231\226\324\276\003\3368\23121'.\317!\345\243\315"
 238      BE03DE38 
 238      99323127 
 238      2ECF21E5 
 238      A3CD
 239 09b0 534EE968 		.ascii	"SN\351h\023\231\321>\310\341t*=V\320\336\216q\026e\226"
 239      1399D13E 
 239      C8E1742A 
 239      3D56D0DE 
 239      8E711665 
 240 09c5 4ED5447A 		.ascii	"N\325Dz*\253z\256\250*3\372h\021\306\247\251\364\323"
 240      2AAB7AAE 
 240      A82A33FA 
 240      6811C6A7 
 240      A9F4D3
 241 09d8 AAE5318C 		.ascii	"\252\3451\214\013)\223\320\3352e\300\347)\223\231\235"
 241      0B2993D0 
 241      DD3265C0 
 241      E7299399 
 241      9D
 242 09e9 FB277C8D 		.ascii	"\373'|\215>\267vG\246\370\270\331\343\346\224\3668\317"
 242      3EB77647 
 242      A6F8B8D9 
 242      E3E694F6 
 242      38CF
 243 09fb A52399C5 		.ascii	"\245#\231\305\234XE\372\005\320\364Z\236\303\3719\315"
 243      9C5845FA 
 243      05D0F45A 
 243      9EC3F939 
 243      CD
 244 0a0c 309EF19B 		.ascii	"0\236\361\233\320K\330\360fAn\211\344\311\312\020\325"
 244      D04BD8F0 
 244      66416E89 
 244      E4C9CA10 
 244      D5
 245 0a1d 716BCAB1 		.ascii	"qk\312\261\367\350\202\371\002\3203\014\355\266\034"
 245      F7E882F9 
 245      02D0330C 
 245      EDB61C
 246 0a2c 6B9080A7 		.ascii	"k\220\200\247\225\301\222\251\321\305\320\317\000=)"
ARM GAS  /tmp/ccklAcvT.s 			page 19


 246      95C192A9 
 246      D1C5D0CF 
 246      003D29
 247 0a3b 43537744 		.ascii	"CSwD\370j\216C9\361\034\020S\342\273%\226\340\257`\360"
 247      F86A8E43 
 247      39F11C10 
 247      53E2BB25 
 247      96E0AF60 
 248 0a50 17809681 		.ascii	"\027\200\226\201\026\201\346\245\363\265M\342\322\224"
 248      1681E6A5 
 248      F3B54DE2 
 248      D294
 249 0a5e 1B236C42 		.ascii	"\033#lB\325}\327\237\352\203\247h\264\253O6\035\343"
 249      D57DD79F 
 249      EA83A768 
 249      B4AB4F36 
 249      1DE3
 250 0a70 FC142D23 		.ascii	"\374\024-#\001\3437\031?\212\375nvOth\2345\274\344\347"
 250      01E33719 
 250      3F8AFD6E 
 250      764F7468 
 250      9C35BCE4 
 251 0a85 B732B596 		.ascii	"\2672\265\226\316H\246\3262\234\246\223\261\324\271"
 251      CE48A6D6 
 251      329CA693 
 251      B1D4B9
 252 0a94 B6359F65 		.ascii	"\2665\237e\332\376\027\246K\312\237Q$\240\236p\024\275"
 252      DAFE17A6 
 252      4BCA9F51 
 252      24A09E70 
 252      14BD
 253 0aa6 1A8D676B 		.ascii	"\032\215gkV\222\266\177I\021*\"=\321E\350\370y\206\246"
 253      5692B67F 
 253      49112A22 
 253      3DD145E8 
 253      F87986A6 
 254 0aba A5980AE5 		.ascii	"\245\230\012\345\213\203\374\035\267\272-~F\301\227"
 254      8B83FC1D 
 254      B7BA2D7E 
 254      46C197
 255 0ac9 017C4911 		.ascii	"\001|I\021,\031\267\236s\254\236\207\302\003Urk\335"
 255      2C19B79E 
 255      73AC9E87 
 255      C2035572 
 255      6BDD
 256 0adb 9E5AE376 		.ascii	"\236Z\343vs\013;,\220r{\237\014\036\273V}\333\227t\304"
 256      730B3B2C 
 256      90727B9F 
 256      0C1EBB56 
 256      7DDB9774 
 257 0af0 C8D962C1 		.ascii	"\310\331b\301MP$\360\361\257(\234\254\257\3232\370\013"
 257      4D5024F0 
 257      F1AF289C 
 257      ACAFD332 
 257      F80B
 258 0b02 173878F3 		.ascii	"\0278x\363\244@O\027\035\262|t3o\024\026\035v*\352b"
 258      A4404F17 
ARM GAS  /tmp/ccklAcvT.s 			page 20


 258      1DB27C74 
 258      336F1416 
 258      1D762AEA 
 259 0b17 5D25078C 		.ascii	"]%\007\21497\332W\273:S\270.Y p\262\374\335`\312\335"
 259      3937DA57 
 259      BB3A53B8 
 259      2E592070 
 259      B2FCDD60 
 260 0b2d CFADDACB 		.ascii	"\317\255\332\313L\373\020h\257p\023HIW\253\376\225v"
 260      4CFB1068 
 260      AF701348 
 260      4957ABFE 
 260      9576
 261 0b3f 15CEACE8 		.ascii	"\025\316\254\350\224\233@J\016iW\327\305D\013\220/\305"
 261      949B404A 
 261      0E6957D7 
 261      C5440B90 
 261      2FC5
 262 0b51 30A8058A 		.ascii	"0\250\005\212\203\232\267\232\0013\245\314\027\242\374"
 262      839AB79A 
 262      0133A5CC 
 262      17A2FC
 263 0b60 AC4CF9E9 		.ascii	"\254L\371\3515\312\033>\243\256@\235\214\256\310\320"
 263      35CA1B3E 
 263      A3AE409D 
 263      8CAEC8D0 
 264 0b70 F99C6B5C 		.ascii	"\371\234k\\\232\013Y\012\220\212\242]\006\277\273\266"
 264      9A0B590A 
 264      908AA25D 
 264      06BFBBB6 
 265 0b80 A33D6512 		.ascii	"\243=e\022g\316\270qF\2764L\002\342\011\231\240\211"
 265      67CEB871 
 265      46BE344C 
 265      02E20999 
 265      A089
 266 0b92 CED0C304 		.ascii	"\316\320\303\004\335\207\003P\"P<\320n\240\375@\207"
 266      DD870350 
 266      22503CD0 
 266      6EA0FD40 
 266      87
 267 0ba3 807601C5 		.ascii	"\200v\001\305\000\035\004J\000J\002:\000\264\007(\012"
 267      001D044A 
 267      004A023A 
 267      00B40728 
 267      0A
 268 0bb4 682F501C 		.ascii	"h/P\034P,P4vn-\273/7n\360S6\232\374\377ftl\351\334\250"
 268      502C5034 
 268      766E2DBB 
 268      2F376EF0 
 268      53369AFC 
 269 0bcf 1AEFD28A 		.ascii	"\032\357\322\212\013\323\205\256\253\203\0368\2362w"
 269      0BD385AE 
 269      AB831E38 
 269      9E3277
 270 0bde 8FB467C8 		.ascii	"\217\264g\310k%\250\251Q\012\226\326JQ5\331\037\341"
 270      6B25A8A9 
 270      510A96D6 
ARM GAS  /tmp/ccklAcvT.s 			page 21


 270      4A5135D9 
 270      1FE1
 271 0bf0 6C2AD313 		.ascii	"l*\323\023\337\270\354\345\224\211q\312\244\312d\312"
 271      DFB8ECE5 
 271      948971CA 
 271      A4CA64CA 
 272 0c00 AE468FBA 		.ascii	"\256F\217\272|pIs\031\204t\314\352\253\347q\2732u\270"
 272      7C704973 
 272      198474CC 
 272      EAABE771 
 272      BB3275B8 
 273 0c14 842A172E 		.ascii	"\204*\027.\015\301x\225Qf\371dQ\254\026\327\210\014"
 273      0DC17895 
 273      5166F964 
 273      51AC16D7 
 273      880C
 274 0c26 57D574A1 		.ascii	"W\325t\241D\217\304\325\017F\270%\325#%\207\255~\344"
 274      448FC4D5 
 274      0F46B825 
 274      D5232587 
 274      AD7EE4
 275 0c39 EF22DF82 		.ascii	"\357\"\337\202\371,\254\270\265(\327\261\231L\200D\373"
 275      F92CACB8 
 275      B528D7B1 
 275      994C8044 
 275      FB
 276 0c4a D84AA44A 		.ascii	"\330J\244Jo\037l\361\3023,R\011\027\212tn>\275\035W"
 276      6F1F6CF1 
 276      C2332C52 
 276      09178A74 
 276      6E3EBD1D 
 277 0c5f 143FD0DB 		.ascii	"\024?\320\333\361\017x\221J;\377\304\370\245\374O\214"
 277      F10F7891 
 277      4A3BFFC4 
 277      F8A5FC4F 
 277      8C
 278 0c70 5FD21369 		.ascii	"_\322\023i\312\\\324\003\214w\351D&\276\2602\327W\271"
 278      CA5CD403 
 278      8C77E944 
 278      26BEB032 
 278      D757B9
 279 0c83 02388945 		.ascii	"\0028\211E\021b\352\004\336\200r\261X\001\344\226\304"
 279      1162EA04 
 279      DE8072B1 
 279      5801E496 
 279      C4
 280 0c94 A5EBF041 		.ascii	"\245\353\360A*\375\252\245\370\337\361Q\361\231{\026"
 280      2AFDAAA5 
 280      F8DFF151 
 280      F1997B16 
 281 0ca4 75F68297 		.ascii	"u\366\202\227\263~\227\035=\316\200\262\263\314\361"
 281      B37E971D 
 281      3DCE80B2 
 281      B3CCF1
 282 0cb3 3CECDCE8 		.ascii	"<\354\334\350`\216U\357\307\361'\004\361\253\244\263"
 282      608E55EF 
 282      C7F12704 
ARM GAS  /tmp/ccklAcvT.s 			page 22


 282      F1ABA4B3 
 283 0cc3 F83AEBB2 		.ascii	"\370:\353\262\372Hk\307\222\343\205\231\034\316\241"
 283      FA486BC7 
 283      92E38599 
 283      1CCEA1
 284 0cd2 C6F7B65D 		.ascii	"\306\367\266]\354\364qs\322\311\227\233\003\211\202"
 284      ECF47173 
 284      D2C9979B 
 284      038982
 285 0ce1 E5D1745F 		.ascii	"\345\321t_\366\375\234|\256x\2312\026\353\215\013\251"
 285      F6FD9C7C 
 285      AE789932 
 285      16EB8D0B 
 285      A9
 286 0cf2 BAC75D71 		.ascii	"\272\307]q%\010_\244\314\356\241\202E\214K)S\333V?%"
 286      25085FA4 
 286      CCEEA182 
 286      458C4B29 
 286      53DB563F 
 287 0d07 CFD66230 		.ascii	"\317\326b0\361\235K\346\305^+\014\301\365T\346\374x"
 287      F19D4BE6 
 287      C55E2B0C 
 287      C1F554E6 
 287      FC78
 288 0d19 499DA74C 		.ascii	"I\235\247L\346\274L\246\357\342B\232\3137\337\013.\331"
 288      E6BC4CA6 
 288      EFE2429A 
 288      CB37DF0B 
 288      2ED9
 289 0d2b 74D199AD 		.ascii	"t\321\231\255\017o\314\014k\361=\252|\246\376h\2367"
 289      0F6FCC0C 
 289      6BF13DAA 
 289      7CA6FE68 
 289      9E37
 290 0d3d EE652318 		.ascii	"\356e#\030\327\237\253Q\036\301\022\254P\303\251o|\333"
 290      D79FAB51 
 290      1EC112AC 
 290      50C3A96F 
 290      7CDB
 291 0d4f FF6F68B5 		.ascii	"\377oh\265\266\232\034\373E\006;\213\2025\361hP*\317"
 291      B69A1CFB 
 291      45063B8B 
 291      8235F168 
 291      502ACF
 292 0d62 68C92AB7 		.ascii	"h\311*\267\224\301\216\006\2271\354\272x-|\2656Q\256"
 292      94C18E06 
 292      9731ECBA 
 292      782D7CB5 
 292      3651AE
 293 0d75 F18B9904 		.ascii	"\361\213\231\004\361\252\014\326\213+@W\261\244\364"
 293      F1AA0CD6 
 293      8B2B4057 
 293      B1A4F4
 294 0d84 7992C1CE 		.ascii	"y\222\301\316\022\304\235HewX>L\357/\177`ps\2268\357"
 294      12C49D48 
 294      6577583E 
 294      4CEF2F7F 
ARM GAS  /tmp/ccklAcvT.s 			page 23


 294      60707396 
 295 0d9a DE0E489E 		.ascii	"\336\016H\236\250\234\251\320\343\011\032\302\205\357"
 295      A89CA9D0 
 295      E3091AC2 
 295      85EF
 296 0da8 0A163C71 		.ascii	"\012\026<q\014\235\036\007/v/\370\342\375\224Yn,\316"
 296      0C9D1E07 
 296      2F762FF8 
 296      E2FD9459 
 296      6E2CCE
 297 0dbb 70F397F3 		.ascii	"p\363\227\363\012\245\340\342W\015\027\273\310Id\265"
 297      0AA5E0E2 
 297      570D17BB 
 297      C84964B5 
 298 0dcb 5ABA9BD3 		.ascii	"Z\272\233\323&\210\353E98\003\3053\252y\335\316\335"
 298      2688EB45 
 298      393803C5 
 298      33AA79DD 
 298      CEDD
 299 0ddd F5F77483 		.ascii	"\365\367t\203\252\204\330^g\3407\024\227\320\351B\230"
 299      AA84D85E 
 299      67E03714 
 299      97D0E942 
 299      98
 300 0dee 9F649746 		.ascii	"\237d\227F\327\230\010\361\252\012:\\\275\322\341\244"
 300      D79808F1 
 300      AA0A3A5C 
 300      BDD2E1A4 
 301 0dfe 86EFC635 		.ascii	"\206\357\3065\370(\355Vd}u\243\316OY\305\367nU\0245"
 301      F828ED56 
 301      647D75A3 
 301      CE4F59C5 
 301      F76E5514 
 302 0e13 1FC8F0C6 		.ascii	"\037\310\360\306\005TE\301\241\310$\016\237\247\314"
 302      055445C1 
 302      A1C8240E 
 302      9FA7CC
 303 0e22 BD3D2F1A 		.ascii	"\275=/\032<p\245\310\340=K\267\332\365\262\017#+\372"
 303      3C70A5C8 
 303      E03D4BB7 
 303      DAF5B20F 
 303      232BFA
 304 0e35 6F80FE06 		.ascii	"o\200\376\006\246\377&\350o\224\216\375L\217d\007\255"
 304      A6FF26E8 
 304      6F948EFD 
 304      4C8F6407 
 304      AD
 305 0e46 6748773B 		.ascii	"gHw;.\304\267\263\207U.\316\263X\203rp\3117\365\311"
 305      2EC4B7B3 
 305      87552ECE 
 305      B3588372 
 305      70C937F5 
 306 0e5b 23636A5C 		.ascii	"#cj\\O\035~9\330\373\275\273\0004);H\2165\007\322.\031"
 306      4F1D7E39 
 306      D8FBBDBB 
 306      0034293B 
 306      488E3507 
ARM GAS  /tmp/ccklAcvT.s 			page 24


 307 0e72 70275B46 		.ascii	"p'[F'\246f\015x\2202\027[\013\256\250\361\023\226A\225"
 307      27A6660D 
 307      78903217 
 307      5B0BAEA8 
 307      F1139641 
 308 0e87 A776E059 		.ascii	"\247v\340Y\372\374\250 \351\230'^\024\031\217\276\351"
 308      FAFCA820 
 308      E998275E 
 308      14198FBE 
 308      E9
 309 0e98 E1590F24 		.ascii	"\341Y\017$9\327\324\215y\274\234\242s\217\234&\332\300"
 309      39D7D48D 
 309      79BC9CA2 
 309      738F9C26 
 309      DAC0
 310 0eaa F21DE564 		.ascii	"\362\035\345dg5\346),\344n\022\261\267\224\261\222\330"
 310      6735E629 
 310      2CE46E12 
 310      B1B794B1 
 310      92D8
 311 0ebc 8CBF2BC0 		.ascii	"\214\277+\300\351N,\273\333\031x\265\354^-u\\\252\202"
 311      E94E2CBB 
 311      DB1978B5 
 311      EC5E2D75 
 311      5CAA82
 312 0ecf 7600D052 		.ascii	"v\000\320R\365\016\213@\007D\3406\320]\240N\351\302"
 312      F50E8B40 
 312      0744E036 
 312      D05DA04E 
 312      E9C2
 313 0ee1 DDB5AABE 		.ascii	"\335\265\252\276U\246\336\345\200R\2707\272\\\213/y"
 313      55A6DEE5 
 313      8052B837 
 313      BA5C8B2F 
 313      79
 314 0ef2 8901291A 		.ascii	"\211\001)\032m\032D~\212F\321=\246\307\215\335\243X"
 314      6D1A447E 
 314      8A46D13D 
 314      A6C78DDD 
 314      A358
 315 0f04 3F53BBFB 		.ascii	"?S\273\373\2527\354\306\316C\311\312,k,`\263\254\026"
 315      AA37ECC6 
 315      CE43C9CA 
 315      2C6B2C60 
 315      B3AC16
 316 0f17 E4CF819E 		.ascii	"\344\317\201\236\373pw\016\251\264\204u\261\334\012"
 316      FB70770E 
 316      A9B48475 
 316      B1DC0A
 317 0f26 965B8865 		.ascii	"\226[\210e\362\305\363>\263\334\007\026\273\201\372"
 317      F2C5F33E 
 317      B3DC0716 
 317      BB81FA
 318 0f35 8106817A 		.ascii	"\201\006\201z\201\036\000\365\000\015\001\015H\023\266"
 318      811E00F5 
 318      000D010D 
 318      4813B6
ARM GAS  /tmp/ccklAcvT.s 			page 25


 319 0f44 7392252C 		.ascii	"s\222%,\324\025\350\010\263\353\246\270%\225\366$\311"
 319      D415E808 
 319      B3EBA6B8 
 319      2595F624 
 319      C9
 320 0f55 D7BDD106 		.ascii	"\327\275\321\006t\030pO\021\305;k1\371\331i<\224.\007"
 320      7418704F 
 320      11C53B6B 
 320      31F9D969 
 320      3C942E07 
 321 0f69 D980CA90 		.ascii	"\331\200\312\220i?\315\255\031\362\371\257\351!\241"
 321      693FCDAD 
 321      19F2F9AF 
 321      E921A1
 322 0f78 196075B2 		.ascii	"\031`u\262 \254\371\214\321f\243\340\002\000\235f\340"
 322      20ACF98C 
 322      D166A3E0 
 322      02009D66 
 322      E0
 323 0f89 D56D776D 		.ascii	"\325mwm-<\276\223\236\342\272\000\325\302\320\253\331"
 323      2D3CBE93 
 323      9EE2BA00 
 323      D5C2D0AB 
 323      D9
 324 0f9a 726BCD29 		.ascii	"rk\315)n\336"
 324      6EDE
 325 0fa0 46FD3E05 		.ascii	"F\375>\005\313X\216\033\277%\236\354`g\033\344\207\356"
 325      CB588E1B 
 325      BF259EEC 
 325      60671BE4 
 325      87EE
 326 0fb2 B098AC4E 		.ascii	"\260\230\254N\342\016\227\303n\353\330\023\255\237\362"
 326      E20E97C3 
 326      6EEBD813 
 326      AD9FF2
 327 0fc1 20D6FCED 		.ascii	" \326\374\355\203Hv\340\216\2269\356\203\034\241\017"
 327      834876E0 
 327      8E9639EE 
 327      831CA10F 
 328 0fd1 1C999CF3 		.ascii	"\034\231\234\363\210ml\024\204\343\0064\014\212\232"
 328      886D6C14 
 328      84E30634 
 328      0C8A9A
 329 0fe0 E9FFC1B2 		.ascii	"\351\377\301\262bAEZ\310>>\202? \213H\346\313HN\272"
 329      6241455A 
 329      C83E3E82 
 329      3F208B48 
 329      E6CB484E 
 330 0ff5 770FBBF4 		.ascii	"w\017\273\364rT\334\273\305\333\207"
 330      7254DCBB 
 330      C5DB87
 331 1000 1F7F1C08 		.ascii	"\037\177\034\010\377}m\261\207ZB\002?\017\266n\266\376"
 331      FF7D6DB1 
 331      875A4202 
 331      3F0FB66E 
 331      B6FE
 332 1012 F7FF0486 		.ascii	"\367\377\004\2069\002\355|\240\303n\0164\007\333\267"
ARM GAS  /tmp/ccklAcvT.s 			page 26


 332      3902ED7C 
 332      A0C36E0E 
 332      3407DBB7 
 333 1022 98233E36 		.ascii	"\230#>6k\177\363_\177x\377\363\317>Sy\021\336h39\276"
 333      6B7FF35F 
 333      7F78FFF3 
 333      CF3E5379 
 333      11DE6833 
 334 1038 36F2DCCF 		.ascii	"6\362\334\317U\006\223\335\266\355S\313F\333O\267\204"
 334      550693DD 
 334      B6ED53CB 
 334      46DB4FB7 
 334      84
 335 1049 ABF4E630 		.ascii	"\253\364\3460;o\331\261\321\366s\225\2779\370\367\277"
 335      3B6FD9B1 
 335      D1F67395 
 335      BF39F8F7 
 335      BF
 336 105a FEFC0F9F 		.ascii	"\376\374\017\237\207\205\204X\314\374\257M\021!\274"
 336      87858458 
 336      CCFCAF4D 
 336      1121BC
 337 1069 E33F3F7A 		.ascii	"\343??zKc\252\365T\3727\026\376W\241A\237\207XLv\246"
 337      4B63AAF5 
 337      54FA3716 
 337      FE57A141 
 337      9F87584C 
 338 107f 019B8337 		.ascii	"\001\233\2037\341\240\315[5V\207\335h\016\345=\200\214"
 338      E1A0CD5B 
 338      355687DD 
 338      680EE53D 
 338      808C
 339 1091 BC2EDC14 		.ascii	"\274.\334\024j5\033m\216\255js\260\311\356k\0166:v:"
 339      6A351B6D 
 339      8EAD6A73 
 339      B0C9EE6B 
 339      0E363A76 
 340 10a6 788BCD18 		.ascii	"x\213\315\030d\331\034\261U\033\022f\376\232\2407\276"
 340      64D91CB1 
 340      551B1266 
 340      FE9AA037 
 340      BE
 341 10b7 C6BE35D4 		.ascii	"\306\2765\324\034\022\021d\001\037D\231\217\203U>R\035"
 341      1C121164 
 341      011F4499 
 341      8F83553E 
 341      521D
 342 10c9 465E6F33 		.ascii	"F^o3YC\371`\273\305\024\244\205KH\270\335\032\246\341"
 342      5943F960 
 342      BBC514A4 
 342      854B48B8 
 342      DD1AA6E1 
 343 10dd C9D5C86B 		.ascii	"\311\325\310kl\374\216\020\253\203\327\202e[\004\204"
 343      6CFC8E10 
 343      AB83D782 
 343      655B0484 
 344 10ed 406B09B7 		.ascii	"@k\011\267\204\006YC\267zY\266YBy\032.\315v\223\225"
ARM GAS  /tmp/ccklAcvT.s 			page 27


 344      84065943 
 344      B77A59B6 
 344      5942791A 
 344      2ECD7693 
 345 1102 87360DA0 		.ascii	"\2076\015\240\010Z\035j\331\301\353\030c|K\357\010\326"
 345      085A1D6A 
 345      D9C1EB18 
 345      637C4BEF 
 345      08D6
 346 1114 01DEA108 		.ascii	"\001\336\241\010O\313v\242\327s;\017\326\303\341\346"
 346      4FCB76A2 
 346      D7733B0F 
 346      D6C3E1E6 
 347 1124 B0D8C20D 		.ascii	"\260\330\302\015\244\357\026\233)<8\314n\361\330\316"
 347      A4EF169B 
 347      293C38CC 
 347      6EF1D8CE 
 348 1134 F3F67062 		.ascii	"\363\366pb\201\371MoF~\035{\260[\266X\354\226P\263\305"
 348      81F94D6F 
 348      467E1D7B 
 348      B05BB658 
 348      EC9650B3 
 349 1149 C8837CD8 		.ascii	"\310\203|\330\346\277\204k-;\254\2749,\310\342\001\321"
 349      E6BF846B 
 349      2D3BACBC 
 349      392CC8E2 
 349      01D1
 350 115b 84567BD0 		.ascii	"\204V{\320Nx\010|+\327@\036\306\2328\247qX7\207@O!\036"
 350      4E78087C 
 350      2BD7401E 
 350      C69A38A7 
 350      71583787 
 351 1173 D69020B0 		.ascii	"\326\220 \260\340\031n\202+\257\006\203\016\015O\256"
 351      E0196E82 
 351      2BAF0683 
 351      0E0D4FAE 
 352 1183 46DE634B 		.ascii	"F\336cK\210i+p6\260\006\234\2037\361\026-/\336\210;"
 352      88692B70 
 352      36B0069C 
 352      8337F116 
 352      2D2FDE88 
 353 1198 A6CD2687 		.ascii	"\246\315&\207E\357\340\2776\205X\267\206\032!Z&\233"
 353      45EFE0BF 
 353      368558B7 
 353      861A215A 
 353      269B
 354 11aa C5236C7B 		.ascii	"\305#l{\250\305\356\003=\012s\030\255\241\000\006\347"
 354      A8C5EE03 
 354      3D0A7318 
 354      ADA10006 
 354      E7
 355 11bb BD25CFC4 		.ascii	"\275%\317\304\345\277FX\",d(\304\007\275\363\001T\204"
 355      E5BF4658 
 355      222C6428 
 355      C407BDF3 
 355      015484
 356 11ce DB2DDBB0 		.ascii	"\333-\333\260\231\337\3019\302\275\302!WA\214\007\326"
ARM GAS  /tmp/ccklAcvT.s 			page 28


 356      99DFC139 
 356      C2BDC221 
 356      57418C07 
 356      D6
 357 11df 203E9BC3 		.ascii	" >\233\303Ba\344\370\177v\327Ws\230\315\026\026\032"
 357      4261E4F8 
 357      7F76D757 
 357      7398CD16 
 357      161A
 358 11f1 48B08EC0 		.ascii	"H\260\216\300_\375\376\213m\237n\374\002z\0159o\201"
 358      5FFDFE8B 
 358      6D9F6EFC 
 358      027A0D39 
 358      6F81
 359 1203 2EE3E020 		.ascii	".\343\340 \273g\270h\350\207`\221\344\205\335\312\357"
 359      BB67B868 
 359      E8876091 
 359      E485DDCA 
 359      EF
 360 1214 A4A6FD64 		.ascii	"\244\246\375d-\2423\3260\017\221Q\223A\025\003\340@"
 360      2DA233D6 
 360      300F9151 
 360      93411503 
 360      E040
 361 1226 A19E1162 		.ascii	"\241\236\021bN\253CL\016^c\347E\306c{\230\035\362e\263"
 361      4EAB434C 
 361      0E5E63E7 
 361      45C6637B 
 361      981DF265 
 362 123b C5C1EBCD 		.ascii	"\305\301\353\315\021\266\210\020\023o\335f\321\332y"
 362      11B68810 
 362      136FDD66 
 362      D1DA79
 363 124a DE6A0355 		.ascii	"\336j\003U\377\370V\303\303\333\300\315u\242\204\315"
 363      FFF856C3 
 363      C3DBC0CD 
 363      75A284CD 
 364 125a 627244D8 		.ascii	"brD\330-6\013Q\356\011\035\337b\335\372\216kP\215\264"
 364      2D360B51 
 364      EE091DDF 
 364      62DDFA8E 
 364      6B508DB4 
 365 126e D55FDE04 		.ascii	"\325_\336\004\276\221iJ\262\230\334\325$\011\377\351"
 365      BE91694A 
 365      B298DCD5 
 365      2409FFE9 
 366 127e AD3C1067 		.ascii	"\255<\020gw\260\312S\\Bx\015\211\234\321\032\244cwh"
 366      77B0CA53 
 366      5C42780D 
 366      899CD11A 
 366      A4637768 
 367 1292 B15BB692 		.ascii	"\261[\266\222Px\021\325\226\255\360d\337\251w>\200\243"
 367      507811D5 
 367      96ADF064 
 367      DFA9773E 
 367      80A3
 368 12a4 DB783150 		.ascii	"\333x1PA\344\352\015\230 K\010o\022g\217\257\013\007"
ARM GAS  /tmp/ccklAcvT.s 			page 29


 368      41E4EA0D 
 368      98204B08 
 368      6F12678F 
 368      AF0B07
 369 12b7 0113196F 		.ascii	"\001\023\031o\230\3010\302\026\3736S\210\221\377\021"
 369      98C130C2 
 369      16FB3653 
 369      8891FF11 
 370 12c7 60B659ED 		.ascii	"`\266Y\355|\004a \012v\207\010\326\222@\023^G\346\273"
 370      7C046120 
 370      0A768708 
 370      D6924013 
 370      5E47E6BB 
 371 12db 18CF7714 		.ascii	"\030\317w\024`\240\323\356\264K\346\316N\261Uc\216\260"
 371      60A0D3EE 
 371      B44BE6CE 
 371      4EB15563 
 371      8EB0
 372 12ed 93C436AC 		.ascii	"\223\3046\2546\031y\003\015\203Q\034P\275\315h\206a"
 372      36197903 
 372      0D83511C 
 372      50BDCD68 
 372      8661
 373 12ff 871918A4 		.ascii	"\207\031\030\244\0155B\2629\266\233=B\215V\373_\235"
 373      0D3542B2 
 373      39B69B3D 
 373      428D56FB 
 373      5F9D
 374 1311 6F60297B 		.ascii	"o`){\273\251/\352#\013\223T\277\221\377\351\333\011"
 374      BBA92FEA 
 374      230B9354 
 374      BF91FFE9 
 374      DB09
 375 1323 EF24A2FF 		.ascii	"\357$\242\377\007\216\031\3551"
 375      078E19ED 
 375      31
 376              		.text
 377              		.section	.gnu.lto_.symtab.df68541c05c41be,"e",%progbits
 378 0000 63685246 		.ascii	"chRFCUCollectFaultsI\000"
 378      4355436F 
 378      6C6C6563 
 378      74466175 
 378      6C747349 
 379 0015 00       		.ascii	"\000"
 380 0016 00       		.ascii	"\000"
 381 0017 00       		.ascii	"\000"
 382 0018 00000000 		.ascii	"\000\000\000\000\000\000\000\000"
 382      00000000 
 383 0020 C9000000 		.ascii	"\311\000\000\000"
 384 0024 63685246 		.ascii	"chRFCUGetAndClearFaultsI\000"
 384      43554765 
 384      74416E64 
 384      436C6561 
 384      72466175 
 385 003d 00       		.ascii	"\000"
 386 003e 00       		.ascii	"\000"
 387 003f 00       		.ascii	"\000"
ARM GAS  /tmp/ccklAcvT.s 			page 30


 388 0040 00000000 		.ascii	"\000\000\000\000\000\000\000\000"
 388      00000000 
 389 0048 CD000000 		.ascii	"\315\000\000\000"
 390 004c 63683000 		.ascii	"ch0\000"
 391 0050 00       		.ascii	"\000"
 392 0051 02       		.ascii	"\002"
 393 0052 00       		.ascii	"\000"
 394 0053 00000000 		.ascii	"\000\000\000\000\000\000\000\000"
 394      00000000 
 395 005b E6010000 		.ascii	"\346\001\000\000"
 396              		.text
 397              		.section	.gnu.lto_.opts,"e",%progbits
 398 0000 272D666E 		.ascii	"'-fno-openmp' '-fno-openacc' '-fno-pie' '-mcpu=cort"
 398      6F2D6F70 
 398      656E6D70 
 398      2720272D 
 398      666E6F2D 
 399 0033 65782D6D 		.ascii	"ex-m4' '-mthumb' '-mfloat-abi=softfp' '-mfpu=fpv4-s"
 399      34272027 
 399      2D6D7468 
 399      756D6227 
 399      20272D6D 
 400 0066 702D6431 		.ascii	"p-d16' '-march=armv7e-m+fp' '-O2' '-fstack-usage' '"
 400      36272027 
 400      2D6D6172 
 400      63683D61 
 400      726D7637 
 401 0099 2D666675 		.ascii	"-ffunction-sections' '-fdata-sections' '-fno-common"
 401      6E637469 
 401      6F6E2D73 
 401      65637469 
 401      6F6E7327 
 402 00cc 2720272D 		.ascii	"' '-flto' '-fshort-enums'\000"
 402      666C746F 
 402      2720272D 
 402      6673686F 
 402      72742D65 
 403              		.text
 404              		.comm	__gnu_lto_v1,1,1
 405              		.comm	__gnu_lto_slim,1,1
 406              		.ident	"GCC: (GNU Arm Embedded Toolchain 9-2020-q2-update) 9.3.1 20200408 (release)"
ARM GAS  /tmp/ccklAcvT.s 			page 31


DEFINED SYMBOLS
                            *ABS*:0000000000000000 chrfcu.c
                            *COM*:0000000000000001 __gnu_lto_v1
                            *COM*:0000000000000001 __gnu_lto_slim

NO UNDEFINED SYMBOLS
