ARM GAS  /tmp/ccVDsQEX.s 			page 1


   1              		.cpu cortex-m4
   2              		.eabi_attribute 27, 1
   3              		.eabi_attribute 20, 1
   4              		.eabi_attribute 21, 1
   5              		.eabi_attribute 23, 3
   6              		.eabi_attribute 24, 1
   7              		.eabi_attribute 25, 1
   8              		.eabi_attribute 26, 1
   9              		.eabi_attribute 30, 2
  10              		.eabi_attribute 34, 1
  11              		.eabi_attribute 18, 4
  12              		.file	"helloworld.c"
  13              		.section	.gnu.lto_.profile.dcf2f710309345ef,"e",%progbits
  14 0000 789CE360 		.ascii	"x\234\343``\004B \000\000\000]\000\013"
  14      60044220 
  14      0000005D 
  14      000B
  15              		.text
  16              		.section	.gnu.lto_.icf.dcf2f710309345ef,"e",%progbits
  17 0000 789CE360 		.ascii	"x\234\343``d\340`@\000F\206\277\237\236,ff\000\000\021"
  17      6064E060 
  17      40004686 
  17      BF9F9E2C 
  17      66660000 
  18 0015 BD038C   		.ascii	"\275\003\214"
  19              		.text
  20              		.section	.gnu.lto_.jmpfuncs.dcf2f710309345ef,"e",%progbits
  21 0000 789CE360 		.ascii	"x\234\343``d\340g@\000F\006&FF\306\372\371\314\014\014"
  21      6064E067 
  21      40004606 
  21      264646C6 
  21      FAF9CC0C 
  22 0015 F3991919 		.ascii	"\363\231\031\031\000\017\036\001\343"
  22      000F1E01 
  22      E3
  23              		.text
  24              		.section	.gnu.lto_.inline.dcf2f710309345ef,"e",%progbits
  25 0000 789CE360 		.ascii	"x\234\343``d0a@\000F\006\006\366\006 `NgedP\000\362"
  25      60643061 
  25      40004606 
  25      06F60620 
  25      604E6765 
  26 0018 9819181A 		.ascii	"\230\031\030\032\201\374:\006\0066\2208S\012\023\003"
  26      81FC3A06 
  26      06369038 
  26      530A1303 
  27 0028 13030790 		.ascii	"\023\003\007\220\365\200)\235\201\005\254\007\000%c"
  27      F580299D 
  27      8105AC07 
  27      002563
  28 0037 0A9E     		.ascii	"\012\236"
  29              		.text
  30              		.section	.gnu.lto_.pureconst.dcf2f710309345ef,"e",%progbits
  31 0000 789CE360 		.ascii	"x\234\343``d`a`\000\222\015,\000\001\236\000\223"
  31      60646061 
  31      6000920D 
  31      2C00019E 
ARM GAS  /tmp/ccVDsQEX.s 			page 2


  31      0093
  32              		.text
  33              		.section	.gnu.lto_helloworldSrtUsefulness.dcf2f710309345ef,"e",%progbits
  34 0000 789C85D0 		.ascii	"x\234\205\320MHTQ\024\007\360\363\277\347\315G2QKA\006"
  34      4D485451 
  34      1407F0F3 
  34      BFE7CD47 
  34      32514B41 
  35 0015 5C08830B 		.ascii	"\\\010\203\013};!p\321\004\202\0337\266p=\244\24002"
  35      7D3B2170 
  35      D104821B 
  35      37B6703D 
  35      A4A03032 
  36 0029 830A2DBD 		.ascii	"\203\012-\2753\322SP\212\300\024\261q\250P\227j\024"
  36      33D25350 
  36      8AC014B1 
  36      71A85097 
  36      6A14
  37 003b 4836F52C 		.ascii	"H6\365,1j\351Bf!\263\260\225\222-ta\011\215\2353o@\302"
  37      316AE942 
  37      6621B3B0 
  37      95922D74 
  37      61098D9D 
  38 0053 4517DEE5 		.ascii	"E\027\336\345\234\373\316\357\334\217(\201\376\200\350"
  38      9CFBCEEF 
  38      DC8F2881 
  38      FE80E8
  39 0062 1E11C5E5 		.ascii	"\036\021\305\345\003\023\214\265\366n$\0275@-\262Q\320"
  39      03138CB5 
  39      F66E2417 
  39      35402DB2 
  39      51D0
  40 0074 B8C1389E 		.ascii	"\270\3018\236\360<\243\222/\374\212=\346\242\024:\222"
  40      F03CA392 
  40      2FFC8A3D 
  40      E6A2143A 
  40      92
  41 0085 CE7E7BF3 		.ascii	"\316~{\363\265AS\240Y\322\231\362\3675\264\256\212\263"
  41      B54153A0 
  41      59D299F2 
  41      F735B4AE 
  41      8AB3
  42 0097 FEFC6CF8 		.ascii	"\376\374l\370\213\367\250\273\310\206\026\244z\013M"
  42      8BF7A8BB 
  42      C88616A4 
  42      7A0B4D
  43 00a6 788726D2 		.ascii	"x\207&\322\201\367h\225\352\234W\235\004\337\001I\274"
  43      81F76895 
  43      EA9C579D 
  43      04DF0149 
  43      BC
  44 00b7 B4F77233 		.ascii	"\264\367r3\232X\2666o\375\203e\266-Ef\224\300\377PY"
  44      9A58B636 
  44      6FFD8365 
  44      B62D4566 
  44      94C0FF50 
  45 00cc 13FC0109 		.ascii	"\023\374\001\011\001Ow\317^\305\270\263\206/\3476\317"
ARM GAS  /tmp/ccVDsQEX.s 			page 3


  45      014F77CF 
  45      5EC5B8B3 
  45      862FE736 
  45      CF
  46 00dd 6FD4F18F 		.ascii	"o\324\361\217\225\032v\360\361\032v\004\373H\220\222"
  46      951A76F0 
  46      F11A7604 
  46      FB489092 
  47 00ed C38DEAB3 		.ascii	"\303\215\352\263\233aG\217\246\007\332FX\236\202hm/"
  47      9B61478F 
  47      A607DA46 
  47      589E8268 
  47      6D2F
  48 00ff E4DBEAE5 		.ascii	"\344\333\352\345\244\365+\215/J\261\010\204\031\243"
  48      A4F52B8D 
  48      2F4AB108 
  48      8419A3
  49 010e 13EBE440 		.ascii	"\023\353\344@w\017iH4\315\244\027u`}\242\0316A\222\223"
  49      770F6948 
  49      34CDA417 
  49      75607DA2 
  49      19364192 
  50 0123 E418F98A 		.ascii	"\344\030\371\212w\262\261\016\355[`\024d\353cL\224\275"
  50      77B2B10E 
  50      ED5B6014 
  50      64EB634C 
  50      94BD
  51 0135 A348B062 		.ascii	"\243H\260bdQ\016\361z\177\353\023\342\213v\312\332\333"
  51      64510EF1 
  51      7A7FEB13 
  51      E28B76CA 
  51      DADB
  52 0147 0D54EBA6 		.ascii	"\015T\353\246\343\002\332\037\362K\325s\357\350V\240"
  52      E302DA1F 
  52      F24BD573 
  52      EFE856A0 
  53 0157 58A0A8D2 		.ascii	"X\240\250\322\333\323\035\247\256p\245l\240>\007\252"
  53      DBD31DA7 
  53      AE70A56C 
  53      A03E07AA 
  54 0167 ECFDE640 		.ascii	"\354\375\346@\205\376Kv\020\227\346\364\023\371\346"
  54      85FE4B76 
  54      1097E6F4 
  54      13F9E6
  55 0176 3AD13799 		.ascii	":\3217\231f\\]\217\250\303\035\314\014\017\270\331\241"
  55      665C5D8F 
  55      A8C31DCC 
  55      0C0FB8D9 
  55      A1
  56 0187 313779BF 		.ascii	"17y\277\313M\366\014\365f\332\222\331\354\250\233\322"
  56      CB4DF60C 
  56      F566DA92 
  56      D9ECA89B 
  56      D2
  57 0198 A97B209D 		.ascii	"\251{ \235\316\364eF\322\375\356\240\206\0175l\177@"
  57      CEF46546 
  57      D2FDEEA0 
ARM GAS  /tmp/ccVDsQEX.s 			page 4


  57      860F356C 
  57      7F40
  58 01aa A67F2C9C 		.ascii	"\246\177,\234M\215\244\206G\377\002-\276\271\231"
  58      4D8DA486 
  58      47FF022D 
  58      BEB999
  59              		.text
  60              		.section	.gnu.lto_.symbol_nodes.dcf2f710309345ef,"e",%progbits
  61 0000 789CE360 		.ascii	"x\234\343``d\220e\000\002\2469\314\365\014\015@\300"
  61      60649065 
  61      0002A639 
  61      CCF50C0D 
  61      40C0
  62 0012 C238E11C 		.ascii	"\3028\341\034\003C=\003\303\256\006G\240$\010\000\000"
  62      03433D03 
  62      C3AE0647 
  62      A0240800 
  62      00
  63 0023 78A106A5 		.ascii	"x\241\006\245"
  64              		.text
  65              		.section	.gnu.lto_.refs.dcf2f710309345ef,"e",%progbits
  66 0000 789CE360 		.ascii	"x\234\343``\004B \000\000\000]\000\013"
  66      60044220 
  66      0000005D 
  66      000B
  67              		.text
  68              		.section	.gnu.lto_.decls.dcf2f710309345ef,"e",%progbits
  69 0000 789C9D51 		.ascii	"x\234\235QML\023Q\020\236o\267\306v[\204\020\222\036"
  69      4D4C1351 
  69      109E6FB7 
  69      C6765B84 
  69      10921E
  70 0013 B8345C34 		.ascii	"\2704\\41u/\250\341fc\214\\\352AB<\222\006\026J\322"
  70      31752FA8 
  70      E166638C 
  70      5CEA4142 
  70      3C920616 
  71 0029 DAA6DD2A 		.ascii	"\332\246\335*\334\226\022\033O\332\203D=\224`8h\"\022"
  71      DC96121B 
  71      4FDA8344 
  71      3D946038 
  71      682212
  72 003c 13454DA9 		.ascii	"\023EM\251\224\242\265\320\203\301\004.\376\026n\306"
  72      94A2B5D0 
  72      83C1042E 
  72      FE166EC6 
  73 004c 183D7030 		.ascii	"\030=p01\006\347\355k)\011\027\343\354\316{3\337\233"
  73      3106E7ED 
  73      6B290917 
  73      E3ECCE7B 
  73      33DF9B
  74 005f F9E6BD19 		.ascii	"\371\346\275\031'\201\356*D\317\210(\314\272\313\302"
  74      2781EE2A 
  74      44CF8828 
  74      CCBACBC2 
  75 006f 2EBD6315 		.ascii	".\275c\025{\211u\204\244\200\265J\007e\212\017\016\361"
  75      7B897584 
ARM GAS  /tmp/ccVDsQEX.s 			page 5


  75      A480B54A 
  75      07658A0F 
  75      0EF1
  76 0081 DECEDAC1 		.ascii	"\336\316\332\301\032\374\307\274\333*\012\231?K\207"
  76      1AFCC7BC 
  76      DB2A0A99 
  76      3F4B87
  77 0090 6FA838AA 		.ascii	"o\2508\252ATne\250\362\343\373\006$$\"J\371BNS\025\333"
  77      41546E65 
  77      A8F2E3FB 
  77      06242422 
  77      4AF9424E 
  78 00a7 FE50BE76 		.ascii	"\376P\276v\323\251?\262\2448\307\010\005\250M\262\271"
  78      D3A93FB2 
  78      A438C708 
  78      05A84DB2 
  78      B9
  79 00b8 E98713AD 		.ascii	"\351\207\023\255j\300\016\375\234\316\375\3620K\273"
  79      6AC00EFD 
  79      9CCEFDF2 
  79      304BBB
  80 00c7 0607BBB7 		.ascii	"\006\007\273\267\252O\3274v;4\370\330-~\253\336W\265"
  80      AA4FD734 
  80      763B34F8 
  80      D82D7EAB 
  80      DE57B5
  81 00da EB9695B6 		.ascii	"\353\226\225\266f&-W/a\031\235(\242\223\260\004\273"
  81      66262D57 
  81      2F61199D 
  81      28A293B0 
  81      04BB
  82 00ec F44BE858 		.ascii	"\364K\350Xd,/\260\0224N\272\367\251Vtm\341\013D_\200"
  82      642C2FB0 
  82      12344EBA 
  82      F7A95674 
  82      6DE10B44 
  83 0102 9C0A129F 		.ascii	"\234\012\022\237X \237\011\361\013\004\262\221\266@"
  83      58209F09 
  83      F10B04B2 
  83      91B640
  84 0111 483D4E6E 		.ascii	"H=Nn\"@brk,\022S\352,J\243{2G\262\333\356>jy\216\372"
  84      22406272 
  84      6B2C1253 
  84      EA2C4AA3 
  84      7B3247B2 
  85 012c 79834426 		.ascii	"y\203D&\310[5\023\353\220R/\267?\003\007n\334$\244="
  85      C85B3513 
  85      EB90522F 
  85      B73F0307 
  85      6EDC24A4 
  86 0141 D28660AF 		.ascii	"\322\206`\257\343\273\033+\253\256m\324&\304<\026vZ"
  86      E3BB1B2B 
  86      ABAE6DD4 
  86      26C43C16 
  86      765A
  87 0153 0847B23E 		.ascii	"\010G\262>\222\003x\377\344\253[\015\333\366\374\334"
  87      920378FF 
ARM GAS  /tmp/ccVDsQEX.s 			page 6


  87      E4AB5B0D 
  87      DBF6FCDC 
  88 0163 EFC79A83 		.ascii	"\357\307\232\203\037\204\021\017R\016\001\345?n\276"
  88      1F84110F 
  88      520E01E5 
  88      3F6EBE
  89 0172 90103717 		.ascii	"\220\0207\027e\330`\246\234]l\221CSD\3037\327\323\220"
  89      65D860A6 
  89      9C5D6C91 
  89      435344C3 
  89      37D7D390 
  90 0186 436B63F7 		.ascii	"Ckc\367\371|6\343\364N\211R\331I\253MA\320\215U\036"
  90      F97C36E3 
  90      F44E8952 
  90      D949AB4D 
  90      41D08D55 
  91 019b 51854744 		.ascii	"Q\205GDX\203\227\360\206y\354\213\315N/\314j]3\326\317"
  91      588397F0 
  91      8679EC8B 
  91      CD4E2FCC 
  91      6A5D33D6 
  92 01b0 9AB55C79 		.ascii	"\232\265\\yp\354\316\333\214\265\316yg\3548\274\346"
  92      70ECCEDB 
  92      8CB5CE79 
  92      67EC38BC 
  92      E6
  93 01c1 19F380ED 		.ascii	"\031\363\200\355\267\260Mx\205m`\005[\342\331Ut\321"
  93      B7B04D78 
  93      856D6005 
  93      5BE2D955 
  93      74D1
  94 01d3 493D1C8B 		.ascii	"I=\034\213\032z|\324\324\003}\347\364@p\364b\314\037"
  94      1A7A7CD4 
  94      D4037DE7 
  94      F44070F4 
  94      62CC1F
  95 01e6 88C7937A 		.ascii	"\210\307\223zH,\275F$\022\273\024KD\206\364\2600\257"
  95      482CBD46 
  95      2412BB14 
  95      4B4486F4 
  95      B030AF
  96 01f9 0AF3C4A0 		.ascii	"\012\363\304\240\363\374\205~\337\331\236\036r\247\022"
  96      F3FC857E 
  96      DFD99E1E 
  96      72A712
  97 0208 E6C09011 		.ascii	"\346\300\220\021\011\215\017\230J7yB\211\350\225\323"
  97      098D0F98 
  97      4A377942 
  97      89E895D3 
  98 0218 863F7A7C 		.ascii	"\206?z|8N\332`,a\032c\376h7y\233\311}\011\263?i\014"
  98      384EDA60 
  98      2C611A63 
  98      FE683779 
  98      9BC97D09 
  99 0230 A722978D 		.ascii	"\247\"\227\215d\362\324\177U\247\277\201\254\341\260"
  99      64F2D47F 
  99      55A7BF81 
ARM GAS  /tmp/ccVDsQEX.s 			page 7


  99      ACE1B0
 100              		.text
 101              		.section	.gnu.lto_.symtab.dcf2f710309345ef,"e",%progbits
 102 0000 68656C6C 		.ascii	"helloworldSrtUsefulness\000"
 102      6F776F72 
 102      6C645372 
 102      74557365 
 102      66756C6E 
 103 0018 00       		.ascii	"\000"
 104 0019 00       		.ascii	"\000"
 105 001a 00       		.ascii	"\000"
 106 001b 00000000 		.ascii	"\000\000\000\000\000\000\000\000"
 106      00000000 
 107 0023 CA000000 		.ascii	"\312\000\000\000"
 108              		.text
 109              		.section	.gnu.lto_.opts,"e",%progbits
 110 0000 272D666E 		.ascii	"'-fno-openmp' '-fno-openacc' '-fno-pie' '-mcpu=cort"
 110      6F2D6F70 
 110      656E6D70 
 110      2720272D 
 110      666E6F2D 
 111 0033 65782D6D 		.ascii	"ex-m4' '-mthumb' '-mfloat-abi=softfp' '-mfpu=fpv4-s"
 111      34272027 
 111      2D6D7468 
 111      756D6227 
 111      20272D6D 
 112 0066 702D6431 		.ascii	"p-d16' '-march=armv7e-m+fp' '-O2' '-fstack-usage' '"
 112      36272027 
 112      2D6D6172 
 112      63683D61 
 112      726D7637 
 113 0099 2D666675 		.ascii	"-ffunction-sections' '-fdata-sections' '-fno-common"
 113      6E637469 
 113      6F6E2D73 
 113      65637469 
 113      6F6E7327 
 114 00cc 2720272D 		.ascii	"' '-flto' '-fshort-enums'\000"
 114      666C746F 
 114      2720272D 
 114      6673686F 
 114      72742D65 
 115              		.text
 116              		.comm	__gnu_lto_v1,1,1
 117              		.comm	__gnu_lto_slim,1,1
 118              		.ident	"GCC: (GNU Arm Embedded Toolchain 9-2020-q2-update) 9.3.1 20200408 (release)"
ARM GAS  /tmp/ccVDsQEX.s 			page 8


DEFINED SYMBOLS
                            *ABS*:0000000000000000 helloworld.c
                            *COM*:0000000000000001 __gnu_lto_v1
                            *COM*:0000000000000001 __gnu_lto_slim

NO UNDEFINED SYMBOLS
