ARM GAS  /tmp/cc6hzjKT.s 			page 1


   1              		.cpu cortex-m4
   2              		.eabi_attribute 27, 1
   3              		.eabi_attribute 20, 1
   4              		.eabi_attribute 21, 1
   5              		.eabi_attribute 23, 3
   6              		.eabi_attribute 24, 1
   7              		.eabi_attribute 25, 1
   8              		.eabi_attribute 26, 1
   9              		.eabi_attribute 30, 2
  10              		.eabi_attribute 34, 1
  11              		.eabi_attribute 18, 4
  12              		.file	"nvic.c"
  13              		.section	.gnu.lto_.profile.fc03a37afce2d902,"e",%progbits
  14 0000 789CE360 		.ascii	"x\234\343``\004B \000\000\000]\000\013"
  14      60044220 
  14      0000005D 
  14      000B
  15              		.text
  16              		.section	.gnu.lto_.icf.fc03a37afce2d902,"e",%progbits
  17 0000 789CE360 		.ascii	"x\234\343``d\320a@\000v\206\015\237\237\256`f\\p\363"
  17      6064D061 
  17      40007686 
  17      0D9F9FAE 
  17      60665C70 
  18 0015 E44256A6 		.ascii	"\344BV\246\357\017.7s3w>\371\364\201\215e\346\221\235"
  18      EF0F2E37 
  18      7333773E 
  18      F9F4818D 
  18      65E6919D 
  19 0029 FD5CAC2D 		.ascii	"\375\\\254-]\223\2329\330\300$\003\000\347\261\023\377"
  19      5D939A39 
  19      D8C02403 
  19      00E7B113 
  19      FF
  20              		.text
  21              		.section	.gnu.lto_.jmpfuncs.fc03a37afce2d902,"e",%progbits
  22 0000 789C558E 		.ascii	"x\234U\2161\012\302@\020E\347\355\217!\235\007\330\303"
  22      310AC240 
  22      1045E7ED 
  22      8F219D07 
  22      D8C3
  23 0012 A6B095B4 		.ascii	"\246\260\225\264)SXx\007\025\261Kaca\355\015$\027\020"
  23      29535878 
  23      0715B14B 
  23      616361ED 
  23      0D241710 
  24 0026 D6190C86 		.ascii	"\326\031\014\206\014<\376\360y\003\323\030v\264ej\207"
  24      0C3CFEF0 
  24      7903D318 
  24      76B4656A 
  24      87
  25 0037 046A0759 		.ascii	"\004j\007Y\340;\221Z\225:\310\275[\2059\237R\312\026"
  25      E03B915A 
  25      953AC8BD 
  25      5B85399F 
  25      52CA16
  26 004a F5A2DB4D 		.ascii	"\365\242\333M\257\246\323 0N\344\240ZDH.\215\323\373"
ARM GAS  /tmp/cc6hzjKT.s 			page 2


  26      AFA6D320 
  26      304EE4A0 
  26      5A44482E 
  26      8DD3FB
  27 005d 4948C9A5 		.ascii	"IH\311\2453\331\253\353\376q\327\257\202\0139E\377?"
  27      33D9ABEB 
  27      FE71D7AF 
  27      820B3945 
  27      FF3F
  28 006f 33DBCC4F 		.ascii	"3\333\314O\324s\332\027j\020%\030"
  28      D473DA17 
  28      6A102518 
  29              		.text
  30              		.section	.gnu.lto_.inline.fc03a37afce2d902,"e",%progbits
  31 0000 789C958E 		.ascii	"x\234\225\216\261\015\0021\014E\277\177\314\221\000"
  31      B10D0231 
  31      0C45BF7F 
  31      CC9100
  32 000f 43301112 		.ascii	"C0\021\0223pw\2721\322\320\323\"Q\260\003\035\003P\321"
  32      337077BA 
  32      31D2D0D3 
  32      2251B003 
  32      1D0350D1 
  33 0023 5033024B 		.ascii	"P3\002K\340\030\345\004\3225\270\210\034\377\377\374"
  33      E018E504 
  33      D235B888 
  33      1CFFFFFC 
  34 0033 1D21D80A 		.ascii	"\035!\330\012\306j\200t\272>^\034\004\\Y\367\344`\323"
  34      C66A8074 
  34      BA3E5E1C 
  34      045C59F7 
  34      E460D3
  35 0046 7DCE992D 		.ascii	"}\316\231-\301\342\021,\354{f/\224ua\313\243\215\315"
  35      C1E2112C 
  35      EC7B662F 
  35      947561CB 
  35      A38DCD
  36 0059 7268CD9C 		.ascii	"rh\315\234G3\275\335AQ\325h\366hJr\245\027q8L\301u\246"
  36      4733BDDD 
  36      4151D568 
  36      F6684A72 
  36      A5177138 
  37 0071 862802D2 		.ascii	"\206(\002\322\375x\271\205N\350\210'k\015\370\346\364"
  37      FD78B985 
  37      4EE88827 
  37      6B0DF8E6 
  37      F4
  38 0082 D31A53D5 		.ascii	"\323\032S\325\022\012.\375t/\0366\230a\356\001]\275"
  38      120A2EFD 
  38      742F1E36 
  38      9861EE01 
  38      5DBD
  39 0094 616AD7EF 		.ascii	"aj\327\357\015\315\377\010\336q\326Bo"
  39      0DCDFF08 
  39      DE71D642 
  39      6F
  40              		.text
ARM GAS  /tmp/cc6hzjKT.s 			page 3


  41              		.section	.gnu.lto_.pureconst.fc03a37afce2d902,"e",%progbits
  42 0000 789C05C1 		.ascii	"x\234\005\301\301\021\000 \010\004\261CV\306\277\335"
  42      C1110020 
  42      0804B143 
  42      56C6BFDD 
  43 0010 6FB5242F 		.ascii	"o\265$/\225\237d\"%GZ\256\214,&\273\003\350"
  43      959F6422 
  43      25475AAE 
  43      8C2C26BB 
  43      03E8
  44              		.text
  45              		.section	.gnu.lto_nvicInit.fc03a37afce2d902,"e",%progbits
  46 0000 789C9553 		.ascii	"x\234\225SKL\023Q\024}g\336\2643T\204\310\012S\027l"
  46      4B4C1351 
  46      147D67DE 
  46      B4335484 
  46      C80A5317 
  47 0015 58B06108 		.ascii	"X\260a\010\033\211\321D\303\232\230\350\312\245\022"
  47      1B89D144 
  47      C39A98E8 
  47      CAA512
  48 0024 0C8DD01A 		.ascii	"\014\215\320\0320\306\035\257-\205\250@7|\224\320\224"
  48      30C61DAF 
  48      2D85A840 
  48      377C94D0 
  48      94
  49 0035 4F104C10 		.ascii	"O\020L\020?A#\2108\024\225\237\037\332\215\011\032\214"
  49      3F412388 
  49      3814959F 
  49      1FDA8D09 
  49      1A8C
  50 0047 1A099280 		.ascii	"\032\011\222\200\240\2111\030\212\367M\007d\243\211"
  50      A0893118 
  50      8AF74D07 
  50      64A389
  51 0056 2F33937B 		.ascii	"/3\223{\337\275\357\2343g\356\350\014\314\303\031;\302"
  51      DFBDEF9C 
  51      3367EEE8 
  51      0CCCC319 
  51      3BC2
  52 0068 183B4537 		.ascii	"\030;E7\234\014\212\020\342\250\346\327\025\250v\304"
  52      9C0C8A10 
  52      E2A8E6D7 
  52      15A876C4 
  53 0078 ED685C57 		.ascii	"\355h\\W\025\236X\333(R\205\3131\030\016i\252Hw\000"
  53      159E58DB 
  53      285285CB 
  53      31180E69 
  53      AA487700 
  54 008c 564DE860 		.ascii	"VM\350`5\012W\035\250QT\006S\205n=Xj\205y\033G\254~"
  54      350A571D 
  54      A8515406 
  54      53856E3D 
  54      586A8579 
  55 00a4 7158C9EB 		.ascii	"qX\311\353\243~a\266\2159\353D(;J\344\327\271\335\304"
  55      A37E61B6 
  55      8D39EB44 
ARM GAS  /tmp/cc6hzjKT.s 			page 4


  55      283B4AE4 
  55      D7B9DDC4 
  56 00b8 30823CC6 		.ascii	"0\202<\306\250s!\020\371\231\336\304\243\034P)m\236"
  56      A8732110 
  56      F999DEC4 
  56      A31C5029 
  56      6D9E
  57 00ca 199A76C9 		.ascii	"\031\232v\311TA\016\245\233\242\2715\203\037\202\354"
  57      54410EA5 
  57      9BA2B935 
  57      831F82EC 
  58 00da 1CF0F7C5 		.ascii	"\034\360\367\305\221\333#D@\230\213\355\331]A1%\324"
  58      91DB2344 
  58      40988BED 
  58      D95D4131 
  58      25D4
  59 00ec 28E7780C 		.ascii	"(\347x\014N\300\030\205\033\217\340N\341S\377\307\273"
  59      4EC01885 
  59      1B8FE04E 
  59      E153FFC7 
  59      BB
  60 00fd C996BD4E 		.ascii	"\311\226\275N\025c\310\265\211\361\004NP\245wvb,\203"
  60      1563C8B5 
  60      89F1044E 
  60      50A57776 
  60      622C83
  61 0110 1FB65023 		.ascii	"\037\266P#\213W\3464\0335\331\236\325\275\203j\376\033"
  61      8B57E634 
  61      1B35D99E 
  61      D5BD836A 
  61      FE1B
  62 0122 759C5025 		.ascii	"u\234P%\236\204\215\021,c\212d\222\373\267\023\016S"
  62      9E848D11 
  62      2C638A64 
  62      92FBB713 
  62      0E53
  63 0134 24B7EA09 		.ascii	"$\267\352\011p\377\255\241\367\373\310/\271M^Q\203f"
  63      70FFADA1 
  63      F7FBC82F 
  63      B94D5E51 
  63      8366
  64 0146 C58C5DE5 		.ascii	"\305\214]\345lm\243\277\010\302d\254\201+V\354\247x"
  64      6C6DA3BF 
  64      08C264AC 
  64      812B56EC 
  64      A778
  65 0158 19B1D12F 		.ascii	"\031\261\321/\003AMbG\270\264\244)\370uA\227\226\250"
  65      03414D62 
  65      47B8B4A4 
  65      29F87541 
  65      9796A8
  66 016b 96E0D5A1 		.ascii	"\226\340\325\241\267q;\025fPd\320\326\247\371X\230\367"
  66      B7713B15 
  66      665064D0 
  66      D6A7F958 
  66      98F7
  67 017d A2C74F76 		.ascii	"\242\307Ovw\216\200E\271\003OI\367\204\324M\365\350"
ARM GAS  /tmp/cc6hzjKT.s 			page 5


  67      778E8045 
  67      B9034F49 
  67      F784D44D 
  67      F5E8
  68 018f CA72072F 		.ascii	"\312r\007/\030\024\315~\221\023\345N<C/\256\245\034"
  68      1814CD7E 
  68      9113E54E 
  68      3C432FAE 
  68      A51C
  69 01a1 798E0226 		.ascii	"y\216\002&\005\360p\350\315$\227\0128)\370\266\364\260"
  69      05F070E8 
  69      CD24970A 
  69      3829F8B6 
  69      F4B0
  70 01b3 678F7CAD 		.ascii	"g\217|\255\335\364\232E\337\022\037Nd\246R\021K\321"
  70      DDF49A45 
  70      DF121F4E 
  70      64A65211 
  70      4BD1
  71 01c5 27265BBF 		.ascii	"'&[\277\353\333\364g\211]\307\024\261O\332\354\241\017"
  71      EBDBF467 
  71      895DC714 
  71      B14FDAEC 
  71      A10F
  72 01d7 5B4B0AB1 		.ascii	"[K\012\261\327Z\354i\230\266\330\221\2623\331\330\025"
  72      D75AEC69 
  72      98B6D891 
  72      B233D9D8 
  72      15
  73 01e8 482FBC23 		.ascii	"H/\274#\213\2357\020\345.\314\240 bU\031fQH-\015\335"
  73      8B9D3710 
  73      E52ECCA0 
  73      20625519 
  73      6651482D 
  74 01fe F3412E19 		.ascii	"\363A.\031]\330\242\225\211\027\004l\211\034\336\021"
  74      5DD8A295 
  74      8917046C 
  74      891CDE11 
  75 020e F99F125E 		.ascii	"\371\237\022^Z\022\224\277Ix\365G\302k\024\332|\301"
  75      5A1294BF 
  75      4978F547 
  75      C26B14DA 
  75      7CC1
  76 0220 8EBACDFB 		.ascii	"\216\272\315\373\375\212$\214p\215\352t\364\301\345"
  76      FD8A248C 
  76      708DEA74 
  76      F4C1E5
  77 022f 959B6952 		.ascii	"\225\233iR\032M/\346\254)i\340\362\017\022\252\264\022"
  77      1A4D2FE6 
  77      AC2969E0 
  77      F20F12AA 
  77      B412
  78 0241 9F51FB6E 		.ascii	"\237Q\373n\342@\352\010\350kJ\310\037\300nW\211\007"
  78      E240EA08 
  78      E86B4AC8 
  78      1FC06E57 
  78      8907
ARM GAS  /tmp/cc6hzjKT.s 			page 6


  79 0253 71B8957B 		.ascii	"q\270\225{.B\345\211,\002p\254o\017\303*\002\235\277"
  79      2E42E589 
  79      2C0270AC 
  79      6F0FC32A 
  79      029DBF
  80 0266 1A61CF99 		.ascii	"\032a\317\231\034\032\254o\017\015c\007\363\363\015"
  80      1C1AAC6F 
  80      0F0D6307 
  80      F3F30D
  81 0275 BACE9555 		.ascii	"\272\316\225Uy\313*\214\342r\317\031\317\361\223\206"
  81      79CB2A8C 
  81      E272CF19 
  81      CFF19386 
  82 0285 AFDA283F 		.ascii	"\257\332(?]a\234\367U]\2506J}\225\225>\257q\354DIq\311"
  82      5D619CF7 
  82      555DA836 
  82      4A7D9595 
  82      3EAF71EC 
  83 029d 25C37BD1 		.ascii	"%\303{\321S\232_\312\340\205\3477\2022>\321"
  83      539A5FCA 
  83      E085E737 
  83      82323ED1 
  84              		.text
  85              		.section	.gnu.lto_nvicEnableVector.fc03a37afce2d902,"e",%progbits
  86 0000 789C9D53 		.ascii	"x\234\235SMH\024a\030\376\236ygv'[\355\032,\225\207"
  86      4D481461 
  86      18FE9E79 
  86      6776275B 
  86      ED1A2C95 
  87 0015 60F1B223 		.ascii	"`\361\262#^\202\350`x\350$A\335\203\022\301%\335\025"
  87      5E82E860 
  87      78E82441 
  87      DD8312C1 
  87      25DD15
  88 0028 8D880EF9 		.ascii	"\215\210\016\371\355n\356B\376]\374Ih\231\025\333\""
  88      ED6EEE42 
  88      FE5DFC49 
  88      689915DB 
  88      22
  89 0039 0233E862 		.ascii	"\0023\350b\353\317\266Y\246\366\243\022\335\\)\244R"
  89      EBCFB659 
  89      A6F6A312 
  89      DD5C29A4 
  89      52
  90 004a B00E5D4A 		.ascii	"\260\016]J\374\351\375f\026\014\252C\015\363\275|\357"
  90      FCE9FD66 
  90      160CAA43 
  90      0DF3BD7C 
  90      EF
  91 005b EFF33C2F 		.ascii	"\357\363</3\246\2008GBT\013!\016\361\001\011hR\312j"
  91      33A68038 
  91      4742540B 
  91      210EF101 
  91      096852CA 
  92 0070 6FD4D400 		.ascii	"o\324\324\000\347&M\2106\015m\350\241\001B>\371qL\253"
  92      E7264D88 
  92      360D6DE8 
ARM GAS  /tmp/cc6hzjKT.s 			page 7


  92      A101423E 
  92      F9714CAB 
  93 0084 B8CB1999 		.ascii	"\270\313\031\231\033\270\345M\310\366\2036\017\030\344"
  93      1BB8E54D 
  93      C8F68336 
  93      0F18E4
  94 0093 E33E788C 		.ascii	"\343>x\214\012\256+\304R\337}\335d\023\240\263\333;"
  94      0AAE2BC4 
  94      52DF7DDD 
  94      6413A0B3 
  94      DB3B
  95 00a5 F768B644 		.ascii	"\367h\266D\271\032\312\331\335\226\275\375et\034\202"
  95      B91ACAD9 
  95      DD96BDFD 
  95      65741C82 
  96 00b5 EF6B2B33 		.ascii	"\357k+3\011\0042R\306dn\3726\311\2436\021&@<\022\343"
  96      09043252 
  96      C6646EFA 
  96      36C9A336 
  96      1126403C 
  97 00cb F0230BBF 		.ascii	"\360#\013\277\020\034\343\321\223\010p\303\375\330\247"
  97      101CE3D1 
  97      930870C3 
  97      FDD8A7
  98 00da 0DA2134E 		.ascii	"\015\242\023N\363\310\306\217\305\322b\363j\246\330"
  98      F3C8C68F 
  98      C5D262F3 
  98      6AA6D8
  99 00e9 3CF5C7E6 		.ascii	"<\365\307\346\034\002B\265|x\270\323W\352\321\213\224"
  99      1C0242B5 
  99      7C78B8D3 
  99      57EAD18B 
  99      94
 100 00fa F1041E5E 		.ascii	"\361\004\036^\202\020\017\226\214\234\334\331M\312\334"
 100      82100F96 
 100      8C9CDCD9 
 100      4DCADC
 101 0109 DB3B583E 		.ascii	"\333;X>\345\003\267\351\2322\304\306\320\2251\330x<"
 101      E503B7E9 
 101      9A32C4C6 
 101      D09531D8 
 101      783C
 102 011b 50A34C28 		.ascii	"P\243L(6Bt\220P\273\320!sBt\222\346:Qv\326\021\333J"
 102      36427490 
 102      50BBD021 
 102      73427492 
 102      E63A5176 
 103 0133 2E6747A1 		.ascii	".gG\241 R\204\024y8\026\337L\024\003\032\307~]\224\007"
 103      20528414 
 103      793816DF 
 103      4C14031A 
 103      C77E5D94 
 104 0148 3AF24C77 		.ascii	":\362Lw\035\371\302\215{\206*\342tw\374k\301Ti\257\243"
 104      1DF9C28D 
 104      7B862AE2 
 104      7477FC6B 
 104      C15469AF 
ARM GAS  /tmp/cc6hzjKT.s 			page 8


 105 015d B76F716C 		.ascii	"\267oql\351\200\353\312|\\\226qhi\246\377\233\231\301"
 105      E980EBCA 
 105      7C5C9671 
 105      6869A6FF 
 105      9B99C1
 106 0170 709491D3 		.ascii	"p\224\221\323\207m21\315\302\237*\341\234m\177\277\373"
 106      876D3231 
 106      CDC29F2A 
 106      E19C6D7F 
 106      BFFB
 107 0182 59AB1C91 		.ascii	"Y\253\034\221\327\243\262\334\246}x\206\014n:\3129\271"
 107      D7A3B2DC 
 107      A67D7886 
 107      0C6E3ACA 
 107      39B9
 108 0194 D33514F3 		.ascii	"\3235\024\363U\215\252d\372\252M%x\216\312\024\231\316"
 108      558DAA64 
 108      FAAA4D25 
 108      788ECA14 
 108      99CE
 109 01a6 5E6650C5 		.ascii	"^fP\305\034\025\343\376\344vvTsI\023\247\271\361\335"
 109      1C15E3FE 
 109      E4767654 
 109      734913A7 
 109      B9F1DD
 110 01b9 D4D03814 		.ascii	"\324\3208\024\015\003G\360\302!\035\337J\270\244S\244"
 110      0D0347F0 
 110      C2211DDF 
 110      4AB8A453 
 110      A4
 111 01ca 178B9687 		.ascii	"\027\213\226\207\323p\225\031\230u\2136\023k^\267\310"
 111      D3709519 
 111      98758B36 
 111      136B5EB7 
 111      C8
 112 01db E08AC9CE 		.ascii	"\340\212\311\316\205yr+\2009\370y\276+\177\320[\224"
 112      8579722B 
 112      8039F879 
 112      BE2B7FD0 
 112      5B94
 113 01ed FF2FE2F6 		.ascii	"\377/\342\366c\336\021\207\337\305]\263\311\207\227"
 113      63DE1187 
 113      DFC55DB3 
 113      C98797
 114 01fc 4A9CEE88 		.ascii	"J\234\356\210{\245\304\031.V\327\304*\376\013\355\265"
 114      7BA5C419 
 114      2E56D7C4 
 114      2AFE0BED 
 114      B5
 115 020d 83A6FD05 		.ascii	"\203\246\375\005\355\315\036\332\202\213\366\005\261"
 115      EDCD1EDA 
 115      828BF605 
 115      B1
 116 021a 74B6C7C1 		.ascii	"t\266\307\301r\376\224\016\302\336\247#\304\261`\320"
 116      72FE940E 
 116      C2DEA723 
 116      C4B160D0 
ARM GAS  /tmp/cc6hzjKT.s 			page 9


 117 022a E2F7627D 		.ascii	"\342\367b}K\270\276\321\252i\010]\010\235>kEZ\255\206"
 117      4BB8BED1 
 117      AA69085D 
 117      089D3E6B 
 117      455AAD86 
 118 023e F38D5673 		.ascii	"\363\215Vs\244\345R\253U\027ij\212\204\255\223gjkj\257"
 118      A4E552AB 
 118      5517696A 
 118      8A84AD93 
 118      676A6B6A 
 119 0253 58E1CBA1 		.ascii	"X\341\313\241\272`\235@Xon\011E~\002U\241(;"
 119      BA609D40 
 119      586F6E09 
 119      457E0255 
 119      A1283B
 120              		.text
 121              		.section	.gnu.lto_nvicDisableVector.fc03a37afce2d902,"e",%progbits
 122 0000 789C9D52 		.ascii	"x\234\235R\317k\023A\030\375\336\314&\331\246\265^\205"
 122      CF6B1341 
 122      18FDDECC 
 122      26D9A6B5 
 122      5E85
 123 0012 A0F62094 		.ascii	"\240\366 \224^\262%\027A/JoB\021\364/\320Ph\260M\244"
 123      5EB22517 
 123      412F4A6F 
 123      4211F42F 
 123      D05068B0 
 124 0028 15110F76 		.ascii	"\025\021\017v\222\330\004lS/ij\017aS\332 ^\264\202 "
 124      92D8046C 
 124      532F696A 
 124      0F6153DA 
 124      205EB482 
 125 003d D5DAACD1 		.ascii	"\325\332\254\321\032\373C\2619x3\242\224\322\366`A/"
 125      1AFB43B1 
 125      397833A2 
 125      94D2F660 
 125      412F
 126 004f 526CEAB7 		.ascii	"Rl\352\267\273\305\012\342A\227\235a\336|o\276\367\346"
 126      BBC50AE2 
 126      41979D61 
 126      DE7C6FBE 
 126      F7E6
 127 0061 313A8136 		.ascii	"1:\2016\005\321I\":\314\003\222 \224R\247|q]\000\316"
 127      05D14922 
 127      3ACC0392 
 127      209452A7 
 127      7C715D00 
 128 0076 4AE9A001 		.ascii	"J\351\240\001\201\001\334\226c\022\345\364\332\214h"
 128      8101DC96 
 128      6312E5F4 
 128      DA8C68
 129 0085 BBCB1565 		.ascii	"\273\313\025e\215m\373Rj\360\220)\211\306y\270\037\236"
 129      8D6DFB52 
 129      6AF09029 
 129      89C679B8 
 129      1F9E
 130 0097 A08D79B5 		.ascii	"\240\215y\265D\376{\323\2104%\2401\314.>Z\360\333P\240"
ARM GAS  /tmp/cc6hzjKT.s 			page 10


 130      44FE7BD3 
 130      883425A0 
 130      31CC2E3E 
 130      5AF0DB50 
 131 00ac 85E18ECA 		.ascii	"\205\341\216\312\346\232\345\011\020\2577>VRh-*\225"
 131      E69AE509 
 131      10AF373E 
 131      5652682D 
 131      2A95
 132 00be 50D6F294 		.ascii	"P\326\362\224T\307L)\361\014\222[b\026\001<E\200\210"
 132      54C74C29 
 132      F10C925B 
 132      6216013C 
 132      458088
 133 00d1 F7B8F51C 		.ascii	"\367\270\365\034Z\311>\362\371a}\364\200W\333SE\011"
 133      5AC93EF2 
 133      F9617DF4 
 133      8057DB53 
 133      4509
 134 00e3 5EBE07D1 		.ascii	"^\276\007\321\203\252\307R\365\335\264\262V\247\360"
 134      83AAC752 
 134      F5DDB4B2 
 134      56A7F0
 135 00f2 F84C03F8 		.ascii	"\370L\003\370\230&\354I\362\344\321\3406\030\222d\333"
 135      9826EC49 
 135      F2E4D1E0 
 135      36189264 
 135      DB
 136 0103 D7A02CA2 		.ascii	"\327\240,\242a)\\\020g\260\211d.\275S\232\026v\313\274"
 136      61295C10 
 136      67B08964 
 136      2EBD539A 
 136      1676CBBC 
 137 0117 445EDADE 		.ascii	"D^\332\336\337\227&fa{\327p\024\026\273a\332\217\324"
 137      DF972666 
 137      617BD770 
 137      1416BB61 
 137      DA8FD4
 138 012a 3D8F4B12 		.ascii	"=\217K\022{\244\017\223\005\207\344\201\007\317]\322"
 138      7BA40F93 
 138      0587E481 
 138      07CF5DD2 
 139 013a 766AC3E7 		.ascii	"vj\303\347\222\354\344\346\206\337-I\227\001\224\021"
 139      92ECE4E6 
 139      86DF2D49 
 139      97019411 
 140 014a E0FE4C2A 		.ascii	"\340\376L*\327n\215;$f\214$\267j\272\315\360:\301\214"
 140      D76E8D3B 
 140      24668C24 
 140      B76ABACD 
 140      F03AC18C 
 141 015e AECC540F 		.ascii	"\256\314T\017\272P\225\223\252\231\267\252\225\3347"
 141      BA509593 
 141      AA99B7AA 
 141      95DC37
 142 016d BD88C938 		.ascii	"\275\210\3118[.\0341\245\017/9\241\027vB\\\035\374\264"
 142      5B2E1C31 
ARM GAS  /tmp/cc6hzjKT.s 			page 11


 142      A50F2F39 
 142      A1177642 
 142      5C1DFCB4 
 143 0181 BB2EDAEF 		.ascii	"\273.\332\357\253\233q\325bJ\035\363(\342\216\023\021"
 143      AB9B71D5 
 143      624A1DF3 
 143      28E28E13 
 143      11
 144 0192 17EB9989 		.ascii	"\027\353\231\211DSh\332.\026n\230\262\001\257\320\316"
 144      445368DA 
 144      2E166E98 
 144      B201AFD0 
 144      CE
 145 01a3 EE9D002B 		.ascii	"\356\235\000+\010\261G\327Mfe\025{~\376M\355\265\243"
 145      08B147D7 
 145      4D666515 
 145      7B7EFE4D 
 145      EDB5A3
 146 01b6 86BFA82D 		.ascii	"\206\277\250-\354\253-\376R\373\272\236\231\367\377"
 146      ECAB2DFE 
 146      52FBBA9E 
 146      99F7FF
 147 01c5 87981F4B 		.ascii	"\207\230\037K\216\230\370S\354\272)\033\261l\213i\216"
 147      8E98F853 
 147      ECBA291B 
 147      B16C8B69 
 147      8E
 148 01d6 D81B847E 		.ascii	"\330\033\204~O\266\021\204\267\334\363\013\022\205\255"
 148      4FB61184 
 148      B7DCF30B 
 148      1285AD
 149 01e5 AC7351E7 		.ascii	"\254sQ\347\325\016I\354\277\011\242\343\301\240\301"
 149      D50E49EC 
 149      BF09A2E3 
 149      C1A0C1
 150 01f4 FFA5AEBE 		.ascii	"\377\245\256\276hW\217\321\321\035\271\0309{\336\210"
 150      68578FD1 
 150      D11DB918 
 150      397BDE88 
 151 0204 F51BDD17 		.ascii	"\365\033\335\027z\214\313\261\276+\375F8\326\333\033"
 151      7A8CCBB1 
 151      BE2BFD46 
 151      38D6DB1B 
 152 0214 8B1AA7CF 		.ascii	"\213\032\247\317uvt^3\242W#\341`\230\020\375\011\374"
 152      7576745E 
 152      33A25723 
 152      E1609810 
 152      FD09FC
 153 0227 0C062C   		.ascii	"\014\006,"
 154              		.text
 155              		.section	.gnu.lto_nvicSetSystemHandlerPriority.fc03a37afce2d902,"e",%progbits
 156 0000 789C6D52 		.ascii	"x\234mR\313KTQ\030?\277\373\335\231\271\216c\331Nr\343"
 156      CB4B5451 
 156      183FBFFB 
 156      DD99B98E 
 156      63D94E72 
 157 0015 2210378E 		.ascii	"\"\0207\216\330\"\262M%\265\223\240\376\0023\301!\235"
ARM GAS  /tmp/cc6hzjKT.s 			page 12


 157      D822B24D 
 157      25B593A0 
 157      FE0233C1 
 157      219D
 158 0027 913122DA 		.ascii	"\2211\"\332x\346\241C)\266H\321Y\014\327\220\301 \320"
 158      78E6A143 
 158      29B648D1 
 158      590CD790 
 158      C120D0
 159 003a CA36F96A 		.ascii	"\3126\371j\322\314\264\231\"{\010B\366\300T|B\272\250"
 159      D2CCB499 
 159      227B0842 
 159      F6C0547C 
 159      42BAA8
 160 004d 0CA7EFDC 		.ascii	"\014\247\357\334\231\205\213\016\367\034\316\367\372"
 160      99858B0E 
 160      F71CCEF7 
 160      FA
 161 005a 7DBFFB3B 		.ascii	"}\277\373;\237! \316\221\020\347\205\020\247x\303&\240"
 161      9F2120CE 
 161      9110E785 
 161      10A778C3 
 161      26A0
 162 006c 49294F3B 		.ascii	"I)O;\002\206\246Q*:d\327\245S\037ZN\236\324\245\213"
 162      0286A651 
 162      2A3A64D7 
 162      A5531F5A 
 162      4E9ED4A5 
 163 0081 A067633A 		.ascii	"\240gc:`\335\244\001\321\254\221\216f\334\241n\302D"
 163      60DDA401 
 163      D1AC918E 
 163      66DCA16E 
 163      C244
 164 0093 64F9A956 		.ascii	"d\371\251V\322\3171\231\350\376\344l\225-\005&\303G"
 164      D2CF3199 
 164      E8FEE46C 
 164      952D0526 
 164      C347
 165 00a5 79671686 		.ascii	"yg\026\206Q\302y\213\301\330/W\007\231\004\350lv\316"
 165      51C2798B 
 165      C1D82F57 
 165      079904E8 
 165      6C76CE
 166 00b8 3E99712A 		.ascii	">\231q*SC\021\233\241\273\343\243\006U@\360}4\262\236"
 166      5343119B 
 166      A1BBE3A3 
 166      065540F0 
 166      7D34B29E 
 167 00cc D68BE352 		.ascii	"\326\213\343R\006eb)N\362\230I\2041\020Cb\024\205\030"
 167      06656229 
 167      4EF29849 
 167      84311043 
 167      62148518 
 168 00e0 41A110EC 		.ascii	"A\241\020\354c\350q\024s\301\203\340\312&\321Y\253x"
 168      63E87114 
 168      73C183E0 
 168      CA26D159 
ARM GAS  /tmp/cc6hzjKT.s 			page 13


 168      AB78
 169 00f2 60F3F7BB 		.ascii	"`\363\367\273\274l\361n\177\266\370\331\177\213\023"
 169      BC6CF16E 
 169      7FB6F8D9 
 169      7F8B13
 170 0101 2816AAE4 		.ascii	"(\026\252\344\373\243\375\256<\273\236\245\214\347\260"
 170      FBA3FDAE 
 170      3CBB9EA5 
 170      8CE7B0
 171 0110 B344027D 		.ascii	"\263D\002}$\006\347l\011\271\237\2160\217\202\205\301"
 171      2406E76C 
 171      09B99F8E 
 171      308F8285 
 171      C1
 172 0121 1C17B852 		.ascii	"\034\027\270R\327\370\260\221:t>\3546u8\240\2508\221"
 172      D7F8B091 
 172      3A743EEC 
 172      367538A0 
 172      A83891
 173 0134 C16C23A1 		.ascii	"\301l#\241\344\320!\023B\264\223\2261\002l\254!4\034"
 173      E4D02113 
 173      42B49396 
 173      31026CAC 
 173      21341C
 174 0147 F9FCD1A5 		.ascii	"\371\374\321\245\232\304\0101rp\377\241\245\271N\273"
 174      9AC40831 
 174      7270FFA1 
 174      A5B94EBB 
 175 0157 9282908B 		.ascii	"\222\202\220\213\011\346\267\206\340\337\01029\032\247"
 175      09E6B786 
 175      E0DF0832 
 175      391AA7
 176 0166 890DB414 		.ascii	"\211\015\264\024eL\245\370\310\356\330ZN\030\301\000"
 176      654CA5F8 
 176      C8EED85A 
 176      4E18C100 
 177 0176 0BED8892 		.ascii	"\013\355\210\222\342:\2110\004'stz{\363\003\024\232"
 177      E23A8930 
 177      04277374 
 177      7A7BF303 
 177      149A
 178 0188 0D022F50 		.ascii	"\015\002/Ph\222!~ \274Z\231\005P>\353]\332\211\226\223"
 178      6892217E 
 178      20BC5A99 
 178      05503EEB 
 178      5DDA8996 
 179 019d D1E38A97 		.ascii	"\321\343\212\227\266\201\260\325@\311\021\273\237L["
 179      B681B0D5 
 179      40C911BB 
 179      9F4C5B
 180 01ac F0864939 		.ascii	"\360\206I9Q\322\030~J\301s\250#\264\275h(l\247e\036"
 180      51D2187E 
 180      4AC173A8 
 180      23B4BD68 
 180      286CA765 
 181 01c1 24E2EC53 		.ascii	"$\342\354S\352\261\363\213\374\231r\306\321\027\310"
 181      EAB1F38B 
ARM GAS  /tmp/cc6hzjKT.s 			page 14


 181      FC9972C6 
 181      D117C8
 182 01d0 372917D3 		.ascii	"7)\027\323\\\211\227\252#\207vV\246\306\015\225\337"
 182      5C8997AA 
 182      23877656 
 182      A6C60D95 
 182      DF
 183 01e1 23659102 		.ascii	"#e\221\002y\20582z\317p\236I.\213\226~P/V\"5\277\232"
 183      79853832 
 183      7ACF709E 
 183      492E8B96 
 183      7E502F56 
 184 01f9 15438F91 		.ascii	"\025C\217\221Si\370\2475\353\260\261\357\340l\345A\307"
 184      5369F8A7 
 184      35EBB0B1 
 184      EFE06CE5 
 184      41C7
 185 020b ACA5E0C4 		.ascii	"\254\245\340\304\342\355[\016\225t\220\366!\213\366"
 185      E2ED5B0E 
 185      957490F6 
 185      218BF6
 186 021a D6D7F68A 		.ascii	"\326\327\366\212\214%\027B\362\020{&\273\036\1773\024"
 186      8C251742 
 186      F2107B26 
 186      BB1E7F33 
 186      14
 187 022b 676EDC7B 		.ascii	"gn\334{\324\244\303H\362\250\274\316\322\036[\337{\217"
 187      D4A4C348 
 187      F2A8BCCE 
 187      D21E5BDF 
 187      7B8F
 188 023d B201190E 		.ascii	"\262\001\031\016(\326\371H1\353\036kV\024\366\374\275"
 188      28D6F948 
 188      31EB1E6B 
 188      5614F6FC 
 188      BD
 189 024e 1DA3FCA1 		.ascii	"\035\243\374\241\012\366\3364\351\010\336\240\214\237"
 189      0AF6DE34 
 189      E908DEA0 
 189      8C9F
 190 025c D59AA4B7 		.ascii	"\325\232\244\267(g\212b\013\301\336\275\256\314\217"
 190      28678A62 
 190      0BC1DEBD 
 190      AECC8F
 191 026b AAD54648 		.ascii	"\252\325FH\363\"k<\2048QZ\352\346\357j\255\337[[\357"
 191      F3226B3C 
 191      8438515A 
 191      EAE6EF6A 
 191      ADDF5B5B 
 192 0280 AEACF35C 		.ascii	"\256\254\363\\\366\\\270\344\3665\271\353\252\353\335"
 192      F65CB8E4 
 192      F635B9EB 
 192      AAEBDD
 193 028f 8D3EFFB5 		.ascii	"\215>\377\265&w\215\257\241\301\347u\237\271XUYu\303"
 193      26778DAF 
 193      A1C1E775 
 193      9FB95855 
ARM GAS  /tmp/cc6hzjKT.s 			page 15


 193      5975C3
 194 02a2 EDBDEEA9 		.ascii	"\355\275\356\251)\255\021\216\272j\357\225\372Z\277"
 194      29AD118E 
 194      BA6AEF95 
 194      FA5ABF
 195 02b1 DEE8F7F8 		.ascii	"\336\350\367\370\376\001\036\271%a"
 195      FE011EB9 
 195      2561
 196              		.text
 197              		.section	.gnu.lto___func__.9673.fc03a37afce2d902,"e",%progbits
 198 0000 789CE360 		.ascii	"x\234\343``d\020e``\220g\200\200\351\314\214\037\036"
 198      60641065 
 198      60609067 
 198      8080E9CC 
 198      8C1F1E
 199 0013 CFB9CCA4 		.ascii	"\317\271\314\244\3104\277\201c>3\003\003\343.FE\006"
 199      C834BF81 
 199      633E3303 
 199      03E32E46 
 199      4506
 200 0025 D9BCB2CC 		.ascii	"\331\274\262\314\344\340\324\222\340\312\342\222\324"
 200      E4E0D492 
 200      E0CAE292 
 200      D4
 201 0032 5C8FC4BC 		.ascii	"\\\217\304\274\224\234\324\242\200\242\314\374\242\314"
 201      949CD4A2 
 201      80A2CCFC 
 201      A2CC
 202 0040 924A0600 		.ascii	"\222J\006\000\351\274\022\204"
 202      E9BC1284 
 203              		.text
 204              		.section	.gnu.lto_nvicClearPending.fc03a37afce2d902,"e",%progbits
 205 0000 789C4550 		.ascii	"x\234EPAKTQ\024>\337=\357\315\274\312t\033\014\225\213"
 205      414B5451 
 205      143EDF3D 
 205      EFCDBCCA 
 205      741B0C95 
 206 0015 40249827 		.ascii	"@$\230'n\202\334\024.C\202\372\0055\010\016\351LhD\253"
 206      6E82DC14 
 206      2E4382FA 
 206      0535080E 
 206      E94C6844 
 207 002a BCF32667 		.ascii	"\274\363&g0\3156:V0\274\021\035\252M%\264\261,_\223"
 207      30CD363A 
 207      5630BC11 
 207      1DAA4D25 
 207      B4B12C5F 
 208 003f 25B66B16 		.ascii	"%\266k\026AP\023\025D\265\250E\233\020\035;\367=\303"
 208      41501315 
 208      44B5A845 
 208      9B101D3B 
 208      F73DC3
 209 0052 CBBD97F3 		.ascii	"\313\275\227\363}\347|\347\236\3739\004\212)\242\036"
 209      7DE77CE7 
 209      9EFB3904 
 209      8A29A21E 
 210 0062 223A2807 		.ascii	"\":(\007LPZ\353\023\361\234\243\2000\322\016hTa\024"
ARM GAS  /tmp/cc6hzjKT.s 			page 16


 210      4C505AEB 
 210      13F19CA3 
 210      8030D20E 
 210      68546114 
 211 0076 37799651 		.ascii	"7y\226Q+~[R\235w%\243\203\331;\373\012z\354\200\317"
 211      2B7E5B52 
 211      9D7725A3 
 211      83D93BFB 
 211      0A7AEC80 
 212 008b 44B7E544 		.ascii	"D\267\345D\013O\320)u\015\257\374\267e\212}\006,\201"
 212      0B4FD029 
 212      750DAFFC 
 212      B7658A7D 
 212      062C81
 213 009e D36F1EAF 		.ascii	"\323o\036\257\3575P\241]\340\226\236.\265\362q\220\304"
 213      EF3550A1 
 213      5DE0969E 
 213      2EB5F271 
 213      90C4
 214 00b0 3F3EAD15 		.ascii	"?>\255\025\320Q\325\332\323\301\352\002\353#>3\236\201"
 214      D051D5DA 
 214      D3C1EA02 
 214      EB233E33 
 214      9E81
 215 00c2 A5259691 		.ascii	"\245%\226\221\300S$\210\204\223\326\317\321AF\362e\261"
 215      C0532488 
 215      8493D6CF 
 215      D14146F2 
 215      65B1
 216 00d4 39B33F66 		.ascii	"9\263?f\355\274\212\025\304\344\037D\017\353v\240\233"
 216      EDBC8A15 
 216      C4E41F44 
 216      0FEB76A0 
 216      9B
 217 00e5 DB451D7C 		.ascii	"\333E\035|X\300\342)\231\333gK\311e\263\211,s\331\210"
 217      58C0E229 
 217      99DB674B 
 217      C965B389 
 217      2C73D988 
 218 00f9 BA4C3099 		.ascii	"\272L0\231?X\320\001\321$\253\010\344\004\374D\276T"
 218      3F58D001 
 218      D124AB08 
 218      E404FC44 
 218      BE54
 219 010b DC7A7F4F 		.ascii	"\334z\177O\231\276eF\231my\362\335\312\3342\314\007"
 219      99BE6546 
 219      996D79F2 
 219      DDCADC32 
 219      CC07
 220 011d 2C1C4620 		.ascii	",\034F #I\331Fa=\036\025)\034MH\251!7\013\367\355\210"
 220      2349D946 
 220      613D1E15 
 220      291C4D48 
 220      A921370B 
 221 0134 E41DE5C7 		.ascii	"\344\035\345\307\371J\250\264a\343E\250\3646\213\377"
 221      F94AA8B4 
 221      61E345A8 
ARM GAS  /tmp/cc6hzjKT.s 			page 17


 221      F4368BFF 
 222 0144 95968885 		.ascii	"\225\226\210\205\2515\256\217\207\214\010\246\362\277"
 222      A935AE8F 
 222      878C08A6 
 222      F2BF
 223 0152 1B8E11C4 		.ascii	"\033\216\021\304B\177f\336.\325\333\"\250ky\335*T}\255"
 223      427F66DE 
 223      2ED5DB22 
 223      A86B79DD 
 223      2A547DAD 
 224 0166 F4C7A962 		.ascii	"\364\307\251b>'CW\016\371\034\307K1\252f\214\222\354"
 224      3E274357 
 224      0EF91CC7 
 224      4B31AA66 
 224      8C92EC
 225 0179 D8E7EDEF 		.ascii	"\330\347\355\357\252\353\201\276\226\323\355>;XE\025"
 225      AAEB81BE 
 225      96D3ED3E 
 225      3B584515 
 226 0189 B742A724 		.ascii	"\267B\247$\331\2741\347\265t?2\311\312U\237\367\340"
 226      D9BC31E7 
 226      B5743F32 
 226      C9CA559F 
 226      F7E0
 227 019b 15BACA1C 		.ascii	"\025\272\312\034\371\370\032\3352\020\375\202W\371Z"
 227      F9F81ADD 
 227      3210FD82 
 227      57F95A
 228 01aa 4268AB59 		.ascii	"Bh\253Y\023\214]\253\210\216%\223\256\354\013\375\303"
 228      138C5DAB 
 228      888E2593 
 228      AEEC0BFD 
 228      C3
 229 01bb 99FE41B7 		.ascii	"\231\376A\267w }>}\372\254\233\035q\007\316\015\272"
 229      77207D3E 
 229      7DFAAC9B 
 229      1D7107CE 
 229      0DBA
 230 01cd 17B3C397 		.ascii	"\027\263\303\227F\334Tvh(\233qO\236\351\353\355\273"
 230      46DC5476 
 230      68289B71 
 230      4F9EE9EB 
 230      EDBB
 231 01df E2662EA7 		.ascii	"\342f.\247S\311\024!\363\017\334\306\266\252"
 231      53C91421 
 231      F30FDCC6 
 231      B6AA
 232              		.text
 233              		.section	.gnu.lto_nvicSetPending.fc03a37afce2d902,"e",%progbits
 234 0000 789C4550 		.ascii	"x\234EP\317k\023A\024~\337\274\335d\325Z\257BP{\020"
 234      CF6B1341 
 234      147EDFBC 
 234      DD64D55A 
 234      AF42507B 
 235 0015 4A11B2A5 		.ascii	"J\021\262\245\027A/J\217R\004\375\0134\024\032l\023"
 235      17412F4A 
 235      8F5204FD 
ARM GAS  /tmp/cc6hzjKT.s 			page 18


 235      0B34141A 
 235      6C13
 236 0027 69453CD9 		.ascii	"iE<\331\311\306&h\265^\332D\017\313\246\304\240\"\370"
 236      C9C62668 
 236      B55EDA44 
 236      0FCBA6C4 
 236      A022F8
 237 003a 03BC546B 		.ascii	"\003\274Tk\273\306\037\245\342\305\200\336\032\321\203"
 237      BBC61FA5 
 237      E2C580DE 
 237      1AD183
 238 0049 A8073DE8 		.ascii	"\250\007=\350A\244\246\276\331\2558\314\014\357\373"
 238      41A4A6BE 
 238      D9AD38CC 
 238      0CEFFB
 239 0058 DEFBDEBC 		.ascii	"\336\373\336\274\371\034\002%\024\321A\"\332%\007LP"
 239      F91C0225 
 239      14D14122 
 239      DA25074C 
 239      50
 240 0069 5AEB43C9 		.ascii	"Z\353C\311\202\243\200(\322\016hRa\022W\271\312h\226"
 240      82A38028 
 240      D20E6852 
 240      611257B9 
 240      CA6896
 241 007c 3F2DA8BE 		.ascii	"?-\250\276\233\222\321aui[IO\355\014\230\350\272\234"
 241      9B92D161 
 241      75695B49 
 241      4FED0C98 
 241      E8BA9C
 242 008f 78E111FA 		.ascii	"x\341\021\372\244\256\355\371\277\272f8`\300\0228\373"
 242      A4AEEDF9 
 242      BFBA6638 
 242      60C01238 
 242      FB
 243 00a0 EAE1EA56 		.ascii	"\352\341\352V\003\025z\004\376\321\263\225n>\000\222"
 243      03157A04 
 243      FED1B395 
 243      6E3E0092 
 244 00b0 F8CBFB95 		.ascii	"\370\313\373\225\022z\033Z{:\374Yg\2757`\306\023\260"
 244      127A1B5A 
 244      7B3AFC59 
 244      67BD3760 
 244      C613B0
 245 00c3 B4C42252 		.ascii	"\264\304\"Rx\214\024\221p\322z\011\275d$\037\037t\346"
 245      788C1491 
 245      70D27A09 
 245      BD64241F 
 245      1F74E6
 246 00d6 B627ACCD 		.ascii	"\266'\254\315W\261\214\204\374\203\350^\313\016ug\243"
 246      57B18C84 
 246      FC83E85E 
 246      CB0E7567 
 246      A3
 247 00e7 ACC3D737 		.ascii	"\254\303\3277\360\366\210\314\035\260\245\344\262\331"
 247      F0F688CC 
 247      1DB0A5E4 
ARM GAS  /tmp/cc6hzjKT.s 			page 19


 247      B2D9
 248 00f5 4496B96C 		.ascii	"D\226\271l\304]\246\231\314\037,\350\220\3502\253\030"
 248      C45DA699 
 248      CC1F2CE8 
 248      90E832AB 
 248      18
 249 0106 14047C45 		.ascii	"\024\004|E\261R\366\327n)\323\327g\370l\313\223\357"
 249      B152F6D7 
 249      6E29D3D7 
 249      67F86CCB 
 249      93EF
 250 0118 96E71761 		.ascii	"\226\347\027a>`a\017B\031I\312~\227V\223q\221\302\276"
 250      3E60610F 
 250      421949CA 
 250      7E975693 
 250      7191C2BE 
 251 012c 94941A72 		.ascii	"\224\224\032r\275t\333\216I\336T\256\325k\221\322\206"
 251      BD74DB8E 
 251      49DE54AE 
 251      D56B91D2 
 251      86
 252 013d 8DA791D2 		.ascii	"\215\247\221\322[/\377SZ\"\026\246\331\276t1bD0S\374"
 252      5B2FFF53 
 252      5A2216A6 
 252      D9BE7431 
 252      62443053 
 253 0152 DE768C20 		.ascii	"\336v\214 \021\3713\367f\241\265#\206\272Y\324\335B"
 253      11F933F7 
 253      66A1B523 
 253      86BA59D4 
 253      DD42
 254 0164 B5562A3F 		.ascii	"\265V*?\234\006\352\005\031\272\266;\340$\236\211QM"
 254      9C06EA05 
 254      19BAB63B 
 254      E0249E89 
 254      514D
 255 0176 639464A7 		.ascii	"c\224d\247>l|V\375w\365\205\202\356\011\330\301s4p-"
 255      3E6C7C56 
 255      FD77F585 
 255      82EE09D8 
 255      C1733470 
 256 018b 724A929D 		.ascii	"rJ\222\235+\363^\327\300}\223\254\235\017x\013^\240"
 256      2BF35ED7 
 256      C07D93AC 
 256      9D0F780B 
 256      5EA0
 257 019d DFE7D8C7 		.ascii	"\337\347\330\307\227\030\220\201\350\033\274\332\235"
 257      97189081 
 257      E81BBCDA 
 257      9D
 258 01aa 2A225BCD 		.ascii	"*\"[\315\232f\374\267\212h\177:\355\312>5<\236\033\036"
 258      9A66FCB7 
 258      8A687F3A 
 258      EDCA3E35 
 258      3C9E1B1E 
 259 01be 750747B2 		.ascii	"u\007G\262'\263G\217\273\371\011w\344\304\250{:?~f\302"
 259      27B3478F 
ARM GAS  /tmp/cc6hzjKT.s 			page 20


 259      BBF90977 
 259      E4C4A87B 
 259      3A3F7E66 
 260 01d3 CDE4C7C6 		.ascii	"\315\344\307\306\3629\367\360\261\241\301\241sn\356"
 260      F239F7F0 
 260      B1A1C1A1 
 260      736EEE
 261 01e2 6C3693CE 		.ascii	"l6\223\316\020r\177\001\025\254\266~"
 261      10727F01 
 261      15ACB67E 
 262              		.text
 263              		.section	.gnu.lto_.symbol_nodes.fc03a37afce2d902,"e",%progbits
 264 0000 789C75CC 		.ascii	"x\234u\314\253\021\302P\024\204\341={\022\222.\230\241"
 264      AB11C250 
 264      1484E13D 
 264      7B12922E 
 264      98A1
 265 0012 050C127A 		.ascii	"\005\014\022z\241\217=%\304\342\021\274\037650\224\201"
 265      A18F3D25 
 265      C4E211BC 
 265      1F363530 
 265      9481
 266 0024 46A030E1 		.ascii	"F\2400\341\362p\334\374\366\233\335\032\206\007R\\S"
 266      F270DCFC 
 266      F69BDD1A 
 266      8607525C 
 266      53
 267 0035 B83F5713 		.ascii	"\270?W\023k\256\200\2006f\311\336\262\241,R\305?m)\366"
 267      6BAE8080 
 267      3666C9DE 
 267      B2A12C52 
 267      C53F6D29 
 268 004a D08EF23C 		.ascii	"\320\216\362<\225g\"F\200sO\025=\363\003U\346\311N\324"
 268      95672246 
 268      80734F15 
 268      3DF30355 
 268      E6C94ED4 
 269 005e A0FB35FC 		.ascii	"\240\3735\3740\0201Mr\244\252\254\270\327\337\263\271"
 269      3010314D 
 269      72A4AAAC 
 269      B8D7DFB3 
 269      B9
 270 006f 7B75BB2C 		.ascii	"{u\273,\306\2664\274\000]\374G\377"
 270      C6B634BC 
 270      005DFC47 
 270      FF
 271              		.text
 272              		.section	.gnu.lto_.refs.fc03a37afce2d902,"e",%progbits
 273 0000 789CE360 		.ascii	"x\234\343``d`c```dfbae\000\000\000\371\000\037"
 273      60646063 
 273      60606064 
 273      66626165 
 273      000000F9 
 274              		.text
 275              		.section	.gnu.lto_.decls.fc03a37afce2d902,"e",%progbits
 276 0000 789CB558 		.ascii	"x\234\265X{P\224\327\025\337\373\335\205}\360\210E\333"
 276      7B5094D7 
ARM GAS  /tmp/cc6hzjKT.s 			page 21


 276      15DFFBDD 
 276      857DF088 
 276      45DB
 277 0012 74063BCD 		.ascii	"t\006;\315t\354\244\3236n\332\330\246\231v\246\201\325"
 277      74ECA4D3 
 277      366EDAD8 
 277      A69976A6 
 277      81D5
 278 0024 54A635A5 		.ascii	"T\2465\245\213\265\217?\312\030B\012\015B\0061\325\277"
 278      8BB58F3F 
 278      CA18420A 
 278      0D420631 
 278      D5BF
 279 0036 FA2D2022 		.ascii	"\372- \"\002\202\200\010\210\274$\012B\242\0055\021"
 279      02828008 
 279      88BC240A 
 279      42A20535 
 279      11
 280 0047 81050511 		.ascii	"\201\005\005\021y\013\032V\345)o\020\002\221 \240\364"
 280      790B1A56 
 280      E5296F10 
 280      029120A0 
 280      F4
 281 0058 DCC7C77E 		.ascii	"\334\307\307~\273\313\332N;\335\341\354\307\275\367"
 281      BBCBDA4E 
 281      3BDDE1EC 
 281      C7BDF7
 282 0067 77CFFD9D 		.ascii	"w\317\375\235s\317=\367|\253V \305\307\033\025\212\012"
 282      73CF3DF7 
 282      7CAB5620 
 282      C5C71B15 
 282      8A0A
 283 0079 41A12807 		.ascii	"A\241(\007Y\201\217Z\241P\264\203`\220\032\220f\020"
 283      59818F5A 
 283      A150B483 
 283      60901A90 
 283      6610
 284 008b 6705FB90 		.ascii	"g\005\373\220\261N\220n\220\007 \275 \375 \203 \243"
 284      B14E906E 
 284      900720BD 
 284      20FD2083 
 284      20A3
 285 009d 20732008 		.ascii	" s \010d^a\375)\202N\027x\006\201x\200l\340\272U\320"
 285      645E61FD 
 285      29824E17 
 285      78068178 
 285      806CE0BA 
 286 00b3 EF0CF204 		.ascii	"\357\014\362\004\376\377\035<}A~\200\230\022\262\276"
 286      FEFF1D3C 
 286      7D417E80 
 286      9812B2BE 
 287 00c3 129EDB41 		.ascii	"\022\236\333A\274\020\323\333\251\260\377\224\301\200"
 287      BC10D3DB 
 287      A9B0FF94 
 287      C180
 288 00d1 DB1ABAC1 		.ascii	"\333\032\272\301,\305\313 \177\222\351\336\010\342i"
 288      2CC5CB20 
ARM GAS  /tmp/cc6hzjKT.s 			page 22


 288      7F92E9DE 
 288      08E269
 289 00e0 B38637D7 		.ascii	"\263\2067\327\3776_\243{\2155*`\300u\2155l\365Kz\245"
 289      FF365FA3 
 289      7B8D352A 
 289      60C0758D 
 289      356CF54B 
 290 00f6 75887E89 		.ascii	"u\210~\211\2777\327\377`\015\375\325\210\351\265\325"
 290      BF37D7FF 
 290      600DFDD5 
 290      88E9B5D5 
 291 0106 EF8798EF 		.ascii	"\357\207\230\357\211-\273\340\377?\200\374\021\261="
 291      892DBBE0 
 291      FF3F80FC 
 291      11B13D
 292 0115 690219E1 		.ascii	"i\002\031\341\353\027@_>\210\221\257K\326\311\344\353"
 292      EB17405F 
 292      3E8891AF 
 292      4BD6C9E4 
 292      EB
 293 0126 F7F27D19 		.ascii	"\367\362}\031u\2607S\034\337\264\006/\351s\015\000Z"
 293      75B03753 
 293      1CDFB406 
 293      2FE9730D 
 293      005A
 294 0138 07F6FF79 		.ascii	"\007\366\377y\015\373\311C\332\263\3765\364\335\370"
 294      0DFBC943 
 294      DAB3FE35 
 294      F4DDF8
 295 0147 2FF46DE3 		.ascii	"/\364m\343\317\3015\364\245ct5\346i\225*\021\243\227"
 295      CFC135F4 
 295      A5637435 
 295      E669952A 
 295      11A397
 296 015a B58844F1 		.ascii	"\265\210D\361\013\320ucz\252\023\261.\202\030\275\220"
 296      0BD07563 
 296      7AAA13B1 
 296      2E8218BD 
 296      90
 297 016b D4F40216 		.ascii	"\324\364\002\026\350\377\323\265\005\376\272R\221}\324"
 297      E8FFD3B5 
 297      05FEBA52 
 297      917DD4
 298 017a 0714E82A 		.ascii	"\007\024\350*\302\026]E\247\223\363\235\2617E\366Df"
 298      C2165D45 
 298      A793F39D 
 298      B13745F6 
 298      4466
 299 018c 2FB88212 		.ascii	"/\270\202\022\017-RB3\265\261\374\246\026\232\033\264"
 299      0F2D5242 
 299      33B5B1FC 
 299      A6169A1B 
 299      B4
 300 019d E8256866 		.ascii	"\350%hf\366\235\313s\325\306\212b\244\230\033%j\266"
 300      F69DCB73 
 300      D5C68A62 
 300      A4981B25 
ARM GAS  /tmp/cc6hzjKT.s 			page 23


 300      6AB6
 301 01af 2B900979 		.ascii	"+\220\011y\242j\344\251@U\210\256\\\211t\250\002\372"
 301      A26AE4A9 
 301      405588AE 
 301      5C8974A8 
 301      02FA
 302 01c1 AE90BE1A 		.ascii	"\256\220\276\032\244\205I#1M\317TL\345F\262\302\345"
 302      A4854923 
 302      314DCF54 
 302      4CE546B2 
 302      C2E5
 303 01d3 911C37A2 		.ascii	"\221\0347\242Cd:H\277\244E\201\256!\255\002\351<Q-\264"
 303      43643A48 
 303      BFA44581 
 303      AE21AD02 
 303      E93C512D 
 304 01e8 009C9470 		.ascii	"\000\234\224p\241W`s\277\005\315\302\376\252(\015\243"
 304      A1576073 
 304      BF05CDC2 
 304      FEAA280D 
 304      A3
 305 01f9 338AA0DD 		.ascii	"3\212\240\335\265P\271\350\212\177M\230cc\334b7FZO\004"
 305      B550B9E8 
 305      8A7F4D98 
 305      6363DC62 
 305      37465A4F 
 306 020e BA10A528 		.ascii	"\272\020\245(\026\210\370\233\012\364\232'z\025\310"
 306      1688F89B 
 306      0AF49A27 
 306      7A15C8
 307 021d D403C11B 		.ascii	"\324\003\301\033D{\003\000n\202\372\014QM;2D@\317\374"
 307      447B0300 
 307      6E82FA0C 
 307      514D3B32 
 307      4440CFFC 
 308 0231 83FE0F3A 		.ascii	"\203\376\017:\023\353\317\030\325\036I\204\037|\275"
 308      13EBCF18 
 308      D51E4984 
 308      1F7CBD
 309 0240 89483FAA 		.ascii	"\211H?\252\2039\327)\301F\344\301XR\327\305>|\\\351"
 309      8339D729 
 309      C146E4C1 
 309      5852D7C5 
 309      3E7C5CE9 
 310 0254 A2E5AB45 		.ascii	"\242\345\253E?o5\000W~\226\234\342$\327|\3539\232o\236"
 310      3F6F3500 
 310      577E969C 
 310      E224D77C 
 310      EB399A6F 
 311 0269 1CCB7772 		.ascii	"\034\313wr\215[u5jB\0362?5#r@\311\003\260y\017\372\252"
 311      8D5B7535 
 311      6A421E32 
 311      3F352372 
 311      40C903B0 
 312 0281 35FDA817 		.ascii	"5\375\250\027\011\244\017\235\305H\201X\034!\022B\354"
 312      09A40F9D 
 312      C5488158 
ARM GAS  /tmp/cc6hzjKT.s 			page 24


 312      1C211242 
 312      EC
 313 0292 89C8FF44 		.ascii	"\211\310\377DV\244\017\"\037\216\223\302N\352c\017\351"
 313      56A40F22 
 313      1F8E93C2 
 313      4EEA630F 
 313      E9
 314 02a3 8BF5095C 		.ascii	"\213\365\011\\\213\300C\007!\305\352*L\267L5\033G|\\"
 314      8BC04307 
 314      21C5EA2A 
 314      4CB74C35 
 314      1B477C5C 
 315 02b7 52C22630 		.ascii	"R\302&0V\226\211\274K\340\313\311g ;\306\026\205\212"
 315      569689BC 
 315      4BE0CBC9 
 315      67203BC6 
 315      16858A
 316 02ca 55A5D207 		.ascii	"U\245\322\007\255\306\364Jgm\203f\000\365\031\301\331"
 316      ADC6F44A 
 316      676D8366 
 316      00F519C1 
 316      D9
 317 02db E72FE6BA 		.ascii	"\347/\346\272+\220{\322K\012\032\342+i}\011*\374>\375"
 317      2B907BD2 
 317      4B0A1AE2 
 317      2B697D09 
 317      2AFC3EFD 
 318 02ef 3FA62EA9 		.ascii	"?\246.\251\302\215\305\227@\034\331\325\026\211X|\255"
 318      C28DC597 
 318      401CD9D5 
 318      1689587C 
 318      AD
 319 0300 83665AFE 		.ascii	"\203fZ\376\365N\315\213it\303\242\304u\002\012\372\006"
 319      F54ECD8B 
 319      6974C3A2 
 319      C475020A 
 319      FA06
 320 0312 EA802D68 		.ascii	"\352\200-h\247[p\033\275\250@\373\224l\275S5W*\335\276"
 320      A75B701B 
 320      BDA840FB 
 320      946CBD53 
 320      35572ADD 
 321 0327 932BF6F5 		.ascii	"\223+\366\365\211\246\221S\277\310h\212\021\333`\332"
 321      89A69153 
 321      BFC8688A 
 321      11DB60DA 
 322 0337 9B1486DA 		.ascii	"\233\024\206\332 \032\340dP\212\360\277\002\265\242"
 322      201AE064 
 322      508AF0BF 
 322      02B5A2
 323 0346 01845A50 		.ascii	"\001\204ZP?\261\246\023}\007\024du\016\024\010\270\004"
 323      3FB1A613 
 323      7D071464 
 323      750E1408 
 323      B804
 324 0358 515AC33D 		.ascii	"QZ\303=\211\367\234\224\340gr\204\310\032\320Wn\356"
 324      89F79C94 
ARM GAS  /tmp/cc6hzjKT.s 			page 25


 324      E0677284 
 324      C81AD057 
 324      6EEE
 325 036a 3509AB7D 		.ascii	"5\011\253}w\020\3554.\034Y\304\016\031~N\030\336E\234"
 325      7710ED34 
 325      2E1C59C4 
 325      0E197E4E 
 325      18DE459C 
 326 037e E2EDE1B9 		.ascii	"\342\355\341\271x5\2478\2731S4A\314\212\002\001\241"
 326      7835A738 
 326      BB315334 
 326      41CC8A02 
 326      01A1
 327 0390 2E19BF2E 		.ascii	".\031\277.[~\335\224_WO\345\014\306\225\216\371\235"
 327      5B7EDD94 
 327      5F574FE5 
 327      0CC6958E 
 327      F99D
 328 03a2 98CA1E77 		.ascii	"\230\312\036wqH\345>\241rO\2422\225\223z\333\211S\031"
 328      7148E53E 
 328      A1724FA2 
 328      3295937A 
 328      DB895319 
 329 03b6 FFF62A15 		.ascii	"\377\366*\025\000!\263\214\212\331\226\312\003J\345"
 329      0021B38C 
 329      8AD996CA 
 329      034AE5
 330 03c5 C2C24414 		.ascii	"\302\302D\024\306\255\214\212iq8\316\225\2532\177\337"
 330      C6AD8C8A 
 330      697138CE 
 330      95AB327F 
 330      DF
 331 03d6 CAAA1E99 		.ascii	"\312\252\036\231\252\036[U\275TU\345\231t\037<\3114"
 331      AA1E5B55 
 331      BD5455E5 
 331      99741F3C 
 331      C934
 332 03e8 191F0F56 		.ascii	"\031\037\017V\251$R?\264\"\325'\323\324g\253\251\237"
 332      A924523F 
 332      B422D527 
 332      D3D467AB 
 332      A99F
 333 03fa 6A2A289C 		.ascii	"j*(\2344\252\360S\246\252\247\2449\022sU\213\257X\251"
 333      34AAF053 
 333      A6AAA7A4 
 333      39127355 
 333      8BAF58A9 
 334 040e 1A90A91A 		.ascii	"\032\220\251\032\260U5HU\231fN\237\3008\236\245\356"
 334      B0553548 
 334      5599664E 
 334      9FC0389E 
 334      A5EE
 335 0420 BE47B549 		.ascii	"\276G\265IX\236\007H\322\260\344\201!\232\007\000\327"
 335      589E0748 
 335      D2B0E481 
 335      219A0700 
 335      D7
ARM GAS  /tmp/cc6hzjKT.s 			page 26


 336 0431 7829E5AA 		.ascii	"x)\345\252\033\335\022\350\342[R_v\376#\344pKF\310\226"
 336      1BDD12E8 
 336      E25B525F 
 336      76FE23E4 
 336      704B46C8 
 337 0446 0C4B5B52 		.ascii	"\014K[R\324\326\326N\267D\024M_5n\2528?*\306j)\010="
 337      D4D6D64E 
 337      B744144D 
 337      5F356EAA 
 337      383F2AC6 
 338 045e 94517EC8 		.ascii	"\224Q~\310/\016\310\277\204\352\223\356\234E7|\235Q"
 338      2F0EC8BF 
 338      84EA93EE 
 338      9C45377C 
 338      9D51
 339 0470 2D8D5CAA 		.ascii	"-\215\\\252S\343.\326\230\355\271\177\326\025\370\240"
 339      53E32ED6 
 339      98EDB97F 
 339      D615F8A0 
 340 0480 713A037A 		.ascii	"q:\003z\232?\031;\342\214\357\261\341\362\211\224,\022"
 340      9A3F193B 
 340      E28CEFB1 
 340      E1F28994 
 340      2C12
 341 0492 416892F8 		.ascii	"Ah\222\370`\202E\363y\243\351\214\033\356c\210\332{"
 341      608245F3 
 341      79A3E98C 
 341      1BEE6388 
 341      DA7B
 342 04a4 43232A82 		.ascii	"C#*\202xD\020S\014\361q\311\322y-\265\322Y\212\273\376"
 342      78441053 
 342      0CF171C9 
 342      D2792DB5 
 342      D2598ABB 
 343 04b9 3343FBA4 		.ascii	"3C\373\244\236\031\206:\336Z;iu*`\310b\367,\261\373"
 343      9E19863A 
 343      DE5A3B69 
 343      752A60C8 
 343      62F72CB1 
 344 04ce 0BC96EB1 		.ascii	"\013\311n\261*7\222\304\317L\256\230\233)zG\212\361"
 344      2A3792C4 
 344      CF4CAE98 
 344      9B297A47 
 344      8AF1
 345 04e0 A2A94C20 		.ascii	"\242\251L  4&\331\215\246\001M\232\314\3649jzML\335"
 345      203426D9 
 345      8DA6014D 
 345      9ACCF439 
 345      6A7A4D4C 
 346 04f5 82804719 		.ascii	"\202\200G\031\331\274\346\271\343Z<\317\032IO\237\215"
 346      D9BCE6B9 
 346      E35A3CCF 
 346      1A494F9F 
 346      8D
 347 0506 A0EF1688 		.ascii	"\240\357\026\210m&\222\013\266\024\177$\306&\031\325"
 347      6D26920B 
 347      B6147F24 
ARM GAS  /tmp/cc6hzjKT.s 			page 27


 347      C62619D5 
 348 0516 34813F06 		.ascii	"4\201?\006\225\020y\262\254\377%\364\374\205\320\237"
 348      951079B2 
 348      ACFF25F4 
 348      FC85D09F 
 349 0526 47DF85B9 		.ascii	"G\337\205\271\325+\307\253\225,!\251\241\371\260x\256"
 349      D52BC7AB 
 349      952C21A9 
 349      A1F9B078 
 349      AE
 350 0537 18E115A6 		.ascii	"\030\341\025\2467\271\340\313'\316\344\262\211\202P"
 350      37B9E0CB 
 350      27CEE4B2 
 350      898250
 351 0546 88FE77B7 		.ascii	"\210\376w\267/q\315\203\2218w\034\215\351\354\313\225"
 351      2F71CD83 
 351      9138771C 
 351      8DE9ECCB 
 351      95
 352 0557 E6A3EE0E 		.ascii	"\346\243\356\016\357\335%~\357\352\350Ds]y\267\013\273"
 352      EFDD257E 
 352      EFEAE844 
 352      735D79B7 
 352      0BBB
 353 0569 A900FBA6 		.ascii	"\251\000\373\246\222\036s\013x\231\334TK\322MU\3648"
 353      921E730B 
 353      7899DC54 
 353      4BD24D55 
 353      F438
 354 057b 314BCB28 		.ascii	"1K\313(\223\313\350J\327\255|w\226C\373hf<$\326\011"
 354      93CBE84A 
 354      D7AD7C77 
 354      9643FB68 
 354      663C24D6 
 355 0590 389191B8 		.ascii	"8\221\221\270\271\\w\303U2\341\337\026\020\351X\331"
 355      B95C77C3 
 355      5532E1DF 
 355      1610E958 
 355      D9
 356 05a1 906F5C70 		.ascii	"\220o\\pE\3537m\332\224\314\357M\221\354\3053@<\245"
 356      45EB376D 
 356      DA94CCEF 
 356      4D91ECC5 
 356      33403CA5 
 357 05b5 5C8CC27A 		.ascii	"\\\214\302z:'J\330\204\242A\"\205Md\223\362\305\350"
 357      3A274AD8 
 357      84A24122 
 357      854D6493 
 357      F2C5E8
 358 05c8 28F0FEF8 		.ascii	"(\360\376\370\017\257\\\213K\020s#a\243\005(\225`\015"
 358      0FAF5C8B 
 358      4B107323 
 358      61A30528 
 358      95600D
 359 05db 32C162CA 		.ascii	"2\301b\312W\364\373G\236d\006|L\215W0\034\327hgb#Z\264"
 359      57F4FB47 
 359      9E64067C 
ARM GAS  /tmp/cc6hzjKT.s 			page 28


 359      4C8D5730 
 359      1CD76867 
 360 05f3 83EB2CE8 		.ascii	"\203\353,\350T\320\337!\241\237\200\177\026\326F\233"
 360      54D0DF21 
 360      A19F807F 
 360      16D6469B 
 361 0603 C8BFC4F4 		.ascii	"\310\277\304\364;e7\\\260\231\371\241}\272\245\332y"
 361      3B65375C 
 361      B099F9A1 
 361      7DBAA5DA 
 361      79
 362 0614 FD9A26A1 		.ascii	"\375\232&\241\203\002vd\025\314<|\273<F%\317\0071VK"
 362      83027664 
 362      15CC3C7C 
 362      BB3C4625 
 362      CF073156 
 363 0629 1E12685D 		.ascii	"\036\022h]\000\017r:\315\231?g\033#\222\312k\324\270"
 363      000F723A 
 363      CD993F67 
 363      1B2392CA 
 363      6BD4B8
 364 063c 32AF61ED 		.ascii	"2\257a\355\031\025\264[s\316T9\263v\322\006h\317\237"
 364      1915B45B 
 364      73CE5439 
 364      B376D206 
 364      68CF9F
 365 064f 5D4CE6C5 		.ascii	"]L\346\305\236\230G\312\253\354\345\345h%\036f\224O"
 365      9E9847CA 
 365      ABECE5E5 
 365      68251E66 
 365      944F
 366 0661 141698DC 		.ascii	"\024\026\230\334\031:\312\011\332\351\367\372\257\273"
 366      193ACA09 
 366      DAE9F7FA 
 366      AFBB
 367 066f 3A8CA744 		.ascii	":\214\247D\201\305S\202@\003j09\263\302\315R\372\260"
 367      81C55382 
 367      40036A30 
 367      39B3C2CD 
 367      52FAB0
 368 0682 803A2278 		.ascii	"\200:\"x\2428\201\240\217\012\036l\0125\261\275\374"
 368      A23881A0 
 368      8F0A1E6C 
 368      0A35B1BD 
 368      FC
 369 0693 6AAA9AF3 		.ascii	"j\252\232\363v&\001v\277\263\211\027\2013\204\326\341"
 369      76260176 
 369      BFB38917 
 369      813384D6 
 369      E1
 370 06a4 F2E612CC 		.ascii	"\362\346\022\314y\222\3027\361n\362/\361\014c\331p4"
 370      7992C237 
 370      F16EF22F 
 370      F10C63D9 
 370      7034
 371 06b6 F236C74E 		.ascii	"\3626\307N\023\354\\BE\217\263C\226i\234e*ci\352KxB"
 371      13EC5C42 
ARM GAS  /tmp/cc6hzjKT.s 			page 29


 371      458FB343 
 371      96699C65 
 371      2A6369EA 
 372 06cd 146F2491 		.ascii	"\024o$\221\"\253\2507\262\212\272(\347\354u7<\307\026"
 372      22ABA837 
 372      B28ABA28 
 372      E7EC7537 
 372      3CC716
 373 06e0 9A683595 		.ascii	"\232h5\225\255V~\362:\363\204@'\220\335K\007\003\217"
 373      AD567EF2 
 373      3AF38440 
 373      2790DD4B 
 373      07038F
 374 06f3 33D5C76B 		.ascii	"3\325\307k?\255Q\312k\277\014\010\307c0\236L\035\220"
 374      3FAD51CA 
 374      6BBF0C08 
 374      C763309E 
 374      4C1D90
 375 0706 491C9026 		.ascii	"I\034\220&9`\360\013c\251\300N\311\177\242\273c\266"
 375      3960F00B 
 375      63A9C04E 
 375      C97FA2BB 
 375      63B6
 376 0718 A1DAAAAE 		.ascii	"\241\332\252\256\314z\216\356\356\317V\352y\305\223"
 376      CC7A8EEE 
 376      EECF56EA 
 376      79C593
 377 0727 4B2AFCA6 		.ascii	"K*\374\246\345\232*^\360\367\021\233\217\2175\326\270"
 377      E59A2A5E 
 377      F0F7119B 
 377      8F8F35D6 
 377      B8
 378 0738 70E7BA43 		.ascii	"p\347\272C\373\332\334\311/\\\361\0223\272<#1\236g\247"
 378      FBDADCC9 
 378      2F5CF112 
 378      33BA3C23 
 378      319E67A7 
 379 074c D7A1F9B4 		.ascii	"\327\241\371\264\316\234\203\035:7\237;7\217\261\214"
 379      CE9C831D 
 379      3A379F3B 
 379      378FB18C 
 380 075c 3B6DF2B6 		.ascii	";m\362\266\215\200\034 y\212\222, $\363%\222C\323C\347"
 380      8D801C20 
 380      798A922C 
 380      2024F325 
 380      9243D343 
 381 0771 384951FE 		.ascii	"8IQ\376\032\342\301^C\212+\306N\010\234#)\333\256\335"
 381      1AE2C15E 
 381      438A2BC6 
 381      4E089C23 
 381      29DBAEDD 
 382 0785 CE3AA7C2 		.ascii	"\316:\247\302\007\225\354\302\3148}\234G5\011\362\206"
 382      0795ECC2 
 382      CC387D9C 
 382      473509F2 
 382      86
 383 0796 E5136982 		.ascii	"\345\023i\202C\216E\234\343Y\306\361t\303\303>\245-"
ARM GAS  /tmp/cc6hzjKT.s 			page 30


 383      438E459C 
 383      E359C6F1 
 383      74C3C33E 
 383      A52D
 384 07a8 C98F8064 		.ascii	"\311\217\200d!%YLH\026I$M#\235\011H\016&\031\306\021"
 384      2125594C 
 384      48164924 
 384      4D239D09 
 384      480E2619 
 385 07be 38FBB0A9 		.ascii	"8\373\260\251\204\237\275\\,\313\222\036<KJ1\277\201"
 385      849FBD5C 
 385      2CCB921E 
 385      3C4B4A31 
 385      BF81
 386 07d0 C7BC71F4 		.ascii	"\307\274q\364\374!\214\343\230Iw\213*V^`\340\027\241"
 386      FC218CE3 
 386      9849778B 
 386      2A565E60 
 386      E017A1
 387 07e3 59752421 		.ascii	"Yu$!\305\305\241I\027\270I\347\231I\323\027\263\207"
 387      C5C5A149 
 387      17B849E7 
 387      9949D317 
 387      B387
 388 07f5 B0AD491F 		.ascii	"\260\255I\037\003\313R\312\362\237\204\345\005\211e"
 388      03CB52CA 
 388      F29F84E5 
 388      058965
 389 0804 EAC5EE3B 		.ascii	"\352\305\356;\334\317\"a9tn\240@\213S\225\374\002y\232"
 389      DCCF2261 
 389      39746EA0 
 389      408B5395 
 389      FC02799A 
 390 0818 C7DFE372 		.ascii	"\307\337\343r\211\327W\262f\262]q\006\033\224\266\304"
 390      89D757B2 
 390      66B25D71 
 390      061B94B6 
 390      C4
 391 0829 836F49EB 		.ascii	"\203oI\353\330\245\013\002.`\203c\365Y\303R\314\221"
 391      D8A50B02 
 391      2E608363 
 391      F559C352 
 391      CC91
 392 083b 18EBEDEE 		.ascii	"\030\353\355\356\272\340\212\317\262\301\322\225\221"
 392      BAE08ACF 
 392      B2C1D295 
 392      91
 393 0848 2C6E9C48 		.ascii	",n\234HO\367'\003G\234\360\0056x\243>\362o\370\022_"
 393      4FF72703 
 393      479CF005 
 393      3678A33E 
 393      F26FF812 
 394 085d 62B6BA86 		.ascii	"b\266\272\206\273,\232\244\263\330\222\322\016\356\262"
 394      BB2C9AA4 
 394      B3D892D2 
 394      0EEEB2
 395 086c 5C1ABA65 		.ascii	"\\\032\272e5qQ/\340\012\212v\237\2106\177\210\340\332"
ARM GAS  /tmp/cc6hzjKT.s 			page 31


 395      3571512F 
 395      E00A8A76 
 395      9F88367F 
 395      88E0DA
 396 087f 205707FF 		.ascii	" W\007\377\300\235`\204\322\367}#M\331\347\004\017T"
 396      C09D6084 
 396      D2F77D23 
 396      4DD9E704 
 396      0F54
 397 0891 0EE7E93A 		.ascii	"\016\347\351:\344O\313\256\225\011\226\014O\320\035"
 397      E44FCBAE 
 397      9509960C 
 397      4FD01D
 398 08a0 21F06574 		.ascii	"!\360etF'\001\235\302\321\226\243\225$X\337\036f\256"
 398      4627019D 
 398      C2D196A3 
 398      952458DF 
 398      1E66AE
 399 08b3 1BBC8AAE 		.ascii	"\033\274\212\256p\264\305\327\237\255\242\255\022\177"
 399      70B4C5D7 
 399      9FADA2AD 
 399      127F
 400 08c1 3500AAE8 		.ascii	"5\000\252\350\320u\236\365[ \343\337\002i\000\271\006"
 400      D0759EF5 
 400      5B20E3DF 
 400      026900B9 
 400      06
 401 08d2 52077213 		.ascii	"R\007r\023\244\006\244\021\344\006H=H-H\023H\363\352"
 401      A406A411 
 401      E406483D 
 401      482D4813 
 401      48F3EA
 402 08e5 9D07CB0F 		.ascii	"\235\007\313\017\310\354\373\324\316\276\3136\214\033"
 402      C8ECFBD4 
 402      CEBECB36 
 402      8C1B
 403 08f3 43181ACE 		.ascii	"C\030\032\316\037\354*C[Ne\266\2157jC,\272\317\330\351"
 403      1FEC2A43 
 403      5B4E65B6 
 403      8D376A43 
 403      2CBACFD8 
 404 0908 3E6DEB3B 		.ascii	">m\353;\031\223\253v\350\012\033&\3432\337]\262\363"
 404      1993AB76 
 404      E80A1B26 
 404      E332DF5D 
 404      B2F3
 405 091a DD451BF4 		.ascii	"\335E\033\364\242\014\375\211\035\272\304\326J\031\232"
 405      A20CFD89 
 405      1DBAC4D6 
 405      4A199A
 406 0929 5CEAD6E8 		.ascii	"\\\352\326\350B\333]\344V\302\255\204\342\271n\313]"
 406      42DB5DE4 
 406      56C2AD84 
 406      E2B96ECB 
 406      5D
 407 093a 75586E25 		.ascii	"uXn%\324\000\003!\254\004 \247\337\304\321\226\323\030"
 407      D4000321 
ARM GAS  /tmp/cc6hzjKT.s 			page 32


 407      AC0420A7 
 407      DFC4D196 
 407      D318
 408 094c 6BEB4199 		.ascii	"k\353A\231O*\355|\262Z^@4?\273\323{\035a\023\213\375"
 408      4F2AED7C 
 408      B25A5E40 
 408      343FBBD3 
 408      7B1D6113 
 409 0962 C6DA9E53 		.ascii	"\306\332\236Sn\353\327\014\033\324\312\325\374\017\221"
 409      6EEBD70C 
 409      1BD4CAD5 
 409      FC0F91
 410 0971 430E4FC2 		.ascii	"C\016O\302\301!\253\337\033\332\254\354hguE;\255+\232"
 410      C121ABDF 
 410      1BDAACEC 
 410      68677545 
 410      3BAD2B9A 
 411 0985 EB6E9F50 		.ascii	"\353n\237P\341FJ\015\327\234\276[\246A\032\366\273\313"
 411      E1464A0D 
 411      D79CBE5B 
 411      A6411AF6 
 411      BBCB
 412 0997 217A1F46 		.ascii	"!z\037F%\255C\253wV\007\320\273-h\340=\027\010w\011"
 412      25AD43AB 
 412      775607D0 
 412      BB2D68E0 
 412      3D170877 
 413 09ac EC7717D2 		.ascii	"\354w\027\322A\177wY\307\306\340\213\034\375\272\331"
 413      417F7759 
 413      C7C6E08B 
 413      1CFDBAD9 
 414 09bc 56AB771D 		.ascii	"V\253w\035R\205[8\334a\034\356P\016-w\027\333\324R\215"
 414      52855B38 
 414      DC611CEE 
 414      500E2D77 
 414      17DBD452 
 415 09d1 1FFD9C1A 		.ascii	"\037\375\234\032\037\335\025H\322,\234/\024\335\345"
 415      1FDD1548 
 415      D22C9C2F 
 415      14DDE5
 416 09e0 BA47AC74 		.ascii	"\272G\254t\177\316t\177Nu\3674V\017\362k.\226$\226\177"
 416      7FCE747F 
 416      4E75F734 
 416      560FF26B 
 416      2E962496 
 417 09f5 C60FCFF2 		.ascii	"\306\017\317\362;r\206\370\352\376\312\324C\236\211"
 417      3B7286F8 
 417      EAFECAD4 
 417      439E89
 418 0a04 36C8D2DB 		.ascii	"6\310\322\333\006\236\336\212\277\034+Q;\314\317\017"
 418      069EDE8A 
 418      BF1C2B51 
 418      3BCCCF0F 
 419 0a14 787EAE66 		.ascii	"x~\256f5zq\373\371n\255m~\276\017\256\272G#\242\207"
 419      357A71FB 
 419      F96EAD6D 
 419      7EBE0FAE 
ARM GAS  /tmp/cc6hzjKT.s 			page 33


 419      BA4723A2 
 420 0a29 E4E70752 		.ascii	"\344\347\007R~\276\330qw^\203\333XL\014.=zY>\361\311"
 420      7EBED871 
 420      775E83DB 
 420      584C0C2E 
 420      3D7A593E 
 421 0a3f 73265E4A 		.ascii	"s&^J\272\034\303-jS\310~\350\360`?tH9x\003\317\301\025"
 421      BA1CC32D 
 421      6A53C87E 
 421      E8F0603F 
 421      74483978 
 422 0a57 F51D3711 		.ascii	"\365\0357\021\356b\353Dv\225\\\346\326\222;\241\376"
 422      EE62EB44 
 422      76955CE6 
 422      D6923BA1 
 422      FE
 423 0a68 4E7DA363 		.ascii	"N}\243c\353\206\271uC\354\366\311\237:)jl\255\033\004"
 423      EB86B975 
 423      43ECF6C9 
 423      9F3A296A 
 423      6CAD1B04 
 424 0a7c 920394E4 		.ascii	"\222\003\224\344\010!9,\221Lo\271\332\213l-r\004\276"
 424      0821392C 
 424      914C6FB9 
 424      DA8B6C2D 
 424      7204BE
 425 0a8f 95D566E4 		.ascii	"\225\325f\344WU\003\375I\342YY\243\012\233\031\345\224"
 425      575503FD 
 425      49E25959 
 425      A30A9B19 
 425      E594
 426 0aa1 630B8D6A 		.ascii	"c\013\215j\334\303\032i\3055\313|\367L\362\366\006\336"
 426      DCC31A69 
 426      C535CB7C 
 426      F74CF2F6 
 426      06DE
 427 0ab3 9E3B3753 		.ascii	"\236;7S\350\214\007\224\377\301[\3224\267\356Uj\\\354"
 427      E88C0794 
 427      FFC15BD2 
 427      34B7EE55 
 427      6A5CEC
 428 0ac6 A34293AB 		.ascii	"\243B\223\253\255qS\300\227\275T\314\020\276\323\022"
 428      AD7153C0 
 428      97BD54CC 
 428      10BED312 
 429 0ad6 5FE3DDA5 		.ascii	"_\343\335\245\012W[\343\034\201\333S\314\275\274Z\370"
 429      0A575BE3 
 429      1C81DB53 
 429      CCBDBC5A 
 429      F8
 430 0ae7 1929BD9F 		.ascii	"\031)\275\237\344\215\273\341a\306p\352\321\362'\356"
 430      E48DBBE1 
 430      61C670EA 
 430      D1F227EE 
 431 0af7 788235AE 		.ascii	"x\2025\256]\2767\306\257\335W\241y\256\244\246\305\005"
 431      5DBE37C6 
 431      AFDD57A1 
ARM GAS  /tmp/cc6hzjKT.s 			page 34


 431      79AEA4A6 
 431      C505
 432 0b09 CFB0B1E5 		.ascii	"\317\260\261\345\244\2342\015\236g\215\241\374\311\257"
 432      A49C320D 
 432      9E678DA1 
 432      FCC9AF
 433 0b18 33DCF7C8 		.ascii	"3\334\367\310\273u\301\251c\032\274\304\206V\222b3T"
 433      BB75C1A9 
 433      631ABCC4 
 433      86569262 
 433      3354
 434 0b2a 5874A28D 		.ascii	"Xt\242\215\324\226\324\002\027|\2205J/\305g\361\033"
 434      D496D402 
 434      177C9035 
 434      4A2FC567 
 434      F11B
 435 0b3c FF9BE4E5 		.ascii	"\377\233\344\345{>1\335\005\037ac\267\352G21\033s\201"
 435      7B3E31DD 
 435      051F6163 
 435      B7EA4732 
 435      311B7381 
 436 0b50 E6645CE4 		.ascii	"\346d\\\344\222\312\241\337V\270\337\236\261\250\250"
 436      92CAA1DF 
 436      56B8DF9E 
 436      B1A8A8
 437 0b5f 7F9665FD 		.ascii	"\177\226e\375C()\206-\257t\"\366`S\250/>\313\233\376"
 437      43282986 
 437      2DAF7422 
 437      F66053A8 
 437      2F3ECB9B 
 438 0b74 5C6D5BDD 		.ascii	"\\m[\335:\002Wv\334\177\023\037e\014\037\267\334\357"
 438      3A025776 
 438      DC7F131F 
 438      650C1FB7 
 438      DCEF
 439 0b86 47388535 		.ascii	"G8\2055\242o\335<\243\302\351\2541Y\324\334\340\214"
 439      A26FDD3C 
 439      A3C2E9AC 
 439      3159D4DC 
 439      E08C
 440 0b98 B359E3E1 		.ascii	"\263Y\343\341\360\342\247\030\347\263\306G\223\371\011"
 440      F0E2A718 
 440      E7B3C647 
 440      93F909
 441 0ba7 1A7C8635 		.ascii	"\032|\2065\316E\027'\362\262%\236\234\212\216\326\370"
 441      CE451727 
 441      F2B2259E 
 441      9C8A8ED6 
 441      F8
 442 0bb8 67FCD7C1 		.ascii	"g\374\327\301>\362r>\376xhE\215K)\370\033\023W\207\216"
 442      3EF2723E 
 442      FE786845 
 442      8D4B29F8 
 442      1B135787 
 443 0bcd B9A04D6B 		.ascii	"\271\240Mk}\326\263\213b\366\200\345\242\210\303\030"
 443      7DD6B38B 
 443      62F680E5 
ARM GAS  /tmp/cc6hzjKT.s 			page 35


 443      A288C318 
 444 0bdd EA407982 		.ascii	"\352@y\202\355\226]\024\344\325\262\361\200\345\315"
 444      ED965D14 
 444      E4D5B2F1 
 444      80E5CD
 445 0bec 7242B045 		.ascii	"rB\260E\217\331\\B\343a\026\335\321v\272Y\210\321\027"
 445      8FD95C42 
 445      E36116DD 
 445      D176BA59 
 445      88D117
 446 0bff 5106EFD8 		.ascii	"Q\006\357\330o\201/\332)_\260\275\341d\350\257\354\320"
 446      6F812FDA 
 446      295FB0BD 
 446      E164E8AF 
 446      ECD0
 447 0c11 8F6DD08D 		.ascii	"\217m\320\2152\364\222\035\232\335s\234\012}\205\016"
 447      32F4921D 
 447      9ADD739C 
 447      0A7D850E 
 448 0c21 B3D879C8 		.ascii	"\263\330y\310\216\271\316Z\267Yff\314\332`I5\251\204"
 448      8EB9CE5A 
 448      B7596666 
 448      CCDA6049 
 448      35A984
 449 0c34 0EB0BBB6 		.ascii	"\016\260\273\266\017\356\332^\316\304\222 Km\353\017"
 449      0FEEDA5E 
 449      CEC49220 
 449      4B6DEB0F 
 450 0c44 8EEEE135 		.ascii	"\216\356\3415\2025\332,\330\270p\\f\346\274\003\247"
 450      8235DA2C 
 450      D8B8705C 
 450      66E6BC03 
 450      A7
 451 0c55 C8B8D472 		.ascii	"\310\270\324r\355_\200\366G\034n9\375\223\362\315\007"
 451      ED5F80F6 
 451      471C6E39 
 451      FD93F2CD 
 451      07
 452 0c66 A099A347 		.ascii	"\240\231\243G\001\375\220\243-\211\260\337\306\343f"
 452      01FD90A3 
 452      2D89B0DF 
 452      C6E366
 453 0c75 1995270E 		.ascii	"\031\225'\016vS\306|Q\346\304H;'\016X\301\011\363\375"
 453      7653C67C 
 453      51E6C448 
 453      3B270E58 
 453      C109F3FD 
 454 0c89 AC023662 		.ascii	"\254\0026b\017\364\224k\267\034\277e\233\260\355\220"
 454      0FF4946B 
 454      B71CBF65 
 454      9BB0ED90 
 455 0c99 85EDB883 		.ascii	"\205\355\270\203\260\225q\231\225q\211r\300\305b\350"
 455      B0957199 
 455      95718972 
 455      C0C562E8 
 456 0ca9 A2CCD039 		.ascii	"\242\314\3209;\345\263v\312e\360/\035\300eQ.\243r\320"
 456      3BE5B376 
ARM GAS  /tmp/cc6hzjKT.s 			page 36


 456      CA65F02F 
 456      1DC06551 
 456      2EA372D0 
 457 0cbd C111B2AB 		.ascii	"\301\021\262\253\335\017cO\024\213\311\020\201\223\012"
 457      DD0F634F 
 457      148BC910 
 457      81930A
 458 0ccc 2C196F42 		.ascii	",\031oB\307@r@\022@N\202d\200d\202$\201$\202\234\000"
 458      C7407240 
 458      12404E82 
 458      64806482 
 458      24812482 
 459 0ce2 390A9206 		.ascii	"9\012\222\006r\012$\033\3448H<H\026H:H\012H*\310\021"
 459      720A241B 
 459      E438483C 
 459      4816483A 
 459      480A482A 
 460 0cf8 2C55682D 		.ascii	",Uh-\275i-J\\\306rSm\376\341\011\345\3725\271\240<\316"
 460      BD692D4A 
 460      5CC67253 
 460      6DFEE109 
 460      E5FA35B9 
 461 0d0f FEFF4B67 		.ascii	"\376\377Kg\366XE\221F^P\345[9\254\000\323\202\212<~"
 461      F6584591 
 461      465E50E5 
 461      5B39AC00 
 461      D3828A3C 
 462 0d24 BA79B30E 		.ascii	"\272y\263\016\376\336\017\014\017\015\014\321\351\203"
 462      FEDE0F0C 
 462      0F0D0CD1 
 462      E983
 463 0d32 82DF09FE 		.ascii	"\202\337\011\376\255\237.l\257.hw\210\356\203\260\360"
 463      AD9F2E6C 
 463      AF2E6877 
 463      88EE83B0 
 463      F0
 464 0d43 88BDBA80 		.ascii	"\210\275\272\200\260={\302Bu^\206\035\372\035\373u\241"
 464      B03D7BC2 
 464      42755E86 
 464      1DFA1DFB 
 464      75A1
 465 0d55 1F06076C 		.ascii	"\037\006\007l\016P\377\352\355\337\277\244\177\343\015"
 465      0E50FFEA 
 465      EDDFBFA4 
 465      7FE30D
 466 0d64 857A5F70 		.ascii	"\205z_ph\304k?\366\217P\006\004\355\016\027\266(\\w"
 466      68C46B3F 
 466      F68F5006 
 466      04ED0E17 
 466      B6285C77 
 467 0d78 87EFF9F0 		.ascii	"\207\357\371\360\365\300W\366\374\340\275\017\024\332"
 467      F5C057F6 
 467      FCE0BD0F 
 467      14DA
 468 0d86 00D010B8 		.ascii	"\000\320\020\270\377\225=[\024j2\321'48\342\365\377"
 468      FF953D5B 
 468      146A32D1 
ARM GAS  /tmp/cc6hzjKT.s 			page 37


 468      273438E2 
 468      F5FF
 469 0d98 6E45C53A 		.ascii	"nE\305:\362\334\026\272\373\235\220\300]\201\001\021"
 469      F2DC16BA 
 469      FB9D90C0 
 469      5D810111 
 470 0da8 61E15F23 		.ascii	"a\341_#\035[\203\367Zz6\222\036\277\300\010\277\003"
 470      1D5B83F7 
 470      5A7A3692 
 470      1EBFC008 
 470      BF03
 471 0dba 7B2302F7 		.ascii	"{#\002\367l\337\035\372nH`\270oxpXxp\304\001:_\037\022"
 471      6CDF1DFA 
 471      6E4860B8 
 471      6F787058 
 471      7870C401 
 472 0dd2 B83BDC37 		.ascii	"\270;\33470\364\335\340\320\277\272s4oj\002\202`\336"
 472      30F4DDE0 
 472      D0BFBA73 
 472      346F6A02 
 472      8260DE
 473 0de5 F6DD2111 		.ascii	"\366\335!\021\2578b\030\036\241\013\016\015\010\331"
 473      AF386218 
 473      1EA10B0E 
 473      0D08D9
 474 0df4 F76EA02E 		.ascii	"\367n\240. \010\024\205\034\330\034\244X\347\357\377"
 474      20081485 
 474      1CD81CA4 
 474      58E7EFFF 
 475 0e04 CEBEE090 		.ascii	"\316\276\340\220\210\340P\377\300\375\037\000\017\247"
 475      88E050FF 
 475      C0FD1F00 
 475      0FA7
 476 0e12 80B0D0BD 		.ascii	"\200\260\320\275\021JX\351=UhXDPx\330\337\335\374\375"
 476      114A58E9 
 476      3D556858 
 476      445078D8 
 476      DFDDFCFD 
 477 0e26 DFDB171A 		.ascii	"\337\333\027\032\340\357\277\371\215\237\276\376\232"
 477      E0EFBFF9 
 477      8D9FBEFE 
 477      9A
 478 0e33 5A6A297D 		.ascii	"Zj)}\364;\015\032\3036\277m\206]\333\266\276\352\344"
 478      F43B0D1A 
 478      C336BF6D 
 478      865DDBB6 
 478      BEEAE4
 479 0e46 A5DFF91B 		.ascii	"\245\337\371\033\3036G\253s\257\004\356\217 \236\321"
 479      C33647AB 
 479      73AF04EE 
 479      8F209ED1 
 480 0e56 E977F8F9 		.ascii	"\351w\370\371\370\351\364a\341\201:\037\211\0244\374"
 480      F8E9F461 
 480      E1813A1F 
 480      891434FC 
 481 0e66 03F66C01 		.ascii	"\003\366l\001V.~\372P?\275\267\377\316\003\037\004\256"
 481      562E7EFA 
ARM GAS  /tmp/cc6hzjKT.s 			page 38


 481      503FBDB7 
 481      FFCE031F 
 481      04AE
 482 0e78 AEF013C1 		.ascii	"\256\360\023\301\307WE6\354g\376\021\253\235[\224>^"
 482      C7574536 
 482      EC67FE11 
 482      AB9D5B94 
 482      3E5E
 483 0e8a DE1616AF 		.ascii	"\336\026\026\257\001)_K\363\307J\037?_\203\332\300Z"
 483      01295F4B 
 483      F3C74A1F 
 483      3F5F83DA 
 483      C05A
 484 0e9c 3F82C16D 		.ascii	"?\202\301m\006\350\202/\277\235>\006\315\333\273|\364"
 484      06E8822F 
 484      BF9D3E06 
 484      CDDBBB7C 
 484      F4
 485 0ead 740D277F 		.ascii	"t\015'\177\357\260\260\020\030\3612(w\354x\313\200\275"
 485      EFB0B010 
 485      18F13228 
 485      77EC78CB 
 485      80BD
 486 0ebf B61AF056 		.ascii	"\266\032\360Vx\372\276ePz\275\345gPz\277\345ep\202!"
 486      78FABE65 
 486      507ABDE5 
 486      67507ABF 
 486      E5657082 
 487 0ed4 006C25ED 		.ascii	"\000l%\355\355\344K\017_N~\333\365~\006\354\267\335"
 487      EDE44B0F 
 487      5F4E7EDB 
 487      F57E06EC 
 487      B7DD
 488 0ee6 17EBF5F0 		.ascii	"\027\353\365\360\324\033\234\274|\014z\203r\327\316"
 488      D41B9CBC 
 488      7C0C7A83 
 488      72D7CE
 489 0ef5 DFC25A30 		.ascii	"\337\302Z0\346\244\367\375\275\317V\370\366\322\033"
 489      E6A4F7FD 
 489      BDCF56F8 
 489      F6D21B
 490 0f04 D49255FF 		.ascii	"\324\222U\377\002\366\234\006\261"
 490      02F69C06 
 490      B1
 491              		.text
 492              		.section	.gnu.lto_.symtab.fc03a37afce2d902,"e",%progbits
 493 0000 6E766963 		.ascii	"nvicInit\000"
 493      496E6974 
 493      00
 494 0009 00       		.ascii	"\000"
 495 000a 00       		.ascii	"\000"
 496 000b 00       		.ascii	"\000"
 497 000c 00000000 		.ascii	"\000\000\000\000\000\000\000\000"
 497      00000000 
 498 0014 D4000000 		.ascii	"\324\000\000\000"
 499 0018 6E766963 		.ascii	"nvicEnableVector\000"
 499      456E6162 
ARM GAS  /tmp/cc6hzjKT.s 			page 39


 499      6C655665 
 499      63746F72 
 499      00
 500 0029 00       		.ascii	"\000"
 501 002a 00       		.ascii	"\000"
 502 002b 00       		.ascii	"\000"
 503 002c 00000000 		.ascii	"\000\000\000\000\000\000\000\000"
 503      00000000 
 504 0034 D9000000 		.ascii	"\331\000\000\000"
 505 0038 6E766963 		.ascii	"nvicDisableVector\000"
 505      44697361 
 505      626C6556 
 505      6563746F 
 505      7200
 506 004a 00       		.ascii	"\000"
 507 004b 00       		.ascii	"\000"
 508 004c 00       		.ascii	"\000"
 509 004d 00000000 		.ascii	"\000\000\000\000\000\000\000\000"
 509      00000000 
 510 0055 DD000000 		.ascii	"\335\000\000\000"
 511 0059 6E766963 		.ascii	"nvicSetSystemHandlerPriority\000"
 511      53657453 
 511      79737465 
 511      6D48616E 
 511      646C6572 
 512 0076 00       		.ascii	"\000"
 513 0077 00       		.ascii	"\000"
 514 0078 00       		.ascii	"\000"
 515 0079 00000000 		.ascii	"\000\000\000\000\000\000\000\000"
 515      00000000 
 516 0081 DF000000 		.ascii	"\337\000\000\000"
 517 0085 6E766963 		.ascii	"nvicClearPending\000"
 517      436C6561 
 517      7250656E 
 517      64696E67 
 517      00
 518 0096 00       		.ascii	"\000"
 519 0097 00       		.ascii	"\000"
 520 0098 00       		.ascii	"\000"
 521 0099 00000000 		.ascii	"\000\000\000\000\000\000\000\000"
 521      00000000 
 522 00a1 E1000000 		.ascii	"\341\000\000\000"
 523 00a5 6E766963 		.ascii	"nvicSetPending\000"
 523      53657450 
 523      656E6469 
 523      6E6700
 524 00b4 00       		.ascii	"\000"
 525 00b5 00       		.ascii	"\000"
 526 00b6 00       		.ascii	"\000"
 527 00b7 00000000 		.ascii	"\000\000\000\000\000\000\000\000"
 527      00000000 
 528 00bf E3000000 		.ascii	"\343\000\000\000"
 529 00c3 63685379 		.ascii	"chSysHalt\000"
 529      7348616C 
 529      7400
 530 00cd 00       		.ascii	"\000"
 531 00ce 02       		.ascii	"\002"
ARM GAS  /tmp/cc6hzjKT.s 			page 40


 532 00cf 00       		.ascii	"\000"
 533 00d0 00000000 		.ascii	"\000\000\000\000\000\000\000\000"
 533      00000000 
 534 00d8 E8000000 		.ascii	"\350\000\000\000"
 535              		.text
 536              		.section	.gnu.lto_.opts,"e",%progbits
 537 0000 272D666E 		.ascii	"'-fno-openmp' '-fno-openacc' '-fno-pie' '-mcpu=cort"
 537      6F2D6F70 
 537      656E6D70 
 537      2720272D 
 537      666E6F2D 
 538 0033 65782D6D 		.ascii	"ex-m4' '-mthumb' '-mfloat-abi=softfp' '-mfpu=fpv4-s"
 538      34272027 
 538      2D6D7468 
 538      756D6227 
 538      20272D6D 
 539 0066 702D6431 		.ascii	"p-d16' '-march=armv7e-m+fp' '-O2' '-fstack-usage' '"
 539      36272027 
 539      2D6D6172 
 539      63683D61 
 539      726D7637 
 540 0099 2D666675 		.ascii	"-ffunction-sections' '-fdata-sections' '-fno-common"
 540      6E637469 
 540      6F6E2D73 
 540      65637469 
 540      6F6E7327 
 541 00cc 2720272D 		.ascii	"' '-flto' '-fshort-enums'\000"
 541      666C746F 
 541      2720272D 
 541      6673686F 
 541      72742D65 
 542              		.text
 543              		.comm	__gnu_lto_v1,1,1
 544              		.comm	__gnu_lto_slim,1,1
 545              		.ident	"GCC: (GNU Arm Embedded Toolchain 9-2020-q2-update) 9.3.1 20200408 (release)"
ARM GAS  /tmp/cc6hzjKT.s 			page 41


DEFINED SYMBOLS
                            *ABS*:0000000000000000 nvic.c
                            *COM*:0000000000000001 __gnu_lto_v1
                            *COM*:0000000000000001 __gnu_lto_slim

NO UNDEFINED SYMBOLS
