ARM GAS  /tmp/ccVEe5Tb.s 			page 1


   1              		.cpu cortex-m0
   2              		.eabi_attribute 20, 1
   3              		.eabi_attribute 21, 1
   4              		.eabi_attribute 23, 3
   5              		.eabi_attribute 24, 1
   6              		.eabi_attribute 25, 1
   7              		.eabi_attribute 26, 1
   8              		.eabi_attribute 30, 2
   9              		.eabi_attribute 34, 0
  10              		.eabi_attribute 18, 4
  11              		.file	"chrfcu.c"
  12              		.section	.gnu.lto_.profile.c2cd3c1dced3da98,"e",%progbits
  13 0000 789CE360 		.ascii	"x\234\343``\004B \000\000\000]\000\013"
  13      60044220 
  13      0000005D 
  13      000B
  14              		.text
  15              		.section	.gnu.lto_.icf.c2cd3c1dced3da98,"e",%progbits
  16 0000 789CE360 		.ascii	"x\234\343``d\340c@\000&\206_\023~\314\347`\372\337x"
  16      6064E063 
  16      40002686 
  16      5F137ECC 
  16      E760FADF 
  17 0015 F3321B03 		.ascii	"\3632\033\003\0002\227\006w"
  17      00329706 
  17      77
  18              		.text
  19              		.section	.gnu.lto_.jmpfuncs.c2cd3c1dced3da98,"e",%progbits
  20 0000 789CE360 		.ascii	"x\234\343``d\020b@\000&\006FF\306\372\371\314\014LP"
  20      60641062 
  20      40002606 
  20      4646C6FA 
  20      F9CC0C4C 
  21 0015 9A010016 		.ascii	"\232\001\000\026\356\002h"
  21      EE0268
  22              		.text
  23              		.section	.gnu.lto_.inline.c2cd3c1dced3da98,"e",%progbits
  24 0000 789CE360 		.ascii	"x\234\343``d\360`@\000&\006\006\266\206\206\206\003"
  24      6064F060 
  24      40002606 
  24      06B68686 
  24      8603
  25 0012 4CA98C0C 		.ascii	"L\251\214\014L V\003s\012D\250\201)\205\011$\015R\303"
  25      4C205603 
  25      730A44A8 
  25      81298509 
  25      240D52C3 
  26 0026 0152C20C 		.ascii	"\001R\302\014R\302\005Q\214\256\204\001\000o\207\017"
  26      52C20551 
  26      8CAE8401 
  26      006F870F 
  27 0036 B7       		.ascii	"\267"
  28              		.text
  29              		.section	.gnu.lto_.pureconst.c2cd3c1dced3da98,"e",%progbits
  30 0000 789CE360 		.ascii	"x\234\343``d`g```b\230\301\3024\203\005\000\0051\001"
  30      60646067 
  30      60606062 
ARM GAS  /tmp/ccVEe5Tb.s 			page 2


  30      98C1C234 
  30      83050005 
  31 0016 4D       		.ascii	"M"
  32              		.text
  33              		.section	.gnu.lto_chRFCUCollectFaultsI.c2cd3c1dced3da98,"e",%progbits
  34 0000 789C8D91 		.ascii	"x\234\215\221\317K\033A\024\307\337w\336\272nE\377\000"
  34      CF4B1B41 
  34      14C7DF77 
  34      DEBA6E45 
  34      FF00
  35 0012 11C143C1 		.ascii	"\021\301C\301\212\220\315\237 \010^=x/\264\301b\260"
  35      8A90CD9F 
  35      20085E3D 
  35      782FB4C1 
  35      62B0
  36 0024 B690D8B3 		.ascii	"\266\220\330\263\2235\020\243bA*Z$D\260\251\361d\204"
  36      933510A3 
  36      62412A5A 
  36      2444B0A9 
  36      F16484
  37 0037 82348DBA 		.ascii	"\2024\215\272\376\250\332\322C\361\320C\205\034<\224"
  37      FEA8DAD2 
  37      43F1D043 
  37      851C3C94 
  38 0047 2AA2D71C 		.ascii	"*\242\327\034\304\355\233\215\350I\350\262\263\314\367"
  38      C4ED9B8D 
  38      E849E8B2 
  38      B3CCF7
  39 0056 3BF3DEF7 		.ascii	";\363\336\367\2633\016\201\002\020\271D\324.\003LPZ"
  39      B3330E81 
  39      0210B944 
  39      D42E034C 
  39      505A
  40 0068 EB9EC694 		.ascii	"\353\236\306\224\243\200p\246\035\320\230\302\030\336"
  40      A38070A6 
  40      1DD098C2 
  40      18DE
  41 0076 F23C6337 		.ascii	"\362<c7\363\347\263\352Z\221\025\355\317\327Zu\321G"
  41      F3E7B3EA 
  41      5A9115ED 
  41      CFD75A75 
  41      D147
  42 0088 9E89DECB 		.ascii	"\236\211\336\313\250?(\243K\366U\275\\\255y\206\363"
  42      A83F28A3 
  42      4BF655BD 
  42      5CAD7986 
  42      F3
  43 0099 0C5822DF 		.ascii	"\014X\"\337}\377\364\255\311H\205\016\221\301\307R\326"
  43      7DFFF4AD 
  43      C948850E 
  43      91C1C752 
  43      D6
  44 00aa E16E90CC 		.ascii	"\341n\220\314\263\247\2253\325Y\320\332\323\376\365"
  44      B3A79533 
  44      D559D0DA 
  44      D3FEF5
  45 00b9 07D68FF3 		.ascii	"\007\326\217\363\314\330\004KKT\320\206/h#\022OZo\241"
ARM GAS  /tmp/ccVEe5Tb.s 			page 3


  45      CCD8044B 
  45      4B54D086 
  45      2F682312 
  45      4F5A6FA1 
  46 00cd 934CC9E9 		.ascii	"\223L\311\351\372\315\\\213m\335\246b\033\266\374\007"
  46      FACD5C8B 
  46      6DDDA662 
  46      1BB6FC07 
  47 00dd D1DA7183 		.ascii	"\321\332q\203\257o\202\214\366/\012X\354\263!e\2262"
  47      AF6F828C 
  47      F62F0A58 
  47      ECB32165 
  47      9632
  48 00ef 1F0BF5DA 		.ascii	"\037\013\365\332)&CnA\373D\323\254\352\"%\342\034^\345"
  48      2926436E 
  48      41FB44D3 
  48      ACEA2225 
  48      E21C5EE5 
  49 0103 2C786A7A 		.ascii	",xjz\345\030\22213~Uu\014qCH\231+\376\010\036\245\341"
  49      E5189231 
  49      337E5575 
  49      0C714348 
  49      992BFE08 
  50 011a A51C7196 		.ascii	"\245\034q\226M\256\230\277N\016~\242\200e9\002\033;"
  50      4DAE98BF 
  50      4E0E7EA2 
  50      80653902 
  50      1B3B
  51 012c 4803BE81 		.ascii	"H\003\276\201\225\225\362\354D\311\216F\362\334\210"
  51      9595F2EC 
  51      44C98E46 
  51      F2DC88
  52 013b 5DD9B110 		.ascii	"]\331\261\020\202\212\237\376\273\372\273\311\370\214"
  52      828A9FFE 
  52      BBFABBC9 
  52      F88C
  53 0149 3D4417D8 		.ascii	"=D\027\330`c\037Q\311\037\237\315\240\036\257\204 \307"
  53      60631F51 
  53      C91F9FCD 
  53      A01EAF84 
  53      20C7
  54 015b 9661AA4E 		.ascii	"\226a\252N\206\336\177\001|}\000\340\340\001\200\303"
  54      86DE7F01 
  54      7C7D00E0 
  54      E00180C3 
  55 016b 3B802344 		.ascii	";\200#D%\225.\341-mL\207\201\341UN1\356O\213\350I$\342"
  55      25952EE1 
  55      2D6D4C87 
  55      81E1554E 
  55      31EE4F8B 
  56 0183 CA3B3C98 		.ascii	"\312;<\230x5\370\322\355\035\212?\217\367\017\270\257"
  56      7835F8D2 
  56      ED1D8A3F 
  56      8FF70FB8 
  56      AF
  57 0194 936E62D4 		.ascii	"\223nb\324M&bnl(\361\"\366&\022#k\344Yr\370\037\256"
  57      4D26626E 
ARM GAS  /tmp/ccVEe5Tb.s 			page 4


  57      6C28F122 
  57      F6261223 
  57      6BE45972 
  58 01ab 45AB50   		.ascii	"E\253P"
  59              		.text
  60              		.section	.gnu.lto_chRFCUGetAndClearFaultsI.c2cd3c1dced3da98,"e",%progbits
  61 0000 789C8D90 		.ascii	"x\234\215\220Mk\023Q\024\206\317;g2N\203.\\jQ\\Xj\021"
  61      4D6B1351 
  61      1486CF3B 
  61      67324E83 
  61      2E5C6A51 
  62 0018 66E23F10 		.ascii	"f\342?\020\374\001.\\\271\324Pi\255UHt\335\233\017H"
  62      FC012E5C 
  62      B9D45069 
  62      AD554874 
  62      DD9B0F48 
  63 002c 6BB58552 		.ascii	"k\265\205Rm\024b\252\241\325.\324\012\021\261\306\032"
  63      6D1462AA 
  63      A1D52ED4 
  63      0A11B1C6 
  63      1A
  64 003d 3F1ADBA2 		.ascii	"?\032\333\242PD\272P\210\220\225\025?\226v\225x\316"
  64      5044BA50 
  64      88909515 
  64      3F967695 
  64      78CE
  65 004f 4C50B41B 		.ascii	"LP\264\033/3\227{\316}\337s\236{\\\002\215[D\207\210"
  65      2F33977B 
  65      CE7DDF73 
  65      9E7B5C02 
  65      8D5B4487 
  66 0064 688FFC60 		.ascii	"h\217\374`\202e\2149\274-\345Z@p2.h\310\302\020\306"
  66      82658C39 
  66      BC2DE55A 
  66      4070322E 
  66      68C8C210 
  67 0079 798A514F 		.ascii	"y\212QO\0276\267\217qQ\204\266\204\223\253\345\225\250"
  67      1736B78F 
  67      715184B6 
  67      8493ABE5 
  67      95A8
  68 008b 86C03E09 		.ascii	"\206\300>\011\263\3537\036\333=\267\215I\233\352\324"
  68      B3EB371E 
  68      DB3DB78D 
  68      499BEAD4 
  69 009b A25328AF 		.ascii	"\242S(\257\231\216\"[tM\344O\320\211\005t\222.T\320"
  69      998E225B 
  69      744DE44F 
  69      D0890574 
  69      922E54D0 
  70 00af 23F2D6EC 		.ascii	"#\362\326\354\374\210\313\007Ar\036iT6\254\356\231\300"
  70      FC88CB07 
  70      41721E69 
  70      5436ACEE 
  70      99C0
  71 00c1 FA7E96CD 		.ascii	"\372~\226\315~\361\341)\370/\253\326\",\242\233\324"
  71      7EF1E129 
ARM GAS  /tmp/ccVEe5Tb.s 			page 5


  71      F82FABD6 
  71      222CA29B 
  71      D4
  72 00d2 B2D47C34 		.ascii	"\262\324|4ls,\260\277\375\332H9]\245\300^\273\276\367"
  72      6C732CB0 
  72      BFFDDA48 
  72      395DA5C0 
  72      5EBBBEF7 
  73 00e6 66C62C1B 		.ascii	"f\306,\033[K<\373\247\204.\3217\0364\257\354plT\321"
  73      5B4B3CFB 
  73      A7842ED1 
  73      371E34AF 
  73      EC706C54 
  74 00fb A574CAF4 		.ascii	"\245t\312\364\034\216\214\203\240\271\373\357\"U\323"
  74      1C8E8C83 
  74      A0B9FBEF 
  74      2255D3
  75 010a 6CE54CB5 		.ascii	"l\345L\265\271k\263\374i\247\314\240\310\322\\6\326"
  75      B96BB3FC 
  75      69A7CCA0 
  75      C8D25C36 
  75      D6
  76 011b 2D02A510 		.ascii	"-\002\245\020\275\372i\224IFel\230*\321%\266\302 %\301"
  76      BDFA6994 
  76      4946656C 
  76      982AD125 
  76      B6C22025 
  77 0130 17A42B1B 		.ascii	"\027\244+\033w3Q-^`H\343\261\314\217\272\253\023\263"
  77      7733512D 
  77      5E6048E3 
  77      B1CC8FBA 
  77      AB13B3
  78 0143 03EEC29D 		.ascii	"\003\356\302\2357\255\216,\322)W2%\016\341\326?\326"
  78      37AD8E2C 
  78      D2295732 
  78      250EE1D6 
  78      3FD6
  79 0155 D6308312 		.ascii	"\3260\203\022\212\322\350%\262\300\013E\227\233\205"
  79      8AD2E825 
  79      B2C00B45 
  79      979B85
  80 0164 89E17927 		.ascii	"\211\341y'vO\033L\237.\262\203W\242\313s\373Q\331\317"
  80      764F1B4C 
  80      9F2EB283 
  80      57A2CB73 
  80      FB51D9CF 
  81 0178 731FA2ED 		.ascii	"s\037\242\355\333[\320\327/!\226g\350\353j\210\011M"
  81      DB5BD0D7 
  81      2F219667 
  81      E8EB6A88 
  81      094D
  82 018a E66AEE78 		.ascii	"\346j\356x\310\2428\005\216(a>\367\355a\031a\332\222"
  82      C8A23805 
  82      8E28613E 
  82      F7ED6119 
  82      61DA92
  83 019d 9B503717 		.ascii	"\233P7\027\0113\034\010-\025\326/\006\252\377\302~\275"
ARM GAS  /tmp/ccVEe5Tb.s 			page 6


  83      09331C08 
  83      2D15D62F 
  83      06AAFFC2 
  83      7EBD
  84 01af 15DB53E0 		.ascii	"\025\333S\340\345\255\300\236\222\256\374&]EL\272\322"
  84      E5ADC09E 
  84      92AEFC26 
  84      5D454CBA 
  84      D2
  85 01c0 77A4A77F 		.ascii	"w\244\247\177^\336\335\246U\303(\343\317\230\211\016"
  85      5EDEDDA6 
  85      55C328E3 
  85      CF98890E 
  86 01d0 789E2FDF 		.ascii	"x\236/\337@o\342l\357\031\377H_\377\311\376\243\307"
  86      406FE26C 
  86      EF19FF48 
  86      5FFFC9FE 
  86      A3C7
  87 01e2 FC73493F 		.ascii	"\374sI?q\336O&\342~\274/q*~\301\213\223=x\"9\200\301"
  87      71DE4F26 
  87      E27EBC2F 
  87      712A7EC1 
  87      8B933D78 
  88 01fa 5F13CBDA 		.ascii	"_\023\313\332x"
  88      78
  89              		.text
  90              		.section	.gnu.lto_.symbol_nodes.c2cd3c1dced3da98,"e",%progbits
  91 0000 789CE360 		.ascii	"x\234\343``dp`\000\002\2465\214\365\014\015@\300\302"
  91      60647060 
  91      0002A635 
  91      8CF50C0D 
  91      40C0C2
  92 0013 38E11C03 		.ascii	"8\341\034\003C=\003\303\256\006G\240$\020\260\256cd"
  92      433D03C3 
  92      AE0647A0 
  92      2410B0AE 
  92      6364
  93 0025 50002959 		.ascii	"P\000)Y\313X\317\210]\011\003\000\377\264\0168"
  93      CB58CF88 
  93      5D090300 
  93      FFB40E38 
  94              		.text
  95              		.section	.gnu.lto_.refs.c2cd3c1dced3da98,"e",%progbits
  96 0000 789CE360 		.ascii	"x\234\343``d\020d```b``\004\002f&&0\315\312\000\000"
  96      60641064 
  96      60606062 
  96      60600402 
  96      66262630 
  97 0018 030D0031 		.ascii	"\003\015\0001"
  98              		.text
  99              		.section	.gnu.lto_.decls.c2cd3c1dced3da98,"e",%progbits
 100 0000 789CAD59 		.ascii	"x\234\255YyP\024Y\232\317\227\257\212:(`\006\350iw\234"
 100      79501459 
 100      9ACF97AF 
 100      8A3A2860 
 100      06E86977 
 101 0015 D870269C 		.ascii	"\330p&\234h#vl\234\350\215\336\351\215\331\215\235p"
ARM GAS  /tmp/ccVEe5Tb.s 			page 7


 101      6823766C 
 101      9CE88DDE 
 101      E98DD98D 
 101      9D70
 102 0027 77663626 		.ascii	"wf6&z'b6f7z\376a\312\242\204\032\271\266*\361\210\375"
 102      7A276236 
 102      66377AFE 
 102      61CAA284 
 102      1AB9B62A 
 103 003e A393C303 		.ascii	"\243\223\303\003A@\020\004\201\346\020Q\344T\021\024"
 103      41401004 
 103      81E61051 
 103      E4541114 
 104 004e 440A2F2E 		.ascii	"D\012/.9\344TP\004\004mn\005AD\204\375^\276L\250\"\253"
 104      39E45450 
 104      04046D6E 
 104      05414484 
 104      FD5EBE4C 
 105 0065 68276253 		.ascii	"h'bS_\275\374^\376\276\363}\357\275/\0235\203\230\177"
 105      5FBDFC5E 
 105      FEBEF37D 
 105      EFBD2F13 
 105      3583987F 
 106 0079 F931C328 		.ascii	"\3711\303(\225\014\323\3160\314*\\\030\372\007\320\020"
 106      950CD3CE 
 106      30CC2A5C 
 106      18FA07D0 
 106      10
 107 008a B43A865E 		.ascii	"\264:\206^,\264Fh-\342\270\0251vW\022\320j\350\003\240"
 107      2CB44668 
 107      2DE2B815 
 107      31765712 
 107      D06AE803 
 108 009f 7942F316 		.ascii	"yB\363\026y?!=<\253\205\366\277\210\312\251\206\376"
 108      793F213D 
 108      3CAB85F6 
 108      BF88CAA9 
 108      86FE
 109 00b1 20A2721A 		.ascii	" \242r\032\235\310K\007Z\365W\312rf\333i\214n\034y\177"
 109      9DC84B07 
 109      5AF557CA 
 109      7266DB69 
 109      8C6E1C79 
 110 00c6 531587D1 		.ascii	"S\025\207\321'ZD<\364\200\241\372\231\251.D\207\010"
 110      275A443C 
 110      F480A1FA 
 110      99A92E44 
 110      8708
 111 00d8 227D25E3 		.ascii	"\"}%\343<\302\254p?\320\035\371\014\373\024\363\364"
 111      3CC2AC70 
 111      3FD01DF9 
 111      0CFB14F3 
 111      F4
 112 00e9 52FF8941 		.ascii	"R\377\211A7\020^\027\366(\251\361\201+\376\214B#2\027"
 112      37105E17 
 112      F628A9F1 
 112      812BFE8C 
ARM GAS  /tmp/ccVEe5Tb.s 			page 8


 112      42233217 
 113 00fd 7520C553 		.ascii	"u \305S\213\024@\236j*o\324\002\351\255E\333\210\332"
 113      8B14409E 
 113      6A2A6FD4 
 113      02E9AD45 
 113      DB88DA
 114 0110 89E469A5 		.ascii	"\211\344i\245\366\030\317G\360\331\221\274\346\267\014"
 114      F618CF47 
 114      F0D991BC 
 114      E6B70C
 115 011f B2A2ADA8 		.ascii	"\262\242\255\250\026me\320M$\250\256A>\250\032\306\252"
 115      166D65D0 
 115      4D24A8AE 
 115      413EA81A 
 115      C6AA
 116 0131 C8581DD2 		.ascii	"\310X\035\322\002\323\341\374\254z4\204\236\"\342\037"
 116      02D3E1FC 
 116      AC7A3484 
 116      9E22E21F 
 117 0141 425F2386 		.ascii	"B_#\206\374#?\202_B\217\310=i\253\322\205\310%\342\030"
 117      FC233F82 
 117      5F428FC8 
 117      3D69ABD2 
 117      85C825E2 
 118 0156 3120D218 		.ascii	"1 \322\030\355\326\357I\317\212RX\321/Dy\250t\201\264"
 118      EDD6EF49 
 118      CF8A5258 
 118      D12F4479 
 118      A87481B4 
 119 016a 114D9F23 		.ascii	"\021M\237#\361\271x1\222\022f\335,*\203\014\261\242"
 119      F1B97831 
 119      921266DD 
 119      2C2A830C 
 119      B1A2
 120 017c 4E5B0E24 		.ascii	"N[\016$\263x] \263&T\272\320Z\300k\257d\266\253\207"
 120      B3785D20 
 120      B32654BA 
 120      D05AC06B 
 120      AF64B6AB 
 121 0191 D16038CC 		.ascii	"\321`8\314F\366\245\227:\206\371(a\033}t-.\346\202\022"
 121      46F6A597 
 121      3A86F928 
 121      611B7D74 
 121      2D2EE682 
 122 01a6 FFB73017 		.ascii	"\377\2670\027\313\217\371\347:\0058D\002\211\302\024"
 122      CB8FF9E7 
 122      3A053844 
 122      0289C214 
 123 01b6 64ECC8DD 		.ascii	"d\354\310\335\204j7:?,\2209\335\355\021\210\316\317"
 123      846A373A 
 123      3F2C9039 
 123      DDED1188 
 123      CECF
 124 01c8 F748A897 		.ascii	"\367H\250\227\033\307\334?N&\263\234\020\311\177\217"
 124      1BC7DC3F 
 124      4E26B39C 
 124      10C97F8F 
ARM GAS  /tmp/ccVEe5Tb.s 			page 9


 125 01d8 45013F40 		.ascii	"E\001?@\3650\033\367`6\030\324\200>f\320]\244\020g\375"
 125      F5301BF7 
 125      603618D4 
 125      803E66D0 
 125      5DA41067 
 126 01ed 70D923DD 		.ascii	"p\331#\335O\262\371\301A\336\372\"s\327\213r\236?\014"
 126      4FB2F9C1 
 126      41DEFA22 
 126      73D78B72 
 126      9E3F0C
 127 0200 7C0A0243 		.ascii	"|\012\002Cw`6a*\005\263\341\236A\267\3210B\267`\032"
 127      77603661 
 127      2A05B3E1 
 127      9E41B7D1 
 127      3042B760 
 128 0215 61A011FD 		.ascii	"a\240\021\375\004\370\337D_\351\3028\03195\265\267*"
 128      04F8DF44 
 128      5FE9C238 
 128      193935B5 
 128      B72A
 129 0227 334D676B 		.ascii	"3Mgk\014y\264n\315}bM\263d\315lzQ\244Z\264f%\355\207"
 129      0C79B46E 
 129      CD7D624D 
 129      B364CD6C 
 129      7A51A45A 
 130 0240 3991FC05 		.ascii	"9\221\374\005\340\333FP\250\311\306\230\246\215\306"
 130      E0DB4650 
 130      A8C9C698 
 130      A68DC6
 131 024f B408C60C 		.ascii	"\264\010\306\014\363qV\035.\241\306\0144\325>S\320\030"
 131      F371561D 
 131      2EA1C60C 
 131      34D53E53 
 131      D018
 132 0261 1D43403F 		.ascii	"\035C@?H\271u\327\215\006\311\252\006:\366D\362\033"
 132      48B975D7 
 132      8D06C9AA 
 132      063AF644 
 132      F21B
 133 0273 0FFA7C91 		.ascii	"\017\372|\221\340\013\346\343\322\265\224\326\001Y\325"
 133      E00BE6E3 
 133      D2B594D6 
 133      0159D5
 134 0282 DD9CEB4E 		.ascii	"\335\234\353N\341\203\344\361\355\312\3761\226>\336"
 134      E183E4F1 
 134      EDCAFE31 
 134      963EDE
 135 0291 0564737A 		.ascii	"\005dsz{\270\210n \217\363\033J\273t\242t\262dR\236"
 135      7BB8886E 
 135      208FF31B 
 135      4ABB74A2 
 135      74B26452 
 136 02a6 B7CC6AF0 		.ascii	"\267\314j\360ejJ\362\305\272eq9Y\011\375\370\312\211"
 136      656A4AF2 
 136      C5BA6571 
 136      395909FD 
 136      F8CA89
ARM GAS  /tmp/ccVEe5Tb.s 			page 10


 137 02b9 DB6A5C23 		.ascii	"\333j\\#\006\355\\\333C5\276K\211\221\271\242\327\036"
 137      06ED5CDB 
 137      4335BE4B 
 137      8991B9A2 
 137      D71E
 138 02cb 5E27C535 		.ascii	"^'\3055\312\213k\243\017\\\357G^\222\373\200+j*9\245"
 138      CA8B6BA3 
 138      0F5CEF47 
 138      5E92FB80 
 138      2B6A2A39 
 139 02e0 D51D5F5B 		.ascii	"\325\035_[\202\302ci\0252\3501\322Q\334\203\244\276"
 139      82C26369 
 139      1532E831 
 139      D251DC83 
 139      A4BE
 140 02f2 A71AAAF9 		.ascii	"\247\032\252\371\027@F\216d\016\271\343V\252\353^|T"
 140      1740468E 
 140      640EB9E3 
 140      56AAEB5E 
 140      7C54
 141 0304 AC16F752 		.ascii	"\254\026\367R\342\321\\\3765W\307k\372\251|M\223X\257"
 141      E2D15CFE 
 141      3557C76B 
 141      FAA97C4D 
 141      9358AF
 142 0317 AEFC053F 		.ascii	"\256\374\005?\243\314\257\246.\265x\340\011J$<~{\303"
 142      A3CCAFA6 
 142      2EB578E0 
 142      094A243C 
 142      7E7BC3
 143 032a 15CF51E2 		.ascii	"\025\317Q\342N\336\3428\226\3713\014\022G\354\374\251"
 143      4EDEE238 
 143      96F9330C 
 143      1247ECFC 
 143      A9
 144 033b 191F3AA1 		.ascii	"\031\037:\241\302\213\224\251\240\354u\222J\3064*c*"
 144      C28B94A9 
 144      A0EC7592 
 144      4AC6342A 
 144      632A
 145 034d CCAF1E45 		.ascii	"\314\257\036E\266Axn\027\204\027b\020\330\304\247\307"
 145      B641786E 
 145      17841762 
 145      10D8C4A7 
 145      C7
 146 035e 0B94C86B 		.ascii	"\013\224\310k\273 \021\220<\244\333\272{\304\230o\251"
 146      BB201190 
 146      3CA4DBBA 
 146      7BC4986F 
 146      A9
 147 036f 5C3486B6 		.ascii	"\\4\206\266\023\331\271D\244\265\267a\373\371\372#|"
 147      13D9B944 
 147      A4B5B761 
 147      FBF9FA23 
 147      7C
 148 0380 421D22A2 		.ascii	"B\035\"\242\3203\021\267\256\300\207\374\374|+\265\345"
 148      D03311B7 
ARM GAS  /tmp/ccVEe5Tb.s 			page 11


 148      AEC087FC 
 148      FC7C2BB5 
 148      E5
 149 0391 F5C94137 		.ascii	"\365\311A7/\307\032F\345\032\200\343\302\370\323e\214"
 149      2FC71A46 
 149      E51A80E3 
 149      C2F8D365 
 149      8C
 150 03a2 CBE8DE3C 		.ascii	"\313\350\336<\364\270\276\314\035_\246D\365\233\364"
 150      F4B8BECC 
 150      1D5FA644 
 150      F59BF4
 151 03b1 6A0F7C9D 		.ascii	"j\017|\235\022-\317Vg\265\330J\211\230\344\251|w\\O"
 151      122DCF56 
 151      67B5D84A 
 151      8998E4A9 
 151      7C775C4F 
 152 03c5 893BA39D 		.ascii	"\211;\243\235\011JY\230f@\331K\2730\325gw\244\351l\303"
 152      094A5998 
 152      6640D94B 
 152      BB30D567 
 152      77A4E96C 
 153 03da F4D2CE8B 		.ascii	"\364\322\316\213WR\256\334k\313\236S\343.*|\342ya\017"
 153      5752AEDC 
 153      6BCB9E53 
 153      E32E2A7C 
 153      E279610F 
 154 03ee 8BFB2811 		.ascii	"\213\373(\021u4\255\221\225i\232\003M\257\3554]Y-8\202"
 154      7534AD91 
 154      95699A03 
 154      4DAFED34 
 154      5D592D38 
 155 0403 F188C834 		.ascii	"\361\210\3104\237\265 7o^\306\224R\330\222\251\2665"
 155      9FB52037 
 155      6F5EC694 
 155      52D892A9 
 155      B635
 156 0415 6FC1CEBC 		.ascii	"o\301\316\2747\222y\327O&N\251\361\024\025>\322V^\347"
 156      379279D7 
 156      4F264EA9 
 156      F114153E 
 156      D2565EE7 
 157 0429 E28C092D 		.ascii	"\342\214\011-\202\2225\276\351\330\354V\205-\364-L\346"
 157      829235BE 
 157      E9D8EC56 
 157      852DF42D 
 157      4CE6
 158 043b BAFC2509 		.ascii	"\272\374%\0117\220\032S\355\212y,\310\277\031?{M\203"
 158      37901A53 
 158      ED8A792C 
 158      C8BF193F 
 158      7B4D83
 159 044e 8F5262BE 		.ascii	"\217Rb\276.\243\235\354$.\364\230U\301P\317\351\372"
 159      2EA39DEC 
 159      242EF498 
 159      55C150CF 
 159      E9FA
ARM GAS  /tmp/ccVEe5Tb.s 			page 12


 160 0460 7FA023C4 		.ascii	"\177\240#\304\267\203d\237\213\355\354w\301\011\224"
 160      B783649F 
 160      8BEDEC77 
 160      C10994
 161 046f 63296DF9 		.ascii	"c)m\371\222\260\232x\331jZE\002\033\311\205\025\030"
 161      92B09A78 
 161      D96A5A45 
 161      021BC985 
 161      1518
 162 0481 7B4F57D3 		.ascii	"{OW\323\321\305\3412\017\234\"p\253'\262Js1\332N/\357"
 162      D1C5E132 
 162      0F9C2270 
 162      AB27B24A 
 162      7331DA4E 
 163 0497 5C22C53A 		.ascii	"\\\"\305:3\261\2431q\214\347\023\267 \236\325\242e\220"
 163      33B1A331 
 163      718CE713 
 163      B7209ED5 
 163      A26590
 164 04aa 12CD7A3B 		.ascii	"\022\315z;JF\212\357\373\355\031\336\032\345\"\200\303"
 164      4A468AEF 
 164      FBED19DE 
 164      1AE52280 
 164      C3
 165 04bb D9CDC090 		.ascii	"\331\315\300\220\351\255M\336y\221|\303\237\221\277"
 165      E9AD4DDE 
 165      79917CC3 
 165      9F91BF
 166 04ca 0EBDDB54 		.ascii	"\016\275\333T2\200WZ=)x\0206\362\311\357B/\334\027E"
 166      3280575A 
 166      3D297810 
 166      36F2C9EF 
 166      422FDC17 
 167 04df 439AA1E9 		.ascii	"C\232\241\351\357B\337\372\035\265\032&\005\315~\027"
 167      EF42DFFA 
 167      1DB51A26 
 167      05CD7E17 
 168 04ef 78E94B0A 		.ascii	"x\351K\012\206\315\016M9\007':Z\223\214\200&\223\020"
 168      86CD0E4D 
 168      3907273A 
 168      5A938C80 
 168      269310
 169 0502 C96E4711 		.ascii	"\311nG\021\320\242\240\035\205v\004\3321h\207Yi\241"
 169      D0A2A01D 
 169      857604DA 
 169      31688759 
 169      69A1
 170 0514 CEDCB91F 		.ascii	"\316\334\271\037\357\206[\350\314\216\346N~D\367\323"
 170      EF865BE8 
 170      CC8EE64E 
 170      7E44F7D3 
 171 0524 1D403D5C 		.ascii	"\035@=\\:\031\243\305\335\364\321\213\213\325\245.x"
 171      3A19A3C5 
 171      DDF4D18B 
 171      8BD5A52E 
 171      78
 172 0535 8012D271 		.ascii	"\200\022\322q\341M\217\013\251\202\362\244\025\324x"
ARM GAS  /tmp/ccVEe5Tb.s 			page 13


 172      E14D8F0B 
 172      A982F2A4 
 172      15D478
 173 0544 A4754881 		.ascii	"\244uH\201G)\324:x\342-\206g?\202\364B6%\334\217h\011"
 173      4729D43A 
 173      78E22D86 
 173      673F82F4 
 173      423625DC 
 174 055b 1791D459 		.ascii	"\027\221\324Y\244\301\343\024;\034\225\365%\335\245"
 174      A4C1E314 
 174      3B1C95F5 
 174      25DDA5
 175 056a F9B33CDE 		.ascii	"\371\263<\336\302\240\317\266\242]\220UI\254\200'\016"
 175      C2A0CFB6 
 175      A25D9055 
 175      49AC8027 
 175      0E
 176 057b 25B25BD1 		.ascii	"%\262[\321Iv\253\215\261\336\324\330\3443\317\267\340"
 176      4976AB8D 
 176      B1DED4D8 
 176      E433CFB7 
 176      E0
 177 058c 592A2726 		.ascii	"Y*'&v\245\024\343E,\356\3759\217u\216\244\236v(\365"
 177      76A514E3 
 177      452CEEFD 
 177      398F758E 
 177      A49E7628 
 178 05a1 49E6CC9C 		.ascii	"I\346\314\234\002C\211@\210\274\333\245\017T\370\010"
 178      02438940 
 178      88BCDBA5 
 178      0F54F808 
 179 05b1 251A2B8A 		.ascii	"%\032+\212\317h\034\011:\343P\320\322\251\324\317p<"
 179      CF681C09 
 179      3AE350D0 
 179      D2A9D4CF 
 179      703C
 180 05c3 652D9A99 		.ascii	"e-\232\231\257&\245\354\016-\372\332&\006;h\014\006"
 180      AF26A5EC 
 180      0E2DFADA 
 180      26063B68 
 180      0C06
 181 05d5 4AFBEF28 		.ascii	"J\373\357(p\012\205\326\256\246\324\212\007\273\332"
 181      700A85D6 
 181      AEA6D48A 
 181      07BBDA
 182 05e4 E670F516 		.ascii	"\346p\365\026\017\327\326\251\303\211\342IV\026\311"
 182      0FD7D6A9 
 182      C389E249 
 182      5616C9
 183 05f3 7F3FFCE7 		.ascii	"\177?\374\347\014\312\001\235\331\240\023e\261\202H"
 183      0CCA019D 
 183      D9A01365 
 183      B18248
 184 0602 62C73730 		.ascii	"b\30770\226I\355\350{\336s\321\325v\207\310\205E\263"
 184      9649EDE8 
 184      7BDE73D1 
 184      D57687C8 
ARM GAS  /tmp/ccVEe5Tb.s 			page 14


 184      8545B3
 185 0615 9E296759 		.ascii	"\236)gYq\207(\256\210MWQ\305[\310\304\014W\364 \234"
 185      718728AE 
 185      884D5751 
 185      C55BC8C4 
 185      0C57F420 
 186 062a 438DEA5E 		.ascii	"C\215\352^\254Y\322\341|\201\300\341\307\227\036a\244"
 186      AC59D2E1 
 186      7C81C0E1 
 186      C7971E61 
 186      A4
 187 063b DD8A4006 		.ascii	"\335\212@\006r\020\216|0\343<\253e\320\0050\242\000"
 187      72108E7C 
 187      30E33CAB 
 187      65D00530 
 187      A200
 188 064d 8C48E3D5 		.ascii	"\214H\343\325\302@\032\017\350\227_\013\367 \364\330"
 188      C2401A0F 
 188      E8975F0B 
 188      F720F4D8 
 189 065d C87C8DAB 		.ascii	"\310|\215\253\024\317\250\315\004\000xp\372V\002\266"
 189      14CFA8CD 
 189      04007870 
 189      FA5602B6 
 190 066d F5E2A29D 		.ascii	"\365\342\242\235\027\205\222\027\205o\242\256z\340B"
 190      17859217 
 190      856FA2AE 
 190      7AE042
 191 067c 6AF6D9DC 		.ascii	"j\366\331\334\305\010\005\276$\316AEl\236B\266c\027"
 191      C50805BE 
 191      24CE4145 
 191      6C9E42B6 
 191      6317
 192 068e 83AE12D6 		.ascii	"\203\256\022\326v\307\236|6?\253\306V\312\224}\273\272"
 192      76C79E7C 
 192      363FABC6 
 192      56CA947D 
 192      BBBA
 193 06a0 557EC297 		.ascii	"U~\302\227\312\230\232\216V\276R\331\232W\306\332n\363"
 193      CA989A8E 
 193      56BE52D9 
 193      9A57C6DA 
 193      6EF3
 194 06b2 9724F3A4 		.ascii	"\227$\363\244Z\326\223\326\262\367Wz3\020n\245\272\332"
 194      5AD693D6 
 194      B2F7577A 
 194      33106EA5 
 194      BADA
 195 06c4 9A878DB8 		.ascii	"\232\207\215\270\233\336\017\277.>/?\223\312A\357U;"
 195      9BDE0FBF 
 195      2E3E2F3F 
 195      93CA41EF 
 195      553B
 196 06d6 BDB36DA7 		.ascii	"\275\263m\247\367\342\001\312\223\324\024=\241\225\361"
 196      F7E201CA 
 196      93D4143D 
 196      A195F1
ARM GAS  /tmp/ccVEe5Tb.s 			page 15


 197 06e5 54C8783A 		.ascii	"T\310x:R\033>\2665\265\322\316\324k\222\251\331\267"
 197      521B3EB6 
 197      35B5D2CE 
 197      D46B92A9 
 197      D9B7
 198 06f7 8676E231 		.ascii	"\206v\3421:\345\221\357\236\377\027\224\030\264\306"
 198      3AE591EF 
 198      9EFF1794 
 198      18B4C6
 199 0706 48E0E96E 		.ascii	"H\340\351n\263\226w\304\254*\252\002\335\200\315\245"
 199      B39677C4 
 199      AC2AAA02 
 199      DD80CDA5 
 200 0716 9AB5AB33 		.ascii	"\232\265\2533~\231\372\372[ak\007\321\350\272\210\335"
 200      7E99FAFA 
 200      5B616B07 
 200      D1E8BA88 
 200      DD
 201 0727 B09559D1 		.ascii	"\260\225Y\321\332\3067\273\205n|\004M\252\022\007h\261"
 201      DAC637BB 
 201      856E7C04 
 201      4DAA1207 
 201      68B1
 202 0739 2A494E4A 		.ascii	"*INJ\035\025'GfS\205c\233\200k1\2651\317\015O\323\230"
 202      1D152747 
 202      66538563 
 202      9B806B31 
 202      B531CF0D 
 203 0750 2516B5F7 		.ascii	"%\026\265\367\272\340YJ\024\256\316\305\353\360<%\242"
 203      BAE0594A 
 203      14AECEC5 
 203      EBF03C25 
 203      A2
 204 0761 67267E28 		.ascii	"g&~(\013\246\025\244\326\331\005\363\302\370\235\010"
 204      0BA615A4 
 204      D6D905F3 
 204      C2F89D08 
 205 0771 8D6D34EB 		.ascii	"\215m4\353\354\314\275%Es\340F\356\0337\034\256$\262"
 205      ECCCBD25 
 205      4573E046 
 205      EE1B371C 
 205      AE24B2
 206 0784 D91BED63 		.ascii	"\331\033\355c\323\254\323\222\3556(\271#\232~\3276\224"
 206      D3ACD392 
 206      ED3628B9 
 206      239A7ED7 
 206      3694
 207 0796 730578A0 		.ascii	"s\005x\240\221\226l \027\325\2128\307\301\271=\327\334"
 207      91966C20 
 207      17D58A38 
 207      C7C1B93D 
 207      D7DC
 208 07a8 ABC27795 		.ascii	"\253\302w\225tC\354\231\356\322\341FJ\334Y\276tN\215"
 208      7443EC99 
 208      EED2E146 
 208      4ADC59BE 
 208      744E8D
ARM GAS  /tmp/ccVEe5Tb.s 			page 16


 209 07bb DB29915E 		.ascii	"\333)\221^3\311\313\253\321\006\020\335h\347\347\221"
 209      33C9CBAB 
 209      D10610DD 
 209      68E7E791 
 210 07cb FCF3D11A 		.ascii	"\374\363\321\032<"
 210      3C
 211 07d0 4C999E5F 		.ascii	"L\231\236_\2747\211dLM2\246\321\366\367\315v[O\263\235"
 211      BC378964 
 211      4C4D32A6 
 211      D1F6F7CD 
 211      765B4FB3 
 212 07e5 B9F7D716 		.ascii	"\271\367\327\026m\304\213)\214\027\250p\376\324\273"
 212      6DC48B29 
 212      8C17A870 
 212      FED4BB
 213 07f4 2C37FC8E 		.ascii	",7\374\216\022\025o\206\3724\216\013\367V\326A\341\256"
 213      12156F86 
 213      FA348E0B 
 213      F756D641 
 213      E1AE
 214 0806 A8B8D0BF 		.ascii	"\250\270\320\277\340NR\325>W;\001\321A\270\210g\355"
 214      E04E52D5 
 214      3E573B01 
 214      D141B888 
 214      67ED
 215 0818 62703B21 		.ascii	"bp;!/\036@\353\260\015rg\303/\317\300kb\264\216\230"
 215      2F1E40EB 
 215      B00D7267 
 215      C32FCFC0 
 215      6B62B48E 
 216 082d 27A46BFB 		.ascii	"'\244k\373\246\351z/\335\363\254P\002\264\301\206\324"
 216      A6E97A2F 
 216      DDF3AC50 
 216      02B4C186 
 216      D4
 217 083e 22839364 		.ascii	"\"\203\223d\264\253\030\316xS\370}1\275\035H\027g\360"
 217      B4AB18CE 
 217      7853F87D 
 217      31BD1D48 
 217      1767F0
 218 0851 FD6AD182 		.ascii	"\375j\321\202\233\227c7\232\234\273A\216\236\244\353"
 218      9B976337 
 218      9A9CBB41 
 218      8E9EA4EB 
 219 0861 575D71A4 		.ascii	"W]q\244\213\020\302\363\335\341#,\216\026\010\305@a"
 219      8B10C2F3 
 219      DDE1232C 
 219      8E1608C5 
 219      4061
 220 0873 C79406D9 		.ascii	"\307\224\006\331\026^\273\212\304\302k\034jL(\212Q\337"
 220      165EBB8A 
 220      C4C26B1C 
 220      6A4C288A 
 220      51DF
 221 0885 6685D7AD 		.ascii	"f\205\327\255\235\341\302\342\254\001\335\335\"XZs2"
 221      9DE1C2E2 
 221      AC01DDDD 
ARM GAS  /tmp/ccVEe5Tb.s 			page 17


 221      22585A73 
 221      32
 222 0896 F0B008EE 		.ascii	"\360\260\010\356\002p\275\010\226<\330X\302l\364\220"
 222      0270BD08 
 222      963CD858 
 222      C26CF490 
 223 08a6 11D0C4BD 		.ascii	"\021\320\304\275^p\355!\264Gk\356u\265\017\234\3038"
 223      5E70ED21 
 223      B4476BEE 
 223      75B50F9C 
 223      C338
 224 08b8 4EF0C833 		.ascii	"N\360\3103g~\266Z-\225\223\302\345%\374R\023f\177O7"
 224      677EB65A 
 224      2D9593C2 
 224      E525FC52 
 224      13667F4F 
 225 08cd 13E2DC10 		.ascii	"\023\342\334\020yQ\261\213\366\023d?9\035\377\230\312"
 225      7951B18B 
 225      F613643F 
 225      391DFF98 
 225      CA
 226 08de 5BC35D50 		.ascii	"[\303]P*Le\012K\321\364LbP\274\340a2\273\276O}A\301"
 226      2A4C650A 
 226      4BD1F44C 
 226      6250BCE0 
 226      6132BBBE 
 227 08f6 E9004E73 		.ascii	"\351\000Ns\010\266\311\222\201R\261P\204\223\000\025"
 227      08B6C992 
 227      8152B150 
 227      84930015 
 228 0906 B11B0DC9 		.ascii	"\261\033\015\311c\355#\327\332&V\241\244\216\233\220"
 228      63ED23D7 
 228      DA2656A1 
 228      A48E9B90 
 229 0916 D9DD8536 		.ascii	"\331\335\2056\210\357\370\212\272I\212\326\001'n\332"
 229      88EFF88A 
 229      BA498AD6 
 229      01276EDA 
 230 0926 C0C7FF44 		.ascii	"\300\307\377D\341$e\373e\306<\264\203\2035\323\305Z"
 230      E12465FB 
 230      65C63CB4 
 230      838335D3 
 230      C55A
 231 0938 3A91644A 		.ascii	":\221dJ\356\211x\007\023)\226\333}\242\253\244r}$3\346"
 231      EE897807 
 231      132996DB 
 231      7DA2ABA4 
 231      727D2433 
 232 094d 21B27775 		.ascii	"!\262wu\241\304\363\024O\340$\245\256\210\302\327S\352"
 232      A1C4F314 
 232      4FE024A5 
 232      AE88C2D7 
 232      53EA
 233 095f F286F573 		.ascii	"\362\206\365s\357\232(\035N|t\316I m\\\275\365O\324"
 233      EF9A281D 
 233      4E7C74CE 
 233      49206D5C 
ARM GAS  /tmp/ccVEe5Tb.s 			page 18


 233      BDF54FD4 
 234 0973 55786142 		.ascii	"UxaB\307e\360\2565c\354\226Y\017\000\272\3112\233\023"
 234      C765F0AE 
 234      3563EC96 
 234      590F00BA 
 234      C9329B13 
 235 0987 CD2779F8 		.ascii	"\315'y\370\014rp\022\332(\264\247\320\236C\233\2006"
 235      0C727012 
 235      DA28B4A7 
 235      D09E439B 
 235      8036
 236 0999 00ED09B4 		.ascii	"\000\355\011\2641h\343\320\246\240\275\2006\010\355"
 236      3168E3D0 
 236      A6A0BD80 
 236      3608ED
 237 09a8 31B42168 		.ascii	"1\264!h#\320\206mw\231\225*\317\250H>\365\317\350\024"
 237      23D0866D 
 237      7799952A 
 237      CFA8483E 
 237      F5CFE814 
 238 09bc 4C4182C3 		.ascii	"LA\202\303\354\211[O\265\205j\321i\342\305\011\231\027"
 238      EC895B4F 
 238      B5856AD1 
 238      69E2C509 
 238      9917
 239 09ce 311B62D4 		.ascii	"1\033b\324\364\005\365\031J;\224!C\307o\314\265\022"
 239      F405F519 
 239      4A3B9421 
 239      43C76FCC 
 239      B512
 240 09e0 31D7C859 		.ascii	"1\327\310YrS\006\317\226\245\362\015\033cb\235\030#"
 240      725306CF 
 240      96A5F20D 
 240      1B63629D 
 240      1823
 241 09f2 E049AD91 		.ascii	"\340I\255\221\021\331\273\341\210^\013\356\374\377\177"
 241      11D9BBE1 
 241      885E0BEE 
 241      FCFF7F
 242 0a01 7041E3D8 		.ascii	"pA\343\330J\351\013\005>M\367\276\362\276\252gJ\374"
 242      4AE90B05 
 242      3E4DF7BE 
 242      F2BEAA67 
 242      4AFC
 243 0a13 0D251EA6 		.ascii	"\015%\036\246tf\310O\255\227\340\301+\273S+\342N\356"
 243      7466C84F 
 243      AD97E0C1 
 243      2BBB532B 
 243      E24EEE
 244 0a26 0E5C4E79 		.ascii	"\016\\Ny\006b\233W]%\236(\211gV\306s\243*\362\205\335"
 244      06629B57 
 244      5D259E28 
 244      896756C6 
 244      73A32AF2 
 245 0a3c 6BFE9C5D 		.ascii	"k\376\234]P^K'\335\\\314\341L\015n\244\302\371\212\221"
 245      505E4B27 
 245      DD5CCCE1 
ARM GAS  /tmp/ccVEe5Tb.s 			page 19


 245      4C0D6EA4 
 245      C2F98A91 
 246 0a50 0216B752 		.ascii	"\002\026\267Rb5\277,Z\215{\004\202\275\325R^\251E\333"
 246      6235BF2C 
 246      5A8D7B04 
 246      82BDD552 
 246      5EA945DB 
 247 0a64 BD68C49F 		.ascii	"\275h\304\237\366\343\324\263\211'\370\354\010,|_|\003"
 247      F6E3D4B3 
 247      8927F8EC 
 247      082C7C5F 
 247      7C03
 248 0a76 EADF3A3E 		.ascii	"\352\337:>6\034W\024\013\"\003\211\364\342Z\244\252"
 248      361C5714 
 248      0B220389 
 248      F4E25AA4 
 248      AA
 249 0a87 BBE3DB5C 		.ascii	"\273\343\333\\\3611\025\215TBy\231\306\311\027\236%"
 249      F131158D 
 249      54427999 
 249      C6C9179E 
 249      25
 250 0a98 87EC714F 		.ascii	"\207\354qO\273~\214\343)\267\364\251\376+\371\247\372"
 250      BB7E8CE3 
 250      29B7F4A9 
 250      FE2BF9A7 
 250      FA
 251 0aa9 AFE83B4E 		.ascii	"\257\350;N\352b\304\023\214OSxlI]\236\207\343S}\225"
 251      EA62C413 
 251      8C4F5378 
 251      6C495D9E 
 251      87E3537D 
 252 0abe 1558840F 		.ascii	"\025X\204\017\010\260\011\274\247\325\177^eL\272\006"
 252      08B009BC 
 252      A7D57F5E 
 252      654CBA06 
 253 0ace E750EE77 		.ascii	"\347P\356wm\227\376\025\027\010\367\354\253\210\213"
 253      6D97FE15 
 253      1708F7EC 
 253      AB888B
 254 0add E5AE5225 		.ascii	"\345\256R%%+\002#0F\221\230\032\036\205\245\345\007"
 254      252B0223 
 254      30469198 
 254      1A1E85A5 
 254      E507
 255 0aef 393F31B1 		.ascii	"9?1\261\353B\204p\310K\007\031\20198\310@]eNI&\213\257"
 255      EB428470 
 255      C84B0719 
 255      813938C8 
 255      405D654E 
 256 0b07 52DDC73A 		.ascii	"R\335\307:\256\366\270;)9\017\313\265\221\327\252\325"
 256      AEF6B83B 
 256      29390FCB 
 256      B591D7AA 
 256      D5
 257 0b18 17E91EF4 		.ascii	"\027\351\036\364\005\216'\357\277oS\307\242\335\260"
 257      058E27EF 
ARM GAS  /tmp/ccVEe5Tb.s 			page 20


 257      BF6F53C7 
 257      A2DDB0
 258 0b27 958A9BEC 		.ascii	"\225\212\233\354\213\251D\270\236\022GF\212\337c\334"
 258      8BA944B8 
 258      9E124746 
 258      8ADF63DC 
 259 0b37 42897B1D 		.ascii	"B\211{\035\215\263\362d=\016*b\260m\342E\337,\011\304"
 259      8DB3F264 
 259      3D0E2A62 
 259      B06DE245 
 259      DF2C09C4 
 260 0b4b FD94E7CA 		.ascii	"\375\224\347\312xe\275\213\214'V\3063xu\371\214\335"
 260      7865BD8B 
 260      8C2756C6 
 260      337875F9 
 260      8CDD
 261 0b5d 97C513D8 		.ascii	"\227\305\023\3306\231\342\260\230\254\3376,\214\252"
 261      3699E2B0 
 261      98ACDF36 
 261      2C8CAA
 262 0b6c F10415BE 		.ascii	"\361\004\025\276\320x\272\320\015\277\022'0f(O\345x"
 262      D078BAD0 
 262      0DBF1227 
 262      3066284F 
 262      E578
 263 0b7e 0213B0A3 		.ascii	"\002\023\260\243\262\254\341\233\241\177F\344h\226^"
 263      B2ACE19B 
 263      A17F46E4 
 263      68965E
 264 0b8d 0A7E9121 		.ascii	"\012~\221!\276\024\2006\241\312:\2057\253\262V2\304"
 264      BE148036 
 264      A1CA3A85 
 264      37ABB256 
 264      32C4
 265 0b9f 2AEB24D6 		.ascii	"*\353$\326\242x\274\021\276^e9.\227\216\213\034\304"
 265      A278BC11 
 265      BE5E6539 
 265      2E978E8B 
 265      1CC4
 266 0bb1 AA64BC1D 		.ascii	"\252d\274\035%BK\3026\373\361t\206X\226\021sHY\346\300"
 266      25424BC2 
 266      36FBF174 
 266      86589611 
 266      734859E6 
 267 0bc6 1C311FE6 		.ascii	"\0341\037\346O\324<\3219)\313b\235\353\001\316su\013"
 267      4FD43CD1 
 267      3929CB62 
 267      9DEB01CE 
 267      73750B
 268 0bd9 562D5EA5 		.ascii	"V-^\245!\\\276\\\274\354\202S\324\002\021\177\265\177"
 268      215CBE5C 
 268      BCEC8253 
 268      D402117F 
 268      B57F
 269 0beb D9036751 		.ascii	"\331\003gQb\265\371R\206\223?@\2459\012.~\327t\265\217"
 269      62B5F952 
 269      86933F40 
ARM GAS  /tmp/ccVEe5Tb.s 			page 21


 269      A5390A2E 
 269      7ED774B5 
 270 0c00 14755E52 		.ascii	"\024u^RM\267-3\361\260\020\334\024\260%\032x2\361&\007"
 270      4DB72D33 
 270      F1B010DC 
 270      14B0251A 
 270      7832F126 
 271 0c15 76DFDFD2 		.ascii	"v\337\337\322\343\342\014\2046U\004;\334\377\355|>\212"
 271      E3E20C84 
 271      3655043B 
 271      DCFFED7C 
 271      3E8A
 272 0c27 B70A8733 		.ascii	"\267\012\2073\3444e!F\245\203\277\031k\376&5]\036W\341"
 272      E4346521 
 272      46A583BF 
 272      196BFE26 
 272      355D1E57 
 273 0c3c 02EA5578 		.ascii	"\002\352Ux\343\355f\215\227c\021\3378\025Q\326\032\227"
 273      E3ED668D 
 273      976311DF 
 273      381551D6 
 273      1A97
 274 0c4e E1866BA9 		.ascii	"\341\206k\251\210\342\223\341I,\276K\211GG_7)q\247@"
 274      88E293E1 
 274      492CBE4B 
 274      8947475F 
 274      372971A7 
 275 0c63 E0A32B0F 		.ascii	"\340\243+\017:\265\262\027\3245\3719 \377\254(\377\034"
 275      3AB5B217 
 275      D435F939 
 275      20FFAC28 
 275      FF1C
 276 0c75 C8CFB39D 		.ascii	"\310\317\263\235\372\205\001\233\363,WD:;\377 \274="
 276      FA85019B 
 276      F32C5744 
 276      3A3BFF20 
 276      BC3D
 277 0c87 0362C122 		.ascii	"\003b\301\"\225\265g\035\007\227|\307\235I\031S\340"
 277      95B5671D 
 277      07977CC7 
 277      9D491953 
 277      E0
 278 0c98 7E6AF0DB 		.ascii	"~j\360\333gO\357:\013@\276c\003\311\347\271\241\310"
 278      674FEF3A 
 278      0B40BE63 
 278      03C9E7B9 
 278      A1C8
 279 0caa 3C0FFC2D 		.ascii	"<\017\374-\025\361\276*\375\276\026ORb\210\177\227\246"
 279      15F1BE2A 
 279      FDBE164F 
 279      5262887F 
 279      97A6
 280 0cbc C3AF29F1 		.ascii	"\303\257)\361\352J\311Ew\307\237d/bG\237d\313\022\302"
 280      EA4AC945 
 280      77C79F64 
 280      2F62479F 
 280      64CB12C2 
ARM GAS  /tmp/ccVEe5Tb.s 			page 22


 281 0cd0 C3315EA2 		.ascii	"\3031^\242\334}\327+\377\215\354\007\221\233\177[\311"
 281      DC7DD72B 
 281      FF8DEC07 
 281      919B7F5B 
 281      C9
 282 0ce1 6E3ED6AA 		.ascii	"n>\326\252\301Q\032\201\347~\316\333x\017|J \024\223"
 282      C1511A81 
 282      E77ECEDB 
 282      780F7C4A 
 282      201493
 283 0cf4 43357142 		.ascii	"C5qB\021.\245`\2412\353l\034=\261\012!\255J\301\206"
 283      112EA560 
 283      A132EB6C 
 283      1C3DB10A 
 283      21AD4AC1 
 284 0d09 2B4E56AC 		.ascii	"+NV\254\370E\367oh\022\022t\201\014m\273\035@\335d]"
 284      F845F76F 
 284      68121274 
 284      810C6DBB 
 284      1D40DD64 
 285 0d1e 48DD42E7 		.ascii	"H\335B\347\254\030\226k\221c\270\363\335\240Dd !\271"
 285      AC18966B 
 285      9163B8F3 
 285      DDA04464 
 285      2021B9
 286 0d31 0CD1BE04 		.ascii	"\014\321\276\004\255l-\342C\321\363\245\012\334L\275"
 286      AD6C2DE2 
 286      43D1F3A5 
 286      0ADC4CBD 
 287 0d41 EC7C5355 		.ascii	"\354|SU\242u\262\330\3137\023\243Ym\033-R\242\015\257"
 287      A275B2D8 
 287      CB3713A3 
 287      596D1B2D 
 287      52A20DAF 
 288 0d55 2333133F 		.ascii	"#3\023?\233\024\227f\026p\036\003\011\327\241\227\362"
 288      9B149766 
 288      16701E03 
 288      09D7A197 
 288      F2
 289 0d66 6043B90B 		.ascii	"`C\271\013\014\035\007i\345}\025P\027D\364z\256=\330"
 289      0C1D0769 
 289      E57D1550 
 289      1744F47A 
 289      AE3DD8
 290 0d79 58D8F7CC 		.ascii	"X\330\367\314\210\271\014\005\007\232a)\376;\313\335"
 290      88B90C05 
 290      079A6129 
 290      FE3BCBDD 
 291 0d89 7600B411 		.ascii	"v\000\264\021\217\212E\016\341\243\011xS\001\255\006"
 291      8F8A450E 
 291      E1A30978 
 291      5301AD06 
 292 0d99 DA4D68D5 		.ascii	"\332Mh\325\320\256A\253\202Vi{\226.\314\210\353a\032"
 292      D0AE41AB 
 292      8256697B 
 292      962ECC88 
 292      EB611A
ARM GAS  /tmp/ccVEe5Tb.s 			page 23


 293 0dac D6432FA2 		.ascii	"\326C/\242\022\244\"o\343\273\012\340\307\203\351L\277"
 293      12A4226F 
 293      E3BB0AE0 
 293      C783E94C 
 293      BF
 294 0dbd 03F8BCCC 		.ascii	"\003\370\274\314\304\230\215\313mi\037\215\300y\200"
 294      C4988DCB 
 294      6D691F8D 
 294      C07980
 295 0dcc 65CBE2B5 		.ascii	"e\313\342\265\341\215\263#\210\202\217\000(\\\004\257"
 295      E18DB323 
 295      88828F00 
 295      285C04AF 
 296 0ddc 9FEAF11B 		.ascii	"\237\352\361\033\352\344\245 \361\257\010\220s\313N"
 296      EAE4A520 
 296      F1AF0890 
 296      73CB4E
 297 0deb 2C1157F2 		.ascii	",\021W\362\261GG\347T^\216\243V\372\327E\015\244\245"
 297      B14747E7 
 297      545E8EA3 
 297      56FAD745 
 297      0DA4A5
 298 0dfe BCBFFF4A 		.ascii	"\274\277\377J\373\323\263\374 \230\334[\255\214nn\346"
 298      FBD3B3FC 
 298      2098DC5B 
 298      AD8C6E6E 
 298      E6
 299 0e0f F91C16D5 		.ascii	"\371\034\026\325\202\220V\372w\3405\351\014\031\021"
 299      829056FA 
 299      77E035E9 
 299      0C1911
 300 0e1e 3E3DE19F 		.ascii	">=\341\237\002gCT\327K\273\277\214\326\332\331\\'\034"
 300      02674354 
 300      D74BBBBF 
 300      8CD6DAD9 
 300      5C271C
 301 0e31 DD42F7C9 		.ascii	"\335B\367\311\247\237\372\300\377}Fs\2601\320gw\200"
 301      A79FFAC0 
 301      FF7D4673 
 301      B031D067 
 301      7780
 302 0e43 698FE9F7 		.ascii	"i\217\351\367\377\351\023b\3611s>\026\263\301\307\020"
 302      FFE91362 
 302      F131733E 
 302      16B3C1C7 
 302      10
 303 0e54 60DE6B08 		.ascii	"`\336k\010\373\324\240\376\315\177\374q\333\356/\276"
 303      FBD4A0FE 
 303      CD7FFC71 
 303      DBEE2FBE 
 304 0e64 605C09ED 		.ascii	"`\\\011\355\033\244\267\354\363\345\330\277g4zs\320"
 304      1BA4B7EC 
 304      F3E5D8BF 
 304      67347A73 
 304      D0
 305 0e75 FECF2D3B 		.ascii	"\376\317-;\203\030\255!\304\314\031\017\356\014\332"
 305      8318AD21 
ARM GAS  /tmp/ccVEe5Tb.s 			page 24


 305      C4CC190F 
 305      EE0CDA
 306 0e84 C5781B02 		.ascii	"\305x\033\002\376\360\353\335\177\334\035\022\030h4"
 306      FEF0EBDD 
 306      7FDC1D12 
 306      186834
 307 0e93 70BFD687 		.ascii	"p\277\326\207\005r\226\177\337\361\201\232\230-\224"
 307      0572967F 
 307      DFF1819A 
 307      982D94
 308 0ea2 FB3746EE 		.ascii	"\3737F\356W\301~\273\003\215z\263(\001\033\002vi\203"
 308      57C17EBB 
 308      038D7AB3 
 308      28011B02 
 308      766983
 309 0eb5 F4A6602E 		.ascii	"\364\246`.\300l\324\373\251\202\270\203\201&\013\247"
 309      C06CD4FB 
 309      A982B883 
 309      81260BA7 
 310 0ec5 3604F806 		.ascii	"6\004\370\006\205\201j\2651\324\030\354g\012\366w5\356"
 310      85816AB5 
 310      31D418EC 
 310      670AF677 
 310      35EE
 311 0ed7 370673D4 		.ascii	"7\006s\324F\325\001\275\211\2031\025\240\010Z\021l<"
 311      46D501BD 
 311      89833115 
 311      A0085A11 
 311      6C3C
 312 0ee9 C86944C2 		.ascii	"\310iD\302\227\333\271\211U\246`C`\230\237\021,#X\313"
 312      97DBB989 
 312      55A66043 
 312      60989F11 
 312      2C2358CB 
 313 0efd A7010C0A 		.ascii	"\247\001\014\012s1\036 r]\016p\240=\024:\2131(T\007"
 313      73311E20 
 313      725D0E70 
 313      A03D143A 
 313      8B312854 
 314 0f12 E2A0D787 		.ascii	"\342\240\327\207\006\204\230\215\312\003\034g\016%\032"
 314      0684988D 
 314      CA031C67 
 314      0E251A
 315 0f21 A8996ADA 		.ascii	"\250\231j\332\371r\236\342\215\331\270\327h6\006\033"
 315      F9729EE2 
 315      8DD9B8D7 
 315      6836061B 
 316 0f31 8CBE1CF0 		.ascii	"\214\276\034\360\207\354\371K\250\332x\320\304\031B"
 316      87ECF94B 
 316      A8DA78D0 
 316      C41942
 317 0f40 FC8CCA20 		.ascii	"\374\214\312 \213?\214\232\375\016\301\215\317\007\231"
 317      8B3F8C9A 
 317      FD0EC18D 
 317      CF0799
 318 0f4f 06FC1063 		.ascii	"\006\374\020cb\234\312b\332\023\010\236B<L\201~\240"
 318      629CCA62 
ARM GAS  /tmp/ccVEe5Tb.s 			page 25


 318      DA13089E 
 318      423C4C81 
 318      7EA0
 319 0f61 C125540F 		.ascii	"\301%T\017\277\234\002\024ZT\034\371\365\345\224{\003"
 319      BF9C0214 
 319      5A541CF9 
 319      F5E5947B 
 319      03
 320 0f72 F5FE4005 		.ascii	"\365\376@\005\2016\240,\234\2363\2529\241#\346\350\367"
 320      8136A02C 
 320      9C9E33AA 
 320      39A123E6 
 320      E8F7
 321 0f84 E82D46AD 		.ascii	"\350-F\255\205\333\247\0174\371\007\373B\264\364AF\205"
 321      85DBA70F 
 321      34F907FB 
 321      42B4F441 
 321      4685
 322 0f96 21406F56 		.ascii	"!@oV\206\034\0106\232\335"
 322      861C0836 
 322      9ADD
 323 0fa0 C1AD108B 		.ascii	"\301\255\020\213\257)\0308\300\0037\233{b\367\377\204"
 323      AF291838 
 323      C003379B 
 323      7B62F7FF 
 323      84
 324 0fb1 19C38C64 		.ascii	"\031\303\214d>\204\033\255t\003rB\315\306\375\330\300"
 324      3E841BAD 
 324      74037242 
 324      CDC6FDD8 
 324      C0
 325 0fc2 1D642DA1 		.ascii	"\035d-\241\256\241\220(\300\306\001\251\023\356\015"
 325      AEA19028 
 325      C0C601A9 
 325      13EE0D
 326 0fd1 21C1307D 		.ascii	"!\3010}\334\347\316\0346\204\004\005\205\004\373\020"
 326      DCE7CE1C 
 326      36840405 
 326      8504FB10 
 327 0fe1 ACC5E757 		.ascii	"\254\305\347W\177\370r\377\347;\277\004\327!\341\214"
 327      7FF872FF 
 327      E73BBF04 
 327      D721E18C 
 328 0ff1 E0370EF0 		.ascii	"\3407\016\3603\273\204\012\212\276\017\032C\315\246"
 328      33BB840A 
 328      8ABE0F1A 
 328      43CDA6
 329 1000 10B3893B 		.ascii	"\020\263\211;DU{\311F\004cL!*\216\374B\010\204A\205"
 329      44557BC9 
 329      4604634C 
 329      212A8EFC 
 329      42088441 
 330 1015 9048303D 		.ascii	"\220H0=\201d\324\005\014\332k\362\377\310\336Y_:\352"
 330      8164D405 
 330      0CDA6BF2 
 330      FFC8DE59 
 330      5F3AEA
ARM GAS  /tmp/ccVEe5Tb.s 			page 26


 331 1028 2D1F0291 		.ascii	"-\037\002\221$wI\212\221^A2\344g\0374{B\312\0070.\302"
 331      2477498A 
 331      915E4132 
 331      E4671F34 
 331      7B42CA07 
 332 103f A2E254C4 		.ascii	"\242\342T\304#_\223\237F\354a\304l\364'\246\271\022"
 332      235F939F 
 332      46EC61C4 
 332      6CF427A6 
 332      B912
 333 1051 D1467FB8 		.ascii	"\321F\177\2703\037\322J7\020\361\375\034y\252\364#\277"
 333      331FD24A 
 333      3710F1FD 
 333      1C79AAF4 
 333      23BF
 334 1063 6E80F133 		.ascii	"n\200\3613\006rz!\265=\354(\360S \334,\207,\020y\243"
 334      06727A21 
 334      B53DEC28 
 334      F05320DC 
 334      2C872C10 
 335 1079 79BF3ED0 		.ascii	"y\277>\320\227\373\001`\366\233\314\\\030!LAF\263E\000"
 335      97FB0160 
 335      F69BCC5C 
 335      18214C41 
 335      46B34500 
 336 108d AB03F516 		.ascii	"\253\003\365\026\216\320\032@\223\336\227\373\310\001"
 336      8ED01A40 
 336      93DE97FB 
 336      C801
 337 109b 0C649A25 		.ascii	"\014d\232%\275$\261\017\011\243*C\230\231d\235n}\310"
 337      BD24B10F 
 337      09A32A43 
 337      9899649D 
 337      6E7DC8
 338 10ae 97C37E7B 		.ascii	"\227\303~{\374U&\213\331\327\020\314)\241\371r\232P"
 338      FC55268B 
 338      D9D710CC 
 338      29A1F972 
 338      9A50
 339 10c0 7DB0C9E0 		.ascii	"}\260\311\340\013iN\014%z\214A`\357\2360\177u`\210a"
 339      0B694E0C 
 339      257A8C41 
 339      60EF9E30 
 339      7F756088 
 340 10d5 1F017ED8 		.ascii	"\037\001~\330\322\024x \204\356\2662|\271\277\373 f"
 340      D2147820 
 340      84EEB632 
 340      7CB9BFFB 
 340      2066
 341 10e7 E001D6FF 		.ascii	"\340\001\326\377\003\304\2627\340"
 341      03C4B237 
 341      E0
 342              		.text
 343              		.section	.gnu.lto_.symtab.c2cd3c1dced3da98,"e",%progbits
 344 0000 63685246 		.ascii	"chRFCUCollectFaultsI\000"
 344      4355436F 
 344      6C6C6563 
ARM GAS  /tmp/ccVEe5Tb.s 			page 27


 344      74466175 
 344      6C747349 
 345 0015 00       		.ascii	"\000"
 346 0016 00       		.ascii	"\000"
 347 0017 00       		.ascii	"\000"
 348 0018 00000000 		.ascii	"\000\000\000\000\000\000\000\000"
 348      00000000 
 349 0020 C9000000 		.ascii	"\311\000\000\000"
 350 0024 63685246 		.ascii	"chRFCUGetAndClearFaultsI\000"
 350      43554765 
 350      74416E64 
 350      436C6561 
 350      72466175 
 351 003d 00       		.ascii	"\000"
 352 003e 00       		.ascii	"\000"
 353 003f 00       		.ascii	"\000"
 354 0040 00000000 		.ascii	"\000\000\000\000\000\000\000\000"
 354      00000000 
 355 0048 CD000000 		.ascii	"\315\000\000\000"
 356 004c 63683000 		.ascii	"ch0\000"
 357 0050 00       		.ascii	"\000"
 358 0051 02       		.ascii	"\002"
 359 0052 00       		.ascii	"\000"
 360 0053 00000000 		.ascii	"\000\000\000\000\000\000\000\000"
 360      00000000 
 361 005b C0010000 		.ascii	"\300\001\000\000"
 362              		.text
 363              		.section	.gnu.lto_.opts,"e",%progbits
 364 0000 272D666E 		.ascii	"'-fno-openmp' '-fno-openacc' '-fno-pie' '-mcpu=cort"
 364      6F2D6F70 
 364      656E6D70 
 364      2720272D 
 364      666E6F2D 
 365 0033 65782D6D 		.ascii	"ex-m0' '-mthumb' '-mfloat-abi=soft' '-march=armv6s-"
 365      30272027 
 365      2D6D7468 
 365      756D6227 
 365      20272D6D 
 366 0066 6D272027 		.ascii	"m' '-O2' '-fstack-usage' '-ffunction-sections' '-fd"
 366      2D4F3227 
 366      20272D66 
 366      73746163 
 366      6B2D7573 
 367 0099 6174612D 		.ascii	"ata-sections' '-fno-common' '-flto' '-fshort-enums'"
 367      73656374 
 367      696F6E73 
 367      2720272D 
 367      666E6F2D 
 368 00cc 00       		.ascii	"\000"
 369              		.text
 370              		.comm	__gnu_lto_v1,1,1
 371              		.comm	__gnu_lto_slim,1,1
 372              		.ident	"GCC: (GNU Arm Embedded Toolchain 9-2020-q2-update) 9.3.1 20200408 (release)"
ARM GAS  /tmp/ccVEe5Tb.s 			page 28


DEFINED SYMBOLS
                            *ABS*:0000000000000000 chrfcu.c
                            *COM*:0000000000000001 __gnu_lto_v1
                            *COM*:0000000000000001 __gnu_lto_slim

NO UNDEFINED SYMBOLS
