ARM GAS  /tmp/cc5VXquU.s 			page 1


   1              		.cpu cortex-m0
   2              		.eabi_attribute 20, 1
   3              		.eabi_attribute 21, 1
   4              		.eabi_attribute 23, 3
   5              		.eabi_attribute 24, 1
   6              		.eabi_attribute 25, 1
   7              		.eabi_attribute 26, 1
   8              		.eabi_attribute 30, 2
   9              		.eabi_attribute 34, 0
  10              		.eabi_attribute 18, 4
  11              		.file	"hal_st.c"
  12              		.section	.gnu.lto_.profile.5af66ee12432cdea,"e",%progbits
  13 0000 789CE360 		.ascii	"x\234\343``\004B \000\000\000]\000\013"
  13      60044220 
  13      0000005D 
  13      000B
  14              		.text
  15              		.section	.gnu.lto_.icf.5af66ee12432cdea,"e",%progbits
  16 0000 789CE360 		.ascii	"x\234\343``d\260e@\000.\206}[\336\334cb<\333\263\343"
  16      6064B065 
  16      40002E86 
  16      7D5BDEDC 
  16      63623CDB 
  17 0016 1A23D3B4 		.ascii	"\032#\323\264mm\323X\230\017\277\273t\223\231e\342\261"
  17      6D6DD358 
  17      980FBFBB 
  17      74939965 
  17      E2B1
  18 0028 AFBD4CAC 		.ascii	"\257\275L\254m\373v\276ba\373>\347\350VF\366\363s~m"
  18      6DFB76BE 
  18      6261FB3E 
  18      E7E85646 
  18      F6F3737E 
  19 003d 63E5D8BA 		.ascii	"c\345\330\272\353K\007?g\333\376\037\262\014\000\244"
  19      EB4B073F 
  19      67DBFE1F 
  19      B20C00A4 
  20 004d 4C1DB7   		.ascii	"L\035\267"
  21              		.text
  22              		.section	.gnu.lto_.jmpfuncs.5af66ee12432cdea,"e",%progbits
  23 0000 789CE360 		.ascii	"x\234\343``d\220`d\200\003v\020\001\3443122\326\317"
  23      60649060 
  23      64800376 
  23      1001E433 
  23      313232D6 
  24 0015 67666062 		.ascii	"gf`b^\314\014\0248\300\302\310\000\304\177\376\377\377"
  24      5ECC0C14 
  24      38C0C2C8 
  24      00C47FFE 
  24      FFFF
  25 0027 CFCFC83C 		.ascii	"\317\317\310<\235\231\261\257\371\375=\216>\346\371"
  25      9D99B1AF 
  25      F9FD3D8E 
  25      3EE6F9
  26 0036 CC8C8C0C 		.ascii	"\314\214\214\014\214\273\030\245A\230\005\241\220\221"
  26      8CBB18A5 
  26      419805A1 
ARM GAS  /tmp/cc5VXquU.s 			page 2


  26      9091
  27 0044 9109A8E8 		.ascii	"\221\011\250\350\370\373\267W\030A\212\230\200\212v"
  27      F8FBB757 
  27      18418A98 
  27      808A76
  28 0053 334A0385 		.ascii	"3J\003\205\366\365\\8\315\014\021bd\334\303(\315\004"
  28      F6F55C38 
  28      CD0C1162 
  28      64DCC328 
  28      CD04
  29 0065 12876B63 		.ascii	"\022\207kc`\000\232\301\212d5#\272\325\330\355\002\031"
  29      60009AC1 
  29      8A643523 
  29      BAD5D8ED 
  29      0219
  30 0077 82CD34A0 		.ascii	"\202\3154\240o@\2460Qf\012'0H\000\316V:\025"
  30      6F40A630 
  30      51660A27 
  30      304800CE 
  30      563A15
  31              		.text
  32              		.section	.gnu.lto_.inline.5af66ee12432cdea,"e",%progbits
  33 0000 789CE360 		.ascii	"x\234\343``d\320ed\200\003v\006\006\226\006 `Ncd`b`"
  33      6064D065 
  33      64800376 
  33      06069606 
  33      20604E63 
  34 0018 680432EB 		.ascii	"h\0042\353\030\030\330@BL)L !\006\006F.0\011U\230\002"
  34      1818D840 
  34      424C294C 
  34      20210606 
  34      462E3009 
  35 002f 54C80496 		.ascii	"T\310\004\226OFW\310\304\300\363\354\314\314\303L \263"
  35      4F4657C8 
  35      C4C0F3EC 
  35      CCCCC34C 
  35      20B3
  36 0041 F8801207 		.ascii	"\370\200\022\007\230S1\224p\203\215\002\003\246\011"
  36      98533194 
  36      70838D02 
  36      03A609
  37 0050 7E0C2C84 		.ascii	"~\014,\204Mee\340\002\232\332\0146\225\013d*\023AS\331"
  37      4D6565E0 
  37      029ADA0C 
  37      36950B64 
  37      2A134153 
  38 0065 49D7C209 		.ascii	"I\327\302\011\226\007*\004ja\2038\011]\013\003\000c"
  38      96072A04 
  38      6A618338 
  38      095D0B03 
  38      0063
  39 0077 0D3A19   		.ascii	"\015:\031"
  40              		.text
  41              		.section	.gnu.lto_.pureconst.5af66ee12432cdea,"e",%progbits
  42 0000 789C05C1 		.ascii	"x\234\005\301\201\015\000 \014\303\260\014\005\215="
  42      810D0020 
  42      0CC3B00C 
ARM GAS  /tmp/cc5VXquU.s 			page 3


  42      058D3D
  43 000f C0EDA8D7 		.ascii	"\300\355\250\327b\037\212\0134\317\212+\032w\3548\361"
  43      621F8A0B 
  43      34CF8A2B 
  43      1A77EC38 
  43      F1
  44 0020 03341404 		.ascii	"\0034\024\004\223"
  44      93
  45              		.text
  46              		.section	.gnu.lto_stInit.5af66ee12432cdea,"e",%progbits
  47 0000 789CE360 		.ascii	"x\234\343``d\330\315\300\300\240\015\304\262@\314\310"
  47      6064D8CD 
  47      C0C0A00D 
  47      C4B240CC 
  47      C8
  48 0011 CCC0C8D4 		.ascii	"\314\300\310\324\320\320\340\300\336\310\301\304\310"
  48      D0D0E0C0 
  48      DEC8C1C4 
  48      C8
  49 001e 08663570 		.ascii	"\010f5p02\32431\3263\3663Ogf<\324\376l'\223\346r\240"
  49      3032D433 
  49      31D633F6 
  49      334F6766 
  49      3CD4FE6C 
  50 0037 4CC381E9 		.ascii	"L\303\201\351\263\330\332\032Z%\346330\314\004b\010"
  50      B3D8DA1A 
  50      5A25E633 
  50      3330CC04 
  50      6208
  51 0049 60DCC5A8 		.ascii	"`\334\305\250\311\300\000T\371h\343\277\251\274l,P)"
  51      C9C00054 
  51      F968E3BF 
  51      A9BC6C2C 
  51      5029
  52 005b C6DD8C6C 		.ascii	"\306\335\214l@\313\030\030\326_b=\320\360\357\177{\303"
  52      40CB1818 
  52      D65F623D 
  52      D0F0EF7F 
  52      7BC3
  53 006d 813B8B18 		.ascii	"\201;\213\030\367\272\001%\273\231\031@\306\26106\034"
  53      F7BA0125 
  53      BB991940 
  53      C6B13036 
  53      1C
  54 007e 6060E861 		.ascii	"``\350af\202p\032\201\2347\214\315\013\276\3670\203"
  54      6682701A 
  54      819C378C 
  54      CD0BBEF7 
  54      3083
  55 0090 F5024D9C 		.ascii	"\365\002M\234\273\342\314\177\316\026\306\246F\216\371"
  55      BBE2CC7F 
  55      CE16C6A6 
  55      468EF9
  56 009f CC8C3399 		.ascii	"\314\2143\231\201\2461\356alad\230\317\314\304\360\216"
  56      81A631EE 
  56      616C6164 
  56      98CFCCC4 
ARM GAS  /tmp/cc5VXquU.s 			page 4


  56      F08E
  57 00b1 B169C1EF 		.ascii	"\261i\301\357\036F\260R\020\350ffD\030\312\300\240\251"
  57      1E46B052 
  57      10E86666 
  57      4418CAC0 
  57      A0A9
  58 00c3 A7A70F44 		.ascii	"\247\247\017D\331\251Ey\2519\372\316\031\231I\231\376"
  58      D9A94579 
  58      A939FACE 
  58      19994999 
  58      FE
  59 00d4 C1FAF9C5 		.ascii	"\301\372\371\305\372\031\2119\372\305E\311 :\276\270"
  59      FA198939 
  59      FAC545C9 
  59      203ABEB8 
  60 00e4 442F9901 		.ascii	"D/\231\001\000\036\206K\332"
  60      001E864B 
  60      DA
  61              		.text
  62              		.section	.gnu.lto_stGetCounter.5af66ee12432cdea,"e",%progbits
  63 0000 789C7D90 		.ascii	"x\234}\220\315+Da\024\306\317s\337\353\316\020\371\003"
  63      CD2B4461 
  63      14C6CF73 
  63      DFEBCE10 
  63      F903
  64 0012 24B6B399 		.ascii	"$\266\263\231\353\343\037P\243$d16V\223\257\032\231"
  64      EBE31F50 
  64      A3246431 
  64      365693AF 
  64      1A99
  65 0024 8C66265B 		.ascii	"\214f&[\2571%\215(\021Fc0Mv\244X\370\276flX\311\202"
  65      AF31258D 
  65      28114663 
  65      304D76A4 
  65      58F8BE66 
  66 003c 94342925 		.ascii	"\2244)%\013\022\01368\357\214\304\306\333}\273\3679"
  66      0B120B36 
  66      38EF8CC4 
  66      C6DB7DBB 
  66      F739
  67 004e E777CE73 		.ascii	"\347w\316s\316\265\023h\020D~\"*\347\013A\320\244\224"
  67      CEB51368 
  67      10447E22 
  67      2AE70B41 
  67      D0A494
  68 0061 75B661BB 		.ascii	"u\266a\273\006\344\276\244\0354\244a\010\223bV\340&"
  68      06E4BEA4 
  68      1D34A461 
  68      08936256 
  68      E026
  69 0073 1C7F2B9E 		.ascii	"\034\177+\236\020\011\006u\226\323\247\233'EJ\002\225"
  69      10090675 
  69      96D3A79B 
  69      27454A02 
  69      95
  70 0084 2C23178B 		.ascii	",#\027\213\333\272cU\312\260\264f\027m\013\233g\262"
  70      DBBA6355 
ARM GAS  /tmp/cc5VXquU.s 			page 5


  70      CAB0B466 
  70      176D0B9B 
  70      67B2
  71 0096 3021349A 		.ascii	"0!4\232g|\027e\330A\031\251\203=8\210\270\340v\343c"
  71      677C1765 
  71      D84119A9 
  71      833D3888 
  71      B8E076E3 
  72 00ab A6C4D015 		.ascii	"\246\304\320\025\240\302\3730x\"\242\365\363\002K~|"
  72      A0C2FB30 
  72      7822A2F5 
  72      F3024B7E 
  72      7C
  73 00bc 8E4AEB35 		.ascii	"\216J\3535\211\255\006\356\220\020LD\005\361HR\207\264"
  73      89AD06EE 
  73      90104C44 
  73      05F14852 
  73      87B4
  74 00ce 88C68596 		.ascii	"\210\306\205\226\027#,\036\220\336{\277\276\277\\\026"
  74      17232C1E 
  74      90DE7BBF 
  74      BEBF5C16 
  75 00de 7F9AAA5E 		.ascii	"\177\232\252^?\201\210\302\263cW\"\347\223K\376\202"
  75      3F8188C2 
  75      B3635722 
  75      E7934BFE 
  75      82
  76 00ef 71080307 		.ascii	"q\010\003\007\354O\260`\304\205\306\271\211\221\247"
  76      EC4FB060 
  76      C485C6B9 
  76      8991A7
  77 00fe 1BBBDA4E 		.ascii	"\033\273\332N\207B\237\357\222\223\245y\231s\346\320"
  77      87429FEF 
  77      9293A579 
  77      9973E6D0 
  78 010e 52EC2559 		.ascii	"R\354%Y\222B\022\011Q\2004ox\2446\344\304\301\365\375"
  78      92421209 
  78      5180346F 
  78      78A436E4 
  78      C4C1F5FD 
  79 0122 AAAD6A4D 		.ascii	"\252\255jMF\206e\366e\245\"6\305\204\201\014R\230\343"
  79      468665F6 
  79      65A52236 
  79      C584810C 
  79      5298E3
  80 0135 459419E1 		.ascii	"E\224\031\341\030U\364\210p6z\2251\324Hl\252\376BT\344"
  80      1855F488 
  80      70367A95 
  80      31D4486C 
  80      AAFE4254 
  81 014a DB236C29 		.ascii	"\333#l)\351p:M~\372z\002\375=>\323\345\355\355\354m"
  81      E9703A4D 
  81      7EFA7A02 
  81      FD3D3ED3 
  81      E5EDEDEC 
  82 015f 759BFEA0 		.ascii	"u\233\376\240\351\355\360\231\301@\227z{\202!g\027\271"
  82      E9EDF099 
ARM GAS  /tmp/cc5VXquU.s 			page 6


  82      C140977A 
  82      7B822167 
  82      17B9
  83 0171 FE2307FC 		.ascii	"\376#\007\374\201P\320t\267\265\324\326\230\315\315"
  83      8150D074 
  83      B7B5D4D6 
  83      98CDCD
  84 0180 F5A6BBDD 		.ascii	"\365\246\273\335\335\326\350j\032\254\376\256\367\370"
  84      DDD6E86A 
  84      1AACFEAE 
  84      F7F8
  85 018e 7CDD4E2F 		.ascii	"|\335N/}\001m\037\240\360"
  85      7D016D1F 
  85      A0F0
  86              		.text
  87              		.section	.gnu.lto_stStartAlarm.5af66ee12432cdea,"e",%progbits
  88 0000 789C9D52 		.ascii	"x\234\235RKhSA\024\235\363\356K\362\022\033\253\270"
  88      4B685341 
  88      149DF3EE 
  88      4BF2121B 
  88      ABB8
  89 0012 11BB2928 		.ascii	"\021\273)(HE\232ZW\"\210PAD\305E\335\270\022?\205\026"
  89      48459A5A 
  89      57228850 
  89      4144C545 
  89      DDB8123F 
  90 0028 EB87A6E8 		.ascii	"\353\207\246\350Ft\222F\263\210X\027\376\242\206W\214"
  90      46749246 
  90      B3885817 
  90      FEA28657 
  90      8C
  91 0039 C5CFC25F 		.ascii	"\305\317\302_\005\321j\215\325\372m\375\324\372\251"
  91      05D16A8D 
  91      D5FA6DFD 
  91      D4FAA9
  92 0048 961A456B 		.ascii	"\226\032Ek)\321\342ga\261X\357\314\213\230\202\210:"
  92      29D1E267 
  92      61B158EF 
  92      CC8B9882 
  92      883A
  93 005a E44DE6CE 		.ascii	"\344M\346\316\234{\356\2353\307\022\020\273M!6\011!"
  93      9C7BEE9D 
  93      33C71210 
  93      BB4D2136 
  93      0921
  94 006c 66F30797 		.ascii	"f\363\007\227\200!\245\234\353\011Y\206A\035\361&\267"
  94      8021A59C 
  94      EB095986 
  94      411DF126 
  94      B7
  95 007d 297D6653 		.ascii	")}fS_\373,S\346\021\314\354\231\011\350\225\264 \266"
  95      5FFB2C53 
  95      E611CCEC 
  95      9909E895 
  95      B420B6
  96 0090 1A64622B 		.ascii	"\032db+\352i\037\2415\332w\301(:\312g2\265\257\327\263"
  96      EA691FA1 
ARM GAS  /tmp/cc5VXquU.s 			page 7


  96      35DA77C1 
  96      283ACA67 
  96      32B5AFD7 
  97 00a5 5D6E9B68 		.ascii	"]n\233h\223\020q\376\234\201\213(b\\o8\3615o'\331\004"
  97      931071FE 
  97      9C818B28 
  97      625C6F38 
  97      F1356F27 
  98 00bb 981CEEBE 		.ascii	"\230\034\356\276s\356\266O\205\006\0129\374v\342tO>"
  98      73EEB64F 
  98      85060A39 
  98      FC76E274 
  98      4F3E
  99 00cd 4D87E0F5 		.ascii	"M\207\340\365\265\356\216\201\374\251\215R\206e*\223"
  99      B5EE8E81 
  99      FCA98D52 
  99      86652A93 
 100 00dd 2439C526 		.ascii	"$9\305&\302e\020S\342\022\012\320\214\002!x\217\251"
 100      C2651053 
 100      E2120AD0 
 100      8C022178 
 100      8FA9
 101 00ef 5B3055A8 		.ascii	"[0U\250\224\327g\276\357\361\273\315lU\\\201\233o)\220"
 101      94D767BE 
 101      EFF1BBCD 
 101      6C555C81 
 101      9B6F2990 
 102 0103 2471AAD3 		.ascii	"$q\252\323\225\222\337G\2422\365\345\010\206\346\373"
 102      9592DF47 
 102      A232F5E5 
 102      0886E6FB 
 103 0113 C199A6A1 		.ascii	"\301\231\246\241&7T\272\207\227.KM^\236\334B\304H\250"
 103      263754BA 
 103      87972E4B 
 103      4D5E9EDC 
 103      42C448A8 
 104 0127 BB989029 		.ascii	"\273\230\220)!v\220\341\004u\034\014\240\365\322P\346"
 104      217690E1 
 104      04751C0C 
 104      A0F5D250 
 104      E6
 105 0138 D89B579E 		.ascii	"\330\233W\236Q\025\271\320\257\026\"\012\236\216\275"
 105      5115B9D0 
 105      AF16220A 
 105      9E8EBD
 106 0147 774DD25D 		.ascii	"wM\322]\350\323\0344\256\302\215\024w'\320\012w\202"
 106      E8D31C34 
 106      AEC28D14 
 106      7727D00A 
 106      7782
 107 0159 14D3CEBA 		.ascii	"\024\323\316\272\301^K)\341\321\267\377\3706Y\237\357"
 107      C15E4B29 
 107      E1D1B7FF 
 107      F836599F 
 107      EF
 108 016a 84BA346F 		.ascii	"\204\2724o5\034\370\234\3647\"\011\233,\\g\005\256)"
 108      351CF89C 
ARM GAS  /tmp/cc5VXquU.s 			page 8


 108      F4372209 
 108      9B2C5C67 
 108      05AE29
 109 017d 05F8A0A5 		.ascii	"\005\370\240\245\247\377\250\247\344\244\214\204d\272"
 109      A7FFA8A7 
 109      E4A48C84 
 109      64BA
 110 018b 2939FED0 		.ascii	")9\376\320f\233\274hC#\366+q\256*\025n\240\204\033\257"
 110      669BBC68 
 110      4323F62B 
 110      71AE2A15 
 110      6EA0841B 
 111 01a0 DB1BEDF6 		.ascii	"\333\033\355\366:%-\247\352\366\266]\315~U\306\005\003"
 111      3A252DA7 
 111      EAF6B65D 
 111      CD7E55C6 
 111      0503
 112 01b2 37998F41 		.ascii	"7\231\217A\017\242\307\311\001y\031\307\240\233\203"
 112      0FA2C7C9 
 112      017919C7 
 112      A09B83
 113 01c1 EFBBE080 		.ascii	"\357\273\340\200\004niPx8z\352M=\251\313%\010\214\024"
 113      046E6950 
 113      78387AEA 
 113      4D3DA9CB 
 113      25088C14 
 114 01d5 196C2B74 		.ascii	"\031l+tB\203S\232\277\\\036\360F\020\016\261\013|q2"
 114      4283539A 
 114      BF5C1EF0 
 114      46100EB1 
 114      0B7C7132 
 115 01e9 B88FDB88 		.ascii	"\270\217\333\210@08\227\320d\302;(\260i\214x\213H\177"
 115      40303897 
 115      D064C23B 
 115      28B0698C 
 115      788B487F 
 116 01fd 599640ED 		.ascii	"Y\226@\355i\323\354 \352k\217\317T\272\033\031Dt\001"
 116      69D3EC20 
 116      EA6B8FCF 
 116      54BA1B19 
 116      447401
 117 0210 75E3C4B1 		.ascii	"u\343\304\261\366\021Mo\331\224\027\327\036\270\253"
 117      F6114D6F 
 117      D99417D7 
 117      1EB8AB
 118 021f E87375F4 		.ascii	"\350su\364\3530\267\021\177\222\234Gz)?u\370X\311\320"
 118      EB30B711 
 118      7F929C47 
 118      7A293F75 
 118      F858C9D0 
 119 0233 389BC6A2 		.ascii	"8\233\306\242\2033\321\236\325\362\363\273\266\026K"
 119      8333D19E 
 119      D5F2F3BB 
 119      B6164B
 120 0242 E1F74B59 		.ascii	"\341\367KY\250H\356\261\216\216\223\3563\316\246|\335"
 120      A848EEB1 
 120      8E8E93EE 
ARM GAS  /tmp/cc5VXquU.s 			page 9


 120      33CEA67C 
 120      DD
 121 0253 9639CA0F 		.ascii	"\2269\312\017\007\2062\351\236\320h?\230\277\361\303"
 121      078632E9 
 121      9ED0683F 
 121      98BFF1C3 
 122 0263 37EED4F1 		.ascii	"7\356\324\361\2039\332\017\017\331\017\017\264\037:"
 122      8339DA0F 
 122      0FD90F0F 
 122      B41F3A
 123 0272 E1FEEBA7 		.ascii	"\341\376\353\247\256\233pp\216M\343\360H?54\215\002"
 123      AE9B7070 
 123      8E4DE3F0 
 123      483F3534 
 123      8D02
 124 0284 0DBFBA3F 		.ascii	"\015\277\272?\350+=\255@\015g\241\314\320\205\022Lc"
 124      E82B3DAD 
 124      400D67A1 
 124      CCD08512 
 124      4C63
 125 0296 068DC063 		.ascii	"\006\215\300c\224&\330\343\334\370\247\376\370\3714"
 125      9426D8E3 
 125      DCF8A7FE 
 125      F8F934
 126 02a5 FEA168C3 		.ascii	"\376\241h\303\026E\367D\0274\262tOQ\222\253\273\227"
 126      1645F744 
 126      1734B274 
 126      4F5192AB 
 126      BB97
 127 02b7 1B79A64D 		.ascii	"\033y\246M\302\364\007\377\207\276\373\247u5\375sM\337"
 127      C2F407FF 
 127      87BEFBA7 
 127      7535FD73 
 127      4DDF
 128 02c9 183BEC18 		.ascii	"\030;\354\030\325\313F}\301\231\037\020N\307\206'\353"
 128      D5CB467D 
 128      C1991F10 
 128      4EC78627 
 128      EB
 129 02da A7512346 		.ascii	"\247Q#F\030\341A\010\247TXT\\\034\340\337\232\212\232"
 129      18E14108 
 129      A7545854 
 129      5C1CE0DF 
 129      9A8A9A
 130 02ed 7515D581 		.ascii	"u\025\325\201\262\312\252\225UK\312\003\353\203\201"
 130      B2CAAA95 
 130      554BCA03 
 130      EB8381
 131 02fc CA15D581 		.ascii	"\312\025\325\201`\315*\365\277<X[\274JxV\254\014\326"
 131      60CD2AF5 
 131      BF3C585B 
 131      BC4A7856 
 131      AC0CD6
 132 030f 56ADAD28 		.ascii	"V\255\255(\373S\306\206\3655\265\301@\371\322\3053K"
 132      FB53C686 
 132      F535B5C1 
 132      40F9D2C5 
ARM GAS  /tmp/cc5VXquU.s 			page 10


 132      334B
 133 0321 038B16CD 		.ascii	"\003\213\026\315\013\224/+_\272\240l\341\306\031Y\236"
 133      0B942F2B 
 133      5FBAA06C 
 133      E1C61959 
 133      9E
 134 0332 E5D5D5AB 		.ascii	"\345\325\325\253\213+\305\017f\030\247y"
 134      8B2BC50F 
 134      6618A779 
 135              		.text
 136              		.section	.gnu.lto_stStopAlarm.5af66ee12432cdea,"e",%progbits
 137 0000 789C7D50 		.ascii	"x\234}P\277K\202Q\024\275\347{\376\"\220\306\002ilp"
 137      BF4B8251 
 137      14BDE77B 
 137      FE2290C6 
 137      02696C70 
 138 0014 F1B3DA23 		.ascii	"\361\263\332#\260\2452\032tq\2222AI2TZ}\376\250\006"
 138      B0A5321A 
 138      74719232 
 138      41493254 
 138      5A7DFEA8 
 139 0029 432108CD 		.ascii	"C!\010\315\006\003\021\267\302\261_\366e\375\005\315"
 139      060311B7 
 139      C2B15FF6 
 139      65FD05CD 
 140 0039 161615D1 		.ascii	"\026\026\025\321P\224K\223\365\276O\011[\272\274\313"
 140      50944B93 
 140      F5BE4F09 
 140      5BBABCCB 
 141 0049 7BE79E73 		.ascii	"{\347\236s\357y\357\231\010\344\001Q\230\210FD\202\021"
 141      EF79EF99 
 141      08E40151 
 141      98884644 
 141      8211
 142 005b 24CEF994 		.ascii	"$\316\371\2241a\222\000\355\304M\240\270\2048r,\317"
 142      31619200 
 142      EDC44DA0 
 142      B8843872 
 142      2CCF
 143 006d D0D87A3E 		.ascii	"\320\330z>\226\254U\301p%_\034\330\344\033\303%F\264"
 143      96AC55C1 
 143      70255F1C 
 143      D8E41BC3 
 143      2546B4
 144 0080 27B21B38 		.ascii	"'\262\0338\201\225H(\037j\235]\263A\327\243p\012\203"
 144      81954828 
 144      1F6A9D5D 
 144      B341D7A3 
 144      700A83
 145 0093 30233ABA 		.ascii	"0#:\272\321+\274\363\275\305\225\3532j\263\202\3140"
 145      D12BBCF3 
 145      BDC595EB 
 145      326AB382 
 145      CC30
 146 00a5 52C7E9C0 		.ascii	"R\307\351\300\025\242m&uAJ\200W4>\277\232\217\267\367"
 146      15A26D26 
 146      75414A80 
ARM GAS  /tmp/cc5VXquU.s 			page 11


 146      57343EBF 
 146      9A8FB7F7 
 147 00b9 FA3FF3D4 		.ascii	"\372?\363\3241\277\205\264*oerz\246yhl\237\032\3470"
 147      31BF85B4 
 147      2A6F6572 
 147      7AA67968 
 147      6C9F1AE7 
 148 00ce E04C7813 		.ascii	"\340Lx\023\3520\010\"\233z\2773eY\211\001\252\356\343"
 148      EA300822 
 148      9B7ABF33 
 148      65598901 
 148      AAEEE3
 149 00e1 A99C1BEC 		.ascii	"\251\234\033\354B\315W\224\016\212\355\262\271\2022"
 149      42CD5794 
 149      0E8AEDB2 
 149      B98232
 150 00f0 4A4C8202 		.ascii	"JL\202\002\013.`\321f\326\233/U\243\375\220\247\023"
 150      0B2E60D1 
 150      66D69B2F 
 150      55A3FD90 
 150      A713
 151 0102 BCD5DE19 		.ascii	"\274\325\336\031\332\237,1\206KTP\020\257P\215\010\015"
 151      DA9F2C31 
 151      864B5450 
 151      10AF508D 
 151      080D
 152 0114 D8FB3DC4 		.ascii	"\330\373=\304ep%\272\337\220le\012\243\332'\250\221"
 152      657025BA 
 152      DF906C65 
 152      0AA3DA27 
 152      A891
 153 0126 615D3724 		.ascii	"a]7$\025\025Zm6Y\254\025\177d\325\037\222\035\201\340"
 153      15155A6D 
 153      3659AC15 
 153      7F64D51F 
 153      921D81E0 
 154 013a 5270C125 		.ascii	"Rp\301%\207\243r`1$G#>u\367Fc6\0379\376S\256\205#\261"
 154      87A37260 
 154      31244723 
 154      3E75F746 
 154      63361F39 
 155 0154 A8EC72CF 		.ascii	"\250\354r\317O\214\313N\347\264\354\362\270\3343\216"
 155      4F8CCB4E 
 155      E7B4ECF2 
 155      B8DC338E 
 156 0164 B9F5B15E 		.ascii	"\271\365\261^\2777\024Z\266\005\350\007O\332\226\343"
 156      BF37145A 
 156      B605E807 
 156      4FDA96E3 
 157              		.text
 158              		.section	.gnu.lto_stSetAlarm.5af66ee12432cdea,"e",%progbits
 159 0000 789C8D52 		.ascii	"x\234\215RMHTQ\024\276\337;of\336\214N\332.r\343\242"
 159      4D485451 
 159      14BEDF3B 
 159      6F66DE8C 
 159      4EDA2E72 
 160 0016 10231CD3 		.ascii	"\020#\034\323U\004\021\330\2462Z\350\246U\250\011J\366"
ARM GAS  /tmp/cc5VXquU.s 			page 12


 160      550411D8 
 160      A6325AE8 
 160      A655A809 
 160      4AF6
 161 0028 8323B509 		.ascii	"\203#\265\011\2743\216\316\302\310\026\375\2155\274"
 161      BC338ECE 
 161      C2C816FD 
 161      8D35BC
 162 0037 6012A345 		.ascii	"`\022\243EZ\266\250L\033-\373u\262\354\007\0041\213"
 162      5AB6A84C 
 162      1B2DFB75 
 162      B2EC0704 
 162      318B
 163 0049 B2104DAC 		.ascii	"\262\020M\254\026I\221\235{\337@\012\021]\346\335\271"
 163      1649919D 
 163      7BDF400A 
 163      115DE6DD 
 163      B9
 164 005a E79EEF7E 		.ascii	"\347\236\357~\347\334\357~\226\200xEB\034\021Bl\342"
 164      E7DCEF7E 
 164      96807845 
 164      421C1142 
 164      6CE2
 165 006c 0F2E0143 		.ascii	"\017.\001CJ\271\305\023\262\014\203R\261\036\267)}f"
 165      4AB9C513 
 165      B20C8352 
 165      B11EB729 
 165      7D66
 166 007e CFD4F046 		.ascii	"\317\324\360FSf\022\314t\316\004\364JZ\020\215\006\231"
 166      536612CC 
 166      74CE04F4 
 166      4A5A108D 
 166      0699
 167 0090 68441B9D 		.ascii	"hD\033\235!\014F\247n\032\371\235\234\223\3113\257}"
 167      210C46A7 
 167      6E1AF99D 
 167      9C93C933 
 167      AF7D
 168 00a2 2DB27995 		.ascii	"-\262y\225\315\3641\376\234\201[\310g\334D8\376=\363"
 168      CDF431FE 
 168      9C815BC8 
 168      67DC4438 
 168      FE3DF3
 169 00b5 38D90498 		.ascii	"8\331\004\230\034\236||\375\221O\205\006r9\374q\271"
 169      1C9E7C7C 
 169      FD914F85 
 169      067239FC 
 169      71B9
 170 00c7 7B3C8BD6 		.ascii	"{<\213\326C\360\372\356Xj:+\257C\312\260L\216'H\256"
 170      43F0FAEE 
 170      586A3A2B 
 170      AF43CAB0 
 170      4C8E2748 
 171 00dc B189D007 		.ascii	"\261\211\320\007bJ\334F\016z\221#\004\3571u?\362\204"
 171      624ADC46 
 171      0E7A9123 
 171      04EF3175 
ARM GAS  /tmp/cc5VXquU.s 			page 13


 171      3FF284
 172 00ef 3AF2EEEA 		.ascii	":\362\356\352\257S~\267\231\256\212;p\363-\005\022$"
 172      AF537EB7 
 172      99AE8A3B 
 172      70F32D05 
 172      1224
 173 0101 BA465D49 		.ascii	"\272F]I\371k1*\223\357/b~{\006\370\244i\360\344\"5y"
 173      F96B312A 
 173      93EF2F62 
 173      7E7B06F8 
 173      A469F0E4 
 174 0118 A0382C5E 		.ascii	"\2408,^\272\275j\022\242\225\204\272\213\011\231\024"
 174      BABD6A12 
 174      A29584BA 
 174      8B099914 
 175 0128 E218194E 		.ascii	"\342\030\031N\320\304\3014\006o/\314\\z\377\326\263"
 175      D0C4C134 
 175      066F2FCC 
 175      5C7AFFD6 
 175      B3
 176 0139 AC2217FA 		.ascii	"\254\"\027\372\323BD\301'[g]\253u\027:\273\004\215\001"
 176      D34244C1 
 176      275B675D 
 176      AB75173A 
 176      BB048D01 
 177 014d B891E4EE 		.ascii	"\270\221\344\356\004\006\341\216\223\305\271\343Ms\023"
 177      0406E18E 
 177      93C5B9E3 
 177      4D7313
 178 015c 9652C2A3 		.ascii	"\226R\302\243o?\377!\321\226\345\204\2724o]h\377\232"
 178      6F3FFF21 
 178      D196E584 
 178      BA346F5D 
 178      68FF9A
 179 016f F0772001 		.ascii	"\360w \001\233,\334c\005\356*\0058\321?\376\251\323"
 179      9B2CDC63 
 179      05EE2A05 
 179      38D13FFE 
 179      A9D3
 180 0181 53784546 		.ascii	"SxEFBr\262'\261\362\374Q\233\274\030B\007\316*q\006"
 180      4272B227 
 180      B1F2FC51 
 180      9BBC1842 
 180      07CE2A71 
 181 0196 940AF751 		.ascii	"\224\012\367Q\310\2157\235\216\216y\235\222^\247j\313"
 181      C88D379D 
 181      8E8E799D 
 181      925EA76A 
 181      CB
 182 01a7 D0895EBF 		.ascii	"\320\211^\277*\343\206\201\007\314\307\240\376h\327"
 182      2AE38681 
 182      07CCC7A0 
 182      FE68D7
 183 01b6 F553A4FA 		.ascii	"\365S\244\372\216\023\030\311\260\007s\263/\341\300"
 183      8E1318C9 
 183      B00773B3 
 183      2FE1C0
ARM GAS  /tmp/cc5VXquU.s 			page 14


 184 01c5 041E6A58 		.ascii	"\004\036jX\370g\024\016\306`\230\230As\256\023*7\364"
 184      F867140E 
 184      C6609898 
 184      4173AE13 
 184      2A37F4
 185 01d8 7EEB9BF6 		.ascii	"~\353\233\366F\020\016\261\011|12\270\215G\210@0x)\233"
 185      46100EB1 
 185      097C3132 
 185      B88D4788 
 185      40307829 
 186 01ed 8BD91E23 		.ascii	"\213\331\036#\307\246\014\361\001\221O%i\002\265\247"
 186      C7A60CF1 
 186      01914F25 
 186      6902B5A7 
 187 01fd 3D738C68 		.ascii	"=s\214hj8V\254d7f\020\321\005\324\205\343\227\206\027"
 187      6A3856AC 
 187      64376610 
 187      D105D485 
 187      E3978617 
 188 0211 35BD6553 		.ascii	"5\275eSfL[\340\211\242_*\243_\207K\033\361'\310y\243"
 188      664C5BE0 
 188      89A25F2A 
 188      A35F874B 
 188      1BF127C8 
 189 0227 37F24BCA 		.ascii	"7\362K\312\307B\206\262mZ\201\024\237\304pZ\312\257"
 189      C74286B2 
 189      6D5A8114 
 189      9FC4705A 
 189      CAAF
 190 0239 1F87FA2D 		.ascii	"\037\207\372-\205?+e\256\"y\3122:F\032a\234MY\272-s"
 190      853F2B65 
 190      AE2279CA 
 190      323A461A 
 190      619C4D59 
 191 0250 991DDA17 		.ascii	"\231\035\332\027f&'B\313\355`\376\305\016]l6\307\016"
 191      66262742 
 191      CBED60FE 
 191      C50E5D6C 
 191      36C70E
 192 0263 E6723B3C 		.ascii	"\346r;<g;<\323v\030\205\373\277_\272)\347\334f\233\262"
 192      673B3CD3 
 192      761885FB 
 192      BF5FBA29 
 192      E7DC669B 
 193 0278 F142BF34 		.ascii	"\361B\27744\215\002\375|;2\347+\352V\240\013\327\240"
 193      348D02FD 
 193      7C3B32E7 
 193      2BEA56A0 
 193      0BD7A0
 194 028b BCF01285 		.ascii	"\274\360\022\205X\307\014\032\201W(\212\223G|Fx\262"
 194      58C70C1A 
 194      8157288A 
 194      93477C46 
 194      78B2
 195 029d F5C65A7D 		.ascii	"\365\306Z}95Z\011\213<\010\341\244\012\363\013\012\002"
 195      39355A09 
 195      8B3C08E1 
ARM GAS  /tmp/cc5VXquU.s 			page 15


 195      A40AF30B 
 195      0A02
 196 02af FCDB575D 		.ascii	"\374\333W]\177\240\272.PRS[Y\273\253,p0\030\250\251"
 196      7FA0BA2E 
 196      5052535B 
 196      59BBAB2C 
 196      703018A8 
 197 02c4 A80B04EB 		.ascii	"\250\013\004\353\253\324\377\236`CA\225\360TT\006\033"
 197      ABD4FF9E 
 197      60434195 
 197      F0545406 
 197      1B
 198 02d5 6AF75797 		.ascii	"j\367W\227\374\353\304\241\203\365\015\301@Y\371\316"
 198      FCEBC4A1 
 198      83F50DC1 
 198      4059F9CE 
 199 02e5 E2A24069 		.ascii	"\342\242@i\351\326@\331\356\262\362m%;\016oH\363\354"
 199      E9D640D9 
 199      EEB2F26D 
 199      253B0E6F 
 199      48F3EC
 200 02f8 A9ABDB5B 		.ascii	"\251\253\333[P#~\003\214\205f\221"
 200      50237E03 
 200      8C856691 
 201              		.text
 202              		.section	.gnu.lto_stGetAlarm.5af66ee12432cdea,"e",%progbits
 203 0000 789C8D92 		.ascii	"x\234\215\222_HSq\024\307\317\271\347n\273\233.\353"
 203      5F485371 
 203      14C7CFB9 
 203      E76EBB9B 
 203      2EEB
 204 0012 2D92C057 		.ascii	"-\222\300W{\330L\237\242\227`\275\204F\017\363\245'"
 204      7BD84C9F 
 204      A29760BD 
 204      84460FF3 
 204      A527
 205 0024 29139446 		.ascii	")\023\224F\206JO\201\277\315\325\210\211F\224\272l]"
 205      864A4F81 
 205      BFCDD588 
 205      894694BA 
 205      6C5D
 206 0036 6D883EA5 		.ascii	"m\210>\245\242/\371g-k\2316\233Y\004\201\370'\324D4"
 206      A22FF967 
 206      2D6B9936 
 206      9B590481 
 206      F827D444 
 207 004b 297B4810 		.ascii	"){H\020\355\374\356\035\244\004\321e\367\267{~\277\317"
 207      EDFCEE1D 
 207      A404D165 
 207      F7B77B7E 
 207      BFCF
 208 005d EF7BFE6A 		.ascii	"\357{\376j\200\320I\000\325\000p\232_\264\000*B\210"
 208      80D04900 
 208      D500709A 
 208      5FB4002A 
 208      4288
 209 006f 3336BFA6 		.ascii	"36\277\246(4\025\031\260\252\302\241\016\254\244N\251"
ARM GAS  /tmp/cc5VXquU.s 			page 16


 209      28341519 
 209      B0AAC2A1 
 209      0EACA44E 
 209      A9
 210 0080 229B50CD 		.ascii	"\"\233P\315\234\251\210\306\227\320\020\352\025R\261"
 210      9CA988C6 
 210      97D010EA 
 210      1552B1
 211 008f 1E9BA995 		.ascii	"\036\233\251\225p.\020\375\225\335D:\001\252l\336\237"
 211      702E10FD 
 211      95DD443A 
 211      01AA6CDE 
 211      9F
 212 00a0 1C9C7048 		.ascii	"\034\234pH\0231\217\315\340\247\307\317\324\374n!\002"
 212      13318FCD 
 212      E0A7C7CF 
 212      D4FC6E21 
 212      02
 213 00b1 22D1DA92 		.ascii	"\"\321\332\222\325>8-\354:)\020a|\030sq\010sA>8\202"
 213      D53E382D 
 213      EC3A2910 
 213      617C1873 
 213      71087341 
 214 00c8 F9007CE1 		.ascii	"\371\000|\341K\377\356\003\247U\225\200\334\036E+\307"
 214      4BFFEE03 
 214      A7559580 
 214      DC1E452B 
 214      C7
 215 00d9 0B1823E8 		.ascii	"\013\030#\350\235\261$\304\356^H$\226b\330_\354@\320"
 215      9DB124C4 
 215      EE5E4824 
 215      9662D85F 
 215      EC40D0
 216 00ec 89957452 		.ascii	"\211\225tRI.6^,\232\\\354r\001\010\023p\300BE\221\000"
 216      492E365E 
 216      2C9A5CEC 
 216      72010813 
 216      70C04245 
 217 0102 6824C534 		.ascii	"h$\3054\032\330X\303\261\221\355\331\236\245E\333\001"
 217      1AD858C3 
 217      B191EDD9 
 217      9EA545DB 
 217      01
 218 0113 87ECE74F 		.ascii	"\207\354\347O\004A\211/\2047,\307\214 \214\323}4>G+"
 218      0441892F 
 218      84372CC7 
 218      8C208CD3 
 218      7D343E47 
 219 0128 C63938C0 		.ascii	"\30698\300\004Z\243$\225\232\0326\3474\231\272\025%"
 219      045AA324 
 219      959A1A36 
 219      E73499BA 
 219      1525
 220 013a FA7D39D6 		.ascii	"\372}9\326\234c\232\206k\336\352x\270\025sva\014u\262"
 220      9C639A86 
 220      6BDEEA78 
 220      B8157376 
ARM GAS  /tmp/cc5VXquU.s 			page 17


 220      610C75B2 
 221 014e E118A7FF 		.ascii	"\341\030\247\377B\246\317\007\361\331\325n[\301S\021"
 221      42A6CF07 
 221      F1D9D56E 
 221      5BC15311 
 222 015e F48B85AD 		.ascii	"\364\213\205\255'G\036\335\324I\303\227\330\205m\\\006"
 222      27471EDD 
 222      D449C397 
 222      D8856D5C 
 222      06
 223 016f E90BF015 		.ascii	"\351\013\360\025\026p\340\015-\241\317v\323\245fz\275"
 223      1670E00D 
 223      2DA1CF76 
 223      D3A5667A 
 223      BD
 224 0180 9DBC3BEC 		.ascii	"\235\274;\354\224n,\250`\222\365\030\212\207z\007[H"
 224      946E2CA8 
 224      6092F518 
 224      8A877A07 
 224      5B48
 225 0192 C61D2564 		.ascii	"\306\035%d\222\261\361\315\215\217hb\200\257\015,\260"
 225      92B1F1CD 
 225      8D8F6862 
 225      80AF0D2C 
 225      B0
 226 01a3 13429351 		.ascii	"\023B\223Q\030\203u\274\225g\232\262\255\303?G\327\354"
 226      188375BC 
 226      95679AB2 
 226      ADC33F47 
 226      D7EC
 227 01b5 410CF88F 		.ascii	"A\014\370\217\352d\217p\235\001\3071\210\300\360~5\225"
 227      EA648F70 
 227      9D01C731 
 227      88C0F07E 
 227      3595
 228 01c7 D5DE60AE 		.ascii	"\325\336`\256N\016X\306\340\252'# \367\214\2766\022"
 228      4E0E58C6 
 228      E0AA2723 
 228      20F78CBE 
 228      3612
 229 01d9 ADA42245 		.ascii	"\255\244\"E\262\354\312:\006\015\0072\341hOj\317\220"
 229      B2ECCA3A 
 229      060D0732 
 229      E1684F6A 
 229      CF90
 230 01eb D774CA8A 		.ascii	"\327t\312\212\220\314rB\312\357/c\266a\356\017$;Ff\217"
 230      90CC7242 
 230      CAEF2F63 
 230      B661EE0F 
 230      243B4666 
 231 0200 E6C58F29 		.ascii	"\346\305\217)\007\027\322\177X''\276\345\2338\231)\345"
 231      0717D27F 
 231      582727BE 
 231      E59B3899 
 231      29E5
 232 0212 D6D7645C 		.ascii	"\326\327d\\\223|\233\020yR$\305e4\347h\2129\235\016"
 232      937C9B10 
ARM GAS  /tmp/cc5VXquU.s 			page 18


 232      795224C5 
 232      6534E768 
 232      8A399D0E 
 233 0226 1961A907 		.ascii	"\031a\251\007\306az{\266o\276\223\016\214\203\372\367"
 233      C6617A7B 
 233      B66FBE93 
 233      0E8C83FA 
 233      F7
 234 0237 38DC495B 		.ascii	"8\334I[2\323\240\036\234\2064O\303;c\032\246e\376\366"
 234      32D3A01E 
 234      9C86344F 
 234      C33B631A 
 234      A665FEF6 
 235 024b FFEEF5D8 		.ascii	"\377\356\365\330\361\366{L\344\340{\243\331hHIjg1\275"
 235      F1F67B4C 
 235      E4E07BA3 
 235      D9684849 
 235      6A6731BD 
 236 025f E928EC93 		.ascii	"\351(\354\223T\307\220\"\307a\006\013\360\004K\030\004"
 236      54C79022 
 236      C761060B 
 236      F0044B18 
 236      04
 237 0270 7EC042F8 		.ascii	"~\300B\370\206\201\205p:i5\213n\227\365\016\023\356"
 237      86818570 
 237      3A69358B 
 237      6E97F50E 
 237      13EE
 238 0282 F1431848 		.ascii	"\361C\030HH3\337\345r\363\357jE\315\265\012\237\333"
 238      4833DFE5 
 238      72F3EF6A 
 238      45CDB50A 
 238      9FDB
 239 0294 535975B9 		.ascii	"SYu\271\352\202\327]]\353\256\274\344s\327\326\224\313"
 239      EA82D75D 
 239      5DEBAEBC 
 239      E473D7D6 
 239      94CB
 240 02a6 FFB2DA3A 		.ascii	"\377\262\332:W9x\376E^\257\256\251\253u{K\317\027\025"
 240      573978FE 
 240      455EAFAE 
 240      A9AB757B 
 240      4BCF1715 
 241 02ba BA4B4ACE 		.ascii	"\272KJ\316\272\275\027\275\245\347<\3057Nf\356\227\371"
 241      BABD17BD 
 241      A5E73CC5 
 241      374E66EE 
 241      97F9
 242 02cc 7C575C95 		.ascii	"|W\\\225\360\033\305\270Tk"
 242      F01BC5B8 
 242      546B
 243              		.text
 244              		.section	.gnu.lto_stIsAlarmActive.5af66ee12432cdea,"e",%progbits
 245 0000 789C7D90 		.ascii	"x\234}\220MK\033Q\024\206\317;w\362!%\024w\305\320\037"
 245      4D4B1B51 
 245      1486CF3B 
 245      77F22125 
ARM GAS  /tmp/cc5VXquU.s 			page 19


 245      1477C5D0 
 246 0015 904D269A 		.ascii	"\220M&\232?P\210\033\321\322E\334\270\012\032\205H\203"
 246      3F50881B 
 246      D1D245DC 
 246      B80A1A85 
 246      4883
 247 0027 91247425 		.ascii	"\221$t%x\363\321\004\261\250\033\277J\313\210A\324M"
 247      78F3D104 
 247      B1A81BBF 
 247      4ACB8841 
 247      D44D
 248 0039 8BDBC6DA 		.ascii	"\213\333\306\332\251\255\270-E\024AK\224\010\"\304 "
 248      A9ADB82D 
 248      4514414B 
 248      940822C4 
 248      20
 249 004a AEBA893D 		.ascii	"\256\272\211=wFJ\335\3642wf\3169\317y\337s\257\227@"
 249      77464ADD 
 249      F4327766 
 249      CE39CF79 
 249      DF73AF97 
 250 005f 1B204A11 		.ascii	"\033 J\021\321S\336\020\004MJ\371\314\223\363j\200\375"
 250      D153DE10 
 250      044D4AF9 
 250      CC93F36A 
 250      80FD
 251 0071 27BDA049 		.ascii	"'\275\240I\015\223\230\025\213\002\363S\325#_`]\312"
 251      0D939815 
 251      8B02F353 
 251      D5235F60 
 251      5DCA
 252 0083 BCB4160F 		.ascii	"\274\264\026\017\037\225\012\257\237\230\202h\231\033"
 252      1F950AAF 
 252      9F988268 
 252      991B
 253 0091 C37E84FC 		.ascii	"\303~\204\374\244\026>!@\304\364\371Vk\336\347\326U"
 253      A4163E21 
 253      40C4F4F9 
 253      566BDEE7 
 253      D655
 254 00a3 59A5AB70 		.ascii	"Y\245\253p\263!\321\307\237.K\266\356\312\322\252Wp"
 254      B321D1C7 
 254      9F2E4BB6 
 254      EECAD2AA 
 254      5770
 255 00b5 DAEBD2C8 		.ascii	"\332\353\322\310\024l\315/\235\224\032M\013bo\251CZ"
 255      146CCD2F 
 255      9D941A4D 
 255      0B626FA9 
 255      435A
 256 00c7 446F84E6 		.ascii	"Do\204\346\004\005\016\256\260\273\375\373d\243~\346"
 256      04050EAE 
 256      B0BBFDFB 
 256      64A37EE6 
 257 00d7 7920AF54 		.ascii	"y \257T\377&\212\012\257M7\\\035\266\245]\375\207\306"
 257      FF268A0A 
 257      AF4D375C 
ARM GAS  /tmp/cc5VXquU.s 			page 20


 257      1DB6A55D 
 257      FD87C6
 258 00ea 67B8B1CD 		.ascii	"g\270\261\315\243\020v\340~/4\256\315\024\232\277\274"
 258      A31076E0 
 258      7E2F34AE 
 258      CD149ABF 
 258      BC
 259 00fb 33C2141A 		.ascii	"3\302\024\032\024zsQ\231}\354\204\2665\247V\336\336"
 259      147A7351 
 259      997DEC84 
 259      B635A756 
 259      DEDE
 260 010d 567C6BA8 		.ascii	"V|k\250\300\024\002\026\374\370\002\277-\273sr\271\356"
 260      C0140216 
 260      FCF802BF 
 260      2DBB7372 
 260      B9EE
 261 011f 097D90C5 		.ascii	"\011}\220\305\234\254\335\256\266\277\2330\205\216\257"
 261      9CACDDAE 
 261      B6BF9B30 
 261      858EAF
 262 012e 58C3129F 		.ascii	"X\303\022\237Dy\021v\021\342\301\013\013\345\3436\307"
 262      44791176 
 262      11E2C10B 
 262      0BE5E336 
 262      C7
 263 013f 5238AEA5 		.ascii	"R8\256\245\275\271\252O\331\000\032\276\261\036C?\312"
 263      BDB9AA4F 
 263      D9001ABE 
 263      B11E433F 
 263      CA
 264 0150 9BC28174 		.ascii	"\233\302\201t\346\030\332o6\016\340@\204\357\014]#_"
 264      E618DA6F 
 264      360EE040 
 264      84EF0C5D 
 264      235F
 265 0162 9B6AB8D4 		.ascii	"\233j\270\324\321\030\"\373\272\2341\221\267T\030\010"
 265      D11822FB 
 265      BA9C3191 
 265      B7541808 
 266 0172 060D7E5E 		.ascii	"\006\015~^\216\244\307F\222F$1:4\372\"j\2442Fb0id\322"
 266      8EA4C746 
 266      92462431 
 266      3A34FA22 
 266      6AA43246 
 267 018b 71F58D65 		.ascii	"q\365\215e\262\3018E\376G\216\247\322\331\214\021\355"
 267      B2C13845 
 267      FE478EA7 
 267      D2D98C11 
 267      ED
 268 019c 7F1EEE32 		.ascii	"\177\036\3562\372\372\272\215\350@\264\277'\322\373"
 268      FAFABA8D 
 268      E840B4BF 
 268      27D2FB
 269 01ab AAF3BE3F 		.ascii	"\252\363\276?\226L\016\007\023\364\007#,\254\321"
 269      964C0E07 
 269      13F40723 
ARM GAS  /tmp/cc5VXquU.s 			page 21


 269      2CACD1
 270              		.text
 271              		.section	.gnu.lto_.symbol_nodes.5af66ee12432cdea,"e",%progbits
 272 0000 789C758F 		.ascii	"x\234u\217\313\015\0021\014Dg\354\015Y>= !:\240\001"
 272      CB0D0231 
 272      0C4467EC 
 272      0D593E3D 
 272      20213AA0 
 273 0015 28890ABC 		.ascii	"(\211\012\274%p\345N\025\324\200\250\201\317\262|{\200"
 273      2570E54E 
 273      15D480A8 
 273      81CFB27C 
 273      7B80
 274 0027 4080BD24 		.ascii	"@\200\275$>Y\357\315\310r\011bN\000\262\243\241\012"
 274      3E59EFCD 
 274      C8720962 
 274      4E00B2A3 
 274      A10A
 275 0039 5370B105 		.ascii	"Sp\261\005\014XW3\274\015dOcF\035h\222V\356FT#@\345"
 275      0C585733 
 275      BC0D644F 
 275      63461D68 
 275      9256EE46 
 276 0051 48D34CBD 		.ascii	"H\323L\275\246\025\231\372\235\214\365\023\315e2\017"
 276      A61599FA 
 276      9D8CF513 
 276      CD65320F 
 277 0061 4ACC34B4 		.ascii	"J\3144\264N:\3033\315?\2773\374h\204?\247\301\\ie\332"
 277      4E3AC333 
 277      CD3FBF33 
 277      FC68843F 
 277      A7C15C69 
 278 0077 5C68DDA4 		.ascii	"\\h\335\244Q\364\342\231\261\312 n+\252\364\233\315"
 278      51F4E299 
 278      B1CA206E 
 278      2BAAF49B 
 278      CD
 279 0088 72C29AEA 		.ascii	"r\302\232\352Z\350\376\320\267\320\377 ^\025im\363"
 279      5AE8FED0 
 279      B7D0FF20 
 279      5E15696D 
 279      F3
 280              		.text
 281              		.section	.gnu.lto_.refs.5af66ee12432cdea,"e",%progbits
 282 0000 789CE360 		.ascii	"x\234\343``d\020````dbbfgdebcgdg\342`g\000\000\003\372"
 282      60641060 
 282      60606064 
 282      62626667 
 282      64656263 
 283 001e 0057     		.ascii	"\000W"
 284              		.text
 285              		.section	.gnu.lto_.decls.5af66ee12432cdea,"e",%progbits
 286 0000 789CB558 		.ascii	"x\234\265XkP\024G\036\237\236\336\205}\260JHLR\345\027"
 286      6B501447 
 286      1E9F9EDE 
 286      857DB04A 
 286      484C52E5 
ARM GAS  /tmp/cc5VXquU.s 			page 22


 287 0015 4D79652E 		.ascii	"Mye.u\021_\227T\356C.\272\246\324\272\230\334-\246\356"
 287      75115F97 
 287      54EE432E 
 287      BAA6D4BA 
 287      98DC2DA6 
 288 002a 52A9AB2D 		.ascii	"R\251\253-B6\201:\004\213]s\311\227\313\360\020\021"
 288      4236813A 
 288      048B5D73 
 288      C997CBF0 
 288      1011
 289 003c 8DE25B11 		.ascii	"\215\342[\021\303CD4(\362PDD\026\020D\004]\220\227\274"
 289      C3434434 
 289      28F25044 
 289      44161044 
 289      045D9097 
 290 0051 44C528F8 		.ascii	"D\305(\370\306\020\024\025\356\337\3353l\357\254k\335"
 290      C6101415 
 290      EEDFDD33 
 290      6CEFAC6B 
 290      DD
 291 0062 7DC8E07F 		.ascii	"}\310\340\177g\376\335\277\376\365\3775\335=\352\004"
 291      67FEDDBF 
 291      FEF5FF35 
 291      DD3DEA04 
 292 0072 24FC798A 		.ascii	"$\374y\212  ,\0107EA\030\207K'\010B\023\0104\011\225"
 292      20202C08 
 292      37454118 
 292      874B2708 
 292      42130834 
 293 0088 208D207E 		.ascii	" \215 ~\002\273\014 - \355 ] = \227A\256\200\334\004"
 293      02BB0C20 
 293      2D20ED20 
 293      5D203D20 
 293      9741AE80 
 294 009e 1904B907 		.ascii	"\031\004\271\0072*\217\327 A\360\0071 \301\343:\200"
 294      322A8FD7 
 294      2041F007 
 294      3120C1E3 
 294      3A80
 295 00b0 587F3888 		.ascii	"X\1778\210\021\236/\312\355\242\314?(x_\371\204\013"
 295      119E2FCA 
 295      EDA2CC3F 
 295      28785FF9 
 295      840B
 296 00c2 EE4120AF 		.ascii	"\356A \257\310\266\315\004\371\004\332?\006\011\002"
 296      C8B6CD04 
 296      F904DA3F 
 296      060902
 297 00d1 21D32C41 		.ascii	"!\323,A\214\207\330\3707\344\315S\002m/\311s\363\\~"
 297      8C87D8F8 
 297      37E4CD53 
 297      026D2FC9 
 297      73F35C7E 
 298 00e5 325FBF8A 		.ascii	"2_\277\212\323\002\022\002\262\034\344S\302\007r\027"
 298      D3021202 
 298      B21CE453 
 298      C2077217 
ARM GAS  /tmp/cc5VXquU.s 			page 23


 299 00f5 6ED3651F 		.ascii	"n\323e\037\026\303\375O \013@\264r\\\376\216X\014H,"
 299      16C3FD4F 
 299      200B40B4 
 299      725CFE8E 
 299      580C482C 
 300 0109 3E93EDD2 		.ascii	">\223\355\322\250l)\003]#\333\241\366a\261\354\003\211"
 300      A86C2903 
 300      5D23DBA1 
 300      F661B1EC 
 300      0389
 301 011b EFE7CFF1 		.ascii	"\357\347\317\361\241\302\207\017\375\234\037\276| \371"
 301      A1C2870F 
 301      FD9C1FBE 
 301      7C20F9
 302 012a 6C10DC3E 		.ascii	"l\020\334>\210\234\017\304\376\313*\373\377)\333\344"
 302      889C0FC4 
 302      FECB2AFB 
 302      FF29DBE4 
 303 013a AFB2A31A 		.ascii	"\257\262\243\032\364\300\337`\376+\252\371\255\362\374"
 303      F4C0DF60 
 303      FE2BAAF9 
 303      ADF2FC
 304 0149 EA1A6A92 		.ascii	"\352\032j\222\361\375>\352@\211\341M\231O}\355\300\350"
 304      F1FD3EEA 
 304      4089E14D 
 304      994F7DED 
 304      C0E8
 305 015b 64E2B353 		.ascii	"d\342\263S\376\0330\232i@\244\362'C\323\231{wZ\020k"
 305      FE1B309A 
 305      6940A4F2 
 305      2743D399 
 305      7B775A10 
 306 0170 2288333F 		.ascii	"\"\2103?\247\354\237\214E\372\334\363\223tE\037|Hb\227"
 306      A7EC9F8C 
 306      45FADCF3 
 306      9374451F 
 306      7C486297 
 307 0184 EE73019D 		.ascii	"\356s\001\235$\357\215B\266\361h\327\323\311x>\205\366"
 307      24EF8D42 
 307      B6F168D7 
 307      D3C9783E 
 307      85F6
 308 0196 C6ED7914 		.ascii	"\306\355y\024\000,A\006\244\001uk}\361Y\003\250\257"
 308      002C4106 
 308      A401756B 
 308      7DF15903 
 308      A8AF
 309 01a8 18D03450 		.ascii	"\030\3204P\307\317\025\244i\015I\222\024'e\304K\372"
 309      C7CF15A4 
 309      690D4992 
 309      142765C4 
 309      4BFA
 310 01ba 250272A2 		.ascii	"%\002r\242\251\250\002M\025\320)D\247.G\301\250\014"
 310      A9A8024D 
 310      15D02944 
 310      A72E47C1 
 310      A80C
ARM GAS  /tmp/cc5VXquU.s 			page 24


 311 01cc DA4E90B6 		.ascii	"\332N\220\266Jd\200A\225\325\233\333\020\243$j[~n\236"
 311      4A648041 
 311      95D59BDB 
 311      10A3246A 
 311      5B7E6E9E 
 312 01e0 8970488C 		.ascii	"\211pH\214\203\264+,\002\252F\006\001\005OEU\240\001"
 312      83B42B2C 
 312      02AA4606 
 312      01054F45 
 312      55A001
 313 01f3 F85CED8D 		.ascii	"\370\\\355\215T\314\306\032A}v\243\352\260\226\231\323"
 313      54CCC61A 
 313      417D76A3 
 313      EAB09699 
 313      D3
 314 0204 41BA5B1F 		.ascii	"A\272[\037\225\217\006\340\367\211\34586y\364\022F\206"
 314      958F06E0 
 314      F789E538 
 314      3679F412 
 314      4686
 315 0216 A908B810 		.ascii	"\251\010\270\0205Q\332+\341\327\0054o*\232\015\306\324"
 315      3551DA2B 
 315      E1D70534 
 315      6F2A9A0D 
 315      C6D4
 316 0228 82816708 		.ascii	"\202\201g\010{\035\000\316\002\375.IG\033vI\200\276"
 316      7B1D00CE 
 316      02FD2E49 
 316      471B7649 
 316      80BE
 317 023a FF3D7D06 		.ascii	"\377=}\006\316\207\033F\302\202R\210y\360\363\001\""
 317      CE871B46 
 317      C2825288 
 317      79F0F301 
 317      22
 318 024b CDA80686 		.ascii	"\315\250\006\206\234\246\366\325\243 f$\215\\R\377p"
 318      9CA6F6D5 
 318      A3206624 
 318      8D5C52FF 
 318      70
 319 025c B9D1204F 		.ascii	"\271\321 O\226\360\242\311\000\334\271\272\241I\313"
 319      96F0A2C9 
 319      00DCB9BA 
 319      A149CB
 320 026b 339F7B01 		.ascii	"3\237{\001\363\361\243=\305\372\200\344\211H\243\006"
 320      F3F1A33D 
 320      C5FA80E4 
 320      8948A306 
 321 027b 14C485A9 		.ascii	"\024\304\205\251\021\005\010\354\006\330\3259\351g\320"
 321      110508EC 
 321      06D8D539 
 321      E967D0
 322 028a 15741991 		.ascii	"\025t\031\221\242Ah\035F\002\371#?\264z\350\035\221"
 322      A241681D 
 322      4602F923 
 322      3FB47AE8 
 322      1D91
ARM GAS  /tmp/cc5VXquU.s 			page 25


 323 029c 6722E3CA 		.ascii	"g\"\343\312\205\310%\343\004\271\364\2246vs?\223\273"
 323      85C825E3 
 323      04B9F494 
 323      3676733F 
 323      93BB
 324 02ae 28B38872 		.ascii	"(\263\210r\345 6\206\261S\225\243f\375H\356\227/A\231"
 324      E5203686 
 324      B15395A3 
 324      66FD48EE 
 324      972F4199 
 325 02c2 44709BC5 		.ascii	"Dp\233\3058H\223(\317\311\217@^\026\273\011\205\011"
 325      38489328 
 325      CFC98F40 
 325      5E16BB09 
 325      8509
 326 02d4 52E54213 		.ascii	"R\345B\023%]Q\264\307\245\273\212\372b!\330}\005\031"
 326      255D51B4 
 326      C7A5BB8A 
 326      FA6221D8 
 326      7D0519
 327 02e7 26419892 		.ascii	"&A\230\2222\215u\255)\274{Y\213?\247\325\236X\223Rf"
 327      328D75AD 
 327      29BC7B59 
 327      8B3FA7D5 
 327      9E589352 
 328 02fc 62E52582 		.ascii	"b\345%\202\232\331\352\212C\254\274\002A\335\226u\272"
 328      9AD9EA8A 
 328      43ACBC02 
 328      41DD9675 
 328      BA
 329 030d 45FFDA36 		.ascii	"E\377\3326\232\260x)PD\341\257\242fHA\023M\301E\364"
 329      9AB07829 
 329      5044E1AF 
 329      A2664841 
 329      134DC145 
 330 0322 9A805669 		.ascii	"\232\200Vi\030\351\320\235\365u\223\336\310\220\372"
 330      18E9D09D 
 330      F57593DE 
 330      C890FA
 331 0331 FA24677B 		.ascii	"\372$g{\332\374\235\015\211\222\013\206}@a\310\005\325"
 331      DAFC9D0D 
 331      89920B86 
 331      7D4061C8 
 331      05D5
 332 0343 002F0635 		.ascii	"\000/\0065\021\236\005t\001]E\350<\344\014\032Z\320"
 332      119E0574 
 332      015D45E8 
 332      3CE40C1A 
 332      5AD0
 333 0355 1B4050DA 		.ascii	"\033@P\332\361$\301\037\257G\324\254\215\243\307\373"
 333      F124C11F 
 333      AF47D4AC 
 333      8DA3C7FB 
 334 0365 74FCC4F0 		.ascii	"t\374\304\360\"q3\267\3613\037\035O\3146\3113\217\245"
 334      227133B7 
 334      F1331F1D 
 334      4FCC36C9 
ARM GAS  /tmp/cc5VXquU.s 			page 26


 334      338FA5
 335 0378 BD9A192F 		.ascii	"\275\232\031/\345\302\260i\004\204Z\271y[\325\363\266"
 335      E5C2B069 
 335      04845AB9 
 335      795BD5F3 
 335      B6
 336 0389 D379E3F3 		.ascii	"\323y\343\363:\223\265x\027\233w0\276)\033k \277tB\230"
 336      3A93B578 
 336      179B7730 
 336      BE291B6B 
 336      20BF7442 
 337 039e 81BC72C3 		.ascii	"\201\274r\303}\375\242\317 t\022S.!\331\226\276\344"
 337      7DFDA2CF 
 337      20741253 
 337      2E21D996 
 337      BEE4
 338 03b0 8A0B3AC5 		.ascii	"\212\013:\305\226\037\003R%'\274\027\222HP\250\203\263"
 338      961F0352 
 338      2527BC17 
 338      924850A8 
 338      83B3
 339 03c2 A5436D4B 		.ascii	"\245CmK\027\265\345\354\223\302I8\207\2312\226\266q"
 339      17B5E5EC 
 339      93C24938 
 339      87993296 
 339      B671
 340 03d4 00CB5483 		.ascii	"\000\313T\203oN0\221hvsL\335j\246\036\312\264\271h$"
 340      6F4E3091 
 340      6876734C 
 340      DD6AA61E 
 340      CAB4B968 
 341 03e9 5D8B0B19 		.ascii	"]\213\013\031U~\377\370m$Su\276\345aT/G\325\253\246"
 341      557EFFF8 
 341      6D245375 
 341      BEE56154 
 341      2F47D5AB 
 342 03fe BA4CA9F2 		.ascii	"\272L\251\362~q\025\232p9\243\212-=:\250P\365\346y\006"
 342      7E71159A 
 342      7039A38A 
 342      2D3D3AA8 
 342      50F5E679 
 343 0413 BB8FE3EA 		.ascii	"\273\217\343\352Ss]\241\\I\227\006\235\032\\\307\270"
 343      53735DA1 
 343      5C499706 
 343      9D1A5CC7 
 343      B8
 344 0424 1A6B2EEE 		.ascii	"\032k.\356\364\307\035T\301\225\331\355Ez\244g\213\327"
 344      F4C71D54 
 344      C195D9ED 
 344      457AA467 
 344      8BD7
 345 0436 1ABA9EC4 		.ascii	"\032\272\236\304\247\004\242\211\365\344\032\220\367"
 345      A704A289 
 345      F5E41A90 
 345      F7
 346 0443 23BD80AE 		.ascii	"#\275\200\256\003\340gy\361\"\015t\361\012\244\217d"
 346      03E06779 
ARM GAS  /tmp/cc5VXquU.s 			page 27


 346      F1220D74 
 346      F10AA48F 
 346      64
 347 0454 3D6CBCF4 		.ascii	"=l\274\364#\346\223\005\355\\\266n\360\205S\222\320"
 347      23E69305 
 347      ED5CB66E 
 347      F0855392 
 347      D0
 348 0465 B241AFF8 		.ascii	"\262A\257\370rXNV\254H@`\270\333\227\253j_nR_\036\254"
 348      72584E56 
 348      AC484060 
 348      B8DB97AB 
 348      6A5F6E52 
 349 047c BF973119 		.ascii	"\277\2271\031\3672_\332\232\216dk\010\227\004\345_>"
 349      F7325FDA 
 349      9A8E646B 
 349      089704E5 
 349      5F3E
 350 048e 3F2F3EF1 		.ascii	"?/>\361\007)\023\261\342\037\340\270\006\344m\007\015"
 350      072913B1 
 350      E21FE0B8 
 350      06E46D07 
 350      0D
 351 049f 520EE7FD 		.ascii	"R\016\347\375\354\235\030\037f\233T\337\335\252\024"
 351      EC9D181F 
 351      669B54DF 
 351      DDAA14
 352 04ae CCAF7864 		.ascii	"\314\257xdyt\257x\267\351\212\007\270\372c[N\232h\221"
 352      7974AF78 
 352      B7E98A07 
 352      B8FA635B 
 352      4E9A6891 
 353 04c2 42935CA4 		.ascii	"B\223\\\244\265EGr\220\317\"\275K\334\276\243\024\351"
 353      B5454772 
 353      90CF22BD 
 353      4BDCBEA3 
 353      14E9
 354 04d4 0197AB49 		.ascii	"\001\227\253I+\333Z}aFY\261\224\240%\020t\2133\364\226"
 354      2BDB5A7D 
 354      614659B1 
 354      94A02510 
 354      748B33F4 
 355 04e9 62E83D6A 		.ascii	"b\350=j\350\343K\351\243&\37433\364P\334\223\032\035"
 355      E8E34BE9 
 355      A326FC33 
 355      33F450DC 
 355      931A1D
 356 04fc 1E61CA50 		.ascii	"\036a\312Pown\000X\203\036\320\021$\257\371\003\353"
 356      6F776E00 
 356      58831ED0 
 356      1124AFF9 
 356      03EB
 357 050e FCF033D6 		.ascii	"\374\3603\326]|k\313n-\351~H\2428\204\250\265Gb\235"
 357      5D7C6BCB 
 357      6E2DE97E 
 357      48A23884 
 357      A8B54762 
ARM GAS  /tmp/cc5VXquU.s 			page 28


 358 0523 FB4D380E 		.ascii	"\373M8\016SDU\327\365\033\376\0041L\020\2770\304\341"
 358      534455D7 
 358      F51BFE04 
 358      314C10BF 
 358      30C4E1
 359 0536 BC27470C 		.ascii	"\274'G\014\324G?\345=\274\262\377\372*\245e\204\241"
 359      D4473FE5 
 359      3DBCB2FF 
 359      FA2AA565 
 359      84A1
 360 0548 B65FA8BA 		.ascii	"\266_\250\272\355\221m?~\225xL\274~\244x-\235\312\210"
 360      ED916D3F 
 360      7E95784C 
 360      BC7EA478 
 360      2D9DCA88 
 361 055c 0B00AFEF 		.ascii	"\013\000\257\357gH\031\251\322\3028i\275\344,\022\011"
 361      674819A9 
 361      D2C23869 
 361      BDE42C12 
 361      09
 362 056d 08DD57FC 		.ascii	"\010\335W\374F\277\002\232\250\314\365Q\352\372\201"
 362      46BF029A 
 362      A8CCF551 
 362      EAFA81
 363 057c E10DBB0D 		.ascii	"\341\015\273\015l\211${M\372\232~\337\233\367Sy\363"
 363      6C89247B 
 363      4DFA9A7E 
 363      DF9BF753 
 363      79F3
 364 058e 7EC236BC 		.ascii	"~\3026\274\222\332\233\373\344\263\204\011\324\352\024"
 364      92DA9BFB 
 364      E4B38409 
 364      D4EA14
 365 059d 67A51F5B 		.ascii	"g\245\037[]o\222\356\253\005\307\343\214\352\235v\014"
 365      5D6F92EE 
 365      AB05C7E3 
 365      8CEA9D76 
 365      0C
 366 05ae C89E51B2 		.ascii	"\310\236Q\262q\262\037>U\366\303\315\333\332\217`\365"
 366      71B21F3E 
 366      55F6C3CD 
 366      DBDA8F60 
 366      F5
 367 05bf E6E90BDC 		.ascii	"\346\351\013\334\2625\361\216~z2N\207\227D\022\203\350"
 367      B235F18E 
 367      7E7A324E 
 367      87974412 
 367      83E8
 368 05d1 32D653E4 		.ascii	"2\326S\344\362\307;Y\3143\033\037n7\340\034\246du'\025"
 368      F2C73B59 
 368      CC331B1F 
 368      6E37E01C 
 368      A6647527 
 369 05e6 EA7FB757 		.ascii	"\352\177\267Wr9\311\322=#=GJJ\211\245\343P\274\210\311"
 369      7239C9D2 
 369      3D233D47 
 369      4A4A89A5 
ARM GAS  /tmp/cc5VXquU.s 			page 29


 369      E350BC88 
 370 05fb D2C4CD13 		.ascii	"\322\304\315\023\007-\261\342txJ\020\177G\012\277\260"
 370      072DB1E2 
 370      74784A10 
 370      7F470ABF 
 370      B0
 371 060c AC1C4FCF 		.ascii	"\254\034O\317\2473\301\016M'\357l\200\265\247\214\221"
 371      A733C10E 
 371      4D27EF6C 
 371      80B5A78C 
 371      91
 372 061d 17A595B4 		.ascii	"\027\245\225\264je\362\301\267b3\234\011\323\350NN\230"
 372      6A65F2C1 
 372      B762339C 
 372      09D3E84E 
 372      4E98
 373 062f 617DE1B6 		.ascii	"a}\341\266\377DhYM\231\327P\346[\031\267\013\304\351"
 373      FF446859 
 373      4D99D750 
 373      E65B19B7 
 373      0BC4E9
 374 0642 6779E691 		.ascii	"gy\346\221\264\322\323&\334\312\230\307*O8u\012\363"
 374      B4D2D326 
 374      DCCA98C7 
 374      2A4F3875 
 374      0AF3
 375 0654 1F3C99AF 		.ascii	"\037<\231\257x0\257\205\226$\312\234L\231\257\325\334"
 375      7830AF85 
 375      9624CA9C 
 375      4C99AFD5 
 375      DC
 376 0665 7D68E25F 		.ascii	"}h\342_4\362\226\272\223\270N\244G\013\270q\007\256"
 376      34F296BA 
 376      93B84EA4 
 376      470BB871 
 376      07AE
 377 0677 20F9C055 		.ascii	" \371\300U1\276\275B\303t\035\331!\017V>\015`)u\222"
 377      31BEBD42 
 377      C3741DD9 
 377      210F563E 
 377      0D602975 
 378 068c EE632925 		.ascii	"\356c)%\211r\267\213\350\325mg\356k\3605f\361\201\354"
 378      8972B78B 
 378      E8D56D67 
 378      EE6BF035 
 378      66F181EC 
 379 06a0 4D597E78 		.ascii	"MY~x\200)g\237\326\234\011 \205\024\357u\222\334$z\235"
 379      8029679F 
 379      D69C0920 
 379      8514EF75 
 379      92DC247A 
 380 06b5 24614043 		.ascii	"$a@C\303\223F-\036b\243\317\355v\305\312EYG\364\255"
 380      C393462D 
 380      1E62A3CF 
 380      ED76C5CA 
 380      455947F4 
 381 06ca 27AACB8C 		.ascii	"'\252\313\214x\230u^K\276Z\355\207G\231\242X\030$[\230"
ARM GAS  /tmp/cc5VXquU.s 			page 30


 381      7898755E 
 381      4BBE5AED 
 381      874799A2 
 381      5818245B 
 382 06df DE355C8F 		.ascii	"\3365\\\217\360\030\353\254.\351\032\020Y\347ln\373"
 382      F018EBAC 
 382      2EE91A10 
 382      59E76C6E 
 382      FB
 383 06f0 0F62DBFF 		.ascii	"\017b\333\377\241\361\033\273'3\347$\004zys\367\007"
 383      A1F11BBB 
 383      2733E724 
 383      047A7973 
 383      F707
 384 0702 385E4347 		.ascii	"8^CG\306\265\346\225LbPL\326\237\266\332z\235\317\327"
 384      C6B5E695 
 384      4C62504C 
 384      D69FB6DA 
 384      7A9DCFD7 
 385 0716 E24791BD 		.ascii	"\342G\221\275\026{D\352Ij\337O\231\001\317?D?\337\365"
 385      167B44EA 
 385      496ADF4F 
 385      9901CF3F 
 385      443FDFF5 
 386 072a AC3B6992 		.ascii	"\254;i\222\336]\373\032\224.\032\320nq*J\025\011}\006"
 386      DE5DFB1A 
 386      942E1AD0 
 386      6E712A4A 
 386      15097D06 
 387 073e 54389D83 		.ascii	"T8\235\203\326\376\360\331\216\003F\036\274\371\005"
 387      D6FEF0D9 
 387      8E03461E 
 387      BCF905
 388 074d E0C37BF7 		.ascii	"\340\303{\367\3550\3405\314\247\353Y\267\2470\227\336"
 388      ED30E035 
 388      CCA7EB59 
 388      B7A73097 
 388      DE
 389 075e 042DE7D7 		.ascii	"\004-\347\327\262x\035^\307\272\266\234\332\323\350"
 389      B2781D5E 
 389      C7BAB69C 
 389      DAD3E8
 390 076d 8F373245 		.ascii	"\21772E\371&\010b\337\004q\355\013\361\026\326S\261"
 390      F9260862 
 390      DF0471ED 
 390      0BF116D6 
 390      53B1
 391 077f 69730FC4 		.ascii	"is\017\304\203)\207\216\255\337\355\317`\257\223D\234"
 391      8329878E 
 391      ADDFEDCF 
 391      60AF9344 
 391      9C
 392 0790 BB3513A7 		.ascii	"\2735\023\247\261\256\261\272\352\2318\213=\327\036"
 392      B1AEB1BA 
 392      EA99388B 
 392      3DD71E
 393 079f CBDD8F70 		.ascii	"\313\335\217p.S\206Rko\031p\036S2\232\323\216\353p>"
ARM GAS  /tmp/cc5VXquU.s 			page 31


 393      2E538652 
 393      6B6F1970 
 393      1E53329A 
 393      D38EEB70 
 394 07b4 53721E6D 		.ascii	"Sr\036m\317\011\300\305Li)mM2\342R\246$\025\024\354"
 394      CF09C0C5 
 394      4C69296D 
 394      4D32E252 
 394      A6241514 
 395 07c9 34E272A6 		.ascii	"4\342r\246\234h="
 395      9C683D
 396 07d0 9725E7A5 		.ascii	"\227%\347\245\217\350M\305'\267\352\344\034\372\201"
 396      8FE84DC5 
 396      27B7EAE4 
 396      1CFA81
 397 07df 9EDCDC30 		.ascii	"\236\334\3340\202p%\003\227\224wn\234\3443kG\345\254"
 397      82702503 
 397      9794776E 
 397      9CE4336B 
 397      47E5AC
 398 07f2 CDA63948 		.ascii	"\315\2469H\272\273\317\031\240\316\301\006\010\353\017"
 398      BABBCF19 
 398      A0CEC106 
 398      08EB0F
 399 0801 34ACC748 		.ascii	"4\254\307HX\217*a=\324\361\340:V\347\300\007x\312\332"
 399      588F2A61 
 399      3DD4F1E0 
 399      3A56E7C0 
 399      0778CADA 
 400 0815 EC82523D 		.ascii	"\354\202R=\232\341}\275<#KJ\210\227\234#;\361\341\202"
 400      9AE17DBD 
 400      3C234B4A 
 400      88979C23 
 400      3BF1E182 
 401 0829 FEA65829 		.ascii	"\376\246X){6%J\201\"9'\276\314\231\272\221\322:\311"
 401      7B36254A 
 401      81223927 
 401      BECC99BA 
 401      91D23AC9 
 402 083d 331B52FF 		.ascii	"3\033R\377=l\347\011~\024\236\357\005gV\314a\350X\311"
 402      3D6CE709 
 402      7E149EEF 
 402      056756CC 
 402      61E858C9 
 403 0851 793509C7 		.ascii	"y5\011\307Rx&\254yi2\334]2\273\324\354\315I\330M\237"
 403      527826AC 
 403      796932DC 
 403      5D32BBD4 
 403      ECCD49D8 
 404 0867 ED45BF57 		.ascii	"\355E\277W\215\037\342\2549\350\005?\240\206Wq\360#"
 404      8D1FE2AC 
 404      39E8053F 
 404      A0865771 
 404      F023
 405 0879 5EF06015 		.ascii	"^\360`\025z\364?nt\301\363\321s&\300\235\274\345Y^\350"
 405      7AF43F6E 
 405      74C1F3D1 
ARM GAS  /tmp/cc5VXquU.s 			page 32


 405      7326C09D 
 405      BCE5595E 
 406 088e 5DA20A9E 		.ascii	"]\242\012\236\314\301\267{\301\267\252\341\234\341\207"
 406      CCC1B77B 
 406      C1B7AAE1 
 406      9CE187
 407 089d BCD0A92A 		.ascii	"\274\320\251*\364 \207\376\311GT\3349\032M\226sT\002"
 407      F42087FE 
 407      C94754DC 
 407      391A4D96 
 407      735402
 408 08b0 392A96E1 		.ascii	"9*\226\341\356\222Z\257\"\277\312[\276\315\207\345|"
 408      EE925AAF 
 408      22BFCA5B 
 408      BECD87E5 
 408      7C
 409 08c1 14396372 		.ascii	"\0249cr\275\3409*\366z>\214\373|\024\200\033\336\314"
 409      BDE0392A 
 409      F67A3E8C 
 409      FB7C1480 
 409      1BDECC
 410 08d4 911FF651 		.ascii	"\221\037\366Q\215|\376y\366\375>\214\341\360\203\274"
 410      8D7CFE79 
 410      F6FD3E8C 
 410      E1F083BC 
 411 08e4 AF5B7CBC 		.ascii	"\257[|\274\034\\\334y\372\235^\360\035n\372M\362\013"
 411      1C5CDC79 
 411      FA9D5EF0 
 411      1D6EFA4D 
 411      F20B
 412 08f6 2C916351 		.ascii	",\221cQ\021\304\272\220\366\021<Y\241O\2113P9H)\310"
 412      11C4BA90 
 412      F6113C59 
 412      A14F8933 
 412      50394829 
 413 090b 19904A90 		.ascii	"\031\220J\220\006\220*\220\223 5 u \265 e \025 '@\352"
 413      06902A90 
 413      93203520 
 413      7520B520 
 413      65201520 
 414 0922 419C20A7 		.ascii	"A\234 \247A\316\202\034\007\251\026g\2203\227\234<."
 414      41CE821C 
 414      07A91667 
 414      9033979C 
 414      3C2E
 415 0934 5E793EEA 		.ascii	"^y>\352\210\032H\376k\247\241-w\022^\255e\333b\313\361"
 415      881A48FE 
 415      6BA7A12D 
 415      77125EAD 
 415      65DB62CB 
 416 0949 22D3CBCF 		.ascii	"\"\323\313\3175\0335\312D\277\221\345\344\023\266\246"
 416      351B35CA 
 416      44BF91E5 
 416      E413B6A6 
 417 0959 A4CEC89F 		.ascii	"\244\316\310\237+\316{\330}\201\235+.\320s\305\343\364"
 417      2BCE7BD8 
 417      7D819D2B 
ARM GAS  /tmp/cc5VXquU.s 			page 33


 417      2ED073C5 
 417      E3F4
 418 096b 834F4D78 		.ascii	"\203OMx\0233{\355\3015\007\215p6u\302\227\310\305\362"
 418      13337BED 
 418      C135078D 
 418      703675C2 
 418      97C8C5F2 
 419 097f 69F9D5F4 		.ascii	"i\371\325\364\3439c\011\375\322E.\221\373x\026U\337"
 419      E3396309 
 419      FDD2452E 
 419      91FB7816 
 419      55DF
 420 0991 224D2239 		.ascii	"\"M\"9\243\256\255\031\272\340\361\351\360\330\343D"
 420      A3AEAD19 
 420      BAE0F1E9 
 420      F0D8E344 
 421 09a1 D3CC666E 		.ascii	"\323\314fn\2463\237o\037uM|['\274\340\320\214.\212\257"
 421      A6339F6F 
 421      1F754D7C 
 421      5B27BCE0 
 421      D08C2E8A 
 422 09b6 017EDFAF 		.ascii	"\001~\337\257\373\244I<\367]\017\356\026\306\335B\271"
 422      FBA4493C 
 422      F75D0FEE 
 422      16C6DD42 
 422      B9
 423 09c7 CB07FA5D 		.ascii	"\313\007\372]\036Xr\210tc[\031\266\225\331\361\264\256"
 423      1E587288 
 423      74635B19 
 423      B695D9F1 
 423      B4AE
 424 09d9 C00F67B3 		.ascii	"\300\017g\263\010\214l\275\324\254\227#P[\207\363\212"
 424      088C6CBD 
 424      D4AC9723 
 424      505B87F3 
 424      8A
 425 09ea 2569B524 		.ascii	"%i\265$Ui\350\307X\033\027\2006u\000\332i\0002\213~"
 425      5569E8C7 
 425      581B1780 
 425      367500DA 
 425      6900328B 
 426 09ff 4935E132 		.ascii	"I5\3412F\366 \317U\250\220\015\035\307\354\303.S\376"
 426      46F620CF 
 426      55A8900D 
 426      1DC7ECC3 
 426      2E53FE
 427 0a12 0AE7B83A 		.ascii	"\012\347\270:\324\\\227(W\327xi\206\011\237g\\)\311"
 427      D45C9728 
 427      57D77869 
 427      86099F67 
 427      5C29C9
 428 0a25 370A350A 		.ascii	"7\0125\012\327\0117\02792vr\\\235j\256.\312U1\220\235"
 428      D7093717 
 428      39327672 
 428      5C9D6AAE 
 428      2ECA5531 
 429 0a3b AAC17D8C 		.ascii	"\252\301}\214\353\366\261\261\034\235\302u\322\323\256"
ARM GAS  /tmp/cc5VXquU.s 			page 34


 429      EBF6B1B1 
 429      1C9DC275 
 429      D2D3AE
 430 0a4a 6E8EAB5B 		.ascii	"n\216\253[\315\325C\271\216\355\330\366>~\300\250\326"
 430      CDD543B9 
 430      8EEDD8F6 
 430      3E7EC0A8 
 430      D6
 431 0a5b 776EDDAF 		.ascii	"wn\335\257\270\330v\012\227N\304\213\024L/\307\325\253"
 431      B8D8760A 
 431      974EC48B 
 431      144C2FC7 
 431      D5AB
 432 0a6d E6BA2CBE 		.ascii	"\346\272,\276!\2749kV0\374\373\227-&\312\026\031l\016"
 432      21BC396B 
 432      5630FCFB 
 432      972D26CA 
 432      16196C0E 
 433 0a81 8FF822E2 		.ascii	"\217\370\"\342\223\220\340h{pxhd\260=&\214\334\255v"
 433      9390E068 
 433      7B707868 
 433      64B03D26 
 433      8CDCAD76 
 434 0a95 C7AC30DD 		.ascii	"\307\2540\335\342\217?\235f~\357=Ao\377\316\356\210"
 434      E28F3F9D 
 434      667EEF3D 
 434      416FFFCE 
 434      EE88
 435 0aa7 5861B33A 		.ascii	"Xa\263:4a\341\2411\342|A\037\032\263\342\233w\354o\257"
 435      3461E1A1 
 435      31E27C41 
 435      1F1AB3E2 
 435      9B77EC6F 
 436 0abc 100C61D1 		.ascii	"\020\014a\3211\016\333\267o\257\230-\370\331\035K\243"
 436      310EDBB7 
 436      6FAF982D 
 436      F8D91D4B 
 436      A3
 437 0acd 221CBFFF 		.ascii	"\"\034\277\377_\371\205\000\273c\261\315a\216^\025\345"
 437      5FF98500 
 437      BB63B1CD 
 437      618E5E15 
 437      E5
 438 0ade B0C58012 		.ascii	"\260\305\200\022\342\010\215q,\210\004n#Q\242W\322g"
 438      E2088D71 
 438      2C88046E 
 438      2351A257 
 438      D267
 439 0af0 033CDB1C 		.ascii	"\003<\333\034\312\343b\371q2Lf\247O\013\302\034\021"
 439      CAE362F9 
 439      71324C66 
 439      A74F0BC2 
 439      1C11
 440 0b02 DFD8B4D6 		.ascii	"\337\330\264\326\205\321\321\2210\316\032\031\371\245"
 440      85D1D191 
 440      30CE1A19 
 440      F9A5
ARM GAS  /tmp/cc5VXquU.s 			page 35


 441 0b10 3502EC30 		.ascii	"5\002\3540\277\310\216\225`\265=8d\371\262ys\203?\372"
 441      BFC88E95 
 441      60B53D38 
 441      64F9B279 
 441      73833FFA 
 442 0b24 685170C8 		.ascii	"hQp\310g!\313\227\232\377\362\315\034\331:\3022+\\\320"
 442      6721CB97 
 442      9AFFF2CD 
 442      1CD93AC2 
 442      322B5CD0 
 443 0b38 8785877C 		.ascii	"\207\205\207|g_\022\032\351x\333\027[\214#8\"*,r\325"
 443      675F121A 
 443      E978DB17 
 443      5B8C2338 
 443      222A2C72 
 444 0b4d 97B6E0B0 		.ascii	"\227\266\340\260p[hL\344w0.\320j\375bUD\244#\"\312j"
 444      705B684C 
 444      E477302E 
 444      D06AFD62 
 444      5544A423 
 445 0b64 FB76A52D 		.ascii	"\373v\245-\314\241\015\213\216\262;4\221\266\320\257"
 445      CCA10D8B 
 445      8EB23B34 
 445      91B6D0AF 
 446 0b74 FCA3A21D 		.ascii	"\374\243\242\035\3411\321\3776\361\016\013&\253\365"
 446      E131D1FF 
 446      36F10E0B 
 446      26ABF5
 447 0b83 AB555161 		.ascii	"\253UQaV\353\254wg\377q\266N\321\214n\347=!\357\032"
 447      56EBAC77 
 447      67FF71B6 
 447      4ED18C6E 
 447      E73D21EF 
 448 0b98 DDB1F0E8 		.ascii	"\335\261\360\350yg\216\326l^f\231\247[\025\021\345\230"
 448      79678ED6 
 448      6C5E6699 
 448      A75B1511 
 448      E598
 449 0baa 37D7EA10 		.ascii	"7\327\352\020?\261h\026-[`\301\213\314\026\315\302E"
 449      3FB16816 
 449      2D5B60C1 
 449      8BCC16CD 
 449      C245
 450 0bbc CB2DD86C 		.ascii	"\313-\330l\266`\013\310\002\213\005\3775\304\214\315"
 450      B6600BC8 
 450      028B05FF 
 450      35C48CCD 
 451 0bcc 1F2FD798 		.ascii	"\037/\327\230\315\037Z\350\300\271\364w\016\376p\261"
 451      CD1F5AE8 
 451      C0B9F477 
 451      0EFE70B1 
 452 0bdc 450C8191 		.ascii	"E\014\201\221K?\264hB\226\001\332l\231\0132\007\220"
 452      4B3FB468 
 452      429601DA 
 452      6C990B32 
 452      0790
 453 0bee FFB0BCFF 		.ascii	"\377\260\274\377\377\304v\371\322e\020W\273c\005\261"
ARM GAS  /tmp/cc5VXquU.s 			page 36


 453      FFC476F9 
 453      D2651057 
 453      BB6305B1 
 454 0bfe 26620584 		.ascii	"&b\005\204\3078\241X\035Ar\312\276\2669\254a\254\024"
 454      C738A158 
 454      1D4172CA 
 454      BEB639AC 
 454      61AC14
 455 0c11 5E55B268 		.ascii	"^U\262h\267\206\022\377\254\2414\305\012\322N\242\306"
 455      B78612FF 
 455      ACA134C5 
 455      0AD24EA2 
 455      C6
 456 0c22 7A5E9A68 		.ascii	"z^\232h\212^\311Z\002\225\026\233\303\263\341k\245\341"
 456      8A5EC95A 
 456      0295169B 
 456      C3B3E16B 
 456      A5E1
 457 0c34 BFFB3E4A 		.ascii	"\277\373>J\277"
 457      BF
 458              		.text
 459              		.section	.gnu.lto_.symtab.5af66ee12432cdea,"e",%progbits
 460 0000 7374496E 		.ascii	"stInit\000"
 460      697400
 461 0007 00       		.ascii	"\000"
 462 0008 00       		.ascii	"\000"
 463 0009 00       		.ascii	"\000"
 464 000a 00000000 		.ascii	"\000\000\000\000\000\000\000\000"
 464      00000000 
 465 0012 D4000000 		.ascii	"\324\000\000\000"
 466 0016 73744765 		.ascii	"stGetCounter\000"
 466      74436F75 
 466      6E746572 
 466      00
 467 0023 00       		.ascii	"\000"
 468 0024 00       		.ascii	"\000"
 469 0025 00       		.ascii	"\000"
 470 0026 00000000 		.ascii	"\000\000\000\000\000\000\000\000"
 470      00000000 
 471 002e D7000000 		.ascii	"\327\000\000\000"
 472 0032 73745374 		.ascii	"stStartAlarm\000"
 472      61727441 
 472      6C61726D 
 472      00
 473 003f 00       		.ascii	"\000"
 474 0040 00       		.ascii	"\000"
 475 0041 00       		.ascii	"\000"
 476 0042 00000000 		.ascii	"\000\000\000\000\000\000\000\000"
 476      00000000 
 477 004a DB000000 		.ascii	"\333\000\000\000"
 478 004e 73745374 		.ascii	"stStopAlarm\000"
 478      6F70416C 
 478      61726D00 
 479 005a 00       		.ascii	"\000"
 480 005b 00       		.ascii	"\000"
 481 005c 00       		.ascii	"\000"
 482 005d 00000000 		.ascii	"\000\000\000\000\000\000\000\000"
ARM GAS  /tmp/cc5VXquU.s 			page 37


 482      00000000 
 483 0065 DD000000 		.ascii	"\335\000\000\000"
 484 0069 73745365 		.ascii	"stSetAlarm\000"
 484      74416C61 
 484      726D00
 485 0074 00       		.ascii	"\000"
 486 0075 00       		.ascii	"\000"
 487 0076 00       		.ascii	"\000"
 488 0077 00000000 		.ascii	"\000\000\000\000\000\000\000\000"
 488      00000000 
 489 007f DF000000 		.ascii	"\337\000\000\000"
 490 0083 73744765 		.ascii	"stGetAlarm\000"
 490      74416C61 
 490      726D00
 491 008e 00       		.ascii	"\000"
 492 008f 00       		.ascii	"\000"
 493 0090 00       		.ascii	"\000"
 494 0091 00000000 		.ascii	"\000\000\000\000\000\000\000\000"
 494      00000000 
 495 0099 E1000000 		.ascii	"\341\000\000\000"
 496 009d 73744973 		.ascii	"stIsAlarmActive\000"
 496      416C6172 
 496      6D416374 
 496      69766500 
 497 00ad 00       		.ascii	"\000"
 498 00ae 00       		.ascii	"\000"
 499 00af 00       		.ascii	"\000"
 500 00b0 00000000 		.ascii	"\000\000\000\000\000\000\000\000"
 500      00000000 
 501 00b8 E8000000 		.ascii	"\350\000\000\000"
 502 00bc 73745F6C 		.ascii	"st_lld_init\000"
 502      6C645F69 
 502      6E697400 
 503 00c8 00       		.ascii	"\000"
 504 00c9 02       		.ascii	"\002"
 505 00ca 00       		.ascii	"\000"
 506 00cb 00000000 		.ascii	"\000\000\000\000\000\000\000\000"
 506      00000000 
 507 00d3 EA000000 		.ascii	"\352\000\000\000"
 508 00d7 63685379 		.ascii	"chSysHalt\000"
 508      7348616C 
 508      7400
 509 00e1 00       		.ascii	"\000"
 510 00e2 02       		.ascii	"\002"
 511 00e3 00       		.ascii	"\000"
 512 00e4 00000000 		.ascii	"\000\000\000\000\000\000\000\000"
 512      00000000 
 513 00ec EF000000 		.ascii	"\357\000\000\000"
 514              		.text
 515              		.section	.gnu.lto_.opts,"e",%progbits
 516 0000 272D666E 		.ascii	"'-fno-openmp' '-fno-openacc' '-fno-pie' '-mcpu=cort"
 516      6F2D6F70 
 516      656E6D70 
 516      2720272D 
 516      666E6F2D 
 517 0033 65782D6D 		.ascii	"ex-m0' '-mthumb' '-mfloat-abi=soft' '-march=armv6s-"
 517      30272027 
ARM GAS  /tmp/cc5VXquU.s 			page 38


 517      2D6D7468 
 517      756D6227 
 517      20272D6D 
 518 0066 6D272027 		.ascii	"m' '-O2' '-fstack-usage' '-ffunction-sections' '-fd"
 518      2D4F3227 
 518      20272D66 
 518      73746163 
 518      6B2D7573 
 519 0099 6174612D 		.ascii	"ata-sections' '-fno-common' '-flto' '-fshort-enums'"
 519      73656374 
 519      696F6E73 
 519      2720272D 
 519      666E6F2D 
 520 00cc 00       		.ascii	"\000"
 521              		.text
 522              		.comm	__gnu_lto_v1,1,1
 523              		.comm	__gnu_lto_slim,1,1
 524              		.ident	"GCC: (GNU Arm Embedded Toolchain 9-2020-q2-update) 9.3.1 20200408 (release)"
ARM GAS  /tmp/cc5VXquU.s 			page 39


DEFINED SYMBOLS
                            *ABS*:0000000000000000 hal_st.c
                            *COM*:0000000000000001 __gnu_lto_v1
                            *COM*:0000000000000001 __gnu_lto_slim

NO UNDEFINED SYMBOLS
