ARM GAS  /tmp/cclz80IY.s 			page 1


   1              		.cpu cortex-m4
   2              		.eabi_attribute 27, 1
   3              		.eabi_attribute 20, 1
   4              		.eabi_attribute 21, 1
   5              		.eabi_attribute 23, 3
   6              		.eabi_attribute 24, 1
   7              		.eabi_attribute 25, 1
   8              		.eabi_attribute 26, 1
   9              		.eabi_attribute 30, 2
  10              		.eabi_attribute 34, 1
  11              		.eabi_attribute 18, 4
  12              		.file	"aos_time.c"
  13              		.section	.gnu.lto_.profile.45ca4c7a0a43f9c3,"e",%progbits
  14 0000 789CE360 		.ascii	"x\234\343``\004B \000\000\000]\000\013"
  14      60044220 
  14      0000005D 
  14      000B
  15              		.text
  16              		.section	.gnu.lto_.icf.45ca4c7a0a43f9c3,"e",%progbits
  17 0000 789CE360 		.ascii	"x\234\343``d\340`@\000F\206\205Wgvr2\000\000\015\226"
  17      6064E060 
  17      40004686 
  17      85576776 
  17      72320000 
  18 0016 02B4     		.ascii	"\002\264"
  19              		.text
  20              		.section	.gnu.lto_.jmpfuncs.45ca4c7a0a43f9c3,"e",%progbits
  21 0000 789CE360 		.ascii	"x\234\343``d\320ef`0g\200\000F\006fFFF\366\372\371\314"
  21      6064D065 
  21      66603067 
  21      80004606 
  21      66464646 
  22 0018 0C40CC08 		.ascii	"\014@\314\010\242\231\230\24633N\\sK\257\217y>3\023"
  22      A29998A6 
  22      33334E5C 
  22      734BAF8F 
  22      793E3313 
  23 002c 631DE32E 		.ascii	"c\035\343.Fi\006\306\003,\214u@\314\300\300\301\014"
  23      466906C6 
  23      032C8C75 
  23      40CCC0C0 
  23      C10C
  24 003e 946E6A5E 		.ascii	"\224nj^\277\210\327@o>3\363bf\206\031\314`\223v3\032"
  24      BF88D740 
  24      6F3E33F3 
  24      62668619 
  24      CC609376 
  25 0054 80953100 		.ascii	"\200\2251\000\361\217\377\377\377\3633\202T\3665\277"
  25      F18FFFFF 
  25      FFF33382 
  25      54F635BF 
  26 0064 BFC70132 		.ascii	"\277\307\0012\011(\301\270\207Q\032\204A\342\037\356"
  26      0928C1B8 
  26      87511A84 
  26      41E21FEE 
  27 0074 AFFCC8AE 		.ascii	"\257\374\310\256\3108\277a\206\302|fV\006\306\275\214"
  27      C838BF61 
ARM GAS  /tmp/cclz80IY.s 			page 2


  27      86C27C66 
  27      5606C6BD 
  27      8C
  28 0085 8A70DD7F 		.ascii	"\212p\335\177 \272\221\225\277~xv\013\207\242,D9\033"
  28      20BA9195 
  28      BF7E7876 
  28      0B87A22C 
  28      44391B
  29 0098 03E33EDC 		.ascii	"\003\343>\334\312A\316\377\367q\367<N\220\255\354\214"
  29      CA41CEFF 
  29      F771F73C 
  29      4E90ADEC 
  29      8C
  30 00a9 871918F7 		.ascii	"\207\031\030\367C=p\230\001\213\0178\300>\000\0123\000"
  30      433D7098 
  30      018B0F38 
  30      C03E000A 
  30      3300
  31 00bb 45379F9B 		.ascii	"E7\237\233}\207\015$\312\311x\200\321`\0063\023\310"
  31      7D870D24 
  31      CAC97880 
  31      D1600633 
  31      13C8
  32 00cd 6307A11E 		.ascii	"c\007\241\036cAx\014\237O\016\221\346\223\303x|\202"
  32      6341780C 
  32      9F4F0E91 
  32      E693C378 
  32      7C82
  33 00df EE722626 		.ascii	"\356r&&b#\343\010fd\340s\363Q\322\334|\014\177\350/"
  33      6223E308 
  33      6664E073 
  33      F351D2DC 
  33      7C0C7FE8 
  34 00f4 6E393899 		.ascii	"n98\231\007\022\372\207\030\030\217C]|\210\224\320?"
  34      0712FA87 
  34      18188F43 
  34      5D7C8894 
  34      D03F
  35 0106 010FFD93 		.ascii	"\001\017\375\223\244\205\376)\322|r\032_\350\243\271"
  35      A485FE29 
  35      D27C721A 
  35      5FE8A3B9 
  36 0116 9C415AB5 		.ascii	"\234AZ\265XC\265T\323J!1\277\330%)\3359#59[!-13'5\205"
  36      5843B554 
  36      D34A2131 
  36      BFD82529 
  36      DD392335 
  37 0133 414A4F4F 		.ascii	"AJOO\037\210\222\363\213R\365\213\213\222\365\201J\342"
  37      1F8892F3 
  37      8B52F58B 
  37      8B92F581 
  37      4AE2
  38 0145 4B327353 		.ascii	"K2sS\365\222\031\000\323I\365Z"
  38      F5921900 
  38      D349F55A 
  39              		.text
  40              		.section	.gnu.lto_.inline.45ca4c7a0a43f9c3,"e",%progbits
ARM GAS  /tmp/cclz80IY.s 			page 3


  41 0000 789C7D8E 		.ascii	"x\234}\216=\012\302P\020\204g\366\031Y\374\343\3656"
  41      3D0AC250 
  41      108467F6 
  41      1959FCE3 
  41      F536
  42 0012 39427A1B 		.ascii	"9Bz\033\317\242Q,\024<\302\006\313\200\255e@\360\022"
  42      CFA2512C 
  42      143CC206 
  42      CB80AD65 
  42      40F012
  43 0025 6A61E7B5 		.ascii	"ja\347\265\334\367\004\323\271\305\316\307\314\024\243"
  43      DCF704D3 
  43      B9C5CEC7 
  43      CC14A3
  44 0034 20DEE88F 		.ascii	" \336\350\217\300\2421{\206\035\013\352\341\022xk\257"
  44      C0A2317B 
  44      861D0BEA 
  44      E112786B 
  44      AF
  45 0045 8FE93974 		.ascii	"\217\3519t\201\024\3369\007u\237\025\321\313T\177\222"
  45      8114DE39 
  45      07759F15 
  45      D1CB547F 
  45      92
  46 0056 48272733 		.ascii	"H''3\01350t5\251\005\362E\367\"b6\267(!M\242\225\242"
  46      0B353074 
  46      35A905F2 
  46      45F72262 
  46      36B72821 
  47 006e 548C1C5F 		.ascii	"T\214\034_\262\301\022\222\3635\252_\363\230\366\310"
  47      B2C11292 
  47      F335AA5F 
  47      F398F6C8 
  48 007e 388F2A66 		.ascii	"8\217*f.\203d\364\364'\302\007\005i p"
  48      2E8364F4 
  48      F427C207 
  48      05692070 
  49              		.text
  50              		.section	.gnu.lto_.pureconst.45ca4c7a0a43f9c3,"e",%progbits
  51 0000 789CE360 		.ascii	"x\234\343``d`a`\000\2223X\000\001\316\000\253"
  51      60646061 
  51      60009233 
  51      580001CE 
  51      00AB
  52              		.text
  53              		.section	.gnu.lto_aosTimeDayOfWeekFromDate.45ca4c7a0a43f9c3,"e",%progbits
  54 0000 789C8D56 		.ascii	"x\234\215V\333W\224U\024?\373;\337\334o\210 *\326\202"
  54      DB579455 
  54      143FFB3B 
  54      DFDC6F88 
  54      202AD682 
  55 0014 87115143 		.ascii	"\207\021QCJ\237zj-{\251\036\372\023Z\204\224\2562Wj"
  55      4A9F7A6A 
  55      2D7BA91E 
  55      FA135A84 
  55      94AE3257 
  56 0029 6BE54B7E 		.ascii	"k\345K~\014\343 \202@\"\312\250\210J\224t1]x\007m\220"
ARM GAS  /tmp/cclz80IY.s 			page 4


  56      0CE32082 
  56      4022CAA8 
  56      884A9474 
  56      315D7807 
  57 003f 34115142 		.ascii	"4\021QB@E\021E\274!\250\204\267\024\241}.\337\314\240"
  57      40451145 
  57      BC21A884 
  57      B714A17D 
  57      2EDFCCA0 
  58 0053 388DCBD9 		.ascii	"8\215\313\331\234o\357\337o\237}~g\357o\306L\200|\340"
  58      9C6FEFDF 
  58      6F9F7D7E 
  58      67EF6FC6 
  58      4C807CE0 
  59 0067 20E46342 		.ascii	" \344cBH\033~ \206\200\242i\332{\246l\263\242P\\%\251"
  59      481B7E20 
  59      8680A269 
  59      DA7BA66C 
  59      B3A2505C 
  60 007d 9AD524FE 		.ascii	"\232\325$\376\332\251\242\366W^\213G\217a\375\345\255"
  60      DAA9A2F6 
  60      575E8B47 
  60      8F61FDE5 
  60      AD
  61 008e 33D1A382 		.ascii	"3\321\243\202Q\242\015\301\225\021LreR\3142\203]f0+"
  61      51A20DC1 
  61      95114C72 
  61      6552CC32 
  61      835D6630 
  62 00a3 1699C12A 		.ascii	"\026\231\301*3X\300&\321\326\340\312\006v\271\262+\016"
  62      3358C026 
  62      D1D6E0CA 
  62      0676B9B2 
  62      2B0E
  63 00b5 99C12933 		.ascii	"\231\301)38\300%c\316\340\312\005\300W\232\031\310J"
  63      38C02563 
  63      CEE0CA05 
  63      C0579A19 
  63      C84A
  64 00c7 85AA06A3 		.ascii	"\205\252\006\243\311l\261\332\354\016\247\013VB\021"
  64      C96CB1DA 
  64      EC0EA70B 
  64      564211
  65 00d6 DD48A134 		.ascii	"\335H\2414\257\366\274#\365'M\363h\201\215\305F\377"
  65      AFF6BC23 
  65      F5274DF3 
  65      68818DC5 
  65      46FF
  66 00e8 EE168D56 		.ascii	"\356\026\215VPB\374\224\300\334DHO$\354\037\034\206"
  66      5042FC94 
  66      C0DC4448 
  66      4F24EC1F 
  66      1C86
  67 00fa 5404FB8E 		.ascii	"T\004\373\216\027\327:\0121\016\240\340\343\366\366"
  67      17D73A0A 
  67      310EA0E0 
  67      E3F6F6
ARM GAS  /tmp/cclz80IY.s 			page 5


  68 0109 160FB047 		.ascii	"\026\017\260G\005b\360q\260\377\352E\023}\003\010\256"
  68      0562F071 
  68      B0FFEA45 
  68      137D0308 
  68      AE
  69 011a AFDFD4EE 		.ascii	"\257\337\324\356\332R\252\264bL{z\003\325\342*(\205"
  69      DA52AAB4 
  69      624C7B7A 
  69      03D5E22A 
  69      2885
  70 012c 234059DA 		.ascii	"#@Y\332:H\204Z\300\304\350\303\324G!\005\011\353\032"
  70      3A48845A 
  70      C0C4E8C3 
  70      D4472105 
  70      09EB1A
  71 013f 86CED969 		.ascii	"\206\316\331i2'7\226T\326*\222\334;\271L\013@\005U\341"
  71      32273796 
  71      54D62A92 
  71      DC3BB94C 
  71      0B400555 
  72 0154 0FC19645 		.ascii	"\017\301\226E\241\007\271\001\316\335t\240\272\031h"
  72      A107B901 
  72      CEDD74A0 
  72      BA1968
  73 0163 0AE7AEDD 		.ascii	"\012\347\256\335\277\355\211\316mK\364k\001\205\355"
  73      BFED89CE 
  73      6D4BF46B 
  73      0185ED
  74 0172 5C3FEECE 		.ascii	"\\?\356\316\307 \2050\316\025O\371S\2738\226\212\217"
  74      C7208530 
  74      CE154FF9 
  74      53BB3896 
  74      8A8F
  75 0184 EB4FED6D 		.ascii	"\353O\355m\264\212c%\341\343\231\241\274R\033\235\315"
  75      B48A6325 
  75      E1E399A1 
  75      BC521B9D 
  75      CD
  76 0195 B3D7D53F 		.ascii	"\263\327\325?|frW\362\354\217\375q;r\264\223\232ZA\015"
  76      7C667257 
  76      F2EC8FFD 
  76      713B72B4 
  76      939A5A41 
  77 01aa 705C6CF0 		.ascii	"p\\l\360'n\320\000B3\206/-\251;k\241i\234\273\247\250"
  77      276ED000 
  77      4233862F 
  77      2DA93B6B 
  77      A1699CBB 
  78 01c0 67C02AB9 		.ascii	"g\300*\271=S6i\001o\022c\3765>\263\251\376\271\327D"
  78      3D533669 
  78      016F1263 
  78      FE353EB3 
  78      A9FEB9D7 
  79 01d5 D339F3E7 		.ascii	"\3239\363\347\256\332|\233dv\206\230\215\3433\037vo"
  79      AEDA7C9B 
  79      64768698 
  79      8DE3331F 
ARM GAS  /tmp/cclz80IY.s 			page 6


  79      766F
  80 01e7 F628F41D 		.ascii	"\366(\364\035\316<wf\363\220*\231\247B\314\246\361\231"
  80      CE3C7766 
  80      F3902A99 
  80      A742CCA6 
  80      F199
  81 01f9 3D7B464A 		.ascii	"={FJ\035F\025N\203\033N\341\347$~N\200\233\365\002\353"
  81      1D46154E 
  81      831B4EE1 
  81      E7247E4E 
  81      809BF502 
  82 020e 816630E2 		.ascii	"\201f0\342T\220W\342\277\267\032\002\332\310h\256\026"
  82      549057E2 
  82      BFB71A02 
  82      DAC868AE 
  82      16
  83 021f 3833797B 		.ascii	"83y{\225\343-@y\215\012\032\023EcV\331\312\200\306b"
  83      95E32D40 
  83      798D0A1A 
  83      13456356 
  83      D9CA80C6 
  84 0234 64C6C4A2 		.ascii	"d\306\304\242ff,h\254Vfl\314\330\231q0\343d\306\305"
  84      66662C68 
  84      AC56666C 
  84      CCD89971 
  84      30E364C6 
  85 0249 4C0C3313 		.ascii	"L\0143\023\230\211ef\"3q\314\30433\211\245O@c\230\006"
  85      98896566 
  85      223371CC 
  85      C4333389 
  85      A54F4063 
  86 025f AC8D9281 		.ascii	"\254\215\222\2015\204\233\260\002\2473w\01233\200]t"
  86      35849BB0 
  86      02A73377 
  86      0A333380 
  86      5D74
  87 0271 2A6125CF 		.ascii	"*a%\317$\254\350Y\204\225=\233\260>'\371\224\340\214"
  87      24ACE859 
  87      84953D9B 
  87      B03E27F9 
  87      94E08C
  88 0284 682A6801 		.ascii	"h*h\001B\012\250\"\036\262\361\241\017r\266\370~\333"
  88      420AA822 
  88      1EB2F1A1 
  88      0F72B6F8 
  88      7EDB
  89 0296 6367072F 		.ascii	"cg\007/\247PN\247\241F\327~\354\233\307z\203\302\350"
  89      A7504EA7 
  89      A146D77E 
  89      EC9BC77A 
  89      83C2E8
  90 02a9 28F606AA 		.ascii	"(\366\006\252w\003\274]\363%\006\001m\332\255\021\233"
  90      7703BC5D 
  90      F3250601 
  90      6DDAAD11 
  90      9B
  91 02ba 40BC0967 		.ascii	"@\274\011g\245\272\005\224fc^\205\345\205>\360\324Y"
ARM GAS  /tmp/cclz80IY.s 			page 7


  91      A5BA0594 
  91      66635E85 
  91      E5853EF0 
  91      D459
  92 02cc 04814D51 		.ascii	"\004\201MQa\316\375+fF\260\361++\337yz\324\342\005O"
  92      61CEFD2B 
  92      6646B0F1 
  92      2B2BDF79 
  92      7AD4E205 
  93 02e1 B6193D95 		.ascii	"\266\031=\225T\334L\307\245\023-P\005\2258\010v\370"
  93      54DC4CC7 
  93      A5132D50 
  93      05953808 
  93      76F8
  94 02f3 1BBC002D 		.ascii	"\033\274\000-,3F\016\257[\275\333\230\276\213U\215W"
  94      2C33460E 
  94      AF5BBDDB 
  94      98BE8B55 
  94      8D57
  95 0305 EB805684 		.ascii	"\353\200V\204\225Qy\241\336\333\325\235\326`\320\011"
  95      955179A1 
  95      DEDBD59D 
  95      D660D009 
  96 0315 E720BD8C 		.ascii	"\347 \275\214\002\273\3136Hg\205w\317\017\325Q\225\277"
  96      02BBCB36 
  96      48678577 
  96      CF0FD551 
  96      95BF
  97 0327 430CB713 		.ascii	"C\014\267\023\024h\017\026\256\356*Zu\236\260\302\225"
  97      14680F16 
  97      AEEE2A5A 
  97      759EB0C2 
  97      95
  98 0338 7EC84DE2 		.ascii	"~\310M\342]\360R\231.?K\012\035XWt'8\037\351\004\027"
  98      5DF05299 
  98      2E3F4B0A 
  98      1D585774 
  98      27381FE9 
  99 034e 5E7F8218 		.ascii	"^\177\202\030\270\310N\240\210X}{g\011e\373\254\346"
  99      B8C84EA0 
  99      88587D7B 
  99      670965FB 
  99      ACE6
 100 0360 C109D009 		.ascii	"\301\011\320\011\351\242I/a~\004<\350\256\0364%\317"
 100      E9A2492F 
 100      617E043C 
 100      E8AE1E34 
 100      25CF
 101 0372 ABD0CA30 		.ascii	"\253\320\3120\034\313\337,;\2336\360\322\3128e\"\\\206"
 101      1CCBDF2C 
 101      3B9B36F0 
 101      D2CA3865 
 101      225C86
 102 0385 6441E912 		.ascii	"dA\351\022\224\273\327\232\367\232\223\025A\211\343"
 102      94BBD79A 
 102      F79A9315 
 102      4189E3
ARM GAS  /tmp/cclz80IY.s 			page 8


 103 0394 85B7F765 		.ascii	"\205\267\367e\233C\224x\270\242S\272\005\245\322[_\302"
 103      9B439478 
 103      B8A253BA 
 103      05A5D25B 
 103      5FC2
 104 03a6 DF1E1638 		.ascii	"\337\036\0268F\340*$V\320I\\9C\353\203g;\201)G\377G"
 104      46E02A24 
 104      56D0495C 
 104      3943EB83 
 104      673B8129 
 105 03bd B96B512B 		.ascii	"\271kQ+\327\363z\345\022\340:WN\322\216\255\361uXC\352"
 105      D7F37AE5 
 105      12E03A57 
 105      4ED28EAD 
 105      F1755843 
 106 03d2 4C865E5D 		.ascii	"L\206^]\235\033Q\253sS?\352\255\250\325\271\255S\356"
 106      9D1B51AB 
 106      73533FEA 
 106      ADA8D5B9 
 106      AD53EE
 107 03e5 B04AC3D4 		.ascii	"\260J\303\3240\006\007\300\320\017\336q\325\230\342"
 107      300607C0 
 107      D00FDE71 
 107      D598E2
 108 03f4 67578BF3 		.ascii	"gW\213\363!\324\370\376\327\3164\246\353T\370\016\356"
 108      21D4F8FE 
 108      D7CE34A6 
 108      EB54F80E 
 108      EE
 109 0405 B244893C 		.ascii	"\262D\211<\221\351\245\011\335\367\266\350aZN\223\221"
 109      91E9A509 
 109      DDF7B6E8 
 109      615A4E93 
 109      91
 110 0416 F5E2E42F 		.ascii	"\365\342\344/\235\374\355\255\302(@\377\330\001e\337"
 110      9DFCEDAD 
 110      C22840FF 
 110      D80165DF 
 111 0426 7835BDAD 		.ascii	"x5\275\255\353\215\002`\203\201`\237\233\307\035P5\252"
 111      EB8D0260 
 111      8381609F 
 111      9BC71D50 
 111      35AA
 112 0438 5BB917A9 		.ascii	"[\271\027\251\237\357G\232\310\007\301\211\034\034;"
 112      9FEF479A 
 112      C807C189 
 112      1C1C3B
 113 0447 916AD808 		.ascii	"\221j\330\010Z\242\036\301\177\242n\244\241H%?\2144"
 113      5AA21EC1 
 113      7FA26EA4 
 113      A148253F 
 113      8C34
 114 0459 828F228D 		.ascii	"\202\217\"\215\340c\275\311\236D\335dO\365\216\3717"
 114      E063BDC9 
 114      9E44DD64 
 114      4FF58EF9 
 114      37
ARM GAS  /tmp/cclz80IY.s 			page 9


 115 046a EA267BA6 		.ascii	"\352&{\246S\236\013\312\310`\355V\213\030\301\006\002"
 115      539E0BCA 
 115      C860ED56 
 115      8B18C106 
 115      02
 116 047b C3A1A6B3 		.ascii	"\303\241\246\263F=\202/\242Vn$\322\010\216F\034AM\221"
 116      463D822F 
 116      A2566E24 
 116      D2088E46 
 116      1C414D91 
 117 048f EA642BD1 		.ascii	"\352d+\321\252\343Q\344Qs\224h\325\361\352\224UH\011"
 117      AAE351E4 
 117      51739468 
 117      D5F1EA94 
 117      554809
 118 04a2 57C316F5 		.ascii	"W\303\026\365\010\372\220I\302\207\316\036>t\236\341"
 118      08FA9049 
 118      C287CE1E 
 118      3E749EE1 
 119 04b2 DCF21A94 		.ascii	"\334\362\032\224\2257\252\033\277\027\371\2105t\370"
 119      9537AA1B 
 119      BF17F988 
 119      3574F8
 120 04c1 F74B5F72 		.ascii	"\367K_r\370\327\211\212_'\271\212\336\313\2161c6\234"
 120      F8D7898A 
 120      5F27B98A 
 120      DECB8E31 
 120      63369C
 121 04d4 2B192948 		.ascii	"+\031)H\342qg0\256\360\370!\207\000\030\030\200\317"
 121      E2716730 
 121      AEF0F821 
 121      87001818 
 121      80CF
 122 04e6 BB64301F 		.ascii	"\273d0\037nS\375\250p\263U\\\275\035V\3436\202e\023"
 122      6E53FDA8 
 122      70B3555C 
 122      BD1D56E3 
 122      36826513 
 123 04fa A0E988E3 		.ascii	"\240\351\210\343i]\301\372UL\322\342;R\323/\363\230"
 123      695DC1FA 
 123      554CD2E2 
 123      3B52D32F 
 123      F398
 124 050c CAE90CCC 		.ascii	"\312\351\014\314s\241th\230\3471B/\201<=Q\265A\240R"
 124      73A17468 
 124      98E73142 
 124      2F813C3D 
 124      51B541A0 
 125 0521 11C8B63F 		.ascii	"\021\310\266?\350k\0162\315\310|\0259\023\003\242\320"
 125      E86B0E32 
 125      CDC87C15 
 125      391303A2 
 125      D0
 126 0532 819A6D8A 		.ascii	"\201\232m\212\360Y\312i\002\356q\264\240\245\211\262"
 126      F059CA69 
 126      02EE71B4 
 126      A0A589B2 
ARM GAS  /tmp/cclz80IY.s 			page 10


 127 0542 3DAC00B0 		.ascii	"=\254\000\260\206\023sv\353\347\261\"\0141\007N\334"
 127      86137376 
 127      EBE7B122 
 127      0C31074E 
 127      DC
 128 0553 AEB20B8C 		.ascii	"\256\262\013\214\003\362\005\346\240O?\217\015q\354"
 128      03F205E6 
 128      A04F3F8F 
 128      0D71EC
 129 0562 CABB2AB7 		.ascii	"\312\273*\267\201\000\031\240@\200\266\370\374&\001"
 129      810019A0 
 129      4080B6F8 
 129      FC2601
 130 0571 B2739C5B 		.ascii	"\262s\234[8\363\244~\016\356Oe\316a\237\337%\234N\364"
 130      38F3A47E 
 130      0EEE4F65 
 130      CE619FDF 
 130      259C4EF4 
 131 0585 84FFACB7 		.ascii	"\204\377\254\267\340U\255\325\3235J\246\213\223\235"
 131      E055ADD5 
 131      D3354AA6 
 131      8B939D
 132 0594 827948BE 		.ascii	"\202yH\276lc\360\240!\350\035\231o\002G\307\210s]\234"
 132      6C63F0A0 
 132      21E81D99 
 132      6F0247C7 
 132      88735D9C 
 133 05a8 2B9CB108 		.ascii	"+\234\261\010\015\337\304\212\233\024\012\346V_\236"
 133      0DDFC48A 
 133      9B140AE6 
 133      565F9E
 134 05b7 044DE4E4 		.ascii	"\004M\344\344X\302/G\227r\026\372\221y\325\377\303\006"
 134      58C22F47 
 134      977216FA 
 134      9179D5FF 
 134      C306
 135 05c9 A3609AA0 		.ascii	"\243`\232\240H\337s\355\276o\005*\016\201\272\010-\276"
 135      48DF73ED 
 135      BE6F052A 
 135      0E81BA08 
 135      2DBE
 136 05db 43921B8F 		.ascii	"C\222\033\217\001\011\306\313\311\223\322L\302\300\230"
 136      0109C6CB 
 136      C993D24C 
 136      C2C098
 137 05ea 2E9A8D3E 		.ascii	".\232\215>\334b\177\336@5\177\201\020\274\231bd\335"
 137      DC627FDE 
 137      40357F81 
 137      10BC9962 
 137      64DD
 138 05fc 034F9244 		.ascii	"\003O\222D`\377<\206\004lQG\347\315\013\330\206\323"
 138      60FF3C86 
 138      046C5147 
 138      E7CD0BD8 
 138      86D3
 139 060e 9D0AFE68 		.ascii	"\235\012\376h\204\320\217FB\246\246\245\315\301\377"
 139      84D08F46 
ARM GAS  /tmp/cclz80IY.s 			page 11


 139      42A6A6A5 
 139      CDC1FF
 140 061d 994B9666 		.ascii	"\231K\226f\315Y\2664sN\306\222e\237,_\2648+-\223\320"
 140      CD59B634 
 140      734EC692 
 140      659F2C5F 
 140      B4382B2D 
 141 0633 05192B0C 		.ascii	"\005\031+\014\213\227|\265|\241\272\"+c),\204\017\341"
 141      8B977CB5 
 141      7CA1BA22 
 141      2B63292C 
 141      840FE1
 142 0646 23F83AD1 		.ascii	"#\370:\321\275l\206\373\233\324w\223\020\372\376\247"
 142      BD6C86FB 
 142      9BD47793 
 142      10FAFEA7 
 143 0656 9FCF5F98 		.ascii	"\237\317_\230\225\371E\322g\031\213\276\314Z@\376\003"
 143      95F945D2 
 143      67198BBE 
 143      CC5A40FE 
 143      03
 144 0667 93CC4C95 		.ascii	"\223\314L\225"
 145              		.text
 146              		.section	.gnu.lto_.symbol_nodes.45ca4c7a0a43f9c3,"e",%progbits
 147 0000 789CE360 		.ascii	"x\234\343``d\230\315\000\004L\247\231\352\031\032\200"
 147      606498CD 
 147      00044CA7 
 147      99EA191A 
 147      80
 148 0011 808571C2 		.ascii	"\200\205q\3029\006\206z\006\206]\015\216@I `=\303\304"
 148      3906867A 
 148      06865D0D 
 148      8E404920 
 148      603DC3C4 
 149 0025 A000A419 		.ascii	"\240\000\244\031\3171\3253\376\207\002y\2602\006\240"
 149      CF31D533 
 149      FE870279 
 149      B03206A0 
 150 0035 1607A0CC 		.ascii	"\026\007\240\314Y\246z&\2542\314\014\314\353\372[\257"
 150      59A67A26 
 150      AC32CC0C 
 150      CCEBFA5B 
 150      AF
 151 0046 33302E61 		.ascii	"30.a\0042/}\370\265\202\221\361\010\220\311\324\010"
 151      04322F7D 
 151      F8B58291 
 151      F10890C9 
 151      D408
 152 0058 B48A89F1 		.ascii	"\264\212\211\361\011#\\A\013;\\\301\022v\270\202#\354"
 152      09235C41 
 152      0B3B5CC1 
 152      1276B882 
 152      23EC
 153 006a 0C006B18 		.ascii	"\014\000k\0304\314"
 153      34CC
 154              		.text
 155              		.section	.gnu.lto_.refs.45ca4c7a0a43f9c3,"e",%progbits
ARM GAS  /tmp/cclz80IY.s 			page 12


 156 0000 789C05C1 		.ascii	"x\234\005\301\301\015\000 \014\304\260\344**\204\350"
 156      C10D0020 
 156      0CC4B0E4 
 156      2A2A84E8 
 157 0010 93FD57C5 		.ascii	"\223\375W\305\336\310\003\032\254\270b\343\2117\016"
 157      DEC8031A 
 157      ACB862E3 
 157      89370E
 158 001f 1F059B00 		.ascii	"\037\005\233\000d"
 158      64
 159              		.text
 160              		.section	.gnu.lto_.decls.45ca4c7a0a43f9c3,"e",%progbits
 161 0000 789C9D59 		.ascii	"x\234\235Y{P\224Yv\357\373\335\246\351n^\016X\273\356"
 161      7B509459 
 161      76EFFBDD 
 161      A6E96E5E 
 161      0E58BBEE 
 162 0014 3AD99A6C 		.ascii	":\331\232l1;\223\312\256\214\231\311\316n\222?v3\233"
 162      313B93CA 
 162      AE8C99C9 
 162      CE6E923F 
 162      76339B
 163 0027 6453C9EE 		.ascii	"dS\311\356\244j&\331\332\251T\021\006[!\303\303\245"
 163      A46A26D9 
 163      DAA95411 
 163      065B21C3 
 163      C3A5
 164 0039 5B5753A9 		.ascii	"[WS\251\332\346\251( \010\012\015\362RD\020\021\220"
 164      DAE6A928 
 164      20080A0D 
 164      F2524410 
 164      1190
 165 004b 87BC1414 		.ascii	"\207\274\024\024\344\251\200\012\014\210 \"\"\017\001"
 165      E4A9800A 
 165      0C882022 
 165      220F01
 166 005a 0141C007 		.ascii	"\001A\300\0079\367\236\333\364\327t3\233\244\365\362"
 166      39F79EDB 
 166      F4D77433 
 166      9BA4F5F2 
 167 006a 7DE7EBDF 		.ascii	"}\347\353\337y\336s\317=\367k\265\202(\212\376T\241"
 167      79DE73CF 
 167      3DF76BB5 
 167      82288AFE 
 167      54A1
 168 007c F0552A14 		.ascii	"\360U*\024\333\210B\261\006\037I\241P\334\206\241\205"
 168      DB8842B1 
 168      061F49A1 
 168      50DC86A1 
 168      85
 169 008d 710DC60D 		.ascii	"q\015\306\015\030*\030\367`\014\300\030\2051\016\343"
 169      182A18F7 
 169      600CC018 
 169      85310EE3 
 170 009d 0B18C9C0 		.ascii	"\013\030\311\300C\331\200\373\034\270\236\206\021#\350"
 170      43D980FB 
 170      1CB89E86 
ARM GAS  /tmp/cclz80IY.s 			page 13


 170      1123E8
 171 00ac 22B85E86 		.ascii	"\"\270^\206Q\017\003\376+\032\331\037\331\307\033@o"
 171      510F03FE 
 171      2B1AD91F 
 171      D9C71B40 
 171      6F
 172 00bd C3F59FE0 		.ascii	"\303\365\237\340\271;\\\267\312\3645\301\263\037\300"
 172      B93B5CB7 
 172      CAF435C1 
 172      B31FC0
 173 00cc F52F0962 		.ascii	"\365/\011b\230\256\367`4\003\335@P\357\3070Z\204\376"
 173      98AEF760 
 173      3403DD40 
 173      50EFC730 
 173      5A84FE
 174 00df 568276B5 		.ascii	"V\202v\265\021\264\255\035\256u\304b\363M\202>T\300"
 174      11B4AD1D 
 174      AE75C462 
 174      F34D823E 
 174      54C0
 175 00f1 155CE576 		.ascii	"\025\\\345v&\010[sd\366\326\013\233\355\331\233L\311"
 175      26085B73 
 175      64F6D60B 
 175      9BEDD99B 
 175      4CC9
 176 0103 99F2C23C 		.ascii	"\231\362\302<\2678J~\240%kk\024\0364\317Nw\023|\300"
 176      B7384A7E 
 176      A0256B6B 
 176      141E34CF 
 176      4E77137C 
 177 0118 BE8F7855 		.ascii	"\276\217xU\232%Q\211\337\3475D\217\271y\025\032\361"
 177      9A255189 
 177      DFE73544 
 177      8FB97915 
 177      1AF1
 178 012a A3FE1B05 		.ascii	"\243\376\033\005\251%\324\"\352j\302\300\230\226\276"
 178      A925D422 
 178      EA6AC2C0 
 178      9896BE
 179 0139 CBA15137 		.ascii	"\313\241Q7\342k\\@\212\273\226H@f\367t\2051\241[\265"
 179      E26B5C40 
 179      8ABB9648 
 179      4066F774 
 179      8531A15B 
 180 014e 640B90D1 		.ascii	"d\013\220\321\371}\247\210\366\260\321\030f\214\017"
 180      F97DA788 
 180      F6B0D118 
 180      668C0F
 181 015d 8F70785F 		.ascii	"\217px_A\352\311vRG\266+\310U\302U_!^\244\006\236U\263"
 181      41EAC976 
 181      5247B62B 
 181      C855C255 
 181      5F215EA4 
 182 0175 67D78816 		.ascii	"g\327\210\026\230\352\207cW(\310x\033,%2C\337FC\363"
 182      98EA8763 
 182      5728C878 
 182      1B2C2532 
ARM GAS  /tmp/cclz80IY.s 			page 14


 182      43DF4643 
 183 018a 33F31A5D 		.ascii	"3\363\032]\350\016\274\317i\270\351\204\362\215g\"\350"
 183      E80EBCCF 
 183      69B8E984 
 183      F28D6722 
 183      E8
 184 019b 3605F970 		.ascii	"6\005\371p;\371\000$5\022\216g\322\033@\372u&\375\006"
 184      3BF90024 
 184      35128E67 
 184      D21B40FA 
 184      7526FD06 
 185 01af 979ED456 		.ascii	"\227\236\324V\326\252E\013\337\001r(,}\331\031\355W"
 185      D6AA450B 
 185      DF017228 
 185      2C7DD919 
 185      ED57
 186 01c1 0299B096 		.ascii	"\002\231\260\226\323\255\241?\346\302\313\257\344\234"
 186      D3ADA13F 
 186      E6C2CBAF 
 186      E49C
 187 01cf 51D1BFE2 		.ascii	"Q\321\277\342\367\027\006\033\217\251=\022DD\214\204"
 187      F717061B 
 187      8FA93D12 
 187      44448C84 
 188 01df C797B482 		.ascii	"\307\227\264\202\2266\342\301\324\210\320\0247fV\257"
 188      9636E2C1 
 188      D488D014 
 188      376656AF 
 189 01ef E32236C7 		.ascii	"\343\"6\307\305\214gd\2738\037a\206g\205\0335\277$\355"
 189      C58C6764 
 189      BB381F61 
 189      8667851B 
 189      35BF24ED 
 190 0203 F0751358 		.ascii	"\360u\023X\332\014\226*\310M\342\214\270\336\374\341"
 190      DA0C962A 
 190      C84DE28C 
 190      B8DEFCE1 
 191 0213 3867FA4B 		.ascii	"8g\372KnC\335\332\311:%\232\252\006\362\304\371k\257"
 191      6E43DDDA 
 191      C93A259A 
 191      AA06F2C4 
 191      F96BAF
 192 0226 9CD1917A 		.ascii	"\234\321\221zn\342\375\206!\025\375\234C+\236\227\345"
 192      6EE2FD86 
 192      2115FD9C 
 192      432B9E97 
 192      E5
 193 0237 3AD07FE7 		.ascii	":\320\177\347\367\253\227\216\017klL\277\015&\335\261"
 193      F7AB978E 
 193      0F6B6C4C 
 193      BF0D26DD 
 193      B1
 194 0248 3229AEA4 		.ascii	"2)\256\244\362\245\206\376'\347Y\316\2311\252lx\356"
 194      F2A586FE 
 194      27E759CE 
 194      9931AA6C 
 194      78EE
ARM GAS  /tmp/cclz80IY.s 			page 15


 195 025a DAF0BCCC 		.ascii	"\332\360\274\314(\254\262r\243\333\312\215\036\341\006"
 195      28ACB272 
 195      A3DBCA8D 
 195      1EE106
 196 0269 AD2EA86C 		.ascii	"\255.\250lw&\236\036\236\247\031\264~-\343\203\3027"
 196      77269E1E 
 196      9EA719B4 
 196      7E2DE383 
 196      C237
 197 027b E346E3F1 		.ascii	"\343F\343\361m\314S\322\002r\277\266b\364b\177v\302"
 197      6DCC53D2 
 197      0272BFB6 
 197      62F4627F 
 197      76C2
 198 028d 1F6E423C 		.ascii	"\037nB<3A\251 \235\360}\007\233\311[\202\201Mo/\361"
 198      3341A920 
 198      9DF07D07 
 198      9BC95B82 
 198      814D6F2F 
 199 02a2 247DC493 		.ascii	"$}\304\223\031\204\302g\012U\251\306\372\010\025\323"
 199      1984C267 
 199      0A55A9C6 
 199      FA0815D3 
 200 02b2 4EBAEC8B 		.ascii	"N\272\354\213nb\267`\177\342\241\251\313N\364$\341N"
 200      6E62B760 
 200      7FE2A1A9 
 200      CB4EF424 
 200      E14E
 201 02c4 DF1FE81F 		.ascii	"\337\037\350\037\242\036\3665\366\333\327H\356\021\017"
 201      A21EF635 
 201      F6DBD748 
 201      EE110F
 202 02d3 E08C9DBF 		.ascii	"\340\214\235\277\022\355&\017\303=+\225\003<\014\354"
 202      12ED260F 
 202      C33D2B95 
 202      033C0CEC 
 203 02e3 02D8CC96 		.ascii	"\002\330\314\226\373Cj\234\305\357\002\2714\3239\350"
 203      FB436A9C 
 203      C5EF02B9 
 203      34D339E8 
 204 02f3 C632D828 		.ascii	"\3062\330(X\341\271\205s\220h\231\305\344>P\000\036"
 204      58E1B985 
 204      73906899 
 204      C5E43E50 
 204      001E
 205 0305 CD6D3B88 		.ascii	"\315m;\210\254\333Y\002\244\3064\273`\002\364\261u\322"
 205      ACDB5902 
 205      A4C634BB 
 205      6002F4B1 
 205      75D2
 206 0317 B37C65D5 		.ascii	"\263|e\325\231fsgh\350\221\325~J\264\333\011\310\"b"
 206      99667367 
 206      68E891D5 
 206      7E4AB4DB 
 206      09C82262 
 207 032b 8118650B 		.ascii	"\201\030e\013d\030\034z\310\244\217\000\340\021\210"
 207      64181C7A 
ARM GAS  /tmp/cclz80IY.s 			page 16


 207      C8A48F00 
 207      E01188
 208 033a 3719D5FC 		.ascii	"7\031\325\374\201\311\010\350g\177\340\367 \364\351"
 208      81C908E8 
 208      677FE0F7 
 208      20F4E9
 209 0349 40442371 		.ascii	"@D#q\217\027A\371\031a\317\311\003\340\031\342\006\216"
 209      8F1741F9 
 209      1961CFC9 
 209      03E019E2 
 209      068E
 210 035b 1277B412 		.ascii	"\022w\264\022\357\201!k\266\350\231\310\322\357\000"
 210      EF81216B 
 210      B6E899C8 
 210      D2EF00
 211 036a 993A37DA 		.ascii	"\231:7\332\255\332\324\2771\341\337c\364o\252\365Q\271"
 211      ADDAD4BF 
 211      31E1DF63 
 211      F46FAAF5 
 211      51B9
 212 037c 037AD4C5 		.ascii	"\003z\324\305<\312~:\323\246\334\250\374\011\301x(\310"
 212      3CCA7E3A 
 212      D3A6DCA8 
 212      FC09C178 
 212      28C8
 213 038e 38533E86 		.ascii	"8S>\206\312\307\271\362\223\023m\327\234P\271\321\025"
 213      CAC7B9F2 
 213      93136DD7 
 213      9C50B9D1 
 213      15
 214 039f E867BD8F 		.ascii	"\350g\275\217\036JHw3\005\355\227\307\202Q~\226\003"
 214      1E4A4877 
 214      3305ED97 
 214      C782517E 
 214      9603
 215 03b1 90054FEA 		.ascii	"\220\005O\352V\205\255F67\347k&R\004\334\310\252Y\350"
 215      5685AD46 
 215      3637E76B 
 215      265204DC 
 215      C8AA59E8 
 216 03c5 BD98B38E 		.ascii	"\275\230\263\216\2107\262rv.\242\246_Cs1]\314e\312]"
 216      8837B272 
 216      762EA2A6 
 216      5F437331 
 216      5DCC65CA 
 217 03da 94A9DECE 		.ascii	"\224\251\336\316\227\331\312M=\235\023\236>CO\247\217"
 217      97D9CA4D 
 217      3D9D139E 
 217      3E434FA7 
 217      8F
 218 03eb BC4E76DB 		.ascii	"\274Nv\333\350\331\014\240\2479z\236y6\307=\003pG\363"
 218      E8D90CA0 
 218      A7397A9E 
 218      7936C73D 
 218      037047F3 
 219 03ff F4982B6A 		.ascii	"\364\230+jZv\002\272j\362\361~Z\210VD\246,\224kh\031"
 219      5A7602BA 
ARM GAS  /tmp/cclz80IY.s 			page 17


 219      6AF2F17E 
 219      5A885644 
 219      A62C946B 
 220 0415 1249FD4D 		.ascii	"\022I\375M\365\2566\313v\021\246z\311j\331\316\306E"
 220      F5AE36CB 
 220      7611A67A 
 220      C96AD9CE 
 220      C645
 221 0427 E63ADA54 		.ascii	"\346:\332T)[\\v\312\321\253Jy^\277\260\312\353es\225"
 221      295B5C76 
 221      CAD1AB4A 
 221      795EBFB0 
 221      CAEB6573 
 222 043c 7A385214 		.ascii	"z8R\024!\321&4\242\2461\262\302\205\366 \221\225\326"
 222      21D12634 
 222      A2A631B2 
 222      C285F620 
 222      9195D6
 223 044f 57A5B5B1 		.ascii	"W\245\265\261h\0254\275\264\266\250!=\327\221\216!\323"
 223      681534BD 
 223      B4B6A821 
 223      3DD7918E 
 223      21D3
 224 0461 83CCF158 		.ascii	"\203\314\361X\333\352\363\312\206\251\354Ry\274Fn\336"
 224      DBEAF3CA 
 224      86A9EC52 
 224      79BC466E 
 224      DE
 225 0472 6B2BF3DE 		.ascii	"k+\363\336\230\253O\\\362\3539\015\361\360\364\264\277"
 225      98AB4F5C 
 225      F2EB390D 
 225      F1F0F4B4 
 225      BF
 226 0483 B65740F0 		.ascii	"\266W@\360\232X\333\241\222'L\275\254\232,\\}g\271\314"
 226      9A58DBA1 
 226      92274CBD 
 226      AC9A2C5C 
 226      7D67B9CC 
 227 0497 688C7666 		.ascii	"h\214vf\342x9Y\333\244\234 \376\315\354\267r\302\215"
 227      E2783959 
 227      DBA49C20 
 227      FECDECB7 
 227      72C28D
 228 04aa 2DFFC182 		.ascii	"-\377\301\202\303\013\233\035\370N,>\263\375a\365n\364"
 228      C30B9B1D 
 228      F84E2C3E 
 228      B3FD61F5 
 228      6EF4
 229 04bc 386EB975 		.ascii	"8n\271u\275\245\217U\233\024\2370\311\256\201l\3672"
 229      BDA58F55 
 229      9B149F30 
 229      C9AE816C 
 229      F732
 230 04ce 3D8F1209 		.ascii	"=\217\022\011;\3142\243\260\"&\315\021\351m@\266u\315"
 230      3BCC32A3 
 230      B02226CD 
 230      11E96D40 
ARM GAS  /tmp/cclz80IY.s 			page 18


 230      B675CD
 231 04e1 3F336F11 		.ascii	"?3o\021,EM\347^wQ\232\215\032\357\257M\217\212\254\332"
 231      2C454DE7 
 231      5E77519A 
 231      8D1AEFAF 
 231      4D8F8AAC 
 232 04f6 0AE44453 		.ascii	"\012\344DS\332\230\250&Y\014\373\244\365y\221\206\346"
 232      DA98A826 
 232      590CFBA4 
 232      F5799186 
 232      E6
 233 0507 21D6BCAD 		.ascii	"!\326\274\255\273\343\266~\"ul\033-\305\257j\243^_e"
 233      BBE3B67E 
 233      22756C1B 
 233      2DC5AF6A 
 233      A35E5F65 
 234 051b 2ADF637D 		.ascii	"*\337c}\305\332\232\233l\303~\0177\354\202\350\273\007"
 234      C5DA9A9B 
 234      6CC37E0F 
 234      37EC82E8 
 234      BB07
 235 052d 6915A24F 		.ascii	"i\025\242O\027\365\2268\340\206\315\247L\261\036\033"
 235      17F59638 
 235      E086CDA7 
 235      4CB11E1B 
 236 053d 724CE21C 		.ascii	"rL\342\034\314\3118i;\211\225\370Bi:\026\021\243\245"
 236      CCC93869 
 236      3B8995F8 
 236      42693A16 
 236      11A3A5
 237 0550 4DC8DDBF 		.ascii	"M\310\335\277\220[\351d\237;\301.\367\225\245\332\033"
 237      905BE964 
 237      9F3BC12E 
 237      F795A5DA 
 237      1B
 238 0561 AEF40E72 		.ascii	"\256\364\016rO\215\025\364Jt\000\211\210C\246V\311&"
 238      4F8D15F4 
 238      4A740089 
 238      8843A656 
 238      C926
 239 0573 C79240CA 		.ascii	"\307\222@\312\011I\236c\245k\371Q\224>\026L\213\231"
 239      09499E63 
 239      A56BF951 
 239      943E164C 
 239      8B99
 240 0585 4B0E364C 		.ascii	"K\0166L'm\230N\026\334JW\313\0233Y\222'A\212$\326M\374"
 240      276D984E 
 240      16DC4A57 
 240      CB133359 
 240      9227418A 
 241 059d FD955A27 		.ascii	"\375\225Z':\203\302K\222n\257\251\350\002\022\313\203"
 241      3A83C24B 
 241      926EAFA9 
 241      E80212CB 
 241      83
 242 05ae 39B76C37 		.ascii	"9\267l7\355T\320\224f\245\251\263\344n\250+\015\243"
 242      ED54D094 
ARM GAS  /tmp/cclz80IY.s 			page 19


 242      66A5A9B3 
 242      E46EA82B 
 242      0DA3
 243 05c0 9CA9B0B5 		.ascii	"\234\251\260\265g\230\3320\235\262a*y]\331k\265]\245"
 243      6798DA30 
 243      9DB2612A 
 243      795DD96B 
 243      B55DA5
 244 05d3 5B999761 		.ascii	"[\231\227a6/;\321t\326\231&r\341\252\244g\023\035\022"
 244      362F3BD1 
 244      74D69926 
 244      72E1AAA4 
 244      67131D12 
 245 05e7 5B449E1B 		.ascii	"[D\236\033\326Q4\204\3730\204\233[\227\205\212\310\031"
 245      D6513484 
 245      FB30849B 
 245      5B97858A 
 245      C819
 246 05f9 48D31C18 		.ascii	"H\323\034\030\247ad\3038+_S_Oy\246\314\343\366\037/"
 246      A76164C3 
 246      382B5F53 
 246      5F4F79A6 
 246      CCE3F61F 
 247 060e 69498CE0 		.ascii	"iI\214\340\263X\320A6\254\252\325s\324\230\363\0019"
 247      B358D041 
 247      36ACAAD5 
 247      73D498F3 
 247      0139
 248 0620 0EE8439B 		.ascii	"\016\350C\233\240w\256\203{\3179b\003\000\216\020\223"
 248      A077AE83 
 248      7BCF3962 
 248      03008E10 
 248      93
 249 0631 0DDCCB1A 		.ascii	"\015\334\313\032=\211\242aNH\242}\254\314\216\241\024"
 249      3D89A261 
 249      4E48A27D 
 249      ACCC8EA1 
 249      14
 250 0642 F7337C75 		.ascii	"\3673|u3\2733m\340G%\331\362\256(L=\340a?R\247\376x"
 250      33BB336D 
 250      E04725D9 
 250      F2AE284C 
 250      3DE0613F 
 251 065a A44040CE 		.ascii	"\244@@\316\335\352\001\025m\305\271m\230\030=\254\245"
 251      DDEA0115 
 251      6DC5B96D 
 251      98183DAC 
 251      A5
 252 066b 5D9C90E6 		.ascii	"]\234\220\346\363\226\256H\320N\011\243L[\321(\263\277"
 252      F396AE48 
 252      D04E09A3 
 252      4C5BD128 
 252      B3BF
 253 067d E7EDFB9B 		.ascii	"\347\355\373\233 \266&n\313\372\302\311\023\014\314"
 253      20B6266E 
 253      CBFAC2C9 
 253      130CCC
ARM GAS  /tmp/cclz80IY.s 			page 20


 254 068c 96FC75DD 		.ascii	"\226\374u\335\003\2537\302\334\350 \352\216\310.\275"
 254      03AB37C2 
 254      DCE820EA 
 254      8EC82EBD 
 255 069c 20B60B1B 		.ascii	" \266\013\033\366\002{\354475\354\251\023\361\344\026"
 255      F6027BEC 
 255      343735EC 
 255      A913F1E4 
 255      16
 256 06ad 1A8DF52F 		.ascii	"\032\215\365/\256\37605\374h\2541\013\022\365\002\200"
 256      AEFE3035 
 256      FC68AC31 
 256      0B12F502 
 256      80
 257 06be CF0153D1 		.ascii	"\317\001S\321\246\223\002\014Mi\364b\030\257\272\271"
 257      A693020C 
 257      4D69F462 
 257      18AFBAB9 
 258 06ce 003B22E0 		.ascii	"\000;\"\340\346\370\311\347\305*\300Q\000\210\344\200"
 258      E6F8C9E7 
 258      C52AC051 
 258      0088E480 
 259 06de 22615221 		.ascii	"\"aR!D\364\342\272W\023o\212\236(\351S\364\352N\337"
 259      44F4E2BA 
 259      57136F8A 
 259      9E28E953 
 259      F4EA4EDF 
 260 06f2 24CCE002 		.ascii	"$\314\340\002\022O\217\024\230\034\264v\372\244\022"
 260      124F8F14 
 260      981CB476 
 260      FAA412
 261 0701 C9E62001 		.ascii	"\311\346 \001\360\301\364\331\005%\215Tr\336\276\007"
 261      F0C1F4D9 
 261      05258D54 
 261      72DEBE07 
 262 0711 4DD0E01F 		.ascii	"M\320\340\037E\342\322\320\221\026\252\216\342\202\032"
 262      45E2D2D0 
 262      9116AA8E 
 262      E2821A
 263 0720 E482CA40 		.ascii	"\344\202\312@P\271\244\346\313P.*\364l\350oh*2\247,"
 263      50B9A4E6 
 263      CB502E2A 
 263      F46CE86F 
 263      682A32A7 
 264 0735 40BDB6C7 		.ascii	"@\275\266\307\\\261\011\363\241\3369\223\350A\372X\375"
 264      5CB109F3 
 264      A1DE3993 
 264      E841FA58 
 264      FD
 265 0746 3FDDD597 		.ascii	"?\335\325\227\345J\013P\332\341\321\305+v\017G6\275"
 265      E54A0B50 
 265      DAE1D1C5 
 265      2B760F47 
 265      36BD
 266 0758 1F808767 		.ascii	"\037\200\207g\256\307SyM\250\226\344\355K\215\271&\204"
 266      AEC75379 
 266      4DA896E4 
ARM GAS  /tmp/cclz80IY.s 			page 21


 266      ED4B8DB9 
 266      2684
 267 076a 8D54F412 		.ascii	"\215T\364\022z\0115|]\332\320\356*\366\227A\366\340"
 267      7A09357C 
 267      5DDAD0EE 
 267      2AF69741 
 267      F6E0
 268 077c B5A93DDA 		.ascii	"\265\251=\332\221^\306o\273\323\357\326\212f\254\232"
 268      915EC66F 
 268      BBD3EFD6 
 268      8A66AC9A 
 269 078c ED28350F 		.ascii	"\355(5\017\206\213\324\2336H\365\0226HuX\271/\314.\326"
 269      868BD49B 
 269      3648F512 
 269      36487558 
 269      B92FCC2E 
 270 07a1 B06DE57D 		.ascii	"\260m\345}-\371\203lKy\037\267\224\241\242\201F%\275"
 270      2DF9836C 
 270      4B791FB7 
 270      94A1A281 
 270      4625BD
 271 07b4 867A3AA6 		.ascii	"\206z:\246#\217\013?\213\303\215o\205\356\224m\235\015"
 271      238F0B3F 
 271      8BC38D6F 
 271      85EE946D 
 271      9D0D
 272 07c6 12E761D3 		.ascii	"\022\347a\323w\035\222\343\032\012"
 272      771D92E3 
 272      1A0A
 273 07d0 2F6B198E 		.ascii	"/k\031\216\327Z\272\257m\244\021\234\275\002\337W\362"
 273      D75ABAAF 
 273      6DA4119C 
 273      BD02DF57 
 273      F2
 274 07e1 E4B921B9 		.ascii	"\344\271!\271\243=\334\343\346\244\231r\211\336D]\023"
 274      A33DDCE3 
 274      E6A49972 
 274      89DE445D 
 274      13
 275 07f2 67CBCB34 		.ascii	"g\313\3134\"\340\254\301\314KX=k\336a\027\371\201-\371"
 275      22E0ACC1 
 275      CC4B583D 
 275      6BDE6117 
 275      F9812DF9 
 276 0806 56872BED 		.ascii	"V\207+\355EtE\374\345(\321_v\361\035\250\263\276\324"
 276      457445FC 
 276      E528D15F 
 276      76F11DA8 
 276      B3BED4
 277 0819 C95E96D9 		.ascii	"\311^\226\3319\256\262n5\255+T\213\354-\374p\271\324"
 277      39AEB26E 
 277      35AD2B54 
 277      8BEC2DFC 
 277      70B9D4
 278 082c 9DA1A4C3 		.ascii	"\235\241\244\303(;\264 \251XK\247\220\250\355\256>F"
 278      283BB420 
 278      A9584BA7 
ARM GAS  /tmp/cclz80IY.s 			page 22


 278      90A8EDAE 
 278      3E46
 279 083e E83C1237 		.ascii	"\350<\0227+o>\322\320U$F\316E=Q\332\354\011]\020\226"
 279      2B6F3ED2 
 279      D0552446 
 279      CE453D51 
 279      DAEC095D 
 280 0854 DB567B42 		.ascii	"\333V{Br\305\361\012-=\352\300\231\346\032c[\2256\375"
 280      72C5F10A 
 280      2D3DEAC0 
 280      99E61A63 
 280      5B9536FD 
 281 0868 E11D1BA6 		.ascii	"\341\035\033\246\013\257G\222\264\362\244\271k\265\250"
 281      0BAF4792 
 281      B4F2A4B9 
 281      6BB5A8
 282 0877 BB45D2D0 		.ascii	"\273E\322\320\372\376\350>\345\246\015\030\234\023\305"
 282      FAFEE83E 
 282      E5A60D18 
 282      9C13C5
 283 0886 6AED85D5 		.ascii	"j\355\205\325\372\265|\247xs\205\266b\367\005\262H'"
 283      FAB57CA7 
 283      787385B6 
 283      62F705B2 
 283      4827
 284 0898 18D0F34D 		.ascii	"\030\320\363Mec\354*MC\370\027Z\322a\037m>\372\231\217"
 284      6563EC2A 
 284      4D43F817 
 284      5AD2611F 
 284      6D3EFA99 
 285 08ad CFEEE2F8 		.ascii	"\317\356\342\370\\\275bJP\323\014\014@\351\344l5\241"
 285      5CBD624A 
 285      50D30C0C 
 285      40E9E46C 
 285      35A1
 286 08bf F948A484 		.ascii	"\371H\244\204\345\305\270\332[\225\367@\303\200\235"
 286      E5C5B8DA 
 286      5B95F740 
 286      C3809D
 287 08ce 55995A97 		.ascii	"U\231Z\227r\326\221V!w\306\2433\321J{\334\3677\341\276"
 287      72D69156 
 287      2177C6A3 
 287      33D14A7B 
 287      DCF737E1 
 288 08e3 9D78EF81 		.ascii	"\235x\357\201H\261\237\000\231\277\030\227&\222\200"
 288      48B19F00 
 288      99BF1897 
 288      269280
 289 08f2 1D51AA7B 		.ascii	"\035Q\252{\332O\213%7\314\320\261\275/\3724\264\035"
 289      DA4F8B25 
 289      37CCD0B1 
 289      BD2FFA34 
 289      B41D
 290 0904 75DD292B 		.ascii	"u\335)+Iq\241w\035\254\032\263\337\3326f\277\305U\224"
 290      4971A177 
 290      1DAC1AB3 
 290      DFDA3666 
ARM GAS  /tmp/cclz80IY.s 			page 23


 290      BFC55594 
 291 0918 B3327BD9 		.ascii	"\2632{\331\231\336Cx\317l\362!\311~o\365X\342,l\206"
 291      99DE4378 
 291      CF6CF221 
 291      C97E6FF5 
 291      58E22C6C 
 292 092d 4661913C 		.ascii	"Fa\221<\302E4\035;\377\306\221>D\356\376C\317\333\034"
 292      C245341D 
 292      3BFFC691 
 292      3E44EEFE 
 292      43CFDB1C 
 293 0941 E8242794 		.ascii	"\350$'\224\257\036-\255\251\331i_\034\367;*i\006N\313"
 293      AF1E2DAD 
 293      A9D9695F 
 293      1CF73B2A 
 293      69064ECB 
 294 0955 18ACB327 		.ascii	"\030\254\263' mr\223y\261\312\217a\320\365\200/\310"
 294      206D7293 
 294      79B1CA8F 
 294      61D0F580 
 294      2FC8
 295 0967 49911F4F 		.ascii	"I\221\037O!?&`L\311sd\262\212\342v\317\204\217\330\010"
 295      213F2660 
 295      4CC97364 
 295      B28AE276 
 295      CF848FD8 
 296 097c DFD81D4C 		.ascii	"\337\330\035L^\224\301\307\355\333\"v\360\374\256\252"
 296      5E94C1C7 
 296      EDDB2276 
 296      F0FCAEAA 
 297 098c 06D1217F 		.ascii	"\006\321!\177\004dzt\375\005\215\350\220\331\013\264"
 297      04647A74 
 297      FD058DE8 
 297      90D90BB4 
 298 099c A5CED648 		.ascii	"\245\316\326HW:\217\0010\277Vr\307\327J\346\223\344"
 298      573A8F01 
 298      30BF5672 
 298      C7D74AE6 
 298      93E4
 299 09ae 5671926C 		.ascii	"Vq\222l_<\262&\321e\304\016\233rN\252\020\353\010d\313"
 299      5F3CB226 
 299      D165C40E 
 299      9B724EAA 
 299      10EB0864 
 300 09c3 AB9413D2 		.ascii	"\253\224\023\322\246u\361\271\250\213\013\030\365\344"
 300      A675F1B9 
 300      A88B0B18 
 300      F5E4
 301 09d1 D8824756 		.ascii	"\330\202GVG2vp\264\240\027a\231\360\365\311\314\277"
 301      47327670 
 301      B4A01761 
 301      99F0F5C9 
 301      CCBF
 302 09e3 373A422D 		.ascii	"7:B-UN\311\277\234\203\240>\343A]bU\356\271\271\312"
 302      554EC9BF 
 302      9C83A03E 
 302      E3415D62 
ARM GAS  /tmp/cclz80IY.s 			page 24


 302      55EEB9B9 
 303 09f8 55B42637 		.ascii	"U\264&7:\32054\320\234\202[1\005\247\227\237O\271\322"
 303      3AD03534 
 303      D09C825B 
 303      3105A797 
 303      9F4FB9D2 
 304 0a0c 2815FFEE 		.ascii	"(\025\377\356r\247)Y\030\257b\247\340\225\241\361\315"
 304      72A72959 
 304      18AF62A7 
 304      E095A1F1 
 304      CD
 305 0a1d 8BFA4B61 		.ascii	"\213\372Ka\374*\032?x\261c\320a\343\251wYB\347\340\204"
 305      FC2A1A3F 
 305      78B163D0 
 305      61E3A977 
 305      5942E7E0 
 306 0a32 C72C7A69 		.ascii	"\307,zi\266\250\253\243f\304\205\306\242\326\3731\013"
 306      B6A8ABA3 
 306      66C485C6 
 306      A2D6FB31 
 306      0B
 307 0a43 B5842673 		.ascii	"\265\204&sBU\276\322\365\\\313\272\013O\236a\254_(\244"
 307      4255BED2 
 307      F55CCBBA 
 307      0B4F9E61 
 307      AC5F28A4 
 308 0a57 E9D82F80 		.ascii	"\351\330/\200Wd\036f5\224z\310|\305\306L\336\310]\220"
 308      57641E66 
 308      35947AC8 
 308      7CC5C64C 
 308      DEC85D90 
 309 0a6b A7E40BC1 		.ascii	"\247\344\013\301`\257\223\263J\311\031\2208\315\277"
 309      60AF93B3 
 309      4AC91990 
 309      38CDBF
 310 0a7a 62709692 		.ascii	"bp\226\222\021\324\223\204\301\010\207a\204\261&O\315"
 310      11D49384 
 310      C1088761 
 310      84B1264F 
 310      CD
 311 0a8b D5F3B25C 		.ascii	"\325\363\262\\{m\243\304\252\273d\345\253\200\236\002"
 311      7B6DA3C4 
 311      AABB64E5 
 311      AB809E02 
 312 0a9b 2FC29D59 		.ascii	"/\302\235Y$\310\212\300[\342c\323\350\236\227;\361\306"
 312      24C88AC0 
 312      5BE263D3 
 312      E89E973B 
 312      F1C6
 313 0aad BE7CCC65 		.ascii	"\276|\314e\307\303\003\267\026\035\010k\336\327\227"
 313      C7C303B7 
 313      161D086B 
 313      DED797
 314 0abc E550352D 		.ascii	"\345P5-*\346\352\006\241\014\365\003{4\260cuR\220\276"
 314      2AE6EA06 
 314      A10CF503 
 314      7B34B063 
ARM GAS  /tmp/cclz80IY.s 			page 25


 314      755290BE 
 315 0ad0 8D21EBC8 		.ascii	"\215!\353\310\247\027\255O\302\321\366\265\24133Wi\262"
 315      A717AD4F 
 315      C2D1F6B5 
 315      A1333357 
 315      69B2
 316 0ae2 9175A5AC 		.ascii	"\221u\245\254\006\337\022\302-%\377\246d\015\237\257"
 316      06DF12C2 
 316      2D25FFA6 
 316      640D9FAF 
 317 0af2 A2A13C54 		.ascii	"\242\241<Tl9>\024pK\005\030\262?\037S o\222\313\213"
 317      6C393E14 
 317      704B0518 
 317      B23F1F53 
 317      206F92CB 
 318 0b07 16F31105 		.ascii	"\026\363\021\005sp\024\306a\030\2210\016\3018Bes\322"
 318      737014C6 
 318      61189130 
 318      0EC13842 
 318      6573D2
 319 0b1a 5B47D3D1 		.ascii	"[G\323\321\353vq\366\220{\335\266\301\254\216B\341\005"
 319      EB7671F6 
 319      907BDDB6 
 319      C1AC8E42 
 319      E105
 320 0b2c 8BECAC00 		.ascii	"\213\354\254\000[\262@\276\243h\347\342\026\243%\202"
 320      5BB240BE 
 320      A368E7E2 
 320      16A32582 
 321 0b3c 11F65C4F 		.ascii	"\021\366\\O\315\2454z\036S3\034<{\016a;f\025\210\005"
 321      CDA5347A 
 321      1E53331C 
 321      3C7B0E61 
 321      3B661588 
 322 0b51 B2210B96 		.ascii	"\262!\013\226\342h\242\321x\030\014\204>\204\\\225\220"
 322      E268A2D1 
 322      78180C84 
 322      3E845C95 
 322      90
 323 0b62 C1D29D6C 		.ascii	"\301\322\235ll\225\363h\012&\315<q'\263B\276\345U\322"
 323      6C95F368 
 323      0A26CD3C 
 323      7127B342 
 323      BEE555D2 
 324 0b76 538B7C4B 		.ascii	"S\213|K\350`\027j\001\201\315\3540\322d\326\000\321"
 324      E860176A 
 324      0181CDEC 
 324      30D264D6 
 324      00D1
 325 0b88 8B85681D 		.ascii	"\213\205h\035\207\221\004#\001F\"\214\0230b`\304\301"
 325      87910423 
 325      0146228C 
 325      13306260 
 325      C4C1
 326 0b9a 885F8F24 		.ascii	"\210_\217$h\036\252\243'xlXLZ\205\024\313\214Ll<\304"
 326      681EAAA3 
 326      27786C58 
ARM GAS  /tmp/cclz80IY.s 			page 26


 326      4C5A8514 
 326      CB8C4C6C 
 327 0bb0 CDA4D00B 		.ascii	"\315\244\320\013\030\371\313\220o\245\202\301\034\371"
 327      18F9CB90 
 327      6FA582C1 
 327      1CF9
 328 0bbe 0879E459 		.ascii	"\010y\344Yv\036\243\231\230n\320{\222Z\201\266\244["
 328      761EA399 
 328      986ED07B 
 328      925A81B6 
 328      A45B
 329 0bd0 E5067CAF 		.ascii	"\345\006|\257\211\026\242\364K0\257\305v\245\177\270"
 329      8916A2F4 
 329      4B30AFC5 
 329      76A57FB8 
 330 0be0 8E6E4A91 		.ascii	"\216nJ\221K\257\332D\272lV:\322\204\263\354dqH\340-"
 330      4BAFDA44 
 330      BA6C563A 
 330      D284B3EC 
 330      647148E0 
 331 0bf5 E78D0849 		.ascii	"\347\215\010I\226\011\344\336\215\342\005-\315\300\322"
 331      9609E4DE 
 331      8DE2052D 
 331      CDC0D2
 332 0c04 55B1925D 		.ascii	"U\261\222]\252\361\260\037\373\223\364\377\034{\350"
 332      AAF1B01F 
 332      FB93F4FF 
 332      1C7BE8
 333 0c13 A4D92BE7 		.ascii	"\244\331+\347\207\315-Qjz\036U\\\233\231\273\244\244"
 333      87CD2D51 
 333      6A7A1E55 
 333      5C9B99BB 
 333      A4A4
 334 0c25 C548C486 		.ascii	"\305H\304\206\246\375\234\226\362{:\332?6\345\370\015"
 334      A6FD9C96 
 334      F27B3ADA 
 334      3F36E5F8 
 334      0D
 335 0c36 8D579AD0 		.ascii	"\215W\232\320}\012\344\247\313\347\266\271\223\036\213"
 335      7D0AE4A7 
 335      CBE7B6B9 
 335      931E8B
 336 0c45 949DD852 		.ascii	"\224\235\330R\301\320\264oZ\356#\177\206\225\216\201"
 336      C1D0B46F 
 336      5AEE237F 
 336      86958E81 
 337 0c55 4DF6C1E6 		.ascii	"M\366\301\346\350<\2168\232\344F{\320\332\033/\322g"
 337      E83C8E38 
 337      9AE4467B 
 337      D0DA1B2F 
 337      D267
 338 0c67 C51BAB71 		.ascii	"\305\033\253q\326P\227\315\247\367\231\217\024K\374"
 338      D65097CD 
 338      A7F7998F 
 338      144BFC
 339 0c76 2DD9F291 		.ascii	"-\331\362\22197:\314\321\312\364q\343\234\223\271\263"
 339      39373ACC 
ARM GAS  /tmp/cclz80IY.s 			page 27


 339      D1CAF471 
 339      E39C93B9 
 339      B3
 340 0c87 6015F3FC 		.ascii	"`\025\363\374\367\022p\255@TH\012\350=\003Wsx\355\227"
 340      F71270AD 
 340      4054480A 
 340      E83D0357 
 340      7378ED97 
 341 0c9b 71887F16 		.ascii	"q\210\177\026\335N2)\304?Cp\260\030\344@\014\316\302"
 341      DD4E3229 
 341      C43F4370 
 341      B018E440 
 341      0CCEC2
 342 0cae 382D8FC3 		.ascii	"8-\217\303L\346\333\011|\332\331\033\375l\201\266\304"
 342      4CE6DB09 
 342      7CDAD91B 
 342      FD6C81B6 
 342      C4
 343 0cbf 6F63CDCB 		.ascii	"oc\315\313\327b\021c\336\263$\261F[\3527S\306^\260\014"
 343      D7621163 
 343      DEB324B1 
 343      465BEA37 
 343      53C65EB0 
 344 0cd4 0ED7691E 		.ascii	"\016\327i\036\222\007\204\375nIH\377_\023\005\373\307"
 344      920784FD 
 344      6E4948FF 
 344      5F1305FB 
 344      C7
 345 0ce5 FE60CBCD 		.ascii	"\376`\313\315\256\204\335\023\361\003'\377\020\366\021"
 345      AE84DD13 
 345      F10327FF 
 345      10F611
 346 0cf4 3885F8C5 		.ascii	"8\205\370\305\317\374\014/\346?\370L\022R$\361\023\036"
 346      CFFC0C2F 
 346      E63FF84C 
 346      125224F1 
 346      131E
 347 0d06 411E94CE 		.ascii	"A\036\224\316I\231h\374\236\210\357\315B\220\001\255"
 347      499968FC 
 347      9E88EFCD 
 347      429001AD 
 348 0d16 B2308A47 		.ascii	"\2620\212G\222P'\347 6\026[\004*\326\205\232?\342\036"
 348      925027E7 
 348      2036165B 
 348      042AD685 
 348      9A3FE21E 
 349 0d2a 42B2D67D 		.ascii	"B\262\326}\275E3B\206CY<k\232\377\373O\210k\374;\012"
 349      BD453342 
 349      8643593C 
 349      6B9AFFFB 
 349      4F886BFC 
 350 0d40 4CECAA97 		.ascii	"L\354\252\227\253\224F8b\213\222\275x\330\315\374\313"
 350      AB944638 
 350      628B92BD 
 350      78D8CDFC 
 350      CB
 351 0d51 A2F18FFD 		.ascii	"\242\361\217\375\262\310\326d}x\272V\011! \371TK\366"
ARM GAS  /tmp/cclz80IY.s 			page 28


 351      B2C8D664 
 351      7D78BA56 
 351      092120F9 
 351      544BF6
 352 0d64 29F1E418 		.ascii	")\361\344\030g\222\3703\266\027\234\247\312\377\227"
 352      6792F833 
 352      B6179CA7 
 352      CAFF97
 353 0d73 E4F8DB13 		.ascii	"\344\370\333\023\331\224K\271\000\222\013P\312\305\231"
 353      D9944BB9 
 353      00920B50 
 353      CAC599
 354 0d82 EB93EA6F 		.ascii	"\353\223\352o\237\340Y\027n\334\"q\015fA\012r\221~["
 354      9FE05917 
 354      6EDC2271 
 354      0D66410A 
 354      72917E5B 
 355 0d96 410AA912 		.ascii	"A\012\251\022\235n\211(\277E\276\237e\034\0366\326\317"
 355      9D6E8928 
 355      BF45BE9F 
 355      651C1E36 
 355      D6CF
 356 0da8 4ED1C367 		.ascii	"N\321\303g\242`\345\221\2371\024\311\203\244\023'.v"
 356      A260E591 
 356      9F3114C9 
 356      83A41327 
 356      2E76
 357 0dba AF20E7E8 		.ascii	"\257 \347\350\010!\271\364!\013h\021\375>\260\217\337"
 357      0821B9F4 
 357      210B6811 
 357      FD3EB08F 
 357      DF
 358 0dcb 6E3E4569 		.ascii	"n>Ei%\006f\361\332\251.v\346Ta\333\357\310\317\244\315"
 358      250666F1 
 358      DAA92E76 
 358      E65461DB 
 358      EFC8CFA4 
 359 0de0 1FE31366 		.ascii	"\037\343\023f\316\001vp\217\271;\240\242\327\221c\325"
 359      CE017670 
 359      8FB93BA0 
 359      A2D79163 
 359      D5
 360 0df1 F4AAC449 		.ascii	"\364\252\304I\326\302\311:\377R\312\331\230\303\227"
 360      D6C2C93A 
 360      FF52CAD9 
 360      98C397
 361 0e00 60CD9450 		.ascii	"`\315\224P\356\360\312D\361u\015w\270l=\224O#\273\347"
 361      EEF0CA44 
 361      F1750D77 
 361      B86C3D94 
 361      4F23BBE7 
 362 0e14 5DE5FEFA 		.ascii	"]\345\376\372}K\346n\005s\267\334\354n\350\241\307\015"
 362      7D4BE66E 
 362      0573B7DC 
 362      EC6EE8A1 
 362      C70D
 363 0e26 CECC5D56 		.ascii	"\316\314]VhV\350T4\270\233M8\212\024\313\334\205{\314"
ARM GAS  /tmp/cclz80IY.s 			page 29


 363      6856E854 
 363      34B89B4D 
 363      388A14CB 
 363      DC857BCC 
 364 0e3a 8ECBDCCD 		.ascii	"\216\313\334\315\354\351\364.\027\272\214F\267U$\326"
 364      ECE9F42E 
 364      17BA8C46 
 364      B75524D6 
 365 0e4a BA701BF8 		.ascii	"\272p\033\370\253\011\366\312*\262$\216l<\351*H5\225"
 365      AB09F6CA 
 365      2AB2248E 
 365      6C3CE92A 
 365      483595
 366 0e5d 9F584D45 		.ascii	"\237XMEU\245.4T\215\207\371\336\302~\333\263q\015X`"
 366      55A52E34 
 366      548D87F9 
 366      DEC27EDB 
 366      B3710D58 
 367 0e72 CDD4742E 		.ascii	"\315\324t.\321K\336r\327Z\325\266+T\274\032I\010]\310"
 367      D14BDE72 
 367      D75AD5B6 
 367      2B54BC1A 
 367      49085DC8 
 368 0e86 75E426C1 		.ascii	"u\344&\301#R\205y\360\346\322\275&\"\217\313\027\362"
 368      23528579 
 368      F0E6D2BD 
 368      26228FCB 
 368      17F2
 369 0e98 34A86371 		.ascii	"4\250cq\271j\216\313\364\315\366\001I\304\345\305\021"
 369      B96A8ECB 
 369      F4CDF601 
 369      49C4E5C5 
 369      11
 370 0ea9 87F18EA8 		.ascii	"\207\361\216\250\372\177\341\030R)\213J\2459*\365<*"
 370      FA7FE118 
 370      52298B4A 
 370      A5392AF5 
 370      3C2A
 371 0ebb D3C74DA9 		.ascii	"\323\307M\251\256\264\015=\212\035k\356t\243\035Hd\226"
 371      AEB40D3D 
 371      8A1D6BEE 
 371      74A31D48 
 371      6496
 372 0ecd 55C6491E 		.ascii	"U\306I\036\366\013\337\365\315\013\037\363\344\341\302"
 372      F60BDFF5 
 372      CD0B1FF3 
 372      E4E1C2
 373 0edc 0FDF3D83 		.ascii	"\017\337=\203\363\323I\357\237k7\032\263\235I\003\340"
 373      F3D349EF 
 373      9F6B371A 
 373      B39D4903 
 373      E0
 374 0eed AFA121EB 		.ascii	"\257\241!\353\202\024\354\0113\246\221\276\313\216\034"
 374      8214EC09 
 374      33A691BE 
 374      CB8E1C
 375 0efc 3909A755 		.ascii	"9\011\247Ut\000\365\277H\034\237Y\177[\037a\225W7\250"
ARM GAS  /tmp/cclz80IY.s 			page 30


 375      7400F5BF 
 375      481C9F59 
 375      7F5B1F61 
 375      955737A8 
 376 0f10 CDDB7AD2 		.ascii	"\315\333z\322D\331\317\363\011\231MY\316\362`7X\005"
 376      44D9CFF3 
 376      09994D59 
 376      CEF26037 
 376      5805
 377 0f22 BB99079B 		.ascii	"\273\231\007\233]\000\373|\250'\316U\216e\241\262`["
 377      5D00FB7C 
 377      A827CE55 
 377      8E65A1B2 
 377      605B
 378 0f34 10DBC2B1 		.ascii	"\020\333\302\261/\206L\345\016rl\270\325\261\257\025"
 378      2F864CE5 
 378      0E726CB8 
 378      D5B1AF15 
 379 0f44 B1AD1CDB 		.ascii	"\261\255\034\333S\225\320ou\306\032\205\316\312\202"
 379      5395D06F 
 379      75C61A85 
 379      CECA82
 380 0f53 6D436C1B 		.ascii	"mCl\033\307&\345\035[\263\372\015j\334\012\333\216\330"
 380      C726E51D 
 380      5BB3FA0D 
 380      6ADC0ADB 
 380      8ED8
 381 0f65 768E2DBE 		.ascii	"v\216-\2761q\312\312\267\012+{o\"\226]\276\263c\207"
 381      3171CACA 
 381      B70A2B7B 
 381      6F22965D 
 381      BEB36387 
 382 0f79 17FCF70D 		.ascii	"\027\374\367\015\016\321y\351C|\275|\202\365\336\006"
 382      0ED179E9 
 382      437CBD7C 
 382      82F5DE06 
 383 0f89 FF40DD0E 		.ascii	"\377@\335\016_\365?\374\372_\337\371\344\247?U\250\367"
 383      5FF53FFC 
 383      FA5FDFF9 
 383      E4A73F55 
 383      A8F7
 384 0f9b F9071976 		.ascii	"\371\007\031v\376"
 384      FE
 385 0fa0 D8DBE0C8 		.ascii	"\330\333\340\310n~\342m\240\373\003\015.?\017\326\177"
 385      6E7EE26D 
 385      A0FB030D 
 385      2E3F0FD6 
 385      7F
 386 0fb1 FA992144 		.ascii	"\372\231!D\347\023\370o\277\372\334\211\261\005\353"
 386      E713F86F 
 386      BFFADC89 
 386      B105EB
 387 0fc0 39E9E8EB 		.ascii	"9\351\350\353\347\023\024\244\013pa\317\374\203\005"
 387      E71314A4 
 387      0B7061CF 
 387      FC8305
 388 0fcf E50CF87F 		.ascii	"\345\014\370\177\374\364\023$\276'S\352\037\204J\375"
ARM GAS  /tmp/cclz80IY.s 			page 31


 388      FCF41324 
 388      BE2753EA 
 388      1F844AFD 
 389 0fdf 05FB0E3F 		.ascii	"\005\373\016?\205\326\"[\011\354!\252/\367\355\336\255"
 389      85D6225B 
 389      09EC21AA 
 389      2FF7EDDE 
 389      AD
 390 0ff0 0B5121E0 		.ascii	"\013Q!\340-\370\3663?]@\300\272vW\340"
 390      2DF8F633 
 390      3F5D40C0 
 390      BA7657E0 
 391 1000 D7B32708 		.ascii	"\327\263'\010\330\302\304qZ\350v3s\010\365\333\355\250"
 391      D8C2C471 
 391      5AE87633 
 391      7308F5DB 
 391      EDA8
 392 1012 E778D0ED 		.ascii	"\347x\320\355j-]\245\333\257\0132\350\265\301\372\177"
 392      6A2D5DA5 
 392      DBAF0B32 
 392      E8B5C1FA 
 392      7F
 393 1023 F6D71B74 		.ascii	"\366\327\033tA\272\020\207\335\001>{\364\316\3749\277"
 393      41BA1087 
 393      DD013E7B 
 393      F4CEFC39 
 393      BF
 394 1034 F5363871 		.ascii	"\36568q\"\320G\377\225\267A\035 p\032_?o\203\037\310"
 394      22D047FF 
 394      95B7411D 
 394      20701A5F 
 394      3F6F831F 
 395 1049 D8A5C68B 		.ascii	"\330\245\306\213\267A\031\244;`p\345`o3l\2135\351mP"
 395      B74119A4 
 395      3B6070E5 
 395      606F336C 
 395      8B35E96D 
 396 105e FD9E4BDD 		.ascii	"\375\236K\335\2016~\245\013\001\203\275>\361\363\377"
 396      81367EA5 
 396      0B0183BD 
 396      3EF1F3FF 
 397 106e D2FFD3CF 		.ascii	"\322\377\323\317\274\202\365^!\006fs\300\276]:/_?\264"
 397      BC82F55E 
 397      21066673 
 397      C0BE5D3A 
 397      2F5F3FB4 
 398 1082 0ECC56E9 		.ascii	"\016\314V\351\203\367\205\370\352\320,o$\\\345\004\010"
 398      83F785F8 
 398      EAD02C6F 
 398      245CE504 
 398      08
 399 1093 F60D0EDA 		.ascii	"\366\015\016\332\355\277\347-Kt8\355mp\320\033|\014"
 399      EDBFE72D 
 399      4B7438ED 
 399      6D70D01B 
 399      7C0C
 400 10a5 3AD7F5E7 		.ascii	":\327\365\347\234\334bM\002\373\336\220\340\300\275"
ARM GAS  /tmp/cclz80IY.s 			page 32


 400      9CDC624D 
 400      02FBDE90 
 400      E0C0BD
 401 10b4 E0834FA0 		.ascii	"\340\203O\240N#<\372\275\217Vo\370\312'\300\177O\220"
 401      4E233CFA 
 401      BD8F566F 
 401      F8CA27C0 
 401      7F4F90
 402 10c7 B741B3CE 		.ascii	"\267A\263\316\241\011\336\253\013\3611\370\007\007i"
 402      A109DEAB 
 402      0BF131F8 
 402      070769
 403 10d6 750774BE 		.ascii	"u\007t\276L\300>\275*Dg\330\357\023\340\350\033\034"
 403      4CC03EBD 
 403      2A4467D8 
 403      EF13E0E8 
 403      1B1C
 404 10e8 18E813B4 		.ascii	"\030\350\023\264K6I\370\300}\343\003o\2036\300\007x"
 404      4B3649F8 
 404      C07DE303 
 404      6F8336C0 
 404      0778
 405 10fa 7D9920B7 		.ascii	"}\231 \267\365o\221~k\003\015\311\351\007!\014\0169"
 405      F56F917E 
 405      6B030DC9 
 405      E907210C 
 405      0E39
 406 110c A8D2EDF2 		.ascii	"\250\322\355\3627\350v\251\364\376\377\005V\253\365"
 406      37E876A9 
 406      F4FEFF05 
 406      56ABF5
 407 111b BA009D2F 		.ascii	"\272\000\235/\320\216\276\373BB \034\016\376A{\367\031"
 407      D08EBEFB 
 407      4242201C 
 407      0EFE417B 
 407      F719
 408 112d 543E217B 		.ascii	"T>!{ \251Tz\335\357\002tA\354\002\224\006 \372\340\220"
 408      20A9547A 
 408      DDEF0274 
 408      41EC0294 
 408      0620FAE0 
 409 1142 BDC17A15 		.ascii	"\275\301z\025<\334c\360sZW\302\202\304\256R\260^\271"
 409      3CDC63F0 
 409      735A57C2 
 409      82C4AE52 
 409      B05EB9
 410 1155 67AF7FF0 		.ascii	"g\257\177\360\333\3662\350 L!O_\013\2456g\265\364\221"
 410      DBF632E8 
 410      204C214F 
 410      5F0BA536 
 410      67B5F491 
 411 1169 C2D92724 		.ascii	"\302\331'$p\377\307\272\037\005\376\371\356\275\012"
 411      70FFC7BA 
 411      1F05FEF9 
 411      EEBD0A
 412 1178 2DB01A74 		.ascii	"-\260\032t\007~\024\370\221b\033\300?\207\025\367\013"
 412      077E14F8 
ARM GAS  /tmp/cclz80IY.s 			page 33


 412      91621BC0 
 412      3F8715F7 
 412      0B
 413 1189 9F839FEE 		.ascii	"\237\203\237\356\376\215N\367\325\337C\240\177\0011"
 413      FE8D4EF7 
 413      D5DF43A0 
 413      7F0131
 414 1198 FFEEA64B 		.ascii	"\377\356\246KS\001\311\365\271\337\256\277;\340op\010"
 414      5301C9F5 
 414      B9DFAEBF 
 414      3BE06F70 
 414      08
 415 11a9 D4C3147A 		.ascii	"\324\303\024z\375\257\262\005g\215\245\213\332\327o"
 415      FDAFB205 
 415      678DA58B 
 415      DAD76F
 416 11b8 6F082CE6 		.ascii	"o\010,\346\335[\377\326G\257\373L\367\273}\020\032\177"
 416      DD5BFFD6 
 416      47AFFB4C 
 416      F7BB7D10 
 416      1A7F
 417 11ca 1F91F41F 		.ascii	"\037\221\364\037n&\315\317'\300+\300\377K/\364I\357"
 417      6E26CDCF 
 417      27C02BC0 
 417      FF4B2FF4 
 417      49EF
 418 11dc 65960212 		.ascii	"e\226\002\022)X\347lq\034\"\317\212\305\207\177\341"
 418      2958E76C 
 418      711C22CF 
 418      8AC5877F 
 418      E1
 419 11ed 6DF81F31 		.ascii	"m\370\0371X&\025"
 419      582615
 420              		.text
 421              		.section	.gnu.lto_.symtab.45ca4c7a0a43f9c3,"e",%progbits
 422 0000 616F7354 		.ascii	"aosTimeDayOfWeekFromDate\000"
 422      696D6544 
 422      61794F66 
 422      5765656B 
 422      46726F6D 
 423 0019 00       		.ascii	"\000"
 424 001a 00       		.ascii	"\000"
 425 001b 00       		.ascii	"\000"
 426 001c 00000000 		.ascii	"\000\000\000\000\000\000\000\000"
 426      00000000 
 427 0024 AF010000 		.ascii	"\257\001\000\000"
 428 0028 616F7300 		.ascii	"aos\000"
 429 002c 00       		.ascii	"\000"
 430 002d 02       		.ascii	"\002"
 431 002e 00       		.ascii	"\000"
 432 002f 00000000 		.ascii	"\000\000\000\000\000\000\000\000"
 432      00000000 
 433 0037 C4010000 		.ascii	"\304\001\000\000"
 434 003b 63685468 		.ascii	"chThdExit\000"
 434      64457869 
 434      7400
 435 0045 00       		.ascii	"\000"
ARM GAS  /tmp/cclz80IY.s 			page 34


 436 0046 02       		.ascii	"\002"
 437 0047 00       		.ascii	"\000"
 438 0048 00000000 		.ascii	"\000\000\000\000\000\000\000\000"
 438      00000000 
 439 0050 B7010000 		.ascii	"\267\001\000\000"
 440 0054 63687072 		.ascii	"chprintf\000"
 440      696E7466 
 440      00
 441 005d 00       		.ascii	"\000"
 442 005e 02       		.ascii	"\002"
 443 005f 00       		.ascii	"\000"
 444 0060 00000000 		.ascii	"\000\000\000\000\000\000\000\000"
 444      00000000 
 445 0068 C0010000 		.ascii	"\300\001\000\000"
 446              		.text
 447              		.section	.gnu.lto_.opts,"e",%progbits
 448 0000 272D666E 		.ascii	"'-fno-openmp' '-fno-openacc' '-fno-pie' '-mcpu=cort"
 448      6F2D6F70 
 448      656E6D70 
 448      2720272D 
 448      666E6F2D 
 449 0033 65782D6D 		.ascii	"ex-m4' '-mthumb' '-mfloat-abi=softfp' '-mfpu=fpv4-s"
 449      34272027 
 449      2D6D7468 
 449      756D6227 
 449      20272D6D 
 450 0066 702D6431 		.ascii	"p-d16' '-march=armv7e-m+fp' '-O2' '-fstack-usage' '"
 450      36272027 
 450      2D6D6172 
 450      63683D61 
 450      726D7637 
 451 0099 2D666675 		.ascii	"-ffunction-sections' '-fdata-sections' '-fno-common"
 451      6E637469 
 451      6F6E2D73 
 451      65637469 
 451      6F6E7327 
 452 00cc 2720272D 		.ascii	"' '-flto' '-fshort-enums'\000"
 452      666C746F 
 452      2720272D 
 452      6673686F 
 452      72742D65 
 453              		.text
 454              		.comm	__gnu_lto_v1,1,1
 455              		.comm	__gnu_lto_slim,1,1
 456              		.ident	"GCC: (GNU Arm Embedded Toolchain 9-2020-q2-update) 9.3.1 20200408 (release)"
ARM GAS  /tmp/cclz80IY.s 			page 35


DEFINED SYMBOLS
                            *ABS*:0000000000000000 aos_time.c
                            *COM*:0000000000000001 __gnu_lto_v1
                            *COM*:0000000000000001 __gnu_lto_slim

NO UNDEFINED SYMBOLS
