ARM GAS  /tmp/ccsaeY7B.s 			page 1


   1              		.cpu cortex-m4
   2              		.eabi_attribute 27, 1
   3              		.eabi_attribute 20, 1
   4              		.eabi_attribute 21, 1
   5              		.eabi_attribute 23, 3
   6              		.eabi_attribute 24, 1
   7              		.eabi_attribute 25, 1
   8              		.eabi_attribute 26, 1
   9              		.eabi_attribute 30, 2
  10              		.eabi_attribute 34, 1
  11              		.eabi_attribute 18, 4
  12              		.file	"chstats.c"
  13              		.section	.gnu.lto_.profile.a68f5161f73e9e67,"e",%progbits
  14 0000 789CE360 		.ascii	"x\234\343``\004B \000\000\000]\000\013"
  14      60044220 
  14      0000005D 
  14      000B
  15              		.text
  16              		.section	.gnu.lto_.icf.a68f5161f73e9e67,"e",%progbits
  17 0000 789CE360 		.ascii	"x\234\343``dPc@\0006\206}O\366\035\344gz\327\322\374"
  17      60645063 
  17      40003686 
  17      7D4FF61D 
  17      E4677AD7 
  18 0016 9B9979D7 		.ascii	"\233\231y\327\2419\3579X\300$+\230d\003\223\014\000"
  18      A139EF39 
  18      58C0242B 
  18      98640393 
  18      0C00
  19 0028 717512A9 		.ascii	"qu\022\251"
  20              		.text
  21              		.section	.gnu.lto_.jmpfuncs.a68f5161f73e9e67,"e",%progbits
  22 0000 789CE360 		.ascii	"x\234\343``d\230\302\310\000\007l@\314\304\304\310\310"
  22      606498C2 
  22      C800076C 
  22      40CCC4C4 
  22      C8C8
  23 0012 5C3F9F99 		.ascii	"\\?\237\231\001\204Y\330\016\260\000\345\031A$\020\377"
  23      018459D8 
  23      0EB000E5 
  23      19412410 
  23      FF
  24 0023 07027E46 		.ascii	"\007\002~F\346\351\314\214}\315\357\357q\3641\317gf"
  24      E6E9CC8C 
  24      7DCDEFEF 
  24      71F431CF 
  24      6766
  25 0035 646460DC 		.ascii	"dd`\334\305(\015\302@\265\014\030ja\222\314@\223A\032"
  25      C5280DC2 
  25      40B50C18 
  25      6A6192CC 
  25      4093411A 
  26 0049 9B9AD72F 		.ascii	"\233\232\327/\3425\320\233\317\314\264\230\231a\006"
  26      E235D09B 
  26      CFCCB498 
  26      996106
  27 0058 33C856A0 		.ascii	"3\310V\240\350\346s\263\357\260\201D\231\031w3\032\314"
ARM GAS  /tmp/ccsaeY7B.s 			page 2


  27      E8E673B3 
  27      EFB08144 
  27      99197733 
  27      1ACC
  28 006a 6006B989 		.ascii	"`\006\271\211q\017\243\001\334\264\037\250\246\261\020"
  28      710FA301 
  28      DCB41FA8 
  28      A6B110
  29 0079 6BDA5EB8 		.ascii	"k\332^\270i\373p\233\306J\254i\373A\2461\201=\211\333"
  29      69FB709B 
  29      C64AAC69 
  29      FB41A631 
  29      813D89DB 
  30 008d 3436624D 		.ascii	"46bM;\0107\355\020n\323\030\000\311\\fc"
  30      3B0837ED 
  30      106ED318 
  30      00C95C66 
  30      63
  31              		.text
  32              		.section	.gnu.lto_.inline.a68f5161f73e9e67,"e",%progbits
  33 0000 789C8D8E 		.ascii	"x\234\215\216\313\021\2000\010D\227\3058\361S\204\025"
  33      CB118030 
  33      084497C5 
  33      38F15384 
  33      15
  34 0011 5985D12E 		.ascii	"Y\205\321.\234\330AJ\260\024K\023<x\320K8\354,\360\226"
  34      9CD8414A 
  34      B0144B13 
  34      3C78D04B 
  34      38EC2CF0 
  35 0026 2142D008 		.ascii	"!B\320\010\336j\201\230s\2764\011\330\273c\262\251\231"
  35      DE6A8198 
  35      73BE3409 
  35      D8BB63B2 
  35      A999
  36 0038 CC85A033 		.ascii	"\314\205\2403Dgm\341&\224\311\263.|\030]\276\260\216"
  36      44676DE1 
  36      2694C9B3 
  36      2E7C185D 
  36      BEB08E
  37 004b 9E287399 		.ascii	"\236(s\231\025\301\026\247\256\342\233\303\374\376\273"
  37      15C116A7 
  37      AEE29BC3 
  37      FCFEBB
  38 005a 3C98D843 		.ascii	"<\230\330C\325d\250&\333j\0227\235Q/\251"
  38      D564A826 
  38      DB6A1237 
  38      9D512FA9 
  39              		.text
  40              		.section	.gnu.lto_.pureconst.a68f5161f73e9e67,"e",%progbits
  41 0000 789CE360 		.ascii	"x\234\343``d\020f```c\330\305\3124\203\205y\006\013"
  41      60641066 
  41      60606063 
  41      D8C5CA34 
  41      83857906 
  42 0015 CB0C16D6 		.ascii	"\313\014\026\326\031,l3X\000(\277\004\002"
  42      192C6C33 
ARM GAS  /tmp/ccsaeY7B.s 			page 3


  42      580028BF 
  42      0402
  43              		.text
  44              		.section	.gnu.lto___stats_increase_irq.a68f5161f73e9e67,"e",%progbits
  45 0000 789C8D52 		.ascii	"x\234\215RQK\024Q\024>\337\334qw\264\204^\243\202]\242"
  45      514B1451 
  45      143EDFDC 
  45      7177B484 
  45      5EA3825D 
  46 0015 072176F6 		.ascii	"\007!v\366'\024\202\340\203\004\356\017\010\235\206"
  46      271482E0 
  46      8304EE0F 
  46      089D86
  47 0024 76C9DD8D 		.ascii	"v\311\335\215\231\015\352\311q]RS\014\212\320 \231\310"
  47      990DEAC9 
  47      715D5253 
  47      0C8AD020 
  47      99C8
  48 0036 ACF5212B 		.ascii	"\254\365!+\037\202\324l\322\324,+\023\352!\311\302P"
  48      1F82D46C 
  48      D2D42C2B 
  48      13EA21C9 
  48      C250
  49 0048 A4A8A05E 		.ascii	"\244\250\240^\224@;w\326\024\243\244a\356p\317\375\276"
  49      94403B77 
  49      D614A3A4 
  49      61EE70CF 
  49      FDBE
  50 005a 33E73BDF 		.ascii	"3\347;\337\271\032\201\026\024\242v\"\332\307\013\202"
  50      B91A8116 
  50      14A27622 
  50      DAC70B82 
  51 006a A0388E73 		.ascii	"\2408\216s(\330\240)\200\277s4P\275\202z\234\027\035"
  51      28D8A029 
  51      80BF7334 
  51      50BD827A 
  51      9C171D
  52 007d 02234D8B 		.ascii	"\002#M\213\367\225\262\233\2148^\307\362n'\357\301\025"
  52      F795B29B 
  52      8C385EC7 
  52      F26E27EF 
  52      C115
  53 008f 44977915 		.ascii	"D\227y\025\036\014\240\214\210\231\363wW/\225\006\324"
  53      1E0CA08C 
  53      8899F377 
  53      572F9506 
  53      D4
  54 00a0 75088308 		.ascii	"u\010\203\010([NA[h\222\200!\004\230\372\000\201\277"
  54      285B4E41 
  54      5B689280 
  54      210498FA 
  54      0081BF
  55 00b3 03C3BCE3 		.ascii	"\003\303\274\343\254\3333E\236\263\272\326\344xS\327"
  55      ACDB3345 
  55      9EB3BAD6 
  55      E47853D7 
  56 00c3 71B12208 		.ascii	"q\261\"\010r\005\024\371!j\025$\265\251p<\2426\241\024"
ARM GAS  /tmp/ccsaeY7B.s 			page 4


  56      720514F9 
  56      216A1524 
  56      B5A9703C 
  56      A236A114 
  57 00d7 82460E3E 		.ascii	"\202F\016>#;\377c\346g\251\374=\270o\233k8=K\023%\355"
  57      233BFF63 
  57      E667A9FC 
  57      3DB86F9B 
  57      6B383D4B 
  58 00ee C2150AA2 		.ascii	"\302\025\012\242\034^s\373\227K\3029\270Ng\310\025B"
  58      1C5E73FB 
  58      974BC239 
  58      B84E67C8 
  58      1542
  59 0100 CABBF571 		.ascii	"\312\273\365q\320\321T\266\010\036\302\276\340\261\266"
  59      D0D154B6 
  59      081EC2BE 
  59      E0B1B6
  60 010f 7793413E 		.ascii	"w\223A>\301#\250x\210=\014\215@e ?<\272\2603\334\264"
  60      C123A878 
  60      883D0C8D 
  60      4065203F 
  60      3CBAB033 
  61 0125 9EAD4AEE 		.ascii	"\236\255J\356\367\276\376\327;\374\354Q\231\215\307"
  61      F7BEFED7 
  61      3BFCEC51 
  61      998DC7
  62 0134 50E913B2 		.ascii	"P\351\023\262C+\363\357\367\312\276\272\004\230\325"
  62      432BF3EF 
  62      F7CABEBA 
  62      0498D5
  63 0143 DEF86D4E 		.ascii	"\336\370mN\223*\212 \223\272\362Sk\3059d\0334>\351\026"
  63      932A8A20 
  63      93BAF253 
  63      6BC53964 
  63      1B343EE9 
  64 0158 059BDECC 		.ascii	"\005\233\336\314\216O\243\007\335\354v\000\343\310\001"
  64      8E4FA307 
  64      DDEC7600 
  64      E3C801
  65 0167 63B23423 		.ascii	"c\2624#\003\027\232\357\004\242}\262\321\253)W\0041"
  65      03179AEF 
  65      04A27DB2 
  65      D1AB2957 
  65      0431
  66 0179 C1BC4EDF 		.ascii	"\301\274N\337tFsK\275oK\326\321EN\326\360\004\321N\337"
  66      7446734B 
  66      BD6F4BD6 
  66      D1454ED6 
  66      F004D14E 
  67 018e 7C4C22CA 		.ascii	"|L\"\312j\032\257\234]\011\026\304(\005=\367Z\276\364"
  67      6A1AAF9C 
  67      5D0916C4 
  67      28053DF7 
  67      5ABEF4
  68 01a1 164B3D1A 		.ascii	"\026K=\032\200\247\\\206%\317\235\203\344\374\227\274"
  68      80A75C86 
ARM GAS  /tmp/ccsaeY7B.s 			page 5


  68      25CF9D83 
  68      E4FC97BC 
  69 01b1 67DBCA9B 		.ascii	"g\333\312\233\332^\336\363\015y/\020eI\233s\033\336"
  69      DA5EDEF3 
  69      0D792F10 
  69      65499B73 
  69      1BDE
  70 01c3 9CDB8663 		.ascii	"\234\333\206c\212\357X\363\302\215Y\355\367H^\372#\231"
  70      8AEF58F3 
  70      C28D59ED 
  70      F7485EFA 
  70      2399
  71 01d5 F647F2A7 		.ascii	"\366G\362\247\377\257\330\377\257\310~hm\331/\273\361"
  71      FFAFD8FF 
  71      AFC87E68 
  71      6DD92FBB 
  71      F1
  72 01e6 2F6CAB40 		.ascii	"/l\253@\341\222d=\031\226E\":\277'L+e\326\351\345\361"
  72      E192643D 
  72      19964522 
  72      3ABF274C 
  72      2B65D6E9 
  73 01fc 446DE248 		.ascii	"Dm\342HLO\333\272\225\321m\313\320\215\270\235\251\311"
  73      4C4FDBBA 
  73      95D16DCB 
  73      D08DB89D 
  73      A9C9
  74 020e D811832A 		.ascii	"\330\021\203*\376\3054\322\311d:\245\233\2473\372\341"
  74      FEC534D2 
  74      C9643AA5 
  74      9BA733FA 
  74      E1
  75 021f EA2ABDBC 		.ascii	"\352*\275\274*V\031\323\313\323\226\251W\246\214\272"
  75      2A5619D3 
  75      CBD396A9 
  75      57A68CBA 
  76 022f 53C74CDD 		.ascii	"S\307L\335H\332\011\373\350q\303\210\304iWU\254:T[c"
  76      48DA09FB 
  76      E871C388 
  76      C4695755 
  76      AC3A545B 
  77 0244 9B27ADC4 		.ascii	"\233'\255\304\301\320\201()\026\005\223f2m\235\241_"
  77      C1D08128 
  77      29160593 
  77      66326D9D 
  77      A15F
  78 0256 D8A412ED 		.ascii	"\330\244\022\355"
  79              		.text
  80              		.section	.gnu.lto___stats_ctxswc.a68f5161f73e9e67,"e",%progbits
  81 0000 789C8D93 		.ascii	"x\234\215\223\355K\024Q\024\306\3173g]g\327u?\007\022"
  81      ED4B1451 
  81      14C6CF33 
  81      675D67D7 
  81      753F0712 
  82 0014 EC874084 		.ascii	"\354\207@\204p\027\372\007\202\240\257}\350/(\021\224"
  82      7017FA07 
  82      82A0AF7D 
ARM GAS  /tmp/ccsaeY7B.s 			page 6


  82      E82F2811 
  82      94
  83 0025 621577BF 		.ascii	"b\025w\277{w]5WQ\010C\305\226\021\026\253\2050\263\210"
  83      7B775D35 
  83      57510843 
  83      C5961116 
  83      AB8530B3 
  84 003a 52AB6933 		.ascii	"R\253i3K\3232{\241,V\222\220\212,\210\240\010\321\316"
  84      4BD3327B 
  84      A12C5692 
  84      908A2C88 
  84      A008D1CE 
  85 004e 9DD95E90 		.ascii	"\235\331^\220Z\032f.s\356\275\317y~\347\334\031\223"
  85      5A1A662E 
  85      73EEBDCF 
  85      797EE7DC 
  85      1993
  86 0060 405D4CB4 		.ascii	"@]L\264\217\210v\313\003&\030J\251\375\345\011\323\000"
  86      8F8876CB 
  86      0326184A 
  86      A9FDE509 
  86      D300
  87 0072 9C376582 		.ascii	"\2347e\202Z\015\264\242\217\007\030\371\316\365kF\315"
  87      5A0DB4A2 
  87      8F0718F9 
  87      CEF56B46 
  87      CD
  88 0083 595951F6 		.ascii	"YYQ\366\300\204\267C\265\357\262$\301\220<\356\205I"
  88      C084B743 
  88      B5EFB224 
  88      C1903CEE 
  88      8549
  89 0095 D4C8BE42 		.ascii	"\324\310\276B2\363-\320\313\026\003\036\011\373\347"
  89      32F32DD0 
  89      CB16031E 
  89      09FBE7
  90 00a4 2FCFF975 		.ascii	"/\317\371uh $\341\363'c\271\012\336\013\222\367\231"
  90      682024E1 
  90      F32763B9 
  90      0ADE0B92 
  90      F799
  91 00b6 D7E9EFC1 		.ascii	"\327\351\357\301\352Q\245\222\312\336\314\262\332c1"
  91      EA51A592 
  91      CADECCB2 
  91      DA6331
  92 00c5 E33A5852 		.ascii	"\343:XRb\032U\230B\025\221\314I\352\033\250\026\301"
  92      621A5598 
  92      421591CC 
  92      49EA1BA8 
  92      16C1
  93 00d7 E6705FDE 		.ascii	"\346p_\336\344\210#\336~\272q\376\247\370\313hQ|\363"
  93      E48823DE 
  93      7EBA71FE 
  93      A7F8CB68 
  93      517CF3
  94 00ea AF621BD5 		.ascii	"\257b\033\325\244%k\027\267NUz=Ed\334\202W\232@ta\271"
  94      A4256B17 
ARM GAS  /tmp/ccsaeY7B.s 			page 7


  94      B74E557A 
  94      3D4564DC 
  94      82579A40 
  95 0101 CC565BDB 		.ascii	"\314V[\333\235\312~u\006S\007\375\020\231\307\320\003"
  95      9DCA7E75 
  95      065307FD 
  95      1099C7D0 
  95      03
  96 0112 CB50E6D1 		.ascii	"\313P\346\321C9t\026\023\032\204\250\233I\267\301\003"
  96      43397416 
  96      131A84A8 
  96      9B49B7C1 
  96      03
  97 0123 6513F5B0 		.ascii	"e\023\365\260\341\006\011\011\336#9\375n8\033\324\311"
  97      E1060909 
  97      DE2339FD 
  97      6E381BD4 
  97      C9
  98 0134 330C31ED 		.ascii	"3\0141\355m\373T0u\375^\007;sna\333\227B2a\312LV\203"
  98      6DFB5430 
  98      75FD5E07 
  98      3B736E61 
  98      DB974232 
  99 014d C8E4B397 		.ascii	"\310\344\263\227\263K\030E\026\026\227\3436R@^\323\313"
  99      B34B1845 
  99      161697E3 
  99      3652405E 
  99      D3CB
 100 015f CAE4C913 		.ascii	"\312\344\311\023\343\336\310\2306\030\211ZlbF\366\015"
 100      E3DEC898 
 100      3618895A 
 100      6C6246F6 
 100      0D
 101 0170 3AFCB29A 		.ascii	":\374\262\232z\233[\361\027W\327E\354\303\035D\006Y"
 101      7A9B5BF1 
 101      1757D745 
 101      ECC31D44 
 101      0659
 102 0182 17855944 		.ascii	"\027\205YD\204\246\355tG\316\347\302\030.\317\225\256"
 102      84A6ED74 
 102      47CEE7C2 
 102      182ECF95 
 102      AE
 103 0193 8D9C4FF3 		.ascii	"\215\234O\363\370\000\334\025\033A.\244\241\367\374"
 103      F800DC15 
 103      1B412EA4 
 103      A1F7FC
 104 01a2 17DEBD92 		.ascii	"\027\336\275\222xs\245\361\346\177\341\335GD\220\264"
 104      7873A5F1 
 104      E67FE1DD 
 104      474490B4 
 105 01b2 797F7AF1 		.ascii	"y\177z\361R\300E\344?\373\305N\277\354\225\361\027A"
 105      52C045E4 
 105      3FFBC54E 
 105      BFEC95F1 
 105      1741
 106 01c4 F14EE824 		.ascii	"\361N\350$[\372h\374\031\241X(\002$\254\325\253E\200"
ARM GAS  /tmp/ccsaeY7B.s 			page 8


 106      5BFA68FC 
 106      19A15828 
 106      0224ACD5 
 106      AB4580
 107 01d7 90C51558 		.ascii	"\220\305\025Xt\374\015\327\177z\365\315\204\241\213"
 107      74FC0DD7 
 107      7F7AF5CD 
 107      84A18B
 108 01e6 D1DAA09C 		.ascii	"\321\332\240\234\"\036HS\010\017\245\004\327\031\256"
 108      221E4853 
 108      080FA504 
 108      D719AE
 109 01f5 AF67A7D1 		.ascii	"\257g\247\321g\30352\377i\264T\332\350\221c\264\254"
 109      67C33532 
 109      FF69B454 
 109      DAE89163 
 109      B4AC
 110 0207 8D3EA03D 		.ascii	"\215>\240=\344|k;\332\033\030\322\235\300c\275GJ\027"
 110      E47C6B3B 
 110      DA1B18D2 
 110      9DC063BD 
 110      474A17
 111 021a 0A8B2BE9 		.ascii	"\012\213+\351#\222#_{\034.\347\247\352f\374\376\324"
 111      2392235F 
 111      7B1C2EE7 
 111      A7EA66FC 
 111      FED4
 112 022c 886A6A6B 		.ascii	"\210jjk\303r\037\253o\211\326\037\017\037hh<\332x\350"
 112      C3721FAB 
 112      6F89D61F 
 112      0F1F6868 
 112      3CDA78E8 
 113 0240 70B82916 		.ascii	"p\270)\026n\211\207c-u\341\272\206X\374H<V[G\034\215"
 113      6E898763 
 113      2D75E1BA 
 113      8658FC48 
 113      3C565B47 
 114 0256 377353BC 		.ascii	"7sS\274\371\007\317^.\030"
 114      F907CF5E 
 114      2E18
 115              		.text
 116              		.section	.gnu.lto___stats_start_measure_crit_thd.a68f5161f73e9e67,"e",%progbits
 117 0000 789C5D8F 		.ascii	"x\234]\217MK\002a\020\307\347\277\243\353\026\3249\210"
 117      4D4B0261 
 117      10C7E7BF 
 117      A3EB16D4 
 117      3988
 118 0012 3E8004AE 		.ascii	">\200\004\256\037!\010\272v\350\322\265DP\212\002\365"
 118      1F2108BA 
 118      76E8D2B5 
 118      44508A02 
 118      F5
 119 0023 EEA3590A 		.ascii	"\356\243Y\012\246A\021\352!V\022\351\345\320\013\035"
 119      A64111EA 
 119      215612E9 
 119      E5D00B1D 
 120 0033 227BDB3A 		.ascii	"\"{\333:t\352\020Q\0354:t\210\016Q\337@\233]\205\240"
ARM GAS  /tmp/ccsaeY7B.s 			page 9


 120      74EA1051 
 120      1D343A74 
 120      880E51DF 
 120      409B5D85 
 121 0048 E1197866 		.ascii	"\341\031xf~3\363\2371\0104\015\242Q\"\032\021\007\023"
 121      7E33F39F 
 121      3108340D 
 121      A251221A 
 121      110713
 122 005b 34A5D498 		.ascii	"4\245\324\230/eh\200\373S\006(\251!\2115.1n\263\037"
 122      2F656880 
 122      FB530628 
 122      A9218935 
 122      2E316EB3 
 123 0070 679A7F47 		.ascii	"g\232\177G\210\262KO\372\212Z\036\262\230\250\"\336"
 123      88B24B4F 
 123      FA8A5A1E 
 123      B298A822 
 123      DE
 124 0081 3534E027 		.ascii	"54\340'\222\312\367\343\366\346\200\356\351!\234C\027"
 124      92CAF7E3 
 124      F6E680EE 
 124      E9219C43 
 124      17
 125 0092 31A2C347 		.ascii	"1\242\303G\257\255\332\235\254\262_\353hM\010\31439"
 125      AFADDA9D 
 125      ACB25FEB 
 125      684D08CC 
 125      3339
 126 00a4 E33C5036 		.ascii	"\343<P6\321*k\335 %\301\0272\325\223\002\273\2752qk"
 126      D12A6BDD 
 126      2025C117 
 126      32D59302 
 126      BBBD3271 
 127 00b9 F7BED397 		.ascii	"\367\276\323\227A:eX\214\012\3134\\ \003\007\025\227"
 127      413A6558 
 127      8C0ACB34 
 127      5C200307 
 127      1597
 128 00cb 7EDE8C22 		.ascii	"~\336\214\"[\254\341\177\245Vs\026\220\344K\353\356"
 128      5BACE17F 
 128      A5567316 
 128      90E44BEB 
 128      EE
 129 00dc 0175D460 		.ascii	"\001u\324`1\343J\032q\211a\2274\326sGz\360\300\021\256"
 129      31E34A1A 
 129      71896197 
 129      34D67347 
 129      7AF0C011 
 130 00f1 EE6B167B 		.ascii	"\356k\026{p-\205ewq\301\231\317\275f\177\017o\213\206"
 130      702D8565 
 130      7771C199 
 130      CFBD667F 
 130      0F6F8B86 
 131 0105 17368265 		.ascii	"\0276\202eG\337\2417\317\315\015v\264r\202\007-\326"
 131      47DFA137 
 131      CFCD0D76 
ARM GAS  /tmp/ccsaeY7B.s 			page 10


 131      B4728207 
 131      2DD6
 132 0117 718360F7 		.ascii	"q\203`\367\334[\021\261\330G\337HWO\013p\223\216\345"
 132      DC5B11B1 
 132      D847DF48 
 132      574F0B70 
 132      938EE5
 133 012a 197F1713 		.ascii	"\031\177\027\023\371\003\001S\336\\8\266\020\2367\307"
 133      F9030153 
 133      DE5C38B6 
 133      109E37C7 
 134 013a 23D1D9E8 		.ascii	"#\321\331\350\344\224\271\0307c\0113\036\013\231\241"
 134      E494B918 
 134      37630933 
 134      1E0B99A1 
 135 014a 483C3193 		.ascii	"H<1\223\210\007B\364\013_\232}\242"
 135      880742F4 
 135      0B5F9A7D 
 135      A2
 136              		.text
 137              		.section	.gnu.lto___stats_stop_measure_crit_thd.a68f5161f73e9e67,"e",%progbits
 138 0000 789C5D8F 		.ascii	"x\234]\217MK\002a\020\307\347\277\243\353\026\3249\210"
 138      4D4B0261 
 138      10C7E7BF 
 138      A3EB16D4 
 138      3988
 139 0012 3E8004AE 		.ascii	">\200\004\256\037!\010\272v\350\322\265$P\212\002\365"
 139      1F2108BA 
 139      76E8D2B5 
 139      24508A02 
 139      F5
 140 0023 EEA3590A 		.ascii	"\356\243Y\012\246A\021\352!V\020{\271\364r\314\336V"
 140      A64111EA 
 140      2156107B 
 140      B9F472CC 
 140      DE56
 141 0035 0F9D3A44 		.ascii	"\017\235:DT\007\203\016\035\242C\324\241\240C\240\315"
 141      5407830E 
 141      1DA243D4 
 141      A1A043A0 
 141      CD
 142 0046 AE42D0F0 		.ascii	"\256B\320\360\014<3\277\231\371\317\030\004\232\006"
 142      0C3C33BF 
 142      99F9CF18 
 142      049A06
 143 0055 D128118D 		.ascii	"\321(\021\215\210\203\011\232Rj\314\22744\300\375)\003"
 143      8883099A 
 143      526ACC97 
 143      3434C0FD 
 143      2903
 144 0067 94D090C0 		.ascii	"\224\320\220\300:\027\031\315\314\313\211\346\337\025"
 144      3A1719CD 
 144      CCCB89E6 
 144      DF15
 145 0075 A2ECE297 		.ascii	"\242\354\342\227\276\252V\206,&*\213w\015u\370\211\244"
 145      BEAA5686 
 145      2C262A8B 
ARM GAS  /tmp/ccsaeY7B.s 			page 11


 145      770D75F8 
 145      89A4
 146 0087 F2F9B8BD 		.ascii	"\362\371\270\2755\240{z\010\247\320E\214\350\360\326"
 146      35A07B7A 
 146      08A7D045 
 146      8CE8F0D6 
 147 0097 6BAB7627 		.ascii	"k\253v'\243\354\273\032~&\004\346\230\234q\036(\233"
 147      A3ECBB1A 
 147      7E2604E6 
 147      989C711E 
 147      289B
 148 00a9 688DB56E 		.ascii	"h\215\265n\220\224\340\015\351\312g\236\335^\231\270"
 148      9094E00D 
 148      E9CA679E 
 148      DD5E99B8 
 149 00b9 BD77DDE9 		.ascii	"\275w\335\351K#\2254,F\231e\032\316\220\206\203\012"
 149      4B239534 
 149      2C469965 
 149      1ACE9086 
 149      830A
 150 00cb CB1F4F46 		.ascii	"\313\037OF\201-\326\360\277R\253:\013H\362\341\361\352"
 150      812DD6F0 
 150      BF52AB3A 
 150      0B48F2E1 
 150      F1EA
 151 00dd 06355461 		.ascii	"\0065Ta1\343B\032q\216a\227\3247\262Gz\360\300\021\256"
 151      31E3421A 
 151      718E6197 
 151      D437B247 
 151      7AF0C011 
 152 00f2 EC68167B 		.ascii	"\354h\026{p)\205%wq\301\351\327\375V\177\017\267\005"
 152      70298525 
 152      7771C1E9 
 152      D7FD567F 
 152      0FB705
 153 0105 7B612358 		.ascii	"{a#Xr\364\035\332\270om\262\243\225\025<h\261\216\006"
 153      72F41DDA 
 153      B86F6DB2 
 153      A395153C 
 153      68B18E06 
 154 0119 82DD739B 		.ascii	"\202\335s\233\"b\261\217\336\221\252|\347\341&\035\313"
 154      2262B18F 
 154      DE91AA7C 
 154      E7E1261D 
 154      CB
 155 012a 31FE2E26 		.ascii	"1\376.&\362\007\002\246\274\371\271\350\342\334\202"
 155      F20702A6 
 155      BCF9B9E8 
 155      E2DC82
 156 0139 391E8ECC 		.ascii	"9\036\216\314F&\247\314\245\230\031\215\233\261h\310"
 156      4626A7CC 
 156      A598198D 
 156      9BB168C8 
 157 0149 0C8563F1 		.ascii	"\014\205c\361\231x,\020\242_)\010~\261"
 157      99782C10 
 157      A25F2908 
 157      7EB1
ARM GAS  /tmp/ccsaeY7B.s 			page 12


 158              		.text
 159              		.section	.gnu.lto___stats_start_measure_crit_isr.a68f5161f73e9e67,"e",%progbits
 160 0000 789C5D8F 		.ascii	"x\234]\217KKBa\020\206\347=\343\345\024\324:\210~\200"
 160      4B4B4261 
 160      1086E73D 
 160      E3E514D4 
 160      3A887E80 
 161 0014 041E7F42 		.ascii	"\004\036\177B\320\242e\2136mK\004\245(P\367~\232\245"
 161      D0A2658B 
 161      366D4B04 
 161      A52850F7 
 161      7E9AA5
 162 0027 609CA00B 		.ascii	"`\234\240\013*\021G\022\351\262\350B\213\310nG\027\255"
 162      2A114712 
 162      E9B2E842 
 162      8BC86E47 
 162      17AD
 163 0039 5A44500B 		.ascii	"ZDP\013\213\026-\242E\324?\320\346\034\205\240\341\033"
 163      8B162DA2 
 163      45D43FD0 
 163      E61C85A0 
 163      E11B
 164 004b F8669E99 		.ascii	"\370f\236\231ygt\002M\203h\224\210F\304\301\004M)5\346"
 164      79677402 
 164      4D836894 
 164      8846C4C1 
 164      044D2935 
 165 0060 4FEB1AE0 		.ascii	"O\353\032\340\376\224\016JiHa\215\213\214f\356\343B"
 165      FE940E4A 
 165      6948618D 
 165      8B8C66EE 
 165      E342
 166 0072 0BEC0951 		.ascii	"\013\354\011Qvq\323\277\242\226\207,&*\213w\015u\004"
 166      7671D3BF 
 166      A296872C 
 166      262A8B77 
 166      0D7504
 167 0085 88A4F2FD 		.ascii	"\210\244\362\375\264\2755\340\363\364\020.\341\0231"
 167      B4BD35E0 
 167      F3F4102E 
 167      E11331
 168 0094 A2E347AF 		.ascii	"\242\343G\257\255\332\235\234\262_k\330\236\020X`r\306"
 168      ADDA9D9C 
 168      B25F6BD8 
 168      9E105860 
 168      72C6
 169 00a6 79A06CA2 		.ascii	"y\240l\242U\326\272AZ\202/d+g&\273\2752qg\377\276\323"
 169      55D6BA41 
 169      5A822F64 
 169      2B6726BB 
 169      BD327167 
 170 00bd 974526AD 		.ascii	"\227E&\255[\2142\3134\\!\013\007\231K?o\272\311\026"
 170      5B8C32CB 
 170      345C210B 
 170      07994B3F 
 170      6FBAC916 
 171 00d1 6BF85FA9 		.ascii	"k\370_\251U\235\005$\371\374r\367\200\032\252\260\230"
ARM GAS  /tmp/ccsaeY7B.s 			page 13


 171      559D0524 
 171      F9FC72F7 
 171      801AAAB0 
 171      98
 172 00e2 71238DB8 		.ascii	"q#\215\270\306\260K\352\353\371\023_\350\310\021\256"
 172      C6B04BEA 
 172      EBF9135F 
 172      E8C811AE 
 173 00f2 1C6A167B 		.ascii	"\034j\026{p+\205%wq\301\331\317\203V\177\017\357\212"
 173      702B8525 
 173      7771C1D9 
 173      CF83567F 
 173      0FEF8A
 174 0105 86173642 		.ascii	"\206\0276B%G\337\241\215\247\326\006;Zy\301\203\026"
 174      2547DFA1 
 174      8DA7D606 
 174      3B5A79C1 
 174      8316
 175 0117 FBD040A8 		.ascii	"\373\320@\250{nSD,\366\32372\225s\023n\322\261\002\343"
 175      7B6E5344 
 175      2CF6D337 
 175      32957313 
 175      6ED2B102 
 176 012c EF62A240 		.ascii	"\357b\242@0h\310\233\213\304\027\"\363\306x46\033\233"
 176      3068C89B 
 176      8BC41722 
 176      F3C67834 
 176      361B9B
 177 013f 9C321613 		.ascii	"\2342\026\023F<i$\342a#\034M$g\222\211`\230~\001\273"
 177      463C6924 
 177      E261231C 
 177      4D246792 
 177      8960987E 
 178 0155 3A7D26   		.ascii	":}&"
 179              		.text
 180              		.section	.gnu.lto___stats_stop_measure_crit_isr.a68f5161f73e9e67,"e",%progbits
 181 0000 789C5D8F 		.ascii	"x\234]\217MK\002a\020\307\347\277\243\353\026\3249\210"
 181      4D4B0261 
 181      10C7E7BF 
 181      A3EB16D4 
 181      3988
 182 0012 3E8004AE 		.ascii	">\200\004\256\037!\350\320\261C\227\256%\201R\024\250"
 182      1F21E8D0 
 182      B14397AE 
 182      25815214 
 182      A8
 183 0023 771F6D4B 		.ascii	"w\037mK\3010(B=\304\012b/\227^\240K\332\313\352\241"
 183      C1302842 
 183      3DC40A62 
 183      2F975EA0 
 183      4BDACBEA 
 184 0038 538788EA 		.ascii	"S\207\210\352`\320\241Ct\210:t\350\246\315\256B\320"
 184      60D0A143 
 184      74883A74 
 184      E8A6CDAE 
 184      42D0
 185 004a F00C3C33 		.ascii	"\360\014<3\277\231\371\317\030\004\232\005\3218\021"
ARM GAS  /tmp/ccsaeY7B.s 			page 14


 185      BF99F9CF 
 185      18049A05 
 185      D13811
 186 0059 8D898309 		.ascii	"\215\211\203\011\232Rj\"\22064\300\373)\003\224\322"
 186      9A526A22 
 186      903634C0 
 186      FB290394 
 186      D2
 187 006a 90C22617 		.ascii	"\220\302&\027\031\255\354\333\271\026\334\027\242\234"
 187      19ADECDB 
 187      B916DC17 
 187      A29C
 188 0078 E259605D 		.ascii	"\342Y`]\255\215\330LT\026\357\031\352\010\022I\345\353"
 188      AD8DD84C 
 188      5416EF19 
 188      EA081249 
 188      E5EB
 189 008a 69676748 		.ascii	"iggH\367\365\021\032\320E\214\350\370\336\357\250N7"
 189      F7F5111A 
 189      D0458CE8 
 189      F8DEEFA8 
 189      4E37
 190 009c AB9C871A 		.ascii	"\253\234\207\032\032S\002\363L\3568\037\224C\264\301"
 190      1A5302F3 
 190      4CEE381F 
 190      9443B4C1 
 191 00ac 5A2F484B 		.ascii	"Z/HK\360\001\253\362]`\257W&\356\036\334v\007,d\322"
 191      F001ABF2 
 191      5D60AF57 
 191      26EE1EDC 
 191      76072C64 
 192 00c1 86CD28B3 		.ascii	"\206\315(\263L\303\005,\270\250\260\372\365b\024\330"
 192      4CC3052C 
 192      B8A8B0FA 
 192      F56214D8 
 193 00d1 660DFF2B 		.ascii	"f\015\377+\265\252\273\200$\237\236o\356PC\02563\256"
 193      B5AABB80 
 193      249F9E6F 
 193      EE504315 
 193      3633AE
 194 00e4 A4119718 		.ascii	"\244\021\227\030\365H}+w\242\207\217\\\341\312\236f"
 194      F5487D2B 
 194      77A2878F 
 194      5CE1CA9E 
 194      66
 195 00f5 B30FD752 		.ascii	"\263\017\327RX\362\026\027l\275\037\266\007\373\270"
 195      58F21617 
 195      6CBD1FB6 
 195      07FBB8
 196 0104 23D80F07 		.ascii	"#\330\017\007\341\222\253\357\322\346c{\233]\255\234"
 196      E192ABEF 
 196      D2E6637B 
 196      9B5DAD9C 
 197 0114 E0619B75 		.ascii	"\340a\233u4\021\356\235\333\022\021\233\003\364\211"
 197      3411EE9D 
 197      DB12119B 
 197      03F489
ARM GAS  /tmp/ccsaeY7B.s 			page 15


 198 0123 4CE5A700 		.ascii	"L\345\247\000/\351Z\236\361w1Q0\0242\345-.\304\227\027"
 198      2FE95A9E 
 198      F1773151 
 198      301432E5 
 198      2D2EC497 
 199 0138 96CCC968 		.ascii	"\226\314\311hl>6=c\256$\314x\322L\304#f$\232H\316%\023"
 199      6C3E363D 
 199      63AE24CC 
 199      78D24CC4 
 199      2366249A 
 200 0150 A108FD02 		.ascii	"\241\010\375\002\204\250~5"
 200      84A87E35 
 201              		.text
 202              		.section	.gnu.lto_.symbol_nodes.a68f5161f73e9e67,"e",%progbits
 203 0000 789C75CE 		.ascii	"x\234u\316\273\021\0021\014\004\320\325\312\2763U@@"
 203      BB110231 
 203      0C04D0D5 
 203      CABE3355 
 203      4040
 204 0012 4A0F50D9 		.ascii	"J\017P\331\336\360\377$\324CLLK\340\373\021\331\033"
 204      DEF0FF24 
 204      D4434C4C 
 204      4BE0FB11 
 204      D91B
 205 0024 69F66946 		.ascii	"i\366iFJ0l\014\000\367\024\272\234`\317\017 \340\325"
 205      4A306C0C 
 205      00F714BA 
 205      9C60CF0F 
 205      20E0D5
 206 0037 EDD00BE2 		.ascii	"\355\320\013\342\225X\365+\007\312\312+<R\254\320\211"
 206      9558F52B 
 206      07CACA2B 
 206      3C52ACD0 
 206      89
 207 0048 F20A9DA9 		.ascii	"\362\012\235\251P\241\013\025\313d7\252\371NY\016\214"
 207      50A10B15 
 207      CB6437AA 
 207      F94E590E 
 207      8C
 208 0059 FCF936CB 		.ascii	"\374\3716\313\235j\313\362\240RQ\234\355x\346m\356i"
 208      9D6ACBF2 
 208      A052519C 
 208      ED78E66D 
 208      EE69
 209 006b 1CD71E16 		.ascii	"\034\327\036\026\363\024\377]3w\370\001\212\325Vl"
 209      F314FF5D 
 209      3377F801 
 209      8AD5566C 
 210              		.text
 211              		.section	.gnu.lto_.refs.a68f5161f73e9e67,"e",%progbits
 212 0000 789C15C7 		.ascii	"x\234\025\307\311\015\000 \000\204@X\217\330\210\375"
 212      C90D0020 
 212      00844058 
 212      8FD888FD 
 213 0010 B7E8CA63 		.ascii	"\267\350\312c\022\016r\201\200\321\231`\033\216^\267"
 213      120E7281 
 213      80D19960 
ARM GAS  /tmp/ccsaeY7B.s 			page 16


 213      1B8E5EB7 
 214 0020 ACCF2E3C 		.ascii	"\254\317.<\013\322\000k"
 214      0BD2006B 
 215              		.text
 216              		.section	.gnu.lto_.decls.a68f5161f73e9e67,"e",%progbits
 217 0000 789CB55A 		.ascii	"x\234\265Z\011T\224\331\225\256W\257\250\215\002\022"
 217      095494D9 
 217      95AE57AF 
 217      A88D0212 
 218 0010 A0D33D31 		.ascii	"\240\323=1\311\351\3111'=\223\2611\323}\246\323s\222"
 218      C9E9C931 
 218      273D93B1 
 218      31D37DA6 
 218      D37392
 219 0023 399DE9E9 		.ascii	"9\235\351\351\231\364\231cfN:\223\223LrRA\250\026\322"
 219      99F49963 
 219      664E3A93 
 219      934C7252 
 219      41A816D2 
 220 0037 6CA92A5C 		.ascii	"l\251*\\&\231\344g\025\004\001A\001YZD\\PY\\Q@e\023"
 220      2699E467 
 220      15040141 
 220      01595A44 
 220      5C50595C 
 221 004f 64475054 		.ascii	"dGPTP6\005d\023\005Y\004\204\271o)\352/\352/\332\344"
 221      50360564 
 221      13055904 
 221      84B96F29 
 221      EA2FEA2F 
 222 0065 9C416FD5 		.ascii	"\234Ao\325\177_\335\373\335\373\356\273\357\276\245"
 222      7F5FDDFB 
 222      DDFBEEBB 
 222      EFBEA5
 223 0074 4A2D43B2 		.ascii	"J-C\262\352\357\310d_U\311d\202\\&[\201?x\224\335\004"
 223      EAEFC864 
 223      5F55C964 
 223      825C265B 
 223      813F7894 
 224 008a 52009990 		.ascii	"R\000\231\220Lf\006\022\200~\015\204\241\355\016\274"
 224      4C660612 
 224      807E0D84 
 224      A1ED0EBC 
 225 009a FF11E80F 		.ascii	"\377\021\350\017@\032\340\373\340}\020h\030h\004h\014"
 225      401AE0FB 
 225      E07D1068 
 225      18680468 
 225      0C
 226 00ab 6802680E 		.ascii	"h\002h\016h\011h\005\010\376\313\344\200/\376\253\304"
 226      68096805 
 226      08FECBE4 
 226      802FFEAB 
 226      C4
 227 00bc 4CDF0FE8 		.ascii	"L\337\017\350\333\304\036|\256\004r\006\322\001!9\263"
 227      DBC41E7C 
 227      AE047206 
 227      D2012139 
 227      B3
ARM GAS  /tmp/ccsaeY7B.s 			page 17


 228 00cd FB632039 		.ascii	"\373c 9\267\373?\374\231\330t\227K\3436\002\256+\307"
 228      B7FB3FFC 
 228      99D87497 
 228      4BE33602 
 228      AE2BC7
 229 00e0 7507F2E4 		.ascii	"u\007\362\344\375 6H_\326b\033y\337<\240mV\324\307\337"
 229      FD203648 
 229      5FD6621B 
 229      79DF3CA0 
 229      6D56D4C7 
 230 00f5 03FD86DB 		.ascii	"\003\375\206\333\033\344\375\221\262\327\012\012jn\317"
 230      1BE4FD91 
 230      B2D70A0A 
 230      6A6ECF
 231 0104 738DEFBF 		.ascii	"s\215\357\277\346\361[\024\365\341\217\374y\230\307"
 231      E6F15B14 
 231      F5E18FFC 
 231      7998C7
 232 0113 470AB3E3 		.ascii	"G\012\263\343/\304\034Y'\336w\376L\314?\360\347\261"
 232      2FC41C59 
 232      27DE77FE 
 232      4CCC3FF0 
 232      E7B1
 233 0125 75FCECFE 		.ascii	"u\374\354\376\0131'\326\3613\015\243\264\264\356cZ,"
 233      0B3127D6 
 233      F1330DA3 
 233      B4B4EE63 
 233      5A2C
 234 0137 47E439BB 		.ascii	"G\3449\273\254\376]\257\002\201\375\251\177)C\245\010"
 234      ACFE5DAF 
 234      0281FDA9 
 234      7F2943A5 
 234      08
 235 0148 5B257BC2 		.ascii	"[%{\302\263\347u\011\030\271k\221\002\330\375\015\347"
 235      B3E77509 
 235      18B96B91 
 235      02D8FD0D 
 235      E7
 236 0159 EBB5C07A 		.ascii	"\353\265\300zj\321\233\3006f\266\205i\331\2477\210t"
 236      6AD19BC0 
 236      3666B685 
 236      69D9A737 
 236      8874
 237 016b C1C5F84C 		.ascii	"\301\305\370L\025\343\337\000\266\241m\352\251\216I"
 237      15E3DF00 
 237      B6A16DEA 
 237      A98E49
 238 017a 5720E00F 		.ascii	"W \340\017\234\254\\\342`\025D\374V[\317Q\214\337\245"
 238      9CAC5CE2 
 238      601544FC 
 238      565BCF51 
 238      8CDFA5
 239 018d 6E9447BF 		.ascii	"n\224G\277\274JT\277\255Ed\222\270AS\335\344\304-\304"
 239      BC4A54BF 
 239      AD456492 
 239      B84153DD 
 239      E4C42DC4 
ARM GAS  /tmp/ccsaeY7B.s 			page 18


 240 01a1 9A8884B0 		.ascii	"\232\210\204\260\177\361\220\013\376\001}\2768\327\337"
 240      7FF1900B 
 240      FE017DBE 
 240      38D7DF
 241 01b0 A5D1C608 		.ascii	"\245\321\306\010B\270\220\023!h~$CW\320\006T\2166\310"
 241      42B89013 
 241      21687E24 
 241      4357D006 
 241      548E36C8 
 242 01c4 D0754435 		.ascii	"\320uD5\312\220\027\252\201\266jh\003\205\373\347\366"
 242      CA9017AA 
 242      81B66A68 
 242      0385FBE7 
 242      F6
 243 01d5 56ABF147 		.ascii	"V\253\361GTy\351h\353]5\336B\237\037M\237~\356\346\261"
 243      5479E968 
 243      EB5D35DE 
 243      429F1F4D 
 243      9F7EEEE6 
 244 01ea 8F775F40 		.ascii	"\217w_@$`2t\0030\352\221\007\001\341q8\335P\270_\253"
 244      24603274 
 244      0330EA91 
 244      0701E171 
 244      38DD50B8 
 245 0200 DBB36A90 		.ascii	"\333\263j\220~l\261)C\015H\307\344n\246t\365jX\027\277"
 245      7E6CB129 
 245      430D48C7 
 245      E46EA674 
 245      F56A5817 
 246 0215 076CC4A3 		.ascii	"\007l\304\243\354~W\3743j\252612^\213\365\364\371\336"
 246      EC7E57FC 
 246      336AAA36 
 246      31325E8B 
 246      F5F4F9DE 
 247 0229 F4B14BCE 		.ascii	"\364\261K\316\322\3767K\372?\260\262\374[\374\031\325"
 247      D2FE374B 
 247      FA3FB0B2 
 247      FC5BFC19 
 247      D5
 248 023a 7D3671A6 		.ascii	"}6q\246\331\015\233\350s\322\375\027\345\316\370\367"
 248      D90D9BE8 
 248      73D2FD17 
 248      E5CEF8F7 
 249 024a F4B9266F 		.ascii	"\364\271&o~\024\333u\245\015\340\332m\272re\264\177"
 249      7E14DB75 
 249      A50DE0DA 
 249      6DBA7265 
 249      B47F
 250 025c AF0A93CF 		.ascii	"\257\012\223\317\201\311/~\236\242\262S\352\260S:u\254"
 250      81C92F7E 
 250      9EA2B253 
 250      EAB0533A 
 250      75AC
 251 026e 6C1089FB 		.ascii	"l\020\211\373\177\313\246\377\267y\377\345\311\275{"
 251      7FCBA6FF 
 251      B779FFE5 
 251      C9BD7B
ARM GAS  /tmp/ccsaeY7B.s 			page 19


 252 027d F29D90C7 		.ascii	"\362\235\220\307F\212\010\222\002R\210\372F\234\351"
 252      468A0892 
 252      025288FA 
 252      469CE9
 253 028c 64B8E80E 		.ascii	"d\270\350\016\332H\260s\011d\305\235\374\215\307\353"
 253      DA48B073 
 253      0964C59D 
 253      FC8DC7EB 
 254 029c A285A44A 		.ascii	"\242\205\244JD\240\320M.g5\340E^\276\273\201\371\362"
 254      44A0D04D 
 254      2E6735E0 
 254      455EBEBB 
 254      81F9F2
 255 02af 7C5F9F8B 		.ascii	"|_\237\213\207\264\205\016{\013\240Q]\322=\"g\243\262"
 255      87B4850E 
 255      7B0BA051 
 255      5DD23D22 
 255      67A3B2
 256 02c2 19D813A3 		.ascii	"\031\330\023\243\275K\030_b\021\350\277_W\354\212K\031"
 256      BD4B185F 
 256      6211E8BF 
 256      5F57EC8A 
 256      4B19
 257 02d4 53369759 		.ascii	"S6\227Y\346\206+\031\323\374peJ\213o0&\356\300\3041"
 257      E6862B19 
 257      D3FC7065 
 257      4A8B6F30 
 257      26EEC0C4 
 258 02e9 57DCCA98 		.ascii	"W\334\312\230\232\301\216$'\273\250\365\200\355^\233"
 258      9AC18E24 
 258      27BBA8F5 
 258      80ED5E9B 
 259 02f9 A8D5E5B4 		.ascii	"\250\325\345\264\037\324\211\243\326k\323\251>K\326"
 259      1FD489A3 
 259      D66BD3A9 
 259      3E4BD6
 260 0308 D4B6E64C 		.ascii	"\324\266\346L\253\361}\006>6t\252S\216\007\030\023\271"
 260      ABF17D06 
 260      3E3674AA 
 260      538E0718 
 260      13B9
 261 031a FB60BDDC 		.ascii	"\373`\275\334\316\322\000Xzhc\351\334J~4\306\343\\i"
 261      CED20058 
 261      7A6863E9 
 261      DC4A7E34 
 261      C6E35C69 
 262 032e E6D0ACBD 		.ascii	"\346\320\254\275{\217\354\224RO5g\253\305\356\015\332"
 262      7B8FEC94 
 262      524F3567 
 262      ABC5EE0D 
 262      DA
 263 033f B8376471 		.ascii	"\2707dq\357\362\276\344\0115\236a\340\217Z\317W*\035"
 263      EFF2BEE4 
 263      09359E61 
 263      E08F5ACF 
 263      572A1D
 264 0352 29A16130 		.ascii	")\241a0\262\252\367$>\247E!\026}\014ck\305\037\261\310"
ARM GAS  /tmp/ccsaeY7B.s 			page 20


 264      B2AAF724 
 264      3EA74521 
 264      167D0C63 
 264      6BC51FB1 
 265 0367 F5A4C795 		.ascii	"\365\244\307\2259\343\030V\217\256&N]\322\340D\306\314"
 265      39E31856 
 265      8FAE264E 
 265      5DD2E044 
 265      C6CC
 266 0379 5466B529 		.ascii	"Tf\265)`\340\224\254*\250\240\2513\255\356=\326B\372"
 266      60E094AC 
 266      2AA8A0A9 
 266      33ADEE3D 
 266      D642FA
 267 038c B6135AEE 		.ascii	"\266\023Z\356\304wt+q:\323X8\270t\206\316,\301nf=AT"
 267      C477742B 
 267      713AD358 
 267      38B87486 
 267      CE2CC16E 
 268 03a4 8DA4C604 		.ascii	"\215\244\306\004\264\215\263\231\265{~\240\330\015\177"
 268      B48DB399 
 268      B57B7EA0 
 268      D80D7F
 269 03b3 4EB5D563 		.ascii	"N\265\325c\207\212r1\332\310\376<s\011J\305d\323[\365"
 269      878A7231 
 269      DAC8FE3C 
 269      73094AC5 
 269      64D35BF5 
 270 03c7 C9238290 		.ascii	"\311#\202\220\374\006\232DZ4\006(\363\310S*7\231|\327"
 270      FC069A44 
 270      5A340628 
 270      F3C8532A 
 270      37997CD7 
 271 03db 8F32848A 		.ascii	"\2172\204\212H%\025~\272\2560$~K\203g^\204p\3437h\233"
 271      4825157E 
 271      BAAE3024 
 271      7E4B8367 
 271      5E8470E3 
 272 03f2 0E8D7E91 		.ascii	"\016\215~\221\360r\213;\023n\001\350\356/\222\236m\342"
 272      F0728B3B 
 272      136E01E8 
 272      EE2F929E 
 272      6DE2
 273 0404 D09066E8 		.ascii	"\320\220f\350\301\027IW\375;\363\032\006\005\365\177"
 273      C1174957 
 273      FD3BF31A 
 273      0605F57F 
 274 0414 91F0C216 		.ascii	"\221\360\302\026&\014e\017\335w,\234,5EeT\232\014\302"
 274      260C650F 
 274      DD772C9C 
 274      2C354565 
 274      549A0CC2 
 275 0428 14DA889E 		.ascii	"\024\332\210\236\001M\003\315\002\315\000\315\001=_"
 275      014D03CD 
 275      02CD00CD 
 275      013D5F
 276 0437 9DB79335 		.ascii	"\235\267\2235M\211.\3706\033\331\301\334\361\327\330"
ARM GAS  /tmp/ccsaeY7B.s 			page 21


 276      4D892EF8 
 276      361BD9C1 
 276      DCF1D7D8 
 277 0447 1C7E0BB8 		.ascii	"\034~\013\270\273\013\373\342\264\370\001\373h\370d"
 277      BB0BFBE2 
 277      B4F801FB 
 277      68F864
 278 0456 5991120F 		.ascii	"Y\221\022\0171\3062\331=\331d\267,Y\356l\311\032\215"
 278      31C632D9 
 278      3DD964B7 
 278      2C59EE6C 
 278      C91A8D
 279 0469 A8E857E0 		.ascii	"\250\350W\340\011&Z\321\267\367\005\206\317\276\006"
 279      09265AD1 
 279      B7F70586 
 279      CFBE06
 280 0478 E985442B 		.ascii	"\351\205D+\316\327\330\212\023\236\322qZ\203\247\230"
 280      CED7D88A 
 280      139ED271 
 280      5A83A798 
 281 0488 EC40E4A1 		.ascii	"\354@\344\241-\254b\013G\004\374\206\014\275\263\001"
 281      2DAC620B 
 281      4704FC86 
 281      0CBDB301 
 282 0498 6D86AC0A 		.ascii	"m\206\254\012\227Sy\322\2410\371\006$\3107\210\234\365"
 282      975379D2 
 282      A130F906 
 282      24C83788 
 282      9CF5
 283 04aa 64CE1EC8 		.ascii	"d\316\036\310\030z\003/0\234\270\370\345\"\214\005\314"
 283      187A032F 
 283      309CB8F8 
 283      E5228C05 
 283      CC
 284 04bb D781C3F7 		.ascii	"\327\201\303\367uR\250\321\222\250\017\262'\247\025"
 284      7552A8D1 
 284      92A80FB2 
 284      27A715
 285 04ca 3886E9E6 		.ascii	"8\206\351\346U\027\335T\021\357\011S\177\261 C#\005"
 285      5517DD54 
 285      11EF0953 
 285      7FB12043 
 285      2305
 286 04dc 142B09B4 		.ascii	"\024+\011\264\260?\375\035\234\306TOO\316\224\221\225"
 286      B03FFD1D 
 286      9CC6544F 
 286      4FCE9491 
 286      95
 287 04ed F72D2DFA 		.ascii	"\367--\372\223(\006o\261\030\364\024u\327(\360\347L"
 287      9328066F 
 287      B118F414 
 287      75D728F0 
 287      E74C
 288 04ff F4DA4AEA 		.ascii	"\364\332J\3525\005\213\245Z\264\236{\362\365\274e\""
 288      35058BA5 
 288      5AB49E7B 
 288      F2F5BC65 
ARM GAS  /tmp/ccsaeY7B.s 			page 22


 288      22
 289 0510 2A99AF6A 		.ascii	"*\231\257j\305\021\302\227\303\276+CI`3\021l\242\004"
 289      C511C297 
 289      C3BE2B43 
 289      49603311 
 289      6CA204
 290 0523 3985247E 		.ascii	"9\205$~\354\205\266x\346G\327P\347Igq\205\330'\327\212"
 290      EC85B678 
 290      E647D750 
 290      E7496771 
 290      85D827D7 
 291 0538 322559CE 		.ascii	"2%Y\316+D\370\300\305N\204\363\231\027\267\347\257,"
 291      2B44F8C0 
 291      C54E84F3 
 291      9917B7E7 
 291      AF2C
 292 054a E8702165 		.ascii	"\350p!ep\330\236\205{\030i7 PB\022\375\337\017v\017"
 292      70D89E85 
 292      7B186937 
 292      20504212 
 292      FDDF0F76 
 293 055f C8B53294 		.ascii	"\310\2652\224\012V\323\300\352AAM\033\016\012 \375\364"
 293      0A56D3C0 
 293      EA41414D 
 293      1B0E0A20 
 293      FDF4
 294 0571 4FF41940 		.ascii	"O\364\031@c\036\315\\q\266\0040r=\000\020\356{R\225"
 294      631ECD5C 
 294      71B60430 
 294      723D0010 
 294      EE7B5295 
 295 0585 84C56EA7 		.ascii	"\204\305n\247\333\270}\320\342\366\251\271\310\013n"
 295      DBB87DD0 
 295      E2F6A9B9 
 295      C80B6E
 296 0594 F81C73FB 		.ascii	"\370\034s\373H\356|\270\002_\346A\277\030\237\247\260"
 296      48EE7CB8 
 296      025FE641 
 296      BF189FA7 
 296      B0
 297 05a5 2BD19960 		.ascii	"+\321\231`+K..\321\343\017g\246\324\370\006S\312\251"
 297      2B4B2E2E 
 297      D1E30F67 
 297      A6D4F806 
 297      53CAA9
 298 05b8 2E6BB15F 		.ascii	".k\261_\341\263\355\224\032v\227<S\211\335\373\\.\256"
 298      E1B3ED94 
 298      1A76973C 
 298      5389DDFB 
 298      5C2EAE
 299 05cb EB872CEE 		.ascii	"\353\207,\356\035\276\335\026\216\330p~\011\330\246"
 299      1DBEDD16 
 299      8ED8707E 
 299      09D8A6
 300 05da E53B5908 		.ascii	"\345;Y\010w2[\255\215\003\006\374\200=\017</8n\277\010"
 300      77325BAD 
 300      8D0306FC 
ARM GAS  /tmp/ccsaeY7B.s 			page 23


 300      803D0F3C 
 300      2F386EBF 
 301 05ef E582DD23 		.ascii	"\345\202\335#6v\247Z\323>\305CL'\245!vLk\247\223g\247"
 301      3676A75A 
 301      D33EC543 
 301      4C27A521 
 301      764C6BA7 
 302 0606 D39E7EE3 		.ascii	"\323\236~\343u\261\253Gm\\=fq5\247\252\177\023~\306"
 302      75B1AB47 
 302      6D5C3D66 
 302      7135A7AA 
 302      7F137EC6 
 303 061a 863C6271 		.ascii	"\206<bq\350g\260\305`{\214$\201\225\227\325D#n\235`"
 303      E867B0C5 
 303      607B8C24 
 303      819597D5 
 303      44236E9D 
 304 062f 26D049F9 		.ascii	"&\320I\371F\224/\267\331g|?\375\371cZ\313\001\032\035"
 304      46942FB7 
 304      D9677C3F 
 304      FDF9635A 
 304      CB011A1D 
 305 0643 E7B26B6A 		.ascii	"\347\262kj\327\025\264Z\351\246\336`\225\216H\223]\211"
 305      D715B45A 
 305      E9A6DE60 
 305      958E4893 
 305      5D89
 306 0655 8434DF95 		.ascii	"\2044\337\225\034HI\037\344\203c\347S\236\264O\2405"
 306      1C48491F 
 306      E48363E7 
 306      539EB44F 
 306      A035
 307 0667 9F5E9FE7 		.ascii	"\237^\237\347\202gY\314\222O\267\335Q\342\005\306\234"
 307      826759CC 
 307      924FB7DD 
 307      51E205C6 
 307      9C
 308 0678 5A994ED4 		.ascii	"Z\231N\324\341\227\214\211\235\034\373\252]0\013\001"
 308      E1978C89 
 308      9D1CFBAA 
 308      5D300B01 
 309 0688 B5C82698 		.ascii	"\265\310&\230'Fk\3025\342h\026\331\270[l\211fOy\356"
 309      27466BC2 
 309      35E26816 
 309      D9B85B6C 
 309      89664F79 
 310 069d 9C0B8E55 		.ascii	"\234\013\216U\020lyy\333\310\023\271\303-\333\0310r"
 310      106C7979 
 310      DBC813B9 
 310      C32DDB19 
 310      3072
 311 06af 96BB7E4E 		.ascii	"\226\273~N\034\312\351=8\363\014\013%\340\242\002.'"
 311      1CCAE93D 
 311      38F30C0B 
 311      25E0A202 
 311      2E27
 312 06c1 1D9CFC99 		.ascii	"\035\234\374\231\204L^\204u\300\226\336n\314ue\205\243"
ARM GAS  /tmp/ccsaeY7B.s 			page 24


 312      844C5E84 
 312      75C096DE 
 312      6ECC7565 
 312      85A3
 313 06d3 8F96ECE9 		.ascii	"\217\226\354\351\306;*\334\254`\005\262\363\311-\035"
 313      C63B2ADC 
 313      AC6005B2 
 313      F3C92D1D 
 314 06e3 BEC9989A 		.ascii	"\276\311\230\232\2453G\325\370.c2\257\214\013\366\233"
 314      A53347D5 
 314      F82E6332 
 314      AF8C0BF6 
 314      9B
 315 06f4 D54B60F9 		.ascii	"\325K`\371\262M\030\242\217\035\217\325\340Q\2464t\262"
 315      B24D18A2 
 315      8F1D8FD5 
 315      E051A634 
 315      74B2
 316 0706 761CD929 		.ascii	"v\034\331)\225\332)\015\266\275l\264)Ee6\275)_\235\323"
 316      95DA290D 
 316      B6BD6CB4 
 316      29456536 
 316      BD295F9D 
 317 071b E1C31318 		.ascii	"\341\303\023\030/Sp\305\305\023\335\263\256$\027m\223"
 317      2F5370C5 
 317      C513DDB3 
 317      AE24176D 
 317      93
 318 072c F1020CFC 		.ascii	"\361\002\014\374y2\360\304\267\253<z\2250\360\327\200"
 318      7932F0C4 
 318      B7AB3C7A 
 318      9530F0D7 
 318      80
 319 073d 2AC451EC 		.ascii	"*\304Q\354\310\377~\306yA\210\325\021\0034\037\257\256"
 319      C8FF7EC6 
 319      794188D5 
 319      1103341F 
 319      AFAE
 320 074f 9B8FB599 		.ascii	"\233\217\265\231\356G\350\242^\013[\200+v\342$\333l"
 320      EE47E8A2 
 320      5E0B5B80 
 320      2B76E224 
 320      DB6C
 321 0761 F600199E 		.ascii	"\366\000\031\236L\274\234\347\257\004:\037\242\227+"
 321      4CBC9CE7 
 321      AF043A1F 
 321      A2972B
 322 0770 A7675D3C 		.ascii	"\247g]<\244\273Q\352\270\033d1I\271|\301\031G8\321p"
 322      A4BB51EA 
 322      B81B6431 
 322      49B97CC1 
 322      194738D1 
 323 0785 1FBF1DF6 		.ascii	"\037\277\035\366H\216c)\243\3509\325>\241A\342\255\324"
 323      488E6329 
 323      A3E839D5 
 323      3EA141E2 
 323      ADD4
ARM GAS  /tmp/ccsaeY7B.s 			page 25


 324 0797 E6D37C2B 		.ascii	"\346\323|+u\027v\2155\000{C\276\316V\252jS\030\235}"
 324      7517768D 
 324      35007B43 
 324      BECE56AA 
 324      6A53189D 
 325 07ac A7C07635 		.ascii	"\247\300v5\027\266L*;\341\001.\\\005\302%\\\330\322"
 325      17B64C2A 
 325      3BE1012E 
 325      5C05C225 
 325      5CD8D2
 326 07bf 83B59B92 		.ascii	"\203\265\233\222\265=\224Qi\322\275\353\320\265Z\240"
 326      B53D9451 
 326      69D2BDEB 
 326      D0B55AA0 
 327 07cf BA       		.ascii	"\272"
 328 07d0 D5EE5992 		.ascii	"\325\356Y\222\325\235'\353\315\363\345\373\325,y\005"
 328      D59D27EB 
 328      CDF3E5FB 
 328      D52C7905 
 329 07e0 25F07B4E 		.ascii	"%\360{N\345\264kp\002\353\376Ka\177\252+\336\317\230"
 329      E5B46B70 
 329      02EBFE4B 
 329      617FAA2B 
 329      DECF98
 330 07f3 D6837D09 		.ascii	"\326\203}\011.8\2251\221G/\315#\007G>\271\324\221/,"
 330      2E389531 
 330      91472FCD 
 330      2307473E 
 330      B9D4912F 
 331 0808 ABE3A11C 		.ascii	"\253\343\241\034g3\355\221\202\216\016\214s\031\263"
 331      6733ED91 
 331      828E0E8C 
 331      7319B3
 332 0817 7CBC264C 		.ascii	"|\274&L)\015\325&\011\225\035\221V\214\361I\246\375"
 332      290DD526 
 332      09951D91 
 332      568CF149 
 332      A6FD
 333 0829 B46A6504 		.ascii	"\264je\004\343b\306$u\267N\351\360\005\306d\347\346"
 333      E362C624 
 333      75B74EE9 
 333      F005C664 
 333      E7E6
 334 083b FD1C57B0 		.ascii	"\375\034W\260\347\266\356\260tW\007k\371m\251\265\\"
 334      E7B6EEB0 
 334      7457076B 
 334      F96DA9B5 
 334      5C
 335 084c B99C9A7D 		.ascii	"\271\234\232}FN\367\316\036\033Y\366\265^\306\247\217"
 335      464EF7CE 
 335      1E1B59F6 
 335      B55EC6A7 
 335      8F
 336 085d B4EC1572 		.ascii	"\264\354\025r\3427\243NX!o\201^7\214\216u\010s\326\344"
 336      E237A34E 
 336      58216F81 
 336      5E378C8E 
ARM GAS  /tmp/ccsaeY7B.s 			page 26


 336      750873D6 
 337 0872 6BD55759 		.ascii	"k\325WY\271\275\011\322\035\\\332\341.\264A$\334.-,"
 337      B9BD09D2 
 337      1D5CDAE1 
 337      2EB44124 
 337      DC2E2D2C 
 338 0886 9A395D5C 		.ascii	"\2329]\\\272\005\244\233\354\244\231;T\334:\005`\023"
 338      BA05A49B 
 338      ECA4993B 
 338      54DC3A05 
 338      6013
 339 0898 500112D7 		.ascii	"P\001\022\327\250D7\317\377\273\220\034\367\200\356"
 339      A84437CF 
 339      FFBB901C 
 339      F780EE
 340 08a7 037501DD 		.ascii	"\003u\001\335\021O\347v\221K\255\016\214\360\371Vw\266"
 340      114FE776 
 340      914BAD0E 
 340      8CF0F956 
 340      77B6
 341 08b9 FFA02B7E 		.ascii	"\377\240+~\316\242]}\254\371\220\334C\3222z\300q\326"
 341      CEA25D7D 
 341      ACF990DC 
 341      43D2327A 
 341      C071D6
 342 08cc 319E863D 		.ascii	"1\236\206=\232\272'n\251,'\027\321\237\207e\346}\257"
 342      9ABA276E 
 342      A92C2717 
 342      D19F8765 
 342      E67DAF
 343 08df 5534F35A 		.ascii	"U4\363Z\241\024<\263\361\255\021\331\316\246\366_\301"
 343      A1143CB3 
 343      F1AD11D9 
 343      CEA6F65F 
 343      C1
 344 08f0 6C4AFF0D 		.ascii	"lJ\377\015\352\001\251F9\223\266\006\343*\262\035\212"
 344      EA01A946 
 344      3993B606 
 344      E32AB21D 
 344      8A
 345 0901 F67F4C17 		.ascii	"\366\177L\027*\302\224h7\364;\212K\263\375\223\014-"
 345      2AC29468 
 345      37F43B8A 
 345      4BB3FD93 
 345      0C2D
 346 0913 53D948B9 		.ascii	"S\331H\271uM}\237\011\357\001\341\030Ia\321\260\365"
 346      754D7D9F 
 346      09EF01E1 
 346      184961D1 
 346      B0F5
 347 0925 14F1530C 		.ascii	"\024\361S\014\354ZP\206|\255\333\327\326\270\335\322"
 347      EC5A5086 
 347      7CADDBD7 
 347      D6B8DDD2 
 348 0935 CA8F48E4 		.ascii	"\312\217H\344\220\321e\327\313{k\341\333\177\301\263"
 348      90D165D7 
 348      CB7B6BE1 
ARM GAS  /tmp/ccsaeY7B.s 			page 27


 348      DB7FC1B3 
 349 0945 02CA6993 		.ascii	"\002\312i\223\203\240\210\304G\377\233\211\223\352["
 349      83A088C4 
 349      47FF9B89 
 349      93EA5B
 350 0954 65275E69 		.ascii	"e'^i#\016\336<)\320\262\232D\252\313E\356\274DM\342"
 350      230EDE3C 
 350      29D0B29A 
 350      44AACB45 
 350      EEBC444D 
 351 0969 67C12EDE 		.ascii	"g\301.\336Ur\254\252s\200n\355\352l\241\373~\201\210"
 351      5572ACAA 
 351      73806EED 
 351      EA6CA1FB 
 351      7E8188
 352 097c 93EA7898 		.ascii	"\223\352x\230\203;\236Z\265\2278:\354NQ\212\203@\212"
 352      833B9E5A 
 352      B597383A 
 352      EC4E518A 
 352      83408A
 353 098f BA5AF503 		.ascii	"\272Z\365\003\326U8\315\243\027\016\002):\232\226\272"
 353      D65538CD 
 353      A3170E02 
 353      293A9A96 
 353      BA
 354 09a0 47460890 		.ascii	"GF\010\220/\021rr\226\222\032\324\227V\354\3312\356"
 354      2F117272 
 354      96921AD4 
 354      9756ECD9 
 354      32EE
 355 09b2 0B015FB2 		.ascii	"\013\001_\262\003_X\003\336\360>s\005\216\003(\316\316"
 355      035F5803 
 355      DEF03E73 
 355      058E0328 
 355      CECE
 356 09c4 F3E5B529 		.ascii	"\363\345\265)P\310S\200lGN\333\211\213f:\317\260r\221"
 356      50C85380 
 356      6C474EDB 
 356      898B663A 
 356      CFB07291 
 357 09d8 338B0E9C 		.ascii	"3\213\016\234\261\257\014\015\020\351zR\015\007\270"
 357      B1AF0C0D 
 357      10E97A52 
 357      0D07B8
 358 09e7 0A999FC3 		.ascii	"\012\231\237\3030''\201F\200\036\002\215\002=\001\032"
 358      30272781 
 358      46801E02 
 358      8D023D01 
 358      1A
 359 09f8 00EA071A 		.ascii	"\000\352\007\032\007\232\000z\0124\006\364\010\250\027"
 359      079A007A 
 359      0A3406F4 
 359      08A817
 360 0a07 6810E831 		.ascii	"h\020\3501\320\020P\337\352\312\023}\251q\203\207\264"
 360      D01050DF 
 360      EACA137D 
 360      A9718387 
ARM GAS  /tmp/ccsaeY7B.s 			page 28


 360      B4
 361 0a18 D147FF6F 		.ascii	"\321G\377oF\037F\245u\333\334YM\331\204c\032\306\200"
 361      461F46A5 
 361      75DBDC59 
 361      4DD98463 
 361      1AC680
 362 0a2b 6E9AC813 		.ascii	"n\232\310\023\2107\226\364\207\331\334!\365\330\210"
 362      883796F4 
 362      87D9DC21 
 362      F5D888
 363 0a3a 3FA7DB26 		.ascii	"?\247\333&\362\006\262\351\023Ss:\274[IK\336\205\266"
 363      F206B2E9 
 363      1353733A 
 363      BC5B494B 
 363      DE85B6
 364 0a4d 82CB0A9C 		.ascii	"\202\313\012\234\314\230\304\312\343;q&{n;\262\177\267"
 364      CC98C4CA 
 364      E33B7126 
 364      7B6E3BB2 
 364      7FB7
 365 0a5f 8A9F2AC9 		.ascii	"\212\237*\311\031u\254 \345\220\022\037\246\037:\365"
 365      1975AC20 
 365      E590121F 
 365      A61F3AF5 
 366 0a6f CD0CCE39 		.ascii	"\315\014\3169!\321\0323\334\214_L\261m(\251\354s0\336"
 366      21D11A33 
 366      DC8C5F4C 
 366      B16D28A9 
 366      EC7330DE 
 367 0a83 2FD75B34 		.ascii	"/\327[4\332\217c!o3\225\235\225\226\025\315\337\321"
 367      DA8F6321 
 367      6F33959D 
 367      959615CD 
 367      DFD1
 368 0a95 D7055869 		.ascii	"\327\005Xii\227^pak\015\264\346\235\315\020\315\303"
 368      69975E70 
 368      616B0DB4 
 368      E69DCD10 
 368      CDC3
 369 0aa7 10B1BAF1 		.ascii	"\020\261\272\361\222\217\317\002\304w\021h\031hiu\265"
 369      928FCF02 
 369      C4771168 
 369      19686975 
 369      B5
 370 0ab8 20374556 		.ascii	" 7EV\370\031;x\233\305\2420&\342\212\032w\261\000\025"
 370      F8193B78 
 370      9BC5A230 
 370      26E28A1A 
 370      77B10015 
 371 0acc 0F373F44 		.ascii	"\0177?D\036\222F\321\012\307q`\027\011\330\003\020\242"
 371      1E9246D1 
 371      0AC77160 
 371      1709D803 
 371      10A2
 372 0ade 3A7BA3F9 		.ascii	":{\243\371-\365\011r\35712~\350\001\337\342\244\023"
 372      2DF50972 
 372      EF31327E 
ARM GAS  /tmp/ccsaeY7B.s 			page 29


 372      E801DFE2 
 372      A413
 373 0af0 7EB23F22 		.ascii	"~\262?\"\317\015\2170s/K3\233\264x\2021\375\302\342"
 373      CF0D8F30 
 373      732F4B33 
 373      9BB47882 
 373      31FDC2E2 
 374 0b04 411D9E61 		.ascii	"A\035\236a\314\263s\205']\245\357\332\242\260\324]["
 374      CCB37385 
 374      275DA5EF 
 374      DAA2B0D4 
 374      5D5B
 375 0b16 71525818 		.ascii	"qRX\030\306\213L\273\353r\311G$q\"\326?C\3474\306\264"
 375      C68B4CBB 
 375      EB72C947 
 375      247122D6 
 375      3F43E734 
 376 0b2c 6870948A 		.ascii	"hp\224\212\3524\035~\221\350\206\017PF1\336\177%A\215"
 376      EA341D7E 
 376      91E8860F 
 376      504631DE 
 376      7F25418D 
 377 0b40 AC6BDCF4 		.ascii	"\254k\334\364\030>T\315.\221\243\261\026\355\001\027"
 377      183E54CD 
 377      2E91A3B1 
 377      16ED0117 
 378 0b50 12B0C3DD 		.ascii	"\022\260\303\3351\211\377_\261\272B\244#\355\244\305"
 378      3189FF5F 
 378      B1BA42A4 
 378      23EDA4C5 
 379 0b60 C900B5AD 		.ascii	"\311\000\265\255b6\375\015V'b\260\016\355\226\026\267"
 379      6236FD0D 
 379      562762B0 
 379      0EED9616 
 379      B7
 380 0b71 CD06F116 		.ascii	"\315\006\361\026:\226+\320M\023\336\210\342\201\342"
 380      3A962BD0 
 380      4D13DE88 
 380      E281E2
 381 0b80 B065D2F5 		.ascii	"\260e\322\365\307\316\024)p\023\353d\307\\i\241\326"
 381      C7CE1429 
 381      7013EB64 
 381      C75C69A1 
 381      D6
 382 0b91 C14E3C71 		.ascii	"\301N<q]\230\324\241\346)\015\356f0#\313E\303\012<\304"
 382      5D98D4A1 
 382      E6290DEE 
 382      663023CB 
 382      45C30A3C 
 383 0ba6 98F35DA5 		.ascii	"\230\363]\245\017\235\360\004c\356\246vd\331\037\211"
 383      0F9DF004 
 383      63EEA676 
 383      64D91F89 
 384 0bb6 52007A3F 		.ascii	"R\000z?\026\037\211\302kr\337\302\021jv\017\024\337"
 384      161F89C2 
 384      6B72DFC2 
 384      116A760F 
ARM GAS  /tmp/ccsaeY7B.s 			page 30


 384      14DF
 385 0bc8 B8E26CD1 		.ascii	"\270\342l\321\211\264\350\034\260\323)/\215\030\266"
 385      89B4E81C 
 385      B0D3292F 
 385      8D18B6
 386 0bd7 A907A936 		.ascii	"\251\007\2516QJ\303|X\247\343\242\26258\235\201\013"
 386      514AC37C 
 386      58A7E3A2 
 386      B235389D 
 386      810B
 387 0be9 171FE5C3 		.ascii	"\027\037\345\303V\2271+\307\212c\325\370(c\356\245\324"
 387      5697312B 
 387      C78A63D5 
 387      F82863EE 
 387      A5D4
 388 0bfb DF74C627 		.ascii	"\337t\306'\031S>v\340\211\223\364\2767\023K\354{\345"
 388      19533E76 
 388      E08993F4 
 388      BE37134B 
 388      EC7BE5
 389 0c0e 55CDE74B 		.ascii	"U\315\347K\264\210\346\007L\375\271\004\247\364#\311"
 389      B488E607 
 389      4CFDB904 
 389      A7F423C9 
 390 0c1e B01D0DC7 		.ascii	"\260\035\015\307(\013\206<\003t>_g\014\355\316\302\007"
 390      280B863C 
 390      03743E5F 
 390      670CEDCE 
 390      C207
 391 0c30 B902B192 		.ascii	"\271\002\261\222\275\032\364\262\333\211\255\316\370"
 391      BD1AF4B2 
 391      DB89ADCE 
 391      F8
 392 0c3d 2173F17C 		.ascii	"!s\361|\322\371b\215\203\357&\016I\252'\364\336\372"
 392      D2F9628D 
 392      83EF260E 
 392      49AA27F4 
 392      DEFA
 393 0c4f 6B3CAAB6 		.ascii	"k<\252\266\371\022\354\027\366_\202\375\202]\307\245"
 393      F912EC17 
 393      F65F82FD 
 393      825DC7A5 
 394 0c5f CF873FC0 		.ascii	"\317\207?\300x\212\211\307\027V\346\271I\307#\017S\025"
 394      788A89C7 
 394      1756E6B9 
 394      49C7230F 
 394      5315
 395 0c71 62EA08DE 		.ascii	"b\352\010\336\200r1\235\177y%q\231\032\274\304\264\027"
 395      8072319D 
 395      7F792571 
 395      991ABCC4 
 395      B417
 396 0c83 5BCFFC0B 		.ascii	"[\317\374\013\216\324\320;\200g\341'\317;[\356\000\354"
 396      8ED4D03B 
 396      8067E127 
 396      CF3B5BEE 
 396      00EC
ARM GAS  /tmp/ccsaeY7B.s 			page 31


 397 0c95 AE2F8E03 		.ascii	"\256/\216\003\330\011\356x>\026\025\260\261\246\315"
 397      D809EE78 
 397      3E1615B0 
 397      B1A6CD
 398 0ca4 27C2E9E9 		.ascii	"'\302\351\351\325rB#b\022'40Wr\2700[\216\223\250=\024"
 398      D5724223 
 398      62122734 
 398      305772B8 
 398      305B8E93 
 399 0cbb D37EA1D3 		.ascii	"\323~\241\323\325\301e\311I{k\240Q\2602\234\351\306"
 399      D5C165C9 
 399      497B6BA0 
 399      51B0329C 
 399      E9C6
 400 0ccd 4F5DA444 		.ascii	"O]\244D\275H\037\211u\301\231\014n\274+\256\004\341"
 400      BD481F89 
 400      75C1990C 
 400      6EBC2BAE 
 400      04E1
 401 0cdf 5CC6443F 		.ascii	"\\\306D?*x\211\361\011\306\324\266\327O\331\247z\021"
 401      2A7889F1 
 401      09C6D4B6 
 401      D74FD9A7 
 401      7A11
 402 0cf1 9828B649 		.ascii	"\230(\266I\333\330\253\205\001\370\"\32397ZR\247\264"
 402      DBD8AB85 
 402      01F822D3 
 402      39375A52 
 402      A7B4
 403 0d03 D33963A7 		.ascii	"\3239c\247\323wa)\303\346;\261\2636\311t\316\222\352"
 403      D3776129 
 403      C3E63BB1 
 403      B336C974 
 403      CE92EA
 404 0d16 8F6FCC0E 		.ascii	"\217o\314\016\252q-\003\237\255O;\345\202\233\030\023"
 404      AA712D03 
 404      9FAD4F3B 
 404      E5829B18 
 404      13
 405 0d27 1FD79FA7 		.ascii	"\037\327\237\247\222\036\300\013R\011\255\270\361y\377"
 405      921EC00B 
 405      5209ADB8 
 405      F179FF
 406 0d36 3F21EBE2 		.ascii	"?!\353\342w'\377{Y\374:\013\254\321\353\203\313\016"
 406      7727FF7B 
 406      59FC3A0B 
 406      ACD1EB83 
 406      CB0E
 407 0d48 6B18DDA6 		.ascii	"k\030\335\246e\361\353\203\213\220\377\347\361Zqk\201"
 407      65F1EB83 
 407      8B90FFE7 
 407      F15A716B 
 407      81
 408 0d59 94AE3E45 		.ascii	"\224\256>E\\\203xU\012\225\247\004\350\022\026\235\177"
 408      5C837855 
 408      0A95A704 
 408      E812169D 
ARM GAS  /tmp/ccsaeY7B.s 			page 32


 408      7F
 409 0d6a 9E64F1FB 		.ascii	"\236d\361\373\006\342\016\271o\220p\207\347\303\314"
 409      06E20EB9 
 409      6F907087 
 409      E7C3CC
 410 0d79 DE2B0F74 		.ascii	"\336+\017t\016\252\334\031\307v@\363h\345l\205\026w"
 410      0EAADC19 
 410      C77640F3 
 410      68E56C85 
 410      1677
 411 0d8b B1102E9D 		.ascii	"\261\020.\235-XR\342g\214I\274\320\275\344\206\027\030"
 411      2D5852E2 
 411      678C49BC 
 411      D0BDE486 
 411      1718
 412 0d9d B3D27826 		.ascii	"\263\322x&\313A\265\270*\025\\\274\330p\241\213\334"
 412      CB41B5B8 
 412      2A155CBC 
 412      D870A18B 
 412      DC
 413 0dae 56AC1E99 		.ascii	"V\254\036\231\336\314N\216\242\301-\003_\012A\247\012"
 413      DECC4E8E 
 413      A2C12D03 
 413      5F0A41A7 
 413      0A
 414 0dbf AFB37DEF 		.ascii	"\257\263}\357\372\006[M\256Ah\257p\341/8`B\237O\303"
 414      FA065B4D 
 414      AE4168AF 
 414      70E12F38 
 414      60429F4F 
 415 0dd4 EC245B75 		.ascii	"\354$[uT\316U\210S\025\320\337\312\325\376\2464\234"
 415      54CE5588 
 415      5315D0DF 
 415      CAD5FEA6 
 415      349C
 416 0de6 1D55E148 		.ascii	"\035U\341HV\000\302\352\253\0335\036\322\020\325\016"
 416      5600C2EA 
 416      AB1B351E 
 416      D210D50E 
 417 0df6 218A5B12 		.ascii	"!\212[\022\262\\p\006\203(\330\027\006\373\377\034\306"
 417      B25C7006 
 417      8328D817 
 417      06FBFF1C 
 417      C6
 418 0e07 DCDBFDBC 		.ascii	"\334\333\375\274\301\011\027R\006\357^\276\331\241\265"
 418      C1091752 
 418      06EF5EBE 
 418      D9A1B5
 419 0e16 BB5A5DC5 		.ascii	"\273Z]\305\257\005\374\033\034\277\001\360\353\305C"
 419      AF05FC1B 
 419      1CBF01F0 
 419      EBC543
 420 0e25 3FDB23DA 		.ascii	"?\333#\332F\327qIG\333n\010og\017?\276\254\336\327H"
 420      46D77149 
 420      47DB6E08 
 420      6F670F3F 
 420      BEACDED7 
ARM GAS  /tmp/ccsaeY7B.s 			page 33


 421 0e3a 07177C7C 		.ascii	"\007\027||4\231:\242\300\027\231\303/\036\366^w\024"
 421      34993AA2 
 421      C01799C3 
 421      2F1EF65E 
 421      7714
 422 0e4c 80466907 		.ascii	"\200Fi\007\311\306a\251\362*\377\351A\037)\037\251#"
 422      C9C661A9 
 422      F22AFFE9 
 422      411F291F 
 422      A923
 423 0e5e 0D95CEBC 		.ascii	"\015\225\316\274\234\270\222\253\217\204\214\213:\\"
 423      9CB892AB 
 423      8F848C8B 
 423      3A5C
 424 0e6c 4D4D6867 		.ascii	"MMhgk\243K]`\331\260\234\241\371n!\200\235\345j\300"
 424      6BA34B5D 
 424      60D9B09C 
 424      A1F96E21 
 424      809DE56A 
 425 0e81 400118BA 		.ascii	"@\001\030\272\011\357\026\313\342\343\226\315\306\254"
 425      09EF16CB 
 425      E2E396CD 
 425      C6AC
 426 0e8f 05049AF1 		.ascii	"\005\004\232\361\006v\265\177\223\273v\033\\k\003\352"
 426      0676B57F 
 426      93BB761B 
 426      5C6B03EA 
 427 0e9f 04BA0B74 		.ascii	"\004\272\013t\013\250\035\250\003\350\036\320\035q\\"
 427      0BA81DA8 
 427      03E81ED0 
 427      1D715C
 428 0eae 3B27795C 		.ascii	";'y\\a\351D\311\334\256\203\203\0309\025N\222\260\306"
 428      61E944C9 
 428      DCAE8383 
 428      1839154E 
 428      92B0C6
 429 0ec1 44E8E8BE 		.ascii	"D\350\350\276}\037\227\267\234\033\354\317\371\243A"
 429      7D1F97B7 
 429      9C1BECCF 
 429      F9A341
 430 0ed0 2C6B7340 		.ascii	",ks@*\335\016]t\370a\342\013\237\261 4\201\330u\273"
 430      2ADD0E5D 
 430      74F861E2 
 430      0B9FB120 
 430      3481D875 
 431 0ee5 20ACB991 		.ascii	" \254\271\221k\017\344\327w t\214\013[\027\207\265\347"
 431      6B0FE4D7 
 431      7720748C 
 431      0B5B1787 
 431      B5E7
 432 0ef7 B6D15DEC 		.ascii	"\266\321]\354\306\001\266\250\250\225K[7\323a\330v\266"
 432      C601B6A8 
 432      A8954B5B 
 432      37D361D8 
 432      76B6
 433 0f09 2D0432BF 		.ascii	"-\0042\277\217\302l;\354\300o\221';\231'I \025\301\245"
 433      8FC26C3B 
ARM GAS  /tmp/ccsaeY7B.s 			page 34


 433      ECC06F91 
 433      273B9927 
 433      492015C1 
 434 0f1e ADB916BE 		.ascii	"\255\271\026\276\212MBO\276\030y\320wM\323\217z\311"
 434      8A4D424F 
 434      BE1879D0 
 434      774DD38F 
 434      7AC9
 435 0f30 4F6D6408 		.ascii	"Omd\010\235\370%\222\221\177\344\205-\006\344\035\221"
 435      9DF82592 
 435      917FE485 
 435      2D06E41D 
 435      91
 436 0f41 67422B96 		.ascii	"gB+\226?D\376\270\234\214\377\372\306\322\306\336,/"
 436      3F44FEB8 
 436      9C8CFFFA 
 436      C6D2C6DE 
 436      2C2F
 437 0f53 AC4DCE51 		.ascii	"\254M\316Q,?\320AL\207\241SV\004\315>G\374s\013\010"
 437      2C3FD041 
 437      4C87A153 
 437      5604CD3E 
 437      47FC730B 
 438 0f68 53605E59 		.ascii	"S`^Y\025y\223\234\233\023k ;\217\255\200\262UP\313\037"
 438      1579939C 
 438      9B136B20 
 438      3B8FAD80 
 438      B25550CB 
 439 0f7d 7F26D5F4 		.ascii	"\177&\325\364V\325\015\315\000\352\013\203p\026_\210"
 439      56D50DCD 
 439      00EA0B83 
 439      70165F88 
 440 0f8d F3DD845C 		.ascii	"\363\335\204\\\223\336\224\261\313\253\245\261_\341"
 440      93DE94B1 
 440      CBABA5B1 
 440      5FE1
 441 0f9b 31363BA3 		.ascii	"16;\243\257"
 441      AF
 442 0fa0 2795B9B0 		.ascii	"'\225\271\260y&\027}\303\344\311\276a:\220[sK\363\372"
 442      7926177D 
 442      C3E4C9BE 
 442      613A905B 
 442      734BF3FA 
 443 0fb4 013A4122 		.ascii	"\001:A\"\204/\311\221\337WP\017d\317\003:\000\275\370"
 443      842FC991 
 443      DF57500F 
 443      64CF033A 
 443      00BDF8
 444 0fc7 75190A55 		.ascii	"u\031\012U0{y\023\375\243\312o\346\010}}BE\335c\247"
 444      307B7913 
 444      FDA3CA6F 
 444      E6087D7D 
 444      4245DD63 
 445 0fdc A5A668A1 		.ascii	"\245\246h\241\015\324>\240b\350>\214!_\210\311\263\014"
 445      0DD43EA0 
 445      62E83E8C 
 445      215F88C9 
ARM GAS  /tmp/ccsaeY7B.s 			page 35


 445      B30C
 446 0fee 75931F4C 		.ascii	"u\223\037Lt\341~\322\233>\374Mr89\333w\011"
 446      74E17ED2 
 446      9B3EFC4D 
 446      723839DB 
 446      7709
 447 1000 768ECED4 		.ascii	"v\216\316\324\255\335\371Q\276\344\367o\2648\201\011"
 447      ADDDF951 
 447      BEE4F76F 
 447      B4388109 
 448 1010 68CACA7A 		.ascii	"h\312\312z\032\245Ym\033\300\264\261\"7n\311\331\241"
 448      1AA5596D 
 448      1BC0B4B1 
 448      22376EC9 
 448      D9A1
 449 1022 838F8883 		.ascii	"\203\217\210\203\0171\367\360\352\342\302=9\367\260"
 449      0F31F7F0 
 449      EAE2C23D 
 449      39F7B0
 450 1031 819C2460 		.ascii	"\201\234$`'$\310\211\020\352\027\271\327\277\326\275"
 450      2724C889 
 450      10EA17B9 
 450      D7BFD6BD 
 451 1041 41EA5EE9 		.ascii	"A\352^\351B\3459\025\276\314\334\253+9\033\2069\024"
 451      42E53915 
 451      BECCDCAB 
 451      2B391B86 
 451      3914
 452 1053 BD426450 		.ascii	"\275BdP\244\247C\"\250\241\265P\303\024\252\275r:B\201"
 452      A4A74322 
 452      A8A1B550 
 452      C314AABD 
 452      723A4281 
 453 1067 EF32A8D9 		.ascii	"\3572\250\331}\327\256\273Y\2406\330@=\026A=^\0135B"
 453      7DD7AEBB 
 453      59A036D8 
 453      403D1641 
 453      3D5E0B35 
 454 107c A162CBF7 		.ascii	"\241b\313\367\264)\360,\203\032\234{Zk\031\202\366\257"
 454      B429F02C 
 454      831A9C7B 
 454      5A6B1982 
 454      F6AF
 455 108e D9408D8A 		.ascii	"\331@\215\212\240F\327B\215Q\250\333w\023\346\\\361"
 455      A046D742 
 455      8D51A8DB 
 455      7713E65C 
 455      F1
 456 109f 011DFB4D 		.ascii	"\001\035\373MKOO\341*\324\327m\240\306EP\343k\241&("
 456      4B4F4FE1 
 456      2AD4D76D 
 456      A0C64550 
 456      E36BA126 
 457 10b4 544663E5 		.ascii	"TFc\345\377\342s\014)\342X_\233\023ndL\352\265\212,"
 457      FFE2730C 
 457      29E2585F 
 457      9B136E64 
ARM GAS  /tmp/ccsaeY7B.s 			page 36


 457      4CEAB58A 
 458 10c9 37184334 		.ascii	"7\030C4\2111\033\224\356\2503\011v\373=\031zf\263q{"
 458      89311B94 
 458      EEA83309 
 458      76FB3D19 
 458      7A66B371 
 459 10de 7A757CCE 		.ascii	"zu|\316\376\313Wr\317j+\027\325\336\330\355bs\025bS"
 459      FECB5772 
 459      CF6A2B17 
 459      D5DED8ED 
 459      62731562 
 460 10f3 64A62D1B 		.ascii	"d\246-\033\274K\247\016,\272\322T\202&\236^\267\357"
 460      BC4BA70E 
 460      2CBAD254 
 460      82269E5E 
 460      B7EF
 461 1105 5EBF2E5F 		.ascii	"^\277._m{\316\322+#\373r\241\253\303\364\232%\3515c"
 461      6D7BCED2 
 461      2B23FB72 
 461      A1ABC3F4 
 461      9A25E935 
 462 111a 49AFE3E7 		.ascii	"I\257\343\347\252WT$d\002\275Ho>\262g\257p8Lx\223\312"
 462      AA575424 
 462      6402BD48 
 462      6F3EB267 
 462      AF70384C 
 463 1131 A12796A8 		.ascii	"\241'\226\250\241\247\240@X\326\3219\026\373\274\312"
 463      A1A7A040 
 463      58D6D139 
 463      16FBBCCA 
 464 1141 792DBEE5 		.ascii	"y-\276\345(HR\376f\336nN\327:tm\221\270\266`q-\346x"
 464      284852FE 
 464      66DE6E4E 
 464      D73A746D 
 464      91B8B660 
 465 1159 DF882B77 		.ascii	"\337\210+w\255\013\022\243*\\\370\200\210\240\371U\257"
 465      AD0B12A3 
 465      2A5CF880 
 465      88A0F955 
 465      AF
 466 116a 5E10AFE6 		.ascii	"^\020\257\346-^-Q\257\352\227\356\235W\342QG^\255L\215"
 466      2D5E2D51 
 466      AFEA97EE 
 466      9D57E251 
 466      475EAD4C 
 467 117f A46A38EA 		.ascii	"\244j8\352\200\030\365\345*\3522A}iA]\241\250\003BB"
 467      8018F5E5 
 467      2AEA3241 
 467      7D69415D 
 467      A1A80342 
 468 1194 850EAF30 		.ascii	"\205\016\2570\324\272\266\221'j\017\351\0258\373\317"
 468      D4BAB691 
 468      276A0FE9 
 468      1538FBCF 
 469 11a4 5F81C926 		.ascii	"_\201\311&\377V\353\274\374[G\250W\275'T\261\215\215"
 469      FF56EBBC 
 469      FC5B47A8 
ARM GAS  /tmp/ccsaeY7B.s 			page 37


 469      57BD2754 
 469      B18D8D
 470 11b7 82705887 		.ascii	"\202pX\207\302\024\036HPP\277V-\310H\013q,\\\361-\320"
 470      C2141E48 
 470      5050BF56 
 470      2DC8480B 
 470      712C5CF1 
 471 11cd CCCFDB97 		.ascii	"\314\317\333\227\253\304E.\324\261\214\276S\207u\322"
 471      ABC4452E 
 471      D4B18CBE 
 471      538775D2 
 472 11dd 9B5198BB 		.ascii	"\233Q\230\273k7\243(R\241%G\246+]\211\342\373\025RU"
 472      6B37A328 
 472      52A12547 
 472      A62B5D89 
 472      E2FB1552 
 473 11f2 ADE917A5 		.ascii	"\255\351\027\245\320\222\025\227\\\261\2221-\254\352"
 473      D0921597 
 473      5CB19231 
 473      2DACEA
 474 1201 51B827F1 		.ascii	"Q\270'\361\236\177\200\310o\026D\003\030\255pg\032\354"
 474      9E7F80C8 
 474      6F164403 
 474      18AD7067 
 474      1AEC
 475 1213 9980B71E 		.ascii	"\231\200\267\036LS\262JM\276\305\252x\321\363X\355\320"
 475      4C53B24A 
 475      4DBEC5AA 
 475      78D1F358 
 475      EDD0
 476 1225 560CB7B5 		.ascii	"V\014\267\265[\301~\377p0/\225\353\222\237dY~\364\350"
 476      5BC17EFF 
 476      70302F95 
 476      EB929F64 
 476      597EF4E8 
 477 1239 C97EF4F8 		.ascii	"\311~\364\370\240\260\345\201\323ZW\366(6\240X\005\301"
 477      A0B0E581 
 477      D35A57F6 
 477      2836A058 
 477      05C1
 478 124b 8A23AEC4 		.ascii	"\212#\256\3040W\342\250+/\262_\204\311\305\363\214D"
 478      3057E2A8 
 478      2B2FB25F 
 478      84C9C5F3 
 478      8C44
 479 125d D76A3C5E 		.ascii	"\327j<^A\357\020\341\015d\357\014U\371\342K,\250'\013"
 479      41EF10E1 
 479      0D64EF0C 
 479      55F9E24B 
 479      2CA8270B 
 480 1271 3E2F76C5 		.ascii	">/v\305\265\214\211\253\252\316R\222\204JP\360\204\032"
 480      B58C89AB 
 480      AACE5292 
 480      844A50F0 
 480      841A
 481 1283 EA49E876 		.ascii	"\352I\350v\242i\016\341\344i\236>\221=\352\270\300\357"
 481      A2690EE1 
ARM GAS  /tmp/ccsaeY7B.s 			page 38


 481      E4699E3E 
 481      913DEAB8 
 481      C0EF
 482 1295 53409A27 		.ascii	"S@\232')x\232W\\\250\271Gf`\005\024\255\341RU\367d\302"
 482      29789A57 
 482      5CA8B947 
 482      66600514 
 482      ADE15255 
 483 12ac 5E21274C 		.ascii	"^!'L\370\340\206\234\010\242\275\012KZ&\202\006amkW"
 483      F8E0869C 
 483      08A2BD0A 
 483      4B5A2682 
 483      06616D6B 
 484 12c1 B282A467 		.ascii	"\262\202\244g\316rI\257\223\270od\366Z\373\226\302\372"
 484      CE7249AF 
 484      93B86F64 
 484      F65AFB96 
 484      C2FA
 485 12d3 9642FB76 		.ascii	"\226B\373v\250lp\322\346G\246\2136\262\373\231,y{\353"
 485      A86C70D2 
 485      E647A68B 
 485      36B2FB99 
 485      2C797BEB 
 486 12e7 EDB7BDE0 		.ascii	"\355\267\275\340\377g\006c\220!\300\353C?\377\255\376"
 486      FF670663 
 486      9021C0EB 
 486      433FFFAD 
 486      FE
 487 12f8 FFF18957 		.ascii	"\377\361\211W\260\311\313h\3662\031}\274|\374Lfo\263"
 487      B0C9CB68 
 487      F632197D 
 487      BC7CFC4C 
 487      666FB3
 488 130b E96D1FF5 		.ascii	"\351m\037\365\277\375\370\277\336\374\360\375\367ej"
 488      BFFDF8BF 
 488      DEFCF0FD 
 488      F7656A
 489 131a A3C13B20 		.ascii	"\243\301; \304\350\037\2542\223W\275Y\025h\336\031\340"
 489      C4E81FAC 
 489      329357BD 
 489      591568DE 
 489      19E0
 490 132c 6F32AB7D 		.ascii	"o2\253}\374\364\201\241f\303N\265!\304\020\344\353\037"
 490      FCF481A1 
 490      66C34EB5 
 490      21C410E4 
 490      EB1F
 491 133e B4CDD9B0 		.ascii	"\264\315\331\260\335\020d\016\3646}\006R;\274\375\315"
 491      DD10640E 
 491      F4367D06 
 491      523BBCFD 
 491      CD
 492 134f D0A60229 		.ascii	"\320\246\002)\"\255\0102\3544k8\2437oZ\307\017\377 "
 492      22AD0832 
 492      EC346B38 
 492      A3376F5A 
 492      C70FFF20 
ARM GAS  /tmp/ccsaeY7B.s 			page 39


 493 1363 9F80505F 		.ascii	"\237\200P_\003\370BdMo\373\301\342\2564\354 \270\312"
 493      03F84264 
 493      4D6FFBC1 
 493      E2AE34EC 
 493      20B8CA
 494 1376 1D66B01E 		.ascii	"\035f\260\036\002o&C`\210\016\340\340\335;\304/\330"
 494      026F2643 
 494      60880EE0 
 494      E0DD3BC4 
 494      2FD8
 495 1388 6870DA61 		.ascii	"hp\332a6\033C\210\005\263\037\270\354\253foz\263;\177"
 495      361B4388 
 495      05B31FB8 
 495      ECAB666F 
 495      7AB33B7F 
 496 139c 301A3E35 		.ascii	"0\032>5\030\015A>\006\275\031\364\203\267\3766Dm\330"
 496      180D413E 
 496      06BD19F4 
 496      83B7FE36 
 496      446DD8
 497 13af E96FF609 		.ascii	"\351o\366\011\36658\005\232\266A\253\321w\027<x\275"
 497      F6353805 
 497      9AB641AB 
 497      D177173C 
 497      78BD
 498 13c1 926BA06F 		.ascii	"\222k\240o\360\241\316\251L\376[\003\240\247\020\017"
 498      F0A1CEA9 
 498      4CFE5B03 
 498      A0A7100F 
 499 13d1 FF005FB0 		.ascii	"\377\000_\260\240\014\361\206W\263\002\014\232Tf\362"
 499      A00CF186 
 499      57B3020C 
 499      9A5466F2 
 500 13e1 AA373B7D 		.ascii	"\2527;}\032\340\275\015\270@\260\006\034\011\262Am\246"
 500      1AE0BD0D 
 500      B840B006 
 500      1C09B241 
 500      6DA6
 501 13f3 6FC41DEF 		.ascii	"o\304\035\357\255\336&\203\326d\376\314;\300\177[\220"
 501      ADDE2683 
 501      D664FECC 
 501      3BC07F5B 
 501      90
 502 1404 1EA2E51D 		.ascii	"\036\242\345\035hP\370\370y\033\235\202w\004\031\214"
 502      6850F8F8 
 502      791B9D82 
 502      7704198C 
 503 1414 AED0AD60 		.ascii	"\256\320\255`\223\336?\0104\240\007.\242g\342\367\357"
 503      93DE3F08 
 503      34A0072E 
 503      A267E2F7 
 503      EF
 504 1425 420DA106 		.ascii	"B\015\241\0062\036\364Aky\000\234\020\243a;\3661\357"
 504      321EF441 
 504      6B79009C 
 504      10A3613B 
 504      F631EF
ARM GAS  /tmp/ccsaeY7B.s 			page 40


 505 1438 949B429C 		.ascii	"\224\233B\234C\202\215fP3\003\253\243\317>\301A0|\346"
 505      43828D66 
 505      503303AB 
 505      A3CF3EC1 
 505      41307CE6 
 506 144c 7F70D461 		.ascii	"\177p\324a\237\340\300\300\340 /\"k\362\372\341O\266"
 506      9FE0C0C0 
 506      E0202F22 
 506      6BF2FAE1 
 506      4FB6
 507 145e 6C7F6FD3 		.ascii	"l\177o\323\026\350\272\017D\033\372\215\375|\215\312"
 507      16E8BA0F 
 507      441BFA8D 
 507      FD7C8DCA 
 508 146e 106AE8CB 		.ascii	"\020j\350\313`\221$\207\321\337\274\213\231\366\260"
 508      60912487 
 508      D1DFBC8B 
 508      99F6B0
 509 147d 6BA1CEF8 		.ascii	"k\241\316\370\007;QFAF\226F\301\204\202\224\241>A\220"
 509      073B5146 
 509      41469646 
 509      C1848294 
 509      A13E4190 
 510 1491 128A006F 		.ascii	"\022\212\000o\223Ye4S\306iG\260\021\222f\253\301d\326"
 510      93596534 
 510      53C66947 
 510      B0119266 
 510      ABC164D6 
 511 14a5 FA840686 		.ascii	"\372\204\006\206\006x\233\375\267\033\324F\263\331?"
 511      06789BFD 
 511      B71BD446 
 511      B3D93F
 512 14b4 10A0FEF6 		.ascii	"\020\240\376\366\225\306\310\034\010n\272S\215@\203"
 512      95C6C81C 
 512      086EBA53 
 512      8D4083
 513 14c3 B729D468 		.ascii	"\267)\324h\0104\020pm\240\336\007\034\203D\361U\007"
 513      08341070 
 513      6DA0DE07 
 513      1C8344F1 
 513      5507
 514 14d5 E9211CA6 		.ascii	"\351!\034\246\035>NAz\177\343\357,\237\370\233\214\257"
 514      1D3E4E41 
 514      7A7FE3EF 
 514      2C9FF89B 
 514      8CAF
 515 14e7 96A16CB6 		.ascii	"\226\241l\266\370\311\\\231\234\236\362z3\366\335\272"
 515      F8C95C99 
 515      9C9EF27A 
 515      33F6DDBA 
 516 14f7 4D05207A 		.ascii	"M\005 z\350\214\023\355\220&\304;\310\337G\017\371\345"
 516      E88C13ED 
 516      9026C43B 
 516      C8DF470F 
 516      F9E5
 517 1509 46B27697 		.ascii	"F\262v\227\311l\010\324\373\032\266\206nS\007\004\373"
 517      C96C08D4 
ARM GAS  /tmp/ccsaeY7B.s 			page 41


 517      FB1AB686 
 517      6E530704 
 517      FB
 518 151a 7C46045F 		.ascii	"|F\004_\315\"\325!\026\305\030\244O\3360\2644\323\225"
 518      CD22D521 
 518      16C518A4 
 518      4FDE30B4 
 518      34D395
 519 152d 30AE9FFA 		.ascii	"0\256\237\372o{\3156g\364\254\325\323\276\011Bo\374"
 519      6F7BCD36 
 519      67F4ACD5 
 519      D3BE0942 
 519      6FFC
 520 153f D42794CC 		.ascii	"\324'\224\314T\362\256 \023\315\231<\351\331T\376\273"
 520      54F2AE20 
 520      13CD993C 
 520      E9D954FE 
 520      BB
 521 1550 57F28B28 		.ascii	"W\362\213(\200[J\252hV\221$\321\373\373j\370;\264\030"
 521      805B4AAA 
 521      68569124 
 521      D1FBFB6A 
 521      F83BB418 
 522 1564 0DDBC8A8 		.ascii	"\015\333\310\250;\0233\206m\360d\334\245\265<@\022o"
 522      3B133386 
 522      6DF064DC 
 522      A5B53C40 
 522      126F
 523 1576 37D39CF0 		.ascii	"7\323\234\360%\257. \343k\0100{\323j\341f\303AnP\306"
 523      25AF2E20 
 523      E36B0830 
 523      7BD36AE1 
 523      66C3416E 
 524 158c 05FA0F3D 		.ascii	"\005\372\017=6\030\267{\007\350\315_\001\231\355\376"
 524      3618B77B 
 524      07E8CD5F 
 524      0199EDFE 
 525 159c 46732861 		.ascii	"Fs(a`\300\215&*\254&9Ex\015\211\026M\235\327$\304\000"
 525      60C08D26 
 525      2AAC2639 
 525      45780D89 
 525      164D9DD7 
 526 15b3 D368B14B 		.ascii	"\323h\261K\"\270\213\266\252|B\215d\"\353\254Mz\263"
 526      22B88BB6 
 526      AA7C428D 
 526      6422EBAC 
 526      4D7AB3
 527 15c6 4E3CD0F2 		.ascii	"N<\320\362we:oc\340\366\367\014\233\002\277\363i\210"
 527      77653A6F 
 527      63E0F6F7 
 527      0C9B02BF 
 527      F36988
 528 15d9 4C0BBD85 		.ascii	"L\013\275\205\031\265)\360]\231\247\236\347\002D\010"
 528      19B529F0 
 528      5D99A79E 
 528      E7024408 
 529 15e9 F44D0692 		.ascii	"\364M\006\222^\177\363\252\325W\346jQg\331\371\015\013"
ARM GAS  /tmp/ccsaeY7B.s 			page 42


 529      5E7FF3AA 
 529      D557E66A 
 529      5167D9F9 
 529      0D0B
 530 15fb 0BAF3071 		.ascii	"\013\2570qy6\257f\361\327\255\037\007\207\330}\272\236"
 530      7936AF66 
 530      F1D7AD1F 
 530      0787D87D 
 530      BA9E
 531 160d 32E4E83A 		.ascii	"2\344\350:\312\360\351\353>~?\335\362\241\037$\327\026"
 531      CAF0E9EB 
 531      3E7E3FDD 
 531      F2A11F24 
 531      D716
 532 161f EB14FA69 		.ascii	"\353\024\372i\360\317\325A\301\376AP\366\014\257\021"
 532      F0CFD541 
 532      C1FE4150 
 532      F60CAF11 
 533 162f 814F08B2 		.ascii	"\201O\010\262H\340\347\236\25458D\334\210}\3746\177"
 533      48E0E79E 
 533      AC353844 
 533      DC887DFC 
 533      367F
 534 1641 E7D5A6D5 		.ascii	"\347\325\246\325.2\251\324\2410\300\357\374\275\336"
 534      2E32A9D4 
 534      A130C0EF 
 534      FCBDDE
 535 1650 EC022E1A 		.ascii	"\354\002.\032\314\372\177\376\341'\037\375\347O>v\361"
 535      CCFA7FFE 
 535      E1271FFD 
 535      E74F3E76 
 535      F1
 536 1661 0ED8E1BD 		.ascii	"\016\330\341\275\213D\226\330\377\327/\250^P\340H\355"
 536      8B4496D8 
 536      FFD72FA8 
 536      5E50E048 
 536      ED
 537 1672 F2FA70CB 		.ascii	"\362\372p\313'\037\177\342\365!\244\243\327\307\026"
 537      271F7FE2 
 537      F521A4A3 
 537      D7C716
 538 1681 3B81267F 		.ascii	";\201&\177\223~\233\217\017\330\372?J\0110\321"
 538      937E9B8F 
 538      0FD8FA3F 
 538      4A0930D1 
 539              		.text
 540              		.section	.gnu.lto_.symtab.a68f5161f73e9e67,"e",%progbits
 541 0000 5F5F7374 		.ascii	"__stats_increase_irq\000"
 541      6174735F 
 541      696E6372 
 541      65617365 
 541      5F697271 
 542 0015 00       		.ascii	"\000"
 543 0016 00       		.ascii	"\000"
 544 0017 00       		.ascii	"\000"
 545 0018 00000000 		.ascii	"\000\000\000\000\000\000\000\000"
 545      00000000 
ARM GAS  /tmp/ccsaeY7B.s 			page 43


 546 0020 E0010000 		.ascii	"\340\001\000\000"
 547 0024 5F5F7374 		.ascii	"__stats_ctxswc\000"
 547      6174735F 
 547      63747873 
 547      776300
 548 0033 00       		.ascii	"\000"
 549 0034 00       		.ascii	"\000"
 550 0035 00       		.ascii	"\000"
 551 0036 00000000 		.ascii	"\000\000\000\000\000\000\000\000"
 551      00000000 
 552 003e E5010000 		.ascii	"\345\001\000\000"
 553 0042 5F5F7374 		.ascii	"__stats_start_measure_crit_thd\000"
 553      6174735F 
 553      73746172 
 553      745F6D65 
 553      61737572 
 554 0061 00       		.ascii	"\000"
 555 0062 00       		.ascii	"\000"
 556 0063 00       		.ascii	"\000"
 557 0064 00000000 		.ascii	"\000\000\000\000\000\000\000\000"
 557      00000000 
 558 006c E7010000 		.ascii	"\347\001\000\000"
 559 0070 5F5F7374 		.ascii	"__stats_stop_measure_crit_thd\000"
 559      6174735F 
 559      73746F70 
 559      5F6D6561 
 559      73757265 
 560 008e 00       		.ascii	"\000"
 561 008f 00       		.ascii	"\000"
 562 0090 00       		.ascii	"\000"
 563 0091 00000000 		.ascii	"\000\000\000\000\000\000\000\000"
 563      00000000 
 564 0099 E9010000 		.ascii	"\351\001\000\000"
 565 009d 5F5F7374 		.ascii	"__stats_start_measure_crit_isr\000"
 565      6174735F 
 565      73746172 
 565      745F6D65 
 565      61737572 
 566 00bc 00       		.ascii	"\000"
 567 00bd 00       		.ascii	"\000"
 568 00be 00       		.ascii	"\000"
 569 00bf 00000000 		.ascii	"\000\000\000\000\000\000\000\000"
 569      00000000 
 570 00c7 EB010000 		.ascii	"\353\001\000\000"
 571 00cb 5F5F7374 		.ascii	"__stats_stop_measure_crit_isr\000"
 571      6174735F 
 571      73746F70 
 571      5F6D6561 
 571      73757265 
 572 00e9 00       		.ascii	"\000"
 573 00ea 00       		.ascii	"\000"
 574 00eb 00       		.ascii	"\000"
 575 00ec 00000000 		.ascii	"\000\000\000\000\000\000\000\000"
 575      00000000 
 576 00f4 ED010000 		.ascii	"\355\001\000\000"
 577 00f8 63683000 		.ascii	"ch0\000"
 578 00fc 00       		.ascii	"\000"
ARM GAS  /tmp/ccsaeY7B.s 			page 44


 579 00fd 02       		.ascii	"\002"
 580 00fe 00       		.ascii	"\000"
 581 00ff 00000000 		.ascii	"\000\000\000\000\000\000\000\000"
 581      00000000 
 582 0107 02020000 		.ascii	"\002\002\000\000"
 583 010b 6368544D 		.ascii	"chTMChainMeasurementToX\000"
 583      43686169 
 583      6E4D6561 
 583      73757265 
 583      6D656E74 
 584 0123 00       		.ascii	"\000"
 585 0124 02       		.ascii	"\002"
 586 0125 00       		.ascii	"\000"
 587 0126 00000000 		.ascii	"\000\000\000\000\000\000\000\000"
 587      00000000 
 588 012e F7010000 		.ascii	"\367\001\000\000"
 589 0132 6368544D 		.ascii	"chTMStartMeasurementX\000"
 589      53746172 
 589      744D6561 
 589      73757265 
 589      6D656E74 
 590 0148 00       		.ascii	"\000"
 591 0149 02       		.ascii	"\002"
 592 014a 00       		.ascii	"\000"
 593 014b 00000000 		.ascii	"\000\000\000\000\000\000\000\000"
 593      00000000 
 594 0153 FC010000 		.ascii	"\374\001\000\000"
 595 0157 6368544D 		.ascii	"chTMStopMeasurementX\000"
 595      53746F70 
 595      4D656173 
 595      7572656D 
 595      656E7458 
 596 016c 00       		.ascii	"\000"
 597 016d 02       		.ascii	"\002"
 598 016e 00       		.ascii	"\000"
 599 016f 00000000 		.ascii	"\000\000\000\000\000\000\000\000"
 599      00000000 
 600 0177 FF010000 		.ascii	"\377\001\000\000"
 601              		.text
 602              		.section	.gnu.lto_.opts,"e",%progbits
 603 0000 272D666E 		.ascii	"'-fno-openmp' '-fno-openacc' '-fno-pie' '-mcpu=cort"
 603      6F2D6F70 
 603      656E6D70 
 603      2720272D 
 603      666E6F2D 
 604 0033 65782D6D 		.ascii	"ex-m4' '-mthumb' '-mfloat-abi=softfp' '-mfpu=fpv4-s"
 604      34272027 
 604      2D6D7468 
 604      756D6227 
 604      20272D6D 
 605 0066 702D6431 		.ascii	"p-d16' '-march=armv7e-m+fp' '-O2' '-fstack-usage' '"
 605      36272027 
 605      2D6D6172 
 605      63683D61 
 605      726D7637 
 606 0099 2D666675 		.ascii	"-ffunction-sections' '-fdata-sections' '-fno-common"
 606      6E637469 
ARM GAS  /tmp/ccsaeY7B.s 			page 45


 606      6F6E2D73 
 606      65637469 
 606      6F6E7327 
 607 00cc 2720272D 		.ascii	"' '-flto' '-fshort-enums'\000"
 607      666C746F 
 607      2720272D 
 607      6673686F 
 607      72742D65 
 608              		.text
 609              		.comm	__gnu_lto_v1,1,1
 610              		.comm	__gnu_lto_slim,1,1
 611              		.ident	"GCC: (GNU Arm Embedded Toolchain 9-2020-q2-update) 9.3.1 20200408 (release)"
ARM GAS  /tmp/ccsaeY7B.s 			page 46


DEFINED SYMBOLS
                            *ABS*:0000000000000000 chstats.c
                            *COM*:0000000000000001 __gnu_lto_v1
                            *COM*:0000000000000001 __gnu_lto_slim

NO UNDEFINED SYMBOLS
