ARM GAS  /tmp/ccMg3MJ3.s 			page 1


   1              		.cpu cortex-m4
   2              		.eabi_attribute 27, 1
   3              		.eabi_attribute 20, 1
   4              		.eabi_attribute 21, 1
   5              		.eabi_attribute 23, 3
   6              		.eabi_attribute 24, 1
   7              		.eabi_attribute 25, 1
   8              		.eabi_attribute 26, 1
   9              		.eabi_attribute 30, 2
  10              		.eabi_attribute 34, 1
  11              		.eabi_attribute 18, 4
  12              		.file	"hal_flash.c"
  13              		.section	.gnu.lto_.profile.96e80c9aa0e341e8,"e",%progbits
  14 0000 789CE360 		.ascii	"x\234\343``\004B \000\000\000]\000\013"
  14      60044220 
  14      0000005D 
  14      000B
  15              		.text
  16              		.section	.gnu.lto_.icf.96e80c9aa0e341e8,"e",%progbits
  17 0000 789CE360 		.ascii	"x\234\343``d\220c@\000V\206\035K'o\340b\354\237\270"
  17      60649063 
  17      40005686 
  17      1D4B276F 
  17      E062EC9F 
  18 0015 610A13D3 		.ascii	"a\012\023\323\317\351\373\345\230\327\257\271\323\314"
  18      CFE9FBE5 
  18      98D7AFB9 
  18      D3CC
  19 0023 C7F2E6C3 		.ascii	"\307\362\346\303\023?\006\000\311\335\015\212"
  19      133F0600 
  19      C9DD0D8A 
  20              		.text
  21              		.section	.gnu.lto_.jmpfuncs.96e80c9aa0e341e8,"e",%progbits
  22 0000 789C8D8E 		.ascii	"x\234\215\216\261\015\302P\014D\357\331\277H\307\000"
  22      B10DC250 
  22      0C44EFD9 
  22      BF48C700 
  23 0010 BFC92EEC 		.ascii	"\277\311.\354E\012Z\224\2262\005[\000Bt\0244\024\324"
  23      450A5A94 
  23      9632055B 
  23      00427414 
  23      3414D4
  24 0023 6C80B200 		.ascii	"l\200\262\000\022\370\013\221H\241\211\245+|\266\237"
  24      12F80B91 
  24      48A189A5 
  24      2B7CB69F 
  25 0033 AF125AA2 		.ascii	"\257\022Z\242\241\\@\323\271L\342\234P\350\035\265P"
  25      A15C40D3 
  25      B94CE29C 
  25      50E81DB5 
  25      50
  26 0044 4A2B4DBD 		.ascii	"J+M\275\261\177\225\036\337:\355\272\177T\255w\016b"
  26      B17F951E 
  26      DF3AEDBA 
  26      7F54AD77 
  26      0E62
  27 0056 4F2E6A6A 		.ascii	"O.jj\014\274pCf\276\363\277\323\337n\032'`\001\274\364"
ARM GAS  /tmp/ccMg3MJ3.s 			page 2


  27      0CBC7043 
  27      66BEF3BF 
  27      D3DF6E1A 
  27      276001BC 
  28 006b CF3B05E8 		.ascii	"\317;\005\350\001<\220\303:mnW\377Zp$[\361\2073\311"
  28      013C90C3 
  28      3A6D6E57 
  28      FF5A7024 
  28      5BF18733 
  29 0080 222B93AC 		.ascii	"\"+\223\254M\355\323\014\314\313P\340\363\277\350\003"
  29      4DEDD30C 
  29      CCCB50E0 
  29      F3BFE803 
  30 0090 91C85109 		.ascii	"\221\310Q\011"
  31              		.text
  32              		.section	.gnu.lto_.inline.96e80c9aa0e341e8,"e",%progbits
  33 0000 789CE360 		.ascii	"x\234\343``d`bd\200\003f\006\026\341\267G\327\035f\312"
  33      60646062 
  33      64800366 
  33      0616E1B7 
  33      47D71D66 
  34 0015 068AF35F 		.ascii	"\006\212\363_\355\276\333\300\224\311\300\300~f\335"
  34      EDBEDBC0 
  34      94C9C0C0 
  34      7E66DD
  35 0024 9745CCA9 		.ascii	"\227E\314\251L\014L 5L\334@\015\214\023\374\330\204"
  35      4C0C4C20 
  35      354CDC40 
  35      0D8C13FC 
  35      D884
  36 0036 8034D369 		.ascii	"\2004\323i\016\240\021\342\2636?{\303\234\316\310\304"
  36      0EA011E2 
  36      B3363F7B 
  36      C39CCEC8 
  36      C4
  37 0047 A0C00834 		.ascii	"\240\300\0104\203\021H2\260\212544,`Jc``\0032\032\230"
  37      83114832 
  37      B08A3534 
  37      342C604A 
  37      63606003 
  38 005e 5240DA19 		.ascii	"R@\332\031\301\314$&\006\0268\233\201\205\201\351\354"
  38      C1CC2426 
  38      0616389B 
  38      818581E9 
  38      EC
  39 006f CCCDCF80 		.ascii	"\314\315\317\200,\016\210\361@\002\352$\246\011~\014"
  39      2C0E88F1 
  39      4002EA24 
  39      A6097E0C 
  40 007f AC820C60 		.ascii	"\254\202\014`\353\230\031@\006\276@\267E\004\250w\032"
  40      EB981940 
  40      06BE40B7 
  40      4504A877 
  40      1A
  41 0090 F56C6100 		.ascii	"\365la\000\000\316\2762l"
  41      00CEBE32 
  41      6C
ARM GAS  /tmp/ccMg3MJ3.s 			page 3


  42              		.text
  43              		.section	.gnu.lto_.pureconst.96e80c9aa0e341e8,"e",%progbits
  44 0000 789CE360 		.ascii	"x\234\343``d\340b```f\330\311\3028\223\205y&\013\000"
  44      6064E062 
  44      60606066 
  44      D8C9C238 
  44      93857926 
  45 0016 0B920212 		.ascii	"\013\222\002\022"
  46              		.text
  47              		.section	.gnu.lto_flashWaitErase.96e80c9aa0e341e8,"e",%progbits
  48 0000 789C7D53 		.ascii	"x\234}S[KTQ\024\336\337\331\3476\352$\364\024\370\342"
  48      5B4B5451 
  48      14DEDFD9 
  48      E736EA24 
  48      F414F8E2 
  49 0014 43124139 		.ascii	"C\022A9B=\344\203\020\364\003\"\372\001Q6\241e\027f"
  49      423DE483 
  49      10F40322 
  49      FA015136 
  49      A1651766 
  50 0028 A2D7F65C 		.ascii	"\242\327\366\\\354:\245\017Y\026\331D2t!\254 2\262\313"
  50      EC3AA50F 
  50      5916D944 
  50      327421AC 
  50      2032B2CB 
  51 003c 314BD3EC 		.ascii	"1K\323\354f\367\240)\2220\273Z\221E\204\265\326>\307"
  51      66F7A029 
  51      9230BB5A 
  51      914584B5 
  51      D63EC7
  52 004f B2A88699 		.ascii	"\262\250\206\2315k\257\375}\337Z\347\333\373\270\002"
  52      356BAFFD 
  52      7DDF5AE7 
  52      DBFBB802 
  53 005f 62B92944 		.ascii	"b\271)D\235\020b\001\375`\013\030J\251\271N\3025 \203"
  53      9D106201 
  53      FD600B18 
  53      4AA9B94E 
  53      C2352083 
  54 0073 4C1A665B 		.ascii	"L\032f[C\275c\252\002k`\344\353\034S\025\231\200\336"
  54      43BD63AA 
  54      026B60E4 
  54      EB1C5315 
  54      9980DE
  55 0086 53AE15A0 		.ascii	"S\256\025\240:]\210\365\2064-P\024??\015r\227D\323\346"
  55      3A5D88F5 
  55      86342D50 
  55      143F3F0D 
  55      729744D3 
  56 009b 8EFBE1E9 		.ascii	"\216\373\341\351\007\225J*o\327hU\"U?%K\230\335R`V\011"
  56      07954A2A 
  56      6FD76855 
  56      22553F25 
  56      4B98DD52 
  57 00b2 2A4A3412 		.ascii	"*J4\022g0\235\260\371d\313\227\242\3552+\001\223\226"
  57      67309DB0 
  57      F964CB97 
ARM GAS  /tmp/ccMg3MJ3.s 			page 4


  57      A2ED322B 
  57      019396
  58 00c5 3BFA4EF6 		.ascii	";\372N\366\026\360\322@)-\033\357\275=*e\004\202\362"
  58      16F0D240 
  58      292D1BEF 
  58      BD3D2A65 
  58      0482F2
  59 00d8 DE8F8D7B 		.ascii	"\336\217\215{C\323rZ\265?'\325\324\254\2248\007\311"
  59      43D3725A 
  59      B53F27D5 
  59      D4AC9438 
  59      07C9
  60 00ea B2675182 		.ascii	"\262gQ\202\016\2200\325H\372<\246\011\246<;1\326\024"
  60      0E9030D5 
  60      48FA3CA6 
  60      09A63C3B 
  60      31D614
  61 00fd B64DEECC 		.ascii	"\266M\356\314\035/\300\306oU\010\015;p\270\365#\344"
  61      1D2FC0C6 
  61      6F55080D 
  61      3B70B8F5 
  61      23E4
  62 010f 6CDD65DB 		.ascii	"l\335e\333\343w\237\254\262V\345Q\227\261!\271Gy\351"
  62      E3779FAC 
  62      B256E551 
  62      97B121B9 
  62      4779E9
  63 0122 D2AC34D1 		.ascii	"\322\2544\321\371G#\341S\273\367\367\3649\262RSG\357"
  63      F94723E1 
  63      53BBF7F7 
  63      F439B252 
  63      5347EF
  64 0135 ED7BC854 		.ascii	"\355{\310T\036p\264\335jV^\202\250\002]>\365\327\243"
  64      1E70B4DD 
  64      6A565E82 
  64      A8025D3E 
  64      F5D7A3
  65 0148 4F180D97 		.ascii	"O\030\015\227P\206\213(\323\303M\334I\223\313j\377`"
  65      50868B28 
  65      D3C34DDC 
  65      4993CB6A 
  65      FF60
  66 015a C612B80C 		.ascii	"\306\022\270\014[\217:att\323\243x\314@\017eB\030\343"
  66      5B8F3A61 
  66      7474D3A3 
  66      78CC400F 
  66      654218E3 
  67 016e 42C7062C 		.ascii	"B\307\006,O\215}\337\250\274\374g\344^e0\031d\212eP"
  67      4F8D7DDF 
  67      A8BCFC67 
  67      E45E6530 
  67      19648A65 
  68 0183 B02505C7 		.ascii	"\260%\005\307\244\340Z\034l\016\016\007\2277\012\301"
  68      A4E05A1C 
  68      6C0E0E07 
  68      97370AC1 
  69 0193 BE85052B 		.ascii	"\276\205\005+\025\353(\304V)F\276\036\232\003\345qn"
ARM GAS  /tmp/ccMg3MJ3.s 			page 5


  69      15EB28C4 
  69      562946BE 
  69      1E9A03E5 
  69      716E
  70 01a5 E83C4179 		.ascii	"\350<AyF\362-P&R\264x\211\344\331\341-\2036\017\332"
  70      46F22D50 
  70      2652B478 
  70      89E4D9E1 
  70      2D83360F 
  71 01ba 22D9E1ED 		.ascii	"\"\331\341\355\251wy\227OQjc\274G\307\037N\312\2415"
  71      A9777997 
  71      4F516A63 
  71      BC47C71F 
  71      4ECAA135 
  72 01ce 41147224 		.ascii	"A\024r$\324\"\013q\205M\244\275D\366\311i\273\242M\371"
  72      D4220B71 
  72      854DA4BD 
  72      44F6C969 
  72      BBA24DF9 
  73 01e2 5B167A91 		.ascii	"[\026z\221C\263\177\\}\250\320\332!_\330\230(l\375M"
  73      43B37F5C 
  73      7DA8D0DA 
  73      215FD898 
  73      286CFD4D 
  74 01f6 B880BAE3 		.ascii	"\270\200\272\343j \334\326~\360F\230\204\033\365V!\372"
  74      6A20DCD6 
  74      7EF04698 
  74      841BF556 
  74      21FA
  75 0208 B5309F38 		.ascii	"\2650\2378\256\221\360k\324\227\372\272a\222\0264\022"
  75      AE91F06B 
  75      D497FABA 
  75      61921634 
  75      12
  76 0219 713A1247 		.ascii	"q:\022G\336\333i$\003\275\"6\224A\002\327\221FV\206"
  76      DEDB6924 
  76      03BD2236 
  76      944102D7 
  76      91465686 
  77 022d C573A45F 		.ascii	"\305s\244_t\345\233+\002*qNm~s8\304#\011\0007\202\253"
  77      74E59B2B 
  77      022A714E 
  77      6D7E7338 
  77      C4230900 
  78 0244 9191E67B 		.ascii	"\221\221\346{\366\312\267\347b~8\323\3450\205\005\211"
  78      F6CAB7E7 
  78      627E38D3 
  78      E5308505 
  78      89
  79 0255 33F46130 		.ascii	"3\364a0_X\331\2566\221&\035\346MT\212\267H\006\363\024"
  79      5F58D9AE 
  79      3691261D 
  79      E64D548A 
  79      B74806F3 
  80 026a 137F14C5 		.ascii	"\023\177\024\305\244.\037={\000\322\262\032\352\357"
  80      A42E1F3D 
  80      7B00D2B2 
ARM GAS  /tmp/ccMg3MJ3.s 			page 6


  80      1AEAEF
  81 0279 F7C871AF 		.ascii	"\367\310q\257w\0167\267\302\207J}u\250\366mcP1\251H"
  81      770E37B7 
  81      C2874A7D 
  81      75A8F66D 
  81      635031A9 
  82 028e 85D4F10D 		.ascii	"\205\324\361\015A\301\242\032u\274\266o\317\003\375"
  82      41C1A21A 
  82      75BCB66F 
  82      CF03FD
  83 029d 9AB9F0D2 		.ascii	"\232\271\360\322U\270Es\022j\3578\212\201\204\032\356"
  83      55B84573 
  83      126AEF38 
  83      8A81841A 
  83      EE
  84 02ae BC7D3740 		.ascii	"\274}7@\0159\030\360A\247\307A\016\341\0104ryg\225\217"
  84      0D3918F0 
  84      41A7C741 
  84      0EE10834 
  84      72796795 
  85 02c3 79E1E0B6 		.ascii	"y\341\340\266\306\374\352\357\022\214\274M?\375\234"
  85      C6FCEAEF 
  85      128CBC4D 
  85      3FFD9C
  86 02d2 6AEA015F 		.ascii	"j\352\001_N>\213\226C\375\337C\354\253\233\225\223v"
  86      4E3E8B96 
  86      43FDDF43 
  86      ECAB9B95 
  86      9376
  87 02e4 D3BBDDCD 		.ascii	"\323\273\335\315\236\336!O\311x\252\025k\223\360o\207"
  87      9EDE214F 
  87      C978AA15 
  87      6B93F06F 
  87      87
  88 02f5 EE92437C 		.ascii	"\356\222C|\003\241]Mz\354\361\214\362\362\010}WDc\253"
  88      03A15D4D 
  88      7AECF18C 
  88      F2F2087D 
  88      574463AB 
  89 0309 A2759179 		.ascii	"\242u\221y5\265Kj\347/\214\254\216Gj\026\327E\342\261"
  89      35B54B6A 
  89      E72F8CAC 
  89      8E476A16 
  89      D745E2B1 
  90 031d 6AFE5FB4 		.ascii	"j\376_\264\254nq\274\246\274Z\230K\243\353\326\230+"
  90      AC6E71BC 
  90      A6BC5A98 
  90      4BA3EBD6 
  90      982B
  91 032f E3D16A19 		.ascii	"\343\321j\031\215\305\"\377\243\256\216S\210\255\235"
  91      8DC522FF 
  91      A3AE8E53 
  91      88AD9D
  92 033e B9AAD6CF 		.ascii	"\271\252\326\317\313k\304\017\267\250\216\243"
  92      CB6BC40F 
  92      B7A88EA3 
  93              		.text
ARM GAS  /tmp/ccMg3MJ3.s 			page 7


  94              		.section	.gnu.lto_flashGetSectorOffset.96e80c9aa0e341e8,"e",%progbits
  95 0000 789C9554 		.ascii	"x\234\225T\335O\\E\024\237s\317\334\273w\027XA\240\""
  95      DD4F5C45 
  95      149F73CF 
  95      DCBB7717 
  95      5841A022 
  96 0014 F8C08384 		.ascii	"\370\300\203\2044i\330&\366\305\370b\322\304\370`\342"
  96      3469D826 
  96      F6C5F862 
  96      D2C4F860 
  96      E2
  97 0025 837F8069 		.ascii	"\203\177\200i\227%\020\2114l\343kg?\24416H\242\246\335"
  97      97251089 
  97      346CE36B 
  97      673FA431 
  97      3648A2A6 
  98 003a 8DEB25AE 		.ascii	"\215\353%\256\320&5-Jc\213\364c\225\326v[\260\037V\244"
  98      D026352D 
  98      4A638BF4 
  98      6395D676 
  98      5BB01F56 
  99 004f A8C53476 		.ascii	"\250\3054vU\242\220\024\322hB\300sf.\037E^z\263;;3\347"
  99      55A29014 
  99      D26842C0 
  99      73662E1F 
  99      455E7AB3 
 100 0067 FC7EE777 		.ascii	"\374~\347w~3{]\001b\321\026\342\025!D+}\301\025`)\245"
 100      7E337B5D 
 100      0162D116 
 100      E2152144 
 100      2B7DC115 
 101 007e 5E0C245C 		.ascii	"^\014$\\\313\302\211\314\260#UH\016\227\306\237\227"
 101      CBC289CC 
 101      B0235548 
 101      0E97C69F 
 101      97
 102 008f AA1C41FA 		.ascii	"\252\034A\3721i\331\331\341\322\016\2129\245\361L5\305"
 102      3169D9D9 
 102      E1D20E8A 
 102      39A5F14C 
 102      35C5
 103 00a1 6C08F831 		.ascii	"l\010\3701gm\026\000\3203\345\2028`\241\264\235\000"
 103      676D1600 
 103      D033E582 
 103      3860A1B4 
 103      9D00
 104 00b3 1C80F7F0 		.ascii	"\034\200\367\3600\302\335d\356\237\362^\364P\200\244"
 104      30C2DD64 
 104      EE9FF25E 
 104      F45080A4 
 105 00c3 E507574F 		.ascii	"\345\007WO\025C\274\004h\244ez\362\343\021\271\375\250"
 105      1543BC04 
 105      68A4657A 
 105      F2E311B9 
 105      FDA8
 106 00d5 52495538 		.ascii	"RIU8<\345\034;uC\005=\264D\206\322G\241\001\276\202"
 106      3CE51C3B 
ARM GAS  /tmp/ccMg3MJ3.s 			page 8


 106      7543053D 
 106      B44486D2 
 106      47A101BE 
 107 00ea 06C10F9C 		.ascii	"\006\301\017\234\205\355\224\33679\367\031b\004\004"
 107      85ED94DE 
 107      3739F719 
 107      620404
 108 00f9 CD8B0B7D 		.ascii	"\315\213\013}\037\005\233\0074\364\342 \252g=D8\007"
 108      1F059B07 
 108      34F4E220 
 108      AA673D44 
 108      3807
 109 010b F80894F6 		.ascii	"\370\010\224\366\010|\036\232\0110SH\246%\356\322\340"
 109      087C1E9A 
 109      09305348 
 109      A625EED2 
 109      E0
 110 011c E30BC99B 		.ascii	"\343\013\311\233\025>x.[7\230R/{(\341\302\377\340\222"
 110      153E782E 
 110      5B379852 
 110      2F7B28E1 
 110      C2FFE092 
 111 0130 E0056816 		.ascii	"\340\005h\026\014\372\262poD\342\013\232\340\267\376"
 111      0CFAB270 
 111      6F44E20B 
 111      9AE0B7FE 
 112 0140 BEA5F2A6 		.ascii	"\276\245\362\246\274&X\316\326\347S\352\212\222\036"
 112      BC2658CE 
 112      D6E753EA 
 112      8A921E
 113 014f DAF0F526 		.ascii	"\332\360\365&\012~(\177\361\375\351\2310\276\244\261"
 113      0A7E287F 
 113      F1FDE999 
 113      30BEA4B1 
 114 015f 0F16DE19 		.ascii	"\017\026\336\031\226>\366a\266\346\023\037k\301\330"
 114      963EF661 
 114      B6E6131F 
 114      6BC1D8
 115 016e D6D87B9F 		.ascii	"\326\330{\237/\177X\341H\270\010M\360\0154\2619l\311"
 115      2F7F58E1 
 115      48B8084D 
 115      F00D34B1 
 115      396CC9
 116 0181 2570E850 		.ascii	"%p\350P\005\256\356\347Q\234\274e\027\324\362\312Aj"
 116      05AEEEE7 
 116      519CBC65 
 116      17D4F2CA 
 116      416A
 117 0193 AA7E69F1 		.ascii	"\252~i\361~U-P\013\216EC\000ip%\015A\233\206\220\303"
 117      7E552D50 
 117      0B8E4543 
 117      00697025 
 117      0D419B86 
 118 01a9 43808632 		.ascii	"C\200\2062\227\003A\236\205xV&\230/\014lZ\245`\336*"
 118      9703419E 
 118      85785626 
 118      982F0C6C 
ARM GAS  /tmp/ccMg3MJ3.s 			page 9


 118      5AA560DE 
 119 01be 6007AAF5 		.ascii	"`\007\252\365~\215\036\205x\027\005\035\270\222\240"
 119      7E8D1E85 
 119      7817051D 
 119      B892A0
 120 01cd 0A421C42 		.ascii	"\012B\034B\313,\022\264\230\205\344\331?O\216mcy9\004"
 120      CB2C12B4 
 120      9885E4D9 
 120      3F4F8E6D 
 120      63793904 
 121 01e1 92DF9B9A 		.ascii	"\222\337\233\232\277\353\362\221\243\356\2760=t'<\000"
 121      BFEBF291 
 121      A3EEBE30 
 121      3D74273C 
 121      00
 122 01f2 F904411A 		.ascii	"\371\004A\032=,\317a\030\276\345n)\226\360f\3168;O("
 122      3D2CCF61 
 122      18BEE56E 
 122      2996F066 
 122      CE383B4F 
 123 0207 1372E032 		.ascii	"\023r\3402\014\300\021\323\355\025\330\251\271\203\206"
 123      0CC011D3 
 123      ED15D8A9 
 123      B98386
 124 0216 D8DA48EC 		.ascii	"\330\332H\354lE\\A\325\241\350\023\2378}\364z\005\021"
 124      6C455C41 
 124      D5A1E813 
 124      9F387DF4 
 124      7A0511
 125 0229 F7E95018 		.ascii	"\367\351P\030\256jb`\342kD\374\027\244\033\015o%Q\013"
 125      AE6A6260 
 125      E26B44FC 
 125      17A41B0D 
 125      6F25510B 
 126 023d 92E4E113 		.ascii	"\222\344\341\023\246\225\221\250\011\340\306\202\366"
 126      A69591A8 
 126      09E0C682 
 126      F6
 127 024a 5605095A 		.ascii	"V\005\011Z\011\343[\026\254\202\011]\320\342\202\337"
 127      09E35B16 
 127      AC82095D 
 127      D0E282DF 
 128 025a E94E5267 		.ascii	"\351NRg\016\202a\226D\236\303*.\267\264\272g\3236\251"
 128      0E826196 
 128      449EC32A 
 128      2EB7B4BA 
 128      67D336A9 
 129 026e 7ADB57E5 		.ascii	"z\333W\345\020\343\350\342\271\331`\032\222\211:\017"
 129      10E3E8E2 
 129      B9D9601A 
 129      92893A0F 
 130 027e 9FCCB076 		.ascii	"\237\314\260v\270\016i \2616E/\317\377}\033XZ\010\004"
 130      B80E6920 
 130      B136452F 
 130      CFFF7D1B 
 130      585A0804 
 131 0292 DC80060F 		.ascii	"\334\200\006\017\253\305}H\377\261\333'\340=}\237\016"
ARM GAS  /tmp/ccMg3MJ3.s 			page 10


 131      ABC57D48 
 131      FFB1DB27 
 131      E03D7D9F 
 131      0E
 132 02a3 21D21FF9 		.ascii	"!\322\037\3719>+k\265m\026\234;6\276\242\351]\017k2"
 132      393E2B6B 
 132      B56D169C 
 132      3B36BEA2 
 132      E95D0F6B 
 133 02b8 AC146E32 		.ascii	"\254\024n2\375\306\266k\365r\243\220\332<\232;:\243"
 133      FDC6B66B 
 133      F572A390 
 133      DA3C9A3B 
 133      3AA3
 134 02ca 1E4C84D8 		.ascii	"\036L\204\330\213J\017\267\301\367\204\204[\276\025"
 134      8B4A0FB7 
 134      C1F78484 
 134      5BBE15
 135 02d9 0BBF5F3A 		.ascii	"\013\277_:\357r\376\021\355E-\334&/\314\355\375\201"
 135      EF72FE11 
 135      ED452DDC 
 135      262FCCED 
 135      FD81
 136 02eb F23C7C4A 		.ascii	"\362<|J\313\222\233\356\320h>d\264\007\036\313\352:"
 136      CB929BEE 
 136      D0683E64 
 136      B4071ECB 
 136      EA3A
 137 02fd 98D456B3 		.ascii	"\230\324V\263.\370\221\254f\027\306v\255S\255uSGNM\255"
 137      2EF891AC 
 137      6617C676 
 137      AD53AD75 
 137      53474E4D 
 138 0312 B962D32B 		.ascii	"\271b\323+\260d\371\345SC=\023\247?\265\014\310\245"
 138      B064F9E5 
 138      53433D13 
 138      A73FB50C 
 138      C8A5
 139 0324 C321DCBF 		.ascii	"\303!\334\277s\003S\3108\011.\334!\034\245}\321\343"
 139      730353C8 
 139      38092EDC 
 139      211CA57D 
 139      D1E3
 140 0336 9F5790B8 		.ascii	"\237W\220\270)S+/>c\366j6\351\356\037\344?\342\323\224"
 140      29532B2F 
 140      3E63F66A 
 140      36E9EE1F 
 140      E43FE2D3 
 141 034b 6CCA3E2A 		.ascii	"l\312>*\275\277dyX\017\323Z\274d\361?\221xV\346\320"
 141      BDBF6479 
 141      580FD35A 
 141      BC64F13F 
 141      917856E6 
 142 0360 4B3903EB 		.ascii	"K9\003\353\306\\\310\3575\005B\217eL\003\374\254\271"
 142      C65CC8EF 
 142      3505428F 
 142      654C03FC 
ARM GAS  /tmp/ccMg3MJ3.s 			page 11


 142      ACB9
 143 0372 6DE6FEC5 		.ascii	"m\346\376\305\334\301\241\236\"\032\256j\242\343K\310"
 143      DCC1A19E 
 143      221AAE6A 
 143      A2E34BC8 
 144 0382 0503EB27 		.ascii	"\005\003\353'1\007\311\376\343\275\365&\247\214\242"
 144      3107C9FE 
 144      E3BDF526 
 144      A78CA2
 145 0391 0FA18C3A 		.ascii	"\017\241\214:\263\263\363\277\002\201\234\331.z\025"
 145      B3B3F3BF 
 145      02819CD9 
 145      2E7A15
 146 03a0 C00A3DA8 		.ascii	"\300\012=\250_\005B\354hi\211\320\347\215X\367\233\261"
 146      5F0542EC 
 146      686989D0 
 146      E78D58F7 
 146      9BB1
 147 03b2 CEC8EEF6 		.ascii	"\316\310\356\366\216\275\035\257\276\026\351\212G\332"
 147      8EBD1DAF 
 147      BE16E98A 
 147      47DA
 148 03c0 F77446E2 		.ascii	"\367tF\342\335Q\376}\275\255sO\274\275%*dk\354\255}"
 148      DD51FE7D 
 148      BDAD734F 
 148      BCBD252A 
 148      646BECAD 
 149 03d5 4E3C16DD 		.ascii	"N<\026\335\337\325\035j\215\305\243\335\035\373h\352"
 149      DFD51D6A 
 149      8DC5A3DD 
 149      1DFB68EA 
 150 03e5 74B5B5C5 		.ascii	"t\265\265\305c\373\377\003\323{\007="
 150      63FBFF03 
 150      D37B073D 
 151              		.text
 152              		.section	.gnu.lto_flashGetSectorSize.96e80c9aa0e341e8,"e",%progbits
 153 0000 789C9554 		.ascii	"x\234\225T\337o\024U\024\276\337\234;\263\263c\227\226"
 153      DF6F1455 
 153      14BEDF9C 
 153      3BB3B363 
 153      9796
 154 0012 96E2DAC6 		.ascii	"\226\342\332\306\244\0176\015\011\351\222\300\213\361"
 154      A40F360D 
 154      09E992C0 
 154      8BF1
 155 0020 C584C418 		.ascii	"\305\204\304\030_|\360\0170\270]\323\306FH\327\370 "
 155      5F7CF00F 
 155      30B85DD3 
 155      C64648D7 
 155      F820
 156 0032 09CCFE00 		.ascii	"\011\314\376\000\022%\320\007\014,q\231\352f\203Q\203"
 156      1225D007 
 156      0C2C7199 
 156      EA668351 
 156      83
 157 0043 681B8542 		.ascii	"h\033\205B\353j\371Uh\005*T~\010M\210Vhj\033\255!\220"
 157      EB6AF955 
ARM GAS  /tmp/ccMg3MJ3.s 			page 12


 157      68052A54 
 157      7E084D88 
 157      56686A1B 
 158 005a 345BCFBD 		.ascii	"4[\317\2753\375AmL\234\354\336\275\367\236\363}\347"
 158      33FD416D 
 158      4C9CECDE 
 158      BDF79EF3 
 158      7DE7
 159 006c 3BDFBDB3 		.ascii	";\337\275\263\266\200\270m\012\361\212\020\242\205\277"
 159      B680B86D 
 159      0AF18A10 
 159      A285BF
 160 007b B0050CD7 		.ascii	"\260\005\014\327u_\014\245l\303\240\341\\\267%]Gv\217"
 160      755F0CA5 
 160      6CC3A0E1 
 160      5CB7255D 
 160      47768F
 161 008e 0F3D2FDD 		.ascii	"\017=/\335\012\202\014b\3220\017w\217\257\347\2305>"
 161      0A820C62 
 161      D2300F77 
 161      8FAFE798 
 161      353E
 162 00a0 94ABE198 		.ascii	"\224\253\341\230\211P\020\263\026f!@\317\\\033b\247"
 162      895010B3 
 162      16662140 
 162      CF5C1B62 
 162      A7
 163 00b1 41D2B442 		.ascii	"A\322\264B\330\211\375t\220p7\235\177T\261\217<\022"
 163      D889FD74 
 163      9070379D 
 163      7F54B18F 
 163      3C12
 164 00c3 90BC3C70 		.ascii	"\220\274<p\261g\320QK\240\201\227\331\321#'\345\272"
 164      B167D051 
 164      4BA08197 
 164      D9D12327 
 164      E5BA
 165 00d5 A3AE9B76 		.ascii	"\243\256\233vK\007{C\207{\256\270a\217\014\221\343\364"
 165      4B077B43 
 165      877BAEB8 
 165      618F0C91 
 165      E3F4
 166 00e7 53A8472F 		.ascii	"S\250G/\352\205zp\032\3538\275st\352\013\242\030\004"
 166      EA857A70 
 166      1AEB38BD 
 166      7374EA0B 
 166      A21804
 167 00fa CF07673A 		.ascii	"\317\007g:?\0127\0255\364L\221\334\347<\"\364\201\236"
 167      3F0A3715 
 167      35F44C91 
 167      DCE73C22 
 167      F4819E
 168 010d 80F21E83 		.ascii	"\200\362\036\203\373\321\304\200\261R:+i\223\006\177"
 168      FBD1C480 
 168      B1523A2B 
 168      6993067F 
 169 011d 3E93BE1A 		.ascii	">\223\276\032\011\300\017\363\321b\306}\331#\211\357"
ARM GAS  /tmp/ccMg3MJ3.s 			page 13


 169      09C00FF3 
 169      D162C67D 
 169      D92389EF 
 170 012d FE05970C 		.ascii	"\376\005\227\014/\241I(\3207\245{'%\275\240\011~\355"
 170      2FA14928 
 170      D037A57B 
 170      2725BDA0 
 170      097EED
 171 0140 EA9CAD68 		.ascii	"\352\234\255h,h\202sG\352\012\031\367\202+=2\361\375"
 171      2C688273 
 171      47EA0A19 
 171      F7822B3D 
 171      32F1FD
 172 0153 320AF570 		.ascii	"2\012\365p\376'\251\353\227\"\364\222\306\376\271\253"
 172      FE27A9EB 
 172      9722F492 
 172      C6FEB9AB 
 173 0163 7F241260 		.ascii	"\177$\022`\313\371\350\307\001\326\300\300\312\330{"
 173      CBF9E8C7 
 173      01D6C0C0 
 173      CAD87B
 174 0172 5F953F8C 		.ascii	"_\225?\214X\022g\320\210\037\320\250\314Q\226\234\205"
 174      581267D0 
 174      881FD0A8 
 174      CC51969C 
 174      85
 175 0183 C5872A68 		.ascii	"\305\207*h~\277@\342\313\021\263\344\226\347\366pS\317"
 175      7EBF40E2 
 175      CB11B3E4 
 175      96E7F670 
 175      53CF
 176 0195 4EF69457 		.ascii	"N\366\224W\257\001\267`\031<\204\210\007[\362\0206y"
 176      AF01B760 
 176      193C8488 
 176      075BF210 
 176      3679
 177 01a7 702C3584 		.ascii	"p,5\204xx\312V\201\260\2329BQE\240\374\252\024\212\262"
 177      7878CA56 
 177      81B09A39 
 177      425145A0 
 177      FCAA148A 
 178 01bc 0AAAF96A 		.ascii	"\012\252\371j\275_\243G!> \301g\355J\270%!\366\222\341"
 178      BD5FA347 
 178      213E20C1 
 178      67ED4AB8 
 178      2521F692 
 179 01d1 2F52BC98 		.ascii	"/R\274\230@\372\364\203\373\003k\225\262<\201\225\357"
 179      40FAF483 
 179      FB036B95 
 179      B23C8195 
 179      EF
 180 01e2 CB4CDFB5 		.ascii	"\313L\337\265\325i\223n\274t\353\370\315UE\024R\014"
 180      D569936E 
 180      BC74EBF8 
 180      CD554514 
 180      520C
 181 01f4 69F0A822 		.ascii	"i\360\250\"O\021\234S\215r,\345\215\235\2606\034s\375"
ARM GAS  /tmp/ccMg3MJ3.s 			page 14


 181      4F119C53 
 181      8D722CE5 
 181      8D9DB036 
 181      1C73FD
 182 0207 9085F328 		.ascii	"\220\205\363(\342\220\337\350\005l\320\334a\237\330"
 182      E290DFE8 
 182      056CD0DC 
 182      619FD8
 183 0216 584A6CAD 		.ascii	"XJl\255D\034\341\352\030\014\210\217}{\364r\204\211"
 183      441CE1EA 
 183      180C888F 
 183      7D7BF472 
 183      8489
 184 0228 3B756815 		.ascii	";uh\025.jb(\342KL<\211l\203\317[\311\324\202%yT\351"
 184      2E6A6228 
 184      E24B4C3C 
 184      896C83CF 
 184      5BC9D482 
 185 0240 B73211F7 		.ascii	"\2672\021\367\003\264\264\240\271R\301*Fch\305\202\253"
 185      03B4B4A0 
 185      B952C12A 
 185      466368C5 
 185      82AB
 186 0252 31AC0B1A 		.ascii	"1\254\013\032\252\340\217\272\223\314\211=\360\231%"
 186      AAE08FBA 
 186      93CC893D 
 186      F09925
 187 0261 93E7A94A 		.ascii	"\223\347\251J\225\233\235\3373y\233U\355\012TY\314x"
 187      959B9DDF 
 187      33799B55 
 187      ED0A5459 
 187      CC78
 188 0273 EAEFBE89 		.ascii	"\352\357\276\211p\026\351T\324\243\352\234\322\216\313"
 188      7016E954 
 188      D4A3EA9C 
 188      D28ECB
 189 0282 C882C59A 		.ascii	"\310\202\305\232\034=?\375\3075(i\016\004\256\240\336"
 189      1C3D3FFD 
 189      C7352869 
 189      0E04AEA0 
 189      DE
 190 0293 A31AF11B 		.ascii	"\243\032\361\033\262\3677\007\004jO_\245\275D\374\016"
 190      B2F73707 
 190      046A4F5F 
 190      A5BD44FC 
 190      0E
 191 02a4 6F546765 		.ascii	"oTge\314\267\255\004\347?\035\232\323\364\266GkrJ)\256"
 191      CCB7AD04 
 191      E73F1D9A 
 191      D3F4B647 
 191      6B724A29 
 192 02b9 2AFAA56D 		.ascii	"*\372\245m\327\352\345R!\265\005\362\257\347\230\373"
 192      D7EAE552 
 192      21B505F2 
 192      AFE798FB 
 193 02c9 D7B0A3BC 		.ascii	"\327\260\243\274\250\362h-~b$F\002+f~?\333o\253\374"
 193      A8F2682D 
ARM GAS  /tmp/ccMg3MJ3.s 			page 15


 193      7E622446 
 193      022B667E 
 193      3FDB6FAB 
 194 02de 43DA8B5A 		.ascii	"C\332\213Z\\c/\374\213{\235\363<zZ\313\222\313\356\320"
 194      5C632FFC 
 194      8B7B9DF3 
 194      3C7A5ACB 
 194      92CBEED0 
 195 02f2 64C1F1B5 		.ascii	"d\301\361\265\207\376\227\325Q\214j\253\225.\374\314"
 195      87FE97D5 
 195      518C6AAB 
 195      952EFCCC 
 196 0302 562B1706 		.ascii	"V+\027\0066-R-t\023e\247n,\270b\362\277\337\270\021"
 196      362D522D 
 196      741365A7 
 196      6E2CB862 
 196      F2BFDFB8 
 197 0317 94CF1CDF 		.ascii	"\224\317\034\337}\247o68\013\233\017\207q\217\247\212"
 197      7DA76F36 
 197      380B9B0F 
 197      87718FA7 
 197      8A
 198 0328 3748E124 		.ascii	"7H\341$l\334d\034\247}\275;\310\01137gj\345\203u\376"
 198      6CDC641C 
 198      A77DBD3B 
 198      C8093337 
 198      676AE583 
 199 033e 5ECD32DD 		.ascii	"^\3152\335]e\365\">\303\311~\331'\245w\365\033\036\325"
 199      5D65F522 
 199      3EC3C97E 
 199      D927A577 
 199      F51B1ED5 
 200 0352 E196162F 		.ascii	"\341\226\026/\225\370\333,^)\263\370\3778\207Ec\036"
 200      95F8DB2C 
 200      5E29B3F8 
 200      FF388745 
 200      631E
 201 0364 0D587E81 		.ascii	"\015X~\201\352\345\005zU\201\377\360\246\016\277hzS"
 201      EAE5057A 
 201      5581FFF0 
 201      A60EBF68 
 201      7A53
 202 0376 D1DF09E8 		.ascii	"\321\337\011\350C\213\276O!\3355\275?\220\357p\364!"
 202      438BBE4F 
 202      21DD35BD 
 202      3F90EF70 
 202      F421
 203 0388 1CEEC3FC 		.ascii	"\034\356\303\374l;\027\263\336\337\301\257=\346\370"
 203      6C3B17B3 
 203      DEDFC1AF 
 203      3DE6F8
 204 0397 21FDDA0B 		.ascii	"!\375\332\013\261\276\2719\306\237\267\022\035o'\332"
 204      B1BEB939 
 204      C69FB712 
 204      1D6F27DA 
 205 03a7 639B5BDB 		.ascii	"c\233[\333\336h{\365\265\330\326d\254uK{,\331\021W\277"
 205      DE687BF5 
ARM GAS  /tmp/ccMg3MJ3.s 			page 16


 205      B5D8D664 
 205      AC754B7B 
 205      2CD91157 
 206 03bc AFBFD9BE 		.ascii	"\257\277\331\276%\331\332\034\027\262%\361\3566+\231"
 206      25D9DA1C 
 206      17B225F1 
 206      EE362B99 
 207 03cc 88BFB3B5 		.ascii	"\210\277\263\265\303iI$\343\035m\333x*\223m\357%\376"
 207      C3694924 
 207      E31D6DDB 
 207      782A936D 
 207      EF25FE
 208 03df 013A0EFF 		.ascii	"\001:\016\377Q"
 208      51
 209              		.text
 210              		.section	.gnu.lto_.symbol_nodes.96e80c9aa0e341e8,"e",%progbits
 211 0000 789C75CD 		.ascii	"x\234u\315\275\016\001Q\024\004\340\2319ww\275\205\304"
 211      BD0E0151 
 211      1404E099 
 211      397777BD 
 211      85C4
 212 0012 2B68943C 		.ascii	"+h\224<\224\372\334FM\253W\370\247VK4\242\365\002\242"
 212      94FADC46 
 212      4DAB57F8 
 212      A7564B34 
 212      A2F502A2 
 213 0026 566B58BB 		.ascii	"VkX\273\254\302\232j\222o\222i\200H\010@39n\367i\207"
 213      ACC29A6A 
 213      926F9269 
 213      80480840 
 213      33396EF7 
 214 003c A313E0C0 		.ascii	"\243\023\340\300.\366\360\002h.g\314\023~(\331\010\261"
 214      2EF6F002 
 214      682E67CC 
 214      137E28D9 
 214      08B1
 215 004e 05981672 		.ascii	"\005\230\026r\375\331l\305b\303\245\334\036\3574\213"
 215      FDD96CC5 
 215      62C3A5DC 
 215      1EEF348B 
 216 005e 1D106317 		.ascii	"\035\020c\027\340Z\036\352e%Oj\305\220\014\007\347\203"
 216      E05A1EEA 
 216      65254F6A 
 216      C5900C07 
 216      E783
 217 0070 719F0594 		.ascii	"q\237\005\224\317\375\374#+\353\205\306\364z\034\267"
 217      CFFDFC23 
 217      2BEB85C6 
 217      F47A1CB7 
 218 0080 3949032B 		.ascii	"9I\003+\266/[\305\366a<\001DDRH"
 218      B62F5BC5 
 218      F6613C01 
 218      44445248 
 219              		.text
 220              		.section	.gnu.lto_.refs.96e80c9aa0e341e8,"e",%progbits
 221 0000 789CE360 		.ascii	"x\234\343``d\340f```ddb\342ddfb\341d\000\000\002\022"
 221      6064E066 
ARM GAS  /tmp/ccMg3MJ3.s 			page 17


 221      60606064 
 221      6462E264 
 221      646662E1 
 222 0019 0037     		.ascii	"\0007"
 223              		.text
 224              		.section	.gnu.lto_.decls.96e80c9aa0e341e8,"e",%progbits
 225 0000 789CAD58 		.ascii	"x\234\255XkT\024\327\035\237;w\331e\327]\260h\032{\314"
 225      6B5414D7 
 225      1D9F3B77 
 225      D965D75D 
 225      B0681A7B 
 226 0015 694D0EA9 		.ascii	"iM\016\251i\023%\017\317i<\355\207\234\344\264\311\227"
 226      6913250F 
 226      CF693CED 
 226      879CE4B4 
 226      C997
 227 0027 261F4CDB 		.ascii	"&\037L\333\223\346\264\233\025W\241E\260\273\213\215"
 227      93E6B49B 
 227      1557A145 
 227      B0BB8B8D 
 228 0037 ED870EB0 		.ascii	"\355\207\016\260\"/\0254\362Ty\252 >@\020\037\210.("
 228      222F1534 
 228      F25479AA 
 228      203E4010 
 228      1F882E28 
 229 004b 0F5FB020 		.ascii	"\017_\260 (\210 >Ay*\010\002*\375\337{g\226\031\330"
 229      2888203E 
 229      41792A08 
 229      022AFDDF 
 229      7B679619 
 230 0060 B5E96907 		.ascii	"\265\351i\007\376;s\357\374\037\277\377\357>\347zs\210"
 230      FE3B73EF 
 230      FC1FBFFF 
 230      EF3EE77A 
 230      7388
 231 0072 FBC1428E 		.ascii	"\373\301B\216\333\2009n\031\317qSp\2518\216k\004!w'"
 231      DB80396E 
 231      19CF7153 
 231      70A9388E 
 231      6B042177 
 232 0087 C80D902E 		.ascii	"\310\015\220.\0205\307.r\037\000y\002\362\014\204G\034"
 232      1035C72E 
 232      721F0079 
 232      02F20C84 
 232      471C
 233 0099 A701F103 		.ascii	"\247\001\361\003\001\027\334kp\377\011\342\024W\007"
 233      0117DC6B 
 233      70FF09E2 
 233      145707
 234 00a8 94E7C2BD 		.ascii	"\224\347\302\275\017\304\017d\276\350{\002\344\317\360"
 234      0FC40F64 
 234      BEE87B02 
 234      E4CFF0
 235 00b7 EEA7208B 		.ascii	"\356\247 \213\341\371-\220\006\220?A\331\010\362\006"
 235      E1F92D90 
 235      06903F41 
 235      D908F206 
ARM GAS  /tmp/ccMg3MJ3.s 			page 18


 236 00c7 C89B20DF 		.ascii	"\310\233 \337\200 \321\377%\220?\3023\026q\254D\014"
 236      8020D1FF 
 236      25903FC2 
 236      331671AC 
 236      440C
 237 00d9 C3CCAB17 		.ascii	"\303\314\253\027\352^\223\305\033\026c\222\\6 \026\367"
 237      EA5E93C5 
 237      1B166392 
 237      5C362016 
 237      F7
 238 00ea 0B31EE3F 		.ascii	"\0131\356?\021\313+\012M\307\267\203|\016\362-\310F"
 238      11CB2B0A 
 238      4DC7B783 
 238      7C0EF22D 
 238      C846
 239 00fc 9068904D 		.ascii	"\220h\220M 1 \261 \013\210\015H\034H$H<H\202\350\207"
 239      203120B1 
 239      200B880D 
 239      481C4824 
 239      483C4882 
 240 0112 60FC1A9E 		.ascii	"`\374\032\236\255 \341 \002\310:\0213\341\315O\344\014"
 240      AD20E120 
 240      02C83A11 
 240      33E1CD4F 
 240      E40C
 241 0124 897CC9AF 		.ascii	"\211|\311\257q(/\224\341\236\370?\342&m\331\316)q{\302"
 241      71282F94 
 241      E19EF83F 
 241      E2266DD9 
 241      CE29717B 
 242 0139 1C21C3FC 		.ascii	"\034!\303\374l\006\346\231\355\233\202Qg\344\256\247"
 242      6C06E699 
 242      ED9B8251 
 242      67E4AEA7 
 243 0149 FA2D18F9 		.ascii	"\372-\030\371\351\220\012\212\337](=\257\203\342|\035"
 243      E9900A8A 
 243      DF5D283D 
 243      AF83E27C 
 243      1D
 244 015a 5A04C5A4 		.ascii	"Z\004\305\244\251\274f-\206f\202\347\204\211\364\002"
 244      A9BC662D 
 244      866682E7 
 244      8489F402 
 245 016a 2D56D3E7 		.ascii	"-V\323\347\221\266\264T]\300A\201]\336\177\341P\005"
 245      91B6B454 
 245      5DC04181 
 245      5DDE7FE1 
 245      5005
 246 017c C2D34E0B 		.ascii	"\302\323N\013.u\354C\370\227T5#\277j\324g^\222\250*"
 246      2E75EC43 
 246      F8975435 
 246      23BF6AD4 
 246      675E92A8 
 247 0191 200A019D 		.ascii	" \012\001\235A\0309\320<t\032\005\2106\231%\221\211"
 247      411839D0 
 247      3C741A05 
 247      88369925 
ARM GAS  /tmp/ccMg3MJ3.s 			page 19


 247      9189
 248 01a3 73243DBB 		.ascii	"s$=\273g\275\302\366\311$\225>N\020\"\205\254(A\373"
 248      67BDC2F6 
 248      C924953E 
 248      4E102285 
 248      AC2841FB 
 249 01b7 19AA84D7 		.ascii	"\031\252\204\327\345h!:\211\200~T\205\364L\357\314T"
 249      E568213A 
 249      89807E54 
 249      85F44CEF 
 249      CC54
 250 01c9 F219154B 		.ascii	"\362\031\025K\314\033\212;\366W>\323\263\304\034\344"
 250      CC1B8A3B 
 250      F6573ED3 
 250      B3C41CE4 
 251 01d9 75C7AEC1 		.ascii	"u\307\256\301a\025\376\214Bttm\036\307\360\3565\035"
 251      6115FE8C 
 251      4274746D 
 251      1EC7F0EE 
 251      351D
 252 01eb 9A4250AE 		.ascii	"\232BP\256\035\354oF\254L^?p\264\364z{G\223\210\302"
 252      1DEC6F46 
 252      AC4C5E3F 
 252      70B4F47A 
 252      7B479388 
 253 0200 59012FE0 		.ascii	"Y\001/\340\320\007\013\321\273$X\035\362\246\310P-\304"
 253      D0070BD1 
 253      BB24581D 
 253      F2A6C850 
 253      2DC4
 254 0212 AF81F884 		.ascii	"\257\201\370\204\301\343\233\036\350\360\347\324r\313"
 254      C1E39B1E 
 254      E8F0E7D4 
 254      72CB
 255 0220 E9C1722F 		.ascii	"\351\301r/7\226\350<\244\345\306\030_|\3326\242E\363"
 255      3796E83C 
 255      A4E5C618 
 255      5F7CDA36 
 255      A245F3
 256 0233 FCFD290F 		.ascii	"\374\375)\017\211\204/\025\207\316\201\302Y\232\335"
 256      89842F15 
 256      87CE81C2 
 256      599ADD
 257 0242 454605BA 		.ascii	"EF\005\272\204\374\321e\344O(\311!\336\035\335\031\277"
 257      84FCD165 
 257      E44F28C9 
 257      21DE1DDD 
 257      19BF
 258 0254 2A7FD623 		.ascii	"*\177\326#\010\333\026\020\006\320)\360\177Q\301K\000"
 258      08DB1610 
 258      06D029F0 
 258      7F51C14B 
 258      00
 259 0265 F9796FA1 		.ascii	"\371yo\241\244_sJ\235*8\"\324\350\002\240\250\026\265"
 259      A45F734A 
 259      9D2A3822 
 259      D4E802A0 
ARM GAS  /tmp/ccMg3MJ3.s 			page 20


 259      A816B5
 260 0278 A5B4A86E 		.ascii	"\245\264\250n91\203\034\354\243\305\021s\360fD\023j"
 260      3931831C 
 260      ECA3C511 
 260      73F06644 
 260      136A
 261 028a 2E2A3F8A 		.ascii	".*?\212\346\271\005\207\352E/3\360\201\325\201s\261"
 261      E6B90587 
 261      EA452F33 
 261      F081D581 
 261      73B1
 262 029c 5558DE64 		.ascii	"UX\336d\015\012hN\332d\344\006\2721\345\205e\2105\233"
 262      0D0A684E 
 262      DA64E406 
 262      BA31E585 
 262      6588359B 
 263 02b0 1F14CB0E 		.ascii	"\037\024\313\016\245V\350t1$ 3\205\372i\313&\244#hQ"
 263      A556E874 
 263      31242033 
 263      85FA69CB 
 263      26A42368 
 264 02c5 23A3FE62 		.ascii	"#\243\376b\302\246\012_f;\217\264[_f\207\017k\362T\322"
 264      C2A60A5F 
 264      663B8FB4 
 264      5B5F6687 
 264      0F6BF254 
 265 02da AC2D4F2B 		.ascii	"\254-O+&\3648\205f\202#\342&\3320\322-D\340\014\305"
 265      26F43885 
 265      668223E2 
 265      26DA30D2 
 265      2D44E00C 
 266 02ef D016CA95 		.ascii	"\320\026\312\225\267P\013ds\225\270\277\006\012\255"
 266      B7500B64 
 266      7395B8BF 
 266      060AAD
 267 02fe E03F4DF0 		.ascii	"\340?M\360\246\025i\002h\017\375\213>\203\323\242\222"
 267      A6156902 
 267      680FFD8B 
 267      3E83D3A2 
 267      92
 268 030f 8151955F 		.ascii	"\201Q\225_\242\310\310G\210\324\243f\260\271B\021\266"
 268      A2C8C847 
 268      88D4A366 
 268      B0B94211 
 268      B6
 269 0320 213F0693 		.ascii	"!?\006\223\022\021s\367I\305\034\235\030\315\376\262"
 269      121173F7 
 269      49C51C9D 
 269      18CDFEB2 
 270 0330 68A0FCB8 		.ascii	"h\240\374\270)\3472\226{\276\376\022\317c\305{\026\313"
 270      29E73296 
 270      7BBEFE12 
 270      CF63C57B 
 270      16CB
 271 0342 196E477E 		.ascii	"\031nG~2\236n0\206oP\206OE??\255\001Z\026Co\207\313"
 271      329E6E30 
 271      866F5086 
ARM GAS  /tmp/ccMg3MJ3.s 			page 21


 271      4F453F3F 
 271      AD015A16 
 272 035a 57D6E117 		.ascii	"W\326\341\027\263\016?yl(U\215w\262&\177r;\262\327\227"
 272      B30E3F79 
 272      6C28558D 
 272      77B2267F 
 272      723BB2D7 
 273 036f 61A6AE39 		.ascii	"a\246\2569\227_t\023Q\023\322\340\235P\327A\352\272"
 273      975F7413 
 273      5113D2E0 
 273      9D50D741 
 273      EABA
 274 0381 900E8CB2 		.ascii	"\220\016\214\262;\272\316ho\201\002\231\371\021j\367"
 274      3BBACE68 
 274      6F810299 
 274      F9116AF7 
 275 0391 421CF923 		.ascii	"B\034\371#?l\\\223;B\342\3620%]\210\\\242\036'\316Y"
 275      3F6C5C93 
 275      3B42E2F2 
 275      30255D88 
 275      5CA21E27 
 276 03a7 521DBB49 		.ascii	"R\035\273I?\254\216\027\275\360\342\324\203\230\015"
 276      3FAC8E17 
 276      BDF0E2D4 
 276      83980D
 277 03b6 F34E8B32 		.ascii	"\363N\2132\327\354=\022\337KN\230\001C5m(V\361b8\271"
 277      D7EC3D12 
 277      DF4B4E98 
 277      0143356D 
 277      2856F162 
 278 03cc 059A8578 		.ascii	"\005\232\205x\332!\347r*]\3105'N5W\325io\243\256\010"
 278      DA21E772 
 278      2A5DC835 
 278      274E3557 
 278      D5696FA3 
 279 03e2 68CFAEF6 		.ascii	"h\317\256\366\276W9\344\223\270\210\243\024\237\233"
 279      BE5739E4 
 279      93B888A3 
 279      149F9B
 280 03f1 A815BC71 		.ascii	"\250\025\274q\015\343\273}c\361\0264s\276\344\320]\305"
 280      0DE3BB7D 
 280      63F11634 
 280      73BEE4D0 
 280      5DC5
 281 0403 2458DE9B 		.ascii	"$X\336\2334\304\317\232T\311\010T\352\355(\310\336\255"
 281      34C4CF9A 
 281      54C90854 
 281      EAED28C8 
 281      DEAD
 282 0415 97F78B7B 		.ascii	"\227\367\213{\212\221w_\232,\2574wO\360*\236U\241p\025"
 282      8A91775F 
 282      9A2CAF34 
 282      774FF02A 
 282      9E55A170 
 283 042a A98BAE4E 		.ascii	"\251\213\256N,7\260\321\304\223&mqF\"6\232\346\276t"
 283      2C37B0D1 
 283      C493266D 
ARM GAS  /tmp/ccMg3MJ3.s 			page 22


 283      71462236 
 283      9AE6BE74 
 284 043e 527CE866 		.ascii	"R|\350fR\274v\370Y\265\006\267\260\014c\333R\272\325"
 284      52BC76F8 
 284      59B506B7 
 284      B00C63DB 
 284      52BAD5
 285 0451 EE66C55E 		.ascii	"\356f\305^\300\357\316:\372\354D\011zu\007\035\011Q"
 285      C0EFCE3A 
 285      FAEC4409 
 285      7A75071D 
 285      0951
 286 0463 C25C1EF5 		.ascii	"\302\\\036\365\201\322\003x\337C\263\350G@f7R\211\251"
 286      81D20378 
 286      DF43B3E8 
 286      47406637 
 286      5289A9
 287 0476 9C8DAFF3 		.ascii	"\234\215\257\363}#K\350\352\022\0347O\2753v6Zp\202\341"
 287      7D234BE8 
 287      EA121C37 
 287      4FBD3376 
 287      365A7082 
 288 048b 47540FDD 		.ascii	"GT\017\335\201\020\"=\344\231C\267\341\017\335\202?"
 288      8110223D 
 288      E49943B7 
 288      E10FDD82 
 288      3F
 289 049c A818406F 		.ascii	"\250\030@o\220A\272\363z\266\001'\262E\357\310\216>"
 289      9041BAF3 
 289      7AB60127 
 289      B245EFC8 
 289      8E3E
 290 04ae 41438981 		.ascii	"AC\211\201\216-\022\323w\362\273(\275\213\254!D+\313"
 290      8E2D12D3 
 290      77F2BB28 
 290      BD8BAC21 
 290      442BCB
 291 04c1 4BD28EAB 		.ascii	"K\322\216\253\360\036f\265'\"\326ip?f\036\317\0363`"
 291      F01E66B5 
 291      2722D669 
 291      703F661E 
 291      CF1E3360 
 292 04d5 B0AB6964 		.ascii	"\260\253id\200\227g8\014\321\2463\034!\031>\2222,\336"
 292      80976738 
 292      0CD1A633 
 292      1C21193E 
 292      92322CDE 
 293 04e9 56711E8B 		.ascii	"Vq\036\213\031\336O\237\233\023%\344\203\335\"\242\205"
 293      19DE4F9F 
 293      9B1325E4 
 293      83DD22A2 
 293      85
 294 04fa 0665F90D 		.ascii	"\006e\371\015\316\314\357\011\315/\376`z\2017.\375\276"
 294      CECCEF09 
 294      CD2FFE60 
 294      7A81372E 
 294      FDBE
ARM GAS  /tmp/ccMg3MJ3.s 			page 23


 295 050c F98DB1FC 		.ascii	"\371\215\261\374\012\362\222r\324\270\226Y\245w\025"
 295      0AF29272 
 295      D4B89659 
 295      A57715
 296 051b 66EBDDE7 		.ascii	"f\353\335\3477\3566\277\222\254\243\227\274\345\371"
 296      37EE36BF 
 296      92ACA397 
 296      BCE5F9
 297 052a 4D28F29B 		.ascii	"M(\362\233$\371=\225\362;s!y\247A\314o`\327\374l)?\320"
 297      24F93D95 
 297      F23B7321 
 297      79A741CC 
 297      6F60D7FC 
 298 0542 42A3B2FC 		.ascii	"B\243\262\374Fg\346\367\214\346\227\236\030[\347\203"
 298      4667E6F7 
 298      8CE6979E 
 298      185BE783 
 299 0552 9D0CE9E8 		.ascii	"\235\014\351\350\371\224B\003n\027w0\361\267\3624\356"
 299      F9944203 
 299      6E177730 
 299      F1B7F234 
 299      EE
 300 0563 61BF700B 		.ascii	"a\277p\013;!g\357iD\231\230r\261\323uwl\213N\236J\320"
 300      3B2167EF 
 300      69449998 
 300      72B1D375 
 300      776C8B4E 
 301 057a 0F659944 		.ascii	"\017e\231D\360\220\211\300\213\231t\356\352\031C$\023"
 301      F09089C0 
 301      8B9974EE 
 301      EA194324 
 301      13
 302 058b 41703474 		.ascii	"Ap4t\274\325Z\324#\304\350\250\022z.K\344\271\270wB"
 302      BCD55AD4 
 302      23C4E8A8 
 302      127A2E4B 
 302      E4B9B877 
 303 05a0 913C49C0 		.ascii	"\221<I\3001\224\227\212q\032\246\230\273\006\252\022"
 303      3194978A 
 303      711AA698 
 303      BB06AA12 
 304 05b0 156B2759 		.ascii	"\025k'Y\005\246G\260\235\027G\360\205\262\355\247\014"
 304      05A647B0 
 304      9D1747F0 
 304      85B2EDA7 
 304      0C
 305 05c1 142A5489 		.ascii	"\024*T\211PkJ\212\366\"\217P\243\011\324\215\022\324"
 305      506B4A8A 
 305      F6228F50 
 305      A309D48D 
 305      12D4
 306 05d3 02A7B3D1 		.ascii	"\002\247\263\321K\204\332\336\347_^*\330\275\210\012"
 306      4B84DADE 
 306      E75F5E2A 
 306      D8BD880A 
 307 05e3 8AE2A781 		.ascii	"\212\342\247\201\3023\003\272\211\002\035o\313\2340"
 307      C23303BA 
ARM GAS  /tmp/ccMg3MJ3.s 			page 24


 307      89021D6F 
 307      CB9C30
 308 05f2 E04606F4 		.ascii	"\340F\006\364`\344d\2657\276\315\012\217;o\344\223."
 308      60E464B5 
 308      37BECD0A 
 308      8F3B6FE4 
 308      932E
 309 0604 8462A905 		.ascii	"\204b\251\005\324\\>\374 ^\215{\330\353\322\336\355"
 309      D45C3EFC 
 309      205E8D7B 
 309      D8EBD2DE 
 309      ED
 310 0615 195EE475 		.ascii	"\031^\344u<\274Fq<E[\024\341\330g\300\375L\243\252\375"
 310      3CBC4671 
 310      3C455B14 
 310      E1D867C0 
 310      FD4CA3AA 
 311 062a 5E37E997 		.ascii	"^7\351\227h3\321H`\032\207\016L\026\351h\216j\2515n"
 311      6833D148 
 311      601A870E 
 311      4C16E968 
 311      8E6AA935 
 312 063f EDBB172E 		.ascii	"\355\273\027.\325leZ\311\015U}X\236\265Z\336\325\222"
 312      D56C655A 
 312      C90D557D 
 312      589EB55A 
 312      DED592
 313 0652 48D68952 		.ascii	"H\326\211R\326\302\351\254H=d=\224%d\245\013\037G\012"
 313      D6C2E9AC 
 313      483D643D 
 313      942564A5 
 313      0B1F470A 
 314 0666 0982A384 		.ascii	"\011\202\243\204'J(F\312\033m\001mRd\251o\243\251\337"
 314      274A2846 
 314      CA1B6D01 
 314      6D5264A9 
 314      6FA3A9DF 
 315 067a 98EABFEB 		.ascii	"\230\352\277\353\303&\307\371d6,x\372\276\307]\312w"
 315      C326C7F9 
 315      64362C78 
 315      FABEC75D 
 315      CA77
 316 068c 3CDBA56C 		.ascii	"<\333\245l\347i\247\032\277U5\344\305L_\201\342\306"
 316      E769A71A 
 316      BF5535E4 
 316      C54C5F81 
 316      E2C6
 317 069e AB37A3B5 		.ascii	"\2537\243\265l^\315'\273\024g\362`\241a\346\206\"\231"
 317      6C5ECD27 
 317      BB1467F2 
 317      60A161E6 
 317      862299
 318 06b1 5F8876F0 		.ascii	"_\210v\360\304Y\012\357\307<R\374\273\354\221\221\232"
 318      C4590AEF 
 318      C73C52FC 
 318      BBEC9191 
 318      9A
ARM GAS  /tmp/ccMg3MJ3.s 			page 25


 319 06c2 997B044F 		.ascii	"\231{\004O\312\267O\336\310\362y\375\011\316\204\235"
 319      CAB74FDE 
 319      C8F279FD 
 319      09CE849D 
 320 06d2 4C2ABC81 		.ascii	"L*\274\201\252\275\255\365\025Z\034\257\242\234g_\036"
 320      AABDADF5 
 320      155A1CAF 
 320      A29C675F 
 320      1E
 321 06e3 4ED6E134 		.ascii	"N\326\3414V\030M\277\235\203\336\314\025\234\0162\215"
 321      56184DBF 
 321      9D83DECC 
 321      159C0E32 
 321      8D
 322 06f4 FA67EC15 		.ascii	"\372g\354\025b\022#\250\035\312\000f`*\221\305I\207"
 322      621223A8 
 322      1DCA0066 
 322      602A91C5 
 322      4987
 323 0706 9A34FE75 		.ascii	"\2324\376ux\332\311\277\011\306\307\205\206\347\206"
 323      78DAC9BF 
 323      09C6C785 
 323      86E786
 324 0715 D7735424 		.ascii	"\327sT$\022\354D\210\277\370\016!\001\3412\346<\367"
 324      12EC4488 
 324      BFF80E21 
 324      01E132E6 
 324      3CF7
 325 0727 72E5808F 		.ascii	"r\345\200\217\350\274\351\307\021Y\016\373\"\272c!\236"
 325      E8BCE9C7 
 325      11590EFB 
 325      22BA6321 
 325      9E
 326 0738 6110CB76 		.ascii	"a\020\313v9\273\241f\027\365\234I=\037,K\310\3200\362"
 326      39BBA166 
 326      17F59C49 
 326      3D1F2C4B 
 326      C8D030F2 
 327 074c 1690F5AD 		.ascii	"\026\220\365\255\354\371M->\307\274F\217\325\372\311"
 327      ECF94D2D 
 327      3EC7BC46 
 327      8FD5FAC9 
 328 075c 47CA8462 		.ascii	"G\312\204b\244\344H#e*>\245YE\373L\216k\244\034\210"
 328      A4E44823 
 328      652A3EA5 
 328      5945FB4C 
 328      8E6BA41C 
 329 0771 DB7E97AD 		.ascii	"\333~\227\255\177k\364(\227\365\243\366\353\217N\370"
 329      7F6BF428 
 329      97F5A3F6 
 329      EB8F4EF8 
 330 0781 7A5E75F6 		.ascii	"z^u\366\220\216\224'u\244\210\306\233\371H\036\034^"
 330      908E9427 
 330      75A488C6 
 330      9BF9481E 
 330      1C5E
 331 0793 CB82EF95 		.ascii	"\313\202\357\225\202K\253\250\037[EOL\234\331\243\303"
ARM GAS  /tmp/ccMg3MJ3.s 			page 26


 331      824BABA8 
 331      1F5B454F 
 331      4C9CD9A3 
 331      C3
 332 07a4 4E95C7B9 		.ascii	"N\225\307\271x[wj\223\257\004\254\200\001\033\257\315"
 332      785B776A 
 332      93AF04AC 
 332      80011BAF 
 332      CD
 333 07b5 AAC09E81 		.ascii	"\252\300\236\201\025\022`\373%`\317\217\356\257U\000"
 333      151260FB 
 333      2560CF8F 
 333      EEAF5500 
 334 07c5 2B54003B 		.ascii	"+T\000; \001\253hh\253R"
 334      2001AB68 
 334      68AB52
 335 07d0 E33B0CC9 		.ascii	"\343;\014\311\364@[#1t\263\370\304\270\306s\320\303"
 335      F4405B23 
 335      3174B3F8 
 335      C4B8C673 
 335      D0C3
 336 07e2 24E82129 		.ascii	"$\350!)\350\303G\333\372\347\310\203\036V\004-\222\202"
 336      E8C347DB 
 336      FAE7C883 
 336      1E56042D 
 336      9282
 337 07f4 E676DC3D 		.ascii	"\346v\334=o\300\303,hAf\3769\003\236\024\013yg/\271"
 337      6FC0C32C 
 337      684166FE 
 337      39039E14 
 337      0B79672F 
 338 0809 DD291FE1 		.ascii	"\335)\037\341\351w\031\231\250e;\204\373c'&yy\300\022"
 338      E9771999 
 338      A8653B84 
 338      FB632726 
 338      7979C012 
 339 081d 5EDEF6A5 		.ascii	"^\336\366\245\256,7\027\267\373\320\304J]m/\355\207"
 339      AE2C3717 
 339      B7FBD0C4 
 339      4A5D6D2F 
 339      ED87
 340 082f BF9ABD1F 		.ascii	"\277\232\275\037\376\212\355\207\363\306\007\217\351"
 340      FE8AED87 
 340      F3C6078F 
 340      E9
 341 083c 7194172D 		.ascii	"q\224\027-\264\014\246l\342\335/\"\307yjB\260\035\203"
 341      B40CA66C 
 341      E2DD2F22 
 341      C7796A42 
 341      B01D83
 342 084f B151C6C6 		.ascii	"\261Q\306\306{~R\336E\326\267N\000\250\243\254\0157"
 342      7B7E52DE 
 342      45D6B74E 
 342      00A8A3AC 
 342      0D37
 343 0861 76C64EB2 		.ascii	"v\306N\2625\226\254\364'Ye~}G\235\253\261\313Y\335\250"
 343      3596ACF4 
ARM GAS  /tmp/ccMg3MJ3.s 			page 27


 343      2759657E 
 343      7D479DAB 
 343      B1CB59DD 
 344 0876 3DF7BCD6 		.ascii	"=\367\274\3263\357\025\204\367S\022\357G\354W\007\325"
 344      33EF1584 
 344      F75312EF 
 344      47EC5707 
 344      D5
 345 0887 721A2A14 		.ascii	"r\032*\024\274\237\226h\030\210>\331\341\203\343XB\275"
 345      BC9F9668 
 345      18883ED9 
 345      E183E358 
 345      42BD
 346 0899 0D8E1217 		.ascii	"\015\216\022\027\325\302\177\244\372\305\321\364|\305"
 346      D5C27FA4 
 346      FAC5D1F4 
 346      7CC5
 347 08a7 F7B74341 		.ascii	"\367\267CAu\245\024#\345^f\007K\273\322Eu\367\231\211"
 347      75A51423 
 347      E55E6607 
 347      4BBBD245 
 347      75F79989 
 348 08bb 6A958B8A 		.ascii	"j\225\213\212*\226\341\236\315q\225\032\027\025gYe\356"
 348      2A96E19E 
 348      CD71951A 
 348      17156759 
 348      65EE
 349 08cd C8F8562F 		.ascii	"\310\370V/\211\212s\254\356x\344p\237\267g*j\010\025"
 349      898A73AC 
 349      EE78E470 
 349      9FB7672A 
 349      6A0815
 350 08e0 D5AE993D 		.ascii	"\325\256\231=\341\301-/9\314\032\005\025\265\022\314"
 350      E1C12D2F 
 350      39CC1A05 
 350      15B512CC 
 351 08f0 D4C63B23 		.ascii	"\324\306;#\006\274\325\313S\277\367\260\035\277\300"
 351      06BCD5CB 
 351      53BFF7B0 
 351      1DBFC0
 352 08ff CBB7D9F5 		.ascii	"\313\267\331\365\3755\033y\274\2339I>}4\3070\353 \343"
 352      FD351B79 
 352      BC9B3949 
 352      3E7D34C7 
 352      30EB20E3 
 353 0913 2290A934 		.ascii	"\"\220\2514j\035)\376Z\016\360\022/\337\232_\226\000"
 353      6A1D29FE 
 353      5A0EF012 
 353      2FDF9A5F 
 353      9600
 354 0925 1E1E6A3B 		.ascii	"\036\036j;\241\030x\360F\226u=\311\372\274\224u\351"
 354      A11878F0 
 354      4696753D 
 354      C9FABC94 
 354      75E9
 355 0937 78ED11C5 		.ascii	"x\355\021\305\300\253Wd\335 9=\324\324\363\204\307\305"
 355      C0AB5764 
ARM GAS  /tmp/ccMg3MJ3.s 			page 28


 355      DD20393D 
 355      D4D4F384 
 355      C7C5
 356 0949 0CB074E6 		.ascii	"\014\260t\346\343\307\316|\366\227?H\345\331\202$\220"
 356      E3C7CE7C 
 356      F6973F48 
 356      E5D98224 
 356      90
 357 095a 8D7F7356 		.ascii	"\215\177sV}\003\306\225TW\333\371B\030\322!\177\270"
 357      7D03C695 
 357      5457DBF9 
 357      4218D221 
 357      7FB8
 358 096c E6911F76 		.ascii	"\346\221\037v\230p'c\331\211RA\210\325\223\351\004\345"
 358      98702763 
 358      D9895241 
 358      88D593E9 
 358      04E5
 359 097e 43A6AD8A 		.ascii	"C\246\255\212\\\366\361\256\003\005f\340Du\337\220\336"
 359      5CF6F1AE 
 359      030566E0 
 359      4475DF90 
 359      DE
 360 098f 888A67E9 		.ascii	"\210\212g\351\262s\216\231\2720c\240\203\036\374\276"
 360      B2738E99 
 360      BA3063A0 
 360      831EFCBE 
 361 099f A754253D 		.ascii	"\247T%=\3139K\325u\374\2418\273h\202Q\332\010N\3501"
 361      CB394BD5 
 361      75FCA138 
 361      BB688251 
 361      DA084EE8 
 362 09b4 532B6B1D 		.ascii	"S+k\035t\215\367G\355 7@Z@\256\2024\203\\\007i\343e"
 362      748DF747 
 362      ED203740 
 362      5A40AE82 
 362      34835C07 
 363 09cb 672E341C 		.ascii	"g.4\034\311\370\312\254pYn3\206U\000e{\320\235\221\005"
 363      C9F8CAAC 
 363      70596E33 
 363      86550065 
 363      7BD09D91 
 364 09e0 B414AA73 		.ascii	"\264\024\252s\237\305L\257\320\225\321\031\017<\276"
 364      9FC54CAF 
 364      D095D119 
 364      0F3CBE
 365 09ef C7CE70CA 		.ascii	"\307\316p\312\372:\367{I\3076\366\377)u\360\226T\261"
 365      FA3AF77B 
 365      49C736F6 
 365      FF2975F0 
 365      9654B1
 366 0a02 2F55F151 		.ascii	"/U\361Q\331\241\210\334I;\031\271\221\275|[\332\005"
 366      D9A188DC 
 366      493B19B9 
 366      91BD7C5B 
 366      DA05
 367 0a14 8DA46BF7 		.ascii	"\215\244k\367\260.\242\233T\327^]>\256\230Y\"\024\272"
ARM GAS  /tmp/ccMg3MJ3.s 			page 29


 367      B02EA29B 
 367      54D75E5D 
 367      3EAE9859 
 367      2214BA
 368 0a27 5D4CB78B 		.ascii	"]L\267\213\352\306\245\247\235\365\302\365\254\003\267"
 368      EAC6A5A7 
 368      9DF5C2F5 
 368      AC03B7
 369 0a36 9FDF96A8 		.ascii	"\237\337\226\250\202]\234\003>\030\306\312\361\356\023"
 369      825D9C03 
 369      3E18C6CA 
 369      F1EE13
 370 0a45 458D11C2 		.ascii	"E\215\021\302|\273\226:\270%\333\277\336\342g|1\334"
 370      7CBB963A 
 370      B825DBBF 
 370      DEE2677C 
 370      31DC
 371 0a57 A69BB9E6 		.ascii	"\246\233\271\346\342\301z\036oaG\233\365\375\331\253"
 371      E2C17A1E 
 371      6F61479B 
 371      F5FDD9AB 
 372 0a67 70327B1E 		.ascii	"p2{\036.\330\223\344\213s\325/\3730\277\257\030\324"
 372      2ED893E4 
 372      8B73D52F 
 372      FB30BFAF 
 372      18D4
 373 0a79 5DAD15E7 		.ascii	"]\255\025\347|q!\263\210\254\351}\242\2325\023t\003"
 373      7C7121B3 
 373      88ACE97D 
 373      A29A3513 
 373      7403
 374 0a8b 20A5D1C3 		.ascii	" \245\321\303\012\247\323 O\274GA\350\003i\324\266\324"
 374      0AA7D320 
 374      4FBC4741 
 374      E80369D4 
 374      B6D4
 375 0a9d 658C6970 		.ascii	"e\214ip5s~\321\236sg\016\276\302\012C\261\355\3330\356"
 375      35737ED1 
 375      9E73670E 
 375      BEC20A43 
 375      B1EDDB30 
 376 0ab2 6085EEE8 		.ascii	"`\205\356\350K/\304=\322kP\274\364\254\362\264x\362"
 376      4B2FC43D 
 376      D26B50BC 
 376      F4ACF2B4 
 376      78F2
 377 0ac4 D9453698 		.ascii	"\331E6\2309\021-\027\015\270\207\352z\217\224\2144\315"
 377      39112D17 
 377      0DB887EA 
 377      7A8F948C 
 377      34CD
 378 0ad6 416C304B 		.ascii	"Al0K\303\271;\303\377\300cv\226H\266Pw\001\357#\017"
 378      C3B93BC3 
 378      FFC06376 
 378      9648B650 
 378      7701EF23 
 379 0aeb E34E319A 		.ascii	"\343N1\232\006\240K\365\323W\217\304\3764\002\375f\024"
ARM GAS  /tmp/ccMg3MJ3.s 			page 30


 379      06A04BF5 
 379      D3578FC4 
 379      FE3402FD 
 379      6614
 380 0afd 6418E409 		.ascii	"d\030\344\011\310\020\310\030\310c\3710jZ\222.8\354"
 380      C810C818 
 380      C863F930 
 380      6A5A922E 
 380      38EC
 381 0b0f 6A1A6B70 		.ascii	"j\032kpV\254\231\243\343\341\317\2316\331\"=\234\245"
 381      56AC99A3 
 381      E3E1CF99 
 381      36D9223D 
 381      9CA5
 382 0b21 3DDDEB45 		.ascii	"=\335\353E\355\237M\373\356\233\245=\343L\264\263pA"
 382      ED9F4DFB 
 382      EE9BA53D 
 382      E34CB4B3 
 382      7041
 383 0b33 5E940023 		.ascii	"^\224\000#\012\010G\367<\370\226\215\276\372\375~\271"
 383      0A0847F7 
 383      3CF8968D 
 383      BEFAFD7E 
 383      B9
 384 0b44 549F78EF 		.ascii	"T\237x\357u\357]\246>z`>S'\353\341\035\017\244J\247"
 384      75EF5DA6 
 384      3E7A603E 
 384      5327EBE1 
 384      1D0FA44A 
 385 0b59 AED95B46 		.ascii	"\256\331[F\037\253\224#V\242\227.%\337\223a\3629\274"
 385      1FAB9423 
 385      56A2972E 
 385      25DF9361 
 385      F239BC
 386 0b6c 757F994E 		.ascii	"u\177\231N\336\271\236*\302\216\263Q5NG\325\345\352"
 386      DEB99E2A 
 386      C28EB351 
 386      354E47D5 
 386      E5EA
 387 0b7e 2BA91ADC 		.ascii	"+\251\032\334O\273\006\256\314\273V\242EZvB\272\211"
 387      4FBB06AE 
 387      CCBB56A2 
 387      455A7642 
 387      BA89
 388 0b90 6E0FA212 		.ascii	"n\017\242\022\347\"\327\366`\002`L\362Z\370\354\006"
 388      E722D7F6 
 388      6002604C 
 388      F25AF8EC 
 388      06
 389 0ba1 60CF7976 		.ascii	"`\317yvBJ*\350\011\351\\\366\016~\300\357\310\366\353"
 389      424A2AE8 
 389      09E95CF6 
 389      0E7EC0EF 
 389      C8F6EB
 390 0bb4 377DF030 		.ascii	"7}\3600\363[\364lc\203\376%g\334Sbj\002\366G\021X\326"
 390      F35BF46C 
 390      6383FE25 
ARM GAS  /tmp/ccMg3MJ3.s 			page 31


 390      67DC5362 
 390      6A02F647 
 391 0bcb 515E648A 		.ascii	"Q^d\212|\223}\302\013\210>\365\262\326\274\376\226\262"
 391      7C937DC2 
 391      0B883EF5 
 391      B2D6BCFE 
 391      96B2
 392 0bdd 5BB95196 		.ascii	"[\271Q\226\310n\275~\256G\257$\333u\252\335-\232\316"
 392      C86EBD7E 
 392      AE47AF24 
 392      DB75AADD 
 392      2D9ACE
 393 0bf0 40440E07 		.ascii	"@D\016\007\352\207\237*\276\314#\261<B\024\246\304\302"
 393      EA879F2A 
 393      BECC23B1 
 393      3C4214A6 
 393      C4C2
 394 0c02 8D4C2A55 		.ascii	"\215L*U\025\023z\3714\350n]Fv\252{\254t\333\230Z\332"
 394      15137AF9 
 394      34E86E5D 
 394      4676AA7B 
 394      AC74DB98 
 395 0c18 60DAFFE3 		.ascii	"`\332\377\343\201\353FL\016\\c\253\0377(\300$)\002D"
 395      81EB464C 
 395      0E5C63AB 
 395      1F3728C0 
 395      24290244 
 396 0c2c 3330D10C 		.ascii	"30\321\014\314\265\011\247k\037e\177\311\0072\332\204"
 396      CCB509A7 
 396      6B1F657F 
 396      C90732DA 
 396      84
 397 0c3d 5F251BB4 		.ascii	"_%\033\264\321=\202\217\334w\264\302w\014\363\035C}"
 397      D13D828F 
 397      DC77B4C2 
 397      770CF31D 
 397      437D
 398 0c4f F7DEDD97 		.ascii	"\367\336\335\227\242X\033\310\007\343\264n,\323\215"
 398      A2581BC8 
 398      07E3B46E 
 398      2CD38D
 399 0c5e 6538F639 		.ascii	"e8\3669s\014rR\334\022\030GuS2\307\266z \305\315\211"
 399      730C7252 
 399      DC121847 
 399      755332C7 
 399      B67A20C5 
 400 0c74 1A8AA7A4 		.ascii	"\032\212\247\244\214m\357\031\230\343\336\310\3151\025"
 400      8C6DEF19 
 400      98E3DEC8 
 400      CD3115
 401 0c83 4AC03A0E 		.ascii	"J\300:\016\257_k{{\351\322\000\370\377\253\331\022j"
 401      AF5F6B7B 
 401      7BE9D200 
 401      F8FFABD9 
 401      126A
 402 0c95 0E09F824 		.ascii	"\016\011\370$(xe\360\027+\002\302\254\001A\246\220\000"
 402      287865F0 
ARM GAS  /tmp/ccMg3MJ3.s 			page 32


 402      172B02C2 
 402      AC0141A6 
 402      9000
 403 0ca7 AB2590DC 		.ascii	"\253%\220\334\215\253CL\326\240\245\201\336\237~\376"
 403      8DAB434C 
 403      D6A0A581 
 403      DE9F7EFE 
 404 0cb7 BB459F2C 		.ascii	"\273E\237,_\316\351?6Y\315\277!\225\277\377\355\227"
 404      5FCEE93F 
 404      3659CDBF 
 404      2195BFFF 
 404      ED97
 405 0cc9 5E569BC9 		.ascii	"^V\233\311f6P\035#}6\332\336}\231\327\340\320\300\220"
 405      6636501D 
 405      237D36DA 
 405      DE7D99D7 
 405      E0D0C090 
 406 0cdd F0556699 		.ascii	"\360Uf\231\347 N\353\362\250\012\0142Y|Do\346@[\230"
 406      E7204EEB 
 406      F2A80A0C 
 406      32597C44 
 406      6FE6405B 
 407 0cf2 C568E397 		.ascii	"\305h\343\227qz\223e\355\372_\230\227\254}{\365:N\027"
 407      717A9365 
 407      EDFA5F98 
 407      97AC7D7B 
 407      F53A4E17 
 408 0d06 1866B199 		.ascii	"\030f\261\231\277]\262v\031\3074\377`\012\266\375\332"
 408      BF5DB276 
 408      19C734FF 
 408      600AB6FD 
 408      DA
 409 0d17 022E4418 		.ascii	"\002.D\030f\213\205\330\275\363_$\307\315\247\017\237"
 409      668B85D8 
 409      BDF35F24 
 409      C7CDA70F 
 409      9F
 410 0d28 9A6D2B68 		.ascii	"\232m+h\324/V\257\266\232m\"\2200Z0\332\374\224:+\202"
 410      D42F56AF 
 410      B69A6D22 
 410      90305A30 
 410      DAFC943A 
 411 0d3e FF61F60E 		.ascii	"\377a\366\016\017\016\265}\360\276\321\246\013\014\372"
 411      0F0EB57D 
 411      F0BED1A6 
 411      0B0CFA
 412 0d4d 3268D58A 		.ascii	"2h\325\212\020\263y\235\301\272\301\012\265f\313z\360"
 412      10B3799D 
 412      C1BAC10A 
 412      B566CB7A 
 412      F0
 413 0d5e 6F0BF084 		.ascii	"o\013\360\204\302bsq\021\030d\013\262\230M\253\254\204"
 413      C2627371 
 413      1118640B 
 413      B2984DAB 
 413      AC84
 414 0d70 8BC0A015 		.ascii	"\213\300\240\025\033\254\237\231BlK\276\227\245\331"
ARM GAS  /tmp/ccMg3MJ3.s 			page 33


 414      1BAC9F99 
 414      426C4BBE 
 414      97A5D9
 415 0d7f 6409D900 		.ascii	"d\011\331\000vs\215\306\225\341\301!\266\340P\243\371"
 415      76738DC6 
 415      95E1C121 
 415      B6E050A3 
 415      F9
 416 0d90 DB7500D0 		.ascii	"\333u\000\320+0,\324jS\205\230M\2535\241a\020 \354\357"
 416      2B302CD4 
 416      6A538598 
 416      4DAB35A1 
 416      611020EC 
 417 0da5 AFB84B92 		.ascii	"\257\270K\2223\030\215\253\303C\003\215\306\245\037"
 417      33188DAB 
 417      C343038D 
 417      C6A51F
 418 0db4 2E5FFEBE 		.ascii	"._\376\276\267T\2327;[\245\352\3629\177\0137[6\000\335"
 418      B7549A37 
 418      3B5BA5EA 
 418      F2397F0B 
 418      375B3600 
 419 0dc9 40BD1FB4 		.ascii	"@\275\037\264\275\305\306\236\305\226\363\225W\231B"
 419      BDC5C69E 
 419      C596F395 
 419      579942
 420 0dd8 4234EB2C 		.ascii	"B4\353,ak,\246\265\032\302\331\207F\233\332\012.\215"
 420      616B2CA6 
 420      B51AC2D9 
 420      87469BDA 
 420      0A2E8D
 421 0deb 3615C9DC 		.ascii	"6\025\311\334g\015\020\274\312l\015\264\004\257\003"
 421      670D10BC 
 421      CA6C0DB4 
 421      04AF03
 422 0dfa 53C6B4AC 		.ascii	"S\306\264\254\302h\363\015\206lL\241\201f\2619\364\353"
 422      C268F30D 
 422      866C4CA1 
 422      8166B139 
 422      F4EB
 423 0e0c CD96E0D5 		.ascii	"\315\226\340\325bt\3370\253)\344K\312!m\002\217\244"
 423      6274DF30 
 423      AB29E44B 
 423      CA216D02 
 423      8FA4
 424 0e1e 93A627BA 		.ascii	"\223\246'\272\300\341\222\320`\366\014\344iL\253VY\314"
 424      C0E192D0 
 424      60F60CE4 
 424      694CAB56 
 424      59CC
 425 0e30 56AB9E21 		.ascii	"V\253\236!\267\032\0114\215X\370\221\242;\3121\031$"
 425      B71A0934 
 425      8D58F891 
 425      A23BCA31 
 425      1924
 426 0e42 F5C0B0F0 		.ascii	"\365\300\260\360P\233v\235i\215\231Z\352L6\233%xe\270"
 426      509B769D 
ARM GAS  /tmp/ccMg3MJ3.s 			page 34


 426      698D995A 
 426      EA4C369B 
 426      257865B8 
 427 0e56 CD6C5591 		.ascii	"\315lU\221\262\227\361\343\260\260\0205\003\376of\306"
 427      B297F1E3 
 427      B0B01035 
 427      03FE6F66 
 427      C6
 428 0e67 FB3D     		.ascii	"\373="
 429              		.text
 430              		.section	.gnu.lto_.symtab.96e80c9aa0e341e8,"e",%progbits
 431 0000 666C6173 		.ascii	"flashWaitErase\000"
 431      68576169 
 431      74457261 
 431      736500
 432 000f 00       		.ascii	"\000"
 433 0010 00       		.ascii	"\000"
 434 0011 00       		.ascii	"\000"
 435 0012 00000000 		.ascii	"\000\000\000\000\000\000\000\000"
 435      00000000 
 436 001a EE000000 		.ascii	"\356\000\000\000"
 437 001e 666C6173 		.ascii	"flashGetSectorOffset\000"
 437      68476574 
 437      53656374 
 437      6F724F66 
 437      66736574 
 438 0033 00       		.ascii	"\000"
 439 0034 00       		.ascii	"\000"
 440 0035 00       		.ascii	"\000"
 441 0036 00000000 		.ascii	"\000\000\000\000\000\000\000\000"
 441      00000000 
 442 003e F5000000 		.ascii	"\365\000\000\000"
 443 0042 666C6173 		.ascii	"flashGetSectorSize\000"
 443      68476574 
 443      53656374 
 443      6F725369 
 443      7A6500
 444 0055 00       		.ascii	"\000"
 445 0056 00       		.ascii	"\000"
 446 0057 00       		.ascii	"\000"
 447 0058 00000000 		.ascii	"\000\000\000\000\000\000\000\000"
 447      00000000 
 448 0060 FC000000 		.ascii	"\374\000\000\000"
 449 0064 63685468 		.ascii	"chThdSleep\000"
 449      64536C65 
 449      657000
 450 006f 00       		.ascii	"\000"
 451 0070 02       		.ascii	"\002"
 452 0071 00       		.ascii	"\000"
 453 0072 00000000 		.ascii	"\000\000\000\000\000\000\000\000"
 453      00000000 
 454 007a 02010000 		.ascii	"\002\001\000\000"
 455 007e 63685379 		.ascii	"chSysHalt\000"
 455      7348616C 
 455      7400
 456 0088 00       		.ascii	"\000"
 457 0089 02       		.ascii	"\002"
ARM GAS  /tmp/ccMg3MJ3.s 			page 35


 458 008a 00       		.ascii	"\000"
 459 008b 00000000 		.ascii	"\000\000\000\000\000\000\000\000"
 459      00000000 
 460 0093 07010000 		.ascii	"\007\001\000\000"
 461              		.text
 462              		.section	.gnu.lto_.opts,"e",%progbits
 463 0000 272D666E 		.ascii	"'-fno-openmp' '-fno-openacc' '-fno-pie' '-mcpu=cort"
 463      6F2D6F70 
 463      656E6D70 
 463      2720272D 
 463      666E6F2D 
 464 0033 65782D6D 		.ascii	"ex-m4' '-mthumb' '-mfloat-abi=softfp' '-mfpu=fpv4-s"
 464      34272027 
 464      2D6D7468 
 464      756D6227 
 464      20272D6D 
 465 0066 702D6431 		.ascii	"p-d16' '-march=armv7e-m+fp' '-O2' '-fstack-usage' '"
 465      36272027 
 465      2D6D6172 
 465      63683D61 
 465      726D7637 
 466 0099 2D666675 		.ascii	"-ffunction-sections' '-fdata-sections' '-fno-common"
 466      6E637469 
 466      6F6E2D73 
 466      65637469 
 466      6F6E7327 
 467 00cc 2720272D 		.ascii	"' '-flto' '-fshort-enums'\000"
 467      666C746F 
 467      2720272D 
 467      6673686F 
 467      72742D65 
 468              		.text
 469              		.comm	__gnu_lto_v1,1,1
 470              		.comm	__gnu_lto_slim,1,1
 471              		.ident	"GCC: (GNU Arm Embedded Toolchain 9-2020-q2-update) 9.3.1 20200408 (release)"
ARM GAS  /tmp/ccMg3MJ3.s 			page 36


DEFINED SYMBOLS
                            *ABS*:0000000000000000 hal_flash.c
                            *COM*:0000000000000001 __gnu_lto_v1
                            *COM*:0000000000000001 __gnu_lto_slim

NO UNDEFINED SYMBOLS
