ARM GAS  /tmp/ccLU0gXb.s 			page 1


   1              		.cpu cortex-m4
   2              		.eabi_attribute 27, 1
   3              		.eabi_attribute 20, 1
   4              		.eabi_attribute 21, 1
   5              		.eabi_attribute 23, 3
   6              		.eabi_attribute 24, 1
   7              		.eabi_attribute 25, 1
   8              		.eabi_attribute 26, 1
   9              		.eabi_attribute 30, 2
  10              		.eabi_attribute 34, 1
  11              		.eabi_attribute 18, 4
  12              		.file	"hal_st_lld.c"
  13              		.section	.gnu.lto_.profile.fbea3728653f3715,"e",%progbits
  14 0000 789CE360 		.ascii	"x\234\343``\004B \000\000\000]\000\013"
  14      60044220 
  14      0000005D 
  14      000B
  15              		.text
  16              		.section	.gnu.lto_.icf.fbea3728653f3715,"e",%progbits
  17 0000 789CE360 		.ascii	"x\234\343``d\020a@\000f\206\213\347\033\31711\236\231"
  17      60641061 
  17      40006686 
  17      8BE71BCF 
  17      31319E99 
  18 0014 74681D2F 		.ascii	"th\035/SC\377\343\347\234\014\000^\372\010\322"
  18      5343FFE3 
  18      E79C0C00 
  18      5EFA08D2 
  19              		.text
  20              		.section	.gnu.lto_.jmpfuncs.fbea3728653f3715,"e",%progbits
  21 0000 789CE360 		.ascii	"x\234\343``d\020d@\000f\030\203\221\201\201\011D\003"
  21      60641064 
  21      40006618 
  21      83918181 
  21      094403
  22 0013 00037A00 		.ascii	"\000\003z\000!"
  22      21
  23              		.text
  24              		.section	.gnu.lto_.inline.fbea3728653f3715,"e",%progbits
  25 0000 789CE360 		.ascii	"x\234\343``d\350g@\000f\006\006\256\206\206\206\015"
  25      6064E867 
  25      40006606 
  25      06AE8686 
  25      860D
  26 0012 CC198C0C 		.ascii	"\314\031\214\014L,@V\003S\012\003\003\033\204\301\304"
  26      4C2C4056 
  26      03530A03 
  26      031B84C1 
  26      C4
  27 0023 C00452C3 		.ascii	"\300\004R\303\310\205\227d\020\005*>\300\224\0164@\005"
  27      C8859764 
  27      10052A3E 
  27      C0940E34 
  27      4005
  28 0035 C85AC094 		.ascii	"\310Z\300\224\216n\000\023\003\357\246ggN2\247\001\225"
  28      8E6E0013 
  28      03EFA667 
ARM GAS  /tmp/ccLU0gXb.s 			page 2


  28      674E32A7 
  28      0195
  29 0047 088195A4 		.ascii	"\010\201\225\244a\267\203\001\000\027\201\030\361"
  29      61B78301 
  29      00178118 
  29      F1
  30              		.text
  31              		.section	.gnu.lto_.pureconst.fbea3728653f3715,"e",%progbits
  32 0000 789CE360 		.ascii	"x\234\343``d\340b```f\330\305\3128\213\205i\026\013"
  32      6064E062 
  32      60606066 
  32      D8C5CA38 
  32      8B856916 
  33 0015 000BA502 		.ascii	"\000\013\245\002\025"
  33      15
  34              		.text
  35              		.section	.gnu.lto_st_lld_serve_interrupt.part.0.fbea3728653f3715,"e",%progbits
  36 0000 789C7D53 		.ascii	"x\234}SKL\023Q\024}w\336\320N\021\023\334\031I\260\204"
  36      4B4C1351 
  36      147D77DE 
  36      D04E1113 
  36      DC1949B0 
  37 0015 7461D40E 		.ascii	"ta\324\016\352\326\205\246\206\244\221\306H\335\270"
  37      EAD685A6 
  37      86A491C6 
  37      48DDB8
  38 0024 225A1B5B 		.ascii	"\"Z\033[m)\231\251\006V<\012\021\015\015u\241\001\014"
  38      6D2999A9 
  38      06563C0A 
  38      110D0D75 
  38      A1010C
  39 0037 50A341D9 		.ascii	"P\243A\331\250\361\263P\374U\020\371\370\303\037\250"
  39      A8F1B350 
  39      FC5510F9 
  39      F8C31FA8 
  40 0047 4029F889 		.ascii	"@)\370\211\361\233\270 \020\023\365\2757m\235V\240i"
  40      F19BB820 
  40      1013F5BD 
  40      376D9D56 
  40      A069
  41 0059 3BF7DD7B 		.ascii	";\367\335{\356\275g\356=OB\200&D\204\362\000\241\015"
  41      EEBD67EE 
  41      3D4F4280 
  41      264484F2 
  41      00A10D
  42 006c 0821C841 		.ascii	"\010!\310A \022B\266\030A\004A3\004\300\334\250\223"
  42      201242B6 
  42      18410441 
  42      3304C0DC 
  42      A893
  43 007e 3000B788 		.ascii	"0\000\267\210\004\250V\0240\324B\004\267`\350m\374x"
  43      04A85614 
  43      30D44204 
  43      B760E86D 
  43      FC78
  44 0090 4358739E 		.ascii	"CXs\236\306H\254\345x\3614\031!8\212\021j\243?\355\223"
  44      C648ACE5 
ARM GAS  /tmp/ccLU0gXb.s 			page 3


  44      78F13419 
  44      21388A11 
  44      6AA33FED 
  45 00a5 05223161 		.ascii	"\005\"1a\245\006\000\326\264\007\326\260\307M\366\240"
  45      A50600D6 
  45      B407D6B0 
  45      C74DF6A0 
  46 00b5 C878A863 		.ascii	"\310x\250c.\257\231V\000\020\351\361\304\360\265\241"
  46      2EAF9956 
  46      0010E9F1 
  46      C4F0B5A1 
  47 00c5 5C7614C0 		.ascii	"\\v\024\300L\217\327IlF\304\245\300\220?\337\367^\316"
  47      4C8FD749 
  47      6C46C4A5 
  47      C0903FDF 
  47      F75ECE
  48 00d8 B59C2524 		.ascii	"\265\234%$Db\243a\334~\215\220c[\242\030\303\035\300"
  48      4462A361 
  48      DC7E8D90 
  48      635BA218 
  48      C31DC0
  49 00eb B439DC86 		.ascii	"\2649\334\206\002\270\005\005i\0163\227\177\237\\n\020"
  49      02B80505 
  49      690E3397 
  49      7F9F5C6E 
  49      10
  50 00fc E12E5892 		.ascii	"\341.X\222\344\250\363\350\267\3011\011\333y\301\320"
  50      E4A8F3E8 
  50      B7C13109 
  50      DB79C1D0 
  51 010c 91CF53A6 		.ascii	"\221\317S\246d\301x\030w'\013\212po\341\202z\374\010"
  51      64C17818 
  51      77270B8A 
  51      706FE182 
  51      7AFC08
  52 011f 0C12318D 		.ascii	"\014\0221\215\2054\026zi7\015\2764_]\312\335tJ\212\362"
  52      8534167A 
  52      69370DBE 
  52      345F5DCA 
  52      DD744A8A 
  53 0134 7DB0401F 		.ascii	"}\260@\037\247\015\020\003\003\035W?\030\340\037\200"
  53      A70D1003 
  53      031D573F 
  53      18E01F80 
  54 0144 06848C0C 		.ascii	"\006\204\214\014\352\300zG\003\233|\342Wx\325)\027\317"
  54      EAC07A47 
  54      039B7CE2 
  54      5778D529 
  54      17CF
  55 0156 E5611D1C 		.ascii	"\345a\035\034\006i\275\001VY\357\034\242\316\007\274"
  55      0669BD01 
  55      5659EF1C 
  55      A2CE07BC 
  56 0166 DD30B510 		.ascii	"\3350\265\020\022\030\011F\346\322\363\034B~\377i$$"
  56      12180946 
  56      E6D2F31C 
  56      427EFF69 
ARM GAS  /tmp/ccLU0gXb.s 			page 4


  56      2424
  57 0178 5EDD5A6C 		.ascii	"^\335ZlB\250\011#\326A\004f\212\232\211Q\030\013)\363"
  57      42A80923 
  57      D6410466 
  57      8A9A8951 
  57      180B29F3 
  58 018c 0B84667E 		.ascii	"\013\204f~Ez\246@+\005\250\237\321']\237\006\370v1\224"
  58      457AA640 
  58      2B05A89F 
  58      D1275D9F 
  58      06F87631 
  59 01a1 D0E399E8 		.ascii	"\320\343\231\350\225\271\334\242Q\210\222Vs\024\347"
  59      95B9DCA2 
  59      51889256 
  59      7314E7
  60 01b0 302E17DE 		.ascii	"0.\027\336\335$\222H_\016\036A\021g\327\037\236\034"
  60      DD249248 
  60      5F0E1E41 
  60      1167D71F 
  60      9E1C
  61 01c2 32520F3C 		.ascii	"2R\017<\246*}\310\326\001O\270T\272\357\364}\310+z\223"
  61      A62A7DC8 
  61      D6014FB8 
  61      54BAEFF4 
  61      7DC82B7A 
  62 01d7 CC36F091 		.ascii	"\3146\360\221_\274\362j\031\317~\312\262a\004D\364\025"
  62      5FBCF26A 
  62      19CF7ECA 
  62      B2610444 
  62      F415
  63 01e9 EA135D9D 		.ascii	"\352\023]\235\355\205\354\355\030\246\243\373\321\037"
  63      ED85ECED 
  63      18A6A3FB 
  63      D11F
  64 01f7 530384EA 		.ascii	"S\003\204\352\244(6\266\321\015\322Q x\006\015\200\242"
  64      A42836B6 
  64      D10DD251 
  64      2078060D 
  64      80A2
  65 0209 5862F0D3 		.ascii	"Xb\360\323\2677/\002\316\321\300\317u\340\304|x\366"
  65      B7372F02 
  65      CED1C0CF 
  65      75E0C47C 
  65      78F6
  66 021b 40C6220C 		.ascii	"@\306\"\014\377/\242ir\305\316\344\036\262F\376\222"
  66      FF2FA269 
  66      72C5CEE4 
  66      1EB246FE 
  66      92
  67 022c 4EE7051F 		.ascii	"N\347\005\037\371\253\005;\032\031\002\301\250\276\343"
  67      F9AB053B 
  67      1A1902C1 
  67      A8BEE3
  68 023b F9CED978 		.ascii	"\371\316\331x\246\030\244l1\2302\035\\>\2573\326\255"
  68      A618A46C 
  68      3198321D 
  68      5C3EAF33 
ARM GAS  /tmp/ccLU0gXb.s 			page 5


  68      D6AD
  69 024d 119B0FE7 		.ascii	"\021\233\017\347\267S\245\277a\314\244\314\224\2674"
  69      B753A5BF 
  69      61CCA4CC 
  69      94B734
  70 025c 658C331B 		.ascii	"e\2143\033_\220Y.C \230\3203\353\352\234+\\\004\276"
  70      5F90592E 
  70      432098D0 
  70      33EBEA9C 
  70      2B5C04BE 
  71 0270 4C834FA6 		.ascii	"L\203O\246\340L \363\221\236\325\372\226\343i\375\305"
  71      E04C20F3 
  71      919ED5FA 
  71      96E369FD 
  71      C5
  72 0281 75A269AE 		.ascii	"u\242i\256\377\021\2274\321\360\033\374\341\334\270"
  72      FF119734 
  72      D1F01BFC 
  72      E1DCB8
  73 0290 94D2C314 		.ascii	"\224\322\303\024\327C\202\353!{\371\323t\371\210j\022"
  73      D74382EB 
  73      217BF9D3 
  73      74F9886A 
  73      12
  74 02a1 A734F91D 		.ascii	"\2474\371\035B\211\246\310U\221M\203\337\351&\014Z\214"
  74      4289A6C8 
  74      55914D83 
  74      DFE9260C 
  74      5A8C
  75 02b3 5D269BD5 		.ascii	"]&\233\325*\323\357A\267R\351\366\3116\217w\257w\207"
  75      2AD3EF41 
  75      B752E9F6 
  75      C9368F77 
  75      AF7787
  76 02c6 530EA8B2 		.ascii	"S\016\250\262g\217O\256\012(AUv\356rl\332(\227\225m"
  76      678F4FAE 
  76      0A284155 
  76      76EE726C 
  76      DA289795 
  77 02db 939DBB9D 		.ascii	"\223\235\273\235\273\354\266\355\2077\260h\205\032\254"
  77      BBECB6ED 
  77      8737B068 
  77      851AAC
  78 02ea F0F9F659 		.ascii	"\360\371\366Y]HP\0251\350\365W\311K\325\012\250\364"
  78      5D485015 
  78      31E8F557 
  78      C94BD50A 
  78      A8F4
  79 02fc 4F09AEAF 		.ascii	"O\011\256\257\364j\266\325\203J\027\303\273\002~\177"
  79      F46AB6D5 
  79      834A17C3 
  79      BB027E7F 
  80 030c A0527657 		.ascii	"\240RvW\007\345\255\345\016\331\346p\332\235\262-\240"
  80      07E5ADE5 
  80      0ED9E670 
  80      DA9DB22D 
  80      A0
ARM GAS  /tmp/ccLU0gXb.s 			page 6


  81 031d B8657BA5 		.ascii	"\270e{\245\313wh\237[v\371U\257Z\261\337\345\242e\362"
  81      CB77689F 
  81      5B76F955 
  81      AF5AB1DF 
  81      E5A265F2 
  82 0331 1DCE72F3 		.ascii	"\035\316r\363\336=\252\273J\361\2563[J\220\240 \243"
  82      DE3DAABB 
  82      4AF1AE33 
  82      5B4A90A0 
  82      20A3
  83 0343 DFED0F28 		.ascii	"\337\355\017(5h\355b-\224\240\354M\325\362\2505*\255"
  83      3568ED62 
  83      2D94A0EC 
  83      4DD5F2A8 
  83      352AAD
  84 0356 F3178D24 		.ascii	"\363\027\215$\325s"
  84      D573
  85              		.text
  86              		.section	.gnu.lto_st_lld_init.fbea3728653f3715,"e",%progbits
  87 0000 789CA595 		.ascii	"x\234\245\225\315O\023A\024\300\347\355l\333m\0154&"
  87      CD4F1341 
  87      14C0E7ED 
  87      6CDB6D0D 
  87      3426
  88 0012 1E4C88D1 		.ascii	"\036L\210\321+\036\330\212\377\200\011z0b<\224\213\211"
  88      2B1ED88A 
  88      FF80097A 
  88      30623C94 
  88      8B89
  89 0024 09F18304 		.ascii	"\011\361\203\004b#\006\210G\231\212\210J\241\204\304"
  89      62230688 
  89      47998A88 
  89      4AA184C4 
  90 0034 2026BA8D 		.ascii	" &\272\215\215!\\D<\030D\304ZA\024D\020\004\025\021"
  90      8D215C44 
  90      3C1844C4 
  90      5A411444 
  90      10041511 
  91 0048 F93460C4 		.ascii	"\3714`\304*\036\374\"\340{\263\245m\360b\353\244;\351"
  91      2A1EFC22 
  91      E07BB3A5 
  91      6DF062EB 
  91      A43BE9
  92 005b CC9BFC7E 		.ascii	"\314\233\374~o\336L\267\032\003v\310\312\330\036\306"
  92      6FDE4CB7 
  92      1A0376C8 
  92      CAD81EC6 
  93 006b D8167C80 		.ascii	"\330\026|\2003P\204\020\273l^M\001\220\337\204\006\254"
  93      33508410 
  93      BB6C5E4D 
  93      0190DF84 
  93      06AC
  94 007d 5C8172F0 		.ascii	"\\\201r\360\363\006\016\341\252\017w\225\314&\214\210"
  94      F3060EE1 
  94      AA0F7795 
  94      CC268C88 
  95 008d 50C3B5AD 		.ascii	"P\303\265\255\347D\345f\2033\326\210\217\331\240\035"
ARM GAS  /tmp/ccLU0gXb.s 			page 7


  95      E744E566 
  95      8333D688 
  95      8FD9A01D 
  96 009d 3219C395 		.ascii	"2\031\303\225\323\255+\227\322\254j4\004\367\300\212"
  96      D3AD2B97 
  96      D2AC6A34 
  96      04F7C08A 
  97 00ad 32C65A86 		.ascii	"2\306Z\206,!\261\262Z%B]A\370>\255m\002fpP\250\343\324"
  97      2C21B1B2 
  97      5A25425D 
  97      41F83EAD 
  97      6D026670 
  98 00c5 A9D469D4 		.ascii	"\251\324i\324\331\251sP\307X5g\244TA\204\030\363q\305"
  98      D9A97350 
  98      C7583567 
  98      A4544184 
  98      18F371C5 
  99 00d9 1C7871F0 		.ascii	"\034xq\360\021\302\035\013\013\305\304\277\312\001\275"
  99      11C21D0B 
  99      0BC5C4BF 
  99      CA01BD
 100 00e8 B5159109 		.ascii	"\265\025\221\011\255\226\033\\\001J\243\245\246q4\315"
 100      AD961B5C 
 100      014AA3A5 
 100      A67134CD 
 101 00f8 1C8A2FE7 		.ascii	"\034\212/\347\205\212S\263\015m\313p\003\202^\204l3"
 101      858A53B3 
 101      0D6DCB70 
 101      03825E84 
 101      6C33
 102 010a 3887FB90 		.ascii	"8\207\373\220\001\035\220!\323nk7\372m\256\233\342,"
 102      011D9021 
 102      D36E6B37 
 102      FA6DAE9B 
 102      E22C
 103 011c 185C854E 		.ascii	"\030\\\205N\\w\331\334\300\003p\241\254\242\276\012"
 103      5C77D9DC 
 103      C00370A1 
 103      ACA2BE0A 
 104 012c 4C9762EA 		.ascii	"L\227b\352:}\203}\234\370\200-\204\020Lh\342\242\\\223"
 104      3A7D837D 
 104      9CF8802D 
 104      84104C68 
 104      E2A25C93 
 105 0140 9CEA615C 		.ascii	"\234\352a\\\025\006\027\362\345\326\354\246\214'\307"
 105      150617F2 
 105      E5D6ECA6 
 105      8C27C7
 106 014f 7A245954 		.ascii	"z$YTn\350Z\227\266\212\260\377\312\263;\316~Ly\252\211"
 106      6EE85A97 
 106      B68AB0FF 
 106      CAB33BCE 
 106      7E4C79AA 
 107 0164 796AFFCC 		.ascii	"yj\377\314\362RL\205\2368\355\211\3144\334\321\374\311"
 107      F2524C85 
 107      9E38ED89 
 107      CC34DCD1 
ARM GAS  /tmp/ccLU0gXb.s 			page 8


 107      FCC9
 108 0176 69C2EC89 		.ascii	"i\302\354\211\247i\221\247Y_W9\3510\207\"T'\322qj\244"
 108      A76991A7 
 108      595F5739 
 108      E9308722 
 108      5427D271 
 109 018c ADB7DE19 		.ascii	"\255\267\336\031\327Y\241\027uO\243\272vc\346\267%\226"
 109      D759A117 
 109      754FA3BA 
 109      7663E6B7 
 109      2596
 110 019e 7A9F9429 		.ascii	"z\237\224)${\266\256,\016\324\375]\226$\330\375q\366"
 110      247BB6AE 
 110      2C0ED4FD 
 110      5D9624D8 
 110      FD71F6
 111 01b1 732A8B83 		.ascii	"s*\213\203HK\363\021\177z\224\025\333\211M\356\344\353"
 111      484BF311 
 111      7F7A9415 
 111      DB894DEE 
 111      E4EB
 112 01c3 5CD0EF34 		.ascii	"\\\320\3574\207\3622\343T\340\312\267`Z\324\0268\215"
 112      87F232E3 
 112      54E0CAB7 
 112      605AD416 
 112      388D
 113 01d5 175F8341 		.ascii	"\027_\203A\364\015D}\235\343\363M\211\245{!\215tc`\010"
 113      F40D447D 
 113      9DE3F34D 
 113      89A57B21 
 113      8D746360 
 114 01ea 5C946D75 		.ascii	"\\\224mu\317\342\006\363*\0163\03067\2634\377#\226B"
 114      CFE206F3 
 114      2A0E3318 
 114      3637B334 
 114      FF239642 
 115 01fe 92829752 		.ascii	"\222\202\227R\240\222`D\012|\327\307*\344]Wa\025\233"
 115      A0926044 
 115      0A7CD7C7 
 115      2AE45D57 
 115      61159B
 116 0211 1346D71C 		.ascii	"\023F\327\034?Su\274\222\016\0139^KG\254L*0x\263\306"
 116      3F5375BC 
 116      920E0B39 
 116      5E4B47AC 
 116      4C2A3078 
 117 0227 FF951ADF 		.ascii	"\377\225\032\337\016c\222\217\2578\012.O\015D\034\331"
 117      0E63928F 
 117      AF380A2E 
 117      4F0D441C 
 117      D9
 118 0238 B72818B8 		.ascii	"\267(\030\270-O\355-\270`{\206\374\321\215Cv\334\347"
 118      2D4FED2D 
 118      B8607B86 
 118      FCD18D43 
 118      76DCE7
 119 024b 6B9D84D4 		.ascii	"k\235\204\3246\364N\012mD\234@x\214X\2232\361\275$j"
ARM GAS  /tmp/ccLU0gXb.s 			page 9


 119      36F44E0A 
 119      6D449C40 
 119      788C5893 
 119      32F1BD24 
 120 0260 449C4C24 		.ascii	"D\234L$\326\246L\234\222D;\021\247e\321\357\\Xl\266"
 120      D6A64C9C 
 120      92443B11 
 120      A765D1EF 
 120      5C586CB6 
 121 0274 9B450798 		.ascii	"\233E\007\230Y\023\370S\026\314J\201\203\004s\2302\021"
 121      5913F853 
 121      16CC4A81 
 121      83047398 
 121      3211
 122 0286 3FC39940 		.ascii	"?\303\231@\244{\243\374\037\240V\315!\376Fg,'+K\307"
 122      A47BA3FC 
 122      1FA056CD 
 122      21FE4667 
 122      2C272B4B 
 123 029b CFF18292 		.ascii	"\317\361\202\222\023\005\036=\247\260\350H\321\001\267"
 123      13051E3D 
 123      A7B0E848 
 123      D101B7
 124 02aa 5E5CAA17 		.ascii	"^\\\252\027\036\366\350'\213K\312Juw\336\376\235\331"
 124      1EF6E827 
 124      8B4BCA4A 
 124      7577DEFE 
 124      9DD9
 125 02bc 7A6EEE6E 		.ascii	"zn\356n\335}\320\235\2677g\337\251\035\024\315/-\313"
 125      DD7DD09D 
 125      B73767DF 
 125      A91D14CD 
 125      2F2DCB
 126 02cf F7788E65 		.ascii	"\367x\216e\035e\177\000&\317,\230"
 126      1D657F00 
 126      26CF2C98 
 127              		.text
 128              		.section	.gnu.lto_st_lld_serve_interrupt.fbea3728653f3715,"e",%progbits
 129 0000 789C8552 		.ascii	"x\234\205RMH\224A\030\236\347\233\331\335Os\221\016"
 129      4D489441 
 129      189EE79B 
 129      D9DD4F73 
 129      910E
 130 0012 9D8C10C4 		.ascii	"\235\214\020\304\203\035\374\264:u\022\214(2:\254\227"
 130      831DFCB4 
 130      3A75128C 
 130      28323AAC 
 130      97
 131 0023 4ED28FA0 		.ascii	"N\322\217\240\264d\270\342\325\331uqI7\327C\345Z-+,"
 131      B464B8E2 
 131      D5D97571 
 131      4937D743 
 131      E55A2D2B 
 132 0038 A25D8C05 		.ascii	"\242]\214\005\017\225\246_kjk\026\026\321)\244$\303"
 132      0F95A65F 
 132      6B6A6B16 
 132      16D129A4 
ARM GAS  /tmp/ccLU0gXb.s 			page 10


 132      24C3
 133 004a A2D20AA2 		.ascii	"\242\322\012\242\202\264wf\004\301\213\3037\303\274"
 133      82B47766 
 133      04C18BC3 
 133      37C3BC
 134 0059 EFFBCCF3 		.ascii	"\357\373\314\363\274\3177c30\306\031;\301\030;J\023"
 134      BCCF3763 
 134      3330C619 
 134      3BC1183B 
 134      4A13
 135 006b 1E064B4A 		.ascii	"\036\006KJY\343\013\333\226\305\273G\023\373\204,\024"
 135      59E30BDB 
 135      96C5BB47 
 135      13FB842C 
 135      14
 136 007c BF5EAE1F 		.ascii	"\277^\256\037\024\262\210C\350\032\004\2407\322\006"
 136      14B28843 
 136      E81A04A0 
 136      37D206
 137 008b EBB0B840 		.ascii	"\353\260\270@\007\022\274\237#\027\373\370\300\252\030"
 137      0712BC9F 
 137      2317FBF8 
 137      C0AA18
 138 009a A69A74FB 		.ascii	"\246\232t\373\373\312\336\313E\311\323D?@\323\014<D"
 138      FBCADECB 
 138      45C9D344 
 138      3F40D30C 
 138      3C44
 139 00ac 0563045D 		.ascii	"\005c\004]\212\244~\027\365R\025\020\024^\237\037\313"
 139      8AA47E17 
 139      F5521510 
 139      145E9F1F 
 139      CB
 140 00bd 17AAD042 		.ascii	"\027\252\320B)\205\367\245\273,\370q(\344\217\017\271"
 140      2985F7A5 
 140      BB2CF871 
 140      28E48F0F 
 140      B9
 141 00ce 6C617946 		.ascii	"layF\312\210t\337\304\371\2351)\257\326\2449\307#p\""
 141      CA8874DF 
 141      C4F99D31 
 141      29AFD6A4 
 141      39C72370 
 142 00e3 C6044A30 		.ascii	"\306\004J0\216\022\303O\370\345\354\306\015\277W`\022"
 142      8E12C34F 
 142      F8E5ECC6 
 142      0DBF5760 
 142      12
 143 00f4 E55BC298 		.ascii	"\345[\302\230\202W\031\205\312\335{\345q\345\306fL\272"
 143      82571985 
 143      CADD7BE5 
 143      71E5C666 
 143      4CBA
 144 0106 B37164F3 		.ascii	"\263qd\363\033\311\262=`i.,\265p\265\020\226p>\265\265"
 144      1BC9B23D 
 144      60692E2C 
 144      B570B510 
ARM GAS  /tmp/ccLU0gXb.s 			page 11


 144      96703EB5 
 145 011b F596B11E 		.ascii	"\365\226\261\036\316\224)\001\3512\026\347\226\011:"
 145      CE942901 
 145      E93216E7 
 145      96093A
 146 012a 29F88CDC 		.ascii	")\370\214\334\304\247\347\331\375J#\305\275\244\337"
 146      C4A7E7D9 
 146      FD4A23C5 
 146      BDA4DF
 147 0139 DBB9B664 		.ascii	"\333\271\266d++\036\335\376\367\225L\242\330\204\372"
 147      2B2B1EDD 
 147      FEF7954C 
 147      A2D884FA 
 148 0149 14A5066F 		.ascii	"\024\245\006o\375\314\370\207\220\011S<\330N:^<&\023"
 148      FDCCF887 
 148      9009533C 
 148      D84E3A5E 
 148      3C2613
 149 015c AE3241E5 		.ascii	"\2562A\345\311\267\253\303\276\252Q\031\015\313\322"
 149      C9B7ABC3 
 149      BEAA5119 
 149      0DCBD2
 150 016b 34F72187 		.ascii	"4\367!\207!$\215\221iTi\305\273/\252\215 v\320\225\356"
 150      21248D91 
 150      695469C5 
 150      BB2FAA8D 
 150      2076D095 
 151 0180 46F64493 		.ascii	"F\366D\223A\221\315h\262\316\233\261\274\307\220\371"
 151      4191CD68 
 151      B2CE9BB1 
 151      BCC790F9 
 152 0190 0C9FFBEE 		.ascii	"\014\237\373\356\332\037\256:\026\330\004f\211H\243"
 152      DA1FAE3A 
 152      16D80466 
 152      8948A3
 153 019f 9A0DC826 		.ascii	"\232\015\310&\227\004\245\\$\031\3737\320Ul\322\026"
 153      9704A55C 
 153      2419FB37 
 153      D0556CD2 
 153      16
 154 01b0 55546B4B 		.ascii	"UTkK\335y\2562;m\036\330\255\261\271m\227OQE\204F5u"
 154      DD79AE32 
 154      3B6D1ED8 
 154      ADB1B96D 
 154      974F5145 
 155 01c8 7BD66F14 		.ascii	"{\326o\0248)\320\271\256\231\276q\277\351\316B\236\310"
 155      3829D0B9 
 155      AE99BE71 
 155      BFE9CE42 
 155      9EC8
 156 01da 56105D9D 		.ascii	"V\020]\235>\262\205!\300\334\332\327\3270\000\206\371"
 156      3EB28521 
 156      C0DCDAD7 
 156      D7300086 
 156      F9
 157 01eb AD8711E7 		.ascii	"\255\207\021\347|q\375\357\010\364\235}\201nQu\221\032"
 157      7C71FDEF 
ARM GAS  /tmp/ccLU0gXb.s 			page 12


 157      08F49D7D 
 157      816E5175 
 157      911A
 158 01fd 59D82C88 		.ascii	"Y\330,\210\"\022\266\323\334\036P\377\005\317\020U\017"
 158      2212B6D3 
 158      DC1E50FF 
 158      05CF1055 
 158      0F
 159 020e A2409F12 		.ascii	"\242@\237\022\3337\375\015\221\301\251\205\275\372\244"
 159      DB37FD0D 
 159      91C1A985 
 159      BDFAA4
 160 021d 1A3DDC5C 		.ascii	"\032=\334\\(\"\256\012k++\035\372.5\266^n\014:\265M"
 160      2822AE0A 
 160      6B2B2B1D 
 160      FA2E35B6 
 160      5E6E0C3A 
 161 0233 CDE79BCF 		.ascii	"\315\347\233\317\004\234\226\220\323t.\350\\iim\013"
 161      049C9690 
 161      D3742EE8 
 161      5C69696D 
 161      0B
 162 0244 3981FAD3 		.ascii	"9\201\372\323\207\0179uu\307\234\300\331@\375\311\332"
 162      870F3975 
 162      75C79CC0 
 162      D940FDC9 
 162      DA
 163 0255 53EDD5AA 		.ascii	"S\355\325\252\332\020jk\010\006/V^`V\250\365?\214\261"
 163      DA106A6B 
 163      08062F56 
 163      5E6056A8 
 163      F53F8CB1 
 164 0269 12BE     		.ascii	"\022\276"
 165              		.text
 166              		.section	.gnu.lto_.symbol_nodes.fbea3728653f3715,"e",%progbits
 167 0000 789C6DCE 		.ascii	"x\234m\316\273\015\302@\020\204\341\331\331\363\231"
 167      BB0DC240 
 167      1084E1D9 
 167      D9F399
 168 000f 0E08A114 		.ascii	"\016\010\241\024\220(\205>\366\002\027@\015\210\000"
 168      9028853E 
 168      F6021740 
 168      0D8800
 169 001e 102F9199 		.ascii	"\020/\221\231\014\211\030Q\212c'pp\016\010v\242_\372"
 169      0C891851 
 169      8A632770 
 169      700E0876 
 169      A25FFA
 170 0031 82DD1104 		.ascii	"\202\335\021\004c\001\300+\015)/\310\352\011\030\244"
 170      6301C02B 
 170      0D292FC8 
 170      EA0918A4 
 171 0041 6DEE698A 		.ascii	"m\356i\212\257\201;\232\374#ni>\320\236F\237\344@\323"
 171      AF813B9A 
 171      FC236E69 
 171      3ED09E46 
 171      9FE440D3 
ARM GAS  /tmp/ccLU0gXb.s 			page 13


 172 0055 F7B0C98F 		.ascii	"\367\260\311\217\221O\314\262\034i\301\227\023\255\362"
 172      914FCCB2 
 172      1C69C197 
 172      13ADF2
 173 0064 E54C8BBE 		.ascii	"\345L\213\276\\h\265+\212\272\274\366\020E,\271\311"
 173      5C68B52B 
 173      8ABABCF6 
 173      10452CB9 
 173      C9
 174 0075 59956C72 		.ascii	"Y\225lr\206\222K\205\226Z(\361\352\372\255\310:\342"
 174      86924B85 
 174      965A28F1 
 174      EAFAADC8 
 174      3AE2
 175 0087 03B41461 		.ascii	"\003\264\024aq"
 175      71
 176              		.text
 177              		.section	.gnu.lto_.refs.fbea3728653f3715,"e",%progbits
 178 0000 789CE360 		.ascii	"x\234\343``\004B \000\000\000]\000\013"
 178      60044220 
 178      0000005D 
 178      000B
 179              		.text
 180              		.section	.gnu.lto_.decls.fbea3728653f3715,"e",%progbits
 181 0000 789CCD58 		.ascii	"x\234\315X\013P\024G\032\336\236^`wY\321\303\304$e\345"
 181      0B501447 
 181      1ADE9E5E 
 181      607759D1 
 181      C3C42465 
 182 0015 CACB5965 		.ascii	"\312\313Ye\352\022]A\357r\251\\]E\027\024*\022\255]"
 182      EA125D41 
 182      EF72A95C 
 182      5D451714 
 182      2A12AD5D 
 183 0029 727597BA 		.ascii	"ru\227\272d\213\340\032\250\360\260\026\314i\325\325"
 183      648BE01A 
 183      A8F0B016 
 183      CC69D5D5 
 184 0039 6578A888 		.ascii	"ex\250\210\250\370\300\007\276\021\237\010\276E|\261"
 184      A8F8C007 
 184      BE119F08 
 184      BE457CB1 
 185 0049 B282802F 		.ascii	"\262\202\200/DP\036\202+\212 >@\024QD\275\277\247g\231"
 185      44501E82 
 185      2B8A203E 
 185      40145144 
 185      BDBFA767 
 186 005e DE19D7F2 		.ascii	"\336\031\327\362\352\352\252n\364\333\231\277\373\353"
 186      EAEAAA6E 
 186      F4DB99BF 
 186      FBEB
 187 006c AFFFEEBF 		.ascii	"\257\377\356\277g\372o4*\244\212\035\256R\351\274T\252"
 187      67FA6F34 
 187      2AA48A1D 
 187      AE52E9BC 
 187      54AA
 188 007e 34A452BD 		.ascii	"4\244R\275\202K\255R\251.\251\244K\003(\005\234\001"
ARM GAS  /tmp/ccLU0gXb.s 			page 14


 188      824BAD52 
 188      A92EA9A4 
 188      4B032805 
 188      9C01
 189 0090 38001580 		.ascii	"8\000\025\200\263\200\363\200\2132\256\353Z\010ZZ\270"
 189      B380F380 
 189      8B32AEEB 
 189      5A085A5A 
 189      B8
 190 00a1 4701FC01 		.ascii	"G\001\374\001\357\000\256\002>\200\362_\003~\013\030"
 190      EF00AE02 
 190      3E80F25F 
 190      037E0B18 
 191 00b1 092811F9 		.ascii	"\011(\021\371zQ\233\364\363;(\377\024I\375\214A\264"
 191      7A519BF4 
 191      F33B28FF 
 191      1449FD8C 
 191      41B4
 192 00c3 AFB1700F 		.ascii	"\257\261p\017D\236\373\\\002u:\261\317Q\000\036\354"
 192      449EFB5C 
 192      02753AB1 
 192      CF51001E 
 192      EC
 193 00d4 5F004DA2 		.ascii	"_\000M\242?\351\210\366\377>\340.\224\371\002f\303\363"
 193      3FE988F6 
 193      FF3EE02E 
 193      94F90266 
 193      C3F3
 194 00e6 7444C73E 		.ascii	"tD\307>\004\340\005\320\003\324\200_\001|\000\303\000"
 194      04E005D0 
 194      03D4805F 
 194      017C00C3 
 194      00
 195 00f7 1A0012E7 		.ascii	"\032\000\022\347@~\315g\372e\307:J%\365G|\310\200\373"
 195      407ECD67 
 195      FA65C73A 
 195      4A25F547 
 195      7CC880FB 
 196 010b 69B873A4 		.ascii	"i\270s\244oQ\237c\306-\277Va\264\271\311Y\254\275\201"
 196      6F519F63 
 196      C62DBF56 
 196      61B4B9C9 
 196      59ACBD81 
 197 011f AE23C243 		.ascii	"\256#\302C\210C*\362\217\374\020g\350\035\221g$\306"
 197      88432AF2 
 197      8FFC1067 
 197      E81D9167 
 197      24C6
 198 0131 4EB810B9 		.ascii	"N\270\020\271D\236Jt\334UFo\256\037Z\306\211*\234\330"
 198      449E4A74 
 198      DC55466F 
 198      AE1F5AC6 
 198      892A9CD8 
 199 0145 31A26DA8 		.ascii	"1\242m\250\272`2\322\264\036\211\365.\021\332\200z%"
 199      BA6032D2 
 199      B41E89F5 
 199      2E11DA80 
ARM GAS  /tmp/ccLU0gXb.s 			page 15


 199      7A25
 200 0157 35148B38 		.ascii	"5\024\2138\261;\266\005Rx,\011\252\006D]\027\032\230"
 200      B13BB605 
 200      52782C09 
 200      AA06445D 
 200      171A98
 201 016a 91573525 		.ascii	"\221W5%\345\332\026\344L\342y\276*\034\371e\216\200"
 201      E5DA16E4 
 201      4CE279BE 
 201      2A1CF965 
 201      8E80
 202 017c 4A287FD1 		.ascii	"J(\177\321v\335\341\203?\024\236w\235\334\260@\207\277"
 202      76DDE183 
 202      3F149E77 
 202      9DDCB040 
 202      87BF
 203 018e 109ED7AF 		.ascii	"\020\236\327\257\\\231\243\307&\3419\325\336\271Gm\310"
 203      5C99A3C7 
 203      26E139D5 
 203      DEB9476D 
 203      C8
 204 019f E7E9A5C9 		.ascii	"\347\351\245\311\367R\241\223\010K\263=\2574\363\330"
 204      F752A193 
 204      084BB33D 
 204      AF34F3D8 
 205 01af A0C518F9 		.ascii	"\240\305\030\371\353\020G&\277\266*\031\201\371\216"
 205      EB104726 
 205      BFB62A19 
 205      81F98E
 206 01be 0E0D0133 		.ascii	"\016\015\0013+\347t\215\366\275,\32243\205\037\302\241"
 206      2BE7748D 
 206      F6BD2CD2 
 206      3433851F 
 206      C2A1
 207 01d0 A861E814 		.ascii	"\250a\350\024\032\216\354\010\336\037T\202\336S\241"
 207      1A8EEC08 
 207      DE1F5482 
 207      DE53A1
 208 01df 596A2AB4 		.ascii	"Yj*\264|uv'\372h\023\357t\362\366\336\274\021\031\216"
 208      7C757627 
 208      FA6813EF 
 208      74F2F6DE 
 208      BC11198E 
 209 01f3 3B3C9FCE 		.ascii	";<\237\316\363j5\241\241\023\010\243bd\020\306\005\317"
 209      F36A35A1 
 209      A11308A3 
 209      626410C6 
 209      05CF
 210 0205 2A740CB5 		.ascii	"*t\014\265 t\024\335@B\3437\367s\232\355\347e\347\311"
 210      207414DD 
 210      4042E337 
 210      F7739AED 
 210      E765E7C9 
 211 0219 7E2DF463 		.ascii	"~-\364c\207~\252\222\270\035\320d,a\240\343\003] \007"
 211      877EAA92 
 211      B81DD064 
 211      2C61A0E3 
ARM GAS  /tmp/ccLU0gXb.s 			page 16


 211      035D2007 
 212 022d FA88986E 		.ascii	"\372\210\230n\275\240R\364\0214\177\230\321\271i0\206"
 212      BDA052F4 
 212      11347F98 
 212      D1B96930 
 212      86
 213 023e 52A1DB1B 		.ascii	"R\241\333\033\265\033\275E\237\373\376\231\315\333\223"
 213      B51BBD45 
 213      9FFBFE99 
 213      CDDB93
 214 024d 418D131C 		.ascii	"A\215\023\034.c\034.\223K\235\021\244\026\034O\257R"
 214      2E631C2E 
 214      934B9D11 
 214      A4161C4F 
 214      AF52
 215 025f E30754AA 		.ascii	"\343\007T\252\363\305\2652\342\226\223\347\355\235\025"
 215      F3C5B532 
 215      E29693E7 
 215      ED9D15
 216 026e 23B3F7B6 		.ascii	"#\263\367\266\363i:a\212P9#U.\316=\252\020$\212\323"
 216      F3693A61 
 216      8A503923 
 216      552ECE3D 
 216      AA10248A 
 217 0283 D65E51E3 		.ascii	"\326^Q\343c\234 q\377\260\263J'J\334m\030\231\177\220"
 217      639C2071 
 217      FFB0B34A 
 217      274ADC6D 
 217      18997F90 
 218 0297 4FF51204 		.ascii	"O\365\022\004*\031\201J\227\300Y\352C\241c\021\306)"
 218      2A19814A 
 218      97C059EA 
 218      43A16311 
 218      C629
 219 02a9 58106868 		.ascii	"X\020hh\357O\363\025\005\036u\214l\030\0208\307\010"
 219      EF4FF315 
 219      051E758C 
 219      6C181038 
 219      C708
 220 02bb 9C73099C 		.ascii	"\234s\011\234\027\004j\366\317o\323\340\022*\260y\375"
 220      17046AF6 
 220      CF6FD3E0 
 220      122AB079 
 220      FD
 221 02cc 8E4BDE03 		.ascii	"\216K\336\003\036|,yp\201\021\270\340\022\270(\010\324"
 221      1E7C2C79 
 221      708111B8 
 221      E012B828 
 221      08D4
 222 02de D62DEEF5 		.ascii	"\326-\356\365\303\315T\340\371\352'\373\364.\201\212"
 222      C3CD54E0 
 222      F9EA27FB 
 222      F42E818A 
 223 02ee 8FB30704 		.ascii	"\217\263\007\004\252\030\201*\227\300%A\340\370\274"
 223      AA18812A 
 223      97C02541 
 223      E0F8BC
ARM GAS  /tmp/ccLU0gXb.s 			page 17


 224 02fd 17277D60 		.ascii	"\027'}`\311\215\322!\362Z\014\206\2423\235\367k\020"
 224      C98DD221 
 224      F25A0C86 
 224      A2339DF7 
 224      6B10
 225 030f 2D22AA3B 		.ascii	"-\"\252;s\227\346x\343~\332Es\362\372\247z\272`\325"
 225      7397E678 
 225      E37EDA45 
 225      73F2FAA7 
 225      7ABA60D5 
 226 0323 60AEA83C 		.ascii	"`\256\250<X\241\243\013v\004\230\331\316\274\315z]\032"
 226      58A1A30B 
 226      760498D9 
 226      CEBCCD7A 
 226      5D1A
 227 0335 CF27F39B 		.ascii	"\317'\363\233Rxm\210\012]\201eT\013\313\010\325 A\020"
 227      52786D88 
 227      0A5D8165 
 227      540BCB08 
 227      D5204110 
 228 0349 BC4097A1 		.ascii	"\274@\227\241\254\232\224]E:\341=*)\360\242\222u\244"
 228      AC9A945D 
 228      453AE13D 
 228      2A29F0A2 
 228      9275A4
 229 035c 8BE2572B 		.ascii	"\213\342W+\213\325\324\326\220U\262\353T\277\236va'"
 229      8BD5D4D6 
 229      9055B2EB 
 229      54BF9E76 
 229      6127
 230 036e D587330B 		.ascii	"\325\2073\013\347\211\325U\304v\\9\323\245\306s\325"
 230      E789D555 
 230      C4765C39 
 230      D3A5C673 
 230      D5
 231 037f 827B15FD 		.ascii	"\202{\025\375\245g\004\007R\336\306\001hp\356\334\363"
 231      A5670407 
 231      52DEC601 
 231      6870EEDC 
 231      F3
 232 0390 F35E7821 		.ascii	"\363^x!m}vmU\222\216J\227\023{\305Q\3071_\274\230V\336"
 232      6D7D766D 
 232      55928E4A 
 232      97137BC5 
 232      51C7315F 
 233 03a8 4C6F7178 		.ascii	"Loqx\343\345\324p9\345/:\265\261\261\007\226\306*Z\351"
 233      E3E5D470 
 233      39E52F3A 
 233      B5B1B107 
 233      96C62A5A 
 234 03bd 286CBCC3 		.ascii	"(l\274\303\321\312\261\314K\355O_\352\374Wmk\007\323"
 234      D1CAB1CC 
 234      4BED4F5F 
 234      EAFC576D 
 234      6B07D3
 235 03d0 F1F008EC 		.ascii	"\361\360\010\354\023\325\327\276\304\353h\313\344\332"
 235      13D5D7BE 
ARM GAS  /tmp/ccLU0gXb.s 			page 18


 235      C4EB68CB 
 235      E4DA
 236 03de DD857E94 		.ascii	"\335\205~\224\212\301,\273RV\251!\243\341\351hH\271"
 236      8AC12CBB 
 236      5256A921 
 236      A3E1E968 
 236      48B9
 237 03f0 6B3C2A74 		.ascii	"k<*t\007\301\0127\014G\355t$9\367\327\361Z\377L\341"
 237      07C10A37 
 237      0C47ED74 
 237      2439F7D7 
 237      F15AFF4C 
 238 0405 25E6F92F 		.ascii	"%\346\371/\325dv\321m`\267\012\354\016\344O\233\010"
 238      D56476D1 
 238      6D60B70A 
 238      EC0EE44F 
 238      9B08
 239 0417 AF714F45 		.ascii	"\257qOE\335N_\226\334\364\006r\301\226\255\253tx\023"
 239      DD4E5F96 
 239      DCF40672 
 239      C196ADAB 
 239      747813
 240 042a 75B135E7 		.ascii	"u\2615\347\336\273\324\303\217\301\332\366\344X\212"
 240      DEBBD4C3 
 240      8FC1DAF6 
 240      E4588A
 241 0439 06E7D2AA 		.ascii	"\006\347\322\252\345'\327\237\367\301;\250\341Z\031"
 241      E527D79F 
 241      F7C13BA8 
 241      E15A19
 242 0448 FE746524 		.ascii	"\376te$_\235\210w\323\232\342\245\313\232\020\336K\215"
 242      5F9D8877 
 242      D39AE2A5 
 242      CB9A10DE 
 242      4B8D
 243 045a FCC3196B 		.ascii	"\374\303\031k}(\355}2\257g\357\216\302\207h\325\313"
 243      7D28ED7D 
 243      32AF67EF 
 243      8EC28768 
 243      D5CB
 244 046c 72C7287C 		.ascii	"r\307(|\214>\227\035\336\261\035\341S\324\350\316.\273"
 244      8C3E971D 
 244      DEB11DE1 
 244      53D4E8CE 
 244      2EBB
 245 047e ABC3A5D4 		.ascii	"\253\303\245\324\330T\275\356\210\006\227Sc\333\323"
 245      D854BDEE 
 245      88069753 
 245      63DBD3
 246 048d 95DBF4F8 		.ascii	"\225\333\364\370<5j\212j\323|q55\322\366\355[\355\213"
 246      3C356A8A 
 246      6AD37C71 
 246      3535D2F6 
 246      ED5BED8B 
 247 04a1 AF50E368 		.ascii	"\257P\343h\355\331\034q\232\235\304\276t\360\370\012"
 247      EDD91C71 
 247      9A9DC4BE 
ARM GAS  /tmp/ccLU0gXb.s 			page 19


 247      74F0F80A 
 248 04b1 8D18126F 		.ascii	"\215\030\022o\260\323\253\317\365\"\334@\311\205'\032"
 248      B0D3ABCF 
 248      F522DC40 
 248      C985271A 
 249 04c1 96F8790C 		.ascii	"\226\370y\014\302+1\010c\205\030\244=\330j\327\313c"
 249      C22B3108 
 249      638518A4 
 249      3DD86AD7 
 249      CB63
 250 04d3 D000E47A 		.ascii	"\320\000\344z\201\314s\376\264\2050\255\371u\017[\261"
 250      81CC73FE 
 250      B48530AD 
 250      F9750F5B 
 250      B1
 251 04e4 3C061EC8 		.ascii	"<\006\036\310\357.\310\335W\244E#\225\327\320\2219|"
 251      EF2EC8DD 
 251      57A44523 
 251      95D7D091 
 251      397C
 252 04f6 6A0A6F7F 		.ascii	"j\012o\177\265\026\027\354\273u)\211\317\035+\010]\203"
 252      B51617EC 
 252      BB752989 
 252      CF1D2B08 
 252      5D83
 253 0508 E59EC50D 		.ascii	"\345\236\305\015e\\m\024~\257\220_\332\244\362\027\370"
 253      655C6D14 
 253      7EAF905F 
 253      DAA4F217 
 253      F8
 254 0519 E6A67A0B 		.ascii	"\346\246z\013\364g\012:\365\"\200\262\223x{K\032N\022"
 254      F4670A3A 
 254      F52280B2 
 254      93787B4B 
 254      1A4E12
 255 052c E877913F 		.ascii	"\350w\221?j\023\351\322\222\271%W\257N\303\222\374\003"
 255      6A13E9D2 
 255      92B92557 
 255      AF4EC392 
 255      FC03
 256 053e 85FC7D39 		.ascii	"\205\374}9\277\233\361\346\261\202\376HN/a\350}\012"
 256      BF9BF1E6 
 256      B182FE48 
 256      4E2F61E8 
 256      7D0A
 257 0550 BA41C6EE 		.ascii	"\272A\306\356\373\227\304~\376zv\300\000\271\201\365"
 257      FB97C47E 
 257      FE7A76C0 
 257      00B981F5 
 258 0560 FC9E827D 		.ascii	"\374\236\202}\013\311\350\351\014\375\206\202~]Ng\034"
 258      0BC9E8E9 
 258      0CFD8682 
 258      7E5D4E67 
 258      1C
 259 0571 EF55B05B 		.ascii	"\357U\260[e\354\016\206\335\343aV\244\030\365\245\213"
 259      65EC0E86 
 259      DDE36156 
ARM GAS  /tmp/ccLU0gXb.s 			page 20


 259      A418F5A5 
 259      8B
 260 0582 314AE2FC 		.ascii	"1J\342\374\321K\221.-\251:\231x\013\353\271\323\203"
 260      D14B912E 
 260      2DA93A99 
 260      780BEBB9 
 260      D383
 261 0594 E7EC2C32 		.ascii	"\347\354,2\316t+\350]2\365Jv\032;=,\000\211^\315\210"
 261      CE742BE8 
 261      5D32F54A 
 261      761A3B3D 
 261      2C00895E 
 262 05aa 3FF5B01A 		.ascii	"?\365\260\032\331\370\263\352\017=8\303\360;\330\261"
 262      D9F8B3EA 
 262      0F3D38C3 
 262      F03BD8B1 
 263 05ba 367B7839 		.ascii	"6{x9\230yg\345o*\350-\222\374R\361\005\346\221Z\205"
 263      987967E5 
 263      6F2AE82D 
 263      92FC52F1 
 263      05E6915A 
 264 05cf 5E00A35F 		.ascii	"^\000\243_\250#|\262\327\244q#\321|@\012`)`!`% \003"
 264      A8237CB2 
 264      D7A47123 
 264      D17C400A 
 264      60296021 
 265 05e7 300FB004 		.ascii	"0\017\260\004\260\014\220\011\230\013X\000H\005\254"
 265      B00C9009 
 265      980B5800 
 265      4805AC
 266 05f6 00A40316 		.ascii	"\000\244\003\026\003\226\003\222\001\213\270\221d\347"
 266      03960392 
 266      018BB891 
 266      64E7
 267 0604 1683C7CC 		.ascii	"\026\203\307\314\327\023\017\353Hp\020>5M\347\256\354"
 267      D7130FEB 
 267      4870103E 
 267      354DE7AE 
 267      EC
 268 0615 F0C31BBC 		.ascii	"\360\303\033\274\350.Ws\344\300\240\241\257u\033\255"
 268      E82E5773 
 268      E4C0A0A1 
 268      AF751BAD 
 269 0625 E2F0FFD2 		.ascii	"\342\360\377\322s\350\275\250\264\260\334W\237>\220"
 269      73E8BDA8 
 269      B4B0DC57 
 269      9F3E90
 270 0634 22A0D56E 		.ascii	"\"\240\325n~\257\341\310\271\214\334Hr\363\364D\237"
 270      7EAFE1C8 
 270      B98CDC48 
 270      72F3F444 
 270      9F
 271 0645 1EEF12DC 		.ascii	"\036\357\022\334\306I\351}\365\030\351\206#\340\"!\305"
 271      C649E97D 
 271      F518E986 
 271      23E02221 
 271      C5
ARM GAS  /tmp/ccLU0gXb.s 			page 21


 272 0656 E0B7F0F8 		.ascii	"\340\267\360\370}\025\032'|}Q6\270\276\226\203\257\361"
 272      7D151A27 
 272      7C7D5136 
 272      B8BE9683 
 272      AFF1
 273 0668 3A6E385A 		.ascii	":n8Z\317\015W\255\3415B\301\032\036\330]\277\010\317"
 273      CF0D57AD 
 273      E13542C1 
 273      1A1ED85D 
 273      BF08CF
 274 067b 207AA4A0 		.ascii	" z\244\240\244Y-}v\021)g\262\335\015\322g\227<\223\015"
 274      A4592D7D 
 274      76112967 
 274      B2DD0DD2 
 274      67973C93 
 275 0690 E0E29A55 		.ascii	"\340\342\232U\336t\267 \233\203\375Ys\273\347My\023"
 275      DE74B720 
 275      9B83FD59 
 275      73BBE74D 
 275      7913
 276 06a2 47F7838D 		.ascii	"G\367\203\215\234\260!8\327\344\256\024\333\372\220"
 276      9CB02138 
 276      D7E4AE14 
 276      DBFA90
 277 06b1 8D6679C3 		.ascii	"\215fy\303u-\335h\376H\302Rp\241\311K\356J\016\270\277"
 277      752DDD68 
 277      FE48C252 
 277      70A1C94B 
 277      EE4A0EB8 
 278 06c6 99235A5B 		.ascii	"\231#Z[\210+D\220>\223\034\244\364\301\243A\354\344"
 278      882B4490 
 278      3E931CA4 
 278      F4C1A341 
 278      ECE4
 279 06d8 91E44EEA 		.ascii	"\221\344N\352<\227N^\2560yWo\227L\307{h\310w\345o\330"
 279      3C974E5E 
 279      AE307957 
 279      6F974CC7 
 279      7B68C877 
 280 06ef EB874F50 		.ascii	"\353\207OPca\211c\235\267\232S\241m\034\2461\271\335"
 280      63618963 
 280      9DB79A53 
 280      A16D1CA6 
 280      31B9DD
 281 0702 BCB8D10B 		.ascii	"\274\270\321\013J\204\214\214\244\372P\266\372\376\372"
 281      4A848C8C 
 281      A4FA50B6 
 281      FAFEFA
 282 0711 0E5F8F67 		.ascii	"\016_\217g\202\235\034\234\011vp\342\241\300~\350t\275"
 282      829D1C9C 
 282      097670E2 
 282      A1C07EE8 
 282      74BD
 283 0723 8F7828B8 		.ascii	"\217x(\270^\204\033;\027/\3427%\361_\226s\204\210\266"
 283      5E841B3B 
 283      172FE237 
 283      25F15F96 
ARM GAS  /tmp/ccLU0gXb.s 			page 22


 283      738488B6 
 284 0737 7262F689 		.ascii	"rb\366\211\266C\013b\272\347\363\2738\222\210v=9\273"
 284      B6430B62 
 284      BAE7F3BB 
 284      38928876 
 284      3D39BB
 285 074a 14E365DE 		.ascii	"\024\343e\336\202\217\265\353V\244\251E\305\336\216"
 285      828FB5EB 
 285      56A4A945 
 285      C5DE8E
 286 0759 4F9FD6B5 		.ascii	"O\237\326\265\013\307\231TD\3173y\234\224\317\346\311"
 286      0BC79954 
 286      44CF3379 
 286      9C94CFE6 
 286      C9
 287 076a E5760B72 		.ascii	"\345v\013rO{N\235\322\340-Tns\363\275f,\312=\277\200"
 287      4F7B4E9D 
 287      D2E02D54 
 287      6E73F3BD 
 287      662CCA3D 
 288 0780 8B0EB9CB 		.ascii	"\213\016\271\313\3453r\371r\271\002An\305\3263\013\324"
 288      E53372F9 
 288      72B90241 
 288      6EC5D633 
 288      0BD4
 289 0792 B88DCADD 		.ascii	"\270\215\312\335\336]\260r\260(\007\231\376\363\203"
 289      DE5DB072 
 289      B0280799 
 289      FEF383
 290 07a1 3C3F97E7 		.ascii	"<?\227\347K\250\330\036Fl\217\\l\257 \226SW\277\337"
 290      4BA8D81E 
 290      466C8F5C 
 290      6CAF2096 
 290      5357BFDF 
 291 07b5 1BF751B1 		.ascii	"\033\367Q\261\364\254\2242\235\344\333\311\003\356\276"
 291      F4AC9432 
 291      9DE4DBC9 
 291      03EEBE
 292 07c4 ED63E4F6 		.ascii	"\355c\344\366\311\345\366\013r\315\225\305"
 292      C9E5F60B 
 292      72CD95C5 
 293 07d0 37C58C38 		.ascii	"7\305\2148\215d\224\375;n\017\303K|\336\"{9$\256V\203"
 293      8D6494FD 
 293      3B6E0FC3 
 293      4B7CDE22 
 293      7B3924AE 
 294 07e6 B0581B4A 		.ascii	"\260X\033J\017\326\213I!p\305\354E\"\037&\313\361\020"
 294      0FD68B49 
 294      2170C5EC 
 294      45221F26 
 294      CBF110
 295 07f9 E7CA5EC4 		.ascii	"\347\312^\3044\326_Lcs\2178\373\021^C{\265\227e\334"
 295      34D65F4C 
 295      63738F38 
 295      FB115E43 
 295      7BB59765 
 296 080e 4738971A 		.ascii	"G8\227\032\031\213\262zE\346S\341<]\322[7\010\357\242"
ARM GAS  /tmp/ccLU0gXb.s 			page 23


 296      198BB27A 
 296      45E653E1 
 296      3C5DD25B 
 296      3708EFA2 
 297 0822 95FB336E 		.ascii	"\225\3733nw\213\211t\027\261W\025\265t\371\341\203\264"
 297      778B8974 
 297      17B15715 
 297      B574F9E1 
 297      83B4
 298 0834 72A9A3E7 		.ascii	"r\251\243\347\221/>B\015G\246\375\224\370*\265\013\307"
 298      912F3E42 
 298      0D47A6FD 
 298      94F82AB5 
 298      0BC7
 299 0846 ECFEFE54 		.ascii	"\354\376\376T5>A+\253\223\227\347z\3433\324x\376`{\227"
 299      353E412B 
 299      AB9397E7 
 299      7AE333D4 
 299      78FE607B 
 300 085b 37BE2436 		.ascii	"7\276$6{\264\356\241\0367RcnnM\206\017n\245\306\243"
 300      7BB4EEA1 
 300      1E375263 
 300      6E6E4D86 
 300      0F6EA5C6 
 301 0870 C645657A 		.ascii	"\306Eez\334I\215\323\3457/k\3603j$\265\357\235\017\307"
 301      DC498DD3 
 301      E5372F6B 
 301      F0336A24 
 301      B5EF9D0F 
 302 0885 3A8D603C 		.ascii	":\215`<\254r\244k\361\"j\234_\260,\213\303Y\324p\275"
 302      AC72A46B 
 302      F1226A9C 
 302      5FB02C8B 
 302      C359D470 
 303 089a CDFEF46D 		.ascii	"\315\376\364m~\265\266k\275\036\257\247u\307\267\314"
 303      7EB5B66B 
 303      BD1EAFA7 
 303      75C7B7CC 
 304 08aa DDA9C1DB 		.ascii	"\335\251\301\333\251\221za\3215=\336C\215\202\366\371"
 304      A9917A61 
 304      D1353DDE 
 304      438D82F6 
 304      F9
 305 08bb 761F5C28 		.ascii	"v\037\\(\322\316?\333\355\207\213E\243\361\220\001W"
 305      D2CE3FDB 
 305      ED878B45 
 305      A3F19001 
 305      57
 306 08cc D0E7CDED 		.ascii	"\320\347\315\355E\313\007\343jj\334hjK\367\303\215\324"
 306      45CB07E3 
 306      6A6ADC68 
 306      6A4BF7C3 
 306      8DD4
 307 08de 98579C75 		.ascii	"\230W\234uB\213[\251q\332\011[\331\003\372|7\335^\317"
 307      428B5BA9 
 307      71DA095B 
 307      D903FA7C 
ARM GAS  /tmp/ccLU0gXb.s 			page 24


 307      37DD5ECF 
 308 08f2 E15E6AEC 		.ascii	"\341^j\354,Zt\303\013\363Zzt)L}\242\306\251\324\310"
 308      2C5A74C3 
 308      0BF35A7A 
 308      74294C7D 
 308      A2C6A9D4 
 309 0907 EBDF50A5 		.ascii	"\353\337P\245\305\013\250Qu\324\331\352\207\227R\343"
 309      C50BA851 
 309      75D4D9EA 
 309      879752E3 
 310 0917 D086CD65 		.ascii	"\320\206\315e\342\037#2IHonwlp\235T\264$\273\276\234"
 310      E21F2332 
 310      49486F6E 
 310      776C709D 
 310      54B424BB 
 311 092d FDD01BAF 		.ascii	"\375\320\033\257\020\310\277Y\334\362\270\211C\262T"
 311      10C8BF59 
 311      DCF2B889 
 311      43B254
 312 093c 5479E590 		.ascii	"Ty\345\220\325do\313\363\272\237W\011\313*\031\223\274"
 312      D5646FCB 
 312      F3BA9F57 
 312      09CB2A19 
 312      93BC
 313 094e 169D8145 		.ascii	"\026\235\201E\335\341\226\232\310\263\244\222\357\244"
 313      DDE1969A 
 313      C8B3A492 
 313      EFA4
 314 095c DDAD5664 		.ascii	"\335\255Vd\277!K\372\273\304\256S\260\345\311`\007\243"
 314      BF214BFA 
 314      BBC4AE53 
 314      B0E5C960 
 314      07A3
 315 096e 5DA5602B 		.ascii	"]\245`+2\207\356\357%z\231\202.O\034Z\030W\352_\357"
 315      3287EEEF 
 315      257A9982 
 315      2E4F1C5A 
 315      1857EA5F 
 316 0983 8A44EE63 		.ascii	"\212D\356c\244K=H\263)\265E\242\227(\350\375\362Ia\330"
 316      A44B3D48 
 316      B329B545 
 316      A29728E8 
 316      FDF24961 
 317 0998 2715ECE3 		.ascii	"'\025\354\343\234,-e\330\247<h3\256\2640sx\311\303\034"
 317      9C2C2D65 
 317      D8A73C68 
 317      33AEB430 
 317      7378C9C3 
 318 09ad 527112FF 		.ascii	"Rq\022\377\356\357hZJb\177Q\021{y&X\022%i\027)\264\013"
 318      EEEF685A 
 318      4A627F51 
 318      117B7926 
 318      58122569 
 319 09c5 071C774B 		.ascii	"\007\034wKa\032a\333l\020\252:\304\374\245\005\362\216"
 319      611A61DB 
 319      6C10AA3A 
 319      C4FCA505 
ARM GAS  /tmp/ccLU0gXb.s 			page 25


 319      F28E
 320 09d7 EB801EC0 		.ascii	"\353\200\036\3003@3\340>\240\037\320\007h\0038\001\355"
 320      334033E0 
 320      3EA01FD0 
 320      07680338 
 320      01ED
 321 09e9 80E7802E 		.ascii	"\200\347\200.\300C@7\340)\340\036\240\011p\003p\023"
 321      C0434037 
 321      E029E01E 
 321      A0097003 
 321      7013
 322 09fb D00B7800 		.ascii	"\320\013x\000\270\005\270\015x\004h\005\334\005t\002"
 322      B805B80D 
 322      78046805 
 322      DC057402 
 323 0a0b EE005E00 		.ascii	"\356\000^\000\236\000\036\263\231Z73\265'<\004\202\235"
 323      9E001EB3 
 323      995A3733 
 323      B5273C04 
 323      829D
 324 0a1d 5A665194 		.ascii	"ZfQ\224+\350-\362HT2\221\250\361\360\246\210tH\033\354"
 324      2BE82DF2 
 324      48543291 
 324      A8F1F0A6 
 324      8874481B 
 325 0a32 95A233E4 		.ascii	"\225\2423\344\333\356P\320\353\334\350\020\271>\213"
 325      DBEE50D0 
 325      EBDCE810 
 325      B93E8B
 326 0a41 14B9638A 		.ascii	"\024\271c\212\310\035\225-\242\022\306\365\363\012q"
 326      C81D952D 
 326      A212C6F5 
 326      F30A71
 327 0a50 C511B192 		.ascii	"\305\021\261\222\241\237S\320+\031q\342y\365\367\222"
 327      A19F53D0 
 327      2B1971E2 
 327      79F5F792 
 328 0a60 E7673DB0 		.ascii	"\347g=\260\031\317[\030\317\355\012\317\213\345\313"
 328      19CF5B18 
 328      CFED0ACF 
 328      8BE5CB
 329 0a6f 9F5973D7 		.ascii	"\237Ys\327\024\342\007\3441\352f\336\362\253\012z\275"
 329      14E207E4 
 329      31EA66DE 
 329      F2AB0A7A 
 329      BD
 330 0a80 6CF9578B 		.ascii	"l\371W\213\342\260\203\242\203\036\304\231Id\226\313"
 330      E2B083A2 
 330      831EC499 
 330      496496CB 
 331 0a90 690F1162 		.ascii	"i\017\021b\034g\346\260\302\303ja>8\214\337W<\370\315"
 331      1C67E6B0 
 331      C2C36A61 
 331      3E388CDF 
 331      573CF8CD 
 332 0aa4 2C9686EF 		.ascii	",\226\206\357\244)\257V\320\025g\362>f)^\360\020~\346"
 332      A429AF56 
ARM GAS  /tmp/ccLU0gXb.s 			page 26


 332      D01567F2 
 332      3E66295E 
 332      F0107EE6 
 333 0ab8 C0C7B02F 		.ascii	"\300\307\260/{\020gN\223L\200\216x\370(\270\216;=\273"
 333      7B10674E 
 333      934C808E 
 333      78F828B8 
 333      8E3B3DBB 
 334 0acc 7737F9E2 		.ascii	"w7\371\342F\272\253\335y\334{G?\364\265\337\012\364"
 334      46BAABDD 
 334      79DC7B47 
 334      3FF4B5DF 
 334      0AF4
 335 0ade 5214FA3F 		.ascii	"R\024\372?\371\\\220=\267\305\371\220c3\374Wn\343\344"
 335      F95C903D 
 335      B7C5F990 
 335      6333FC57 
 335      6EE3E4
 336 0af1 B190E1C3 		.ascii	"\261\220\341\303\015\270\317\252\027\317\365\302mt\230"
 336      0DB8CFAA 
 336      17CFF5C2 
 336      6D7498
 337 0b00 8EA6BD7B 		.ascii	"\216\246\275{5\370\0015^\334*vjq\217`x\3657\347\365"
 337      35F80135 
 337      5EDC2A76 
 337      6A718F60 
 337      78F537E7 
 338 0b15 7823E64F 		.ascii	"x#\346OE%\177\222\2462\005c4\037\277\361\244\335\375"
 338      45257F92 
 338      A6320563 
 338      341FBFF1 
 338      A4DDFD
 339 0b28 85FB8EE6 		.ascii	"\205\373\216\346NWl\256\014;Y!>\260\377\271\305C\372"
 339      4E576CAE 
 339      0C3B5921 
 339      3EB0FFB9 
 339      C543FA
 340 0b3b 2B126193 		.ascii	"+\022a\223`\314\303p\246\004\244\001R1\363-\355c\344"
 340      60CCC370 
 340      A604A401 
 340      5231F32D 
 340      ED63E4
 341 0b4e 933CF81E 		.ascii	"\223<\370\036@W\301\352[/\234\010\367\323\031\251\251"
 341      4057C1EA 
 341      5B2F9C08 
 341      F7D319A9 
 341      A9
 342 0b5f AF5F8387 		.ascii	"\257_\203\207\276\266W\264@\324\361\3201\264>\360hc"
 342      BEB657B4 
 342      40D4F1D0 
 342      31B43EF0 
 342      6863
 343 0b71 A1868D4A 		.ascii	"\241\206\215J\272[\267\013iT\026\012QQ\234\321N\273"
 343      BA5BB70B 
 343      6954160A 
 343      51519CD1 
 343      4EBB
ARM GAS  /tmp/ccLU0gXb.s 			page 27


 344 0b83 9DD13228 		.ascii	"\235\3212(\227\334\270\361*}\204-\366\347\317\254\243"
 344      97DCB8F1 
 344      2A7D842D 
 344      F6E7CFAC 
 344      A3
 345 0b94 633F9931 		.ascii	"c?\2311S\245\213\214\267%Zg\217\216\035\257\3720!\321"
 345      53A58B8C 
 345      B7255A67 
 345      8F8E1DAF 
 345      FA3021D1 
 346 0ba8 121333DD 		.ascii	"\022\0233\335\222`\265\375l\265D\307%Zm\266Y3\023\307"
 346      9260B5FD 
 346      6CB544C7 
 346      255A6DB6 
 346      593313C7 
 347 0bbc CC8CB025 		.ascii	"\314\214\260%\216\031;\354\365\265\023\307\2141\300"
 347      8E193BEC 
 347      F5B513C7 
 347      8C31C0
 348 0bcb FF9FACB6 		.ascii	"\377\237\254\2668k\214\301\030\025\375C\364T\263!>\301"
 348      386B8CC1 
 348      1815FD43 
 348      F454B321 
 348      3EC1
 349 0bdd 10151163 		.ascii	"\020\025\021c\230\011\332\011\006sx\330\270@\303\224"
 349      9809DA09 
 349      067378D8 
 349      B840C394 
 350 0bed 294106F3 		.ascii	")A\006\363\337\314\341\241\306\257~\016 \265\026*8&"
 350      DFCCE1A1 
 350      C6AF7E0E 
 350      20B5162A 
 350      3826
 351 0bff 5233F9EB 		.ascii	"R3\371\353oF\030?\377\\e\374\357\265T\276\242\233\321"
 351      6F46183F 
 351      FF5C65FC 
 351      EFB554BE 
 351      A29BD1
 352 0c12 71D189BF 		.ascii	"q\321\211\277\266@yDb\002\371\265%Zb\255\021\011\263"
 352      B6407944 
 352      6202F9B5 
 352      255A62AD 
 352      1109B3
 353 0c25 6C564BA4 		.ascii	"lVK\244-:\321\022\235`\033\355\251;[\242!:.2f\326t\253"
 353      2D3AD112 
 353      9D601BED 
 353      A93B5BA2 
 353      213A2E32 
 354 0c3d 21324A50 		.ascii	"!2JP\030\023\245\372\300b\231\376\303\217\226\310(k"
 354      1813A5FA 
 354      C06299FE 
 354      C38F96C8 
 354      286B
 355 0c4f E44F9698 		.ascii	"\344O\226\230x\370\231a\213\217}{\235\351\326\037f\375"
 355      78F89961 
 355      8B8F7D7B 
 355      9DE9D61F 
ARM GAS  /tmp/ccLU0gXb.s 			page 28


 355      66FD
 356 0c61 083AFE91 		.ascii	"\010:\376\221Q\3469\011\341\321\261V[HD\334\364\030"
 356      51E63909 
 356      E1D1B156 
 356      5B4844DC 
 356      F418
 357 0c73 AB2DF493 		.ascii	"\253-\364\223\267sd\016qc8\353\306\25487G>\224\306\033"
 357      B773640E 
 357      716338EB 
 357      C6AC3837 
 357      473E94C6 
 358 0c88 3F53315C 		.ascii	"?S1\\\315,\010\332\270@K\242\227\321\030f\032\307M5"
 358      CD2C08DA 
 358      B8404BA2 
 358      97D11866 
 358      1AC74D35 
 359 0c9c A983C226 		.ascii	"\251\203\302&\230p\220\321\244\236\030\024n\302F\243"
 359      987090D1 
 359      A49E1814 
 359      6EC246A3 
 360 0cac 099B0013 		.ascii	"\011\233\000\023L&<\315l\304\306\257\303\325Fc\260I"
 360      4C263CCD 
 360      6CC4C6AF 
 360      C3D54663 
 360      B049
 361 0cbe E0070ABF 		.ascii	"\340\007\012\277\0018x\262\2113C\313\320`\223\332\034"
 361      013878B2 
 361      893343CB 
 361      D06093DA 
 361      1C
 362 0ccf 066CA329 		.ascii	"\006l\243)\020\020\000\314\277\232\376\374\237\0040"
 362      101000CC 
 362      BF9AFEFC 
 362      9F0430
 363 0cde 3C340C82 		.ascii	"<4\014\202\227\220\030K|\212\216\205\261\371\016\030"
 363      9790184B 
 363      7C8A8E85 
 363      B1F90E18 
 364 0cee 96447564 		.ascii	"\226DudT\204m\020\014\310\232h\2318\301\034<\315\024"
 364      54846D10 
 364      0CC89A68 
 364      9938C11C 
 364      3CCD14
 365 0d01 3A2822E6 		.ascii	":(\"\346\037\021s\022 \2641\321q\326I\236\372\212\214"
 365      1F117312 
 365      20B431D1 
 365      71D6499E 
 365      FA8A8C
 366 0d14 8F8D8D8F 		.ascii	"\217\215\215\2173Xg'\032&\230\302\014\3060s\250\331"
 366      33586727 
 366      1A2698C2 
 366      0CC63073 
 366      A8D9
 367 0d26 608CB759 		.ascii	"`\214\267Y\015\241\256\271\214M\210N\260\374\030\031"
 367      0DA1AEB9 
 367      8C4D884E 
 367      B0FC1819 
ARM GAS  /tmp/ccLU0gXb.s 			page 29


 368 0d36 097D0E11 		.ascii	"\011}\016\021\3021\005\246q\022\314b\250\33144>!\"f"
 368      C23105A6 
 368      7112CC62 
 368      A8D93434 
 368      3E212266 
 369 0d4a AA7B800C 		.ascii	"\252{\200\014o\032\027\341C\244F\307E\323\347\201\030"
 369      6F1A17E1 
 369      43A446C7 
 369      45D3E781 
 369      18
 370 0d5b 7F234447 		.ascii	"\177#DG\224}\207T\311\013\265\246`s\260\351/\301A\237"
 370      947D8754 
 370      C90BB5A6 
 370      6073B0E9 
 370      2FC1419F 
 371 0d6f E9A64D99 		.ascii	"\351\246M\231\022\032h6N\232l\3622\233\215\223\245\252"
 371      121A6836 
 371      4E9A6CF2 
 371      329B8D93 
 371      A5AA
 372 0d81 3F60A399 		.ascii	"?`\243\231\004\310(\025\375^;a\332\304\300)\323\202"
 372      04C82815 
 372      FD5E3B61 
 372      DAC4C029 
 372      D382
 373 0d93 BF3691A7 		.ascii	"\2776\221\247\000\372\344\252\035\257\235\0202q\234"
 373      00FAE4AA 
 373      1DAF9D10 
 373      32719C
 374 0da2 581B32C0 		.ascii	"X\0332\300\013\221\363\306\371\020\025(!\367\000\266"
 374      0B91F3C6 
 374      F9101528 
 374      21F700B6 
 375 0db2 26D08728 		.ascii	"&\320\207(\0105!\"#\304\235\021\240!mM\346p\023y\010"
 375      08352122 
 375      23C49D11 
 375      A0216D4D 
 375      E6701379 
 376 0dc7 200F0375 		.ascii	" \017\003uc5\2445\255\013q\221B(\011\033CMj2H\037\030"
 376      6335A435 
 376      AD0B7191 
 376      4228091B 
 376      434D6A32 
 377 0dde 2FB97346 		.ascii	"/\271sF\223O\220\361+\362\350q\3610\0015\207\323\005"
 377      934F90F1 
 377      2BF2E871 
 377      F1300135 
 377      87D305
 378 0df1 3469FCEC 		.ascii	"4i\374\354\331t\351\314\030?6`\266\225,\036\223\321"
 378      D974E9CC 
 378      183F3660 
 378      B6952C1E 
 378      93D1
 379 0e03 68099F33 		.ascii	"h\011\2373\323\032d\235\341M\234\232\364\255wh\220q"
 379      D31A649D 
 379      E14D9C9A 
 379      F4AD7768 
ARM GAS  /tmp/ccLU0gXb.s 			page 30


 379      9071
 380 0e15 6A5030B1 		.ascii	"jP0\261\002'}\353\0274qr\230\361\033\027\347\3378k\207"
 380      02277DEB 
 380      17347172 
 380      98F11B17 
 380      E7DF386B 
 381 0e2a 3F       		.ascii	"?"
 382              		.text
 383              		.section	.gnu.lto_.symtab.fbea3728653f3715,"e",%progbits
 384 0000 73745F6C 		.ascii	"st_lld_init\000"
 384      6C645F69 
 384      6E697400 
 385 000c 00       		.ascii	"\000"
 386 000d 00       		.ascii	"\000"
 387 000e 00       		.ascii	"\000"
 388 000f 00000000 		.ascii	"\000\000\000\000\000\000\000\000"
 388      00000000 
 389 0017 C7000000 		.ascii	"\307\000\000\000"
 390 001b 73745F6C 		.ascii	"st_lld_serve_interrupt\000"
 390      6C645F73 
 390      65727665 
 390      5F696E74 
 390      65727275 
 391 0032 00       		.ascii	"\000"
 392 0033 00       		.ascii	"\000"
 393 0034 00       		.ascii	"\000"
 394 0035 00000000 		.ascii	"\000\000\000\000\000\000\000\000"
 394      00000000 
 395 003d C3000000 		.ascii	"\303\000\000\000"
 396 0041 5F5F7374 		.ascii	"__stats_start_measure_crit_isr\000"
 396      6174735F 
 396      73746172 
 396      745F6D65 
 396      61737572 
 397 0060 00       		.ascii	"\000"
 398 0061 02       		.ascii	"\002"
 399 0062 00       		.ascii	"\000"
 400 0063 00000000 		.ascii	"\000\000\000\000\000\000\000\000"
 400      00000000 
 401 006b C9000000 		.ascii	"\311\000\000\000"
 402 006f 5F5F6462 		.ascii	"__dbg_check_lock_from_isr\000"
 402      675F6368 
 402      65636B5F 
 402      6C6F636B 
 402      5F66726F 
 403 0089 00       		.ascii	"\000"
 404 008a 02       		.ascii	"\002"
 405 008b 00       		.ascii	"\000"
 406 008c 00000000 		.ascii	"\000\000\000\000\000\000\000\000"
 406      00000000 
 407 0094 CB000000 		.ascii	"\313\000\000\000"
 408 0098 63685379 		.ascii	"chSysTimerHandlerI\000"
 408      7354696D 
 408      65724861 
 408      6E646C65 
 408      724900
 409 00ab 00       		.ascii	"\000"
ARM GAS  /tmp/ccLU0gXb.s 			page 31


 410 00ac 02       		.ascii	"\002"
 411 00ad 00       		.ascii	"\000"
 412 00ae 00000000 		.ascii	"\000\000\000\000\000\000\000\000"
 412      00000000 
 413 00b6 CD000000 		.ascii	"\315\000\000\000"
 414 00ba 5F5F6462 		.ascii	"__dbg_check_unlock_from_isr\000"
 414      675F6368 
 414      65636B5F 
 414      756E6C6F 
 414      636B5F66 
 415 00d6 00       		.ascii	"\000"
 416 00d7 02       		.ascii	"\002"
 417 00d8 00       		.ascii	"\000"
 418 00d9 00000000 		.ascii	"\000\000\000\000\000\000\000\000"
 418      00000000 
 419 00e1 CF000000 		.ascii	"\317\000\000\000"
 420 00e5 5F5F7374 		.ascii	"__stats_stop_measure_crit_isr\000"
 420      6174735F 
 420      73746F70 
 420      5F6D6561 
 420      73757265 
 421 0103 00       		.ascii	"\000"
 422 0104 02       		.ascii	"\002"
 423 0105 00       		.ascii	"\000"
 424 0106 00000000 		.ascii	"\000\000\000\000\000\000\000\000"
 424      00000000 
 425 010e D1000000 		.ascii	"\321\000\000\000"
 426              		.text
 427              		.section	.gnu.lto_.opts,"e",%progbits
 428 0000 272D666E 		.ascii	"'-fno-openmp' '-fno-openacc' '-fno-pie' '-mcpu=cort"
 428      6F2D6F70 
 428      656E6D70 
 428      2720272D 
 428      666E6F2D 
 429 0033 65782D6D 		.ascii	"ex-m4' '-mthumb' '-mfloat-abi=softfp' '-mfpu=fpv4-s"
 429      34272027 
 429      2D6D7468 
 429      756D6227 
 429      20272D6D 
 430 0066 702D6431 		.ascii	"p-d16' '-march=armv7e-m+fp' '-O2' '-fstack-usage' '"
 430      36272027 
 430      2D6D6172 
 430      63683D61 
 430      726D7637 
 431 0099 2D666675 		.ascii	"-ffunction-sections' '-fdata-sections' '-fno-common"
 431      6E637469 
 431      6F6E2D73 
 431      65637469 
 431      6F6E7327 
 432 00cc 2720272D 		.ascii	"' '-flto' '-fshort-enums'\000"
 432      666C746F 
 432      2720272D 
 432      6673686F 
 432      72742D65 
 433              		.text
 434              		.comm	__gnu_lto_v1,1,1
 435              		.comm	__gnu_lto_slim,1,1
ARM GAS  /tmp/ccLU0gXb.s 			page 32


 436              		.ident	"GCC: (GNU Arm Embedded Toolchain 9-2020-q2-update) 9.3.1 20200408 (release)"
ARM GAS  /tmp/ccLU0gXb.s 			page 33


DEFINED SYMBOLS
                            *ABS*:0000000000000000 hal_st_lld.c
                            *COM*:0000000000000001 __gnu_lto_v1
                            *COM*:0000000000000001 __gnu_lto_slim

NO UNDEFINED SYMBOLS
