ARM GAS  /tmp/ccLVEbgv.s 			page 1


   1              		.cpu cortex-m4
   2              		.eabi_attribute 27, 1
   3              		.eabi_attribute 20, 1
   4              		.eabi_attribute 21, 1
   5              		.eabi_attribute 23, 3
   6              		.eabi_attribute 24, 1
   7              		.eabi_attribute 25, 1
   8              		.eabi_attribute 26, 1
   9              		.eabi_attribute 30, 2
  10              		.eabi_attribute 34, 1
  11              		.eabi_attribute 18, 4
  12              		.file	"memstreams.c"
  13              		.section	.gnu.lto_.profile.682251c2eb765945,"e",%progbits
  14 0000 789CE360 		.ascii	"x\234\343``\004B \000\000\000]\000\013"
  14      60044220 
  14      0000005D 
  14      000B
  15              		.text
  16              		.section	.gnu.lto_.icf.682251c2eb765945,"e",%progbits
  17 0000 789CE360 		.ascii	"x\234\343``d\320a@\000v\206\2033\216/\346b\274\267\352"
  17      6064D061 
  17      40007686 
  17      83338E2F 
  17      E662BCB7 
  18 0015 C11B2EA6 		.ascii	"\301\033.\246u\037\247\277\347`\276xy\313\\\036\026"
  18      751FA7BF 
  18      E760BE78 
  18      79CB5C1E 
  18      16
  19 0026 30C9FAE4 		.ascii	"0\311\372\344\375\304\027<lK\336n:\302\317\000\000\364"
  19      FDC4173C 
  19      6C4BDE6E 
  19      3AC2CF00 
  19      00F4
  20 0038 9D161A   		.ascii	"\235\026\032"
  21              		.text
  22              		.section	.gnu.lto_.jmpfuncs.682251c2eb765945,"e",%progbits
  23 0000 789C854E 		.ascii	"x\234\205NA\012\2000\014K\326nz\333\217\335S\366\025"
  23      410A8030 
  23      0C4BD66E 
  23      7ADB8FDD 
  23      53F615
  24 0013 6F3E6BA6 		.ascii	"o>k\246\"8\0204\020\332\2046d\005q\340AA\"\255u\203"
  24      22381034 
  24      10DA8436 
  24      640571E0 
  24      414122AD 
  25 0029 C840EC69 		.ascii	"\310@\354i6-\374%\024\273%M+\276\221\340\356\2048\204"
  25      362DFC25 
  25      14BB254D 
  25      2BBE91E0 
  25      EE843884 
  26 003d AAA86FED 		.ascii	"\252\250o\355s\212_)\257\223\377\324\354Q\261\352=\267"
  26      738A5F29 
  26      AF93FFD4 
  26      EC51B1EA 
  26      3DB7
ARM GAS  /tmp/ccLVEbgv.s 			page 2


  27 004f BB4C1027 		.ascii	"\273L\020'\317\2653\316"
  27      CFB533CE 
  28              		.text
  29              		.section	.gnu.lto_.inline.682251c2eb765945,"e",%progbits
  30 0000 789CCD92 		.ascii	"x\234\315\222\275J\003Q\020\205\317\314l\342\305$\260"
  30      BD4A0351 
  30      1085CFCC 
  30      6CE2C524 
  30      B0
  31 0011 A5A0C596 		.ascii	"\245\240\305\226\226>\200\205O\3403\230M\242\245>\201"
  31      963E8085 
  31      4FE03398 
  31      4DA2A53E 
  31      81
  32 0022 6C50040B 		.ascii	"lP\004\013\203ba\345O#\026V\202XX\304@:\033\213\200"
  32      836261E5 
  32      4F231656 
  32      825858C4 
  32      403A1B8B 
  33 0037 58295AD9 		.ascii	"X)Z\331\245\263P\023\235{7\373\243\225\351\234\205\273"
  33      A5B35013 
  33      9D7B37FB 
  33      A395E99C 
  33      85BB
  34 0049 E7CECEE5 		.ascii	"\347\316\316\345|\234\273\006\204yAZE\240\262}\3721"
  34      7C9CBB06 
  34      8479415A 
  34      45A0B27D 
  34      FA31
  35 005b E4651204 		.ascii	"\344e\022\004\004Yp\353\222[\203\311\342\376\355\333"
  35      045970EB 
  35      925B83C9 
  35      E2FEEDDB 
  36 006b 80EB80B9 		.ascii	"\200\353\200\271\350\236}q\235\301\240H\213C\206\227"
  36      E89E7D71 
  36      9DC1A048 
  36      8B438697 
  37 007b 6A7859D7 		.ascii	"jxY\327d]\003\317\251:\312\240\356\316\321@\252\014"
  37      645D03CF 
  37      A93ACAA0 
  37      EECED140 
  37      AA0C
  38 008d 9F130D1F 		.ascii	"\237\023\015\037\354T\210)\313B(\037^\356=\245(1DD#"
  38      EC548829 
  38      CB42281F 
  38      5EEE3DA5 
  38      28314444 
  39 00a2 16712C35 		.ascii	"\026q,5`\342\341\271w\363W\026y\331\272\033\352\251"
  39      60E2E1B9 
  39      77F35716 
  39      79D9BA1B 
  39      EAA9
  40 00b4 315918A5 		.ascii	"1Y\030\245\315\346y[Y<\004\253\007B\255\215\376\243"
  40      CDE6795B 
  40      593C04AB 
  40      0742AD8D 
  40      FEA3
ARM GAS  /tmp/ccLVEbgv.s 			page 3


  41 00c6 69C9B108 		.ascii	"i\311\261\010\201\256i\332q\255\245*\017\0124\325i]"
  41      81AE69DA 
  41      71ADA52A 
  41      0F0A34D5 
  41      695D
  42 00d8 C38D1D7F 		.ascii	"\303\215\035\177\200\252eAeGA\324\262}u\377.\241\201"
  42      80AA6541 
  42      654741D4 
  42      B27D75FF 
  42      2EA181
  43 00eb 6F404E57 		.ascii	"o@NWML\335\177\215>\271f\220\357\0076\332\321N7\331"
  43      4D4CDD7F 
  43      8D3EB966 
  43      90EF0736 
  43      DAD14E37 
  44 0100 E9396391 		.ascii	"\3519c\221\005\2765\221\025\213\234\213\217\365\205"
  44      05BE3591 
  44      158B9C8B 
  44      8FF585
  45 010f 18AD9464 		.ascii	"\030\255\224d\000\343F\307\276Ov\252\246\031&j&\233"
  45      00E346C7 
  45      BE4F76AA 
  45      A619266A 
  45      269B
  46 0121 0CB2C920 		.ascii	"\014\262\311 \375>k\321\274\212\345\333]\264\217\367"
  46      FD3E6BD1 
  46      BC8AE5DB 
  46      5DB48FF7 
  47 0131 0B73F4C3 		.ascii	"\013s\364\303\3753\312\202\363\356H\203\300\311}\241"
  47      FD33CA82 
  47      F3EE4883 
  47      C0C97DA1 
  48 0141 A4E2841B 		.ascii	"\244\342\204\033\026\307\3267\207O\277\220"
  48      16C7D637 
  48      874FBF90 
  49              		.text
  50              		.section	.gnu.lto_.pureconst.682251c2eb765945,"e",%progbits
  51 0000 789C05C1 		.ascii	"x\234\005\301\301\021\000\020\000\300\260\242\234\277"
  51      C1110010 
  51      00C0B0A2 
  51      9CBF
  52 000e ED3BADE4 		.ascii	"\355;\255\3442x\300!G\316\\i\356\374&\262\003\346"
  52      3278C021 
  52      47CE5C69 
  52      EEFC26B2 
  52      03E6
  53              		.text
  54              		.section	.gnu.lto__put.682251c2eb765945,"e",%progbits
  55 0000 789C9552 		.ascii	"x\234\225R\333KTA\030\237\337|g\317\331U\363\037\330"
  55      DB4B5441 
  55      189FDF7C 
  55      67CFD955 
  55      F31FD8
  56 0013 171F0211 		.ascii	"\027\037\002\021b\317B\005\321\205\202\240\327\036\372"
  56      62CF4205 
  56      D18582A0 
  56      D71EFA
ARM GAS  /tmp/ccLVEbgv.s 			page 4


  57 0022 0B54165C 		.ascii	"\013T\026\\\332\255\320\236s\326\025\2432\353\241\274"
  57      DAADD09E 
  57      73D615A3 
  57      32EBA1BC 
  58 0032 84EB1164 		.ascii	"\204\353\021d\351\362\320U*\322\362\324Z\271\336\322"
  58      E9F2D055 
  58      2AD2F2D4 
  58      5AB9DED2 
  59 0042 24481F56 		.ascii	"$H\037V\012\014\262\353\223\364\222\365\3159\007\326"
  59      0A0CB2EB 
  59      93F492F5 
  59      CD3907D6 
  60 0052 E8450F73 		.ascii	"\350E\017s>\346\233\231\337\345\373f\302\002\342\001"
  60      3EE69B99 
  60      DFE5FB66 
  60      C202E201 
  61 0062 09B15F08 		.ascii	"\011\261_\010\261\227\177\204\004\244R\352\220\225\011"
  61      B1977F84 
  61      04A452EA 
  61      909509
  62 0071 4B69DC18 		.ascii	"Ki\334\030\330a\250\012z\377a\341\240\241\252\010F\260"
  62      D861A80A 
  62      7AFF61E1 
  62      A0A1AA08 
  62      46B0
  63 0083 6500DE4C 		.ascii	"e\000\336L\205!Z%\031h\305%\352!\224\332r\277\252\272"
  63      85215A25 
  63      1968C525 
  63      EA2194DA 
  63      72BFAABA 
  64 0097 C8210183 		.ascii	"\310!\001\203\323+\223\303\305\012\235\0025\234vf\026"
  64      D32B93C3 
  64      C50A9D02 
  64      359C7666 
  64      16
  65 00a8 47A8EE3A 		.ascii	"G\250\356:#\225\333\323m\016\014\317\251\210CR\364\361"
  65      2395DBD3 
  65      6D0E0CCF 
  65      A9884352 
  65      F4F1
  66 00ba F11144F1 		.ascii	"\361\021D\361\004Q\241?\214\242\216\217/\314\274\273"
  66      0451A13F 
  66      8CA28E8F 
  66      2FCCBCBB 
  67 00ca 6CD11E08 		.ascii	"l\321\036\010\236O\316w\217\205k\363J\265)wz\210\324"
  67      9E4FCE77 
  67      8F856BF3 
  67      4AB52977 
  67      7A88D4
  68 00dd 7687084F 		.ascii	"v\207\010OA\377@y\215\301\317P\313\200\376\216[+D\373"
  68      41FF4079 
  68      8DC1CF50 
  68      CB80FE8E 
  68      5B2B44FB 
  69 00f1 3CF0D4DA 		.ascii	"<\360\324\332\304\270\014\300_\333IU9\354x\314\007\357"
  69      C4B80CC0 
  69      5FDB4955 
ARM GAS  /tmp/ccLVEbgv.s 			page 5


  69      39EC78CC 
  69      07EF
  70 0103 8C22EE41 		.ascii	"\214\"\356A\015\206\272\250\025\032\360\361\336\372"
  70      0D86BAA8 
  70      151AF0F1 
  70      DEFA
  71 0111 D56DA6A1 		.ascii	"\325m\246\241\215i;\317ar\233\204\270\3636\344\252\365"
  71      8D693BCF 
  71      61729B84 
  71      B8F336E4 
  71      AAF5
  72 0123 3F67953B 		.ascii	"?g\225;\236\307\243#\325`XH\352@\034\370<\207\220NM"
  72      9EC7A323 
  72      D5605848 
  72      EA401CF8 
  72      3C87904E 
  73 0138 1D2C0E32 		.ascii	"\035,\0162\002\355\247\022>\365\005\022\272x\003\312"
  73      02EDA712 
  73      3EF50512 
  73      BA7803CA 
  74 0148 15A293A4 		.ascii	"\025\242\223\244\237d8YE\333\350\347\256\202\251\265"
  74      9F643859 
  74      45DBE8E7 
  74      AE82A9B5 
  75 0158 7204F6D0 		.ascii	"r\004\366\320\225\375Q\012\353\336Y^\015\356\322\335"
  75      95FD510A 
  75      EBDE595E 
  75      0DEED2DD 
  76 0168 C5EA3C86 		.ascii	"\305\352<\2062\014\251q(\234\243\010^\350\242y/\343"
  76      320CA971 
  76      289CA308 
  76      5EE8A279 
  76      2FE3
  77 017a 2C3F36E3 		.ascii	",?6\343\267\225\277\025A\001y\364\372\326\307\021\367"
  77      B795BF15 
  77      410179F4 
  77      FAD6C711 
  77      F7
  78 018b B88B319F 		.ascii	"\270\2131\237Yn\221\352\245G\245\213\307+\246ZA\373"
  78      596E91EA 
  78      A547A58B 
  78      C72BA65A 
  78      41FB
  79 019d 72615760 		.ascii	"raW`\222\331\274\353\352$*\\\034\370M\345Bz\263A!\264"
  79      92D9BCEB 
  79      EA242A5C 
  79      1CF84DE5 
  79      427AB341 
  80 01b3 253913AF 		.ascii	"%9\023\257=9M\213\011\317y\366~G_\310\3472\230NK\262"
  80      3D394D8B 
  80      09CF79F6 
  80      7E475FC8 
  80      E732984E 
  81 01c9 C2B5E201 		.ascii	"\302\265\342\001\275\266\261K\346\177]\032\254v4\306"
  81      BDB6B14B 
  81      E67F5D1A 
  81      AC7634C6 
ARM GAS  /tmp/ccLVEbgv.s 			page 6


  82 01d9 40518B61 		.ascii	"@Q\213a\222\251sT\351\033\354\313Z>ihS\006c\272\025"
  82      92A97354 
  82      E91BECCB 
  82      5A3E6968 
  82      530663BA 
  83 01ee 53E5564C 		.ascii	"S\345VL\373\336\372;\340\263\004D\017\317}\273\031\321"
  83      FBDEFA3B 
  83      E0B30444 
  83      0FCF7DBB 
  83      19D1
  84 0200 66F8D631 		.ascii	"f\370\3261\303\014\254U:\217\300\352&ef\3132o\020gn"
  84      C30CAC55 
  84      3A8FC0EA 
  84      266566CB 
  84      326F1067 
  85 0215 AFC346F9 		.ascii	"\257\303F\371\251|\207\0249\262xy\015\026c\277\314\016"
  85      A97C8714 
  85      39B27879 
  85      0D1663BF 
  85      CC0E
  86 0227 FEF45425 		.ascii	"\376\364T%\316`\016Q\271\332\270\2611\022\002\363\210"
  86      CE600E51 
  86      B9DAB8B1 
  86      311202F3 
  86      88
  87 0238 D2D2A739 		.ascii	"\322\322\2479\360\003D\371\001\012\261;\026\263y\034"
  87      F00344F9 
  87      010AB13B 
  87      16B3791C 
  88 0248 4F349F48 		.ascii	"O4\237H\244\354\303M\311\206\344\321c\366\311\026\273"
  88      A4ECC34D 
  88      C986E4D1 
  88      63F6C916 
  88      BB
  89 0259 A93E65A7 		.ascii	"\251>e\247\222\015v\313\351\346D}\272\305N'\322\301"
  89      920D76CB 
  89      E9E6447D 
  89      BAC54E27 
  89      D2C1
  90 026b 34D62864 		.ascii	"4\326(d\362\024\032\376\002\375{?\023"
  90      F2141AFE 
  90      02FD7B3F 
  90      13
  91              		.text
  92              		.section	.gnu.lto__get.682251c2eb765945,"e",%progbits
  93 0000 789C9552 		.ascii	"x\234\225R\315KTQ\024\277\277w\356\274y3\214A\233 \006"
  93      CD4B5451 
  93      14BFBF77 
  93      EEBC7933 
  93      8C419B20 
  94 0015 C2452242 		.ascii	"\302E\"B\315\014T\020\025\024\364\007\264h\325Rc\300"
  94      CD0C5410 
  94      1514F407 
  94      B468D552 
  94      63C0
  95 0027 21ADD056 		.ascii	"!\255\320V\021y\307\011\2454\013*?\300q\004\221\262"
  95      1179C709 
ARM GAS  /tmp/ccLVEbgv.s 			page 7


  95      A5340B2A 
  95      3FC07104 
  95      91B2
  96 0039 A02F34C2 		.ascii	"\240/4\302\317\251\351KS\261$J!\255\300EJ\326JZ\224"
  96      CFA9E94B 
  96      53B1244A 
  96      21ADC045 
  96      4AD64A5A 
  97 004e 75CE7BC2 		.ascii	"u\316{\302\024m\362\361\336\345\236s\317\357\343\234"
  97      146DF2F1 
  97      DEE59E73 
  97      CFEFE39C 
  98 005e 771D0575 		.ascii	"w\035\005u\232\224\332\247\224\332\303\037|\012\226"
  98      9A94DAA7 
  98      94DAC31F 
  98      7C0A96
  99 006d 31E6803F 		.ascii	"1\346\200?\351X\226\276\321\261M\233 \275\3738\275_"
  99      E95896BE 
  99      D1B14D9B 
  99      20BDFB38 
  99      BD5F
 100 007f 9B1041AF 		.ascii	"\233\020A\257\035i\300\335\031\007\252\306\"\215\032"
 100      1D69C0DD 
 100      1907AAC6 
 100      228D1A
 101 008e 5CA216C2 		.ascii	"\\\242\026\302\\m\372{\250\2112\244\2409\274:\326;\032"
 101      5C6DFA7B 
 101      A88932A4 
 101      A039BC3A 
 101      D63B1A
 102 00a1 941028E4 		.ascii	"\224\020(\344\260193@%\327\031i\262-\375vG\357\224\011"
 102      B0313933 
 102      4025D719 
 102      69B22DFD 
 102      7647EF94 
 103 00b6 64C8526D 		.ascii	"d\310Rm\\>\2000\372\021V\362`\020%\\>=\361\346\262\237"
 103      5C3E8030 
 103      FA1156F2 
 103      6010255C 
 103      3E3DF1E6 
 104 00cc 7643F17E 		.ascii	"vC\361~\354U\363\210S\334mL\255\311\216w\221\331\232"
 104      EC55F388 
 104      53DC6D4C 
 104      ADC98E77 
 104      91D99A
 105 00df 21C210E8 		.ascii	"!\302\020\350/(\347\030<\214b%\220\366\272\233\013D"
 105      2F28E718 
 105      3C8C6225 
 105      90F6BA9B 
 105      0B44
 106 00f1 7B5DF8F0 		.ascii	"{]\370\360\225\316\021]\324\345\302W\3326%S\246\325"
 106      95CE115D 
 106      D4E5C257 
 106      DA362553 
 106      A6D5
 107 0103 E80CFB1E 		.ascii	"\350\014\373\036\361(v\204\021\363\264\245\372\323\275"
 107      F1287684 
ARM GAS  /tmp/ccLVEbgv.s 			page 8


 107      11F3B4A5 
 107      FAD3BD
 108 0112 D56B05B6 		.ascii	"\325k\005\266F\026E\342M\034=\202\315\223R\220\334\235"
 108      461645E2 
 108      4D1C3D82 
 108      CD935290 
 108      DC9D
 109 0124 D7BEAC59 		.ascii	"\327\276\254Y\375Uo\262\313\233\207z\337n,\000+\373"
 109      FD556FB2 
 109      CB9B877A 
 109      DF6E2C00 
 109      2BFB
 110 0136 2C598817 		.ascii	",Y\210\027[\313\342\223\320\346\305r \226\202J\240!"
 110      5BCBE293 
 110      D0E6C572 
 110      2096824A 
 110      A021
 111 0148 4928D540 		.ascii	"I(\325@J\206\240a\262J5\222\345\005I\016\026Q;\370\271"
 111      4A86A061 
 111      B24A3592 
 111      E505490E 
 111      16513BF8 
 112 015d 27678B60 		.ascii	"'g\213`\232\300f\232R_\347\034\231\241\337\355$;{wf"
 112      9AC0669A 
 112      525FE71C 
 112      99A1DFED 
 112      243B7B77 
 113 0172 4337BA92 		.ascii	"C7\272\222\014)\314\220\223&\007\217\245y>Kf\346\037"
 113      0C29CC90 
 113      9326078F 
 113      A5793E4B 
 113      66E61F
 114 0185 DAB1DBC6 		.ascii	"\332\261\333\306;\012 \207n\264z\376\237 \346r\217n"
 114      3B0A2087 
 114      6EB47AFE 
 114      9F20E672 
 114      8F6E
 115 0197 F798AD75 		.ascii	"\367\230\255uR=u\251 T\317\230j\001\347\346s;\327L\246"
 115      523D75A9 
 115      2054CF98 
 115      6A01E7E6 
 115      733BD74C 
 116 01ac A525258D 		.ascii	"\245%%\215P\356b\307O\3127r+\345\367jh]r6\236\273rB"
 116      50EE62C7 
 116      4FCA3772 
 116      2BE5F76A 
 116      685D7236 
 117 01c4 8B17AEF3 		.ascii	"\213\027\256\363\324\375\272\031\237\307\245\231N$Y"
 117      D4FDBA19 
 117      9FC7A599 
 117      4E2459
 118 01d3 A1B9E188 		.ascii	"\241\271\341\210\227\013\3769(\373\237Aun\311\010Lc"
 118      970BFE39 
 118      28FB9F41 
 118      756EC908 
 118      4C63
 119 01e5 54F430C6 		.ascii	"T\3640\306\354\302\331^7\321w\306#\360y#yp\376KO@8\002"
ARM GAS  /tmp/ccLVEbgv.s 			page 9


 119      ECC2D95E 
 119      37D177C6 
 119      23F07923 
 119      7970FE4B 
 120 01fd 005E7231 		.ascii	"\000^r1\213\314]\200\324\374W\007\021A\216\347g5\201"
 120      8BCC5D80 
 120      D4FC5707 
 120      11418EE7 
 120      673581
 121 0210 18730BCB 		.ascii	"\030s\013\313\217\372\367}\345\236V\210\375\272\343"
 121      8FFAF77D 
 121      E59E5688 
 121      FDBAE3
 122 021f D2F9FFBE 		.ascii	"\322\371\377\276\014K\245\311\346\364\212+\2654\331"
 122      0C4BA5C9 
 122      E6F48A2B 
 122      B534D9
 123 022e F9CD3562 		.ascii	"\371\3155b\341,&\021\266f\027?\360\240C\324\2774\005"
 123      E12C2611 
 123      B666173F 
 123      F0A043D4 
 123      BF3405
 124 0241 BE3FC8DF 		.ascii	"\276?\310\337\037\245vE\"Q~\217\305\253\216\307+\242"
 124      1FA57645 
 124      22517E8F 
 124      C5AB8EC7 
 124      2BA2
 125 0253 07CB1365 		.ascii	"\007\313\023e\211C\207\243'\252\243\345\245\025\321"
 125      894387A3 
 125      27AAA3E5 
 125      A515D1
 126 0262 8A4459B4 		.ascii	"\212DY\264\372TU\274\264\262:Z\031\257\\\333F\216*+"
 126      FA5455BC 
 126      B4B23A5A 
 126      19AF5CDB 
 126      468E2A2B 
 127 0276 711265BF 		.ascii	"q\022e\277\001Z\2610\357"
 127      015AB130 
 127      EF
 128              		.text
 129              		.section	.gnu.lto__unget.682251c2eb765945,"e",%progbits
 130 0000 789C9592 		.ascii	"x\234\225\222\335KTA\030\306\347\231w\316\331\0176\373"
 130      DD4B5441 
 130      18C6E799 
 130      77CED90F 
 130      36FB
 131 0012 03F6C68B 		.ascii	"\003\366\306\213@\274\331\263PATP\320Mw]D\177\200\306"
 131      40BCD9B3 
 131      50415450 
 131      D04D775D 
 131      447F80C6 
 132 0026 824B6E85 		.ascii	"\202Kn\205v\0319\353\312\006\271X\027\225n\270\035K"
 132      761939EB 
 132      CA06B958 
 132      17956EB8 
 132      1D4B
 133 0038 24F2A22F 		.ascii	"$\362\242/\244BMOi\345G\212\025\005Jh\004F\037\224\322"
ARM GAS  /tmp/ccLVEbgv.s 			page 10


 133      A4424D4F 
 133      69E5478A 
 133      15054A68 
 133      04461F94 
 134 004d 854484F6 		.ascii	"\205D\204\366\316\236C\"uQ\3039\303\2743\363{\346y\337"
 134      CE9E4322 
 134      7551C339 
 134      C3BC33F3 
 134      7BE679DF 
 135 0061 99B08048 		.ascii	"\231\260\200H\220\020\273\205\020;\371\207% \265\326"
 135      9010BB85 
 135      103BF987 
 135      2520B5D6 
 136 0071 7B43D9B0 		.ascii	"{C\331\260\224\252\243xH\351(}x\337\273G\351\030A\005"
 136      94AAA378 
 136      48E9287D 
 136      78DFBB47 
 136      E9184105 
 137 0085 4B0A288F 		.ascii	"K\012(\217t\030\242I\222B\023\316R;a\276\271\364=\326"
 137      7418A249 
 137      924213CE 
 137      523B61BE 
 137      B9F43DD6 
 138 0099 462E0928 		.ascii	"F.\011(\016\317O\364\215GM\010TrX\310\316\016P\3655"
 138      0ECF4FF4 
 138      8D474D08 
 138      547258C8 
 138      CE0E50F5 
 139 00ae 26B5D7BE 		.ascii	"&\265\327\276l_\356\233\321\021\227\244(\362\366\001"
 139      6C5FEE9B 
 139      D11197A4 
 139      28F2F601 
 140 00be C4D18FB8 		.ascii	"\304\321\217\2700\015\203\250\346\355/\247^\235\013"
 140      300D83A8 
 140      E6ED2FA7 
 140      5E9D0B
 141 00cd D10E081E 		.ascii	"\321\016\010\036O<\2778\034\256\352\321\272Y{o\272I"
 141      4F3CBF38 
 141      1CAEEAD1 
 141      BA597B6F 
 141      BA49
 142 00df 6F7189F0 		.ascii	"oq\211\360\000\264\001\3459\206\207P\305@g\276w\221"
 142      00B401E5 
 142      39868750 
 142      C54067BE 
 142      7791
 143 00f1 6857199E 		.ascii	"hW\031\236\\\031\033\225\001\374\263\205t\314e\307\303"
 143      5C191B95 
 143      01FCB385 
 143      74CC65C7 
 143      C3
 144 0102 3EBC358E 		.ascii	">\2745\216d\031U\214z\250\022\006xw{\365\302&[\031c"
 144      6419558C 
 144      7AA81206 
 144      78777BF5 
 144      C2265B19 
 145 0117 C6CE43D8 		.ascii	"\306\316C\330\\&!n\276\260<\275\272vZ{\323\361+\327"
ARM GAS  /tmp/ccLVEbgv.s 			page 11


 145      5C26216E 
 145      BEB03CBD 
 145      BA765A7B 
 145      D3F12BD7 
 146 012b 2B6260CC 		.ascii	"+b`\314\222\246#\356x?w\026w2\004\343\"\012_\260\225"
 146      92A623EE 
 146      783F7716 
 146      773204E3 
 146      220A5FB0 
 147 0140 84495941 		.ascii	"\204IYA{B\024H\372A\226\203Oh\036\37488b\233\023J\004"
 147      7B421448 
 147      FA419683 
 147      4F681EFC 
 147      3838629B 
 148 0157 3EB92DB7 		.ascii	">\271-\2674\0376\025\013\225\235{s\267f+z\320\235e\244"
 148      341F3615 
 148      0B959D7B 
 148      73B7662B 
 148      7AD09D65 
 149 016c D2A57089 		.ascii	"\322\245p\211\347\037\231Ty-\353.\334\267\2237\264\277"
 149      E71F9954 
 149      792DEB2E 
 149      DCB79337 
 149      B4BF
 150 017e 14C1087A 		.ascii	"\024\301\010z\320\341\033\036ER,\242ead\333_\224#\020"
 150      D0E11B1E 
 150      45522CA2 
 150      656164DB 
 150      5F942310 
 151 0192 781C54BA 		.ascii	"x\034T\272@4t\367\365\017\012\334\344:\363_\356\235"
 151      403474F7 
 151      F50F0ADC 
 151      E43AF35F 
 151      EE9D
 152 01a4 F419E963 		.ascii	"\364\031\351c\205\253s9\362\2615n\233\361\204Q\366="
 152      85AB7339 
 152      F2B1356E 
 152      9BF18451 
 152      F63D
 153 01b6 7F0666DF 		.ascii	"\177\006f\337?yL\030\372\351\272\2751$Y\337\317~8\027"
 153      3F794C18 
 153      FAE9BABD 
 153      312459DF 
 153      CF7E3817 
 154 01ca 644FFF95 		.ascii	"dO\377\225\256\215\361\262\236\271\026Lp\272l\376N\276"
 154      AE8DF1B2 
 154      9EB9164C 
 154      70BA6CFE 
 154      4EBE
 155 01dc 68F95A8A 		.ascii	"h\371Z\212\345\202\023.\215\357\017|\376.\200\375Gi"
 155      E582132E 
 155      8DEF0F7C 
 155      FE2E80FD 
 155      4769
 156 01ee BB2A5CC3 		.ascii	"\273*\\\303(L\232\303\360\214\245K\024-\327G\255\337"
 156      284C9AC3 
 156      F08CA54B 
ARM GAS  /tmp/ccLVEbgv.s 			page 12


 156      142DD747 
 156      ADDF
 157 0200 D6574851 		.ascii	"\326WHQ\"\213\247W`\261\302\347\351\256\345\210\021"
 157      228BA757 
 157      60B1C2E7 
 157      E9AEE588 
 157      11
 158 0211 94388529 		.ascii	"\2248\205)\304e\377\322\333\015\225\226\\\351i\304\251"
 158      C465FFD2 
 158      DB0D9596 
 158      5CE969C4 
 158      A9
 159 0222 FFDB0CF8 		.ascii	"\377\333\014\370\025`\375\025\010\261=\221p\370;\222"
 159      1560FD15 
 159      08B13D91 
 159      70F83B92 
 160 0232 6A389AAA 		.ascii	"j8\232\252w\366\325\245k\323\007\016:\307\032\235\272"
 160      77F6D5A5 
 160      6BD3070E 
 160      3AC71A9D 
 160      BA
 161 0243 9A7AA73E 		.ascii	"\232z\247>]\3534\236hH\325d\032\235L*\023\014\023\207"
 161      5DEB349E 
 161      6848D564 
 161      1A9D4C2A 
 161      130C1387 
 162 0257 854C1F47 		.ascii	"\205L\037G\355/>_\033\241"
 162      ED2F3E5F 
 162      1BA1
 163              		.text
 164              		.section	.gnu.lto__reads.682251c2eb765945,"e",%progbits
 165 0000 789C9592 		.ascii	"x\234\225\222\337KTA\024\307\317w\346\356\336\273i\366"
 165      DF4B5441 
 165      14C7CF77 
 165      E6EEDEBB 
 165      69F6
 166 0012 9E043E04 		.ascii	"\236\004>\004\213\017\355\365\241 \210,\010\242\267"
 166      8B0FEDF5 
 166      A120882C 
 166      08A2B7
 167 0021 A0FE0237 		.ascii	"\240\376\0027\026\\R\023\355\335\331]\333\250\025\013"
 167      165C5213 
 167      EDDDD95D 
 167      DBA8150B 
 168 0031 B235A1F5 		.ascii	"\2625\241\365\032\262Z/\375\242\207~Xn?M\323~bP\017"
 168      1AB25A2F 
 168      FDA2877E 
 168      586E3F4D 
 168      D37E6250 
 169 0046 2B492F46 		.ascii	"+I/F\024\370\024dksf\014\011_\364r\3570\347\314|?\347"
 169      14F81464 
 169      6B73660C 
 169      095FF472 
 169      EF30E7CC 
 170 005d 7C67AE47 		.ascii	"|g\256G\240QI\264\217\210\266\351\017\222 \224R\373"
 170      A05149B4 
 170      8F88B6E9 
ARM GAS  /tmp/ccLVEbgv.s 			page 13


 170      0F922094 
 170      52FB
 171 006f DD942700 		.ascii	"\335\224'\0003S\036\250K\240\013\347d\277D9]\370U\335"
 171      33531EA8 
 171      4BA00BE7 
 171      64BF4439 
 171      5DF855DD 
 172 0083 2B03BDD1 		.ascii	"+\003\275\321\321a\337\324\235\311M\034\002u:\354\376"
 172      D161DFD4 
 172      9DC94D1C 
 172      02753AEC 
 172      FE
 173 0094 3878CFA9 		.ascii	"8x\317\251\037U*\255J\375\213{\257dN\035\012\244\240"
 173      1F552AAD 
 173      4AFD8B7B 
 173      AF644E1D 
 173      0AA4A0
 174 00a7 01BDFB01 		.ascii	"\001\275\373\001jq\037\265\304\017\306P\257w\177\230"
 174      6A711FB5 
 174      C40FC650 
 174      AF777F98 
 175 00b7 993DEFCA 		.ascii	"\231=\357\312\335 =\237z\227\037\367\242E\243\374:,"
 175      DD203D9F 
 175      7A971FF7 
 175      A245A3FC 
 175      3A2C
 176 00c9 D5F6404A 		.ascii	"\325\366@J<\204\374O\252sZ\374\010Q-\370\235\233\315"
 176      3C84FC4F 
 176      AA735AFC 
 176      08512DF8 
 176      9D9BCD
 177 00dc 47E41E23 		.ascii	"G\344\036#.\276\3752\037Z\021O\027\215\330\301\370\032"
 177      2EBEFD32 
 177      1F5A114F 
 177      178DD8C1 
 177      F81A
 178 00ee B1A3C525 		.ascii	"\261\243\305%#\376\243\372\3625\262\321\210\027\346"
 178      23FEA3FA 
 178      F235B2D1 
 178      8817E6
 179 00fd 26B2F857 		.ascii	"&\262\370Wy\304\210\005\036\257\021\013-~\202(\261d"
 179      79C48805 
 179      1EAF110B 
 179      2D7E8228 
 179      B164
 180 010f FE56E5E2 		.ascii	"\376V\345\342\346\260\303\276\330\315S\204\3659\022"
 180      E6B0C3BE 
 180      D8CD5384 
 180      F53912
 181 011e DD781F2A 		.ascii	"\335x\037*\251\312\362iUZ\032\301\205\203[\240e!\301"
 181      A9CAF269 
 181      555A1AC1 
 181      85835BA0 
 181      6521C1
 182 0131 83E4C131 		.ascii	"\203\344\3011\200\0207\022\346\301\345\244\307C\004"
 182      80103712 
 182      E6C1E5A4 
ARM GAS  /tmp/ccLVEbgv.s 			page 14


 182      C74304
 183 0140 6CAA0ABC 		.ascii	"l\252\012\274^\015\356\221('I\037\277r\240JD=R\330 "
 183      5E0DEE91 
 183      2827491F 
 183      BF72A04A 
 183      443D52D8 
 184 0155 A5836F48 		.ascii	"\245\203oH\217-,\355\344\262\005\011\335No\346g\331"
 184      8F2D2CED 
 184      E4B20509 
 184      DD4E6FE6 
 184      67D9
 185 0167 E34B081B 		.ascii	"\343K\010\033C\245\3177?\325\0241\234\322\212\272@\272"
 185      43A5CF37 
 185      3FD51431 
 185      9CD28ABA 
 185      40BA
 186 0179 0519C133 		.ascii	"\005\031\30136\241\327R\301\334\335p\303ue\227\004\236"
 186      36A1D752 
 186      C1DCDD70 
 186      C3756597 
 186      049E
 187 018b A3884BD6 		.ascii	"\243\210K\326\305\0134\030\364\344\016K\026\033DM\030"
 187      C50B3418 
 187      F4E40E4B 
 187      161B444D 
 187      18
 188 019c 149F035E 		.ascii	"\024\237\003^\032Tf0{&dYR7\252\211\234\\\014SA:&Ue\255"
 188      1A546630 
 188      7B266459 
 188      5237AA89 
 188      9C5C0C53 
 189 01b6 548ED84D 		.ascii	"T\216\330M\241\015\025t0i\012\012.8e\013\336\316^s-"
 189      A10D1574 
 189      30690A0A 
 189      2E38650B 
 189      DECE5E73 
 190 01cb 8B715CF0 		.ascii	"\213q\\\360;\262C5\346\2024\240puz9\322\215t\312\013"
 190      3BB24335 
 190      E68234A0 
 190      70757A39 
 190      D28D74CA 
 191 01e0 A437C0AD 		.ascii	"\2447\300\255\342\025\272\241\373\2516\012'\220\021"
 191      E215BAA1 
 191      FBA9360A 
 191      279011
 192 01ef DBD272A3 		.ascii	"\333\322r\243\305\270\353j)\306\366\247W\355\317\330"
 192      C5B8EB6A 
 192      29C6F6A7 
 192      57EDCFD8 
 193 01ff 6E2E6761 		.ascii	"n.ga)\2361\3542\272|\326\344\326\217}\275\212}\203\006"
 193      299E31EC 
 193      32BA7CD6 
 193      E4D68F7D 
 193      BD8A7D83 
 194 0214 CDA21F48 		.ascii	"\315\242\037H\017\015\367l\265h\207\257.'\261\372\253"
 194      0F0DF76C 
 194      B56887AF 
ARM GAS  /tmp/ccLVEbgv.s 			page 15


 194      2E27B1FA 
 194      AB
 195 0225 10ED8AC5 		.ascii	"\020\355\212\305|\375\036Ot\264%Z\374\003\315\311x\362"
 195      7CFD1E4F 
 195      74B4255A 
 195      FC03CDC9 
 195      78F2
 196 0237 F051FF44 		.ascii	"\360Q\377D\247\337\334\324\342\267$\343~\347\311\216"
 196      A7DFDCD4 
 196      E2B724E3 
 196      7EE7C98E 
 197 0247 44536BA7 		.ascii	"DSk\247\337\232h]\231\306\216\221H\266\213x;\332\376"
 197      DF9A685D 
 197      99C68E91 
 197      48B68B78 
 197      3BDAFE
 198 025a 02B68730 		.ascii	"\002\266\2070\036"
 198      1E
 199              		.text
 200              		.section	.gnu.lto__writes.682251c2eb765945,"e",%progbits
 201 0000 789C9592 		.ascii	"x\234\225\222\317KTQ\024\307\317\367\336\367\336\274"
 201      CF4B5451 
 201      14C7CFF7 
 201      DEF7DEBC 
 202 0010 51B33F40 		.ascii	"Q\263?@\002\027\201\270\231\347\242@\212~@\233v-\372"
 202      021781B8 
 202      99E7A240 
 202      8A7E409B 
 202      762DFA
 203 0023 0B34061C 		.ascii	"\0134\006\034R\023m\357\235\321&H\261\026\246\011\215"
 203      52136DEF 
 203      9DD12648 
 203      B116A609 
 203      8D
 204 0034 CF90695A 		.ascii	"\317\220iZ\365\213\026\225\246SY\246i\277\304\240\010"
 204      F58B1695 
 204      A65359A6 
 204      69BFC4A0 
 204      08
 205 0045 25778A15 		.ascii	"%w\212\025D\213 \322\316\271o@\302\215\0163\227{\316"
 205      448B20D2 
 205      CEB96F40 
 205      C28D0E33 
 205      977BCE
 206 0058 3D9FEF39 		.ascii	"=\237\3579\337{\307'PA\023\035#\242}\374\203&(c\314"
 206      DF7BC727 
 206      5041131D 
 206      23A27DFC 
 206      83262863 
 207 006d F158DA57 		.ascii	"\361X\332W\200\335\031\037\324\251\320\211\313zPc)\223"
 207      80DD191F 
 207      D4A9D089 
 207      CB7A5063 
 207      2993
 208 007f FB5DD1A7 		.ascii	"\373]\321\247C.t8\354\237}0S&!P\315a\367\307\341GNm"
 208      432E7438 
 208      EC9F7D30 
ARM GAS  /tmp/ccLVEbgv.s 			page 16


 208      53262150 
 208      CD61F7C7 
 209 0097 C1988C29 		.ascii	"\301\230\214)\016N\034\271\321u\341d\250\025\015q\365"
 209      0E4E1CB9 
 209      D175E164 
 209      A8150D71 
 209      F5
 210 00a8 18AAF018 		.ascii	"\030\252\360\030U$\037\214\243\226\253\027\346\027\257"
 210      55241F8C 
 210      A396AB17 
 210      E617AF
 211 00b7 C4743D88 		.ascii	"\304t=\210\367\263\357\007&\375\232\274%\327G\265\331"
 211      F7B3EF07 
 211      26FD9ABC 
 211      25D747B5 
 211      D9
 212 00c8 1F6A8D27 		.ascii	"\037j\215'\320\377\241\234cx\0025\014\374\351Y\034\210"
 212      D0FFA19C 
 212      63780235 
 212      0CFCE959 
 212      1C88
 213 00da EBC316CE 		.ascii	"\353\303\026\316\277\373\272\342\226\340\251\233\026"
 213      BFFBBAE2 
 213      96E0A99B 
 213      16
 214 00e7 7630B90D 		.ascii	"v0\271\015v\030.Z\370\257\351\037\250\324G-\274\272"
 214      76182E5A 
 214      F8AFE91F 
 214      A8D4472D 
 214      BCBA
 215 00f9 3C9D4509 		.ascii	"<\235E\011\376R\260\260\302\323m\260b\370\031jH\220"
 215      FE52B0B0 
 215      C2D36DB0 
 215      62F8196A 
 215      4890
 216 010b 957B1B57 		.ascii	"\225{\033W\367x\216\370\0227\317\341\361=\022\335\371"
 216      F7788EF8 
 216      1237CFE1 
 216      F13D12DD 
 216      F9
 217 011c E016CDC6 		.ascii	"\340\026\315\306\346ES\374U\300\262\273\027\214\271"
 217      E64553FC 
 217      55C0B2BB 
 217      178CB9
 218 012b 4A162D8B 		.ascii	"J\026-\213c\005\\\336z\236,1I\372\262\304!\246\312!"
 218      63055CDE 
 218      7A9E2C31 
 218      49FAB2C4 
 218      21A6CA21 
 219 013f E7159019 		.ascii	"\347\025\220\031\211z4\361\365\033\007\246H\324\253"
 219      897A34F1 
 219      F51B07A6 
 219      48D4AB
 220 014e 5514A439 		.ascii	"U\024\2449XCf|u\355\200\264\315i\3608}]?\226|y\204\230"
 220      5843667C 
 220      75ED80B4 
 220      CD69F038 
ARM GAS  /tmp/ccLVEbgv.s 			page 17


 220      7D5D3F96 
 221 0166 3554FC7C 		.ascii	"5T\374|\367Se\036\243i&\252C\355\347t\034Sb\202\317"
 221      F753651E 
 221      A36926AA 
 221      43EDE774 
 221      1C536282 
 222 017b D2E1F243 		.ascii	"\322\341\362C\257\356\266\211\216\024^ \217k\221\213"
 222      AFEEB689 
 222      8E145E20 
 222      8F6B918B 
 223 018b 97A8B3D2 		.ascii	"\227\250\263\3223\211HY\355Rj\332J\311=\340\225\225"
 223      33894859 
 223      ED526ADA 
 223      4AC93DE0 
 223      9595
 224 019d EA1ACE0E 		.ascii	"\352\032\316\016\271\221\226\346AYQ\222?=\312i\307\246"
 224      B99196E6 
 224      41595192 
 224      3F3DCA69 
 224      C7A6
 225 01af CA232BEB 		.ascii	"\312#+\353\207\242\"wW\015=\314\330\206J\032\316F\015"
 225      87A22277 
 225      570D3DCC 
 225      D8864A1A 
 225      CE460D
 226 01c2 EF67574B 		.ascii	"\357gWK\015EN\032\256#;Ri\037\210\005r\267\3466\343"
 226      0D454E1A 
 226      AE233B52 
 226      691F8805 
 226      72B7E636 
 227 01d7 DDC8A4FD 		.ascii	"\335\310\244\375P\307\207dT\274F7\310\226W\360T\241"
 227      50C78764 
 227      54BC4637 
 227      C89657F0 
 227      54A1
 228 01e9 2E8B46FA 		.ascii	".\213F\372V\037\311\304v4RB\354\317m\331\237\217\246"
 228      561FC9C4 
 228      76345242 
 228      ECCF6DD9 
 228      9F8FA6
 229 01fc B99E45A4 		.ascii	"\271\236E\244\342[\3031\221^\272ds;\227}\263%\373\026"
 229      E25BC331 
 229      915EBA64 
 229      733B977D 
 229      B325FB16 
 230 0210 75AC45DF 		.ascii	"u\254E\337\221\031\031[(I;\362t=\032[\177\025\242\203"
 230      9119195B 
 230      28493BF2 
 230      743D1A5B 
 230      7F15A283 
 231 0224 8944C0DF 		.ascii	"\211D\300\337\263\311\366\326dsp\242)\325\230:u:8\327"
 231      B3C9F6D6 
 231      647370A2 
 231      29D5983A 
 231      753A38D7 
 232 0238 11343534 		.ascii	"\021454\007\315\251\306\240\343|{\262\241\245#hI\266"
 232      07CDA9C6 
ARM GAS  /tmp/ccLVEbgv.s 			page 18


 232      A0E37C7B 
 232      B2A1A523 
 232      6849B6
 233 024b 94B68933 		.ascii	"\224\266\2113\244Rm\252\261\015\255\377\000\011\376"
 233      A4526DAA 
 233      B10DADFF 
 233      0009FE
 234 025a 3037     		.ascii	"07"
 235              		.text
 236              		.section	.gnu.lto_msObjectInit.682251c2eb765945,"e",%progbits
 237 0000 789C9D92 		.ascii	"x\234\235\222\317KTQ\024\307\357\367\3357\357=\315\211"
 237      CF4B5451 
 237      14C7EFF7 
 237      DD37EF3D 
 237      CD89
 238 0012 162D2209 		.ascii	"\026-\"\011\\\004\203\033\337l\202\026-\002\027\011"
 238      5C04831B 
 238      DF6C8216 
 238      2D021709 
 239 0022 2D5AF417 		.ascii	"-Z\364\0278\361\304!'\303\251M\004\336\031\307\204\014"
 239      38F1C421 
 239      27C3A94D 
 239      04DE19C7 
 239      840C
 240 0034 5D64A881 		.ascii	"]d\250\201=\311&w\375\000\027\225\315\364\232R\363W"
 240      3DC92677 
 240      FD001795 
 240      CDF49A52 
 240      F357
 241 0046 3FAC812C 		.ascii	"?\254\201,P\250\260\222\320\320 -\323\316\2753Qa\233"
 241      50A8B092 
 241      D0D0202D 
 241      D3CEBD33 
 241      51619B
 242 0059 E6F12EDC 		.ascii	"\346\361.\334s\337\371~\316\367\235s-\006\226\346\214"
 242      73DFF97E 
 242      CEF79D73 
 242      2D0696E6 
 242      8C
 243 006a 1D648CED 		.ascii	"\035d\214\355\242\005\316\240\011!\366\2331K\003\324"
 243      A205CEA0 
 243      0921F69B 
 243      314B03D4 
 244 007a 4E58608D 		.ascii	"NX`\215\032\032\321\316;92-s\267\265\362~\372\"\274"
 244      1A1AD1CE 
 244      3B39322D 
 244      73B7B5F2 
 244      7EFA22BC 
 245 008e CE97E619 		.ascii	"\316\227\346\031\321\274\303%@7\255\334\203;(\247\274"
 245      D1BCC325 
 245      4037ADDC 
 245      833B28A7 
 245      BC
 246 009f 9978CF4A 		.ascii	"\231x\317JI\033w9\240S\330160Z,C\015e\024./f\307\213"
 246      491B7739 
 246      A053D831 
 246      36305A2C 
ARM GAS  /tmp/ccLVEbgv.s 			page 19


 246      430D6514 
 247 00b8 F85E30DA 		.ascii	"\370^0\332o\314y\256?\220\024\".\274\211+\\\354v9G\012"
 247      6FCC79AE 
 247      3F901422 
 247      2EBC892B 
 247      5CEC7639 
 248 00ce 9C90B88B 		.ascii	"\234\220\270\213R\014\242\2241:#t\032\001\022\364'\006"
 248      520CA294 
 248      313A2374 
 248      1A0112F4 
 248      2706
 249 00e0 A78BF83E 		.ascii	"\247\213\370>%\036y\235\356(\311\213\327\222J\254\343"
 249      251E799D 
 249      EE28C98B 
 249      D7924AAC 
 249      E3
 250 00f1 DE26B14E 		.ascii	"\336&\261NbO\211/\307\262\343~^\251\304\347\007\274"
 250      624F892F 
 250      C7B2E37E 
 250      5EA9C4E7 
 250      07BC
 251 0103 6E332F5E 		.ascii	"n3/^\270\264\275\257IT\271\334\207\373\233\344>\222"
 251      B8B4BDAF 
 251      4954B9DC 
 251      87FB9BE4 
 251      3E92
 252 0115 6794FC6B 		.ascii	"g\224\374k\177fH\347UJ>\374\371S\363/\343k9\343><\370"
 252      7F6648E7 
 252      554A3EFC 
 252      F953F32F 
 252      E36B39E3 
 253 012c A7F82102 		.ascii	"\247\370!\002LJ\336\334\\\277\3407\364|\2730\004\203"
 253      4C4ADEDC 
 253      5CBFE037 
 253      F47CBB30 
 253      0483
 254 013e 06C0D8F5 		.ascii	"\006\300\330\365)\237'\3267Z\204\367.\211\325\003[\250"
 254      299F27D6 
 254      375A84F7 
 254      2E89D503 
 254      5BA8
 255 0150 F5F4AB3A 		.ascii	"\365\364\253:\244g\003\262\264\205\034\243\2253\331"
 255      A46703B2 
 255      B4851CA3 
 255      9533D9
 256 015f 7A1DC263 		.ascii	"z\035\302c\354\034\327rA\214\202y\304;\316\376H\235"
 256      EC1CD772 
 256      418C8279 
 256      C43BCEFE 
 256      489D
 257 0171 9650AAD4 		.ascii	"\226P\252\324\326\2648c\311\206s\345\325{uczk\022}1"
 257      D6B43863 
 257      C98673E5 
 257      D57B7563 
 257      7A6B127D 
 258 0186 CAEFDDE9 		.ascii	"\312\357\335\351r\243\207&1,\015\322\307\230;{\313\010"
 258      72A38726 
ARM GAS  /tmp/ccLVEbgv.s 			page 20


 258      312C0DD2 
 258      C7983B7B 
 258      CB08
 259 0198 5E93AC32 		.ascii	"^\223\2542\227\233\030A\022]9\207\217\020\374\023f*"
 259      979B1841 
 259      125D3987 
 259      8F10FC13 
 259      662A
 260 01aa D8E097D4 		.ascii	"\330\340\227\324|Q\002\361\030\215\336\354\223\211t"
 260      7C5102F1 
 260      188DDEEC 
 260      938974
 261 01b9 382B9626 		.ascii	"8+\226&\213e\205m.\2670\206\0040\232\347/\277\037J["
 261      8B65856D 
 261      2EB73086 
 261      04309AE7 
 261      2FBF1F4A 
 262 01ce 32BF8B8A 		.ascii	"2\277\213\212_\205\304\214S\011\302OP\232t~\361\343"
 262      5F85C48C 
 262      5309C24F 
 262      509A747E 
 262      F1E3
 263 01e0 CA5B33EF 		.ascii	"\312[3\357\374?\254\352\230TVe\017\361\030\301\036\032"
 263      FC3FACEA 
 263      98545665 
 263      0FF118C1 
 263      1E1A
 264 01f2 B4A2AD16 		.ascii	"\264\242\255\026B\363\341\211\242i\222\366T\322\214"
 264      42F3E189 
 264      A26992F6 
 264      54D28C
 265 0201 1CED5B61 		.ascii	"\034\355[a\264g\212&\333\203)I\263$m\351\303\367\302"
 265      B4678A26 
 265      DB832949 
 265      B3246DE9 
 265      C3F7C2
 266 0214 68CF154D 		.ascii	"h\317\025M\227\264\027\177\017\305\007\206,\251\026"
 266      97B4177F 
 266      0FC50786 
 266      2CA916
 267 0223 10EF5D6E 		.ascii	"\020\357]n\207\272U\362i\345\370}W\030\333SQa\323{\324"
 267      87BA55F2 
 267      69E5F87D 
 267      5718DB53 
 267      5161D37B 
 268 0238 6938E6D4 		.ascii	"i8\346\324\331\225\265\341P\370\320a\273>j\327V\327"
 268      D995B5E1 
 268      50F8D061 
 268      BB3E6AD7 
 268      56D7
 269 024a D975E190 		.ascii	"\331u\341\220\035=\321\340TG\242v\304\211\344\267\025"
 269      1D3DD1E0 
 269      5447A276 
 269      C489E4B7 
 269      15
 270 025b 47188F44 		.ascii	"G\030\217D\217\033\241\22355N\203\036\015\237r\270S"
 270      8F1BA193 
ARM GAS  /tmp/ccLVEbgv.s 			page 21


 270      35354E83 
 270      1E0D9F72 
 270      B853
 271 026d 1FFD0909 		.ascii	"\037\375\011\011\302R\010"
 271      C25208
 272              		.text
 273              		.section	.gnu.lto_vmt.682251c2eb765945,"e",%progbits
 274 0000 789CE360 		.ascii	"x\234\343``d\270\305\300\300`\316\000\001\323\231\031"
 274      6064B8C5 
 274      C0C060CE 
 274      0001D399 
 274      19
 275 0011 E7AE38F3 		.ascii	"\347\2568\363\237\263\205\261\251\261\243\241\341A\367"
 275      9FB385B1 
 275      A9B1A3A1 
 275      E141F7
 276 0020 19E695CC 		.ascii	"\031\346\225\314\363\231\031f2cJ.x\3073\237\231q&3#"
 276      F3991966 
 276      32634A2E 
 276      78C7339F 
 276      99712633 
 277 0035 A6CC361E 		.ascii	"\246\3146\036\260\036&L\231o@\323\230f23c\312l\002\312"
 277      B01E264C 
 277      996F40D3 
 277      98663233 
 277      63CA6C02 
 278 004a 30CF6466 		.ascii	"0\317df\001\313\034\177\377\366\012c\037P\204\205\021"
 278      01CB1C7F 
 278      FFF60A63 
 278      1F508485 
 278      11
 279 005b C45DB6B8 		.ascii	"\304]\266\270\347\015\213\345\366\206\216\005\015\011"
 279      E70D8BE5 
 279      F6868E05 
 279      0D09
 280 0069 F3995967 		.ascii	"\363\231Yg030\356g\224\236\301\314\310\270\217\261\205"
 280      303330EE 
 280      67949EC1 
 280      CCC8B88F 
 280      B185
 281 007b 71063313 		.ascii	"q\0063\023\343^0\315\314\270\007L\2630\356\006\323\254"
 281      E35E30CD 
 281      CCB8074C 
 281      B330EE06 
 281      D3AC
 282 008d 8CBB8034 		.ascii	"\214\273\2004\003\343\001FK\006S==} \312N-\312K\315"
 282      03E30146 
 282      4B06533D 
 282      3D7D20CA 
 282      4E2DCA4B 
 283 00a2 D177CEC8 		.ascii	"\321w\316\310L\312\364\017\326\317/\326\317H\314\321"
 283      4CCAF40F 
 283      D6CF2FD6 
 283      CF48CCD1 
 284 00b2 CFC94CD2 		.ascii	"\317\311L\322/.)JM\314-\326\317M\315\2052\365\222\031"
 284      2F2E294A 
 284      4DCC2DD6 
ARM GAS  /tmp/ccLVEbgv.s 			page 22


 284      CF4DCD85 
 284      32F59219 
 285 00c6 0034B85D 		.ascii	"\0004\270])"
 285      29
 286              		.text
 287              		.section	.gnu.lto_.symbol_nodes.682251c2eb765945,"e",%progbits
 288 0000 789CE360 		.ascii	"x\234\343``dx\316\000\004L\253\231\352\031\032\200\200"
 288      606478CE 
 288      00044CAB 
 288      99EA191A 
 288      8080
 289 0012 8571C239 		.ascii	"\205q\3029\006\206z\006\206\035\013\0166\260\001\245"
 289      06867A06 
 289      861D0B0E 
 289      36B001A5 
 290 0022 41926B98 		.ascii	"A\222k\230\352\031qJ\256e\252g\302)\271\212\251\236"
 290      EA19714A 
 290      AE65AA67 
 290      C229B98A 
 290      A99E
 291 0034 19A7E44A 		.ascii	"\031\247\344J\246z\026\234\222\353\231\352YQ$w58B\244"
 291      A67A169C 
 291      92EB99EA 
 291      59512477 
 291      353842A4 
 292 0048 58D73131 		.ascii	"X\327114(1003n`\252g\373\017\005\362`u\014@O8\000\245"
 292      34283130 
 292      30336E60 
 292      AA67FB0F 
 292      05F26075 
 293 0062 98D9217A 		.ascii	"\230\331!z\23702\263\300\231\014\000E\323A7"
 293      9F3032B3 
 293      C0990C00 
 293      45D34137 
 294              		.text
 295              		.section	.gnu.lto_.refs.682251c2eb765945,"e",%progbits
 296 0000 789C05C1 		.ascii	"x\234\005\301\301\021\0000\010\3030\307\005\216w\367"
 296      C1110030 
 296      08C330C7 
 296      058E77F7 
 297 0010 1F166909 		.ascii	"\037\026i\011\037H;\351\261|b\224\003\004\224\000J"
 297      1F483BE9 
 297      B17C6294 
 297      03049400 
 297      4A
 298              		.text
 299              		.section	.gnu.lto_.decls.682251c2eb765945,"e",%progbits
 300 0000 789C9D56 		.ascii	"x\234\235V]P\024W\026\356\323w\230\031\206\001,\265"
 300      5D501457 
 300      16EED377 
 300      98198601 
 300      2CB5
 301 0012 62B630B5 		.ascii	"b\2660\265\232\302\255\335Mtb\305T\222\227\255\335\262"
 301      9AC2ADDD 
 301      4D7462C5 
 301      549297AD 
 301      DDB2
ARM GAS  /tmp/ccLVEbgv.s 			page 23


 302 0024 B6927DC8 		.ascii	"\266\222}\310\372\340fw}Y\026\311 \223e\006\212\031"
 302      FAE06677 
 302      7D5916C9 
 302      20936506 
 302      8A19
 303 0036 12CD532B 		.ascii	"\022\315S+\210\212\250\004\374C\014*`@\020\205`b\241"
 303      888AA804 
 303      FC430C2A 
 303      60401085 
 303      6062A1
 304 0049 20C380FC 		.ascii	" \303\200\374(\321\021\371Q\020DM@%2\376\202\242\300"
 304      28D111F9 
 304      5110444D 
 304      402532FE 
 304      82A2C0
 305 005c 9E7B6FF7 		.ascii	"\236{o\367\32030n\255\015g\372\336\323\347|\367;\347"
 305      D033306E 
 305      AD0D67FA 
 305      DED3E77C 
 305      F73BE7
 306 006f 9E3E7DF5 		.ascii	"\236>}\365\002\010\377\010\027\004\027\010B\277(\010"
 306      0208FF08 
 306      17041708 
 306      42BF2808 
 307 007f 9378E905 		.ascii	"\223x\351\005A\270\204\242EY\203R\213\342BiDiF\351\023"
 307      41B884A2 
 307      45598352 
 307      8BE24269 
 307      446946E9 
 308 0094 F8A54319 		.ascii	"\370\245C\031B\361\240<@\031E\031\247z\304\232\207\202"
 308      42F1A03C 
 308      40194519 
 308      A77AC49A 
 308      8782
 309 00a6 FFC2DB20 		.ascii	"\377\302\333 \370\\]87\340}6\312\\\224;\2525V\311\353"
 309      F85C5D38 
 309      37E07D36 
 309      CA5C943B 
 309      AA3556C9 
 310 00bb 50FC5E79 		.ascii	"P\374^y=\202r\005\245\033\245G\340\230C\302\364\353"
 310      3D827205 
 310      A51BA547 
 310      E09843C2 
 310      F4EB
 311 00cd FA2BE052 		.ascii	"\372+\340R\314N\025\256g\006\334[\377'\256\350\207\371"
 311      CC4E15AE 
 311      6706DC5B 
 311      FF27AEE8 
 311      87F9
 312 00df 60064C8F 		.ascii	"`\006L\217\037f\243\214\351\2221\025\274\305h\367.L"
 312      1F66A38C 
 312      E9923115 
 312      BCC568F7 
 312      2E4C
 313 00f1 E72ACAB9 		.ascii	"\347*\312\271\236\007\323\261\237\243.d\006\354\346"
 313      9E07D3B1 
 313      9FA32E64 
ARM GAS  /tmp/ccLVEbgv.s 			page 24


 313      06ECE6
 314 0100 19F8AAF1 		.ascii	"\031\370\252\361\3259\246\370\343\001\360\303\361a0"
 314      D539A6F8 
 314      E301F0C3 
 314      F16130
 315 010f DEE3546B 		.ascii	"\336\343Tk\364\011S\365Aq\227\241\337[(A8\356\2221\025"
 315      F40953F5 
 315      417197A1 
 315      DF5B2841 
 315      38EE9231 
 316 0124 FC4E392F 		.ascii	"\374N9/\272\000\365\261J\344u\367\006\352#P~\215\262"
 316      BA00F5B1 
 316      4AE475F7 
 316      06EA2350 
 316      7E8DB2
 317 0137 1038778A 		.ascii	"\0208w\212I\237\375\006\357\277GY\204\022\211\362[\224"
 317      499FFD06 
 317      EFBF4759 
 317      841289F2 
 317      5B94
 318 0149 DFC9EBD1 		.ascii	"\337\311\353\321|\323}\034\022\246\352\321\377\332C"
 318      7CD37D1C 
 318      12A6EAD1 
 318      FFDA43
 319 0158 C0D9BFED 		.ascii	"\300\331\277\355\031\331N`\276\001&\001\347M\236{\355"
 319      19D94E60 
 319      BE012601 
 319      E74D9E7B 
 319      ED
 320 0169 C0E7F4F1 		.ascii	"\300\347\364\361\201\2555\207uDd\343\237;\267\266\005"
 320      81AD3587 
 320      754464E3 
 320      9F3BB7B6 
 320      05
 321 017a 99CA247E 		.ascii	"\231\312$~\351\023\004\250\0062\205t\344@qC(\371#3\035"
 321      E91304A8 
 321      06328574 
 321      E4407143 
 321      28F92333 
 322 018f BAE8AC0C 		.ascii	"\272\350\254\0141l\226\244\015\222T \221\327\005x7\002"
 322      316C96A4 
 322      0D925420 
 322      91D70578 
 322      3702
 323 01a1 DE8910E0 		.ascii	"\336\211\020\340\0140\350\0320\301i\210\200S\200\272"
 323      0C30E81A 
 323      30C16988 
 323      805380BA 
 324 01b1 5A30A04B 		.ascii	"Z0\240K\337\206o\236\032q\341\331\006\320\340t\347\271"
 324      DF866F9E 
 324      1A71E1D9 
 324      06D0E074 
 324      E7B9
 325 01c3 132D069C 		.ascii	"\023-\006\234\3165\300\002\234N|\277\257XcL\247\200"
 325      CE35C002 
 325      9C4E7CBF 
 325      AF58634C 
ARM GAS  /tmp/ccLVEbgv.s 			page 25


 325      A780
 326 01d5 0753A4E0 		.ascii	"\007S\244\340\217\251\023\324!\202\023\021\004p\201"
 326      8FA913D4 
 326      21821311 
 326      047081
 327 01e4 51E037B4 		.ascii	"Q\3407\264\255N\033?\243C\327U\030\022^\341\252\250"
 327      AD4E1B3F 
 327      A343D755 
 327      18125EE1 
 327      AAA8
 328 01f6 56F1A80A 		.ascii	"V\361\250\012\237yN\032\311\307l\334\341\331\263I\344"
 328      9F794E1A 
 328      C9C76CDC 
 328      E1D9B349 
 328      E4
 329 0207 5419B2E0 		.ascii	"T\031\262\340\205\205\263\300<(\331\006\324\325S]##"
 329      8585B3C0 
 329      3C28D906 
 329      D4D5535D 
 329      2323
 330 0219 7BA4B0BE 		.ascii	"{\244\260\276\325\033_\352\313\343C\363\201\321\252"
 330      D51B5FEA 
 330      CBE343F3 
 330      81D1AA
 331 0228 E7A29A7D 		.ascii	"\347\242\232}\223\017\373f\316\276\231\261?\324\341"
 331      930FFB66 
 331      CEBE99B1 
 331      3FD4E1
 332 0237 DE003C0F 		.ascii	"\336\000<\017\263pZ;\271\273V\303\247z\234\216\026\271"
 332      B3705A3B 
 332      B9BB56C3 
 332      A77A9C8E 
 332      16B9
 333 0249 CE6AC80A 		.ascii	"\316j\310\012\306<\177}\307\371P\262\222\215\213RO_"
 333      C63C7F7D 
 333      C7F950B2 
 333      928D8B52 
 333      4F5F
 334 025b 0D26FF64 		.ascii	"\015&\377d\343\257'\013\333\203I\024\033\267U\227^\010"
 334      E3AF270B 
 334      DB834914 
 334      1BB75597 
 334      5E08
 335 026d 23316C5C 		.ascii	"#1l\\\271\243\354\261f\316\327\362\376I\300\012\016"
 335      B9A3ECB1 
 335      66CED7F2 
 335      FE49C00A 
 335      0E
 336 027e 2E226337 		.ascii	".\"c7\314\241\224\345\215\274\357\336\333\253S\354R"
 336      CCA194E5 
 336      8DBCEFDE 
 336      DBAB53EC 
 336      52
 337 028f 03DB6DF8 		.ascii	"\003\333m\370\246p\243Q\035\325%|<\025U\033\213\012"
 337      A670A351 
 337      1DD5257C 
 337      3C15551B 
ARM GAS  /tmp/ccLVEbgv.s 			page 26


 337      8B0A
 338 02a1 EDAE4DDE 		.ascii	"\355\256M\336\373)\214\2070\027\247w\032s\007B\371\316"
 338      FB298C87 
 338      3017A777 
 338      1A730742 
 338      F9CE
 339 02b3 1EA415F7 		.ascii	"\036\244\025\3678\273\373z\030I\244\024\2659\305\203"
 339      38BBFB7A 
 339      1849A414 
 339      B539C583 
 340 02c3 B5009191 		.ascii	"\265\000\221\221\221s\"#\363)\260s2/2\2471M\312\254"
 340      91732223 
 340      F329B073 
 340      322F32A7 
 340      314DCAAC 
 341 02d7 039A7AE8 		.ascii	"\003\232z\350@\026W}\226ia\277K\361\207;4\346\314/H"
 341      4016577D 
 341      966961BF 
 341      4BF1873B 
 341      34E6CC2F 
 342 02ec 919AFF4D 		.ascii	"\221\232\377M\327\207\013\323\314M\276\326\027r\264"
 342      D7870BD3 
 342      CC4DBED6 
 342      1772B4
 343 02fb FB2467AA 		.ascii	"\373$g\252\226\201\267N\263>\347\005g\351\310\244i\323"
 343      9681B74E 
 343      B33EE705 
 343      67E9C8A4 
 343      69D3
 344 030d 08D08E06 		.ascii	"\010\320\216\006\227\331\243\253<#\320\005\221\320\203"
 344      97D9A3AB 
 344      3C23D005 
 344      91D083
 345 031c 7205A51B 		.ascii	"r\005\245\033\245\023\"i\226\370\"n@:t\201\363\001\026"
 345      A5132269 
 345      96F8226E 
 345      403A7481 
 345      F30116
 346 032f A883081F 		.ascii	"\250\203\010\037[\254c\370qf\352\314\024\263\266\253"
 346      5BAC63F8 
 346      7166EACC 
 346      14B3B6AB 
 347 033f A4B34B4F 		.ascii	"\244\263KO\312\200\355l\366\251\212\242\24093R\204k"
 347      CA80ED6C 
 347      F6A98AA2 
 347      A0393352 
 347      846B
 348 0351 32CE4B58 		.ascii	"2\316KX\"BOv\3273\275z/{}\226\356\343\025\332\307+\264"
 348      22424F76 
 348      D733BD7A 
 348      2F7B7D96 
 348      EEE315DA 
 349 0368 B7BF36F8 		.ascii	"\267\2776\370\006\\\007\332\036\001\306\202@\240\177"
 349      065C07DA 
 349      1E01C682 
 349      40A07F
 350 0377 F487970A 		.ascii	"\364\207\227\012\275\003\035S\231T.\240\227l'\310MO"
ARM GAS  /tmp/ccLVEbgv.s 			page 27


 350      BD031D53 
 350      99542EA0 
 350      976C27C8 
 350      4D4F
 351 0389 D1F19BF2 		.ascii	"\321\361\233\362\303u\242\214\"\312-\006\270\017GgS"
 351      C375A28C 
 351      22CA2D06 
 351      B80F4767 
 351      53
 352 039a 15347F0E 		.ascii	"\0254\177\016\362s\005\204;pVS\216\262J\224\227S{\300"
 352      F2730584 
 352      3B705653 
 352      8EB24A94 
 352      97537BC0 
 353 03ae 34C65380 		.ascii	"4\306S\200\202\027T\271\300\333\373&\333]\315\3017\241"
 353      821754B9 
 353      C0DBFB26 
 353      DB5DCDC1 
 353      37A1
 354 03c0 7F3D66DF 		.ascii	"\177=f\337}\375\366|\001\3022\027\010lo\232j\3667\204"
 354      7DFDF67C 
 354      01C23217 
 354      086C6F9A 
 354      6AF63784 
 355 03d4 930EBE51 		.ascii	"\223\016\276Q-\027\323S\3024\030\021\353_\311\032\252"
 355      2D17D353 
 355      C2341811 
 355      EB5FC91A 
 355      AA
 356 03e5 2B49AF2C 		.ascii	"+I\257,42\335\032#\334\004\246K;\233y:\224\2772\242"
 356      3432DD1A 
 356      23DC04A6 
 356      4B3B9B79 
 356      3A94BF32 
 357 03fa AA27CCE5 		.ascii	"\252'\314\345=\341I\335~7\355\011Z\336\340t\250\352"
 357      3DE149DD 
 357      7E37ED09 
 357      5ADEE074 
 357      A8EA
 358 040c DCD3F43E 		.ascii	"\334\323\364>\327\320\"X\213\232\256\214\313=Z\322\315"
 358      D7D02258 
 358      8B9AAE8C 
 358      CB3D5AD2 
 358      CD
 359 041d D71DCB79 		.ascii	"\327\035\313yQ\301\372\2254\255\311\335\006\346F\313"
 359      51C1FA95 
 359      34ADC9DD 
 359      06E646CB 
 360 042d 63107503 		.ascii	"c\020u\003\274c5\344\236i\015\231\267\213UT\2124K\204"
 360      BC6335E4 
 360      9E690D99 
 360      B78B5554 
 360      8A344B84 
 361 0441 3BC8F767 		.ascii	";\310\367g|\376\023\253\207\2730O\200[\310\225E\357"
 361      7CFE13AB 
 361      87BB304F 
 361      805BC895 
ARM GAS  /tmp/ccLVEbgv.s 			page 28


 361      45EF
 362 0453 49F16C09 		.ascii	"I\361l\011{\363\240\344\354\227\234M\325o\357\255\276"
 362      7BF3A0E4 
 362      EC979C4D 
 362      D56FEFAD 
 362      BE
 363 0464 2D49060D 		.ascii	"-I\006\0155\202\033\210.w\014:\026\240\037C\304\322"
 363      35821B88 
 363      2E770C3A 
 363      16A01F43 
 363      C4D2
 364 0476 B941133B 		.ascii	"\271A\023;\004o\242w\352\315\322\215z\262\233\177c\216"
 364      046FA277 
 364      EACDD28D 
 364      7AB29B7F 
 364      638E
 365 0488 1D7D5E6E 		.ascii	"\035}^nP\222\301\363\263)\373\350\270&0\225aJ\345\236"
 365      5092C1F3 
 365      B329FBE8 
 365      B8263095 
 365      614AE59E 
 366 049c 42256BFB 		.ascii	"B%k\373\366|\"S\271\373+|\265\261AK\"5\202_TT~\361\247"
 366      F67C2253 
 366      B9FB2B7C 
 366      B5B1414B 
 366      2235825F 
 367 04b5 E261540E 		.ascii	"\342aT\016\271\206j\302I.\247r\351xf\217\002\345\212"
 367      B9866AC2 
 367      492EA772 
 367      E978668F 
 367      02E58A
 368 04c8 F042D1A8 		.ascii	"\360B\321\250\356\253\240\356\373C=`P\215=\203\317\264"
 368      EEABA0EE 
 368      FB433D60 
 368      508D3D83 
 368      CFB4
 369 04da 249F4355 		.ascii	"$\237CU\035\333\325IXT\215\336m\317\257*\036\006\246"
 369      1DDBD549 
 369      58548DDE 
 369      6DCFAF2A 
 369      1E06A6
 370 04ed A36FFB23 		.ascii	"\243o\373#y\337'\236\016xk\3411\327=)?\377$L\035\177"
 370      79DF279E 
 370      0E786BE1 
 370      31D73D29 
 370      3FFF244C 
 371 0503 A34FFC23 		.ascii	"\243O\374#4\376'J\374\015\267\316\347\033d\322\027F"
 371      34FE274A 
 371      FC0DB7CE 
 371      E71B64D2 
 371      1746
 372 0515 8997355A 		.ascii	"\211\2275Z\301C\025\353\207\376\254G\031\353\313%\325"
 372      C14315EB 
 372      87FEAC47 
 372      19EBCB25 
 372      D5
 373 0526 71E44860 		.ascii	"q\344H`\322\307\334Owq\322\370\261\202g\234\240\273"
ARM GAS  /tmp/ccLVEbgv.s 			page 29


 373      D2C7DC4F 
 373      7771D2F8 
 373      B182679C 
 373      A0BB
 374 0538 B7A84EAB 		.ascii	"\267\250N\253\220\036\343\272\035\322\316TC`\322/(\351"
 374      901EE3BA 
 374      1DD2CE54 
 374      4360D22F 
 374      28E9
 375 054a E70AE9A6 		.ascii	"\347\012\351\246\206[.\205\364\330a\"\355D\257Y\324"
 375      865B2E85 
 375      F4D86122 
 375      ED44AF59 
 375      D4
 376 055b 069EAA28 		.ascii	"\006\236\252(?\365\247<\316(\347\355\316\232\010!\025"
 376      3FF5A73C 
 376      CE28E7ED 
 376      CE9A0821 
 376      15
 377 056c 81399734 		.ascii	"\2019\2274_\271\252\361\352&9?\317Xk\261\306\233}Id"
 377      5FB9AAF1 
 377      EA26393F 
 377      CF586BB1 
 377      C69B7D49 
 378 0581 CA9E8D15 		.ascii	"\312\236\215\025\333\301\377\003)\300\006Q\375\325K"
 378      DBC1FF03 
 378      29C00651 
 378      FDD54B
 379 0590 77951604 		.ascii	"w\225\026\004M\373\212\322.\353kW_w\244'\\\335QSDuG"
 379      4DFB8AD2 
 379      2EEB6B57 
 379      5F77A427 
 379      5CDD5153 
 380 05a7 4D15E5AF 		.ascii	"M\025\345\257c\317`wj(c\202*X\317\231\034\035\2734L"
 380      63CF6077 
 380      6A286382 
 380      2A58CF99 
 380      1C1DBB34 
 381 05bc D4E98B7B 		.ascii	"\324\351\213{M\225\2754\021\263\267Q\224\263\227R\234"
 381      4D95BD34 
 381      11B3B751 
 381      94B39752 
 381      9C
 382 05cd 734F8FD9 		.ascii	"sO\217\331\353\307\354\015\344\031\275[\216V0\241\312"
 382      EBC7EC0D 
 382      E419BD5B 
 382      8E5630A1 
 382      CA
 383 05de DF847FFE 		.ascii	"\337\204\177\3766\2114\177\271%\247+\265\344\014\317"
 383      3689347F 
 383      B925A72B 
 383      B5E40CCF 
 384 05ee DF8FC7EF 		.ascii	"\337\217\307\357l\325\222\263|R\236;pN\207\314`\213"
 384      6CD592B3 
 384      7C529E3B 
 384      704E87CC 
 384      608B
ARM GAS  /tmp/ccLVEbgv.s 			page 30


 385 0600 48F852E5 		.ascii	"H\370R\345\353\235E\241\344\034\177\234\1778\257-\230"
 385      EB9D45A1 
 385      E41C7F9C 
 385      7F38AF2D 
 385      98
 386 0611 3EDE8A8F 		.ascii	">\336\212\217!\235\023\237i\003.\025e\025\210Lg1\302"
 386      219D139F 
 386      69032E15 
 386      6515884C 
 386      6731C2
 387 0624 366E9735 		.ascii	"6n\2275\\\335\342}\317\267s]gJ\306H\330\3026\361\200"
 387      5CDDE27D 
 387      CFB7735D 
 387      674AC648 
 387      D8C236F1 
 388 0639 A467ABD5 		.ascii	"\244g\253\325\344\334\251\344{\224).d\232\221\233\333"
 388      E4DCA9E4 
 388      7B94292E 
 388      649A919B 
 388      DB
 389 064a B275A49D 		.ascii	"\262u\244\235\257\377\340\300\243oi\331A\226\210g\036"
 389      AFFFE0C0 
 389      A36F69D9 
 389      41968867 
 389      1E
 390 065b 9A0D7A98 		.ascii	"\232\015z\230\270\226S\035D\256q\213\322=\205n\026\300"
 390      B896531D 
 390      44AE718B 
 390      D23D856E 
 390      16C0
 391 066d 4ECA309B 		.ascii	"N\3120\233\257r\375fz\273N\235Z$ \247\026v\241\011\354"
 391      AF72FD66 
 391      7ABB4E9D 
 391      5A2420A7 
 391      1676A109 
 392 0682 A6D9DDA1 		.ascii	"\246\331\335\241d\327upr4\224f\027\313s\360\332\037"
 392      64D77570 
 392      72349466 
 392      17CB73F0 
 392      DA1F
 393 0694 B2EBD39C 		.ascii	"\262\353\323\234nI\"\345oP;\330,\312\371\205\014\352"
 393      6E4922E5 
 393      6F503BD8 
 393      2CCAF985 
 393      0CEA
 394 06a6 BA59E4E7 		.ascii	"\272Y\344\347a\330\303R[\366CF\256\216w\361\327qz\316"
 394      61D8C352 
 394      5BF64346 
 394      AE8E77F1 
 394      D7717ACE 
 395 06ba FDF0BE91 		.ascii	"\375\360\276\221wq'=\370\034\357\315\337\034J\366\021"
 395      7771273D 
 395      F81CEFCD 
 395      DF1C4AF6 
 395      11
 396 06cb 7E387357 		.ascii	"~8sW?2\250\313\205\266\254\251r\311U\312e\322\363\250"
 396      3F32A8CB 
ARM GAS  /tmp/ccLVEbgv.s 			page 31


 396      85B6ACA9 
 396      72C955CA 
 396      65D2F3A8 
 397 06df CF48F2B8 		.ascii	"\317H\362\270\323\017-\247F\203\325Nw}\234\276Q\234"
 397      D30F2DA7 
 397      4683D54E 
 397      777D9CBE 
 397      519C
 398 06f1 86D34EF5 		.ascii	"\206\323N\365\206\221|\356\324\340\352\032\014R;\215"
 398      86917CEE 
 398      D4E0EA1A 
 398      0C523B8D 
 399 0701 F8381D50 		.ascii	"\3708\035P\234:\006\253FBH\021wz\234y\367$\250\235^"
 399      9C3A06AB 
 399      46424811 
 399      777A9C79 
 399      F724A89D 
 400 0716 F8381D52 		.ascii	"\3708\035R\234\216\265\335~\"\2222\356\224RQ\321\246"
 400      9C8EB5DD 
 400      7E229232 
 400      EE945251 
 400      D1A6
 401 0728 21356CA2 		.ascii	"!5l\242k\311\312r\033\344\243\235\367l\367\301\311\023"
 401      6BC9CA72 
 401      1BE4A39D 
 401      F76CF7C1 
 401      C913
 402 073a 92B4C548 		.ascii	"\222\264\305H\231\302~\314e\221\370\277\017GH\020\362"
 402      99C27ECC 
 402      6591F8BF 
 402      0F474810 
 402      F2
 403 074b 02D82E8D 		.ascii	"\002\330.\215\230v\346\312\237fj\232\361L\227#F\300"
 403      9876E6CA 
 403      9F666A9A 
 403      F14C9723 
 403      46C0
 404 075d 5E31821F 		.ascii	"^1\202\037t\213\370\253\014\337\212\221P\202r\030\245"
 404      748BF8AB 
 404      0CDF8A91 
 404      50827218 
 404      A5
 405 076e 10A518E5 		.ascii	"\020\245\030\345\210\350\177\264\303\315\201}\323\226"
 405      88E87FB4 
 405      C3CD817D 
 405      D396
 406 077c F13F9832 		.ascii	"\361?\2302S\032hA\000S\377@1\251ppf\366\312)p\3029\234"
 406      531A6841 
 406      0053FF40 
 406      31A97070 
 406      66F6CA29 
 407 0794 61540E7E 		.ascii	"aT\016~\251\257\024\007\242\334\220\316o\011ZT \271"
 407      A9AF1407 
 407      A2DC90CE 
 407      6F095A54 
 407      20B9
 408 07a6 9DF4FBFD 		.ascii	"\235\364\373\375\316\376\235\033%i6\224\242\357\005"
ARM GAS  /tmp/ccLVEbgv.s 			page 32


 408      CEFE9D1B 
 408      25693694 
 408      A2EF05
 409 07b5 DE3FBCA0 		.ascii	"\336?\274\240\002\323\374\213\276\223G\305E\350:\336"
 409      02D3FC8B 
 409      BE9347C5 
 409      45E83ADE 
 410 07c5 5A5F15A2 		.ascii	"Z_\025\242\256\013\372VL\221-"
 410      AE0BFA56 
 410      4C912D
 411 07d0 6375416F 		.ascii	"cuAo\001z\303\310\341\347\337\353\024\377\365\350\377"
 411      017AC3C8 
 411      E1E7DFEB 
 411      14FFF5E8 
 411      FF
 412 07e1 F96B2A77 		.ascii	"\371k*w\213\\U\236\214\332\011\376\2059\21699&\316\354"
 412      8B5C559E 
 412      8CDA09FE 
 412      85398E39 
 412      3926CEEC 
 413 07f5 1AA776C5 		.ascii	"\032\247v\305\267\232\275\230h\370]wU=?tU\240w9\367"
 413      B79ABD98 
 413      68F85D77 
 413      553D3F74 
 413      55A07739 
 414 080a 4EDF767C 		.ascii	"N\337v|\207\376em\240\222\266\201\357X\033\240c\372"
 414      87FE656D 
 414      A092B681 
 414      EF581BA0 
 414      63FA
 415 081c BEB63E78 		.ascii	"\276\266>xL\324\261\226\372l\314\011\036+\275-[\262"
 415      4CD4B196 
 415      FA6CCC09 
 415      1E2BBD2D 
 415      5BB2
 416 082e C484FFFF 		.ascii	"\304\204\377\3771'\331\314\361\246\345q\226\325\226"
 416      3127D9CC 
 416      F1A6E571 
 416      96D596
 417 083d 152B4D09 		.ascii	"\025+M\011vS\\t\274)\336\262\332dw$\231\243\255v\223"
 417      76535C74 
 417      BC29DEB2 
 417      DA647724 
 417      99A3AD76 
 418 0852 D56C9587 		.ascii	"\325l\225\207Kb\364\037\375\365\323\005\313?\374P\320"
 418      4B62F41F 
 418      FDF5D305 
 418      CB3FFC50 
 418      D0
 419 0863 255B6C8E 		.ascii	"%[l\216\017\242\034Z\273\345+s\224\203\230\023\354\032"
 419      0FA21C5A 
 419      BBE52B73 
 419      94839813 
 419      EC1A
 420 0875 3AD4AE4E 		.ascii	":\324\256N\216\2155'\221/\254\016\343'f\353J\346\370"
 420      8E8D3527 
 420      912FAC0E 
ARM GAS  /tmp/ccLVEbgv.s 			page 33


 420      E32766EB 
 420      4AE6F8
 421 0888 F74FFEA6 		.ascii	"\367O\376\246M\210\215\265\233\035\357\275\302\242q"
 421      4D888DB5 
 421      9B1DEFBD 
 421      C2A271
 422 0897 02454A48 		.ascii	"\002EJHZ\307\301\304e\2021:\311\372\305\373\346\305"
 422      5AC7C1C4 
 422      6582313A 
 422      C9FAC5FB 
 422      E6C5
 423 08a9 D6B76213 		.ascii	"\326\267b\023\005CLB\222\303\274v\261u\231\240\211J"
 423      05434C42 
 423      92C3BC76 
 423      B17599A0 
 423      894A
 424 08bb 4C760459 		.ascii	"Lv\004Y\355k\242^i\241\030\004Xcvh\243\222m\354\206"
 424      ED6BA25E 
 424      69A11804 
 424      58637668 
 424      A3926DEC 
 425 08d0 DACFECBA 		.ascii	"\332\317\354\272\250/\223,\016\263\335h\265\257X\375"
 425      A82F932C 
 425      0EB3DD68 
 425      B5AF58FD 
 426 08e0 B939C6F1 		.ascii	"\2719\306\361\027\233\305\241E\257\230\304u\232xst\254"
 426      179BC5A1 
 426      45AF98C4 
 426      759A7873 
 426      74AC
 427 08f2 CE96E088 		.ascii	"\316\226\340\210KJ\370\022\226\352bm\013\354\211\346"
 427      4B4AF812 
 427      96EA626D 
 427      0BEC89E6 
 428 0902 18D4D86C 		.ascii	"\030\324\330l\311\361\361\357\231\342\022\254fS\242"
 428      C9F1F1EF 
 428      99E212AC 
 428      6653A2
 429 0911 C561FAD3 		.ascii	"\305a\372\323\312?\233>Z\276\334\264v\335W&$\277\030"
 429      CA3F9B3E 
 429      5ABEDCB4 
 429      76DD5726 
 429      24BF18
 430 0924 2DCC8BCD 		.ascii	"-\314\213\315\321\253-&\213-&>\37133\345c\261\255\301"
 430      D1AB2D26 
 430      8B2D263E 
 430      F93333E5 
 430      63B1ADC1 
 431 0938 6009AE4D 		.ascii	"`\011\256M0\016\015]>\210-\036n\261\331\035\321\266"
 431      300E0D5D 
 431      3E882D1E 
 431      6EB1D91D 
 431      D1B6
 432 094a 187314CF 		.ascii	"\030s\024\317b\020#\370_\032.\"8"
 432      621023F8 
 432      5F1A2E22 
 432      38
ARM GAS  /tmp/ccLVEbgv.s 			page 34


 433              		.text
 434              		.section	.gnu.lto_.symtab.682251c2eb765945,"e",%progbits
 435 0000 6D734F62 		.ascii	"msObjectInit\000"
 435      6A656374 
 435      496E6974 
 435      00
 436 000d 00       		.ascii	"\000"
 437 000e 00       		.ascii	"\000"
 438 000f 00       		.ascii	"\000"
 439 0010 00000000 		.ascii	"\000\000\000\000\000\000\000\000"
 439      00000000 
 440 0018 07010000 		.ascii	"\007\001\000\000"
 441              		.text
 442              		.section	.gnu.lto_.opts,"e",%progbits
 443 0000 272D666E 		.ascii	"'-fno-openmp' '-fno-openacc' '-fno-pie' '-mcpu=cort"
 443      6F2D6F70 
 443      656E6D70 
 443      2720272D 
 443      666E6F2D 
 444 0033 65782D6D 		.ascii	"ex-m4' '-mthumb' '-mfloat-abi=softfp' '-mfpu=fpv4-s"
 444      34272027 
 444      2D6D7468 
 444      756D6227 
 444      20272D6D 
 445 0066 702D6431 		.ascii	"p-d16' '-march=armv7e-m+fp' '-O2' '-fstack-usage' '"
 445      36272027 
 445      2D6D6172 
 445      63683D61 
 445      726D7637 
 446 0099 2D666675 		.ascii	"-ffunction-sections' '-fdata-sections' '-fno-common"
 446      6E637469 
 446      6F6E2D73 
 446      65637469 
 446      6F6E7327 
 447 00cc 2720272D 		.ascii	"' '-flto' '-fshort-enums'\000"
 447      666C746F 
 447      2720272D 
 447      6673686F 
 447      72742D65 
 448              		.text
 449              		.comm	__gnu_lto_v1,1,1
 450              		.comm	__gnu_lto_slim,1,1
 451              		.ident	"GCC: (GNU Arm Embedded Toolchain 9-2020-q2-update) 9.3.1 20200408 (release)"
ARM GAS  /tmp/ccLVEbgv.s 			page 35


DEFINED SYMBOLS
                            *ABS*:0000000000000000 memstreams.c
                            *COM*:0000000000000001 __gnu_lto_v1
                            *COM*:0000000000000001 __gnu_lto_slim

NO UNDEFINED SYMBOLS
