ARM GAS  /tmp/ccTykKe9.s 			page 1


   1              		.cpu cortex-m4
   2              		.eabi_attribute 27, 1
   3              		.eabi_attribute 20, 1
   4              		.eabi_attribute 21, 1
   5              		.eabi_attribute 23, 3
   6              		.eabi_attribute 24, 1
   7              		.eabi_attribute 25, 1
   8              		.eabi_attribute 26, 1
   9              		.eabi_attribute 30, 2
  10              		.eabi_attribute 34, 1
  11              		.eabi_attribute 18, 4
  12              		.file	"nvic.c"
  13              		.section	.gnu.lto_.profile.63a2a12086eb4fb9,"e",%progbits
  14 0000 789CE360 		.ascii	"x\234\343``\004B \000\000\000]\000\013"
  14      60044220 
  14      0000005D 
  14      000B
  15              		.text
  16              		.section	.gnu.lto_.icf.63a2a12086eb4fb9,"e",%progbits
  17 0000 789CE360 		.ascii	"x\234\343``d\320a@\000v\206\015\237\237\256`f\\p\363"
  17      6064D061 
  17      40007686 
  17      0D9F9FAE 
  17      60665C70 
  18 0015 E44256A6 		.ascii	"\344BV\246\357\017.7s3w>\371\364\201\215e\346\221\235"
  18      EF0F2E37 
  18      7333773E 
  18      F9F4818D 
  18      65E6919D 
  19 0029 FD5CAC2D 		.ascii	"\375\\\254-]\223\2329\330\300$\003\000\347\261\023\377"
  19      5D939A39 
  19      D8C02403 
  19      00E7B113 
  19      FF
  20              		.text
  21              		.section	.gnu.lto_.jmpfuncs.63a2a12086eb4fb9,"e",%progbits
  22 0000 789C558E 		.ascii	"x\234U\2161\012\302@\020E\347\355\217!\235\007\330\303"
  22      310AC240 
  22      1045E7ED 
  22      8F219D07 
  22      D8C3
  23 0012 A6B095B4 		.ascii	"\246\260\225\264)SXx\007\025\261Kaca\355\015$\027\020"
  23      29535878 
  23      0715B14B 
  23      616361ED 
  23      0D241710 
  24 0026 D6190C86 		.ascii	"\326\031\014\206\014<\376\360y\003\323\030v\264ej\207"
  24      0C3CFEF0 
  24      7903D318 
  24      76B4656A 
  24      87
  25 0037 046A0759 		.ascii	"\004j\007Y\340;\221Z\225:\310\275[\2059\237R\312\026"
  25      E03B915A 
  25      953AC8BD 
  25      5B85399F 
  25      52CA16
  26 004a F5A2DB4D 		.ascii	"\365\242\333M\257\246\323 0N\344\240ZDH.\215\323\373"
ARM GAS  /tmp/ccTykKe9.s 			page 2


  26      AFA6D320 
  26      304EE4A0 
  26      5A44482E 
  26      8DD3FB
  27 005d 4948C9A5 		.ascii	"IH\311\2453\331\253\353\376q\327\257\202\0139E\377?"
  27      33D9ABEB 
  27      FE71D7AF 
  27      820B3945 
  27      FF3F
  28 006f 33DBCC4F 		.ascii	"3\333\314O\324s\332\027j\020%\030"
  28      D473DA17 
  28      6A102518 
  29              		.text
  30              		.section	.gnu.lto_.inline.63a2a12086eb4fb9,"e",%progbits
  31 0000 789C958E 		.ascii	"x\234\225\216\261\015\0021\014E\277\177\314\221\000"
  31      B10D0231 
  31      0C45BF7F 
  31      CC9100
  32 000f 43301112 		.ascii	"C0\021\0223pw\2721\322\320\323\"Q\260\003\035\003P\321"
  32      337077BA 
  32      31D2D0D3 
  32      2251B003 
  32      1D0350D1 
  33 0023 5033024B 		.ascii	"P3\002K\340\030\345\004\3225\270\210\034\377\377\374"
  33      E018E504 
  33      D235B888 
  33      1CFFFFFC 
  34 0033 1D21D80A 		.ascii	"\035!\330\012\306j\200t\272>^\034\004\\Y\367\344`\323"
  34      C66A8074 
  34      BA3E5E1C 
  34      045C59F7 
  34      E460D3
  35 0046 7DCE992D 		.ascii	"}\316\231-\301\342\021,\354{f/\224ua\313\243\215\315"
  35      C1E2112C 
  35      EC7B662F 
  35      947561CB 
  35      A38DCD
  36 0059 7268CD9C 		.ascii	"rh\315\234G3\275\335AQ\325h\366hJr\245\027q8L\301u\246"
  36      4733BDDD 
  36      4151D568 
  36      F6684A72 
  36      A5177138 
  37 0071 862802D2 		.ascii	"\206(\002\322\375x\271\205N\350\210'k\015\370\346\364"
  37      FD78B985 
  37      4EE88827 
  37      6B0DF8E6 
  37      F4
  38 0082 D31A53D5 		.ascii	"\323\032S\325\022\012.\375t/\0366\230a\356\001]\275"
  38      120A2EFD 
  38      742F1E36 
  38      9861EE01 
  38      5DBD
  39 0094 616AD7EF 		.ascii	"aj\327\357\015\315\377\010\336q\326Bo"
  39      0DCDFF08 
  39      DE71D642 
  39      6F
  40              		.text
ARM GAS  /tmp/ccTykKe9.s 			page 3


  41              		.section	.gnu.lto_.pureconst.63a2a12086eb4fb9,"e",%progbits
  42 0000 789C05C1 		.ascii	"x\234\005\301\301\021\000 \010\004\261CV\306\277\335"
  42      C1110020 
  42      0804B143 
  42      56C6BFDD 
  43 0010 6FB5242F 		.ascii	"o\265$/\225\237d\"%GZ\256\214,&\273\003\350"
  43      959F6422 
  43      25475AAE 
  43      8C2C26BB 
  43      03E8
  44              		.text
  45              		.section	.gnu.lto_nvicInit.63a2a12086eb4fb9,"e",%progbits
  46 0000 789C9553 		.ascii	"x\234\225SKL\023Q\024}g\336\2643T\204\310\012S\027l"
  46      4B4C1351 
  46      147D67DE 
  46      B4335484 
  46      C80A5317 
  47 0015 58B06108 		.ascii	"X\260a\010\033\211\321D\303\232\230\350\312\245\022"
  47      1B89D144 
  47      C39A98E8 
  47      CAA512
  48 0024 0C8DD01A 		.ascii	"\014\215\320\0320\306\035\257-\205\250@7|\224\320\224"
  48      30C61DAF 
  48      2D85A840 
  48      377C94D0 
  48      94
  49 0035 4F104C10 		.ascii	"O\020L\020?A#\2108\024\225\237\037\332\215\011\032\214"
  49      3F412388 
  49      3814959F 
  49      1FDA8D09 
  49      1A8C
  50 0047 1A099280 		.ascii	"\032\011\222\200\240\2111\030\212\367M\007d\243\211"
  50      A0893118 
  50      8AF74D07 
  50      64A389
  51 0056 2F33937B 		.ascii	"/3\223{\337\275\357\2343g\356\350\014\314\303\031;\302"
  51      DFBDEF9C 
  51      3367EEE8 
  51      0CCCC319 
  51      3BC2
  52 0068 183B4537 		.ascii	"\030;E7\234\014\212\020\342\250\346\327\025\250v\304"
  52      9C0C8A10 
  52      E2A8E6D7 
  52      15A876C4 
  53 0078 ED685C57 		.ascii	"\355h\\W\025\236X\333(R\205\3131\030\016i\252Hw\000"
  53      159E58DB 
  53      285285CB 
  53      31180E69 
  53      AA487700 
  54 008c 564DE860 		.ascii	"VM\350`5\012W\035\250QT\006S\205n=Xj\205y\033G\254~"
  54      350A571D 
  54      A8515406 
  54      53856E3D 
  54      586A8579 
  55 00a4 7158C9EB 		.ascii	"qX\311\353\243~a\266\2159\353D(;J\344\327\271\335\304"
  55      A37E61B6 
  55      8D39EB44 
ARM GAS  /tmp/ccTykKe9.s 			page 4


  55      283B4AE4 
  55      D7B9DDC4 
  56 00b8 30823CC6 		.ascii	"0\202<\306\250s!\020\371\231\336\304\243\034P)m\236"
  56      A8732110 
  56      F999DEC4 
  56      A31C5029 
  56      6D9E
  57 00ca 199A76C9 		.ascii	"\031\232v\311TA\016\245\233\242\2715\203\037\202\354"
  57      54410EA5 
  57      9BA2B935 
  57      831F82EC 
  58 00da 1CF0F7C5 		.ascii	"\034\360\367\305\221\333#D@\230\213\355\331]A1%\324"
  58      91DB2344 
  58      40988BED 
  58      D95D4131 
  58      25D4
  59 00ec 28E7780C 		.ascii	"(\347x\014N\300\030\205\033\217\340N\341S\377\307\273"
  59      4EC01885 
  59      1B8FE04E 
  59      E153FFC7 
  59      BB
  60 00fd C996BD4E 		.ascii	"\311\226\275N\025c\310\265\211\361\004NP\245wvb,\203"
  60      1563C8B5 
  60      89F1044E 
  60      50A57776 
  60      622C83
  61 0110 1FB65023 		.ascii	"\037\266P#\213W\3464\0335\331\236\325\275\203j\376\033"
  61      8B57E634 
  61      1B35D99E 
  61      D5BD836A 
  61      FE1B
  62 0122 759C5025 		.ascii	"u\234P%\236\204\215\021,c\212d\222\373\267\023\016S"
  62      9E848D11 
  62      2C638A64 
  62      92FBB713 
  62      0E53
  63 0134 24B7EA09 		.ascii	"$\267\352\011p\377\255\241\367\373\310/\271M^Q\203f"
  63      70FFADA1 
  63      F7FBC82F 
  63      B94D5E51 
  63      8366
  64 0146 C58C5DE5 		.ascii	"\305\214]\345lm\243\277\010\302d\254\201+V\354\247x"
  64      6C6DA3BF 
  64      08C264AC 
  64      812B56EC 
  64      A778
  65 0158 19B1D12F 		.ascii	"\031\261\321/\003AMbG\270\264\244)\370uA\227\226\250"
  65      03414D62 
  65      47B8B4A4 
  65      29F87541 
  65      9796A8
  66 016b 96E0D5A1 		.ascii	"\226\340\325\241\267q;\025fPd\320\326\247\371X\230\367"
  66      B7713B15 
  66      665064D0 
  66      D6A7F958 
  66      98F7
  67 017d A2C74F76 		.ascii	"\242\307Ovw\216\200E\271\003OI\367\204\324M\365\350"
ARM GAS  /tmp/ccTykKe9.s 			page 5


  67      778E8045 
  67      B9034F49 
  67      F784D44D 
  67      F5E8
  68 018f CA72072F 		.ascii	"\312r\007/\030\024\315~\221\023\345N<C/\256\245\034"
  68      1814CD7E 
  68      9113E54E 
  68      3C432FAE 
  68      A51C
  69 01a1 798E0226 		.ascii	"y\216\002&\005\360p\350\315$\227\0128)\370\266\364\260"
  69      05F070E8 
  69      CD24970A 
  69      3829F8B6 
  69      F4B0
  70 01b3 678F7CAD 		.ascii	"g\217|\255\335\364\232E\337\022\037Nd\246R\021K\321"
  70      DDF49A45 
  70      DF121F4E 
  70      64A65211 
  70      4BD1
  71 01c5 27265BBF 		.ascii	"'&[\277\353\333\364g\211]\307\024\261O\332\354\241\017"
  71      EBDBF467 
  71      895DC714 
  71      B14FDAEC 
  71      A10F
  72 01d7 5B4B0AB1 		.ascii	"[K\012\261\327Z\354i\230\266\330\221\2623\331\330\025"
  72      D75AEC69 
  72      98B6D891 
  72      B233D9D8 
  72      15
  73 01e8 482FBC23 		.ascii	"H/\274#\213\2357\020\345.\314\240 bU\031fQH-\015\335"
  73      8B9D3710 
  73      E52ECCA0 
  73      20625519 
  73      6651482D 
  74 01fe F3412E19 		.ascii	"\363A.\031]\330\242\225\211\027\004l\211\034\336\021"
  74      5DD8A295 
  74      8917046C 
  74      891CDE11 
  75 020e F99F125E 		.ascii	"\371\237\022^Z\022\224\277Ix\365G\302k\024\332|\301"
  75      5A1294BF 
  75      4978F547 
  75      C26B14DA 
  75      7CC1
  76 0220 8EBACDFB 		.ascii	"\216\272\315\373\375\212$\214p\215\352t\364\301\345"
  76      FD8A248C 
  76      708DEA74 
  76      F4C1E5
  77 022f 959B6952 		.ascii	"\225\233iR\032M/\346\254)i\340\362\017\022\252\264\022"
  77      1A4D2FE6 
  77      AC2969E0 
  77      F20F12AA 
  77      B412
  78 0241 9F51FB6E 		.ascii	"\237Q\373n\342@\352\010\350kJ\310\037\300nW\211\007"
  78      E240EA08 
  78      E86B4AC8 
  78      1FC06E57 
  78      8907
ARM GAS  /tmp/ccTykKe9.s 			page 6


  79 0253 71B8957B 		.ascii	"q\270\225{.B\345\211,\002p\254o\017\303*\002\235\277"
  79      2E42E589 
  79      2C0270AC 
  79      6F0FC32A 
  79      029DBF
  80 0266 1A61CF99 		.ascii	"\032a\317\231\034\032\254o\017\015c\007\363\363\015"
  80      1C1AAC6F 
  80      0F0D6307 
  80      F3F30D
  81 0275 BACE9555 		.ascii	"\272\316\225Uy\313*\214\342r\317\031\317\361\223\206"
  81      79CB2A8C 
  81      E272CF19 
  81      CFF19386 
  82 0285 AFDA283F 		.ascii	"\257\332(?]a\234\367U]\2506J}\225\225>\257q\354DIq\311"
  82      5D619CF7 
  82      555DA836 
  82      4A7D9595 
  82      3EAF71EC 
  83 029d 25C37BD1 		.ascii	"%\303{\321S\232_\312\340\205\3477\2022>\321"
  83      539A5FCA 
  83      E085E737 
  83      82323ED1 
  84              		.text
  85              		.section	.gnu.lto_nvicEnableVector.63a2a12086eb4fb9,"e",%progbits
  86 0000 789C9D53 		.ascii	"x\234\235SMH\024a\030\376\236ygv'[\355\032,\225\207"
  86      4D481461 
  86      18FE9E79 
  86      6776275B 
  86      ED1A2C95 
  87 0015 60F1B223 		.ascii	"`\361\262#^\202\350`x\350$A\335\203\022\301%\335\025"
  87      5E82E860 
  87      78E82441 
  87      DD8312C1 
  87      25DD15
  88 0028 8D880EF9 		.ascii	"\215\210\016\371\355n\356B\376]\374Ih\231\025\333\""
  88      ED6EEE42 
  88      FE5DFC49 
  88      689915DB 
  88      22
  89 0039 0233E862 		.ascii	"\0023\350b\353\317\266Y\246\366\243\022\335\\)\244R"
  89      EBCFB659 
  89      A6F6A312 
  89      DD5C29A4 
  89      52
  90 004a B00E5D4A 		.ascii	"\260\016]J\374\351\375f\026\014\252C\015\363\275|\357"
  90      FCE9FD66 
  90      160CAA43 
  90      0DF3BD7C 
  90      EF
  91 005b EFF33C2F 		.ascii	"\357\363</3\246\2008GBT\013!\016\361\001\011hR\312j"
  91      33A68038 
  91      4742540B 
  91      210EF101 
  91      096852CA 
  92 0070 6FD4D400 		.ascii	"o\324\324\000\347&M\2106\015m\350\241\001B>\371qL\253"
  92      E7264D88 
  92      360D6DE8 
ARM GAS  /tmp/ccTykKe9.s 			page 7


  92      A101423E 
  92      F9714CAB 
  93 0084 B8CB1999 		.ascii	"\270\313\031\231\033\270\345M\310\366\2036\017\030\344"
  93      1BB8E54D 
  93      C8F68336 
  93      0F18E4
  94 0093 E33E788C 		.ascii	"\343>x\214\012\256+\304R\337}\335d\023\240\263\333;"
  94      0AAE2BC4 
  94      52DF7DDD 
  94      6413A0B3 
  94      DB3B
  95 00a5 F768B644 		.ascii	"\367h\266D\271\032\312\331\335\226\275\375et\034\202"
  95      B91ACAD9 
  95      DD96BDFD 
  95      65741C82 
  96 00b5 EF6B2B33 		.ascii	"\357k+3\011\0042R\306dn\3726\311\2436\021&@<\022\343"
  96      09043252 
  96      C6646EFA 
  96      36C9A336 
  96      1126403C 
  97 00cb F0230BBF 		.ascii	"\360#\013\277\020\034\343\321\223\010p\303\375\330\247"
  97      101CE3D1 
  97      930870C3 
  97      FDD8A7
  98 00da 0DA2134E 		.ascii	"\015\242\023N\363\310\306\217\305\322b\363j\246\330"
  98      F3C8C68F 
  98      C5D262F3 
  98      6AA6D8
  99 00e9 3CF5C7E6 		.ascii	"<\365\307\346\034\002B\265|x\270\323W\352\321\213\224"
  99      1C0242B5 
  99      7C78B8D3 
  99      57EAD18B 
  99      94
 100 00fa F1041E5E 		.ascii	"\361\004\036^\202\020\017\226\214\234\334\331M\312\334"
 100      82100F96 
 100      8C9CDCD9 
 100      4DCADC
 101 0109 DB3B583E 		.ascii	"\333;X>\345\003\267\351\2322\304\306\320\2251\330x<"
 101      E503B7E9 
 101      9A32C4C6 
 101      D09531D8 
 101      783C
 102 011b 50A34C28 		.ascii	"P\243L(6Bt\220P\273\320!sBt\222\346:Qv\326\021\333J"
 102      36427490 
 102      50BBD021 
 102      73427492 
 102      E63A5176 
 103 0133 2E6747A1 		.ascii	".gG\241 R\204\024y8\026\337L\024\003\032\307~]\224\007"
 103      20528414 
 103      793816DF 
 103      4C14031A 
 103      C77E5D94 
 104 0148 3AF24C77 		.ascii	":\362Lw\035\371\302\215{\206*\342tw\374k\301Ti\257\243"
 104      1DF9C28D 
 104      7B862AE2 
 104      7477FC6B 
 104      C15469AF 
ARM GAS  /tmp/ccTykKe9.s 			page 8


 105 015d B76F716C 		.ascii	"\267oql\351\200\353\312|\\\226qhi\246\377\233\231\301"
 105      E980EBCA 
 105      7C5C9671 
 105      6869A6FF 
 105      9B99C1
 106 0170 709491D3 		.ascii	"p\224\221\323\207m21\315\302\237*\341\234m\177\277\373"
 106      876D3231 
 106      CDC29F2A 
 106      E19C6D7F 
 106      BFFB
 107 0182 59AB1C91 		.ascii	"Y\253\034\221\327\243\262\334\246}x\206\014n:\3129\271"
 107      D7A3B2DC 
 107      A67D7886 
 107      0C6E3ACA 
 107      39B9
 108 0194 D33514F3 		.ascii	"\3235\024\363U\215\252d\372\252M%x\216\312\024\231\316"
 108      558DAA64 
 108      FAAA4D25 
 108      788ECA14 
 108      99CE
 109 01a6 5E6650C5 		.ascii	"^fP\305\034\025\343\376\344vvTsI\023\247\271\361\335"
 109      1C15E3FE 
 109      E4767654 
 109      734913A7 
 109      B9F1DD
 110 01b9 D4D03814 		.ascii	"\324\3208\024\015\003G\360\302!\035\337J\270\244S\244"
 110      0D0347F0 
 110      C2211DDF 
 110      4AB8A453 
 110      A4
 111 01ca 178B9687 		.ascii	"\027\213\226\207\323p\225\031\230u\2136\023k^\267\310"
 111      D3709519 
 111      98758B36 
 111      136B5EB7 
 111      C8
 112 01db E08AC9CE 		.ascii	"\340\212\311\316\205yr+\2009\370y\276+\177\320[\224"
 112      8579722B 
 112      8039F879 
 112      BE2B7FD0 
 112      5B94
 113 01ed FF2FE2F6 		.ascii	"\377/\342\366c\336\021\207\337\305]\263\311\207\227"
 113      63DE1187 
 113      DFC55DB3 
 113      C98797
 114 01fc 4A9CEE88 		.ascii	"J\234\356\210{\245\304\031.V\327\304*\376\013\355\265"
 114      7BA5C419 
 114      2E56D7C4 
 114      2AFE0BED 
 114      B5
 115 020d 83A6FD05 		.ascii	"\203\246\375\005\355\315\036\332\202\213\366\005\261"
 115      EDCD1EDA 
 115      828BF605 
 115      B1
 116 021a 74B6C7C1 		.ascii	"t\266\307\301r\376\224\016\302\336\247#\304\261`\320"
 116      72FE940E 
 116      C2DEA723 
 116      C4B160D0 
ARM GAS  /tmp/ccTykKe9.s 			page 9


 117 022a E2F7627D 		.ascii	"\342\367b}K\270\276\321\252i\010]\010\235>kEZ\255\206"
 117      4BB8BED1 
 117      AA69085D 
 117      089D3E6B 
 117      455AAD86 
 118 023e F38D5673 		.ascii	"\363\215Vs\244\345R\253U\027ij\212\204\255\223gjkj\257"
 118      A4E552AB 
 118      5517696A 
 118      8A84AD93 
 118      676A6B6A 
 119 0253 58E1CBA1 		.ascii	"X\341\313\241\272`\235@Xon\011E~\002U\241(;"
 119      BA609D40 
 119      586F6E09 
 119      457E0255 
 119      A1283B
 120              		.text
 121              		.section	.gnu.lto_nvicDisableVector.63a2a12086eb4fb9,"e",%progbits
 122 0000 789C9D52 		.ascii	"x\234\235R\317k\023A\030\375\336\314&\331\246\265^\205"
 122      CF6B1341 
 122      18FDDECC 
 122      26D9A6B5 
 122      5E85
 123 0012 A0F62094 		.ascii	"\240\366 \224^\262%\027A/JoB\021\364/\320Ph\260M\244"
 123      5EB22517 
 123      412F4A6F 
 123      4211F42F 
 123      D05068B0 
 124 0028 15110F76 		.ascii	"\025\021\017v\222\330\004lS/ij\017aS\332 ^\264\202 "
 124      92D8046C 
 124      532F696A 
 124      0F6153DA 
 124      205EB482 
 125 003d D5DAACD1 		.ascii	"\325\332\254\321\032\373C\2619x3\242\224\322\366`A/"
 125      1AFB43B1 
 125      397833A2 
 125      94D2F660 
 125      412F
 126 004f 526CEAB7 		.ascii	"Rl\352\267\273\305\012\342A\227\235a\336|o\276\367\346"
 126      BBC50AE2 
 126      41979D61 
 126      DE7C6FBE 
 126      F7E6
 127 0061 313A8136 		.ascii	"1:\2016\005\321I\":\314\003\222 \224R\247|q]\000\316"
 127      05D14922 
 127      3ACC0392 
 127      209452A7 
 127      7C715D00 
 128 0076 4AE9A001 		.ascii	"J\351\240\001\201\001\334\226c\022\345\364\332\214h"
 128      8101DC96 
 128      6312E5F4 
 128      DA8C68
 129 0085 BBCB1565 		.ascii	"\273\313\025e\215m\373Rj\360\220)\211\306y\270\037\236"
 129      8D6DFB52 
 129      6AF09029 
 129      89C679B8 
 129      1F9E
 130 0097 A08D79B5 		.ascii	"\240\215y\265D\376{\323\2104%\2401\314.>Z\360\333P\240"
ARM GAS  /tmp/ccTykKe9.s 			page 10


 130      44FE7BD3 
 130      883425A0 
 130      31CC2E3E 
 130      5AF0DB50 
 131 00ac 85E18ECA 		.ascii	"\205\341\216\312\346\232\345\011\020\2577>VRh-*\225"
 131      E69AE509 
 131      10AF373E 
 131      5652682D 
 131      2A95
 132 00be 50D6F294 		.ascii	"P\326\362\224T\307L)\361\014\222[b\026\001<E\200\210"
 132      54C74C29 
 132      F10C925B 
 132      6216013C 
 132      458088
 133 00d1 F7B8F51C 		.ascii	"\367\270\365\034Z\311>\362\371a}\364\200W\333SE\011"
 133      5AC93EF2 
 133      F9617DF4 
 133      8057DB53 
 133      4509
 134 00e3 5EBE07D1 		.ascii	"^\276\007\321\203\252\307R\365\335\264\262V\247\360"
 134      83AAC752 
 134      F5DDB4B2 
 134      56A7F0
 135 00f2 F84C03F8 		.ascii	"\370L\003\370\230&\354I\362\344\321\3406\030\222d\333"
 135      9826EC49 
 135      F2E4D1E0 
 135      36189264 
 135      DB
 136 0103 D7A02CA2 		.ascii	"\327\240,\242a)\\\020g\260\211d.\275S\232\026v\313\274"
 136      61295C10 
 136      67B08964 
 136      2EBD539A 
 136      1676CBBC 
 137 0117 445EDADE 		.ascii	"D^\332\336\337\227&fa{\327p\024\026\273a\332\217\324"
 137      DF972666 
 137      617BD770 
 137      1416BB61 
 137      DA8FD4
 138 012a 3D8F4B12 		.ascii	"=\217K\022{\244\017\223\005\207\344\201\007\317]\322"
 138      7BA40F93 
 138      0587E481 
 138      07CF5DD2 
 139 013a 766AC3E7 		.ascii	"vj\303\347\222\354\344\346\206\337-I\227\001\224\021"
 139      92ECE4E6 
 139      86DF2D49 
 139      97019411 
 140 014a E0FE4C2A 		.ascii	"\340\376L*\327n\215;$f\214$\267j\272\315\360:\301\214"
 140      D76E8D3B 
 140      24668C24 
 140      B76ABACD 
 140      F03AC18C 
 141 015e AECC540F 		.ascii	"\256\314T\017\272P\225\223\252\231\267\252\225\3347"
 141      BA509593 
 141      AA99B7AA 
 141      95DC37
 142 016d BD88C938 		.ascii	"\275\210\3118[.\0341\245\017/9\241\027vB\\\035\374\264"
 142      5B2E1C31 
ARM GAS  /tmp/ccTykKe9.s 			page 11


 142      A50F2F39 
 142      A1177642 
 142      5C1DFCB4 
 143 0181 BB2EDAEF 		.ascii	"\273.\332\357\253\233q\325bJ\035\363(\342\216\023\021"
 143      AB9B71D5 
 143      624A1DF3 
 143      28E28E13 
 143      11
 144 0192 17EB9989 		.ascii	"\027\353\231\211DSh\332.\026n\230\262\001\257\320\316"
 144      445368DA 
 144      2E166E98 
 144      B201AFD0 
 144      CE
 145 01a3 EE9D002B 		.ascii	"\356\235\000+\010\261G\327Mfe\025{~\376M\355\265\243"
 145      08B147D7 
 145      4D666515 
 145      7B7EFE4D 
 145      EDB5A3
 146 01b6 86BFA82D 		.ascii	"\206\277\250-\354\253-\376R\373\272\236\231\367\377"
 146      ECAB2DFE 
 146      52FBBA9E 
 146      99F7FF
 147 01c5 87981F4B 		.ascii	"\207\230\037K\216\230\370S\354\272)\033\261l\213i\216"
 147      8E98F853 
 147      ECBA291B 
 147      B16C8B69 
 147      8E
 148 01d6 D81B847E 		.ascii	"\330\033\204~O\266\021\204\267\334\363\013\022\205\255"
 148      4FB61184 
 148      B7DCF30B 
 148      1285AD
 149 01e5 AC7351E7 		.ascii	"\254sQ\347\325\016I\354\277\011\242\343\301\240\301"
 149      D50E49EC 
 149      BF09A2E3 
 149      C1A0C1
 150 01f4 FFA5AEBE 		.ascii	"\377\245\256\276hW\217\321\321\035\271\0309{\336\210"
 150      68578FD1 
 150      D11DB918 
 150      397BDE88 
 151 0204 F51BDD17 		.ascii	"\365\033\335\027z\214\313\261\276+\375F8\326\333\033"
 151      7A8CCBB1 
 151      BE2BFD46 
 151      38D6DB1B 
 152 0214 8B1AA7CF 		.ascii	"\213\032\247\317uvt^3\242W#\341`\230\020\375\011\374"
 152      7576745E 
 152      33A25723 
 152      E1609810 
 152      FD09FC
 153 0227 0C062C   		.ascii	"\014\006,"
 154              		.text
 155              		.section	.gnu.lto_nvicSetSystemHandlerPriority.63a2a12086eb4fb9,"e",%progbits
 156 0000 789C6D52 		.ascii	"x\234mR\313KTQ\030?\277\373\335\231\271\216c\331Nr\343"
 156      CB4B5451 
 156      183FBFFB 
 156      DD99B98E 
 156      63D94E72 
 157 0015 2210378E 		.ascii	"\"\0207\216\330\"\262M%\265\223\240\376\0023\301!\235"
ARM GAS  /tmp/ccTykKe9.s 			page 12


 157      D822B24D 
 157      25B593A0 
 157      FE0233C1 
 157      219D
 158 0027 913122DA 		.ascii	"\2211\"\332x\346\241C)\266H\321Y\014\327\220\301 \320"
 158      78E6A143 
 158      29B648D1 
 158      590CD790 
 158      C120D0
 159 003a CA36F96A 		.ascii	"\3126\371j\322\314\264\231\"{\010B\366\300T|B\272\250"
 159      D2CCB499 
 159      227B0842 
 159      F6C0547C 
 159      42BAA8
 160 004d 0CA7EFDC 		.ascii	"\014\247\357\334\231\205\213\016\367\034\316\367\372"
 160      99858B0E 
 160      F71CCEF7 
 160      FA
 161 005a 7DBFFB3B 		.ascii	"}\277\373;\237! \316\221\020\347\205\020\247x\303&\240"
 161      9F2120CE 
 161      9110E785 
 161      10A778C3 
 161      26A0
 162 006c 49294F3B 		.ascii	"I)O;\002\206\246Q*:d\327\245S\037ZN\236\324\245\213"
 162      0286A651 
 162      2A3A64D7 
 162      A5531F5A 
 162      4E9ED4A5 
 163 0081 A067633A 		.ascii	"\240gc:`\335\244\001\321\254\221\216f\334\241n\302D"
 163      60DDA401 
 163      D1AC918E 
 163      66DCA16E 
 163      C244
 164 0093 64F9A956 		.ascii	"d\371\251V\322\3171\231\350\376\344l\225-\005&\303G"
 164      D2CF3199 
 164      E8FEE46C 
 164      952D0526 
 164      C347
 165 00a5 79671686 		.ascii	"yg\026\206Q\302y\213\301\330/W\007\231\004\350lv\316"
 165      51C2798B 
 165      C1D82F57 
 165      079904E8 
 165      6C76CE
 166 00b8 3E99712A 		.ascii	">\231q*SC\021\233\241\273\343\243\006U@\360}4\262\236"
 166      5343119B 
 166      A1BBE3A3 
 166      065540F0 
 166      7D34B29E 
 167 00cc D68BE352 		.ascii	"\326\213\343R\006eb)N\362\230I\2041\020Cb\024\205\030"
 167      06656229 
 167      4EF29849 
 167      84311043 
 167      62148518 
 168 00e0 41A110EC 		.ascii	"A\241\020\354c\350q\024s\301\203\340\312&\321Y\253x"
 168      63E87114 
 168      73C183E0 
 168      CA26D159 
ARM GAS  /tmp/ccTykKe9.s 			page 13


 168      AB78
 169 00f2 60F3F7BB 		.ascii	"`\363\367\273\274l\361n\177\266\370\331\177\213\023"
 169      BC6CF16E 
 169      7FB6F8D9 
 169      7F8B13
 170 0101 2816AAE4 		.ascii	"(\026\252\344\373\243\375\256<\273\236\245\214\347\260"
 170      FBA3FDAE 
 170      3CBB9EA5 
 170      8CE7B0
 171 0110 B344027D 		.ascii	"\263D\002}$\006\347l\011\271\237\2160\217\202\205\301"
 171      2406E76C 
 171      09B99F8E 
 171      308F8285 
 171      C1
 172 0121 1C17B852 		.ascii	"\034\027\270R\327\370\260\221:t>\3546u8\240\2508\221"
 172      D7F8B091 
 172      3A743EEC 
 172      367538A0 
 172      A83891
 173 0134 C16C23A1 		.ascii	"\301l#\241\344\320!\023B\264\223\2261\002l\254!4\034"
 173      E4D02113 
 173      42B49396 
 173      31026CAC 
 173      21341C
 174 0147 F9FCD1A5 		.ascii	"\371\374\321\245\232\304\0101rp\377\241\245\271N\273"
 174      9AC40831 
 174      7270FFA1 
 174      A5B94EBB 
 175 0157 9282908B 		.ascii	"\222\202\220\213\011\346\267\206\340\337\01029\032\247"
 175      09E6B786 
 175      E0DF0832 
 175      391AA7
 176 0166 890DB414 		.ascii	"\211\015\264\024eL\245\370\310\356\330ZN\030\301\000"
 176      654CA5F8 
 176      C8EED85A 
 176      4E18C100 
 177 0176 0BED8892 		.ascii	"\013\355\210\222\342:\2110\004'stz{\363\003\024\232"
 177      E23A8930 
 177      04277374 
 177      7A7BF303 
 177      149A
 178 0188 0D022F50 		.ascii	"\015\002/Ph\222!~ \274Z\231\005P>\353]\332\211\226\223"
 178      6892217E 
 178      20BC5A99 
 178      05503EEB 
 178      5DDA8996 
 179 019d D1E38A97 		.ascii	"\321\343\212\227\266\201\260\325@\311\021\273\237L["
 179      B681B0D5 
 179      40C911BB 
 179      9F4C5B
 180 01ac F0864939 		.ascii	"\360\206I9Q\322\030~J\301s\250#\264\275h(l\247e\036"
 180      51D2187E 
 180      4AC173A8 
 180      23B4BD68 
 180      286CA765 
 181 01c1 24E2EC53 		.ascii	"$\342\354S\352\261\363\213\374\231r\306\321\027\310"
 181      EAB1F38B 
ARM GAS  /tmp/ccTykKe9.s 			page 14


 181      FC9972C6 
 181      D117C8
 182 01d0 372917D3 		.ascii	"7)\027\323\\\211\227\252#\207vV\246\306\015\225\337"
 182      5C8997AA 
 182      23877656 
 182      A6C60D95 
 182      DF
 183 01e1 23659102 		.ascii	"#e\221\002y\20582z\317p\236I.\213\226~P/V\"5\277\232"
 183      79853832 
 183      7ACF709E 
 183      492E8B96 
 183      7E502F56 
 184 01f9 15438F91 		.ascii	"\025C\217\221Si\370\2475\353\260\261\357\340l\345A\307"
 184      5369F8A7 
 184      35EBB0B1 
 184      EFE06CE5 
 184      41C7
 185 020b ACA5E0C4 		.ascii	"\254\245\340\304\342\355[\016\225t\220\366!\213\366"
 185      E2ED5B0E 
 185      957490F6 
 185      218BF6
 186 021a D6D7F68A 		.ascii	"\326\327\366\212\214%\027B\362\020{&\273\036\1773\024"
 186      8C251742 
 186      F2107B26 
 186      BB1E7F33 
 186      14
 187 022b 676EDC7B 		.ascii	"gn\334{\324\244\303H\362\250\274\316\322\036[\337{\217"
 187      D4A4C348 
 187      F2A8BCCE 
 187      D21E5BDF 
 187      7B8F
 188 023d B201190E 		.ascii	"\262\001\031\016(\326\371H1\353\036kV\024\366\374\275"
 188      28D6F948 
 188      31EB1E6B 
 188      5614F6FC 
 188      BD
 189 024e 1DA3FCA1 		.ascii	"\035\243\374\241\012\366\3364\351\010\336\240\214\237"
 189      0AF6DE34 
 189      E908DEA0 
 189      8C9F
 190 025c D59AA4B7 		.ascii	"\325\232\244\267(g\212b\013\301\336\275\256\314\217"
 190      28678A62 
 190      0BC1DEBD 
 190      AECC8F
 191 026b AAD54648 		.ascii	"\252\325FH\363\"k<\2048QZ\352\346\357j\255\337[[\357"
 191      F3226B3C 
 191      8438515A 
 191      EAE6EF6A 
 191      ADDF5B5B 
 192 0280 AEACF35C 		.ascii	"\256\254\363\\\366\\\270\344\3665\271\353\252\353\335"
 192      F65CB8E4 
 192      F635B9EB 
 192      AAEBDD
 193 028f 8D3EFFB5 		.ascii	"\215>\377\265&w\215\257\241\301\347u\237\271XUYu\303"
 193      26778DAF 
 193      A1C1E775 
 193      9FB95855 
ARM GAS  /tmp/ccTykKe9.s 			page 15


 193      5975C3
 194 02a2 EDBDEEA9 		.ascii	"\355\275\356\251)\255\021\216\272j\357\225\372Z\277"
 194      29AD118E 
 194      BA6AEF95 
 194      FA5ABF
 195 02b1 DEE8F7F8 		.ascii	"\336\350\367\370\376\001\036\271%a"
 195      FE011EB9 
 195      2561
 196              		.text
 197              		.section	.gnu.lto___func__.8999.63a2a12086eb4fb9,"e",%progbits
 198 0000 789CE360 		.ascii	"x\234\343``d\020e``\220g\200\200\351\314\214\037\036"
 198      60641065 
 198      60609067 
 198      8080E9CC 
 198      8C1F1E
 199 0013 CFB9CCA4 		.ascii	"\317\271\314\244\3104\277\201c>3\003\003\343.FE\006"
 199      C834BF81 
 199      633E3303 
 199      03E32E46 
 199      4506
 200 0025 D9BCB2CC 		.ascii	"\331\274\262\314\344\340\324\222\340\312\342\222\324"
 200      E4E0D492 
 200      E0CAE292 
 200      D4
 201 0032 5C8FC4BC 		.ascii	"\\\217\304\274\224\234\324\242\200\242\314\374\242\314"
 201      949CD4A2 
 201      80A2CCFC 
 201      A2CC
 202 0040 924A0600 		.ascii	"\222J\006\000\351\274\022\204"
 202      E9BC1284 
 203              		.text
 204              		.section	.gnu.lto_nvicClearPending.63a2a12086eb4fb9,"e",%progbits
 205 0000 789C4550 		.ascii	"x\234EPAKTQ\024>\337=\357\315\274\312t\033\014\225\213"
 205      414B5451 
 205      143EDF3D 
 205      EFCDBCCA 
 205      741B0C95 
 206 0015 40249827 		.ascii	"@$\230'n\202\334\024.C\202\372\0055\010\016\351LhD\253"
 206      6E82DC14 
 206      2E4382FA 
 206      0535080E 
 206      E94C6844 
 207 002a BCF32667 		.ascii	"\274\363&g0\3156:V0\274\021\035\252M%\264\261,_\223"
 207      30CD363A 
 207      5630BC11 
 207      1DAA4D25 
 207      B4B12C5F 
 208 003f 25B66B16 		.ascii	"%\266k\026AP\023\025D\265\250E\233\020\035;\367=\303"
 208      41501315 
 208      44B5A845 
 208      9B101D3B 
 208      F73DC3
 209 0052 CBBD97F3 		.ascii	"\313\275\227\363}\347|\347\236\3739\004\212)\242\036"
 209      7DE77CE7 
 209      9EFB3904 
 209      8A29A21E 
 210 0062 223A2807 		.ascii	"\":(\007LPZ\353\023\361\234\243\2000\322\016hTa\024"
ARM GAS  /tmp/ccTykKe9.s 			page 16


 210      4C505AEB 
 210      13F19CA3 
 210      8030D20E 
 210      68546114 
 211 0076 37799651 		.ascii	"7y\226Q+~[R\235w%\243\203\331;\373\012z\354\200\317"
 211      2B7E5B52 
 211      9D7725A3 
 211      83D93BFB 
 211      0A7AEC80 
 212 008b 44B7E544 		.ascii	"D\267\345D\013O\320)u\015\257\374\267e\212}\006,\201"
 212      0B4FD029 
 212      750DAFFC 
 212      B7658A7D 
 212      062C81
 213 009e D36F1EAF 		.ascii	"\323o\036\257\3575P\241]\340\226\236.\265\362q\220\304"
 213      EF3550A1 
 213      5DE0969E 
 213      2EB5F271 
 213      90C4
 214 00b0 3F3EAD15 		.ascii	"?>\255\025\320Q\325\332\323\301\352\002\353#>3\236\201"
 214      D051D5DA 
 214      D3C1EA02 
 214      EB233E33 
 214      9E81
 215 00c2 A5259691 		.ascii	"\245%\226\221\300S$\210\204\223\326\317\321AF\362e\261"
 215      C0532488 
 215      8493D6CF 
 215      D14146F2 
 215      65B1
 216 00d4 39B33F66 		.ascii	"9\263?f\355\274\212\025\304\344\037D\017\353v\240\233"
 216      EDBC8A15 
 216      C4E41F44 
 216      0FEB76A0 
 216      9B
 217 00e5 DB451D7C 		.ascii	"\333E\035|X\300\342)\231\333gK\311e\263\211,s\331\210"
 217      58C0E229 
 217      99DB674B 
 217      C965B389 
 217      2C73D988 
 218 00f9 BA4C3099 		.ascii	"\272L0\231?X\320\001\321$\253\010\344\004\374D\276T"
 218      3F58D001 
 218      D124AB08 
 218      E404FC44 
 218      BE54
 219 010b DC7A7F4F 		.ascii	"\334z\177O\231\276eF\231my\362\335\312\3342\314\007"
 219      99BE6546 
 219      996D79F2 
 219      DDCADC32 
 219      CC07
 220 011d 2C1C4620 		.ascii	",\034F #I\331Fa=\036\025)\034MH\251!7\013\367\355\210"
 220      2349D946 
 220      613D1E15 
 220      291C4D48 
 220      A921370B 
 221 0134 E41DE5C7 		.ascii	"\344\035\345\307\371J\250\264a\343E\250\3646\213\377"
 221      F94AA8B4 
 221      61E345A8 
ARM GAS  /tmp/ccTykKe9.s 			page 17


 221      F4368BFF 
 222 0144 95968885 		.ascii	"\225\226\210\205\2515\256\217\207\214\010\246\362\277"
 222      A935AE8F 
 222      878C08A6 
 222      F2BF
 223 0152 1B8E11C4 		.ascii	"\033\216\021\304B\177f\336.\325\333\"\250ky\335*T}\255"
 223      427F66DE 
 223      2ED5DB22 
 223      A86B79DD 
 223      2A547DAD 
 224 0166 F4C7A962 		.ascii	"\364\307\251b>'CW\016\371\034\307K1\252f\214\222\354"
 224      3E274357 
 224      0EF91CC7 
 224      4B31AA66 
 224      8C92EC
 225 0179 D8E7EDEF 		.ascii	"\330\347\355\357\252\353\201\276\226\323\355>;XE\025"
 225      AAEB81BE 
 225      96D3ED3E 
 225      3B584515 
 226 0189 B742A724 		.ascii	"\267B\247$\331\2741\347\265t?2\311\312U\237\367\340"
 226      D9BC31E7 
 226      B5743F32 
 226      C9CA559F 
 226      F7E0
 227 019b 15BACA1C 		.ascii	"\025\272\312\034\371\370\032\3352\020\375\202W\371Z"
 227      F9F81ADD 
 227      3210FD82 
 227      57F95A
 228 01aa 4268AB59 		.ascii	"Bh\253Y\023\214]\253\210\216%\223\256\354\013\375\303"
 228      138C5DAB 
 228      888E2593 
 228      AEEC0BFD 
 228      C3
 229 01bb 99FE41B7 		.ascii	"\231\376A\267w }>}\372\254\233\035q\007\316\015\272"
 229      77207D3E 
 229      7DFAAC9B 
 229      1D7107CE 
 229      0DBA
 230 01cd 17B3C397 		.ascii	"\027\263\303\227F\334Tvh(\233qO\236\351\353\355\273"
 230      46DC5476 
 230      68289B71 
 230      4F9EE9EB 
 230      EDBB
 231 01df E2662EA7 		.ascii	"\342f.\247S\311\024!\363\017\334\306\266\252"
 231      53C91421 
 231      F30FDCC6 
 231      B6AA
 232              		.text
 233              		.section	.gnu.lto_nvicSetPending.63a2a12086eb4fb9,"e",%progbits
 234 0000 789C4550 		.ascii	"x\234EP\317k\023A\024~\337\274\335d\325Z\257BP{\020"
 234      CF6B1341 
 234      147EDFBC 
 234      DD64D55A 
 234      AF42507B 
 235 0015 4A11B2A5 		.ascii	"J\021\262\245\027A/J\217R\004\375\0134\024\032l\023"
 235      17412F4A 
 235      8F5204FD 
ARM GAS  /tmp/ccTykKe9.s 			page 18


 235      0B34141A 
 235      6C13
 236 0027 69453CD9 		.ascii	"iE<\331\311\306&h\265^\332D\017\313\246\304\240\"\370"
 236      C9C62668 
 236      B55EDA44 
 236      0FCBA6C4 
 236      A022F8
 237 003a 03BC546B 		.ascii	"\003\274Tk\273\306\037\245\342\305\200\336\032\321\203"
 237      BBC61FA5 
 237      E2C580DE 
 237      1AD183
 238 0049 A8073DE8 		.ascii	"\250\007=\350A\244\246\276\331\2558\314\014\357\373"
 238      41A4A6BE 
 238      D9AD38CC 
 238      0CEFFB
 239 0058 DEFBDEBC 		.ascii	"\336\373\336\274\371\034\002%\024\321A\"\332%\007LP"
 239      F91C0225 
 239      14D14122 
 239      DA25074C 
 239      50
 240 0069 5AEB43C9 		.ascii	"Z\353C\311\202\243\200(\322\016hRa\022W\271\312h\226"
 240      82A38028 
 240      D20E6852 
 240      611257B9 
 240      CA6896
 241 007c 3F2DA8BE 		.ascii	"?-\250\276\233\222\321aui[IO\355\014\230\350\272\234"
 241      9B92D161 
 241      75695B49 
 241      4FED0C98 
 241      E8BA9C
 242 008f 78E111FA 		.ascii	"x\341\021\372\244\256\355\371\277\272f8`\300\0228\373"
 242      A4AEEDF9 
 242      BFBA6638 
 242      60C01238 
 242      FB
 243 00a0 EAE1EA56 		.ascii	"\352\341\352V\003\025z\004\376\321\263\225n>\000\222"
 243      03157A04 
 243      FED1B395 
 243      6E3E0092 
 244 00b0 F8CBFB95 		.ascii	"\370\313\373\225\022z\033Z{:\374Yg\2757`\306\023\260"
 244      127A1B5A 
 244      7B3AFC59 
 244      67BD3760 
 244      C613B0
 245 00c3 B4C42252 		.ascii	"\264\304\"Rx\214\024\221p\322z\011\275d$\037\037t\346"
 245      788C1491 
 245      70D27A09 
 245      BD64241F 
 245      1F74E6
 246 00d6 B627ACCD 		.ascii	"\266'\254\315W\261\214\204\374\203\350^\313\016ug\243"
 246      57B18C84 
 246      FC83E85E 
 246      CB0E7567 
 246      A3
 247 00e7 ACC3D737 		.ascii	"\254\303\3277\360\366\210\314\035\260\245\344\262\331"
 247      F0F688CC 
 247      1DB0A5E4 
ARM GAS  /tmp/ccTykKe9.s 			page 19


 247      B2D9
 248 00f5 4496B96C 		.ascii	"D\226\271l\304]\246\231\314\037,\350\220\3502\253\030"
 248      C45DA699 
 248      CC1F2CE8 
 248      90E832AB 
 248      18
 249 0106 14047C45 		.ascii	"\024\004|E\261R\366\327n)\323\327g\370l\313\223\357"
 249      B152F6D7 
 249      6E29D3D7 
 249      67F86CCB 
 249      93EF
 250 0118 96E71761 		.ascii	"\226\347\027a>`a\017B\031I\312~\227V\223q\221\302\276"
 250      3E60610F 
 250      421949CA 
 250      7E975693 
 250      7191C2BE 
 251 012c 94941A72 		.ascii	"\224\224\032r\275t\333\216I\336T\256\325k\221\322\206"
 251      BD74DB8E 
 251      49DE54AE 
 251      D56B91D2 
 251      86
 252 013d 8DA791D2 		.ascii	"\215\247\221\322[/\377SZ\"\026\246\331\276t1bD0S\374"
 252      5B2FFF53 
 252      5A2216A6 
 252      D9BE7431 
 252      62443053 
 253 0152 DE768C20 		.ascii	"\336v\214 \021\3713\367f\241\265#\206\272Y\324\335B"
 253      11F933F7 
 253      66A1B523 
 253      86BA59D4 
 253      DD42
 254 0164 B5562A3F 		.ascii	"\265V*?\234\006\352\005\031\272\266;\340$\236\211QM"
 254      9C06EA05 
 254      19BAB63B 
 254      E0249E89 
 254      514D
 255 0176 639464A7 		.ascii	"c\224d\247>l|V\375w\365\205\202\356\011\330\301s4p-"
 255      3E6C7C56 
 255      FD77F585 
 255      82EE09D8 
 255      C1733470 
 256 018b 724A929D 		.ascii	"rJ\222\235+\363^\327\300}\223\254\235\017x\013^\240"
 256      2BF35ED7 
 256      C07D93AC 
 256      9D0F780B 
 256      5EA0
 257 019d DFE7D8C7 		.ascii	"\337\347\330\307\227\030\220\201\350\033\274\332\235"
 257      97189081 
 257      E81BBCDA 
 257      9D
 258 01aa 2A225BCD 		.ascii	"*\"[\315\232f\374\267\212h\177:\355\312>5<\236\033\036"
 258      9A66FCB7 
 258      8A687F3A 
 258      EDCA3E35 
 258      3C9E1B1E 
 259 01be 750747B2 		.ascii	"u\007G\262'\263G\217\273\371\011w\344\304\250{:?~f\302"
 259      27B3478F 
ARM GAS  /tmp/ccTykKe9.s 			page 20


 259      BBF90977 
 259      E4C4A87B 
 259      3A3F7E66 
 260 01d3 CDE4C7C6 		.ascii	"\315\344\307\306\3629\367\360\261\241\301\241sn\356"
 260      F239F7F0 
 260      B1A1C1A1 
 260      736EEE
 261 01e2 6C3693CE 		.ascii	"l6\223\316\020r\177\001\025\254\266~"
 261      10727F01 
 261      15ACB67E 
 262              		.text
 263              		.section	.gnu.lto_.symbol_nodes.63a2a12086eb4fb9,"e",%progbits
 264 0000 789C75CC 		.ascii	"x\234u\314\253\021\302P\024\204\341={\022\222.\230\241"
 264      AB11C250 
 264      1484E13D 
 264      7B12922E 
 264      98A1
 265 0012 050C127A 		.ascii	"\005\014\022z\241\217=%\304\342\021\274\037650\224\201"
 265      A18F3D25 
 265      C4E211BC 
 265      1F363530 
 265      9481
 266 0024 46A030E1 		.ascii	"F\2400\341\362p\334\374\366\233\335\032\206\007R\\S"
 266      F270DCFC 
 266      F69BDD1A 
 266      8607525C 
 266      53
 267 0035 B83F5713 		.ascii	"\270?W\023k\256\200\2006f\311\336\262\241,R\305?m)\366"
 267      6BAE8080 
 267      3666C9DE 
 267      B2A12C52 
 267      C53F6D29 
 268 004a D08EF23C 		.ascii	"\320\216\362<\225g\"F\200sO\025=\363\003U\346\311N\324"
 268      95672246 
 268      80734F15 
 268      3DF30355 
 268      E6C94ED4 
 269 005e A0FB35FC 		.ascii	"\240\3735\3740\0201Mr\244\252\254\270\327\337\263\271"
 269      3010314D 
 269      72A4AAAC 
 269      B8D7DFB3 
 269      B9
 270 006f 7B75BB2C 		.ascii	"{u\273,\306\2664\274\000]\374G\377"
 270      C6B634BC 
 270      005DFC47 
 270      FF
 271              		.text
 272              		.section	.gnu.lto_.refs.63a2a12086eb4fb9,"e",%progbits
 273 0000 789CE360 		.ascii	"x\234\343``d`c```dfbae\000\000\000\371\000\037"
 273      60646063 
 273      60606064 
 273      66626165 
 273      000000F9 
 274              		.text
 275              		.section	.gnu.lto_.decls.63a2a12086eb4fb9,"e",%progbits
 276 0000 789CB558 		.ascii	"x\234\265X{P\224\327\025\337\373\335\205}\360\210E\333"
 276      7B5094D7 
ARM GAS  /tmp/ccTykKe9.s 			page 21


 276      15DFFBDD 
 276      857DF088 
 276      45DB
 277 0012 74063BCD 		.ascii	"t\006;\315t\314\244\3236n\332\330&N;\323\300j*\323\232"
 277      74CCA4D3 
 277      366EDAD8 
 277      264E3BD3 
 277      C06A2AD3 
 278 0027 D2C5DAC7 		.ascii	"\322\305\332\307\037e\014!\205\006!\203\230\352_\375"
 278      1F650C21 
 278      85062183 
 278      98EA5FFD 
 279 0037 16501101 		.ascii	"\026P\021\001A@\004D^\022\005!\321\202\232\210\300\202"
 279      41400444 
 279      5E120521 
 279      D1829A88 
 279      C082
 280 0049 8288BC1F 		.ascii	"\202\210\274\037\032V\345)o\020\002\221(\240\364\334"
 280      1A56E529 
 280      6F100291 
 280      28A0F4DC 
 281 0059 C7C77EBB 		.ascii	"\307\307~\273\313\332N;\335\341\354\307\275\367w\317"
 281      CBDA4E3B 
 281      DDE1ECC7 
 281      BDF777CF 
 282 0069 FD9D73CF 		.ascii	"\375\235s\317=\367|\253V \305'\353\025\212rA\241(\003"
 282      3DF77CAB 
 282      5620C527 
 282      EB158A72 
 282      41A12803 
 283 007d 59868F5A 		.ascii	"Y\206\217Z\241P\264\201`\220j\220&\020g\005\373\220"
 283      A150B481 
 283      60906A90 
 283      26106705 
 283      FB90
 284 008f B14E906E 		.ascii	"\261N\220n\220\373 \275 \375 \203 \243 s \010d^a\375"
 284      90FB20BD 
 284      20FD2083 
 284      20A32073 
 284      2008645E 
 285 00a5 29844E17 		.ascii	")\204N\027x\006\201x\200\254\343\272U\320\357\014\362"
 285      78068178 
 285      80ACE3BA 
 285      55D0EF0C 
 285      F2
 286 00b6 04FEFF1D 		.ascii	"\004\376\377\035<}A~\210\230\022\262\276\022\236\333"
 286      3C7D417E 
 286      889812B2 
 286      BE129EDB 
 287 00c6 40BC10D3 		.ascii	"@\274\020\323\333\251\260\377\224\302\200\333*\272\301"
 287      DBA9B0FF 
 287      94C280DB 
 287      2ABAC1
 288 00d5 2CC52B20 		.ascii	",\305+ \177\222\351^\017\342i\263\2067\327\377\016_"
 288      7F92E95E 
 288      0FE269B3 
 288      8637D7FF 
ARM GAS  /tmp/ccTykKe9.s 			page 22


 288      0E5F
 289 00e7 A37B9535 		.ascii	"\243{\2255\312a\300u\2255l\365Kz\245u\210~\211\2777"
 289      CA61C075 
 289      95356CF5 
 289      4B7AA575 
 289      887E89BF 
 290 00fc D77F7F15 		.ascii	"\327\177\177\025\375U\210\351\265\325\357\207\230\357"
 290      FD5588E9 
 290      B5D5EF87 
 290      98EF
 291 010a 892D3BE1 		.ascii	"\211-;\341\377?\200\374\021\261=i\004\031\341\353\347"
 291      FF3F80FC 
 291      11B13D69 
 291      0419E1EB 
 291      E7
 292 011b 435F1E88 		.ascii	"C_\036\210\221\257K\326\311\340\353\367\362}\031u\260"
 292      91AF4BD6 
 292      C9E0EBF7 
 292      F27D1975 
 292      B0
 293 012c 37531CDF 		.ascii	"7S\034\337\270\012/\351s\015\000Z\007\366\377y\025\373"
 293      B80A2FE9 
 293      730D005A 
 293      07F6FF79 
 293      15FB
 294 013e C943DAB3 		.ascii	"\311C\332\263\376U\364\335\370/\364m\345\317\301U\364"
 294      FE55F4DD 
 294      F82FF46D 
 294      E5CFC155 
 294      F4
 295 014f A56174F5 		.ascii	"\245at\365\340\323JU\002F\257h\021\211\342\027\240\353"
 295      E0D34A55 
 295      0246AF68 
 295      1189E217 
 295      A0EB
 296 0161 C6F45427 		.ascii	"\306\364T'b]\0041z!\261\361\005,\320\377\247k\362\375"
 296      625D0431 
 296      7A21B1F1 
 296      052CD0FF 
 296      A76BF2FD 
 297 0175 752522FB 		.ascii	"u%\"\373\250\367+\320U\204-\272\012O'\3459co\212\354"
 297      A8F72BD0 
 297      55842DBA 
 297      0A4F27E5 
 297      39636F8A 
 298 018a 89CC7AEC 		.ascii	"\211\314z\354\012J<\264H\011\315\224\206\262\233Zh\256"
 298      0A4A3CB4 
 298      4809CD94 
 298      86B29B5A 
 298      68AE
 299 019c D3A297A0 		.ascii	"\323\242\227\240\231\321w.\327U\033#\212\221bN\224\250"
 299      99D1772E 
 299      D7551B23 
 299      8A91624E 
 299      94A8
 300 01ae D9A64026 		.ascii	"\331\246@&\344\211\252\220\247\002U\"\272r\005\322\241"
 300      E489AA90 
ARM GAS  /tmp/ccTykKe9.s 			page 23


 300      A7025522 
 300      BA7205D2 
 300      A1
 301 01bf 72E8BB42 		.ascii	"r\350\273B\372\252\221\026&\215\034l|\246b*\327\223"
 301      FAAA9116 
 301      268D1C6C 
 301      7CA6622A 
 301      D793
 302 01d1 152E8F64 		.ascii	"\025.\217d\273\021\035\"\323A\372%-\012t\015i\025H\347"
 302      BB111D22 
 302      D341FA25 
 302      2D0A740D 
 302      691548E7 
 303 01e5 896AA005 		.ascii	"\211j\240\005\340\304\370\013\275\002\233\373\035h\026"
 303      E0C4F80B 
 303      BD029BFB 
 303      1D6816
 304 01f4 F4574669 		.ascii	"\364WFi\030\235Q\004\355\256\307\025\013\256\370\327"
 304      189D5104 
 304      EDAEC715 
 304      0BAEF8D7 
 305 0204 843936C6 		.ascii	"\20496\306.tc\244\365D\240\013Q\212b\276\210\277\255"
 305      2E7463A4 
 305      F544A00B 
 305      518A62BE 
 305      88BFAD
 306 0217 40AF7BA2 		.ascii	"@\257{\242\327\200L\035\020\274A\264\327\003\340&\250"
 306      D7804C1D 
 306      10BC41B4 
 306      D703E026 
 306      A8
 307 0228 4F17D5B4 		.ascii	"O\027\325\264#]\004\364\314?\350\377\2403\241\356\214"
 307      235D04F4 
 307      CC3FE8FF 
 307      A033A1EE 
 307      8C
 308 0239 51ED9148 		.ascii	"Q\355\221H\370\301\327[\210\364\243Z\230s\235\022l@"
 308      F8C1D75B 
 308      88F4A35A 
 308      98739D12 
 308      6C40
 309 024b 1E8C2575 		.ascii	"\036\214%u]\314\203G\025.Z\276Z\364\363V\003p\305\347"
 309      5DCC8347 
 309      152E5ABE 
 309      5AF4F356 
 309      0370C5E7 
 310 025f 49C94E72 		.ascii	"I\311Nr\315\267\236\243\371\346\311\261<'\327\330\025"
 310      CDB79EA3 
 310      F9E6C9B1 
 310      3C27D7D8 
 310      15
 311 0270 57A346E4 		.ascii	"W\243F\344!\363S\023\"\007\224<\000\233{\277\257J\323"
 311      21F35313 
 311      2207943C 
 311      009B7BBF 
 311      AF4AD3
 312 0283 8F7A9140 		.ascii	"\217z\221@\372\320Y\214\024\210\305\021\"!\304\236\210"
ARM GAS  /tmp/ccTykKe9.s 			page 24


 312      FAD0598C 
 312      1488C511 
 312      2221C49E 
 312      88
 313 0294 FC4F6459 		.ascii	"\374OdY\372 \362\3418)\354\244>\366\220\276X\237\300"
 313      FA20F2E1 
 313      3829ECA4 
 313      3EF690BE 
 313      589FC0
 314 02a7 B5083C74 		.ascii	"\265\010<t\020R\254\254\302t\313T\263q\304\307%%l\002"
 314      1052ACAC 
 314      C274CB54 
 314      B371C4C7 
 314      25256C02 
 315 02bb 636599C8 		.ascii	"ce\231\310\273\004\276\234|\006\262clQ\250XQ*}\320J"
 315      BB04BE9C 
 315      7C06B263 
 315      6C51A858 
 315      512A7DD0 
 316 02d0 4C2F77D6 		.ascii	"L/w\326\324k\006P\237\021\234}\376b\216\273\002\271"
 316      D46B0650 
 316      9F119C7D 
 316      FE628EBB 
 316      02B9
 317 02e2 27BEA4A0 		.ascii	"'\276\244\240!\276\234\332\027\257\302\037\320\377\017"
 317      21BE9CDA 
 317      17AFC21F 
 317      D0FF0F
 318 02f1 D62696BB 		.ascii	"\326&\226\273\261\370\022\210#\273Z#\021\213\2575\320"
 318      B1F81288 
 318      23BB5A23 
 318      118BAF35 
 318      D0
 319 0302 4CCDBBDE 		.ascii	"L\315\273\336\251y1\225nX\224\270F@A\337B\355\260\005"
 319      A9793195 
 319      6E5894B8 
 319      464041DF 
 319      42EDB005 
 320 0316 6D740B3A 		.ascii	"mt\013:\320\213\012\264W\311\326;U}\245\302\355{9b_"
 320      D08B0AB4 
 320      57C9D63B 
 320      557DA5C2 
 320      ED7B3962 
 321 032b 9F681A39 		.ascii	"\237h\0329\365\213\364\306\203b+L{\213\302P+D\003\234"
 321      F58BF4C6 
 321      83622B4C 
 321      7B8BC250 
 321      2B44039C 
 322 033f 0C4A11FE 		.ascii	"\014J\021\376W\240\0264\200P3\352'\326t\242\357\201"
 322      57A01634 
 322      805033EA 
 322      27D674A2 
 322      EF81
 323 0351 82CCCE81 		.ascii	"\202\314\316\201|\001\027#Jk\270'\341\256\223\022\374"
 323      7C011723 
 323      4A6BB827 
 323      E1AE9312 
ARM GAS  /tmp/ccTykKe9.s 			page 25


 323      FC
 324 0362 4C8E1059 		.ascii	"L\216\020Y\003\372\312\314\275&a\245\3576\242\235\306"
 324      03FACACC 
 324      BD2661A5 
 324      EF36A29D 
 324      C6
 325 0373 C74716B0 		.ascii	"\307G\026\260C\206_\020\206w\020\247\3301<\027\247\346"
 325      43865F10 
 325      867710A7 
 325      D8313C17 
 325      A7E6
 326 0385 1467D767 		.ascii	"\024g\327g\210&\210YQ  \324%\343\327e\313\257\233\362"
 326      88268859 
 326      512020D4 
 326      25E3D765 
 326      CBAF9BF2 
 327 0399 EBEAA998 		.ascii	"\353\352\251\230\301\270\3021\277\023SY\343.\016\251"
 327      C1B8C231 
 327      BF135359 
 327      E32E0EA9 
 328 03a9 DC2354EE 		.ascii	"\334#T\356JT\246\262S:\2348\225\361\357\256P\001\020"
 328      4A54A6B2 
 328      533A9C38 
 328      95F1EFAE 
 328      500110
 329 03bc 32CBA898 		.ascii	"2\313\250\230m\251\334\247T.<\236\210\302\270\205Q1"
 329      6DA9DCA7 
 329      542E3C9E 
 329      88C2B885 
 329      5131
 330 03ce 2D0CC7BA 		.ascii	"-\014\307\272rU\346\037XY\325#S\325c\253\252\227\252"
 330      7255E61F 
 330      5859D523 
 330      53D563AB 
 330      AA97AA
 331 03e1 AA3893E6 		.ascii	"\2528\223\346\203'\231&\343\243\301J\225D\352GV\244"
 331      83279926 
 331      E3A3C14A 
 331      9544EA47 
 331      56A4
 332 03f3 FA649AFA 		.ascii	"\372d\232\372l5\365SM\371\005\223F\025~\312T\365\024"
 332      6C35F553 
 332      4DF90593 
 332      46157ECA 
 332      54F514
 333 0406 374562AE 		.ascii	"7Eb\256j\341U+U\0032U\003\266\252\006\251*\323\314\351"
 333      6AE1552B 
 333      55033255 
 333      03B6AA06 
 333      A92AD3CC 
 334 041b 1318C7B1 		.ascii	"\023\030\307\261\324\335\367\260&\021\313\363\000I\032"
 334      D4DDF7B0 
 334      2611CBF3 
 334      00491A
 335 042a 963C3044 		.ascii	"\226<0D\363\000\340\032.%_u\243[\002]|K\352J\317\177"
 335      F300E01A 
 335      2E255F75 
ARM GAS  /tmp/ccTykKe9.s 			page 26


 335      A35B025D 
 335      7C4BEA4A 
 336 0440 8C1C6EC9 		.ascii	"\214\034n\311\010\331\222aiK\012[[\333\350\226\210\242"
 336      08D99261 
 336      694B0A5B 
 336      5BDBE896 
 336      88A2
 337 0452 E9EB860D 		.ascii	"\351\353\206\015\345\347G\305\030-\005\241\0072\312"
 337      E5E747C5 
 337      182D05A1 
 337      0732CA
 338 0461 0FF8C501 		.ascii	"\017\370\305\001\371\227P}\322\235\275\340\206\2573"
 338      F997507D 
 338      D29DBDE0 
 338      86AF33
 339 0470 AA25918B 		.ascii	"\252%\221\213\265j\334\305\032\263=\367\316\272\002"
 339      B56ADCC5 
 339      1AB33DF7 
 339      CEBA02
 340 047f 1F344E67 		.ascii	"\0374Ng@O\323\247cG\234\361]6\\6\221\234I\"\010M\022"
 340      404FD3A7 
 340      63479CF1 
 340      5D365C36 
 340      919C4922 
 341 0496 1F4CB068 		.ascii	"\037L\260h>o4\235q\303}\014QswhDE\020\017\011b\212!"
 341      3E6F349D 
 341      71C37D0C 
 341      51737768 
 341      4445100F 
 342 04ae 3E295E3C 		.ascii	">)^<\257\245V:Kq\327\177fh\257\3243\303P\307[j&\255"
 342      AFA5563A 
 342      4B71D77F 
 342      6668AFD4 
 342      33C350C7 
 343 04c6 4E050C59 		.ascii	"N\005\014Y\354\236%v\177)\331-V\346D\222\370\231\311"
 343      EC9E2576 
 343      7F29D92D 
 343      56E64492 
 343      F899C9
 344 04d9 11733244 		.ascii	"\021s2D\357H1N4\225\012\004\204\306$\273\3214\240I\223"
 344      EF48314E 
 344      34950A04 
 344      84C624BB 
 344      D134A049 
 345 04ee 993E474D 		.ascii	"\231>GM?r_\214Cx\224\221\315m\232;\256\305\363\254\221"
 345      3F725F8C 
 345      43789491 
 345      CD6D9A3B 
 345      AEC5F3AC 
 346 0503 DD61CA50 		.ascii	"\335a\312P\275\234/\266\232H.\330T\364\261\030\223h"
 346      BD9C2FB6 
 346      9A482ED8 
 346      54F4B118 
 346      9368
 347 0515 54D304FE 		.ascii	"T\323\004\376\010TB\344\311\262\376W\320\363\027B\177"
 347      085442E4 
 347      C9B2FE57 
ARM GAS  /tmp/ccTykKe9.s 			page 27


 347      D0F31742 
 347      7F
 348 0526 1EBD0C73 		.ascii	"\036\275\014s\253\226\217W)YBRC\363A\321\\\021\302\313"
 348      AB968F57 
 348      29594252 
 348      43F341D1 
 348      5C11C2CB 
 349 053a 4C6F52FE 		.ascii	"LoR\376WO\234\311e\023\005\241\020\375\357n_\342\232"
 349      574F9CC9 
 349      651305A1 
 349      10FDEF6E 
 349      5FE29A
 350 054d FB23B1EE 		.ascii	"\373#\261\3568\032\323\331\227+\314G\335\035\336\273"
 350      381AD3D9 
 350      972BCC47 
 350      DD1DDEBB 
 351 055d 8BFCDED5 		.ascii	"\213\374\336\325\321\211\346\332\262n\027vS\001\366"
 351      D189E6DA 
 351      B26E1776 
 351      5301F6
 352 056c 2D253DE6 		.ascii	"-%=\346\026\360\022\271\251\026\245\233\252\360QB\246"
 352      16F012B9 
 352      A916A59B 
 352      AAF05142 
 352      A6
 353 057d 96512697 		.ascii	"\226Q&\227\321\225\256[y\356,\207\366\321\314xH\254"
 353      D195AE5B 
 353      79EE2C87 
 353      F6D1CC78 
 353      48AC
 354 058f 15700223 		.ascii	"\025p\002#qs\251\366\206\253d\302\277- \322\260\262"
 354      7173A9F6 
 354      86AB64C2 
 354      BF2D20D2 
 354      B0B2
 355 05a1 3ECFF8D8 		.ascii	">\317\370\330\025\255\335\260aC\022\2777E\262\027\317"
 355      15ADDDB0 
 355      614312BF 
 355      3745B217 
 355      CF
 356 05b2 00F19472 		.ascii	"\000\361\224r1\012k\351\234(a\003\212\006\211\0246\220"
 356      310A6BE9 
 356      9C286103 
 356      8A068914 
 356      3690
 357 05c4 4DCA13A3 		.ascii	"M\312\023\243\243\300\373\343?\272r-6^\314\211\204\215"
 357      A3C0FBE3 
 357      3FBA722D 
 357      365ECC89 
 357      848D
 358 05d6 16A05482 		.ascii	"\026\240T\2025\310\004\213)_\323\357\037{\222\031\360"
 358      35C8048B 
 358      295FD3EF 
 358      1F7B9219 
 358      F0
 359 05e7 31355CC1 		.ascii	"15\\\301p\\\243\235\211\215h\301\016\256\263\240S@\177"
 359      705CA39D 
ARM GAS  /tmp/ccTykKe9.s 			page 28


 359      898D68C1 
 359      0EAEB3A0 
 359      53407F
 360 05fa BB847E02 		.ascii	"\273\204~\002\376y\274:\332D\376%\246\337.\275\341\202"
 360      FE79BC3A 
 360      DA44FE25 
 360      A6DF2EBD 
 360      E182
 361 060c CDCC0F6D 		.ascii	"\315\314\017m\323\315U\316kW5\011\035\020\260#\253`"
 361      D3CD55CE 
 361      6B573509 
 361      1D10B023 
 361      AB60
 362 061e E6E18EB2 		.ascii	"\346\341\216\262\203*y>8h\265\344!\201\326\005\360 "
 362      832A793E 
 362      3868B5E4 
 362      2181D605 
 362      F020
 363 0630 A7D39CF1 		.ascii	"\247\323\234\361s\2661\"\251\274F\215\313\363\032\326"
 363      73B63122 
 363      A9BC468D 
 363      CBF31AD6 
 364 0640 9E5141BB 		.ascii	"\236QA\273%\373L\2453k'\256\203\366\374\331\205$^\354"
 364      25FB4CA5 
 364      336B27AE 
 364      83F6FCD9 
 364      85245EEC 
 365 0654 89B9A4BC 		.ascii	"\211\271\244\274\312ZZ\212V\342aF\371DA\276\311\235"
 365      CA5A5A8A 
 365      56E26146 
 365      F94441BE 
 365      C99D
 366 0666 A1A39CA0 		.ascii	"\241\243\234\240\235v\267\377\272\253\303xJ\020X<\305"
 366      9D76B7FF 
 366      BAABC378 
 366      4A10583C 
 366      C5
 367 0677 0B34A006 		.ascii	"\0134\240\006\2232\312\335,\245\017\013\250#\202'\212"
 367      9332CADD 
 367      2CA50F0B 
 367      A8238227 
 367      8A
 368 0688 1508FAA8 		.ascii	"\025\010\372\250\340\301\246P\023\333\312\256\246\250"
 368      E0C1A650 
 368      13DBCAAE 
 368      A6A8
 369 0696 396F6712 		.ascii	"9og\022`\367:\033y\0218Ch\035.k*\306\234')|\023\356"
 369      60F73A1B 
 369      79113843 
 369      681D2E6B 
 369      2AC69C27 
 370 06ae 24FD12CF 		.ascii	"$\375\022\3170\226\365G#;8v\232`\347\342\313{\234\035"
 370      3096F547 
 370      233B3876 
 370      9A60E7E2 
 370      CB7B9C1D 
 371 06c2 B24CE52C 		.ascii	"\262L\345,S\030KS_\374\023\242x=\211\024YE\275\236U"
ARM GAS  /tmp/ccTykKe9.s 			page 29


 371      53184B53 
 371      5FFC13A2 
 371      783D8914 
 371      5945BD9E 
 372 06d7 D485D967 		.ascii	"\324\205\331g\257\273\3419\266\320D\213\251t\245\362"
 372      AFBBE139 
 372      B6D0448B 
 372      A974A5F2 
 373 06e7 93D79927 		.ascii	"\223\327\231'\004:\201\354^\032\030x\234\251>^\363Y"
 373      043A81EC 
 373      5E1A1878 
 373      9CA93E5E 
 373      F359
 374 06f9 B5525EFB 		.ascii	"\265R^\373\245C8\036\203\361$\352\200\014\342\200T\311"
 374      A543381E 
 374      83F124EA 
 374      800CE280 
 374      54C9
 375 070b 01835F1A 		.ascii	"\001\203_\032K\004vJ\376\023\335\355\263\365UVue\346"
 375      4B04764A 
 375      FE13DDED 
 375      B3F55556 
 375      7565E6
 376 071e 7374777F 		.ascii	"stw\177\276\\\307+\236\034R\3417.UW\362\202\277\217"
 376      BE5CC72B 
 376      9E1C52E1 
 376      372E5557 
 376      F282BF8F 
 377 0732 D87C7CAC 		.ascii	"\330||\254\241\332\205;\327\035\332\327\346N~\351\212"
 377      A1DA853B 
 377      D71DDAD7 
 377      E64E7EE9 
 377      8A
 378 0743 1799D165 		.ascii	"\027\231\321e\351\011q<;\275\001\315\247\265\346l\354"
 378      E909713C 
 378      3BBD01CD 
 378      A7B5E66C 
 378      EC
 379 0754 D0B979DC 		.ascii	"\320\271y\334\271\271\214e\354i\223\267m\004d\003\311"
 379      B9B98C65 
 379      EC6993B7 
 379      6D046403 
 379      C9
 380 0765 5394643E 		.ascii	"S\224d>!\231'\221\034\232\036:\307I\212\362\327\020"
 380      21992791 
 380      1C9A1E3A 
 380      C7498AF2 
 380      D710
 381 0777 0FF61A52 		.ascii	"\017\366\032RT>vB\340\034I\331v\255#\363\234\012\037"
 381      543E7642 
 381      E01C49D9 
 381      76AD23F3 
 381      9C0A1F
 382 078a 50B20B33 		.ascii	"P\262\0133\375\364q\036\325$\310\353\227N\244\012\016"
 382      FDF4711E 
 382      D524C8EB 
 382      974EA40A 
ARM GAS  /tmp/ccTykKe9.s 			page 30


 382      0E
 383 079b 3916728E 		.ascii	"9\026r\216g\031\307\323\365\017\372\224\266$?\006\222"
 383      6719C7D3 
 383      F50FFA94 
 383      B6243F06 
 383      92
 384 07ac 05946411 		.ascii	"\005\224d\021!Y(\2214\215t\306#9\230d\030G\340\254\303"
 384      21592891 
 384      348D74C6 
 384      23399864 
 384      1847E0AC 
 385 07c1 A6627EF6 		.ascii	"\246b~\366r\260,Kz\360,)\305\374:"
 385      72B02C4B 
 385      7AF02C29 
 385      C5FC3A
 386 07d0 1EF3C6D1 		.ascii	"\036\363\306\321\363\2070\216e&\335),_~\201\201_\204"
 386      F387308E 
 386      6526DD29 
 386      2C5F7E81 
 386      815F84
 387 07e3 66E591F8 		.ascii	"f\345\221\370d\027\207&]\340&\235g&M_\314\032\302\266"
 387      64178726 
 387      5DE0269D 
 387      67264D5F 
 387      CC1AC2B6 
 388 07f7 267D022C 		.ascii	"&}\002,K(\313\177\022\226\027$\226)\027\273os?\213\204"
 388      4B28CB7F 
 388      12961724 
 388      962917BB 
 388      6F733F8B 
 389 080c E5D0B981 		.ascii	"\345\320\271\201|-NQ\362\013\344i.\177\217\313!^_\316"
 389      7C2D4E51 
 389      F20BE469 
 389      2E7F8FCB 
 389      215E5FCE 
 390 0820 9CC972C5 		.ascii	"\234\311r\305\351lP\332\022\017\276%-c\227.\0108\237"
 390      E96C50DA 
 390      120FBE25 
 390      2D63972E 
 390      08389F
 391 0833 0D8ED565 		.ascii	"\015\216\325e\016K1Gb\254\267\273\353\202+>\313\006"
 391      0E4B3147 
 391      62ACB7BB 
 391      EB822B3E 
 391      CB06
 392 0845 4B964732 		.ascii	"K\226G2\271q\"=\335\237\016\034q\302\027\330\340\215"
 392      B971223D 
 392      DD9F0E1C 
 392      71C217D8 
 392      E08D
 393 0857 BAC8BFE1 		.ascii	"\272\310\277\341K|\211\331\252j\356\262h\222\316b\212"
 393      4B7C89D9 
 393      AA6AEEB2 
 393      6892CE62 
 393      8A
 394 0868 4BDAB9CB 		.ascii	"K\332\271\313rh\350\226V\307F\275\200\313)\332}\"\332"
 394      7268E896 
ARM GAS  /tmp/ccTykKe9.s 			page 31


 394      56C746BD 
 394      80CB29DA 
 394      7D22DA
 395 087b FC11826B 		.ascii	"\374\021\202k\203\\\035\374\003w\202\021J\337\017\214"
 395      835C1DFC 
 395      03778211 
 395      4ADF0F8C 
 396 088b 34659F13 		.ascii	"4e\237\023<P\031\234\247\353\220?-\273V*X2<A\267\207"
 396      3C50199C 
 396      A7EB903F 
 396      2DBB562A 
 396      58323C41 
 397 08a1 C097D119 		.ascii	"\300\227\321\031\235\004t2G[\216V\242`}{\230\271n\360"
 397      9D047432 
 397      475B8E56 
 397      A2607D7B 
 397      98B96EF0 
 398 08b5 2ABAC2D1 		.ascii	"*\272\302\321\026_\177\276\202\266J\374U\000\250\244"
 398      165F7FBE 
 398      82B64AFC 
 398      5500A8A4 
 399 08c5 43D779D6 		.ascii	"C\327y\326o\206\214\177\013\244\036\344\032H-\310M\220"
 399      6F868C7F 
 399      0BA41EE4 
 399      1A482DC8 
 399      4D90
 400 08d7 6A900690 		.ascii	"j\220\006\220\033 u 5 \215 M+w\036,? \263\3573;\373"
 400      1B207520 
 400      35208D20 
 400      4D2B771E 
 400      2C3F20B3 
 401 08ef 2EDB306E 		.ascii	".\3330n\010ah8\177\260\253\014m9\225Y6\336\250\011\261"
 401      08616838 
 401      7FB0AB0C 
 401      6D399559 
 401      36DEA809 
 402 0904 E83E63A7 		.ascii	"\350>c\247\373\264\255\357dL\256\332\241\313m\230\214"
 402      FBB4ADEF 
 402      644CAEDA 
 402      A1CB6D98 
 402      8C
 403 0915 CB7C77C9 		.ascii	"\313|w\311\316w\027m\320\0132\364\247v\350b[+ehr\251"
 403      CE77176D 
 403      D00B32F4 
 403      A776E862 
 403      5B2B6568 
 404 092b 5BA30B6C 		.ascii	"[\243\013lw\221[\011\267\022\212\343\272-w\325a\271"
 404      77915B09 
 404      B7128AE3 
 404      BA2D77D5 
 404      61B9
 405 093d 9550030C 		.ascii	"\225P\003\014\204\260\022\200\234~\023G[Nc\214\255\007"
 405      84B01280 
 405      9C7E1347 
 405      5B4E638C 
 405      AD07
 406 094f 653EA9B0 		.ascii	"e>\251\260\363\311Jy\001\321\374\354v\357u\204M,\366"
ARM GAS  /tmp/ccTykKe9.s 			page 32


 406      F3C94A79 
 406      01D1FCEC 
 406      76EF7584 
 406      4D2CF6
 407 0962 1B6A7A4E 		.ascii	"\033jzN\271\255]5lP\013W\363?D\0169<\361\007\206\254"
 407      B9AD5D35 
 407      6C500B57 
 407      F33F440E 
 407      393CF107 
 408 0978 7E6F68B5 		.ascii	"~oh\265\262\243\215\325\025m\264\256h\252\3558\241\302"
 408      B2A38DD5 
 408      156DB4AE 
 408      68AAED38 
 408      A1C2
 409 098a 0D941AAE 		.ascii	"\015\224\032\256>}\247T\2034\354w\227C\364>\214J\\\203"
 409      3E7DA754 
 409      8334EC77 
 409      9743F43E 
 409      8C4A5C83 
 410 099e 56EEAC76 		.ascii	"V\356\254v\240\327!h\340=\027\010w\011\354w\027\322"
 410      A0D72168 
 410      E03D1708 
 410      7709EC77 
 410      17D2
 411 09b0 417F7759 		.ascii	"A\177wY\303\306\340\213\034\375\332\331\026\253w\035"
 411      C3C6E08B 
 411      1CFDDAD9 
 411      16AB771D 
 412 09c0 52855B38 		.ascii	"R\205[8\334f\034nS\016\315w\026Z\325R\215\037\375\234"
 412      DC661C6E 
 412      530ECD77 
 412      165AD552 
 412      8D1FFD9C 
 413 09d4 1A1FDD11 		.ascii	"\032\037\335\021H\322,\230/\020\335\345\272G\254t\177"
 413      48D22C98 
 413      2F10DDE5 
 413      BA47AC74 
 413      7F
 414 09e5 C1747F41 		.ascii	"\301t\177Au\3674T\015\362k.\206$\226\177\306\015\317"
 414      75F73454 
 414      0DF26B2E 
 414      8624967F 
 414      C60DCF
 415 09f8 F23B7286 		.ascii	"\362;r\206\370\352\336\362\324\003\236\211\326\311\322"
 415      F8EADEF2 
 415      D4039E89 
 415      D6C9D2
 416 0a07 DB3A9EDE 		.ascii	"\333:\236\336\212\276\032+V;\314\317\367y~\256b5zQ\333"
 416      8ABE1A2B 
 416      563BCCCF 
 416      F7797EAE 
 416      62357A51 
 417 0a1c F96EAD6D 		.ascii	"\371n\255m~\276\007\256\272K#\242\207\344\347\373R~"
 417      7EBE07AE 
 417      BA4B23A2 
 417      87E4E7FB 
 417      527E
ARM GAS  /tmp/ccTykKe9.s 			page 33


 418 0a2e BED87E67 		.ascii	"\276\330~g^\203[YL\014.>|E>\361\311s&^J\274|\220[\324"
 418      5E835B59 
 418      4C0C2E3E 
 418      7C453EF1 
 418      C973265E 
 419 0a48 AA90FDD0 		.ascii	"\252\220\375\320\341\301~\350\220r\360:\236\203\313"
 419      E1C17EE8 
 419      9072F03A 
 419      9E83CB
 420 0a57 EBDA6F22 		.ascii	"\353\332o\"\334\305\326\211\354*\276\314\255%wB\335"
 420      DCC5D689 
 420      EC2ABECC 
 420      AD257742 
 420      DD
 421 0a68 EDBA06C7 		.ascii	"\355\272\006\307\326\015s\353\206\330\355\2237uR\324"
 421      D60D73EB 
 421      86D8ED93 
 421      377552D4 
 422 0a78 D85A3708 		.ascii	"\330Z7\010$\007(\311\021BrX\"\231\326|\265\027\331Z"
 422      240728C9 
 422      11427258 
 422      2299D67C 
 422      B517D95A 
 423 0a8c E4087C2B 		.ascii	"\344\010|+\263\325\310\257\252z\372\223\304\263\322"
 423      B3D5C8AF 
 423      AA7AFA93 
 423      C4B3D2
 424 0a9b 06153633 		.ascii	"\006\02563\312\311\307\0367\250q\017k\244\026U/\361"
 424      CAC9C71E 
 424      37A8710F 
 424      6BA41655 
 424      2FF1
 425 0aad DD33C9DB 		.ascii	"\3353\311\333\353x{\356\334L\2013\036P\376\007oI\323"
 425      EB787BEE 
 425      DC4C8133 
 425      1E50FE07 
 425      6F49D3
 426 0ac0 DCBAD7A8 		.ascii	"\334\272\327\250q1\017\013L\256\266\306M\001_\366R1"
 426      71310F0B 
 426      4CAEB6C6 
 426      4D015FF6 
 426      5231
 427 0ad2 43F84E4B 		.ascii	"C\370NK|\215w\026\313]m\215s\004nK6\367\362j\341MRz"
 427      7C8D7716 
 427      CB5D6D8D 
 427      73046E4B 
 427      36F7F26A 
 428 0aea 3FC91D77 		.ascii	"?\311\035w\303\303\214\341\324\303\245O\335\361\004"
 428      C3C38CE1 
 428      D4C3A54F 
 428      DDF104
 429 0af9 6B5CBB7C 		.ascii	"k\\\273|w\214_\273\257A\363\\qu\263\013\236acK\211\331"
 429      778C5FBB 
 429      AF41F35C 
 429      7175B30B 
 429      9E61634B 
 430 0b0f A51A3CCF 		.ascii	"\245\032<\317\032Cy\223\337d\270\357\223w\353\374S\307"
ARM GAS  /tmp/ccTykKe9.s 			page 34


 430      1A437993 
 430      DF64B8EF 
 430      9377EBFC 
 430      53C7
 431 0b21 3478910D 		.ascii	"4x\221\015-'\306\244\253\260\350D\033)\315)\371.\370"
 431      2D27C6A4 
 431      ABB0E844 
 431      1B29CD29 
 431      F92EF8
 432 0b34 006B945C 		.ascii	"\000k\224\\\212\313\3447\376\267\311\313\367|B\232\013"
 432      8ACBE437 
 432      FEB7C9CB 
 432      F77C429A 
 432      0B
 433 0b45 3EC2C66E 		.ascii	">\302\306n\325\215d`6\346\002\315\311\330\310E\225C"
 433      D58D6460 
 433      36E602CD 
 433      C9D8C845 
 433      9543
 434 0b57 BF2D73BF 		.ascii	"\277-s\277=cQQ\367,\323\372\207PR\014[^\351D\354\301"
 434      3D635151 
 434      F72CD3FA 
 434      8750520C 
 434      5B5EE944 
 435 0b6d A6505F7C 		.ascii	"\246P_|\236;\375\205\332\266\272u\004\256h\277\367\026"
 435      9E3BFD85 
 435      DAB6BA75 
 435      04AE68BF 
 435      F716
 436 0b7f 3ECA183E 		.ascii	">\312\030>j\276\327\217p2kD\337\272yF\205\323Xc\262"
 436      6ABED78F 
 436      70326B44 
 436      DFBA7946 
 436      85D35863 
 437 0b94 B0A9DE19 		.ascii	"\260\251\336\031g\261\306\203\341\205\3170\316c\215"
 437      67B1C683 
 437      E185CF30 
 437      CE638D
 438 0ba3 8F27F3E2 		.ascii	"\217'\363\3425\370\014k\234\213.J\340eK\0349\025\355"
 438      35F80C6B 
 438      9C8B2E4A 
 438      E0654B1C 
 438      3915ED
 439 0bb6 2D71CFF8 		.ascii	"-q\317\370\257\203}\344\345|\374\321\320\262\032\227"
 439      AF837DE4 
 439      E57CFCD1 
 439      D0B21A97 
 440 0bc6 50F0B726 		.ascii	"P\360\267&\256\016\035sA\033V\373\254e\027\305\354~"
 440      AE0E1D73 
 440      411B56FB 
 440      AC6517C5 
 440      EC7E
 441 0bd8 CB45118B 		.ascii	"\313E\021\2131\324\201\362\004\333-\273(\310\253e\303"
 441      31D481F2 
 441      04DB2DBB 
 441      28C8AB65 
 441      C3
ARM GAS  /tmp/ccTykKe9.s 			page 35


 442 0be9 7ECB9BE5 		.ascii	"~\313\233\345\204`\213\036\263\271\204\306\303,\272"
 442      84608B1E 
 442      B3B984C6 
 442      C32CBA
 443 0bf8 A3ED74B3 		.ascii	"\243\355t\263\020\243/\242\014\336\276\317\002_\260"
 443      10A32FA2 
 443      0CDEBECF 
 443      025FB0
 444 0c07 53FED8F6 		.ascii	"S\376\330\366\206\223\241\277\266C?\262A7\310\320\213"
 444      8693A1BF 
 444      B6433FB2 
 444      4137C8D0 
 444      8B
 445 0c18 766876CF 		.ascii	"vhv\317q*\364\025:\314b\347!;\346:k\335f\231\231\007"
 445      712AF415 
 445      3ACC62E7 
 445      213BE63A 
 445      6BDD6699 
 446 0c2e 57074BAA 		.ascii	"W\007K\252I%\264\237\335\265}p\327\366r&\226\004Yb["
 446      4925B49F 
 446      DDB57D70 
 446      D7F67226 
 446      96045962 
 447 0c43 7F70740F 		.ascii	"\177pt\017\257\021\254\321f\301\306\205\34323\347\035"
 447      AF11ACD1 
 447      66C1C685 
 447      E33233E7 
 447      1D
 448 0c54 3845C6A5 		.ascii	"8E\306\245\206k\377\022\264?\344p\313\351\237\224o>"
 448      866BFF12 
 448      B43FE470 
 448      CBE99F94 
 448      6F3E
 449 0c66 00CD1C3D 		.ascii	"\000\315\034=\012\350\007\034mI\204\3756\0367\313\250"
 449      0AE8071C 
 449      6D4984FD 
 449      361E37CB 
 449      A8
 450 0c77 3C71B09B 		.ascii	"<q\260\2332\346\0132'F\3329q\300\012N\230\357c\025\260"
 450      32E60B32 
 450      2746DA39 
 450      71C00A4E 
 450      98EF6315 
 451 0c8c 117BA0A7 		.ascii	"\021{\240\247\\\273\345\370-\331\204m\273,l\307\035"
 451      5CBBE5F8 
 451      2DD9846D 
 451      BB2C6CC7 
 451      1D
 452 0c9d 84AD8CCB 		.ascii	"\204\255\214\313\254\214K\224\003.\026C\027d\206\316"
 452      AC8C4B94 
 452      032E1643 
 452      176486CE 
 453 0cad D9299FB5 		.ascii	"\331)\237\265S.\203\177\345\000.\213r\031\225\003\016"
 453      532E837F 
 453      E5002E8B 
 453      72199503 
 453      0E
ARM GAS  /tmp/ccTykKe9.s 			page 36


 454 0cbe 8E905DED 		.ascii	"\216\220]\355~\030{\242\030L\206\010\234T`Ix\003:\006"
 454      7E187BA2 
 454      184C8608 
 454      9C546049 
 454      78033A06 
 455 0cd2 920D120F 		.ascii	"\222\015\022\017r\022$\035$\003$\021$\001\344\004\310"
 455      7212241D 
 455      24032411 
 455      2401E404 
 455      C8
 456 0ce3 51905490 		.ascii	"Q\220T\220S Y \307A\342@2A\322@\222AR@\216`\251Bk\356"
 456      53205920 
 456      C741E240 
 456      3241D240 
 456      92415240 
 457 0cfd 4D6D56E2 		.ascii	"MmV\342R\226\233j\362\016O(\327\256\312\005\345r\366"
 457      52969B6A 
 457      F20E4F28 
 457      D7AECA05 
 457      E572F6
 458 0d10 FF5F3AB3 		.ascii	"\377_:\263\307\312\0135\362\202*\317\312a\371\230\026"
 458      C7CA0B35 
 458      F2822ACF 
 458      CA61F998 
 458      16
 459 0d21 54E4F1B3 		.ascii	"T\344\361\263\215\033u\360\367A`xh`\210N\037\024\374"
 459      8D1B75F0 
 459      F7416078 
 459      6860884E 
 459      1F14FC
 460 0d34 6EF06FFD 		.ascii	"n\360o\375ta{tA\273Bt\037\206\205G\354\321\005\204\355"
 460      74617B74 
 460      41BB4274 
 460      1F868547 
 460      ECD10584 
 461 0d49 DE1D16AA 		.ascii	"\336\035\026\252\3632l\327o\337\247\013\375(8`c\200"
 461      F3326CD7 
 461      6FDFA70B 
 461      FD283860 
 461      6380
 462 0d5b FA57EFFC 		.ascii	"\372W\357\374\376%\375\346\315\012\365\336\340\320\210"
 462      FE25FDE6 
 462      CD0AF5DE 
 462      E0D088
 463 0d6a D77FE21F 		.ascii	"\327\177\342\037\241\014\010\332\025.lR\270\356\012"
 463      A10C08DA 
 463      152E6C52 
 463      B8EE0A
 464 0d79 DFFDD11B 		.ascii	"\337\375\321\033\201\257\356\376\341\373\037*\264\001"
 464      81AFEEFE 
 464      E1FB1F2A 
 464      B401
 465 0d87 A02170DF 		.ascii	"\240!p\337\253\2737)\324d\242Ohp\304\033\377\335\212"
 465      ABBB3729 
 465      D464A24F 
 465      6870C41B 
 465      FFDD8A
ARM GAS  /tmp/ccTykKe9.s 			page 37


 466 0d9a 8A35E4B9 		.ascii	"\2125\344\2715t\327\273!\201;\003\003\"\302\302\277"
 466      3574D7BB 
 466      21813B03 
 466      0322C2C2 
 466      BF
 467 0dab 413AB604 		.ascii	"A:\266\004\357\261\364\254'=~\201\021~\373\367D\004"
 467      EFB1F4AC 
 467      273D7E81 
 467      117EFBF7 
 467      4404
 468 0dbd EEDEB62B 		.ascii	"\356\336\266+\364\275\220\300p\337\360\340\260\360\340"
 468      F4BD90C0 
 468      70DFF0E0 
 468      B0F0E0
 469 0dcc 88FD74BE 		.ascii	"\210\375t\276>$pW\270o`\350{\301\241\177u\347h\336\324"
 469      3E247057 
 469      B86F60E8 
 469      7BC1A17F 
 469      75E768DE 
 470 0de1 0404C1BC 		.ascii	"\004\004\301\274m\273B\"^u\3040<B\027\034\032\020\262"
 470      6DBB4222 
 470      5E75C430 
 470      3C42171C 
 470      1A10B2
 471 0df4 F7BD405D 		.ascii	"\367\275@]@\020(\012\331\2771H\261\306\337\377\335\275"
 471      4010280A 
 471      D9BF3148 
 471      B1C6DFFF 
 471      DDBD
 472 0e06 C12111C1 		.ascii	"\301!\021\301\241\376\201\373>\004\036N\001a\241{\""
 472      A1FE81FB 
 472      3E041E4E 
 472      0161A17B 
 472      22
 473 0e17 94B0D2FB 		.ascii	"\224\260\322\373\252\320\260\210\240\360\260\277\273"
 473      AAD0B088 
 473      A0F0B0BF 
 473      BB
 474 0e24 F9FBBFBF 		.ascii	"\371\373\277\27774\300\337\177\343\233\2337oVK-\245"
 474      3734C0DF 
 474      7FE39B9B 
 474      376F564B 
 474      2DA5
 475 0e36 8F7E8741 		.ascii	"\217~\207Ac\330\352\267\325\260s\353\226\327\234\274"
 475      63D8EAB7 
 475      D5B073EB 
 475      96D79CBC 
 476 0e46 F43B7E63 		.ascii	"\364;~c\330\352hu\356\225\300}\021\3043:\375v?\037?"
 476      D8EA6875 
 476      EE95C07D 
 476      11C4333A 
 476      FD763F1F 
 477 0e5b 9D3E2C3C 		.ascii	"\235>,<P\347#\221\202\206\177\300\356M\300\312\305O"
 477      50E72391 
 477      82867FC0 
 477      EE4DC0CA 
 477      C54F
ARM GAS  /tmp/ccTykKe9.s 			page 38


 478 0e6d 1FEAA7F7 		.ascii	"\037\352\247\367\366\337\261\377\303\300\225\025~*\370"
 478      F6DFB1FF 
 478      C3C09515 
 478      7E2AF8
 479 0e7c F8AAC886 		.ascii	"\370\252\310\206\275\351\037\261\322\271I\351\343\345"
 479      BDE91FB1 
 479      D2B949E9 
 479      E3E5
 480 0e8a 6D61F13A 		.ascii	"ma\361:\220\362\2654\177\242\364\361\3635\250\015\254"
 480      90F2B534 
 480      7FA2F4F1 
 480      F335A80D 
 480      AC
 481 0e9b F56318DC 		.ascii	"\365c\030\334j\200.\370\362\333\341c\320\274\263\323"
 481      6A802EF8 
 481      F2DBE163 
 481      D0BCB3D3 
 482 0eab 474FD770 		.ascii	"GO\327p\362\367\016\013\013\201\021/\203r\373\366\267"
 482      F2F70E0B 
 482      0B81112F 
 482      8372FBF6 
 482      B7
 483 0ebc 0DD86B8B 		.ascii	"\015\330k\213\001o\201\247\357\333\006\245\327\333~"
 483      016F81A7 
 483      EFDB06A5 
 483      D7DB7E
 484 0ecb 06A5F7DB 		.ascii	"\006\245\367\333^\006'\030\002\300\026\322\336F\276"
 484      5E062718 
 484      02C016D2 
 484      DE46BE
 485 0eda F4F0E5E4 		.ascii	"\364\360\345\344\267M\357g\300~\333|\261^\017O\275\301"
 485      B74DEF67 
 485      C07EDB7C 
 485      B15E0F4F 
 485      BDC1
 486 0eec C9CBC7A0 		.ascii	"\311\313\307\2407(w\356\370-\254\005cNz\337\337\373"
 486      372877EE 
 486      F82DAC05 
 486      634E7ADF 
 486      DFFB
 487 0efe 6C816F2F 		.ascii	"l\201o/\275A-Y\365/\236O\005\212"
 487      BD412D59 
 487      F52F9E4F 
 487      058A
 488              		.text
 489              		.section	.gnu.lto_.symtab.63a2a12086eb4fb9,"e",%progbits
 490 0000 6E766963 		.ascii	"nvicInit\000"
 490      496E6974 
 490      00
 491 0009 00       		.ascii	"\000"
 492 000a 00       		.ascii	"\000"
 493 000b 00       		.ascii	"\000"
 494 000c 00000000 		.ascii	"\000\000\000\000\000\000\000\000"
 494      00000000 
 495 0014 D4000000 		.ascii	"\324\000\000\000"
 496 0018 6E766963 		.ascii	"nvicEnableVector\000"
 496      456E6162 
ARM GAS  /tmp/ccTykKe9.s 			page 39


 496      6C655665 
 496      63746F72 
 496      00
 497 0029 00       		.ascii	"\000"
 498 002a 00       		.ascii	"\000"
 499 002b 00       		.ascii	"\000"
 500 002c 00000000 		.ascii	"\000\000\000\000\000\000\000\000"
 500      00000000 
 501 0034 D9000000 		.ascii	"\331\000\000\000"
 502 0038 6E766963 		.ascii	"nvicDisableVector\000"
 502      44697361 
 502      626C6556 
 502      6563746F 
 502      7200
 503 004a 00       		.ascii	"\000"
 504 004b 00       		.ascii	"\000"
 505 004c 00       		.ascii	"\000"
 506 004d 00000000 		.ascii	"\000\000\000\000\000\000\000\000"
 506      00000000 
 507 0055 DD000000 		.ascii	"\335\000\000\000"
 508 0059 6E766963 		.ascii	"nvicSetSystemHandlerPriority\000"
 508      53657453 
 508      79737465 
 508      6D48616E 
 508      646C6572 
 509 0076 00       		.ascii	"\000"
 510 0077 00       		.ascii	"\000"
 511 0078 00       		.ascii	"\000"
 512 0079 00000000 		.ascii	"\000\000\000\000\000\000\000\000"
 512      00000000 
 513 0081 DF000000 		.ascii	"\337\000\000\000"
 514 0085 6E766963 		.ascii	"nvicClearPending\000"
 514      436C6561 
 514      7250656E 
 514      64696E67 
 514      00
 515 0096 00       		.ascii	"\000"
 516 0097 00       		.ascii	"\000"
 517 0098 00       		.ascii	"\000"
 518 0099 00000000 		.ascii	"\000\000\000\000\000\000\000\000"
 518      00000000 
 519 00a1 E1000000 		.ascii	"\341\000\000\000"
 520 00a5 6E766963 		.ascii	"nvicSetPending\000"
 520      53657450 
 520      656E6469 
 520      6E6700
 521 00b4 00       		.ascii	"\000"
 522 00b5 00       		.ascii	"\000"
 523 00b6 00       		.ascii	"\000"
 524 00b7 00000000 		.ascii	"\000\000\000\000\000\000\000\000"
 524      00000000 
 525 00bf E3000000 		.ascii	"\343\000\000\000"
 526 00c3 63685379 		.ascii	"chSysHalt\000"
 526      7348616C 
 526      7400
 527 00cd 00       		.ascii	"\000"
 528 00ce 02       		.ascii	"\002"
ARM GAS  /tmp/ccTykKe9.s 			page 40


 529 00cf 00       		.ascii	"\000"
 530 00d0 00000000 		.ascii	"\000\000\000\000\000\000\000\000"
 530      00000000 
 531 00d8 E8000000 		.ascii	"\350\000\000\000"
 532              		.text
 533              		.section	.gnu.lto_.opts,"e",%progbits
 534 0000 272D666E 		.ascii	"'-fno-openmp' '-fno-openacc' '-fno-pie' '-mcpu=cort"
 534      6F2D6F70 
 534      656E6D70 
 534      2720272D 
 534      666E6F2D 
 535 0033 65782D6D 		.ascii	"ex-m4' '-mthumb' '-mfloat-abi=softfp' '-mfpu=fpv4-s"
 535      34272027 
 535      2D6D7468 
 535      756D6227 
 535      20272D6D 
 536 0066 702D6431 		.ascii	"p-d16' '-march=armv7e-m+fp' '-O2' '-fstack-usage' '"
 536      36272027 
 536      2D6D6172 
 536      63683D61 
 536      726D7637 
 537 0099 2D666675 		.ascii	"-ffunction-sections' '-fdata-sections' '-fno-common"
 537      6E637469 
 537      6F6E2D73 
 537      65637469 
 537      6F6E7327 
 538 00cc 2720272D 		.ascii	"' '-flto' '-fshort-enums'\000"
 538      666C746F 
 538      2720272D 
 538      6673686F 
 538      72742D65 
 539              		.text
 540              		.comm	__gnu_lto_v1,1,1
 541              		.comm	__gnu_lto_slim,1,1
 542              		.ident	"GCC: (GNU Arm Embedded Toolchain 9-2020-q2-update) 9.3.1 20200408 (release)"
ARM GAS  /tmp/ccTykKe9.s 			page 41


DEFINED SYMBOLS
                            *ABS*:0000000000000000 nvic.c
                            *COM*:0000000000000001 __gnu_lto_v1
                            *COM*:0000000000000001 __gnu_lto_slim

NO UNDEFINED SYMBOLS
