ARM GAS  /tmp/ccZLBZRC.s 			page 1


   1              		.cpu cortex-m4
   2              		.eabi_attribute 27, 1
   3              		.eabi_attribute 20, 1
   4              		.eabi_attribute 21, 1
   5              		.eabi_attribute 23, 3
   6              		.eabi_attribute 24, 1
   7              		.eabi_attribute 25, 1
   8              		.eabi_attribute 26, 1
   9              		.eabi_attribute 30, 2
  10              		.eabi_attribute 34, 1
  11              		.eabi_attribute 18, 4
  12              		.file	"urt_message.c"
  13              		.section	.gnu.lto_.profile.2222648f1230e9f3,"e",%progbits
  14 0000 789CE360 		.ascii	"x\234\343``\004B \000\000\000]\000\013"
  14      60044220 
  14      0000005D 
  14      000B
  15              		.text
  16              		.section	.gnu.lto_.icf.2222648f1230e9f3,"e",%progbits
  17 0000 789CE360 		.ascii	"x\234\343``d\340`@\000F\206\265\267nw\2613\000\000\016"
  17      6064E060 
  17      40004686 
  17      B5B76E77 
  17      B1330000 
  18 0015 FE0306   		.ascii	"\376\003\006"
  19              		.text
  20              		.section	.gnu.lto_.jmpfuncs.2222648f1230e9f3,"e",%progbits
  21 0000 789CE360 		.ascii	"x\234\343``dX\301\310\300\020\301\000\001\214\014L\214"
  21      606458C1 
  21      C8C010C1 
  21      00018C0C 
  21      4C8C
  22 0012 8CCCF5F3 		.ascii	"\214\314\365\363\231\031\200\230\221\211i:3\343\304"
  22      99198098 
  22      9189693A 
  22      33E3C4
  23 0021 35B7F4FA 		.ascii	"5\267\364\372\230\347331\3261\356b\224f`<\300\302X\007"
  23      98E73333 
  23      31D631EE 
  23      62946660 
  23      3CC0C258 
  24 0036 C40C0C1C 		.ascii	"\304\014\014\034\314@\351\246\346\365\213x\015\364\346"
  24      CC40E9A6 
  24      E6F58B78 
  24      0DF4E6
  25 0045 33332F66 		.ascii	"33/ff\230\301\0146d7\243\001X\031\003\020\377\370\377"
  25      6698C10C 
  25      366437A3 
  25      01581903 
  25      10FFF8FF 
  26 0059 FF3F3F23 		.ascii	"\377??#He_\363\373{\034 \223\200\022\214{\030\245A\030"
  26      48655FF3 
  26      FB7B1C20 
  26      9380128C 
  26      7B18A541 
  27 006e 247E76FF 		.ascii	"$~v\377\367o\354\212\214\363\033f(\314gfe`\334\313\250"
  27      F76FEC8A 
ARM GAS  /tmp/ccZLBZRC.s 			page 2


  27      8CF31B66 
  27      28CC6766 
  27      6560DCCB 
  28 0083 08D7FD07 		.ascii	"\010\327\375\007\242\033Y\371\255-\253b\025\345 \252"
  28      A21B59F9 
  28      AD2DAB62 
  28      15E520AA 
  29 0093 D91818F7 		.ascii	"\331\030\030\367\341V\015r}\327\337)\255< K\331\031"
  29      E1560D72 
  29      7DD7DF29 
  29      AD3C204B 
  29      D919
  30 00a5 8F3230EE 		.ascii	"\21720\356\207\272\377(\003\026\017p\200=\000\024f\000"
  30      87BAFF28 
  30      03160F70 
  30      803D0014 
  30      6600
  31 00b7 8A6E3E37 		.ascii	"\212n>7\373\016\033H\224\223\361\000\243\301\014f&\220"
  31      FB0E1B48 
  31      9493F100 
  31      A3C10C66 
  31      2690
  32 00c9 BF0E42FD 		.ascii	"\277\016B\375\305\202\360\027>\217\034\"\311#\207\361"
  32      C582F017 
  32      3E8F1C22 
  32      C92387F1 
  33 00d9 7804DDE1 		.ascii	"x\004\335\341\0142\252\305\032\252\245\232V\012\211"
  33      0C32AAC5 
  33      1AAAA59A 
  33      560A89
  34 00e8 F9C52E49 		.ascii	"\371\305.I\351\216\305\305\251E%\012i\211\2319\251)"
  34      E98EC5C5 
  34      A945250A 
  34      69899939 
  34      A929
  35 00fa 0C56FA19 		.ascii	"\014V\372\031\371\271\251\372\005\231%\372\216\301\256"
  35      F9B9A9FA 
  35      059925FA 
  35      8EC1AE
  36 0109 FA8EBE99 		.ascii	"\372\216\276\231A\371\272\216\005\005\305\372\271\231"
  36      41F9BA8E 
  36      0505C5FA 
  36      B999
  37 0117 292939A9 		.ascii	"))9\251\345\211E\251\372\245A!\372\305E\311\372\245"
  37      E58945A9 
  37      FAA54121 
  37      FAC545C9 
  37      FAA5
  38 0129 4525F1B9 		.ascii	"E%\361\271\251\305\305\211\351\251z\311\014\000\242"
  38      A9C5C589 
  38      E9A97AC9 
  38      0C00A2
  39 0138 689462   		.ascii	"h\224b"
  40              		.text
  41              		.section	.gnu.lto_.inline.2222648f1230e9f3,"e",%progbits
  42 0000 789CE360 		.ascii	"x\234\343``d\250a@\000F\006\006\271s37?cJgdfP\310\237"
  42      6064A861 
ARM GAS  /tmp/ccZLBZRC.s 			page 3


  42      40004606 
  42      06B97333 
  42      373F634A 
  43 001a CECCD8D7 		.ascii	"\316\314\330\327\374\376\036G\037\363|f\240\034\343"
  43      FCFE1E47 
  43      1FF37C66 
  43      A01CE3
  44 0029 2E466906 		.ascii	".Fi\006\006\205\002(\015T\314\302\325\320\320p\200)"
  44      06850228 
  44      0D54CCC2 
  44      D5D0D070 
  44      8029
  45 003b 95814100 		.ascii	"\225\201A\000\304`Neb`b`\0012\033\230R\030\004\030\330"
  45      C4604E65 
  45      62606260 
  45      01321B98 
  45      52180418 
  46 0050 80469D61 		.ascii	"\200F\235aNba`\001\031\316\304\015\324\0004\206\225"
  46      4E626160 
  46      0119CEC4 
  46      0DD40034 
  46      8695
  47 0062 0F448385 		.ascii	"\017D\203\205\220\230\014\000e\222\027Y"
  47      90980C00 
  47      65921759 
  48              		.text
  49              		.section	.gnu.lto_.pureconst.2222648f1230e9f3,"e",%progbits
  50 0000 789CE360 		.ascii	"x\234\343``d`a`\000\222\263X\000\001\322\000\255"
  50      60646061 
  50      600092B3 
  50      580001D2 
  50      00AD
  51              		.text
  52              		.section	.gnu.lto_urtMessageInit.2222648f1230e9f3,"e",%progbits
  53 0000 789C9D55 		.ascii	"x\234\235UmPTU\030>\317=w\357\335]\026,\310\302PZfr"
  53      6D505455 
  53      183ECF3D 
  53      77EFDD5D 
  53      162CC8C2 
  54 0018 88A6DCFD 		.ascii	"\210\246\334\375\321/g\232\211)\373\347\037\353o\323"
  54      D12F679A 
  54      8929FBE7 
  54      1FEB6FD3 
  55 0028 6CB0190D 		.ascii	"l\260\031\015\014\014\013\323\364'/\013\212#e_\030\273"
  55      0C0C0BD3 
  55      F4272F0B 
  55      8A23655F 
  55      18BB
  56 003a 242D8514 		.ascii	"$-\205\024Y\011\214\216\223J\271Bj\022\024\021R\256"
  56      59098C8E 
  56      934AB942 
  56      6A121411 
  56      52AE
  57 004c 0809B2A1 		.ascii	"\010\011\262\241\361Q\226\324\237\264\363\236\273\037"
  57      F15196D4 
  57      9FB4F39E 
  57      BB1F
ARM GAS  /tmp/ccZLBZRC.s 			page 4


  58 005a 904A0C77 		.ascii	"\220J\014w\346\316\234s\336\363<\357\373<\347\274\367"
  58      E6CE9C73 
  58      DEF33CEF 
  58      FB3CE7BC 
  58      F7
  59 006b 5A19D8A0 		.ascii	"Z\031\330\240\316X\021c\254P\274\2602(\206a<\246WY\025"
  59      CE581163 
  59      AC50BCB0 
  59      32288661 
  59      3CA65759 
  60 0080 8547FB82 		.ascii	"\205G\373\202\031\252a\327\033\017F\037R\015\007W\324"
  60      19AA61D7 
  60      1B0F461F 
  60      520D0757 
  60      D4
  61 0091 E9968BAB 		.ascii	"\351\226\213\253\305\212\245~\344\275\007\305\212\012"
  61      C58AA57E 
  61      E4BD07C5 
  61      8A0A
  62 009f 2DB6DB92 		.ascii	"-\266\333\222\030i\320c#\035\220#\303\012\266M\341\252"
  62      1869D063 
  62      231D9023 
  62      C30AB64D 
  62      E1AA
  63 00b1 45D3B10D 		.ascii	"E\323\261\015\257\363\006\216\356\332\350\021%\357#"
  63      AFF3068E 
  63      EEDAE811 
  63      25EF23
  64 00c0 1136C20D 		.ascii	"\0216\302\015\357h;\214\355\231!\316XP\274\346\203\243"
  64      EF683B8C 
  64      ED9921CE 
  64      5850BCE6 
  64      83A3
  65 00d2 C813FB46 		.ascii	"\310\023\373F\375M\177;v\363\020\007T1\255\357=t\306"
  65      FD4D7F3B 
  65      76F31007 
  65      5431ADEF 
  65      3D74C6
  66 00e5 4E53054E 		.ascii	"NS\005N1\035\351\357mH\341\217\202\211q\357\265\231"
  66      311DE9EF 
  66      6D48E18F 
  66      828971EF 
  66      B599
  67 00f7 27735B0D 		.ascii	"'s[\015\303o\204/\355\343\306\375!\316\361\005\270`"
  67      C36F842F 
  67      EDE3C6FD 
  67      21CEF105 
  67      B860
  68 0109 4417B270 		.ascii	"D\027\262p\014Y\214\2115\301\374%r\305\376\256\371@"
  68      0C598C89 
  68      35C1FC25 
  68      72C5FEAE 
  68      F940
  69 011b DB2ABE49 		.ascii	"\333*\276Ib\253.t\017\2501\360\310\207\022\254\342\370"
  69      62AB2E74 
  69      0FA831F0 
  69      C88712AC 
ARM GAS  /tmp/ccZLBZRC.s 			page 5


  69      E2F8
  70 012d 4D605580 		.ascii	"M`U\200\303\310e\004\031\357\274\276'USc\025\343\004"
  70      C3C86504 
  70      19EFBCBE 
  70      27555363 
  70      15E304
  71 0140 34612563 		.ascii	"4a%c\355\203\226\260q\375F\255\021\216f\276\337\231"
  71      ED8396B0 
  71      71FD46AD 
  71      118E66BE 
  71      DF99
  72 0152 9A0E01B3 		.ascii	"\232\016\001\263\250\240\234\016\230\340:\316H\266\012"
  72      A8A09C0E 
  72      98E03ACE 
  72      48B60A
  73 0161 23CCD8AB 		.ascii	"#\314\330\253\\1'Ub2\211\232\261\236\331\200FlM\234"
  73      5C312755 
  73      6232899A 
  73      B19ED980 
  73      466C4D9C 
  74 0175 F4EEAE9E 		.ascii	"\364\356\256\236\033\265\222^\016\206n\252\202\021\206"
  74      1BB5925E 
  74      0E866EAA 
  74      821186
  75 0184 1F142703 		.ascii	"\037\024'\003\302\340\012\374]6\023\200\205\000M\012"
  75      C2E00AFC 
  75      5D361380 
  75      85004D0A 
  76 0194 6B6AEBBB 		.ascii	"kj\353\273a\253\201\277\312*VZ\250T\2618|\376\324\000"
  76      61AB81BF 
  76      CA2A565A 
  76      A854B138 
  76      7CFED400 
  77 01a8 5AD18210 		.ascii	"Z\321\202\020\327\361\025j\200\036b\026\221\243o\355"
  77      D7F1156A 
  77      801E6216 
  77      91A36FED 
  78 01b8 ECD0DC07 		.ascii	"\354\320\334\007\250\"g\210[qRl\013H\201\"X3\365q\304"
  78      A8226788 
  78      5B71526C 
  78      0B488122 
  78      5833F571 
  79 01cd 9E08DA70 		.ascii	"\236\010\332p\012\356\000'\3158\015\267\254\375\361"
  79      0AEE0027 
  79      CD380DB7 
  79      ACFDF1
  80 01dc 641DAD75 		.ascii	"d\035\255u\037\034K\245:lP\360u\242p\325?\274\367\021"
  80      1F1C4BA5 
  80      3A6C50F0 
  80      75A270D5 
  80      3FBCF711 
  81 01f0 AA5B9946 		.ascii	"\252[\231F\255S\272\366\237*\355A\342\304\031Q\326\362"
  81      AD53BAF6 
  81      9F2AED41 
  81      E2C41951 
  81      D6F2
  82 0202 04F42E25 		.ascii	"\004\364.%\340\233\333\013HA\037\011P\314\330\211\263"
ARM GAS  /tmp/ccZLBZRC.s 			page 6


  82      E09BDB0B 
  82      48411F09 
  82      50CCD889 
  82      B3
  83 0213 91B739E5 		.ascii	"\221\2679\345\331)\203\016\364\303m\036\352\267\202"
  83      D929830E 
  83      F4C36D1E 
  83      EAB782
  84 0222 5F6CE83F 		.ascii	"_l\350?\376\327\274\236\2639d\004D8\225 ]=\373\217\244"
  84      FED7BC9E 
  84      B3396404 
  84      44389520 
  84      5D3DFB8F 
  85 0237 11242021 		.ascii	"\021$ !i\370\0169&d\300\204D\016\355\177&G1\021\253"
  85      69F80E39 
  85      2664C084 
  85      440EED7F 
  85      26473111 
  86 024c E49D19DF 		.ascii	"\344\235\031\337\363\2315\211\270\003\337\307\021\203"
  86      F3993589 
  86      B803DFC7 
  86      1183
  87 025a 2662D73F 		.ascii	"&b\327?\365\333\345m\277\023'\031~@V\210\247K\337,\235"
  87      F5DBE56D 
  87      BF132719 
  87      7E405688 
  87      A74BDF2C 
  88 026f 6F744C32 		.ascii	"otL22\216\377\217qC\3136\356\354\355\215\313\300\260"
  88      328EFF8F 
  88      7143CB36 
  88      EEECED8D 
  88      CBC0B0
  89 0282 342E06EB 		.ascii	"4.\006\353\336\265c\330\2364\347.\374\0307\347\247e"
  89      DEB563D8 
  89      9E34E72E 
  89      FC1837E7 
  89      A765
  90 0294 9B732E2E 		.ascii	"\233s..5\262\\s\316\307\021#T\350\0023\264\304\355\267"
  90      35B25C73 
  90      CEC71123 
  90      54E80233 
  90      B4C4EDB7 
  91 02a8 4CA3E696 		.ascii	"L\243\346\226f\254\016\322\301\342B\314\2147?\215l "
  91      66AC0ED2 
  91      C1E242CC 
  91      8C373F8D 
  91      6C20
  92 02ba 5BEFC62B 		.ascii	"[\357\306+\030%\242{$\221\236l=\321FW\247\002-v\"\023"
  92      1825A27B 
  92      24919E6C 
  92      3DD14657 
  92      A7022D76 
  93 02d0 8070A4E3 		.ascii	"\200p\244\343\\\2320\252Jlh~Q\364p\246\350G\263\001"
  93      5C9A30AA 
  93      4A6C687E 
  93      51F470A6 
  93      E847B301 
ARM GAS  /tmp/ccZLBZRC.s 			page 7


  94 02e4 E973111A 		.ascii	"\351s\021\032\373<i\326\032\214I\263Tj\205\237\341^"
  94      FB3C69D6 
  94      1A8C49B3 
  94      546A859F 
  94      E15E
  95 02f6 D8856B44 		.ascii	"\330\205kD\333^\024(I\037\234\320W@\177/\306%\275\205"
  95      DB5E1428 
  95      491F9CD0 
  95      57407F2F 
  95      C625BD85 
  96 030a E82724FD 		.ascii	"\350'$\375\351\271\231!\020}\226\240\277\024\247o,\270"
  96      E9B99921 
  96      107D96A0 
  96      BF14A76F 
  96      2CB8
  97 031c 05BB7349 		.ascii	"\005\273sI\356\265\230\224\334\232y\316\207\207\332"
  97      EEB59894 
  97      DC9A79CE 
  97      8787DA
  98 032b 7B6D89E0 		.ascii	"{m\211\340:D\251At\312\373\313bY\353D\336)3o\343\345"
  98      3A44A941 
  98      74CAFBCB 
  98      6259EB44 
  98      DE29336F 
  99 0341 77AB5396 		.ascii	"w\253S\226%+\364\311\2761G\202]\305e\231\332J\364W\340"
  99      252BF4C9 
  99      BE314782 
  99      5DC56599 
  99      DA4AF457 
 100 0356 6EE20E53 		.ascii	"n\342\016S\306\336\025\035B6~\225t6\242\233^\\m\266"
 100      C6DE151D 
 100      42367E95 
 100      7436A29B 
 100      5E5C6DB6 
 101 036a A87626EE 		.ascii	"\250v&\356RSu\372\212\350g%\275\235\350\347\304\355"
 101      525375FA 
 101      8AE86725 
 101      BD9DE8E7 
 101      C4ED
 102 037c 4FF08526 		.ascii	"O\360\205&V\302w\037~\223|)7\031\337|X4\247\023\277"
 102      56C2771F 
 102      7E937C29 
 102      3719DF7C 
 102      5834A713 
 103 0391 93F50ECA 		.ascii	"\223\365\016\312vu\261\030\247\020\363G<y\333D\306\212"
 103      7675B118 
 103      A710F347 
 103      3C79DB44 
 103      C68A
 104 03a3 92FFB954 		.ascii	"\222\377\271T\362l\\\243\344\251\224|>&u\026\376\346"
 104      F26C5CA3 
 104      E4A9947C 
 104      3E267516 
 104      FEE6
 105 03b5 F6D7B86C 		.ascii	"\366\327\270l5z\3528\222\3770\3066\272^(-\361\272\312"
 105      357AEA38 
 105      92FF30C6 
ARM GAS  /tmp/ccZLBZRC.s 			page 8


 105      36BA5E28 
 105      2DF1BACA 
 106 03c9 8A2A5CF9 		.ascii	"\212*\\\371Omr\345o.\332R\372p~Y\231\317URTXX\354}\311"
 106      4F6D72E5 
 106      6F2EDA52 
 106      FA707E59 
 106      99CF5552 
 107 03e3 53EE7555 		.ascii	"S\356uUny\332\345+/pU\226W<[\342\365\371<[\275\033\012"
 107      6E79DAE5 
 107      2B2F7055 
 107      96573C5B 
 107      E2F5F93C 
 108 03fb 981E1BEA 		.ascii	"\230\036\033\352e\236\227\213K=\205k\327\373\036X_\231"
 108      659E978B 
 108      4B3D856B 
 108      D7FB1E58 
 108      5F99
 109 040d B7D1E929 		.ascii	"\267\321\351)\365=\361\334\326|\237\317[^\341|\336S"
 109      F53DF1DC 
 109      D67C9FCF 
 109      5B5EE17C 
 109      DE53
 110 041f 54EC2D64 		.ascii	"T\354-d\377\002\340q\274!"
 110      FF02E071 
 110      BC21
 111              		.text
 112              		.section	.gnu.lto_.symbol_nodes.2222648f1230e9f3,"e",%progbits
 113 0000 789CE360 		.ascii	"x\234\343``d\250d\000\002\246)\314\365\014\015@\300"
 113      6064A864 
 113      0002A629 
 113      CCF50C0D 
 113      40C0
 114 0012 C238E11C 		.ascii	"\3028\341\034\003C=\003\303\256\006G\240$\020\260Ne"
 114      03433D03 
 114      C3AE0647 
 114      A02410B0 
 114      4E65
 115 0024 665000D2 		.ascii	"fP\000\322\214\323\231\353\031\377C\201<X\031\003P\213"
 115      8CD399EB 
 115      19FF4381 
 115      3C581903 
 115      508B
 116 0036 0350661A 		.ascii	"\003Pf\032s=\023V\031f\006\346\246ksL\030[\030\201\254"
 116      733D1356 
 116      196606E6 
 116      A66B734C 
 116      185B1881 
 117 004b 8D13363C 		.ascii	"\215\0236<e`\\\002d2m~vf&#\343\021F\006\000\241n)X"
 117      65605C02 
 117      64326D7E 
 117      76662623 
 117      E3114606 
 118              		.text
 119              		.section	.gnu.lto_.refs.2222648f1230e9f3,"e",%progbits
 120 0000 789CE360 		.ascii	"x\234\343``d\340a```f``dbbdabde\000\000\002\000\000"
 120      6064E061 
 120      60606066 
ARM GAS  /tmp/ccZLBZRC.s 			page 9


 120      60606462 
 120      62646162 
 121 001b 2B       		.ascii	"+"
 122              		.text
 123              		.section	.gnu.lto_.decls.2222648f1230e9f3,"e",%progbits
 124 0000 789C953A 		.ascii	"x\234\225:kPTW\232}\356\351n\350\246i\214X\231\354\232"
 124      6B505457 
 124      9A7DEEE9 
 124      6EE8A669 
 124      8C5899EC 
 125 0015 4A65A79C 		.ascii	"Je\247\234\235\331\232\211$\225\324\316d~m65\265\231"
 125      9DD99A89 
 125      2495D4CE 
 125      647E6D36 
 125      35B599
 126 0028 AA994D6A 		.ascii	"\252\231Mj\222\354T\346\017\323\201V\272\0024\323\335"
 126      92EC54E6 
 126      0FD38156 
 126      BA0234D3 
 126      DD
 127 0039 2466FE4C 		.ascii	"$f\376L\363TP\020D\205\026\021Q\236\"\002\362\220\207"
 127      F3545010 
 127      44851611 
 127      519E2202 
 127      F29087
 128 004c 3C14E421 		.ascii	"<\024\344!\012\250\210 \202\200\312\373!\"(\250\260"
 128      0AA88820 
 128      8280CAFB 
 128      212228A8 
 128      B0
 129 005d DF79347D 		.ascii	"\337y4}/\335\235\315\266\036\356\375\356\375\336\337"
 129      2FDD9DCD 
 129      B61EEEFD 
 129      EEFDDEDF 
 130 006d 77BEF39D 		.ascii	"w\276\363\235\323\355)C\262\317\376U&kW\310d_ \231l"
 130      D3ED2943 
 130      B2CFFE55 
 130      266B57C8 
 130      645F2099 
 131 0082 1D3E824C 		.ascii	"\035>\202L&\273\001C\015c\021\306n\030J\030rx\257\200"
 131      26BB0143 
 131      0D6311C6 
 131      6E184A18 
 131      7278AF80 
 132 0096 A185E10B 		.ascii	"\241\205\341\013\343/\360\254\026\256;a`\270o\203k\013"
 132      E32FF0AC 
 132      16AE3B61 
 132      60B86F83 
 132      6B0B
 133 00a8 8C120EF7 		.ascii	"\214\022\016\367\300\365\036\214G0\340\277l\222\374"
 133      C0F51E8C 
 133      4730E0BF 
 133      6C92FC
 134 00b7 117D0A00 		.ascii	"\021}\012\000\351_\340\032\004c+\214m\"y\376\200;\005"
 134      E95FE01A 
 134      04632B8C 
 134      6D2279FE 
ARM GAS  /tmp/ccZLBZRC.s 			page 10


 134      803B05
 135 00ca 63023119 		.ascii	"c\0021\031:\030\323\\\326\014\327a\226\3531\307uy\210"
 135      3A18D35C 
 135      D60CD761 
 135      96EB31C7 
 135      757988
 136 00dd 1C3ACE23 		.ascii	"\034:\316#\246\363\000\\\237\300\3651\\\357\300\365"
 136      A6F3005C 
 136      9FC0F531 
 136      5CEFC0F5 
 137 00ed 2BA2178C 		.ascii	"+\242\027\214n\030-0&`\214\300\320\312\230\356\025\\"
 137      6E182D30 
 137      26608CC0 
 137      D0CA98EE 
 137      155C
 138 00ff 7F62CB14 		.ascii	"\177b\313\024<\233\2071\303\3751M\370\300\230#\266\300"
 138      3C9B8731 
 138      C3FD314D 
 138      F8C09823 
 138      B6C0
 139 0111 784464CA 		.ascii	"xDd\312\034\266>\342\366\272\2625\025\243\241\310\214"
 139      1CB63EE2 
 139      F6BAB235 
 139      15A3A1C8 
 139      8C
 140 0122 E79A448C 		.ascii	"\347\232D\214\266\252\221\034\300\303W\313\333\325\000"
 140      B6AA911C 
 140      C0C357CB 
 140      DBD500
 141 0131 6E53A3B7 		.ascii	"nS\243\267E\340V\006f\335\356\216D\014\334\002`\321"
 141      45E05606 
 141      66DDEE8E 
 141      440CDC02 
 141      60D1
 142 0143 FA78BA0F 		.ascii	"\372x\272\017C\266\"\002W\036H\367`\257\337\000\360"
 142      43B62202 
 142      571E48F7 
 142      60AFDF00 
 142      F0
 143 0154 7C5FCEA0 		.ascii	"|_\316\240\017\026\020\021s1\366U=y\365\225\032\221"
 143      0F161011 
 143      7331F655 
 143      3D79F595 
 143      1A91
 144 0166 60FAC0A3 		.ascii	"`\372\300\243\326\371\331\036\304\036\021\214S\375\353"
 144      D6F9D91E 
 144      C41E118C 
 144      53FDEB
 145 0175 4794F875 		.ascii	"G\224\370uz\177}\265 \325\303\257\310\312>\236\371X"
 145      7A7F7DB5 
 145      20D5C3AF 
 145      C8CA3E9E 
 145      F958
 146 0187 869A1076 		.ascii	"\206\232\020v(\235\2752\177A\203\277\242\270\267\347"
 146      289DBD32 
 146      7F4183BF 
 146      A2B8B7E7 
ARM GAS  /tmp/ccZLBZRC.s 			page 11


 147 0197 53F70AEA 		.ascii	"S\367\012\352}Vk\244\365d\224U\365\211\014\325\242\355"
 147      7D566BA4 
 147      F5649455 
 147      F5890CD5 
 147      A2ED
 148 01a9 A8066D97 		.ascii	"\250\006m\227\241+\210roF~\3502<\273\004\317\210\240"
 148      A12B8872 
 148      6F467EE8 
 148      323CBB04 
 148      CF88A0
 149 01bc 88DB1DDE 		.ascii	"\210\333\035\336\370\257L\255\345\264|\037\254\247\367"
 149      F8AF4CAD 
 149      E5B47C1F 
 149      ACA7F7
 150 01cb 0DEB471B 		.ascii	"\015\353G\033\344L{O\000\217\234\271\364R\303\214k$"
 150      E44C7B4F 
 150      008F9CB9 
 150      F452C38C 
 150      6B24
 151 01dd AFE31AE3 		.ascii	"\257\343\032\343\233\3258\204\242\246\246\246\226yb"
 151      9BD53884 
 151      A2A6A6A6 
 151      967962
 152 01ec 13BD3F3B 		.ascii	"\023\275?;\277TK,\373\205\032\375Cd\325/\230U{\243\363"
 152      BF544B2C 
 152      FB851AFD 
 152      4364D52F 
 152      98557BA3 
 153 0201 0F7A612B 		.ascii	"\017za+\242\300\360\341\270&%S\265$\312\372Z\304{2t"
 153      A2C0F0E1 
 153      B8262553 
 153      B524CAFA 
 153      5AC47B32 
 154 0216 15F46A27 		.ascii	"\025\364j'\272v!JCt\355\204g\327\251\256BC\351\276t"
 154      BA76214A 
 154      4374ED84 
 154      67D7A9AE 
 154      4243E9BE 
 155 022b 25DAE17B 		.ascii	"%\332\341{\212\3204v\025|P[5c\265\216Z1\352Fj\324\001"
 155      8AD03476 
 155      157C505B 
 155      3563B58E 
 155      5A31EA46 
 156 0242 343791EF 		.ascii	"47\221\357\006\023\031\362#\177\336\203?\311\304q \304"
 156      061319F2 
 156      237FDE83 
 156      3FC9C471 
 156      20C4
 157 0254 8ADE1009 		.ascii	"\212\336\020\011\271\306\011\210\224\033h\007\367f\304"
 157      B9C60988 
 157      941B6807 
 157      F766C4
 158 0263 FCBD5FE1 		.ascii	"\374\275_\341l\246\342\211\233I\017\024\276\256\251"
 158      6CA6E289 
 158      9B490F14 
 158      BEAEA9
 159 0272 6FB9A4AE 		.ascii	"o\271\244\256\314K\230\302\270\224\221/\254\347\215"
ARM GAS  /tmp/ccZLBZRC.s 			page 12


 159      CC4B98C2 
 159      B894912F 
 159      ACE78D
 160 0281 28713903 		.ascii	"(q9\003\312\357T\324k]G\246\327ed\222\356\255\\\364"
 160      CAEF54D4 
 160      6B5D47A6 
 160      D7656492 
 160      EEAD5CF4 
 161 0295 C2CD8C7A 		.ascii	"\302\315\214z\360RS\241\200\333\031P<6\272$gj\221\017"
 161      F05253A1 
 161      80DB1950 
 161      3C36BA24 
 161      676A910F 
 162 02a9 A2798CFA 		.ascii	"\242y\214\372\201\313]\246\020W&\252b\255\010i\3427"
 162      81CB5DA6 
 162      105726AA 
 162      62AD0869 
 162      E237
 163 02bb 44D2D776 		.ascii	"D\322\327v\25124\2004\014\257\351\302\300\244\300b\375"
 163      A9323480 
 163      340CAFE9 
 163      C2C0A4C0 
 163      62FD
 164 02cd 2E49F38A 		.ascii	".I\363\212\376^\236\365V\014pg\351\352\242\006\337f"
 164      FE5E9EF5 
 164      560C7067 
 164      E9EAA206 
 164      DF66
 165 02df B22F2FDA 		.ascii	"\262//\332JT\370>\003\036/\\\217S\340\031\006\\;\035"
 165      4A54F83E 
 165      031E2F5C 
 165      8F53E019 
 165      065C3B1D 
 166 02f3 DBAA7513 		.ascii	"\333\252u\023\317aW\361D\007\027\257|\206\243\330\224"
 166      CF6157F1 
 166      440717AF 
 166      7C86A3D8 
 166      94
 167 0304 78D81553 		.ascii	"x\330\025S\255\301\031\024\300\257\226\213j\324h\207"
 167      ADC11914 
 167      C0AF968B 
 167      6AD46887 
 168 0314 3DD2CFAE 		.ascii	"=\322\317\256\277{\254|\302j=\364\006j\201@?\000fc\022"
 168      BF7BAC7C 
 168      C26A3DF4 
 168      066A8140 
 168      3F006663 
 169 0329 4B58B849 		.ascii	"KX\270I\244\031\301\262m[Y\224u_\224\006\215\000\376"
 169      A419C1B2 
 169      6D5B5994 
 169      755F9406 
 169      8D00FE
 170 033c 7D8EEF2E 		.ascii	"}\216\357.1\222\254,\264\365\360\276\216h;\312\011\210"
 170      3192AC2C 
 170      B4F5F0BE 
 170      8E683BCA 
 170      0988
ARM GAS  /tmp/ccZLBZRC.s 			page 13


 171 034e BA8FD00E 		.ascii	"\272\217\320\016\364p#\274\365\271\315\237\340I\246"
 171      F47023BC 
 171      F5B9CD9F 
 171      E049A6
 172 035d F10B6BEE 		.ascii	"\361\013k\356\036_\327\014\306\3351\360\314\235Y\313"
 172      1E5FD70C 
 172      C6DD31F0 
 172      CC9D59CB 
 173 036d 2696816D 		.ascii	"&\226\201m0N\021\352\306\336\202\267R\254T\333\011\240"
 173      304E11EA 
 173      C6DE82B7 
 173      52AC54DB 
 173      09A0
 174 037f 1902DA59 		.ascii	"\031\002\332Y\270\332\231\311\320\305\315\326\035\177"
 174      B8DA99C9 
 174      D0C5CDD6 
 174      1D7F
 175 038d EB5494B5 		.ascii	"\353T\224\265\355\257$\200\250\217\243;\234\341'\305"
 175      EDAF2480 
 175      A88FA33B 
 175      9CE127C5 
 176 039d EECDDC9A 		.ascii	"\356\315\334\232E\261wkP\233\023r\235\2307\3502wb\313"
 176      45B1776B 
 176      509B1372 
 176      9D9837E8 
 176      327762CB 
 177 03b1 79E6B91E 		.ascii	"y\346\271\036\300\353\340\370\016\3179<-\261|\020\020"
 177      C0EBE0F8 
 177      0ECF393C 
 177      2DB17C10 
 177      10
 178 03c2 EE11CBFB 		.ascii	"\356\021\313\3739\005\261|\012,\237\2071\003c\032\306"
 178      3905B17C 
 178      0A2C9F87 
 178      3103631A 
 178      C6
 179 03d3 63187330 		.ascii	"c\030s0&\2317\230zc\371\333\230z$\262\215N\3725l\266"
 179      26993798 
 179      7A63F9DB 
 179      987A24B2 
 179      8D4EFA35 
 180 03e9 3DE37566 		.ascii	"=\343uf\373\035@\277\355\332\366Z\264\201\276\226)\342"
 180      FB1D40BF 
 180      EDDAF65A 
 180      B481BE96 
 180      29E2
 181 03fb DEEAC67A 		.ascii	"\336\352\306z\212\017\001\215}\230]\355\201c0\215n\332"
 181      8A0F018D 
 181      7D985DED 
 181      8163308D 
 181      6EDA
 182 040d B5FD7714 		.ascii	"\265\375w\024\276\256\215\\\370\361F\002\247\310\372"
 182      BEAE8D5C 
 182      F8F14602 
 182      A7C8FA
 183 041c 07CF35E2 		.ascii	"\007\3175\342Y\370D\242\303\"\235\205\344\002\270\311"
 183      59F844A2 
ARM GAS  /tmp/ccZLBZRC.s 			page 14


 183      C3229D85 
 183      E402B8C9 
 184 042c EBD93D2A 		.ascii	"\353\331=*\234\302T\250\250\313>\255$\023\220\026\326"
 184      9CC254A8 
 184      A8CB3EAD 
 184      24139016 
 184      D6
 185 043d C1E6839E 		.ascii	"\301\346\203\236Ns~\0114Y\226\314\371\222\346\314\232"
 185      4E737E09 
 185      345996CC 
 185      F992E6CC 
 185      9A
 186 044e 0DBC68F7 		.ascii	"\015\274h\367x\007&Ndy\213\265z&\321\352\271\2756\364"
 186      7807264E 
 186      64798BB5 
 186      7A26D1EA 
 186      B9BD36F4 
 187 0462 160C276A 		.ascii	"\026\014'jp\016W\342^\323\220\022\2272\240\362iy\256"
 187      700E57E2 
 187      5ED39012 
 187      9732A0F2 
 187      6979AE
 188 0475 02573360 		.ascii	"\002W3`\365\374\241a\225\223z/@\354K\211\330\304\322"
 188      F5FCA161 
 188      95937A2F 
 188      40EC4B89 
 188      D8C4D2
 189 0488 AA172ADC 		.ascii	"\252\027*\334\312\210\236g\317Y\225ND\257\234\210^\234"
 189      CA889E67 
 189      CF59954E 
 189      44AF9C88 
 189      5E9C
 190 049a 28AA96E8 		.ascii	"(\252\226\350\272&\321u\235\353\212k\012\253:4\260>"
 190      BA26D175 
 190      9DEB8A6B 
 190      0AAB3A34 
 190      B03E
 191 04ac EC60C11F 		.ascii	"\354`\301\037_}\267h\215\225\0150\007=\005\276\021\202"
 191      5F7DB768 
 191      8D950D30 
 191      073D05BE 
 191      1182
 192 04be CB99E208 		.ascii	"\313\231\342\010\263\\T\264V8\001\011\263U\330\201\""
 192      B35C54B4 
 192      56380109 
 192      B355D881 
 192      22
 193 04cf 0551DECE 		.ascii	"\005Q\336\316\025)\217Y\033\243\225D:Zu\315\332\236"
 193      15298F59 
 193      1BA39544 
 193      3A5A75CD 
 193      DA9E
 194 04e1 58297BA7 		.ascii	"X){\247/x\341Ef\364\275\201\376!\354\353Zb\224\340R"
 194      2F78E145 
 194      66F4BD81 
 194      FE21ECEB 
 194      5A6294E0 
ARM GAS  /tmp/ccZLBZRC.s 			page 15


 195 04f6 228A167C 		.ascii	"\"\212\026|\2012\341I]\234\217\330\015\321\022\2211"
 195      8132E149 
 195      5D9C8FD8 
 195      0DD11291 
 195      31
 196 0507 024D24B8 		.ascii	"\002M$\270\220r\232{\365{V\321\267\0034\320}$YEJ\263"
 196      90729A7B 
 196      F57B56D1 
 196      B70334D0 
 196      7D245945 
 197 051d 9553C273 		.ascii	"\225S\302s\007!4\014Da\024+\320\252<\036{m\215\367-"
 197      0721340C 
 197      4461142B 
 197      D0AA3C1E 
 197      7B6D8DF7 
 198 0532 6F92B2FE 		.ascii	"o\222\262\376\362R=_\371\207I[s\373y\335\252\006\257"
 198      F2523D5F 
 198      F987495B 
 198      73FB79DD 
 198      AA06AF
 199 0545 51637044 		.ascii	"QcpD\374j?F\352\355\010\230!Z\372\255\247\255\030\346"
 199      FC6A3F46 
 199      EAED0898 
 199      215AFAAD 
 199      A7AD18E6 
 200 0559 CAFBDBD1 		.ascii	"\312\373\333\321\273`P<\030\264\237\260? lG\011\300"
 200      BB60503C 
 200      18B49FB0 
 200      3F206C47 
 200      09C0
 201 056b DF66F5A4 		.ascii	"\337f\365\244\017lV\300~\374\017z\017Lo\315\367.\312"
 201      0F6C56C0 
 201      7EFC0F7A 
 201      0F4C6FCD 
 201      F72ECA
 202 057e B72671A7 		.ascii	"\267&q\247\374\007\"\317Q\034\320\354\023\210\206\211"
 202      FC0722CF 
 202      511CD0EC 
 202      13888689 
 203 058e C256A626 		.ascii	"\302V\246&\273'KGVo\225\027S\362C\000\367\275z\024\357"
 203      BB274B47 
 203      566F9517 
 203      53F24300 
 203      F7BD7A14 
 204 05a3 E1D6C024 		.ascii	"\341\326\300$n\340Af`S\343\365C\234\366\267\000\332"
 204      6EE04166 
 204      6053E3F5 
 204      439CF6B7 
 204      00DA
 205 05b5 568678DB 		.ascii	"V\206x\333\326M&\333\342\321\265/7kr\0104I\246\232\244"
 205      D64D26DB 
 205      E2D1B52F 
 205      376B7208 
 205      3449A69A 
 206 05ca 104D9298 		.ascii	"\020M\222\230&)T\223\243\223W/qnV-Y\023{\037\214\360"
 206      26295493 
 206      A393572F 
ARM GAS  /tmp/ccZLBZRC.s 			page 16


 206      716E562D 
 206      59137B1F 
 207 05e0 C5B48748 		.ascii	"\305\264\207H\353\2700fd\354O*\000,\034oX\345}\225\225"
 207      EBB83066 
 207      64EC4F2A 
 207      002C1C6F 
 207      58E57D95 
 208 05f5 04EA4CED 		.ascii	"\004\352L\355d\032G\267\012\244\375\270{ \307\203/\276"
 208      641A47B7 
 208      0AA4FDB8 
 208      7B20C783 
 208      2FBE
 209 0607 A4ABCC8B 		.ascii	"\244\253\314\213\256\355W\341(9\315\235\306\341\204"
 209      AEED57E1 
 209      2839CD9D 
 209      C6E184
 210 0616 15CC90D7 		.ascii	"\025\314\220\327I,z\273^d\311\335\232}\234\233\235\316"
 210      492C7ABB 
 210      5E64C9DD 
 210      9A7D9C9B 
 210      9DCE
 211 0628 CC9E8D7F 		.ascii	"\314\236\215\177\225\352\263\3312\033X\226F-\313 \226"
 211      95EAB3D9 
 211      321B5896 
 211      462DCB20 
 211      96
 212 0639 1DA79691 		.ascii	"\035\247\226\2215\277uvL\313$=\367\002\270z\352\321"
 212      35BF7576 
 212      4CCB243D 
 212      F702B87A 
 212      EAD1
 213 064b B7389E69 		.ascii	"\2678\236i\021\223\266X\241\302\311\0148\334\337\322"
 213      1193B658 
 213      A1C2C90C 
 213      38DCDFD2 
 214 065b A8759AC3 		.ascii	"\250u\232\303'!\356Y\202x\016\317'\306\344z8\325%g\274"
 214      2721EE59 
 214      82780ECF 
 214      27C6E47A 
 214      38D52567 
 215 0670 ACB4FDF5 		.ascii	"\254\264\375\365rq\222\237\222$\371i\201\327\245\221"
 215      7271929F 
 215      9224F969 
 215      81D7A591 
 216 0680 D1E26801 		.ascii	"\321\342h\001\237fJ\3246\307Tz\343\363\0148\231\336"
 216      9F664AD4 
 216      36C7547A 
 216      E3F30C38 
 216      99DE
 217 0692 57AD76D2 		.ascii	"W\255v\322(\007$\345J5j\312\310\365\300M\214\350~\346"
 217      280724E5 
 217      4A356ACA 
 217      C8F5C04D 
 217      8CE87EE6 
 218 06a6 44827329 		.ascii	"D\202s)\312s\"*?_\221\244\022\253\227/Q\257\200\253"
 218      CA73222A 
 218      3F5F91A4 
ARM GAS  /tmp/ccZLBZRC.s 			page 17


 218      12AB972F 
 218      51AF80AB 
 219 06ba 8713535F 		.ascii	"\207\023S_-\250\020\254\361\256'z60>\303'\372Y\230\350"
 219      2DA810AC 
 219      F1AE277A 
 219      36303EC3 
 219      27FA5998 
 220 06cf 85E2D232 		.ascii	"\205\342\3222p\014\357\353\212\265&]B\204\037-.g\334"
 220      700CEFEB 
 220      8AB5265D 
 220      42841F2D 
 220      2E67DC
 221 06e2 1417BECA 		.ascii	"\024\027\276\312\315\277\236MW9\360\016-s.\320\337c"
 221      CDBF9E4D 
 221      5739F00E 
 221      2D732ED0 
 221      DF63
 222 06f4 A568BE3F 		.ascii	"\245h\276?\262\321\007\3173\243\033z\313\036)\335\224"
 222      B2D107CF 
 222      33A31B7A 
 222      CB1E29DD 
 222      94
 223 0705 A222D71A 		.ascii	"\242\"\327\032\222=\222\355i,\317\330a\222\032W\273"
 223      923D92ED 
 223      692CCFD8 
 223      61921A57 
 223      BB
 224 0716 9F3CB66F 		.ascii	"\237<\266o\015HR\332\362^uc\274\306D\334[\237}\310\363"
 224      0D4852DA 
 224      F25E7563 
 224      BCC644DC 
 224      5B9F7DC8 
 225 072b 681B8093 		.ascii	"h\033\200\223-\351c\336|6\020\334\361\366\247\305*\034"
 225      2DE963DE 
 225      7C3610DC 
 225      F1F6A7C5 
 225      2A1C
 226 073d A3A0B847 		.ascii	"\243\240\270G\216\215\275\201\223\024\222\035\322\317"
 226      8E8DBD81 
 226      9314921D 
 226      D2CF
 227 074b 9D77483F 		.ascii	"\235wH?g{\211\302\270[\337\343\243\014\373Tqo\251\302"
 227      677B89C2 
 227      B85BDFE3 
 227      A30CFB54 
 227      716FA9C2 
 228 075f 756F5D25 		.ascii	"uo]%P\012b\306\005\310\365J6\027Z\016F\037P\343\323"
 228      500A62C6 
 228      05C8F54A 
 228      36175A0E 
 228      461F50E3 
 229 0774 8CBA7F31 		.ascii	"\214\272\1771\267\312\3135u\215K\352\272\345\213W\264"
 229      B7CACB35 
 229      758D4BEA 
 229      BAE58B57 
 229      B4
 230 0785 B898514F 		.ascii	"\270\230QO\217\025\366\012\270\212\001\321{m\355\202"
ARM GAS  /tmp/ccZLBZRC.s 			page 18


 230      8F15F60A 
 230      B88A01D1 
 230      7B6DED82 
 231 0795 531AD501 		.ascii	"S\032\325\001\227zI\032\225\255\027\304b|\231\023-e"
 231      977A491A 
 231      95AD17C4 
 231      627C9913 
 231      2D65
 232 07a7 2E2B9C88 		.ascii	".+\234\210\032\234\210\216\026^\317\360\024\347^\243"
 232      1A9C888E 
 232      165ECFF0 
 232      14E75EA3 
 233 07b7 24CC97EC 		.ascii	"$\314\227\354S\243\364\360\215u%\356`\314\237\017f_"
 233      53A3F4F0 
 233      8D7525EE 
 233      60CC9F0F 
 233      665F
 234 07c9 775E982F 		.ascii	"w^\230/\003\363&"
 234      03F326
 235 07d0 09F3AED2 		.ascii	"\011\363\256\322[\021Z|\227\021\025\265\337\036\306"
 235      5B115A7C 
 235      971115B5 
 235      DF1EC6
 236 07df 4E44CD4E 		.ascii	"ND\315ND\245\257\252z%+\322\025\211F-v\215\262Rl9\032"
 236      44A5AFAA 
 236      7A252BD2 
 236      1589462D 
 236      768DB252 
 237 07f6 3C4D992B 		.ascii	"<M\231+\017?\236\354\024\310\324\330\261iv\224\201\207"
 237      0F3F9EEC 
 237      14C8D4D8 
 237      B1697694 
 237      8187
 238 0808 CF8387A9 		.ascii	"\317\203\207\251vm<\367: \367\256\301\270\012\243\035"
 238      766D3CF7 
 238      3A20F7AE 
 238      C1B80AA3 
 238      1D
 239 0819 C675F14C 		.ascii	"\306u\361L\271S\217\343N'&XOFB\205\202jV\301\0117\357"
 239      B9538FE3 
 239      4E272658 
 239      4F464285 
 239      826A56C1 
 240 0830 0C447365 		.ascii	"\014Dse5\017[\263\337E\265\200]\352\006[\324;\347y\260"
 240      350F5BB3 
 240      DF45B580 
 240      5DEA065B 
 240      D43BE779 
 241 0845 451E2CA1 		.ascii	"E\036,\241\235v\233\353\211\305\260\247\030k\210\003"
 241      9D769BEB 
 241      89C5B0A7 
 241      186B8803 
 242 0855 BAE8C47A 		.ascii	"\272\350\304z\363\234\035J\333z\232\316Y\242w\253\023"
 242      F39C1D4A 
 242      DB7A9ACE 
 242      59A277AB 
 242      13
ARM GAS  /tmp/ccZLBZRC.s 			page 19


 243 0866 BAA32F27 		.ascii	"\272\243/'\235V\321\261=\276\256]\325\374\177\273\212"
 243      9D56D1B1 
 243      3DBEAE5D 
 243      D5FC7FBB 
 243      8A
 244 0877 9C10DCAA 		.ascii	"\234\020\334\252\031P\342,%\015n\323\344\303}j\234O"
 244      1950E22C 
 244      250D6ED3 
 244      E4C37D6A 
 244      9C4F
 245 0889 01E149FE 		.ascii	"\001\341I\376r\235\260\261\245\036\262mcJ\331\355\275"
 245      729DB0B1 
 245      A51EB26D 
 245      634AD9ED 
 245      BD
 246 089a F903FDD2 		.ascii	"\371\003\375\322\311(\246\313\306d\351\026\030\001\335"
 246      C928A6CB 
 246      C664E916 
 246      1801DD
 247 08a9 116FC81E 		.ascii	"\021o\310\036X\275\022\351\203+\230\354\350\254\262"
 247      58BD12E9 
 247      832B98EC 
 247      E8ACB2
 248 08b8 B37C1570 		.ascii	"\263|\025p\"\277\345\212\034\347\036\213\234\361\342"
 248      22BFE58A 
 248      1CE71E8B 
 248      9CF1E2
 249 08c7 5B41D89F 		.ascii	"[A\330\237\334?\206\013\313JnD\020G\367\000r\027\020"
 249      DC3F860B 
 249      CB4A6E44 
 249      1047F700 
 249      721710
 250 08da DD711B14 		.ascii	"\335q\033\024 hI\307\347\240+\211\323\240N@+\347\350"
 250      206849C7 
 250      E7A02B89 
 250      D3A04E40 
 250      2BE7E8
 251 08ed 76FF89E3 		.ascii	"v\377\211\343\"qp\011 \260\275\307\035\256\322m\360"
 251      22717009 
 251      20B0BDC7 
 251      1DAED26D 
 251      F0
 252 08fe 68EF8655 		.ascii	"h\357\206U\223k\305\343r\334\254\224,\313o\362e\331"
 252      936BC5E3 
 252      72DCAC94 
 252      2CCB6FF2 
 252      65D9
 253 0910 5EA9DE64 		.ascii	"^\251\336d\225\352f\337T\246\200;\030\356L|\241\215"
 253      95EA66DF 
 253      54A6803B 
 253      18EE4C7C 
 253      A18D
 254 0922 972A69AB 		.ascii	"\227*i\2534 P\002\"\352.\010\357g\245f0c~Q\216\007\031"
 254      34205002 
 254      22EA2E08 
 254      EF67A566 
 254      30637E51 
ARM GAS  /tmp/ccZLBZRC.s 			page 20


 255 0939 6DDFFD96 		.ascii	"m\337\375\226v\204\0370\340\374P|\033\366\214\245\214"
 255      76841F30 
 255      E0FC507C 
 255      1BF68CA5 
 255      8C
 256 094a 9AC48C86 		.ascii	"\232\304\214\206\200\321}\301\223NS1\253\210\234\210"
 256      80D17DC1 
 256      934E5331 
 256      AB889C88 
 257 095a 3FE3278C 		.ascii	"?\343'\2148m\021j\266+\342a7\304{{\027l\274\363\350"
 257      386D116A 
 257      B62BE261 
 257      37C47B7B 
 257      176CBCF3 
 258 096f 2345FF54 		.ascii	"#E\377Tw\337I-\216\362\240\334\366=\\\252\363\262\333"
 258      77DF492D 
 258      8EF2A0DC 
 258      F63D5CAA 
 258      F3B2DB
 259 0982 14FD43ED 		.ascii	"\024\375C\355\0379\366\231\273\234\204\3055\343\241"
 259      1F39F699 
 259      BB9C84C5 
 259      35E3A1
 260 0991 206E5A1E 		.ascii	" nZ\036\331kF\344he/\302\361L\302\235\262\246\016-_"
 260      D96B46E4 
 260      68652FC2 
 260      F14CC29D 
 260      B2A60E2D 
 261 09a6 6306C983 		.ascii	"c\006\311\203W\266\2168\017|\220\275\355\311\270u\221"
 261      57B68E38 
 261      0F7C90BD 
 261      EDC9B875 
 261      91
 262 09b7 B76035C4 		.ascii	"\267`5\304\377\265\367\207\213=\335\266ES\274-\232d"
 262      FFB5F787 
 262      8B3DDDB6 
 262      4553BC2D 
 262      9A64
 263 09c9 FA0C150F 		.ascii	"\372\014\025\0174\313\261\215q\352\234\2159\344\345"
 263      34CBB18D 
 263      71EA9C8D 
 263      39E4E5
 264 09d8 E60C635A 		.ascii	"\346\014cZpu\206Q\3366\234\244vtUo\240\0310g\034\314"
 264      70758651 
 264      DE369CA4 
 264      7674556F 
 264      A0193067 
 265 09ee 1DA5E935 		.ascii	"\035\245\3515K\272\252){W\325zx\016JT6\2235\231SQ\256"
 265      4BBAAA29 
 265      7B57D57A 
 265      780E4A54 
 265      36933599 
 266 0a05 E22E258D 		.ascii	"\342.%\215c~\362j\216}\035]\242[\257\324\353\235Z|\216"
 266      637EF26A 
 266      8E7D1D5D 
 266      A25BAFD4 
 266      EB9D5A7C 
ARM GAS  /tmp/ccZLBZRC.s 			page 21


 267 0a1a 6157265D 		.ascii	"aW&]\210\345}c7\201\0132\363\233\275q\025{9\335\325"
 267      88E57D63 
 267      37810B32 
 267      F39BBD71 
 267      157B39DD 
 268 0a2f 58E6E52A 		.ascii	"X\346\345*\251\026]&UGzw\004?\307l\243{\306\345\236"
 268      A9165D26 
 268      55477A77 
 268      043FC76C 
 268      A37BC6E5 
 269 0a44 1372DCC8 		.ascii	"\023r\334\310xE\024\036.Q\343\016\006\\\354\2519\210"
 269      7845141E 
 269      2E51E30E 
 269      065CECA9 
 269      3988
 270 0a56 F04D065C 		.ascii	"\360M\006\\\253\272\366@\205\3572`4/v\334\371\014j\005"
 270      ABBAF640 
 270      85EF3260 
 270      342F76DC 
 270      F90C6A05 
 271 0a6a E4AD4A96 		.ascii	"\344\255J\226\210\324\312C\225j<\315\210\026\232\023"
 271      88D4CA43 
 271      956A3CCD 
 271      88169A13 
 272 0a7a DAE54E4D 		.ascii	"\332\345NM\340\013'\242\263\257F\017\253\3059\362R2"
 272      E00B27A2 
 272      B3AF460F 
 272      ABC539F2 
 272      5232
 273 0a8c C55FD9BB 		.ascii	"\305_\331\273\254\306\376\270>\271\333.K\206\326\370"
 273      ACC6FEB8 
 273      3EB9DB2E 
 273      4B86D6F8 
 274 0a9c DC5D87B9 		.ascii	"\334]\207\271k\305\242\205c\255\016\267\227\323\252"
 274      6BC5A285 
 274      63AD0EB7 
 274      97D3AA
 275 0aab 00BCD073 		.ascii	"\000\274\320sP`\355\207\212\310X=Ng\350\177Q\243g\256"
 275      5060ED87 
 275      8AC8583D 
 275      4E67E87F 
 275      51A367AE 
 276 0abf B1ED9B3D 		.ascii	"\261\355\233=\373I\351V~RZ\263bK\366\304k\314\001eS"
 276      FB49E956 
 276      7E525AB3 
 276      624BF6C4 
 276      6BCC0165 
 277 0ad4 F33508C7 		.ascii	"\3635\010\307y\262I\030\231\177@\353j\022Fa\250\224"
 277      79B24918 
 277      997F40EB 
 277      6A124661 
 277      A894
 278 0ae6 D879121E 		.ascii	"\330y\022\036kH\313\361\3006F}\342\301\3518\271+\352"
 278      6B48CBF1 
 278      C036467D 
 278      E2C1E938 
 278      B92BEA
ARM GAS  /tmp/ccZLBZRC.s 			page 22


 279 0af9 1837D437 		.ascii	"\0307\3247R\356\336\347\371\366\033\222@K\211\351<\011"
 279      52EEDEE7 
 279      F9F61B92 
 279      404B89E9 
 279      3C09
 280 0b0b C83EA4E6 		.ascii	"\310>\244\346v\307)>\303\206\011vB\357\263>\025.d\262"
 280      76C7293E 
 280      C3860976 
 280      42EFB33E 
 280      152E64B2 
 281 0b1f 6E9697A6 		.ascii	"n\226\227\246y\3432\006\314&<Y\363\3005\014\350\337"
 281      79E33206 
 281      CC263C59 
 281      F3C0350C 
 281      E8DF
 282 0b31 FBF4AA02 		.ascii	"\373\364\252\0027Q@\376\362\301\362\272'\331\177\363"
 282      375140FE 
 282      F2C1F2BA 
 282      27D97FF3 
 283 0b41 0D786715 		.ascii	"\015xg\025>\301\334F\216_\016\200^\007\261k\277I\342"
 283      3EC1DC46 
 283      8E5F0E80 
 283      5E07B16B 
 283      BF49E2
 284 0b54 178761DF 		.ascii	"\027\207a\337\207\311;\202N\342\227\214w@=\335\201\222"
 284      87C93B82 
 284      4EE2978C 
 284      77403DDD 
 284      8192
 285 0b66 C4319CAA 		.ascii	"\3041\234\252\306|q\006\346\373\235\230o^\313\247\316"
 285      C67C7106 
 285      E6FB9D98 
 285      6F5ECBA7 
 285      CE
 286 0b77 89D0135C 		.ascii	"\211\320\023\\\353\302\327\333\202\356\352&\336\264"
 286      EBC2D7DB 
 286      82EEEA26 
 286      DEB4
 287 0b85 7E006046 		.ascii	"~\000`F\\\343Y\025oZ\311\016q\271\253=F\213;\230\003"
 287      5CE35915 
 287      6F5AC90E 
 287      71B9AB3D 
 287      468B3B98 
 288 0b9a ECFBB76D 		.ascii	"\354\373\267m|\377\326\261\024\277.\340\033\354\345"
 288      7CFFD6B1 
 288      14BF2EE0 
 288      1BECE5
 289 0ba9 B02DFBA8 		.ascii	"\260-\373\250\2221\362\000\260\355e\332\021\301m]J\303"
 289      9231F200 
 289      B0ED65DA 
 289      11C16D5D 
 289      4AC3
 290 0bbb AC2EA562 		.ascii	"\254.\245b\032\256\324\204\302\007\222\215\320~I\235"
 290      1AAED484 
 290      C207928D 
 290      D07E499D 
 291 0bcb B4610D9B 		.ascii	"\264a\015\2330D\337\273\017G\261\243\006\311\351\313"
ARM GAS  /tmp/ccZLBZRC.s 			page 23


 291      3044DFBB 
 291      0F47B1A3 
 291      06C9E9CB 
 292 0bdb 23E04576 		.ascii	"#\340Evrx\014oe\334Y3\321\236\332\254\300}LA{Nlc91\373"
 292      72780C6F 
 292      65DC5933 
 292      D19EDAAC 
 292      C07D4C41 
 293 0bf6 FCE9B416 		.ascii	"\374\351\264\026\337g\357.t\331R\271\362J\262\310\255"
 293      DF67EF2E 
 293      74D952B9 
 293      F24AB2C8 
 293      AD
 294 0c07 0C4DB82F 		.ascii	"\014M\270/\252\231\\\371\023L\371\301s\235\203\212\315"
 294      AA995CF9 
 294      134CF9C1 
 294      739D838A 
 294      CD
 295 0c18 7BCDE398 		.ascii	"{\315\343\230\031\007\333>\242Q\246]\243\356\316\332"
 295      1907DB3E 
 295      A251A65D 
 295      A3EECEDA 
 296 0c28 516F3CC6 		.ascii	"Qo<\306\244\336;\260x\021\341\307\024PV\254t?\245\347"
 296      A4DE3BB0 
 296      7811E1C7 
 296      145056AC 
 296      743FA5E7 
 297 0c3c C01B67A5 		.ascii	"\300\033g\245-E8\203-\347`\025:\012a\314\2010:l\025"
 297      2D453883 
 297      2DE76015 
 297      3A0A61CC 
 297      81303A6C 
 298 0c51 9DE8F196 		.ascii	"\235\350\361\226\346\2548\007\3239\201\253FK\222\203"
 298      E6AC3807 
 298      D33981AB 
 298      464B9283 
 299 0c61 29C0F110 		.ascii	")\300\361\020\3255\207\347`>\344_.\214<\030\3310N\213"
 299      D53587E7 
 299      603EE45F 
 299      2E8C3C18 
 299      D9304E8B 
 300 0c75 7371F58C 		.ascii	"sq\365\214(\271\262\234\204H\232?RO\012\361q\260\"J"
 300      28B9B29C 
 300      84489A3F 
 300      524F0AF1 
 300      71B0224A 
 301 0c89 433C8132 		.ascii	"C<\20128\276\303?N}\350\031\261\021\247\\\363g\311\353"
 301      38BEC33F 
 301      4E7DE819 
 301      B111A75C 
 301      F367C9EB 
 302 0c9d B16FE0FA 		.ascii	"\261o\340\372\222\302~\302\314}P\203\213K\250\270X\250"
 302      92C27EC2 
 302      CC7D5083 
 302      8B4BA8B8 
 302      58A8
 303 0caf 0B91405E 		.ascii	"\013\221@^\004\344\254\\\310P\004\336\344\262\316\002"
ARM GAS  /tmp/ccZLBZRC.s 			page 24


 303      04E4AC5C 
 303      C85004DE 
 303      E4B2CE02 
 304 0cbf 7C8E49B3 		.ascii	"|\216I\263o?\213\\K\343G\306\3658\325J\232FR\024\227"
 304      6F3F8B5C 
 304      4BE347C6 
 304      F538D54A 
 304      9A465214 
 305 0cd4 0586EDA8 		.ascii	"\005\206\355\250\301K\202\024\375I5\216\240\256\"\363"
 305      C14B8214 
 305      FD49358E 
 305      A0AE22F3 
 306 0ce4 2F9EEBE2 		.ascii	"/\236\353\342\230\362{\261\313x\034\205:v\204r*\342"
 306      98F27BB1 
 306      CB781C85 
 306      3A768472 
 306      2AE2
 307 0cf6 F1380331 		.ascii	"\3618\0031(\206q\026F\001\214B\030\347\3041\351m\300"
 307      28867116 
 307      46018C42 
 307      18E7C431 
 307      E96DC0
 308 0d09 19CCEAA7 		.ascii	"\031\314\352\247|k \266\372\311&\265:\213\270\025\304"
 308      7C6B20B6 
 308      FAC926B5 
 308      3A8BB815 
 308      C4
 309 0d1a B387B95A 		.ascii	"\263\207\271Z\216,\020\227x\365B\342R\234\200\370\031"
 309      8E2C1097 
 309      78F542E2 
 309      529C80F8 
 309      19
 310 0d2b FE466A2E 		.ascii	"\376Fj.\247\3433,5\317\201#\240\343Ce\022G\234\0206"
 310      A7E3332C 
 310      35CF8123 
 310      A0E34365 
 310      12479C10 
 311 0d40 65C17222 		.ascii	"e\301r\"\346\347\376\320%\240\011N\340\350\0356w\262"
 311      E6E7FED0 
 311      25A0094E 
 311      E0E81D36 
 311      77B2
 312 0d52 F9388D25 		.ascii	"\3718\215%M\006\240\037\343\350\216\003\234T\007\177"
 312      4D06A01F 
 312      E3E88E03 
 312      9C54077F 
 313 0d62 C9B1F563 		.ascii	"\311\261\365c\300\230'{\2059NB\274W\012\336\252\204"
 313      C098277B 
 313      85394E42 
 313      BC570ADE 
 313      AA84
 314 0d74 5105A302 		.ascii	"Q\005\243\002\306\005\030\3250J`\234\207Q\276\341I\220"
 314      C60518D5 
 314      304A609C 
 314      8751BEE1 
 314      4990
 315 0d86 3CD4808F 		.ascii	"<\324\200\217P\337\020\237,p.\216\210\034\0266%\320"
ARM GAS  /tmp/ccZLBZRC.s 			page 25


 315      50DF109F 
 315      2C702E8E 
 315      881C1636 
 315      25D0
 316 0d98 5C1A3ECB 		.ascii	"\\\032>\313<?\002\255\344 '\260{\276X\354y\222\235\007"
 316      3C3F02AD 
 316      E42027B0 
 316      7BBE58EC 
 316      79929D07 
 317 0dac 71264B37 		.ascii	"q&K7\350\375\320\030\307v\244\333\350&\374^\033.b\334"
 317      E8FDD018 
 317      C776A4DB 
 317      E826FC5E 
 317      1B2E62DC 
 318 0dc0 EF415CFB 		.ascii	"\357A\\\373\\r\177\177\003\273%M\314\375\201\033\356"
 318      5C727F7F 
 318      03BB254D 
 318      CCFD811B 
 318      EE
 319 0dd1 A2A874A6 		.ascii	"\242\250t\246scI\343_\312\361\035\333\201bA\224\011"
 319      736349E3 
 319      5FCAF11D 
 319      DB816241 
 319      9409
 320 0de3 E8EE9592 		.ascii	"\350\356\225\222E5~\306JW\345JV\231\312\327\265\357"
 320      45357EC6 
 320      4A57E54A 
 320      5699CAD7 
 320      B5EF
 321 0df5 6BF0FFDB 		.ascii	"k\360\377\333\367\250\026\223S\337\221\326\266XO\034"
 321      F7A81693 
 321      53DF91D6 
 321      B6584F1C 
 322 0e05 A5A2222E 		.ascii	"\245\242\".\315-\234\227\3438\006$D\244\177\204\017"
 322      CD2D9C97 
 322      E3380624 
 322      44A47F84 
 322      0F
 323 0e16 D07BFCB0 		.ascii	"\320{\374\260\177\014z,\367\235P\003\227\335\010\374"
 323      7F0C7A2C 
 323      F79D5003 
 323      97DD08FC 
 324 0e26 2F8963DB 		.ascii	"/\211c\333uFq0f?\333B\223\015U=(\332\360C\323}\364\337"
 324      75467130 
 324      663FDB42 
 324      930D553D 
 324      28DAF043 
 325 0e3e 58A523C8 		.ascii	"X\245#\310u\256\221\355\336y\024\275\377\260\017>\307"
 325      75AE91ED 
 325      DE7914BD 
 325      FFB00F3E 
 325      C7
 326 0e4f B4BDF22C 		.ascii	"\264\275\362,c\236\037+O\220v\267\374IF\237\275\245"
 326      639E1F2B 
 326      4F9076B7 
 326      FC49469F 
 326      BDA5
ARM GAS  /tmp/ccZLBZRC.s 			page 26


 327 0e61 5FA64753 		.ascii	"_\246GS\317\343\027|p5\305\226gLX\027\274\354\255\004"
 327      CFE3177C 
 327      7035C596 
 327      674C5817 
 327      BCECAD04 
 328 0e75 A99867DE 		.ascii	"\251\230g\336Jfs\005\274\202.\202\334V\270\332\335\353"
 328      4A667305 
 328      BC822E82 
 328      DC56B8DA 
 328      DDEB
 329 0e87 BA8C83FF 		.ascii	"\272\214\203\377\233a\0027ar\244\300)\210\017\332\300"
 329      9B610237 
 329      6172A4C0 
 329      29880FDA 
 329      C0
 330 0e98 07ED305A 		.ascii	"\007\3550Z\304~\230\313|3\231\206\235\034\252_\341\330"
 330      C47E98CB 
 330      7C339986 
 330      9D1CAA5F 
 330      E1D8
 331 0eaa 2EBE31E4 		.ascii	".\2761\344\330\005jV\304\210\365$I\244\330\216\372M"
 331      D8056A56 
 331      C488F524 
 331      49A4D88E 
 331      FA4D
 332 0ebc 84910390 		.ascii	"\204\221\003\220\301\341\006\325\010\272\217\310\357"
 332      C1E106D5 
 332      08BA8FC8 
 332      EF
 333 0ec9 36108AFF 		.ascii	"6\020\212\3773\222\221\177\344\017\353\201\311\025\221"
 333      3392917F 
 333      E40FEB81 
 333      C91591
 334 0ed8 7BC47FE0 		.ascii	"{\304\177\340A?\210|8\236\214\377j\301\376\214]\354"
 334      413F887C 
 334      389E8CFF 
 334      6AC1FE8C 
 334      5DEC
 335 0eea 7FD83381 		.ascii	"\177\3303\201s!R([F\303\270SP\304\232\275G\374\275\235"
 335      73215228 
 335      5B46C3B8 
 335      5350C49A 
 335      BD47FCBD 
 336 0eff 0923605A 		.ascii	"\011#`Z9\010\371#\201\213\023S '\215\035\014e\033L\355"
 336      3908F923 
 336      818B1353 
 336      20278D1D 
 336      0C651B4C 
 337 0f14 1F7E0F2E 		.ascii	"\037~\017.Y\357\271\334\246\032E\303\021\340\317\356"
 337      59EFB9DC 
 337      A61A45C3 
 337      11E0CFEE 
 338 0f24 85F82F7F 		.ascii	"\205\370/\177\211\264Io\313Xc\034\233\375\\\205\007"
 338      89B4496F 
 338      CB58631C 
 338      9BFD5C85 
 338      07
ARM GAS  /tmp/ccZLBZRC.s 			page 27


 339 0f35 59DE9C3B 		.ascii	"Y\336\234;\373\242D-\007\213\310\027\230\341r\362\250"
 339      FBA2442D 
 339      078BC817 
 339      98E172F2 
 339      A8
 340 0f46 79B92EC7 		.ascii	"y\271.\307\371\314y\301\351\373\357\316\214+\027\005"
 340      F9CC79C1 
 340      E9FBEFCE 
 340      8C2B1705 
 341 0f56 710BD529 		.ascii	"q\013\325)\311\325.\314\267\232{\243b\243\345T\004<"
 341      C9D52ECC 
 341      B79A7BA3 
 341      62A3E554 
 341      043C
 342 0f68 42D73115 		.ascii	"B\3271\025\022{%\251\326\233\345+\351\353\354?\366\330"
 342      127B25A9 
 342      D69BE52B 
 342      E9EBEC3F 
 342      F6D8
 343 0f7a C67EEC51 		.ascii	"\306~\354Q\325\221\274\240\371\311\021\232kQ\326-\002"
 343      D591BCA0 
 343      F9C9119A 
 343      6B51D62D 
 343      02
 344 0f8b 0A7A1DDD 		.ascii	"\012z\035\335\204d\273AW\213[\370'2\324\015|\330Wru"
 344      8464BB41 
 344      578B5BF8 
 344      2732D40D 
 344      7CD85772 
 345 0fa0 1D233E3F 		.ascii	"\035#>?=i\035\036\2666\216\327)\3667MZ\255j9AB\327 "
 345      3D691D1E 
 345      B6368ED7 
 345      29F6374D 
 345      5AAD6A39 
 346 0fb8 D1B8BEE4 		.ascii	"\321\270\276\344^\206:\360(BW\361\010qb\017\376)PO\334"
 346      5E863AF0 
 346      284257F1 
 346      0871620F 
 346      FE29504F 
 347 0fcd 683D8E71 		.ascii	"h=\216q\036;JX\272t\274\233\354\002\225\354X\324\203"
 347      1E3B4A58 
 347      BA74BC9B 
 347      EC0295EC 
 347      58D483
 348 0fe0 EE125B7F 		.ascii	"\356\022[\177\315\236\020e\366\220\315\362\201[\003"
 348      CD9E1065 
 348      F690CDF2 
 348      815B03
 349 0fef 4A5CCA28 		.ascii	"J\\\312(Vm/K\275Dm\233\350\300\245\017S"
 349      566D2F4B 
 349      BD446D9B 
 349      E8C0A50F 
 349      53
 350 1000 323225EE 		.ascii	"22%\356\200\352\275\254u[\231,\271\254\242\316\350\307"
 350      80EABDAC 
 350      755B992C 
 350      B9ACA2CE 
ARM GAS  /tmp/ccZLBZRC.s 			page 28


 350      E8C7
 351 1012 6AEEF099 		.ascii	"j\356\360\231\230\236'Z\267\326\016\020k\357\332\255"
 351      989E275A 
 351      B7D60E10 
 351      6BEFDAAD 
 352 1022 8DD8FBA8 		.ascii	"\215\330\373\250IC\254\205i\262\336\251\230\216\213"
 352      4943AC85 
 352      69B2DEA9 
 352      988E8B
 353 1031 4DB06621 		.ascii	"M\260f!\212\205n\213\314\205{\226\021\367\250\231Y\263"
 353      8A856E8B 
 353      CC857B96 
 353      11F7A899 
 353      59B3
 354 1043 19DDDE78 		.ascii	"\031\335\336x\234)}\2652\345\2427\325\201\036\007\220"
 354      9C297DB5 
 354      32E5A237 
 354      D5811E07 
 354      90
 355 1054 53A498D2 		.ascii	"S\244\230\322D\2649\3442t\037\213\343m+\256.\363\306"
 355      44B439E4 
 355      32741F8B 
 355      E36D2BAE 
 355      2EF3C6
 356 1067 8F198FC9 		.ascii	"\217\031\217\311\336\242~\347\015\3520h %j\311K\361"
 356      DEA27EE7 
 356      0DEA3068 
 356      20256AC9 
 356      4BF1
 357 1079 13E7C888 		.ascii	"\023\347\310\210ty\260\347Hr\304b\256\007U\011\036\241"
 357      7479B0E7 
 357      4872C462 
 357      AE075509 
 357      1EA1
 358 108b 2196236B 		.ascii	"!\226#k\347\357\266 \261_`{\350\360\313C\342\227\007"
 358      E7EFB620 
 358      B15F607B 
 358      E8F0CB43 
 358      E29707
 359 109e 76BFCC5E 		.ascii	"v\277\314^\353\030\020\270_\346'\024\023\235\261\215"
 359      EB1810B8 
 359      5FE62714 
 359      139DB18D 
 360 10ae 9F511C34 		.ascii	"\237Q\0344(\362\312\240\335+\217\250Wf\017\331\216i"
 360      28F2CAA0 
 360      DD2B8FA8 
 360      57660FD9 
 360      8E69
 361 10c0 71B517AB 		.ascii	"q\265\027\253\367c\255]>\270\216\001\231\345U\211\202"
 361      F763AD5D 
 361      3EB88E01 
 361      99E55589 
 361      82
 362 10d1 AFEB6237 		.ascii	"\257\353b7\356\276\330\021KF\026\177\365\263\323T\017"
 362      EEBED811 
 362      4B46167F 
 362      F5B3D354 
ARM GAS  /tmp/ccZLBZRC.s 			page 29


 362      0F
 363 10e2 28FEF7F2 		.ascii	"(\376\367\362:\254\326,\015\232\000\3741\246\310\006"
 363      3AACD62C 
 363      0D9A00FC 
 363      31A6C806 
 364 10f2 23197942 		.ascii	"#\031yB\224\231\304?#\204\231-'%_dOH\\5E]E.\200\373"
 364      9499C43F 
 364      2384992D 
 364      27255F64 
 364      4F485C35 
 365 110c 74E876A2 		.ascii	"t\350v\242Vr\312\003\206:p\247\031\3564\305}6d\253P"
 365      5672CA03 
 365      863A70A7 
 365      19EE34C5 
 365      7D3664AB 
 366 1121 8871CF49 		.ascii	"\210q\317Iv\3273\014w\206\342\036\350\253\220\034\014"
 366      76D7330C 
 366      7786E21E 
 366      E8AB901C 
 366      0C
 367 1132 24422BE4 		.ascii	"$B+\344@\235e\250\263\0245ed\345\254\344p:E\202;\307"
 367      409D65A8 
 367      B3143565 
 367      64E5ACE4 
 367      703A4582 
 368 1148 70E7286E 		.ascii	"p\347(n\311\225\311\343\022\323\006$\352\3163\334y\212"
 368      C995C9E3 
 368      12D30624 
 368      EACE33DC 
 368      798A
 369 115a 3B7D6831 		.ascii	";}h1V\362m\264\3647\005\217\031.\271\370\206\206\207"
 369      56F26DB4 
 369      F437058F 
 369      192EB9F8 
 369      868687
 370 116d 7C62B27C 		.ascii	"|b\262|l\0145\207\207\350M\346?\350wY>\364\0132\206"
 370      6C0C3587 
 370      87E84DE6 
 370      3FE87759 
 370      3EF40B32 
 371 1182 E8FDC20C 		.ascii	"\350\375\302\014\026\277\217>\377\235\337G\1774\374"
 371      16BF8F3E 
 371      FF9DDF47 
 371      7F34FC
 372 1191 C9F8CE47 		.ascii	"\311\370\316Gaaf\277\020C``\260\376;\235I\357\027\376"
 372      616166BF 
 372      10436060 
 372      B0FE3B9D 
 372      49EF17FE 
 373 11a5 A72FFCCC 		.ascii	"\247/\374\314\246\000\277p\223\305?Do6\353v\353w\006"
 373      A600BF70 
 373      93C53F44 
 373      6F36EB76 
 373      EB7706
 374 11b8 78FED77F 		.ascii	"x\376\327\177\177\371\366\307\037~(S\232\015\177\327"
 374      7FF9F6C7 
 374      1F7E2853 
ARM GAS  /tmp/ccZLBZRC.s 			page 30


 374      9A0D7FD7 
 375 11c8 FB5BE4E4 		.ascii	"\373[\344\344\342\021\246\373>\330\250\013\224[\014"
 375      E211A6FB 
 375      3ED8A80B 
 375      945B0C
 376 11d7 217A6F9D 		.ascii	"!zo\235\321\354On\314\026]H\230g\270!\324\362\357\037"
 376      D1EC4F6E 
 376      CC165D48 
 376      9867B821 
 376      D4F2EF1F 
 377 11eb F85BFE79 		.ascii	"\370[\376y\347N?\370\037`\004\316\206\320\000?;\326"
 377      E74E3FF8 
 377      1F6004CE 
 377      86D0003F 
 377      3BD6
 378 11fd CE209986 		.ascii	"\316 \231\206H0\232\277\000\310\337\"\030\002}D\022"
 378      48309ABF 
 378      00C8DF22 
 378      18027D44 
 378      12
 379 120e 0D812023 		.ascii	"\015\201 #T\277\307\342%z\250\0123\031w\031\202\015"
 379      54BFC7E2 
 379      257AA80A 
 379      33197719 
 379      820D
 380 1220 A1BB35E1 		.ascii	"\241\2735\341\026\270\376]g1\200y\257\023\224\215W\001"
 380      16B8FE5D 
 380      67318079 
 380      AF13948D 
 380      5701
 381 1232 C6F0508B 		.ascii	"\306\360P\213\336\344o\371'\021\245\343u\240\316\242"
 381      DEE46FF9 
 381      2711A5E3 
 381      75A0CEA2 
 382 1242 DB02AE91 		.ascii	"\333\002\256\221\370\345\267?\326/\304\002\261_\202"
 382      F8E5B73F 
 382      D62FC402 
 382      B15F82
 383 1251 64DBDD4A 		.ascii	"d\333\335J\361\267x\213\337Y\360\267!\026\357\217\214"
 383      F1B7788B 
 383      DF59F0B7 
 383      2116EF8F 
 383      8C
 384 1262 E64F3FB7 		.ascii	"\346O?\267\230\364\272\220\377\371\343\027^\304\031"
 384      98F4BA90 
 384      FFF9E317 
 384      5EC419
 385 1271 4633053D 		.ascii	"F3\005=\002\202t\241\241\372`\352F\203\221C\032\300"
 385      028274A1 
 385      A1FA60EA 
 385      46839143 
 385      1AC0
 386 1283 FFFDA71F 		.ascii	"\377\375\247\0373\340-\027\2564pr\320D\355\340-\007"
 386      33E02D17 
 386      AE347072 
 386      D044EDE0 
 386      2D07
ARM GAS  /tmp/ccZLBZRC.s 			page 31


 387 1295 7293F2EB 		.ascii	"r\223\362\353\360]\273\364&%Cx\015\336~\036\244\017"
 387      F05DBBF4 
 387      26254378 
 387      0DDE7E1E 
 387      A40F
 388 12a7 0EDE90AE 		.ascii	"\016\336\220\256\005z3y\302\020\266\020v\024\346\262"
 388      057A3379 
 388      C210B610 
 388      7614E6B2 
 389 12b7 7DEC145C 		.ascii	"}\354\024\\\374v\027\342)>\310\326J\271+\365\337\352"
 389      FC7617E2 
 389      293EC8D6 
 389      4AB92BF5 
 389      DFEA
 390 12c9 432D66B5 		.ascii	"C-f\265\321\374\007\203\331\242\017\325\233\024\273"
 390      D1FC0783 
 390      D9A20FD5 
 390      9B14BB
 391 12d8 8275BBCD 		.ascii	"\202u\273\315\032\372\234\336\372[\274(\020\2423\177"
 391      1AFA9CDE 
 391      FA5BBC28 
 391      10A2337F 
 392 12e8 E36FF10C 		.ascii	"\343o\361\014\346x\252\200 \177K\020\360\010\364d\027"
 392      E678AA80 
 392      207F4B10 
 392      F008F464 
 392      17
 393 12f9 7F8B96E2 		.ascii	"\177\213\226\342\371\3331\266HA\177\213\362;\312p'S"
 393      F9DB31B6 
 393      48417F8B 
 393      F23BCA70 
 393      2753
 394 130b EF1BBD09 		.ascii	"\357\033\275\011t\365\3738\310\360\265\341\323\317\375"
 394      74F5FB38 
 394      C8F0B5E1 
 394      D3CFFD
 395 131a 8C663F93 		.ascii	"\214f?\223\205\250\033\034\036\250\367\013\010b\212"
 395      85A81B1C 
 395      1EA8F70B 
 395      08628A
 396 1329 81C64AB3 		.ascii	"\201\306J\2631\334\024\240g\032\3713@+\006\200q\200"
 396      31DC14A0 
 396      671AF933 
 396      402B0680 
 396      7180
 397 133b 31749761 		.ascii	"1t\227a\367k\016\307P\330\337\242\200\024\267\350\265"
 397      F76B0EC7 
 397      50D8DFA2 
 397      8014B7E8 
 397      B5
 398 134c 1BCF29B8 		.ascii	"\033\317)\270E\012\0029dCH\030d\261.D\257\342\306|\247"
 398      450A0239 
 398      64434818 
 398      64B12E44 
 398      AFE2C67C 
 399 1361 539B2DDF 		.ascii	"S\233-\337\350\202\015\273C\375-\252\015\012\2251Lo"
 399      E8820DBB 
ARM GAS  /tmp/ccZLBZRC.s 			page 32


 399      43FD2DAA 
 399      0D0A9531 
 399      4C6F
 400 1373 A2C9EC41 		.ascii	"\242\311\354A\346\315o\374-j\375\036}\000a\024nV\232"
 400      E6CD6FFC 
 400      2D6AFD1E 
 400      7D006114 
 400      6E569A
 401 1386 F4966F75 		.ascii	"\364\226ou\301\036\001\306\220\020]h\240(N\354\301\326"
 401      C11E01C6 
 401      90105D68 
 401      A0284EEC 
 401      C1D6
 402 1398 CD0F803A 		.ascii	"\315\017\200:X\007\264\001\204\241\317\306[\006\277"
 402      5807B401 
 402      84A1CFC6 
 402      5B06BF
 403 13a7 B609F6B7 		.ascii	"\266\011\366\267x\004\201+\215\246\357\225\372@\203"
 403      7804812B 
 403      8DA6EF95 
 403      FA4083
 404 13b6 451FE869 		.ascii	"E\037\350i\326\007\353\003\340\306# \334d\002\177(\014"
 404      D607EB03 
 404      E0C62320 
 404      DC64027F 
 404      280C
 405 13c8 A161E116 		.ascii	"\241a\341\026\245\316\264\033\022Ji\326\377-X\037J."
 405      A5CEB41B 
 405      124A69D6 
 405      FF2D581F 
 405      4A2E
 406 13da 00A900C5 		.ascii	"\000\251\000\305l4\205\031\315Jx\270\333\022\344\265"
 406      6C348519 
 406      CD4A78B8 
 406      DB12E4B5 
 407 13ea C19D7889 		.ascii	"\301\235x\211\\\005\243Y\276;\314`|\323U\366|\0171\244"
 407      5C05A359 
 407      BE3BCC60 
 407      7CD355F6 
 407      7C0F31A4 
 408 13fe A9EB803C 		.ascii	"\251\353\200<\355\031-| \323\350L!\337\376Z\377N\310"
 408      ED192D7C 
 408      20D3E84C 
 408      21DFFE5A 
 408      FF4EC8
 409 1411 2F7785C9 		.ascii	"/w\205\311\324@j\321\357y'\344\003\231\026\346\325\037"
 409      D4406AD1 
 409      EF7927E4 
 409      039916E6 
 409      D51F
 410 1423 D9B4FA7D 		.ascii	"\331\264\372}\250\341\307\317^\247\252&\203t\373\"("
 410      A8E1C7CF 
 410      5EA7AA26 
 410      8374FB22 
 410      28
 411 1434 F0777B0C 		.ascii	"\360w{\014\026E\210\031\"\353\367\243\222\210\005\223"
 411      16458819 
ARM GAS  /tmp/ccZLBZRC.s 			page 33


 411      22EBF7A3 
 411      92880593 
 412 1444 64916740 		.ascii	"d\221g@P\230\011\"\266k\333\177\352\314\372\317\365"
 412      50980922 
 412      B66BDB7F 
 412      EACCFACF 
 412      F5
 413 1455 7F0B0787 		.ascii	"\177\013\007\207\031t|\032\274\357\216[\220.\330/\330"
 413      19747C1A 
 413      BCEF8E5B 
 413      902ED82F 
 413      D8
 414 1466 F0B51FB3 		.ascii	"\360\265\037\263\324\354g\347\002\0341\270B\343p\207"
 414      D4EC67E7 
 414      021C31B8 
 414      42E37087 
 415 1476 BFE57F01 		.ascii	"\277\345\177\001v\034\023?"
 415      761C133F 
 416              		.text
 417              		.section	.gnu.lto_.symtab.2222648f1230e9f3,"e",%progbits
 418 0000 7572744D 		.ascii	"urtMessageInit\000"
 418      65737361 
 418      6765496E 
 418      697400
 419 000f 00       		.ascii	"\000"
 420 0010 00       		.ascii	"\000"
 421 0011 00       		.ascii	"\000"
 422 0012 00000000 		.ascii	"\000\000\000\000\000\000\000\000"
 422      00000000 
 423 001a D4010000 		.ascii	"\324\001\000\000"
 424 001e 616F7300 		.ascii	"aos\000"
 425 0022 00       		.ascii	"\000"
 426 0023 02       		.ascii	"\002"
 427 0024 00       		.ascii	"\000"
 428 0025 00000000 		.ascii	"\000\000\000\000\000\000\000\000"
 428      00000000 
 429 002d E9010000 		.ascii	"\351\001\000\000"
 430 0031 63685468 		.ascii	"chThdExit\000"
 430      64457869 
 430      7400
 431 003b 00       		.ascii	"\000"
 432 003c 02       		.ascii	"\002"
 433 003d 00       		.ascii	"\000"
 434 003e 00000000 		.ascii	"\000\000\000\000\000\000\000\000"
 434      00000000 
 435 0046 DC010000 		.ascii	"\334\001\000\000"
 436 004a 63687072 		.ascii	"chprintf\000"
 436      696E7466 
 436      00
 437 0053 00       		.ascii	"\000"
 438 0054 02       		.ascii	"\002"
 439 0055 00       		.ascii	"\000"
 440 0056 00000000 		.ascii	"\000\000\000\000\000\000\000\000"
 440      00000000 
 441 005e E5010000 		.ascii	"\345\001\000\000"
 442              		.text
 443              		.section	.gnu.lto_.opts,"e",%progbits
ARM GAS  /tmp/ccZLBZRC.s 			page 34


 444 0000 272D666E 		.ascii	"'-fno-openmp' '-fno-openacc' '-fno-pie' '-mcpu=cort"
 444      6F2D6F70 
 444      656E6D70 
 444      2720272D 
 444      666E6F2D 
 445 0033 65782D6D 		.ascii	"ex-m4' '-mthumb' '-mfloat-abi=softfp' '-mfpu=fpv4-s"
 445      34272027 
 445      2D6D7468 
 445      756D6227 
 445      20272D6D 
 446 0066 702D6431 		.ascii	"p-d16' '-march=armv7e-m+fp' '-O2' '-fstack-usage' '"
 446      36272027 
 446      2D6D6172 
 446      63683D61 
 446      726D7637 
 447 0099 2D666675 		.ascii	"-ffunction-sections' '-fdata-sections' '-fno-common"
 447      6E637469 
 447      6F6E2D73 
 447      65637469 
 447      6F6E7327 
 448 00cc 2720272D 		.ascii	"' '-flto' '-fshort-enums'\000"
 448      666C746F 
 448      2720272D 
 448      6673686F 
 448      72742D65 
 449              		.text
 450              		.comm	__gnu_lto_v1,1,1
 451              		.comm	__gnu_lto_slim,1,1
 452              		.ident	"GCC: (GNU Arm Embedded Toolchain 9-2020-q2-update) 9.3.1 20200408 (release)"
ARM GAS  /tmp/ccZLBZRC.s 			page 35


DEFINED SYMBOLS
                            *ABS*:0000000000000000 urt_message.c
                            *COM*:0000000000000001 __gnu_lto_v1
                            *COM*:0000000000000001 __gnu_lto_slim

NO UNDEFINED SYMBOLS
