ARM GAS  /tmp/ccSdqleG.s 			page 1


   1              		.cpu cortex-m3
   2              		.eabi_attribute 20, 1
   3              		.eabi_attribute 21, 1
   4              		.eabi_attribute 23, 3
   5              		.eabi_attribute 24, 1
   6              		.eabi_attribute 25, 1
   7              		.eabi_attribute 26, 1
   8              		.eabi_attribute 30, 2
   9              		.eabi_attribute 34, 1
  10              		.eabi_attribute 18, 4
  11              		.file	"hal_pal.c"
  12              		.section	.gnu.lto_.profile.cb73554426616fd4,"e",%progbits
  13 0000 789CE360 		.ascii	"x\234\343``\004B \000\000\000]\000\013"
  13      60044220 
  13      0000005D 
  13      000B
  14              		.text
  15              		.section	.gnu.lto_.icf.cb73554426616fd4,"e",%progbits
  16 0000 789CE360 		.ascii	"x\234\343``d0b@\000\016\206\256\323\247\257\3612\316"
  16      60643062 
  16      40000E86 
  16      AED3A7AF 
  16      F132CE
  17 0013 7EB4E21A 		.ascii	"~\264\342\032\017\323\245?\255\347\331\231\317O\371"
  17      0FD3A53F 
  17      ADE7D999 
  17      CF4FF9
  18 0022 D0CEC8F2 		.ascii	"\320\316\310\362p\335\265\357\274\254G\017N\276\312"
  18      70DDB5EF 
  18      BCAC470F 
  18      4EBECA
  19 0031 CEF671F3 		.ascii	"\316\366q\363\212\313l\034\223>>8\312\311\000\000\203"
  19      8ACB6C1C 
  19      933E3E38 
  19      CAC90000 
  19      83
  20 0042 4B1923   		.ascii	"K\031#"
  21              		.text
  22              		.section	.gnu.lto_.jmpfuncs.cb73554426616fd4,"e",%progbits
  23 0000 789CBD91 		.ascii	"x\234\275\221\261\012\0021\020Dg\262\27136\372\001\367"
  23      B10A0231 
  23      104467B2 
  23      B93336FA 
  23      01F7
  24 0012 AF5AD8CA 		.ascii	"\257Z\330\312\265\226)\374\013\025\261\263\260\261\260"
  24      B59629FC 
  24      0B15B1B3 
  24      B0B1B0
  25 0021 B6BF42EE 		.ascii	"\266\277B\356\007\204\270\213\334\035\206\023\254\014"
  25      0784B88B 
  25      DC1D8613 
  25      AC0C
  26 002f 0C24B3B3 		.ascii	"\014$\263\263\273\017\022@4D\177\012\220\\F\201\223"
  26      BB0F1240 
  26      34447F0A 
  26      905C4681 
  26      93
ARM GAS  /tmp/ccSdqleG.s 			page 2


  27 0040 AD003C79 		.ascii	"\255\000<yB\365L)\315)\033a\275j\357\241\226($\270c"
  27      42F54C29 
  27      CD291B61 
  27      BD6AEFA1 
  27      962824B8 
  28 0055 65F24390 		.ascii	"e\362C\220t\032:\267\217\033-\3444\264g\245\326q}\275"
  28      741A3AB7 
  28      8F1B2DE4 
  28      34B467A5 
  28      D6717DBD 
  29 0069 C8DB220F 		.ascii	"\310\333\"\017\254\234\371}\033\3609\303\212c)\247\335"
  29      AC9CF97D 
  29      1BF039C3 
  29      8A6329A7 
  29      DD
  30 007a 62782A31 		.ascii	"bx*1D\346\210\343L\337\346\375\230\352\2662\212/\207"
  30      44E688E3 
  30      4CDFE6FD 
  30      98EAB632 
  30      8A2F87
  31 008d 96642B91 		.ascii	"\226d+\221\277\375\202\271e\244\356\037\244\245U9C\224"
  31      BFFD82B9 
  31      65A4EE1F 
  31      A4A55539 
  31      4394
  32 009f 42794BD5 		.ascii	"ByK\325D\025\202\376\026\3556\355\034\274\000\307\252"
  32      441582FE 
  32      16ED36ED 
  32      1CBC00C7 
  32      AA
  33 00b0 67D6     		.ascii	"g\326"
  34              		.text
  35              		.section	.gnu.lto_.inline.cb73554426616fd4,"e",%progbits
  36 0000 789C958F 		.ascii	"x\234\225\217=\012\002A\014\205\337$3\313\212\010\253"
  36      3D0A0241 
  36      0C85DF24 
  36      33CB8A08 
  36      AB
  37 0011 60EF513C 		.ascii	"`\357Q<\301\336A\334\237k\2147\330Z,\004\033{[\213\005"
  37      C1DE41DC 
  37      9F6B8C37 
  37      D85A2C04 
  37      1B7B5B8B 
  38 0026 5B1B4B5B 		.ascii	"[\033K[\013\033k{\223\321\365\007T\330\014<\336\220"
  38      0B1B6B7B 
  38      93D1F507 
  38      54D80C3C 
  38      DE90
  39 0038 F0BE2486 		.ascii	"\360\276$\206\301\332\340Y\016Hv\227\325\221\013C\030"
  39      C1DAE059 
  39      0E487697 
  39      D5910B43 
  39      18
  40 0049 694384C7 		.ascii	"iC\204\307\256\343\275_R\016\250\2519#\020\254XO\031"
  40      AEE3BD5F 
  40      520EA8A9 
  40      392310AC 
ARM GAS  /tmp/ccSdqleG.s 			page 3


  40      584F19
  41 005c 2CCC7C73 		.ascii	",\314|s\336\363\204\020\023\334L'3\304\032G]\221G<U"
  41      DEF38410 
  41      13DC4C27 
  41      33C41A47 
  41      5D91473C 
  42 0071 E9CB1086 		.ascii	"\351\313\020\206\247\353aK\245\3417\214Q\033\365%\266"
  42      A7EB614B 
  42      A5E1378C 
  42      511BF525 
  42      B6
  43 0082 A2A2158B 		.ascii	"\242\242\025\213B\177\212\344/\325b \324\005\227\237"
  43      427F8AE4 
  43      2FD56220 
  43      D405979F 
  44 0092 C739E548 		.ascii	"\3079\345HL\313\343lO\204\253T\337Od\004\027\222r\003"
  44      4CCBE36C 
  44      4F84AB54 
  44      DF4F6404 
  44      17927203 
  45 00a6 6A3211DD 		.ascii	"j2\021\335\215r\244\342\360\257e\304\204\255\370\333"
  45      8D72A4E2 
  45      F0AF65C4 
  45      84ADF8DB 
  46 00b6 5C73A055 		.ascii	"\\s\240U0p\003\3722S\006"
  46      307003FA 
  46      325306
  47              		.text
  48              		.section	.gnu.lto_.pureconst.cb73554426616fd4,"e",%progbits
  49 0000 789CE360 		.ascii	"x\234\343``d\020````e\230\305\3024\213\205e&\013\333"
  49      60641060 
  49      60606065 
  49      98C5C234 
  49      8B856526 
  50 0016 2C168E59 		.ascii	",\026\216Y,\000\033\212\003H"
  50      2C001B8A 
  50      0348
  51              		.text
  52              		.section	.gnu.lto_palReadBus.cb73554426616fd4,"e",%progbits
  53 0000 789C9553 		.ascii	"x\234\225S\315KTQ\024\277\347\235\367\336\274\031\237"
  53      CD4B5451 
  53      14BFE79D 
  53      F7DEBC19 
  53      9F
  54 0011 A3630581 		.ascii	"\243c\005\201\033\027\201\030\344\270m\027\010-k\321"
  54      1B178118 
  54      E4B86D17 
  54      082D6BD1 
  55 0021 1F102A82 		.ascii	"\037\020*\202\222T(\255\2753\216\271\360\243\210R\247"
  55      925428AD 
  55      BD338EB9 
  55      F0A38852 
  55      A7
  56 0032 185F300D 		.ascii	"\030_0\015\272\262D!\362\253I3\363+?\222\240\010\243"
  56      BAB24421 
  56      F2AB4933 
  56      F32B3F92 
ARM GAS  /tmp/ccSdqleG.s 			page 4


  56      A008A3
  57 0045 202BB384 		.ascii	" +\263\204r\321B\264s\356{\332$n|\314\234w\317\271\347"
  57      72D142B4 
  57      73EE7BDA 
  57      246E7CCC 
  57      9C77CFB9 
  58 005a FCEEF9FD 		.ascii	"\374\356\371\375\356y\226\000q_\027\242D\010q\216\376"
  58      EE799600 
  58      715F17A2 
  58      4408718E 
  58      FE
  59 006b 600AD0A4 		.ascii	"`\012\320\244\224g|\021K\323\364\271x\277\251\313\000"
  59      94677C11 
  59      4BD3F4B9 
  59      78BFA9CB 
  59      00
  60 007c F6AFCE9E 		.ascii	"\366\257\316\236\326\245\215{\021\303\213\350`x\331"
  60      D6A58D7B 
  60      11C38BE8 
  60      6078D9
  61 008b 06805A49 		.ascii	"\006\200ZI\013D\275\206\272\001\365p\003;\020V\242\211"
  61      0B44BD86 
  61      BA01F570 
  61      033B1056 
  61      A289
  62 009d 3F761B3A 		.ascii	"?v\033:(@'\367\366\364\300T\200]\200\002rco\272\236"
  62      284027F7 
  62      F6F4C054 
  62      805D8002 
  62      72636FBA 
  63 00b2 E845DD52 		.ascii	"\350E\335RFe\272\343\226\3315\260 \375\016j\"N\351C"
  63      4665BAE3 
  63      96D935B0 
  63      20FD0E6A 
  63      224EE943 
  64 00c6 900F8390 		.ascii	"\220\017\203\220/\370\201a(\242\364\306\305\216\353"
  64      2FF88161 
  64      28A2F4C6 
  64      C58EEB
  65 00d5 88A740D0 		.ascii	"\210\247@\320\272\241\253\275'\2530\245J7\037\240<\341"
  65      BAA1ABBD 
  65      27AB30A5 
  65      4A371FA0 
  65      3CE1
  66 00e7 20C208E0 		.ascii	" \302\010\340\177\245\024\243\342Q(\024\\\362\251o\373"
  66      7FA514A3 
  66      E2512814 
  66      5CF2A96F 
  66      FB
  67 00f8 4EB6A933 		.ascii	"N\266\2513:c>e\272\364N\242x\270d\244\345\366N\223L"
  67      3A633E65 
  67      BAF44EA2 
  67      78B864A4 
  67      E5F64E93 
  68 010d BF4F41E2 		.ascii	"\277OA\342l\036P\245\256\2211\220\215N\30648f\262\353"
  68      6C1E50A5 
  68      AE913190 
ARM GAS  /tmp/ccSdqleG.s 			page 5


  68      8D4EC634 
  68      3866B2EB 
  69 0121 636391F1 		.ascii	"cc\221\361\371\311X\001\336\315\342\225\315&\010|`H"
  69      F9C95801 
  69      DECDE295 
  69      CD26087C 
  69      6048
  70 0133 300FD18C 		.ascii	"0\017\321\214\202t\221:\310\264\020-\250\271N\204\234"
  70      8274913A 
  70      C8B4102D 
  70      A8B94E84 
  70      9C
  71 0144 3568186D 		.ascii	"5h\030m\032\351\263\271\215\004B\002\203\324a[\303\306"
  71      1AE9B3B9 
  71      8D044202 
  71      83D4615B 
  71      C3C6
  72 0156 8AC5F220 		.ascii	"\212\305\362 \010H\023\2035\210n5\201\233\243Q\232X"
  72      08481383 
  72      35886E35 
  72      819BA351 
  72      9A58
  73 0168 87C602D7 		.ascii	"\207\306\002\327eu\2076G\326\3741\210F\216;\350\217"
  73      65758736 
  73      47D6FC31 
  73      88468E3B 
  73      E88F
  74 017a 23B37906 		.ascii	"#\263y\0061\020\224L\273\223\033?\226\201\321\014B\033"
  74      3110944C 
  74      BB931B3F 
  74      9681D10C 
  74      421B
  75 018c 837C0703 		.ascii	"\203|\007\003\3423\304\276\226z\000\034S\362\266 \336"
  75      E233C4BE 
  75      967A001C 
  75      53F2B620 
  75      DE
  76 019d A52B456E 		.ascii	"\245+En\014\351\310a\277\233\3017\226~\367\350m0\005"
  76      0CE9C861 
  76      BF9BC137 
  76      967EF7E8 
  76      6D3005
  77 01b0 C908755E 		.ascii	"\311\010u^\340`\0265\252:cA{\037w\317g\227\364\312\233"
  77      E0601635 
  77      AA3A6341 
  77      7B1F77CF 
  77      6797F4CA 
  78 01c5 6ACB8671 		.ascii	"j\313\206qHA\247+\356s(a\212\203\273\315\033.ZR\316"
  78      4841A72B 
  78      EE732861 
  78      8A83BBCD 
  78      1B2E5A52 
  79 01da 749ADC92 		.ascii	"t\232\334\222\01590\261\217 \247e\020\364\035L\360\205"
  79      0D3930B1 
  79      8F20A765 
  79      10F41D4C 
  79      F085
ARM GAS  /tmp/ccSdqleG.s 			page 6


  80 01ec 4BD03C80 		.ascii	"K\320<\200\221/\203\221>\376=\371Q0#}\035b\012\222["
  80      912F8391 
  80      3EFE3DF9 
  80      5130237D 
  80      1D620A92 
  81 0201 4EF4CCEE 		.ascii	"N\364\314\356(@\313\301\3548_\021L2`\246\370A\345f\036"
  81      2840CBC1 
  81      EC385F11 
  81      4C3260A6 
  81      F841E566 
  82 0216 1D4C322B 		.ascii	"\035L2+\012~\220\277\346\002\254F\256\20390E\225\360"
  82      0A7E90BF 
  82      E602AC46 
  82      AE833930 
  82      4595F0
  83 0229 D213E3F7 		.ascii	"\322\023\343\367\227\211Q\213\363;\225\032A\230&5\334"
  83      9789518B 
  83      F33B951A 
  83      41982635 
  83      DC
  84 023a 219BA13C 		.ascii	"!\233\241<\007sU_F\346\010D\207\277\265\216\233n\363"
  84      0773555F 
  84      46E60844 
  84      87BFB58E 
  84      9B6EF3
  85 024d D6A1C40E 		.ascii	"\326\241\304\016\301\254\022\033X\3549%\366\330\356"
  85      C1AC121B 
  85      58EC3925 
  85      F6D8EE
  86 025c B5F933C9 		.ascii	"\265\3713\311\344)2\373\200\217\320q\360\312\003N\264"
  86      E42932FB 
  86      808FD071 
  86      F0CA034E 
  86      B4
  87 026d DE5B4502 		.ascii	"\336[E\002\216Ex\353(\314+`\215\201\027\024\360\336"
  87      8E4578EB 
  87      28CC2B60 
  87      8D811714 
  87      F0DE
  88 027f 3C040E39 		.ascii	"<\004\0169\017\213\377\346a\311\235\207\255\353\336"
  88      0F8BFFE6 
  88      61C99D87 
  88      ADEBDE
  89 028e 5D539D9F 		.ascii	"]S\235\237\0003\321\355C\241\037\203\327\012\235\341"
  89      0033D1ED 
  89      43A11F83 
  89      D70A9DE1 
  90 029e 61D9456F 		.ascii	"a\331Eo\337\235\244\220:\300\026?!\352\015S\210\273"
  90      DF9DA490 
  90      3AC0163F 
  90      21EA0D53 
  90      88BB
  91 02b0 6846D8A1 		.ascii	"hF\330\241\007\325\327(\304\311\342\3420\375.U\326^"
  91      07D5D728 
  91      C4C9E2E2 
  91      30FD2E55 
  91      D65E
ARM GAS  /tmp/ccSdqleG.s 			page 7


  92 02c2 AEAC0997 		.ascii	"\256\254\011\227VU\227W\237\277\020\276R\027\256*\253"
  92      56559757 
  92      9FBF10BE 
  92      5217AE2A 
  92      AB
  93 02d3 09D7D556 		.ascii	"\011\327\325V\360\373\342\325\262\232\342\012\201\345"
  93      F0FBE2D5 
  93      B29AE20A 
  93      81E5
  94 02e1 D7EAFE02 		.ascii	"\327\352\376\002\276\313\200\320"
  94      BECB80D0 
  95              		.text
  96              		.section	.gnu.lto_palWriteBus.cb73554426616fd4,"e",%progbits
  97 0000 789C9554 		.ascii	"x\234\225T\337o\024U\024>\337\234\231\331\331\337K\265"
  97      DF6F1455 
  97      143EDF9C 
  97      99D9D9DF 
  97      4BB5
  98 0012 48D2973E 		.ascii	"H\322\227>H\032L\354\326\027\211o&\274\353\203\177\200"
  98      481A4CEC 
  98      D617896F 
  98      26BCEB83 
  98      7F80
  99 0024 A18484C6 		.ascii	"\241\204\204\306F\015\325\370\310\335\355\266\373\300"
  99      460DD5F8 
  99      C8DDEDB6 
  99      FBC0
 100 0032 0F8DD176 		.ascii	"\017\215\321v\013.\253n*\370\002\030L\210\024\352Z\304"
 100      0B2EAB6E 
 100      2AF80218 
 100      4C8814EA 
 100      5AC4
 101 0044 0AB45010 		.ascii	"\012\264P\020\220\362\000\201\204j*\332D\033c\014i="
 101      90F20081 
 101      846A2ADA 
 101      441B630C 
 101      693D
 102 0056 E7CED4AE 		.ascii	"\347\316\324\256\225\227Nv\316\3169\367\234\357~\347"
 102      95974E76 
 102      CECE39F7 
 102      9CEF7EE7 
 103 0066 3B772620 		.ascii	";w& \320\230G\264\225\210^\222\033>\3011\306\274\030"
 103      D09847B4 
 103      95885E92 
 103      1B3EC131 
 103      C6BC18
 104 0079 2B048EE3 		.ascii	"+\004\216\343N\217\234\364]\223\340\223sS/\270&\305"
 104      4E8F9CF4 
 104      5D93E093 
 104      73532FB8 
 104      26C5
 105 008b FF46BC28 		.ascii	"\377F\274(\342\302\213\262=\300>\231\000\264\307a\327"
 105      E2C28BB2 
 105      3DC03E99 
 105      00B4C761 
 105      D7
 106 009c C31EBCCB 		.ascii	"\303\036\274\313\303\214\211\362\334W\316\226#\262h"
ARM GAS  /tmp/ccSdqleG.s 			page 8


 106      C38C89F2 
 106      DC57CE96 
 106      23B268
 107 00ab 1AC38BFE 		.ascii	"\032\303\213\376\240\031\330Tc\242\021\271\303\013\247"
 107      A019D854 
 107      63A211B9 
 107      C30BA7
 108 00ba B145F2EE 		.ascii	"\261E\362\356\024\253\177\245\016p\215\001W\334\017"
 108      14AB7FA5 
 108      0E708D01 
 108      57DC0F
 109 00c9 2E7E7921 		.ascii	".~y!\241\256\203vq\007\256\016\0172?\013\222\347\376"
 109      A1AE8376 
 109      7107AE0E 
 109      0F323F0B 
 109      92E7FE
 110 00dc C3434793 		.ascii	"\303CG\223\035\243\306\024M\343Q\235\315\3235f\234\005"
 110      1DA3C614 
 110      4DE3519D 
 110      CDD33566 
 110      9C05
 111 00ee 0B24CEA0 		.ascii	"\013$\316\240\015ch#\222\230@\217\243C\012\252K\237"
 111      0D636823 
 111      9298408F 
 111      A3430AAA 
 111      4B9F
 112 0100 4E26F939 		.ascii	"N&\3719[\274p\257\3629\242\342\251\317l\261\213\257"
 112      5BBC70AF 
 112      F239A2E2 
 112      A9CF6CB1 
 112      8BAF
 113 0112 FF57EC4A 		.ascii	"\377W\354Jq\003\035\244%\367\277X\3720\355\273\021e"
 113      71031DA4 
 113      25F7BF58 
 113      FA30EDBB 
 113      1165
 114 0124 7C031F12 		.ascii	"|\003\037\022\235\2359\2617\303\317[\320\343f\354p|"
 114      9D9D39B1 
 114      37C3CF5B 
 114      D0E366EC 
 114      707C
 115 0136 73DD82FE 		.ascii	"s\335\202\376y\310?h\032\245\366\032{\230X\203\253\327"
 115      79C83F68 
 115      1AA5F61A 
 115      7B985883 
 115      ABD7
 116 0148 2A20CE61 		.ascii	"* \316a\263\205S\324o\005\225\310\251K\272\204\217_"
 116      B38553D4 
 116      6F0595C8 
 116      A94BBA84 
 116      8F5F
 117 015a F31A6669 		.ascii	"\363\032fi\271l\0327\333\026\026\357n\330\004\341\344"
 117      B96C1A37 
 117      DB1616EF 
 117      6ED804E1 
 117      E4
 118 016b 3B6262AC 		.ascii	";bb\254\306\025\023x\032\363\325\215\251\011\304\304"
ARM GAS  /tmp/ccSdqleG.s 			page 9


 118      C6151378 
 118      1AF3D58D 
 118      A909C4C4 
 119 017b E36A126A 		.ascii	"\343j\022j\222\232\222R\223V7\243&\253&'&\321\002\325"
 119      929A9252 
 119      935637A3 
 119      26AB2627 
 119      26D102D5 
 120 018f A615DAE4 		.ascii	"\246\025\332\344F\273%\321^&\235\222\013\323 \332\307"
 120      46BB25D1 
 120      5E269D92 
 120      0BD320DA 
 120      C7
 121 01a0 4EE814C4 		.ascii	"N\350\024\304\231G\377xy\372TJ\311VEOn\221.\016\364"
 121      9947FF78 
 121      79FA544A 
 121      C956454F 
 121      6E912E0E 
 122 01b5 2FDC0974 		.ascii	"/\334\011tB\014\302yio\036\305Ge\2049\216\244\321C\014"
 122      420CC279 
 122      696F1EC5 
 122      47658439 
 122      8EA4D143 
 123 01ca B487AE1E 		.ascii	"\264\207\256\036\204\261\305\263\363\361\022\212\005"
 123      84B1C5B3 
 123      F3F1128A 
 123      05
 124 01d7 997F7244 		.ascii	"\231\177rD\226\011\337\241\004\222dY\235\\\370\365:"
 124      9609DFA1 
 124      04926459 
 124      9D5CF8F5 
 124      3A
 125 01e8 142D2668 		.ascii	"\024-&h\223h\253q\212\036\240\364\363\266\010@cV\277"
 125      9368AB71 
 125      8A1EA0F4 
 125      F3B60840 
 125      6356BF
 126 01fb 7DCC07E5 		.ascii	"}\314\007\345\364\261\022c\331\362L<\314\320C\323\270"
 126      F4B11263 
 126      D9F24C3C 
 126      CCD043D3 
 126      B8
 127 020c 7D623633 		.ascii	"}b63\212zA\230\313\000\322B\3242S\321\217\235:r%\335"
 127      8A7A4198 
 127      CB00D242 
 127      D43253D1 
 127      8F9D3A72 
 128 0222 75CCBC67 		.ascii	"u\314\274g\2272\370\036\243\250\204\023\275\200.m\361"
 128      9732F81E 
 128      A3A88413 
 128      BD802E6D 
 128      F1
 129 0233 F40A792F 		.ascii	"\364\012y/D\253\233K\025_)e\220\305\3055\015jZS\203"
 129      44AB9B4B 
 129      155F2965 
 129      90C5C535 
 129      0D6A5A53 
ARM GAS  /tmp/ccSdqleG.s 			page 10


 130 0248 B1C73778 		.ascii	"\261\3077x)l\320\177LG\261\246\216\334s\277\324\357"
 130      296CD07F 
 130      4C47B1A6 
 130      8EDC73BF 
 130      D4EF
 131 025a 9176E43E 		.ascii	"\221v\344>D\311B*\345\352\321\251e\013\030\3248;\302"
 131      44C9422A 
 131      E5EAD1A9 
 131      650B18D4 
 131      383BC2
 132 026d 8E004E29 		.ascii	"\216\000N)`\263\3709\3536o\235\253sx\314\356\232\337"
 132      60B3F839 
 132      EB366F9D 
 132      AB7378CC 
 132      EE9ADF
 133 0280 A713AA46 		.ascii	"\247\023\252F\256\306\033pY*1\035\211\361\307O\347\307"
 133      AEC61B70 
 133      592A311D 
 133      89F1C74F 
 133      E7C7
 134 0292 03CDAF58 		.ascii	"\003\315\257X5r\270\"j\330m1#y5n\261\274\274\346#P\254"
 134      3572B822 
 134      6AD86D31 
 134      2379356E 
 134      B1BCBCE6 
 135 02a9 941F6CD5 		.ascii	"\224\037l\325sZ\345\240\312\255\024jo\375\370\272\264"
 135      735AE5A0 
 135      CAAD146A 
 135      6FFDF8BA 
 135      B4
 136 02ba 7F0257AD 		.ascii	"\177\002W\255\366P\355\257\205\332\017\211\256\026*"
 136      F650EDAF 
 136      85DA0F89 
 136      AE162A
 137 02c9 61D1E3CD 		.ascii	"a\321\343\315\350\311uN\366\207\325\311^\017\321?\032"
 137      E8C9754E 
 137      F687D5C9 
 137      5E0FD13F 
 137      1A
 138 02da 8CD05321 		.ascii	"\214\320S!\332'7f\212\366\260\005\310\341\206\235l\377"
 138      DA273766 
 138      8AF6B005 
 138      C8E1869D 
 138      6CFF
 139 02ec DF2B3969 		.ascii	"\337+9iK\"\365\037V\031\241\024\366\274\232\227\265"
 139      4B22F51F 
 139      5619A114 
 139      F6BC9A97 
 139      B5
 140 02fd E1A4C6DE 		.ascii	"\341\244\306\336_\311\333h\313\263\315\354s\353b\377"
 140      5FC9DB68 
 140      CBB3CDEC 
 140      73EB62FF 
 141 030d 246E5AF6 		.ascii	"$nZ\366\216\262\377\321\262\237\030\262H\315Co\265C"
 141      8EB2FFD1 
 141      B29F18B2 
 141      48CD436F 
ARM GAS  /tmp/ccSdqleG.s 			page 11


 141      B543
 142 031f 5F832A7B 		.ascii	"_\203*{\347p+B\255\356?4\307\202Z*\350\322S\230\265"
 142      E7702B42 
 142      ADEE3F34 
 142      C7825A2A 
 142      E8D25398 
 143 0334 A82A0A6E 		.ascii	"\250*\012n\243K\210\322o(~\274\274\037\321\367G\337"
 143      A34B88D2 
 143      6F287EBC 
 143      BC1FD1F7 
 143      47DF
 144 0346 7E2CCBC5 		.ascii	"~,\313\305\366\355'z\246\2633/\277\327v\356~}go~\333"
 144      F6ED277A 
 144      A6B3332F 
 144      BFD776EE 
 144      7E7D676F 
 145 035c AE9EEE9E 		.ascii	"\256\236\356\236\227_\311\277\321\227\337\265\2757\337"
 145      975FC9BF 
 145      D197DFB5 
 145      BD37DF
 146 036b B77B87FE 		.ascii	"\267{\207\376\277\372\346\366\336\316\035\304\335o\367"
 146      BFFAE6F6 
 146      DECE1DC4 
 146      DD6FF7
 147 037a B9DD3D6F 		.ascii	"\271\335=o\365\341\235\177\000at\323\243"
 147      F5E19D7F 
 147      006174D3 
 147      A3
 148              		.text
 149              		.section	.gnu.lto_palSetBusMode.cb73554426616fd4,"e",%progbits
 150 0000 789C9553 		.ascii	"x\234\225S\317KTQ\024\276\347\235\367\336\274\371\325"
 150      CF4B5451 
 150      14BEE79D 
 150      F7DEBCF9 
 150      D5
 151 0011 9815046E 		.ascii	"\230\025\004n\\\004b\220c\213\026\355\002\027\355j\321"
 151      5C046290 
 151      638B16ED 
 151      0217ED6A 
 151      D1
 152 0022 1F106A82 		.ascii	"\037\020j\202\222e(\255\2753\2163\013E\203J\235\300"
 152      926528AD 
 152      BD338E33 
 152      0B45834A 
 152      9DC0
 153 0034 5E304DDA 		.ascii	"^0M\332\306\012\203H\035\23343u\31447\005\031\005Y\230"
 153      C60A8348 
 153      1D9B3433 
 153      75CC3437 
 153      05190559 
 154 0049 26648B10 		.ascii	"&d\213\020\321\316\271o\262\251\334xy\357\276{\316="
 154      D1CEB96F 
 154      B2A9DC78 
 154      79EFBE7B 
 154      CE3D
 155 005b E7BBDFF9 		.ascii	"\347\273\337\371\316}\226\000\321\241\013qL\010q\212"
 155      CE7D9600 
ARM GAS  /tmp/ccSdqleG.s 			page 12


 155      D1A10B71 
 155      4C08718A 
 156 006b 5E300568 		.ascii	"^0\005hR\312\023\256\220\245i\372t\274\337\324\245\007"
 156      52CA13AE 
 156      90A569FA 
 156      74BCDFD4 
 156      A507
 157 007d FB1733C7 		.ascii	"\373\0273\307u\351\303m\217\221\365\350`d\243\015\000"
 157      75E9C36D 
 157      8F91F5E8 
 157      6064A30D 
 157      00
 158 008e B5921688 		.ascii	"\265\222\026\210F\015u\003\032\241\035;\021Fb\213\217"
 158      460D7503 
 158      1AA11D3B 
 158      1146628B 
 158      8F
 159 009f B5E21EDA 		.ascii	"\265\342\036\332\224\351\3169WT6\037\264Q\2108\275\316"
 159      94E9CE39 
 159      5754361F 
 159      B4518838 
 159      BDCE
 160 00b1 800128A6 		.ascii	"\200\001(\246\270\205p\367O_\033\332\010\240\223ym\362"
 160      B88570F7 
 160      4F5F1BDA 
 160      08A09379 
 160      6DF2
 161 00c3 E184874D 		.ascii	"\341\204\207M\015\012\311l\236\355\214\"\036\001A\353"
 161      0D0AC96C 
 161      9EED8C22 
 161      1E0141EB 
 162 00d3 A69B1DBD 		.ascii	"\246\233\035\275\336\242\244\224a\231\316\334Fy\310"
 162      DEA2A494 
 162      6199CEDC 
 162      4679C8
 163 00e2 46841420 		.ascii	"F\204\024 A\302\020\024\300 \024\010A>\202\036\206\""
 163      41C21014 
 163      C0201408 
 163      413E821E 
 163      8622
 164 00f4 4A58EB4F 		.ascii	"JX\353O^\365\342Q\225\334\275\336\323\356\312&o$U\262"
 164      5EF5E251 
 164      95DCBDDE 
 164      D3EECA26 
 164      6F2455B2 
 165 0108 0E4FFE4B 		.ascii	"\016O\376K&M \015E\202S>>\330\274\3567\365,ex\312\""
 165      264D200D 
 165      4582533E 
 165      3ED8BCEE 
 165      37F52C65 
 166 011f D13781E2 		.ascii	"\3217\201\342\336\234\221\226\233[1\231^\276\003\357"
 166      DE9C9196 
 166      9B5B3199 
 166      5EBE03EF 
 167 012f 4EE60365 		.ascii	"N\346\003e\032\032M&\362\244\323\3442\330g\262\351\342"
 167      1A1A4D26 
 167      F2A4D3E4 
ARM GAS  /tmp/ccSdqleG.s 			page 13


 167      32D867B2 
 167      E9E2
 168 0141 C9A2C972 		.ascii	"\311\242\311r\323\344\366\360\256\227W~`\242y\340\234"
 168      D3E4F6F0 
 168      AE97577E 
 168      60A279E0 
 168      9C
 169 0152 D88282C5 		.ascii	"\330\202\202\305\322A\246\205hE\3151Bd,A\323p,\225\362"
 169      D241A685 
 169      6845CD31 
 169      42642C41 
 169      D3702C95 
 170 0167 31856E2A 		.ascii	"1\205n*\005\375\304\256\255iu\301b\241\020\004\214\020"
 170      05FDC4AE 
 170      AD6975C1 
 170      62A11004 
 170      8C10
 171 0179 FB25086F 		.ascii	"\373%\010o\304\300\211\321(L,Cs\241cr?\006\177\244\226"
 171      C4C089D1 
 171      284C2C43 
 171      73A16372 
 171      3F067FA4 
 172 018e DC110887 		.ascii	"\334\021\010\207\250\015\2368r%\243\020\001A\301\264"
 172      A80D9E38 
 172      7225A310 
 172      0141C1B4 
 173 019e 3BBEBA32 		.ascii	";\276\2722\017\214f\022\3323(\260\321+>A\344KY\026\200"
 173      0F8C6612 
 173      DA3328B0 
 173      D12B3E41 
 173      E44B5916 
 174 01b3 7DAA6BAD 		.ascii	"}\252k\255\2107\350\022 \023C:r\310\355Dp\357\322o\357"
 174      8837E812 
 174      2013433A 
 174      72C8ED44 
 174      70EFD26F 
 175 01c8 BFD99384 		.ascii	"\277\331\223\204D\210\230\027\332\350#\242\212\031\213"
 175      44889817 
 175      DAE823A2 
 175      8A198B
 176 01d7 D9F7A867 		.ascii	"\331\367\250g\306_\332'\257\250-?\214A\022\272\034a"
 176      C65FDA27 
 176      AFA82D3F 
 176      8C4112BA 
 176      1C61
 177 01e9 9F432997 		.ascii	"\237C)\2278\360\233\274\341\240%\344T\227\311\224\374"
 177      38F09BBC 
 177      E1A025E4 
 177      5497C994 
 177      FC
 178 01fa 1080F17F 		.ascii	"\020\200\361\177\012\344\260\234\002];\027\370\302)"
 178      0AE4B09C 
 178      025D3B17 
 178      F8C229
 179 0209 D0DCA122 		.ascii	"\320\334\241\"WNE\372\350\327\304\007\301\025\351\313"
 179      574E45FA 
 179      E8D7C407 
ARM GAS  /tmp/ccSdqleG.s 			page 14


 179      C115E9CB 
 180 0219 105190EA 		.ascii	"\020Q\220\352\312\364f\266\024\240e\343\2368j\0048\301"
 180      CAF466B6 
 180      14A065E3 
 180      9E386A04 
 180      38C1
 181 022b 80B9E207 		.ascii	"\200\271\342\007\224\231{t \301U\221\363\275\374>\355"
 181      94997B74 
 181      20C15591 
 181      F3BDFC3E 
 181      ED
 182 023c 6135F26C 		.ascii	"a5\362l\314\203)\312\204\311\254\030k\237\307\206-\216"
 182      CC8329CA 
 182      84C9AC18 
 182      6B9FC786 
 182      2D8E
 183 024e EF526A04 		.ascii	"\357Rj\004 Cj8\027l\232\342l\334\253x\031\271W <tw\005"
 183      20436A38 
 183      176C9AE2 
 183      6CDCAB78 
 183      19B95720 
 184 0266 1DEED6AE 		.ascii	"\035\356\326\256\264\316\207\227Jk`\255g\224\326\333"
 184      B4CE8797 
 184      4A6B60AD 
 184      6794D6DB 
 185 0276 5D73EF0A 		.ascii	"]s\357\012i\037\274RH\032#\315\376\215\344\331e\377"
 185      691FBC52 
 185      481A23CD 
 185      FE8DE4D9 
 185      65FF
 186 0288 E7FEF4FF 		.ascii	"\347\376\364\377\265\323\377\365h\266\267^\342E\200"
 186      B5D3FFF5 
 186      68B6B75E 
 186      E24580
 187 0297 D4DEE88E 		.ascii	"\324\336\350\216\275\330\037W\377\370\274\323\\K%\220"
 187      BDD81F57 
 187      FFF8BCD3 
 187      5C4B2590 
 188 02a7 C607C437 		.ascii	"\306\007\3047\010\337\032lw\204\344\321\202\260E\003"
 188      08DF1A6C 
 188      7784E4D1 
 188      82B04503 
 189 02b7 D51F25C4 		.ascii	"\325\037%\304\341\222\222 =\347\253\352/V\325\006\313"
 189      E1929220 
 189      3DE7ABEA 
 189      2F56D506 
 189      CB
 190 02c8 AA6B2A6A 		.ascii	"\252k*jN\237\011\3265\004\253\313k\203\015\365\225\374"
 190      4E9F09D6 
 190      3504ABCB 
 190      6B830DF5 
 190      95FC
 191 02da 3D7BA9BC 		.ascii	"={\251\274\266\244R`\305\345\006\375B\335\271\252_\233"
 191      B6A45260 
 191      C5E506FD 
 191      42DDB9AA 
 191      5F9B
ARM GAS  /tmp/ccSdqleG.s 			page 15


 192 02ec 517E76   		.ascii	"Q~v"
 193              		.text
 194              		.section	.gnu.lto_palSetPadCallbackI.cb73554426616fd4,"e",%progbits
 195 0000 789C8591 		.ascii	"x\234\205\221\317O\023Q\020\307\347\273o\273]\012h\342"
 195      CF4F1351 
 195      10C7E7BB 
 195      6FBB5D0A 
 195      68E2
 196 0012 C984683C 		.ascii	"\311\204h<\2304\230\320\222\036LL<\230x1^<\370\007\230"
 196      983498D0 
 196      921E4C4C 
 196      3C987831 
 196      5E3CF807 
 197 0027 5289101B 		.ascii	"R\211\020\033i\212w^K\001M\015\\V@\223f1\224\312\301"
 197      698A775E 
 197      4B014D0D 
 197      5C564093 
 197      663194CA 
 198 003c A0460E2A 		.ascii	"\240F\016**kA\260\245\"r\360\240\011\007Q\014\342\217"
 198      2A6B41B0 
 198      A52272F0 
 198      A0090751 
 198      0CE28F
 199 004f C478D083 		.ascii	"\304x\320\203\324y\333\032cz\340e_\366\315\233\371\314"
 199      D479DB1A 
 199      637AE065 
 199      5FF6CD9B 
 199      F9CC
 200 0061 7CF7BB26 		.ascii	"|\367\273&\201\212\032\321Q\"\332\307\033\202\240I)"
 200      818A1AD1 
 200      5122DAC7 
 200      1B82A049 
 200      29
 201 0072 8F7913A6 		.ascii	"\217y\023\246\006\270'i\202z4\364`H\214\010\344\007"
 201      06B82769 
 201      827A34F4 
 201      60488C08 
 201      E407
 202 0084 361E68CD 		.ascii	"6\036h\31579#\235\221a_\277\354\333k\013\242k\274+\013"
 202      3739239D 
 202      91615FBF 
 202      ECDB6B0B 
 202      A26BBC2B 
 203 0099 0FD1CC75 		.ascii	"\017\321\314uk\311\314\317\206Aa\013@\347\320*N\027"
 203      6BC9CCCF 
 203      8641610B 
 203      40E7D02A 
 203      4E17
 204 00ab 7C2AD470 		.ascii	"|*\324p\200\303\271\345\362}\237h\001\361yk*\367}\227"
 204      80C3B9E5 
 204      F27D9F68 
 204      01F1796B 
 204      2AF77D97 
 205 00bf 7F42CAA4 		.ascii	"\177B\312\244t\336g\205<h\013\201\307\020\334\022\217"
 205      74DE6785 
 205      3C680B81 
 205      C710DC12 
ARM GAS  /tmp/ccSdqleG.s 			page 16


 205      8F
 206 00d0 D0841934 		.ascii	"\320\204\0314\021\361\035\267~\002\277\352\365ei\217"
 206      11F11DB7 
 206      7E02BFEA 
 206      F565698F 
 207 00e0 08B9ECEF 		.ascii	"\010\271\354\357\351\227\213\365\177\331\234\313\352"
 207      E9978BF5 
 207      7FD99CCB 
 207      EA
 208 00ed 98AD6175 		.ascii	"\230\255auf\035\227\315\257\\\036\336-\016\273p\366"
 208      661D97CD 
 208      AF5C1EDE 
 208      2D0EBB70 
 208      F6
 209 00fe CDAD7463 		.ascii	"\315\255tc\025\336\230\334\237\355\225'l\341\301\323"
 209      15DE98DC 
 209      9FED9527 
 209      6CE1C1D3 
 210 010e 1ADCC378 		.ascii	"\032\334\303x\336\305\267d\232\225\035q\361\222\225"
 210      DEC5B764 
 210      9A951D71 
 210      F19295
 211 011d DA44152F 		.ascii	"\332D\025/Uf\033\230\253\201\015\206\347\341'\205\274"
 211      55661B98 
 211      AB810D86 
 211      E7E12785 
 211      BC
 212 012e BBBB7DB5 		.ascii	"\273\273}\265\321\320\253n\341\031\014\366\237\350\366"
 212      D1D0AB6E 
 212      E1190CF6 
 212      9FE8F6
 213 013d AAC791DB 		.ascii	"\252\307\221\333\345\001\351\374\310\341\336I/\240\324"
 213      E501E9FC 
 213      C8E1DE49 
 213      2FA0D4
 214 014c B2733CD4 		.ascii	"\262s<\324\203\012\235\026\244<\327!\035\242+B\253\004"
 214      830A9D16 
 214      A43CD721 
 214      1DA22B42 
 214      AB04
 215 015e 090E3E21 		.ascii	"\011\016>!y}s\350\203\241\332\361\214\301\336ok\246"
 215      797D73E8 
 215      83A1DAF1 
 215      8CC1DE6F 
 215      6BA6
 216 0170 72DAEBAA 		.ascii	"r\332\353\252\314L\226\312u)$\023\246-\314q5\227/_\277"
 216      CC4C96CA 
 216      75292413 
 216      A62DCC71 
 216      35972F5F 
 217 0185 5D58C104 		.ascii	"]X\301\004\306a\213:,\"\005,(\261\234\371\265\372j\276"
 217      C6618B3A 
 217      2C22052C 
 217      28B19CF9 
 217      B5FA6ABE 
 218 0199 21744775 		.ascii	"!tGu\037\233\261Zl\341\303s\256\314\010\245S\025\\\372"
 218      1F9BB15A 
ARM GAS  /tmp/ccSdqleG.s 			page 17


 218      6CE1C373 
 218      AECC08A5 
 218      53155CFA 
 219 01ad 2C73DED6 		.ascii	",s\336\326)\267`\3262\224a\005\204F+\037TDk\206\177"
 219      29B760D6 
 219      32946105 
 219      84462B1F 
 219      54446B86 
 220 01c2 94AB68B4 		.ascii	"\224\253h\264\317[U\264\263\204\245\035$\224\376\223"
 220      CF5B55B4 
 220      B384A51D 
 220      2494FE93 
 221 01d2 D09FBA51 		.ascii	"\320\237\272Q\250\257JXW\022\014\274P\022T\036\313J"
 221      A8AF4A58 
 221      57120CBC 
 221      5012541E 
 221      CB4A
 222 01e4 8287BE22 		.ascii	"\202\207\276\"9\366\321\202k\261Zi\201\177\366\021\035"
 222      39F6D182 
 222      6BB15A69 
 222      817FF611 
 222      1D
 223 01f5 0A0482FC 		.ascii	"\012\004\202\374\234o\217_h\217\006\217wt\266u\236:"
 223      9C6F8F5F 
 223      688F068F 
 223      7774B675 
 223      9E3A
 224 0207 1DECEA0E 		.ascii	"\035\354\352\016v\204\243\301\356xD\275\317\304\302"
 224      7684A3C1 
 224      EE7844BD 
 224      CFC4C2
 225 0216 D14084F4 		.ascii	"\321@\204\364XW\374\242\210\205\317j\2216\021\216\237"
 225      5857FCA2 
 225      8885CF6A 
 225      9136118E 
 225      9F
 226 0227 FB03E6E7 		.ascii	"\373\003\346\347\367#"
 226      F723
 227              		.text
 228              		.section	.gnu.lto_palSetLineCallbackI.cb73554426616fd4,"e",%progbits
 229 0000 789C8592 		.ascii	"x\234\205\222]K\024a\024\307\317\177\316\354\354\254"
 229      5D4B1461 
 229      14C7CF7F 
 229      CEECECAC 
 230 0010 29DE0A12 		.ascii	")\336\012\022t\021,\006\356\312B\320e\320\007\350\242"
 230      74112C06 
 230      EECA42D0 
 230      65D007E8 
 230      A2
 231 0021 0F10EBB2 		.ascii	"\017\020\353\262\244\264X\254\037\300g\327u-6\364\""
 231      A4B458AC 
 231      1FC067D7 
 231      752D36F4 
 231      22
 232 0032 57CB58C6 		.ascii	"W\313X\306\360\245.B\015\274\360\245r2\263\32660\243"
 232      F0A52E42 
 232      0DBCF0A5 
ARM GAS  /tmp/ccSdqleG.s 			page 18


 232      7232B3D6 
 232      3630A3
 233 0045 880A2F7A 		.ascii	"\210\012/zE{\203\350\242\"\264\363\314,Dx\3410\017\363"
 233      457B83E8 
 233      A222B4F3 
 233      CC2C4478 
 233      E1300FF3 
 234 0059 9CE79CFF 		.ascii	"\234\347\234\377y~\347\317\330\004\2323\210\216\020"
 234      797EE7CF 
 234      D8049A33 
 234      888E10
 235 0068 D17E5960 		.ascii	"\321~Y`\202\241\224:\032\314\330\006\340\355\224\015"
 235      82A1943A 
 235      1ACCD806 
 235      E0ED940D 
 236 0078 EA32D085 		.ascii	"\3522\320\205~\036b,\365~\2303\232\256IF\271C/j\362"
 236      7E1E622C 
 236      F57E9833 
 236      9AAE4946 
 236      B9432F6A 
 237 008d AAA7C161 		.ascii	"\252\247\301a\242\313\262\374\007\363h\222\272\215l"
 237      A2CBB2FC 
 237      07F36892 
 237      BA8D6C
 238 009c E9676D1F 		.ascii	"\351gm\037;\014\230\022\016\254\316\224kth\340\200\204"
 238      3B0C9812 
 238      0EACCE94 
 238      6B7468E0 
 238      8084
 239 00ae 57B6BFE7 		.ascii	"W\266\277\347\301\315 \331\217\315\376~g\207\307\225"
 239      C1CD20D9 
 239      8FCDFE7E 
 239      6787C795 
 240 00be CA2AF7F5 		.ascii	"\312*\367\365\030\253\203\0163n\203\245%n\241\021\013"
 240      18AB830E 
 240      336E83A5 
 240      256EA111 
 240      0B
 241 00cf 68249233 		.ascii	"h$\2223i}\007a\215\260v~\260\236c\276\370\345\215B]"
 241      697D0761 
 241      8DB0767E 
 241      B09E63BE 
 241      F8E58D42 
 242 00e4 55FC67C2 		.ascii	"U\374g\302\023\233X\334%6E\354z\342O\252 \275\017{\342"
 242      139B58DC 
 242      253645EC 
 242      7AE24FAA 
 242      20BD0F7B 
 243 00f9 CA406E13 		.ascii	"\312@n\023Uq\245aX\271\246\303\001\334\335\245\016\210"
 243      5571A561 
 243      58B9A6C3 
 243      01DCDDA5 
 243      0E88
 244 010b 7A0961D2 		.ascii	"z\011a\322\23277\267\213u\226Y\035\030\367`\211\205"
 244      9A3737B7 
 244      8B759659 
 244      1D18F760 
ARM GAS  /tmp/ccSdqleG.s 			page 19


 244      8985
 245 011d 4453EB01 		.ascii	"DS\353\001Wm\357\364*\367G\303\374dH,s\330\022\007\205"
 245      576DEFF4 
 245      2AF747C3 
 245      FC64482C 
 245      73D81207 
 246 0132 D884BEDA 		.ascii	"\330\204\276\332\202\337\242\300\244\2753\241\\\242"
 246      82DFA2C0 
 246      A4BD33A1 
 246      5CA2
 247 0140 0B6CF841 		.ascii	"\013l\370AF\202-t\017\366~y6\003\335\264\304(\261!\367"
 247      46822D74 
 247      0FF67E79 
 247      3603DDB4 
 247      C428B121 
 248 0155 B9D3179F 		.ascii	"\271\323\027\237\006\265q\026\352\261,<[\310\016oN\275"
 248      06B57116 
 248      EAB12C3C 
 248      5BC80E6F 
 248      4EBD
 249 0167 B77495E4 		.ascii	"\267t\225\344\373\272\277m\330:\037\364F*]\257\354\204"
 249      FBBABF6D 
 249      D83A1FF4 
 249      462A5DAF 
 249      EC84
 250 0179 72C8666C 		.ascii	"r\310fl\207\355Q\315(\207\317_\255\254a\034\243p8\204"
 250      87ED51CD 
 250      2887CF5F 
 250      ADAC611C 
 250      A3703884 
 251 018d 15E480FB 		.ascii	"\025\344\200\373z0\311\374Z\177\262\\\033\233\326\020"
 251      7A30C9FC 
 251      5A7FB25C 
 251      1B9BD610 
 252 019d 230BC566 		.ascii	"#\013\305f\207k\360@*\345v\362\245\347>\253\211`\313"
 252      876BF040 
 252      2AE576F2 
 252      A5E73EAB 
 252      8960CB
 253 01b0 A457B058 		.ascii	"\244W\260X\264\264\273\017\021\273\344\017_FKI\254\365"
 253      B4B4BB0F 
 253      11BBE40F 
 253      5F464B49 
 253      ACF5
 254 01c2 88667B82 		.ascii	"\210f{\202U\242\275\021V\367@x\364\037B>w\265\274\257"
 254      55A2BD11 
 254      56F74078 
 254      F41F423E 
 254      77B5BCAF 
 255 01d6 8AF05623 		.ascii	"\212\360V#\004P\321\010:\217\307\032\301\242\257\310"
 255      0450D108 
 255      3A8FC71A 
 255      C1A2AFC8 
 256 01e6 8E7C2C7A 		.ascii	"\216|,z\316y?a\201\361\317e\242C\221HT\336\323\311t"
 256      CE793F61 
 256      81F1CF65 
 256      A2439148 
ARM GAS  /tmp/ccSdqleG.s 			page 20


 256      54DED3C9 
 257 01fb 4732153D 		.ascii	"G2\025=\326\326\336\332~\374D\364Lg\264-\236\212v\246"
 257      D6D6DEDA 
 257      7EFC44F4 
 257      4C67B42D 
 257      9E8A76A6 
 258 020f 13FA7BF2 		.ascii	"\023\372{\362l<\025I\220\231j\357H\032\211V\216\247"
 258      6C3C1549 
 258      90996AEF 
 258      481A8956 
 258      8EA7
 259 0221 4FFD0541 		.ascii	"O\375\005A\252\360I"
 259      AAF049
 260              		.text
 261              		.section	.gnu.lto_.symbol_nodes.cb73554426616fd4,"e",%progbits
 262 0000 789C75CE 		.ascii	"x\234u\316\273\015\302P\014\205\341s\354\233\204\307"
 262      BB0DC250 
 262      0C85E173 
 262      EC9B84C7 
 263 0010 10202681 		.ascii	"\020 &\201]`\016\247`\000jZF\240\243\205\022\261\003"
 263      5D600EA7 
 263      60006A5A 
 263      46A0A385 
 263      12B103
 264 0023 12424078 		.ascii	"\022B@x3\000\334pQB\221\270\262\364\375\222\335\000"
 264      3300DC70 
 264      514291B8 
 264      B2F4FD92 
 264      DD00
 265 0035 31220039 		.ascii	"1\"\0009\320\220\372q\234l\000\003\026\351\000\271 "
 265      D090FA71 
 265      9C6C0003 
 265      16E900B9 
 265      20
 266 0046 BA11690F 		.ascii	"\272\021i\017P9\322X\323\334\311\320\234hR\323<(\241"
 266      5039D258 
 266      D3DCC9D0 
 266      9C6852D3 
 266      3C28A1
 267 0059 C9685AD3 		.ascii	"\311hZ\323\274\250\335\374\2353\315U'\274\322\242\367"
 267      BCA8DDFC 
 267      9D33CD55 
 267      27BCD2A2 
 267      F7
 268 006a 6F3A5F86 		.ascii	"o:_\206\377\274\357\345B\213\253\345IK*E\321\012g\206"
 268      FFBCEFE5 
 268      428BABE5 
 268      494B2A45 
 268      D10A6786 
 269 007e 7E9BCEF7 		.ascii	"~\233\316\367k\3458V4\227\331l\013\256b\225\302\245"
 269      6BE53856 
 269      3497D96C 
 269      0BAE6295 
 269      C2A5
 270 0090 7429DD15 		.ascii	"t)\335\025\356Jw\177\336\016\276K\360\001\355bn?"
 270      EE4A777F 
 270      DE0EBE4B 
ARM GAS  /tmp/ccSdqleG.s 			page 21


 270      F001ED62 
 270      6E3F
 271              		.text
 272              		.section	.gnu.lto_.refs.cb73554426616fd4,"e",%progbits
 273 0000 789C0DC4 		.ascii	"x\234\015\304\301\021\000 \010\003\301\\Pa\250\202\376"
 273      C1110020 
 273      0803C15C 
 273      5061A882 
 273      FE
 274 0011 AB947D6C 		.ascii	"\253\224}l\011\215\264\233\306\216\346\370\266\037\011"
 274      098DB49B 
 274      C68EE6F8 
 274      B61F09
 275 0020 69D74686 		.ascii	"i\327F\206>\015\014\000\232"
 275      3E0D0C00 
 275      9A
 276              		.text
 277              		.section	.gnu.lto_.decls.cb73554426616fd4,"e",%progbits
 278 0000 789C9558 		.ascii	"x\234\225XkPTG\026\276}{\200a\030\300R\023\255\"\225"
 278      6B505447 
 278      16BE7D7B 
 278      806118C0 
 278      5213AD22 
 279 0015 D22C2937 		.ascii	"\322,)7\251(1\246\326\270\265\225\354jv\215\265&\246"
 279      A92831A6 
 279      D6B8B595 
 279      EC6A768D 
 279      B526A6
 280 0028 305B5BA9 		.ascii	"0[[\251\335\255\3118\014\302f`\\\030\262\346\317\346"
 280      DDADC938 
 280      0CC26660 
 280      5C18B2E6 
 280      CFE6
 281 003a F21011D1 		.ascii	"\362\020\021\321\200\242\202\250\200\202J\020\301\250"
 281      80A282A8 
 281      80824A10 
 281      C1A8
 282 0048 2491F700 		.ascii	"$\221\367\000>\2207\"\310C\036\012\370B\021\025\001"
 282      3E903722 
 282      C8431E0A 
 282      F8421115 
 282      01
 283 0059 25ECE9EE 		.ascii	"%\354\351\356{g\356\0143nv\364pow\177\347\234\357\234"
 283      7B67EE0C 
 283      336E76F4 
 283      706F777F 
 283      E79CEF9C 
 284 006d 7EDCEE56 		.ascii	"~\334\356Vr\210{\177\036\307)0\223i\370\271r\034\327"
 284      72887B7F 
 284      1EC72930 
 284      9369F8B9 
 284      721CD7
 285 0080 04A20269 		.ascii	"\004\242\002i\007\271\011B\352*A\006A~\006\0015\316"
 285      07B90942 
 285      EA2A4106 
 285      417E0601 
 285      35CE
ARM GAS  /tmp/ccSdqleG.s 			page 22


 286 0092 0D6423BC 		.ascii	"\015d#\274\272#\216\376\224 \263\341}\036\310+ \277"
 286      BA238EFE 
 286      9420B3E1 
 286      7D1EC82B 
 286      20BF
 287 00a4 02790364 		.ascii	"\002y\003d\011\310\012\220\017@\024\200Y\003\317u \376"
 287      09C80A90 
 287      0F401480 
 287      5903CF75 
 287      20FE
 288 00b6 205A5157 		.ascii	" ZQW\372\275\316s\334\313\304\016\310\\\321'\341\240"
 288      FABDCE73 
 288      DCCBC40E 
 288      C85CD127 
 288      E1A0
 289 00c8 438CC3E7 		.ascii	"C\214\303\347 S \213@\002\241\356=\2206x\337\010\317"
 289      2053208B 
 289      4002A1EE 
 289      3D903678 
 289      DF08CF
 290 00db 20906090 		.ascii	" \220`\220?\202,\006\371'\310\227 \317\241\375.\210"
 290      3F822C06 
 290      F927C897 
 290      20CFA1FD 
 290      2E88
 291 00ed 41F47F05 		.ascii	"A\364\177\005\244\005d\002\244\025\004\213\274W\210"
 291      A4056402 
 291      A415048B 
 291      BC5788
 292 00fc 5C91C851 		.ascii	"\\\221\310Q\376\363\003^\363\341\031$\343\326.\362\013"
 292      FEF3035E 
 292      F3E11924 
 292      E3D62EF2 
 292      0B
 293 010d 41B6FC16 		.ascii	"A\266\374\026\211\034\035\361\013\005Y+\36238\340(\361"
 293      891C1DF1 
 293      0B05592B 
 293      F23338E0 
 293      28F1
 294 011f 6B15393E 		.ascii	"k\0259>\025\371\315\263\343\267\316\216\337\0121o\366"
 294      15F9CDB3 
 294      E3B7CE8E 
 294      DF0A316F 
 294      F6
 295 0130 FC06FF8F 		.ascii	"\374\006\377\217\334\221~\276\301YsG\370\031A\336G\214"
 295      DC917EBE 
 295      C1597347 
 295      F81941DE 
 295      478C
 296 0142 8394B756 		.ascii	"\203\224\267V\221\347+2N\037\210\274\374\355x\255\006"
 296      91E72B32 
 296      4E1F88BC 
 296      FCED78AD 
 296      06
 297 0153 5E1E76BC 		.ascii	"^\036v\274\354\307\317&x\376\013\344\013\020\015\010"
 297      ECC7CF26 
 297      78FE0BE4 
ARM GAS  /tmp/ccSdqleG.s 			page 23


 297      0B100D08 
 298 0163 A8707F87 		.ascii	"\250p\177\207\347?D\233\277\022\237\366ce\275\003\333"
 298      E73F449B 
 298      BF129FF6 
 298      6365BD03 
 298      DB
 299 0174 EE32BB8B 		.ascii	"\3562\273\213~\201\3557\234\330\336\207\321\365\250"
 299      7E81ED37 
 299      9CD8DE87 
 299      D1F5A8
 300 0183 83E3EA9D 		.ascii	"\203\343\352\235\030\315V!\005\024\223k\316\\RAq\256"
 300      18CD5621 
 300      0514936B 
 300      CE5C5241 
 300      71AE
 301 0195 0A2D8062 		.ascii	"\012-\200b\331\364\3362\005kUBq\372h\3016%\346\021Q"
 301      D9F4DE32 
 301      056B5542 
 301      71FA68C1 
 301      3625E611 
 302 01aa 2C8E9D2A 		.ascii	",\216\235*u\203\246E*D\246\2237T]x0|\005\261*\2028\335"
 302      7583A645 
 302      2A44A693 
 302      37545D78 
 302      307C05B1 
 303 01c2 3F7C518D 		.ascii	"?|Q\215\335\350\373\275\263\375F\277<\201\375\224\301"
 303      DDE8FBBD 
 303      B3FD46BF 
 303      3C81FD94 
 303      C1
 304 01d3 1C2A47D8 		.ascii	"\034*G\330J\"\246j,\311\023\377\226\"3k\273\267x\253"
 304      4A22A66A 
 304      2CC913FF 
 304      9622336B 
 304      BBB778AB 
 305 01e7 E204214A 		.ascii	"\342\004!J\310\210\026\334?\342P\021\362A\347\220\017"
 305      C88816DC 
 305      3FE25011 
 305      F241E790 
 305      0F
 306 01f8 87CC88DA 		.ascii	"\207\314\210\332\256@~\250\014\352J\241\016\024Z\037"
 306      AE407EA8 
 306      0CEA4AA1 
 306      0E145A1F 
 307 0208 8EEEF5C2 		.ascii	"\216\356\365\302\253\251r\347\226S;\321\234$\321\217"
 307      ABA972E7 
 307      96533BD1 
 307      9C24D18F 
 308 0218 8058BCA8 		.ascii	"\200X\274\250\032\315!Z\242\267\033O\207~\360\306\237"
 308      1ACD215A 
 308      A2B71B4F 
 308      877EF0C6 
 308      9F
 309 0229 50854305 		.ascii	"P\205C\005U\023\036\366\012\350<8\262\325\311\032\313"
 309      55131EF6 
 309      0AE83C38 
 309      B2D5C91A 
ARM GAS  /tmp/ccSdqleG.s 			page 24


 309      CB
 310 023a 4BE5D5F1 		.ascii	"K\345\325\361\026V\350\0024K\3048t\021\251\031\356\207"
 310      1656E802 
 310      344BC438 
 310      7411A919 
 310      EE87
 311 024c 6D29439E 		.ascii	"m)C\236\370o\324v~\363\263.\247:\350\022\370\260\250"
 311      F86FD476 
 311      7EF3B32E 
 311      A73AE812 
 311      F8B0A8
 312 025f E53CD999 		.ascii	"\345<\331\231\246byVC\361\\\353\345\303^\254\027zI\363"
 312      A6627956 
 312      43F15CEB 
 312      E5C35EAC 
 312      177A49F3 
 313 0273 E3DD1D3D 		.ascii	"\343\335\035=^8\320&\357\237\317\314\373\347,\357\367"
 313      5E38D026 
 313      EF9FCFCC 
 313      FBE72CEF 
 313      F7
 314 0284 1A1B5A10 		.ascii	"\032\033Z\020\016\241\357\251U\373\232T\216\263\331"
 314      0EA1EFA9 
 314      55FB9A54 
 314      8EB3D9
 315 0293 88A806C9 		.ascii	"\210\250\006\311f\003\324\325\323l*R\222\012\206\325"
 315      6603D4D5 
 315      D36C2A52 
 315      920A86D5 
 316 02a3 688EAFAF 		.ascii	"h\216\257\257/MJ\"I\212\202C\265\200\270LCmfyA-\310"
 316      2F4D4A22 
 316      498A8243 
 316      B580B84C 
 316      436D6679 
 317 02ba 17B5825C 		.ascii	"\027\265\202\\A\276$G\207\211\213\362\266\364\267\362"
 317      41BE2447 
 317      87898BF2 
 317      B6F4B7F2 
 318 02ca 476F09C2 		.ascii	"Go\011\302\256\371\250\006\251Q\025\270h\266I\224\037"
 318      AEF9A806 
 318      A95115B8 
 318      68B64994 
 318      1F
 319 02db F9B3D447 		.ascii	"\371\263\324G\302\337yo\277P\036\343\212\232\220\012"
 319      C2DF796F 
 319      BF501EE3 
 319      8A9A900A 
 320 02eb D5CD0017 		.ascii	"\325\315\000\027#[t\215\210\256\004t\211c\323E\344\025"
 320      235B748D 
 320      88AE0474 
 320      8963D345 
 320      E415
 321 02fd E29EC879 		.ascii	"\342\236\310y\364\030\343\034D\223\220\033[\022\247"
 321      F418E31C 
 321      4493901B 
 321      5B12A7
 322 030c 9C23C613 		.ascii	"\234#\306\023c\023\017\272*\332q\020\022h\036\030\357"
ARM GAS  /tmp/ccSdqleG.s 			page 25


 322      63130FBA 
 322      2ADA7110 
 322      12681E18 
 322      EF
 323 031d 7BE022EF 		.ascii	"{\340\"\357\3026\033\227\355\264\377\310\203t\375\371"
 323      C2361B97 
 323      EDB4FFC8 
 323      8374FDF9 
 324 032d 5BD9E24C 		.ascii	"[\331\342L\362\204\342\305\364\272s^$\363\202\250\012"
 324      F284E2C5 
 324      F4BA735E 
 324      24F382A8 
 324      0A
 325 033e F556CD0E 		.ascii	"\365V\315\016\244\"\214\32156\206\2132c+]\231\256\027"
 325      A4228CD1 
 325      3536868B 
 325      32632B5D 
 325      99AE17
 326 0351 14BF4F18 		.ascii	"\024\277O\030\034U\263\376\037\241C|\274dR\215\363i"
 326      1C55B3FE 
 326      1FA1437C 
 326      BC64528D 
 326      F369
 327 0363 3438327E 		.ascii	"482~\362\032F*\037\004\306\020\355Y\341\210\200\347"
 327      F21A462A 
 327      1F04C610 
 327      ED59E188 
 327      80E7
 328 0375 7368990F 		.ascii	"sh\231\017z\033\"\352\206\210\256\023\363=\000\350\005"
 328      7A1B22EA 
 328      8688AE13 
 328      F33D00E8 
 328      05
 329 0386 FBA98292 		.ascii	"\373\251\202\222V\244\012\200\036\371\206\276\203\321"
 329      56A40A80 
 329      1EF986BE 
 329      83D1
 330 0394 8E734FEB 		.ascii	"\216sO\353\360\354D\261\227\177\217H=\352\002\235N\312"
 330      F0EC44B1 
 330      977F8F48 
 330      3DEA029D 
 330      4ECA
 331 03a6 B00FCD66 		.ascii	"\260\017\315f4i\"\342n>)\361P\211\336b^\344\015\300"
 331      346922E2 
 331      6E3E29F1 
 331      5089DE62 
 331      5EE40DC0 
 332 03ba 1597EA3A 		.ascii	"\025\227\352:x\271\345\376\027X\316NO\255\307\362\024"
 332      78B9E5FE 
 332      1758CE4E 
 332      4FADC7F2 
 332      14
 333 03cb DF40B365 		.ascii	"\337@\263e\211\272\311R|\223\246\370\273\272\234\347"
 333      89BAC952 
 333      7C93A6F8 
 333      BBBA9CE7 
 334 03db 0A7C86F5 		.ascii	"\012|\206\365\352Xl\303\270\233\343\241=0s\241@\203"
ARM GAS  /tmp/ccSdqleG.s 			page 26


 334      EA586CC3 
 334      B89BE3A1 
 334      3D3073A1 
 334      4083
 335 03ed 48054A79 		.ascii	"H\005Jy\205\011in,\321\363\311b\323\332\030\205Xq\026"
 335      8509696E 
 335      2CD1F3C9 
 335      62D3DA18 
 335      85587116 
 336 0401 C9FBD5E3 		.ascii	"\311\373\325\343EJ\\\302\354\347d%\035v\305\025\254"
 336      454A5CC2 
 336      ECE76425 
 336      1D76C515 
 336      AC
 337 0412 70E979F5 		.ascii	"p\351y\365\0055q\026=\303\331\035\207\253\322\216d\263"
 337      05357116 
 337      3DC3D91D 
 337      87ABD28E 
 337      64B3
 338 0424 59816B98 		.ascii	"Y\201k\230vLe\353Y5n`\205\201\313\371QJ\334\302\012"
 338      764C65EB 
 338      59356E60 
 338      8581CBF9 
 338      514ADCC2 
 339 0439 83B909F7 		.ascii	"\203\271\011\367\274p\2338Nw5ec\334\311\012C\261\265"
 339      BC709B38 
 339      4E773565 
 339      63DCC90A 
 339      43B1B5
 340 044c 3F8B4C5F 		.ascii	"?\213L_\201b\355\363\212RqH\364\"\022\310xO\241\013"
 340      8162EDF3 
 340      8A527148 
 340      F42212C8 
 340      784FA10B 
 341 0460 EEA15865 		.ascii	"\356\241XeU\342\211Z\025\362\365%\323\326\327\367\260"
 341      55E2895A 
 341      15F2F525 
 341      D3D6D7F7 
 341      B0
 342 0471 10132D94 		.ascii	"\020\023-\224\017\025\2775\335\314\246\342]H\377#`9"
 342      0F15BF35 
 342      DDCCA6E2 
 342      5D48FF23 
 342      6039
 343 0483 66337887 		.ascii	"f3x\207d\263\213(\214\376\207\315.\202~0\003m\235]6"
 343      64B38B28 
 343      8CFE87CD 
 343      2E827E30 
 343      036D9D5D 
 344 0498 EBC22800 		.ascii	"\353\302(\000\036R\300\2308\211&a\002=\001\231\000y"
 344      1E52C098 
 344      38892661 
 344      023D0199 
 344      0079
 345 04aa 06F21464 		.ascii	"\006\362\024d\034\344\261\264N\020_5\337X}\335\233\341"
 345      1CE4B1B4 
 345      4E105F35 
ARM GAS  /tmp/ccSdqleG.s 			page 27


 345      DF587DDD 
 345      9BE1
 346 04bc EB961DB3 		.ascii	"\353\226\035\263f\031\372\266\0234\245\306\340\223\262"
 346      6619FAB6 
 346      1334A5C6 
 346      E093B2
 347 04cb 40EECF80 		.ascii	"@\356\317\200\027\333\031\277#C\2178\016\333\0126\313"
 347      17DB19BF 
 347      23438F38 
 347      0EDB0A36 
 347      CB
 348 04dc 980C3B31 		.ascii	"\230\014;1--A\355\345CI\374\034\207\331\242\037\230"
 348      2D2D41ED 
 348      E54349FC 
 348      1C87D9A2 
 348      1F98
 349 04ee 5F9830B0 		.ascii	"_\2300\260ts\254\243\333]>E\236\333\270\235\202\225"
 349      7473ACA3 
 349      DB5D3E45 
 349      9EDBB89D 
 349      8295
 350 0500 967EA9C8 		.ascii	"\226~\251\310\260\273;\021\211\234A\3517\307\202F?\323"
 350      B0BB3B11 
 350      899C41E9 
 350      37C78246 
 350      3FD3
 351 0512 39D55D7F 		.ascii	"9\325]\177\374\023|\204}\323\267%\237\374\235\343\031"
 351      FC137C84 
 351      7DD3B725 
 351      9FFC9DE3 
 351      19
 352 0523 35ED6046 		.ascii	"5\355`F\011<\231Q'O<+P)`\307\2016\252Q\204\202\230\211"
 352      093C9951 
 352      274F3C2B 
 352      502960C7 
 352      8136AA51 
 353 053b AD4E2CF2 		.ascii	"\255N,\362dC\227\227M\262\271l\2225W^\314\363\236\267"
 353      64439797 
 353      4DB2B96C 
 353      9235575E 
 353      CCF39EB7 
 354 054f 87E6255A 		.ascii	"\207\346%Z\230\305\243\240\227Q4\357\203\242x\022L\014"
 354      98C5A3A0 
 354      975134EF 
 354      83A27812 
 354      4C0C
 355 0561 3F8F4391 		.ascii	"?\217C\221\274\202En\276rr\314C\036\0164\313\"\337\302"
 355      BC82456E 
 355      BE7272CC 
 355      431E0E34 
 355      CB22DFC2 
 356 0575 5B233F95 		.ascii	"[#?\225v\360\270'\316c\201\\\373>/\336\333\231\036\212"
 356      76F0B827 
 356      CE63815C 
 356      FB3E2FDE 
 356      DB991E8A 
 357 0589 E5B15515 		.ascii	"\345\261U\025m\345I\032\366VO\231\225\270\210\251\237"
ARM GAS  /tmp/ccSdqleG.s 			page 28


 357      6DE5491A 
 357      F6564F99 
 357      95B888A9 
 357      9F
 358 059a 7F9634E9 		.ascii	"\177\2264\351\3568\021q\374\314Dl\243\211\310\354\356"
 358      EE381171 
 358      FCCC446C 
 358      A389C8EC 
 358      EE
 359 05ab 2D73EF83 		.ascii	"-s\357\203u\220\354\276\020J\360@\034\371G\376\260]"
 359      7590ECBE 
 359      104AF040 
 359      1CF947FE 
 359      B05D
 360 05bd 057922F2 		.ascii	"\005y\"\362NdZ\372!\362\023q\234\270O\223\352\330C\372"
 360      4E645AFA 
 360      21F21371 
 360      9CB84F93 
 360      EAD843FA 
 361 05d1 C3EA78D1 		.ascii	"\303\352x\321\012/n\237\020\323a\326iQf\232\265#\261"
 361      0A2F6E9F 
 361      10D361D6 
 361      6951669A 
 361      B523B1
 362 05e4 5D32C214 		.ascii	"]2\302\024\244\315\221\244(V\361\242;\271\006\232\301"
 362      A4CD91A4 
 362      2856F1A2 
 362      3BB9069A 
 362      C1
 363 05f5 D86A90B3 		.ascii	"\330j\220\263\030\225~\310\262\257;4\265#\335\253\037"
 363      18957EC8 
 363      B2AF3B34 
 363      B523DDAB 
 363      1F
 364 0606 F546425F 		.ascii	"\365FB_\217\234\312\\\314\241\227\022\027p4\305}\315"
 364      8F9CCA5C 
 364      CCA19712 
 364      177034C5 
 364      7DCD
 365 0618 C5534ADC 		.ascii	"\305SJ\334\311\277h\333\266\203\227o\301\016\036>t\311"
 365      C9BF68DB 
 365      B683976F 
 365      C10E1E3E 
 365      74C9
 366 062a 4502C548 		.ascii	"E\002\305H[5\362\375\266\305\355)\353\032V\312\373~"
 366      5B35F2FD 
 366      B6C5ED29 
 366      EB1A56CA 
 366      FB7E
 367 063c 272F9F2D 		.ascii	"'/\237-\337\362\342\236\253\241\276\347[%\035\270P%"
 367      DFF2E29E 
 367      ABA1BEE7 
 367      5B251DB8 
 367      5025
 368 064e 8EDC968A 		.ascii	"\216\334\226\212k\275\036\362\261I\266\032\326\301\231"
 368      6BBD1EF2 
 368      B149B61A 
ARM GAS  /tmp/ccSdqleG.s 			page 29


 368      D6C199
 369 065d 440667A2 		.ascii	"D\006g\24248\023\266\304\267\273\276\226!\364\366\012"
 369      343813B6 
 369      C4B7BBBE 
 369      9621F4F6 
 369      0A
 370 066e E54FBB7C 		.ascii	"\345O\273|S\212a\265U)\010\010%\300(\021\031\221w\016"
 370      538A61B5 
 370      55290808 
 370      25C02811 
 370      1991770E 
 371 0682 6DE7FB11 		.ascii	"m\347\373\021\212\347\373H\342v\361\257\201\366\261"
 371      8AE7FB48 
 371      E276F1AF 
 371      81F6B1
 372 0691 94E8CB1E 		.ascii	"\224\350\313\0368\011\323\004\034\310\313H\367\244\\"
 372      3809D304 
 372      1CC8CB48 
 372      F7A45C
 373 06a0 8843C665 		.ascii	"\210C\306e|\262\251\320\312/\231\247\225%)\017:x\247"
 373      7CB2A9D0 
 373      CA2F99A7 
 373      9525290F 
 373      3A78A7
 374 06b3 93672FE1 		.ascii	"\223g/\341\267G\342\227{\347B2\026\371]MS\303\312\005"
 374      B747E297 
 374      7BE74232 
 374      16F95D4D 
 374      53C3CA05 
 375 06c7 1F6F8127 		.ascii	"\037o\201'(\264[Fp\267=\301}\224\340\324\365\033\243"
 375      28B45B46 
 375      70B73DC1 
 375      7D94E0D4 
 375      F51BA3
 376 06da 3C3EC808 		.ascii	"<>\310\010F\377\264\265\324\203\222\031\264\020\234"
 376      46FFB4B5 
 376      D4839219 
 376      B4109C
 377 06e9 7E32158D 		.ascii	"~2\025\215-\004S\031\301\243\207\273r\335\234\022L#"
 377      2D045319 
 377      C1A387BB 
 377      72DD9C12 
 377      4C23
 378 06fb 04F74B04 		.ascii	"\004\367K\004{[\362\232\335D\2025\257Z\370\001\010\245"
 378      7B5BF29A 
 378      DD448235 
 378      AF5AF801 
 378      08A5
 379 070d C8F8A5D8 		.ascii	"\310\370\245\330\363;@\371Ud\345\373\340\\F\317\301"
 379      F33B40F9 
 379      5564E5FB 
 379      E05C46CF 
 379      C1
 380 071e 22943ED8 		.ascii	"\"\224>\330~\335\215V\301\004G\207\030\273\003\273\212"
 380      7EDD8D56 
 380      C1044787 
 380      18BB03BB 
ARM GAS  /tmp/ccSdqleG.s 			page 30


 380      8A
 381 072f D2795A09 		.ascii	"\322yZ\011\213\027Jg\225\255BW\021\242\225d\317\232"
 381      8B174A67 
 381      95AD4257 
 381      11A29564 
 381      CF9A
 382 0741 C12AE30A 		.ascii	"\301*\343\012\317\246z:\215\3430\211#S\212\2439\356"
 382      CFA67A3A 
 382      8DE33089 
 382      23538AA3 
 382      39EE
 383 0753 48A74A8C 		.ascii	"H\247J\214\243\343\327\2268\000\204\016\312\3428h\037"
 383      A3E3D796 
 383      3800840E 
 383      CAE23868 
 383      1F
 384 0764 C7111A47 		.ascii	"\307\021\032G\374=\341\264\033.\375\205\201d3z\015W"
 384      FC3DE1B4 
 384      1B2EFD85 
 384      8164337A 
 384      0D57
 385 0776 536B587F 		.ascii	"SkX\177\300\342\203\216\262\312\221\250\374\011\347"
 385      C0E2838E 
 385      B2CA91A8 
 385      FC09E7
 386 0785 2BEB71C2 		.ascii	"+\353q\302\371\230\304\271\262\253?\313[\344\334\377"
 386      F998C4B9 
 386      B2AB3FCB 
 386      5BE4DCFF 
 387 0795 A6853380 		.ascii	"\246\2053\200P\226\214s\226=\347\034\312\271|$+\005"
 387      50968C73 
 387      963DE71C 
 387      CAB97C24 
 387      2B05
 388 07a7 E366C6B9 		.ascii	"\343f\306\271\367\2769\321f\007G\266{\326\011\227+M"
 388      F7BE39D1 
 388      660747B6 
 388      7BD60997 
 388      2B4D
 389 07b9 B89AC2DD 		.ascii	"\270\232\302\335\305l\220\347Z&\334\371\323\005G\221"
 389      C56C90E7 
 389      5A26DCF9 
 389      D3054791 
 390 07c9 53CA7984 		.ascii	"S\312y\204\362\011\211"
 390      F20989
 391 07d0 724E6363 		.ascii	"rNcc\223\013\241,\300\356\346\231oQ\301-!NEA\350;\031"
 391      930BA12C 
 391      C0EEE699 
 391      6F51C12D 
 391      214E4541 
 392 07e7 657867CB 		.ascii	"exg\313\307IJu\342Z\372\244'\216WP\252yQ\317\252\225"
 392      C7494A75 
 392      E25AFAA4 
 392      278E5750 
 392      AA7951CF 
 393 07fd 388D1546 		.ascii	"8\215\025F\257w\035W\003\037T@5\240\246.\377\366vW\234"
 393      AF771D57 
ARM GAS  /tmp/ccSdqleG.s 			page 31


 393      031F5440 
 393      35A0A62E 
 393      FFF67657 
 394 0812 C99ACFDC 		.ascii	"\311\232\317\334\335\235\346B\232\277'98\305R\\\020"
 394      DD9DE642 
 394      9ABF2739 
 394      38C5525C 
 394      10
 395 0823 597ECC13 		.ascii	"Y~\314\023\037e\010s\347\300\020\351\031t\206 N3\204"
 395      1F650873 
 395      E7C010E9 
 395      19748620 
 395      4E3384
 396 0836 B5075DA5 		.ascii	"\265\007]\245\211\322wl B\252)d\250\275\015\346{X\036"
 396      89D2776C 
 396      2042AA29 
 396      64A8BD0D 
 396      E67B581E 
 397 084a B7AB7C9D 		.ascii	"\267\253|\235\371\221\304\375\203\024\267P\232\021\245"
 397      F991C4FD 
 397      8314B750 
 397      9A11A5
 398 0859 86B84732 		.ascii	"\206\270G2\204\214\375\302\312(!A(?\315\023\020\312"
 398      848CFDC2 
 398      CA282141 
 398      283FCD13 
 398      10CA
 399 086b 97E24667 		.ascii	"\227\342Fg\001M\212,\364\237h\350\303\331\321\273\275"
 399      014D8A2C 
 399      F49F68E8 
 399      C3D9D1BB 
 399      BD
 400 087c F14985D3 		.ascii	"\361I\205\323\031\334\2360\330\242\260,;E\214Z\365x"
 400      19DC9E30 
 400      D8A2B02C 
 400      3B458C5A 
 400      F578
 401 088e 71B68765 		.ascii	"q\266\207e:\024\263\312\310\341\302dW\247\375TJ\370"
 401      3A14B3CA 
 401      C8E1C264 
 401      57A7FD54 
 401      4AF8
 402 08a0 96487C07 		.ascii	"\226H|\007&\314\271R?\335H\301\223u\261\345\237R\014"
 402      26CCB952 
 402      3FDD48C1 
 402      9375B1E5 
 402      9F520C
 403 08b3 3A27EBA6 		.ascii	":'\353\246s\022\32726\233+w]\025w\342\344cz5\377\370"
 403      7312D732 
 403      369B2B77 
 403      5D1577E2 
 403      E4637A35 
 404 08c9 094FA7A7 		.ascii	"\011O\247\247\247\012\236\235\236\312y\272\327\276|"
 404      A70A9E9D 
 404      9ECA79BA 
 404      D7BE7C
 405 08d8 7E683F66 		.ascii	"~h?f\272\036d\341\0322\237ta\373\215v\322\374h\347S"
ARM GAS  /tmp/ccSdqleG.s 			page 32


 405      BA1E64E1 
 405      1A329F74 
 405      61FB8D76 
 405      D2FC68E7 
 406 08ed 9DFD39A7 		.ascii	"\235\3759\247\022\270\233)\367*~63H\271wl\251mr\261"
 406      12B89B29 
 406      F72A7E36 
 406      3348B977 
 406      6CA96D72 
 407 0902 3FBA3803 		.ascii	"?\2728\003\037M;\264\335ea\254K:\034\260\252\241\205"
 407      1F4D3BB4 
 407      DD6561AC 
 407      4B3A1CB0 
 407      AAA185
 408 0915 9CF9EF36 		.ascii	"\234\371\3576\302`\330\345\302\2562\352\036\355U\341"
 408      C260D8E5 
 408      C2AE32EA 
 408      1EED55E1 
 409 0925 0C567852 		.ascii	"\014VxR\327^\342\366\372\021\241\261\234|-\336J9*\304"
 409      D75EE2F6 
 409      FA11A1B1 
 409      9C7C2DDE 
 409      4A392AC4 
 410 0939 2546523D 		.ascii	"%FR=t\021\322\002\037\005\231\237\013Ps\236_\010o\227"
 410      7411D202 
 410      1F05999F 
 410      0B50739E 
 410      5F086F97 
 411 094d F8D7C991 		.ascii	"\370\327\311\221>>\352\231\233\323t\324\210\3510\263"
 411      3E3EEA99 
 411      9BD374D4 
 411      88E930B3 
 412 095d 7464F4DC 		.ascii	"td\364\334\037v\265\017\330z\200\277Lb\250\221bH\252"
 412      1F76B50F 
 412      D87A80BF 
 412      4C62A891 
 412      6248AA
 413 0970 ECCE9D11 		.ascii	"\354\316\235\021\2603\360\371s\025'T\013sh\300\265,"
 413      B033F0F9 
 413      73152754 
 413      0B7368C0 
 413      B52C
 414 0982 E0FEFAAD 		.ascii	"\340\376\372\255\225\336\270\220\305h.jh\342\305\030"
 414      95DEB890 
 414      C5682E6A 
 414      68E2C518 
 415 0992 FB7D2233 		.ascii	"\373}\"3\312c\026\020\034\015\020>*2\273\365PSG\003"
 415      CA631610 
 415      1C0D103E 
 415      2A32BBF5 
 415      50534703 
 416 09a6 6CA0010E 		.ascii	"l\240\001\0166\037\310U.\254\242\226\341\000H\227\213"
 416      361FC855 
 416      2EACA296 
 416      E1004897 
 416      8B
 417 09b7 E3C9675D 		.ascii	"\343\311g]q\013\263|\240\252w\207d\271\343Uf\231\034"
ARM GAS  /tmp/ccSdqleG.s 			page 33


 417      710BB37C 
 417      A0AA7787 
 417      64B9E355 
 417      66991C
 418 09ca 148965F8 		.ascii	"\024\211e\370\034\310N\227MP\323H-7S\313\031\255\335"
 418      1CC84E97 
 418      4D50D348 
 418      2D3753CB 
 418      19ADDD
 419 09dd 37D5B88F 		.ascii	"7\325\270\217\231\311\233\036J\363f#E \247\250\214\023"
 419      99C99B1E 
 419      4AF36623 
 419      4520A7A8 
 419      8C13
 420 09ef 1D35E275 		.ascii	"\0355\342u\227@.\270\312\013v\267\210\207.r\261\222"
 420      97402EB8 
 420      CA0B76B7 
 420      88872E72 
 420      B192
 421 0a01 D9FEA4C3 		.ascii	"\331\376\244\303\371\031\276ML\373U\226vs\343\266\275"
 421      F919BE4D 
 421      4CFB5596 
 421      7673E3B6 
 421      BD
 422 0a12 DE789839 		.ascii	"\336x\2309\332\363]\305s\361\270VN\312w\205\355%\010"
 422      DAF35DC5 
 422      73F1B856 
 422      4ECA7785 
 422      ED2508
 423 0a25 8FD0466C 		.ascii	"\217\320Fl\036\032\215V\221;\026\233\303\3015\350}v"
 423      1E1A8D56 
 423      913B169B 
 423      C3C135E8 
 423      7D76
 424 0a37 82E864FB 		.ascii	"\202\350d\373\031\324\305\373\242n\336\346z\345\335"
 424      19D4C5FB 
 424      A26EDEE6 
 424      7AE5DD
 425 0a46 13E2F50A 		.ascii	"\023\342\365\012\371\026\264C\250\235\374\013\256W\352"
 425      F916B443 
 425      A89DFC0B 
 425      AE57EA
 426 0a55 F3E61E89 		.ascii	"\363\346\036\211\026.~A>&\035\216\301\322i\2458\271"
 426      162E7E41 
 426      3E261D8E 
 426      C1D269A5 
 426      38B9
 427 0a67 7FAB077E 		.ascii	"\177\253\007~\314\330GulO\364\234\343\220\035\272.\332"
 427      CCD84775 
 427      6C4FF49C 
 427      E3901DBA 
 427      2EDA
 428 0a79 B12348FA 		.ascii	"\261#H\372\350z\322\025O\353PR\240\036\200\265\202\336"
 428      E87AD215 
 428      4FEB5052 
 428      A01E80B5 
 428      82DE
ARM GAS  /tmp/ccSdqleG.s 			page 34


 429 0a8b 153AA67B 		.ascii	"\025:\246{\311Pj\223\206RNF}:\206\016\245\213y\012\276"
 429      C9506A93 
 429      86524E46 
 429      7D3A860E 
 429      A58B790A 
 430 0aa0 335C2308 		.ascii	"3\\#\010\231<\001\241\026\266J\310T[\350Z\201\372h\207"
 430      993C01A1 
 430      16B64AC8 
 430      545BE85A 
 430      81FA6887 
 431 0ab4 D655B7A4 		.ascii	"\326U\267\244\270\341i\226\312\212\254\266\323\356\310"
 431      B8E16996 
 431      CA8AACB6 
 431      D3EEC8
 432 0ac3 9D5D866C 		.ascii	"\235]\206l\245\327\023\321\211\263\220\345z\242\037"
 432      A5D713D1 
 432      89B390E5 
 432      7AA21F
 433 0ad2 6CDDE0DD 		.ascii	"l\335\340\3359t\023\214\015\360\3542\204T\320\313\220"
 433      3974138C 
 433      0DF0EC32 
 433      8454D0CB 
 433      90
 434 0ae3 59AC0DFE 		.ascii	"Y\254\015\376\220\303O\365h\203\315g\354G\233\263\306"
 434      90C34FF5 
 434      6883CD67 
 434      EC479BB3 
 434      C6
 435 0af4 20FD8C91 		.ascii	" \375\214\221\007Yb\322\367\267yH\007\204\230\377u\255"
 435      075962D2 
 435      F7B77948 
 435      078498FF 
 435      75AD
 436 0b06 8686E801 		.ascii	"\206\206\350\001!{,[\360\222;\310\263qp\2139\270E\035"
 436      217B2C5B 
 436      F0923BC8 
 436      B371708B 
 436      39B8451D 
 437 0b1a FC78B6FB 		.ascii	"\374x\266\373\214\315\221\217\254\023V\354m\206\275"
 437      8CCD918F 
 437      AC1356EC 
 437      6D86BD
 438 0b29 4DB13525 		.ascii	"M\2615%e[\324\0226\306\371\361\020\335\241\360\004\241"
 438      655BD412 
 438      36C6F9F1 
 438      10DDA1F0 
 438      04A1
 439 0b3b ACC8DD19 		.ascii	"\254\310\335\031\334\356\210x\227j\014\346d\015`\307"
 439      DCEE8878 
 439      976A0CE6 
 439      640D60C7 
 440 0b4b D13AB892 		.ascii	"\321:\270\222E\367h\264\373{s3\325\216\317P\016nL\320"
 440      45F768B4 
 440      FB7B7333 
 440      D58ECF50 
 440      0E6E4CD0 
 441 0b5f 30557ABA 		.ascii	"0Uz\272\357\341\035\233\343k\255M\330\367Y\330\367)"
ARM GAS  /tmp/ccSdqleG.s 			page 35


 441      EFE11D9B 
 441      E36BAD4D 
 441      D8F759D8 
 441      F729
 442 0b71 ABA6EAA8 		.ascii	"\253\246\352\250\014O9\266\324&\235\017\030\366\001"
 442      0C4F39B6 
 442      D4269D0F 
 442      18F601
 443 0b80 C5360F14 		.ascii	"\3056\017\024\014\333\330\355\261\231\011#\014;B\261"
 443      0CDBD8ED 
 443      B1990923 
 443      0C3B42B1 
 444 0b90 D51D89DF 		.ascii	"\325\035\211\337\332\330\355\265\341\360\220a\311C\021"
 444      DAD8EDB5 
 444      E1F09061 
 444      C94311
 445 0b9f A20DFFF2 		.ascii	"\242\015\377\362\215%K\374\340\377\227\372\260P\275"
 445      8D254BFC 
 445      E0FF97FA 
 445      B050BD
 446 0bae C16F5550 		.ascii	"\301oUP\360\206\340u\353\375\214\341~AZ\203_x\230\216"
 446      F086E075 
 446      EBFD8CE1 
 446      7E415A83 
 446      5F78988E 
 447 0bc2 3C359BB4 		.ascii	"<5\233\264\206%:\345\352O\376\262`\325\212\025\234:"
 447      86253AE5 
 447      EA4FFEB2 
 447      60D58A15 
 447      9C3A
 448 0bd4 D8B8C918 		.ascii	"\330\270\311\030f\"\332\032\223+y\015\016P\257\376t"
 448      6622DA1A 
 448      932B790D 
 448      0E50AFFE 
 448      74
 449 0be5 CD3ACD67 		.ascii	"\315:\315g_o\322\177\250\017T1@p\0004\033\003\003\303"
 449      5F6FD27F 
 449      A80F5431 
 449      40700034 
 449      1B0303C3 
 450 0bf9 F5267544 		.ascii	"\365&uDp\250I\023\250\0157\275\2471-y\221\313\340P\235"
 450      70A84913 
 450      A80D37BD 
 450      A7312D79 
 450      91CBE050 
 451 0c0e 2122406F 		.ascii	"!\"@oq\033\304\271\254Y\2672\"\\\241\013\322\206)\203"
 451      711BC4B9 
 451      AC59B732 
 451      225CA10B 
 451      D2862983 
 452 0c22 8D21C600 		.ascii	"\215!\306\000\275\306\204W\372\373+\211\315e\357hL\212"
 452      BDC68457 
 452      FAFB2B89 
 452      CD65EF68 
 452      4C8A
 453 0c34 95EBFDFD 		.ascii	"\225\353\375\375\361\272\017\375\361\032\220U\376\037"
 453      F1BA0FFD 
ARM GAS  /tmp/ccSdqleG.s 			page 36


 453      F11A9055 
 453      FE1F
 454 0c42 81AC55AC 		.ascii	"\201\254U\254]\365g\377\367\235y\322\031CB\214\241~"
 454      5DF567FF 
 454      F79D79D2 
 454      1943428C 
 454      A17E
 455 0c54 FACD26BF 		.ascii	"\372\315&\277\365\237\301\377\217\227\275\363\247\245"
 455      F59FC1FF 
 455      8F97BDF3 
 455      A7A5
 456 0c62 9B37FB85 		.ascii	"\2337\373\205\233B\226\275\023\270\364\355e\233\365"
 456      9B4296BD 
 456      13B8F4ED 
 456      659BF5
 457 0c71 E0D91DE2 		.ascii	"\340\331\035\342\320\006\2200<\201\212Nk0l\320\352 "
 457      D0069030 
 457      3C818A4E 
 457      6B306CD0 
 457      EA20
 458 0c83 66A06108 		.ascii	"f\240a\010\016\005\032\374\273\234R\033\026\362\325"
 458      0E051AFC 
 458      BB9C521B 
 458      16F2D5
 459 0c92 F2C5219C 		.ascii	"\362\305!\234J\007!\3537/\016Y\306\251\000\355\257\327"
 459      4A0721EB 
 459      372F0E59 
 459      C6A900ED 
 459      AFD7
 460 0ca4 0600ED37 		.ascii	"\006\000\3557\177qz9\017x\3745,\330\244\0075\342o\275"
 460      7F717A39 
 460      0F78FC35 
 460      2CD8A407 
 460      35E26FBD 
 461 0cb8 DE046F1F 		.ascii	"\336\004o\037C\274\263Y\351Sm\300*\221\303\2329\254"
 461      43BCB359 
 461      E9536DC0 
 461      2A91C39A 
 461      39AC
 462 0cca 6A2DD0B0 		.ascii	"j-\320\260\324\271\353\202\326\177\035\376\221\326`"
 462      D4B9EB82 
 462      D67F1DFE 
 462      91D660
 463 0cd9 5AECCC6B 		.ascii	"Z\354\314k\230\311\222`]\220^\033f\370\032\302\234\245"
 463      98C99260 
 463      5D905E1B 
 463      66F81AC2 
 463      9CA5
 464 0ceb D16C8808 		.ascii	"\321l\210\0106\230\202C5\372\315\233\364:\223\213\316"
 464      36988243 
 464      35FACD9B 
 464      F43A938B 
 464      CE
 465 0cfc 181A6E52 		.ascii	"\030\032nR\030\364\332@\267P\243)(\314\370\357\227\010"
 465      18F4DA40 
 465      B750A329 
 465      28CCF8EF 
ARM GAS  /tmp/ccSdqleG.s 			page 37


 465      9708
 466 0d0e 498DC110 		.ascii	"I\215\301\020\240\201\336\334\030f\214\330D:\342\017"
 466      A081DEDC 
 466      18668CD8 
 466      443AE20F 
 467 0d1e 2F8A8E0C 		.ascii	"/\212\216\014\201p\226[\277\265k?\364##\344\253\245"
 467      8170965B 
 467      BFB56B3F 
 467      F42323E4 
 467      ABA5
 468 0d30 52C0C416 		.ascii	"R\300\304\026\370\366\260\246\212\363\324h\002#Bu\032"
 468      F8F6B0A6 
 468      8AF3D468 
 468      02234275 
 468      1A
 469 0d41 CD92E5CB 		.ascii	"\315\222\345\313\337\376\215R*\251ey\261\301,]\352e"
 469      DFFE8D52 
 469      2AA96579 
 469      B1C12C5D 
 469      EA65
 470 0d53 9326DBC6 		.ascii	"\223&\333\306\345\036\324\215\376+}\250)\234\327m\300"
 470      E51ED48D 
 470      FE2B7DA8 
 470      299CD76D 
 470      C0
 471 0d64 DAB08DA4 		.ascii	"\332\260\215\244ch\205\306\344\242Yi4\032\376\013[/"
 471      636885C6 
 471      E4A25969 
 471      341AFE0B 
 471      5B2F
 472 0d76 C366     		.ascii	"\303f"
 473              		.text
 474              		.section	.gnu.lto_.symtab.cb73554426616fd4,"e",%progbits
 475 0000 70616C52 		.ascii	"palReadBus\000"
 475      65616442 
 475      757300
 476 000b 00       		.ascii	"\000"
 477 000c 00       		.ascii	"\000"
 478 000d 00       		.ascii	"\000"
 479 000e 00000000 		.ascii	"\000\000\000\000\000\000\000\000"
 479      00000000 
 480 0016 12010000 		.ascii	"\022\001\000\000"
 481 001a 70616C57 		.ascii	"palWriteBus\000"
 481      72697465 
 481      42757300 
 482 0026 00       		.ascii	"\000"
 483 0027 00       		.ascii	"\000"
 484 0028 00       		.ascii	"\000"
 485 0029 00000000 		.ascii	"\000\000\000\000\000\000\000\000"
 485      00000000 
 486 0031 17010000 		.ascii	"\027\001\000\000"
 487 0035 70616C53 		.ascii	"palSetBusMode\000"
 487      65744275 
 487      734D6F64 
 487      6500
 488 0043 00       		.ascii	"\000"
 489 0044 00       		.ascii	"\000"
ARM GAS  /tmp/ccSdqleG.s 			page 38


 490 0045 00       		.ascii	"\000"
 491 0046 00000000 		.ascii	"\000\000\000\000\000\000\000\000"
 491      00000000 
 492 004e 1C010000 		.ascii	"\034\001\000\000"
 493 0052 70616C53 		.ascii	"palSetPadCallbackI\000"
 493      65745061 
 493      6443616C 
 493      6C626163 
 493      6B4900
 494 0065 00       		.ascii	"\000"
 495 0066 00       		.ascii	"\000"
 496 0067 00       		.ascii	"\000"
 497 0068 00000000 		.ascii	"\000\000\000\000\000\000\000\000"
 497      00000000 
 498 0070 23010000 		.ascii	"#\001\000\000"
 499 0074 70616C53 		.ascii	"palSetLineCallbackI\000"
 499      65744C69 
 499      6E654361 
 499      6C6C6261 
 499      636B4900 
 500 0088 00       		.ascii	"\000"
 501 0089 00       		.ascii	"\000"
 502 008a 00       		.ascii	"\000"
 503 008b 00000000 		.ascii	"\000\000\000\000\000\000\000\000"
 503      00000000 
 504 0093 29010000 		.ascii	")\001\000\000"
 505 0097 5F70616C 		.ascii	"_pal_events\000"
 505      5F657665 
 505      6E747300 
 506 00a3 00       		.ascii	"\000"
 507 00a4 02       		.ascii	"\002"
 508 00a5 00       		.ascii	"\000"
 509 00a6 00000000 		.ascii	"\000\000\000\000\000\000\000\000"
 509      00000000 
 510 00ae 61010000 		.ascii	"a\001\000\000"
 511 00b2 63685379 		.ascii	"chSysHalt\000"
 511      7348616C 
 511      7400
 512 00bc 00       		.ascii	"\000"
 513 00bd 02       		.ascii	"\002"
 514 00be 00       		.ascii	"\000"
 515 00bf 00000000 		.ascii	"\000\000\000\000\000\000\000\000"
 515      00000000 
 516 00c7 2E010000 		.ascii	".\001\000\000"
 517 00cb 5F70616C 		.ascii	"_pal_lld_setgroupmode\000"
 517      5F6C6C64 
 517      5F736574 
 517      67726F75 
 517      706D6F64 
 518 00e1 00       		.ascii	"\000"
 519 00e2 02       		.ascii	"\002"
 520 00e3 00       		.ascii	"\000"
 521 00e4 00000000 		.ascii	"\000\000\000\000\000\000\000\000"
 521      00000000 
 522 00ec 3F010000 		.ascii	"?\001\000\000"
 523              		.text
 524              		.section	.gnu.lto_.opts,"e",%progbits
ARM GAS  /tmp/ccSdqleG.s 			page 39


 525 0000 272D666E 		.ascii	"'-fno-openmp' '-fno-openacc' '-fno-pie' '-mcpu=cort"
 525      6F2D6F70 
 525      656E6D70 
 525      2720272D 
 525      666E6F2D 
 526 0033 65782D6D 		.ascii	"ex-m3' '-mthumb' '-mfloat-abi=soft' '-march=armv7-m"
 526      33272027 
 526      2D6D7468 
 526      756D6227 
 526      20272D6D 
 527 0066 2720272D 		.ascii	"' '-O2' '-fstack-usage' '-ffunction-sections' '-fda"
 527      4F322720 
 527      272D6673 
 527      7461636B 
 527      2D757361 
 528 0099 74612D73 		.ascii	"ta-sections' '-fno-common' '-flto' '-fshort-enums'\000"
 528      65637469 
 528      6F6E7327 
 528      20272D66 
 528      6E6F2D63 
 529              		.text
 530              		.comm	__gnu_lto_v1,1,1
 531              		.comm	__gnu_lto_slim,1,1
 532              		.ident	"GCC: (GNU Arm Embedded Toolchain 9-2020-q2-update) 9.3.1 20200408 (release)"
ARM GAS  /tmp/ccSdqleG.s 			page 40


DEFINED SYMBOLS
                            *ABS*:0000000000000000 hal_pal.c
                            *COM*:0000000000000001 __gnu_lto_v1
                            *COM*:0000000000000001 __gnu_lto_slim

NO UNDEFINED SYMBOLS
