ARM GAS  /tmp/cc5DFNEQ.s 			page 1


   1              		.cpu cortex-m3
   2              		.eabi_attribute 20, 1
   3              		.eabi_attribute 21, 1
   4              		.eabi_attribute 23, 3
   5              		.eabi_attribute 24, 1
   6              		.eabi_attribute 25, 1
   7              		.eabi_attribute 26, 1
   8              		.eabi_attribute 30, 2
   9              		.eabi_attribute 34, 1
  10              		.eabi_attribute 18, 4
  11              		.file	"memstreams.c"
  12              		.section	.gnu.lto_.profile.70e5c6d1f40539f9,"e",%progbits
  13 0000 789CE360 		.ascii	"x\234\343``\004B \000\000\000]\000\013"
  13      60044220 
  13      0000005D 
  13      000B
  14              		.text
  15              		.section	.gnu.lto_.icf.70e5c6d1f40539f9,"e",%progbits
  16 0000 789CE360 		.ascii	"x\234\343``d\320f@\000v\206\337\253\357\036\347b|2\363"
  16      6064D066 
  16      40007686 
  16      DFABEF1E 
  16      E7627C32 
  17 0015 CA216EA6 		.ascii	"\312!n\246\375\3677r2O\371\275\365\003/\013\230d=\273"
  17      FDF73772 
  17      324FF9BD 
  17      F5032F0B 
  17      98643DBB 
  18 0029 6AFA1E0E 		.ascii	"j\372\036\016\266%o7\035\341g\000\000\344\353\025\205"
  18      B6256F37 
  18      1DE16700 
  18      00E4EB15 
  18      85
  19              		.text
  20              		.section	.gnu.lto_.jmpfuncs.70e5c6d1f40539f9,"e",%progbits
  21 0000 789C854E 		.ascii	"x\234\205NA\012\2000\014K\326nz\333\217\335S\366\025"
  21      410A8030 
  21      0C4BD66E 
  21      7ADB8FDD 
  21      53F615
  22 0013 6F3E6BA6 		.ascii	"o>k\246\"8\0204\020\332\2046d\005q\340AA\"\255u\203"
  22      22381034 
  22      10DA8436 
  22      640571E0 
  22      414122AD 
  23 0029 C840EC69 		.ascii	"\310@\354i6-\374%\024\273%M+\276\221\340\356\2048\204"
  23      362DFC25 
  23      14BB254D 
  23      2BBE91E0 
  23      EE843884 
  24 003d AAA86FED 		.ascii	"\252\250o\355s\212_)\257\223\377\324\354Q\261\352=\267"
  24      738A5F29 
  24      AF93FFD4 
  24      EC51B1EA 
  24      3DB7
  25 004f BB4C1027 		.ascii	"\273L\020'\317\2653\316"
  25      CFB533CE 
ARM GAS  /tmp/cc5DFNEQ.s 			page 2


  26              		.text
  27              		.section	.gnu.lto_.inline.70e5c6d1f40539f9,"e",%progbits
  28 0000 789CCD92 		.ascii	"x\234\315\222\275J\003Q\020\205\317\314l\342\305$\260"
  28      BD4A0351 
  28      1085CFCC 
  28      6CE2C524 
  28      B0
  29 0011 A5A0C596 		.ascii	"\245\240\305\226\226>\200\205O\3403\230M\242\245>\201"
  29      963E8085 
  29      4FE03398 
  29      4DA2A53E 
  29      81
  30 0022 6C50040B 		.ascii	"lP\004\013\203ba\345O#\026V\202XX\304@:\033\213\200"
  30      836261E5 
  30      4F231656 
  30      825858C4 
  30      403A1B8B 
  31 0037 58295AD9 		.ascii	"X)Z\331\245\263P\023\235{7\373\243\225\351\234\205\273"
  31      A5B35013 
  31      9D7B37FB 
  31      A395E99C 
  31      85BB
  32 0049 E7CECEE5 		.ascii	"\347\316\316\345|\234\273\006\204yAZE\240\262}\3721"
  32      7C9CBB06 
  32      8479415A 
  32      45A0B27D 
  32      FA31
  33 005b E4651204 		.ascii	"\344e\022\004\004Yp\353\222[\203\311\342\376\355\333"
  33      045970EB 
  33      925B83C9 
  33      E2FEEDDB 
  34 006b 80EB80B9 		.ascii	"\200\353\200\271\350\236}q\235\301\240H\213C\206\227"
  34      E89E7D71 
  34      9DC1A048 
  34      8B438697 
  35 007b 6A7859D7 		.ascii	"jxY\327d]\003\317\251:\312\240\356\316\321@\252\014"
  35      645D03CF 
  35      A93ACAA0 
  35      EECED140 
  35      AA0C
  36 008d 9F130D1F 		.ascii	"\237\023\015\037\354T\210)\313B(\037^\356=\245(1DD#"
  36      EC548829 
  36      CB42281F 
  36      5EEE3DA5 
  36      28314444 
  37 00a2 16712C35 		.ascii	"\026q,5`\342\341\271w\363W\026y\331\272\033\352\251"
  37      60E2E1B9 
  37      77F35716 
  37      79D9BA1B 
  37      EAA9
  38 00b4 315918A5 		.ascii	"1Y\030\245\315\346y[Y<\004\253\007B\255\215\376\243"
  38      CDE6795B 
  38      593C04AB 
  38      0742AD8D 
  38      FEA3
  39 00c6 69C9B108 		.ascii	"i\311\261\010\201\256i\332q\255\245*\017\0124\325i]"
  39      81AE69DA 
ARM GAS  /tmp/cc5DFNEQ.s 			page 3


  39      71ADA52A 
  39      0F0A34D5 
  39      695D
  40 00d8 C38D1D7F 		.ascii	"\303\215\035\177\200\252eAeGA\324\262}u\377.\241\201"
  40      80AA6541 
  40      654741D4 
  40      B27D75FF 
  40      2EA181
  41 00eb 6F404E57 		.ascii	"o@NWML\335\177\215>\271f\220\357\0076\332\321N7\331"
  41      4D4CDD7F 
  41      8D3EB966 
  41      90EF0736 
  41      DAD14E37 
  42 0100 E9396391 		.ascii	"\3519c\221\005\2765\221\025\213\234\213\217\365\205"
  42      05BE3591 
  42      158B9C8B 
  42      8FF585
  43 010f 18AD9464 		.ascii	"\030\255\224d\000\343F\307\276Ov\252\246\031&j&\233"
  43      00E346C7 
  43      BE4F76AA 
  43      A619266A 
  43      269B
  44 0121 0CB2C920 		.ascii	"\014\262\311 \375>k\321\274\212\345\333]\264\217\367"
  44      FD3E6BD1 
  44      BC8AE5DB 
  44      5DB48FF7 
  45 0131 0B73F4C3 		.ascii	"\013s\364\303\3753\312\202\363\356H\203\300\311}\241"
  45      FD33CA82 
  45      F3EE4883 
  45      C0C97DA1 
  46 0141 A4E2841B 		.ascii	"\244\342\204\033\026\307\3267\207O\277\220"
  46      16C7D637 
  46      874FBF90 
  47              		.text
  48              		.section	.gnu.lto_.pureconst.70e5c6d1f40539f9,"e",%progbits
  49 0000 789C05C1 		.ascii	"x\234\005\301\301\021\000\020\000\300\260\242\234\277"
  49      C1110010 
  49      00C0B0A2 
  49      9CBF
  50 000e ED3BADE4 		.ascii	"\355;\255\3442x\300!G\316\\i\356\374&\262\003\346"
  50      3278C021 
  50      47CE5C69 
  50      EEFC26B2 
  50      03E6
  51              		.text
  52              		.section	.gnu.lto__put.70e5c6d1f40539f9,"e",%progbits
  53 0000 789C9552 		.ascii	"x\234\225R\333KTA\030\237\337|g\317\331U\363\037\330"
  53      DB4B5441 
  53      189FDF7C 
  53      67CFD955 
  53      F31FD8
  54 0013 171F0211 		.ascii	"\027\037\002\021b\317B\005\321\205\202\240\327\036\372"
  54      62CF4205 
  54      D18582A0 
  54      D71EFA
  55 0022 0B54165C 		.ascii	"\013T\026\\\332\255\320\236s\326\025\2432\353\241\274"
  55      DAADD09E 
ARM GAS  /tmp/cc5DFNEQ.s 			page 4


  55      73D615A3 
  55      32EBA1BC 
  56 0032 84EB1164 		.ascii	"\204\353\021d\351\362\320U*\322\362\324Z\271\336\322"
  56      E9F2D055 
  56      2AD2F2D4 
  56      5AB9DED2 
  57 0042 24481F56 		.ascii	"$H\037V\012\014\262\353\223\364\222\365\3159\007\326"
  57      0A0CB2EB 
  57      93F492F5 
  57      CD3907D6 
  58 0052 E8450F73 		.ascii	"\350E\017s>\346\233\231\337\345\373f\302\002\342\001"
  58      3EE69B99 
  58      DFE5FB66 
  58      C202E201 
  59 0062 09B15F08 		.ascii	"\011\261_\010\261\227\177\204\004\244R\352\220\225\011"
  59      B1977F84 
  59      04A452EA 
  59      909509
  60 0071 4B69DC18 		.ascii	"Ki\334\030\330a\250\012z\377a\341\240\241\252\010F\260"
  60      D861A80A 
  60      7AFF61E1 
  60      A0A1AA08 
  60      46B0
  61 0083 6500DE4C 		.ascii	"e\000\336L\205!Z%\031h\305%\352!\224\332r\277\252\272"
  61      85215A25 
  61      1968C525 
  61      EA2194DA 
  61      72BFAABA 
  62 0097 C8210183 		.ascii	"\310!\001\203\323+\223\303\305\012\235\0025\234vf\026"
  62      D32B93C3 
  62      C50A9D02 
  62      359C7666 
  62      16
  63 00a8 47A8EE3A 		.ascii	"G\250\356:#\225\333\323m\016\014\317\251\210CR\364\361"
  63      2395DBD3 
  63      6D0E0CCF 
  63      A9884352 
  63      F4F1
  64 00ba F11144F1 		.ascii	"\361\021D\361\004Q\241?\214\242\216\217/\314\274\273"
  64      0451A13F 
  64      8CA28E8F 
  64      2FCCBCBB 
  65 00ca 6CD11E08 		.ascii	"l\321\036\010\236O\316w\217\205k\363J\265)wz\210\324"
  65      9E4FCE77 
  65      8F856BF3 
  65      4AB52977 
  65      7A88D4
  66 00dd 7687084F 		.ascii	"v\207\010OA\377@y\215\301\317P\313\200\376\216[+D\373"
  66      41FF4079 
  66      8DC1CF50 
  66      CB80FE8E 
  66      5B2B44FB 
  67 00f1 3CF0D4DA 		.ascii	"<\360\324\332\304\270\014\300_\333IU9\354x\314\007\357"
  67      C4B80CC0 
  67      5FDB4955 
  67      39EC78CC 
  67      07EF
ARM GAS  /tmp/cc5DFNEQ.s 			page 5


  68 0103 8C22EE41 		.ascii	"\214\"\356A\015\206\272\250\025\032\360\361\336\372"
  68      0D86BAA8 
  68      151AF0F1 
  68      DEFA
  69 0111 D56DA6A1 		.ascii	"\325m\246\241\215i;\317ar\233\204\270\3636\344\252\365"
  69      8D693BCF 
  69      61729B84 
  69      B8F336E4 
  69      AAF5
  70 0123 3F67953B 		.ascii	"?g\225;\236\307\243#\325`XH\352@\034\370<\207\220NM"
  70      9EC7A323 
  70      D5605848 
  70      EA401CF8 
  70      3C87904E 
  71 0138 1D2C0E32 		.ascii	"\035,\0162\002\355\247\022>\365\005\022\272x\003\312"
  71      02EDA712 
  71      3EF50512 
  71      BA7803CA 
  72 0148 15A293A4 		.ascii	"\025\242\223\244\237d8YE\333\350\347\256\202\251\265"
  72      9F643859 
  72      45DBE8E7 
  72      AE82A9B5 
  73 0158 7204F6D0 		.ascii	"r\004\366\320\225\375Q\012\353\336Y^\015\356\322\335"
  73      95FD510A 
  73      EBDE595E 
  73      0DEED2DD 
  74 0168 C5EA3C86 		.ascii	"\305\352<\2062\014\251q(\234\243\010^\350\242y/\343"
  74      320CA971 
  74      289CA308 
  74      5EE8A279 
  74      2FE3
  75 017a 2C3F36E3 		.ascii	",?6\343\267\225\277\025A\001y\364\372\326\307\021\367"
  75      B795BF15 
  75      410179F4 
  75      FAD6C711 
  75      F7
  76 018b B88B319F 		.ascii	"\270\2131\237Yn\221\352\245G\245\213\307+\246ZA\373"
  76      596E91EA 
  76      A547A58B 
  76      C72BA65A 
  76      41FB
  77 019d 72615760 		.ascii	"raW`\222\331\274\353\352$*\\\034\370M\345Bz\263A!\264"
  77      92D9BCEB 
  77      EA242A5C 
  77      1CF84DE5 
  77      427AB341 
  78 01b3 253913AF 		.ascii	"%9\023\257=9M\213\011\317y\366~G_\310\3472\230NK\262"
  78      3D394D8B 
  78      09CF79F6 
  78      7E475FC8 
  78      E732984E 
  79 01c9 C2B5E201 		.ascii	"\302\265\342\001\275\266\261K\346\177]\032\254v4\306"
  79      BDB6B14B 
  79      E67F5D1A 
  79      AC7634C6 
  80 01d9 40518B61 		.ascii	"@Q\213a\222\251sT\351\033\354\313Z>ihS\006c\272\025"
  80      92A97354 
ARM GAS  /tmp/cc5DFNEQ.s 			page 6


  80      E91BECCB 
  80      5A3E6968 
  80      530663BA 
  81 01ee 53E5564C 		.ascii	"S\345VL\373\336\372;\340\263\004D\017\317}\273\031\321"
  81      FBDEFA3B 
  81      E0B30444 
  81      0FCF7DBB 
  81      19D1
  82 0200 66F8D631 		.ascii	"f\370\3261\303\014\254U:\217\300\352&ef\3132o\020gn"
  82      C30CAC55 
  82      3A8FC0EA 
  82      266566CB 
  82      326F1067 
  83 0215 AFC346F9 		.ascii	"\257\303F\371\251|\207\0249\262xy\015\026c\277\314\016"
  83      A97C8714 
  83      39B27879 
  83      0D1663BF 
  83      CC0E
  84 0227 FEF45425 		.ascii	"\376\364T%\316`\016Q\271\332\270\2611\022\002\363\210"
  84      CE600E51 
  84      B9DAB8B1 
  84      311202F3 
  84      88
  85 0238 D2D2A739 		.ascii	"\322\322\2479\360\003D\371\001\012\261;\026\263y\034"
  85      F00344F9 
  85      010AB13B 
  85      16B3791C 
  86 0248 4F349F48 		.ascii	"O4\237H\244\354\303M\311\206\344\321c\366\311\026\273"
  86      A4ECC34D 
  86      C986E4D1 
  86      63F6C916 
  86      BB
  87 0259 A93E65A7 		.ascii	"\251>e\247\222\015v\313\351\346D}\272\305N'\322\301"
  87      920D76CB 
  87      E9E6447D 
  87      BAC54E27 
  87      D2C1
  88 026b 34D62864 		.ascii	"4\326(d\362\024\032\376\002\375{?\023"
  88      F2141AFE 
  88      02FD7B3F 
  88      13
  89              		.text
  90              		.section	.gnu.lto__get.70e5c6d1f40539f9,"e",%progbits
  91 0000 789C9552 		.ascii	"x\234\225R\315KTQ\024\277\277w\356\274y3\214A\233 \006"
  91      CD4B5451 
  91      14BFBF77 
  91      EEBC7933 
  91      8C419B20 
  92 0015 C2452242 		.ascii	"\302E\"B\315\014T\020\025\024\364\007\264h\325Rc\300"
  92      CD0C5410 
  92      1514F407 
  92      B468D552 
  92      63C0
  93 0027 21ADD056 		.ascii	"!\255\320V\021y\307\011\2454\013*?\300q\004\221\262"
  93      1179C709 
  93      A5340B2A 
  93      3FC07104 
ARM GAS  /tmp/cc5DFNEQ.s 			page 7


  93      91B2
  94 0039 A02F34C2 		.ascii	"\240/4\302\317\251\351KS\261$J!\255\300EJ\326JZ\224"
  94      CFA9E94B 
  94      53B1244A 
  94      21ADC045 
  94      4AD64A5A 
  95 004e 75CE7BC2 		.ascii	"u\316{\302\024m\362\361\336\345\236s\317\357\343\234"
  95      146DF2F1 
  95      DEE59E73 
  95      CFEFE39C 
  96 005e 771D0575 		.ascii	"w\035\005u\232\224\332\247\224\332\303\037|\012\226"
  96      9A94DAA7 
  96      94DAC31F 
  96      7C0A96
  97 006d 31E6803F 		.ascii	"1\346\200?\351X\226\276\321\261M\233 \275\3738\275_"
  97      E95896BE 
  97      D1B14D9B 
  97      20BDFB38 
  97      BD5F
  98 007f 9B1041AF 		.ascii	"\233\020A\257\035i\300\335\031\007\252\306\"\215\032"
  98      1D69C0DD 
  98      1907AAC6 
  98      228D1A
  99 008e 5CA216C2 		.ascii	"\\\242\026\302\\m\372{\250\2112\244\2409\274:\326;\032"
  99      5C6DFA7B 
  99      A88932A4 
  99      A039BC3A 
  99      D63B1A
 100 00a1 941028E4 		.ascii	"\224\020(\344\260193@%\327\031i\262-\375vG\357\224\011"
 100      B0313933 
 100      4025D719 
 100      69B22DFD 
 100      7647EF94 
 101 00b6 64C8526D 		.ascii	"d\310Rm\\>\2000\372\021V\362`\020%\\>=\361\346\262\237"
 101      5C3E8030 
 101      FA1156F2 
 101      6010255C 
 101      3E3DF1E6 
 102 00cc 7643F17E 		.ascii	"vC\361~\354U\363\210S\334mL\255\311\216w\221\331\232"
 102      EC55F388 
 102      53DC6D4C 
 102      ADC98E77 
 102      91D99A
 103 00df 21C210E8 		.ascii	"!\302\020\350/(\347\030<\214b%\220\366\272\233\013D"
 103      2F28E718 
 103      3C8C6225 
 103      90F6BA9B 
 103      0B44
 104 00f1 7B5DF8F0 		.ascii	"{]\370\360\225\316\021]\324\345\302W\3326%S\246\325"
 104      95CE115D 
 104      D4E5C257 
 104      DA362553 
 104      A6D5
 105 0103 E80CFB1E 		.ascii	"\350\014\373\036\361(v\204\021\363\264\245\372\323\275"
 105      F1287684 
 105      11F3B4A5 
 105      FAD3BD
ARM GAS  /tmp/cc5DFNEQ.s 			page 8


 106 0112 D56B05B6 		.ascii	"\325k\005\266F\026E\342M\034=\202\315\223R\220\334\235"
 106      461645E2 
 106      4D1C3D82 
 106      CD935290 
 106      DC9D
 107 0124 D7BEAC59 		.ascii	"\327\276\254Y\375Uo\262\313\233\207z\337n,\000+\373"
 107      FD556FB2 
 107      CB9B877A 
 107      DF6E2C00 
 107      2BFB
 108 0136 2C598817 		.ascii	",Y\210\027[\313\342\223\320\346\305r \226\202J\240!"
 108      5BCBE293 
 108      D0E6C572 
 108      2096824A 
 108      A021
 109 0148 4928D540 		.ascii	"I(\325@J\206\240a\262J5\222\345\005I\016\026Q;\370\271"
 109      4A86A061 
 109      B24A3592 
 109      E505490E 
 109      16513BF8 
 110 015d 27678B60 		.ascii	"'g\213`\232\300f\232R_\347\034\231\241\337\355$;{wf"
 110      9AC0669A 
 110      525FE71C 
 110      99A1DFED 
 110      243B7B77 
 111 0172 4337BA92 		.ascii	"C7\272\222\014)\314\220\223&\007\217\245y>Kf\346\037"
 111      0C29CC90 
 111      9326078F 
 111      A5793E4B 
 111      66E61F
 112 0185 DAB1DBC6 		.ascii	"\332\261\333\306;\012 \207n\264z\376\237 \346r\217n"
 112      3B0A2087 
 112      6EB47AFE 
 112      9F20E672 
 112      8F6E
 113 0197 F798AD75 		.ascii	"\367\230\255uR=u\251 T\317\230j\001\347\346s;\327L\246"
 113      523D75A9 
 113      2054CF98 
 113      6A01E7E6 
 113      733BD74C 
 114 01ac A525258D 		.ascii	"\245%%\215P\356b\307O\3127r+\345\367jh]r6\236\273rB"
 114      50EE62C7 
 114      4FCA3772 
 114      2BE5F76A 
 114      685D7236 
 115 01c4 8B17AEF3 		.ascii	"\213\027\256\363\324\375\272\031\237\307\245\231N$Y"
 115      D4FDBA19 
 115      9FC7A599 
 115      4E2459
 116 01d3 A1B9E188 		.ascii	"\241\271\341\210\227\013\3769(\373\237Aun\311\010Lc"
 116      970BFE39 
 116      28FB9F41 
 116      756EC908 
 116      4C63
 117 01e5 54F430C6 		.ascii	"T\3640\306\354\302\331^7\321w\306#\360y#yp\376KO@8\002"
 117      ECC2D95E 
 117      37D177C6 
ARM GAS  /tmp/cc5DFNEQ.s 			page 9


 117      23F07923 
 117      7970FE4B 
 118 01fd 005E7231 		.ascii	"\000^r1\213\314]\200\324\374W\007\021A\216\347g5\201"
 118      8BCC5D80 
 118      D4FC5707 
 118      11418EE7 
 118      673581
 119 0210 18730BCB 		.ascii	"\030s\013\313\217\372\367}\345\236V\210\375\272\343"
 119      8FFAF77D 
 119      E59E5688 
 119      FDBAE3
 120 021f D2F9FFBE 		.ascii	"\322\371\377\276\014K\245\311\346\364\212+\2654\331"
 120      0C4BA5C9 
 120      E6F48A2B 
 120      B534D9
 121 022e F9CD3562 		.ascii	"\371\3155b\341,&\021\266f\027?\360\240C\324\2774\005"
 121      E12C2611 
 121      B666173F 
 121      F0A043D4 
 121      BF3405
 122 0241 BE3FC8DF 		.ascii	"\276?\310\337\037\245vE\"Q~\217\305\253\216\307+\242"
 122      1FA57645 
 122      22517E8F 
 122      C5AB8EC7 
 122      2BA2
 123 0253 07CB1365 		.ascii	"\007\313\023e\211C\207\243'\252\243\345\245\025\321"
 123      894387A3 
 123      27AAA3E5 
 123      A515D1
 124 0262 8A4459B4 		.ascii	"\212DY\264\372TU\274\264\262:Z\031\257\\\333F\216*+"
 124      FA5455BC 
 124      B4B23A5A 
 124      19AF5CDB 
 124      468E2A2B 
 125 0276 711265BF 		.ascii	"q\022e\277\001Z\2610\357"
 125      015AB130 
 125      EF
 126              		.text
 127              		.section	.gnu.lto__unget.70e5c6d1f40539f9,"e",%progbits
 128 0000 789C9592 		.ascii	"x\234\225\222\335KTA\030\306\347\231w\316\331\0176\373"
 128      DD4B5441 
 128      18C6E799 
 128      77CED90F 
 128      36FB
 129 0012 03F6C68B 		.ascii	"\003\366\306\213@\274\331\263PATP\320Mw]D\177\200\306"
 129      40BCD9B3 
 129      50415450 
 129      D04D775D 
 129      447F80C6 
 130 0026 824B6E85 		.ascii	"\202Kn\205v\0319\353\312\006\271X\027\225n\270\035K"
 130      761939EB 
 130      CA06B958 
 130      17956EB8 
 130      1D4B
 131 0038 24F2A22F 		.ascii	"$\362\242/\244BMOi\345G\212\025\005Jh\004F\037\224\322"
 131      A4424D4F 
 131      69E5478A 
ARM GAS  /tmp/cc5DFNEQ.s 			page 10


 131      15054A68 
 131      04461F94 
 132 004d 854484F6 		.ascii	"\205D\204\366\316\236C\"uQ\3039\303\2743\363{\346y\337"
 132      CE9E4322 
 132      7551C339 
 132      C3BC33F3 
 132      7BE679DF 
 133 0061 99B08048 		.ascii	"\231\260\200H\220\020\273\205\020;\371\207% \265\326"
 133      9010BB85 
 133      103BF987 
 133      2520B5D6 
 134 0071 7B43D9B0 		.ascii	"{C\331\260\224\252\243xH\351(}x\337\273G\351\030A\005"
 134      94AAA378 
 134      48E9287D 
 134      78DFBB47 
 134      E9184105 
 135 0085 4B0A288F 		.ascii	"K\012(\217t\030\242I\222B\023\316R;a\276\271\364=\326"
 135      7418A249 
 135      924213CE 
 135      523B61BE 
 135      B9F43DD6 
 136 0099 462E0928 		.ascii	"F.\011(\016\317O\364\215GM\010TrX\310\316\016P\3655"
 136      0ECF4FF4 
 136      8D474D08 
 136      547258C8 
 136      CE0E50F5 
 137 00ae 26B5D7BE 		.ascii	"&\265\327\276l_\356\233\321\021\227\244(\362\366\001"
 137      6C5FEE9B 
 137      D11197A4 
 137      28F2F601 
 138 00be C4D18FB8 		.ascii	"\304\321\217\2700\015\203\250\346\355/\247^\235\013"
 138      300D83A8 
 138      E6ED2FA7 
 138      5E9D0B
 139 00cd D10E081E 		.ascii	"\321\016\010\036O<\2778\034\256\352\321\272Y{o\272I"
 139      4F3CBF38 
 139      1CAEEAD1 
 139      BA597B6F 
 139      BA49
 140 00df 6F7189F0 		.ascii	"oq\211\360\000\264\001\3459\206\207P\305@g\276w\221"
 140      00B401E5 
 140      39868750 
 140      C54067BE 
 140      7791
 141 00f1 6857199E 		.ascii	"hW\031\236\\\031\033\225\001\374\263\205t\314e\307\303"
 141      5C191B95 
 141      01FCB385 
 141      74CC65C7 
 141      C3
 142 0102 3EBC358E 		.ascii	">\2745\216d\031U\214z\250\022\006xw{\365\302&[\031c"
 142      6419558C 
 142      7AA81206 
 142      78777BF5 
 142      C2265B19 
 143 0117 C6CE43D8 		.ascii	"\306\316C\330\\&!n\276\260<\275\272vZ{\323\361+\327"
 143      5C26216E 
 143      BEB03CBD 
ARM GAS  /tmp/cc5DFNEQ.s 			page 11


 143      BA765A7B 
 143      D3F12BD7 
 144 012b 2B6260CC 		.ascii	"+b`\314\222\246#\356x?w\026w2\004\343\"\012_\260\225"
 144      92A623EE 
 144      783F7716 
 144      773204E3 
 144      220A5FB0 
 145 0140 84495941 		.ascii	"\204IYA{B\024H\372A\226\203Oh\036\37488b\233\023J\004"
 145      7B421448 
 145      FA419683 
 145      4F681EFC 
 145      3838629B 
 146 0157 3EB92DB7 		.ascii	">\271-\2674\0376\025\013\225\235{s\267f+z\320\235e\244"
 146      341F3615 
 146      0B959D7B 
 146      73B7662B 
 146      7AD09D65 
 147 016c D2A57089 		.ascii	"\322\245p\211\347\037\231Ty-\353.\334\267\2237\264\277"
 147      E71F9954 
 147      792DEB2E 
 147      DCB79337 
 147      B4BF
 148 017e 14C1087A 		.ascii	"\024\301\010z\320\341\033\036ER,\242ead\333_\224#\020"
 148      D0E11B1E 
 148      45522CA2 
 148      656164DB 
 148      5F942310 
 149 0192 781C54BA 		.ascii	"x\034T\272@4t\367\365\017\012\334\344:\363_\356\235"
 149      403474F7 
 149      F50F0ADC 
 149      E43AF35F 
 149      EE9D
 150 01a4 F419E963 		.ascii	"\364\031\351c\205\253s9\362\2615n\233\361\204Q\366="
 150      85AB7339 
 150      F2B1356E 
 150      9BF18451 
 150      F63D
 151 01b6 7F0666DF 		.ascii	"\177\006f\337?yL\030\372\351\272\2751$Y\337\317~8\027"
 151      3F794C18 
 151      FAE9BABD 
 151      312459DF 
 151      CF7E3817 
 152 01ca 644FFF95 		.ascii	"dO\377\225\256\215\361\262\236\271\026Lp\272l\376N\276"
 152      AE8DF1B2 
 152      9EB9164C 
 152      70BA6CFE 
 152      4EBE
 153 01dc 68F95A8A 		.ascii	"h\371Z\212\345\202\023.\215\357\017|\376.\200\375Gi"
 153      E582132E 
 153      8DEF0F7C 
 153      FE2E80FD 
 153      4769
 154 01ee BB2A5CC3 		.ascii	"\273*\\\303(L\232\303\360\214\245K\024-\327G\255\337"
 154      284C9AC3 
 154      F08CA54B 
 154      142DD747 
 154      ADDF
ARM GAS  /tmp/cc5DFNEQ.s 			page 12


 155 0200 D6574851 		.ascii	"\326WHQ\"\213\247W`\261\302\347\351\256\345\210\021"
 155      228BA757 
 155      60B1C2E7 
 155      E9AEE588 
 155      11
 156 0211 94388529 		.ascii	"\2248\205)\304e\377\322\333\015\225\226\\\351i\304\251"
 156      C465FFD2 
 156      DB0D9596 
 156      5CE969C4 
 156      A9
 157 0222 FFDB0CF8 		.ascii	"\377\333\014\370\025`\375\025\010\261=\221p\370;\222"
 157      1560FD15 
 157      08B13D91 
 157      70F83B92 
 158 0232 6A389AAA 		.ascii	"j8\232\252w\366\325\245k\323\007\016:\307\032\235\272"
 158      77F6D5A5 
 158      6BD3070E 
 158      3AC71A9D 
 158      BA
 159 0243 9A7AA73E 		.ascii	"\232z\247>]\3534\236hH\325d\032\235L*\023\014\023\207"
 159      5DEB349E 
 159      6848D564 
 159      1A9D4C2A 
 159      130C1387 
 160 0257 854C1F47 		.ascii	"\205L\037G\355/>_\033\241"
 160      ED2F3E5F 
 160      1BA1
 161              		.text
 162              		.section	.gnu.lto__reads.70e5c6d1f40539f9,"e",%progbits
 163 0000 789C9592 		.ascii	"x\234\225\222\337KTA\024\307\317w\346\356\336\273i\366"
 163      DF4B5441 
 163      14C7CF77 
 163      E6EEDEBB 
 163      69F6
 164 0012 9E043E04 		.ascii	"\236\004>\004\213\017\355\365\241 \210,\010\242\267"
 164      8B0FEDF5 
 164      A120882C 
 164      08A2B7
 165 0021 A0FE0237 		.ascii	"\240\376\0027\026\\R\023\355\335\331]\333\250\025\013"
 165      165C5213 
 165      EDDDD95D 
 165      DBA8150B 
 166 0031 B235A1F5 		.ascii	"\2625\241\365\032\262Z/\375\242\207~Xn?M\323~bP\017"
 166      1AB25A2F 
 166      FDA2877E 
 166      586E3F4D 
 166      D37E6250 
 167 0046 2B492F46 		.ascii	"+I/F\024\370\024dksf\014\011_\364r\3570\347\314|?\347"
 167      14F81464 
 167      6B73660C 
 167      095FF472 
 167      EF30E7CC 
 168 005d 7C67AE47 		.ascii	"|g\256G\240QI\264\217\210\266\351\017\222 \224R\373"
 168      A05149B4 
 168      8F88B6E9 
 168      0F922094 
 168      52FB
ARM GAS  /tmp/cc5DFNEQ.s 			page 13


 169 006f DD942700 		.ascii	"\335\224'\0003S\036\250K\240\013\347d\277D9]\370U\335"
 169      33531EA8 
 169      4BA00BE7 
 169      64BF4439 
 169      5DF855DD 
 170 0083 2B03BDD1 		.ascii	"+\003\275\321\321a\337\324\235\311M\034\002u:\354\376"
 170      D161DFD4 
 170      9DC94D1C 
 170      02753AEC 
 170      FE
 171 0094 3878CFA9 		.ascii	"8x\317\251\037U*\255J\375\213{\257dN\035\012\244\240"
 171      1F552AAD 
 171      4AFD8B7B 
 171      AF644E1D 
 171      0AA4A0
 172 00a7 01BDFB01 		.ascii	"\001\275\373\001jq\037\265\304\017\306P\257w\177\230"
 172      6A711FB5 
 172      C40FC650 
 172      AF777F98 
 173 00b7 993DEFCA 		.ascii	"\231=\357\312\335 =\237z\227\037\367\242E\243\374:,"
 173      DD203D9F 
 173      7A971FF7 
 173      A245A3FC 
 173      3A2C
 174 00c9 D5F6404A 		.ascii	"\325\366@J<\204\374O\252sZ\374\010Q-\370\235\233\315"
 174      3C84FC4F 
 174      AA735AFC 
 174      08512DF8 
 174      9D9BCD
 175 00dc 47E41E23 		.ascii	"G\344\036#.\276\3752\037Z\021O\027\215\330\301\370\032"
 175      2EBEFD32 
 175      1F5A114F 
 175      178DD8C1 
 175      F81A
 176 00ee B1A3C525 		.ascii	"\261\243\305%#\376\243\372\3625\262\321\210\027\346"
 176      23FEA3FA 
 176      F235B2D1 
 176      8817E6
 177 00fd 26B2F857 		.ascii	"&\262\370Wy\304\210\005\036\257\021\013-~\202(\261d"
 177      79C48805 
 177      1EAF110B 
 177      2D7E8228 
 177      B164
 178 010f FE56E5E2 		.ascii	"\376V\345\342\346\260\303\276\330\315S\204\3659\022"
 178      E6B0C3BE 
 178      D8CD5384 
 178      F53912
 179 011e DD781F2A 		.ascii	"\335x\037*\251\312\362iUZ\032\301\205\203[\240e!\301"
 179      A9CAF269 
 179      555A1AC1 
 179      85835BA0 
 179      6521C1
 180 0131 83E4C131 		.ascii	"\203\344\3011\200\0207\022\346\301\345\244\307C\004"
 180      80103712 
 180      E6C1E5A4 
 180      C74304
 181 0140 6CAA0ABC 		.ascii	"l\252\012\274^\015\356\221('I\037\277r\240JD=R\330 "
ARM GAS  /tmp/cc5DFNEQ.s 			page 14


 181      5E0DEE91 
 181      2827491F 
 181      BF72A04A 
 181      443D52D8 
 182 0155 A5836F48 		.ascii	"\245\203oH\217-,\355\344\262\005\011\335No\346g\331"
 182      8F2D2CED 
 182      E4B20509 
 182      DD4E6FE6 
 182      67D9
 183 0167 E34B081B 		.ascii	"\343K\010\033C\245\3177?\325\0241\234\322\212\272@\272"
 183      43A5CF37 
 183      3FD51431 
 183      9CD28ABA 
 183      40BA
 184 0179 0519C133 		.ascii	"\005\031\30136\241\327R\301\334\335p\303ue\227\004\236"
 184      36A1D752 
 184      C1DCDD70 
 184      C3756597 
 184      049E
 185 018b A3884BD6 		.ascii	"\243\210K\326\305\0134\030\364\344\016K\026\033DM\030"
 185      C50B3418 
 185      F4E40E4B 
 185      161B444D 
 185      18
 186 019c 149F035E 		.ascii	"\024\237\003^\032Tf0{&dYR7\252\211\234\\\014SA:&Ue\255"
 186      1A546630 
 186      7B266459 
 186      5237AA89 
 186      9C5C0C53 
 187 01b6 548ED84D 		.ascii	"T\216\330M\241\015\025t0i\012\012.8e\013\336\316^s-"
 187      A10D1574 
 187      30690A0A 
 187      2E38650B 
 187      DECE5E73 
 188 01cb 8B715CF0 		.ascii	"\213q\\\360;\262C5\346\2024\240puz9\322\215t\312\013"
 188      3BB24335 
 188      E68234A0 
 188      70757A39 
 188      D28D74CA 
 189 01e0 A437C0AD 		.ascii	"\2447\300\255\342\025\272\241\373\2516\012'\220\021"
 189      E215BAA1 
 189      FBA9360A 
 189      279011
 190 01ef DBD272A3 		.ascii	"\333\322r\243\305\270\353j)\306\366\247W\355\317\330"
 190      C5B8EB6A 
 190      29C6F6A7 
 190      57EDCFD8 
 191 01ff 6E2E6761 		.ascii	"n.ga)\2361\3542\272|\326\344\326\217}\275\212}\203\006"
 191      299E31EC 
 191      32BA7CD6 
 191      E4D68F7D 
 191      BD8A7D83 
 192 0214 CDA21F48 		.ascii	"\315\242\037H\017\015\367l\265h\207\257.'\261\372\253"
 192      0F0DF76C 
 192      B56887AF 
 192      2E27B1FA 
 192      AB
ARM GAS  /tmp/cc5DFNEQ.s 			page 15


 193 0225 10ED8AC5 		.ascii	"\020\355\212\305|\375\036Ot\264%Z\374\003\315\311x\362"
 193      7CFD1E4F 
 193      74B4255A 
 193      FC03CDC9 
 193      78F2
 194 0237 F051FF44 		.ascii	"\360Q\377D\247\337\334\324\342\267$\343~\347\311\216"
 194      A7DFDCD4 
 194      E2B724E3 
 194      7EE7C98E 
 195 0247 44536BA7 		.ascii	"DSk\247\337\232h]\231\306\216\221H\266\213x;\332\376"
 195      DF9A685D 
 195      99C68E91 
 195      48B68B78 
 195      3BDAFE
 196 025a 02B68730 		.ascii	"\002\266\2070\036"
 196      1E
 197              		.text
 198              		.section	.gnu.lto__writes.70e5c6d1f40539f9,"e",%progbits
 199 0000 789C9592 		.ascii	"x\234\225\222\317KTQ\024\307\317\367\336\367\336\274"
 199      CF4B5451 
 199      14C7CFF7 
 199      DEF7DEBC 
 200 0010 51B33F40 		.ascii	"Q\263?@\002\027\201\270\231\347\242@\212~@\233v-\372"
 200      021781B8 
 200      99E7A240 
 200      8A7E409B 
 200      762DFA
 201 0023 0B34061C 		.ascii	"\0134\006\034R\023m\357\235\321&H\261\026\246\011\215"
 201      52136DEF 
 201      9DD12648 
 201      B116A609 
 201      8D
 202 0034 CF90695A 		.ascii	"\317\220iZ\365\213\026\225\246SY\246i\277\304\240\010"
 202      F58B1695 
 202      A65359A6 
 202      69BFC4A0 
 202      08
 203 0045 25778A15 		.ascii	"%w\212\025D\213 \322\316\271o@\302\215\0163\227{\316"
 203      448B20D2 
 203      CEB96F40 
 203      C28D0E33 
 203      977BCE
 204 0058 3D9FEF39 		.ascii	"=\237\3579\337{\307'PA\023\035#\242}\374\203&(c\314"
 204      DF7BC727 
 204      5041131D 
 204      23A27DFC 
 204      83262863 
 205 006d F158DA57 		.ascii	"\361X\332W\200\335\031\037\324\251\320\211\313zPc)\223"
 205      80DD191F 
 205      D4A9D089 
 205      CB7A5063 
 205      2993
 206 007f FB5DD1A7 		.ascii	"\373]\321\247C.t8\354\237}0S&!P\315a\367\307\341GNm"
 206      432E7438 
 206      EC9F7D30 
 206      53262150 
 206      CD61F7C7 
ARM GAS  /tmp/cc5DFNEQ.s 			page 16


 207 0097 C1988C29 		.ascii	"\301\230\214)\016N\034\271\321u\341d\250\025\015q\365"
 207      0E4E1CB9 
 207      D175E164 
 207      A8150D71 
 207      F5
 208 00a8 18AAF018 		.ascii	"\030\252\360\030U$\037\214\243\226\253\027\346\027\257"
 208      55241F8C 
 208      A396AB17 
 208      E617AF
 209 00b7 C4743D88 		.ascii	"\304t=\210\367\263\357\007&\375\232\274%\327G\265\331"
 209      F7B3EF07 
 209      26FD9ABC 
 209      25D747B5 
 209      D9
 210 00c8 1F6A8D27 		.ascii	"\037j\215'\320\377\241\234cx\0025\014\374\351Y\034\210"
 210      D0FFA19C 
 210      63780235 
 210      0CFCE959 
 210      1C88
 211 00da EBC316CE 		.ascii	"\353\303\026\316\277\373\272\342\226\340\251\233\026"
 211      BFFBBAE2 
 211      96E0A99B 
 211      16
 212 00e7 7630B90D 		.ascii	"v0\271\015v\030.Z\370\257\351\037\250\324G-\274\272"
 212      76182E5A 
 212      F8AFE91F 
 212      A8D4472D 
 212      BCBA
 213 00f9 3C9D4509 		.ascii	"<\235E\011\376R\260\260\302\323m\260b\370\031jH\220"
 213      FE52B0B0 
 213      C2D36DB0 
 213      62F8196A 
 213      4890
 214 010b 957B1B57 		.ascii	"\225{\033W\367x\216\370\0227\317\341\361=\022\335\371"
 214      F7788EF8 
 214      1237CFE1 
 214      F13D12DD 
 214      F9
 215 011c E016CDC6 		.ascii	"\340\026\315\306\346ES\374U\300\262\273\027\214\271"
 215      E64553FC 
 215      55C0B2BB 
 215      178CB9
 216 012b 4A162D8B 		.ascii	"J\026-\213c\005\\\336z\236,1I\372\262\304!\246\312!"
 216      63055CDE 
 216      7A9E2C31 
 216      49FAB2C4 
 216      21A6CA21 
 217 013f E7159019 		.ascii	"\347\025\220\031\211z4\361\365\033\007\246H\324\253"
 217      897A34F1 
 217      F51B07A6 
 217      48D4AB
 218 014e 5514A439 		.ascii	"U\024\2449XCf|u\355\200\264\315i\3608}]?\226|y\204\230"
 218      5843667C 
 218      75ED80B4 
 218      CD69F038 
 218      7D5D3F96 
 219 0166 3554FC7C 		.ascii	"5T\374|\367Se\036\243i&\252C\355\347t\034Sb\202\317"
ARM GAS  /tmp/cc5DFNEQ.s 			page 17


 219      F753651E 
 219      A36926AA 
 219      43EDE774 
 219      1C536282 
 220 017b D2E1F243 		.ascii	"\322\341\362C\257\356\266\211\216\024^ \217k\221\213"
 220      AFEEB689 
 220      8E145E20 
 220      8F6B918B 
 221 018b 97A8B3D2 		.ascii	"\227\250\263\3223\211HY\355Rj\332J\311=\340\225\225"
 221      33894859 
 221      ED526ADA 
 221      4AC93DE0 
 221      9595
 222 019d EA1ACE0E 		.ascii	"\352\032\316\016\271\221\226\346AYQ\222?=\312i\307\246"
 222      B99196E6 
 222      41595192 
 222      3F3DCA69 
 222      C7A6
 223 01af CA232BEB 		.ascii	"\312#+\353\207\242\"wW\015=\314\330\206J\032\316F\015"
 223      87A22277 
 223      570D3DCC 
 223      D8864A1A 
 223      CE460D
 224 01c2 EF67574B 		.ascii	"\357gWK\015EN\032\256#;Ri\037\210\005r\267\3466\343"
 224      0D454E1A 
 224      AE233B52 
 224      691F8805 
 224      72B7E636 
 225 01d7 DDC8A4FD 		.ascii	"\335\310\244\375P\307\207dT\274F7\310\226W\360T\241"
 225      50C78764 
 225      54BC4637 
 225      C89657F0 
 225      54A1
 226 01e9 2E8B46FA 		.ascii	".\213F\372V\037\311\304v4RB\354\317m\331\237\217\246"
 226      561FC9C4 
 226      76345242 
 226      ECCF6DD9 
 226      9F8FA6
 227 01fc B99E45A4 		.ascii	"\271\236E\244\342[\3031\221^\272ds;\227}\263%\373\026"
 227      E25BC331 
 227      915EBA64 
 227      733B977D 
 227      B325FB16 
 228 0210 75AC45DF 		.ascii	"u\254E\337\221\031\031[(I;\362t=\032[\177\025\242\203"
 228      9119195B 
 228      28493BF2 
 228      743D1A5B 
 228      7F15A283 
 229 0224 8944C0DF 		.ascii	"\211D\300\337\263\311\366\326dsp\242)\325\230:u:8\327"
 229      B3C9F6D6 
 229      647370A2 
 229      29D5983A 
 229      753A38D7 
 230 0238 11343534 		.ascii	"\021454\007\315\251\306\240\343|{\262\241\245#hI\266"
 230      07CDA9C6 
 230      A0E37C7B 
 230      B2A1A523 
ARM GAS  /tmp/cc5DFNEQ.s 			page 18


 230      6849B6
 231 024b 94B68933 		.ascii	"\224\266\2113\244Rm\252\261\015\255\377\000\011\376"
 231      A4526DAA 
 231      B10DADFF 
 231      0009FE
 232 025a 3037     		.ascii	"07"
 233              		.text
 234              		.section	.gnu.lto_msObjectInit.70e5c6d1f40539f9,"e",%progbits
 235 0000 789C9D92 		.ascii	"x\234\235\222\317KTQ\024\307\357\367\3357\357=\315\211"
 235      CF4B5451 
 235      14C7EFF7 
 235      DD37EF3D 
 235      CD89
 236 0012 162D2209 		.ascii	"\026-\"\011\\\004\203\033\337l\202\026-\002\027\011"
 236      5C04831B 
 236      DF6C8216 
 236      2D021709 
 237 0022 2D5AF417 		.ascii	"-Z\364\0278\361\304!'\303\251M\004\336\031\307\204\014"
 237      38F1C421 
 237      27C3A94D 
 237      04DE19C7 
 237      840C
 238 0034 5D64A881 		.ascii	"]d\250\201=\311&w\375\000\027\225\315\364\232R\363W"
 238      3DC92677 
 238      FD001795 
 238      CDF49A52 
 238      F357
 239 0046 3FAC812C 		.ascii	"?\254\201,P\250\260\222\320\320 -\323\316\2753Qa\233"
 239      50A8B092 
 239      D0D0202D 
 239      D3CEBD33 
 239      51619B
 240 0059 E6F12EDC 		.ascii	"\346\361.\334s\337\371~\316\367\235s-\006\226\346\214"
 240      73DFF97E 
 240      CEF79D73 
 240      2D0696E6 
 240      8C
 241 006a 1D648CED 		.ascii	"\035d\214\355\242\005\316\240\011!\366\2331K\003\324"
 241      A205CEA0 
 241      0921F69B 
 241      314B03D4 
 242 007a 4E58608D 		.ascii	"NX`\215\032\032\321\316;92-s\267\265\362~\372\"\274"
 242      1A1AD1CE 
 242      3B39322D 
 242      73B7B5F2 
 242      7EFA22BC 
 243 008e CE97E619 		.ascii	"\316\227\346\031\321\274\303%@7\255\334\203;(\247\274"
 243      D1BCC325 
 243      4037ADDC 
 243      833B28A7 
 243      BC
 244 009f 9978CF4A 		.ascii	"\231x\317JI\033w9\240S\330160Z,C\015e\024./f\307\213"
 244      491B7739 
 244      A053D831 
 244      36305A2C 
 244      430D6514 
 245 00b8 F85E30DA 		.ascii	"\370^0\332o\314y\256?\220\024\".\274\211+\\\354v9G\012"
ARM GAS  /tmp/cc5DFNEQ.s 			page 19


 245      6FCC79AE 
 245      3F901422 
 245      2EBC892B 
 245      5CEC7639 
 246 00ce 9C90B88B 		.ascii	"\234\220\270\213R\014\242\2241:#t\032\001\022\364'\006"
 246      520CA294 
 246      313A2374 
 246      1A0112F4 
 246      2706
 247 00e0 A78BF83E 		.ascii	"\247\213\370>%\036y\235\356(\311\213\327\222J\254\343"
 247      251E799D 
 247      EE28C98B 
 247      D7924AAC 
 247      E3
 248 00f1 DE26B14E 		.ascii	"\336&\261NbO\211/\307\262\343~^\251\304\347\007\274"
 248      624F892F 
 248      C7B2E37E 
 248      5EA9C4E7 
 248      07BC
 249 0103 6E332F5E 		.ascii	"n3/^\270\264\275\257IT\271\334\207\373\233\344>\222"
 249      B8B4BDAF 
 249      4954B9DC 
 249      87FB9BE4 
 249      3E92
 250 0115 6794FC6B 		.ascii	"g\224\374k\177fH\347UJ>\374\371S\363/\343k9\343><\370"
 250      7F6648E7 
 250      554A3EFC 
 250      F953F32F 
 250      E36B39E3 
 251 012c A7F82102 		.ascii	"\247\370!\002LJ\336\334\\\277\3407\364|\2730\004\203"
 251      4C4ADEDC 
 251      5CBFE037 
 251      F47CBB30 
 251      0483
 252 013e 06C0D8F5 		.ascii	"\006\300\330\365)\237'\3267Z\204\367.\211\325\003[\250"
 252      299F27D6 
 252      375A84F7 
 252      2E89D503 
 252      5BA8
 253 0150 F5F4AB3A 		.ascii	"\365\364\253:\244g\003\262\264\205\034\243\2253\331"
 253      A46703B2 
 253      B4851CA3 
 253      9533D9
 254 015f 7A1DC263 		.ascii	"z\035\302c\354\034\327rA\214\202y\304;\316\376H\235"
 254      EC1CD772 
 254      418C8279 
 254      C43BCEFE 
 254      489D
 255 0171 9650AAD4 		.ascii	"\226P\252\324\326\2648c\311\206s\345\325{uczk\022}1"
 255      D6B43863 
 255      C98673E5 
 255      D57B7563 
 255      7A6B127D 
 256 0186 CAEFDDE9 		.ascii	"\312\357\335\351r\243\207&1,\015\322\307\230;{\313\010"
 256      72A38726 
 256      312C0DD2 
 256      C7983B7B 
ARM GAS  /tmp/cc5DFNEQ.s 			page 20


 256      CB08
 257 0198 5E93AC32 		.ascii	"^\223\2542\227\233\030A\022]9\207\217\020\374\023f*"
 257      979B1841 
 257      125D3987 
 257      8F10FC13 
 257      662A
 258 01aa D8E097D4 		.ascii	"\330\340\227\324|Q\002\361\030\215\336\354\223\211t"
 258      7C5102F1 
 258      188DDEEC 
 258      938974
 259 01b9 382B9626 		.ascii	"8+\226&\213e\205m.\2670\206\0040\232\347/\277\037J["
 259      8B65856D 
 259      2EB73086 
 259      04309AE7 
 259      2FBF1F4A 
 260 01ce 32BF8B8A 		.ascii	"2\277\213\212_\205\304\214S\011\302OP\232t~\361\343"
 260      5F85C48C 
 260      5309C24F 
 260      509A747E 
 260      F1E3
 261 01e0 CA5B33EF 		.ascii	"\312[3\357\374?\254\352\230TVe\017\361\030\301\036\032"
 261      FC3FACEA 
 261      98545665 
 261      0FF118C1 
 261      1E1A
 262 01f2 B4A2AD16 		.ascii	"\264\242\255\026B\363\341\211\242i\222\366T\322\214"
 262      42F3E189 
 262      A26992F6 
 262      54D28C
 263 0201 1CED5B61 		.ascii	"\034\355[a\264g\212&\333\203)I\263$m\351\303\367\302"
 263      B4678A26 
 263      DB832949 
 263      B3246DE9 
 263      C3F7C2
 264 0214 68CF154D 		.ascii	"h\317\025M\227\264\027\177\017\305\007\206,\251\026"
 264      97B4177F 
 264      0FC50786 
 264      2CA916
 265 0223 10EF5D6E 		.ascii	"\020\357]n\207\272U\362i\345\370}W\030\333SQa\323{\324"
 265      87BA55F2 
 265      69E5F87D 
 265      5718DB53 
 265      5161D37B 
 266 0238 6938E6D4 		.ascii	"i8\346\324\331\225\265\341P\370\320a\273>j\327V\327"
 266      D995B5E1 
 266      50F8D061 
 266      BB3E6AD7 
 266      56D7
 267 024a D975E190 		.ascii	"\331u\341\220\035=\321\340TG\242v\304\211\344\267\025"
 267      1D3DD1E0 
 267      5447A276 
 267      C489E4B7 
 267      15
 268 025b 47188F44 		.ascii	"G\030\217D\217\033\241\22355N\203\036\015\237r\270S"
 268      8F1BA193 
 268      35354E83 
 268      1E0D9F72 
ARM GAS  /tmp/cc5DFNEQ.s 			page 21


 268      B853
 269 026d 1FFD0909 		.ascii	"\037\375\011\011\302R\010"
 269      C25208
 270              		.text
 271              		.section	.gnu.lto_vmt.70e5c6d1f40539f9,"e",%progbits
 272 0000 789CE360 		.ascii	"x\234\343``d\270\305\300\300`\316\000\001\323\231\031"
 272      6064B8C5 
 272      C0C060CE 
 272      0001D399 
 272      19
 273 0011 E7AE38F3 		.ascii	"\347\2568\363\237\263\205\261\251\261\243\241\341A\367"
 273      9FB385B1 
 273      A9B1A3A1 
 273      E141F7
 274 0020 19E695CC 		.ascii	"\031\346\225\314\363\231\031f2cJ.x\3073\237\231q&3#"
 274      F3991966 
 274      32634A2E 
 274      78C7339F 
 274      99712633 
 275 0035 A6CC361E 		.ascii	"\246\3146\036\260\036&L\231o@\323\230f23c\312l\002\312"
 275      B01E264C 
 275      996F40D3 
 275      98663233 
 275      63CA6C02 
 276 004a 30CF6466 		.ascii	"0\317df\001\313\034\177\377\366\012c\037P\204\205\021"
 276      01CB1C7F 
 276      FFF60A63 
 276      1F508485 
 276      11
 277 005b C45DB6B8 		.ascii	"\304]\266\270\347\015\213\345\366\206\216\005\015\011"
 277      E70D8BE5 
 277      F6868E05 
 277      0D09
 278 0069 F3995967 		.ascii	"\363\231Yg030\356g\224\236\301\314\310\270\217\261\205"
 278      303330EE 
 278      67949EC1 
 278      CCC8B88F 
 278      B185
 279 007b 71063313 		.ascii	"q\0063\023\343^0\315\314\270\007L\2630\356\006\323\254"
 279      E35E30CD 
 279      CCB8074C 
 279      B330EE06 
 279      D3AC
 280 008d 8CBB8034 		.ascii	"\214\273\2004\003\343\001FK\006S==} \312N-\312K\315"
 280      03E30146 
 280      4B06533D 
 280      3D7D20CA 
 280      4E2DCA4B 
 281 00a2 D177CEC8 		.ascii	"\321w\316\310L\312\364\017\326\317/\326\317H\314\321"
 281      4CCAF40F 
 281      D6CF2FD6 
 281      CF48CCD1 
 282 00b2 CFC94CD2 		.ascii	"\317\311L\322/.)JM\314-\326\317M\315\2052\365\222\031"
 282      2F2E294A 
 282      4DCC2DD6 
 282      CF4DCD85 
 282      32F59219 
ARM GAS  /tmp/cc5DFNEQ.s 			page 22


 283 00c6 0034B85D 		.ascii	"\0004\270])"
 283      29
 284              		.text
 285              		.section	.gnu.lto_.symbol_nodes.70e5c6d1f40539f9,"e",%progbits
 286 0000 789CE360 		.ascii	"x\234\343``dx\316\000\004L\257\030\353\031\032\200\200"
 286      606478CE 
 286      00044CAF 
 286      18EB191A 
 286      8080
 287 0012 8571C239 		.ascii	"\205q\3029\006\206z\006\206\035\013\0166\260\001\245"
 287      06867A06 
 287      861D0B0E 
 287      36B001A5 
 288 0022 4192AF19 		.ascii	"A\222\257\031\353\031qJ\276a\254g\302)\371\222\261\236"
 288      EB19714A 
 288      BE61AC67 
 288      C229F992 
 288      B19E
 289 0034 19A7E40B 		.ascii	"\031\247\344\013\306z\026\234\222\357\030\353YQ$w58"
 289      C67A169C 
 289      92EF18EB 
 289      59512477 
 289      3538
 290 0046 42A458DF 		.ascii	"B\244X\337224(1003\276g\254g\373\017\005\362`u\014@"
 290      32323428 
 290      31303033 
 290      BE67AC67 
 290      FB0F05F2 
 291 005e 4F3800A5 		.ascii	"O8\000\245\230\331!z\23702\263\300\231\014\000B\302"
 291      98D9217A 
 291      9F3032B3 
 291      C0990C00 
 291      42C2
 292 0070 4327     		.ascii	"C'"
 293              		.text
 294              		.section	.gnu.lto_.refs.70e5c6d1f40539f9,"e",%progbits
 295 0000 789C05C1 		.ascii	"x\234\005\301\301\021\0000\010\3030\307\005\216w\367"
 295      C1110030 
 295      08C330C7 
 295      058E77F7 
 296 0010 1F166909 		.ascii	"\037\026i\011\037H;\351\261|b\224\003\004\224\000J"
 296      1F483BE9 
 296      B17C6294 
 296      03049400 
 296      4A
 297              		.text
 298              		.section	.gnu.lto_.decls.70e5c6d1f40539f9,"e",%progbits
 299 0000 789C9D56 		.ascii	"x\234\235VkP\024\331\025\356\323w\230\201a\000K\315"
 299      6B5014D9 
 299      15EED377 
 299      98816100 
 299      4BCD
 300 0012 BA29DC8A 		.ascii	"\272)\334\212\273\205\251<\026\307Wj\327?\251T\355\217"
 300      BB85A93C 
 300      16C7576A 
 300      D73FA954 
 300      ED8F
ARM GAS  /tmp/cc5DFNEQ.s 			page 23


 301 0024 6C7E6CFC 		.ascii	"l~l\374a6\211?\022\302\243\201\3310\003a\206}\344W\013"
 301      6136893F 
 301      12C2A381 
 301      D9300361 
 301      867DE457 
 302 0039 F8425416 		.ascii	"\370BT\026TD\024\224\207 \210\202\270k@\224\001\024"
 302      54441494 
 302      87208882 
 302      B86B4094 
 302      0114
 303 004b 41110754 		.ascii	"A\021\007TP\020Dw\027TV\360\005(\012\344\334{{\206\236"
 303      50104477 
 303      175456F0 
 303      05280AE4 
 303      DC7B7B86 
 304 0060 014CC586 		.ascii	"\001L\305\2063\335\367\334s\276\373\235sO\237\276\336"
 304      33DDF7DC 
 304      73BEFB9D 
 304      734F9FBE 
 304      DE
 305 0071 02087F09 		.ascii	"\002\010\177\011\020\204~\020\204>Q\020\246\360\362"
 305      10847E10 
 305      843E5110 
 305      A6F0F2
 306 0080 1604A10D 		.ascii	"\026\004\241\015E\213\022\205R\213R\217\322\210\322"
 306      458B1285 
 306      528B528F 
 306      D288D2
 307 008f 84D22BF0 		.ascii	"\204\322+\360K\2072\2102\214\362\030e\014e\202\352\021"
 307      4B873288 
 307      328CF218 
 307      650C6582 
 307      EA11
 308 00a1 6B110AFE 		.ascii	"k\021\012\376\013\357\203\340vu\342X\217\367\371(\013"
 308      0BEF83E0 
 308      7675E258 
 308      8FF7F928 
 308      0B
 309 00b2 51EEABD6 		.ascii	"Q\356\253\326X\257\254C\361{\224\365\010\312\015\224"
 309      58AFAC43 
 309      F17B94F5 
 309      08CA0D94 
 310 00c2 2E946E81 		.ascii	".\224n\201c\016\0123\257\333o\200K1;T\270\303\263\340"
 310      630E0A33 
 310      AFDB6F80 
 310      4B313B54 
 310      B8C3B3E0 
 311 00d6 7EF77FE2 		.ascii	"~\367\177\342\212\036\230\217g\301\034\366\300lT0\353"
 311      8A1E988F 
 311      67C11CF6 
 311      C06C5430 
 311      EB
 312 00e7 154C275E 		.ascii	"\025L'^0\332\255\202\231\\E%\327\213`&\366K\324\371"
 312      30DAAD82 
 312      995C4525 
 312      D78B6026 
 312      F64BD4F9 
ARM GAS  /tmp/cc5DFNEQ.s 			page 24


 313 00fb CE82DD34 		.ascii	"\316\202\3354\013_5\276:\307\024\177b\016\374\000\234"
 313      0B5F35BE 
 313      3AC7147F 
 313      620EFC00 
 313      9C
 314 010c F4C17BB4 		.ascii	"\364\301{\264j\215^a\272>(\356j\364\3735\212\027>w*"
 314      6A8D5E61 
 314      BA3E28EE 
 314      6AF4FB35 
 314      8A173E77 
 315 0121 984EFC0E 		.ascii	"\230N\374\016%/\2729\352c\275\310\353\356\035\324\007"
 315      252FBA39 
 315      EA63BDC8 
 315      EBEE1DD4 
 315      07
 316 0132 A2FC0CE5 		.ascii	"\242\374\014\345]\340\334)&\235\3739\336\177\205\262"
 316      5DE0DC29 
 316      269DFB39 
 316      DE7F85B2 
 317 0142 142508E5 		.ascii	"\024%\010\345\027(\277T\326\243\371\246\3738(L\327\243"
 317      1728BF54 
 317      D6A3F9A6 
 317      FB38284C 
 317      D7A3
 318 0154 E79549C0 		.ascii	"\347\225I\300\336\267\375\005\331A`\261\036\246\000"
 318      DEB7FD05 
 318      D94160B1 
 318      1EA600
 319 0163 C717861F 		.ascii	"\307\027\206\037^\003>\246\323\271\333\316\024\352\210"
 319      5E033EA6 
 319      D3B9DBCE 
 319      14EA88
 320 0172 C89E7FE8 		.ascii	"\310\236\177\350\330\326\356e,\223\371\345\035+@\015"
 320      D8D6EE65 
 320      2C93F9E5 
 320      1D2B400D 
 321 0182 9069A423 		.ascii	"\220i\244#\271\305\347\374\310\357\230\351\340\025{"
 321      B9C5E7FC 
 321      C8EF98E9 
 321      E0157B
 322 0191 A5AF7E8B 		.ascii	"\245\257~\213,'\312r\276L\336\026`U ,\017\024\340,0"
 322      2C27CA72 
 322      BE4CDE16 
 322      6055202C 
 322      0F14E02C 
 323 01a6 E8336084 		.ascii	"\3503`\204\323\020\010\325\200\272Z\320\243Ko\342\201"
 323      D31008D5 
 323      80BA5AD0 
 323      A34B6FE2 
 323      81
 324 01b7 E7065C78 		.ascii	"\347\006\\x\276\03648\334u\361d\263\036\207\013\365"
 324      BE1E3438 
 324      DC75F164 
 324      B31E870B 
 324      F5
 325 01c8 B0048793 		.ascii	"\260\004\207\223\337\354+\326\030R(\340\301$\331\347"
 325      DFEC2BD6 
ARM GAS  /tmp/cc5DFNEQ.s 			page 25


 325      185228E0 
 325      C124D9E7 
 326 01d8 63EA0475 		.ascii	"c\352\004u\210`G\004\001\352\301 \360\033\332\326l\232"
 326      88604704 
 326      01EAC120 
 326      F01BDAD6 
 326      6C9A
 327 01ea 38AB43D7 		.ascii	"8\253C\327\365\030\022^\001\252\250\326\363\250\012"
 327      F518125E 
 327      01AAA8D6 
 327      F3A80A
 328 01f9 5E0C9F32 		.ascii	"^\014\2372\220\217\331\363\365\341\314\315\"\247\312"
 328      908FD9F3 
 328      F5E1CCCD 
 328      22A7CA
 329 0208 9005172C 		.ascii	"\220\005\027,\234\007\346A\311\236C]\003\32552\262G"
 329      9C07E641 
 329      C99E435D 
 329      03D53532 
 329      B247
 330 021a 0A1A5A5C 		.ascii	"\012\032Z\\\361%\277>>4\357\037\253z)\252\331_pc\337"
 330      F125BF3E 
 330      3E34EF1F 
 330      AB7A29AA 
 330      D95F7063 
 331 022f C4D93731 		.ascii	"\304\33171\366\207\256;\022\201\347a\036\016k\247\366"
 331      F687AE3B 
 331      1281E761 
 331      1E0E6BA7 
 331      F6
 332 0240 D46AF8D0 		.ascii	"\324j\370\320\033\207cE\365\3475d-c\236\267\341\372"
 332      1B876345 
 332      F5E73564 
 332      2D639EB7 
 332      E1FA
 333 0252 253FB28E 		.ascii	"%?\262\216=\027%\237\276\351C\376\312\236\277\236*\270"
 333      3D17259F 
 333      BEE943FE 
 333      CA9EBF9E 
 333      2AB8
 334 0264 E64342D8 		.ascii	"\346CB\330s{Mi\253?\011g\317\225;\313\236i\026|\255"
 334      737B4D69 
 334      AB3F0967 
 334      CF953BCB 
 334      9E69167C 
 335 0279 EC9F0CAC 		.ascii	"\354\237\014\254\340\340\0122v\300\002JY\331\310G\216"
 335      E0E00A32 
 335      76C0024A 
 335      59D9C847 
 335      8E
 336 028a BD3D3AA7 		.ascii	"\275=:\247]\362\334v\211\007\0126\032\324Q\265\341\364"
 336      5DF2DC76 
 336      89070A36 
 336      1AD451B5 
 336      E1F4
 337 029c 7454ED2C 		.ascii	"tT\355,*\264\2735\365\360{\177\036\302B\034\336o\314"
 337      2AB4BB35 
ARM GAS  /tmp/cc5DFNEQ.s 			page 26


 337      F5F07B7F 
 337      1EC2421C 
 337      DE6FCC
 338 02af EEF7E33B 		.ascii	"\356\367\343;{\220V\334\263\214\256\333\376$\216R\324"
 338      7B9056DC 
 338      B38CAEDB 
 338      FE248E52 
 338      D4
 339 02c0 66150FD4 		.ascii	"f\025\017\324\002\004\005\005-\010\012\312\243\300\366"
 339      02040505 
 339      2D080ACA 
 339      A3C0F6
 340 02cf A99CA0AC 		.ascii	"\251\234\240\254\306MrZ\035\320\324\303udq\323m\231"
 340      C64D725A 
 340      1DD0D4C3 
 340      756471D3 
 340      6D99
 341 02e1 66F6BB02 		.ascii	"f\366\273\002\177\270Cc\326\342\374$\271\351\037t}h"
 341      7FB84363 
 341      D6E2FC24 
 341      B9E91F74 
 341      7D68
 342 02f3 9D616E74 		.ascii	"\235ant\267n\315\322\356\223\355\311Z\006\3362\303\372"
 342      B76ECDD2 
 342      EE93EDC9 
 342      5A06DE32 
 342      C3FA
 343 0305 A20B9CA5 		.ascii	"\242\013\234\245#\215\246M#\30054\270\312\246n\362\214"
 343      238DA64D 
 343      23C03534 
 343      B8CAA66E 
 343      F28C
 344 0317 40270441 		.ascii	"@'\004A7\312\015\224.\224\016\010\242Y\342\2138\000"
 344      37CA0D94 
 344      2E940E08 
 344      A259E28B 
 344      3800
 345 0329 E9D0052E 		.ascii	"\351\320\005.\315\261@\035\004\272\331b\035\303\345"
 345      CDB1401D 
 345      04BAD962 
 345      1DC3E5
 346 0338 D9A93353 		.ascii	"\331\2513S\314\332\356\222\216NoR\006lg3\252+\212\274"
 346      CCDAEE92 
 346      8E4E6F52 
 346      066C6733 
 346      AA2B8ABC 
 347 034c 16CC4A11 		.ascii	"\026\314J\021n)8\257a\211\010\335\031\235/\274\325{"
 347      6E2938AF 
 347      618908DD 
 347      199D2FBC 
 347      D57B
 348 035e D9E3B674 		.ascii	"\331\343\266t/\257\320^^\241=}\265>w\3406\320\366\010"
 348      2FAFD05E 
 348      5EA13D7D 
 348      B53E77E0 
 348      36D0F608 
 349 0372 30EE0502 		.ascii	"0\356\005\002\375\243?\274T\350\035\3503\225)\347\005"
ARM GAS  /tmp/cc5DFNEQ.s 			page 27


 349      FDA33FBC 
 349      54E81DE8 
 349      339529E7 
 349      05
 350 0383 F452EC04 		.ascii	"\364R\354\004\245\3519u\374\346\374\341:QA\021\225\026"
 350      A5E93975 
 350      FCE6FCE1 
 350      3A514111 
 350      9516
 351 0395 03DC87A3 		.ascii	"\003\334\207\243\263\241\012\232\317\2032\357\004\341"
 351      B3A10A9A 
 351      CF8332EF 
 351      04E1
 352 03a3 0E9CD5B4 		.ascii	"\016\234\325\264\243\242\022\225\345\324\0360\203\361"
 352      A3A21295 
 352      E5D41E30 
 352      83F1
 353 03b1 34A0E002 		.ascii	"4\240\340\002u^\340\352}9\023\333s\375\357B\337\006"
 353      755EE0EA 
 353      7D3913DB 
 353      73FDEF42 
 353      DF06
 354 03c3 CCBEE3F6 		.ascii	"\314\276\343\366\177\026\013\360\223\264%\002\333\233"
 354      7F160BF0 
 354      93B42502 
 354      DB9B
 355 03d1 0B67F69F 		.ascii	"\013g\366\237\013 m|\243\232\257\244$\371k0\"\326\277"
 355      0B206D7C 
 355      A39AAFA4 
 355      24F96B30 
 355      22D6BF
 356 03e4 12345457 		.ascii	"\0224TW\222RY``\272(\003\334\005\246\333t>\355\264\037"
 356      92525960 
 356      60BA2803 
 356      DC05A6DB 
 356      743EEDB4 
 357 03f9 7F654455 		.ascii	"\177eDUOX\310{\302H\335~\007\355\011Z\336\340t\250\352"
 357      4F58C87B 
 357      C248DD7E 
 357      07ED095A 
 357      DEE074A8 
 358 040e C8BCF001 		.ascii	"\310\274\360\001\327\320\"\370\0225\235\251W\273\265"
 358      D7D022F8 
 358      12359DA9 
 358      57BBB5
 359 041d A483AF3B 		.ascii	"\244\203\257;\236\365\252\202\365+yF\223\273\007\314"
 359      9EF5AA82 
 359      F52B7946 
 359      93BB07CC 
 360 042d 8D96C700 		.ascii	"\215\226\307\000\352\372y\307:\227}\266\305w\321nVQ"
 360      EAFA79C7 
 360      3A977DB6 
 360      C577D16E 
 360      5651
 361 043f 49F23C11 		.ascii	"I\362<\021\356#\337\037p\376{V\017\017`\221\000\337"
 361      EE23DF1F 
 361      70FE7B56 
ARM GAS  /tmp/cc5DFNEQ.s 			page 28


 361      0F0F6091 
 361      00DF
 362 0451 21575E3C 		.ascii	"!W^<-\231\305\360\336A\331\336'\333\007N\277\277\267"
 362      2D99C5F0 
 362      DE41D9DE 
 362      27DB074E 
 362      BFBFB7
 363 0464 E69E2CEB 		.ascii	"\346\236,\3535\324\010\356 \272\3221\350\263\000}\030"
 363      35D408EE 
 363      20BAD231 
 363      E8B3007D 
 363      18
 364 0475 2296CE1D 		.ascii	"\"\226\316\035\232\330Ax\017\275\223\357\226n\364&\351"
 364      9AD84178 
 364      0FBD93EF 
 364      966EF426 
 364      E9
 365 0486 FC1B73EC 		.ascii	"\374\033s\354\350\313r\2753\031<?\2333\216Nh\346\246"
 365      E8CB72BD 
 365      33193C3F 
 365      9B338E4E 
 365      68E6A6
 366 0499 3244A93C 		.ascii	"2D\251<tR\251;\224\232bP\250<\370)\276\332\330\240e"
 366      7452A93B 
 366      949A6250 
 366      A83CF829 
 366      BEDAD8A0 
 367 04ae 911AC18F 		.ascii	"\221\032\301\217**?zR\031fT\016\325\017\236\011 \231"
 367      2A2A3F7A 
 367      52196654 
 367      0ED50F9E 
 367      092099
 368 04c1 9C4AD7D6 		.ascii	"\234J\327\326\255;t\012T}\240\013\212F\365H\005\365"
 368      AD3B740A 
 368      547DA00B 
 368      8A46F548 
 368      05F5
 369 04d3 C813EA31 		.ascii	"\310\023\3521\203j\354\036x\241%9\034\252\352\330\356"
 369      836AEC1E 
 369      78A12539 
 369      1CAAEAD8 
 369      EE
 370 04e4 0EC2A26A 		.ascii	"\016\302\242jtm{^U\361\0200\035}\333\237*\373>\371\274"
 370      746D7B5E 
 370      55F11030 
 370      1D7DDB9F 
 370      2AFB3EF9 
 371 04f9 DF550BCF 		.ascii	"\337U\013\317\270n\244\374\322\210\277:\376F\267\370"
 371      B86EA4FC 
 371      D288BF3A 
 371      FE46B7F8 
 372 0509 4769FC23 		.ascii	"Gi\374#\316\370\017\234\330v\330W!\335:F\\\254\321\012"
 372      CEF80F9C 
 372      D876D857 
 372      21DD3A46 
 372      5CACD10A 
 373 051d 9EA8583F 		.ascii	"\236\250X?\361d=\306X_-\251\211&\205s\223>\346x\276"
ARM GAS  /tmp/cc5DFNEQ.s 			page 29


 373      F1643DC6 
 373      585F2DA9 
 373      89268573 
 373      933EE678 
 374 0532 9B93C68F 		.ascii	"\233\223\306\217\025\274\340\004\035=EuZ'\351q\256\333"
 374      15BCE004 
 374      1D3D4575 
 374      5A27E971 
 374      AEDB
 375 0544 29EF4AD6 		.ascii	")\357J\326\317M\372\025%\375\322I:\261\253\2646@!=^"
 375      CF4DFA15 
 375      25FDD249 
 375      3AB1ABB4 
 375      3640213D 
 376 0559 48E45DE8 		.ascii	"H\344]\3505\217\332\300s\025\345\347\236\224'\030\345"
 376      358FDAC0 
 376      7315E5E7 
 376      9E942718 
 376      E5
 377 056a 9C3DE993 		.ascii	"\234=\351\223\276\244ln\316%M7nj\\\272)\316ox\274\245"
 377      BEA46C6E 
 377      CE254D37 
 377      6E6A5CBA 
 377      29CE6F78 
 378 0580 58E3CABE 		.ascii	"X\343\312\276,2e\367\306\212\035\340\371\201\024 QT"
 378      2C3265F7 
 378      C68A1DE0 
 378      F9811420 
 378      5154
 379 0592 7FF552EA 		.ascii	"\177\365R\352K\363\275f|Ei\227u\267k\250;\322\035\240"
 379      4BF3BD66 
 379      7C456997 
 379      75B76BA8 
 379      3BD21DA0 
 380 05a6 EEA849A2 		.ascii	"\356\250I\242\272\243&\213\312\327\261{\240+\331\217"
 380      BAA3268B 
 380      CAD7B17B 
 380      A02BD98F 
 381 05b6 3141156C 		.ascii	"1A\025l\340L\216\216\267\015\021u\372\242\337Reo\223"
 381      E04C8E8E 
 381      B70D1175 
 381      FAA2DF52 
 381      656F93
 382 05c9 88D9DB28 		.ascii	"\210\331\333(*\331\273\\}~\204\226|\037f\257?\307\340"
 382      2AD9BB5C 
 382      7D7E8496 
 382      7C1F66AF 
 382      3FC7E0
 383 05dc DA72B482 		.ascii	"\332r\264\202IU\376&=\363\267Y\244\371\313.9]\251%\325"
 383      4955FE26 
 383      3DF3B759 
 383      A4F9CB2E 
 383      395DA925 
 384 05f1 3C7F978F 		.ascii	"<\177\227\217\337\337\246%u|P\236\335\177Q\207\314`"
 384      DFDFA625 
 384      757C509E 
 384      DD7F5187 
ARM GAS  /tmp/cc5DFNEQ.s 			page 30


 384      CC60
 385 0603 AB48F852 		.ascii	"\253H\370R\345\033\354E~\244\221O\347\025\346\264\373"
 385      E51BEC45 
 385      7EA4914F 
 385      E715E6B4 
 385      FB
 386 0614 D0E96D38 		.ascii	"\320\351m8\015)\234\370l\033\320V\224\236/2\235\311"
 386      0D299CF8 
 386      6C1BD056 
 386      949E2F32 
 386      9DC9
 387 0626 00DBB95D 		.ascii	"\000\333\271]\372PM\263\353=\337\301u\035I\251\243\376"
 387      FA504DB3 
 387      EB3DDFC1 
 387      751D49A9 
 387      A3FE
 388 0638 EFB68AB9 		.ascii	"\357\266\212\271\2627[\355L\326\375J\276Gi\342\273L"
 388      B2375BED 
 388      4CD6FD4A 
 388      BE4769E2 
 388      BB4C
 389 064a 337A777B 		.ascii	"3zw{\206\2168\370\372\217s\237\036\246e\007\351\"\236"
 389      868E38F8 
 389      FA8F739F 
 389      1EA66507 
 389      E9229E
 390 065d 796836E8 		.ascii	"yh6\350a\342VV\215\027\271\301-J3\013\034,\200]\224"
 390      61E25656 
 390      8D17B9C1 
 390      2D4A330B 
 390      1C2C805D 
 391 0672 61065FE5 		.ascii	"a\006_\345\366\335\224k:uj\221\200\222Z\330\215&\260"
 391      F6DD946B 
 391      3A756A91 
 391      80925AD8 
 391      8D26B0
 392 0685 876677A7 		.ascii	"\207fw\2473\273\365\007\247\306\374hv\261</\334\372"
 392      33BBF507 
 392      A7C6FC68 
 392      76B13C2F 
 392      DCFA
 393 0697 6D46C326 		.ascii	"mF\303&\273C\226I\371;\324\016\266\210J~!\225\272n\021"
 393      BB439649 
 393      F93BD40E 
 393      B6884A7E 
 393      2195BA6E 
 394 06ac F9791832 		.ascii	"\371y\0302Yj\313\276M\315\326\361.\3766\016/:\236<2"
 394      596ACBBE 
 394      4DCDD6F1 
 394      2EFE360E 
 394      2F3A9E3C 
 395 06c1 F02E6EA7 		.ascii	"\360.n\247\007\237\343=y[\374\310Y\302\017g\216\232"
 395      079FE33D 
 395      795BFCC8 
 395      59C20F67 
 395      8E9A
 396 06d3 A77A75B9 		.ascii	"\247zu\271\320\2265].\331\316r\231\032~\332k \365\334"
ARM GAS  /tmp/cc5DFNEQ.s 			page 31


 396      D096355D 
 396      2ED9CE72 
 396      991A7EDA 
 396      6B20F5DC 
 397 06e7 E9DBE6EA 		.ascii	"\351\333\346\3521\037\265\323\0037\247\003N\247\241"
 397      311FB5D3 
 397      0337A703 
 397      4EA7A1
 398 06f6 4DD53DFE 		.ascii	"M\325=\376\244\221;\235\253\357\034\360R;\215\2729\345"
 398      A4913B9D 
 398      ABEF1CF0 
 398      523B8DBA 
 398      39E5
 399 0708 3A9DAE0F 		.ascii	":\235\256\017T\215\372\222K\334\351Y\332\203S\240vz"
 399      548DFA92 
 399      4BDCE959 
 399      DA8353A0 
 399      767A
 400 071a E5E674C8 		.ascii	"\345\346t\310\351t\254\375\336\210H\332\270SREE\273"
 400      E974ACFD 
 400      DE8848DA 
 400      B8535245 
 400      45BB
 401 072c 86DC6103 		.ascii	"\206\334a\003]sz\272C\257\034\355\\g\273\017O\235\224"
 401      5D737ABA 
 401      43AF1CED 
 401      5C67BB0F 
 401      4F9D94
 402 073f E5AD06CA 		.ascii	"\345\255\006\312\024\366c.\213\304\377}8B\202\2203\207"
 402      14F6632E 
 402      8BC4FF7D 
 402      38428290 
 402      3387
 403 0751 ED8AC019 		.ascii	"\355\212\300\031g\256\274\031\246\306Y\317tYb \354\025"
 403      67AEBC19 
 403      A6C659CF 
 403      74596220 
 403      EC15
 404 0763 03F941B7 		.ascii	"\003\371A\267\210\277\312pX\014\202\022\224B\224\002"
 404      88BFCA70 
 404      580C8212 
 404      94429402 
 405 0773 94629423 		.ascii	"\224b\224#\242\347\321\0167\007\366\315X\306\363`\312"
 405      A2E7D10E 
 405      3707F6CD 
 405      58C6F360 
 405      CA
 406 0784 4C69A0F9 		.ascii	"Li\240\371s\230z\006\212I\205\203\263\263w\236\002'"
 406      73987A06 
 406      8A498583 
 406      B3B3779E 
 406      0227
 407 0796 ED43A906 		.ascii	"\355C\251\006\347\301/\371\215\342@\224;\362\245\255"
 407      E7C12FF9 
 407      8DE24094 
 407      3BF2A5AD 
 408 07a6 5E4BF365 		.ascii	"^K\363e\207\235~\277\227\357\337\265Q\226\347C)\372"
ARM GAS  /tmp/cc5DFNEQ.s 			page 32


 408      879D7EBF 
 408      97EFDFB5 
 408      5196E743 
 408      29FA
 409 07b8 B6F2FEE1 		.ascii	"\266\362\376\341\002\025\230\346\357\364\235<*.E\327"
 409      021598E6 
 409      EFF49D3C 
 409      2A2E45D7 
 410 07c8 8996862A 		.ascii	"\211\226\206*_u]\320"
 410      5F755DD0 
 411 07d0 B7629A6C 		.ascii	"\267b\232l\031\253\013z\233\2437\214\026\276\374F\347"
 411      19AB0B7A 
 411      9BA3378C 
 411      16BEFC46 
 411      E7
 412 07e1 F4DF80FE 		.ascii	"\364\337\200\376\237\275\245r7)U5\234Z;\311\2770\307"
 412      9FBDA572 
 412      37295535 
 412      9C5A3BC9 
 412      BF30C7
 413 07f4 3127C7C4 		.ascii	"1'\307\304\331]\243\325\256\370V\263\027\023\015OtU"
 413      D95DA3D5 
 413      AEF856B3 
 413      17130D4F 
 413      7455
 414 0806 35F04357 		.ascii	"5\360CW\005z\227s\357\224\355\307wz\277\256\015T\322"
 414      057A9773 
 414      EF94EDC7 
 414      777ABFAE 
 414      0D54D2
 415 0819 367082B5 		.ascii	"6p\202\265\001\372L\337\327\226\307\317\210:\326R\267"
 415      01FA4CDF 
 415      D796C7CF 
 415      883AD652 
 415      B7
 416 082a 8D39C963 		.ascii	"\2159\311c\245\267\325\313\226\031\361\377\237R\274"
 416      A5B7D5CB 
 416      9619F1FF 
 416      9F52BC
 417 0839 458A317E 		.ascii	"E\2121~\024m\0123\255]g\214\265\032\243Cc\2141\2460"
 417      146D0A33 
 417      AD5D678C 
 417      B51AA343 
 417      638C31A6 
 418 084e A3D5162F 		.ascii	"\243\325\026/\205\232\255F\263dV\036\227\205{\377\376"
 418      859AAD46 
 418      B364561E 
 418      97857BFF 
 418      FE
 419 085f 8F9F2EF9 		.ascii	"\217\237.\371h\315\032A\227`\262\330>\014\261i\255\246"
 419      68CD1A41 
 419      9760B2D8 
 419      3E0CB169 
 419      ADA6
 420 0871 7F4B2136 		.ascii	"\177K!6\"\305Z5\364Q\033\226\020\031)\305\223\317\315"
 420      22C55A35 
 420      F4511B96 
ARM GAS  /tmp/cc5DFNEQ.s 			page 33


 420      101929C5 
 420      93CFCD
 421 0884 36C32792 		.ascii	"6\303'\222y\035s\374\363'\177\322\306FFZ%\333o\336`"
 421      791D73FC 
 421      F3277FD2 
 421      C646465A 
 421      25DB6FDE 
 422 0899 D1688122 		.ascii	"\321h\201\"\305\306\177\305\301\304\325\202wh\274\371"
 422      C5C67FC5 
 422      C1C4D582 
 422      7768BCF9 
 423 08a9 F30F82CD 		.ascii	"\363\017\202\315\202><6\336&}\031l^%hB\342\022l^fkT"
 423      823E3C36 
 423      DE267D19 
 423      6C5E2568 
 423      42E2126C 
 424 08c1 C81B2D12 		.ascii	"\310\033-\022\216\000Q\222M\033\222`a7\324FXu!_\304"
 424      8E005192 
 424      4D1B9260 
 424      6137D446 
 424      5875215F 
 425 08d6 9B6C92D5 		.ascii	"\233l\222\325`\266\256\015\373L\012\267\375\301b\262"
 425      60B6AE0D 
 425      FB4C0AB7 
 425      FDC162B2 
 426 08e6 69D12B3C 		.ascii	"i\321+<\356+M\214\024\032\251\263\304\332\242\343c\277"
 426      EE2B4D8C 
 426      141AA9B3 
 426      C4DAA2E3 
 426      63BF
 427 08f8 8015BA48 		.ascii	"\200\025\272H\313\022k\234\024\216\032\213%!&\346o\306"
 427      CB126B9C 
 427      148E1A8B 
 427      252126E6 
 427      6FC6
 428 090a E858B364 		.ascii	"\350X\263d\2143\331\214Q\341\341\301H8X2\207I\021\021"
 428      8C33D98C 
 428      51E1E1C1 
 428      48385832 
 428      87491111 
 429 091e 52844B81 		.ascii	"R\204K\201\246R\260\024\032f\012^\023\274r\371\312\345"
 429      A652B014 
 429      1A660A5E 
 429      13BC72F9 
 429      CAE5
 430 0930 C1FF5A19 		.ascii	"\301\377Z\031\234\020\027\021j\223\214n\323F\223%<&"
 430      9C101711 
 430      6A938C6E 
 430      D3469325 
 430      3C26
 431 0942 2142A2BC 		.ascii	"!B\242\274M\226(L\010A\216\004\343\325P\232^\214d\200"
 431      4D96284C 
 431      08418E04 
 431      E3D5509A 
 431      5E8C6480 
 432 0956 C962B585 		.ascii	"\311b\265\205Z\302\245\020\236i/\026\310\177\001\363"
 432      5AC2A510 
ARM GAS  /tmp/cc5DFNEQ.s 			page 34


 432      9E692F16 
 432      C87F01F3 
 433 0966 302E2D   		.ascii	"0.-"
 434              		.text
 435              		.section	.gnu.lto_.symtab.70e5c6d1f40539f9,"e",%progbits
 436 0000 6D734F62 		.ascii	"msObjectInit\000"
 436      6A656374 
 436      496E6974 
 436      00
 437 000d 00       		.ascii	"\000"
 438 000e 00       		.ascii	"\000"
 439 000f 00       		.ascii	"\000"
 440 0010 00000000 		.ascii	"\000\000\000\000\000\000\000\000"
 440      00000000 
 441 0018 07010000 		.ascii	"\007\001\000\000"
 442              		.text
 443              		.section	.gnu.lto_.opts,"e",%progbits
 444 0000 272D666E 		.ascii	"'-fno-openmp' '-fno-openacc' '-fno-pie' '-mcpu=cort"
 444      6F2D6F70 
 444      656E6D70 
 444      2720272D 
 444      666E6F2D 
 445 0033 65782D6D 		.ascii	"ex-m3' '-mthumb' '-mfloat-abi=soft' '-march=armv7-m"
 445      33272027 
 445      2D6D7468 
 445      756D6227 
 445      20272D6D 
 446 0066 2720272D 		.ascii	"' '-O2' '-fstack-usage' '-ffunction-sections' '-fda"
 446      4F322720 
 446      272D6673 
 446      7461636B 
 446      2D757361 
 447 0099 74612D73 		.ascii	"ta-sections' '-fno-common' '-flto' '-fshort-enums'\000"
 447      65637469 
 447      6F6E7327 
 447      20272D66 
 447      6E6F2D63 
 448              		.text
 449              		.comm	__gnu_lto_v1,1,1
 450              		.comm	__gnu_lto_slim,1,1
 451              		.ident	"GCC: (GNU Arm Embedded Toolchain 9-2020-q2-update) 9.3.1 20200408 (release)"
ARM GAS  /tmp/cc5DFNEQ.s 			page 35


DEFINED SYMBOLS
                            *ABS*:0000000000000000 memstreams.c
                            *COM*:0000000000000001 __gnu_lto_v1
                            *COM*:0000000000000001 __gnu_lto_slim

NO UNDEFINED SYMBOLS
