ARM GAS  /tmp/ccY68EDo.s 			page 1


   1              		.cpu cortex-m3
   2              		.eabi_attribute 20, 1
   3              		.eabi_attribute 21, 1
   4              		.eabi_attribute 23, 3
   5              		.eabi_attribute 24, 1
   6              		.eabi_attribute 25, 1
   7              		.eabi_attribute 26, 1
   8              		.eabi_attribute 30, 2
   9              		.eabi_attribute 34, 1
  10              		.eabi_attribute 18, 4
  11              		.file	"chtm.c"
  12              		.section	.gnu.lto_.profile.8c5d6452cc331528,"e",%progbits
  13 0000 789CE360 		.ascii	"x\234\343``\004B \000\000\000]\000\013"
  13      60044220 
  13      0000005D 
  13      000B
  14              		.text
  15              		.section	.gnu.lto_.icf.8c5d6452cc331528,"e",%progbits
  16 0000 789CE360 		.ascii	"x\234\343``d\220b@\000\026\206\231m\273\356q2v/\370"
  16      60649062 
  16      40001686 
  16      996DBBEE 
  16      7132762F 
  17 0015 7C9A97E9 		.ascii	"|\232\227\351\351\346\351\257\371Yf\335}\370\231\207"
  17      E9E6E9AF 
  17      F95966DD 
  17      7DF89987 
  18 0025 0100A318 		.ascii	"\001\000\243\030\014e"
  18      0C65
  19              		.text
  20              		.section	.gnu.lto_.jmpfuncs.8c5d6452cc331528,"e",%progbits
  21 0000 789CE360 		.ascii	"x\234\343``dPg@\000\026\006FF\306\372\371\314 \012L"
  21      60645067 
  21      40001606 
  21      4646C6FA 
  21      F9CC200A 
  22 0015 33416916 		.ascii	"3Ai\026 \203\031\304\000a\006\000p\365\005\361"
  22      208319C4 
  22      00610600 
  22      70F505F1 
  23              		.text
  24              		.section	.gnu.lto_.inline.8c5d6452cc331528,"e",%progbits
  25 0000 789C7D8F 		.ascii	"x\234}\217\313\021\3020\014DWk\007\314L\016\031N\300"
  25      CB11C230 
  25      0C44576B 
  25      07CC4C0E 
  25      194EC0
  26 0013 C95D7075 		.ascii	"\311]pu)\031\362\241\215\224@\011\224B)\224@\011\310"
  26      2919F2A1 
  26      8D944009 
  26      94422994 
  26      4009C8
  27 0026 32896FE8 		.ascii	"2\211o\350 k\327o\254u\200\340*\330\312\003\207E\213"
  27      206BD76F 
  27      AC7580E0 
  27      2AD8CA03 
  27      87458B
ARM GAS  /tmp/ccY68EDo.s 			page 2


  28 0039 B380BB3C 		.ascii	"\263\200\273<\271\021h\365|q\"\230\031Ac\310\004\320"
  28      B91168F5 
  28      7C712298 
  28      194163C8 
  28      04D0
  29 004b 1932007B 		.ascii	"\0312\000{C\306\037B\234U\177xG\203(p\275\365\204\244"
  29      43C61F42 
  29      9C557F78 
  29      47832870 
  29      BDF584A4 
  30 005f 7D1113D1 		.ascii	"}\021\023\321:\332\223\201sY\362,K\304\336\277\021\236"
  30      3ADA9381 
  30      7359F22C 
  30      4BC4DEBF 
  30      119E
  31 0071 5837F8EA 		.ascii	"X7\370\352\206\215@\000m\032\210\216\353\214\256\262"
  31      868D4000 
  31      6D1A888E 
  31      EB8CAEB2 
  32 0081 B1B2B1BA 		.ascii	"\261\262\261\272\251\272\251|;\307xk\336\022\256\367"
  32      A9BAA97C 
  32      3BC7786B 
  32      DE12AEF7 
  33 0091 17D50FA7 		.ascii	"\027\325\017\247\261\216\371\302\375\211\225\353\013"
  33      B18EF9C2 
  33      FD8995EB 
  33      0B
  34 009e 442740C7 		.ascii	"D'@\307"
  35              		.text
  36              		.section	.gnu.lto_.pureconst.8c5d6452cc331528,"e",%progbits
  37 0000 789CE360 		.ascii	"x\234\343``d\340e```a\230\305\3028\213\205i\026\013"
  37      6064E065 
  37      60606061 
  37      98C5C238 
  37      8B856916 
  38 0015 CB2C1600 		.ascii	"\313,\026\000\021\376\002\232"
  38      11FE029A 
  39              		.text
  40              		.section	.gnu.lto_chTMObjectInit.8c5d6452cc331528,"e",%progbits
  41 0000 789C9D92 		.ascii	"x\234\235\222\337K\024Q\024\307\317w\3168;\231\332\253"
  41      DF4B1451 
  41      14C7CF77 
  41      CE383B99 
  41      DAAB
  42 0012 24C13E44 		.ascii	"$\301>D\262\020;\373'\004B\257>\364\037\270,\254\224"
  42      B2103BFB 
  42      270442AF 
  42      3EF41FB8 
  42      2CAC94
  43 0025 15EBBE7B 		.ascii	"\025\353\276{wC}0\015$\331|\220\021b\020\363WAD\265"
  43      77437D30 
  43      0D24D97C 
  43      90116210 
  43      F3574144 
  44 003a DB3699BF 		.ascii	"\3336\231\277\323\027\361EC\205\202\020\241\204\360"
  44      D317F145 
  44      43858210 
ARM GAS  /tmp/ccY68EDo.s 			page 3


  44      A184F0
  45 0049 C197B473 		.ascii	"\301\227\264s\357Z\332c{\230\013\367\314=\347\363\375"
  45      EF5ADA63 
  45      7B980BF7 
  45      CC3DE7F3 
  45      FD
  46 005a 9E99EB12 		.ascii	"\236\231\353\022\250d\021]'\242+\262\300\004K)u#\222"
  46      A864115D 
  46      27A22BB2 
  46      C0044B29 
  46      752392
  47 006d 732DC0EC 		.ascii	"s-\300\354\224\013\352\262\320\205G\\`\314\366~{c\305"
  47      940BEAB2 
  47      D085475C 
  47      60CCF67E 
  47      7B63C5
  48 0080 C6E44485 		.ascii	"\306\344D\205\205\262\323\243\272\033}&\032\226U\011"
  48      85B2D3A3 
  48      BA1B7D26 
  48      1A965509 
  49 0090 BC454CEA 		.ascii	"\274EL\352v\362#Gu\003\3543`K\372x\345\345r\255N-D%"
  49      76F22347 
  49      7503EC33 
  49      604BFA78 
  49      E5E572AD 
  50 00a8 DDDFFAFC 		.ascii	"\335\337\372\374\352\"\307@\262\337(\014\316\3245\007"
  50      EA22C740 
  50      B2DF280C 
  50      CED43507 
  51 00b8 4AE555B8 		.ascii	"J\345U\270\032\260\272\3523\343\035X\220(\241\011E4"
  51      1AB0BAEA 
  51      33E31D58 
  51      9028A109 
  51      4534
  52 00ca 11C93B41 		.ascii	"\021\311;A\227\321L\272\345\313\213\343\241z\307>U\305"
  52      97D14CBA 
  52      E5CB8BE3 
  52      A17AC73E 
  52      55C5
  53 00dc 7B383207 		.ascii	"{82\007\321\314zM\250\216OzUx\030`\373\246\236\300t"
  53      D1CC7A4D 
  53      A88E4F7A 
  53      55781860 
  53      FBA69EC0 
  54 00f1 F43169BF 		.ascii	"\3641i\2776TH\364\220\255J\222\223d\037\371\237{\343"
  54      365448F4 
  54      90AD4A92 
  54      93641FF9 
  54      9F7BE3
  55 0104 5F6B3542 		.ascii	"_k5B\270\003\017\016v\\\355\222\215\263p\353\371fC\200"
  55      B8030F0E 
  55      765CED92 
  55      8DB370EB 
  55      F9664380 
  56 0118 A739A91F 		.ascii	"\2479\251\037\275\354\263=\"\366CmG\016s\376\356k'1"
  56      BDECB33D 
  56      22F6436D 
ARM GAS  /tmp/ccY68EDo.s 			page 4


  56      470E73FE 
  56      EE6B2731 
  57 012c AD59519F 		.ascii	"\255YQ\237k\360\001\001\236T\374\314\"!\005\245\236"
  57      6BF00101 
  57      9E54FCCC 
  57      222105A5 
  57      9E
  58 013d 5FE58886 		.ascii	"_\345\210\20698\221\270\204\217\322i\004\237\375\025"
  58      393891B8 
  58      848FD269 
  58      049FFD15 
  59 014d FC2F8539 		.ascii	"\374/\2059\243\240\007\305\274QX<\370\276\201\212\002"
  59      A3A007C5 
  59      BC51583C 
  59      F8BE818A 
  59      02
  60 015e 61E10F7D 		.ascii	"a\341\017}\242:\372\242\241[\232\276\204\304\031n\262"
  60      A23AFAA2 
  60      A15B9ABE 
  60      84C4196E 
  60      B2
  61 016f 1A5C04CB 		.ascii	"\032\\\004\313\006\247\277\007V\316\343\246\252\301"
  61      06A7BF07 
  61      56CEE3A6 
  61      AAC1
  62 017d B9F86470 		.ascii	"\271\370dp\266\306\255\376;\373\005\231}M\272~ ?Z\354"
  62      B6C6ADFE 
  62      3BFB0599 
  62      7D4DBA7E 
  62      203F5AEC 
  63 0191 87B90C3A 		.ascii	"\207\271\014:\372\030g?\235\350Z<\356\311s;\225\271"
  63      FA18673F 
  63      9DE85A3C 
  63      EEC9733B 
  63      95B9
  64 01a3 9BBAE3B5 		.ascii	"\233\272\343\265\244\333\333\332[oy\367:\275L\326\353"
  64      A4DBDBDA 
  64      5B6F79F7 
  64      3ABD4CD6 
  64      EB
  65 01b4 CC24BD64 		.ascii	"\314$\275d:\333\021O\022g;\356\377\006w\017\3711"
  65      3ADB114F 
  65      12673BEE 
  65      FF06770F 
  65      F931
  66              		.text
  67              		.section	.gnu.lto_chTMStartMeasurementX.8c5d6452cc331528,"e",%progbits
  68 0000 789C7550 		.ascii	"x\234uP\317k\023Q\020\236og\263\331j\233\253`\021{\020"
  68      CF6B1351 
  68      109E6F67 
  68      B3D96A9B 
  68      AB60117B 
  69 0015 4B0E6673 		.ascii	"K\016fsR\360\244x\360T\004\375\017\\\002)\232\246$\301"
  69      52F0A478 
  69      F05404FD 
  69      0F5C0229 
  69      9AA624C1 
ARM GAS  /tmp/ccY68EDo.s 			page 5


  70 0029 6B5FB685 		.ascii	"k_\266\205\202\221\370\003%z\210\033\320\260=\031\305"
  70      8291F803 
  70      257A881B 
  70      D0B03D19 
  70      C5
  71 003a A256AB6E 		.ascii	"\242V\253n\343\317\026\017*^\254\030\203\007\017=\350"
  71      E3CF160F 
  71      2A5EAC18 
  71      83070F3D 
  71      E8
  72 004b A552F550 		.ascii	"\245R\365P\235\267)R\017\016\357\301\373\336\314|\337"
  72      9DB72952 
  72      0F0EEFC1 
  72      FBDECC7C 
  72      DF
  73 005c 7C631368 		.ascii	"|c\023h\300 r\211h\207\\0\301PJ\035\210\227m\003\210"
  73      C0207289 
  73      68875C30 
  73      C1504A1D 
  73      88976D03 
  74 0071 5ECA064D 		.ascii	"^\312\006M\030\230\300Y\2561\332\323_\346\214d \031"
  74      1898C059 
  74      AE31DAD3 
  74      5FE68C64 
  74      2019
  75 0083 15D6CEC5 		.ascii	"\025\326\316\305}\365Z\261\317DW\344\366\002\367\221"
  75      7DF55AB1 
  75      CF4457E4 
  75      F602F791 
  76 0093 94C28E57 		.ascii	"\224\302\216W\377\321_\225\034`\012\274\2704\273\270"
  76      FFD15F95 
  76      1C600ABC 
  76      B834BBB8 
  77 00a3 45430343 		.ascii	"EC\003C\002W\226?\334\331\312I\220\274\337\325.\264"
  77      0257963F 
  77      DCD9CA49 
  77      90BCDFD5 
  77      2EB4
  78 00b5 FA879B4A 		.ascii	"\372\207\233Jy*|\025\260\332\3453\343!X(1\217A<\300"
  78      792A7C15 
  78      B0DAE533 
  78      E3215828 
  78      318F413C 
  79 00ca 2091FC09 		.ascii	" \221\374\011\365#\014\223n\371|k\375\322\200en\250"
  79      F5230C93 
  79      6EF97C6B 
  79      FDD28065 
  79      6EA8
  80 00dc E2312C31 		.ascii	"\3421,1B\324z\033\013\325\372\357i\025\256\006\250\035"
  80      42D47A1B 
  80      0BD5FAEF 
  80      6915AE06 
  80      A81D
  81 00ee 8E8905E9 		.ascii	"\216\211\005\3510\245\331$\2520\351\251M\250\220\350"
  81      30A5D924 
  81      AA30E9A9 
  81      4DA890E8 
ARM GAS  /tmp/ccY68EDo.s 			page 6


  82 00fe 0C1B3D30 		.ascii	"\014\033=0)`\005\355\371\237\037\273\337\337\360?\324"
  82      296005ED 
  82      F99F1FBB 
  82      DFDFF03F 
  82      D4
  83 010f 9AF1EFC7 		.ascii	"\232\361\357\307\224.\357V\226xg$\027e7Uc\001\026B\031"
  83      942EEF56 
  83      96786724 
  83      17653755 
  83      63011642 
  84 0124 83D08655 		.ascii	"\203\320\206Ugm\271:\371\255ck\313\261\310\346l\353"
  84      676DB93A 
  84      F9AD636B 
  84      CBB1C8E6 
  84      6CEB
  85 0136 FC5DB307 		.ascii	"\374]\263\007UC\251\204|\255\315U~%\232\270\006\237"
  85      5543A984 
  85      7CADCD55 
  85      7E259AB8 
  85      069F
  86 0148 2D3C15AB 		.ascii	"-<\025\253O\264UI\334\276>\023\364\245o\250\251\262"
  86      4FB45549 
  86      DCBE3E13 
  86      F4A56FA8 
  86      A9B2
  87 015a EAAE79DB 		.ascii	"\352\256y\333\256\356\3679\216gh\342\262\336\302\202"
  87      AEEEF739 
  87      8E6768E2 
  87      B2DEC282 
  88 016a B6FB1C69 		.ascii	"\266\373\034i\031\334\353\234\016f\022z\242\315\202"
  88      19DCEB9C 
  88      0E66127A 
  88      A2CD82
  89 0179 1C0986CB 		.ascii	"\034\011\206\3137\337k\366\262L\336\330\356\263]\227"
  89      37DF6BF6 
  89      B24CDED8 
  89      EEB35D97 
  90 0189 E5BFD850 		.ascii	"\345\277\330P(\373\237\356Y\242 1\344s\037^F\344\332"
  90      28FB9FEE 
  90      59A22031 
  90      E4731F5E 
  90      46E4DA
  91 019c 32169116 		.ascii	"2\026\221\026\003\364\025^\243UE\264\\\035\025Foe^\250"
  91      03F4155E 
  91      A35545B4 
  91      5C1D1546 
  91      6F655EA8 
  92 01b0 E1EE54CA 		.ascii	"\341\356T\312\221s\"S\030\313\234t\016eG\217\217\036"
  92      91732253 
  92      18CB9C74 
  92      0E65478F 
  92      8F1E
  93 01c2 39E6E48B 		.ascii	"9\346\344\213N\241\344\024\013\256\343fK\271\224K\\"
  93      4EA1E414 
  93      0BAEE366 
  93      4BB9944B 
  93      5C
ARM GAS  /tmp/ccY68EDo.s 			page 7


  94 01d3 CA8DEFFD 		.ascii	"\312\215\357\375_\251\233\317\345\362c\316x\276P*:\007"
  94      5FA99BCF 
  94      E5F263CE 
  94      78BE502A 
  94      3A07
  95 01e5 8F8E9CDA 		.ascii	"\217\216\234\332\267gD\032\335|!\223\312\322\037\036"
  95      B767441A 
  95      DD7C2193 
  95      CAD21F1E 
  96 01f5 8DCA9C   		.ascii	"\215\312\234"
  97              		.text
  98              		.section	.gnu.lto_chTMStopMeasurementX.8c5d6452cc331528,"e",%progbits
  99 0000 789C9554 		.ascii	"x\234\225TKlTU\030>\337\375\357\275\363\350\235a\247"
  99      4B6C5455 
  99      183EDFFD 
  99      EFBDF3E8 
  99      9D61A7
 100 0013 46365D18 		.ascii	"F6]\030\241\013f\232H0a\245q\301\212\230Hbb\342\212"
 100      A10B669A 
 100      483061A5 
 100      71C18A98 
 100      486262E2 
 101 0028 4993122D 		.ascii	"I\223\022-C\246\215+\223\236\231N(Xl#\301\024\022\207"
 101      43A68D2B 
 101      939E994E 
 101      28586C23 
 101      C1141287 
 102 003c DBA43685 		.ascii	"\333\2446\205\215\205@\212-U\207\362\320\"j\213\274"
 102      8D85408A 
 102      2D5587F2 
 102      D0226A8B 
 102      BC
 103 004d DADA8715 		.ascii	"\332\332\207\025T\210\217\225\251EB\375\317C\230\301"
 103      54888F95 
 103      A94542FD 
 103      CF4398C1 
 104 005d 18999B99 		.ascii	"\030\231\233\231\177\356\371\377s\276\327\235\334\250"
 104      7FEEF9FF 
 104      73BED79D 
 104      DCA8
 105 006b 80D8E30B 		.ascii	"\200\330\343\013\221\021B\274\306_D\004\034)\345\013"
 105      911142BC 
 105      C65F4404 
 105      1C29E50B 
 106 007b 917CD471 		.ascii	"\221|\324q\210\357\352]\031w\315o@p\355\314u<;\363\355"
 106      88EFEA5D 
 106      1977CD6F 
 106      4070EDCC 
 106      753C3BF3 
 107 0090 CC836F67 		.ascii	"\314\203og>\240\357d\024\242\335!\327\363\321\216\036"
 107      3EA0EF64 
 107      14A2DD21 
 107      D7F3D18E 
 107      1E
 108 00a1 EA258C77 		.ascii	"\352%\214w\3768\3424\014\362T\226{G#\241\234\224\024"
 108      FE38E234 
 108      0CF25496 
ARM GAS  /tmp/ccY68EDo.s 			page 8


 108      7B4723A1 
 108      9C9414
 109 00b4 921087F8 		.ascii	"\222\020\207\370k.\214\242\2017\316\027J\177\006\335"
 109      6B2E8CA2 
 109      8137CE17 
 109      4A7F06DD 
 110 00c4 3C035C5E 		.ascii	"<\003\\^\036\270xr\"\256\226\016\352yygfv\270\216\032"
 110      1EB87872 
 110      22AE960E 
 110      EA797967 
 110      6676B88E 
 111 00d9 20F8FE4A 		.ascii	" \370\376J\357\376\241`\335\200\224\005Y>7H\362\231"
 111      EFFEA160 
 111      DD809405 
 111      593E3748 
 111      F299
 112 00eb 90089F80 		.ascii	"\220\010\237\200\030\022cX\213\323X+\004\367\030\372"
 112      18126358 
 112      8BD3582B 
 112      04F718FA 
 113 00fb 53AC13EA 		.ascii	"S\254\023\352\310\322\361\373\357'|\327\262\3423\370"
 113      C8D2F1FB 
 113      EF277CD7 
 113      B2E233F8 
 114 010b 1C821043 		.ascii	"\034\202\020C\227\275\262\274\277\332)\313\277\014b"
 114      97BDB2BC 
 114      BFDA29CB 
 114      BF0C62
 115 011a 6ACB13E0 		.ascii	"j\313\023\340c.\013\340c\256\272\365T\361U\211\250\022"
 115      632E0BE0 
 115      63AEBAF5 
 115      54F15589 
 115      A812
 116 012c 5525A64A 		.ascii	"U%\246J\234\213W\247J\240JB\365\222\252\010\321EB\231"
 116      9C8B57A7 
 116      4AA04A42 
 116      F592AA08 
 116      D1454299 
 117 0140 7521CB42 		.ascii	"u!\313B\354#\307,:xq\007\343c+s\213\177LQ\225\"%\344"
 117      EC23C72C 
 117      3A787107 
 117      E3632B73 
 117      8B7F4C51 
 118 0158 41A3A8B6 		.ascii	"A\243\250\266/v-\320z\255RO+v\343\014|\224Y\275\300"
 118      2F762DD0 
 118      7AAD524F 
 118      2B76E30C 
 118      7C9459BD 
 119 016d 38FC12A9 		.ascii	"8\374\022\251\244\272;~\237\217\252\244|\235\316\311"
 119      A4BA3B7E 
 119      9F8FAAA4 
 119      7C9DCEC9 
 120 017d A1F74EB9 		.ascii	"\241\367N\271f)\373\244Lrky\244\353nr\000\375\010)\202"
 120      6629FBA4 
 120      4C726B79 
 120      A4EB6E72 
 120      00FD0829 
ARM GAS  /tmp/ccY68EDo.s 			page 9


 121 0192 739CD059 		.ascii	"s\234\320Y\225\020\017N|xd0\326\370\221,\346\345\342"
 121      95100F4E 
 121      7C786430 
 121      D6F8912C 
 121      E6E5E2
 122 01a5 72E1C9C3 		.ascii	"r\341\311\303\233C\212\342<\006pP\205wF\245t\001\215"
 122      9B438AE2 
 122      3C067050 
 122      857746A5 
 122      74018D
 123 01b8 2CBC30B6 		.ascii	",\2740\266\262\264\374\224RT\"Tr\3064g\351\310\245\325"
 123      B2B4FC94 
 123      52542254 
 123      72C63467 
 123      E9C8A5D5 
 124 01cc 5811857C 		.ascii	"X\021\205|\224;\375d\014]\233\2750\011\303\032\307\027"
 124      943BFD64 
 124      0C5D9BBD 
 124      3009C31A 
 124      C717
 125 01de 28029F5B 		.ascii	"(\002\237[\332\321\375{\216\371L\313W\3370\203\324a"
 125      DAD1FD7B 
 125      8EF94CCB 
 125      57DF3083 
 125      D461
 126 01f0 4273DA24 		.ascii	"Bs\332$\212?\037\235\211\333q2\244\000\027\321x\220"
 126      8A3F1F9D 
 126      89DB7132 
 126      A40017D1 
 126      7890
 127 0202 1CF5E0BE 		.ascii	"\034\365\340\276\264jn\257\004U\031:\377\312\260o\265"
 127      B46A6EAF 
 127      0455193A 
 127      FFCAB06F 
 127      B5
 128 0213 9B6C844E 		.ascii	"\233l\204Nu\204_q\204\227t\204_+;^\245\035\322v\312"
 128      75845F71 
 128      84977484 
 128      5F2B3B5E 
 128      A51DD276 
 129 0228 33C7A66D 		.ascii	"3\307\246m^\211\022\367\276\261\272\363\341\302\307"
 129      5E8912F7 
 129      BEB1BAF3 
 129      E1C2C7
 130 0237 FFE8FEE9 		.ascii	"\377\350\376\351\271\220\222\230\324\272I\203\012Li"
 130      B9909298 
 130      D4BA4983 
 130      0A4C69
 131 0246 751D1FEC 		.ascii	"u\035\037\354\346\307\246\261-\374\360\336_\217\306"
 131      E6C7A6B1 
 131      2DFCF0DE 
 131      5F8FC6
 132 0255 147C12C0 		.ascii	"\024|\022\300e\006c\013\363\357@\355yL\266\247\325\331"
 132      6506630B 
 132      F3EF40ED 
 132      794CB6A7 
 132      D5D9
ARM GAS  /tmp/ccY68EDo.s 			page 10


 133 0267 6FABC8AE 		.ascii	"o\253\310\256\240\221\011L\032ws\206/\362xp\365*\324"
 133      A091094C 
 133      1A777386 
 133      2FF27870 
 133      F52AD4
 134 027a AB1ACDB5 		.ascii	"\253\032\315\265h\327\214\364\303\273'<\003\025\345"
 134      68D78CF4 
 134      C3BB273C 
 134      0315E5
 135 0289 3F17039A 		.ascii	"?\027\003\232\346\241\230i\306t\037F\3774\325f \300"
 135      E6A19869 
 135      C6741F46 
 135      FF34D566 
 135      20C0
 136 029b F52ACA1B 		.ascii	"\365*\312\033\312@\314\030\370\353UC\020\377_\270TH"
 136      CA40CC18 
 136      F8EB5543 
 136      10FF5FB8 
 136      5448
 137 02ad 6B30AD81 		.ascii	"k0\255\201<\0134c\376\024\367:o[\355u\006\227\037\304"
 137      3C0B3463 
 137      FE14F73A 
 137      6F5BED75 
 137      06971FC4 
 138 02c1 88ED040C 		.ascii	"\210\355\004\014\315\375Z\202\327D\263UD\337)\305\201"
 138      CDFD5A82 
 138      D744B355 
 138      44DF29C5 
 138      81
 139 02d2 517CEF75 		.ascii	"Q|\357u\203\234\250!\3629\215\346[\264y\226}\013\305"
 139      839CA821 
 139      F2398DE6 
 139      5BB47996 
 139      7D0BC5
 140 02e5 B9B31B1F 		.ascii	"\271\263\033\037\204\233\320/\304}Dy>\342\330\227\006"
 140      849BD02F 
 140      C47D4479 
 140      3EE2D897 
 140      06
 141 02f6 2B9EEB89 		.ascii	"+\236\353\211\327\220\365v\305\265P\305\265h\262V\330"
 141      D790F576 
 141      C5B550C5 
 141      B568B256 
 141      D8
 142 0307 6EE50B89 		.ascii	"n\345\013\211\215\254Z#\311\032\214|\257\301#\026|\311"
 142      8DAC5A23 
 142      C91A8C7C 
 142      AFC12316 
 142      7CC9
 143 0319 1899AD30 		.ascii	"\030\231\2550\222\264F\274G\214\274{\374\355Z\215\374"
 143      92B446BC 
 143      478CBC7B 
 143      FCED5A8D 
 143      FC
 144 032a 50C575F3 		.ascii	"P\305u\363\241\021\377\241\221\337P\350\353\357\201"
 144      A111FFA1 
 144      91DF50E8 
ARM GAS  /tmp/ccY68EDo.s 			page 11


 144      EBEF81
 145 0339 7EAFABAB 		.ascii	"~\257\253\253\213`\206\205\262Z>\233J\245\371\363FS"
 145      8B608685 
 145      B25A3E9B 
 145      4AA5F9F3 
 145      4653
 146 034b 6E67D39B 		.ascii	"ng\323\233\351\227\232wl\337\361\362\266t\2665\235k"
 146      E9979A77 
 146      6CDFF1F2 
 146      B674B635 
 146      9D6B
 147 035d 4BB7E632 		.ascii	"K\267\3462\351Ls[K*#\250\255e\327\246\377\332\232\311"
 147      E94C735B 
 147      4B2A23A8 
 147      AD65D7A6 
 147      FFDA9AC9 
 148 0371 B6B46477 		.ascii	"\266\264dw\246wesm\255\351\027_\331\372\326\363\033"
 148      A6776573 
 148      6DADE917 
 148      5FD9FAD6 
 148      F31B
 149 0383 B6F2C14C 		.ascii	"\266\362\301L6\327\224j\026\177\003,I5+"
 149      36D7946A 
 149      167F032C 
 149      49352B
 150              		.text
 151              		.section	.gnu.lto_chTMChainMeasurementToX.8c5d6452cc331528,"e",%progbits
 152 0000 789C9554 		.ascii	"x\234\225T[HTQ\024=\373\236{\357<\034\347\263\"\241"
 152      5B485451 
 152      143DFB9E 
 152      7BEF3C1C 
 152      E7B322A1 
 153 0014 FC88CC8F 		.ascii	"\374\210\314\217f\354AA_E\337\021\024\004A_\015\202"
 153      66EC4141 
 153      5F45DF11 
 153      1404415F 
 153      0D82
 154 0026 523A314A 		.ascii	"R:1J_AgFQ\312\036\004\366$\273\003%Z\037M\221X\246\325"
 154      5F416746 
 154      51CA1E04 
 154      F624BB03 
 154      255A1F4D 
 155 003e 4D7BD95B 		.ascii	"M{\331[{j\276**L\252\257\250L\254\275\3179\324L\017"
 155      7B6ABE2A 
 155      2A4CAAAF 
 155      A84CACBD 
 155      CF39D44C 
 156 0053 6A2E73F7 		.ascii	"j.s\367\334}\366\331k\257\265\346\314\3652`\3456c\245"
 156      DC7DF6D9 
 156      6BAFB5E6 
 156      CCF53260 
 156      E53663A5 
 157 0067 8CB1B578 		.ascii	"\214\261\265x\203\207\201!\204X\352\211{\015\203\343"
 157      83878121 
 157      8458EA89 
 157      7B0D83E3 
 158 0077 53BE29FC 		.ascii	"S\276)\374\246\372\016p0u\3154,]\263u\315\002[\327l"
ARM GAS  /tmp/ccY68EDo.s 			page 12


 158      A6FA0E70 
 158      3075CD34 
 158      2C5DB375 
 158      CD025BD7 
 159 008c 00F924BC 		.ascii	"\000\371$\274\300\266\032\334\264l\330\012\273\371~"
 159      C0B61ADC 
 159      B46CD80A 
 159      BBF97E
 160 009b 0E9DB5AF 		.ascii	"\016\235\265\257\333\214\302&\254\012w\377\204\307\021"
 160      DB8CC226 
 160      AC0A77FF 
 160      84C711
 161 00aa F7057738 		.ascii	"\367\005w8c\007\361V\027\234\207B\3348\224h\370\034"
 161      6307F156 
 161      179C8742 
 161      DC389468 
 161      F81C
 162 00bc D8853500 		.ascii	"\330\2055\000\023\323\372\233-\335~J\015\310\307\264"
 162      13D3FA9B 
 162      2DDD7E4A 
 162      0DC8C7B4 
 163 00cc B5FDDA98 		.ascii	"\265\375\332\230\207\027\002\303\347\236\203\355W\355"
 163      871702C3 
 163      E79E83ED 
 163      57ED
 164 00da 82462112 		.ascii	"\202F!\022\302\035h\342b\226\3039\\\000\216\220\320"
 164      C21D68E2 
 164      6296C339 
 164      5C008E90 
 164      D0
 165 00eb 0179D00E 		.ascii	"\001y\320\016y\214\341\032B_\204\002l\330wk\364\265"
 165      798CE11A 
 165      425F8402 
 165      6CD8776B 
 165      F4B5
 166 00fd 8F8764F3 		.ascii	"\217\207d\363\371\023o\306\002\272y|\346!\341\232\324"
 166      F9136FC6 
 166      02BA797C 
 166      E621E19A 
 166      D4
 167 010e 7DE98FDD 		.ascii	"}\351\217\335.\0240\352yqzro\256mj\316p\031l\264\220"
 167      2E1430EA 
 167      79717A72 
 167      6FAE6D6A 
 167      CE70196C 
 168 0124 B154AFE5 		.ascii	"\261T\257\345\212\311o\265\302\275=\255\377\250o\212"
 168      8AC96FB5 
 168      C2BD3DAD 
 168      FFA86F8A 
 169 0134 01D46102 		.ascii	"\001\324a\002M\265\020\302\264)x(x)\370(\3701X9\024"
 169      4DB510C2 
 169      B4297828 
 169      7829F828 
 169      F8315839 
 170 0149 02147269 		.ascii	"\002\024ri-H\201\261:\316\310&\023\204\313\330\016n"
 170      2D4881B1 
 170      3ACEC826 
ARM GAS  /tmp/ccY68EDo.s 			page 13


 170      1384CBD8 
 170      0E6E
 171 015b A8A40A93 		.ascii	"\250\244\012\223\267\320\331\361el\344c\017\317`C$~"
 171      B7D0D9F1 
 171      656CE463 
 171      0FCF6043 
 171      247E
 172 016d 2C54D3F6 		.ascii	",T\323\366\221\272\355\326\034\311PV\323vC\027\330\320"
 172      91BAEDD6 
 172      1CC95056 
 172      D3764317 
 172      D8D0
 173 017f 89CC195C 		.ascii	"\211\314\031\\\001\273\201[X\333U\365a\310K\036\333"
 173      01BB815B 
 173      58DB55F5 
 173      61C84B1E 
 173      DB
 174 0190 D29A96D4 		.ascii	"\322\232\226\324\236\263\246JER\210 .}j\253\033\017"
 174      9EB3A64A 
 174      45528820 
 174      2E7D6AAB 
 174      1B0F
 175 01a2 36C25170 		.ascii	"6\302Qp\270\007\256\241;W\311\035,\2349\326\334\344"
 175      B807AEA1 
 175      3B57C91D 
 175      2C9C39D6 
 175      DCE4
 176 01b4 2B3A29AA 		.ascii	"+:)\252\343b$U5\365\310\022\207{\341:4\302\0012\256"
 176      E3622455 
 176      35F5C812 
 176      877BE13A 
 176      34C20132 
 177 01c9 8B1CBA01 		.ascii	"\213\034\272\001EH<1\264=\325\\?\203(\245O\344r\242"
 177      45483C31 
 177      B43DD55C 
 177      3F8328A5 
 177      4FE472A2 
 178 01dd DB7FAA8F 		.ascii	"\333\177\252\217\340\343H=9\303\341\276\006\374\271"
 178      E0E3483D 
 178      39C3E1BE 
 178      06FCB9
 179 01ec BBF588B8 		.ascii	"\273\365\210\2703|\316\306\021t\330\034\356\207\233"
 179      337CCEC6 
 179      1174D81C 
 179      EE879B
 180 01fb 129D34C3 		.ascii	"\022\2354\303-(B\005\204\3361\372%\220\341\211\361\233"
 180      2D284205 
 180      84DE31FA 
 180      2590E189 
 180      F19B
 181 020d 27C9B3F5 		.ascii	"'\311\263\365\\[bdZr\007-\271--\271K\226\330i\214@\222"
 181      5C5B6264 
 181      5A72072D 
 181      B92D2DB9 
 181      4B96D869 
 182 0224 31FF4426 		.ascii	"1\377D&\371f\201\303s\340\236\244cH\024\006\367\245"
 182      F96681C3 
ARM GAS  /tmp/ccY68EDo.s 			page 14


 182      73E09EA4 
 182      63481406 
 182      F7A5
 183 0236 D8AAC335 		.ascii	"\330\252\3035\350\273\004\363(\274\326m\357\216\373"
 183      E8BB04F3 
 183      28BCD66D 
 183      EF8EFB
 184 0245 48700E00 		.ascii	"Hp\016\000\364 \230t\004h\317\177N\233N\275\275\031"
 184      F4209874 
 184      0468CF7F 
 184      4E9B4EBD 
 184      BD19
 185 0257 C31E907C 		.ascii	"\303\036\220|\217\222?\036S\363\274\377\007'\235|\250"
 185      8F923F1E 
 185      53F3BCFF 
 185      07279D7C 
 185      A8
 186 0268 9D54688F 		.ascii	"\235Th\217\024\365#5\335\226\202\302^\013\001\025\325"
 186      14F52335 
 186      DD9682C2 
 186      5E0B0115 
 186      D5
 187 0279 3E9E1D57 		.ascii	">\236\035W?<\316@\177B\\}\212\353\3275j\200\377\237"
 187      3F3CCE40 
 187      7F425C7D 
 187      8AEBD735 
 187      6A80FF9F 
 188 028d 70218707 		.ascii	"p!\207\007\340\251\004\342\032\250O\035\247\211\332"
 188      E0A904E2 
 188      1AA84F1D 
 188      A789DA
 189 029c 514D3347 		.ascii	"QM3G\341\242\347mz%\200\320\270\236\215\307rP\177\306"
 189      E1A2E76D 
 189      7A2580D0 
 189      B89E8DC7 
 189      72507FC6 
 190 02b0 A067C438 		.ascii	"\240g\3048\240\030O\254S\310\271Y\270; \321L\2156\210"
 190      A0184FAC 
 190      53C8B959 
 190      B83B20D1 
 190      4C8D3688 
 191 02c4 B45F41F5 		.ascii	"\264_A\365`\327\302\037\346\346\312\327\336\016\316"
 191      60D7C21F 
 191      E6E6CAD7 
 191      DE0ECE
 192 02d3 E9D81BFA 		.ascii	"\351\330\033\372\017\216\214\007w\373\263\360z=\315"
 192      0F8E8C07 
 192      77FBB3F0 
 192      7A3DCD
 193 02e2 1ACA9835 		.ascii	"\032\312\2305\254\274&l3\375\345\201B\276i!\301,\204"
 193      ACBC266C 
 193      33FDE581 
 193      42BE6921 
 193      C12C84
 194 02f5 8C48704B 		.ascii	"\214HpK\203?WB\236\245\011\011j!\326/Bv\236\336\222"
 194      833F5742 
 194      9EA50909 
ARM GAS  /tmp/ccY68EDo.s 			page 15


 194      6A21D62F 
 194      42769EDE 
 195 030a AD901719 		.ascii	"\255\220\027\031\263^\376\024b\377\024\362\036\022\311"
 195      B35EFE14 
 195      62FF14F2 
 195      1E12C9
 196 0319 F67A90EF 		.ascii	"\366z\220\357_\272\3528\250b\302\245tv(\024\306\317"
 196      5FBAEA38 
 196      A862C2A5 
 196      74762814 
 196      C6CF
 197 032b 86E25879 		.ascii	"\206\342Xy\361\306\360\362\222\322\365\245+W\207\243"
 197      F1C6F0F2 
 197      92D2F5A5 
 197      2B5787A3 
 198 033b 15E15865 		.ascii	"\025\341Xe\270\"\026\011GJ*\313B\021fV\226m\232Ga\376"
 198      B8221609 
 198      474A2ACB 
 198      42116656 
 198      966D9A47 
 199 0351 A2BF3544 		.ascii	"\242\2775D\242ee\321\362\360\246h\254\262\"\274l\325"
 199      A26565D1 
 199      F2F0A668 
 199      ACB222BC 
 199      6CD5
 200 0363 8ACD8BE7 		.ascii	"\212\315\213\347\256\300\366H4V\034*a\337\001\212\307"
 200      AEC0F648 
 200      34561C2A 
 200      61DF018A 
 200      C7
 201 0374 2F13     		.ascii	"/\023"
 202              		.text
 203              		.section	.gnu.lto_.symbol_nodes.8c5d6452cc331528,"e",%progbits
 204 0000 789CE360 		.ascii	"x\234\343``d(c\000\002\246C\214\365\014\015@\300\302"
 204      60642863 
 204      0002A643 
 204      8CF50C0D 
 204      40C0C2
 205 0013 38E11C03 		.ascii	"8\341\034\003C=\003\303\256\006G\240$H\3520c=#\016\251"
 205      433D03C3 
 205      AE0647A0 
 205      2448EA30 
 205      633D230E 
 206 0028 238CF54C 		.ascii	"#\214\365L\330\245X\21712(\200\224\034e\254g\306\256"
 206      D8A5588F 
 206      31322880 
 206      941C65AC 
 206      67C6AE
 207 003b 8401000E 		.ascii	"\204\001\000\016m\034\000"
 207      6D1C00
 208              		.text
 209              		.section	.gnu.lto_.refs.8c5d6452cc331528,"e",%progbits
 210 0000 789CE360 		.ascii	"x\234\343``d`c```db`fb\000\000\000\343\000\030"
 210      60646063 
 210      60606064 
 210      62606662 
 210      000000E3 
ARM GAS  /tmp/ccY68EDo.s 			page 16


 211              		.text
 212              		.section	.gnu.lto_.decls.8c5d6452cc331528,"e",%progbits
 213 0000 789CBD3A 		.ascii	"x\234\275:iTT\331\231u\353\276*\252\212\002:j\247;1"
 213      695454D9 
 213      9975EBBE 
 213      2AAA8A02 
 213      3A6AA73B 
 214 0015 93E9E963 		.ascii	"\223\351\351c\022g&\035\3546g2\235\223\231$\3076I\237"
 214      1267261D 
 214      EC366732 
 214      9D939924 
 214      C736499F 
 215 0029 B4DD7D5A 		.ascii	"\264\335}Z\223\351\316\2319\004\261T\322l\251*Z\235"
 215      93E9CE99 
 215      3904B154 
 215      D26CA92A 
 215      5A9D
 216 003b 2D8F4510 		.ascii	"-\217E\020E\300\225]Q\300\205MT\004\025\220]\331WA\001"
 216      45C0955D 
 216      51C0854D 
 216      54041590 
 216      5DD95741 
 217 0050 45407141 		.ascii	"E@qA\024Ev\021\346\273\367\276\252zU\357\225\355\374"
 217      14457611 
 217      E6BBF7BE 
 217      AA7A55EF 
 217      95EDFC
 218 0063 9829FDA8 		.ascii	"\230)\375\250\367\335\367\355\367\273\337\375\336\255"
 218      F7DDF7ED 
 218      F7BBDFFD 
 218      DEAD
 219 0071 A75120C5 		.ascii	"\247Q \305\267\177\254Pd\270(\024sH\241X\200\217J\241"
 219      B77FAC50 
 219      64B82814 
 219      7348A158 
 219      808F4AA1 
 220 0085 50B40100 		.ascii	"P\264\001\000\252\350Q\260\017\0070\004\360\000`\004"
 220      AAE851B0 
 220      0F073004 
 220      F0006004 
 221 0095 604CB8AF 		.ascii	"`L\270\257W*\354>\0150\250\203\357\315\000\213\000\226"
 221      572AEC3E 
 221      0D30A883 
 221      EFCD008B 
 221      0096
 222 00a7 0832BA01 		.ascii	"\0102\272\001j\001~\000P#\310_\016@tu\000\\\005\270"
 222      6A017E00 
 222      5023C85F 
 222      0E407475 
 222      005C05B8 
 223 00bb 06D009D0 		.ascii	"\006\320\011\320.\310\036RH?\035N\344\023\271\277\006"
 223      2EC81E52 
 223      483F1D4E 
 223      E413B9BF 
 223      06
 224 00cc 5B7E05F0 		.ascii	"[~\005\360\015\245M\0371\357\347J&[)\330\377\221R*\267"
 224      0DA54D1F 
ARM GAS  /tmp/ccY68EDo.s 			page 17


 224      31EFE74A 
 224      265B29D8 
 224      FF91522A 
 225 00e1 1BE4BEE6 		.ascii	"\033\344\276\346D\356r\007\331k\000\\\001f\005\035\335"
 225      44EE7207 
 225      D96B005C 
 225      0166051D 
 225      DD
 226 00f2 229F3482 		.ascii	"\"\2374\202>\027\200)\301\237k\202OW\005_\261\020Cb"
 226      3E178029 
 226      C19F6B82 
 226      4F57055F 
 226      B1104362 
 227 0106 C75AA57C 		.ascii	"\307Z\245|\034\207`\320\355\025\355\261\370j\261A-\362"
 227      1C8760D0 
 227      ED15EDB1 
 227      F86AB141 
 227      2DF2
 228 0118 B95346F7 		.ascii	"\271SF\367\230H\267\343'\036\243\276\320\324i}\014F"
 228      9848B7E3 
 228      271EA3BE 
 228      D0D4697D 
 228      0C46
 229 012a 8B748803 		.ascii	"\213t\210\003t\177}A\235\016\320%:\364\026\240G:[C\021"
 229      747F7D41 
 229      9D0ED025 
 229      3AF416A0 
 229      473A5B43 
 230 013f BBFB1AA0 		.ascii	"\273\373\032\240e\013\007\3138\206j\000=\220U1\247g"
 230      650B07CB 
 230      38866A00 
 230      3D905531 
 230      A767
 231 0151 C4E544D6 		.ascii	"\304\345D\326\013~\377Aw\254D\344\272$\342\305%\027"
 231      0B7EFF41 
 231      77AC44E4 
 231      BA24E2C5 
 231      2517
 232 0163 B8F7031D 		.ascii	"\270\367\003\035\"Y\346\001CWF\037]El\210P<\017=\265"
 232      2259E601 
 232      4357461F 
 232      5D456C88 
 232      503C0F3D 
 233 0178 5783397A 		.ascii	"W\2039z]1\231k\362\314\345\331G\363\007\005\252D\330"
 233      5D31996B 
 233      F2CCE5D9 
 233      47F30705 
 233      AA44D8
 234 018b 66634B62 		.ascii	"fcKb\177\214\033^I)\3033\317O#\335\016\236\017\345\323"
 234      7F8C1B5E 
 234      4929C333 
 234      CF4F23DD 
 234      0E9E0FE5 
 235 01a0 C278ED6F 		.ascii	"\302x\355o\024\250\030-E\027\321R\005\252FTv\025\362"
 235      14A8182D 
 235      4517D152 
 235      05AA4654 
ARM GAS  /tmp/ccY68EDo.s 			page 18


 235      7615F2
 236 01b3 44153056 		.ascii	"D\0250V\016c\300\020\222\322q[\211\177J\231\037\344"
 236      0E63C010 
 236      92D2715B 
 236      897F4A99 
 236      1FE4
 237 01c5 767460FC 		.ascii	"vt`\374sz=\177\274:D-/\350\212\254\240\324\260\370|"
 237      737A3D7F 
 237      BC3A442D 
 237      2FE88AAC 
 237      A0D4B0F8 
 238 01da 8C7F4D99 		.ascii	"\214\177M\231\237T.<\300x\015\275\316-\214NvaAy\023"
 238      9F542E3C 
 238      C0780DBD 
 238      CE2D8C4E 
 238      76614179 
 239 01ef D0FAD6B1 		.ascii	"\320\372\326\261'\226\240 \300\343z[\306\364\3703J\232"
 239      2796A020 
 239      C0E37A5B 
 239      C6F4F833 
 239      4A9A
 240 0201 333A514C 		.ascii	"3:QLH\227\353\320_D\001Y\316\002\222z4\343s\374o\364"
 240      4897EBD0 
 240      5F440159 
 240      CE02927A 
 240      34E373FC 
 241 0217 B2B53724 		.ascii	"\262\2657$\301\235\031\227\037\306\177#\344]\005\272"
 241      C19D1997 
 241      1FC67F23 
 241      E45D05BA 
 242 0227 04969412 		.ascii	"\004\226\224\022\353Z\021\345 \326\265\300X3\265N=\177"
 242      EB5A11E5 
 242      20D6B5C0 
 242      5833B54E 
 242      3D7F
 243 0239 30F5B412 		.ascii	"0\365\264\022-\203\317\342eG\011_\371T\312\212\244\261"
 243      2D83CFE2 
 243      6547095F 
 243      F954CA8A 
 243      A4B1
 244 024b 119E1FE4 		.ascii	"\021\236\037\3441jC:\324\004|]h\261U\220\002\225\320"
 244      316A433A 
 244      D4047C5D 
 244      68B15590 
 244      0295D0
 245 025e BFEFC21F 		.ascii	"\277\357\302\037\306Q\371\355$\276<\\\215j\201\272^"
 245      C651F9ED 
 245      24BE3C5C 
 245      8D6A81BA 
 245      5E
 246 026f A0B60445 		.ascii	"\240\266\004E\201<\355\211\353E\304u\362\304\305\310"
 246      813CED89 
 246      EB45C475 
 246      F2C4C5C8 
 247 027f 4ADD2350 		.ascii	"J\335#P\327\000u\231\204\232\231C\311\367\220\014\210"
 247      D7007599 
 247      849A9943 
ARM GAS  /tmp/ccY68EDo.s 			page 19


 247      C9F7900C 
 247      88
 248 0290 03406F2A 		.ascii	"\003@o*P#P4\320{\204\236x\334\201\226\241\253\000\327"
 248      50235034 
 248      D07B849E 
 248      78DC8196 
 248      A1AB00D7 
 249 02a4 003A01DA 		.ascii	"\000:\001\332\3212\222$LI\273\310\244\313N\224\020\007"
 249      D1329224 
 249      4C49BBC8 
 249      A4CB4E94 
 249      1007
 250 02b6 48E8CF0C 		.ascii	"H\350\317\014$\272\343=\210F\273\352X\323a\345bY\315"
 250      24BAE33D 
 250      8846BBEA 
 250      58D361E5 
 250      6259CD
 251 02c9 E8BA20E7 		.ascii	"\350\272 \347%\312ABC\321@\210F\277\323\232L\250\333"
 251      25CA4142 
 251      43D14088 
 251      46BFD39A 
 251      4CA8DB
 252 02dc 4E750FD2 		.ascii	"Nu\017\322+\330\027YS7\373\313\264\003\350\026\"\013"
 252      2BD81759 
 252      5337FBCB 
 252      B403E816 
 252      220B
 253 02ee 12A14615 		.ascii	"\022\241F\025R\220\177\344\017\251\015\354\033\221k"
 253      52907FE4 
 253      0FA90DEC 
 253      1B916B
 254 02fd 249468FA 		.ascii	"$\224h\372A\344#\320\261/B\300\306\330\227\345\017\033"
 254      41E423D0 
 254      B12F42C0 
 254      C6D897E5 
 254      0F1B
 255 030f 530A522C 		.ascii	"S\012R,\313\0361\036&\235\242\"\321\354>\022\356[\204"
 255      CB1E311E 
 255      269DA222 
 255      D1EC3E12 
 255      EE5B84
 256 0322 30066695 		.ascii	"0\006f\225\215Q\030R\012\352\304\034Hb\261M\240\302"
 256      8D511852 
 256      0AEAC41C 
 256      4862B14D 
 256      A0C2
 257 0334 2AD4F241 		.ascii	"*\324\362A\326\005~\350\305\356\303\356\203\250?\004"
 257      D6057EE8 
 257      C5EEC3EE 
 257      83A83F04 
 258 0344 A2FFA43B 		.ascii	"\242\377\244;\355\015\005z=\356-\005\235\233\321\314"
 258      ED0D057A 
 258      3DEE2D05 
 258      9D9BD1CC 
 259 0354 8A39175C 		.ascii	"\2129\027\\\314&\252w\373\351\030\304&\212|,\226\365"
 259      CC26AA77 
 259      FBE918C4 
ARM GAS  /tmp/ccY68EDo.s 			page 20


 259      268A7C2C 
 259      96F5
 260 0366 B1F91184 		.ascii	"\261\371\021\204=\27142\3059\022\321y\264\247\333\336"
 260      3DB93432 
 260      C53912D1 
 260      79B4A7DB 
 260      DE
 261 0377 DED0EB26 		.ascii	"\336\320\353&\236\263[vs\326O\347\014\350\316g\037x"
 261      9EB35B76 
 261      73D64FE7 
 261      0CE8CE67 
 261      1F78
 262 0389 EECE29D9 		.ascii	"\356\316)\331\020\012\346\310XDM\\\261\033[\363JQ\231"
 262      100AE6C8 
 262      58444D5C 
 262      B11B5BF3 
 262      4A5199
 263 039c 5CC2CA64 		.ascii	"\\\302\312drgS\202\356\215\0034\237\302\370\327\224"
 263      72675382 
 263      EE8D0334 
 263      9FC2F8D7 
 263      94
 264 03ad 68F337D1 		.ascii	"h\3637\321m\020<H\005\337A\340\337\000\342\230\364\372"
 264      6D103C48 
 264      05DF41E0 
 264      DF00E298 
 264      F4FA
 265 03bf C89A7BF8 		.ascii	"\310\232{\370\3554\276\277\237/\277v\341g\211\215\021"
 265      ED34BEBF 
 265      9F2FBF76 
 265      E167898D 
 265      11
 266 03d0 7C2BF0FD 		.ascii	"|+\360\375\202\322\241\233`\265`1\271V\240\033 \004"
 266      82D2A19B 
 266      60B56031 
 266      B956A01B 
 266      2004
 267 03e2 F5023B0C 		.ascii	"\365\002;\014\014\241\267A@gF\305\264\016?e\001\012"
 267      0CA1B741 
 267      406746C5 
 267      B40E3F65 
 267      010A
 268 03f4 3BD6DFAA 		.ascii	";\326\337\252\302\221\254\004\037,+O\361\000\303\321"
 268      C291AC04 
 268      1F2C2B4F 
 268      F100C3D1 
 269 0404 3D5A4C61 		.ascii	"=ZLa\344qX\\\250\233\240\354r\312w\217\204\361'x~\307"
 269      E471585C 
 269      A89BA0EC 
 269      72CA778F 
 269      84F12778 
 270 041a 5B54D55D 		.ascii	"[T\325]\213*t\037l#\250\275\266\007T[\335\\w\201\032"
 270      8B2A741F 
 270      6C23A8BD 
 270      B607545B 
 270      DD5C7781 
 271 042f C7395350 		.ascii	"\3079SPV6\273C/(\030\376+X\215\260*y%\225?l\225\377"
ARM GAS  /tmp/ccY68EDo.s 			page 21


 271      5636BB43 
 271      2F2818FE 
 271      2B588DB0 
 271      2A792595 
 272 0447 90C81F76 		.ascii	"\220\310\037v\224?B\345'5T\374\027\316t&^n*:\257\327"
 272      943F42E5 
 272      273554FC 
 272      17CE7426 
 272      5E6E2A3A 
 273 045d D428AD63 		.ascii	"\324(\255c\243\210\016&\245^\310sw:\003O\311\014<\261"
 273      A3880E26 
 273      A55EC873 
 273      773A034F 
 273      C90C3CB1 
 274 0471 CCC0C0C4 		.ascii	"\314\300\300\304\351a\215`\363\330_[m\006\"\364\310"
 274      E9618D60 
 274      F3D85F5B 
 274      6D0622F4 
 274      C8
 275 0482 6AF36362 		.ascii	"j\363cb\363#G\233\307\250\315\255\343\351Qj\\\312\214"
 275      F323479B 
 275      C7A8CDAD 
 275      E3E9516A 
 275      5CCA8C
 276 0495 CE5DB897 		.ascii	"\316]\270\227\354\301R\201'\345?\247a\356\276\026_a"
 276      ECC15281 
 276      27E53FA7 
 276      61EEBE16 
 276      5F61
 277 04a7 37C7F7F5 		.ascii	"7\307\367\365\334r\307\015\024Q>\234\272\333\352\206"
 277      DC72C70D 
 277      14513E9C 
 277      BADBEA86 
 278 04b7 962DB654 		.ascii	"\226-\266T\353\037&\214\335\347\371\275o\322\3625\011"
 278      EB1F268C 
 278      DDE7F9BD 
 278      6FD2F235 
 278      09
 279 04c8 9AA7E5CB 		.ascii	"\232\247\345\313/\315l\310X\236\230d\273?-\024\251)"
 279      2FCD6CC8 
 279      589E9864 
 279      BB3F2D14 
 279      A929
 280 04da 6B517A9A 		.ascii	"kQz\232~\277S\215\333\231\352\260\247E\205\256\213e"
 280      7EBF538D 
 280      DB99EAB0 
 280      A74585AE 
 280      8B65
 281 04ec 79D18CA0 		.ascii	"y\321\214\240\314\236\275\344P\322\224\016\337f\354"
 281      CC9EBDE4 
 281      50D2940E 
 281      DF66EC
 282 04fb 45A53DB1 		.ascii	"E\245=\261tC\342\205\305\002\231o\323=\207t\304@b#Y"
 282      7443E285 
 282      C502996F 
 282      D33D8774 
 282      C4406223 
ARM GAS  /tmp/ccY68EDo.s 			page 22


 283 0510 585DB722 		.ascii	"X]\267\"\264lq\234 !h\003\257\005\374\037I\270\322\367"
 283      B46C719C 
 283      20216803 
 283      AF05FC1F 
 283      49B8D2F7 
 284 0524 47BA081B 		.ascii	"G\272\010\033$&\233\362\310\341\233\356\354v\002!?9"
 284      24269BF2 
 284      C8E19BEE 
 284      EC760221 
 284      3F39
 285 0536 1193AC63 		.ascii	"\021\223\254c8)\227\027;\033\216\2723\362~Z\020\006"
 285      38299717 
 285      3B1B8EBA 
 285      33F27E5A 
 285      1006
 286 0548 C2323CF0 		.ascii	"\3022<\360#f\326\213\213\311\215\220\374\014\231\250"
 286      2366D68B 
 286      8BC98D90 
 286      FC0C99A8 
 287 0558 486925DD 		.ascii	"Hi%\335\211\232\265\034.0\324\025\177\345'l\204X\276"
 287      899AB51C 
 287      2E30D415 
 287      7FE5276C 
 287      8458BE
 288 056b 95CC36FF 		.ascii	"\225\3146\377<Q\217g\030\307\323\263yYb\257D1\211TR"
 288      3C518F67 
 288      18C7D3B3 
 288      795962AF 
 288      44318954 
 289 0580 36129208 		.ascii	"6\022\222\010\345R\264]I]\313\217\013\011\301x\201q"
 289      E552B45D 
 289      495DCB8F 
 289      0B09C178 
 289      8171
 290 0592 774E97CE 		.ascii	"wN\227\316\352q\024&\010\016\3319\333\215\221n)\002"
 290      EA711426 
 290      080ED939 
 290      DB8D916E 
 290      2902
 291 05a4 01886EDC 		.ascii	"\001\210n\334|:\217a'Y\271\024\255\000y;A\336.%\204"
 291      7C3A8F61 
 291      2759B914 
 291      AD00793B 
 291      41DE2E25 
 292 05b9 291AA4ED 		.ascii	")\032\244\355\006i\211\274\206\016$\362@\375\344/\364"
 292      066989BC 
 292      860E24F2 
 292      40FDE42F 
 292      F4
 293 05ca 1A84EEB8 		.ascii	"\032\204\356\2703Q\352\252\023\004\204\277L\000\020"
 293      3351EAAA 
 293      130484BF 
 293      4C0010
 294 05d9 F73FAE8C 		.ascii	"\367?\256\214\303\342\022\026\243\024OK\254R(a=\027"
 294      C3E21216 
 294      A3144F4B 
 294      AC522861 
ARM GAS  /tmp/ccY68EDo.s 			page 23


 294      3D17
 295 05eb 8A5613B2 		.ascii	"\212V\023\262\260\227\223\2455\354h\326\342\030\352"
 295      B09793A5 
 295      35EC68D6 
 295      E218EA
 296 05fa 106A3C32 		.ascii	"\020j<2\023\353\201\017Q\204\033\031(\215\321\220\356"
 296      13EB810F 
 296      51841B19 
 296      288DD190 
 296      EE
 297 060b 82642BCF 		.ascii	"\202d+\317\227?\037\371Yb\001\317G\351\321\016\020\265"
 297      973F1FF9 
 297      596201CF 
 297      47E9D10E 
 297      10B5
 298 061d 174C3BA8 		.ascii	"\027L;\250\224\337k\031}\317\267\330\316L\250\303%\324"
 298      94DF6B19 
 298      7DCFB7D8 
 298      CE4CA8C3 
 298      25D4
 299 062f E266213C 		.ascii	"\342f!<\214/\237Lx3#\214\257\375#\212S\352Q\224<\371"
 299      8C2F9F4C 
 299      7833238C 
 299      AFFD238A 
 299      53EA5194 
 300 0645 BB76BD02 		.ascii	"\273v\275\002ds(\204%\004\302\202\366\010\014d\352\016"
 300      64732884 
 300      2504C282 
 300      F6080C64 
 300      EA0E
 301 0657 2897A1FD 		.ascii	"(\227\241\375\000\373\224\226\254\036\210\2328\305\341"
 301      00FB9496 
 301      AC1E889A 
 301      38C5E1
 302 0666 4EE663C7 		.ascii	"N\346c\307\324\305<\335by1\361/\025c\311\312EBV\266"
 302      D4C53CDD 
 302      627931F1 
 302      2F1563C9 
 302      CA454256 
 303 067b 1594ECD7 		.ascii	"\025\224\354\327\010\313^Mj\327\335\2461-\276\303\324"
 303      08CB5E4D 
 303      6AD7DDA6 
 303      312DBEC3 
 303      D4
 304 068c 3424B786 		.ascii	"4$\267\206\010\031]\253\020\365\315\213\204\276\371"
 304      08195DAB 
 304      10F5CD8B 
 304      84BEF9
 305 069b 6A6B5F26 		.ascii	"jk_&\306\243\214\230\337\377\374\260\033\236fH\341\324"
 305      C6A38C98 
 305      DFFFFCB0 
 305      1B9E6648 
 305      E1D4
 306 06ad 408F56BE 		.ascii	"@\217V\276I=\254\224kRo\234\335]\245\301<\353\252\347"
 306      493DAC94 
 306      6B526F9C 
 306      DD5DA5C1 
ARM GAS  /tmp/ccY68EDo.s 			page 24


 306      3CEBAAE7 
 307 06c1 325BAE6B 		.ascii	"2[\256k\360\016\206\334y\2263\356!\331\026\217\202\224"
 307      F00E86DC 
 307      799633EE 
 307      21D9168F 
 307      8294
 308 06d3 74A5785B 		.ascii	"t\245x[\314\251\317\333\257\023\347T\272]\3603,\311"
 308      CCA9CFDB 
 308      AF13E754 
 308      BA5DF033 
 308      2CC9
 309 06e5 12762775 		.ascii	"\022v'u\000:(&\374rlx\264\016'1\244\373\331\261\363"
 309      003A2826 
 309      FC726C78 
 309      B40E2731 
 309      A4FBD9B1 
 310 06fa AEF2461F 		.ascii	"\256\362F\037\2235zpa\376O\370\030c~\372\350t\223\007"
 310      93357A70 
 310      61FE4FF8 
 310      18637EFA 
 310      E8749307 
 311 070e CE6348DC 		.ascii	"\316cH\334\215\231\022W\\\310\220\352\214\351a,q\340"
 311      8D991257 
 311      5CC890EA 
 311      8CE9612C 
 311      71E0
 312 0720 2448CCB6 		.ascii	"$H\314\266s\240tx`7t\014\214\351d\376\370>\027\011S"
 312      73A07478 
 312      6037740C 
 312      8CE964FE 
 312      F83E1709 
 313 0735 8E8429FB 		.ascii	"\216\204)\373X\361\020\022{\235k\347u\236\340\265r\357"
 313      58F11012 
 313      7B9D6BE7 
 313      759EE0B5 
 313      72EF
 314 0747 AD9D2755 		.ascii	"\255\235'Uh\3612\371BJ\2149%\344L\276R\324\231\216&"
 314      68F132F9 
 314      424A8C39 
 314      25E44CBE 
 314      52D4998E 
 315 075c E0997156 		.ascii	"\340\231qV\335A\024\312\022\350dr\232\3302\276\247\337"
 315      DD4114CA 
 315      12E86472 
 315      9AD832BE 
 315      A7DF
 316 076e CD49A9CE 		.ascii	"\315I\251\316\221j \015lQ\357\003%K\250\025\200\236"
 316      916A200D 
 316      6C51EF03 
 316      254BA815 
 316      809E
 317 0780 18BE3587 		.ascii	"\030\2765\207\3613\026\201\201\033W\362\335\361\004"
 317      F1331681 
 317      811B57F2 
 317      DDF104
 318 078f 438AA792 		.ascii	"C\212\247\222\213=\360\034C\232n/\214\351p\230\212\""
 318      8B3DF01C 
ARM GAS  /tmp/ccY68EDo.s 			page 25


 318      439A6E2F 
 318      8CE97098 
 318      8A22
 319 07a1 BB0E3C3A 		.ascii	"\273\016<:\346\216w2\244z\250#N%\211Z\021\350>o\027"
 319      E68E7732 
 319      A47AA823 
 319      4E25895A 
 319      11E83E6F 
 320 07b6 B52B69ED 		.ascii	"\265+i\355\211zq\324\316\3339u\301\222+\227[\322\236"
 320      897A71D4 
 320      CEDB3975 
 320      C1922B97 
 320      5BD29E
 321 07c9 69703C13 		.ascii	"ip<\023\376\360n"
 321      FEF06E
 322 07d0 769712A7 		.ascii	"v\227\022\2472$<2\261N)\321T\014\232J\3544\235]8\031"
 322      32243C32 
 322      B14E29D1 
 322      540C9A4A 
 322      EC349D5D 
 323 07e6 81F17181 		.ascii	"\201\361q\201i\342\360\244\324\274R\011\323\301\354"
 323      69E2F0A4 
 323      D4BC5209 
 323      D3C1EC
 324 07f5 A654BBAE 		.ascii	"\246T\273\256\374\222\235ye\026\363.\354\331\373H\203"
 324      FC929D79 
 324      6516F32E 
 324      ECD9FB48 
 324      83
 325 0806 F399F03B 		.ascii	"\363\231\360;-\005\025jgL\250\034\224X\371\036G\247"
 325      2D05156A 
 325      674CA81C 
 325      9458F91E 
 325      47A7
 326 0818 357362D2 		.ascii	"5sb\322\012\230[\233\374J\013]_\302\256bW\\\305\344"
 326      0A985B9B 
 326      FC4A0B5D 
 326      5FC2AE62 
 326      575CC5E4 
 327 082c 5F8A1D3B 		.ascii	"_\212\035;\257\305\365\014\271\026\335\321\253\306\035"
 327      AFC5F50C 
 327      B916DDD1 
 327      ABC61D
 328 083b 0C994D9C 		.ascii	"\014\231M\234;\355*\277\033\325\310\356F\221\323\203"
 328      3BED2ABF 
 328      1BD5C8EE 
 328      4691D383 
 329 084b F91EB89B 		.ascii	"\371\036\270\233rk\036\036>u\024\323\007@\370,ae\367"
 329      726B1E1E 
 329      3E7514D3 
 329      0740F82C 
 329      6165F7
 330 085e 4A094E3A 		.ascii	"J\011N:\271w7\237\026\012s\000\245\267\032\304\264("
 330      B977379F 
 330      160A7300 
 330      A5B71AC4 
 330      B428
ARM GAS  /tmp/ccY68EDo.s 			page 26


 331 0870 973879A8 		.ascii	"\2278y\250#u\3727\254N\023\342+/%\206\244n\256_\302"
 331      2375FA37 
 331      AC4E13E2 
 331      2B2F2586 
 331      A46EAE5F 
 332 0885 CAF4263D 		.ascii	"\312\364&=\252\372:\342\371\346E\214\3708\210.\370:"
 332      AAFA3AE2 
 332      F9E6458C 
 332      F838882E 
 332      F83A
 333 0897 EAC94641 		.ascii	"\352\311FA4\244\020*\374:\352\312\3372\253!\340\350"
 333      34A4102A 
 333      FC3AEACA 
 333      DF32AB21 
 333      E0E8
 334 08a9 E2D711CF 		.ascii	"\342\327\021\317\256a\304P\310\3209\347\304{\345\273"
 334      AE61C450 
 334      C8D039E7 
 334      C47BE5BB 
 335 08b9 2C424D66 		.ascii	",BMf\241\016v\203Z\200z\200&\200F\200f\200\006\353\232"
 335      A10E7683 
 335      5A807A80 
 335      26804680 
 335      668006EB 
 336 08ce 1CAD6E8C 		.ascii	"\034\255n\214u\303qj:\265CGG^g\353s9`\327g\367\354\322"
 336      75C3716A 
 336      3AB54347 
 336      475E67EB 
 336      733960D7 
 337 08e6 E10476EB 		.ascii	"\341\004v\353^V\361)5>\302\020\313B^\302\026\262\345"
 337      5E56F129 
 337      353EC210 
 337      CB425EC2 
 337      16B2E5
 338 08f9 3466113B 		.ascii	"4f\021;\215\031\016+\037\340\360\011FZ\336\277{\206"
 338      8D190E2B 
 338      1FE0F009 
 338      465ADEBF 
 338      7B86
 339 090b ECD5DF81 		.ascii	"\354\325\337\201n\007\211\016\023\276\303\016\023B\367"
 339      6E07890E 
 339      13BEC30E 
 339      1342F7
 340 091a 75E46871 		.ascii	"u\344hq.\243\035\014?\274F'\323\224t+)=q\350:\244\325"
 340      2EA31D0C 
 340      3FBC4627 
 340      D394742B 
 340      293D71E8 
 341 0931 35965682 		.ascii	"5\226V\202\261K\230\261\007\222\356\276\211\31719\273"
 341      B14B98B1 
 341      0792EEBE 
 341      89CF3139 
 341      BB
 342 0942 A2E74F61 		.ascii	"\242\347Oa\\\254\026\312\374\221\033z9\2517e\245\336"
 342      5CAC16CA 
 342      FC911B7A 
 342      39A93765 
ARM GAS  /tmp/ccY68EDo.s 			page 27


 342      A5DE
 343 0954 4C1D7DC6 		.ascii	"L\035}\306\341*\306\233Qu\252\315\005\3271\244\2560"
 343      E12AC69B 
 343      5175AACD 
 343      05D731A4 
 343      AE30
 344 0966 37492B27 		.ascii	"7I+'\250_V\320\354\376\204\225\270\235\261\366\235\352"
 344      A85F56D0 
 344      ECFE8495 
 344      B89DB1F6 
 344      9DEA
 345 0978 ADE67037 		.ascii	"\255\346p7C\232\037m\337\353\352\344\320\344\266R\346"
 345      439A1F6D 
 345      DFEBEAE4 
 345      D0E4B652 
 345      E6
 346 0989 D004F5DC 		.ascii	"\320\004\365\334\355\312r\025/\340;v\215\321\220e\001"
 346      EDCA7215 
 346      2FE03B76 
 346      8DD19065 
 346      01
 347 099a 870E1676 		.ascii	"\207\016\026v!|\207\251\311\236\012?\347\201\0370$\375"
 347      217C87A9 
 347      C99E0A3F 
 347      E7811F30 
 347      24FD
 348 09ac E8742887 		.ascii	"\350t(\207G\031\222S\030\235!}\362\274\017\252\037\330"
 348      47199253 
 348      189D217D 
 348      F2BC0FAA 
 348      1FD8
 349 09be D5A591DB 		.ascii	"\325\245\221\333\023c\032<\317\230\322\252\212\233\245"
 349      13631A3C 
 349      CF98D2AA 
 349      8A9BA5
 350 09cd DBDAB084 		.ascii	"\333\332\260\204\251>\262\350\251\213\330\326\207v\305"
 350      A93EB2E8 
 350      A98BD8D6 
 350      8776C5
 351 09dc 6CC4626B 		.ascii	"l\304bk\343\374\265\024\204\243]\250\360\226\206A\003"
 351      E3FCB514 
 351      84A35DA8 
 351      F0968641 
 351      03
 352 09ed DEC7AE07 		.ascii	"\336\307\256\007\307s\217KK\355cP4j\247h\254%~#Na<\373"
 352      C7738F4B 
 352      4BED6350 
 352      346AA768 
 352      AC257E23 
 353 0a05 EAA31EEA 		.ascii	"\352\243\036\352$<O$<\355\011\265o\210m{jg\333\230\265"
 353      243C4F24 
 353      3CED09B5 
 353      6F886D7B 
 353      6A67DB98 
 354 0a1a C1AC1C78 		.ascii	"\301\254\034x\007\037\247\242q\330\363\273\277\207\215"
 354      071FA7A2 
 354      71D8F3BB 
ARM GAS  /tmp/ccY68EDo.s 			page 28


 354      BF878D
 355 0a29 74995DF7 		.ascii	"t\231]\367e\235/b\326\270\260\317M\302\272\232p\330"
 355      659D2F62 
 355      D6B8B0CF 
 355      4DC2BA9A 
 355      70D8
 356 0a3b 4D63AB62 		.ascii	"Mc\253bXY\003\331\350\231@\354\374\370i\354M\266\350"
 356      585903D9 
 356      E89940EC 
 356      FCF869EC 
 356      4DB6E8
 357 0a4e C784CD57 		.ascii	"\307\204\315W\206Z\330|\017\354K\030\302\213\345\215"
 357      865AD87C 
 357      0FEC4B18 
 357      C28BE58D 
 358 0a5e 7A226F14 		.ascii	"z\"o\024pM'\324e\270\341\034\026\264\2759\255\327\324"
 358      704D27D4 
 358      65B8E11C 
 358      16B4BD39 
 358      ADD7D4
 359 0a71 389F21D9 		.ascii	"8\237!\331\013\317b\365\370,C\242F\037~[\022\315Y\220"
 359      0BCF62F5 
 359      F82C43A2 
 359      461F7E5B 
 359      12CD5990 
 360 0a85 FADC2E9A 		.ascii	"\372\334.\232'\206\253C\265\342p>\2673w\316\272\257"
 360      2786AB43 
 360      B5E2703E 
 360      B73377CE 
 360      BAAF
 361 0a97 941C9D72 		.ascii	"\224\034\235r\303eT\266\262\244\365\301c\245\323\316"
 361      C36554B6 
 361      B2A4F5C1 
 361      63A5D3CE 
 362 0aa7 E4052899 		.ascii	"\344\005(\231\027L_\020\307\362\366\014N>\315:\023\220"
 362      174C5F10 
 362      C7F2F60C 
 362      4E3ECD3A 
 362      1390
 363 0ab9 8B66043A 		.ascii	"\213f\004:\371\340T=k\270\346\202\3034\254\030t=\276"
 363      F9E0543D 
 363      6BB8E682 
 363      C334AC18 
 363      743DBE
 364 0acc AAC7910C 		.ascii	"\252\307\221\014\251\236;\235\251\3011\014I.\035\341"
 364      A99E3B9D 
 364      A9C1310C 
 364      492E1DE1 
 365 0adc A54D5728 		.ascii	"\245MW(\206\246\021\213\375\2148v<J\213\323\030\323"
 365      86A6118B 
 365      FD8C3876 
 365      3C4A8BD3 
 365      18D3
 366 0aee DDACCB23 		.ascii	"\335\254\313#\222\263\035\024.a\032j}\321`\267f\267"
 366      92B31D14 
 366      2E611A6A 
 366      7DD160B7 
ARM GAS  /tmp/ccY68EDo.s 			page 29


 366      66B7
 367 0b00 63B1B911 		.ascii	"c\261\271\021X\010Nv\350\275G\030\027P\341\\\341\211"
 367      58084E76 
 367      E8BD4718 
 367      1750E15C 
 367      E189
 368 0b12 DE497792 		.ascii	"\336Iw\222m\313\344\233}b\333\016\246\006\355\302\313"
 368      6DCBE49B 
 368      7D62DB0E 
 368      A606EDC2 
 368      CB
 369 0b23 5014C04E 		.ascii	"P\024\300N,\012\323\303\004|\252*\202\217\253@D\003"
 369      2C0AD3C3 
 369      047CAA2A 
 369      828FAB40 
 369      4403
 370 0b35 CDB81DF8 		.ascii	"\315\270\035\370e\031w9yQ:\335\301\322\240\244DbGr\273"
 370      65197739 
 370      79513ADD 
 370      C1D2A0A4 
 370      44624772 
 371 0b4a 0724B2E1 		.ascii	"\007$\262\341%-a\344Dz\226\274ta\022^,\344L\2729yh\011"
 371      252D61E4 
 371      447A96BC 
 371      7461125E 
 371      2CE44CBA 
 372 0b62 77EE07A9 		.ascii	"w\356\007\251\234\373.\234s\305\027X\274\217w\206\334"
 372      9CFB2E9C 
 372      73C51758 
 372      BC8F7786 
 372      DC
 373 0b73 51E23216 		.ascii	"Q\3422\026\237\276\354\366GZd\32784f\012\215\303iH\207"
 373      9FBEECF6 
 373      475A64D7 
 373      3834660A 
 373      8DC36948 
 374 0b88 1890BB17 		.ascii	"\030\220\273\027\277\244q\250|'\204.\260) \336-\020"
 374      BFA471A8 
 374      7C27842E 
 374      B02920DE 
 374      2D10
 375 0b9a DB0E9A1D 		.ascii	"\333\016\232\035\210\007\005\342h\2604D \266\270\340"
 375      880705E2 
 375      68B03444 
 375      20B6B8E0 
 376 0baa B8053BBA 		.ascii	"\270\005;\272\250\240\324\304\277X\360-\016`\217\325"
 376      A8A0D4C4 
 376      BF58F02D 
 376      0E608FD5 
 377 0bba BF9DD969 		.ascii	"\277\235\331i\355Z\\M]Z\334\330\373\350\252\213\245"
 377      ED5A5C4D 
 377      5D5ADCD8 
 377      FBE8AA8B 
 377      A5
 378 0bcb 1F127D84 		.ascii	"\037\022}\204'\330\261OXE \336\235\200x\037\263\213"
 378      27D8B14F 
 378      584520DE 
ARM GAS  /tmp/ccY68EDo.s 			page 30


 378      9D80781F 
 378      B38B
 379 0bdd F7BCC3F3 		.ascii	"\367\274\303\363k\373\277\202\305\011\177\244\307\272"
 379      6BFBBF82 
 379      C5097FA4 
 379      C7BA
 380 0beb FB30A3B6 		.ascii	"\3730\243\266\035N\247(\355'\263\375\247\011|y\210\032"
 380      1D4EA728 
 380      ED27B3FD 
 380      A7097C79 
 380      881A
 381 0bfd F5C1D4DF 		.ascii	"\365\301\324\337\020d\263-M\201:)m\257\322V\232\336"
 381      1064B32D 
 381      4D813A29 
 381      6DAFD256 
 381      9ADE
 382 0c0f 67C40340 		.ascii	"g\304\003@|K\226X\224U}\247\204\276\010\312=\272'1\273"
 382      7C4B9658 
 382      94557DA7 
 382      84BE08CA 
 382      3DBA2731 
 383 0c24 C1C1ECE6 		.ascii	"\301\301\354\346\026\241\351\"m\313Y\011\371\031G\361"
 383      16A1E922 
 383      6DCB5909 
 383      F91947F1 
 384 0c34 ED5FB0A0 		.ascii	"\355_\260\240\220\036-\323IPD\344\303\177`\344$\305"
 384      901E2DD3 
 384      495044E4 
 384      C37F60E4 
 384      24C5
 385 0c46 0F49C853 		.ascii	"\017I\310S\355\244\2035\217sul\336\311\014\362B\024"
 385      EDA48335 
 385      8F73756C 
 385      DEC90CF2 
 385      4214
 386 0c58 65E65DE8 		.ascii	"e\346]\350.{\004WI\243v\304\211t\233\253\223y\213\366"
 386      2E7B0457 
 386      49A376C4 
 386      89749BAB 
 386      93798BF6 
 387 0c6c F3849C64 		.ascii	"\363\204\234d\340#\201\334\371O\035\227\317\013\322"
 387      E02381DC 
 387      F94F1D97 
 387      CF0BD2
 388 0c7b 6341FA5D 		.ascii	"cA\372]'\201\024\271Z\371O\314U\350\375Q\253\223@\212"
 388      278114B9 
 388      5AF94FCC 
 388      55E8FD51 
 388      AB93408A 
 389 0c8f 9ADD8B8B 		.ascii	"\232\335\213\213\302\303x\310\227\036\210L\227\354\244"
 389      C2C378C8 
 389      971E884C 
 389      97ECA4
 390 0c9e 5EB565C0 		.ascii	"^\265e\300d\261`\013\021\336!\021\336\346 \274\376}"
 390      64B1600B 
 390      11DE2111 
 390      DEE620BC 
ARM GAS  /tmp/ccY68EDo.s 			page 31


 390      FE7D
 391 0cb0 660A7427 		.ascii	"f\012t'hPB\335\351\020\227\346<!\005HU\237\226\220\227"
 391      685042DD 
 391      E91097E6 
 391      3C210548 
 391      559F9690 
 392 0cc5 3A3ADA57 		.ascii	"::\332W\"2\246\335\2111\322_j\222`\032\023I\005*\026"
 392      2232A6DD 
 392      8931D25F 
 392      6A92601A 
 392      1349052A 
 393 0cda 58C80A4D 		.ascii	"X\310\012M\201\325\231\001p\010 \001\3400@:@<\300A\200"
 393      81D59901 
 393      70082001 
 393      E030403A 
 393      403CC041 
 394 0cef 23004701 		.ascii	"#\000G\0012\001\322\000\022\001\366\003$\001\244\002"
 394      3201D200 
 394      1201F603 
 394      2401A402 
 395 0cff 24031CB0 		.ascii	"$\003\034\260\256\356\210\363\015K\027\313+-\375?S\372"
 395      AEEE88F3 
 395      0D4B17CB 
 395      2B2DFD3F 
 395      53FA
 396 0d11 60FED43D 		.ascii	"`\376\324=\016\327\263\222Y\320s\361\266\012\2671\344"
 396      0ED7B392 
 396      59D073F1 
 396      B60AB731 
 396      E4
 397 0d22 FAC18E14 		.ascii	"\372\301\216\024\351~u\022\322:\313n\277\012\255>\272"
 397      E97E7512 
 397      D23ACB6E 
 397      BF0AAD3E 
 397      BA
 398 0d33 1CDF633C 		.ascii	"\034\337c<}\321\015\013\256\026\236p\013O\266\204\247"
 398      7DD10D0B 
 398      AE169E70 
 398      0B4FB684 
 398      A7
 399 0d44 E462D83D 		.ascii	"\344b\330=\273\007\327\034\273I\310\265\354q\317vmO"
 399      BB07D71C 
 399      BB49C8B5 
 399      EC71CF76 
 399      6D4F
 400 0d56 D5E23926 		.ascii	"\325\3429&\234/\274sR\211C\264\024Y8\226\037\245\301"
 400      9C2FBC73 
 400      528943B4 
 400      14593896 
 400      1FA5C1
 401 0d69 510CE9DE 		.ascii	"Q\014\351\336W\327\346\212c\030R\362\360\300c\225\374"
 401      57D7E68A 
 401      631852F2 
 401      F0C06395 
 401      FC
 402 0d7a E9CC692C 		.ascii	"\351\314i,s:\243\254l*(\322Y\317\251\257e\253\022\322"
 402      733AA3AC 
ARM GAS  /tmp/ccY68EDo.s 			page 32


 402      6C2A28D2 
 402      59CFA9AF 
 402      65AB12D2 
 403 0d8e 859DE10C 		.ascii	"\205\235\341\014\326\241|\340)\220\337\253\344;\221"
 403      D6A17CE0 
 403      2990DFAB 
 403      E43B91
 404 0d9d 530203D1 		.ascii	"S\002\003\321r\326\032\347\342\316\330\026W|\205\231"
 404      72D61AE7 
 404      E2CED816 
 404      577C8599 
 405 0dad 58105790 		.ascii	"X\020W\220\257ur\000rN\226=\346\326\325\277\301\315"
 405      AF757200 
 405      724E963D 
 405      E6D6D5BF 
 405      C1CD
 406 0dbf 5ABB5F9E 		.ascii	"Z\273_\236\277\220\376\362\374\005{6J\230\016\275\211"
 406      BF90FEF2 
 406      FC057B36 
 406      4A980EBD 
 406      89
 407 0dd0 7117238F 		.ascii	"q\027#\217\316\253\310\360\220\217\307ELY\210\252\013"
 407      CEABC8F0 
 407      908FC745 
 407      4C5988AA 
 407      0B
 408 0de1 78293A8F 		.ascii	"x):\217\351CCF\321\256d-\356g\334\317[N\177\200\357"
 408      E9434346 
 408      D1AE642D 
 408      EE67DCCF 
 408      5B4E7F80 
 409 0df6 D36BE5D3 		.ascii	"\323k\345\323\320\254\002WK\007&i\036KA\330%\301\360"
 409      D0AC0257 
 409      4B072669 
 409      1E4B41D8 
 409      25C1F0
 410 0e09 326B6B01 		.ascii	"2kk\001+\264\252\004Gg\362\264\265\260\354\236\227\354"
 410      2BB4AA04 
 410      4767F2B4 
 410      B5B0EC9E 
 410      97EC
 411 0e1b 6A9778F3 		.ascii	"j\227x\363/:\222\227\252\304\343L\371\216\366s]\356"
 411      2F3A9297 
 411      AAC4E34C 
 411      F98EF673 
 411      5DEE
 412 0e2d 4E7AD572 		.ascii	"Nz\325r\251:\340\230Ix\020\345\206\027\030\373H\317"
 412      A93AE098 
 412      497810E5 
 412      861718FB 
 412      48CF
 413 0e3f AE228423 		.ascii	"\256\"\204#XL\"\356\344\276\3008\232!\227\333\353\306"
 413      584C22EE 
 413      E4BEC038 
 413      9A2197DB 
 413      EBC6
 414 0e51 A4B95D0D 		.ascii	"\244\271]\015\"k\354\3624\352R\236\037Nb<g\207\213\256"
ARM GAS  /tmp/ccY68EDo.s 			page 33


 414      226BECF2 
 414      34EA529E 
 414      1F4E623C 
 414      67878BAE 
 415 0e65 A8253C97 		.ascii	"\250%<\227%<\375\347\346\222\354N\332\256\330eO\255"
 415      253CFDE7 
 415      E692EC4E 
 415      DAAED865 
 415      4FAD
 416 0e77 25B7EFD7 		.ascii	"%\267\357\327N\016ip\026\023>Y\027\237\355\206\363\031"
 416      4E0E6970 
 416      16133E59 
 416      179FED86 
 416      F319
 417 0e89 12BD6B20 		.ascii	"\022\275k \303E~\306\352\3452\230\253=4\360\317\310"
 417      C3457EC6 
 417      EAE53298 
 417      AB3D34F0 
 417      CFC8
 418 0e9b F6C3383C 		.ascii	"\366\3038<>4[\036\037j\205f\256\371\245\315\334|\212"
 418      3E345B1E 
 418      1F6A8566 
 418      AEF9A5CD 
 418      DC7C8A
 419 0eae D0CC3540 		.ascii	"\320\3145@\306\327aGr[3'\337\225U\013\034\364\351\023"
 419      C6D76147 
 419      725B3327 
 419      DF95550B 
 419      1CF4E913 
 420 0ec2 CA4B2340 		.ascii	"\312K#@\223\270\273|\234\"t\177\265B\367'c\216\220\000"
 420      93B8BB7C 
 420      9C22747F 
 420      B542F727 
 420      638E9000 
 421 0ed6 13BB4B6F 		.ascii	"\023\273Ko\352\235t\177\227\235\353\001\316\314\212"
 421      EA9D747F 
 421      979DEB01 
 421      CECC8A
 422 0ee5 C9721DBE 		.ascii	"\311r\035\276\304b8w&wN\215;\031\222~.\367\004\371\315"
 422      C4623877 
 422      26774E8D 
 422      3B19927E 
 422      2EF704F9 
 423 0efa EAFB64C5 		.ascii	"\352\373d\305`\321z\371>\273\037{\256w\316\003\3671"
 423      60D17AF9 
 423      3EBB1F7B 
 423      AE77CE03 
 423      F731
 424 0f0c 84EF3D71 		.ascii	"\204\357=q@x5!.\214W-WX\177XC\235\230\262\020\365Wa"
 424      40783521 
 424      2E8C572D 
 424      57587F58 
 424      439D98B2 
 425 0f24 BD74D0F5 		.ascii	"\275t\320\365\202\343\367w\275\360@,\372\254\265\274"
 425      82E3F777 
 425      BDF0402C 
 425      FAACB5BC 
ARM GAS  /tmp/ccY68EDo.s 			page 34


 426 0f34 9EDECED3 		.ascii	"\236\336\316\323\350\267\022c\201\351\272|#`\347\345"
 426      E8B71263 
 426      81E9BA7C 
 426      2360E7E5 
 427 0f44 386821BB 		.ascii	"8h!\2738j\023\030\210\232k\340a\2678\222=\337M\344\313"
 427      386A1318 
 427      889A6BE0 
 427      61B73892 
 427      3DDF4DE4 
 428 0f59 43D5A80B 		.ascii	"C\325\250\013&\252] \264\375\360'\332\355\350\303\355"
 428      26AA5D20 
 428      B4FDF027 
 428      DAEDE8C3 
 428      ED
 429 0f6a 9961177C 		.ascii	"\231a\027|\237\271uu0\367\277\027\313+\354\221W\010"
 429      9FB97575 
 429      30F7BF17 
 429      CB2BEC91 
 429      5708
 430 0f7c 4CF9CD31 		.ascii	"L\371\3151)nx\236I\310\335\023\262O\211\303]Y\311\215"
 430      296E789E 
 430      49C8DD13 
 430      B24F89C3 
 430      5D59C98D 
 431 0f90 1CAF57E1 		.ascii	"\034\257W\341\275\024\301\221\363m\035:\311\263\256"
 431      BD14C191 
 431      F36D1D3A 
 431      C9B3AE
 432 0f9f 55       		.ascii	"U"
 433 0fa0 3ED42274 		.ascii	">\324\"tK\220?\000\362\373\305\016M\366\211\366\343"
 433      4B903F00 
 433      F2FBC50E 
 433      4DF689F6 
 433      E3
 434 0fb1 3E81D2D9 		.ascii	">\201\322\331\376\015\341\355\352\023\372 Ks}K>\266"
 434      FE0DE1ED 
 434      EA13FA20 
 434      4B737D4B 
 434      3EB6
 435 0fc3 E4A473F4 		.ascii	"\344\244s\364\340\003\016'1\203gn\337\252\321:\011\300"
 435      E0030E27 
 435      3183676E 
 435      DFAAD13A 
 435      09C0
 436 0fd5 A0BC81E4 		.ascii	"\240\274\201\344\260a\256\342\222\360KF?9\204:\370\240"
 436      B061AEE2 
 436      92F04B46 
 436      3F39843A 
 436      F8A0
 437 0fe7 BEC255F8 		.ascii	"\276\302U\370\031\304\035\360\324\230\244B=>\316T$<"
 437      19C41DF0 
 437      D498A442 
 437      3D3ECE54 
 437      243C
 438 0ff9 1A9BD2E3 		.ascii	"\032\233\322\343\002\206\234"
 438      02869C
 439 1000 6BCDBDC0 		.ascii	"k\315\275\300\3412\206\304V\034\337\212k\331\365\303"
ARM GAS  /tmp/ccY68EDo.s 			page 35


 439      E13286C4 
 439      561CDF8A 
 439      6BD9F5C3 
 440 1010 DC7D87D5 		.ascii	"\334}\207\325\270\231\"\252\376\211\241)\025\022\275"
 440      B89922AA 
 440      FE89A129 
 440      1512BD
 441 101f D4D2F25C 		.ascii	"\324\322\362\\5#\374LJ^%y\000\226=\226_+BG{\034\363"
 441      3523FC4C 
 441      4A5E2579 
 441      00963D96 
 441      5F2B4247 
 442 1036 192B28ED 		.ascii	"\031+(\355}yZQ\354\206\337\340\253\241\023'M\376\260"
 442      7D795A51 
 442      EC86DFE0 
 442      ABA11327 
 442      4DFEB0
 443 1049 406C6BF2 		.ascii	"@lk\362m\215\225]\017\262\000\004\2541~,D\350!Dh\004"
 443      6D8D955D 
 443      0FB20004 
 443      AC317E2C 
 443      44E82144 
 444 105f 6014E091 		.ascii	"`\024\340\221\270\320\367\330\304\337\223\210\267{;"
 444      B8D0F7D8 
 444      C4DF9388 
 444      B77B3B
 445 106e 256F4758 		.ascii	"%oGX\251\006G\352i@\362\3575\335F\213e\225\242'\202"
 445      A90647EA 
 445      6940F2EF 
 445      35DD468B 
 445      6595A227 
 446 1083 1C277AE3 		.ascii	"\034'z\343\261\356x\355\311\031\366\344\313>vr\206`"
 446      B1EE78ED 
 446      C919F6E4 
 446      CB3E7672 
 446      8660
 447 1095 95DE8155 		.ascii	"\225\336\201UJ\317\250\306\0049\223\300?\0030\0050\013"
 447      4ACFA8C6 
 447      043993C0 
 447      3F033005 
 447      300B
 448 10a7 3001F00C 		.ascii	"0\001\360\014`\034\3409\300\2648=a5\3176\011\355\000"
 448      601CE039 
 448      C0B4383D 
 448      6135CF36 
 448      09ED00
 449 10ba B425E804 		.ascii	"\264%\350\004f\202\234\364\306\244Q\037%\011\272#L\217"
 449      66829CF4 
 449      C6A4511F 
 449      2509BA23 
 449      4C8F
 450 10cc 8E035DB2 		.ascii	"\216\003]\262\240\330\322\312I\037\275\206\003X\273"
 450      A0D8D2CA 
 450      491FBD86 
 450      0358BB
 451 10db 5B085479 		.ascii	"[\010Ty\022\351m\216\017\031\263_\262g\214\333@vC \267"
 451      12E96D8E 
ARM GAS  /tmp/ccY68EDo.s 			page 36


 451      0F19B35F 
 451      B2678CDB 
 451      40764320 
 452 10f0 24B2E441 		.ascii	"$\262\344A\264\335\237\021W\000Q\211@l\333w\035[\351"
 452      B4DD9F11 
 452      57005189 
 452      406CDB77 
 452      1D5BE9
 453 1103 E16DEC21 		.ascii	"\341m\354!\360)P\335\025\250m\323\377\302\361'O?&\273"
 453      F02950DD 
 453      15A86DD3 
 453      FFC2F127 
 453      4F3F26BB 
 454 1117 17A82A25 		.ascii	"\027\250*%\2068>\217\314\3723/\213\241n\0259\361Rd\367"
 454      86383E8F 
 454      CCFA332F 
 454      8BA16E15 
 454      39F15264 
 455 112c 56263B01 		.ascii	"V&;\001\372\2050!\202\2665\316+E\251\324v\371\356U\325"
 455      FA853021 
 455      82B635CE 
 455      2B45A9D4 
 455      76F9EE55 
 456 1141 62F9591F 		.ascii	"b\371Y\037\376\337\317:H\014iI\034\264;\235\232\263"
 456      FEDFCF3A 
 456      480C6949 
 456      1CB43B9D 
 456      9AB3
 457 1153 B3F58565 		.ascii	"\263\365\205e\003\237\2771\267O\275(N\350\342~\301\221"
 457      039FBF31 
 457      B74FBD28 
 457      4EE8E27E 
 457      C191
 458 1165 3BE2A749 		.ascii	";\342\247I\274\210\2758\300\372\354\362\316\207\032"
 458      BC88BD38 
 458      C0FAECF2 
 458      CE871A
 459 1174 4D043D03 		.ascii	"M\004=\003\256\022\235\001C\256c\015\355\036\304G\300"
 459      AE129D01 
 459      43AE630D 
 459      ED1EC447 
 459      C0
 460 1185 9591D5F5 		.ascii	"\225\221\325\365\036\370 [\037g\273\222\366\353dX\021"
 460      1EF8205B 
 460      1F67BB92 
 460      F6EB6458 
 460      11
 461 1196 CF6159EE 		.ascii	"\317aY\356\374\275\375\025\0368\223qg\314\214\026\351"
 461      FCBDFD15 
 461      1E389371 
 461      67CC8C16 
 461      E9
 462 11a7 F1698674 		.ascii	"\361i\206t\216\306G*\345;\2130N\246\027T\235\313\031"
 462      8EC6472A 
 462      E53B8B30 
 462      4EA61754 
 462      9DCB19
ARM GAS  /tmp/ccY68EDo.s 			page 37


 463 11ba BFEFC156 		.ascii	"\277\357\301V\227|\351|\2060\332\316\261\020Gp\313\320"
 463      977CE97C 
 463      8630DACE 
 463      B1104770 
 463      CBD0
 464 11cc 0E804880 		.ascii	"\016\200H\200(N\264\210\306\376\203\035\001\204p\032"
 464      284EB488 
 464      C6FE831D 
 464      0184701A 
 465 11dc 7A044018 		.ascii	"z\004@\030,\356;d\354\354\177\262<\231\205\"2!\310v"
 465      2CEE3B64 
 465      ECEC7FB2 
 465      3C998522 
 465      3221C876 
 466 11f0 FEB37BD7 		.ascii	"\376\263{\327\234\260y@\260\321s\011\271c\233\363xA"
 466      9CB07940 
 466      B0D17309 
 466      B9639BF3 
 466      7841
 467 1202 CDA48773 		.ascii	"\315\244\207s:\024\312\311K\267\354\236\245\333\303"
 467      3A14CAC9 
 467      4BB7EC9E 
 467      A5DBC3
 468 1211 27DDF079 		.ascii	"'\335\360y\026\270\314k\307c8'\273\307N\356\245! %\277"
 468      16B8CC6B 
 468      C7633827 
 468      BBC74EEE 
 468      A5212025 
 469 1226 A2ECB9F6 		.ascii	"\242\354\271\366{\351|?\230|/\301e>\252\201\347\217"
 469      7BE97C3F 
 469      987C2FC1 
 469      653EAA81 
 469      E78F
 470 1238 28D12E60 		.ascii	"(\321.`z\306\336\300\021\255\234g\364e \024\315}\217"
 470      7AC6DEC0 
 470      11AD9C67 
 470      F4652014 
 470      CD7D8F
 471 124b 9C85DDAB 		.ascii	"\234\205\335\253\314S\261\375\347:\221T\030W\024!\274"
 471      CC53B1FD 
 471      E73A9154 
 471      18571421 
 471      BC
 472 125c A0DA4AF0 		.ascii	"\240\332J\360\251\262\344\024\016?aF\236\314\330sT\215"
 472      A9B2E414 
 472      0E3F6146 
 472      9ECCD873 
 472      548D
 473 126e 27195237 		.ascii	"'\031R7Ws\205\376z\021&\231\3528N\356G\352c\3617\016"
 473      577385FE 
 473      7A112699 
 473      EA384EEE 
 473      47EA63F1 
 474 1284 78E005C6 		.ascii	"x\340\005\306\275\220\374$U\217\267\273Q$\251?\373\210"
 474      BD90FC24 
 474      558FB7BB 
 474      5124A93F 
ARM GAS  /tmp/ccY68EDo.s 			page 38


 474      FB88
 475 1296 5E3E6BE4 		.ascii	"^>k\344E\365\324\024t\273\212W\306~N\374\263\303\001"
 475      45F5D414 
 475      74BB8A57 
 475      C67E4EFC 
 475      B3C301
 476 12a9 4EBC3226 		.ascii	"N\2742&\032/U\251p,SU\224{\243\327\015'2d\307X\315\200"
 476      1A2F55A9 
 476      702C5355 
 476      947BA3D7 
 476      0D273264 
 477 12c1 0A1F6648 		.ascii	"\012\037fHI\323L\216;\316dH\316p}\231+>\305\220\347"
 477      49D34C8E 
 477      3BCE6448 
 477      CE707D99 
 477      2B3EC590 
 478 12d6 2FAADA54 		.ascii	"/\252\332T\370\002CJ;s\346]q\031C\006n\336\333\351\216"
 478      F802434A 
 478      3B73E65D 
 478      71194306 
 478      6EDEDBE9 
 479 12eb 6B18722B 		.ascii	"k\030r+\177.[\205[\030r\340\340\315X%\356\026\004\034"
 479      7F2E5B85 
 479      5B1872E0 
 479      E0CD5825 
 479      EE16041C 
 480 12ff 199F70C1 		.ascii	"\031\237p\301\267\030re\357\351\303\030\0171dO\372\370"
 480      B7187265 
 480      EFE9C318 
 480      0F31644F 
 480      FAF8
 481 1311 8CDA12C4 		.ascii	"\214\332\022\304\360W\360\374\320\265\201\233\010\017"
 481      F057F0FC 
 481      D0B5819B 
 481      080F
 482 131f 33EE8AAB 		.ascii	"3\356\212\253\363\015:<\306\220\236\202\374>\025\236"
 482      F30D3A3C 
 482      C6909E82 
 482      FC3E159E 
 483 132f 6148C2F6 		.ascii	"aH\302\366\252^\017\034\352\316\016*C\252F\2248\212"
 483      AA5E0F1C 
 483      EACE0E2A 
 483      43AA4694 
 483      388A
 484 1341 212777C7 		.ascii	"!'w\307\006\3408v}f\341n\253\006\3073\244\256\362\356"
 484      06E03876 
 484      7D66E16E 
 484      AB06C733 
 484      A4AEF2EE 
 485 1355 BC30F337 		.ascii	"\2740\3637\350\201t|\346\021\255\360\332\220\012\360"
 485      E881747C 
 485      E611ADF0 
 485      DA900AF0 
 486 1365 B04355BB 		.ascii	"\260CU\273u8\205\022\277Yr\267\375\231\344l\320\272"
 486      75388512 
 486      BF5972B7 
 486      FD99E46C 
ARM GAS  /tmp/ccY68EDo.s 			page 39


 486      D0BA
 487 1377 47B29750 		.ascii	"G\262\227P\246\032]J\212O\264\205\220\366a\017\314\317"
 487      A61A5D4A 
 487      8A4FB485 
 487      90F6610F 
 487      CCCF
 488 1389 6170A884 		.ascii	"ap\250\204\223\036\265\210\336[\031\356\305l\375\020"
 488      931EB588 
 488      DE5B19EE 
 488      C56CFD10 
 489 1399 FA43127A 		.ascii	"\372C\022zq\025\247\344=\"\362\343\022r\361b&\344\225"
 489      7115A7E4 
 489      3D22F2E3 
 489      1272F162 
 489      26E495
 490 13ac 3744E4C9 		.ascii	"7D\344\311\022\3623\216\326\324\213\351\223$\364\363"
 490      12F2338E 
 490      D6D48BE9 
 490      9324F4F3 
 491 13bc 0EE267C5 		.ascii	"\016\342g\305\306\2478\021o+-c\026\351\220\255h\237"
 491      C6A73811 
 491      6F2B2D63 
 491      16E990AD 
 491      689F
 492 13ce 843CC5D1 		.ascii	"\204<\305\321\232\036\261\263'%\364\236\016\306\210"
 492      9A1EB1B3 
 492      2725F49E 
 492      0EC688
 493 13dd A93325D4 		.ascii	"\2513%\324%\016un\254WdL\252\223\300\213CsS$>GB\277"
 493      250E756E 
 493      AC57644C 
 493      AA93C08B 
 493      43735324 
 494 13f5 9B739828 		.ascii	"\233s\230(q$\017:\361\325F>&6\376\230\223y\025Y3+\026"
 494      71240F3A 
 494      F1D5463E 
 494      2636FE98 
 494      93791559 
 495 140c BF57421F 		.ascii	"\277WB\037\343`M\245\330\370X'\344\016'tP\217\263\271"
 495      E3604DA5 
 495      D8F85827 
 495      E40E2774 
 495      508FB3B9 
 496 1420 A5288BDE 		.ascii	"\245(\213\336+\021\212q\001\024\3412\200S\000\027\000"
 496      2B118A71 
 496      0114E132 
 496      80530017 
 496      00
 497 1431 CE015C02 		.ascii	"\316\001\\\002\250\002(\005(\007\310\005\310\003(\004"
 497      A8022805 
 497      2807C805 
 497      C8032804 
 498 1441 3803900F 		.ascii	"8\003\220\017p\032\240\032\240\002\240\022\340<\300"
 498      701AA01A 
 498      A002A012 
 498      E03CC0
 499 1450 59808B00 		.ascii	"Y\200\213\000\305\000E\226\275m?X\333n\231\232\243`"
ARM GAS  /tmp/ccY68EDo.s 			page 40


 499      C5004596 
 499      BD6D3F58 
 499      DB6E999A 
 499      A360
 500 1462 ED1189B5 		.ascii	"\355\021\211\265\015\216\301\250\024\247a\206\223\231"
 500      0D8EC1A8 
 500      14A76186 
 500      9399
 501 1470 17D10F8A 		.ascii	"\027\321\017\212\203}B>\257\304i(\026\237\346dI\333"
 501      837D423E 
 501      AFC46928 
 501      169FE664 
 501      49DB
 502 1482 62DD239E 		.ascii	"b\335#\236\232\004\011y\252\003\371\240\230<\336\011"
 502      9A040979 
 502      AA03F9A0 
 502      983CDE09 
 503 1492 B9380FC5 		.ascii	"\2718\017\305\326\244;\011\216\250\355\023\257\271D"
 503      D6A43B09 
 503      8EA8ED13 
 503      AFB944
 504 14a1 272BDAB2 		.ascii	"'+\332\262?\037K\274\372\030\341\021V\035\347\263\016"
 504      3F1F4BBC 
 504      FA18E111 
 504      561DE7B3 
 504      0E
 505 14b2 543BFCAA 		.ascii	"T;\374\252i\311\007T#\010\372\177H\011\262\177d\244"
 505      69C90754 
 505      2308FA7F 
 505      4809B27F 
 505      64A4
 506 14c4 F7D81DFF 		.ascii	"\367\330\035\377\\\266\363\341\012G\337\224\207/R\303"
 506      5CB6F3E1 
 506      0A47DF94 
 506      872F52C3 
 507 14d4 BB0BB763 		.ascii	"\273\013\267c<\301\\\310\312=\224\357\216c=\330o\217"
 507      3CC15CC8 
 507      CA3D94EF 
 507      8E633DD8 
 507      6F8F
 508 14e6 9555296A 		.ascii	"\225U)j\362jp\035'\274\032|\247ph\306C\374\306/y\213"
 508      F26A701D 
 508      27BC1A7C 
 508      A77068C6 
 508      43FCC62F 
 509 14fc D6F6E4DF 		.ascii	"\326\366\344\337\300\275\241 /\014\263c\323\310\254"
 509      C0BDA120 
 509      2F0CB363 
 509      D3C8AC
 510 150b 77DE4EE3 		.ascii	"w\336N\343\313\373\241\335\230\301y\245\323P\345\227"
 510      CBFBA1DD 
 510      98C179A5 
 510      D350E597 
 511 151b 84FF2D21 		.ascii	"\204\377-!B\265\234\345\225\337z\016\242\004\250\375"
 511      42B59CE5 
 511      95DF7A0E 
 511      A204A8FD 
ARM GAS  /tmp/ccY68EDo.s 			page 41


 512 152b 2BBF8D1C 		.ascii	"+\277\215\034y\345\367\340\271\322\355v=\360.;/\232"
 512      79E5F7E0 
 512      B9D2ED76 
 512      3DF02E3B 
 512      2F9A
 513 153d 98174DD4 		.ascii	"\230\027M\324\213\372\332\262\027:\234\312\014\037>"
 513      8BFADAB2 
 513      173A9CCA 
 513      0C1F3E
 514 154c D35FA5A7 		.ascii	"\323_\245\247o+\023\373\330\033\314\027\242\253\316"
 514      6F2B13FB 
 514      D81BCC17 
 514      A2ABCE
 515 155b A8AD632D 		.ascii	"\250\255c-\034\035<\277+%\311\325\372Zs+\033\234<\032"
 515      1C1D3CBF 
 515      2B25C9D5 
 515      FA5A732B 
 515      1B9C3C1A 
 516 156f 96E5FCB5 		.ascii	"\226\345\374\265\346v\342c\033'8y\277\357I\234^\360"
 516      E676E263 
 516      1B273879 
 516      BFEF499C 
 516      5EF0
 517 1581 F2DA851F 		.ascii	"\362\332\205\037_\256\241/\226\247\375\206\322\241f"
 517      5FAEA12F 
 517      96A7FD86 
 517      D2A166
 518 1590 CEF66279 		.ascii	"\316\366by\263\243\217\035\334\333\012\024\360\275\037"
 518      B3A38F1D 
 518      DCDB0A14 
 518      F0BD1F
 519 159f FDC813FE 		.ascii	"\375\310\023\376\177i0\006\030\374<Wm\366]\357\373\311"
 519      7F693006 
 519      18FC3C57 
 519      6DF65DEF 
 519      FBC9
 520 15b1 5ACF4093 		.ascii	"Z\317@\223\247\321\354i2\372x\372l6\373\377\310G\363"
 520      A7D1EC69 
 520      32FA78FA 
 520      6C36FBFF 
 520      C847F3
 521 15c4 EB8F7FF7 		.ascii	"\353\217\177\367\326\252\367\337W\250\203}\002\314^"
 521      D6AAF7DF 
 521      57A8837D 
 521      02CC5E
 522 15d3 66CECFDB 		.ascii	"f\316\317\333dv1\232)\242\332\022h4\231\271\365\006"
 522      6476319A 
 522      29A2DA12 
 522      683499B9 
 522      F506
 523 15e5 9359E713 		.ascii	"\223Y\347\023\354\037\354\347m\366\375\312\2401\232"
 523      EC1FECE7 
 523      6DF6FDCA 
 523      A0319A
 524 15f4 CDBEFE06 		.ascii	"\315\276\376\006/\363\337\275D\203o\200\217_\360\006"
 524      2FF3DFBD 
 524      44836F80 
ARM GAS  /tmp/ccY68EDo.s 			page 42


 524      8F5FF006 
 525 1604 03D3B259 		.ascii	"\003\323\262Y\261\210r\370\033\274M\301F\203\277\201"
 525      B18872F8 
 525      1BBC4DC1 
 525      4683BF81 
 526 1614 0857FE58 		.ascii	"\010W\376X\241\3616\372\177\365\223w\374\025:\237@\243"
 526      A1F136FA 
 526      7FF59377 
 526      FC153A9F 
 526      40A3
 527 1626 D9B0F51D 		.ascii	"\331\260\365\035\377\225\012w\237\315\353\326|\262\376"
 527      FF950A77 
 527      9FCDEBD6 
 527      7CB2FE
 528 1635 4F061FF3 		.ascii	"O\006\037\363\207\001\276\346\357\277\222\027\212\327"
 528      8701BEE6 
 528      EFBF9217 
 528      8AD7
 529 1643 09D75AB3 		.ascii	"\011\327Z\263\267\321\274\306\246\343sM@\240o\200\237"
 529      B7D1BCC6 
 529      A6E3734D 
 529      40A06F80 
 529      9F
 530 1654 6F806109 		.ascii	"o\200a\011\273\035\030$\276\373\006\031\\\265\331\333"
 530      BB1D1824 
 530      BEFB0619 
 530      5CB5D9DB 
 531 1664 374034BA 		.ascii	"7@4\272.\360s\255\317f/\3236\223\331\340\217\315\376"
 531      2EF073AD 
 531      CF662FD3 
 531      3693D9E0 
 531      8FCDFE
 532 1677 3EEAC08D 		.ascii	">\352\300\215\033M\006\363kf\177/\037o?\337\365F\210"
 532      1B4D06F3 
 532      6B667F2F 
 532      1F6F3FDF 
 532      F54688
 533 168a 41608097 		.ascii	"A`\200\227Y\353\033`2{\007\370\030Lx\303\372M.\276&"
 533      59EB1B60 
 533      327B07F8 
 533      184C78C3 
 533      FA4D2EBE 
 534 169f A317C44C 		.ascii	"\243\027\304LE\343\246\015\362\016\360\365\361\3627"
 534      45E3A60D 
 534      F20EF0F5 
 534      F1F237
 535 16ae 6DE27C36 		.ascii	"m\342|6{\033=\254\002\2756\030\326\007o\322\370\005"
 535      7B1B3DAC 
 535      02BD3618 
 535      D6076FD2 
 535      F805
 536 16c0 FA7C49A8 		.ascii	"\372|I\250\337y\245\000R\036\210\241\273X\206\227Y\347"
 536      DF79A500 
 536      521E88A1 
 536      BB588697 
 536      59E7
 537 16d2 0F969B37 		.ascii	"\017\226\2337\033\015\336\0334\360\307/\310\350\033"
ARM GAS  /tmp/ccY68EDo.s 			page 43


 537      1B0DDE1B 
 537      34F0C72F 
 537      C8E81B
 538 16e1 E862267F 		.ascii	"\350b&\177\275\314.\376\346\255~\276&\263\0064\373\007"
 538      BDCC2EFE 
 538      E6AD7EBE 
 538      26B30634 
 538      FB07
 539 16f3 43643586 		.ascii	"Cd5\206 C\300\006\337\200M\256\206\257\300K\177o\323"
 539      2043C006 
 539      DF804DAE 
 539      86AFC04B 
 539      7F6FD3
 540 1706 9740B5C5 		.ascii	"\227@\265\305\333\327\014c.@E\250\271\000\303V\263V"
 540      DBD70C63 
 540      2E4045A8 
 540      B900C356 
 540      B356
 541 1718 40BC5ED1 		.ascii	"@\274^\321:Bk\002\353P\260\332\260\205\310Uo1\203\366"
 541      3A426B02 
 541      EB50B0DA 
 541      B085C855 
 541      6F3183F6 
 542 172c 20F83219 		.ascii	" \3702\031\374\203\364\304w\203\277w\320\346@\243A\265"
 542      FC83F4C4 
 542      7783BF77 
 542      D0E640A3 
 542      41B5
 543 173e C56C3606 		.ascii	"\305l6\006\021\015\202\335\354\313\313\274H\2700\032"
 543      110D82DD 
 543      ECCBCBBC 
 543      48B8301A 
 544 174e 361A8C06 		.ascii	"6\032\214\006\010\252\227\031\370\003\327\377)Hc\330"
 544      08AA9719 
 544      F803D7FF 
 544      294863D8 
 545 175e EA6BF609 		.ascii	"\352k\366\011\334`PA4a\324\270a\033\\x\276\222i\201"
 545      DC605041 
 545      3461D4B8 
 545      611B5C78 
 545      BE926981 
 546 1772 348B8871 		.ascii	"4\213\210q.&\337\365\220\007\233 \036\276~\033@\203"
 546      2E26DFF5 
 546      90079B20 
 546      1EBE7E1B 
 546      4083
 547 1784 3AC81BFE 		.ascii	":\310\033\376\2329Phr1\223\277\220\355\033\375\2747"
 547      9A395068 
 547      723193BF 
 547      90ED1BFD 
 547      BC37
 548 1796 01E60FDA 		.ascii	"\001\346\017\332\000\203\3315\0334f\372E\314\361^\357"
 548      0083D935 
 548      1B3466FA 
 548      45CCF15E 
 548      EF
 549 17a7 6D32E84C 		.ascii	"m2\350L\346/!\0136A\002p\001\336\376\006U\340\226\000"
ARM GAS  /tmp/ccY68EDo.s 			page 44


 549      E62F210B 
 549      36410270 
 549      01DEFE06 
 549      55E09600 
 550 17bb 831172D6 		.ascii	"\203\021r\326+\320\344e\311\0107\32151\371\317\301\206"
 550      2BD0E465 
 550      C90837D1 
 550      3531F9CF 
 550      C186
 551 17cd 600399   		.ascii	"`\003\231"
 552 17d0 0A7AA1B3 		.ascii	"\012z\241\263\\\200\210 \243\341+\354c\336\2524\005"
 552      5C808820 
 552      A3E12BEC 
 552      63DEAA34 
 552      05
 553 17e1 B906C112 		.ascii	"\271\006\301\022\00063\240zz\355\023\030\0003g\376\007"
 553      003633A0 
 553      7A7AED13 
 553      18003367 
 553      FE07
 554 17f3 67BEFA04 		.ascii	"g\276\372\004\372\373\007\006x\022Z\223\347/?[\003+"
 554      FAFB0706 
 554      78125A93 
 554      E72F3F5B 
 554      032B
 555 1805 690D780D 		.ascii	"i\015x\015K\311\000.\343\315\033\214\352 \252\350\033"
 555      4BC9002E 
 555      E3CD1B8C 
 555      EA20AAE8 
 555      1B
 556 1816 A091E485 		.ascii	"\240\221\344\205\321\327\274\215\251^,\031\241\306\370"
 556      D1D7BC8D 
 556      A95E2C19 
 556      A1C6F8
 557 1825 06AA28C2 		.ascii	"\006\252(\302\221I\245\0010\251\301\212\215\276\233"
 557      9149A501 
 557      30A9C18A 
 557      8DBE9B
 558 1834 5EB7F7D0 		.ascii	"^\267\367\320\213\215.\221\016\201\034\343F\237`\222"
 558      8B8D2E91 
 558      0E811CE3 
 558      469F6092 
 559 1844 52E49B23 		.ascii	"R\344\233#\031\341J\256\274X\316\375\360\225f\2160\200"
 559      19E14AAE 
 559      BC58CEFD 
 559      F095668E 
 559      3080
 560 1856 0F6ACA68 		.ascii	"\017j\312hv!.y\371n\320\012\3370b4l\"6\272\0225\206"
 560      76212E79 
 560      F96ED00A 
 560      DF306234 
 560      6C2236BA 
 561 186d 4D7065DC 		.ascii	"Mpe\334\246\263\\@\310\2772S\0176\220\277n@\263\301"
 561      A6B35C40 
 561      C8BF3253 
 561      0F3690BF 
 561      6E40B3C1 
ARM GAS  /tmp/ccY68EDo.s 			page 45


 562 1881 E067F6A6 		.ascii	"\340g\366\246i\355a\207\3014S\304\015\226\026\204\336"
 562      69ED6187 
 562      C13453C4 
 562      0D961684 
 562      DE
 563 1892 60FCCADB 		.ascii	"`\374\312\333\317\313\374M\240\371\312\327h\016&\010"
 563      CFCBFC4D 
 563      A0F9CAD7 
 563      680E2608 
 564 18a2 D42DA389 		.ascii	"\324-\243\211\022kHi$\270\226,DZ\001_\227!\003\231F"
 564      126B4869 
 564      24B8962C 
 564      445A015F 
 564      97210399 
 565 18b7 8B5E92D4 		.ascii	"\213^\222\324\333\350\250\213O\260\221d\234\3366\344"
 565      DBE8A88B 
 565      4FB09164 
 565      9CDE36E4 
 566 18c7 65D6B330 		.ascii	"e\326\2630x\321H\353\240\300\300|\300\322\330\240\011"
 566      78D148EB 
 566      A0C0C07C 
 566      C0D2D8A0 
 566      09
 567 18d8 F0822C30 		.ascii	"\360\202,0m\361Q\005x\371\032\377l\271\0035\346\325"
 567      6DF15105 
 567      78F91AFF 
 567      6CB90335 
 567      E6D5
 568 18ea D6249547 		.ascii	"\326$\225G*\206X\276\227\331R@\204\224ve\213\316'08"
 568      2A8658BE 
 568      97D95240 
 568      84947665 
 568      8BCE2730 
 569 18ff C0AC36F9 		.ascii	"\300\2546\371\376;\031\262U*\363\337\277\232\252mD\221"
 569      FE3B19B2 
 569      552AF3DF 
 569      BF9AAA6D 
 569      4491
 570 1911 6ACD2FD7 		.ascii	"j\315/\327\376v\245&\030b\270\362=\010\300\252O\326"
 570      FE76A526 
 570      1862B8F2 
 570      3D08C0AA 
 570      4FD6
 571 1923 7CBA52FB 		.ascii	"|\272R\373\331\352\265\253?\373\375\352\017\336\323"
 571      D9EAB5AB 
 571      3FFBFDEA 
 571      0FDED3
 572 1932 FEEA771F 		.ascii	"\376\352w\037\257Z\367\341'\037\277G\011\337\243\367"
 572      AF5AF7E1 
 572      271FBF47 
 572      09DFA3F7 
 573 1942 DFB3DE7F 		.ascii	"\337\263\336\177\327z\377]z\377]z\377]\353\375\025\326"
 573      D77AFF5D 
 573      7AFF5D7A 
 573      FF5DEBFD 
 573      15D6
 574 1954 FB2BE8FD 		.ascii	"\373+\350\375\025\364\376\012\356\323Uk?s\371\325'\037"
ARM GAS  /tmp/ccY68EDo.s 			page 46


 574      15F4FE0A 
 574      EED3556B 
 574      3F73F9D5 
 574      271F
 575 1966 7DB0EAE3 		.ascii	"}\260\352\343u\352\217\326\376\016\2764k?Z\275\372S"
 575      75EA8FD6 
 575      FE0EBE34 
 575      6B3F5ABD 
 575      FA53
 576 1978 82AFFE7C 		.ascii	"\202\257\376|\025\371Z\365\351\207\364\353\013\202q"
 576      15F95AF5 
 576      E987F4EB 
 576      0B8271
 577 1987 ABD67DF6 		.ascii	"\253\326}\366\221U\330\312\325_\263\262`\361\221u\345"
 577      9155D8CA 
 577      D55FB3B2 
 577      60F19175 
 577      E5
 578 1998 B96ACDDA 		.ascii	"\271j\315\332\017\327z\256\202\344\363\374\320\3428"
 578      0FD77AAE 
 578      82E4F3FC 
 578      D0E238
 579 19a7 C9441FFF 		.ascii	"\311D\037\377\225\340\273\346\203\177Y\347\265n[\220"
 579      95E0BBE6 
 579      837F59E7 
 579      B56E5B90 
 580 19b7 E15B74D5 		.ascii	"\341[t\325\302\377M\006\262x\203I>yAB\005\033\334\274"
 580      C2FF4D06 
 580      B2788349 
 580      3E794142 
 580      051BDCBC 
 581 19cb FDB6786F 		.ascii	"\375\266xo#k\205lFPa`\012\002\203\376\007@\252\216\241"
 581      236B856C 
 581      46506160 
 581      0A0283FE 
 581      0740AA8E 
 582              		.text
 583              		.section	.gnu.lto_.symtab.8c5d6452cc331528,"e",%progbits
 584 0000 6368544D 		.ascii	"chTMObjectInit\000"
 584      4F626A65 
 584      6374496E 
 584      697400
 585 000f 00       		.ascii	"\000"
 586 0010 00       		.ascii	"\000"
 587 0011 00       		.ascii	"\000"
 588 0012 00000000 		.ascii	"\000\000\000\000\000\000\000\000"
 588      00000000 
 589 001a E5000000 		.ascii	"\345\000\000\000"
 590 001e 6368544D 		.ascii	"chTMStartMeasurementX\000"
 590      53746172 
 590      744D6561 
 590      73757265 
 590      6D656E74 
 591 0034 00       		.ascii	"\000"
 592 0035 00       		.ascii	"\000"
 593 0036 00       		.ascii	"\000"
 594 0037 00000000 		.ascii	"\000\000\000\000\000\000\000\000"
ARM GAS  /tmp/ccY68EDo.s 			page 47


 594      00000000 
 595 003f E9000000 		.ascii	"\351\000\000\000"
 596 0043 6368544D 		.ascii	"chTMStopMeasurementX\000"
 596      53746F70 
 596      4D656173 
 596      7572656D 
 596      656E7458 
 597 0058 00       		.ascii	"\000"
 598 0059 00       		.ascii	"\000"
 599 005a 00       		.ascii	"\000"
 600 005b 00000000 		.ascii	"\000\000\000\000\000\000\000\000"
 600      00000000 
 601 0063 EC000000 		.ascii	"\354\000\000\000"
 602 0067 6368544D 		.ascii	"chTMChainMeasurementToX\000"
 602      43686169 
 602      6E4D6561 
 602      73757265 
 602      6D656E74 
 603 007f 00       		.ascii	"\000"
 604 0080 00       		.ascii	"\000"
 605 0081 00       		.ascii	"\000"
 606 0082 00000000 		.ascii	"\000\000\000\000\000\000\000\000"
 606      00000000 
 607 008a F2000000 		.ascii	"\362\000\000\000"
 608 008e 63685F73 		.ascii	"ch_system\000"
 608      79737465 
 608      6D00
 609 0098 00       		.ascii	"\000"
 610 0099 02       		.ascii	"\002"
 611 009a 00       		.ascii	"\000"
 612 009b 00000000 		.ascii	"\000\000\000\000\000\000\000\000"
 612      00000000 
 613 00a3 0C020000 		.ascii	"\014\002\000\000"
 614              		.text
 615              		.section	.gnu.lto_.opts,"e",%progbits
 616 0000 272D666E 		.ascii	"'-fno-openmp' '-fno-openacc' '-fno-pie' '-mcpu=cort"
 616      6F2D6F70 
 616      656E6D70 
 616      2720272D 
 616      666E6F2D 
 617 0033 65782D6D 		.ascii	"ex-m3' '-mthumb' '-mfloat-abi=soft' '-march=armv7-m"
 617      33272027 
 617      2D6D7468 
 617      756D6227 
 617      20272D6D 
 618 0066 2720272D 		.ascii	"' '-O2' '-fstack-usage' '-ffunction-sections' '-fda"
 618      4F322720 
 618      272D6673 
 618      7461636B 
 618      2D757361 
 619 0099 74612D73 		.ascii	"ta-sections' '-fno-common' '-flto' '-fshort-enums'\000"
 619      65637469 
 619      6F6E7327 
 619      20272D66 
 619      6E6F2D63 
 620              		.text
 621              		.comm	__gnu_lto_v1,1,1
ARM GAS  /tmp/ccY68EDo.s 			page 48


 622              		.comm	__gnu_lto_slim,1,1
 623              		.ident	"GCC: (GNU Arm Embedded Toolchain 9-2020-q2-update) 9.3.1 20200408 (release)"
ARM GAS  /tmp/ccY68EDo.s 			page 49


DEFINED SYMBOLS
                            *ABS*:0000000000000000 chtm.c
                            *COM*:0000000000000001 __gnu_lto_v1
                            *COM*:0000000000000001 __gnu_lto_slim

NO UNDEFINED SYMBOLS
