ARM GAS  /tmp/ccRT4Vw8.s 			page 1


   1              		.cpu cortex-m3
   2              		.eabi_attribute 20, 1
   3              		.eabi_attribute 21, 1
   4              		.eabi_attribute 23, 3
   5              		.eabi_attribute 24, 1
   6              		.eabi_attribute 25, 1
   7              		.eabi_attribute 26, 1
   8              		.eabi_attribute 30, 2
   9              		.eabi_attribute 34, 1
  10              		.eabi_attribute 18, 4
  11              		.file	"nvic.c"
  12              		.section	.gnu.lto_.profile.67aac9aef06576a0,"e",%progbits
  13 0000 789CE360 		.ascii	"x\234\343``\004B \000\000\000]\000\013"
  13      60044220 
  13      0000005D 
  13      000B
  14              		.text
  15              		.section	.gnu.lto_.icf.67aac9aef06576a0,"e",%progbits
  16 0000 789CE360 		.ascii	"x\234\343``d\320a@\000v\206\177\357f~`d<\363`\366K6"
  16      6064D061 
  16      40007686 
  16      7FEF667E 
  16      60643CF3 
  17 0018 A6B7375F 		.ascii	"\246\2677_\274\347f>\262\260c\031;\313\314#;\373\271"
  17      BCE7663E 
  17      B2B06319 
  17      3BCBCC23 
  17      3BFBB9
  18 002b 585F1E5B 		.ascii	"X_\036[\366\200\223\015L2\000\000\011v\026k"
  18      F680930D 
  18      4C320000 
  18      0976166B 
  19              		.text
  20              		.section	.gnu.lto_.jmpfuncs.67aac9aef06576a0,"e",%progbits
  21 0000 789C558E 		.ascii	"x\234U\2161\012\302@\020E\347\355\217!\235\007\330\303"
  21      310AC240 
  21      1045E7ED 
  21      8F219D07 
  21      D8C3
  22 0012 A6B095B4 		.ascii	"\246\260\225\264)SXx\007\025\261Kaca\355\015$\027\020"
  22      29535878 
  22      0715B14B 
  22      616361ED 
  22      0D241710 
  23 0026 D6190C86 		.ascii	"\326\031\014\206\014<\376\360y\003\323\030v\264ej\207"
  23      0C3CFEF0 
  23      7903D318 
  23      76B4656A 
  23      87
  24 0037 046A0759 		.ascii	"\004j\007Y\340;\221Z\225:\310\275[\2059\237R\312\026"
  24      E03B915A 
  24      953AC8BD 
  24      5B85399F 
  24      52CA16
  25 004a F5A2DB4D 		.ascii	"\365\242\333M\257\246\323 0N\344\240ZDH.\215\323\373"
  25      AFA6D320 
  25      304EE4A0 
ARM GAS  /tmp/ccRT4Vw8.s 			page 2


  25      5A44482E 
  25      8DD3FB
  26 005d 4948C9A5 		.ascii	"IH\311\2453\331\253\353\376q\327\257\202\0139E\377?"
  26      33D9ABEB 
  26      FE71D7AF 
  26      820B3945 
  26      FF3F
  27 006f 33DBCC4F 		.ascii	"3\333\314O\324s\332\027j\020%\030"
  27      D473DA17 
  27      6A102518 
  28              		.text
  29              		.section	.gnu.lto_.inline.67aac9aef06576a0,"e",%progbits
  30 0000 789C958E 		.ascii	"x\234\225\216\261\015\0021\014E\277\177\314\221\000"
  30      B10D0231 
  30      0C45BF7F 
  30      CC9100
  31 000f 43301112 		.ascii	"C0\021\0223pw\2721\322\320\323\"Q\260\003\035\003P\321"
  31      337077BA 
  31      31D2D0D3 
  31      2251B003 
  31      1D0350D1 
  32 0023 5033024B 		.ascii	"P3\002K\340\030\345\004\3225\270\210\034\377\377\374"
  32      E018E504 
  32      D235B888 
  32      1CFFFFFC 
  33 0033 1D21D80A 		.ascii	"\035!\330\012\306j\200t\272>^\034\004\\Y\367\344`\323"
  33      C66A8074 
  33      BA3E5E1C 
  33      045C59F7 
  33      E460D3
  34 0046 7DCE992D 		.ascii	"}\316\231-\301\342\021,\354{f/\224ua\313\243\215\315"
  34      C1E2112C 
  34      EC7B662F 
  34      947561CB 
  34      A38DCD
  35 0059 7268CD9C 		.ascii	"rh\315\234G3\275\335AQ\325h\366hJr\245\027q8L\301u\246"
  35      4733BDDD 
  35      4151D568 
  35      F6684A72 
  35      A5177138 
  36 0071 862802D2 		.ascii	"\206(\002\322\375x\271\205N\350\210'k\015\370\346\364"
  36      FD78B985 
  36      4EE88827 
  36      6B0DF8E6 
  36      F4
  37 0082 D31A53D5 		.ascii	"\323\032S\325\022\012.\375t/\0366\230a\356\001]\275"
  37      120A2EFD 
  37      742F1E36 
  37      9861EE01 
  37      5DBD
  38 0094 616AD7EF 		.ascii	"aj\327\357\015\315\377\010\336q\326Bo"
  38      0DCDFF08 
  38      DE71D642 
  38      6F
  39              		.text
  40              		.section	.gnu.lto_.pureconst.67aac9aef06576a0,"e",%progbits
  41 0000 789C05C1 		.ascii	"x\234\005\301\301\021\000 \010\004\261CV\306\277\335"
ARM GAS  /tmp/ccRT4Vw8.s 			page 3


  41      C1110020 
  41      0804B143 
  41      56C6BFDD 
  42 0010 6FB5242F 		.ascii	"o\265$/\225\237d\"%GZ\256\214,&\273\003\350"
  42      959F6422 
  42      25475AAE 
  42      8C2C26BB 
  42      03E8
  43              		.text
  44              		.section	.gnu.lto_nvicInit.67aac9aef06576a0,"e",%progbits
  45 0000 789C9553 		.ascii	"x\234\225SKL\023Q\024}g\336\2643T\204\310\012S\027l"
  45      4B4C1351 
  45      147D67DE 
  45      B4335484 
  45      C80A5317 
  46 0015 58B06108 		.ascii	"X\260a\010\033\211\321D\303\232\230\350\312\245\022"
  46      1B89D144 
  46      C39A98E8 
  46      CAA512
  47 0024 0C8DD01A 		.ascii	"\014\215\320\0320\306\035\257-\205\250@7|\224\320\224"
  47      30C61DAF 
  47      2D85A840 
  47      377C94D0 
  47      94
  48 0035 4F104C10 		.ascii	"O\020L\020?A#\2108\024\225\237\037\332\215\011\032\214"
  48      3F412388 
  48      3814959F 
  48      1FDA8D09 
  48      1A8C
  49 0047 1A099280 		.ascii	"\032\011\222\200\240\2111\030\212\367M\007d\243\211"
  49      A0893118 
  49      8AF74D07 
  49      64A389
  50 0056 2F33937B 		.ascii	"/3\223{\337\275\357\2343g\356\350\014\314\303\031;\302"
  50      DFBDEF9C 
  50      3367EEE8 
  50      0CCCC319 
  50      3BC2
  51 0068 183B4537 		.ascii	"\030;E7\234\014\212\020\342\250\346\327\025\250v\304"
  51      9C0C8A10 
  51      E2A8E6D7 
  51      15A876C4 
  52 0078 ED685C57 		.ascii	"\355h\\W\025\236X\333(R\205\3131\030\016i\252Hw\000"
  52      159E58DB 
  52      285285CB 
  52      31180E69 
  52      AA487700 
  53 008c 564DE860 		.ascii	"VM\350`5\012W\035\250QT\006S\205n=Xj\205y\033G\254~"
  53      350A571D 
  53      A8515406 
  53      53856E3D 
  53      586A8579 
  54 00a4 7158C9EB 		.ascii	"qX\311\353\243~a\266\2159\353D(;J\344\327\271\335\304"
  54      A37E61B6 
  54      8D39EB44 
  54      283B4AE4 
  54      D7B9DDC4 
ARM GAS  /tmp/ccRT4Vw8.s 			page 4


  55 00b8 30823CC6 		.ascii	"0\202<\306\250s!\020\371\231\336\304\243\034P)m\236"
  55      A8732110 
  55      F999DEC4 
  55      A31C5029 
  55      6D9E
  56 00ca 199A76C9 		.ascii	"\031\232v\311TA\016\245\233\242\2715\203\037\202\354"
  56      54410EA5 
  56      9BA2B935 
  56      831F82EC 
  57 00da 1CF0F7C5 		.ascii	"\034\360\367\305\221\333#D@\230\213\355\331]A1%\324"
  57      91DB2344 
  57      40988BED 
  57      D95D4131 
  57      25D4
  58 00ec 28E7780C 		.ascii	"(\347x\014N\300\030\205\033\217\340N\341S\377\307\273"
  58      4EC01885 
  58      1B8FE04E 
  58      E153FFC7 
  58      BB
  59 00fd C996BD4E 		.ascii	"\311\226\275N\025c\310\265\211\361\004NP\245wvb,\203"
  59      1563C8B5 
  59      89F1044E 
  59      50A57776 
  59      622C83
  60 0110 1FB65023 		.ascii	"\037\266P#\213W\3464\0335\331\236\325\275\203j\376\033"
  60      8B57E634 
  60      1B35D99E 
  60      D5BD836A 
  60      FE1B
  61 0122 759C5025 		.ascii	"u\234P%\236\204\215\021,c\212d\222\373\267\023\016S"
  61      9E848D11 
  61      2C638A64 
  61      92FBB713 
  61      0E53
  62 0134 24B7EA09 		.ascii	"$\267\352\011p\377\255\241\367\373\310/\271M^Q\203f"
  62      70FFADA1 
  62      F7FBC82F 
  62      B94D5E51 
  62      8366
  63 0146 C58C5DE5 		.ascii	"\305\214]\345lm\243\277\010\302d\254\201+V\354\247x"
  63      6C6DA3BF 
  63      08C264AC 
  63      812B56EC 
  63      A778
  64 0158 19B1D12F 		.ascii	"\031\261\321/\003AMbG\270\264\244)\370uA\227\226\250"
  64      03414D62 
  64      47B8B4A4 
  64      29F87541 
  64      9796A8
  65 016b 96E0D5A1 		.ascii	"\226\340\325\241\267q;\025fPd\320\326\247\371X\230\367"
  65      B7713B15 
  65      665064D0 
  65      D6A7F958 
  65      98F7
  66 017d A2C74F76 		.ascii	"\242\307Ovw\216\200E\271\003OI\367\204\324M\365\350"
  66      778E8045 
  66      B9034F49 
ARM GAS  /tmp/ccRT4Vw8.s 			page 5


  66      F784D44D 
  66      F5E8
  67 018f CA72072F 		.ascii	"\312r\007/\030\024\315~\221\023\345N<C/\256\245\034"
  67      1814CD7E 
  67      9113E54E 
  67      3C432FAE 
  67      A51C
  68 01a1 798E0226 		.ascii	"y\216\002&\005\360p\350\315$\227\0128)\370\266\364\260"
  68      05F070E8 
  68      CD24970A 
  68      3829F8B6 
  68      F4B0
  69 01b3 678F7CAD 		.ascii	"g\217|\255\335\364\232E\337\022\037Nd\246R\021K\321"
  69      DDF49A45 
  69      DF121F4E 
  69      64A65211 
  69      4BD1
  70 01c5 27265BBF 		.ascii	"'&[\277\353\333\364g\211]\307\024\261O\332\354\241\017"
  70      EBDBF467 
  70      895DC714 
  70      B14FDAEC 
  70      A10F
  71 01d7 5B4B0AB1 		.ascii	"[K\012\261\327Z\354i\230\266\330\221\2623\331\330\025"
  71      D75AEC69 
  71      98B6D891 
  71      B233D9D8 
  71      15
  72 01e8 482FBC23 		.ascii	"H/\274#\213\2357\020\345.\314\240 bU\031fQH-\015\335"
  72      8B9D3710 
  72      E52ECCA0 
  72      20625519 
  72      6651482D 
  73 01fe F3412E19 		.ascii	"\363A.\031]\330\242\225\211\027\004l\211\034\336\021"
  73      5DD8A295 
  73      8917046C 
  73      891CDE11 
  74 020e F99F125E 		.ascii	"\371\237\022^Z\022\224\277Ix\365G\302k\024\332|\301"
  74      5A1294BF 
  74      4978F547 
  74      C26B14DA 
  74      7CC1
  75 0220 8EBACDFB 		.ascii	"\216\272\315\373\375\212$\214p\215\352t\364\301\345"
  75      FD8A248C 
  75      708DEA74 
  75      F4C1E5
  76 022f 959B6952 		.ascii	"\225\233iR\032M/\346\254)i\340\362\017\022\252\264\022"
  76      1A4D2FE6 
  76      AC2969E0 
  76      F20F12AA 
  76      B412
  77 0241 9F51FB6E 		.ascii	"\237Q\373n\342@\352\010\350kJ\310\037\300nW\211\007"
  77      E240EA08 
  77      E86B4AC8 
  77      1FC06E57 
  77      8907
  78 0253 71B8957B 		.ascii	"q\270\225{.B\345\211,\002p\254o\017\303*\002\235\277"
  78      2E42E589 
ARM GAS  /tmp/ccRT4Vw8.s 			page 6


  78      2C0270AC 
  78      6F0FC32A 
  78      029DBF
  79 0266 1A61CF99 		.ascii	"\032a\317\231\034\032\254o\017\015c\007\363\363\015"
  79      1C1AAC6F 
  79      0F0D6307 
  79      F3F30D
  80 0275 BACE9555 		.ascii	"\272\316\225Uy\313*\214\342r\317\031\317\361\223\206"
  80      79CB2A8C 
  80      E272CF19 
  80      CFF19386 
  81 0285 AFDA283F 		.ascii	"\257\332(?]a\234\367U]\2506J}\225\225>\257q\354DIq\311"
  81      5D619CF7 
  81      555DA836 
  81      4A7D9595 
  81      3EAF71EC 
  82 029d 25C37BD1 		.ascii	"%\303{\321S\232_\312\340\205\3477\2022>\321"
  82      539A5FCA 
  82      E085E737 
  82      82323ED1 
  83              		.text
  84              		.section	.gnu.lto_nvicEnableVector.67aac9aef06576a0,"e",%progbits
  85 0000 789C9D53 		.ascii	"x\234\235SMH\024a\030\376\236ygv'[\355\032,\225\207"
  85      4D481461 
  85      18FE9E79 
  85      6776275B 
  85      ED1A2C95 
  86 0015 60F1B223 		.ascii	"`\361\262#^\202\350`x\350$A\335\203\022\301%\335\025"
  86      5E82E860 
  86      78E82441 
  86      DD8312C1 
  86      25DD15
  87 0028 8D880EF9 		.ascii	"\215\210\016\371\355n\356B\376]\374Ih\231\025\333\""
  87      ED6EEE42 
  87      FE5DFC49 
  87      689915DB 
  87      22
  88 0039 0233E862 		.ascii	"\0023\350b\353\317\266Y\246\366\243\022\335\\)\244R"
  88      EBCFB659 
  88      A6F6A312 
  88      DD5C29A4 
  88      52
  89 004a B00E5D4A 		.ascii	"\260\016]J\374\351\375f\026\014\252C\015\363\275|\357"
  89      FCE9FD66 
  89      160CAA43 
  89      0DF3BD7C 
  89      EF
  90 005b EFF33C2F 		.ascii	"\357\363</3\246\2008GBT\013!\016\361\001\011hR\312j"
  90      33A68038 
  90      4742540B 
  90      210EF101 
  90      096852CA 
  91 0070 6FD4D400 		.ascii	"o\324\324\000\347&M\2106\015m\350\241\001B>\371qL\253"
  91      E7264D88 
  91      360D6DE8 
  91      A101423E 
  91      F9714CAB 
ARM GAS  /tmp/ccRT4Vw8.s 			page 7


  92 0084 B8CB1999 		.ascii	"\270\313\031\231\033\270\345M\310\366\2036\017\030\344"
  92      1BB8E54D 
  92      C8F68336 
  92      0F18E4
  93 0093 E33E788C 		.ascii	"\343>x\214\012\256+\304R\337}\335d\023\240\263\333;"
  93      0AAE2BC4 
  93      52DF7DDD 
  93      6413A0B3 
  93      DB3B
  94 00a5 F768B644 		.ascii	"\367h\266D\271\032\312\331\335\226\275\375et\034\202"
  94      B91ACAD9 
  94      DD96BDFD 
  94      65741C82 
  95 00b5 EF6B2B33 		.ascii	"\357k+3\011\0042R\306dn\3726\311\2436\021&@<\022\343"
  95      09043252 
  95      C6646EFA 
  95      36C9A336 
  95      1126403C 
  96 00cb F0230BBF 		.ascii	"\360#\013\277\020\034\343\321\223\010p\303\375\330\247"
  96      101CE3D1 
  96      930870C3 
  96      FDD8A7
  97 00da 0DA2134E 		.ascii	"\015\242\023N\363\310\306\217\305\322b\363j\246\330"
  97      F3C8C68F 
  97      C5D262F3 
  97      6AA6D8
  98 00e9 3CF5C7E6 		.ascii	"<\365\307\346\034\002B\265|x\270\323W\352\321\213\224"
  98      1C0242B5 
  98      7C78B8D3 
  98      57EAD18B 
  98      94
  99 00fa F1041E5E 		.ascii	"\361\004\036^\202\020\017\226\214\234\334\331M\312\334"
  99      82100F96 
  99      8C9CDCD9 
  99      4DCADC
 100 0109 DB3B583E 		.ascii	"\333;X>\345\003\267\351\2322\304\306\320\2251\330x<"
 100      E503B7E9 
 100      9A32C4C6 
 100      D09531D8 
 100      783C
 101 011b 50A34C28 		.ascii	"P\243L(6Bt\220P\273\320!sBt\222\346:Qv\326\021\333J"
 101      36427490 
 101      50BBD021 
 101      73427492 
 101      E63A5176 
 102 0133 2E6747A1 		.ascii	".gG\241 R\204\024y8\026\337L\024\003\032\307~]\224\007"
 102      20528414 
 102      793816DF 
 102      4C14031A 
 102      C77E5D94 
 103 0148 3AF24C77 		.ascii	":\362Lw\035\371\302\215{\206*\342tw\374k\301Ti\257\243"
 103      1DF9C28D 
 103      7B862AE2 
 103      7477FC6B 
 103      C15469AF 
 104 015d B76F716C 		.ascii	"\267oql\351\200\353\312|\\\226qhi\246\377\233\231\301"
 104      E980EBCA 
ARM GAS  /tmp/ccRT4Vw8.s 			page 8


 104      7C5C9671 
 104      6869A6FF 
 104      9B99C1
 105 0170 709491D3 		.ascii	"p\224\221\323\207m21\315\302\237*\341\234m\177\277\373"
 105      876D3231 
 105      CDC29F2A 
 105      E19C6D7F 
 105      BFFB
 106 0182 59AB1C91 		.ascii	"Y\253\034\221\327\243\262\334\246}x\206\014n:\3129\271"
 106      D7A3B2DC 
 106      A67D7886 
 106      0C6E3ACA 
 106      39B9
 107 0194 D33514F3 		.ascii	"\3235\024\363U\215\252d\372\252M%x\216\312\024\231\316"
 107      558DAA64 
 107      FAAA4D25 
 107      788ECA14 
 107      99CE
 108 01a6 5E6650C5 		.ascii	"^fP\305\034\025\343\376\344vvTsI\023\247\271\361\335"
 108      1C15E3FE 
 108      E4767654 
 108      734913A7 
 108      B9F1DD
 109 01b9 D4D03814 		.ascii	"\324\3208\024\015\003G\360\302!\035\337J\270\244S\244"
 109      0D0347F0 
 109      C2211DDF 
 109      4AB8A453 
 109      A4
 110 01ca 178B9687 		.ascii	"\027\213\226\207\323p\225\031\230u\2136\023k^\267\310"
 110      D3709519 
 110      98758B36 
 110      136B5EB7 
 110      C8
 111 01db E08AC9CE 		.ascii	"\340\212\311\316\205yr+\2009\370y\276+\177\320[\224"
 111      8579722B 
 111      8039F879 
 111      BE2B7FD0 
 111      5B94
 112 01ed FF2FE2F6 		.ascii	"\377/\342\366c\336\021\207\337\305]\263\311\207\227"
 112      63DE1187 
 112      DFC55DB3 
 112      C98797
 113 01fc 4A9CEE88 		.ascii	"J\234\356\210{\245\304\031.V\327\304*\376\013\355\265"
 113      7BA5C419 
 113      2E56D7C4 
 113      2AFE0BED 
 113      B5
 114 020d 83A6FD05 		.ascii	"\203\246\375\005\355\315\036\332\202\213\366\005\261"
 114      EDCD1EDA 
 114      828BF605 
 114      B1
 115 021a 74B6C7C1 		.ascii	"t\266\307\301r\376\224\016\302\336\247#\304\261`\320"
 115      72FE940E 
 115      C2DEA723 
 115      C4B160D0 
 116 022a E2F7627D 		.ascii	"\342\367b}K\270\276\321\252i\010]\010\235>kEZ\255\206"
 116      4BB8BED1 
ARM GAS  /tmp/ccRT4Vw8.s 			page 9


 116      AA69085D 
 116      089D3E6B 
 116      455AAD86 
 117 023e F38D5673 		.ascii	"\363\215Vs\244\345R\253U\027ij\212\204\255\223gjkj\257"
 117      A4E552AB 
 117      5517696A 
 117      8A84AD93 
 117      676A6B6A 
 118 0253 58E1CBA1 		.ascii	"X\341\313\241\272`\235@Xon\011E~\002U\241(;"
 118      BA609D40 
 118      586F6E09 
 118      457E0255 
 118      A1283B
 119              		.text
 120              		.section	.gnu.lto_nvicDisableVector.67aac9aef06576a0,"e",%progbits
 121 0000 789C9D52 		.ascii	"x\234\235R\317k\023A\030\375\336\314&\331\246\265^\205"
 121      CF6B1341 
 121      18FDDECC 
 121      26D9A6B5 
 121      5E85
 122 0012 A0F62094 		.ascii	"\240\366 \224^\262%\027A/JoB\021\364/\320Ph\260M\244"
 122      5EB22517 
 122      412F4A6F 
 122      4211F42F 
 122      D05068B0 
 123 0028 15110F76 		.ascii	"\025\021\017v\222\330\004lS/ij\017aS\332 ^\264\202 "
 123      92D8046C 
 123      532F696A 
 123      0F6153DA 
 123      205EB482 
 124 003d D5DAACD1 		.ascii	"\325\332\254\321\032\373C\2619x3\242\224\322\366`A/"
 124      1AFB43B1 
 124      397833A2 
 124      94D2F660 
 124      412F
 125 004f 526CEAB7 		.ascii	"Rl\352\267\273\305\012\342A\227\235a\336|o\276\367\346"
 125      BBC50AE2 
 125      41979D61 
 125      DE7C6FBE 
 125      F7E6
 126 0061 313A8136 		.ascii	"1:\2016\005\321I\":\314\003\222 \224R\247|q]\000\316"
 126      05D14922 
 126      3ACC0392 
 126      209452A7 
 126      7C715D00 
 127 0076 4AE9A001 		.ascii	"J\351\240\001\201\001\334\226c\022\345\364\332\214h"
 127      8101DC96 
 127      6312E5F4 
 127      DA8C68
 128 0085 BBCB1565 		.ascii	"\273\313\025e\215m\373Rj\360\220)\211\306y\270\037\236"
 128      8D6DFB52 
 128      6AF09029 
 128      89C679B8 
 128      1F9E
 129 0097 A08D79B5 		.ascii	"\240\215y\265D\376{\323\2104%\2401\314.>Z\360\333P\240"
 129      44FE7BD3 
 129      883425A0 
ARM GAS  /tmp/ccRT4Vw8.s 			page 10


 129      31CC2E3E 
 129      5AF0DB50 
 130 00ac 85E18ECA 		.ascii	"\205\341\216\312\346\232\345\011\020\2577>VRh-*\225"
 130      E69AE509 
 130      10AF373E 
 130      5652682D 
 130      2A95
 131 00be 50D6F294 		.ascii	"P\326\362\224T\307L)\361\014\222[b\026\001<E\200\210"
 131      54C74C29 
 131      F10C925B 
 131      6216013C 
 131      458088
 132 00d1 F7B8F51C 		.ascii	"\367\270\365\034Z\311>\362\371a}\364\200W\333SE\011"
 132      5AC93EF2 
 132      F9617DF4 
 132      8057DB53 
 132      4509
 133 00e3 5EBE07D1 		.ascii	"^\276\007\321\203\252\307R\365\335\264\262V\247\360"
 133      83AAC752 
 133      F5DDB4B2 
 133      56A7F0
 134 00f2 F84C03F8 		.ascii	"\370L\003\370\230&\354I\362\344\321\3406\030\222d\333"
 134      9826EC49 
 134      F2E4D1E0 
 134      36189264 
 134      DB
 135 0103 D7A02CA2 		.ascii	"\327\240,\242a)\\\020g\260\211d.\275S\232\026v\313\274"
 135      61295C10 
 135      67B08964 
 135      2EBD539A 
 135      1676CBBC 
 136 0117 445EDADE 		.ascii	"D^\332\336\337\227&fa{\327p\024\026\273a\332\217\324"
 136      DF972666 
 136      617BD770 
 136      1416BB61 
 136      DA8FD4
 137 012a 3D8F4B12 		.ascii	"=\217K\022{\244\017\223\005\207\344\201\007\317]\322"
 137      7BA40F93 
 137      0587E481 
 137      07CF5DD2 
 138 013a 766AC3E7 		.ascii	"vj\303\347\222\354\344\346\206\337-I\227\001\224\021"
 138      92ECE4E6 
 138      86DF2D49 
 138      97019411 
 139 014a E0FE4C2A 		.ascii	"\340\376L*\327n\215;$f\214$\267j\272\315\360:\301\214"
 139      D76E8D3B 
 139      24668C24 
 139      B76ABACD 
 139      F03AC18C 
 140 015e AECC540F 		.ascii	"\256\314T\017\272P\225\223\252\231\267\252\225\3347"
 140      BA509593 
 140      AA99B7AA 
 140      95DC37
 141 016d BD88C938 		.ascii	"\275\210\3118[.\0341\245\017/9\241\027vB\\\035\374\264"
 141      5B2E1C31 
 141      A50F2F39 
 141      A1177642 
ARM GAS  /tmp/ccRT4Vw8.s 			page 11


 141      5C1DFCB4 
 142 0181 BB2EDAEF 		.ascii	"\273.\332\357\253\233q\325bJ\035\363(\342\216\023\021"
 142      AB9B71D5 
 142      624A1DF3 
 142      28E28E13 
 142      11
 143 0192 17EB9989 		.ascii	"\027\353\231\211DSh\332.\026n\230\262\001\257\320\316"
 143      445368DA 
 143      2E166E98 
 143      B201AFD0 
 143      CE
 144 01a3 EE9D002B 		.ascii	"\356\235\000+\010\261G\327Mfe\025{~\376M\355\265\243"
 144      08B147D7 
 144      4D666515 
 144      7B7EFE4D 
 144      EDB5A3
 145 01b6 86BFA82D 		.ascii	"\206\277\250-\354\253-\376R\373\272\236\231\367\377"
 145      ECAB2DFE 
 145      52FBBA9E 
 145      99F7FF
 146 01c5 87981F4B 		.ascii	"\207\230\037K\216\230\370S\354\272)\033\261l\213i\216"
 146      8E98F853 
 146      ECBA291B 
 146      B16C8B69 
 146      8E
 147 01d6 D81B847E 		.ascii	"\330\033\204~O\266\021\204\267\334\363\013\022\205\255"
 147      4FB61184 
 147      B7DCF30B 
 147      1285AD
 148 01e5 AC7351E7 		.ascii	"\254sQ\347\325\016I\354\277\011\242\343\301\240\301"
 148      D50E49EC 
 148      BF09A2E3 
 148      C1A0C1
 149 01f4 FFA5AEBE 		.ascii	"\377\245\256\276hW\217\321\321\035\271\0309{\336\210"
 149      68578FD1 
 149      D11DB918 
 149      397BDE88 
 150 0204 F51BDD17 		.ascii	"\365\033\335\027z\214\313\261\276+\375F8\326\333\033"
 150      7A8CCBB1 
 150      BE2BFD46 
 150      38D6DB1B 
 151 0214 8B1AA7CF 		.ascii	"\213\032\247\317uvt^3\242W#\341`\230\020\375\011\374"
 151      7576745E 
 151      33A25723 
 151      E1609810 
 151      FD09FC
 152 0227 0C062C   		.ascii	"\014\006,"
 153              		.text
 154              		.section	.gnu.lto_nvicSetSystemHandlerPriority.67aac9aef06576a0,"e",%progbits
 155 0000 789C6D52 		.ascii	"x\234mR\313KTQ\030?\277\373\335\231\271\216c\331Nr\343"
 155      CB4B5451 
 155      183FBFFB 
 155      DD99B98E 
 155      63D94E72 
 156 0015 2210378E 		.ascii	"\"\0207\216\330\"\262M%\265\223\240\376\0023\301!\235"
 156      D822B24D 
 156      25B593A0 
ARM GAS  /tmp/ccRT4Vw8.s 			page 12


 156      FE0233C1 
 156      219D
 157 0027 913122DA 		.ascii	"\2211\"\332x\346\241C)\266H\321Y\014\327\220\301 \320"
 157      78E6A143 
 157      29B648D1 
 157      590CD790 
 157      C120D0
 158 003a CA36F96A 		.ascii	"\3126\371j\322\314\264\231\"{\010B\366\300T|B\272\250"
 158      D2CCB499 
 158      227B0842 
 158      F6C0547C 
 158      42BAA8
 159 004d 0CA7EFDC 		.ascii	"\014\247\357\334\231\205\213\016\367\034\316\367\372"
 159      99858B0E 
 159      F71CCEF7 
 159      FA
 160 005a 7DBFFB3B 		.ascii	"}\277\373;\237! \316\221\020\347\205\020\247x\303&\240"
 160      9F2120CE 
 160      9110E785 
 160      10A778C3 
 160      26A0
 161 006c 49294F3B 		.ascii	"I)O;\002\206\246Q*:d\327\245S\037ZN\236\324\245\213"
 161      0286A651 
 161      2A3A64D7 
 161      A5531F5A 
 161      4E9ED4A5 
 162 0081 A067633A 		.ascii	"\240gc:`\335\244\001\321\254\221\216f\334\241n\302D"
 162      60DDA401 
 162      D1AC918E 
 162      66DCA16E 
 162      C244
 163 0093 64F9A956 		.ascii	"d\371\251V\322\3171\231\350\376\344l\225-\005&\303G"
 163      D2CF3199 
 163      E8FEE46C 
 163      952D0526 
 163      C347
 164 00a5 79671686 		.ascii	"yg\026\206Q\302y\213\301\330/W\007\231\004\350lv\316"
 164      51C2798B 
 164      C1D82F57 
 164      079904E8 
 164      6C76CE
 165 00b8 3E99712A 		.ascii	">\231q*SC\021\233\241\273\343\243\006U@\360}4\262\236"
 165      5343119B 
 165      A1BBE3A3 
 165      065540F0 
 165      7D34B29E 
 166 00cc D68BE352 		.ascii	"\326\213\343R\006eb)N\362\230I\2041\020Cb\024\205\030"
 166      06656229 
 166      4EF29849 
 166      84311043 
 166      62148518 
 167 00e0 41A110EC 		.ascii	"A\241\020\354c\350q\024s\301\203\340\312&\321Y\253x"
 167      63E87114 
 167      73C183E0 
 167      CA26D159 
 167      AB78
 168 00f2 60F3F7BB 		.ascii	"`\363\367\273\274l\361n\177\266\370\331\177\213\023"
ARM GAS  /tmp/ccRT4Vw8.s 			page 13


 168      BC6CF16E 
 168      7FB6F8D9 
 168      7F8B13
 169 0101 2816AAE4 		.ascii	"(\026\252\344\373\243\375\256<\273\236\245\214\347\260"
 169      FBA3FDAE 
 169      3CBB9EA5 
 169      8CE7B0
 170 0110 B344027D 		.ascii	"\263D\002}$\006\347l\011\271\237\2160\217\202\205\301"
 170      2406E76C 
 170      09B99F8E 
 170      308F8285 
 170      C1
 171 0121 1C17B852 		.ascii	"\034\027\270R\327\370\260\221:t>\3546u8\240\2508\221"
 171      D7F8B091 
 171      3A743EEC 
 171      367538A0 
 171      A83891
 172 0134 C16C23A1 		.ascii	"\301l#\241\344\320!\023B\264\223\2261\002l\254!4\034"
 172      E4D02113 
 172      42B49396 
 172      31026CAC 
 172      21341C
 173 0147 F9FCD1A5 		.ascii	"\371\374\321\245\232\304\0101rp\377\241\245\271N\273"
 173      9AC40831 
 173      7270FFA1 
 173      A5B94EBB 
 174 0157 9282908B 		.ascii	"\222\202\220\213\011\346\267\206\340\337\01029\032\247"
 174      09E6B786 
 174      E0DF0832 
 174      391AA7
 175 0166 890DB414 		.ascii	"\211\015\264\024eL\245\370\310\356\330ZN\030\301\000"
 175      654CA5F8 
 175      C8EED85A 
 175      4E18C100 
 176 0176 0BED8892 		.ascii	"\013\355\210\222\342:\2110\004'stz{\363\003\024\232"
 176      E23A8930 
 176      04277374 
 176      7A7BF303 
 176      149A
 177 0188 0D022F50 		.ascii	"\015\002/Ph\222!~ \274Z\231\005P>\353]\332\211\226\223"
 177      6892217E 
 177      20BC5A99 
 177      05503EEB 
 177      5DDA8996 
 178 019d D1E38A97 		.ascii	"\321\343\212\227\266\201\260\325@\311\021\273\237L["
 178      B681B0D5 
 178      40C911BB 
 178      9F4C5B
 179 01ac F0864939 		.ascii	"\360\206I9Q\322\030~J\301s\250#\264\275h(l\247e\036"
 179      51D2187E 
 179      4AC173A8 
 179      23B4BD68 
 179      286CA765 
 180 01c1 24E2EC53 		.ascii	"$\342\354S\352\261\363\213\374\231r\306\321\027\310"
 180      EAB1F38B 
 180      FC9972C6 
 180      D117C8
ARM GAS  /tmp/ccRT4Vw8.s 			page 14


 181 01d0 372917D3 		.ascii	"7)\027\323\\\211\227\252#\207vV\246\306\015\225\337"
 181      5C8997AA 
 181      23877656 
 181      A6C60D95 
 181      DF
 182 01e1 23659102 		.ascii	"#e\221\002y\20582z\317p\236I.\213\226~P/V\"5\277\232"
 182      79853832 
 182      7ACF709E 
 182      492E8B96 
 182      7E502F56 
 183 01f9 15438F91 		.ascii	"\025C\217\221Si\370\2475\353\260\261\357\340l\345A\307"
 183      5369F8A7 
 183      35EBB0B1 
 183      EFE06CE5 
 183      41C7
 184 020b ACA5E0C4 		.ascii	"\254\245\340\304\342\355[\016\225t\220\366!\213\366"
 184      E2ED5B0E 
 184      957490F6 
 184      218BF6
 185 021a D6D7F68A 		.ascii	"\326\327\366\212\214%\027B\362\020{&\273\036\1773\024"
 185      8C251742 
 185      F2107B26 
 185      BB1E7F33 
 185      14
 186 022b 676EDC7B 		.ascii	"gn\334{\324\244\303H\362\250\274\316\322\036[\337{\217"
 186      D4A4C348 
 186      F2A8BCCE 
 186      D21E5BDF 
 186      7B8F
 187 023d B201190E 		.ascii	"\262\001\031\016(\326\371H1\353\036kV\024\366\374\275"
 187      28D6F948 
 187      31EB1E6B 
 187      5614F6FC 
 187      BD
 188 024e 1DA3FCA1 		.ascii	"\035\243\374\241\012\366\3364\351\010\336\240\214\237"
 188      0AF6DE34 
 188      E908DEA0 
 188      8C9F
 189 025c D59AA4B7 		.ascii	"\325\232\244\267(g\212b\013\301\336\275\256\314\217"
 189      28678A62 
 189      0BC1DEBD 
 189      AECC8F
 190 026b AAD54648 		.ascii	"\252\325FH\363\"k<\2048QZ\352\346\357j\255\337[[\357"
 190      F3226B3C 
 190      8438515A 
 190      EAE6EF6A 
 190      ADDF5B5B 
 191 0280 AEACF35C 		.ascii	"\256\254\363\\\366\\\270\344\3665\271\353\252\353\335"
 191      F65CB8E4 
 191      F635B9EB 
 191      AAEBDD
 192 028f 8D3EFFB5 		.ascii	"\215>\377\265&w\215\257\241\301\347u\237\271XUYu\303"
 192      26778DAF 
 192      A1C1E775 
 192      9FB95855 
 192      5975C3
 193 02a2 EDBDEEA9 		.ascii	"\355\275\356\251)\255\021\216\272j\357\225\372Z\277"
ARM GAS  /tmp/ccRT4Vw8.s 			page 15


 193      29AD118E 
 193      BA6AEF95 
 193      FA5ABF
 194 02b1 DEE8F7F8 		.ascii	"\336\350\367\370\376\001\036\271%a"
 194      FE011EB9 
 194      2561
 195              		.text
 196              		.section	.gnu.lto___func__.7722.67aac9aef06576a0,"e",%progbits
 197 0000 789CE360 		.ascii	"x\234\343``d\020e``\220g\200\200\351\314\214\037\036"
 197      60641065 
 197      60609067 
 197      8080E9CC 
 197      8C1F1E
 198 0013 CFB9CCA4 		.ascii	"\317\271\314\244\3104\277\201c>3\003\003\343.FE\006"
 198      C834BF81 
 198      633E3303 
 198      03E32E46 
 198      4506
 199 0025 D9BCB2CC 		.ascii	"\331\274\262\314\344\340\324\222\340\312\342\222\324"
 199      E4E0D492 
 199      E0CAE292 
 199      D4
 200 0032 5C8FC4BC 		.ascii	"\\\217\304\274\224\234\324\242\200\242\314\374\242\314"
 200      949CD4A2 
 200      80A2CCFC 
 200      A2CC
 201 0040 924A0600 		.ascii	"\222J\006\000\351\274\022\204"
 201      E9BC1284 
 202              		.text
 203              		.section	.gnu.lto_nvicClearPending.67aac9aef06576a0,"e",%progbits
 204 0000 789C4550 		.ascii	"x\234EPAKTQ\024>\337=\357\315\274\312t\033\014\225\213"
 204      414B5451 
 204      143EDF3D 
 204      EFCDBCCA 
 204      741B0C95 
 205 0015 40249827 		.ascii	"@$\230'n\202\334\024.C\202\372\0055\010\016\351LhD\253"
 205      6E82DC14 
 205      2E4382FA 
 205      0535080E 
 205      E94C6844 
 206 002a BCF32667 		.ascii	"\274\363&g0\3156:V0\274\021\035\252M%\264\261,_\223"
 206      30CD363A 
 206      5630BC11 
 206      1DAA4D25 
 206      B4B12C5F 
 207 003f 25B66B16 		.ascii	"%\266k\026AP\023\025D\265\250E\233\020\035;\367=\303"
 207      41501315 
 207      44B5A845 
 207      9B101D3B 
 207      F73DC3
 208 0052 CBBD97F3 		.ascii	"\313\275\227\363}\347|\347\236\3739\004\212)\242\036"
 208      7DE77CE7 
 208      9EFB3904 
 208      8A29A21E 
 209 0062 223A2807 		.ascii	"\":(\007LPZ\353\023\361\234\243\2000\322\016hTa\024"
 209      4C505AEB 
 209      13F19CA3 
ARM GAS  /tmp/ccRT4Vw8.s 			page 16


 209      8030D20E 
 209      68546114 
 210 0076 37799651 		.ascii	"7y\226Q+~[R\235w%\243\203\331;\373\012z\354\200\317"
 210      2B7E5B52 
 210      9D7725A3 
 210      83D93BFB 
 210      0A7AEC80 
 211 008b 44B7E544 		.ascii	"D\267\345D\013O\320)u\015\257\374\267e\212}\006,\201"
 211      0B4FD029 
 211      750DAFFC 
 211      B7658A7D 
 211      062C81
 212 009e D36F1EAF 		.ascii	"\323o\036\257\3575P\241]\340\226\236.\265\362q\220\304"
 212      EF3550A1 
 212      5DE0969E 
 212      2EB5F271 
 212      90C4
 213 00b0 3F3EAD15 		.ascii	"?>\255\025\320Q\325\332\323\301\352\002\353#>3\236\201"
 213      D051D5DA 
 213      D3C1EA02 
 213      EB233E33 
 213      9E81
 214 00c2 A5259691 		.ascii	"\245%\226\221\300S$\210\204\223\326\317\321AF\362e\261"
 214      C0532488 
 214      8493D6CF 
 214      D14146F2 
 214      65B1
 215 00d4 39B33F66 		.ascii	"9\263?f\355\274\212\025\304\344\037D\017\353v\240\233"
 215      EDBC8A15 
 215      C4E41F44 
 215      0FEB76A0 
 215      9B
 216 00e5 DB451D7C 		.ascii	"\333E\035|X\300\342)\231\333gK\311e\263\211,s\331\210"
 216      58C0E229 
 216      99DB674B 
 216      C965B389 
 216      2C73D988 
 217 00f9 BA4C3099 		.ascii	"\272L0\231?X\320\001\321$\253\010\344\004\374D\276T"
 217      3F58D001 
 217      D124AB08 
 217      E404FC44 
 217      BE54
 218 010b DC7A7F4F 		.ascii	"\334z\177O\231\276eF\231my\362\335\312\3342\314\007"
 218      99BE6546 
 218      996D79F2 
 218      DDCADC32 
 218      CC07
 219 011d 2C1C4620 		.ascii	",\034F #I\331Fa=\036\025)\034MH\251!7\013\367\355\210"
 219      2349D946 
 219      613D1E15 
 219      291C4D48 
 219      A921370B 
 220 0134 E41DE5C7 		.ascii	"\344\035\345\307\371J\250\264a\343E\250\3646\213\377"
 220      F94AA8B4 
 220      61E345A8 
 220      F4368BFF 
 221 0144 95968885 		.ascii	"\225\226\210\205\2515\256\217\207\214\010\246\362\277"
ARM GAS  /tmp/ccRT4Vw8.s 			page 17


 221      A935AE8F 
 221      878C08A6 
 221      F2BF
 222 0152 1B8E11C4 		.ascii	"\033\216\021\304B\177f\336.\325\333\"\250ky\335*T}\255"
 222      427F66DE 
 222      2ED5DB22 
 222      A86B79DD 
 222      2A547DAD 
 223 0166 F4C7A962 		.ascii	"\364\307\251b>'CW\016\371\034\307K1\252f\214\222\354"
 223      3E274357 
 223      0EF91CC7 
 223      4B31AA66 
 223      8C92EC
 224 0179 D8E7EDEF 		.ascii	"\330\347\355\357\252\353\201\276\226\323\355>;XE\025"
 224      AAEB81BE 
 224      96D3ED3E 
 224      3B584515 
 225 0189 B742A724 		.ascii	"\267B\247$\331\2741\347\265t?2\311\312U\237\367\340"
 225      D9BC31E7 
 225      B5743F32 
 225      C9CA559F 
 225      F7E0
 226 019b 15BACA1C 		.ascii	"\025\272\312\034\371\370\032\3352\020\375\202W\371Z"
 226      F9F81ADD 
 226      3210FD82 
 226      57F95A
 227 01aa 4268AB59 		.ascii	"Bh\253Y\023\214]\253\210\216%\223\256\354\013\375\303"
 227      138C5DAB 
 227      888E2593 
 227      AEEC0BFD 
 227      C3
 228 01bb 99FE41B7 		.ascii	"\231\376A\267w }>}\372\254\233\035q\007\316\015\272"
 228      77207D3E 
 228      7DFAAC9B 
 228      1D7107CE 
 228      0DBA
 229 01cd 17B3C397 		.ascii	"\027\263\303\227F\334Tvh(\233qO\236\351\353\355\273"
 229      46DC5476 
 229      68289B71 
 229      4F9EE9EB 
 229      EDBB
 230 01df E2662EA7 		.ascii	"\342f.\247S\311\024!\363\017\334\306\266\252"
 230      53C91421 
 230      F30FDCC6 
 230      B6AA
 231              		.text
 232              		.section	.gnu.lto_nvicSetPending.67aac9aef06576a0,"e",%progbits
 233 0000 789C4550 		.ascii	"x\234EP\317k\023A\024~\337\274\335d\325Z\257BP{\020"
 233      CF6B1341 
 233      147EDFBC 
 233      DD64D55A 
 233      AF42507B 
 234 0015 4A11B2A5 		.ascii	"J\021\262\245\027A/J\217R\004\375\0134\024\032l\023"
 234      17412F4A 
 234      8F5204FD 
 234      0B34141A 
 234      6C13
ARM GAS  /tmp/ccRT4Vw8.s 			page 18


 235 0027 69453CD9 		.ascii	"iE<\331\311\306&h\265^\332D\017\313\246\304\240\"\370"
 235      C9C62668 
 235      B55EDA44 
 235      0FCBA6C4 
 235      A022F8
 236 003a 03BC546B 		.ascii	"\003\274Tk\273\306\037\245\342\305\200\336\032\321\203"
 236      BBC61FA5 
 236      E2C580DE 
 236      1AD183
 237 0049 A8073DE8 		.ascii	"\250\007=\350A\244\246\276\331\2558\314\014\357\373"
 237      41A4A6BE 
 237      D9AD38CC 
 237      0CEFFB
 238 0058 DEFBDEBC 		.ascii	"\336\373\336\274\371\034\002%\024\321A\"\332%\007LP"
 238      F91C0225 
 238      14D14122 
 238      DA25074C 
 238      50
 239 0069 5AEB43C9 		.ascii	"Z\353C\311\202\243\200(\322\016hRa\022W\271\312h\226"
 239      82A38028 
 239      D20E6852 
 239      611257B9 
 239      CA6896
 240 007c 3F2DA8BE 		.ascii	"?-\250\276\233\222\321aui[IO\355\014\230\350\272\234"
 240      9B92D161 
 240      75695B49 
 240      4FED0C98 
 240      E8BA9C
 241 008f 78E111FA 		.ascii	"x\341\021\372\244\256\355\371\277\272f8`\300\0228\373"
 241      A4AEEDF9 
 241      BFBA6638 
 241      60C01238 
 241      FB
 242 00a0 EAE1EA56 		.ascii	"\352\341\352V\003\025z\004\376\321\263\225n>\000\222"
 242      03157A04 
 242      FED1B395 
 242      6E3E0092 
 243 00b0 F8CBFB95 		.ascii	"\370\313\373\225\022z\033Z{:\374Yg\2757`\306\023\260"
 243      127A1B5A 
 243      7B3AFC59 
 243      67BD3760 
 243      C613B0
 244 00c3 B4C42252 		.ascii	"\264\304\"Rx\214\024\221p\322z\011\275d$\037\037t\346"
 244      788C1491 
 244      70D27A09 
 244      BD64241F 
 244      1F74E6
 245 00d6 B627ACCD 		.ascii	"\266'\254\315W\261\214\204\374\203\350^\313\016ug\243"
 245      57B18C84 
 245      FC83E85E 
 245      CB0E7567 
 245      A3
 246 00e7 ACC3D737 		.ascii	"\254\303\3277\360\366\210\314\035\260\245\344\262\331"
 246      F0F688CC 
 246      1DB0A5E4 
 246      B2D9
 247 00f5 4496B96C 		.ascii	"D\226\271l\304]\246\231\314\037,\350\220\3502\253\030"
ARM GAS  /tmp/ccRT4Vw8.s 			page 19


 247      C45DA699 
 247      CC1F2CE8 
 247      90E832AB 
 247      18
 248 0106 14047C45 		.ascii	"\024\004|E\261R\366\327n)\323\327g\370l\313\223\357"
 248      B152F6D7 
 248      6E29D3D7 
 248      67F86CCB 
 248      93EF
 249 0118 96E71761 		.ascii	"\226\347\027a>`a\017B\031I\312~\227V\223q\221\302\276"
 249      3E60610F 
 249      421949CA 
 249      7E975693 
 249      7191C2BE 
 250 012c 94941A72 		.ascii	"\224\224\032r\275t\333\216I\336T\256\325k\221\322\206"
 250      BD74DB8E 
 250      49DE54AE 
 250      D56B91D2 
 250      86
 251 013d 8DA791D2 		.ascii	"\215\247\221\322[/\377SZ\"\026\246\331\276t1bD0S\374"
 251      5B2FFF53 
 251      5A2216A6 
 251      D9BE7431 
 251      62443053 
 252 0152 DE768C20 		.ascii	"\336v\214 \021\3713\367f\241\265#\206\272Y\324\335B"
 252      11F933F7 
 252      66A1B523 
 252      86BA59D4 
 252      DD42
 253 0164 B5562A3F 		.ascii	"\265V*?\234\006\352\005\031\272\266;\340$\236\211QM"
 253      9C06EA05 
 253      19BAB63B 
 253      E0249E89 
 253      514D
 254 0176 639464A7 		.ascii	"c\224d\247>l|V\375w\365\205\202\356\011\330\301s4p-"
 254      3E6C7C56 
 254      FD77F585 
 254      82EE09D8 
 254      C1733470 
 255 018b 724A929D 		.ascii	"rJ\222\235+\363^\327\300}\223\254\235\017x\013^\240"
 255      2BF35ED7 
 255      C07D93AC 
 255      9D0F780B 
 255      5EA0
 256 019d DFE7D8C7 		.ascii	"\337\347\330\307\227\030\220\201\350\033\274\332\235"
 256      97189081 
 256      E81BBCDA 
 256      9D
 257 01aa 2A225BCD 		.ascii	"*\"[\315\232f\374\267\212h\177:\355\312>5<\236\033\036"
 257      9A66FCB7 
 257      8A687F3A 
 257      EDCA3E35 
 257      3C9E1B1E 
 258 01be 750747B2 		.ascii	"u\007G\262'\263G\217\273\371\011w\344\304\250{:?~f\302"
 258      27B3478F 
 258      BBF90977 
 258      E4C4A87B 
ARM GAS  /tmp/ccRT4Vw8.s 			page 20


 258      3A3F7E66 
 259 01d3 CDE4C7C6 		.ascii	"\315\344\307\306\3629\367\360\261\241\301\241sn\356"
 259      F239F7F0 
 259      B1A1C1A1 
 259      736EEE
 260 01e2 6C3693CE 		.ascii	"l6\223\316\020r\177\001\025\254\266~"
 260      10727F01 
 260      15ACB67E 
 261              		.text
 262              		.section	.gnu.lto_.symbol_nodes.67aac9aef06576a0,"e",%progbits
 263 0000 789C75CC 		.ascii	"x\234u\314\273\021\202P\024\204\341\335{@\350\302\031"
 263      BB118250 
 263      1484E1DD 
 263      7B40E8C2 
 263      19
 264 0011 5B3031D4 		.ascii	"[01\324^\354cO\011\244\344\006\326`\015\216e8\276\020"
 264      5EEC634F 
 264      09A4E406 
 264      D6600D8E 
 264      6538BE10 
 265 0025 022312B8 		.ascii	"\002#\022\270>2/\177\372\315n\011\342\205X\270P\350"
 265      3E322F7F 
 265      FACD6E09 
 265      E28558B8 
 265      50E8
 266 0037 FAFD8AD5 		.ascii	"\372\375\212\325\011\020p\360M\264\267\\)z,\373\247"
 266      091070F0 
 266      4DB4B75C 
 266      297A2CFB 
 266      A7
 267 0048 1B1526E8 		.ascii	"\033\025&\350NY\232\362\216\360\005`\341Ae\023\363\206"
 267      4E599AF2 
 267      8EF00560 
 267      E1416513 
 267      F386
 268 005a CAD3C496 		.ascii	"\312\323\304\226\232\015\277\346\037\006\334\327Q\236"
 268      9A0DBFE6 
 268      1F06DCD7 
 268      519E
 269 0068 549114B3 		.ascii	"T\221\024\263\362{\2665+\316\307z\311\0351\002\225\306"
 269      F27BB635 
 269      2BCEC77A 
 269      C91D3102 
 269      95C6
 270 007a 4A2D     		.ascii	"J-"
 271              		.text
 272              		.section	.gnu.lto_.refs.67aac9aef06576a0,"e",%progbits
 273 0000 789CE360 		.ascii	"x\234\343``d`c```dfbae\000\000\000\371\000\037"
 273      60646063 
 273      60606064 
 273      66626165 
 273      000000F9 
 274              		.text
 275              		.section	.gnu.lto_.decls.67aac9aef06576a0,"e",%progbits
 276 0000 789CB558 		.ascii	"x\234\265X{PU\307\031?{\366\302}\360\320\242I:\203\235"
 276      7B5055C7 
 276      193F7BF6 
ARM GAS  /tmp/ccRT4Vw8.s 			page 21


 276      C27DF0D0 
 276      A2493A83 
 277 0015 663A66D2 		.ascii	"f:f\322i\033\257\211iM\247\235i\340j*\323\232\320\213"
 277      691BAF89 
 277      694DA79D 
 277      69E06A2A 
 277      D39AD08B 
 278 0029 B16D9A29 		.ascii	"\261m\232)c\010\011\264\010\031\3044\376\325s\201 \242"
 278      630809B4 
 278      0819C434 
 278      FED57381 
 278      20A2
 279 003b 2088280F 		.ascii	" \210(\017\225\227\250\240D\011(1\210\\P\020\021y)\020"
 279      9597A8A0 
 279      44092831 
 279      885C5010 
 279      11792910 
 280 004f 107909F2 		.ascii	"\020y\011\362\020\205`4\362P\372\355\331=\234s\317\345"
 280      10856034 
 280      F250FAED 
 280      D93D9C73 
 280      CFE5
 281 0061 9A4C3BBD 		.ascii	"\232L;\275\303w\017\273\373\333o\177\337\267\337~\373"
 281      C3770FBB 
 281      FBDB6F7F 
 281      DFB7DF7E 
 281      FB
 282 0072 9DABE310 		.ascii	"\235\253\343\020W\270\214\343Jy\216+\001\231\203\217"
 282      57B88CE3 
 282      4A798E2B 
 282      0199838F 
 283 0082 8EE3B866 		.ascii	"\216\343\270f\020\014R\011r\025\304\231\243\0372v\035"
 283      100C5209 
 283      7215C499 
 283      A31F3276 
 283      1D
 284 0093 A403E426 		.ascii	"\244\003\344&H\017H\037\310-\220a\220\373 \010\344!"
 284      480F481F 
 284      C82D9061 
 284      90FB2008 
 284      E421
 285 00a5 67FBC987 		.ascii	"g\373\311\207N\027x\006\201x\200,e\272\265\320\357\014"
 285      4E177806 
 285      8178802C 
 285      65BAB5D0 
 285      EF0C
 286 00b7 3205FFFF 		.ascii	"2\005\377\377\011\236\276 ?GT\011Y_\003\317u ^\210\352"
 286      099EBE20 
 286      3F475409 
 286      595F03CF 
 286      75205E88 
 287 00cc BDCED97F 		.ascii	"\275\316\331\177\212a\300m\001\335`\026\367\"\310_\025"
 287      8A61C06D 
 287      01DD6016 
 287      F722C85F 
 287      15
 288 00dd BA978178 		.ascii	"\272\227\201x\252\326\360f\372\337dkt,\260F\031\014"
ARM GAS  /tmp/ccRT4Vw8.s 			page 22


 288      AAD6F066 
 288      FADF646B 
 288      742CB046 
 288      190C
 289 00ef B82EB086 		.ascii	"\270.\260\206Z\277\244WZ\207\350\227\370{3\3757\027"
 289      5ABFA457 
 289      5A87E897 
 289      F87B33FD 
 289      3717
 290 0101 D05F81A8 		.ascii	"\320_\201\250^\265~?D}Ol\331\010\377\377\031\344/\210"
 290      5EB57E3F 
 290      447D4F6C 
 290      D908FFFF 
 290      19E42F88 
 291 0115 EE493DC8 		.ascii	"\356I=\310\020[?\027\372r@,l]\262N:[\277\207\355\313"
 291      105B3F17 
 291      FA72402C 
 291      6C5DB24E 
 291      3A5BBF87 
 292 012b B083BDB9 		.ascii	"\260\203\275\271\313\360\365\013\360\222>\027\000`p"
 292      CBF0F50B 
 292      F0923E17 
 292      006070
 293 013a 60FF3B0B 		.ascii	"`\377;\013\330O\036\322\236\365-\240\357\322\177\241"
 293      D84F1ED2 
 293      9EF52DA0 
 293      EFD27FA1 
 294 014a 6F2D7BDE 		.ascii	"o-{\336Z@\337~\214\316\305<>\257M\300\350E\003\"Q\274"
 294      5A40DF7E 
 294      8CCEC53C 
 294      3EAF4DC0 
 294      E8450322 
 295 0160 08BA2E8D 		.ascii	"\010\272.\215\337\275\216h\027A\014\027%\326/\302\274"
 295      DFBD8E68 
 295      17410C17 
 295      25D62FC2 
 295      BC
 296 0171 F8FF7855 		.ascii	"\370\377xU\256\277\261P\240\037\3356\016\235CX\326\225"
 296      AEBFB150 
 296      A01FDD36 
 296      0E9D4358 
 296      D695
 297 0183 7F3829C7 		.ascii	"\1778)\307\031{\213\310\356\310\203\217\\A\211\207\001"
 297      197B8BC8 
 297      EEC8838F 
 297      5C418987 
 297      01
 298 0194 69A0B9B7 		.ascii	"i\240\271\267\256\344\262\001\232K\015\350yh\246\367"
 298      AEE4B201 
 298      9A4B0DE8 
 298      7968A6F7 
 299 01a4 1ECF7635 		.ascii	"\036\317v5\304\012B\244\220\025%\350\327q\310\212<Q"
 299      C40A42A4 
 299      901525E8 
 299      D771C88A 
 299      3C51
 300 01b6 05F2E4D0 		.ascii	"\005\362\344\320y$\256\\\216\214\250\014\372\276$}\225"
ARM GAS  /tmp/ccRT4Vw8.s 			page 23


 300      7924AE5C 
 300      8E8CA80C 
 300      FABE247D 
 300      95
 301 01c7 C8009386 		.ascii	"\310\000\223\206b\352\237h\251\312ed\205\322\241L7\242"
 301      62EA9F68 
 301      A9CA6564 
 301      85D2A14C 
 301      37A2
 302 01d9 43A03A48 		.ascii	"C\240:H\277\244\205C\027\220\201CFOT\005-\000'\306\027"
 302      BFA48543 
 302      17908143 
 302      464F5405 
 302      2D0027C6 
 303 01ee F5F074EE 		.ascii	"\365\360t\356\217\240\231\327w>JO\351\014#h\267>*\237"
 303      8FA099D7 
 303      773E4A4F 
 303      E90C2368 
 303      B73E2A9F 
 304 0202 76C57F20 		.ascii	"v\305\177 \314\261%n\272\003#\203'\002]H\244(\344\012"
 304      CCB1256E 
 304      BA032383 
 304      27025D48 
 304      A428E40A 
 305 0216 F8871C5A 		.ascii	"\370\207\034Z\345\211V\002\231\032 x\211h\257\005\300"
 305      E5895602 
 305      991A2078 
 305      8968AF05 
 305      C0
 306 0227 65509F26 		.ascii	"eP\237&\350\304\2164\001\320\023\377\026\377\007\235"
 306      E8C48E34 
 306      01D013FF 
 306      16FF079D 
 307 0237 0935472D 		.ascii	"\0115G-:\217D\302\017\276^G\244\037U\303\234\213\"\301"
 307      3A8F44C2 
 307      0FBE5E47 
 307      A41F55C3 
 307      9C8B22C1 
 308 024b 3AE44159 		.ascii	":\344AY\212\256\213\035xP\356b`\253E?m5\000\227\237"
 308      8AAE8B1D 
 308      7850EE62 
 308      60AB453F 
 308      6D350097 
 309 0260 4D4A7652 		.ascii	"MJvRj\276\362\024\315\227\017\214\3448\271\306\315\273"
 309      6ABEF214 
 309      CD970F8C 
 309      E438B9C6 
 309      CDBB
 310 0272 1AD5230F 		.ascii	"\032\325#\017\205\237\256\"r@\311\003\260\3317{+\364"
 310      859FAE22 
 310      7240C903 
 310      B0D9377B 
 310      2BF4
 311 0284 7DA807F1 		.ascii	"}\250\007\361\244\017\035\303\210C4\216\020\011!\372"
 311      A40F1DC3 
 311      8843348E 
 311      100921FA 
ARM GAS  /tmp/ccRT4Vw8.s 			page 24


 312 0294 44E47F22 		.ascii	"D\344\177\"s\322\007\221\017\303Ia'\365\321\207\364"
 312      73D20791 
 312      0FC34961 
 312      27F5D187 
 312      F4
 313 02a5 45FB78A6 		.ascii	"E\373x\246\205g\241\203\0207\277\012\325\255PM\307\021"
 313      8567A183 
 313      1037BF0A 
 313      D5AD504D 
 313      C711
 314 02b7 1B9794D0 		.ascii	"\033\227\224\320\011\224\225<\221u\361l9\345\014d\307"
 314      0994953C 
 314      9175F16C 
 314      39E50C64 
 314      C7
 315 02c8 5856C8CD 		.ascii	"XV\310\315+\225>h>\246\017=\216\317t\357G\275\026p\366"
 315      2B953E68 
 315      3EA60F3D 
 315      8ECF74EF 
 315      47BD1670 
 316 02dd A9D3136E 		.ascii	"\251\323\023n\034z&\361yN\014\361\271\224\336x-\376"
 316      1C7A26F1 
 316      794E0CF1 
 316      B994DE78 
 316      2DFE
 317 02ef 50FC3FA6 		.ascii	"P\374?\246:\261\314\215\306\027O\034\331\332\024\211"
 317      3AB1CC8D 
 317      C6174F1C 
 317      D9DA1489 
 318 02ff 687C2D86 		.ascii	"h|-\206fJ\316\305\353\372\347R\304\015\213\022\026\363"
 318      664ACEC5 
 318      EBFAE752 
 318      C40D8B12 
 318      16F3
 319 0311 28E859D4 		.ascii	"(\350Y\324\002[\320,n\3015\364\034\207\266j\350z\335"
 319      025BD02C 
 319      6EC135F4 
 319      1C87B66A 
 319      E87ADD
 320 0324 07B6772D 		.ascii	"\007\266w-\372I\226\320\333+X/\035\372mZ}\214\320\004"
 320      FA4996D0 
 320      DB2B582F 
 320      1DFA6D5A 
 320      7D8CD004 
 321 0338 D35E1761 		.ascii	"\323^\027a\250\011\242\001N\206H\021\376\347P#\352G"
 321      A809A201 
 321      4E864811 
 321      FEE75023 
 321      EA47
 322 034a A801F511 		.ascii	"\250\001\365\021k\256\243\237\200\202\214\353\375\271"
 322      6BAEA39F 
 322      80828CEB 
 322      FDB9
 323 0358 3C3E8644 		.ascii	"<>\206DZ\267\273\023n8i\300\317\344\010\2215\240\257"
 323      5AB7BB13 
 323      6E3869C0 
 323      CFE40891 
ARM GAS  /tmp/ccRT4Vw8.s 			page 25


 323      35A0AF
 324 036b A4B3C7CA 		.ascii	"\244\263\307\312\317\367\265!\261\323\362h\3474v\310"
 324      CFF7B521 
 324      B1D3F268 
 324      E73476C8 
 325 037b F02BC2B0 		.ascii	"\360+\302\260\0351\212\343\237^.pf\024'\227\245\013"
 325      1D318AE3 
 325      9F5E2E70 
 325      66142797 
 325      A50B
 326 038d 56885981 		.ascii	"V\210Y\201' \324\252\340\327\252\346\327!\362k\355."
 326      2720D4AA 
 326      E0D7AAE6 
 326      D721F26B 
 326      ED2E
 327 039f 9FC0F8AC 		.ascii	"\237\300\370\254c~\251w\017\216\2728\244\322E\250\334"
 327      637EA977 
 327      0F8EBA38 
 327      A4D245A8 
 327      DC
 328 03b0 90A814DD 		.ascii	"\220\250\024\335,\215`LF\177<\317\0040\250S\301\244"
 328      2C8D604C 
 328      467F3CCF 
 328      0430A853 
 328      C1A4
 329 03c2 53CDE4A6 		.ascii	"S\315\344\246\310\244\350\321\235(\214\257P&gR\253\213"
 329      C8A4E8D1 
 329      9D288CAF 
 329      50266752 
 329      AB8B
 330 03d4 B44C55E7 		.ascii	"\264LU\347\317l\214\352V\250\352V\253\352\021U\225\037"
 330      CF6C8CEA 
 330      56A8EA56 
 330      ABEA1155 
 330      951F
 331 03e6 DDEF8387 		.ascii	"\335\357\203\207\251\246\372\254/\313u\022\251_\330"
 331      A9A6FAAC 
 331      2FCB7512 
 331      A95FD8
 332 03f5 90EA5568 		.ascii	"\220\352Uh\352Uk\352\0235\345\346\215Y\264x\212\252"
 332      EA556BEA 
 332      1335E5E6 
 332      8D59B478 
 332      8AAA
 333 0407 2ACC692C 		.ascii	"*\314i,ua\252\246_\262Q\325\257P\325\257VuKTe\2358\234"
 333      7561AAA6 
 333      5FB251D5 
 333      AF50D5AF 
 333      56754B54 
 334 041f 8A712CCD 		.ascii	"\212q,\315\334\275\367\252\022\2612\015\220\234!\247"
 334      DCBDF7AA 
 334      12B1320D 
 334      909C21A7 
 335 042f 8141310D 		.ascii	"\201A1\015\000\256\356L\36297qG\240\213\355HM\361\251"
 335      00AEEE4C 
 335      F2393771 
 335      47A08BED 
ARM GAS  /tmp/ccRT4Vw8.s 			page 26


 335      484DF1A9 
 336 0443 23C8E18E 		.ascii	"#\310\341\216\014\221\035\271-\355H~SS\263\023\241,"
 336      0C911DB9 
 336      2DED487E 
 336      5353B313 
 336      A12C
 337 0455 08D6F6BA 		.ascii	"\010\326\366\272\345e\247\206\205X\203\010B\003\012"
 337      E565A786 
 337      85588308 
 337      42030A
 338 0464 CA03ECDE 		.ascii	"\312\003\354\336\200\364K\250NudN\273a+\245Z\0309S\255"
 338      80F44BA8 
 338      4E75644E 
 338      BB612BA5 
 338      5A183953 
 339 0479 C3CDB431 		.ascii	"\303\315\2641\331\335u\314\025\370\240Qq\006\364\\="
 339      D9DD75CC 
 339      15F8A051 
 339      7106F45C 
 339      3D
 340 048a 39B2D319 		.ascii	"9\262\323\031\267\323\341\222;\311\031$\200\320\030"
 340      B7D3E192 
 340      3BC91924 
 340      80D018
 341 0499 F1C11D1A 		.ascii	"\361\301\035\032\314\247,\326\243n\270\213\"\252n\014"
 341      CCA72CD6 
 341      A36EB88B 
 341      22AA6E0C 
 342 04a9 0E6909E2 		.ascii	"\016i\011\342\036A\334\245\210\317N\314\2342\210V:K"
 342      1E41DCA5 
 342      88CF4ECC 
 342      9C328856 
 342      3A4B
 343 04bb 61D77774 		.ascii	"a\327wtp\253\3243AQ\373\032\253\306l\016\005\014\311"
 343      70ABD433 
 343      4151FB1A 
 343      ABC66C0E 
 343      050CC9
 344 04ce 764F12BB 		.ascii	"vO\022\273\277\226\354\026\316gE\272\202\335\023YBV"
 344      BF96EC16 
 344      CE6745BA 
 344      82DD1359 
 344      4256
 345 04e0 BAE01D29 		.ascii	"\272\340\035)\354\022\254\305<\001\241\021\311n4\016"
 345      EC12ACC5 
 345      3C01A111 
 345      C96E340E 
 346 04f0 68D2A4A6 		.ascii	"h\322\244\246\337\027M\257\230,\213\305x\200\222\315"
 346      DF174DAF 
 346      982C8BC5 
 346      788092CD 
 347 0500 BE7A7F9F 		.ascii	"\276z\177\237\001O\322\306\225\231\224\030\327\027r"
 347      014FD2C6 
 347      95999418 
 347      D71772
 348 050f 85262B49 		.ascii	"\205&+I\005\257\026\034\021b\023-:1\177?\000\225\020"
 348      05AF161C 
ARM GAS  /tmp/ccRT4Vw8.s 			page 27


 348      1162132D 
 348      3A317F3F 
 348      009510
 349 0522 798AA4FF 		.ascii	"y\212\244\377\015\364\374\235\320\177\210^ Z\347\366"
 349      0DF4FC9D 
 349      D07F885E 
 349      205AE7F6 
 350 0532 5568683E 		.ascii	"Uhh>\322As\240\340~\001\3023ToR\3567S\316\344\256\211"
 350      D24173A0 
 350      E07E01C2 
 350      33546F52 
 350      EE3753CE 
 351 0549 825088FE 		.ascii	"\202P\210\376\256\313\227\270\346\346P\234;\026\260"
 351      AECB97B8 
 351      E6E6509C 
 351      3B16B0
 352 0558 38BBB4BC 		.ascii	"8\273\264\274s\267\273\303kw\206]\273FqbguI\207\013"
 352      73B7BBC3 
 352      6B77865D 
 352      BB467162 
 352      67754987 
 353 056d BDA800FB 		.ascii	"\275\250\000\373\272F<\3452x\226\\T3\322E\225\377 !"
 353      BA463CE5 
 353      3278965C 
 353      5433D245 
 353      95FF2021 
 354 0581 C3402993 		.ascii	"\303@)\223\273\350\313\326+9\3564\205\366\212\211x\273"
 354      BBE8CBD6 
 354      2B39EE34 
 354      85F68A89 
 354      78BB
 355 0593 50CDE338 		.ascii	"P\315\3438J\342\362l\365%W\311\204\357\254\037\366c"
 355      4AE2F26C 
 355      F52557C9 
 355      84EFAC1F 
 355      F663
 356 05a5 4D6D8EE5 		.ascii	"Mm\216\345\221+Z\262|\371\362$vm\012d/\236\000\342\261"
 356      912B5AB2 
 356      7CF9F224 
 356      766D0A64 
 356      2F9E00E2 
 357 05ba C8C5C22F 		.ascii	"\310\305\302/\021\347D\361\313Q4H$\277\234lR\216\020"
 357      11E744F1 
 357      CB513448 
 357      24BF9C6C 
 357      528E10
 358 05cd 1D05DE1F 		.ascii	"\035\005\336\037]Yp!.^\310\212\204\215\346\241R\202"
 358      5D597021 
 358      2E5EC88A 
 358      848DE6A1 
 358      5282
 359 05df 35C804D9 		.ascii	"5\310\004\331\224o\305\357\227=\311\014\370X\353\012"
 359      946FC5EF 
 359      973DC90C 
 359      F858EB0A 
 360 05ef 301CD768 		.ascii	"0\034\327hgb#\232\266\203\033e\364^\320\337\"\241\247"
 360      6762239A 
ARM GAS  /tmp/ccRT4Vw8.s 			page 28


 360      B6831B65 
 360      F45ED0DF 
 360      22A1A7
 361 0602 C03F8F16 		.ascii	"\300?\217\026F[\311\277\304\364\266\342K.\270\215\372"
 361      465BC9BF 
 361      C4F4B6E2 
 361      4B2EB88D 
 361      FA
 362 0613 A179BCA1 		.ascii	"\241y\274\241\302y\311\202&\241Oy\354\310*\230\271\343"
 362      C279C982 
 362      26A14F79 
 362      ECC82A98 
 362      B9E3
 363 0625 5A498C56 		.ascii	"ZI\214V\231\017bl\226\334\316\213e\001<\310\351\354"
 363      990F626C 
 363      96DCCE8B 
 363      65013CC8 
 363      E9EC
 364 0637 4CFF0DDD 		.ascii	"L\377\015\335\030\201\024^\303\226\271\207z\332\236"
 364      1881145E 
 364      C396B987 
 364      7ADA9E
 365 0646 D042BB31 		.ascii	"\320B\2731\363\350yg\332N\\\012\355\207\307\246\223"
 365      F3E87967 
 365      DA4E5C0A 
 365      ED87C7A6 
 365      93
 366 0657 58AD2764 		.ascii	"X\255'd\223\352\352\340\354l\264\006\367S\312\251y\271"
 366      93EAEAE0 
 366      EC6CB406 
 366      F753CAA9 
 366      79B9
 367 0669 56778A8E 		.ascii	"Vw\212\216r\202\366\376\033}\027]\035\306S\002O\343"
 367      7282F6FE 
 367      1B7D175D 
 367      1DC65302 
 367      4FE3
 368 067b 299E1703 		.ascii	")\236\027\003\352VRz\231\233\\\371\320\200\332\311{"
 368      EA56527A 
 368      999B5CF9 
 368      D080DAC9 
 368      7B
 369 068c A2389EA0 		.ascii	"\2428\236\240w\363\036t\212hbs\311\271\275:\306\333"
 369      77F31E74 
 369      8A686273 
 369      C9B9BD3A 
 369      C6DB
 370 069e 990458D7 		.ascii	"\231\004X\327\365zV\003N\020Z;J\256\236\300\214'\251"
 370      F57A5603 
 370      4E105A3B 
 370      4AAE9EC0 
 370      8C27A9
 371 06b1 7B13DA93 		.ascii	"{\023\332\223~\207\307(\313\332\335\221\327\030v\234"
 371      7E87C728 
 371      CBDADD91 
 371      D718769C 
 372 06c1 60EFC797 		.ascii	"`\357\307\227u;;d\231\302X\356\245,\255\275\361SD\361"
ARM GAS  /tmp/ccRT4Vw8.s 			page 29


 372      753B3B64 
 372      99C258EE 
 372      A52CADBD 
 372      F15344F1 
 373 06d5 3212298A 		.ascii	"2\022)\212\202z\031-\250\3633\217]t\303\343t\241;\215"
 373      827A192D 
 373      A8F3338F 
 373      5D74C3E3 
 373      74A13B8D 
 374 06e9 D6E2F9C2 		.ascii	"\326\342\371\302OYf\246\362\342\004\262{\373\301\300"
 374      4F5966A6 
 374      F2E204B2 
 374      7BFBC1C0 
 375 06f9 7D54F5BE 		.ascii	"}T\365\276\252/*5\312\322/\015\302q\017\214'\211\016"
 375      AA2F2A35 
 375      CAD22F0D 
 375      C2710F8C 
 375      27890E
 376 070c 48270E48 		.ascii	"H'\016H\221\034p\353kK!OO\311\367\321\3352Y[aSVf<Ew"
 376      911C70EB 
 376      6B4B214F 
 376      4FC9F7D1 
 376      DD32595B 
 377 0727 C7D9B91A 		.ascii	"\307\331\271\032V\360d\221\002\277~\266\362<\253\367"
 377      56F06491 
 377      02BF7EB6 
 377      F23CABF7 
 378 0737 7B89CDFB 		.ascii	"{\211\315\373F\352*]\230s\335\241}\341\376\201\257]"
 378      46EA2A5D 
 378      9873DDA1 
 378      7DE1FE81 
 378      AF5D
 379 0749 F1B7D4E8 		.ascii	"\361\267\324\350\222\264\204],;\255\206\346\343\352"
 379      92B4845D 
 379      2C3BAD86 
 379      E6E3EA
 380 0758 CE4CECD0 		.ascii	"\316L\354\320\2719\314\271\331\224e\334a\253\267:\002"
 380      B939CCB9 
 380      D99465DC 
 380      61ABB73A 
 380      02
 381 0769 3281E421 		.ascii	"2\201\344!\221d.!\231#\221\034\034\037<\316H\012\312"
 381      91642E21 
 381      9923911C 
 381      1C1F3CCE 
 381      480ACA
 382 077c B7100FFA 		.ascii	"\267\020\017\372\026RP6\222\3123\216\244j\273p-\343"
 382      16525036 
 382      92CA338E 
 382      A46ABB70 
 382      2DE3
 383 078e B8165B34 		.ascii	"\270\026[4\364\302L;\274\217E5\011\362\332\331\324\024"
 383      F4C24C3B 
 383      BC8F4535 
 383      09F2DAD9 
 383      D414
 384 07a0 DE21C77C 		.ascii	"\336!\307|\306\361\030\345x\270v\240W\243&y\004H\346"
ARM GAS  /tmp/ccRT4Vw8.s 			page 30


 384      C6F118E5 
 384      78B876A0 
 384      57A32679 
 384      0448E6
 385 07b3 89240B08 		.ascii	"\211$\013\010\311|\211\244u\350z<R\202I\206q\004>\270"
 385      C97C89A4 
 385      75E87A3C 
 385      52824986 
 385      71043EB8 
 386 07c7 C37A829D 		.ascii	"\303z\202\235\275,\254\310\222"
 386      BD2CACC8 
 386      92
 387 07d0 1E2C4B4A 		.ascii	"\036,KJ1\277\224\305\274e\370\324v\214c\250I\355\371"
 387      31BF94C5 
 387      BC65F8D4 
 387      768C63A8 
 387      49EDF9
 388 07e3 65738B28 		.ascii	"es\213(\3709h\236\337\031\237\354\342\320\244\"f\322"
 388      F839689E 
 388      DF199FEC 
 388      E2D0A422 
 388      66D2
 389 07f5 296AD2F8 		.ascii	")j\322\370\351\203\203Xm\322g\300\262Pd\3719aY$\261"
 389      E9838358 
 389      6DD267C0 
 389      B25064F9 
 389      39615924 
 390 080a DC7BBAA3 		.ascii	"\334{\272\243\215\371Y ,\007\217\367\347\032p\242\206"
 390      8DF95920 
 390      2C078FF7 
 390      E71A70A2 
 390      86
 391 081b 5D208FB3 		.ascii	"] \217\263\331k\\\026\361\372\\\306\304AW\234B\007\245"
 391      D96B5C16 
 391      F1FA5CC6 
 391      C441579C 
 391      4207A5
 392 082e 2DF1605B 		.ascii	"-\361`[\3228r\246\210\307\231tp\244&\343\266\024s$\306"
 392      D23872A6 
 392      88C79974 
 392      70A426E3 
 392      B6147324 
 393 0843 7A3A5A8B 		.ascii	"z:Z\213\\\361a:X87\224\301\214\023\304\323}\262\177"
 393      5CF1613A 
 393      58383794 
 393      C18C13C4 
 393      D37DB27F 
 394 0857 A7132EA4 		.ascii	"\247\023.\244\203\227j\"\377\201?gKLVT2\227E\223t\026"
 394      83976A22 
 394      FF813F67 
 394      4B4C5654 
 394      32974593 
 395 086d 7BA2B085 		.ascii	"{\242\260\205\271,K\014\335\342\312\270\250E\270TD\273"
 395      B92C4B0C 
 395      DDE2CAB8 
 395      A845B854 
 395      44BB
ARM GAS  /tmp/ccRT4Vw8.s 			page 31


 396 087f DF89EEFC 		.ascii	"\337\211\356\374\030\301\265A\256\016\366\201;\301\""
 396      18C1B541 
 396      AE0EF681 
 396      3BC122
 397 088e 58FBFF66 		.ascii	"X\373\377f\021S\366q\336\003\225\300y\272\010\371S\336"
 397      1153F671 
 397      DE0395C0 
 397      79BA08F9 
 397      53DE
 398 08a0 B5625ECE 		.ascii	"\265b^\316\360\004]\365.|Y\234\321\001@'3\264|\264\022"
 398      F0045DF5 
 398      2E7C599C 
 398      D1014027 
 398      33B47CB4 
 399 08b5 79D5EDC1 		.ascii	"y\325\355\301t\203W\321\227\014-\373\372\354<\332&\361"
 399      748357D1 
 399      970C2DFB 
 399      FAEC3CDA 
 399      26F1
 400 08c7 5700E0BC 		.ascii	"W\000\340\2748t\221e\375\006\310\370W@jA.\200T\203\\"
 400      38749165 
 400      FD06C8F8 
 400      57406A41 
 400      2E805483 
 401 08dc 06A904A9 		.ascii	"\006\251\004\251\003\271\004R\003R\005R\017ru\376\316"
 401      03B90452 
 401      03520552 
 401      0F7275FE 
 401      CE
 402 08ed 83E55B14 		.ascii	"\203\345[\024\366}ag_\251\212\3614C\303\371\203]\245"
 402      F67D6167 
 402      5FA98AF1 
 402      3443C3F9 
 402      835DA5
 403 0900 68F9541E 		.ascii	"h\371T\036TycR\241\373\250\235\356\303j\337)\320\347"
 403      54796352 
 403      A1FBA89D 
 403      EEC36ADF 
 403      29D0E7
 404 0913 ECD0652A 		.ascii	"\354\320e*&\235\012\337\235\261\363\335i\025zT\201>"
 404      269D0ADF 
 404      9DB1F3DD 
 404      69157A54 
 404      813E
 405 0925 69873EA1 		.ascii	"i\207>\241\266\362\035\031M.u[t\236z\027\337\245h\270"
 405      B6F21D19 
 405      4D2E755B 
 405      749E7A17 
 405      DFA568B8 
 406 0939 95D02EA6 		.ascii	"\225\320.\246[\276\253v(\255$5\300\273\264\004 \247"
 406      5BBEAB76 
 406      28AD2435 
 406      C0BBB404 
 406      20A7
 407 094b DFCAD0F2 		.ascii	"\337\312\320\362i\214U{\360\035\331'\345v>\231// \232"
 407      698C557B 
 407      F01DD927 
ARM GAS  /tmp/ccRT4Vw8.s 			page 32


 407      E5763E99 
 407      2F2F209A 
 408 095f 9FB4F55C 		.ascii	"\237\264\365\\D\370\034\215\375\272\252\356CnK\026\014"
 408      44F81C8D 
 408      FDBAAAEE 
 408      436E4B16 
 408      0C
 409 0970 1BD4C8D4 		.ascii	"\033\324\310\324\374\017\221C\016O\374\247\2036?74\331"
 409      FC0F9143 
 409      0E4FFCA7 
 409      83363F37 
 409      34D9
 410 0982 D8D14CEB 		.ascii	"\330\321L\353\212f\261\256\270Z}-U\213kDj\270\362p{"
 410      8A66B1AE 
 410      B85A7D2D 
 410      558B6B44 
 410      6AB8F270 
 411 0997 B11EE9E9 		.ascii	"\261\036\351\351\317.\333\305\3730*q1\232\277\263Z\200"
 411      CF2EDBC5 
 411      FB302A71 
 411      319ABFB3 
 411      5A80
 412 09a9 DE355E0F 		.ascii	"\3365^\017\257\271@\270\225\247?\273\220\016\361g\227"
 412      AFB940B8 
 412      95A73FBB 
 412      900EF167 
 412      97
 413 09ba C5740CBE 		.ascii	"\305t\014\276\310\321\257\236l\264y\327!U\270\314\241"
 413      C8D1AF9E 
 413      6CB479D7 
 413      2155B8CC 
 413      A1
 414 09cb 8D726813 		.ascii	"\215rh\02394\264O7\351\244\032?\372)5>j\347I\322\314"
 414      3934B44F 
 414      37E9A41A 
 414      3FFA2935 
 414      3E6AE749 
 415 09e1 7B9827B8 		.ascii	"{\230'\270+u\017\331\350\376\212\352\376J\324\335]W"
 415      2B750FD9 
 415      E8FE8AEA 
 415      FE4AD4DD 
 415      5D57
 416 09f3 718B5D73 		.ascii	"q\213]s\261$\261|\276\353\366$\273#'\210\257\272\346"
 416      B124B17C 
 416      BEEBF624 
 416      BB232788 
 416      AFBAE6
 417 0a06 EE0EB04C 		.ascii	"\356\016\260L\264T\221\336\226\262\364V\360\315\310"
 417      B45491DE 
 417      96B2F456 
 417      F0CDC8
 418 0a15 099DC3FC 		.ascii	"\011\235\303\374|\223\345\347\012Z\243\0274\237\352"
 418      7C93E5E7 
 418      0A5AA317 
 418      349FEA
 419 0a24 30A8F373 		.ascii	"0\250\363s\027\270\352\206\030\021\335$?\337\224\362"
 419      17B8EA86 
ARM GAS  /tmp/ccRT4Vw8.s 			page 33


 419      1811DD24 
 419      3FDF94F2 
 420 0a34 F3E996F6 		.ascii	"\363\351\226\366\207z\\Oc\342\326\314\275\027\225\023"
 420      877A5C4F 
 420      63E2D6CC 
 420      BD179513 
 421 0a44 A79E32F1 		.ascii	"\247\2362\361Lbi\014\263\250\211S\374\316\341A\177\347"
 421      4C62690C 
 421      B3A88953 
 421      FCCEE141 
 421      7FE7
 422 0a56 9072F052 		.ascii	"\220r\360R\226\203\313jZ.#\334L\327\211l=Q\312\254%"
 422      9683CB6A 
 422      5A2E23DC 
 422      4CD7896C 
 422      3D51CAAC 
 423 0a6b 77424D5B 		.ascii	"wBM[M\235c\353n3\353\006\351\355\223s\367\200\240W["
 423      4D9D63EB 
 423      6E33EB06 
 423      E9ED9373 
 423      F780A057 
 424 0a80 770B48F6 		.ascii	"w\013H\366\213$\207\010\311\333\022\311\375\015\347"
 424      8B248708 
 424      C9DB12C9 
 424      FD0DE7
 425 0a8f 7A90DA22 		.ascii	"z\220\332\"G\340+\031M\026vU\325\212\277H<)\256\323"
 425      47E02B19 
 425      4D167655 
 425      D58ABF48 
 425      3C29AED3 
 426 0aa3 E2364A39 		.ascii	"\3426J9y\317\243:\035\356\244\215\224\202\312Y\266{"
 426      79CFA33A 
 426      1DEEA48D 
 426      9482CA59 
 426      B67B
 427 0ab5 56657B29 		.ascii	"Ve{)k\337?>\221\347\214\2735\337\343-i\234Y\267R4.\366"
 427      6BDF3F3E 
 427      91E78CBB 
 427      35DFE32D 
 427      699C59B7 
 428 0acd 5E9ED555 		.ascii	"^\236\325Um\334]\340K_*&\010\337q\211\257\245}\246\314"
 428      6DDC5DE0 
 428      4B5F2A26 
 428      08DF7189 
 428      AFA57DA6 
 429 0ae2 556D9C23 		.ascii	"Um\234#psrg\017\253\026^#\245\367T\366\250\033\356\247"
 429      70737267 
 429      0FAB165E 
 429      23A5F754 
 429      F6A81BEE 
 430 0af7 0CEFDE9B 		.ascii	"\014\357\336\233=\351\216\207h\343B\351\215\021v\355"
 430      3DE98E87 
 430      68E342E9 
 430      8D1176ED 
 431 0b07 AE84E6F1 		.ascii	"\256\204\346\361\023\225\015.x\214\216\315&f\026\353"
 431      13950D2E 
 431      788C8ECD 
ARM GAS  /tmp/ccRT4Vw8.s 			page 34


 431      266616EB 
 432 0b17 F1246D0C 		.ascii	"\361$m\014\346\214=Cq?%\357\326\271\207\366\350\361"
 432      E68C3D43 
 432      713F25EF 
 432      D6B987F6 
 432      E8F1
 433 0b29 B774682E 		.ascii	"\267th.16M\213gico\303\336\\\027lq\242W\363\231]\031"
 433      31364D8B 
 433      6769636F 
 433      C3DE5C17 
 433      6C71A257 
 434 0b41 ECC6FF21 		.ascii	"\354\306\377!y\371~\230\260\337\005o\247cWj\206\322"
 434      79F97E98 
 434      B0DF056F 
 434      A763576A 
 434      86D2
 435 0b53 311D7381 		.ascii	"1\035s\201\346X\\\344\214\326\241\337\346\230\337\236"
 435      E6585CE4 
 435      8CD6A1DF 
 435      E698DF9E 
 436 0b63 D0A8A879 		.ascii	"\320\250\250y\222a\373;()\206\345W:\001{\320)\242/\316"
 436      9261FB3B 
 436      282986E5 
 436      573A017B 
 436      D029A22F 
 437 0b78 668F7FA5 		.ascii	"f\217\177\245SW\267\216\300\345-]\257\343\235\224\341"
 437      5357B78E 
 437      C0E52D5D 
 437      AFE39D94 
 437      E1
 438 0b89 8386AE3E 		.ascii	"\203\206\256>\204w\323F\364\225\313G\2658\2316\306\362"
 438      8477D346 
 438      F495CB47 
 438      B5389936 
 438      C6F2
 439 0b9b AFD63AE3 		.ascii	"\257\326:\3434\332\030\270=\375\005\306\207h\343\310"
 439      34DA18B8 
 439      3DFD05C6 
 439      8768E3C8 
 440 0bab 584EBC1E 		.ascii	"XN\274\036\347\322\306\361\350\202\004V\266\354\"\247"
 440      E7D2C6F1 
 440      E8820456 
 440      B6EC22A7 
 441 0bbb A2A571D7 		.ascii	"\242\245q\327\023\366\343`/y9\037}08\247\303\371\"\370"
 441      13F6E360 
 441      2F79391F 
 441      7D3038A7 
 441      C3F922F8 
 442 0bcf D93BE706 		.ascii	"\331;\347\006\367\270\240\345\013}\226\320\213\242?"
 442      F7B8A0E5 
 442      0B7D96D0 
 442      8BA23F
 443 0bde 58BE28E2 		.ascii	"X\276(\3420\206:P\231`;\024\027\005y\265\234\016\222"
 443      30863A50 
 443      99603B14 
 443      170579B5 
 443      9C0E92
ARM GAS  /tmp/ccRT4Vw8.s 			page 35


 444 0bf1 DF2CEFF0 		.ascii	"\337,\357\360j\364\210\352\022\352\364\227uG\333\351"
 444      6AF488EA 
 444      12EAF497 
 444      7547DBE9 
 445 0c01 A62126BE 		.ascii	"\246!&\276\210RxU\220\014\237\266S\376H}\303)\320\337"
 445      88527855 
 445      900C9FB6 
 445      53FE487D 
 445      C329D0DF 
 446 0c15 DAA11FA8 		.ascii	"\332\241\037\250\320\323\012*3vhz\3171*\304\316*\177"
 446      D0D30A2A 
 446      3376687A 
 446      CF312AC4 
 446      CE2A7F
 447 0c28 D9CEED76 		.ascii	"\331\316\355v\314\215\266\272\353\024\272c\026\006K"
 447      CC8DB6BA 
 447      EB14BA63 
 447      16064B
 448 0c37 AA492514 		.ascii	"\252I%\024L\357\332^\270k{\030\0239A\026\252\353\017"
 448      4CEFDA5E 
 448      B86B7B18 
 448      13394116 
 448      AAEB0F
 449 0c4a 86EE6635 		.ascii	"\206\356f5\202-\272\223W\271\260S\341\224\207\016\234"
 449      822DBA93 
 449      57B9B053 
 449      E194870E 
 449      9C
 450 0c5b A2E03219 		.ascii	"\242\3402\031D\265\177\015\332\3571\270|\372\307\224"
 450      44B57F0D 
 450      DAEF31B8 
 450      7CFAC794 
 451 0c6b 9B0FC03A 		.ascii	"\233\017\300:\306e\030\320\003\014-'\302>\225\307\353"
 451      C66518D0 
 451      030C2D27 
 451      C23E95C7 
 451      EB
 452 0c7c 1454A61C 		.ascii	"\024T\246\034\354\246\202\371\250\302\211\221vN\354"
 452      ECA682F9 
 452      A8C28991 
 452      764EEC
 453 0c8b B78113E6 		.ascii	"\267\201\023\346\376\264\002\266`\017\364\230i\227\217"
 453      FEB402B6 
 453      600FF498 
 453      69978F
 454 0c9a DFAC2A6C 		.ascii	"\337\254*l\253\202\345\355\034u\020\266\012.\375\012"
 454      AB82E5ED 
 454      1C7510B6 
 454      0A2EFD0A 
 455 0caa 2E510EB8 		.ascii	".Q\016\270\310\206\216*\014\275o\247|\322N\271\002\376"
 455      C8868E2A 
 455      0CBD6FA7 
 455      7CD24EB9 
 455      02FE
 456 0cbc 8D03B822 		.ascii	"\215\003\270\"\312\025T>up\204\354j\367\035\330\023"
 456      CA15543E 
 456      757084EC 
ARM GAS  /tmp/ccRT4Vw8.s 			page 36


 456      6AF71DD8 
 456      13
 457 0ccd C5623244 		.ascii	"\305b2D\340\244\002K\302\313\321\036\220L\220x\220\003"
 457      E0A4024B 
 457      C2CBD11E 
 457      904C9078 
 457      9003
 458 0cdf 206920E9 		.ascii	" i \351 \211 \011 \251 \273AR@\016\201\034\004\331\007"
 458      20892009 
 458      20A920BB 
 458      4152400E 
 458      811C04D9 
 459 0cf4 B20B2403 		.ascii	"\262\013$\003d?H2\310^\220\235X\252\320\032zR\0324\370"
 459      643F4832 
 459      C85E909D 
 459      58AAD01A 
 459      7A521A34 
 460 0d09 24CD4D55 		.ascii	"$\315MU9;\356h\226,\310\005e3\366\377_:\223{\312\362"
 460      393BEE68 
 460      962CC805 
 460      6533F6FF 
 460      5F3A937B 
 461 0d1f F5CA822A 		.ascii	"\365\312\202*\307\306a\271X,\250\310\343W+V\030\341"
 461      C7C661B9 
 461      582CA8C8 
 461      E3572B56 
 461      18E1
 462 0d31 EF9F81E1 		.ascii	"\357\237\201\341\241\201!FSP\360{\301o\371\031\303\266"
 462      A1812146 
 462      5350F07B 
 462      C16FF919 
 462      C3B6
 463 0d43 18833685 		.ascii	"\030\2036\205\030?\012\013\217\330b\014\010\333\274"
 463      183F0A0B 
 463      8FD8620C 
 463      08DBBC
 464 0d52 392CD4E8 		.ascii	"9,\324\350e^oZ\377\2111\364\343\340\200\025\001\272"
 464      655E6F5A 
 464      FF8931F4 
 464      E3E08015 
 464      01BA
 465 0d64 DFBFF9F6 		.ascii	"\337\277\371\366\363\246_\377\232\323m\015\016\215X"
 465      F3A65FFF 
 465      9AD36D0D 
 465      0E8D58
 466 0d73 F58A7F84 		.ascii	"\365\212\177\204& hS8\377*\247\333\024\276\371\343\325"
 466      26206853 
 466      38FF2AA7 
 466      DB14BEF9 
 466      E3D5
 467 0d85 2F6DE60C 		.ascii	"/m\346\014\0010;\360\223\2276\257\342td\222Ohp\304\352"
 467      01303BF0 
 467      939736AF 
 467      E2746492 
 467      4F6870C4 
 468 0d9a FF6E356E 		.ascii	"\377n5n1y\256\015\335\364^H\340\306\300\200\210\260"
 468      3179AE0D 
ARM GAS  /tmp/ccRT4Vw8.s 			page 37


 468      DDF45E48 
 468      E0C6C080 
 468      88B0
 469 0dac F01F908E 		.ascii	"\360\037\220\2165\301[\344\236e\244\307/0\302o\333\226"
 469      35C15BE4 
 469      9E65A4C7 
 469      2F30C26F 
 469      DB96
 470 0dbe 88C0CDEB 		.ascii	"\210\300\315\3536\205\276\037\022\030\356\033\036\034"
 470      3685BE1F 
 470      1218EE1B 
 470      1E1C
 471 0dcc 161E1CB1 		.ascii	"\026\036\034\261M\234o\012\011\334\024\356\033\030\372"
 471      4D9C6F0A 
 471      09DC14EE 
 471      1B18FA
 472 0ddb 7E70E887 		.ascii	"~p\350\207\356\014\315\232\372\200 \230\267nSH\304K"
 472      EE0CCD9A 
 472      FA802098 
 472      B76E5348 
 472      C44B
 473 0ded 8E188647 		.ascii	"\216\030\206G\030\203C\003B\266\276\037h\014\010\002"
 473      18834303 
 473      42B6BE1F 
 473      680C0802 
 474 0dfd 4521DB56 		.ascii	"E!\333V\004q\213\375\375\337\333\032\034\022\021\034"
 474      04718BFD 
 474      FDDFDB1A 
 474      1C12111C 
 475 0e0d EA1FF8C9 		.ascii	"\352\037\370\311G\300\303) ,tK\204\006V\372@\033\032"
 475      47C0C329 
 475      202C744B 
 475      840656FA 
 475      401B1A
 476 0e20 1611141E 		.ascii	"\026\021\024\036\366/7\177\377\017\266\206\006\370\373"
 476      F62F377F 
 476      FF0FB686 
 476      06F8FB
 477 0e2f AF58BDFA 		.ascii	"\257X\275\372\225WtRK\343c\332`\326\233\327\372\255"
 477      95577452 
 477      4BE363DA 
 477      60D69BD7 
 477      FAAD
 478 0e41 356F5CBB 		.ascii	"5o\\\273f\245\223\227i\303\037\315k\035\255\316\274"
 478      66A59397 
 478      69C31FCD 
 478      6B1DADCE 
 478      BC
 479 0e52 12F84904 		.ascii	"\022\370I\004\361\214\321\264\336\317\307\317h\012\013"
 479      F18CD1B4 
 479      DECFC7CF 
 479      680A0B
 480 0e61 0F34FA48 		.ascii	"\0174\372H\244\240\341\037\260y\025\260r\3613\205\372"
 480      A4A0E11F 
 480      B07915B0 
 480      72F13385 
 480      FA
ARM GAS  /tmp/ccRT4Vw8.s 			page 38


 481 0e72 99BCFD37 		.ascii	"\231\274\3757l\373(p~\205_\362>\276Z\262Y\257\371G\314"
 481      6CFB2870 
 481      7E855FF2 
 481      3EBE5AB2 
 481      59AFF947 
 482 0e87 77BEAAF1 		.ascii	"w\276\252\361\361\362\226Y\254\002R\276r\363\025\215"
 482      F1F29659 
 482      AC0252BE 
 482      72F3158D 
 483 0e97 8F9FAF59 		.ascii	"\217\237\257Yg\246\255\227ap\255\031\272\340\313o\203"
 483      67A6AD97 
 483      6170AD19 
 483      BAE0CB6F 
 483      83
 484 0ea8 8F59FFE6 		.ascii	"\217Y\377\346F\037\223\270\206\223\277wXX\010\214x\231"
 484      461F93B8 
 484      8693BF77 
 484      5858088C 
 484      7899
 485 0eba 35EBD7BF 		.ascii	"5\353\327\277a\306^k\314x\015<}\3370k\274\336\3603k"
 485      61C65E6B 
 485      CC780D3C 
 485      7DDF306B 
 485      BCDEF033 
 486 0ecf BCDFF032 		.ascii	"\274\337\3602;\301\020\000\326\220\366:\362e\202/'\277"
 486      3BC11000 
 486      D690F63A 
 486      F265822F 
 486      27BF
 487 0ee1 75263F33 		.ascii	"u&?3\366[\347\213M&x\232\314N^>f\223Y\263q\303[\260"
 487      F65BE78B 
 487      4D26789A 
 487      CC4E5E3E 
 487      669359B3 
 488 0ef9 168C3999 		.ascii	"\026\2149\231|\337\366Y\003\337^&\263N\262\352?\023"
 488      7CDFF659 
 488      03DF5E26 
 488      B34EB2EA 
 488      3F13
 489 0f0b 16FFDE   		.ascii	"\026\377\336"
 490              		.text
 491              		.section	.gnu.lto_.symtab.67aac9aef06576a0,"e",%progbits
 492 0000 6E766963 		.ascii	"nvicInit\000"
 492      496E6974 
 492      00
 493 0009 00       		.ascii	"\000"
 494 000a 00       		.ascii	"\000"
 495 000b 00       		.ascii	"\000"
 496 000c 00000000 		.ascii	"\000\000\000\000\000\000\000\000"
 496      00000000 
 497 0014 D4000000 		.ascii	"\324\000\000\000"
 498 0018 6E766963 		.ascii	"nvicEnableVector\000"
 498      456E6162 
 498      6C655665 
 498      63746F72 
 498      00
 499 0029 00       		.ascii	"\000"
ARM GAS  /tmp/ccRT4Vw8.s 			page 39


 500 002a 00       		.ascii	"\000"
 501 002b 00       		.ascii	"\000"
 502 002c 00000000 		.ascii	"\000\000\000\000\000\000\000\000"
 502      00000000 
 503 0034 D9000000 		.ascii	"\331\000\000\000"
 504 0038 6E766963 		.ascii	"nvicDisableVector\000"
 504      44697361 
 504      626C6556 
 504      6563746F 
 504      7200
 505 004a 00       		.ascii	"\000"
 506 004b 00       		.ascii	"\000"
 507 004c 00       		.ascii	"\000"
 508 004d 00000000 		.ascii	"\000\000\000\000\000\000\000\000"
 508      00000000 
 509 0055 DD000000 		.ascii	"\335\000\000\000"
 510 0059 6E766963 		.ascii	"nvicSetSystemHandlerPriority\000"
 510      53657453 
 510      79737465 
 510      6D48616E 
 510      646C6572 
 511 0076 00       		.ascii	"\000"
 512 0077 00       		.ascii	"\000"
 513 0078 00       		.ascii	"\000"
 514 0079 00000000 		.ascii	"\000\000\000\000\000\000\000\000"
 514      00000000 
 515 0081 DF000000 		.ascii	"\337\000\000\000"
 516 0085 6E766963 		.ascii	"nvicClearPending\000"
 516      436C6561 
 516      7250656E 
 516      64696E67 
 516      00
 517 0096 00       		.ascii	"\000"
 518 0097 00       		.ascii	"\000"
 519 0098 00       		.ascii	"\000"
 520 0099 00000000 		.ascii	"\000\000\000\000\000\000\000\000"
 520      00000000 
 521 00a1 E1000000 		.ascii	"\341\000\000\000"
 522 00a5 6E766963 		.ascii	"nvicSetPending\000"
 522      53657450 
 522      656E6469 
 522      6E6700
 523 00b4 00       		.ascii	"\000"
 524 00b5 00       		.ascii	"\000"
 525 00b6 00       		.ascii	"\000"
 526 00b7 00000000 		.ascii	"\000\000\000\000\000\000\000\000"
 526      00000000 
 527 00bf E3000000 		.ascii	"\343\000\000\000"
 528 00c3 63685379 		.ascii	"chSysHalt\000"
 528      7348616C 
 528      7400
 529 00cd 00       		.ascii	"\000"
 530 00ce 02       		.ascii	"\002"
 531 00cf 00       		.ascii	"\000"
 532 00d0 00000000 		.ascii	"\000\000\000\000\000\000\000\000"
 532      00000000 
 533 00d8 E8000000 		.ascii	"\350\000\000\000"
ARM GAS  /tmp/ccRT4Vw8.s 			page 40


 534              		.text
 535              		.section	.gnu.lto_.opts,"e",%progbits
 536 0000 272D666E 		.ascii	"'-fno-openmp' '-fno-openacc' '-fno-pie' '-mcpu=cort"
 536      6F2D6F70 
 536      656E6D70 
 536      2720272D 
 536      666E6F2D 
 537 0033 65782D6D 		.ascii	"ex-m3' '-mthumb' '-mfloat-abi=soft' '-march=armv7-m"
 537      33272027 
 537      2D6D7468 
 537      756D6227 
 537      20272D6D 
 538 0066 2720272D 		.ascii	"' '-O2' '-fstack-usage' '-ffunction-sections' '-fda"
 538      4F322720 
 538      272D6673 
 538      7461636B 
 538      2D757361 
 539 0099 74612D73 		.ascii	"ta-sections' '-fno-common' '-flto' '-fshort-enums'\000"
 539      65637469 
 539      6F6E7327 
 539      20272D66 
 539      6E6F2D63 
 540              		.text
 541              		.comm	__gnu_lto_v1,1,1
 542              		.comm	__gnu_lto_slim,1,1
 543              		.ident	"GCC: (GNU Arm Embedded Toolchain 9-2020-q2-update) 9.3.1 20200408 (release)"
ARM GAS  /tmp/ccRT4Vw8.s 			page 41


DEFINED SYMBOLS
                            *ABS*:0000000000000000 nvic.c
                            *COM*:0000000000000001 __gnu_lto_v1
                            *COM*:0000000000000001 __gnu_lto_slim

NO UNDEFINED SYMBOLS
